<?xml version="1.0" encoding="UTF-8" ?>
<testsuite errors="0" failures="0" hostname="barbara-Notebook" name="org.ccnx.ccn.impl.CCNNetworkTestRepo" skipped="0" tests="2" time="25.242" timestamp="2015-01-15T21:17:24">
  <properties>
    <property name="java.vendor" value="Oracle Corporation" />
    <property name="src.test.dir" value="/home/barbara/jaime/ccnx-0.8.1/javasrc/src/test" />
    <property name="jarfile" value="/home/barbara/jaime/ccnx-0.8.1/javasrc/ccn.jar" />
    <property name="PROTOCOL_KEY" value="ccn.agent.protocol" />
    <property name="sun.java.launcher" value="SUN_STANDARD" />
    <property name="sun.management.compiler" value="HotSpot 64-Bit Tiered Compilers" />
    <property name="ccnr" value="/home/barbara/jaime/ccnx-0.8.1/csrc/ccnr/ccnr" />
    <property name="jarfile-base" value="ccn.jar" />
    <property name="env.MAKELEVEL" value="2" />
    <property name="ccn-libs-basedir" value="/home/barbara/jaime/ccnx-0.8.1/javasrc" />
    <property name="env.SUDO_COMMAND" value="/usr/bin/make test" />
    <property name="ant.file.type.java-ccnx" value="file" />
    <property name="REPO_GLOBAL" value="/parc.com/csl/ccn/repositories/TestRepository" />
    <property name="CCND_CAP" value="50000" />
    <property name="lib" value="/home/barbara/jaime/ccnx-0.8.1/javasrc/lib" />
    <property name="SYNC_NOISY" value="FINEST" />
    <property name="os.name" value="Linux" />
    <property name="sun.boot.class.path" value="/usr/lib/jvm/java-7-openjdk-amd64/jre/lib/resources.jar:/usr/lib/jvm/java-7-openjdk-amd64/jre/lib/rt.jar:/usr/lib/jvm/java-7-openjdk-amd64/jre/lib/sunrsasign.jar:/usr/lib/jvm/java-7-openjdk-amd64/jre/lib/jsse.jar:/usr/lib/jvm/java-7-openjdk-amd64/jre/lib/jce.jar:/usr/lib/jvm/java-7-openjdk-amd64/jre/lib/charsets.jar:/usr/lib/jvm/java-7-openjdk-amd64/jre/lib/rhino.jar:/usr/lib/jvm/java-7-openjdk-amd64/jre/lib/jfr.jar:/usr/lib/jvm/java-7-openjdk-amd64/jre/classes" />
    <property name="env.PWD" value="/home/barbara/jaime/ccnx-0.8.1/javasrc" />
    <property name="JAVA_MEMORY" value="1g" />
    <property name="env.LANG" value="pt_BR.UTF-8" />
    <property name="java.vm.specification.vendor" value="Oracle Corporation" />
    <property name="ccnd" value="/home/barbara/jaime/ccnx-0.8.1/csrc/ccnd/ccnd" />
    <property name="ant.home" value="/usr/share/ant" />
    <property name="java.runtime.version" value="1.7.0_65-b32" />
    <property name="org.ccnx.ccn.LogDir" value="/home/barbara/jaime/ccnx-0.8.1/javasrc/testout/log" />
    <property name="env.DISPLAY" value=":0" />
    <property name="REPO_ROOT" value="/home/barbara/jaime/ccnx-0.8.1/javasrc/testout/repotest" />
    <property name="user.name" value="root" />
    <property name="CCND_CMD" value="../../csrc/ccnd/ccnd" />
    <property name="env.USER" value="root" />
    <property name="env.SHELL" value="/bin/bash" />
    <property name="DEBUG_OPTIONS" value="" />
    <property name="env.PATH" value="/usr/local/sbin:/usr/local/bin:/usr/sbin:/usr/bin:/sbin:/bin" />
    <property name="user.language" value="pt" />
    <property name="build" value="/home/barbara/jaime/ccnx-0.8.1/javasrc/build" />
    <property name="sun.boot.library.path" value="/usr/lib/jvm/java-7-openjdk-amd64/jre/lib/amd64" />
    <property name="ant.project.default-target" value="jar" />
    <property name="ant.project.name" value="java-ccnx" />
    <property name="java.version" value="1.7.0_65" />
    <property name="user.timezone" value="" />
    <property name="sun.arch.data.model" value="64" />
    <property name="testout" value="/home/barbara/jaime/ccnx-0.8.1/javasrc/testout" />
    <property name="java.endorsed.dirs" value="/usr/lib/jvm/java-7-openjdk-amd64/jre/lib/endorsed" />
    <property name="sun.cpu.isalist" value="" />
    <property name="sun.jnu.encoding" value="UTF-8" />
    <property name="file.encoding.pkg" value="sun.io" />
    <property name="showoutput" value="no" />
    <property name="file.separator" value="/" />
    <property name="java.specification.name" value="Java Platform API Specification" />
    <property name="USE_KEY_CONFIG_VAL" value="false" />
    <property name="repo2" value="true" />
    <property name="java.class.version" value="51.0" />
    <property name="TOP_DIR" value="../src/systemtest" />
    <property name="user.country" value="BR" />
    <property name="java.home" value="/usr/lib/jvm/java-7-openjdk-amd64/jre" />
    <property name="java.vm.info" value="mixed mode" />
    <property name="env.LOGNAME" value="root" />
    <property name="ant.file" value="/home/barbara/jaime/ccnx-0.8.1/javasrc/build.xml" />
    <property name="os.version" value="3.16.0-29-generic" />
    <property name="REPO_LOCAL_ROOT" value="repotest" />
    <property name="ant.file.type.ccn-libs" value="file" />
    <property name="REPO_LOCAL" value="TestRepository" />
    <property name="path.separator" value=":" />
    <property name="java.vm.version" value="24.65-b04" />
    <property name="env.LANGUAGE" value="pt_BR:pt:en" />
    <property name="EXIT_ON_ERROR" value="org.ccnx.ExitOnNetworkError" />
    <property name="ant.library.dir" value="/usr/share/ant/lib" />
    <property name="java.awt.printerjob" value="sun.print.PSPrinterJob" />
    <property name="env.TERM" value="xterm" />
    <property name="sun.io.unicode.encoding" value="UnicodeLittle" />
    <property name="env.SUDO_UID" value="1000" />
    <property name="awt.toolkit" value="sun.awt.X11.XToolkit" />
    <property name="build-excludes" value="bin/**, log/**, lib/**, libsrc/**, repository/**, build/**, testout/**, ktrace.out, CCN_DEBUG_DATA/**" />
    <property name="user.home" value="/root" />
    <property name="env.OLDPWD" value="/home/barbara/jaime/ccnx-0.8.1" />
    <property name="java.specification.vendor" value="Oracle Corporation" />
    <property name="env.MFLAGS" value="-w" />
    <property name="LOGDIR_KEY" value="org.ccnx.ccn.LogDir" />
    <property name="java.library.path" value="/usr/java/packages/lib/amd64:/usr/lib/x86_64-linux-gnu/jni:/lib/x86_64-linux-gnu:/usr/lib/x86_64-linux-gnu:/usr/lib/jni:/lib:/usr/lib" />
    <property name="java.vendor.url" value="http://java.oracle.com/" />
    <property name="org.ccnx.ExitOnNetworkError" value="true" />
    <property name="java.vm.vendor" value="Oracle Corporation" />
    <property name="CCND_DEBUG" value="87" />
    <property name="env.MAKEFLAGS" value="w" />
    <property name="java.runtime.name" value="OpenJDK Runtime Environment" />
    <property name="ant.version" value="Apache Ant(TM) version 1.9.4 compiled on May 9 2014" />
    <property name="sun.java.command" value="org.apache.tools.ant.taskdefs.optional.junit.JUnitTestRunner testsfile=/home/barbara/jaime/ccnx-0.8.1/javasrc/junittestcases2056181053032702118.properties skipNonTests=false filtertrace=true haltOnError=false haltOnFailure=true formatter=org.apache.tools.ant.taskdefs.optional.junit.SummaryJUnitResultFormatter showoutput=false outputtoformatters=true logfailedtests=true threadid=0 logtestlistenerevents=false formatter=org.apache.tools.ant.taskdefs.optional.junit.XMLJUnitResultFormatter,/home/barbara/jaime/ccnx-0.8.1/javasrc/testout/IGNORETHIS.xml crashfile=/home/barbara/jaime/ccnx-0.8.1/javasrc/junitvmwatcher6615335783141912139.properties propsfile=/home/barbara/jaime/ccnx-0.8.1/javasrc/junit3018502722497435464.properties" />
    <property name="java.class.path" value="/home/barbara/jaime/ccnx-0.8.1/javasrc/lib/bcprov-jdk16-143.jar:/home/barbara/jaime/ccnx-0.8.1/javasrc/lib/kxml2-2.3.0.jar:/home/barbara/jaime/ccnx-0.8.1/javasrc/lib/junit-4.3.1.jar:/home/barbara/jaime/ccnx-0.8.1/javasrc/ccn.jar:/usr/share/java/ant-launcher-1.9.4.jar:/usr/share/ant/lib/ant.jar:/usr/share/ant/lib/ant-junit.jar:/usr/share/ant/lib/ant-junit4.jar" />
    <property name="xml-jar" value="/home/barbara/jaime/ccnx-0.8.1/javasrc/lib/kxml2-2.3.0.jar" />
    <property name="junit-jar" value="/home/barbara/jaime/ccnx-0.8.1/javasrc/lib/junit-4.3.1.jar" />
    <property name="java.vm.specification.name" value="Java Virtual Machine Specification" />
    <property name="bcprov-jar" value="/home/barbara/jaime/ccnx-0.8.1/javasrc/lib/bcprov-jdk16-143.jar" />
    <property name="ant.file.type" value="file" />
    <property name="java.vm.specification.version" value="1.7" />
    <property name="sun.cpu.endian" value="little" />
    <property name="sun.os.patch.level" value="unknown" />
    <property name="cmddir" value="/home/barbara/jaime/ccnx-0.8.1/csrc/cmd" />
    <property name="env.HOME" value="/home/barbara" />
    <property name="env.LS_COLORS" value="rs=0:di=01;34:ln=01;36:mh=00:pi=40;33:so=01;35:do=01;35:bd=40;33;01:cd=40;33;01:or=40;31;01:su=37;41:sg=30;43:ca=30;41:tw=30;42:ow=34;42:st=37;44:ex=01;32:*.tar=01;31:*.tgz=01;31:*.arc=01;31:*.arj=01;31:*.taz=01;31:*.lha=01;31:*.lz4=01;31:*.lzh=01;31:*.lzma=01;31:*.tlz=01;31:*.txz=01;31:*.tzo=01;31:*.t7z=01;31:*.zip=01;31:*.z=01;31:*.Z=01;31:*.dz=01;31:*.gz=01;31:*.lrz=01;31:*.lz=01;31:*.lzo=01;31:*.xz=01;31:*.bz2=01;31:*.bz=01;31:*.tbz=01;31:*.tbz2=01;31:*.tz=01;31:*.deb=01;31:*.rpm=01;31:*.jar=01;31:*.war=01;31:*.ear=01;31:*.sar=01;31:*.rar=01;31:*.alz=01;31:*.ace=01;31:*.zoo=01;31:*.cpio=01;31:*.7z=01;31:*.rz=01;31:*.cab=01;31:*.jpg=01;35:*.jpeg=01;35:*.gif=01;35:*.bmp=01;35:*.pbm=01;35:*.pgm=01;35:*.ppm=01;35:*.tga=01;35:*.xbm=01;35:*.xpm=01;35:*.tif=01;35:*.tiff=01;35:*.png=01;35:*.svg=01;35:*.svgz=01;35:*.mng=01;35:*.pcx=01;35:*.mov=01;35:*.mpg=01;35:*.mpeg=01;35:*.m2v=01;35:*.mkv=01;35:*.webm=01;35:*.ogm=01;35:*.mp4=01;35:*.m4v=01;35:*.mp4v=01;35:*.vob=01;35:*.qt=01;35:*.nuv=01;35:*.wmv=01;35:*.asf=01;35:*.rm=01;35:*.rmvb=01;35:*.flc=01;35:*.avi=01;35:*.fli=01;35:*.flv=01;35:*.gl=01;35:*.dl=01;35:*.xcf=01;35:*.xwd=01;35:*.yuv=01;35:*.cgm=01;35:*.emf=01;35:*.axv=01;35:*.anx=01;35:*.ogv=01;35:*.ogx=01;35:*.aac=00;36:*.au=00;36:*.flac=00;36:*.m4a=00;36:*.mid=00;36:*.midi=00;36:*.mka=00;36:*.mp3=00;36:*.mpc=00;36:*.ogg=00;36:*.ra=00;36:*.wav=00;36:*.axa=00;36:*.oga=00;36:*.spx=00;36:*.xspf=00;36:" />
    <property name="java.io.tmpdir" value="/tmp" />
    <property name="repozip" value="repotest.zip" />
    <property name="ccn.agent.port" value="63000" />
    <property name="java.vendor.url.bug" value="http://bugreport.sun.com/bugreport/" />
    <property name="UNIT_TOP_DIR" value="../src/test" />
    <property name="ant.file.ccn-libs" value="/home/barbara/jaime/ccnx-0.8.1/javasrc/libs.xml" />
    <property name="java.awt.graphicsenv" value="sun.awt.X11GraphicsEnvironment" />
    <property name="os.arch" value="amd64" />
    <property name="java.ext.dirs" value="/usr/lib/jvm/java-7-openjdk-amd64/jre/lib/ext:/usr/java/packages/lib/ext" />
    <property name="env.SUDO_USER" value="barbara" />
    <property name="user.dir" value="/home/barbara/jaime/ccnx-0.8.1/javasrc/testout" />
    <property name="env.XAUTHORITY" value="/home/barbara/.Xauthority" />
    <property name="ant.file.java-ccnx" value="/home/barbara/jaime/ccnx-0.8.1/javasrc/build.xml" />
    <property name="line.separator" value="&#xa;" />
    <property name="java.vm.name" value="OpenJDK 64-Bit Server VM" />
    <property name="env.COLORTERM" value="gnome-terminal" />
    <property name="TEST_PORT" value="63000" />
    <property name="basedir" value="/home/barbara/jaime/ccnx-0.8.1/javasrc" />
    <property name="ant.java.version" value="1.7" />
    <property name="ant.core.lib" value="/usr/share/ant/lib/ant.jar" />
    <property name="env.USERNAME" value="root" />
    <property name="file.encoding" value="UTF-8" />
    <property name="env.MAIL" value="/var/mail/root" />
    <property name="src.systemtest.dir" value="/home/barbara/jaime/ccnx-0.8.1/javasrc/src/systemtest" />
    <property name="env.SUDO_GID" value="1000" />
    <property name="testoutlog" value="/home/barbara/jaime/ccnx-0.8.1/javasrc/testout/log" />
    <property name="java.specification.version" value="1.7" />
    <property name="src.dir" value="/home/barbara/jaime/ccnx-0.8.1/javasrc/src/main" />
    <property name="ant.project.invoked-targets" value="test" />
    <property name="USE_KEY_CONFIG_KEY" value="org.ccnx.config.UseKeyConfiguration" />
    <property name="REPO_ROOT2" value="/home/barbara/jaime/ccnx-0.8.1/javasrc/testout/repotest2" />
    <property name="org.ccnx.config.UseKeyConfiguration" value="false" />
  </properties>
  <testcase classname="org.ccnx.ccn.impl.CCNNetworkTestRepo" name="testObjectIOLoop" time="9.691" />
  <testcase classname="org.ccnx.ccn.impl.CCNNetworkTestRepo" name="testBadCallback" time="15.008" />
  <system-out><![CDATA[Writing log records to /home/barbara/jaime/ccnx-0.8.1/javasrc/testout/log/ccn_15-01-15-181724-5586.log
Trying for object 0
0
Trying for object 1
1
Trying for object 2
2
Trying for object 3
3
Trying for object 4
4
Trying for object 5
5
Trying for object 6
6
Trying for object 7
7
Trying for object 8
8
Trying for object 9
9
Trying for object 10
10
Trying for object 11
11
Trying for object 12
12
Trying for object 13
13
Trying for object 14
14
Trying for object 15
15
Trying for object 16
16
Trying for object 17
17
Trying for object 18
18
Trying for object 19
19
Trying for object 20
20
Trying for object 21
21
Trying for object 22
22
Trying for object 23
23
Trying for object 24
24
Trying for object 25
25
Trying for object 26
26
Trying for object 27
27
Trying for object 28
28
Trying for object 29
29
Trying for object 30
30
Trying for object 31
31
Trying for object 32
32
Trying for object 33
33
Trying for object 34
34
Trying for object 35
35
Trying for object 36
36
Trying for object 37
37
Trying for object 38
38
Trying for object 39
39
Trying for object 40
40
Trying for object 41
41
Trying for object 42
42
Trying for object 43
43
Trying for object 44
44
Trying for object 45
45
Trying for object 46
46
Trying for object 47
47
Trying for object 48
48
Trying for object 49
49
Trying for object 50
50
Trying for object 51
51
Trying for object 52
52
Trying for object 53
53
Trying for object 54
54
Trying for object 55
55
Trying for object 56
56
Trying for object 57
57
Trying for object 58
58
Trying for object 59
59
Trying for object 60
60
Trying for object 61
61
Trying for object 62
62
Trying for object 63
63
Trying for object 64
64
Trying for object 65
65
Trying for object 66
66
Trying for object 67
67
Trying for object 68
68
Trying for object 69
69
Trying for object 70
70
Trying for object 71
71
Trying for object 72
72
Trying for object 73
73
Trying for object 74
74
Trying for object 75
75
Trying for object 76
76
Trying for object 77
77
Trying for object 78
78
Trying for object 79
79
Trying for object 80
80
Trying for object 81
81
Trying for object 82
82
Trying for object 83
83
Trying for object 84
84
Trying for object 85
85
Trying for object 86
86
Trying for object 87
87
Trying for object 88
88
Trying for object 89
89
Trying for object 90
90
Trying for object 91
91
Trying for object 92
92
Trying for object 93
93
Trying for object 94
94
Trying for object 95
95
Trying for object 96
96
Trying for object 97
97
Trying for object 98
98
Trying for object 99
99
]]></system-out>
  <system-err><![CDATA[Jan 15, 2015 6:17:24 PM org.ccnx.ccn.CCNTestHelper <init>
INFORMAÇÕES: Initializing test org.ccnx.ccn.impl.CCNNetworkTestRepo, data can be found under /ccnx.org/test/CCNNetworkTestRepo-15-01-15-18.17.24.
Jan 15, 2015 6:17:25 PM org.ccnx.ccn.impl.security.keys.BasicKeyManager loadKeyStore
INFORMAÇÕES: Loading CCN key store from /root/.ccnx/.ccnx_keystore...last modified 1420721633000(ms).
Jan 15, 2015 6:17:25 PM org.ccnx.ccn.impl.security.keys.BasicKeyManager readKeyStore
INFORMAÇÕES: Loading CCN key store...
Jan 15, 2015 6:17:25 PM org.ccnx.ccn.impl.security.keys.BasicKeyManager loadKeyStore
INFORMAÇÕES: Loaded CCN key store from /root/.ccnx/.ccnx_keystore...version 2015-01-08 09:53:53.0 ms: 1420721633000
Jan 15, 2015 6:17:25 PM org.ccnx.ccn.impl.security.keys.BasicKeyManager loadValuesFromKeystore
INFORMAÇÕES: Loading key store file:/root/.ccnx/.ccnx_keystore version 2015-01-08 09:53:53.0 version component =FD054AE7DE1000 millis 1420721633000
Jan 15, 2015 6:17:25 PM org.ccnx.ccn.impl.security.keys.BasicKeyManager loadValuesFromKeystore
INFORMAÇÕES: Default key ID for user root: kjSt7EfRnj5qKvNi1E4Jq2tx9DsZALoGIvtF8qW32fY=
Jan 15, 2015 6:17:25 PM org.ccnx.ccn.impl.security.keys.SecureKeyCache loadKeyStore
INFORMAÇÕES: KeyCache: loading signing key kjSt7EfRnj5qKvNi1E4Jq2tx9DsZALoGIvtF8qW32fY=, remembering public key in public key cache.
Jan 15, 2015 6:17:25 PM org.ccnx.ccn.impl.security.keys.SecureKeyCache addMySigningKey
INFORMAÇÕES: SecureKeyCache: adding my private key 9234adec47d19e3e6a2af362d44e09ab6b71f43b1900ba0622fb45f2a5b7d9f6
Jan 15, 2015 6:17:25 PM org.ccnx.ccn.impl.security.keys.BasicKeyManager loadValuesFromConfiguration
INFORMAÇÕES: Not loading key manager configuration data in response to user configuration variable.
Jan 15, 2015 6:17:25 PM org.ccnx.ccn.impl.CCNNetworkManager <init>
ADVERTÊNCIA: NetworkManager 1: Non-standard CCN agent port 63000 per property ccn.agent.port
Jan 15, 2015 6:17:25 PM org.ccnx.ccn.impl.CCNNetworkManager <init>
INFORMAÇÕES: NetworkManager 1: Contacting CCN agent at localhost:63000
Jan 15, 2015 6:17:25 PM org.ccnx.ccn.impl.CCNNetworkChannel <init>
INFORMAÇÕES: NetworkChannel 1: Starting up CCNNetworkChannel using TCP.
Jan 15, 2015 6:17:25 PM org.ccnx.ccn.impl.CCNNetworkChannel open
INFORMAÇÕES: NetworkChannel 1: open()
Jan 15, 2015 6:17:25 PM org.ccnx.ccn.impl.CCNNetworkChannel open
INFORMAÇÕES: NetworkChannel 1: Contacting CCN agent at localhost:63000 on local port 40490
Jan 15, 2015 6:17:25 PM org.ccnx.ccn.CCNHandle <init>
INFORMAÇÕES: CCNHandle 1: Handle is now open
Jan 15, 2015 6:17:25 PM org.ccnx.ccn.impl.CCNNetworkManager run
INFORMAÇÕES: NetworkManager 1: CCNNetworkManager processing thread started for port: 63000
Jan 15, 2015 6:17:25 PM org.ccnx.ccn.impl.security.keys.PublicKeyCache getPublicKeyObject
INFORMAÇÕES: Retrieved key 1jYqtWb54a3hYuudALlY+uWoa+H6XEFakodAe1T6/ws= using locator NAME: /%C1.M.S.localhost/%C1.M.SRV/ccnd/KEY/%C1.M.K=00D6362AB566F9E1ADE162EB9D00B958FAE5A86BE1FA5C415A9287407B54FAFF0B/=FD054B82D339C9.
Jan 15, 2015 6:17:25 PM org.ccnx.ccn.impl.security.keys.PublicKeyCache getPublicKeyObject
INFORMAÇÕES: Retrieved key 1jYqtWb54a3hYuudALlY+uWoa+H6XEFakodAe1T6/ws= using locator NAME: /%C1.M.S.localhost/%C1.M.SRV/ccnd/KEY/%C1.M.K=00D6362AB566F9E1ADE162EB9D00B958FAE5A86BE1FA5C415A9287407B54FAFF0B/=FD054B82D339C9 - got /%C1.M.S.localhost/%C1.M.SRV/ccnd/KEY/%C1.M.K=00D6362AB566F9E1ADE162EB9D00B958FAE5A86BE1FA5C415A9287407B54FAFF0B/=FD054B82D339C9/=00
Jan 15, 2015 6:17:25 PM org.ccnx.ccn.io.CCNAbstractInputStream <init>
INFORMAÇÕES: CCNAbstractInputStream: /%C1.M.S.localhost/%C1.M.SRV/ccnd/KEY/%C1.M.K=00D6362AB566F9E1ADE162EB9D00B958FAE5A86BE1FA5C415A9287407B54FAFF0B/=FD054B82D339C9 segment 0
Jan 15, 2015 6:17:25 PM org.ccnx.ccn.impl.security.keys.PublicKeyCache getPublicKeyObject
INFORMAÇÕES: Retrieved public key using name: /%C1.M.S.localhost/%C1.M.SRV/ccnd/KEY/%C1.M.K=00D6362AB566F9E1ADE162EB9D00B958FAE5A86BE1FA5C415A9287407B54FAFF0B/=FD054B82D339C9
Jan 15, 2015 6:17:25 PM org.ccnx.ccn.impl.security.keys.PublicKeyCache getPublicKey
INFORMAÇÕES: Retrieved key 1jYqtWb54a3hYuudALlY+uWoa+H6XEFakodAe1T6/ws= from network with locator NAME: /%C1.M.S.localhost/%C1.M.SRV/ccnd/KEY/%C1.M.K=00D6362AB566F9E1ADE162EB9D00B958FAE5A86BE1FA5C415A9287407B54FAFF0B/=FD054B82D339C9!
Jan 15, 2015 6:17:25 PM org.ccnx.ccn.config.PlatformConfiguration <clinit>
INFORMAÇÕES: BC provider: BC
Jan 15, 2015 6:17:25 PM org.ccnx.ccn.config.PlatformConfiguration <clinit>
INFORMAÇÕES: Provider info: BouncyCastle Security Provider v1.43 version: 1.43
Jan 15, 2015 6:17:25 PM org.ccnx.ccn.config.PlatformConfiguration <clinit>
INFORMAÇÕES: java.vm.name = OpenJDK 64-Bit Server VM
Jan 15, 2015 6:17:25 PM org.ccnx.ccn.impl.CCNFlowControl addNameSpace
INFORMAÇÕES: Flow controller addNameSpace: added namespace: /ccnx.org/Users/root/Keys/%C1.M.K=009234ADEC47D19E3E6A2AF362D44E09AB6B71F43B1900BA0622FB45F2A5B7D9F6/=FD054AE7DE1000
Jan 15, 2015 6:17:25 PM org.ccnx.ccn.impl.security.keys.BasicKeyManager getKeyLocator
INFORMAÇÕES: getKeyLocator: returning locator KEY: kjSt7EfRnj5qKvNi1E4Jq2tx9DsZALoGIvtF8qW32fY= for key kjSt7EfRnj5qKvNi1E4Jq2tx9DsZALoGIvtF8qW32fY=
Jan 15, 2015 6:17:25 PM org.ccnx.ccn.KeyManager publishKey
INFORMAÇÕES: publishKey: key not previously published, making new key object /ccnx.org/Users/root/Keys/%C1.M.K=009234ADEC47D19E3E6A2AF362D44E09AB6B71F43B1900BA0622FB45F2A5B7D9F6 with version 2015-01-08 09:53:53.0 displayed as =FD054AE7DE1000
Jan 15, 2015 6:17:25 PM org.ccnx.ccn.io.CCNAbstractOutputStream <init>
INFORMAÇÕES: CCNAbstractOutputStream: /ccnx.org/Users/root/Keys/%C1.M.K=009234ADEC47D19E3E6A2AF362D44E09AB6B71F43B1900BA0622FB45F2A5B7D9F6/=FD054AE7DE1000 blocksize is 4096
Jan 15, 2015 6:17:25 PM org.ccnx.ccn.io.CCNAbstractOutputStream startWrite
INFORMAÇÕES: CCNAbstractOutputStream: startWrite -- searching for keys.
Jan 15, 2015 6:17:25 PM org.ccnx.ccn.profiles.security.access.AccessControlManager keysForOutput
INFORMAÇÕES: keysForOutput: found an acm: (null)
Jan 15, 2015 6:17:25 PM org.ccnx.ccn.io.CCNOutputStream flushToNetwork
INFORMAÇÕES: flush: outputting to the segmenter, baseName /ccnx.org/Users/root/Keys/%C1.M.K=009234ADEC47D19E3E6A2AF362D44E09AB6B71F43B1900BA0622FB45F2A5B7D9F6/=FD054AE7DE1000 basenameindex =00; 162 bytes written, holding back 162 flushing final blocks? false.
Jan 15, 2015 6:17:25 PM org.ccnx.ccn.io.CCNOutputStream flushToNetwork
INFORMAÇÕES: HEADER: CCNOutputStream: flushToNetwork: new _baseNameIndex 0
Jan 15, 2015 6:17:25 PM org.ccnx.ccn.io.CCNOutputStream flushToNetwork
INFORMAÇÕES: flush: outputting to the segmenter, baseName /ccnx.org/Users/root/Keys/%C1.M.K=009234ADEC47D19E3E6A2AF362D44E09AB6B71F43B1900BA0622FB45F2A5B7D9F6/=FD054AE7DE1000 basenameindex =00; 162 bytes written, holding back 0 flushing final blocks? true.
Jan 15, 2015 6:17:25 PM org.ccnx.ccn.io.CCNOutputStream flushToNetwork
INFORMAÇÕES: HEADER: CCNOutputStream: flushToNetwork: new _baseNameIndex 1
Jan 15, 2015 6:17:25 PM org.ccnx.ccn.io.CCNOutputStream close
INFORMAÇÕES: CCNOutputStream close: /ccnx.org/Users/root/Keys/%C1.M.K=009234ADEC47D19E3E6A2AF362D44E09AB6B71F43B1900BA0622FB45F2A5B7D9F6/=FD054AE7DE1000
Jan 15, 2015 6:17:25 PM org.ccnx.ccn.KeyManager publishKey
INFORMAÇÕES: Published key Sun RSA public key, 1024 bits
  modulus: 110921138301212145392004253279917995950258669333863662056871643271976607790547016315269834949391078948318860805625603844022322721344201027571021917379901461301585327002407293702110801478794762434747364279565414349376821790585553127606947398240644540011141381284624017866806283409148649866001587866016004087361
  public exponent: 65537 to name /ccnx.org/Users/root/Keys/%C1.M.K=009234ADEC47D19E3E6A2AF362D44E09AB6B71F43B1900BA0622FB45F2A5B7D9F6/=FD054AE7DE1000 with key locator NAME: /ccnx.org/Users/root/Keys/%C1.M.K=009234ADEC47D19E3E6A2AF362D44E09AB6B71F43B1900BA0622FB45F2A5B7D9F6/=FD054AE7DE1000 KEY:-reba89rgbj1o6ata34t5eovcl4kho5s9pnv8nstq15q1ld4g9ga; ephemeral digest =EAEF25DBB2A0D72C67FA6821EF7459576A531B901A8F9DF28ACF83193E5664F2.
Jan 15, 2015 6:17:25 PM org.ccnx.ccn.impl.security.keys.BasicKeyManager publishKey
INFORMAÇÕES: publishKey: published key kjSt7EfRnj5qKvNi1E4Jq2tx9DsZALoGIvtF8qW32fY=
 under specified key name /ccnx.org/Users/root/Keys/%C1.M.K=009234ADEC47D19E3E6A2AF362D44E09AB6B71F43B1900BA0622FB45F2A5B7D9F6/=FD054AE7DE1000
 key locator: NAME: /ccnx.org/Users/root/Keys/%C1.M.K=009234ADEC47D19E3E6A2AF362D44E09AB6B71F43B1900BA0622FB45F2A5B7D9F6/=FD054AE7DE1000 KEY:-reba89rgbj1o6ata34t5eovcl4kho5s9pnv8nstq15q1ld4g9ga
Jan 15, 2015 6:17:25 PM org.ccnx.ccn.impl.security.keys.BasicKeyManager publishKey
INFORMAÇÕES: publishKey: storing key locator kjSt7EfRnj5qKvNi1E4Jq2tx9DsZALoGIvtF8qW32fY= for key NAME: /ccnx.org/Users/root/Keys/%C1.M.K=009234ADEC47D19E3E6A2AF362D44E09AB6B71F43B1900BA0622FB45F2A5B7D9F6/=FD054AE7DE1000 KEY:-reba89rgbj1o6ata34t5eovcl4kho5s9pnv8nstq15q1ld4g9ga
Jan 15, 2015 6:17:25 PM org.ccnx.ccn.impl.CCNNetworkManager <init>
ADVERTÊNCIA: NetworkManager 2: Non-standard CCN agent port 63000 per property ccn.agent.port
Jan 15, 2015 6:17:25 PM org.ccnx.ccn.impl.CCNNetworkManager <init>
INFORMAÇÕES: NetworkManager 2: Contacting CCN agent at localhost:63000
Jan 15, 2015 6:17:25 PM org.ccnx.ccn.impl.CCNNetworkChannel <init>
INFORMAÇÕES: NetworkChannel 2: Starting up CCNNetworkChannel using TCP.
Jan 15, 2015 6:17:25 PM org.ccnx.ccn.impl.CCNNetworkChannel open
INFORMAÇÕES: NetworkChannel 2: open()
Jan 15, 2015 6:17:25 PM org.ccnx.ccn.impl.CCNNetworkChannel open
INFORMAÇÕES: NetworkChannel 2: Contacting CCN agent at localhost:63000 on local port 40491
Jan 15, 2015 6:17:25 PM org.ccnx.ccn.CCNHandle <init>
INFORMAÇÕES: CCNHandle 2: Handle is now open
Jan 15, 2015 6:17:25 PM org.ccnx.ccn.impl.CCNNetworkManager <init>
ADVERTÊNCIA: NetworkManager 3: Non-standard CCN agent port 63000 per property ccn.agent.port
Jan 15, 2015 6:17:25 PM org.ccnx.ccn.impl.CCNNetworkManager <init>
INFORMAÇÕES: NetworkManager 3: Contacting CCN agent at localhost:63000
Jan 15, 2015 6:17:25 PM org.ccnx.ccn.impl.CCNNetworkChannel <init>
INFORMAÇÕES: NetworkChannel 3: Starting up CCNNetworkChannel using TCP.
Jan 15, 2015 6:17:25 PM org.ccnx.ccn.impl.CCNNetworkChannel open
INFORMAÇÕES: NetworkChannel 3: open()
Jan 15, 2015 6:17:25 PM org.ccnx.ccn.impl.CCNNetworkChannel open
INFORMAÇÕES: NetworkChannel 3: Contacting CCN agent at localhost:63000 on local port 40492
Jan 15, 2015 6:17:25 PM org.ccnx.ccn.CCNHandle <init>
INFORMAÇÕES: CCNHandle 3: Handle is now open
Jan 15, 2015 6:17:25 PM org.ccnx.ccn.impl.CCNNetworkTestRepo testObjectIOLoop
INFORMAÇÕES: Starting testObjectIOLoop
Jan 15, 2015 6:17:25 PM org.ccnx.ccn.io.content.CCNNetworkObject createFlowController
INFORMAÇÕES: Created LOCALREPOSITORY flow controller, for prefix /ccnx.org/test/CCNNetworkTestRepo-15-01-15-18.17.24/content_-7499406587867137679, save type LOCALREPOSITORY
Jan 15, 2015 6:17:25 PM org.ccnx.ccn.impl.CCNFlowControl addNameSpace
INFORMAÇÕES: Flow controller addNameSpace: added namespace: /ccnx.org/test/CCNNetworkTestRepo-15-01-15-18.17.24/content_-7499406587867137679
Jan 15, 2015 6:17:25 PM org.ccnx.ccn.impl.security.keys.BasicKeyManager getKeyLocator
INFORMAÇÕES: getKeyLocator: returning locator NAME: /ccnx.org/Users/root/Keys/%C1.M.K=009234ADEC47D19E3E6A2AF362D44E09AB6B71F43B1900BA0622FB45F2A5B7D9F6/=FD054AE7DE1000 KEY:-reba89rgbj1o6ata34t5eovcl4kho5s9pnv8nstq15q1ld4g9ga for key kjSt7EfRnj5qKvNi1E4Jq2tx9DsZALoGIvtF8qW32fY=
Jan 15, 2015 6:17:25 PM org.ccnx.ccn.io.CCNAbstractOutputStream <init>
INFORMAÇÕES: CCNAbstractOutputStream: /ccnx.org/test/CCNNetworkTestRepo-15-01-15-18.17.24/content_-7499406587867137679/=FD054B82E655FC blocksize is 4096
Jan 15, 2015 6:17:25 PM org.ccnx.ccn.io.CCNAbstractOutputStream startWrite
INFORMAÇÕES: CCNAbstractOutputStream: startWrite -- searching for keys.
Jan 15, 2015 6:17:25 PM org.ccnx.ccn.profiles.security.access.AccessControlManager keysForOutput
INFORMAÇÕES: keysForOutput: found an acm: (null)
Jan 15, 2015 6:17:25 PM org.ccnx.ccn.impl.repo.RepositoryFlowControl startWrite
INFORMAÇÕES: RepositoryFlowControl.startWrite called for name /ccnx.org/test/CCNNetworkTestRepo-15-01-15-18.17.24/content_-7499406587867137679/=FD054B82E655FC, shape STREAM
Jan 15, 2015 6:17:25 PM org.ccnx.ccn.impl.repo.RepositoryFlowControl handleContent
INFORMAÇÕES: handleContent: got potential repo message: /ccnx.org/test/CCNNetworkTestRepo-15-01-15-18.17.24/content_-7499406587867137679/=FD054B82E655FC/%C1.R.sw/%C1.N=00D4330CF41C9C5094
Jan 15, 2015 6:17:25 PM org.ccnx.ccn.io.CCNOutputStream flushToNetwork
INFORMAÇÕES: flush: outputting to the segmenter, baseName /ccnx.org/test/CCNNetworkTestRepo-15-01-15-18.17.24/content_-7499406587867137679/=FD054B82E655FC basenameindex =00; 15 bytes written, holding back 15 flushing final blocks? false.
Jan 15, 2015 6:17:25 PM org.ccnx.ccn.io.CCNOutputStream flushToNetwork
INFORMAÇÕES: HEADER: CCNOutputStream: flushToNetwork: new _baseNameIndex 0
Jan 15, 2015 6:17:25 PM org.ccnx.ccn.io.CCNOutputStream flushToNetwork
INFORMAÇÕES: flush: outputting to the segmenter, baseName /ccnx.org/test/CCNNetworkTestRepo-15-01-15-18.17.24/content_-7499406587867137679/=FD054B82E655FC basenameindex =00; 15 bytes written, holding back 0 flushing final blocks? true.
Jan 15, 2015 6:17:25 PM org.ccnx.ccn.io.CCNOutputStream flushToNetwork
INFORMAÇÕES: HEADER: CCNOutputStream: flushToNetwork: new _baseNameIndex 1
Jan 15, 2015 6:17:25 PM org.ccnx.ccn.io.CCNOutputStream close
INFORMAÇÕES: CCNOutputStream close: /ccnx.org/test/CCNNetworkTestRepo-15-01-15-18.17.24/content_-7499406587867137679/=FD054B82E655FC
Jan 15, 2015 6:17:25 PM org.ccnx.ccn.io.content.CCNNetworkObject createFlowController
INFORMAÇÕES: Created LOCALREPOSITORY flow controller, for prefix /ccnx.org/test/CCNNetworkTestRepo-15-01-15-18.17.24/content_-7499406587867137679, save type LOCALREPOSITORY
Jan 15, 2015 6:17:25 PM org.ccnx.ccn.impl.CCNFlowControl addNameSpace
INFORMAÇÕES: Flow controller addNameSpace: added namespace: /ccnx.org/test/CCNNetworkTestRepo-15-01-15-18.17.24/content_-7499406587867137679
Jan 15, 2015 6:17:25 PM org.ccnx.ccn.impl.security.keys.BasicKeyManager getKeyLocator
INFORMAÇÕES: getKeyLocator: returning locator NAME: /ccnx.org/Users/root/Keys/%C1.M.K=009234ADEC47D19E3E6A2AF362D44E09AB6B71F43B1900BA0622FB45F2A5B7D9F6/=FD054AE7DE1000 KEY:-reba89rgbj1o6ata34t5eovcl4kho5s9pnv8nstq15q1ld4g9ga for key kjSt7EfRnj5qKvNi1E4Jq2tx9DsZALoGIvtF8qW32fY=
Jan 15, 2015 6:17:25 PM org.ccnx.ccn.io.CCNAbstractOutputStream <init>
INFORMAÇÕES: CCNAbstractOutputStream: /ccnx.org/test/CCNNetworkTestRepo-15-01-15-18.17.24/content_-7499406587867137679/=FD054B82E6570A blocksize is 4096
Jan 15, 2015 6:17:25 PM org.ccnx.ccn.io.CCNAbstractOutputStream startWrite
INFORMAÇÕES: CCNAbstractOutputStream: startWrite -- searching for keys.
Jan 15, 2015 6:17:25 PM org.ccnx.ccn.profiles.security.access.AccessControlManager keysForOutput
INFORMAÇÕES: keysForOutput: found an acm: (null)
Jan 15, 2015 6:17:25 PM org.ccnx.ccn.impl.repo.RepositoryFlowControl startWrite
INFORMAÇÕES: RepositoryFlowControl.startWrite called for name /ccnx.org/test/CCNNetworkTestRepo-15-01-15-18.17.24/content_-7499406587867137679/=FD054B82E6570A, shape STREAM
Jan 15, 2015 6:17:25 PM org.ccnx.ccn.impl.repo.RepositoryFlowControl handleContent
INFORMAÇÕES: handleContent: got potential repo message: /ccnx.org/test/CCNNetworkTestRepo-15-01-15-18.17.24/content_-7499406587867137679/=FD054B82E6570A/%C1.R.sw/%C1.N=003F6BD6772E77ACD3
Jan 15, 2015 6:17:25 PM org.ccnx.ccn.io.CCNOutputStream flushToNetwork
INFORMAÇÕES: flush: outputting to the segmenter, baseName /ccnx.org/test/CCNNetworkTestRepo-15-01-15-18.17.24/content_-7499406587867137679/=FD054B82E6570A basenameindex =00; 15 bytes written, holding back 15 flushing final blocks? false.
Jan 15, 2015 6:17:25 PM org.ccnx.ccn.io.CCNOutputStream flushToNetwork
INFORMAÇÕES: HEADER: CCNOutputStream: flushToNetwork: new _baseNameIndex 0
Jan 15, 2015 6:17:25 PM org.ccnx.ccn.io.CCNOutputStream flushToNetwork
INFORMAÇÕES: flush: outputting to the segmenter, baseName /ccnx.org/test/CCNNetworkTestRepo-15-01-15-18.17.24/content_-7499406587867137679/=FD054B82E6570A basenameindex =00; 15 bytes written, holding back 0 flushing final blocks? true.
Jan 15, 2015 6:17:25 PM org.ccnx.ccn.io.CCNOutputStream flushToNetwork
INFORMAÇÕES: HEADER: CCNOutputStream: flushToNetwork: new _baseNameIndex 1
Jan 15, 2015 6:17:25 PM org.ccnx.ccn.io.CCNOutputStream close
INFORMAÇÕES: CCNOutputStream close: /ccnx.org/test/CCNNetworkTestRepo-15-01-15-18.17.24/content_-7499406587867137679/=FD054B82E6570A
Jan 15, 2015 6:17:25 PM org.ccnx.ccn.io.content.CCNNetworkObject createFlowController
INFORMAÇÕES: Created LOCALREPOSITORY flow controller, for prefix /ccnx.org/test/CCNNetworkTestRepo-15-01-15-18.17.24/content_-7499406587867137679, save type LOCALREPOSITORY
Jan 15, 2015 6:17:25 PM org.ccnx.ccn.impl.CCNFlowControl addNameSpace
INFORMAÇÕES: Flow controller addNameSpace: added namespace: /ccnx.org/test/CCNNetworkTestRepo-15-01-15-18.17.24/content_-7499406587867137679
Jan 15, 2015 6:17:25 PM org.ccnx.ccn.impl.security.keys.BasicKeyManager getKeyLocator
INFORMAÇÕES: getKeyLocator: returning locator NAME: /ccnx.org/Users/root/Keys/%C1.M.K=009234ADEC47D19E3E6A2AF362D44E09AB6B71F43B1900BA0622FB45F2A5B7D9F6/=FD054AE7DE1000 KEY:-reba89rgbj1o6ata34t5eovcl4kho5s9pnv8nstq15q1ld4g9ga for key kjSt7EfRnj5qKvNi1E4Jq2tx9DsZALoGIvtF8qW32fY=
Jan 15, 2015 6:17:25 PM org.ccnx.ccn.io.CCNAbstractOutputStream <init>
INFORMAÇÕES: CCNAbstractOutputStream: /ccnx.org/test/CCNNetworkTestRepo-15-01-15-18.17.24/content_-7499406587867137679/=FD054B82E658A0 blocksize is 4096
Jan 15, 2015 6:17:25 PM org.ccnx.ccn.io.CCNAbstractOutputStream startWrite
INFORMAÇÕES: CCNAbstractOutputStream: startWrite -- searching for keys.
Jan 15, 2015 6:17:25 PM org.ccnx.ccn.profiles.security.access.AccessControlManager keysForOutput
INFORMAÇÕES: keysForOutput: found an acm: (null)
Jan 15, 2015 6:17:25 PM org.ccnx.ccn.impl.repo.RepositoryFlowControl startWrite
INFORMAÇÕES: RepositoryFlowControl.startWrite called for name /ccnx.org/test/CCNNetworkTestRepo-15-01-15-18.17.24/content_-7499406587867137679/=FD054B82E658A0, shape STREAM
Jan 15, 2015 6:17:25 PM org.ccnx.ccn.impl.repo.RepositoryFlowControl handleContent
INFORMAÇÕES: handleContent: got potential repo message: /ccnx.org/test/CCNNetworkTestRepo-15-01-15-18.17.24/content_-7499406587867137679/=FD054B82E658A0/%C1.R.sw/%C1.N=00D0BE2915BC843C9A
Jan 15, 2015 6:17:25 PM org.ccnx.ccn.io.CCNOutputStream flushToNetwork
INFORMAÇÕES: flush: outputting to the segmenter, baseName /ccnx.org/test/CCNNetworkTestRepo-15-01-15-18.17.24/content_-7499406587867137679/=FD054B82E658A0 basenameindex =00; 15 bytes written, holding back 15 flushing final blocks? false.
Jan 15, 2015 6:17:25 PM org.ccnx.ccn.io.CCNOutputStream flushToNetwork
INFORMAÇÕES: HEADER: CCNOutputStream: flushToNetwork: new _baseNameIndex 0
Jan 15, 2015 6:17:25 PM org.ccnx.ccn.io.CCNOutputStream flushToNetwork
INFORMAÇÕES: flush: outputting to the segmenter, baseName /ccnx.org/test/CCNNetworkTestRepo-15-01-15-18.17.24/content_-7499406587867137679/=FD054B82E658A0 basenameindex =00; 15 bytes written, holding back 0 flushing final blocks? true.
Jan 15, 2015 6:17:25 PM org.ccnx.ccn.io.CCNOutputStream flushToNetwork
INFORMAÇÕES: HEADER: CCNOutputStream: flushToNetwork: new _baseNameIndex 1
Jan 15, 2015 6:17:25 PM org.ccnx.ccn.io.CCNOutputStream close
INFORMAÇÕES: CCNOutputStream close: /ccnx.org/test/CCNNetworkTestRepo-15-01-15-18.17.24/content_-7499406587867137679/=FD054B82E658A0
Jan 15, 2015 6:17:25 PM org.ccnx.ccn.io.content.CCNNetworkObject createFlowController
INFORMAÇÕES: Created LOCALREPOSITORY flow controller, for prefix /ccnx.org/test/CCNNetworkTestRepo-15-01-15-18.17.24/content_-7499406587867137679, save type LOCALREPOSITORY
Jan 15, 2015 6:17:25 PM org.ccnx.ccn.impl.CCNFlowControl addNameSpace
INFORMAÇÕES: Flow controller addNameSpace: added namespace: /ccnx.org/test/CCNNetworkTestRepo-15-01-15-18.17.24/content_-7499406587867137679
Jan 15, 2015 6:17:25 PM org.ccnx.ccn.impl.security.keys.BasicKeyManager getKeyLocator
INFORMAÇÕES: getKeyLocator: returning locator NAME: /ccnx.org/Users/root/Keys/%C1.M.K=009234ADEC47D19E3E6A2AF362D44E09AB6B71F43B1900BA0622FB45F2A5B7D9F6/=FD054AE7DE1000 KEY:-reba89rgbj1o6ata34t5eovcl4kho5s9pnv8nstq15q1ld4g9ga for key kjSt7EfRnj5qKvNi1E4Jq2tx9DsZALoGIvtF8qW32fY=
Jan 15, 2015 6:17:25 PM org.ccnx.ccn.io.CCNAbstractOutputStream <init>
INFORMAÇÕES: CCNAbstractOutputStream: /ccnx.org/test/CCNNetworkTestRepo-15-01-15-18.17.24/content_-7499406587867137679/=FD054B82E65A39 blocksize is 4096
Jan 15, 2015 6:17:25 PM org.ccnx.ccn.io.CCNAbstractOutputStream startWrite
INFORMAÇÕES: CCNAbstractOutputStream: startWrite -- searching for keys.
Jan 15, 2015 6:17:25 PM org.ccnx.ccn.profiles.security.access.AccessControlManager keysForOutput
INFORMAÇÕES: keysForOutput: found an acm: (null)
Jan 15, 2015 6:17:25 PM org.ccnx.ccn.impl.repo.RepositoryFlowControl startWrite
INFORMAÇÕES: RepositoryFlowControl.startWrite called for name /ccnx.org/test/CCNNetworkTestRepo-15-01-15-18.17.24/content_-7499406587867137679/=FD054B82E65A39, shape STREAM
Jan 15, 2015 6:17:25 PM org.ccnx.ccn.impl.repo.RepositoryFlowControl handleContent
INFORMAÇÕES: handleContent: got potential repo message: /ccnx.org/test/CCNNetworkTestRepo-15-01-15-18.17.24/content_-7499406587867137679/=FD054B82E65A39/%C1.R.sw/%C1.N=00D77128C2DA5794AE
Jan 15, 2015 6:17:25 PM org.ccnx.ccn.io.CCNOutputStream flushToNetwork
INFORMAÇÕES: flush: outputting to the segmenter, baseName /ccnx.org/test/CCNNetworkTestRepo-15-01-15-18.17.24/content_-7499406587867137679/=FD054B82E65A39 basenameindex =00; 15 bytes written, holding back 15 flushing final blocks? false.
Jan 15, 2015 6:17:25 PM org.ccnx.ccn.io.CCNOutputStream flushToNetwork
INFORMAÇÕES: HEADER: CCNOutputStream: flushToNetwork: new _baseNameIndex 0
Jan 15, 2015 6:17:25 PM org.ccnx.ccn.io.CCNOutputStream flushToNetwork
INFORMAÇÕES: flush: outputting to the segmenter, baseName /ccnx.org/test/CCNNetworkTestRepo-15-01-15-18.17.24/content_-7499406587867137679/=FD054B82E65A39 basenameindex =00; 15 bytes written, holding back 0 flushing final blocks? true.
Jan 15, 2015 6:17:25 PM org.ccnx.ccn.io.CCNOutputStream flushToNetwork
INFORMAÇÕES: HEADER: CCNOutputStream: flushToNetwork: new _baseNameIndex 1
Jan 15, 2015 6:17:25 PM org.ccnx.ccn.io.CCNOutputStream close
INFORMAÇÕES: CCNOutputStream close: /ccnx.org/test/CCNNetworkTestRepo-15-01-15-18.17.24/content_-7499406587867137679/=FD054B82E65A39
Jan 15, 2015 6:17:25 PM org.ccnx.ccn.io.content.CCNNetworkObject createFlowController
INFORMAÇÕES: Created LOCALREPOSITORY flow controller, for prefix /ccnx.org/test/CCNNetworkTestRepo-15-01-15-18.17.24/content_-7499406587867137679, save type LOCALREPOSITORY
Jan 15, 2015 6:17:25 PM org.ccnx.ccn.impl.CCNFlowControl addNameSpace
INFORMAÇÕES: Flow controller addNameSpace: added namespace: /ccnx.org/test/CCNNetworkTestRepo-15-01-15-18.17.24/content_-7499406587867137679
Jan 15, 2015 6:17:25 PM org.ccnx.ccn.impl.security.keys.BasicKeyManager getKeyLocator
INFORMAÇÕES: getKeyLocator: returning locator NAME: /ccnx.org/Users/root/Keys/%C1.M.K=009234ADEC47D19E3E6A2AF362D44E09AB6B71F43B1900BA0622FB45F2A5B7D9F6/=FD054AE7DE1000 KEY:-reba89rgbj1o6ata34t5eovcl4kho5s9pnv8nstq15q1ld4g9ga for key kjSt7EfRnj5qKvNi1E4Jq2tx9DsZALoGIvtF8qW32fY=
Jan 15, 2015 6:17:25 PM org.ccnx.ccn.io.CCNAbstractOutputStream <init>
INFORMAÇÕES: CCNAbstractOutputStream: /ccnx.org/test/CCNNetworkTestRepo-15-01-15-18.17.24/content_-7499406587867137679/=FD054B82E65BC3 blocksize is 4096
Jan 15, 2015 6:17:25 PM org.ccnx.ccn.io.CCNAbstractOutputStream startWrite
INFORMAÇÕES: CCNAbstractOutputStream: startWrite -- searching for keys.
Jan 15, 2015 6:17:25 PM org.ccnx.ccn.profiles.security.access.AccessControlManager keysForOutput
INFORMAÇÕES: keysForOutput: found an acm: (null)
Jan 15, 2015 6:17:25 PM org.ccnx.ccn.impl.repo.RepositoryFlowControl startWrite
INFORMAÇÕES: RepositoryFlowControl.startWrite called for name /ccnx.org/test/CCNNetworkTestRepo-15-01-15-18.17.24/content_-7499406587867137679/=FD054B82E65BC3, shape STREAM
Jan 15, 2015 6:17:25 PM org.ccnx.ccn.impl.repo.RepositoryFlowControl handleContent
INFORMAÇÕES: handleContent: got potential repo message: /ccnx.org/test/CCNNetworkTestRepo-15-01-15-18.17.24/content_-7499406587867137679/=FD054B82E65BC3/%C1.R.sw/%C1.N%00O%E34y=AD029CC6
Jan 15, 2015 6:17:25 PM org.ccnx.ccn.io.CCNOutputStream flushToNetwork
INFORMAÇÕES: flush: outputting to the segmenter, baseName /ccnx.org/test/CCNNetworkTestRepo-15-01-15-18.17.24/content_-7499406587867137679/=FD054B82E65BC3 basenameindex =00; 15 bytes written, holding back 15 flushing final blocks? false.
Jan 15, 2015 6:17:25 PM org.ccnx.ccn.io.CCNOutputStream flushToNetwork
INFORMAÇÕES: HEADER: CCNOutputStream: flushToNetwork: new _baseNameIndex 0
Jan 15, 2015 6:17:25 PM org.ccnx.ccn.io.CCNOutputStream flushToNetwork
INFORMAÇÕES: flush: outputting to the segmenter, baseName /ccnx.org/test/CCNNetworkTestRepo-15-01-15-18.17.24/content_-7499406587867137679/=FD054B82E65BC3 basenameindex =00; 15 bytes written, holding back 0 flushing final blocks? true.
Jan 15, 2015 6:17:25 PM org.ccnx.ccn.io.CCNOutputStream flushToNetwork
INFORMAÇÕES: HEADER: CCNOutputStream: flushToNetwork: new _baseNameIndex 1
Jan 15, 2015 6:17:25 PM org.ccnx.ccn.io.CCNOutputStream close
INFORMAÇÕES: CCNOutputStream close: /ccnx.org/test/CCNNetworkTestRepo-15-01-15-18.17.24/content_-7499406587867137679/=FD054B82E65BC3
Jan 15, 2015 6:17:25 PM org.ccnx.ccn.io.content.CCNNetworkObject createFlowController
INFORMAÇÕES: Created LOCALREPOSITORY flow controller, for prefix /ccnx.org/test/CCNNetworkTestRepo-15-01-15-18.17.24/content_-7499406587867137679, save type LOCALREPOSITORY
Jan 15, 2015 6:17:25 PM org.ccnx.ccn.impl.CCNFlowControl addNameSpace
INFORMAÇÕES: Flow controller addNameSpace: added namespace: /ccnx.org/test/CCNNetworkTestRepo-15-01-15-18.17.24/content_-7499406587867137679
Jan 15, 2015 6:17:25 PM org.ccnx.ccn.impl.security.keys.BasicKeyManager getKeyLocator
INFORMAÇÕES: getKeyLocator: returning locator NAME: /ccnx.org/Users/root/Keys/%C1.M.K=009234ADEC47D19E3E6A2AF362D44E09AB6B71F43B1900BA0622FB45F2A5B7D9F6/=FD054AE7DE1000 KEY:-reba89rgbj1o6ata34t5eovcl4kho5s9pnv8nstq15q1ld4g9ga for key kjSt7EfRnj5qKvNi1E4Jq2tx9DsZALoGIvtF8qW32fY=
Jan 15, 2015 6:17:25 PM org.ccnx.ccn.io.CCNAbstractOutputStream <init>
INFORMAÇÕES: CCNAbstractOutputStream: /ccnx.org/test/CCNNetworkTestRepo-15-01-15-18.17.24/content_-7499406587867137679/=FD054B82E65D4C blocksize is 4096
Jan 15, 2015 6:17:25 PM org.ccnx.ccn.io.CCNAbstractOutputStream startWrite
INFORMAÇÕES: CCNAbstractOutputStream: startWrite -- searching for keys.
Jan 15, 2015 6:17:25 PM org.ccnx.ccn.profiles.security.access.AccessControlManager keysForOutput
INFORMAÇÕES: keysForOutput: found an acm: (null)
Jan 15, 2015 6:17:25 PM org.ccnx.ccn.impl.repo.RepositoryFlowControl startWrite
INFORMAÇÕES: RepositoryFlowControl.startWrite called for name /ccnx.org/test/CCNNetworkTestRepo-15-01-15-18.17.24/content_-7499406587867137679/=FD054B82E65D4C, shape STREAM
Jan 15, 2015 6:17:25 PM org.ccnx.ccn.impl.repo.RepositoryFlowControl handleContent
INFORMAÇÕES: handleContent: got potential repo message: /ccnx.org/test/CCNNetworkTestRepo-15-01-15-18.17.24/content_-7499406587867137679/=FD054B82E65D4C/%C1.R.sw/%C1.N=00600CF1D9D9C2033C
Jan 15, 2015 6:17:25 PM org.ccnx.ccn.io.CCNOutputStream flushToNetwork
INFORMAÇÕES: flush: outputting to the segmenter, baseName /ccnx.org/test/CCNNetworkTestRepo-15-01-15-18.17.24/content_-7499406587867137679/=FD054B82E65D4C basenameindex =00; 15 bytes written, holding back 15 flushing final blocks? false.
Jan 15, 2015 6:17:25 PM org.ccnx.ccn.io.CCNOutputStream flushToNetwork
INFORMAÇÕES: HEADER: CCNOutputStream: flushToNetwork: new _baseNameIndex 0
Jan 15, 2015 6:17:25 PM org.ccnx.ccn.io.CCNOutputStream flushToNetwork
INFORMAÇÕES: flush: outputting to the segmenter, baseName /ccnx.org/test/CCNNetworkTestRepo-15-01-15-18.17.24/content_-7499406587867137679/=FD054B82E65D4C basenameindex =00; 15 bytes written, holding back 0 flushing final blocks? true.
Jan 15, 2015 6:17:25 PM org.ccnx.ccn.io.CCNOutputStream flushToNetwork
INFORMAÇÕES: HEADER: CCNOutputStream: flushToNetwork: new _baseNameIndex 1
Jan 15, 2015 6:17:25 PM org.ccnx.ccn.io.CCNOutputStream close
INFORMAÇÕES: CCNOutputStream close: /ccnx.org/test/CCNNetworkTestRepo-15-01-15-18.17.24/content_-7499406587867137679/=FD054B82E65D4C
Jan 15, 2015 6:17:25 PM org.ccnx.ccn.io.content.CCNNetworkObject createFlowController
INFORMAÇÕES: Created LOCALREPOSITORY flow controller, for prefix /ccnx.org/test/CCNNetworkTestRepo-15-01-15-18.17.24/content_-7499406587867137679, save type LOCALREPOSITORY
Jan 15, 2015 6:17:25 PM org.ccnx.ccn.impl.CCNFlowControl addNameSpace
INFORMAÇÕES: Flow controller addNameSpace: added namespace: /ccnx.org/test/CCNNetworkTestRepo-15-01-15-18.17.24/content_-7499406587867137679
Jan 15, 2015 6:17:25 PM org.ccnx.ccn.impl.security.keys.BasicKeyManager getKeyLocator
INFORMAÇÕES: getKeyLocator: returning locator NAME: /ccnx.org/Users/root/Keys/%C1.M.K=009234ADEC47D19E3E6A2AF362D44E09AB6B71F43B1900BA0622FB45F2A5B7D9F6/=FD054AE7DE1000 KEY:-reba89rgbj1o6ata34t5eovcl4kho5s9pnv8nstq15q1ld4g9ga for key kjSt7EfRnj5qKvNi1E4Jq2tx9DsZALoGIvtF8qW32fY=
Jan 15, 2015 6:17:25 PM org.ccnx.ccn.io.CCNAbstractOutputStream <init>
INFORMAÇÕES: CCNAbstractOutputStream: /ccnx.org/test/CCNNetworkTestRepo-15-01-15-18.17.24/content_-7499406587867137679/=FD054B82E65EF2 blocksize is 4096
Jan 15, 2015 6:17:25 PM org.ccnx.ccn.io.CCNAbstractOutputStream startWrite
INFORMAÇÕES: CCNAbstractOutputStream: startWrite -- searching for keys.
Jan 15, 2015 6:17:25 PM org.ccnx.ccn.profiles.security.access.AccessControlManager keysForOutput
INFORMAÇÕES: keysForOutput: found an acm: (null)
Jan 15, 2015 6:17:25 PM org.ccnx.ccn.impl.repo.RepositoryFlowControl startWrite
INFORMAÇÕES: RepositoryFlowControl.startWrite called for name /ccnx.org/test/CCNNetworkTestRepo-15-01-15-18.17.24/content_-7499406587867137679/=FD054B82E65EF2, shape STREAM
Jan 15, 2015 6:17:25 PM org.ccnx.ccn.impl.repo.RepositoryFlowControl handleContent
INFORMAÇÕES: handleContent: got potential repo message: /ccnx.org/test/CCNNetworkTestRepo-15-01-15-18.17.24/content_-7499406587867137679/=FD054B82E65EF2/%C1.R.sw/%C1.N%00TO%C6J0AN%8C
Jan 15, 2015 6:17:25 PM org.ccnx.ccn.io.CCNOutputStream flushToNetwork
INFORMAÇÕES: flush: outputting to the segmenter, baseName /ccnx.org/test/CCNNetworkTestRepo-15-01-15-18.17.24/content_-7499406587867137679/=FD054B82E65EF2 basenameindex =00; 15 bytes written, holding back 15 flushing final blocks? false.
Jan 15, 2015 6:17:25 PM org.ccnx.ccn.io.CCNOutputStream flushToNetwork
INFORMAÇÕES: HEADER: CCNOutputStream: flushToNetwork: new _baseNameIndex 0
Jan 15, 2015 6:17:25 PM org.ccnx.ccn.io.CCNOutputStream flushToNetwork
INFORMAÇÕES: flush: outputting to the segmenter, baseName /ccnx.org/test/CCNNetworkTestRepo-15-01-15-18.17.24/content_-7499406587867137679/=FD054B82E65EF2 basenameindex =00; 15 bytes written, holding back 0 flushing final blocks? true.
Jan 15, 2015 6:17:26 PM org.ccnx.ccn.io.CCNOutputStream flushToNetwork
INFORMAÇÕES: HEADER: CCNOutputStream: flushToNetwork: new _baseNameIndex 1
Jan 15, 2015 6:17:26 PM org.ccnx.ccn.io.CCNOutputStream close
INFORMAÇÕES: CCNOutputStream close: /ccnx.org/test/CCNNetworkTestRepo-15-01-15-18.17.24/content_-7499406587867137679/=FD054B82E65EF2
Jan 15, 2015 6:17:26 PM org.ccnx.ccn.io.content.CCNNetworkObject createFlowController
INFORMAÇÕES: Created LOCALREPOSITORY flow controller, for prefix /ccnx.org/test/CCNNetworkTestRepo-15-01-15-18.17.24/content_-7499406587867137679, save type LOCALREPOSITORY
Jan 15, 2015 6:17:26 PM org.ccnx.ccn.impl.CCNFlowControl addNameSpace
INFORMAÇÕES: Flow controller addNameSpace: added namespace: /ccnx.org/test/CCNNetworkTestRepo-15-01-15-18.17.24/content_-7499406587867137679
Jan 15, 2015 6:17:26 PM org.ccnx.ccn.impl.security.keys.BasicKeyManager getKeyLocator
INFORMAÇÕES: getKeyLocator: returning locator NAME: /ccnx.org/Users/root/Keys/%C1.M.K=009234ADEC47D19E3E6A2AF362D44E09AB6B71F43B1900BA0622FB45F2A5B7D9F6/=FD054AE7DE1000 KEY:-reba89rgbj1o6ata34t5eovcl4kho5s9pnv8nstq15q1ld4g9ga for key kjSt7EfRnj5qKvNi1E4Jq2tx9DsZALoGIvtF8qW32fY=
Jan 15, 2015 6:17:26 PM org.ccnx.ccn.io.CCNAbstractOutputStream <init>
INFORMAÇÕES: CCNAbstractOutputStream: /ccnx.org/test/CCNNetworkTestRepo-15-01-15-18.17.24/content_-7499406587867137679/=FD054B82E6609C blocksize is 4096
Jan 15, 2015 6:17:26 PM org.ccnx.ccn.io.CCNAbstractOutputStream startWrite
INFORMAÇÕES: CCNAbstractOutputStream: startWrite -- searching for keys.
Jan 15, 2015 6:17:26 PM org.ccnx.ccn.profiles.security.access.AccessControlManager keysForOutput
INFORMAÇÕES: keysForOutput: found an acm: (null)
Jan 15, 2015 6:17:26 PM org.ccnx.ccn.impl.repo.RepositoryFlowControl startWrite
INFORMAÇÕES: RepositoryFlowControl.startWrite called for name /ccnx.org/test/CCNNetworkTestRepo-15-01-15-18.17.24/content_-7499406587867137679/=FD054B82E6609C, shape STREAM
Jan 15, 2015 6:17:26 PM org.ccnx.ccn.impl.repo.RepositoryFlowControl handleContent
INFORMAÇÕES: handleContent: got potential repo message: /ccnx.org/test/CCNNetworkTestRepo-15-01-15-18.17.24/content_-7499406587867137679/=FD054B82E6609C/%C1.R.sw/%C1.N=00E12B5B38C36DBD84
Jan 15, 2015 6:17:26 PM org.ccnx.ccn.io.CCNOutputStream flushToNetwork
INFORMAÇÕES: flush: outputting to the segmenter, baseName /ccnx.org/test/CCNNetworkTestRepo-15-01-15-18.17.24/content_-7499406587867137679/=FD054B82E6609C basenameindex =00; 15 bytes written, holding back 15 flushing final blocks? false.
Jan 15, 2015 6:17:26 PM org.ccnx.ccn.io.CCNOutputStream flushToNetwork
INFORMAÇÕES: HEADER: CCNOutputStream: flushToNetwork: new _baseNameIndex 0
Jan 15, 2015 6:17:26 PM org.ccnx.ccn.io.CCNOutputStream flushToNetwork
INFORMAÇÕES: flush: outputting to the segmenter, baseName /ccnx.org/test/CCNNetworkTestRepo-15-01-15-18.17.24/content_-7499406587867137679/=FD054B82E6609C basenameindex =00; 15 bytes written, holding back 0 flushing final blocks? true.
Jan 15, 2015 6:17:26 PM org.ccnx.ccn.io.CCNOutputStream flushToNetwork
INFORMAÇÕES: HEADER: CCNOutputStream: flushToNetwork: new _baseNameIndex 1
Jan 15, 2015 6:17:26 PM org.ccnx.ccn.io.CCNOutputStream close
INFORMAÇÕES: CCNOutputStream close: /ccnx.org/test/CCNNetworkTestRepo-15-01-15-18.17.24/content_-7499406587867137679/=FD054B82E6609C
Jan 15, 2015 6:17:26 PM org.ccnx.ccn.io.content.CCNNetworkObject createFlowController
INFORMAÇÕES: Created LOCALREPOSITORY flow controller, for prefix /ccnx.org/test/CCNNetworkTestRepo-15-01-15-18.17.24/content_-7499406587867137679, save type LOCALREPOSITORY
Jan 15, 2015 6:17:26 PM org.ccnx.ccn.impl.CCNFlowControl addNameSpace
INFORMAÇÕES: Flow controller addNameSpace: added namespace: /ccnx.org/test/CCNNetworkTestRepo-15-01-15-18.17.24/content_-7499406587867137679
Jan 15, 2015 6:17:26 PM org.ccnx.ccn.impl.security.keys.BasicKeyManager getKeyLocator
INFORMAÇÕES: getKeyLocator: returning locator NAME: /ccnx.org/Users/root/Keys/%C1.M.K=009234ADEC47D19E3E6A2AF362D44E09AB6B71F43B1900BA0622FB45F2A5B7D9F6/=FD054AE7DE1000 KEY:-reba89rgbj1o6ata34t5eovcl4kho5s9pnv8nstq15q1ld4g9ga for key kjSt7EfRnj5qKvNi1E4Jq2tx9DsZALoGIvtF8qW32fY=
Jan 15, 2015 6:17:26 PM org.ccnx.ccn.io.CCNAbstractOutputStream <init>
INFORMAÇÕES: CCNAbstractOutputStream: /ccnx.org/test/CCNNetworkTestRepo-15-01-15-18.17.24/content_-7499406587867137679/=FD054B82E6626F blocksize is 4096
Jan 15, 2015 6:17:26 PM org.ccnx.ccn.io.CCNAbstractOutputStream startWrite
INFORMAÇÕES: CCNAbstractOutputStream: startWrite -- searching for keys.
Jan 15, 2015 6:17:26 PM org.ccnx.ccn.profiles.security.access.AccessControlManager keysForOutput
INFORMAÇÕES: keysForOutput: found an acm: (null)
Jan 15, 2015 6:17:26 PM org.ccnx.ccn.impl.repo.RepositoryFlowControl startWrite
INFORMAÇÕES: RepositoryFlowControl.startWrite called for name /ccnx.org/test/CCNNetworkTestRepo-15-01-15-18.17.24/content_-7499406587867137679/=FD054B82E6626F, shape STREAM
Jan 15, 2015 6:17:26 PM org.ccnx.ccn.impl.repo.RepositoryFlowControl handleContent
INFORMAÇÕES: handleContent: got potential repo message: /ccnx.org/test/CCNNetworkTestRepo-15-01-15-18.17.24/content_-7499406587867137679/=FD054B82E6626F/%C1.R.sw/%C1.N=00AAAE7064B449ADA0
Jan 15, 2015 6:17:26 PM org.ccnx.ccn.io.CCNOutputStream flushToNetwork
INFORMAÇÕES: flush: outputting to the segmenter, baseName /ccnx.org/test/CCNNetworkTestRepo-15-01-15-18.17.24/content_-7499406587867137679/=FD054B82E6626F basenameindex =00; 15 bytes written, holding back 15 flushing final blocks? false.
Jan 15, 2015 6:17:26 PM org.ccnx.ccn.io.CCNOutputStream flushToNetwork
INFORMAÇÕES: HEADER: CCNOutputStream: flushToNetwork: new _baseNameIndex 0
Jan 15, 2015 6:17:26 PM org.ccnx.ccn.io.CCNOutputStream flushToNetwork
INFORMAÇÕES: flush: outputting to the segmenter, baseName /ccnx.org/test/CCNNetworkTestRepo-15-01-15-18.17.24/content_-7499406587867137679/=FD054B82E6626F basenameindex =00; 15 bytes written, holding back 0 flushing final blocks? true.
Jan 15, 2015 6:17:26 PM org.ccnx.ccn.io.CCNOutputStream flushToNetwork
INFORMAÇÕES: HEADER: CCNOutputStream: flushToNetwork: new _baseNameIndex 1
Jan 15, 2015 6:17:26 PM org.ccnx.ccn.io.CCNOutputStream close
INFORMAÇÕES: CCNOutputStream close: /ccnx.org/test/CCNNetworkTestRepo-15-01-15-18.17.24/content_-7499406587867137679/=FD054B82E6626F
Jan 15, 2015 6:17:26 PM org.ccnx.ccn.io.content.CCNNetworkObject createFlowController
INFORMAÇÕES: Created LOCALREPOSITORY flow controller, for prefix /ccnx.org/test/CCNNetworkTestRepo-15-01-15-18.17.24/content_-7499406587867137679, save type LOCALREPOSITORY
Jan 15, 2015 6:17:26 PM org.ccnx.ccn.impl.CCNFlowControl addNameSpace
INFORMAÇÕES: Flow controller addNameSpace: added namespace: /ccnx.org/test/CCNNetworkTestRepo-15-01-15-18.17.24/content_-7499406587867137679
Jan 15, 2015 6:17:26 PM org.ccnx.ccn.impl.security.keys.BasicKeyManager getKeyLocator
INFORMAÇÕES: getKeyLocator: returning locator NAME: /ccnx.org/Users/root/Keys/%C1.M.K=009234ADEC47D19E3E6A2AF362D44E09AB6B71F43B1900BA0622FB45F2A5B7D9F6/=FD054AE7DE1000 KEY:-reba89rgbj1o6ata34t5eovcl4kho5s9pnv8nstq15q1ld4g9ga for key kjSt7EfRnj5qKvNi1E4Jq2tx9DsZALoGIvtF8qW32fY=
Jan 15, 2015 6:17:26 PM org.ccnx.ccn.io.CCNAbstractOutputStream <init>
INFORMAÇÕES: CCNAbstractOutputStream: /ccnx.org/test/CCNNetworkTestRepo-15-01-15-18.17.24/content_-7499406587867137679/=FD054B82E6641D blocksize is 4096
Jan 15, 2015 6:17:26 PM org.ccnx.ccn.io.CCNAbstractOutputStream startWrite
INFORMAÇÕES: CCNAbstractOutputStream: startWrite -- searching for keys.
Jan 15, 2015 6:17:26 PM org.ccnx.ccn.profiles.security.access.AccessControlManager keysForOutput
INFORMAÇÕES: keysForOutput: found an acm: (null)
Jan 15, 2015 6:17:26 PM org.ccnx.ccn.impl.repo.RepositoryFlowControl startWrite
INFORMAÇÕES: RepositoryFlowControl.startWrite called for name /ccnx.org/test/CCNNetworkTestRepo-15-01-15-18.17.24/content_-7499406587867137679/=FD054B82E6641D, shape STREAM
Jan 15, 2015 6:17:26 PM org.ccnx.ccn.impl.repo.RepositoryFlowControl handleContent
INFORMAÇÕES: handleContent: got potential repo message: /ccnx.org/test/CCNNetworkTestRepo-15-01-15-18.17.24/content_-7499406587867137679/=FD054B82E6641D/%C1.R.sw/%C1.N%00m=B57CF47F12AFE1
Jan 15, 2015 6:17:26 PM org.ccnx.ccn.io.CCNOutputStream flushToNetwork
INFORMAÇÕES: flush: outputting to the segmenter, baseName /ccnx.org/test/CCNNetworkTestRepo-15-01-15-18.17.24/content_-7499406587867137679/=FD054B82E6641D basenameindex =00; 15 bytes written, holding back 15 flushing final blocks? false.
Jan 15, 2015 6:17:26 PM org.ccnx.ccn.io.CCNOutputStream flushToNetwork
INFORMAÇÕES: HEADER: CCNOutputStream: flushToNetwork: new _baseNameIndex 0
Jan 15, 2015 6:17:26 PM org.ccnx.ccn.io.CCNOutputStream flushToNetwork
INFORMAÇÕES: flush: outputting to the segmenter, baseName /ccnx.org/test/CCNNetworkTestRepo-15-01-15-18.17.24/content_-7499406587867137679/=FD054B82E6641D basenameindex =00; 15 bytes written, holding back 0 flushing final blocks? true.
Jan 15, 2015 6:17:26 PM org.ccnx.ccn.io.CCNOutputStream flushToNetwork
INFORMAÇÕES: HEADER: CCNOutputStream: flushToNetwork: new _baseNameIndex 1
Jan 15, 2015 6:17:26 PM org.ccnx.ccn.io.CCNOutputStream close
INFORMAÇÕES: CCNOutputStream close: /ccnx.org/test/CCNNetworkTestRepo-15-01-15-18.17.24/content_-7499406587867137679/=FD054B82E6641D
Jan 15, 2015 6:17:26 PM org.ccnx.ccn.io.content.CCNNetworkObject createFlowController
INFORMAÇÕES: Created LOCALREPOSITORY flow controller, for prefix /ccnx.org/test/CCNNetworkTestRepo-15-01-15-18.17.24/content_-7499406587867137679, save type LOCALREPOSITORY
Jan 15, 2015 6:17:26 PM org.ccnx.ccn.impl.CCNFlowControl addNameSpace
INFORMAÇÕES: Flow controller addNameSpace: added namespace: /ccnx.org/test/CCNNetworkTestRepo-15-01-15-18.17.24/content_-7499406587867137679
Jan 15, 2015 6:17:26 PM org.ccnx.ccn.impl.security.keys.BasicKeyManager getKeyLocator
INFORMAÇÕES: getKeyLocator: returning locator NAME: /ccnx.org/Users/root/Keys/%C1.M.K=009234ADEC47D19E3E6A2AF362D44E09AB6B71F43B1900BA0622FB45F2A5B7D9F6/=FD054AE7DE1000 KEY:-reba89rgbj1o6ata34t5eovcl4kho5s9pnv8nstq15q1ld4g9ga for key kjSt7EfRnj5qKvNi1E4Jq2tx9DsZALoGIvtF8qW32fY=
Jan 15, 2015 6:17:26 PM org.ccnx.ccn.io.CCNAbstractOutputStream <init>
INFORMAÇÕES: CCNAbstractOutputStream: /ccnx.org/test/CCNNetworkTestRepo-15-01-15-18.17.24/content_-7499406587867137679/=FD054B82E665C7 blocksize is 4096
Jan 15, 2015 6:17:26 PM org.ccnx.ccn.io.CCNAbstractOutputStream startWrite
INFORMAÇÕES: CCNAbstractOutputStream: startWrite -- searching for keys.
Jan 15, 2015 6:17:26 PM org.ccnx.ccn.profiles.security.access.AccessControlManager keysForOutput
INFORMAÇÕES: keysForOutput: found an acm: (null)
Jan 15, 2015 6:17:26 PM org.ccnx.ccn.impl.repo.RepositoryFlowControl startWrite
INFORMAÇÕES: RepositoryFlowControl.startWrite called for name /ccnx.org/test/CCNNetworkTestRepo-15-01-15-18.17.24/content_-7499406587867137679/=FD054B82E665C7, shape STREAM
Jan 15, 2015 6:17:26 PM org.ccnx.ccn.impl.repo.RepositoryFlowControl handleContent
INFORMAÇÕES: handleContent: got potential repo message: /ccnx.org/test/CCNNetworkTestRepo-15-01-15-18.17.24/content_-7499406587867137679/=FD054B82E665C7/%C1.R.sw/%C1.N%0096=E5009CCEBA19
Jan 15, 2015 6:17:26 PM org.ccnx.ccn.io.CCNOutputStream flushToNetwork
INFORMAÇÕES: flush: outputting to the segmenter, baseName /ccnx.org/test/CCNNetworkTestRepo-15-01-15-18.17.24/content_-7499406587867137679/=FD054B82E665C7 basenameindex =00; 16 bytes written, holding back 16 flushing final blocks? false.
Jan 15, 2015 6:17:26 PM org.ccnx.ccn.io.CCNOutputStream flushToNetwork
INFORMAÇÕES: HEADER: CCNOutputStream: flushToNetwork: new _baseNameIndex 0
Jan 15, 2015 6:17:26 PM org.ccnx.ccn.io.CCNOutputStream flushToNetwork
INFORMAÇÕES: flush: outputting to the segmenter, baseName /ccnx.org/test/CCNNetworkTestRepo-15-01-15-18.17.24/content_-7499406587867137679/=FD054B82E665C7 basenameindex =00; 16 bytes written, holding back 0 flushing final blocks? true.
Jan 15, 2015 6:17:26 PM org.ccnx.ccn.io.CCNOutputStream flushToNetwork
INFORMAÇÕES: HEADER: CCNOutputStream: flushToNetwork: new _baseNameIndex 1
Jan 15, 2015 6:17:26 PM org.ccnx.ccn.io.CCNOutputStream close
INFORMAÇÕES: CCNOutputStream close: /ccnx.org/test/CCNNetworkTestRepo-15-01-15-18.17.24/content_-7499406587867137679/=FD054B82E665C7
Jan 15, 2015 6:17:26 PM org.ccnx.ccn.io.content.CCNNetworkObject createFlowController
INFORMAÇÕES: Created LOCALREPOSITORY flow controller, for prefix /ccnx.org/test/CCNNetworkTestRepo-15-01-15-18.17.24/content_-7499406587867137679, save type LOCALREPOSITORY
Jan 15, 2015 6:17:26 PM org.ccnx.ccn.impl.CCNFlowControl addNameSpace
INFORMAÇÕES: Flow controller addNameSpace: added namespace: /ccnx.org/test/CCNNetworkTestRepo-15-01-15-18.17.24/content_-7499406587867137679
Jan 15, 2015 6:17:26 PM org.ccnx.ccn.impl.security.keys.BasicKeyManager getKeyLocator
INFORMAÇÕES: getKeyLocator: returning locator NAME: /ccnx.org/Users/root/Keys/%C1.M.K=009234ADEC47D19E3E6A2AF362D44E09AB6B71F43B1900BA0622FB45F2A5B7D9F6/=FD054AE7DE1000 KEY:-reba89rgbj1o6ata34t5eovcl4kho5s9pnv8nstq15q1ld4g9ga for key kjSt7EfRnj5qKvNi1E4Jq2tx9DsZALoGIvtF8qW32fY=
Jan 15, 2015 6:17:26 PM org.ccnx.ccn.io.CCNAbstractOutputStream <init>
INFORMAÇÕES: CCNAbstractOutputStream: /ccnx.org/test/CCNNetworkTestRepo-15-01-15-18.17.24/content_-7499406587867137679/=FD054B82E66758 blocksize is 4096
Jan 15, 2015 6:17:26 PM org.ccnx.ccn.io.CCNAbstractOutputStream startWrite
INFORMAÇÕES: CCNAbstractOutputStream: startWrite -- searching for keys.
Jan 15, 2015 6:17:26 PM org.ccnx.ccn.profiles.security.access.AccessControlManager keysForOutput
INFORMAÇÕES: keysForOutput: found an acm: (null)
Jan 15, 2015 6:17:26 PM org.ccnx.ccn.impl.repo.RepositoryFlowControl startWrite
INFORMAÇÕES: RepositoryFlowControl.startWrite called for name /ccnx.org/test/CCNNetworkTestRepo-15-01-15-18.17.24/content_-7499406587867137679/=FD054B82E66758, shape STREAM
Jan 15, 2015 6:17:26 PM org.ccnx.ccn.impl.repo.RepositoryFlowControl handleContent
INFORMAÇÕES: handleContent: got potential repo message: /ccnx.org/test/CCNNetworkTestRepo-15-01-15-18.17.24/content_-7499406587867137679/=FD054B82E66758/%C1.R.sw/%C1.N=0097EF44BFA041BCF5
Jan 15, 2015 6:17:26 PM org.ccnx.ccn.io.CCNOutputStream flushToNetwork
INFORMAÇÕES: flush: outputting to the segmenter, baseName /ccnx.org/test/CCNNetworkTestRepo-15-01-15-18.17.24/content_-7499406587867137679/=FD054B82E66758 basenameindex =00; 16 bytes written, holding back 16 flushing final blocks? false.
Jan 15, 2015 6:17:26 PM org.ccnx.ccn.io.CCNOutputStream flushToNetwork
INFORMAÇÕES: HEADER: CCNOutputStream: flushToNetwork: new _baseNameIndex 0
Jan 15, 2015 6:17:26 PM org.ccnx.ccn.io.CCNOutputStream flushToNetwork
INFORMAÇÕES: flush: outputting to the segmenter, baseName /ccnx.org/test/CCNNetworkTestRepo-15-01-15-18.17.24/content_-7499406587867137679/=FD054B82E66758 basenameindex =00; 16 bytes written, holding back 0 flushing final blocks? true.
Jan 15, 2015 6:17:26 PM org.ccnx.ccn.io.CCNOutputStream flushToNetwork
INFORMAÇÕES: HEADER: CCNOutputStream: flushToNetwork: new _baseNameIndex 1
Jan 15, 2015 6:17:26 PM org.ccnx.ccn.io.CCNOutputStream close
INFORMAÇÕES: CCNOutputStream close: /ccnx.org/test/CCNNetworkTestRepo-15-01-15-18.17.24/content_-7499406587867137679/=FD054B82E66758
Jan 15, 2015 6:17:26 PM org.ccnx.ccn.io.content.CCNNetworkObject createFlowController
INFORMAÇÕES: Created LOCALREPOSITORY flow controller, for prefix /ccnx.org/test/CCNNetworkTestRepo-15-01-15-18.17.24/content_-7499406587867137679, save type LOCALREPOSITORY
Jan 15, 2015 6:17:26 PM org.ccnx.ccn.impl.CCNFlowControl addNameSpace
INFORMAÇÕES: Flow controller addNameSpace: added namespace: /ccnx.org/test/CCNNetworkTestRepo-15-01-15-18.17.24/content_-7499406587867137679
Jan 15, 2015 6:17:26 PM org.ccnx.ccn.impl.security.keys.BasicKeyManager getKeyLocator
INFORMAÇÕES: getKeyLocator: returning locator NAME: /ccnx.org/Users/root/Keys/%C1.M.K=009234ADEC47D19E3E6A2AF362D44E09AB6B71F43B1900BA0622FB45F2A5B7D9F6/=FD054AE7DE1000 KEY:-reba89rgbj1o6ata34t5eovcl4kho5s9pnv8nstq15q1ld4g9ga for key kjSt7EfRnj5qKvNi1E4Jq2tx9DsZALoGIvtF8qW32fY=
Jan 15, 2015 6:17:26 PM org.ccnx.ccn.io.CCNAbstractOutputStream <init>
INFORMAÇÕES: CCNAbstractOutputStream: /ccnx.org/test/CCNNetworkTestRepo-15-01-15-18.17.24/content_-7499406587867137679/=FD054B82E668E1 blocksize is 4096
Jan 15, 2015 6:17:26 PM org.ccnx.ccn.io.CCNAbstractOutputStream startWrite
INFORMAÇÕES: CCNAbstractOutputStream: startWrite -- searching for keys.
Jan 15, 2015 6:17:26 PM org.ccnx.ccn.profiles.security.access.AccessControlManager keysForOutput
INFORMAÇÕES: keysForOutput: found an acm: (null)
Jan 15, 2015 6:17:26 PM org.ccnx.ccn.impl.repo.RepositoryFlowControl startWrite
INFORMAÇÕES: RepositoryFlowControl.startWrite called for name /ccnx.org/test/CCNNetworkTestRepo-15-01-15-18.17.24/content_-7499406587867137679/=FD054B82E668E1, shape STREAM
Jan 15, 2015 6:17:26 PM org.ccnx.ccn.impl.repo.RepositoryFlowControl handleContent
INFORMAÇÕES: handleContent: got potential repo message: /ccnx.org/test/CCNNetworkTestRepo-15-01-15-18.17.24/content_-7499406587867137679/=FD054B82E668E1/%C1.R.sw/%C1.N=009A1085FB455E0804
Jan 15, 2015 6:17:26 PM org.ccnx.ccn.io.CCNOutputStream flushToNetwork
INFORMAÇÕES: flush: outputting to the segmenter, baseName /ccnx.org/test/CCNNetworkTestRepo-15-01-15-18.17.24/content_-7499406587867137679/=FD054B82E668E1 basenameindex =00; 16 bytes written, holding back 16 flushing final blocks? false.
Jan 15, 2015 6:17:26 PM org.ccnx.ccn.io.CCNOutputStream flushToNetwork
INFORMAÇÕES: HEADER: CCNOutputStream: flushToNetwork: new _baseNameIndex 0
Jan 15, 2015 6:17:26 PM org.ccnx.ccn.io.CCNOutputStream flushToNetwork
INFORMAÇÕES: flush: outputting to the segmenter, baseName /ccnx.org/test/CCNNetworkTestRepo-15-01-15-18.17.24/content_-7499406587867137679/=FD054B82E668E1 basenameindex =00; 16 bytes written, holding back 0 flushing final blocks? true.
Jan 15, 2015 6:17:26 PM org.ccnx.ccn.io.CCNOutputStream flushToNetwork
INFORMAÇÕES: HEADER: CCNOutputStream: flushToNetwork: new _baseNameIndex 1
Jan 15, 2015 6:17:26 PM org.ccnx.ccn.io.CCNOutputStream close
INFORMAÇÕES: CCNOutputStream close: /ccnx.org/test/CCNNetworkTestRepo-15-01-15-18.17.24/content_-7499406587867137679/=FD054B82E668E1
Jan 15, 2015 6:17:26 PM org.ccnx.ccn.io.content.CCNNetworkObject createFlowController
INFORMAÇÕES: Created LOCALREPOSITORY flow controller, for prefix /ccnx.org/test/CCNNetworkTestRepo-15-01-15-18.17.24/content_-7499406587867137679, save type LOCALREPOSITORY
Jan 15, 2015 6:17:26 PM org.ccnx.ccn.impl.CCNFlowControl addNameSpace
INFORMAÇÕES: Flow controller addNameSpace: added namespace: /ccnx.org/test/CCNNetworkTestRepo-15-01-15-18.17.24/content_-7499406587867137679
Jan 15, 2015 6:17:26 PM org.ccnx.ccn.impl.security.keys.BasicKeyManager getKeyLocator
INFORMAÇÕES: getKeyLocator: returning locator NAME: /ccnx.org/Users/root/Keys/%C1.M.K=009234ADEC47D19E3E6A2AF362D44E09AB6B71F43B1900BA0622FB45F2A5B7D9F6/=FD054AE7DE1000 KEY:-reba89rgbj1o6ata34t5eovcl4kho5s9pnv8nstq15q1ld4g9ga for key kjSt7EfRnj5qKvNi1E4Jq2tx9DsZALoGIvtF8qW32fY=
Jan 15, 2015 6:17:26 PM org.ccnx.ccn.io.CCNAbstractOutputStream <init>
INFORMAÇÕES: CCNAbstractOutputStream: /ccnx.org/test/CCNNetworkTestRepo-15-01-15-18.17.24/content_-7499406587867137679/=FD054B82E66A66 blocksize is 4096
Jan 15, 2015 6:17:26 PM org.ccnx.ccn.io.CCNAbstractOutputStream startWrite
INFORMAÇÕES: CCNAbstractOutputStream: startWrite -- searching for keys.
Jan 15, 2015 6:17:26 PM org.ccnx.ccn.profiles.security.access.AccessControlManager keysForOutput
INFORMAÇÕES: keysForOutput: found an acm: (null)
Jan 15, 2015 6:17:26 PM org.ccnx.ccn.impl.repo.RepositoryFlowControl startWrite
INFORMAÇÕES: RepositoryFlowControl.startWrite called for name /ccnx.org/test/CCNNetworkTestRepo-15-01-15-18.17.24/content_-7499406587867137679/=FD054B82E66A66, shape STREAM
Jan 15, 2015 6:17:26 PM org.ccnx.ccn.impl.repo.RepositoryFlowControl handleContent
INFORMAÇÕES: handleContent: got potential repo message: /ccnx.org/test/CCNNetworkTestRepo-15-01-15-18.17.24/content_-7499406587867137679/=FD054B82E66A66/%C1.R.sw/%C1.N=0024D3DFD40B77792D
Jan 15, 2015 6:17:26 PM org.ccnx.ccn.io.CCNOutputStream flushToNetwork
INFORMAÇÕES: flush: outputting to the segmenter, baseName /ccnx.org/test/CCNNetworkTestRepo-15-01-15-18.17.24/content_-7499406587867137679/=FD054B82E66A66 basenameindex =00; 16 bytes written, holding back 16 flushing final blocks? false.
Jan 15, 2015 6:17:26 PM org.ccnx.ccn.io.CCNOutputStream flushToNetwork
INFORMAÇÕES: HEADER: CCNOutputStream: flushToNetwork: new _baseNameIndex 0
Jan 15, 2015 6:17:26 PM org.ccnx.ccn.io.CCNOutputStream flushToNetwork
INFORMAÇÕES: flush: outputting to the segmenter, baseName /ccnx.org/test/CCNNetworkTestRepo-15-01-15-18.17.24/content_-7499406587867137679/=FD054B82E66A66 basenameindex =00; 16 bytes written, holding back 0 flushing final blocks? true.
Jan 15, 2015 6:17:26 PM org.ccnx.ccn.io.CCNOutputStream flushToNetwork
INFORMAÇÕES: HEADER: CCNOutputStream: flushToNetwork: new _baseNameIndex 1
Jan 15, 2015 6:17:26 PM org.ccnx.ccn.io.CCNOutputStream close
INFORMAÇÕES: CCNOutputStream close: /ccnx.org/test/CCNNetworkTestRepo-15-01-15-18.17.24/content_-7499406587867137679/=FD054B82E66A66
Jan 15, 2015 6:17:26 PM org.ccnx.ccn.io.content.CCNNetworkObject createFlowController
INFORMAÇÕES: Created LOCALREPOSITORY flow controller, for prefix /ccnx.org/test/CCNNetworkTestRepo-15-01-15-18.17.24/content_-7499406587867137679, save type LOCALREPOSITORY
Jan 15, 2015 6:17:26 PM org.ccnx.ccn.impl.CCNFlowControl addNameSpace
INFORMAÇÕES: Flow controller addNameSpace: added namespace: /ccnx.org/test/CCNNetworkTestRepo-15-01-15-18.17.24/content_-7499406587867137679
Jan 15, 2015 6:17:26 PM org.ccnx.ccn.impl.security.keys.BasicKeyManager getKeyLocator
INFORMAÇÕES: getKeyLocator: returning locator NAME: /ccnx.org/Users/root/Keys/%C1.M.K=009234ADEC47D19E3E6A2AF362D44E09AB6B71F43B1900BA0622FB45F2A5B7D9F6/=FD054AE7DE1000 KEY:-reba89rgbj1o6ata34t5eovcl4kho5s9pnv8nstq15q1ld4g9ga for key kjSt7EfRnj5qKvNi1E4Jq2tx9DsZALoGIvtF8qW32fY=
Jan 15, 2015 6:17:26 PM org.ccnx.ccn.io.CCNAbstractOutputStream <init>
INFORMAÇÕES: CCNAbstractOutputStream: /ccnx.org/test/CCNNetworkTestRepo-15-01-15-18.17.24/content_-7499406587867137679/=FD054B82E66BDF blocksize is 4096
Jan 15, 2015 6:17:26 PM org.ccnx.ccn.io.CCNAbstractOutputStream startWrite
INFORMAÇÕES: CCNAbstractOutputStream: startWrite -- searching for keys.
Jan 15, 2015 6:17:26 PM org.ccnx.ccn.profiles.security.access.AccessControlManager keysForOutput
INFORMAÇÕES: keysForOutput: found an acm: (null)
Jan 15, 2015 6:17:26 PM org.ccnx.ccn.impl.repo.RepositoryFlowControl startWrite
INFORMAÇÕES: RepositoryFlowControl.startWrite called for name /ccnx.org/test/CCNNetworkTestRepo-15-01-15-18.17.24/content_-7499406587867137679/=FD054B82E66BDF, shape STREAM
Jan 15, 2015 6:17:26 PM org.ccnx.ccn.impl.repo.RepositoryFlowControl handleContent
INFORMAÇÕES: handleContent: got potential repo message: /ccnx.org/test/CCNNetworkTestRepo-15-01-15-18.17.24/content_-7499406587867137679/=FD054B82E66BDF/%C1.R.sw/%C1.N=00EC7FC4864742C122
Jan 15, 2015 6:17:26 PM org.ccnx.ccn.io.CCNOutputStream flushToNetwork
INFORMAÇÕES: flush: outputting to the segmenter, baseName /ccnx.org/test/CCNNetworkTestRepo-15-01-15-18.17.24/content_-7499406587867137679/=FD054B82E66BDF basenameindex =00; 16 bytes written, holding back 16 flushing final blocks? false.
Jan 15, 2015 6:17:26 PM org.ccnx.ccn.io.CCNOutputStream flushToNetwork
INFORMAÇÕES: HEADER: CCNOutputStream: flushToNetwork: new _baseNameIndex 0
Jan 15, 2015 6:17:26 PM org.ccnx.ccn.io.CCNOutputStream flushToNetwork
INFORMAÇÕES: flush: outputting to the segmenter, baseName /ccnx.org/test/CCNNetworkTestRepo-15-01-15-18.17.24/content_-7499406587867137679/=FD054B82E66BDF basenameindex =00; 16 bytes written, holding back 0 flushing final blocks? true.
Jan 15, 2015 6:17:26 PM org.ccnx.ccn.io.CCNOutputStream flushToNetwork
INFORMAÇÕES: HEADER: CCNOutputStream: flushToNetwork: new _baseNameIndex 1
Jan 15, 2015 6:17:26 PM org.ccnx.ccn.io.CCNOutputStream close
INFORMAÇÕES: CCNOutputStream close: /ccnx.org/test/CCNNetworkTestRepo-15-01-15-18.17.24/content_-7499406587867137679/=FD054B82E66BDF
Jan 15, 2015 6:17:26 PM org.ccnx.ccn.io.content.CCNNetworkObject createFlowController
INFORMAÇÕES: Created LOCALREPOSITORY flow controller, for prefix /ccnx.org/test/CCNNetworkTestRepo-15-01-15-18.17.24/content_-7499406587867137679, save type LOCALREPOSITORY
Jan 15, 2015 6:17:26 PM org.ccnx.ccn.impl.CCNFlowControl addNameSpace
INFORMAÇÕES: Flow controller addNameSpace: added namespace: /ccnx.org/test/CCNNetworkTestRepo-15-01-15-18.17.24/content_-7499406587867137679
Jan 15, 2015 6:17:26 PM org.ccnx.ccn.impl.security.keys.BasicKeyManager getKeyLocator
INFORMAÇÕES: getKeyLocator: returning locator NAME: /ccnx.org/Users/root/Keys/%C1.M.K=009234ADEC47D19E3E6A2AF362D44E09AB6B71F43B1900BA0622FB45F2A5B7D9F6/=FD054AE7DE1000 KEY:-reba89rgbj1o6ata34t5eovcl4kho5s9pnv8nstq15q1ld4g9ga for key kjSt7EfRnj5qKvNi1E4Jq2tx9DsZALoGIvtF8qW32fY=
Jan 15, 2015 6:17:26 PM org.ccnx.ccn.io.CCNAbstractOutputStream <init>
INFORMAÇÕES: CCNAbstractOutputStream: /ccnx.org/test/CCNNetworkTestRepo-15-01-15-18.17.24/content_-7499406587867137679/=FD054B82E66D75 blocksize is 4096
Jan 15, 2015 6:17:26 PM org.ccnx.ccn.io.CCNAbstractOutputStream startWrite
INFORMAÇÕES: CCNAbstractOutputStream: startWrite -- searching for keys.
Jan 15, 2015 6:17:26 PM org.ccnx.ccn.profiles.security.access.AccessControlManager keysForOutput
INFORMAÇÕES: keysForOutput: found an acm: (null)
Jan 15, 2015 6:17:26 PM org.ccnx.ccn.impl.repo.RepositoryFlowControl startWrite
INFORMAÇÕES: RepositoryFlowControl.startWrite called for name /ccnx.org/test/CCNNetworkTestRepo-15-01-15-18.17.24/content_-7499406587867137679/=FD054B82E66D75, shape STREAM
Jan 15, 2015 6:17:26 PM org.ccnx.ccn.impl.repo.RepositoryFlowControl handleContent
INFORMAÇÕES: handleContent: got potential repo message: /ccnx.org/test/CCNNetworkTestRepo-15-01-15-18.17.24/content_-7499406587867137679/=FD054B82E66D75/%C1.R.sw/%C1.N=000233316ADC54716F
Jan 15, 2015 6:17:26 PM org.ccnx.ccn.io.CCNOutputStream flushToNetwork
INFORMAÇÕES: flush: outputting to the segmenter, baseName /ccnx.org/test/CCNNetworkTestRepo-15-01-15-18.17.24/content_-7499406587867137679/=FD054B82E66D75 basenameindex =00; 16 bytes written, holding back 16 flushing final blocks? false.
Jan 15, 2015 6:17:26 PM org.ccnx.ccn.io.CCNOutputStream flushToNetwork
INFORMAÇÕES: HEADER: CCNOutputStream: flushToNetwork: new _baseNameIndex 0
Jan 15, 2015 6:17:26 PM org.ccnx.ccn.io.CCNOutputStream flushToNetwork
INFORMAÇÕES: flush: outputting to the segmenter, baseName /ccnx.org/test/CCNNetworkTestRepo-15-01-15-18.17.24/content_-7499406587867137679/=FD054B82E66D75 basenameindex =00; 16 bytes written, holding back 0 flushing final blocks? true.
Jan 15, 2015 6:17:26 PM org.ccnx.ccn.io.CCNOutputStream flushToNetwork
INFORMAÇÕES: HEADER: CCNOutputStream: flushToNetwork: new _baseNameIndex 1
Jan 15, 2015 6:17:26 PM org.ccnx.ccn.io.CCNOutputStream close
INFORMAÇÕES: CCNOutputStream close: /ccnx.org/test/CCNNetworkTestRepo-15-01-15-18.17.24/content_-7499406587867137679/=FD054B82E66D75
Jan 15, 2015 6:17:26 PM org.ccnx.ccn.io.content.CCNNetworkObject createFlowController
INFORMAÇÕES: Created LOCALREPOSITORY flow controller, for prefix /ccnx.org/test/CCNNetworkTestRepo-15-01-15-18.17.24/content_-7499406587867137679, save type LOCALREPOSITORY
Jan 15, 2015 6:17:26 PM org.ccnx.ccn.impl.CCNFlowControl addNameSpace
INFORMAÇÕES: Flow controller addNameSpace: added namespace: /ccnx.org/test/CCNNetworkTestRepo-15-01-15-18.17.24/content_-7499406587867137679
Jan 15, 2015 6:17:26 PM org.ccnx.ccn.impl.security.keys.BasicKeyManager getKeyLocator
INFORMAÇÕES: getKeyLocator: returning locator NAME: /ccnx.org/Users/root/Keys/%C1.M.K=009234ADEC47D19E3E6A2AF362D44E09AB6B71F43B1900BA0622FB45F2A5B7D9F6/=FD054AE7DE1000 KEY:-reba89rgbj1o6ata34t5eovcl4kho5s9pnv8nstq15q1ld4g9ga for key kjSt7EfRnj5qKvNi1E4Jq2tx9DsZALoGIvtF8qW32fY=
Jan 15, 2015 6:17:26 PM org.ccnx.ccn.io.CCNAbstractOutputStream <init>
INFORMAÇÕES: CCNAbstractOutputStream: /ccnx.org/test/CCNNetworkTestRepo-15-01-15-18.17.24/content_-7499406587867137679/=FD054B82E66F12 blocksize is 4096
Jan 15, 2015 6:17:26 PM org.ccnx.ccn.io.CCNAbstractOutputStream startWrite
INFORMAÇÕES: CCNAbstractOutputStream: startWrite -- searching for keys.
Jan 15, 2015 6:17:26 PM org.ccnx.ccn.profiles.security.access.AccessControlManager keysForOutput
INFORMAÇÕES: keysForOutput: found an acm: (null)
Jan 15, 2015 6:17:26 PM org.ccnx.ccn.impl.repo.RepositoryFlowControl startWrite
INFORMAÇÕES: RepositoryFlowControl.startWrite called for name /ccnx.org/test/CCNNetworkTestRepo-15-01-15-18.17.24/content_-7499406587867137679/=FD054B82E66F12, shape STREAM
Jan 15, 2015 6:17:26 PM org.ccnx.ccn.impl.repo.RepositoryFlowControl handleContent
INFORMAÇÕES: handleContent: got potential repo message: /ccnx.org/test/CCNNetworkTestRepo-15-01-15-18.17.24/content_-7499406587867137679/=FD054B82E66F12/%C1.R.sw/%C1.N=00E8C8BD6EF98EDC55
Jan 15, 2015 6:17:27 PM org.ccnx.ccn.io.CCNOutputStream flushToNetwork
INFORMAÇÕES: flush: outputting to the segmenter, baseName /ccnx.org/test/CCNNetworkTestRepo-15-01-15-18.17.24/content_-7499406587867137679/=FD054B82E66F12 basenameindex =00; 16 bytes written, holding back 16 flushing final blocks? false.
Jan 15, 2015 6:17:27 PM org.ccnx.ccn.io.CCNOutputStream flushToNetwork
INFORMAÇÕES: HEADER: CCNOutputStream: flushToNetwork: new _baseNameIndex 0
Jan 15, 2015 6:17:27 PM org.ccnx.ccn.io.CCNOutputStream flushToNetwork
INFORMAÇÕES: flush: outputting to the segmenter, baseName /ccnx.org/test/CCNNetworkTestRepo-15-01-15-18.17.24/content_-7499406587867137679/=FD054B82E66F12 basenameindex =00; 16 bytes written, holding back 0 flushing final blocks? true.
Jan 15, 2015 6:17:27 PM org.ccnx.ccn.io.CCNOutputStream flushToNetwork
INFORMAÇÕES: HEADER: CCNOutputStream: flushToNetwork: new _baseNameIndex 1
Jan 15, 2015 6:17:27 PM org.ccnx.ccn.io.CCNOutputStream close
INFORMAÇÕES: CCNOutputStream close: /ccnx.org/test/CCNNetworkTestRepo-15-01-15-18.17.24/content_-7499406587867137679/=FD054B82E66F12
Jan 15, 2015 6:17:27 PM org.ccnx.ccn.io.content.CCNNetworkObject createFlowController
INFORMAÇÕES: Created LOCALREPOSITORY flow controller, for prefix /ccnx.org/test/CCNNetworkTestRepo-15-01-15-18.17.24/content_-7499406587867137679, save type LOCALREPOSITORY
Jan 15, 2015 6:17:27 PM org.ccnx.ccn.impl.CCNFlowControl addNameSpace
INFORMAÇÕES: Flow controller addNameSpace: added namespace: /ccnx.org/test/CCNNetworkTestRepo-15-01-15-18.17.24/content_-7499406587867137679
Jan 15, 2015 6:17:27 PM org.ccnx.ccn.impl.security.keys.BasicKeyManager getKeyLocator
INFORMAÇÕES: getKeyLocator: returning locator NAME: /ccnx.org/Users/root/Keys/%C1.M.K=009234ADEC47D19E3E6A2AF362D44E09AB6B71F43B1900BA0622FB45F2A5B7D9F6/=FD054AE7DE1000 KEY:-reba89rgbj1o6ata34t5eovcl4kho5s9pnv8nstq15q1ld4g9ga for key kjSt7EfRnj5qKvNi1E4Jq2tx9DsZALoGIvtF8qW32fY=
Jan 15, 2015 6:17:27 PM org.ccnx.ccn.io.CCNAbstractOutputStream <init>
INFORMAÇÕES: CCNAbstractOutputStream: /ccnx.org/test/CCNNetworkTestRepo-15-01-15-18.17.24/content_-7499406587867137679/=FD054B82E670A8 blocksize is 4096
Jan 15, 2015 6:17:27 PM org.ccnx.ccn.io.CCNAbstractOutputStream startWrite
INFORMAÇÕES: CCNAbstractOutputStream: startWrite -- searching for keys.
Jan 15, 2015 6:17:27 PM org.ccnx.ccn.profiles.security.access.AccessControlManager keysForOutput
INFORMAÇÕES: keysForOutput: found an acm: (null)
Jan 15, 2015 6:17:27 PM org.ccnx.ccn.impl.repo.RepositoryFlowControl startWrite
INFORMAÇÕES: RepositoryFlowControl.startWrite called for name /ccnx.org/test/CCNNetworkTestRepo-15-01-15-18.17.24/content_-7499406587867137679/=FD054B82E670A8, shape STREAM
Jan 15, 2015 6:17:27 PM org.ccnx.ccn.impl.repo.RepositoryFlowControl handleContent
INFORMAÇÕES: handleContent: got potential repo message: /ccnx.org/test/CCNNetworkTestRepo-15-01-15-18.17.24/content_-7499406587867137679/=FD054B82E670A8/%C1.R.sw/%C1.N%00y=EFC5EF8A28C89C
Jan 15, 2015 6:17:27 PM org.ccnx.ccn.io.CCNOutputStream flushToNetwork
INFORMAÇÕES: flush: outputting to the segmenter, baseName /ccnx.org/test/CCNNetworkTestRepo-15-01-15-18.17.24/content_-7499406587867137679/=FD054B82E670A8 basenameindex =00; 16 bytes written, holding back 16 flushing final blocks? false.
Jan 15, 2015 6:17:27 PM org.ccnx.ccn.io.CCNOutputStream flushToNetwork
INFORMAÇÕES: HEADER: CCNOutputStream: flushToNetwork: new _baseNameIndex 0
Jan 15, 2015 6:17:27 PM org.ccnx.ccn.io.CCNOutputStream flushToNetwork
INFORMAÇÕES: flush: outputting to the segmenter, baseName /ccnx.org/test/CCNNetworkTestRepo-15-01-15-18.17.24/content_-7499406587867137679/=FD054B82E670A8 basenameindex =00; 16 bytes written, holding back 0 flushing final blocks? true.
Jan 15, 2015 6:17:27 PM org.ccnx.ccn.io.CCNOutputStream flushToNetwork
INFORMAÇÕES: HEADER: CCNOutputStream: flushToNetwork: new _baseNameIndex 1
Jan 15, 2015 6:17:27 PM org.ccnx.ccn.io.CCNOutputStream close
INFORMAÇÕES: CCNOutputStream close: /ccnx.org/test/CCNNetworkTestRepo-15-01-15-18.17.24/content_-7499406587867137679/=FD054B82E670A8
Jan 15, 2015 6:17:27 PM org.ccnx.ccn.io.content.CCNNetworkObject createFlowController
INFORMAÇÕES: Created LOCALREPOSITORY flow controller, for prefix /ccnx.org/test/CCNNetworkTestRepo-15-01-15-18.17.24/content_-7499406587867137679, save type LOCALREPOSITORY
Jan 15, 2015 6:17:27 PM org.ccnx.ccn.impl.CCNFlowControl addNameSpace
INFORMAÇÕES: Flow controller addNameSpace: added namespace: /ccnx.org/test/CCNNetworkTestRepo-15-01-15-18.17.24/content_-7499406587867137679
Jan 15, 2015 6:17:27 PM org.ccnx.ccn.impl.security.keys.BasicKeyManager getKeyLocator
INFORMAÇÕES: getKeyLocator: returning locator NAME: /ccnx.org/Users/root/Keys/%C1.M.K=009234ADEC47D19E3E6A2AF362D44E09AB6B71F43B1900BA0622FB45F2A5B7D9F6/=FD054AE7DE1000 KEY:-reba89rgbj1o6ata34t5eovcl4kho5s9pnv8nstq15q1ld4g9ga for key kjSt7EfRnj5qKvNi1E4Jq2tx9DsZALoGIvtF8qW32fY=
Jan 15, 2015 6:17:27 PM org.ccnx.ccn.io.CCNAbstractOutputStream <init>
INFORMAÇÕES: CCNAbstractOutputStream: /ccnx.org/test/CCNNetworkTestRepo-15-01-15-18.17.24/content_-7499406587867137679/=FD054B82E67246 blocksize is 4096
Jan 15, 2015 6:17:27 PM org.ccnx.ccn.io.CCNAbstractOutputStream startWrite
INFORMAÇÕES: CCNAbstractOutputStream: startWrite -- searching for keys.
Jan 15, 2015 6:17:27 PM org.ccnx.ccn.profiles.security.access.AccessControlManager keysForOutput
INFORMAÇÕES: keysForOutput: found an acm: (null)
Jan 15, 2015 6:17:27 PM org.ccnx.ccn.impl.repo.RepositoryFlowControl startWrite
INFORMAÇÕES: RepositoryFlowControl.startWrite called for name /ccnx.org/test/CCNNetworkTestRepo-15-01-15-18.17.24/content_-7499406587867137679/=FD054B82E67246, shape STREAM
Jan 15, 2015 6:17:27 PM org.ccnx.ccn.impl.repo.RepositoryFlowControl handleContent
INFORMAÇÕES: handleContent: got potential repo message: /ccnx.org/test/CCNNetworkTestRepo-15-01-15-18.17.24/content_-7499406587867137679/=FD054B82E67246/%C1.R.sw/%C1.N%002=3B9FBD3A27E2FD
Jan 15, 2015 6:17:27 PM org.ccnx.ccn.io.CCNOutputStream flushToNetwork
INFORMAÇÕES: flush: outputting to the segmenter, baseName /ccnx.org/test/CCNNetworkTestRepo-15-01-15-18.17.24/content_-7499406587867137679/=FD054B82E67246 basenameindex =00; 16 bytes written, holding back 16 flushing final blocks? false.
Jan 15, 2015 6:17:27 PM org.ccnx.ccn.io.CCNOutputStream flushToNetwork
INFORMAÇÕES: HEADER: CCNOutputStream: flushToNetwork: new _baseNameIndex 0
Jan 15, 2015 6:17:27 PM org.ccnx.ccn.io.CCNOutputStream flushToNetwork
INFORMAÇÕES: flush: outputting to the segmenter, baseName /ccnx.org/test/CCNNetworkTestRepo-15-01-15-18.17.24/content_-7499406587867137679/=FD054B82E67246 basenameindex =00; 16 bytes written, holding back 0 flushing final blocks? true.
Jan 15, 2015 6:17:27 PM org.ccnx.ccn.io.CCNOutputStream flushToNetwork
INFORMAÇÕES: HEADER: CCNOutputStream: flushToNetwork: new _baseNameIndex 1
Jan 15, 2015 6:17:27 PM org.ccnx.ccn.io.CCNOutputStream close
INFORMAÇÕES: CCNOutputStream close: /ccnx.org/test/CCNNetworkTestRepo-15-01-15-18.17.24/content_-7499406587867137679/=FD054B82E67246
Jan 15, 2015 6:17:27 PM org.ccnx.ccn.io.content.CCNNetworkObject createFlowController
INFORMAÇÕES: Created LOCALREPOSITORY flow controller, for prefix /ccnx.org/test/CCNNetworkTestRepo-15-01-15-18.17.24/content_-7499406587867137679, save type LOCALREPOSITORY
Jan 15, 2015 6:17:27 PM org.ccnx.ccn.impl.CCNFlowControl addNameSpace
INFORMAÇÕES: Flow controller addNameSpace: added namespace: /ccnx.org/test/CCNNetworkTestRepo-15-01-15-18.17.24/content_-7499406587867137679
Jan 15, 2015 6:17:27 PM org.ccnx.ccn.impl.security.keys.BasicKeyManager getKeyLocator
INFORMAÇÕES: getKeyLocator: returning locator NAME: /ccnx.org/Users/root/Keys/%C1.M.K=009234ADEC47D19E3E6A2AF362D44E09AB6B71F43B1900BA0622FB45F2A5B7D9F6/=FD054AE7DE1000 KEY:-reba89rgbj1o6ata34t5eovcl4kho5s9pnv8nstq15q1ld4g9ga for key kjSt7EfRnj5qKvNi1E4Jq2tx9DsZALoGIvtF8qW32fY=
Jan 15, 2015 6:17:27 PM org.ccnx.ccn.io.CCNAbstractOutputStream <init>
INFORMAÇÕES: CCNAbstractOutputStream: /ccnx.org/test/CCNNetworkTestRepo-15-01-15-18.17.24/content_-7499406587867137679/=FD054B82E673F0 blocksize is 4096
Jan 15, 2015 6:17:27 PM org.ccnx.ccn.io.CCNAbstractOutputStream startWrite
INFORMAÇÕES: CCNAbstractOutputStream: startWrite -- searching for keys.
Jan 15, 2015 6:17:27 PM org.ccnx.ccn.profiles.security.access.AccessControlManager keysForOutput
INFORMAÇÕES: keysForOutput: found an acm: (null)
Jan 15, 2015 6:17:27 PM org.ccnx.ccn.impl.repo.RepositoryFlowControl startWrite
INFORMAÇÕES: RepositoryFlowControl.startWrite called for name /ccnx.org/test/CCNNetworkTestRepo-15-01-15-18.17.24/content_-7499406587867137679/=FD054B82E673F0, shape STREAM
Jan 15, 2015 6:17:27 PM org.ccnx.ccn.impl.repo.RepositoryFlowControl handleContent
INFORMAÇÕES: handleContent: got potential repo message: /ccnx.org/test/CCNNetworkTestRepo-15-01-15-18.17.24/content_-7499406587867137679/=FD054B82E673F0/%C1.R.sw/%C1.N=009FA8C8FE481EB068
Jan 15, 2015 6:17:27 PM org.ccnx.ccn.io.CCNOutputStream flushToNetwork
INFORMAÇÕES: flush: outputting to the segmenter, baseName /ccnx.org/test/CCNNetworkTestRepo-15-01-15-18.17.24/content_-7499406587867137679/=FD054B82E673F0 basenameindex =00; 16 bytes written, holding back 16 flushing final blocks? false.
Jan 15, 2015 6:17:27 PM org.ccnx.ccn.io.CCNOutputStream flushToNetwork
INFORMAÇÕES: HEADER: CCNOutputStream: flushToNetwork: new _baseNameIndex 0
Jan 15, 2015 6:17:27 PM org.ccnx.ccn.io.CCNOutputStream flushToNetwork
INFORMAÇÕES: flush: outputting to the segmenter, baseName /ccnx.org/test/CCNNetworkTestRepo-15-01-15-18.17.24/content_-7499406587867137679/=FD054B82E673F0 basenameindex =00; 16 bytes written, holding back 0 flushing final blocks? true.
Jan 15, 2015 6:17:27 PM org.ccnx.ccn.io.CCNOutputStream flushToNetwork
INFORMAÇÕES: HEADER: CCNOutputStream: flushToNetwork: new _baseNameIndex 1
Jan 15, 2015 6:17:27 PM org.ccnx.ccn.io.CCNOutputStream close
INFORMAÇÕES: CCNOutputStream close: /ccnx.org/test/CCNNetworkTestRepo-15-01-15-18.17.24/content_-7499406587867137679/=FD054B82E673F0
Jan 15, 2015 6:17:27 PM org.ccnx.ccn.io.content.CCNNetworkObject createFlowController
INFORMAÇÕES: Created LOCALREPOSITORY flow controller, for prefix /ccnx.org/test/CCNNetworkTestRepo-15-01-15-18.17.24/content_-7499406587867137679, save type LOCALREPOSITORY
Jan 15, 2015 6:17:27 PM org.ccnx.ccn.impl.CCNFlowControl addNameSpace
INFORMAÇÕES: Flow controller addNameSpace: added namespace: /ccnx.org/test/CCNNetworkTestRepo-15-01-15-18.17.24/content_-7499406587867137679
Jan 15, 2015 6:17:27 PM org.ccnx.ccn.impl.security.keys.BasicKeyManager getKeyLocator
INFORMAÇÕES: getKeyLocator: returning locator NAME: /ccnx.org/Users/root/Keys/%C1.M.K=009234ADEC47D19E3E6A2AF362D44E09AB6B71F43B1900BA0622FB45F2A5B7D9F6/=FD054AE7DE1000 KEY:-reba89rgbj1o6ata34t5eovcl4kho5s9pnv8nstq15q1ld4g9ga for key kjSt7EfRnj5qKvNi1E4Jq2tx9DsZALoGIvtF8qW32fY=
Jan 15, 2015 6:17:27 PM org.ccnx.ccn.io.CCNAbstractOutputStream <init>
INFORMAÇÕES: CCNAbstractOutputStream: /ccnx.org/test/CCNNetworkTestRepo-15-01-15-18.17.24/content_-7499406587867137679/=FD054B82E67585 blocksize is 4096
Jan 15, 2015 6:17:27 PM org.ccnx.ccn.io.CCNAbstractOutputStream startWrite
INFORMAÇÕES: CCNAbstractOutputStream: startWrite -- searching for keys.
Jan 15, 2015 6:17:27 PM org.ccnx.ccn.profiles.security.access.AccessControlManager keysForOutput
INFORMAÇÕES: keysForOutput: found an acm: (null)
Jan 15, 2015 6:17:27 PM org.ccnx.ccn.impl.repo.RepositoryFlowControl startWrite
INFORMAÇÕES: RepositoryFlowControl.startWrite called for name /ccnx.org/test/CCNNetworkTestRepo-15-01-15-18.17.24/content_-7499406587867137679/=FD054B82E67585, shape STREAM
Jan 15, 2015 6:17:27 PM org.ccnx.ccn.impl.repo.RepositoryFlowControl handleContent
INFORMAÇÕES: handleContent: got potential repo message: /ccnx.org/test/CCNNetworkTestRepo-15-01-15-18.17.24/content_-7499406587867137679/=FD054B82E67585/%C1.R.sw/%C1.N=00F2EA80F66EB8157A
Jan 15, 2015 6:17:27 PM org.ccnx.ccn.io.CCNOutputStream flushToNetwork
INFORMAÇÕES: flush: outputting to the segmenter, baseName /ccnx.org/test/CCNNetworkTestRepo-15-01-15-18.17.24/content_-7499406587867137679/=FD054B82E67585 basenameindex =00; 16 bytes written, holding back 16 flushing final blocks? false.
Jan 15, 2015 6:17:27 PM org.ccnx.ccn.io.CCNOutputStream flushToNetwork
INFORMAÇÕES: HEADER: CCNOutputStream: flushToNetwork: new _baseNameIndex 0
Jan 15, 2015 6:17:27 PM org.ccnx.ccn.io.CCNOutputStream flushToNetwork
INFORMAÇÕES: flush: outputting to the segmenter, baseName /ccnx.org/test/CCNNetworkTestRepo-15-01-15-18.17.24/content_-7499406587867137679/=FD054B82E67585 basenameindex =00; 16 bytes written, holding back 0 flushing final blocks? true.
Jan 15, 2015 6:17:27 PM org.ccnx.ccn.io.CCNOutputStream flushToNetwork
INFORMAÇÕES: HEADER: CCNOutputStream: flushToNetwork: new _baseNameIndex 1
Jan 15, 2015 6:17:27 PM org.ccnx.ccn.io.CCNOutputStream close
INFORMAÇÕES: CCNOutputStream close: /ccnx.org/test/CCNNetworkTestRepo-15-01-15-18.17.24/content_-7499406587867137679/=FD054B82E67585
Jan 15, 2015 6:17:27 PM org.ccnx.ccn.io.content.CCNNetworkObject createFlowController
INFORMAÇÕES: Created LOCALREPOSITORY flow controller, for prefix /ccnx.org/test/CCNNetworkTestRepo-15-01-15-18.17.24/content_-7499406587867137679, save type LOCALREPOSITORY
Jan 15, 2015 6:17:27 PM org.ccnx.ccn.impl.CCNFlowControl addNameSpace
INFORMAÇÕES: Flow controller addNameSpace: added namespace: /ccnx.org/test/CCNNetworkTestRepo-15-01-15-18.17.24/content_-7499406587867137679
Jan 15, 2015 6:17:27 PM org.ccnx.ccn.impl.security.keys.BasicKeyManager getKeyLocator
INFORMAÇÕES: getKeyLocator: returning locator NAME: /ccnx.org/Users/root/Keys/%C1.M.K=009234ADEC47D19E3E6A2AF362D44E09AB6B71F43B1900BA0622FB45F2A5B7D9F6/=FD054AE7DE1000 KEY:-reba89rgbj1o6ata34t5eovcl4kho5s9pnv8nstq15q1ld4g9ga for key kjSt7EfRnj5qKvNi1E4Jq2tx9DsZALoGIvtF8qW32fY=
Jan 15, 2015 6:17:27 PM org.ccnx.ccn.io.CCNAbstractOutputStream <init>
INFORMAÇÕES: CCNAbstractOutputStream: /ccnx.org/test/CCNNetworkTestRepo-15-01-15-18.17.24/content_-7499406587867137679/=FD054B82E67727 blocksize is 4096
Jan 15, 2015 6:17:27 PM org.ccnx.ccn.io.CCNAbstractOutputStream startWrite
INFORMAÇÕES: CCNAbstractOutputStream: startWrite -- searching for keys.
Jan 15, 2015 6:17:27 PM org.ccnx.ccn.profiles.security.access.AccessControlManager keysForOutput
INFORMAÇÕES: keysForOutput: found an acm: (null)
Jan 15, 2015 6:17:27 PM org.ccnx.ccn.impl.repo.RepositoryFlowControl startWrite
INFORMAÇÕES: RepositoryFlowControl.startWrite called for name /ccnx.org/test/CCNNetworkTestRepo-15-01-15-18.17.24/content_-7499406587867137679/=FD054B82E67727, shape STREAM
Jan 15, 2015 6:17:27 PM org.ccnx.ccn.impl.repo.RepositoryFlowControl handleContent
INFORMAÇÕES: handleContent: got potential repo message: /ccnx.org/test/CCNNetworkTestRepo-15-01-15-18.17.24/content_-7499406587867137679/=FD054B82E67727/%C1.R.sw/%C1.N=0011A46A7BAEC66217
Jan 15, 2015 6:17:27 PM org.ccnx.ccn.io.CCNOutputStream flushToNetwork
INFORMAÇÕES: flush: outputting to the segmenter, baseName /ccnx.org/test/CCNNetworkTestRepo-15-01-15-18.17.24/content_-7499406587867137679/=FD054B82E67727 basenameindex =00; 16 bytes written, holding back 16 flushing final blocks? false.
Jan 15, 2015 6:17:27 PM org.ccnx.ccn.io.CCNOutputStream flushToNetwork
INFORMAÇÕES: HEADER: CCNOutputStream: flushToNetwork: new _baseNameIndex 0
Jan 15, 2015 6:17:27 PM org.ccnx.ccn.io.CCNOutputStream flushToNetwork
INFORMAÇÕES: flush: outputting to the segmenter, baseName /ccnx.org/test/CCNNetworkTestRepo-15-01-15-18.17.24/content_-7499406587867137679/=FD054B82E67727 basenameindex =00; 16 bytes written, holding back 0 flushing final blocks? true.
Jan 15, 2015 6:17:27 PM org.ccnx.ccn.io.CCNOutputStream flushToNetwork
INFORMAÇÕES: HEADER: CCNOutputStream: flushToNetwork: new _baseNameIndex 1
Jan 15, 2015 6:17:27 PM org.ccnx.ccn.io.CCNOutputStream close
INFORMAÇÕES: CCNOutputStream close: /ccnx.org/test/CCNNetworkTestRepo-15-01-15-18.17.24/content_-7499406587867137679/=FD054B82E67727
Jan 15, 2015 6:17:27 PM org.ccnx.ccn.io.content.CCNNetworkObject createFlowController
INFORMAÇÕES: Created LOCALREPOSITORY flow controller, for prefix /ccnx.org/test/CCNNetworkTestRepo-15-01-15-18.17.24/content_-7499406587867137679, save type LOCALREPOSITORY
Jan 15, 2015 6:17:27 PM org.ccnx.ccn.impl.CCNFlowControl addNameSpace
INFORMAÇÕES: Flow controller addNameSpace: added namespace: /ccnx.org/test/CCNNetworkTestRepo-15-01-15-18.17.24/content_-7499406587867137679
Jan 15, 2015 6:17:27 PM org.ccnx.ccn.impl.security.keys.BasicKeyManager getKeyLocator
INFORMAÇÕES: getKeyLocator: returning locator NAME: /ccnx.org/Users/root/Keys/%C1.M.K=009234ADEC47D19E3E6A2AF362D44E09AB6B71F43B1900BA0622FB45F2A5B7D9F6/=FD054AE7DE1000 KEY:-reba89rgbj1o6ata34t5eovcl4kho5s9pnv8nstq15q1ld4g9ga for key kjSt7EfRnj5qKvNi1E4Jq2tx9DsZALoGIvtF8qW32fY=
Jan 15, 2015 6:17:27 PM org.ccnx.ccn.io.CCNAbstractOutputStream <init>
INFORMAÇÕES: CCNAbstractOutputStream: /ccnx.org/test/CCNNetworkTestRepo-15-01-15-18.17.24/content_-7499406587867137679/=FD054B82E678B4 blocksize is 4096
Jan 15, 2015 6:17:27 PM org.ccnx.ccn.io.CCNAbstractOutputStream startWrite
INFORMAÇÕES: CCNAbstractOutputStream: startWrite -- searching for keys.
Jan 15, 2015 6:17:27 PM org.ccnx.ccn.profiles.security.access.AccessControlManager keysForOutput
INFORMAÇÕES: keysForOutput: found an acm: (null)
Jan 15, 2015 6:17:27 PM org.ccnx.ccn.impl.repo.RepositoryFlowControl startWrite
INFORMAÇÕES: RepositoryFlowControl.startWrite called for name /ccnx.org/test/CCNNetworkTestRepo-15-01-15-18.17.24/content_-7499406587867137679/=FD054B82E678B4, shape STREAM
Jan 15, 2015 6:17:27 PM org.ccnx.ccn.impl.repo.RepositoryFlowControl handleContent
INFORMAÇÕES: handleContent: got potential repo message: /ccnx.org/test/CCNNetworkTestRepo-15-01-15-18.17.24/content_-7499406587867137679/=FD054B82E678B4/%C1.R.sw/%C1.N=00A3EFE3FEC7F286A9
Jan 15, 2015 6:17:27 PM org.ccnx.ccn.io.CCNOutputStream flushToNetwork
INFORMAÇÕES: flush: outputting to the segmenter, baseName /ccnx.org/test/CCNNetworkTestRepo-15-01-15-18.17.24/content_-7499406587867137679/=FD054B82E678B4 basenameindex =00; 16 bytes written, holding back 16 flushing final blocks? false.
Jan 15, 2015 6:17:27 PM org.ccnx.ccn.io.CCNOutputStream flushToNetwork
INFORMAÇÕES: HEADER: CCNOutputStream: flushToNetwork: new _baseNameIndex 0
Jan 15, 2015 6:17:27 PM org.ccnx.ccn.io.CCNOutputStream flushToNetwork
INFORMAÇÕES: flush: outputting to the segmenter, baseName /ccnx.org/test/CCNNetworkTestRepo-15-01-15-18.17.24/content_-7499406587867137679/=FD054B82E678B4 basenameindex =00; 16 bytes written, holding back 0 flushing final blocks? true.
Jan 15, 2015 6:17:27 PM org.ccnx.ccn.io.CCNOutputStream flushToNetwork
INFORMAÇÕES: HEADER: CCNOutputStream: flushToNetwork: new _baseNameIndex 1
Jan 15, 2015 6:17:27 PM org.ccnx.ccn.io.CCNOutputStream close
INFORMAÇÕES: CCNOutputStream close: /ccnx.org/test/CCNNetworkTestRepo-15-01-15-18.17.24/content_-7499406587867137679/=FD054B82E678B4
Jan 15, 2015 6:17:27 PM org.ccnx.ccn.io.content.CCNNetworkObject createFlowController
INFORMAÇÕES: Created LOCALREPOSITORY flow controller, for prefix /ccnx.org/test/CCNNetworkTestRepo-15-01-15-18.17.24/content_-7499406587867137679, save type LOCALREPOSITORY
Jan 15, 2015 6:17:27 PM org.ccnx.ccn.impl.CCNFlowControl addNameSpace
INFORMAÇÕES: Flow controller addNameSpace: added namespace: /ccnx.org/test/CCNNetworkTestRepo-15-01-15-18.17.24/content_-7499406587867137679
Jan 15, 2015 6:17:27 PM org.ccnx.ccn.impl.security.keys.BasicKeyManager getKeyLocator
INFORMAÇÕES: getKeyLocator: returning locator NAME: /ccnx.org/Users/root/Keys/%C1.M.K=009234ADEC47D19E3E6A2AF362D44E09AB6B71F43B1900BA0622FB45F2A5B7D9F6/=FD054AE7DE1000 KEY:-reba89rgbj1o6ata34t5eovcl4kho5s9pnv8nstq15q1ld4g9ga for key kjSt7EfRnj5qKvNi1E4Jq2tx9DsZALoGIvtF8qW32fY=
Jan 15, 2015 6:17:27 PM org.ccnx.ccn.io.CCNAbstractOutputStream <init>
INFORMAÇÕES: CCNAbstractOutputStream: /ccnx.org/test/CCNNetworkTestRepo-15-01-15-18.17.24/content_-7499406587867137679/=FD054B82E67A56 blocksize is 4096
Jan 15, 2015 6:17:27 PM org.ccnx.ccn.io.CCNAbstractOutputStream startWrite
INFORMAÇÕES: CCNAbstractOutputStream: startWrite -- searching for keys.
Jan 15, 2015 6:17:27 PM org.ccnx.ccn.profiles.security.access.AccessControlManager keysForOutput
INFORMAÇÕES: keysForOutput: found an acm: (null)
Jan 15, 2015 6:17:27 PM org.ccnx.ccn.impl.repo.RepositoryFlowControl startWrite
INFORMAÇÕES: RepositoryFlowControl.startWrite called for name /ccnx.org/test/CCNNetworkTestRepo-15-01-15-18.17.24/content_-7499406587867137679/=FD054B82E67A56, shape STREAM
Jan 15, 2015 6:17:27 PM org.ccnx.ccn.impl.repo.RepositoryFlowControl handleContent
INFORMAÇÕES: handleContent: got potential repo message: /ccnx.org/test/CCNNetworkTestRepo-15-01-15-18.17.24/content_-7499406587867137679/=FD054B82E67A56/%C1.R.sw/%C1.N=00DFD908F298D27AF9
Jan 15, 2015 6:17:27 PM org.ccnx.ccn.io.CCNOutputStream flushToNetwork
INFORMAÇÕES: flush: outputting to the segmenter, baseName /ccnx.org/test/CCNNetworkTestRepo-15-01-15-18.17.24/content_-7499406587867137679/=FD054B82E67A56 basenameindex =00; 16 bytes written, holding back 16 flushing final blocks? false.
Jan 15, 2015 6:17:27 PM org.ccnx.ccn.io.CCNOutputStream flushToNetwork
INFORMAÇÕES: HEADER: CCNOutputStream: flushToNetwork: new _baseNameIndex 0
Jan 15, 2015 6:17:27 PM org.ccnx.ccn.io.CCNOutputStream flushToNetwork
INFORMAÇÕES: flush: outputting to the segmenter, baseName /ccnx.org/test/CCNNetworkTestRepo-15-01-15-18.17.24/content_-7499406587867137679/=FD054B82E67A56 basenameindex =00; 16 bytes written, holding back 0 flushing final blocks? true.
Jan 15, 2015 6:17:27 PM org.ccnx.ccn.io.CCNOutputStream flushToNetwork
INFORMAÇÕES: HEADER: CCNOutputStream: flushToNetwork: new _baseNameIndex 1
Jan 15, 2015 6:17:27 PM org.ccnx.ccn.io.CCNOutputStream close
INFORMAÇÕES: CCNOutputStream close: /ccnx.org/test/CCNNetworkTestRepo-15-01-15-18.17.24/content_-7499406587867137679/=FD054B82E67A56
Jan 15, 2015 6:17:27 PM org.ccnx.ccn.io.content.CCNNetworkObject createFlowController
INFORMAÇÕES: Created LOCALREPOSITORY flow controller, for prefix /ccnx.org/test/CCNNetworkTestRepo-15-01-15-18.17.24/content_-7499406587867137679, save type LOCALREPOSITORY
Jan 15, 2015 6:17:27 PM org.ccnx.ccn.impl.CCNFlowControl addNameSpace
INFORMAÇÕES: Flow controller addNameSpace: added namespace: /ccnx.org/test/CCNNetworkTestRepo-15-01-15-18.17.24/content_-7499406587867137679
Jan 15, 2015 6:17:27 PM org.ccnx.ccn.impl.security.keys.BasicKeyManager getKeyLocator
INFORMAÇÕES: getKeyLocator: returning locator NAME: /ccnx.org/Users/root/Keys/%C1.M.K=009234ADEC47D19E3E6A2AF362D44E09AB6B71F43B1900BA0622FB45F2A5B7D9F6/=FD054AE7DE1000 KEY:-reba89rgbj1o6ata34t5eovcl4kho5s9pnv8nstq15q1ld4g9ga for key kjSt7EfRnj5qKvNi1E4Jq2tx9DsZALoGIvtF8qW32fY=
Jan 15, 2015 6:17:27 PM org.ccnx.ccn.io.CCNAbstractOutputStream <init>
INFORMAÇÕES: CCNAbstractOutputStream: /ccnx.org/test/CCNNetworkTestRepo-15-01-15-18.17.24/content_-7499406587867137679/=FD054B82E67BEC blocksize is 4096
Jan 15, 2015 6:17:27 PM org.ccnx.ccn.io.CCNAbstractOutputStream startWrite
INFORMAÇÕES: CCNAbstractOutputStream: startWrite -- searching for keys.
Jan 15, 2015 6:17:27 PM org.ccnx.ccn.profiles.security.access.AccessControlManager keysForOutput
INFORMAÇÕES: keysForOutput: found an acm: (null)
Jan 15, 2015 6:17:27 PM org.ccnx.ccn.impl.repo.RepositoryFlowControl startWrite
INFORMAÇÕES: RepositoryFlowControl.startWrite called for name /ccnx.org/test/CCNNetworkTestRepo-15-01-15-18.17.24/content_-7499406587867137679/=FD054B82E67BEC, shape STREAM
Jan 15, 2015 6:17:27 PM org.ccnx.ccn.impl.repo.RepositoryFlowControl handleContent
INFORMAÇÕES: handleContent: got potential repo message: /ccnx.org/test/CCNNetworkTestRepo-15-01-15-18.17.24/content_-7499406587867137679/=FD054B82E67BEC/%C1.R.sw/%C1.N=002A3CE630C581B6C9
Jan 15, 2015 6:17:27 PM org.ccnx.ccn.io.CCNOutputStream flushToNetwork
INFORMAÇÕES: flush: outputting to the segmenter, baseName /ccnx.org/test/CCNNetworkTestRepo-15-01-15-18.17.24/content_-7499406587867137679/=FD054B82E67BEC basenameindex =00; 16 bytes written, holding back 16 flushing final blocks? false.
Jan 15, 2015 6:17:27 PM org.ccnx.ccn.io.CCNOutputStream flushToNetwork
INFORMAÇÕES: HEADER: CCNOutputStream: flushToNetwork: new _baseNameIndex 0
Jan 15, 2015 6:17:27 PM org.ccnx.ccn.io.CCNOutputStream flushToNetwork
INFORMAÇÕES: flush: outputting to the segmenter, baseName /ccnx.org/test/CCNNetworkTestRepo-15-01-15-18.17.24/content_-7499406587867137679/=FD054B82E67BEC basenameindex =00; 16 bytes written, holding back 0 flushing final blocks? true.
Jan 15, 2015 6:17:27 PM org.ccnx.ccn.io.CCNOutputStream flushToNetwork
INFORMAÇÕES: HEADER: CCNOutputStream: flushToNetwork: new _baseNameIndex 1
Jan 15, 2015 6:17:27 PM org.ccnx.ccn.io.CCNOutputStream close
INFORMAÇÕES: CCNOutputStream close: /ccnx.org/test/CCNNetworkTestRepo-15-01-15-18.17.24/content_-7499406587867137679/=FD054B82E67BEC
Jan 15, 2015 6:17:27 PM org.ccnx.ccn.io.content.CCNNetworkObject createFlowController
INFORMAÇÕES: Created LOCALREPOSITORY flow controller, for prefix /ccnx.org/test/CCNNetworkTestRepo-15-01-15-18.17.24/content_-7499406587867137679, save type LOCALREPOSITORY
Jan 15, 2015 6:17:27 PM org.ccnx.ccn.impl.CCNFlowControl addNameSpace
INFORMAÇÕES: Flow controller addNameSpace: added namespace: /ccnx.org/test/CCNNetworkTestRepo-15-01-15-18.17.24/content_-7499406587867137679
Jan 15, 2015 6:17:27 PM org.ccnx.ccn.impl.security.keys.BasicKeyManager getKeyLocator
INFORMAÇÕES: getKeyLocator: returning locator NAME: /ccnx.org/Users/root/Keys/%C1.M.K=009234ADEC47D19E3E6A2AF362D44E09AB6B71F43B1900BA0622FB45F2A5B7D9F6/=FD054AE7DE1000 KEY:-reba89rgbj1o6ata34t5eovcl4kho5s9pnv8nstq15q1ld4g9ga for key kjSt7EfRnj5qKvNi1E4Jq2tx9DsZALoGIvtF8qW32fY=
Jan 15, 2015 6:17:27 PM org.ccnx.ccn.io.CCNAbstractOutputStream <init>
INFORMAÇÕES: CCNAbstractOutputStream: /ccnx.org/test/CCNNetworkTestRepo-15-01-15-18.17.24/content_-7499406587867137679/=FD054B82E67D89 blocksize is 4096
Jan 15, 2015 6:17:27 PM org.ccnx.ccn.io.CCNAbstractOutputStream startWrite
INFORMAÇÕES: CCNAbstractOutputStream: startWrite -- searching for keys.
Jan 15, 2015 6:17:27 PM org.ccnx.ccn.profiles.security.access.AccessControlManager keysForOutput
INFORMAÇÕES: keysForOutput: found an acm: (null)
Jan 15, 2015 6:17:27 PM org.ccnx.ccn.impl.repo.RepositoryFlowControl startWrite
INFORMAÇÕES: RepositoryFlowControl.startWrite called for name /ccnx.org/test/CCNNetworkTestRepo-15-01-15-18.17.24/content_-7499406587867137679/=FD054B82E67D89, shape STREAM
Jan 15, 2015 6:17:27 PM org.ccnx.ccn.impl.repo.RepositoryFlowControl handleContent
INFORMAÇÕES: handleContent: got potential repo message: /ccnx.org/test/CCNNetworkTestRepo-15-01-15-18.17.24/content_-7499406587867137679/=FD054B82E67D89/%C1.R.sw/%C1.N=00C85C602C4E29D330
Jan 15, 2015 6:17:27 PM org.ccnx.ccn.io.CCNOutputStream flushToNetwork
INFORMAÇÕES: flush: outputting to the segmenter, baseName /ccnx.org/test/CCNNetworkTestRepo-15-01-15-18.17.24/content_-7499406587867137679/=FD054B82E67D89 basenameindex =00; 16 bytes written, holding back 16 flushing final blocks? false.
Jan 15, 2015 6:17:27 PM org.ccnx.ccn.io.CCNOutputStream flushToNetwork
INFORMAÇÕES: HEADER: CCNOutputStream: flushToNetwork: new _baseNameIndex 0
Jan 15, 2015 6:17:27 PM org.ccnx.ccn.io.CCNOutputStream flushToNetwork
INFORMAÇÕES: flush: outputting to the segmenter, baseName /ccnx.org/test/CCNNetworkTestRepo-15-01-15-18.17.24/content_-7499406587867137679/=FD054B82E67D89 basenameindex =00; 16 bytes written, holding back 0 flushing final blocks? true.
Jan 15, 2015 6:17:27 PM org.ccnx.ccn.io.CCNOutputStream flushToNetwork
INFORMAÇÕES: HEADER: CCNOutputStream: flushToNetwork: new _baseNameIndex 1
Jan 15, 2015 6:17:27 PM org.ccnx.ccn.io.CCNOutputStream close
INFORMAÇÕES: CCNOutputStream close: /ccnx.org/test/CCNNetworkTestRepo-15-01-15-18.17.24/content_-7499406587867137679/=FD054B82E67D89
Jan 15, 2015 6:17:27 PM org.ccnx.ccn.io.content.CCNNetworkObject createFlowController
INFORMAÇÕES: Created LOCALREPOSITORY flow controller, for prefix /ccnx.org/test/CCNNetworkTestRepo-15-01-15-18.17.24/content_-7499406587867137679, save type LOCALREPOSITORY
Jan 15, 2015 6:17:27 PM org.ccnx.ccn.impl.CCNFlowControl addNameSpace
INFORMAÇÕES: Flow controller addNameSpace: added namespace: /ccnx.org/test/CCNNetworkTestRepo-15-01-15-18.17.24/content_-7499406587867137679
Jan 15, 2015 6:17:27 PM org.ccnx.ccn.impl.security.keys.BasicKeyManager getKeyLocator
INFORMAÇÕES: getKeyLocator: returning locator NAME: /ccnx.org/Users/root/Keys/%C1.M.K=009234ADEC47D19E3E6A2AF362D44E09AB6B71F43B1900BA0622FB45F2A5B7D9F6/=FD054AE7DE1000 KEY:-reba89rgbj1o6ata34t5eovcl4kho5s9pnv8nstq15q1ld4g9ga for key kjSt7EfRnj5qKvNi1E4Jq2tx9DsZALoGIvtF8qW32fY=
Jan 15, 2015 6:17:28 PM org.ccnx.ccn.io.CCNAbstractOutputStream <init>
INFORMAÇÕES: CCNAbstractOutputStream: /ccnx.org/test/CCNNetworkTestRepo-15-01-15-18.17.24/content_-7499406587867137679/=FD054B82E67F2F blocksize is 4096
Jan 15, 2015 6:17:28 PM org.ccnx.ccn.io.CCNAbstractOutputStream startWrite
INFORMAÇÕES: CCNAbstractOutputStream: startWrite -- searching for keys.
Jan 15, 2015 6:17:28 PM org.ccnx.ccn.profiles.security.access.AccessControlManager keysForOutput
INFORMAÇÕES: keysForOutput: found an acm: (null)
Jan 15, 2015 6:17:28 PM org.ccnx.ccn.impl.repo.RepositoryFlowControl startWrite
INFORMAÇÕES: RepositoryFlowControl.startWrite called for name /ccnx.org/test/CCNNetworkTestRepo-15-01-15-18.17.24/content_-7499406587867137679/=FD054B82E67F2F, shape STREAM
Jan 15, 2015 6:17:28 PM org.ccnx.ccn.impl.repo.RepositoryFlowControl handleContent
INFORMAÇÕES: handleContent: got potential repo message: /ccnx.org/test/CCNNetworkTestRepo-15-01-15-18.17.24/content_-7499406587867137679/=FD054B82E67F2F/%C1.R.sw/%C1.N=002A64533DFF88738A
Jan 15, 2015 6:17:28 PM org.ccnx.ccn.io.CCNOutputStream flushToNetwork
INFORMAÇÕES: flush: outputting to the segmenter, baseName /ccnx.org/test/CCNNetworkTestRepo-15-01-15-18.17.24/content_-7499406587867137679/=FD054B82E67F2F basenameindex =00; 16 bytes written, holding back 16 flushing final blocks? false.
Jan 15, 2015 6:17:28 PM org.ccnx.ccn.io.CCNOutputStream flushToNetwork
INFORMAÇÕES: HEADER: CCNOutputStream: flushToNetwork: new _baseNameIndex 0
Jan 15, 2015 6:17:28 PM org.ccnx.ccn.io.CCNOutputStream flushToNetwork
INFORMAÇÕES: flush: outputting to the segmenter, baseName /ccnx.org/test/CCNNetworkTestRepo-15-01-15-18.17.24/content_-7499406587867137679/=FD054B82E67F2F basenameindex =00; 16 bytes written, holding back 0 flushing final blocks? true.
Jan 15, 2015 6:17:28 PM org.ccnx.ccn.io.CCNOutputStream flushToNetwork
INFORMAÇÕES: HEADER: CCNOutputStream: flushToNetwork: new _baseNameIndex 1
Jan 15, 2015 6:17:28 PM org.ccnx.ccn.io.CCNOutputStream close
INFORMAÇÕES: CCNOutputStream close: /ccnx.org/test/CCNNetworkTestRepo-15-01-15-18.17.24/content_-7499406587867137679/=FD054B82E67F2F
Jan 15, 2015 6:17:28 PM org.ccnx.ccn.io.content.CCNNetworkObject createFlowController
INFORMAÇÕES: Created LOCALREPOSITORY flow controller, for prefix /ccnx.org/test/CCNNetworkTestRepo-15-01-15-18.17.24/content_-7499406587867137679, save type LOCALREPOSITORY
Jan 15, 2015 6:17:28 PM org.ccnx.ccn.impl.CCNFlowControl addNameSpace
INFORMAÇÕES: Flow controller addNameSpace: added namespace: /ccnx.org/test/CCNNetworkTestRepo-15-01-15-18.17.24/content_-7499406587867137679
Jan 15, 2015 6:17:28 PM org.ccnx.ccn.impl.security.keys.BasicKeyManager getKeyLocator
INFORMAÇÕES: getKeyLocator: returning locator NAME: /ccnx.org/Users/root/Keys/%C1.M.K=009234ADEC47D19E3E6A2AF362D44E09AB6B71F43B1900BA0622FB45F2A5B7D9F6/=FD054AE7DE1000 KEY:-reba89rgbj1o6ata34t5eovcl4kho5s9pnv8nstq15q1ld4g9ga for key kjSt7EfRnj5qKvNi1E4Jq2tx9DsZALoGIvtF8qW32fY=
Jan 15, 2015 6:17:28 PM org.ccnx.ccn.io.CCNAbstractOutputStream <init>
INFORMAÇÕES: CCNAbstractOutputStream: /ccnx.org/test/CCNNetworkTestRepo-15-01-15-18.17.24/content_-7499406587867137679/=FD054B82E680E5 blocksize is 4096
Jan 15, 2015 6:17:28 PM org.ccnx.ccn.io.CCNAbstractOutputStream startWrite
INFORMAÇÕES: CCNAbstractOutputStream: startWrite -- searching for keys.
Jan 15, 2015 6:17:28 PM org.ccnx.ccn.profiles.security.access.AccessControlManager keysForOutput
INFORMAÇÕES: keysForOutput: found an acm: (null)
Jan 15, 2015 6:17:28 PM org.ccnx.ccn.impl.repo.RepositoryFlowControl startWrite
INFORMAÇÕES: RepositoryFlowControl.startWrite called for name /ccnx.org/test/CCNNetworkTestRepo-15-01-15-18.17.24/content_-7499406587867137679/=FD054B82E680E5, shape STREAM
Jan 15, 2015 6:17:28 PM org.ccnx.ccn.impl.repo.RepositoryFlowControl handleContent
INFORMAÇÕES: handleContent: got potential repo message: /ccnx.org/test/CCNNetworkTestRepo-15-01-15-18.17.24/content_-7499406587867137679/=FD054B82E680E5/%C1.R.sw/%C1.N=00A691A4A1E4BCBE16
Jan 15, 2015 6:17:28 PM org.ccnx.ccn.io.CCNOutputStream flushToNetwork
INFORMAÇÕES: flush: outputting to the segmenter, baseName /ccnx.org/test/CCNNetworkTestRepo-15-01-15-18.17.24/content_-7499406587867137679/=FD054B82E680E5 basenameindex =00; 16 bytes written, holding back 16 flushing final blocks? false.
Jan 15, 2015 6:17:28 PM org.ccnx.ccn.io.CCNOutputStream flushToNetwork
INFORMAÇÕES: HEADER: CCNOutputStream: flushToNetwork: new _baseNameIndex 0
Jan 15, 2015 6:17:28 PM org.ccnx.ccn.io.CCNOutputStream flushToNetwork
INFORMAÇÕES: flush: outputting to the segmenter, baseName /ccnx.org/test/CCNNetworkTestRepo-15-01-15-18.17.24/content_-7499406587867137679/=FD054B82E680E5 basenameindex =00; 16 bytes written, holding back 0 flushing final blocks? true.
Jan 15, 2015 6:17:28 PM org.ccnx.ccn.io.CCNOutputStream flushToNetwork
INFORMAÇÕES: HEADER: CCNOutputStream: flushToNetwork: new _baseNameIndex 1
Jan 15, 2015 6:17:28 PM org.ccnx.ccn.io.CCNOutputStream close
INFORMAÇÕES: CCNOutputStream close: /ccnx.org/test/CCNNetworkTestRepo-15-01-15-18.17.24/content_-7499406587867137679/=FD054B82E680E5
Jan 15, 2015 6:17:28 PM org.ccnx.ccn.io.content.CCNNetworkObject createFlowController
INFORMAÇÕES: Created LOCALREPOSITORY flow controller, for prefix /ccnx.org/test/CCNNetworkTestRepo-15-01-15-18.17.24/content_-7499406587867137679, save type LOCALREPOSITORY
Jan 15, 2015 6:17:28 PM org.ccnx.ccn.impl.CCNFlowControl addNameSpace
INFORMAÇÕES: Flow controller addNameSpace: added namespace: /ccnx.org/test/CCNNetworkTestRepo-15-01-15-18.17.24/content_-7499406587867137679
Jan 15, 2015 6:17:28 PM org.ccnx.ccn.impl.security.keys.BasicKeyManager getKeyLocator
INFORMAÇÕES: getKeyLocator: returning locator NAME: /ccnx.org/Users/root/Keys/%C1.M.K=009234ADEC47D19E3E6A2AF362D44E09AB6B71F43B1900BA0622FB45F2A5B7D9F6/=FD054AE7DE1000 KEY:-reba89rgbj1o6ata34t5eovcl4kho5s9pnv8nstq15q1ld4g9ga for key kjSt7EfRnj5qKvNi1E4Jq2tx9DsZALoGIvtF8qW32fY=
Jan 15, 2015 6:17:28 PM org.ccnx.ccn.io.CCNAbstractOutputStream <init>
INFORMAÇÕES: CCNAbstractOutputStream: /ccnx.org/test/CCNNetworkTestRepo-15-01-15-18.17.24/content_-7499406587867137679/=FD054B82E68283 blocksize is 4096
Jan 15, 2015 6:17:28 PM org.ccnx.ccn.io.CCNAbstractOutputStream startWrite
INFORMAÇÕES: CCNAbstractOutputStream: startWrite -- searching for keys.
Jan 15, 2015 6:17:28 PM org.ccnx.ccn.profiles.security.access.AccessControlManager keysForOutput
INFORMAÇÕES: keysForOutput: found an acm: (null)
Jan 15, 2015 6:17:28 PM org.ccnx.ccn.impl.repo.RepositoryFlowControl startWrite
INFORMAÇÕES: RepositoryFlowControl.startWrite called for name /ccnx.org/test/CCNNetworkTestRepo-15-01-15-18.17.24/content_-7499406587867137679/=FD054B82E68283, shape STREAM
Jan 15, 2015 6:17:28 PM org.ccnx.ccn.impl.repo.RepositoryFlowControl handleContent
INFORMAÇÕES: handleContent: got potential repo message: /ccnx.org/test/CCNNetworkTestRepo-15-01-15-18.17.24/content_-7499406587867137679/=FD054B82E68283/%C1.R.sw/%C1.N=0096E26B5E23A98D1E
Jan 15, 2015 6:17:28 PM org.ccnx.ccn.io.CCNOutputStream flushToNetwork
INFORMAÇÕES: flush: outputting to the segmenter, baseName /ccnx.org/test/CCNNetworkTestRepo-15-01-15-18.17.24/content_-7499406587867137679/=FD054B82E68283 basenameindex =00; 16 bytes written, holding back 16 flushing final blocks? false.
Jan 15, 2015 6:17:28 PM org.ccnx.ccn.io.CCNOutputStream flushToNetwork
INFORMAÇÕES: HEADER: CCNOutputStream: flushToNetwork: new _baseNameIndex 0
Jan 15, 2015 6:17:28 PM org.ccnx.ccn.io.CCNOutputStream flushToNetwork
INFORMAÇÕES: flush: outputting to the segmenter, baseName /ccnx.org/test/CCNNetworkTestRepo-15-01-15-18.17.24/content_-7499406587867137679/=FD054B82E68283 basenameindex =00; 16 bytes written, holding back 0 flushing final blocks? true.
Jan 15, 2015 6:17:28 PM org.ccnx.ccn.io.CCNOutputStream flushToNetwork
INFORMAÇÕES: HEADER: CCNOutputStream: flushToNetwork: new _baseNameIndex 1
Jan 15, 2015 6:17:28 PM org.ccnx.ccn.io.CCNOutputStream close
INFORMAÇÕES: CCNOutputStream close: /ccnx.org/test/CCNNetworkTestRepo-15-01-15-18.17.24/content_-7499406587867137679/=FD054B82E68283
Jan 15, 2015 6:17:28 PM org.ccnx.ccn.io.content.CCNNetworkObject createFlowController
INFORMAÇÕES: Created LOCALREPOSITORY flow controller, for prefix /ccnx.org/test/CCNNetworkTestRepo-15-01-15-18.17.24/content_-7499406587867137679, save type LOCALREPOSITORY
Jan 15, 2015 6:17:28 PM org.ccnx.ccn.impl.CCNFlowControl addNameSpace
INFORMAÇÕES: Flow controller addNameSpace: added namespace: /ccnx.org/test/CCNNetworkTestRepo-15-01-15-18.17.24/content_-7499406587867137679
Jan 15, 2015 6:17:28 PM org.ccnx.ccn.impl.security.keys.BasicKeyManager getKeyLocator
INFORMAÇÕES: getKeyLocator: returning locator NAME: /ccnx.org/Users/root/Keys/%C1.M.K=009234ADEC47D19E3E6A2AF362D44E09AB6B71F43B1900BA0622FB45F2A5B7D9F6/=FD054AE7DE1000 KEY:-reba89rgbj1o6ata34t5eovcl4kho5s9pnv8nstq15q1ld4g9ga for key kjSt7EfRnj5qKvNi1E4Jq2tx9DsZALoGIvtF8qW32fY=
Jan 15, 2015 6:17:28 PM org.ccnx.ccn.io.CCNAbstractOutputStream <init>
INFORMAÇÕES: CCNAbstractOutputStream: /ccnx.org/test/CCNNetworkTestRepo-15-01-15-18.17.24/content_-7499406587867137679/=FD054B82E68414 blocksize is 4096
Jan 15, 2015 6:17:28 PM org.ccnx.ccn.io.CCNAbstractOutputStream startWrite
INFORMAÇÕES: CCNAbstractOutputStream: startWrite -- searching for keys.
Jan 15, 2015 6:17:28 PM org.ccnx.ccn.profiles.security.access.AccessControlManager keysForOutput
INFORMAÇÕES: keysForOutput: found an acm: (null)
Jan 15, 2015 6:17:28 PM org.ccnx.ccn.impl.repo.RepositoryFlowControl startWrite
INFORMAÇÕES: RepositoryFlowControl.startWrite called for name /ccnx.org/test/CCNNetworkTestRepo-15-01-15-18.17.24/content_-7499406587867137679/=FD054B82E68414, shape STREAM
Jan 15, 2015 6:17:28 PM org.ccnx.ccn.impl.repo.RepositoryFlowControl handleContent
INFORMAÇÕES: handleContent: got potential repo message: /ccnx.org/test/CCNNetworkTestRepo-15-01-15-18.17.24/content_-7499406587867137679/=FD054B82E68414/%C1.R.sw/%C1.N=002BEA7C9AE4C0BEBA
Jan 15, 2015 6:17:28 PM org.ccnx.ccn.io.CCNOutputStream flushToNetwork
INFORMAÇÕES: flush: outputting to the segmenter, baseName /ccnx.org/test/CCNNetworkTestRepo-15-01-15-18.17.24/content_-7499406587867137679/=FD054B82E68414 basenameindex =00; 16 bytes written, holding back 16 flushing final blocks? false.
Jan 15, 2015 6:17:28 PM org.ccnx.ccn.io.CCNOutputStream flushToNetwork
INFORMAÇÕES: HEADER: CCNOutputStream: flushToNetwork: new _baseNameIndex 0
Jan 15, 2015 6:17:28 PM org.ccnx.ccn.io.CCNOutputStream flushToNetwork
INFORMAÇÕES: flush: outputting to the segmenter, baseName /ccnx.org/test/CCNNetworkTestRepo-15-01-15-18.17.24/content_-7499406587867137679/=FD054B82E68414 basenameindex =00; 16 bytes written, holding back 0 flushing final blocks? true.
Jan 15, 2015 6:17:28 PM org.ccnx.ccn.io.CCNOutputStream flushToNetwork
INFORMAÇÕES: HEADER: CCNOutputStream: flushToNetwork: new _baseNameIndex 1
Jan 15, 2015 6:17:28 PM org.ccnx.ccn.io.CCNOutputStream close
INFORMAÇÕES: CCNOutputStream close: /ccnx.org/test/CCNNetworkTestRepo-15-01-15-18.17.24/content_-7499406587867137679/=FD054B82E68414
Jan 15, 2015 6:17:28 PM org.ccnx.ccn.io.content.CCNNetworkObject createFlowController
INFORMAÇÕES: Created LOCALREPOSITORY flow controller, for prefix /ccnx.org/test/CCNNetworkTestRepo-15-01-15-18.17.24/content_-7499406587867137679, save type LOCALREPOSITORY
Jan 15, 2015 6:17:28 PM org.ccnx.ccn.impl.CCNFlowControl addNameSpace
INFORMAÇÕES: Flow controller addNameSpace: added namespace: /ccnx.org/test/CCNNetworkTestRepo-15-01-15-18.17.24/content_-7499406587867137679
Jan 15, 2015 6:17:28 PM org.ccnx.ccn.impl.security.keys.BasicKeyManager getKeyLocator
INFORMAÇÕES: getKeyLocator: returning locator NAME: /ccnx.org/Users/root/Keys/%C1.M.K=009234ADEC47D19E3E6A2AF362D44E09AB6B71F43B1900BA0622FB45F2A5B7D9F6/=FD054AE7DE1000 KEY:-reba89rgbj1o6ata34t5eovcl4kho5s9pnv8nstq15q1ld4g9ga for key kjSt7EfRnj5qKvNi1E4Jq2tx9DsZALoGIvtF8qW32fY=
Jan 15, 2015 6:17:28 PM org.ccnx.ccn.io.CCNAbstractOutputStream <init>
INFORMAÇÕES: CCNAbstractOutputStream: /ccnx.org/test/CCNNetworkTestRepo-15-01-15-18.17.24/content_-7499406587867137679/=FD054B82E685B6 blocksize is 4096
Jan 15, 2015 6:17:28 PM org.ccnx.ccn.io.CCNAbstractOutputStream startWrite
INFORMAÇÕES: CCNAbstractOutputStream: startWrite -- searching for keys.
Jan 15, 2015 6:17:28 PM org.ccnx.ccn.profiles.security.access.AccessControlManager keysForOutput
INFORMAÇÕES: keysForOutput: found an acm: (null)
Jan 15, 2015 6:17:28 PM org.ccnx.ccn.impl.repo.RepositoryFlowControl startWrite
INFORMAÇÕES: RepositoryFlowControl.startWrite called for name /ccnx.org/test/CCNNetworkTestRepo-15-01-15-18.17.24/content_-7499406587867137679/=FD054B82E685B6, shape STREAM
Jan 15, 2015 6:17:28 PM org.ccnx.ccn.impl.repo.RepositoryFlowControl handleContent
INFORMAÇÕES: handleContent: got potential repo message: /ccnx.org/test/CCNNetworkTestRepo-15-01-15-18.17.24/content_-7499406587867137679/=FD054B82E685B6/%C1.R.sw/%C1.N=0087B5C1973AD13320
Jan 15, 2015 6:17:28 PM org.ccnx.ccn.io.CCNOutputStream flushToNetwork
INFORMAÇÕES: flush: outputting to the segmenter, baseName /ccnx.org/test/CCNNetworkTestRepo-15-01-15-18.17.24/content_-7499406587867137679/=FD054B82E685B6 basenameindex =00; 16 bytes written, holding back 16 flushing final blocks? false.
Jan 15, 2015 6:17:28 PM org.ccnx.ccn.io.CCNOutputStream flushToNetwork
INFORMAÇÕES: HEADER: CCNOutputStream: flushToNetwork: new _baseNameIndex 0
Jan 15, 2015 6:17:28 PM org.ccnx.ccn.io.CCNOutputStream flushToNetwork
INFORMAÇÕES: flush: outputting to the segmenter, baseName /ccnx.org/test/CCNNetworkTestRepo-15-01-15-18.17.24/content_-7499406587867137679/=FD054B82E685B6 basenameindex =00; 16 bytes written, holding back 0 flushing final blocks? true.
Jan 15, 2015 6:17:28 PM org.ccnx.ccn.io.CCNOutputStream flushToNetwork
INFORMAÇÕES: HEADER: CCNOutputStream: flushToNetwork: new _baseNameIndex 1
Jan 15, 2015 6:17:28 PM org.ccnx.ccn.io.CCNOutputStream close
INFORMAÇÕES: CCNOutputStream close: /ccnx.org/test/CCNNetworkTestRepo-15-01-15-18.17.24/content_-7499406587867137679/=FD054B82E685B6
Jan 15, 2015 6:17:28 PM org.ccnx.ccn.io.content.CCNNetworkObject createFlowController
INFORMAÇÕES: Created LOCALREPOSITORY flow controller, for prefix /ccnx.org/test/CCNNetworkTestRepo-15-01-15-18.17.24/content_-7499406587867137679, save type LOCALREPOSITORY
Jan 15, 2015 6:17:28 PM org.ccnx.ccn.impl.CCNFlowControl addNameSpace
INFORMAÇÕES: Flow controller addNameSpace: added namespace: /ccnx.org/test/CCNNetworkTestRepo-15-01-15-18.17.24/content_-7499406587867137679
Jan 15, 2015 6:17:28 PM org.ccnx.ccn.impl.security.keys.BasicKeyManager getKeyLocator
INFORMAÇÕES: getKeyLocator: returning locator NAME: /ccnx.org/Users/root/Keys/%C1.M.K=009234ADEC47D19E3E6A2AF362D44E09AB6B71F43B1900BA0622FB45F2A5B7D9F6/=FD054AE7DE1000 KEY:-reba89rgbj1o6ata34t5eovcl4kho5s9pnv8nstq15q1ld4g9ga for key kjSt7EfRnj5qKvNi1E4Jq2tx9DsZALoGIvtF8qW32fY=
Jan 15, 2015 6:17:28 PM org.ccnx.ccn.io.CCNAbstractOutputStream <init>
INFORMAÇÕES: CCNAbstractOutputStream: /ccnx.org/test/CCNNetworkTestRepo-15-01-15-18.17.24/content_-7499406587867137679/=FD054B82E68758 blocksize is 4096
Jan 15, 2015 6:17:28 PM org.ccnx.ccn.io.CCNAbstractOutputStream startWrite
INFORMAÇÕES: CCNAbstractOutputStream: startWrite -- searching for keys.
Jan 15, 2015 6:17:28 PM org.ccnx.ccn.profiles.security.access.AccessControlManager keysForOutput
INFORMAÇÕES: keysForOutput: found an acm: (null)
Jan 15, 2015 6:17:28 PM org.ccnx.ccn.impl.repo.RepositoryFlowControl startWrite
INFORMAÇÕES: RepositoryFlowControl.startWrite called for name /ccnx.org/test/CCNNetworkTestRepo-15-01-15-18.17.24/content_-7499406587867137679/=FD054B82E68758, shape STREAM
Jan 15, 2015 6:17:28 PM org.ccnx.ccn.impl.repo.RepositoryFlowControl handleContent
INFORMAÇÕES: handleContent: got potential repo message: /ccnx.org/test/CCNNetworkTestRepo-15-01-15-18.17.24/content_-7499406587867137679/=FD054B82E68758/%C1.R.sw/%C1.N=00CD1617802927138B
Jan 15, 2015 6:17:28 PM org.ccnx.ccn.io.CCNOutputStream flushToNetwork
INFORMAÇÕES: flush: outputting to the segmenter, baseName /ccnx.org/test/CCNNetworkTestRepo-15-01-15-18.17.24/content_-7499406587867137679/=FD054B82E68758 basenameindex =00; 16 bytes written, holding back 16 flushing final blocks? false.
Jan 15, 2015 6:17:28 PM org.ccnx.ccn.io.CCNOutputStream flushToNetwork
INFORMAÇÕES: HEADER: CCNOutputStream: flushToNetwork: new _baseNameIndex 0
Jan 15, 2015 6:17:28 PM org.ccnx.ccn.io.CCNOutputStream flushToNetwork
INFORMAÇÕES: flush: outputting to the segmenter, baseName /ccnx.org/test/CCNNetworkTestRepo-15-01-15-18.17.24/content_-7499406587867137679/=FD054B82E68758 basenameindex =00; 16 bytes written, holding back 0 flushing final blocks? true.
Jan 15, 2015 6:17:28 PM org.ccnx.ccn.io.CCNOutputStream flushToNetwork
INFORMAÇÕES: HEADER: CCNOutputStream: flushToNetwork: new _baseNameIndex 1
Jan 15, 2015 6:17:28 PM org.ccnx.ccn.io.CCNOutputStream close
INFORMAÇÕES: CCNOutputStream close: /ccnx.org/test/CCNNetworkTestRepo-15-01-15-18.17.24/content_-7499406587867137679/=FD054B82E68758
Jan 15, 2015 6:17:28 PM org.ccnx.ccn.io.content.CCNNetworkObject createFlowController
INFORMAÇÕES: Created LOCALREPOSITORY flow controller, for prefix /ccnx.org/test/CCNNetworkTestRepo-15-01-15-18.17.24/content_-7499406587867137679, save type LOCALREPOSITORY
Jan 15, 2015 6:17:28 PM org.ccnx.ccn.impl.CCNFlowControl addNameSpace
INFORMAÇÕES: Flow controller addNameSpace: added namespace: /ccnx.org/test/CCNNetworkTestRepo-15-01-15-18.17.24/content_-7499406587867137679
Jan 15, 2015 6:17:28 PM org.ccnx.ccn.impl.security.keys.BasicKeyManager getKeyLocator
INFORMAÇÕES: getKeyLocator: returning locator NAME: /ccnx.org/Users/root/Keys/%C1.M.K=009234ADEC47D19E3E6A2AF362D44E09AB6B71F43B1900BA0622FB45F2A5B7D9F6/=FD054AE7DE1000 KEY:-reba89rgbj1o6ata34t5eovcl4kho5s9pnv8nstq15q1ld4g9ga for key kjSt7EfRnj5qKvNi1E4Jq2tx9DsZALoGIvtF8qW32fY=
Jan 15, 2015 6:17:28 PM org.ccnx.ccn.io.CCNAbstractOutputStream <init>
INFORMAÇÕES: CCNAbstractOutputStream: /ccnx.org/test/CCNNetworkTestRepo-15-01-15-18.17.24/content_-7499406587867137679/=FD054B82E688D1 blocksize is 4096
Jan 15, 2015 6:17:28 PM org.ccnx.ccn.io.CCNAbstractOutputStream startWrite
INFORMAÇÕES: CCNAbstractOutputStream: startWrite -- searching for keys.
Jan 15, 2015 6:17:28 PM org.ccnx.ccn.profiles.security.access.AccessControlManager keysForOutput
INFORMAÇÕES: keysForOutput: found an acm: (null)
Jan 15, 2015 6:17:28 PM org.ccnx.ccn.impl.repo.RepositoryFlowControl startWrite
INFORMAÇÕES: RepositoryFlowControl.startWrite called for name /ccnx.org/test/CCNNetworkTestRepo-15-01-15-18.17.24/content_-7499406587867137679/=FD054B82E688D1, shape STREAM
Jan 15, 2015 6:17:28 PM org.ccnx.ccn.impl.repo.RepositoryFlowControl handleContent
INFORMAÇÕES: handleContent: got potential repo message: /ccnx.org/test/CCNNetworkTestRepo-15-01-15-18.17.24/content_-7499406587867137679/=FD054B82E688D1/%C1.R.sw/%C1.N%00Oc=22263060987E
Jan 15, 2015 6:17:28 PM org.ccnx.ccn.io.CCNOutputStream flushToNetwork
INFORMAÇÕES: flush: outputting to the segmenter, baseName /ccnx.org/test/CCNNetworkTestRepo-15-01-15-18.17.24/content_-7499406587867137679/=FD054B82E688D1 basenameindex =00; 16 bytes written, holding back 16 flushing final blocks? false.
Jan 15, 2015 6:17:28 PM org.ccnx.ccn.io.CCNOutputStream flushToNetwork
INFORMAÇÕES: HEADER: CCNOutputStream: flushToNetwork: new _baseNameIndex 0
Jan 15, 2015 6:17:28 PM org.ccnx.ccn.io.CCNOutputStream flushToNetwork
INFORMAÇÕES: flush: outputting to the segmenter, baseName /ccnx.org/test/CCNNetworkTestRepo-15-01-15-18.17.24/content_-7499406587867137679/=FD054B82E688D1 basenameindex =00; 16 bytes written, holding back 0 flushing final blocks? true.
Jan 15, 2015 6:17:28 PM org.ccnx.ccn.io.CCNOutputStream flushToNetwork
INFORMAÇÕES: HEADER: CCNOutputStream: flushToNetwork: new _baseNameIndex 1
Jan 15, 2015 6:17:28 PM org.ccnx.ccn.io.CCNOutputStream close
INFORMAÇÕES: CCNOutputStream close: /ccnx.org/test/CCNNetworkTestRepo-15-01-15-18.17.24/content_-7499406587867137679/=FD054B82E688D1
Jan 15, 2015 6:17:28 PM org.ccnx.ccn.io.content.CCNNetworkObject createFlowController
INFORMAÇÕES: Created LOCALREPOSITORY flow controller, for prefix /ccnx.org/test/CCNNetworkTestRepo-15-01-15-18.17.24/content_-7499406587867137679, save type LOCALREPOSITORY
Jan 15, 2015 6:17:28 PM org.ccnx.ccn.impl.CCNFlowControl addNameSpace
INFORMAÇÕES: Flow controller addNameSpace: added namespace: /ccnx.org/test/CCNNetworkTestRepo-15-01-15-18.17.24/content_-7499406587867137679
Jan 15, 2015 6:17:28 PM org.ccnx.ccn.impl.security.keys.BasicKeyManager getKeyLocator
INFORMAÇÕES: getKeyLocator: returning locator NAME: /ccnx.org/Users/root/Keys/%C1.M.K=009234ADEC47D19E3E6A2AF362D44E09AB6B71F43B1900BA0622FB45F2A5B7D9F6/=FD054AE7DE1000 KEY:-reba89rgbj1o6ata34t5eovcl4kho5s9pnv8nstq15q1ld4g9ga for key kjSt7EfRnj5qKvNi1E4Jq2tx9DsZALoGIvtF8qW32fY=
Jan 15, 2015 6:17:28 PM org.ccnx.ccn.io.CCNAbstractOutputStream <init>
INFORMAÇÕES: CCNAbstractOutputStream: /ccnx.org/test/CCNNetworkTestRepo-15-01-15-18.17.24/content_-7499406587867137679/=FD054B82E68A46 blocksize is 4096
Jan 15, 2015 6:17:28 PM org.ccnx.ccn.io.CCNAbstractOutputStream startWrite
INFORMAÇÕES: CCNAbstractOutputStream: startWrite -- searching for keys.
Jan 15, 2015 6:17:28 PM org.ccnx.ccn.profiles.security.access.AccessControlManager keysForOutput
INFORMAÇÕES: keysForOutput: found an acm: (null)
Jan 15, 2015 6:17:28 PM org.ccnx.ccn.impl.repo.RepositoryFlowControl startWrite
INFORMAÇÕES: RepositoryFlowControl.startWrite called for name /ccnx.org/test/CCNNetworkTestRepo-15-01-15-18.17.24/content_-7499406587867137679/=FD054B82E68A46, shape STREAM
Jan 15, 2015 6:17:28 PM org.ccnx.ccn.impl.repo.RepositoryFlowControl handleContent
INFORMAÇÕES: handleContent: got potential repo message: /ccnx.org/test/CCNNetworkTestRepo-15-01-15-18.17.24/content_-7499406587867137679/=FD054B82E68A46/%C1.R.sw/%C1.N=00FFE3D5DE0D87DB97
Jan 15, 2015 6:17:28 PM org.ccnx.ccn.io.CCNOutputStream flushToNetwork
INFORMAÇÕES: flush: outputting to the segmenter, baseName /ccnx.org/test/CCNNetworkTestRepo-15-01-15-18.17.24/content_-7499406587867137679/=FD054B82E68A46 basenameindex =00; 16 bytes written, holding back 16 flushing final blocks? false.
Jan 15, 2015 6:17:28 PM org.ccnx.ccn.io.CCNOutputStream flushToNetwork
INFORMAÇÕES: HEADER: CCNOutputStream: flushToNetwork: new _baseNameIndex 0
Jan 15, 2015 6:17:28 PM org.ccnx.ccn.io.CCNOutputStream flushToNetwork
INFORMAÇÕES: flush: outputting to the segmenter, baseName /ccnx.org/test/CCNNetworkTestRepo-15-01-15-18.17.24/content_-7499406587867137679/=FD054B82E68A46 basenameindex =00; 16 bytes written, holding back 0 flushing final blocks? true.
Jan 15, 2015 6:17:28 PM org.ccnx.ccn.io.CCNOutputStream flushToNetwork
INFORMAÇÕES: HEADER: CCNOutputStream: flushToNetwork: new _baseNameIndex 1
Jan 15, 2015 6:17:28 PM org.ccnx.ccn.io.CCNOutputStream close
INFORMAÇÕES: CCNOutputStream close: /ccnx.org/test/CCNNetworkTestRepo-15-01-15-18.17.24/content_-7499406587867137679/=FD054B82E68A46
Jan 15, 2015 6:17:28 PM org.ccnx.ccn.io.content.CCNNetworkObject createFlowController
INFORMAÇÕES: Created LOCALREPOSITORY flow controller, for prefix /ccnx.org/test/CCNNetworkTestRepo-15-01-15-18.17.24/content_-7499406587867137679, save type LOCALREPOSITORY
Jan 15, 2015 6:17:28 PM org.ccnx.ccn.impl.CCNFlowControl addNameSpace
INFORMAÇÕES: Flow controller addNameSpace: added namespace: /ccnx.org/test/CCNNetworkTestRepo-15-01-15-18.17.24/content_-7499406587867137679
Jan 15, 2015 6:17:28 PM org.ccnx.ccn.impl.security.keys.BasicKeyManager getKeyLocator
INFORMAÇÕES: getKeyLocator: returning locator NAME: /ccnx.org/Users/root/Keys/%C1.M.K=009234ADEC47D19E3E6A2AF362D44E09AB6B71F43B1900BA0622FB45F2A5B7D9F6/=FD054AE7DE1000 KEY:-reba89rgbj1o6ata34t5eovcl4kho5s9pnv8nstq15q1ld4g9ga for key kjSt7EfRnj5qKvNi1E4Jq2tx9DsZALoGIvtF8qW32fY=
Jan 15, 2015 6:17:28 PM org.ccnx.ccn.io.CCNAbstractOutputStream <init>
INFORMAÇÕES: CCNAbstractOutputStream: /ccnx.org/test/CCNNetworkTestRepo-15-01-15-18.17.24/content_-7499406587867137679/=FD054B82E68BC3 blocksize is 4096
Jan 15, 2015 6:17:28 PM org.ccnx.ccn.io.CCNAbstractOutputStream startWrite
INFORMAÇÕES: CCNAbstractOutputStream: startWrite -- searching for keys.
Jan 15, 2015 6:17:28 PM org.ccnx.ccn.profiles.security.access.AccessControlManager keysForOutput
INFORMAÇÕES: keysForOutput: found an acm: (null)
Jan 15, 2015 6:17:28 PM org.ccnx.ccn.impl.repo.RepositoryFlowControl startWrite
INFORMAÇÕES: RepositoryFlowControl.startWrite called for name /ccnx.org/test/CCNNetworkTestRepo-15-01-15-18.17.24/content_-7499406587867137679/=FD054B82E68BC3, shape STREAM
Jan 15, 2015 6:17:28 PM org.ccnx.ccn.impl.repo.RepositoryFlowControl handleContent
INFORMAÇÕES: handleContent: got potential repo message: /ccnx.org/test/CCNNetworkTestRepo-15-01-15-18.17.24/content_-7499406587867137679/=FD054B82E68BC3/%C1.R.sw/%C1.N=00CDBC73F1935AF74C
Jan 15, 2015 6:17:28 PM org.ccnx.ccn.io.CCNOutputStream flushToNetwork
INFORMAÇÕES: flush: outputting to the segmenter, baseName /ccnx.org/test/CCNNetworkTestRepo-15-01-15-18.17.24/content_-7499406587867137679/=FD054B82E68BC3 basenameindex =00; 16 bytes written, holding back 16 flushing final blocks? false.
Jan 15, 2015 6:17:28 PM org.ccnx.ccn.io.CCNOutputStream flushToNetwork
INFORMAÇÕES: HEADER: CCNOutputStream: flushToNetwork: new _baseNameIndex 0
Jan 15, 2015 6:17:28 PM org.ccnx.ccn.io.CCNOutputStream flushToNetwork
INFORMAÇÕES: flush: outputting to the segmenter, baseName /ccnx.org/test/CCNNetworkTestRepo-15-01-15-18.17.24/content_-7499406587867137679/=FD054B82E68BC3 basenameindex =00; 16 bytes written, holding back 0 flushing final blocks? true.
Jan 15, 2015 6:17:28 PM org.ccnx.ccn.io.CCNOutputStream flushToNetwork
INFORMAÇÕES: HEADER: CCNOutputStream: flushToNetwork: new _baseNameIndex 1
Jan 15, 2015 6:17:28 PM org.ccnx.ccn.io.CCNOutputStream close
INFORMAÇÕES: CCNOutputStream close: /ccnx.org/test/CCNNetworkTestRepo-15-01-15-18.17.24/content_-7499406587867137679/=FD054B82E68BC3
Jan 15, 2015 6:17:28 PM org.ccnx.ccn.io.content.CCNNetworkObject createFlowController
INFORMAÇÕES: Created LOCALREPOSITORY flow controller, for prefix /ccnx.org/test/CCNNetworkTestRepo-15-01-15-18.17.24/content_-7499406587867137679, save type LOCALREPOSITORY
Jan 15, 2015 6:17:28 PM org.ccnx.ccn.impl.CCNFlowControl addNameSpace
INFORMAÇÕES: Flow controller addNameSpace: added namespace: /ccnx.org/test/CCNNetworkTestRepo-15-01-15-18.17.24/content_-7499406587867137679
Jan 15, 2015 6:17:28 PM org.ccnx.ccn.impl.security.keys.BasicKeyManager getKeyLocator
INFORMAÇÕES: getKeyLocator: returning locator NAME: /ccnx.org/Users/root/Keys/%C1.M.K=009234ADEC47D19E3E6A2AF362D44E09AB6B71F43B1900BA0622FB45F2A5B7D9F6/=FD054AE7DE1000 KEY:-reba89rgbj1o6ata34t5eovcl4kho5s9pnv8nstq15q1ld4g9ga for key kjSt7EfRnj5qKvNi1E4Jq2tx9DsZALoGIvtF8qW32fY=
Jan 15, 2015 6:17:28 PM org.ccnx.ccn.io.CCNAbstractOutputStream <init>
INFORMAÇÕES: CCNAbstractOutputStream: /ccnx.org/test/CCNNetworkTestRepo-15-01-15-18.17.24/content_-7499406587867137679/=FD054B82E68D5C blocksize is 4096
Jan 15, 2015 6:17:28 PM org.ccnx.ccn.io.CCNAbstractOutputStream startWrite
INFORMAÇÕES: CCNAbstractOutputStream: startWrite -- searching for keys.
Jan 15, 2015 6:17:28 PM org.ccnx.ccn.profiles.security.access.AccessControlManager keysForOutput
INFORMAÇÕES: keysForOutput: found an acm: (null)
Jan 15, 2015 6:17:28 PM org.ccnx.ccn.impl.repo.RepositoryFlowControl startWrite
INFORMAÇÕES: RepositoryFlowControl.startWrite called for name /ccnx.org/test/CCNNetworkTestRepo-15-01-15-18.17.24/content_-7499406587867137679/=FD054B82E68D5C, shape STREAM
Jan 15, 2015 6:17:28 PM org.ccnx.ccn.impl.repo.RepositoryFlowControl handleContent
INFORMAÇÕES: handleContent: got potential repo message: /ccnx.org/test/CCNNetworkTestRepo-15-01-15-18.17.24/content_-7499406587867137679/=FD054B82E68D5C/%C1.R.sw/%C1.N=00A136F4A8C6D23CB4
Jan 15, 2015 6:17:28 PM org.ccnx.ccn.io.CCNOutputStream flushToNetwork
INFORMAÇÕES: flush: outputting to the segmenter, baseName /ccnx.org/test/CCNNetworkTestRepo-15-01-15-18.17.24/content_-7499406587867137679/=FD054B82E68D5C basenameindex =00; 16 bytes written, holding back 16 flushing final blocks? false.
Jan 15, 2015 6:17:28 PM org.ccnx.ccn.io.CCNOutputStream flushToNetwork
INFORMAÇÕES: HEADER: CCNOutputStream: flushToNetwork: new _baseNameIndex 0
Jan 15, 2015 6:17:28 PM org.ccnx.ccn.io.CCNOutputStream flushToNetwork
INFORMAÇÕES: flush: outputting to the segmenter, baseName /ccnx.org/test/CCNNetworkTestRepo-15-01-15-18.17.24/content_-7499406587867137679/=FD054B82E68D5C basenameindex =00; 16 bytes written, holding back 0 flushing final blocks? true.
Jan 15, 2015 6:17:28 PM org.ccnx.ccn.io.CCNOutputStream flushToNetwork
INFORMAÇÕES: HEADER: CCNOutputStream: flushToNetwork: new _baseNameIndex 1
Jan 15, 2015 6:17:28 PM org.ccnx.ccn.io.CCNOutputStream close
INFORMAÇÕES: CCNOutputStream close: /ccnx.org/test/CCNNetworkTestRepo-15-01-15-18.17.24/content_-7499406587867137679/=FD054B82E68D5C
Jan 15, 2015 6:17:28 PM org.ccnx.ccn.io.content.CCNNetworkObject createFlowController
INFORMAÇÕES: Created LOCALREPOSITORY flow controller, for prefix /ccnx.org/test/CCNNetworkTestRepo-15-01-15-18.17.24/content_-7499406587867137679, save type LOCALREPOSITORY
Jan 15, 2015 6:17:28 PM org.ccnx.ccn.impl.CCNFlowControl addNameSpace
INFORMAÇÕES: Flow controller addNameSpace: added namespace: /ccnx.org/test/CCNNetworkTestRepo-15-01-15-18.17.24/content_-7499406587867137679
Jan 15, 2015 6:17:28 PM org.ccnx.ccn.impl.security.keys.BasicKeyManager getKeyLocator
INFORMAÇÕES: getKeyLocator: returning locator NAME: /ccnx.org/Users/root/Keys/%C1.M.K=009234ADEC47D19E3E6A2AF362D44E09AB6B71F43B1900BA0622FB45F2A5B7D9F6/=FD054AE7DE1000 KEY:-reba89rgbj1o6ata34t5eovcl4kho5s9pnv8nstq15q1ld4g9ga for key kjSt7EfRnj5qKvNi1E4Jq2tx9DsZALoGIvtF8qW32fY=
Jan 15, 2015 6:17:28 PM org.ccnx.ccn.io.CCNAbstractOutputStream <init>
INFORMAÇÕES: CCNAbstractOutputStream: /ccnx.org/test/CCNNetworkTestRepo-15-01-15-18.17.24/content_-7499406587867137679/=FD054B82E68EE5 blocksize is 4096
Jan 15, 2015 6:17:28 PM org.ccnx.ccn.io.CCNAbstractOutputStream startWrite
INFORMAÇÕES: CCNAbstractOutputStream: startWrite -- searching for keys.
Jan 15, 2015 6:17:28 PM org.ccnx.ccn.profiles.security.access.AccessControlManager keysForOutput
INFORMAÇÕES: keysForOutput: found an acm: (null)
Jan 15, 2015 6:17:28 PM org.ccnx.ccn.impl.repo.RepositoryFlowControl startWrite
INFORMAÇÕES: RepositoryFlowControl.startWrite called for name /ccnx.org/test/CCNNetworkTestRepo-15-01-15-18.17.24/content_-7499406587867137679/=FD054B82E68EE5, shape STREAM
Jan 15, 2015 6:17:28 PM org.ccnx.ccn.impl.repo.RepositoryFlowControl handleContent
INFORMAÇÕES: handleContent: got potential repo message: /ccnx.org/test/CCNNetworkTestRepo-15-01-15-18.17.24/content_-7499406587867137679/=FD054B82E68EE5/%C1.R.sw/%C1.N=0002F1E97A9BB8A329
Jan 15, 2015 6:17:28 PM org.ccnx.ccn.io.CCNOutputStream flushToNetwork
INFORMAÇÕES: flush: outputting to the segmenter, baseName /ccnx.org/test/CCNNetworkTestRepo-15-01-15-18.17.24/content_-7499406587867137679/=FD054B82E68EE5 basenameindex =00; 16 bytes written, holding back 16 flushing final blocks? false.
Jan 15, 2015 6:17:28 PM org.ccnx.ccn.io.CCNOutputStream flushToNetwork
INFORMAÇÕES: HEADER: CCNOutputStream: flushToNetwork: new _baseNameIndex 0
Jan 15, 2015 6:17:28 PM org.ccnx.ccn.io.CCNOutputStream flushToNetwork
INFORMAÇÕES: flush: outputting to the segmenter, baseName /ccnx.org/test/CCNNetworkTestRepo-15-01-15-18.17.24/content_-7499406587867137679/=FD054B82E68EE5 basenameindex =00; 16 bytes written, holding back 0 flushing final blocks? true.
Jan 15, 2015 6:17:28 PM org.ccnx.ccn.io.CCNOutputStream flushToNetwork
INFORMAÇÕES: HEADER: CCNOutputStream: flushToNetwork: new _baseNameIndex 1
Jan 15, 2015 6:17:29 PM org.ccnx.ccn.io.CCNOutputStream close
INFORMAÇÕES: CCNOutputStream close: /ccnx.org/test/CCNNetworkTestRepo-15-01-15-18.17.24/content_-7499406587867137679/=FD054B82E68EE5
Jan 15, 2015 6:17:29 PM org.ccnx.ccn.io.content.CCNNetworkObject createFlowController
INFORMAÇÕES: Created LOCALREPOSITORY flow controller, for prefix /ccnx.org/test/CCNNetworkTestRepo-15-01-15-18.17.24/content_-7499406587867137679, save type LOCALREPOSITORY
Jan 15, 2015 6:17:29 PM org.ccnx.ccn.impl.CCNFlowControl addNameSpace
INFORMAÇÕES: Flow controller addNameSpace: added namespace: /ccnx.org/test/CCNNetworkTestRepo-15-01-15-18.17.24/content_-7499406587867137679
Jan 15, 2015 6:17:29 PM org.ccnx.ccn.impl.security.keys.BasicKeyManager getKeyLocator
INFORMAÇÕES: getKeyLocator: returning locator NAME: /ccnx.org/Users/root/Keys/%C1.M.K=009234ADEC47D19E3E6A2AF362D44E09AB6B71F43B1900BA0622FB45F2A5B7D9F6/=FD054AE7DE1000 KEY:-reba89rgbj1o6ata34t5eovcl4kho5s9pnv8nstq15q1ld4g9ga for key kjSt7EfRnj5qKvNi1E4Jq2tx9DsZALoGIvtF8qW32fY=
Jan 15, 2015 6:17:29 PM org.ccnx.ccn.io.CCNAbstractOutputStream <init>
INFORMAÇÕES: CCNAbstractOutputStream: /ccnx.org/test/CCNNetworkTestRepo-15-01-15-18.17.24/content_-7499406587867137679/=FD054B82E69073 blocksize is 4096
Jan 15, 2015 6:17:29 PM org.ccnx.ccn.io.CCNAbstractOutputStream startWrite
INFORMAÇÕES: CCNAbstractOutputStream: startWrite -- searching for keys.
Jan 15, 2015 6:17:29 PM org.ccnx.ccn.profiles.security.access.AccessControlManager keysForOutput
INFORMAÇÕES: keysForOutput: found an acm: (null)
Jan 15, 2015 6:17:29 PM org.ccnx.ccn.impl.repo.RepositoryFlowControl startWrite
INFORMAÇÕES: RepositoryFlowControl.startWrite called for name /ccnx.org/test/CCNNetworkTestRepo-15-01-15-18.17.24/content_-7499406587867137679/=FD054B82E69073, shape STREAM
Jan 15, 2015 6:17:29 PM org.ccnx.ccn.impl.repo.RepositoryFlowControl handleContent
INFORMAÇÕES: handleContent: got potential repo message: /ccnx.org/test/CCNNetworkTestRepo-15-01-15-18.17.24/content_-7499406587867137679/=FD054B82E69073/%C1.R.sw/%C1.N=00B8DBF66E0D7F6251
Jan 15, 2015 6:17:29 PM org.ccnx.ccn.io.CCNOutputStream flushToNetwork
INFORMAÇÕES: flush: outputting to the segmenter, baseName /ccnx.org/test/CCNNetworkTestRepo-15-01-15-18.17.24/content_-7499406587867137679/=FD054B82E69073 basenameindex =00; 16 bytes written, holding back 16 flushing final blocks? false.
Jan 15, 2015 6:17:29 PM org.ccnx.ccn.io.CCNOutputStream flushToNetwork
INFORMAÇÕES: HEADER: CCNOutputStream: flushToNetwork: new _baseNameIndex 0
Jan 15, 2015 6:17:29 PM org.ccnx.ccn.io.CCNOutputStream flushToNetwork
INFORMAÇÕES: flush: outputting to the segmenter, baseName /ccnx.org/test/CCNNetworkTestRepo-15-01-15-18.17.24/content_-7499406587867137679/=FD054B82E69073 basenameindex =00; 16 bytes written, holding back 0 flushing final blocks? true.
Jan 15, 2015 6:17:29 PM org.ccnx.ccn.io.CCNOutputStream flushToNetwork
INFORMAÇÕES: HEADER: CCNOutputStream: flushToNetwork: new _baseNameIndex 1
Jan 15, 2015 6:17:29 PM org.ccnx.ccn.io.CCNOutputStream close
INFORMAÇÕES: CCNOutputStream close: /ccnx.org/test/CCNNetworkTestRepo-15-01-15-18.17.24/content_-7499406587867137679/=FD054B82E69073
Jan 15, 2015 6:17:29 PM org.ccnx.ccn.io.content.CCNNetworkObject createFlowController
INFORMAÇÕES: Created LOCALREPOSITORY flow controller, for prefix /ccnx.org/test/CCNNetworkTestRepo-15-01-15-18.17.24/content_-7499406587867137679, save type LOCALREPOSITORY
Jan 15, 2015 6:17:29 PM org.ccnx.ccn.impl.CCNFlowControl addNameSpace
INFORMAÇÕES: Flow controller addNameSpace: added namespace: /ccnx.org/test/CCNNetworkTestRepo-15-01-15-18.17.24/content_-7499406587867137679
Jan 15, 2015 6:17:29 PM org.ccnx.ccn.impl.security.keys.BasicKeyManager getKeyLocator
INFORMAÇÕES: getKeyLocator: returning locator NAME: /ccnx.org/Users/root/Keys/%C1.M.K=009234ADEC47D19E3E6A2AF362D44E09AB6B71F43B1900BA0622FB45F2A5B7D9F6/=FD054AE7DE1000 KEY:-reba89rgbj1o6ata34t5eovcl4kho5s9pnv8nstq15q1ld4g9ga for key kjSt7EfRnj5qKvNi1E4Jq2tx9DsZALoGIvtF8qW32fY=
Jan 15, 2015 6:17:29 PM org.ccnx.ccn.io.CCNAbstractOutputStream <init>
INFORMAÇÕES: CCNAbstractOutputStream: /ccnx.org/test/CCNNetworkTestRepo-15-01-15-18.17.24/content_-7499406587867137679/=FD054B82E6920C blocksize is 4096
Jan 15, 2015 6:17:29 PM org.ccnx.ccn.io.CCNAbstractOutputStream startWrite
INFORMAÇÕES: CCNAbstractOutputStream: startWrite -- searching for keys.
Jan 15, 2015 6:17:29 PM org.ccnx.ccn.profiles.security.access.AccessControlManager keysForOutput
INFORMAÇÕES: keysForOutput: found an acm: (null)
Jan 15, 2015 6:17:29 PM org.ccnx.ccn.impl.repo.RepositoryFlowControl startWrite
INFORMAÇÕES: RepositoryFlowControl.startWrite called for name /ccnx.org/test/CCNNetworkTestRepo-15-01-15-18.17.24/content_-7499406587867137679/=FD054B82E6920C, shape STREAM
Jan 15, 2015 6:17:29 PM org.ccnx.ccn.impl.repo.RepositoryFlowControl handleContent
INFORMAÇÕES: handleContent: got potential repo message: /ccnx.org/test/CCNNetworkTestRepo-15-01-15-18.17.24/content_-7499406587867137679/=FD054B82E6920C/%C1.R.sw/%C1.N=00E4C552E96A108D4A
Jan 15, 2015 6:17:29 PM org.ccnx.ccn.io.CCNOutputStream flushToNetwork
INFORMAÇÕES: flush: outputting to the segmenter, baseName /ccnx.org/test/CCNNetworkTestRepo-15-01-15-18.17.24/content_-7499406587867137679/=FD054B82E6920C basenameindex =00; 16 bytes written, holding back 16 flushing final blocks? false.
Jan 15, 2015 6:17:29 PM org.ccnx.ccn.io.CCNOutputStream flushToNetwork
INFORMAÇÕES: HEADER: CCNOutputStream: flushToNetwork: new _baseNameIndex 0
Jan 15, 2015 6:17:29 PM org.ccnx.ccn.io.CCNOutputStream flushToNetwork
INFORMAÇÕES: flush: outputting to the segmenter, baseName /ccnx.org/test/CCNNetworkTestRepo-15-01-15-18.17.24/content_-7499406587867137679/=FD054B82E6920C basenameindex =00; 16 bytes written, holding back 0 flushing final blocks? true.
Jan 15, 2015 6:17:29 PM org.ccnx.ccn.io.CCNOutputStream flushToNetwork
INFORMAÇÕES: HEADER: CCNOutputStream: flushToNetwork: new _baseNameIndex 1
Jan 15, 2015 6:17:29 PM org.ccnx.ccn.io.CCNOutputStream close
INFORMAÇÕES: CCNOutputStream close: /ccnx.org/test/CCNNetworkTestRepo-15-01-15-18.17.24/content_-7499406587867137679/=FD054B82E6920C
Jan 15, 2015 6:17:29 PM org.ccnx.ccn.io.content.CCNNetworkObject createFlowController
INFORMAÇÕES: Created LOCALREPOSITORY flow controller, for prefix /ccnx.org/test/CCNNetworkTestRepo-15-01-15-18.17.24/content_-7499406587867137679, save type LOCALREPOSITORY
Jan 15, 2015 6:17:29 PM org.ccnx.ccn.impl.CCNFlowControl addNameSpace
INFORMAÇÕES: Flow controller addNameSpace: added namespace: /ccnx.org/test/CCNNetworkTestRepo-15-01-15-18.17.24/content_-7499406587867137679
Jan 15, 2015 6:17:29 PM org.ccnx.ccn.impl.security.keys.BasicKeyManager getKeyLocator
INFORMAÇÕES: getKeyLocator: returning locator NAME: /ccnx.org/Users/root/Keys/%C1.M.K=009234ADEC47D19E3E6A2AF362D44E09AB6B71F43B1900BA0622FB45F2A5B7D9F6/=FD054AE7DE1000 KEY:-reba89rgbj1o6ata34t5eovcl4kho5s9pnv8nstq15q1ld4g9ga for key kjSt7EfRnj5qKvNi1E4Jq2tx9DsZALoGIvtF8qW32fY=
Jan 15, 2015 6:17:29 PM org.ccnx.ccn.io.CCNAbstractOutputStream <init>
INFORMAÇÕES: CCNAbstractOutputStream: /ccnx.org/test/CCNNetworkTestRepo-15-01-15-18.17.24/content_-7499406587867137679/=FD054B82E693A6 blocksize is 4096
Jan 15, 2015 6:17:29 PM org.ccnx.ccn.io.CCNAbstractOutputStream startWrite
INFORMAÇÕES: CCNAbstractOutputStream: startWrite -- searching for keys.
Jan 15, 2015 6:17:29 PM org.ccnx.ccn.profiles.security.access.AccessControlManager keysForOutput
INFORMAÇÕES: keysForOutput: found an acm: (null)
Jan 15, 2015 6:17:29 PM org.ccnx.ccn.impl.repo.RepositoryFlowControl startWrite
INFORMAÇÕES: RepositoryFlowControl.startWrite called for name /ccnx.org/test/CCNNetworkTestRepo-15-01-15-18.17.24/content_-7499406587867137679/=FD054B82E693A6, shape STREAM
Jan 15, 2015 6:17:29 PM org.ccnx.ccn.impl.repo.RepositoryFlowControl handleContent
INFORMAÇÕES: handleContent: got potential repo message: /ccnx.org/test/CCNNetworkTestRepo-15-01-15-18.17.24/content_-7499406587867137679/=FD054B82E693A6/%C1.R.sw/%C1.N%00a=1F3FBA00017883
Jan 15, 2015 6:17:29 PM org.ccnx.ccn.io.CCNOutputStream flushToNetwork
INFORMAÇÕES: flush: outputting to the segmenter, baseName /ccnx.org/test/CCNNetworkTestRepo-15-01-15-18.17.24/content_-7499406587867137679/=FD054B82E693A6 basenameindex =00; 16 bytes written, holding back 16 flushing final blocks? false.
Jan 15, 2015 6:17:29 PM org.ccnx.ccn.io.CCNOutputStream flushToNetwork
INFORMAÇÕES: HEADER: CCNOutputStream: flushToNetwork: new _baseNameIndex 0
Jan 15, 2015 6:17:29 PM org.ccnx.ccn.io.CCNOutputStream flushToNetwork
INFORMAÇÕES: flush: outputting to the segmenter, baseName /ccnx.org/test/CCNNetworkTestRepo-15-01-15-18.17.24/content_-7499406587867137679/=FD054B82E693A6 basenameindex =00; 16 bytes written, holding back 0 flushing final blocks? true.
Jan 15, 2015 6:17:29 PM org.ccnx.ccn.io.CCNOutputStream flushToNetwork
INFORMAÇÕES: HEADER: CCNOutputStream: flushToNetwork: new _baseNameIndex 1
Jan 15, 2015 6:17:29 PM org.ccnx.ccn.io.CCNOutputStream close
INFORMAÇÕES: CCNOutputStream close: /ccnx.org/test/CCNNetworkTestRepo-15-01-15-18.17.24/content_-7499406587867137679/=FD054B82E693A6
Jan 15, 2015 6:17:29 PM org.ccnx.ccn.io.content.CCNNetworkObject createFlowController
INFORMAÇÕES: Created LOCALREPOSITORY flow controller, for prefix /ccnx.org/test/CCNNetworkTestRepo-15-01-15-18.17.24/content_-7499406587867137679, save type LOCALREPOSITORY
Jan 15, 2015 6:17:29 PM org.ccnx.ccn.impl.CCNFlowControl addNameSpace
INFORMAÇÕES: Flow controller addNameSpace: added namespace: /ccnx.org/test/CCNNetworkTestRepo-15-01-15-18.17.24/content_-7499406587867137679
Jan 15, 2015 6:17:29 PM org.ccnx.ccn.impl.security.keys.BasicKeyManager getKeyLocator
INFORMAÇÕES: getKeyLocator: returning locator NAME: /ccnx.org/Users/root/Keys/%C1.M.K=009234ADEC47D19E3E6A2AF362D44E09AB6B71F43B1900BA0622FB45F2A5B7D9F6/=FD054AE7DE1000 KEY:-reba89rgbj1o6ata34t5eovcl4kho5s9pnv8nstq15q1ld4g9ga for key kjSt7EfRnj5qKvNi1E4Jq2tx9DsZALoGIvtF8qW32fY=
Jan 15, 2015 6:17:29 PM org.ccnx.ccn.io.CCNAbstractOutputStream <init>
INFORMAÇÕES: CCNAbstractOutputStream: /ccnx.org/test/CCNNetworkTestRepo-15-01-15-18.17.24/content_-7499406587867137679/=FD054B82E6953B blocksize is 4096
Jan 15, 2015 6:17:29 PM org.ccnx.ccn.io.CCNAbstractOutputStream startWrite
INFORMAÇÕES: CCNAbstractOutputStream: startWrite -- searching for keys.
Jan 15, 2015 6:17:29 PM org.ccnx.ccn.profiles.security.access.AccessControlManager keysForOutput
INFORMAÇÕES: keysForOutput: found an acm: (null)
Jan 15, 2015 6:17:29 PM org.ccnx.ccn.impl.repo.RepositoryFlowControl startWrite
INFORMAÇÕES: RepositoryFlowControl.startWrite called for name /ccnx.org/test/CCNNetworkTestRepo-15-01-15-18.17.24/content_-7499406587867137679/=FD054B82E6953B, shape STREAM
Jan 15, 2015 6:17:29 PM org.ccnx.ccn.impl.repo.RepositoryFlowControl handleContent
INFORMAÇÕES: handleContent: got potential repo message: /ccnx.org/test/CCNNetworkTestRepo-15-01-15-18.17.24/content_-7499406587867137679/=FD054B82E6953B/%C1.R.sw/%C1.N%00r=0A9B149320FFCB
Jan 15, 2015 6:17:29 PM org.ccnx.ccn.io.CCNOutputStream flushToNetwork
INFORMAÇÕES: flush: outputting to the segmenter, baseName /ccnx.org/test/CCNNetworkTestRepo-15-01-15-18.17.24/content_-7499406587867137679/=FD054B82E6953B basenameindex =00; 16 bytes written, holding back 16 flushing final blocks? false.
Jan 15, 2015 6:17:29 PM org.ccnx.ccn.io.CCNOutputStream flushToNetwork
INFORMAÇÕES: HEADER: CCNOutputStream: flushToNetwork: new _baseNameIndex 0
Jan 15, 2015 6:17:29 PM org.ccnx.ccn.io.CCNOutputStream flushToNetwork
INFORMAÇÕES: flush: outputting to the segmenter, baseName /ccnx.org/test/CCNNetworkTestRepo-15-01-15-18.17.24/content_-7499406587867137679/=FD054B82E6953B basenameindex =00; 16 bytes written, holding back 0 flushing final blocks? true.
Jan 15, 2015 6:17:29 PM org.ccnx.ccn.io.CCNOutputStream flushToNetwork
INFORMAÇÕES: HEADER: CCNOutputStream: flushToNetwork: new _baseNameIndex 1
Jan 15, 2015 6:17:29 PM org.ccnx.ccn.io.CCNOutputStream close
INFORMAÇÕES: CCNOutputStream close: /ccnx.org/test/CCNNetworkTestRepo-15-01-15-18.17.24/content_-7499406587867137679/=FD054B82E6953B
Jan 15, 2015 6:17:29 PM org.ccnx.ccn.io.content.CCNNetworkObject createFlowController
INFORMAÇÕES: Created LOCALREPOSITORY flow controller, for prefix /ccnx.org/test/CCNNetworkTestRepo-15-01-15-18.17.24/content_-7499406587867137679, save type LOCALREPOSITORY
Jan 15, 2015 6:17:29 PM org.ccnx.ccn.impl.CCNFlowControl addNameSpace
INFORMAÇÕES: Flow controller addNameSpace: added namespace: /ccnx.org/test/CCNNetworkTestRepo-15-01-15-18.17.24/content_-7499406587867137679
Jan 15, 2015 6:17:29 PM org.ccnx.ccn.impl.security.keys.BasicKeyManager getKeyLocator
INFORMAÇÕES: getKeyLocator: returning locator NAME: /ccnx.org/Users/root/Keys/%C1.M.K=009234ADEC47D19E3E6A2AF362D44E09AB6B71F43B1900BA0622FB45F2A5B7D9F6/=FD054AE7DE1000 KEY:-reba89rgbj1o6ata34t5eovcl4kho5s9pnv8nstq15q1ld4g9ga for key kjSt7EfRnj5qKvNi1E4Jq2tx9DsZALoGIvtF8qW32fY=
Jan 15, 2015 6:17:29 PM org.ccnx.ccn.io.CCNAbstractOutputStream <init>
INFORMAÇÕES: CCNAbstractOutputStream: /ccnx.org/test/CCNNetworkTestRepo-15-01-15-18.17.24/content_-7499406587867137679/=FD054B82E696D5 blocksize is 4096
Jan 15, 2015 6:17:29 PM org.ccnx.ccn.io.CCNAbstractOutputStream startWrite
INFORMAÇÕES: CCNAbstractOutputStream: startWrite -- searching for keys.
Jan 15, 2015 6:17:29 PM org.ccnx.ccn.profiles.security.access.AccessControlManager keysForOutput
INFORMAÇÕES: keysForOutput: found an acm: (null)
Jan 15, 2015 6:17:29 PM org.ccnx.ccn.impl.repo.RepositoryFlowControl startWrite
INFORMAÇÕES: RepositoryFlowControl.startWrite called for name /ccnx.org/test/CCNNetworkTestRepo-15-01-15-18.17.24/content_-7499406587867137679/=FD054B82E696D5, shape STREAM
Jan 15, 2015 6:17:29 PM org.ccnx.ccn.impl.repo.RepositoryFlowControl handleContent
INFORMAÇÕES: handleContent: got potential repo message: /ccnx.org/test/CCNNetworkTestRepo-15-01-15-18.17.24/content_-7499406587867137679/=FD054B82E696D5/%C1.R.sw/%C1.N=00025FBBD448C6218B
Jan 15, 2015 6:17:29 PM org.ccnx.ccn.io.CCNOutputStream flushToNetwork
INFORMAÇÕES: flush: outputting to the segmenter, baseName /ccnx.org/test/CCNNetworkTestRepo-15-01-15-18.17.24/content_-7499406587867137679/=FD054B82E696D5 basenameindex =00; 16 bytes written, holding back 16 flushing final blocks? false.
Jan 15, 2015 6:17:29 PM org.ccnx.ccn.io.CCNOutputStream flushToNetwork
INFORMAÇÕES: HEADER: CCNOutputStream: flushToNetwork: new _baseNameIndex 0
Jan 15, 2015 6:17:29 PM org.ccnx.ccn.io.CCNOutputStream flushToNetwork
INFORMAÇÕES: flush: outputting to the segmenter, baseName /ccnx.org/test/CCNNetworkTestRepo-15-01-15-18.17.24/content_-7499406587867137679/=FD054B82E696D5 basenameindex =00; 16 bytes written, holding back 0 flushing final blocks? true.
Jan 15, 2015 6:17:29 PM org.ccnx.ccn.io.CCNOutputStream flushToNetwork
INFORMAÇÕES: HEADER: CCNOutputStream: flushToNetwork: new _baseNameIndex 1
Jan 15, 2015 6:17:29 PM org.ccnx.ccn.io.CCNOutputStream close
INFORMAÇÕES: CCNOutputStream close: /ccnx.org/test/CCNNetworkTestRepo-15-01-15-18.17.24/content_-7499406587867137679/=FD054B82E696D5
Jan 15, 2015 6:17:29 PM org.ccnx.ccn.io.content.CCNNetworkObject createFlowController
INFORMAÇÕES: Created LOCALREPOSITORY flow controller, for prefix /ccnx.org/test/CCNNetworkTestRepo-15-01-15-18.17.24/content_-7499406587867137679, save type LOCALREPOSITORY
Jan 15, 2015 6:17:29 PM org.ccnx.ccn.impl.CCNFlowControl addNameSpace
INFORMAÇÕES: Flow controller addNameSpace: added namespace: /ccnx.org/test/CCNNetworkTestRepo-15-01-15-18.17.24/content_-7499406587867137679
Jan 15, 2015 6:17:29 PM org.ccnx.ccn.impl.security.keys.BasicKeyManager getKeyLocator
INFORMAÇÕES: getKeyLocator: returning locator NAME: /ccnx.org/Users/root/Keys/%C1.M.K=009234ADEC47D19E3E6A2AF362D44E09AB6B71F43B1900BA0622FB45F2A5B7D9F6/=FD054AE7DE1000 KEY:-reba89rgbj1o6ata34t5eovcl4kho5s9pnv8nstq15q1ld4g9ga for key kjSt7EfRnj5qKvNi1E4Jq2tx9DsZALoGIvtF8qW32fY=
Jan 15, 2015 6:17:29 PM org.ccnx.ccn.io.CCNAbstractOutputStream <init>
INFORMAÇÕES: CCNAbstractOutputStream: /ccnx.org/test/CCNNetworkTestRepo-15-01-15-18.17.24/content_-7499406587867137679/=FD054B82E69862 blocksize is 4096
Jan 15, 2015 6:17:29 PM org.ccnx.ccn.io.CCNAbstractOutputStream startWrite
INFORMAÇÕES: CCNAbstractOutputStream: startWrite -- searching for keys.
Jan 15, 2015 6:17:29 PM org.ccnx.ccn.profiles.security.access.AccessControlManager keysForOutput
INFORMAÇÕES: keysForOutput: found an acm: (null)
Jan 15, 2015 6:17:29 PM org.ccnx.ccn.impl.repo.RepositoryFlowControl startWrite
INFORMAÇÕES: RepositoryFlowControl.startWrite called for name /ccnx.org/test/CCNNetworkTestRepo-15-01-15-18.17.24/content_-7499406587867137679/=FD054B82E69862, shape STREAM
Jan 15, 2015 6:17:29 PM org.ccnx.ccn.impl.repo.RepositoryFlowControl handleContent
INFORMAÇÕES: handleContent: got potential repo message: /ccnx.org/test/CCNNetworkTestRepo-15-01-15-18.17.24/content_-7499406587867137679/=FD054B82E69862/%C1.R.sw/%C1.N=00089670B6E0FE702A
Jan 15, 2015 6:17:29 PM org.ccnx.ccn.io.CCNOutputStream flushToNetwork
INFORMAÇÕES: flush: outputting to the segmenter, baseName /ccnx.org/test/CCNNetworkTestRepo-15-01-15-18.17.24/content_-7499406587867137679/=FD054B82E69862 basenameindex =00; 16 bytes written, holding back 16 flushing final blocks? false.
Jan 15, 2015 6:17:29 PM org.ccnx.ccn.io.CCNOutputStream flushToNetwork
INFORMAÇÕES: HEADER: CCNOutputStream: flushToNetwork: new _baseNameIndex 0
Jan 15, 2015 6:17:29 PM org.ccnx.ccn.io.CCNOutputStream flushToNetwork
INFORMAÇÕES: flush: outputting to the segmenter, baseName /ccnx.org/test/CCNNetworkTestRepo-15-01-15-18.17.24/content_-7499406587867137679/=FD054B82E69862 basenameindex =00; 16 bytes written, holding back 0 flushing final blocks? true.
Jan 15, 2015 6:17:29 PM org.ccnx.ccn.io.CCNOutputStream flushToNetwork
INFORMAÇÕES: HEADER: CCNOutputStream: flushToNetwork: new _baseNameIndex 1
Jan 15, 2015 6:17:29 PM org.ccnx.ccn.io.CCNOutputStream close
INFORMAÇÕES: CCNOutputStream close: /ccnx.org/test/CCNNetworkTestRepo-15-01-15-18.17.24/content_-7499406587867137679/=FD054B82E69862
Jan 15, 2015 6:17:29 PM org.ccnx.ccn.io.content.CCNNetworkObject createFlowController
INFORMAÇÕES: Created LOCALREPOSITORY flow controller, for prefix /ccnx.org/test/CCNNetworkTestRepo-15-01-15-18.17.24/content_-7499406587867137679, save type LOCALREPOSITORY
Jan 15, 2015 6:17:29 PM org.ccnx.ccn.impl.CCNFlowControl addNameSpace
INFORMAÇÕES: Flow controller addNameSpace: added namespace: /ccnx.org/test/CCNNetworkTestRepo-15-01-15-18.17.24/content_-7499406587867137679
Jan 15, 2015 6:17:29 PM org.ccnx.ccn.impl.security.keys.BasicKeyManager getKeyLocator
INFORMAÇÕES: getKeyLocator: returning locator NAME: /ccnx.org/Users/root/Keys/%C1.M.K=009234ADEC47D19E3E6A2AF362D44E09AB6B71F43B1900BA0622FB45F2A5B7D9F6/=FD054AE7DE1000 KEY:-reba89rgbj1o6ata34t5eovcl4kho5s9pnv8nstq15q1ld4g9ga for key kjSt7EfRnj5qKvNi1E4Jq2tx9DsZALoGIvtF8qW32fY=
Jan 15, 2015 6:17:29 PM org.ccnx.ccn.io.CCNAbstractOutputStream <init>
INFORMAÇÕES: CCNAbstractOutputStream: /ccnx.org/test/CCNNetworkTestRepo-15-01-15-18.17.24/content_-7499406587867137679/=FD054B82E699FC blocksize is 4096
Jan 15, 2015 6:17:29 PM org.ccnx.ccn.io.CCNAbstractOutputStream startWrite
INFORMAÇÕES: CCNAbstractOutputStream: startWrite -- searching for keys.
Jan 15, 2015 6:17:29 PM org.ccnx.ccn.profiles.security.access.AccessControlManager keysForOutput
INFORMAÇÕES: keysForOutput: found an acm: (null)
Jan 15, 2015 6:17:29 PM org.ccnx.ccn.impl.repo.RepositoryFlowControl startWrite
INFORMAÇÕES: RepositoryFlowControl.startWrite called for name /ccnx.org/test/CCNNetworkTestRepo-15-01-15-18.17.24/content_-7499406587867137679/=FD054B82E699FC, shape STREAM
Jan 15, 2015 6:17:29 PM org.ccnx.ccn.impl.repo.RepositoryFlowControl handleContent
INFORMAÇÕES: handleContent: got potential repo message: /ccnx.org/test/CCNNetworkTestRepo-15-01-15-18.17.24/content_-7499406587867137679/=FD054B82E699FC/%C1.R.sw/%C1.N=00C30AD2DE7E0BCB3C
Jan 15, 2015 6:17:29 PM org.ccnx.ccn.io.CCNOutputStream flushToNetwork
INFORMAÇÕES: flush: outputting to the segmenter, baseName /ccnx.org/test/CCNNetworkTestRepo-15-01-15-18.17.24/content_-7499406587867137679/=FD054B82E699FC basenameindex =00; 16 bytes written, holding back 16 flushing final blocks? false.
Jan 15, 2015 6:17:29 PM org.ccnx.ccn.io.CCNOutputStream flushToNetwork
INFORMAÇÕES: HEADER: CCNOutputStream: flushToNetwork: new _baseNameIndex 0
Jan 15, 2015 6:17:29 PM org.ccnx.ccn.io.CCNOutputStream flushToNetwork
INFORMAÇÕES: flush: outputting to the segmenter, baseName /ccnx.org/test/CCNNetworkTestRepo-15-01-15-18.17.24/content_-7499406587867137679/=FD054B82E699FC basenameindex =00; 16 bytes written, holding back 0 flushing final blocks? true.
Jan 15, 2015 6:17:29 PM org.ccnx.ccn.io.CCNOutputStream flushToNetwork
INFORMAÇÕES: HEADER: CCNOutputStream: flushToNetwork: new _baseNameIndex 1
Jan 15, 2015 6:17:29 PM org.ccnx.ccn.io.CCNOutputStream close
INFORMAÇÕES: CCNOutputStream close: /ccnx.org/test/CCNNetworkTestRepo-15-01-15-18.17.24/content_-7499406587867137679/=FD054B82E699FC
Jan 15, 2015 6:17:29 PM org.ccnx.ccn.io.content.CCNNetworkObject createFlowController
INFORMAÇÕES: Created LOCALREPOSITORY flow controller, for prefix /ccnx.org/test/CCNNetworkTestRepo-15-01-15-18.17.24/content_-7499406587867137679, save type LOCALREPOSITORY
Jan 15, 2015 6:17:29 PM org.ccnx.ccn.impl.CCNFlowControl addNameSpace
INFORMAÇÕES: Flow controller addNameSpace: added namespace: /ccnx.org/test/CCNNetworkTestRepo-15-01-15-18.17.24/content_-7499406587867137679
Jan 15, 2015 6:17:29 PM org.ccnx.ccn.impl.security.keys.BasicKeyManager getKeyLocator
INFORMAÇÕES: getKeyLocator: returning locator NAME: /ccnx.org/Users/root/Keys/%C1.M.K=009234ADEC47D19E3E6A2AF362D44E09AB6B71F43B1900BA0622FB45F2A5B7D9F6/=FD054AE7DE1000 KEY:-reba89rgbj1o6ata34t5eovcl4kho5s9pnv8nstq15q1ld4g9ga for key kjSt7EfRnj5qKvNi1E4Jq2tx9DsZALoGIvtF8qW32fY=
Jan 15, 2015 6:17:29 PM org.ccnx.ccn.io.CCNAbstractOutputStream <init>
INFORMAÇÕES: CCNAbstractOutputStream: /ccnx.org/test/CCNNetworkTestRepo-15-01-15-18.17.24/content_-7499406587867137679/=FD054B82E69B91 blocksize is 4096
Jan 15, 2015 6:17:29 PM org.ccnx.ccn.io.CCNAbstractOutputStream startWrite
INFORMAÇÕES: CCNAbstractOutputStream: startWrite -- searching for keys.
Jan 15, 2015 6:17:29 PM org.ccnx.ccn.profiles.security.access.AccessControlManager keysForOutput
INFORMAÇÕES: keysForOutput: found an acm: (null)
Jan 15, 2015 6:17:29 PM org.ccnx.ccn.impl.repo.RepositoryFlowControl startWrite
INFORMAÇÕES: RepositoryFlowControl.startWrite called for name /ccnx.org/test/CCNNetworkTestRepo-15-01-15-18.17.24/content_-7499406587867137679/=FD054B82E69B91, shape STREAM
Jan 15, 2015 6:17:29 PM org.ccnx.ccn.impl.repo.RepositoryFlowControl handleContent
INFORMAÇÕES: handleContent: got potential repo message: /ccnx.org/test/CCNNetworkTestRepo-15-01-15-18.17.24/content_-7499406587867137679/=FD054B82E69B91/%C1.R.sw/%C1.N=00F36834B14FEF5161
Jan 15, 2015 6:17:29 PM org.ccnx.ccn.io.CCNOutputStream flushToNetwork
INFORMAÇÕES: flush: outputting to the segmenter, baseName /ccnx.org/test/CCNNetworkTestRepo-15-01-15-18.17.24/content_-7499406587867137679/=FD054B82E69B91 basenameindex =00; 16 bytes written, holding back 16 flushing final blocks? false.
Jan 15, 2015 6:17:29 PM org.ccnx.ccn.io.CCNOutputStream flushToNetwork
INFORMAÇÕES: HEADER: CCNOutputStream: flushToNetwork: new _baseNameIndex 0
Jan 15, 2015 6:17:29 PM org.ccnx.ccn.io.CCNOutputStream flushToNetwork
INFORMAÇÕES: flush: outputting to the segmenter, baseName /ccnx.org/test/CCNNetworkTestRepo-15-01-15-18.17.24/content_-7499406587867137679/=FD054B82E69B91 basenameindex =00; 16 bytes written, holding back 0 flushing final blocks? true.
Jan 15, 2015 6:17:29 PM org.ccnx.ccn.io.CCNOutputStream flushToNetwork
INFORMAÇÕES: HEADER: CCNOutputStream: flushToNetwork: new _baseNameIndex 1
Jan 15, 2015 6:17:29 PM org.ccnx.ccn.io.CCNOutputStream close
INFORMAÇÕES: CCNOutputStream close: /ccnx.org/test/CCNNetworkTestRepo-15-01-15-18.17.24/content_-7499406587867137679/=FD054B82E69B91
Jan 15, 2015 6:17:29 PM org.ccnx.ccn.io.content.CCNNetworkObject createFlowController
INFORMAÇÕES: Created LOCALREPOSITORY flow controller, for prefix /ccnx.org/test/CCNNetworkTestRepo-15-01-15-18.17.24/content_-7499406587867137679, save type LOCALREPOSITORY
Jan 15, 2015 6:17:29 PM org.ccnx.ccn.impl.CCNFlowControl addNameSpace
INFORMAÇÕES: Flow controller addNameSpace: added namespace: /ccnx.org/test/CCNNetworkTestRepo-15-01-15-18.17.24/content_-7499406587867137679
Jan 15, 2015 6:17:29 PM org.ccnx.ccn.impl.security.keys.BasicKeyManager getKeyLocator
INFORMAÇÕES: getKeyLocator: returning locator NAME: /ccnx.org/Users/root/Keys/%C1.M.K=009234ADEC47D19E3E6A2AF362D44E09AB6B71F43B1900BA0622FB45F2A5B7D9F6/=FD054AE7DE1000 KEY:-reba89rgbj1o6ata34t5eovcl4kho5s9pnv8nstq15q1ld4g9ga for key kjSt7EfRnj5qKvNi1E4Jq2tx9DsZALoGIvtF8qW32fY=
Jan 15, 2015 6:17:29 PM org.ccnx.ccn.io.CCNAbstractOutputStream <init>
INFORMAÇÕES: CCNAbstractOutputStream: /ccnx.org/test/CCNNetworkTestRepo-15-01-15-18.17.24/content_-7499406587867137679/=FD054B82E69D33 blocksize is 4096
Jan 15, 2015 6:17:29 PM org.ccnx.ccn.io.CCNAbstractOutputStream startWrite
INFORMAÇÕES: CCNAbstractOutputStream: startWrite -- searching for keys.
Jan 15, 2015 6:17:29 PM org.ccnx.ccn.profiles.security.access.AccessControlManager keysForOutput
INFORMAÇÕES: keysForOutput: found an acm: (null)
Jan 15, 2015 6:17:29 PM org.ccnx.ccn.impl.repo.RepositoryFlowControl startWrite
INFORMAÇÕES: RepositoryFlowControl.startWrite called for name /ccnx.org/test/CCNNetworkTestRepo-15-01-15-18.17.24/content_-7499406587867137679/=FD054B82E69D33, shape STREAM
Jan 15, 2015 6:17:29 PM org.ccnx.ccn.impl.repo.RepositoryFlowControl handleContent
INFORMAÇÕES: handleContent: got potential repo message: /ccnx.org/test/CCNNetworkTestRepo-15-01-15-18.17.24/content_-7499406587867137679/=FD054B82E69D33/%C1.R.sw/%C1.N=003CCA76A5CA349014
Jan 15, 2015 6:17:29 PM org.ccnx.ccn.io.CCNOutputStream flushToNetwork
INFORMAÇÕES: flush: outputting to the segmenter, baseName /ccnx.org/test/CCNNetworkTestRepo-15-01-15-18.17.24/content_-7499406587867137679/=FD054B82E69D33 basenameindex =00; 16 bytes written, holding back 16 flushing final blocks? false.
Jan 15, 2015 6:17:29 PM org.ccnx.ccn.io.CCNOutputStream flushToNetwork
INFORMAÇÕES: HEADER: CCNOutputStream: flushToNetwork: new _baseNameIndex 0
Jan 15, 2015 6:17:29 PM org.ccnx.ccn.io.CCNOutputStream flushToNetwork
INFORMAÇÕES: flush: outputting to the segmenter, baseName /ccnx.org/test/CCNNetworkTestRepo-15-01-15-18.17.24/content_-7499406587867137679/=FD054B82E69D33 basenameindex =00; 16 bytes written, holding back 0 flushing final blocks? true.
Jan 15, 2015 6:17:29 PM org.ccnx.ccn.io.CCNOutputStream flushToNetwork
INFORMAÇÕES: HEADER: CCNOutputStream: flushToNetwork: new _baseNameIndex 1
Jan 15, 2015 6:17:29 PM org.ccnx.ccn.io.CCNOutputStream close
INFORMAÇÕES: CCNOutputStream close: /ccnx.org/test/CCNNetworkTestRepo-15-01-15-18.17.24/content_-7499406587867137679/=FD054B82E69D33
Jan 15, 2015 6:17:29 PM org.ccnx.ccn.io.content.CCNNetworkObject createFlowController
INFORMAÇÕES: Created LOCALREPOSITORY flow controller, for prefix /ccnx.org/test/CCNNetworkTestRepo-15-01-15-18.17.24/content_-7499406587867137679, save type LOCALREPOSITORY
Jan 15, 2015 6:17:29 PM org.ccnx.ccn.impl.CCNFlowControl addNameSpace
INFORMAÇÕES: Flow controller addNameSpace: added namespace: /ccnx.org/test/CCNNetworkTestRepo-15-01-15-18.17.24/content_-7499406587867137679
Jan 15, 2015 6:17:29 PM org.ccnx.ccn.impl.security.keys.BasicKeyManager getKeyLocator
INFORMAÇÕES: getKeyLocator: returning locator NAME: /ccnx.org/Users/root/Keys/%C1.M.K=009234ADEC47D19E3E6A2AF362D44E09AB6B71F43B1900BA0622FB45F2A5B7D9F6/=FD054AE7DE1000 KEY:-reba89rgbj1o6ata34t5eovcl4kho5s9pnv8nstq15q1ld4g9ga for key kjSt7EfRnj5qKvNi1E4Jq2tx9DsZALoGIvtF8qW32fY=
Jan 15, 2015 6:17:29 PM org.ccnx.ccn.io.CCNAbstractOutputStream <init>
INFORMAÇÕES: CCNAbstractOutputStream: /ccnx.org/test/CCNNetworkTestRepo-15-01-15-18.17.24/content_-7499406587867137679/=FD054B82E69EB4 blocksize is 4096
Jan 15, 2015 6:17:29 PM org.ccnx.ccn.io.CCNAbstractOutputStream startWrite
INFORMAÇÕES: CCNAbstractOutputStream: startWrite -- searching for keys.
Jan 15, 2015 6:17:29 PM org.ccnx.ccn.profiles.security.access.AccessControlManager keysForOutput
INFORMAÇÕES: keysForOutput: found an acm: (null)
Jan 15, 2015 6:17:29 PM org.ccnx.ccn.impl.repo.RepositoryFlowControl startWrite
INFORMAÇÕES: RepositoryFlowControl.startWrite called for name /ccnx.org/test/CCNNetworkTestRepo-15-01-15-18.17.24/content_-7499406587867137679/=FD054B82E69EB4, shape STREAM
Jan 15, 2015 6:17:29 PM org.ccnx.ccn.impl.repo.RepositoryFlowControl handleContent
INFORMAÇÕES: handleContent: got potential repo message: /ccnx.org/test/CCNNetworkTestRepo-15-01-15-18.17.24/content_-7499406587867137679/=FD054B82E69EB4/%C1.R.sw/%C1.N%00H=C295055E271ECB
Jan 15, 2015 6:17:29 PM org.ccnx.ccn.io.CCNOutputStream flushToNetwork
INFORMAÇÕES: flush: outputting to the segmenter, baseName /ccnx.org/test/CCNNetworkTestRepo-15-01-15-18.17.24/content_-7499406587867137679/=FD054B82E69EB4 basenameindex =00; 16 bytes written, holding back 16 flushing final blocks? false.
Jan 15, 2015 6:17:29 PM org.ccnx.ccn.io.CCNOutputStream flushToNetwork
INFORMAÇÕES: HEADER: CCNOutputStream: flushToNetwork: new _baseNameIndex 0
Jan 15, 2015 6:17:29 PM org.ccnx.ccn.io.CCNOutputStream flushToNetwork
INFORMAÇÕES: flush: outputting to the segmenter, baseName /ccnx.org/test/CCNNetworkTestRepo-15-01-15-18.17.24/content_-7499406587867137679/=FD054B82E69EB4 basenameindex =00; 16 bytes written, holding back 0 flushing final blocks? true.
Jan 15, 2015 6:17:29 PM org.ccnx.ccn.io.CCNOutputStream flushToNetwork
INFORMAÇÕES: HEADER: CCNOutputStream: flushToNetwork: new _baseNameIndex 1
Jan 15, 2015 6:17:30 PM org.ccnx.ccn.io.CCNOutputStream close
INFORMAÇÕES: CCNOutputStream close: /ccnx.org/test/CCNNetworkTestRepo-15-01-15-18.17.24/content_-7499406587867137679/=FD054B82E69EB4
Jan 15, 2015 6:17:30 PM org.ccnx.ccn.io.content.CCNNetworkObject createFlowController
INFORMAÇÕES: Created LOCALREPOSITORY flow controller, for prefix /ccnx.org/test/CCNNetworkTestRepo-15-01-15-18.17.24/content_-7499406587867137679, save type LOCALREPOSITORY
Jan 15, 2015 6:17:30 PM org.ccnx.ccn.impl.CCNFlowControl addNameSpace
INFORMAÇÕES: Flow controller addNameSpace: added namespace: /ccnx.org/test/CCNNetworkTestRepo-15-01-15-18.17.24/content_-7499406587867137679
Jan 15, 2015 6:17:30 PM org.ccnx.ccn.impl.security.keys.BasicKeyManager getKeyLocator
INFORMAÇÕES: getKeyLocator: returning locator NAME: /ccnx.org/Users/root/Keys/%C1.M.K=009234ADEC47D19E3E6A2AF362D44E09AB6B71F43B1900BA0622FB45F2A5B7D9F6/=FD054AE7DE1000 KEY:-reba89rgbj1o6ata34t5eovcl4kho5s9pnv8nstq15q1ld4g9ga for key kjSt7EfRnj5qKvNi1E4Jq2tx9DsZALoGIvtF8qW32fY=
Jan 15, 2015 6:17:30 PM org.ccnx.ccn.io.CCNAbstractOutputStream <init>
INFORMAÇÕES: CCNAbstractOutputStream: /ccnx.org/test/CCNNetworkTestRepo-15-01-15-18.17.24/content_-7499406587867137679/=FD054B82E6A03D blocksize is 4096
Jan 15, 2015 6:17:30 PM org.ccnx.ccn.io.CCNAbstractOutputStream startWrite
INFORMAÇÕES: CCNAbstractOutputStream: startWrite -- searching for keys.
Jan 15, 2015 6:17:30 PM org.ccnx.ccn.profiles.security.access.AccessControlManager keysForOutput
INFORMAÇÕES: keysForOutput: found an acm: (null)
Jan 15, 2015 6:17:30 PM org.ccnx.ccn.impl.repo.RepositoryFlowControl startWrite
INFORMAÇÕES: RepositoryFlowControl.startWrite called for name /ccnx.org/test/CCNNetworkTestRepo-15-01-15-18.17.24/content_-7499406587867137679/=FD054B82E6A03D, shape STREAM
Jan 15, 2015 6:17:30 PM org.ccnx.ccn.impl.repo.RepositoryFlowControl handleContent
INFORMAÇÕES: handleContent: got potential repo message: /ccnx.org/test/CCNNetworkTestRepo-15-01-15-18.17.24/content_-7499406587867137679/=FD054B82E6A03D/%C1.R.sw/%C1.N%00o=B820ADCD8CE3F7
Jan 15, 2015 6:17:30 PM org.ccnx.ccn.io.CCNOutputStream flushToNetwork
INFORMAÇÕES: flush: outputting to the segmenter, baseName /ccnx.org/test/CCNNetworkTestRepo-15-01-15-18.17.24/content_-7499406587867137679/=FD054B82E6A03D basenameindex =00; 16 bytes written, holding back 16 flushing final blocks? false.
Jan 15, 2015 6:17:30 PM org.ccnx.ccn.io.CCNOutputStream flushToNetwork
INFORMAÇÕES: HEADER: CCNOutputStream: flushToNetwork: new _baseNameIndex 0
Jan 15, 2015 6:17:30 PM org.ccnx.ccn.io.CCNOutputStream flushToNetwork
INFORMAÇÕES: flush: outputting to the segmenter, baseName /ccnx.org/test/CCNNetworkTestRepo-15-01-15-18.17.24/content_-7499406587867137679/=FD054B82E6A03D basenameindex =00; 16 bytes written, holding back 0 flushing final blocks? true.
Jan 15, 2015 6:17:30 PM org.ccnx.ccn.io.CCNOutputStream flushToNetwork
INFORMAÇÕES: HEADER: CCNOutputStream: flushToNetwork: new _baseNameIndex 1
Jan 15, 2015 6:17:30 PM org.ccnx.ccn.io.CCNOutputStream close
INFORMAÇÕES: CCNOutputStream close: /ccnx.org/test/CCNNetworkTestRepo-15-01-15-18.17.24/content_-7499406587867137679/=FD054B82E6A03D
Jan 15, 2015 6:17:30 PM org.ccnx.ccn.io.content.CCNNetworkObject createFlowController
INFORMAÇÕES: Created LOCALREPOSITORY flow controller, for prefix /ccnx.org/test/CCNNetworkTestRepo-15-01-15-18.17.24/content_-7499406587867137679, save type LOCALREPOSITORY
Jan 15, 2015 6:17:30 PM org.ccnx.ccn.impl.CCNFlowControl addNameSpace
INFORMAÇÕES: Flow controller addNameSpace: added namespace: /ccnx.org/test/CCNNetworkTestRepo-15-01-15-18.17.24/content_-7499406587867137679
Jan 15, 2015 6:17:30 PM org.ccnx.ccn.impl.security.keys.BasicKeyManager getKeyLocator
INFORMAÇÕES: getKeyLocator: returning locator NAME: /ccnx.org/Users/root/Keys/%C1.M.K=009234ADEC47D19E3E6A2AF362D44E09AB6B71F43B1900BA0622FB45F2A5B7D9F6/=FD054AE7DE1000 KEY:-reba89rgbj1o6ata34t5eovcl4kho5s9pnv8nstq15q1ld4g9ga for key kjSt7EfRnj5qKvNi1E4Jq2tx9DsZALoGIvtF8qW32fY=
Jan 15, 2015 6:17:30 PM org.ccnx.ccn.io.CCNAbstractOutputStream <init>
INFORMAÇÕES: CCNAbstractOutputStream: /ccnx.org/test/CCNNetworkTestRepo-15-01-15-18.17.24/content_-7499406587867137679/=FD054B82E6A1B6 blocksize is 4096
Jan 15, 2015 6:17:30 PM org.ccnx.ccn.io.CCNAbstractOutputStream startWrite
INFORMAÇÕES: CCNAbstractOutputStream: startWrite -- searching for keys.
Jan 15, 2015 6:17:30 PM org.ccnx.ccn.profiles.security.access.AccessControlManager keysForOutput
INFORMAÇÕES: keysForOutput: found an acm: (null)
Jan 15, 2015 6:17:30 PM org.ccnx.ccn.impl.repo.RepositoryFlowControl startWrite
INFORMAÇÕES: RepositoryFlowControl.startWrite called for name /ccnx.org/test/CCNNetworkTestRepo-15-01-15-18.17.24/content_-7499406587867137679/=FD054B82E6A1B6, shape STREAM
Jan 15, 2015 6:17:30 PM org.ccnx.ccn.impl.repo.RepositoryFlowControl handleContent
INFORMAÇÕES: handleContent: got potential repo message: /ccnx.org/test/CCNNetworkTestRepo-15-01-15-18.17.24/content_-7499406587867137679/=FD054B82E6A1B6/%C1.R.sw/%C1.N=00F13E68FB8801E6E2
Jan 15, 2015 6:17:30 PM org.ccnx.ccn.io.CCNOutputStream flushToNetwork
INFORMAÇÕES: flush: outputting to the segmenter, baseName /ccnx.org/test/CCNNetworkTestRepo-15-01-15-18.17.24/content_-7499406587867137679/=FD054B82E6A1B6 basenameindex =00; 16 bytes written, holding back 16 flushing final blocks? false.
Jan 15, 2015 6:17:30 PM org.ccnx.ccn.io.CCNOutputStream flushToNetwork
INFORMAÇÕES: HEADER: CCNOutputStream: flushToNetwork: new _baseNameIndex 0
Jan 15, 2015 6:17:30 PM org.ccnx.ccn.io.CCNOutputStream flushToNetwork
INFORMAÇÕES: flush: outputting to the segmenter, baseName /ccnx.org/test/CCNNetworkTestRepo-15-01-15-18.17.24/content_-7499406587867137679/=FD054B82E6A1B6 basenameindex =00; 16 bytes written, holding back 0 flushing final blocks? true.
Jan 15, 2015 6:17:30 PM org.ccnx.ccn.io.CCNOutputStream flushToNetwork
INFORMAÇÕES: HEADER: CCNOutputStream: flushToNetwork: new _baseNameIndex 1
Jan 15, 2015 6:17:30 PM org.ccnx.ccn.io.CCNOutputStream close
INFORMAÇÕES: CCNOutputStream close: /ccnx.org/test/CCNNetworkTestRepo-15-01-15-18.17.24/content_-7499406587867137679/=FD054B82E6A1B6
Jan 15, 2015 6:17:30 PM org.ccnx.ccn.io.content.CCNNetworkObject createFlowController
INFORMAÇÕES: Created LOCALREPOSITORY flow controller, for prefix /ccnx.org/test/CCNNetworkTestRepo-15-01-15-18.17.24/content_-7499406587867137679, save type LOCALREPOSITORY
Jan 15, 2015 6:17:30 PM org.ccnx.ccn.impl.CCNFlowControl addNameSpace
INFORMAÇÕES: Flow controller addNameSpace: added namespace: /ccnx.org/test/CCNNetworkTestRepo-15-01-15-18.17.24/content_-7499406587867137679
Jan 15, 2015 6:17:30 PM org.ccnx.ccn.impl.security.keys.BasicKeyManager getKeyLocator
INFORMAÇÕES: getKeyLocator: returning locator NAME: /ccnx.org/Users/root/Keys/%C1.M.K=009234ADEC47D19E3E6A2AF362D44E09AB6B71F43B1900BA0622FB45F2A5B7D9F6/=FD054AE7DE1000 KEY:-reba89rgbj1o6ata34t5eovcl4kho5s9pnv8nstq15q1ld4g9ga for key kjSt7EfRnj5qKvNi1E4Jq2tx9DsZALoGIvtF8qW32fY=
Jan 15, 2015 6:17:30 PM org.ccnx.ccn.io.CCNAbstractOutputStream <init>
INFORMAÇÕES: CCNAbstractOutputStream: /ccnx.org/test/CCNNetworkTestRepo-15-01-15-18.17.24/content_-7499406587867137679/=FD054B82E6A354 blocksize is 4096
Jan 15, 2015 6:17:30 PM org.ccnx.ccn.io.CCNAbstractOutputStream startWrite
INFORMAÇÕES: CCNAbstractOutputStream: startWrite -- searching for keys.
Jan 15, 2015 6:17:30 PM org.ccnx.ccn.profiles.security.access.AccessControlManager keysForOutput
INFORMAÇÕES: keysForOutput: found an acm: (null)
Jan 15, 2015 6:17:30 PM org.ccnx.ccn.impl.repo.RepositoryFlowControl startWrite
INFORMAÇÕES: RepositoryFlowControl.startWrite called for name /ccnx.org/test/CCNNetworkTestRepo-15-01-15-18.17.24/content_-7499406587867137679/=FD054B82E6A354, shape STREAM
Jan 15, 2015 6:17:30 PM org.ccnx.ccn.impl.repo.RepositoryFlowControl handleContent
INFORMAÇÕES: handleContent: got potential repo message: /ccnx.org/test/CCNNetworkTestRepo-15-01-15-18.17.24/content_-7499406587867137679/=FD054B82E6A354/%C1.R.sw/%C1.N=00F8EA5306C08D84FF
Jan 15, 2015 6:17:30 PM org.ccnx.ccn.io.CCNOutputStream flushToNetwork
INFORMAÇÕES: flush: outputting to the segmenter, baseName /ccnx.org/test/CCNNetworkTestRepo-15-01-15-18.17.24/content_-7499406587867137679/=FD054B82E6A354 basenameindex =00; 16 bytes written, holding back 16 flushing final blocks? false.
Jan 15, 2015 6:17:30 PM org.ccnx.ccn.io.CCNOutputStream flushToNetwork
INFORMAÇÕES: HEADER: CCNOutputStream: flushToNetwork: new _baseNameIndex 0
Jan 15, 2015 6:17:30 PM org.ccnx.ccn.io.CCNOutputStream flushToNetwork
INFORMAÇÕES: flush: outputting to the segmenter, baseName /ccnx.org/test/CCNNetworkTestRepo-15-01-15-18.17.24/content_-7499406587867137679/=FD054B82E6A354 basenameindex =00; 16 bytes written, holding back 0 flushing final blocks? true.
Jan 15, 2015 6:17:30 PM org.ccnx.ccn.io.CCNOutputStream flushToNetwork
INFORMAÇÕES: HEADER: CCNOutputStream: flushToNetwork: new _baseNameIndex 1
Jan 15, 2015 6:17:30 PM org.ccnx.ccn.io.CCNOutputStream close
INFORMAÇÕES: CCNOutputStream close: /ccnx.org/test/CCNNetworkTestRepo-15-01-15-18.17.24/content_-7499406587867137679/=FD054B82E6A354
Jan 15, 2015 6:17:30 PM org.ccnx.ccn.io.content.CCNNetworkObject createFlowController
INFORMAÇÕES: Created LOCALREPOSITORY flow controller, for prefix /ccnx.org/test/CCNNetworkTestRepo-15-01-15-18.17.24/content_-7499406587867137679, save type LOCALREPOSITORY
Jan 15, 2015 6:17:30 PM org.ccnx.ccn.impl.CCNFlowControl addNameSpace
INFORMAÇÕES: Flow controller addNameSpace: added namespace: /ccnx.org/test/CCNNetworkTestRepo-15-01-15-18.17.24/content_-7499406587867137679
Jan 15, 2015 6:17:30 PM org.ccnx.ccn.impl.security.keys.BasicKeyManager getKeyLocator
INFORMAÇÕES: getKeyLocator: returning locator NAME: /ccnx.org/Users/root/Keys/%C1.M.K=009234ADEC47D19E3E6A2AF362D44E09AB6B71F43B1900BA0622FB45F2A5B7D9F6/=FD054AE7DE1000 KEY:-reba89rgbj1o6ata34t5eovcl4kho5s9pnv8nstq15q1ld4g9ga for key kjSt7EfRnj5qKvNi1E4Jq2tx9DsZALoGIvtF8qW32fY=
Jan 15, 2015 6:17:30 PM org.ccnx.ccn.io.CCNAbstractOutputStream <init>
INFORMAÇÕES: CCNAbstractOutputStream: /ccnx.org/test/CCNNetworkTestRepo-15-01-15-18.17.24/content_-7499406587867137679/=FD054B82E6A4E1 blocksize is 4096
Jan 15, 2015 6:17:30 PM org.ccnx.ccn.io.CCNAbstractOutputStream startWrite
INFORMAÇÕES: CCNAbstractOutputStream: startWrite -- searching for keys.
Jan 15, 2015 6:17:30 PM org.ccnx.ccn.profiles.security.access.AccessControlManager keysForOutput
INFORMAÇÕES: keysForOutput: found an acm: (null)
Jan 15, 2015 6:17:30 PM org.ccnx.ccn.impl.repo.RepositoryFlowControl startWrite
INFORMAÇÕES: RepositoryFlowControl.startWrite called for name /ccnx.org/test/CCNNetworkTestRepo-15-01-15-18.17.24/content_-7499406587867137679/=FD054B82E6A4E1, shape STREAM
Jan 15, 2015 6:17:30 PM org.ccnx.ccn.impl.repo.RepositoryFlowControl handleContent
INFORMAÇÕES: handleContent: got potential repo message: /ccnx.org/test/CCNNetworkTestRepo-15-01-15-18.17.24/content_-7499406587867137679/=FD054B82E6A4E1/%C1.R.sw/%C1.N=000856D4F00E651681
Jan 15, 2015 6:17:30 PM org.ccnx.ccn.io.CCNOutputStream flushToNetwork
INFORMAÇÕES: flush: outputting to the segmenter, baseName /ccnx.org/test/CCNNetworkTestRepo-15-01-15-18.17.24/content_-7499406587867137679/=FD054B82E6A4E1 basenameindex =00; 16 bytes written, holding back 16 flushing final blocks? false.
Jan 15, 2015 6:17:30 PM org.ccnx.ccn.io.CCNOutputStream flushToNetwork
INFORMAÇÕES: HEADER: CCNOutputStream: flushToNetwork: new _baseNameIndex 0
Jan 15, 2015 6:17:30 PM org.ccnx.ccn.io.CCNOutputStream flushToNetwork
INFORMAÇÕES: flush: outputting to the segmenter, baseName /ccnx.org/test/CCNNetworkTestRepo-15-01-15-18.17.24/content_-7499406587867137679/=FD054B82E6A4E1 basenameindex =00; 16 bytes written, holding back 0 flushing final blocks? true.
Jan 15, 2015 6:17:30 PM org.ccnx.ccn.io.CCNOutputStream flushToNetwork
INFORMAÇÕES: HEADER: CCNOutputStream: flushToNetwork: new _baseNameIndex 1
Jan 15, 2015 6:17:30 PM org.ccnx.ccn.io.CCNOutputStream close
INFORMAÇÕES: CCNOutputStream close: /ccnx.org/test/CCNNetworkTestRepo-15-01-15-18.17.24/content_-7499406587867137679/=FD054B82E6A4E1
Jan 15, 2015 6:17:30 PM org.ccnx.ccn.io.content.CCNNetworkObject createFlowController
INFORMAÇÕES: Created LOCALREPOSITORY flow controller, for prefix /ccnx.org/test/CCNNetworkTestRepo-15-01-15-18.17.24/content_-7499406587867137679, save type LOCALREPOSITORY
Jan 15, 2015 6:17:30 PM org.ccnx.ccn.impl.CCNFlowControl addNameSpace
INFORMAÇÕES: Flow controller addNameSpace: added namespace: /ccnx.org/test/CCNNetworkTestRepo-15-01-15-18.17.24/content_-7499406587867137679
Jan 15, 2015 6:17:30 PM org.ccnx.ccn.impl.security.keys.BasicKeyManager getKeyLocator
INFORMAÇÕES: getKeyLocator: returning locator NAME: /ccnx.org/Users/root/Keys/%C1.M.K=009234ADEC47D19E3E6A2AF362D44E09AB6B71F43B1900BA0622FB45F2A5B7D9F6/=FD054AE7DE1000 KEY:-reba89rgbj1o6ata34t5eovcl4kho5s9pnv8nstq15q1ld4g9ga for key kjSt7EfRnj5qKvNi1E4Jq2tx9DsZALoGIvtF8qW32fY=
Jan 15, 2015 6:17:30 PM org.ccnx.ccn.io.CCNAbstractOutputStream <init>
INFORMAÇÕES: CCNAbstractOutputStream: /ccnx.org/test/CCNNetworkTestRepo-15-01-15-18.17.24/content_-7499406587867137679/=FD054B82E6A66F blocksize is 4096
Jan 15, 2015 6:17:30 PM org.ccnx.ccn.io.CCNAbstractOutputStream startWrite
INFORMAÇÕES: CCNAbstractOutputStream: startWrite -- searching for keys.
Jan 15, 2015 6:17:30 PM org.ccnx.ccn.profiles.security.access.AccessControlManager keysForOutput
INFORMAÇÕES: keysForOutput: found an acm: (null)
Jan 15, 2015 6:17:30 PM org.ccnx.ccn.impl.repo.RepositoryFlowControl startWrite
INFORMAÇÕES: RepositoryFlowControl.startWrite called for name /ccnx.org/test/CCNNetworkTestRepo-15-01-15-18.17.24/content_-7499406587867137679/=FD054B82E6A66F, shape STREAM
Jan 15, 2015 6:17:30 PM org.ccnx.ccn.impl.repo.RepositoryFlowControl handleContent
INFORMAÇÕES: handleContent: got potential repo message: /ccnx.org/test/CCNNetworkTestRepo-15-01-15-18.17.24/content_-7499406587867137679/=FD054B82E6A66F/%C1.R.sw/%C1.N=0083B8DFDCDD1840F3
Jan 15, 2015 6:17:30 PM org.ccnx.ccn.io.CCNOutputStream flushToNetwork
INFORMAÇÕES: flush: outputting to the segmenter, baseName /ccnx.org/test/CCNNetworkTestRepo-15-01-15-18.17.24/content_-7499406587867137679/=FD054B82E6A66F basenameindex =00; 16 bytes written, holding back 16 flushing final blocks? false.
Jan 15, 2015 6:17:30 PM org.ccnx.ccn.io.CCNOutputStream flushToNetwork
INFORMAÇÕES: HEADER: CCNOutputStream: flushToNetwork: new _baseNameIndex 0
Jan 15, 2015 6:17:30 PM org.ccnx.ccn.io.CCNOutputStream flushToNetwork
INFORMAÇÕES: flush: outputting to the segmenter, baseName /ccnx.org/test/CCNNetworkTestRepo-15-01-15-18.17.24/content_-7499406587867137679/=FD054B82E6A66F basenameindex =00; 16 bytes written, holding back 0 flushing final blocks? true.
Jan 15, 2015 6:17:30 PM org.ccnx.ccn.io.CCNOutputStream flushToNetwork
INFORMAÇÕES: HEADER: CCNOutputStream: flushToNetwork: new _baseNameIndex 1
Jan 15, 2015 6:17:30 PM org.ccnx.ccn.io.CCNOutputStream close
INFORMAÇÕES: CCNOutputStream close: /ccnx.org/test/CCNNetworkTestRepo-15-01-15-18.17.24/content_-7499406587867137679/=FD054B82E6A66F
Jan 15, 2015 6:17:30 PM org.ccnx.ccn.io.content.CCNNetworkObject createFlowController
INFORMAÇÕES: Created LOCALREPOSITORY flow controller, for prefix /ccnx.org/test/CCNNetworkTestRepo-15-01-15-18.17.24/content_-7499406587867137679, save type LOCALREPOSITORY
Jan 15, 2015 6:17:30 PM org.ccnx.ccn.impl.CCNFlowControl addNameSpace
INFORMAÇÕES: Flow controller addNameSpace: added namespace: /ccnx.org/test/CCNNetworkTestRepo-15-01-15-18.17.24/content_-7499406587867137679
Jan 15, 2015 6:17:30 PM org.ccnx.ccn.impl.security.keys.BasicKeyManager getKeyLocator
INFORMAÇÕES: getKeyLocator: returning locator NAME: /ccnx.org/Users/root/Keys/%C1.M.K=009234ADEC47D19E3E6A2AF362D44E09AB6B71F43B1900BA0622FB45F2A5B7D9F6/=FD054AE7DE1000 KEY:-reba89rgbj1o6ata34t5eovcl4kho5s9pnv8nstq15q1ld4g9ga for key kjSt7EfRnj5qKvNi1E4Jq2tx9DsZALoGIvtF8qW32fY=
Jan 15, 2015 6:17:30 PM org.ccnx.ccn.io.CCNAbstractOutputStream <init>
INFORMAÇÕES: CCNAbstractOutputStream: /ccnx.org/test/CCNNetworkTestRepo-15-01-15-18.17.24/content_-7499406587867137679/=FD054B82E6A7F0 blocksize is 4096
Jan 15, 2015 6:17:30 PM org.ccnx.ccn.io.CCNAbstractOutputStream startWrite
INFORMAÇÕES: CCNAbstractOutputStream: startWrite -- searching for keys.
Jan 15, 2015 6:17:30 PM org.ccnx.ccn.profiles.security.access.AccessControlManager keysForOutput
INFORMAÇÕES: keysForOutput: found an acm: (null)
Jan 15, 2015 6:17:30 PM org.ccnx.ccn.impl.repo.RepositoryFlowControl startWrite
INFORMAÇÕES: RepositoryFlowControl.startWrite called for name /ccnx.org/test/CCNNetworkTestRepo-15-01-15-18.17.24/content_-7499406587867137679/=FD054B82E6A7F0, shape STREAM
Jan 15, 2015 6:17:30 PM org.ccnx.ccn.impl.repo.RepositoryFlowControl handleContent
INFORMAÇÕES: handleContent: got potential repo message: /ccnx.org/test/CCNNetworkTestRepo-15-01-15-18.17.24/content_-7499406587867137679/=FD054B82E6A7F0/%C1.R.sw/%C1.N%00g=C62285FA65F934
Jan 15, 2015 6:17:30 PM org.ccnx.ccn.io.CCNOutputStream flushToNetwork
INFORMAÇÕES: flush: outputting to the segmenter, baseName /ccnx.org/test/CCNNetworkTestRepo-15-01-15-18.17.24/content_-7499406587867137679/=FD054B82E6A7F0 basenameindex =00; 16 bytes written, holding back 16 flushing final blocks? false.
Jan 15, 2015 6:17:30 PM org.ccnx.ccn.io.CCNOutputStream flushToNetwork
INFORMAÇÕES: HEADER: CCNOutputStream: flushToNetwork: new _baseNameIndex 0
Jan 15, 2015 6:17:30 PM org.ccnx.ccn.io.CCNOutputStream flushToNetwork
INFORMAÇÕES: flush: outputting to the segmenter, baseName /ccnx.org/test/CCNNetworkTestRepo-15-01-15-18.17.24/content_-7499406587867137679/=FD054B82E6A7F0 basenameindex =00; 16 bytes written, holding back 0 flushing final blocks? true.
Jan 15, 2015 6:17:30 PM org.ccnx.ccn.io.CCNOutputStream flushToNetwork
INFORMAÇÕES: HEADER: CCNOutputStream: flushToNetwork: new _baseNameIndex 1
Jan 15, 2015 6:17:30 PM org.ccnx.ccn.io.CCNOutputStream close
INFORMAÇÕES: CCNOutputStream close: /ccnx.org/test/CCNNetworkTestRepo-15-01-15-18.17.24/content_-7499406587867137679/=FD054B82E6A7F0
Jan 15, 2015 6:17:30 PM org.ccnx.ccn.io.content.CCNNetworkObject createFlowController
INFORMAÇÕES: Created LOCALREPOSITORY flow controller, for prefix /ccnx.org/test/CCNNetworkTestRepo-15-01-15-18.17.24/content_-7499406587867137679, save type LOCALREPOSITORY
Jan 15, 2015 6:17:30 PM org.ccnx.ccn.impl.CCNFlowControl addNameSpace
INFORMAÇÕES: Flow controller addNameSpace: added namespace: /ccnx.org/test/CCNNetworkTestRepo-15-01-15-18.17.24/content_-7499406587867137679
Jan 15, 2015 6:17:30 PM org.ccnx.ccn.impl.security.keys.BasicKeyManager getKeyLocator
INFORMAÇÕES: getKeyLocator: returning locator NAME: /ccnx.org/Users/root/Keys/%C1.M.K=009234ADEC47D19E3E6A2AF362D44E09AB6B71F43B1900BA0622FB45F2A5B7D9F6/=FD054AE7DE1000 KEY:-reba89rgbj1o6ata34t5eovcl4kho5s9pnv8nstq15q1ld4g9ga for key kjSt7EfRnj5qKvNi1E4Jq2tx9DsZALoGIvtF8qW32fY=
Jan 15, 2015 6:17:30 PM org.ccnx.ccn.io.CCNAbstractOutputStream <init>
INFORMAÇÕES: CCNAbstractOutputStream: /ccnx.org/test/CCNNetworkTestRepo-15-01-15-18.17.24/content_-7499406587867137679/=FD054B82E6A979 blocksize is 4096
Jan 15, 2015 6:17:30 PM org.ccnx.ccn.io.CCNAbstractOutputStream startWrite
INFORMAÇÕES: CCNAbstractOutputStream: startWrite -- searching for keys.
Jan 15, 2015 6:17:30 PM org.ccnx.ccn.profiles.security.access.AccessControlManager keysForOutput
INFORMAÇÕES: keysForOutput: found an acm: (null)
Jan 15, 2015 6:17:30 PM org.ccnx.ccn.impl.repo.RepositoryFlowControl startWrite
INFORMAÇÕES: RepositoryFlowControl.startWrite called for name /ccnx.org/test/CCNNetworkTestRepo-15-01-15-18.17.24/content_-7499406587867137679/=FD054B82E6A979, shape STREAM
Jan 15, 2015 6:17:30 PM org.ccnx.ccn.impl.repo.RepositoryFlowControl handleContent
INFORMAÇÕES: handleContent: got potential repo message: /ccnx.org/test/CCNNetworkTestRepo-15-01-15-18.17.24/content_-7499406587867137679/=FD054B82E6A979/%C1.R.sw/%C1.N=007D72161FFD3F72D7
Jan 15, 2015 6:17:30 PM org.ccnx.ccn.io.CCNOutputStream flushToNetwork
INFORMAÇÕES: flush: outputting to the segmenter, baseName /ccnx.org/test/CCNNetworkTestRepo-15-01-15-18.17.24/content_-7499406587867137679/=FD054B82E6A979 basenameindex =00; 16 bytes written, holding back 16 flushing final blocks? false.
Jan 15, 2015 6:17:30 PM org.ccnx.ccn.io.CCNOutputStream flushToNetwork
INFORMAÇÕES: HEADER: CCNOutputStream: flushToNetwork: new _baseNameIndex 0
Jan 15, 2015 6:17:30 PM org.ccnx.ccn.io.CCNOutputStream flushToNetwork
INFORMAÇÕES: flush: outputting to the segmenter, baseName /ccnx.org/test/CCNNetworkTestRepo-15-01-15-18.17.24/content_-7499406587867137679/=FD054B82E6A979 basenameindex =00; 16 bytes written, holding back 0 flushing final blocks? true.
Jan 15, 2015 6:17:30 PM org.ccnx.ccn.io.CCNOutputStream flushToNetwork
INFORMAÇÕES: HEADER: CCNOutputStream: flushToNetwork: new _baseNameIndex 1
Jan 15, 2015 6:17:30 PM org.ccnx.ccn.io.CCNOutputStream close
INFORMAÇÕES: CCNOutputStream close: /ccnx.org/test/CCNNetworkTestRepo-15-01-15-18.17.24/content_-7499406587867137679/=FD054B82E6A979
Jan 15, 2015 6:17:30 PM org.ccnx.ccn.io.content.CCNNetworkObject createFlowController
INFORMAÇÕES: Created LOCALREPOSITORY flow controller, for prefix /ccnx.org/test/CCNNetworkTestRepo-15-01-15-18.17.24/content_-7499406587867137679, save type LOCALREPOSITORY
Jan 15, 2015 6:17:30 PM org.ccnx.ccn.impl.CCNFlowControl addNameSpace
INFORMAÇÕES: Flow controller addNameSpace: added namespace: /ccnx.org/test/CCNNetworkTestRepo-15-01-15-18.17.24/content_-7499406587867137679
Jan 15, 2015 6:17:30 PM org.ccnx.ccn.impl.security.keys.BasicKeyManager getKeyLocator
INFORMAÇÕES: getKeyLocator: returning locator NAME: /ccnx.org/Users/root/Keys/%C1.M.K=009234ADEC47D19E3E6A2AF362D44E09AB6B71F43B1900BA0622FB45F2A5B7D9F6/=FD054AE7DE1000 KEY:-reba89rgbj1o6ata34t5eovcl4kho5s9pnv8nstq15q1ld4g9ga for key kjSt7EfRnj5qKvNi1E4Jq2tx9DsZALoGIvtF8qW32fY=
Jan 15, 2015 6:17:30 PM org.ccnx.ccn.io.CCNAbstractOutputStream <init>
INFORMAÇÕES: CCNAbstractOutputStream: /ccnx.org/test/CCNNetworkTestRepo-15-01-15-18.17.24/content_-7499406587867137679/=FD054B82E6AB0E blocksize is 4096
Jan 15, 2015 6:17:30 PM org.ccnx.ccn.io.CCNAbstractOutputStream startWrite
INFORMAÇÕES: CCNAbstractOutputStream: startWrite -- searching for keys.
Jan 15, 2015 6:17:30 PM org.ccnx.ccn.profiles.security.access.AccessControlManager keysForOutput
INFORMAÇÕES: keysForOutput: found an acm: (null)
Jan 15, 2015 6:17:30 PM org.ccnx.ccn.impl.repo.RepositoryFlowControl startWrite
INFORMAÇÕES: RepositoryFlowControl.startWrite called for name /ccnx.org/test/CCNNetworkTestRepo-15-01-15-18.17.24/content_-7499406587867137679/=FD054B82E6AB0E, shape STREAM
Jan 15, 2015 6:17:30 PM org.ccnx.ccn.impl.repo.RepositoryFlowControl handleContent
INFORMAÇÕES: handleContent: got potential repo message: /ccnx.org/test/CCNNetworkTestRepo-15-01-15-18.17.24/content_-7499406587867137679/=FD054B82E6AB0E/%C1.R.sw/%C1.N=007FC9588F6061524E
Jan 15, 2015 6:17:30 PM org.ccnx.ccn.io.CCNOutputStream flushToNetwork
INFORMAÇÕES: flush: outputting to the segmenter, baseName /ccnx.org/test/CCNNetworkTestRepo-15-01-15-18.17.24/content_-7499406587867137679/=FD054B82E6AB0E basenameindex =00; 16 bytes written, holding back 16 flushing final blocks? false.
Jan 15, 2015 6:17:30 PM org.ccnx.ccn.io.CCNOutputStream flushToNetwork
INFORMAÇÕES: HEADER: CCNOutputStream: flushToNetwork: new _baseNameIndex 0
Jan 15, 2015 6:17:30 PM org.ccnx.ccn.io.CCNOutputStream flushToNetwork
INFORMAÇÕES: flush: outputting to the segmenter, baseName /ccnx.org/test/CCNNetworkTestRepo-15-01-15-18.17.24/content_-7499406587867137679/=FD054B82E6AB0E basenameindex =00; 16 bytes written, holding back 0 flushing final blocks? true.
Jan 15, 2015 6:17:30 PM org.ccnx.ccn.io.CCNOutputStream flushToNetwork
INFORMAÇÕES: HEADER: CCNOutputStream: flushToNetwork: new _baseNameIndex 1
Jan 15, 2015 6:17:30 PM org.ccnx.ccn.io.CCNOutputStream close
INFORMAÇÕES: CCNOutputStream close: /ccnx.org/test/CCNNetworkTestRepo-15-01-15-18.17.24/content_-7499406587867137679/=FD054B82E6AB0E
Jan 15, 2015 6:17:30 PM org.ccnx.ccn.io.content.CCNNetworkObject createFlowController
INFORMAÇÕES: Created LOCALREPOSITORY flow controller, for prefix /ccnx.org/test/CCNNetworkTestRepo-15-01-15-18.17.24/content_-7499406587867137679, save type LOCALREPOSITORY
Jan 15, 2015 6:17:30 PM org.ccnx.ccn.impl.CCNFlowControl addNameSpace
INFORMAÇÕES: Flow controller addNameSpace: added namespace: /ccnx.org/test/CCNNetworkTestRepo-15-01-15-18.17.24/content_-7499406587867137679
Jan 15, 2015 6:17:30 PM org.ccnx.ccn.impl.security.keys.BasicKeyManager getKeyLocator
INFORMAÇÕES: getKeyLocator: returning locator NAME: /ccnx.org/Users/root/Keys/%C1.M.K=009234ADEC47D19E3E6A2AF362D44E09AB6B71F43B1900BA0622FB45F2A5B7D9F6/=FD054AE7DE1000 KEY:-reba89rgbj1o6ata34t5eovcl4kho5s9pnv8nstq15q1ld4g9ga for key kjSt7EfRnj5qKvNi1E4Jq2tx9DsZALoGIvtF8qW32fY=
Jan 15, 2015 6:17:30 PM org.ccnx.ccn.io.CCNAbstractOutputStream <init>
INFORMAÇÕES: CCNAbstractOutputStream: /ccnx.org/test/CCNNetworkTestRepo-15-01-15-18.17.24/content_-7499406587867137679/=FD054B82E6AC93 blocksize is 4096
Jan 15, 2015 6:17:30 PM org.ccnx.ccn.io.CCNAbstractOutputStream startWrite
INFORMAÇÕES: CCNAbstractOutputStream: startWrite -- searching for keys.
Jan 15, 2015 6:17:30 PM org.ccnx.ccn.profiles.security.access.AccessControlManager keysForOutput
INFORMAÇÕES: keysForOutput: found an acm: (null)
Jan 15, 2015 6:17:30 PM org.ccnx.ccn.impl.repo.RepositoryFlowControl startWrite
INFORMAÇÕES: RepositoryFlowControl.startWrite called for name /ccnx.org/test/CCNNetworkTestRepo-15-01-15-18.17.24/content_-7499406587867137679/=FD054B82E6AC93, shape STREAM
Jan 15, 2015 6:17:30 PM org.ccnx.ccn.impl.repo.RepositoryFlowControl handleContent
INFORMAÇÕES: handleContent: got potential repo message: /ccnx.org/test/CCNNetworkTestRepo-15-01-15-18.17.24/content_-7499406587867137679/=FD054B82E6AC93/%C1.R.sw/%C1.N=000D865ADD8285A860
Jan 15, 2015 6:17:30 PM org.ccnx.ccn.io.CCNOutputStream flushToNetwork
INFORMAÇÕES: flush: outputting to the segmenter, baseName /ccnx.org/test/CCNNetworkTestRepo-15-01-15-18.17.24/content_-7499406587867137679/=FD054B82E6AC93 basenameindex =00; 16 bytes written, holding back 16 flushing final blocks? false.
Jan 15, 2015 6:17:30 PM org.ccnx.ccn.io.CCNOutputStream flushToNetwork
INFORMAÇÕES: HEADER: CCNOutputStream: flushToNetwork: new _baseNameIndex 0
Jan 15, 2015 6:17:30 PM org.ccnx.ccn.io.CCNOutputStream flushToNetwork
INFORMAÇÕES: flush: outputting to the segmenter, baseName /ccnx.org/test/CCNNetworkTestRepo-15-01-15-18.17.24/content_-7499406587867137679/=FD054B82E6AC93 basenameindex =00; 16 bytes written, holding back 0 flushing final blocks? true.
Jan 15, 2015 6:17:30 PM org.ccnx.ccn.io.CCNOutputStream flushToNetwork
INFORMAÇÕES: HEADER: CCNOutputStream: flushToNetwork: new _baseNameIndex 1
Jan 15, 2015 6:17:30 PM org.ccnx.ccn.io.CCNOutputStream close
INFORMAÇÕES: CCNOutputStream close: /ccnx.org/test/CCNNetworkTestRepo-15-01-15-18.17.24/content_-7499406587867137679/=FD054B82E6AC93
Jan 15, 2015 6:17:30 PM org.ccnx.ccn.io.content.CCNNetworkObject createFlowController
INFORMAÇÕES: Created LOCALREPOSITORY flow controller, for prefix /ccnx.org/test/CCNNetworkTestRepo-15-01-15-18.17.24/content_-7499406587867137679, save type LOCALREPOSITORY
Jan 15, 2015 6:17:30 PM org.ccnx.ccn.impl.CCNFlowControl addNameSpace
INFORMAÇÕES: Flow controller addNameSpace: added namespace: /ccnx.org/test/CCNNetworkTestRepo-15-01-15-18.17.24/content_-7499406587867137679
Jan 15, 2015 6:17:30 PM org.ccnx.ccn.impl.security.keys.BasicKeyManager getKeyLocator
INFORMAÇÕES: getKeyLocator: returning locator NAME: /ccnx.org/Users/root/Keys/%C1.M.K=009234ADEC47D19E3E6A2AF362D44E09AB6B71F43B1900BA0622FB45F2A5B7D9F6/=FD054AE7DE1000 KEY:-reba89rgbj1o6ata34t5eovcl4kho5s9pnv8nstq15q1ld4g9ga for key kjSt7EfRnj5qKvNi1E4Jq2tx9DsZALoGIvtF8qW32fY=
Jan 15, 2015 6:17:30 PM org.ccnx.ccn.io.CCNAbstractOutputStream <init>
INFORMAÇÕES: CCNAbstractOutputStream: /ccnx.org/test/CCNNetworkTestRepo-15-01-15-18.17.24/content_-7499406587867137679/=FD054B82E6AE21 blocksize is 4096
Jan 15, 2015 6:17:30 PM org.ccnx.ccn.io.CCNAbstractOutputStream startWrite
INFORMAÇÕES: CCNAbstractOutputStream: startWrite -- searching for keys.
Jan 15, 2015 6:17:30 PM org.ccnx.ccn.profiles.security.access.AccessControlManager keysForOutput
INFORMAÇÕES: keysForOutput: found an acm: (null)
Jan 15, 2015 6:17:30 PM org.ccnx.ccn.impl.repo.RepositoryFlowControl startWrite
INFORMAÇÕES: RepositoryFlowControl.startWrite called for name /ccnx.org/test/CCNNetworkTestRepo-15-01-15-18.17.24/content_-7499406587867137679/=FD054B82E6AE21, shape STREAM
Jan 15, 2015 6:17:30 PM org.ccnx.ccn.impl.repo.RepositoryFlowControl handleContent
INFORMAÇÕES: handleContent: got potential repo message: /ccnx.org/test/CCNNetworkTestRepo-15-01-15-18.17.24/content_-7499406587867137679/=FD054B82E6AE21/%C1.R.sw/%C1.N%00i=1FE4BDE719E9E6
Jan 15, 2015 6:17:30 PM org.ccnx.ccn.io.CCNOutputStream flushToNetwork
INFORMAÇÕES: flush: outputting to the segmenter, baseName /ccnx.org/test/CCNNetworkTestRepo-15-01-15-18.17.24/content_-7499406587867137679/=FD054B82E6AE21 basenameindex =00; 16 bytes written, holding back 16 flushing final blocks? false.
Jan 15, 2015 6:17:30 PM org.ccnx.ccn.io.CCNOutputStream flushToNetwork
INFORMAÇÕES: HEADER: CCNOutputStream: flushToNetwork: new _baseNameIndex 0
Jan 15, 2015 6:17:30 PM org.ccnx.ccn.io.CCNOutputStream flushToNetwork
INFORMAÇÕES: flush: outputting to the segmenter, baseName /ccnx.org/test/CCNNetworkTestRepo-15-01-15-18.17.24/content_-7499406587867137679/=FD054B82E6AE21 basenameindex =00; 16 bytes written, holding back 0 flushing final blocks? true.
Jan 15, 2015 6:17:30 PM org.ccnx.ccn.io.CCNOutputStream flushToNetwork
INFORMAÇÕES: HEADER: CCNOutputStream: flushToNetwork: new _baseNameIndex 1
Jan 15, 2015 6:17:30 PM org.ccnx.ccn.io.CCNOutputStream close
INFORMAÇÕES: CCNOutputStream close: /ccnx.org/test/CCNNetworkTestRepo-15-01-15-18.17.24/content_-7499406587867137679/=FD054B82E6AE21
Jan 15, 2015 6:17:30 PM org.ccnx.ccn.io.content.CCNNetworkObject createFlowController
INFORMAÇÕES: Created LOCALREPOSITORY flow controller, for prefix /ccnx.org/test/CCNNetworkTestRepo-15-01-15-18.17.24/content_-7499406587867137679, save type LOCALREPOSITORY
Jan 15, 2015 6:17:31 PM org.ccnx.ccn.impl.CCNFlowControl addNameSpace
INFORMAÇÕES: Flow controller addNameSpace: added namespace: /ccnx.org/test/CCNNetworkTestRepo-15-01-15-18.17.24/content_-7499406587867137679
Jan 15, 2015 6:17:31 PM org.ccnx.ccn.impl.security.keys.BasicKeyManager getKeyLocator
INFORMAÇÕES: getKeyLocator: returning locator NAME: /ccnx.org/Users/root/Keys/%C1.M.K=009234ADEC47D19E3E6A2AF362D44E09AB6B71F43B1900BA0622FB45F2A5B7D9F6/=FD054AE7DE1000 KEY:-reba89rgbj1o6ata34t5eovcl4kho5s9pnv8nstq15q1ld4g9ga for key kjSt7EfRnj5qKvNi1E4Jq2tx9DsZALoGIvtF8qW32fY=
Jan 15, 2015 6:17:31 PM org.ccnx.ccn.io.CCNAbstractOutputStream <init>
INFORMAÇÕES: CCNAbstractOutputStream: /ccnx.org/test/CCNNetworkTestRepo-15-01-15-18.17.24/content_-7499406587867137679/=FD054B82E6AFAA blocksize is 4096
Jan 15, 2015 6:17:31 PM org.ccnx.ccn.io.CCNAbstractOutputStream startWrite
INFORMAÇÕES: CCNAbstractOutputStream: startWrite -- searching for keys.
Jan 15, 2015 6:17:31 PM org.ccnx.ccn.profiles.security.access.AccessControlManager keysForOutput
INFORMAÇÕES: keysForOutput: found an acm: (null)
Jan 15, 2015 6:17:31 PM org.ccnx.ccn.impl.repo.RepositoryFlowControl startWrite
INFORMAÇÕES: RepositoryFlowControl.startWrite called for name /ccnx.org/test/CCNNetworkTestRepo-15-01-15-18.17.24/content_-7499406587867137679/=FD054B82E6AFAA, shape STREAM
Jan 15, 2015 6:17:31 PM org.ccnx.ccn.impl.repo.RepositoryFlowControl handleContent
INFORMAÇÕES: handleContent: got potential repo message: /ccnx.org/test/CCNNetworkTestRepo-15-01-15-18.17.24/content_-7499406587867137679/=FD054B82E6AFAA/%C1.R.sw/%C1.N%00E8=A81776B64DCE
Jan 15, 2015 6:17:31 PM org.ccnx.ccn.io.CCNOutputStream flushToNetwork
INFORMAÇÕES: flush: outputting to the segmenter, baseName /ccnx.org/test/CCNNetworkTestRepo-15-01-15-18.17.24/content_-7499406587867137679/=FD054B82E6AFAA basenameindex =00; 16 bytes written, holding back 16 flushing final blocks? false.
Jan 15, 2015 6:17:31 PM org.ccnx.ccn.io.CCNOutputStream flushToNetwork
INFORMAÇÕES: HEADER: CCNOutputStream: flushToNetwork: new _baseNameIndex 0
Jan 15, 2015 6:17:31 PM org.ccnx.ccn.io.CCNOutputStream flushToNetwork
INFORMAÇÕES: flush: outputting to the segmenter, baseName /ccnx.org/test/CCNNetworkTestRepo-15-01-15-18.17.24/content_-7499406587867137679/=FD054B82E6AFAA basenameindex =00; 16 bytes written, holding back 0 flushing final blocks? true.
Jan 15, 2015 6:17:31 PM org.ccnx.ccn.io.CCNOutputStream flushToNetwork
INFORMAÇÕES: HEADER: CCNOutputStream: flushToNetwork: new _baseNameIndex 1
Jan 15, 2015 6:17:31 PM org.ccnx.ccn.io.CCNOutputStream close
INFORMAÇÕES: CCNOutputStream close: /ccnx.org/test/CCNNetworkTestRepo-15-01-15-18.17.24/content_-7499406587867137679/=FD054B82E6AFAA
Jan 15, 2015 6:17:31 PM org.ccnx.ccn.io.content.CCNNetworkObject createFlowController
INFORMAÇÕES: Created LOCALREPOSITORY flow controller, for prefix /ccnx.org/test/CCNNetworkTestRepo-15-01-15-18.17.24/content_-7499406587867137679, save type LOCALREPOSITORY
Jan 15, 2015 6:17:31 PM org.ccnx.ccn.impl.CCNFlowControl addNameSpace
INFORMAÇÕES: Flow controller addNameSpace: added namespace: /ccnx.org/test/CCNNetworkTestRepo-15-01-15-18.17.24/content_-7499406587867137679
Jan 15, 2015 6:17:31 PM org.ccnx.ccn.impl.security.keys.BasicKeyManager getKeyLocator
INFORMAÇÕES: getKeyLocator: returning locator NAME: /ccnx.org/Users/root/Keys/%C1.M.K=009234ADEC47D19E3E6A2AF362D44E09AB6B71F43B1900BA0622FB45F2A5B7D9F6/=FD054AE7DE1000 KEY:-reba89rgbj1o6ata34t5eovcl4kho5s9pnv8nstq15q1ld4g9ga for key kjSt7EfRnj5qKvNi1E4Jq2tx9DsZALoGIvtF8qW32fY=
Jan 15, 2015 6:17:31 PM org.ccnx.ccn.io.CCNAbstractOutputStream <init>
INFORMAÇÕES: CCNAbstractOutputStream: /ccnx.org/test/CCNNetworkTestRepo-15-01-15-18.17.24/content_-7499406587867137679/=FD054B82E6B133 blocksize is 4096
Jan 15, 2015 6:17:31 PM org.ccnx.ccn.io.CCNAbstractOutputStream startWrite
INFORMAÇÕES: CCNAbstractOutputStream: startWrite -- searching for keys.
Jan 15, 2015 6:17:31 PM org.ccnx.ccn.profiles.security.access.AccessControlManager keysForOutput
INFORMAÇÕES: keysForOutput: found an acm: (null)
Jan 15, 2015 6:17:31 PM org.ccnx.ccn.impl.repo.RepositoryFlowControl startWrite
INFORMAÇÕES: RepositoryFlowControl.startWrite called for name /ccnx.org/test/CCNNetworkTestRepo-15-01-15-18.17.24/content_-7499406587867137679/=FD054B82E6B133, shape STREAM
Jan 15, 2015 6:17:31 PM org.ccnx.ccn.impl.repo.RepositoryFlowControl handleContent
INFORMAÇÕES: handleContent: got potential repo message: /ccnx.org/test/CCNNetworkTestRepo-15-01-15-18.17.24/content_-7499406587867137679/=FD054B82E6B133/%C1.R.sw/%C1.N=003A48F36887980B67
Jan 15, 2015 6:17:31 PM org.ccnx.ccn.io.CCNOutputStream flushToNetwork
INFORMAÇÕES: flush: outputting to the segmenter, baseName /ccnx.org/test/CCNNetworkTestRepo-15-01-15-18.17.24/content_-7499406587867137679/=FD054B82E6B133 basenameindex =00; 16 bytes written, holding back 16 flushing final blocks? false.
Jan 15, 2015 6:17:31 PM org.ccnx.ccn.io.CCNOutputStream flushToNetwork
INFORMAÇÕES: HEADER: CCNOutputStream: flushToNetwork: new _baseNameIndex 0
Jan 15, 2015 6:17:31 PM org.ccnx.ccn.io.CCNOutputStream flushToNetwork
INFORMAÇÕES: flush: outputting to the segmenter, baseName /ccnx.org/test/CCNNetworkTestRepo-15-01-15-18.17.24/content_-7499406587867137679/=FD054B82E6B133 basenameindex =00; 16 bytes written, holding back 0 flushing final blocks? true.
Jan 15, 2015 6:17:31 PM org.ccnx.ccn.io.CCNOutputStream flushToNetwork
INFORMAÇÕES: HEADER: CCNOutputStream: flushToNetwork: new _baseNameIndex 1
Jan 15, 2015 6:17:31 PM org.ccnx.ccn.io.CCNOutputStream close
INFORMAÇÕES: CCNOutputStream close: /ccnx.org/test/CCNNetworkTestRepo-15-01-15-18.17.24/content_-7499406587867137679/=FD054B82E6B133
Jan 15, 2015 6:17:31 PM org.ccnx.ccn.io.content.CCNNetworkObject createFlowController
INFORMAÇÕES: Created LOCALREPOSITORY flow controller, for prefix /ccnx.org/test/CCNNetworkTestRepo-15-01-15-18.17.24/content_-7499406587867137679, save type LOCALREPOSITORY
Jan 15, 2015 6:17:31 PM org.ccnx.ccn.impl.CCNFlowControl addNameSpace
INFORMAÇÕES: Flow controller addNameSpace: added namespace: /ccnx.org/test/CCNNetworkTestRepo-15-01-15-18.17.24/content_-7499406587867137679
Jan 15, 2015 6:17:31 PM org.ccnx.ccn.impl.security.keys.BasicKeyManager getKeyLocator
INFORMAÇÕES: getKeyLocator: returning locator NAME: /ccnx.org/Users/root/Keys/%C1.M.K=009234ADEC47D19E3E6A2AF362D44E09AB6B71F43B1900BA0622FB45F2A5B7D9F6/=FD054AE7DE1000 KEY:-reba89rgbj1o6ata34t5eovcl4kho5s9pnv8nstq15q1ld4g9ga for key kjSt7EfRnj5qKvNi1E4Jq2tx9DsZALoGIvtF8qW32fY=
Jan 15, 2015 6:17:31 PM org.ccnx.ccn.io.CCNAbstractOutputStream <init>
INFORMAÇÕES: CCNAbstractOutputStream: /ccnx.org/test/CCNNetworkTestRepo-15-01-15-18.17.24/content_-7499406587867137679/=FD054B82E6B2AC blocksize is 4096
Jan 15, 2015 6:17:31 PM org.ccnx.ccn.io.CCNAbstractOutputStream startWrite
INFORMAÇÕES: CCNAbstractOutputStream: startWrite -- searching for keys.
Jan 15, 2015 6:17:31 PM org.ccnx.ccn.profiles.security.access.AccessControlManager keysForOutput
INFORMAÇÕES: keysForOutput: found an acm: (null)
Jan 15, 2015 6:17:31 PM org.ccnx.ccn.impl.repo.RepositoryFlowControl startWrite
INFORMAÇÕES: RepositoryFlowControl.startWrite called for name /ccnx.org/test/CCNNetworkTestRepo-15-01-15-18.17.24/content_-7499406587867137679/=FD054B82E6B2AC, shape STREAM
Jan 15, 2015 6:17:31 PM org.ccnx.ccn.impl.repo.RepositoryFlowControl handleContent
INFORMAÇÕES: handleContent: got potential repo message: /ccnx.org/test/CCNNetworkTestRepo-15-01-15-18.17.24/content_-7499406587867137679/=FD054B82E6B2AC/%C1.R.sw/%C1.N=0094718205F4C23670
Jan 15, 2015 6:17:31 PM org.ccnx.ccn.io.CCNOutputStream flushToNetwork
INFORMAÇÕES: flush: outputting to the segmenter, baseName /ccnx.org/test/CCNNetworkTestRepo-15-01-15-18.17.24/content_-7499406587867137679/=FD054B82E6B2AC basenameindex =00; 16 bytes written, holding back 16 flushing final blocks? false.
Jan 15, 2015 6:17:31 PM org.ccnx.ccn.io.CCNOutputStream flushToNetwork
INFORMAÇÕES: HEADER: CCNOutputStream: flushToNetwork: new _baseNameIndex 0
Jan 15, 2015 6:17:31 PM org.ccnx.ccn.io.CCNOutputStream flushToNetwork
INFORMAÇÕES: flush: outputting to the segmenter, baseName /ccnx.org/test/CCNNetworkTestRepo-15-01-15-18.17.24/content_-7499406587867137679/=FD054B82E6B2AC basenameindex =00; 16 bytes written, holding back 0 flushing final blocks? true.
Jan 15, 2015 6:17:31 PM org.ccnx.ccn.io.CCNOutputStream flushToNetwork
INFORMAÇÕES: HEADER: CCNOutputStream: flushToNetwork: new _baseNameIndex 1
Jan 15, 2015 6:17:31 PM org.ccnx.ccn.io.CCNOutputStream close
INFORMAÇÕES: CCNOutputStream close: /ccnx.org/test/CCNNetworkTestRepo-15-01-15-18.17.24/content_-7499406587867137679/=FD054B82E6B2AC
Jan 15, 2015 6:17:31 PM org.ccnx.ccn.io.content.CCNNetworkObject createFlowController
INFORMAÇÕES: Created LOCALREPOSITORY flow controller, for prefix /ccnx.org/test/CCNNetworkTestRepo-15-01-15-18.17.24/content_-7499406587867137679, save type LOCALREPOSITORY
Jan 15, 2015 6:17:31 PM org.ccnx.ccn.impl.CCNFlowControl addNameSpace
INFORMAÇÕES: Flow controller addNameSpace: added namespace: /ccnx.org/test/CCNNetworkTestRepo-15-01-15-18.17.24/content_-7499406587867137679
Jan 15, 2015 6:17:31 PM org.ccnx.ccn.impl.security.keys.BasicKeyManager getKeyLocator
INFORMAÇÕES: getKeyLocator: returning locator NAME: /ccnx.org/Users/root/Keys/%C1.M.K=009234ADEC47D19E3E6A2AF362D44E09AB6B71F43B1900BA0622FB45F2A5B7D9F6/=FD054AE7DE1000 KEY:-reba89rgbj1o6ata34t5eovcl4kho5s9pnv8nstq15q1ld4g9ga for key kjSt7EfRnj5qKvNi1E4Jq2tx9DsZALoGIvtF8qW32fY=
Jan 15, 2015 6:17:31 PM org.ccnx.ccn.io.CCNAbstractOutputStream <init>
INFORMAÇÕES: CCNAbstractOutputStream: /ccnx.org/test/CCNNetworkTestRepo-15-01-15-18.17.24/content_-7499406587867137679/=FD054B82E6B431 blocksize is 4096
Jan 15, 2015 6:17:31 PM org.ccnx.ccn.io.CCNAbstractOutputStream startWrite
INFORMAÇÕES: CCNAbstractOutputStream: startWrite -- searching for keys.
Jan 15, 2015 6:17:31 PM org.ccnx.ccn.profiles.security.access.AccessControlManager keysForOutput
INFORMAÇÕES: keysForOutput: found an acm: (null)
Jan 15, 2015 6:17:31 PM org.ccnx.ccn.impl.repo.RepositoryFlowControl startWrite
INFORMAÇÕES: RepositoryFlowControl.startWrite called for name /ccnx.org/test/CCNNetworkTestRepo-15-01-15-18.17.24/content_-7499406587867137679/=FD054B82E6B431, shape STREAM
Jan 15, 2015 6:17:31 PM org.ccnx.ccn.impl.repo.RepositoryFlowControl handleContent
INFORMAÇÕES: handleContent: got potential repo message: /ccnx.org/test/CCNNetworkTestRepo-15-01-15-18.17.24/content_-7499406587867137679/=FD054B82E6B431/%C1.R.sw/%C1.N=009A7E072E93D54642
Jan 15, 2015 6:17:31 PM org.ccnx.ccn.io.CCNOutputStream flushToNetwork
INFORMAÇÕES: flush: outputting to the segmenter, baseName /ccnx.org/test/CCNNetworkTestRepo-15-01-15-18.17.24/content_-7499406587867137679/=FD054B82E6B431 basenameindex =00; 16 bytes written, holding back 16 flushing final blocks? false.
Jan 15, 2015 6:17:31 PM org.ccnx.ccn.io.CCNOutputStream flushToNetwork
INFORMAÇÕES: HEADER: CCNOutputStream: flushToNetwork: new _baseNameIndex 0
Jan 15, 2015 6:17:31 PM org.ccnx.ccn.io.CCNOutputStream flushToNetwork
INFORMAÇÕES: flush: outputting to the segmenter, baseName /ccnx.org/test/CCNNetworkTestRepo-15-01-15-18.17.24/content_-7499406587867137679/=FD054B82E6B431 basenameindex =00; 16 bytes written, holding back 0 flushing final blocks? true.
Jan 15, 2015 6:17:31 PM org.ccnx.ccn.io.CCNOutputStream flushToNetwork
INFORMAÇÕES: HEADER: CCNOutputStream: flushToNetwork: new _baseNameIndex 1
Jan 15, 2015 6:17:31 PM org.ccnx.ccn.io.CCNOutputStream close
INFORMAÇÕES: CCNOutputStream close: /ccnx.org/test/CCNNetworkTestRepo-15-01-15-18.17.24/content_-7499406587867137679/=FD054B82E6B431
Jan 15, 2015 6:17:31 PM org.ccnx.ccn.io.content.CCNNetworkObject createFlowController
INFORMAÇÕES: Created LOCALREPOSITORY flow controller, for prefix /ccnx.org/test/CCNNetworkTestRepo-15-01-15-18.17.24/content_-7499406587867137679, save type LOCALREPOSITORY
Jan 15, 2015 6:17:31 PM org.ccnx.ccn.impl.CCNFlowControl addNameSpace
INFORMAÇÕES: Flow controller addNameSpace: added namespace: /ccnx.org/test/CCNNetworkTestRepo-15-01-15-18.17.24/content_-7499406587867137679
Jan 15, 2015 6:17:31 PM org.ccnx.ccn.impl.security.keys.BasicKeyManager getKeyLocator
INFORMAÇÕES: getKeyLocator: returning locator NAME: /ccnx.org/Users/root/Keys/%C1.M.K=009234ADEC47D19E3E6A2AF362D44E09AB6B71F43B1900BA0622FB45F2A5B7D9F6/=FD054AE7DE1000 KEY:-reba89rgbj1o6ata34t5eovcl4kho5s9pnv8nstq15q1ld4g9ga for key kjSt7EfRnj5qKvNi1E4Jq2tx9DsZALoGIvtF8qW32fY=
Jan 15, 2015 6:17:31 PM org.ccnx.ccn.io.CCNAbstractOutputStream <init>
INFORMAÇÕES: CCNAbstractOutputStream: /ccnx.org/test/CCNNetworkTestRepo-15-01-15-18.17.24/content_-7499406587867137679/=FD054B82E6B5AE blocksize is 4096
Jan 15, 2015 6:17:31 PM org.ccnx.ccn.io.CCNAbstractOutputStream startWrite
INFORMAÇÕES: CCNAbstractOutputStream: startWrite -- searching for keys.
Jan 15, 2015 6:17:31 PM org.ccnx.ccn.profiles.security.access.AccessControlManager keysForOutput
INFORMAÇÕES: keysForOutput: found an acm: (null)
Jan 15, 2015 6:17:31 PM org.ccnx.ccn.impl.repo.RepositoryFlowControl startWrite
INFORMAÇÕES: RepositoryFlowControl.startWrite called for name /ccnx.org/test/CCNNetworkTestRepo-15-01-15-18.17.24/content_-7499406587867137679/=FD054B82E6B5AE, shape STREAM
Jan 15, 2015 6:17:31 PM org.ccnx.ccn.impl.repo.RepositoryFlowControl handleContent
INFORMAÇÕES: handleContent: got potential repo message: /ccnx.org/test/CCNNetworkTestRepo-15-01-15-18.17.24/content_-7499406587867137679/=FD054B82E6B5AE/%C1.R.sw/%C1.N=007F4C1CA0C6387A76
Jan 15, 2015 6:17:31 PM org.ccnx.ccn.io.CCNOutputStream flushToNetwork
INFORMAÇÕES: flush: outputting to the segmenter, baseName /ccnx.org/test/CCNNetworkTestRepo-15-01-15-18.17.24/content_-7499406587867137679/=FD054B82E6B5AE basenameindex =00; 16 bytes written, holding back 16 flushing final blocks? false.
Jan 15, 2015 6:17:31 PM org.ccnx.ccn.io.CCNOutputStream flushToNetwork
INFORMAÇÕES: HEADER: CCNOutputStream: flushToNetwork: new _baseNameIndex 0
Jan 15, 2015 6:17:31 PM org.ccnx.ccn.io.CCNOutputStream flushToNetwork
INFORMAÇÕES: flush: outputting to the segmenter, baseName /ccnx.org/test/CCNNetworkTestRepo-15-01-15-18.17.24/content_-7499406587867137679/=FD054B82E6B5AE basenameindex =00; 16 bytes written, holding back 0 flushing final blocks? true.
Jan 15, 2015 6:17:31 PM org.ccnx.ccn.io.CCNOutputStream flushToNetwork
INFORMAÇÕES: HEADER: CCNOutputStream: flushToNetwork: new _baseNameIndex 1
Jan 15, 2015 6:17:31 PM org.ccnx.ccn.io.CCNOutputStream close
INFORMAÇÕES: CCNOutputStream close: /ccnx.org/test/CCNNetworkTestRepo-15-01-15-18.17.24/content_-7499406587867137679/=FD054B82E6B5AE
Jan 15, 2015 6:17:31 PM org.ccnx.ccn.io.content.CCNNetworkObject createFlowController
INFORMAÇÕES: Created LOCALREPOSITORY flow controller, for prefix /ccnx.org/test/CCNNetworkTestRepo-15-01-15-18.17.24/content_-7499406587867137679, save type LOCALREPOSITORY
Jan 15, 2015 6:17:31 PM org.ccnx.ccn.impl.CCNFlowControl addNameSpace
INFORMAÇÕES: Flow controller addNameSpace: added namespace: /ccnx.org/test/CCNNetworkTestRepo-15-01-15-18.17.24/content_-7499406587867137679
Jan 15, 2015 6:17:31 PM org.ccnx.ccn.impl.security.keys.BasicKeyManager getKeyLocator
INFORMAÇÕES: getKeyLocator: returning locator NAME: /ccnx.org/Users/root/Keys/%C1.M.K=009234ADEC47D19E3E6A2AF362D44E09AB6B71F43B1900BA0622FB45F2A5B7D9F6/=FD054AE7DE1000 KEY:-reba89rgbj1o6ata34t5eovcl4kho5s9pnv8nstq15q1ld4g9ga for key kjSt7EfRnj5qKvNi1E4Jq2tx9DsZALoGIvtF8qW32fY=
Jan 15, 2015 6:17:31 PM org.ccnx.ccn.io.CCNAbstractOutputStream <init>
INFORMAÇÕES: CCNAbstractOutputStream: /ccnx.org/test/CCNNetworkTestRepo-15-01-15-18.17.24/content_-7499406587867137679/=FD054B82E6B733 blocksize is 4096
Jan 15, 2015 6:17:31 PM org.ccnx.ccn.io.CCNAbstractOutputStream startWrite
INFORMAÇÕES: CCNAbstractOutputStream: startWrite -- searching for keys.
Jan 15, 2015 6:17:31 PM org.ccnx.ccn.profiles.security.access.AccessControlManager keysForOutput
INFORMAÇÕES: keysForOutput: found an acm: (null)
Jan 15, 2015 6:17:31 PM org.ccnx.ccn.impl.repo.RepositoryFlowControl startWrite
INFORMAÇÕES: RepositoryFlowControl.startWrite called for name /ccnx.org/test/CCNNetworkTestRepo-15-01-15-18.17.24/content_-7499406587867137679/=FD054B82E6B733, shape STREAM
Jan 15, 2015 6:17:31 PM org.ccnx.ccn.impl.repo.RepositoryFlowControl handleContent
INFORMAÇÕES: handleContent: got potential repo message: /ccnx.org/test/CCNNetworkTestRepo-15-01-15-18.17.24/content_-7499406587867137679/=FD054B82E6B733/%C1.R.sw/%C1.N=009747134EFA6D12EF
Jan 15, 2015 6:17:31 PM org.ccnx.ccn.io.CCNOutputStream flushToNetwork
INFORMAÇÕES: flush: outputting to the segmenter, baseName /ccnx.org/test/CCNNetworkTestRepo-15-01-15-18.17.24/content_-7499406587867137679/=FD054B82E6B733 basenameindex =00; 16 bytes written, holding back 16 flushing final blocks? false.
Jan 15, 2015 6:17:31 PM org.ccnx.ccn.io.CCNOutputStream flushToNetwork
INFORMAÇÕES: HEADER: CCNOutputStream: flushToNetwork: new _baseNameIndex 0
Jan 15, 2015 6:17:31 PM org.ccnx.ccn.io.CCNOutputStream flushToNetwork
INFORMAÇÕES: flush: outputting to the segmenter, baseName /ccnx.org/test/CCNNetworkTestRepo-15-01-15-18.17.24/content_-7499406587867137679/=FD054B82E6B733 basenameindex =00; 16 bytes written, holding back 0 flushing final blocks? true.
Jan 15, 2015 6:17:31 PM org.ccnx.ccn.io.CCNOutputStream flushToNetwork
INFORMAÇÕES: HEADER: CCNOutputStream: flushToNetwork: new _baseNameIndex 1
Jan 15, 2015 6:17:31 PM org.ccnx.ccn.io.CCNOutputStream close
INFORMAÇÕES: CCNOutputStream close: /ccnx.org/test/CCNNetworkTestRepo-15-01-15-18.17.24/content_-7499406587867137679/=FD054B82E6B733
Jan 15, 2015 6:17:31 PM org.ccnx.ccn.io.content.CCNNetworkObject createFlowController
INFORMAÇÕES: Created LOCALREPOSITORY flow controller, for prefix /ccnx.org/test/CCNNetworkTestRepo-15-01-15-18.17.24/content_-7499406587867137679, save type LOCALREPOSITORY
Jan 15, 2015 6:17:31 PM org.ccnx.ccn.impl.CCNFlowControl addNameSpace
INFORMAÇÕES: Flow controller addNameSpace: added namespace: /ccnx.org/test/CCNNetworkTestRepo-15-01-15-18.17.24/content_-7499406587867137679
Jan 15, 2015 6:17:31 PM org.ccnx.ccn.impl.security.keys.BasicKeyManager getKeyLocator
INFORMAÇÕES: getKeyLocator: returning locator NAME: /ccnx.org/Users/root/Keys/%C1.M.K=009234ADEC47D19E3E6A2AF362D44E09AB6B71F43B1900BA0622FB45F2A5B7D9F6/=FD054AE7DE1000 KEY:-reba89rgbj1o6ata34t5eovcl4kho5s9pnv8nstq15q1ld4g9ga for key kjSt7EfRnj5qKvNi1E4Jq2tx9DsZALoGIvtF8qW32fY=
Jan 15, 2015 6:17:31 PM org.ccnx.ccn.io.CCNAbstractOutputStream <init>
INFORMAÇÕES: CCNAbstractOutputStream: /ccnx.org/test/CCNNetworkTestRepo-15-01-15-18.17.24/content_-7499406587867137679/=FD054B82E6B8BC blocksize is 4096
Jan 15, 2015 6:17:31 PM org.ccnx.ccn.io.CCNAbstractOutputStream startWrite
INFORMAÇÕES: CCNAbstractOutputStream: startWrite -- searching for keys.
Jan 15, 2015 6:17:31 PM org.ccnx.ccn.profiles.security.access.AccessControlManager keysForOutput
INFORMAÇÕES: keysForOutput: found an acm: (null)
Jan 15, 2015 6:17:31 PM org.ccnx.ccn.impl.repo.RepositoryFlowControl startWrite
INFORMAÇÕES: RepositoryFlowControl.startWrite called for name /ccnx.org/test/CCNNetworkTestRepo-15-01-15-18.17.24/content_-7499406587867137679/=FD054B82E6B8BC, shape STREAM
Jan 15, 2015 6:17:31 PM org.ccnx.ccn.impl.repo.RepositoryFlowControl handleContent
INFORMAÇÕES: handleContent: got potential repo message: /ccnx.org/test/CCNNetworkTestRepo-15-01-15-18.17.24/content_-7499406587867137679/=FD054B82E6B8BC/%C1.R.sw/%C1.N=00905B006E4F447205
Jan 15, 2015 6:17:31 PM org.ccnx.ccn.io.CCNOutputStream flushToNetwork
INFORMAÇÕES: flush: outputting to the segmenter, baseName /ccnx.org/test/CCNNetworkTestRepo-15-01-15-18.17.24/content_-7499406587867137679/=FD054B82E6B8BC basenameindex =00; 16 bytes written, holding back 16 flushing final blocks? false.
Jan 15, 2015 6:17:31 PM org.ccnx.ccn.io.CCNOutputStream flushToNetwork
INFORMAÇÕES: HEADER: CCNOutputStream: flushToNetwork: new _baseNameIndex 0
Jan 15, 2015 6:17:31 PM org.ccnx.ccn.io.CCNOutputStream flushToNetwork
INFORMAÇÕES: flush: outputting to the segmenter, baseName /ccnx.org/test/CCNNetworkTestRepo-15-01-15-18.17.24/content_-7499406587867137679/=FD054B82E6B8BC basenameindex =00; 16 bytes written, holding back 0 flushing final blocks? true.
Jan 15, 2015 6:17:31 PM org.ccnx.ccn.io.CCNOutputStream flushToNetwork
INFORMAÇÕES: HEADER: CCNOutputStream: flushToNetwork: new _baseNameIndex 1
Jan 15, 2015 6:17:31 PM org.ccnx.ccn.io.CCNOutputStream close
INFORMAÇÕES: CCNOutputStream close: /ccnx.org/test/CCNNetworkTestRepo-15-01-15-18.17.24/content_-7499406587867137679/=FD054B82E6B8BC
Jan 15, 2015 6:17:31 PM org.ccnx.ccn.io.content.CCNNetworkObject createFlowController
INFORMAÇÕES: Created LOCALREPOSITORY flow controller, for prefix /ccnx.org/test/CCNNetworkTestRepo-15-01-15-18.17.24/content_-7499406587867137679, save type LOCALREPOSITORY
Jan 15, 2015 6:17:31 PM org.ccnx.ccn.impl.CCNFlowControl addNameSpace
INFORMAÇÕES: Flow controller addNameSpace: added namespace: /ccnx.org/test/CCNNetworkTestRepo-15-01-15-18.17.24/content_-7499406587867137679
Jan 15, 2015 6:17:31 PM org.ccnx.ccn.impl.security.keys.BasicKeyManager getKeyLocator
INFORMAÇÕES: getKeyLocator: returning locator NAME: /ccnx.org/Users/root/Keys/%C1.M.K=009234ADEC47D19E3E6A2AF362D44E09AB6B71F43B1900BA0622FB45F2A5B7D9F6/=FD054AE7DE1000 KEY:-reba89rgbj1o6ata34t5eovcl4kho5s9pnv8nstq15q1ld4g9ga for key kjSt7EfRnj5qKvNi1E4Jq2tx9DsZALoGIvtF8qW32fY=
Jan 15, 2015 6:17:31 PM org.ccnx.ccn.io.CCNAbstractOutputStream <init>
INFORMAÇÕES: CCNAbstractOutputStream: /ccnx.org/test/CCNNetworkTestRepo-15-01-15-18.17.24/content_-7499406587867137679/=FD054B82E6BA4E blocksize is 4096
Jan 15, 2015 6:17:31 PM org.ccnx.ccn.io.CCNAbstractOutputStream startWrite
INFORMAÇÕES: CCNAbstractOutputStream: startWrite -- searching for keys.
Jan 15, 2015 6:17:31 PM org.ccnx.ccn.profiles.security.access.AccessControlManager keysForOutput
INFORMAÇÕES: keysForOutput: found an acm: (null)
Jan 15, 2015 6:17:31 PM org.ccnx.ccn.impl.repo.RepositoryFlowControl startWrite
INFORMAÇÕES: RepositoryFlowControl.startWrite called for name /ccnx.org/test/CCNNetworkTestRepo-15-01-15-18.17.24/content_-7499406587867137679/=FD054B82E6BA4E, shape STREAM
Jan 15, 2015 6:17:31 PM org.ccnx.ccn.impl.repo.RepositoryFlowControl handleContent
INFORMAÇÕES: handleContent: got potential repo message: /ccnx.org/test/CCNNetworkTestRepo-15-01-15-18.17.24/content_-7499406587867137679/=FD054B82E6BA4E/%C1.R.sw/%C1.N=00B6AB5189C9E82BD5
Jan 15, 2015 6:17:31 PM org.ccnx.ccn.io.CCNOutputStream flushToNetwork
INFORMAÇÕES: flush: outputting to the segmenter, baseName /ccnx.org/test/CCNNetworkTestRepo-15-01-15-18.17.24/content_-7499406587867137679/=FD054B82E6BA4E basenameindex =00; 16 bytes written, holding back 16 flushing final blocks? false.
Jan 15, 2015 6:17:31 PM org.ccnx.ccn.io.CCNOutputStream flushToNetwork
INFORMAÇÕES: HEADER: CCNOutputStream: flushToNetwork: new _baseNameIndex 0
Jan 15, 2015 6:17:31 PM org.ccnx.ccn.io.CCNOutputStream flushToNetwork
INFORMAÇÕES: flush: outputting to the segmenter, baseName /ccnx.org/test/CCNNetworkTestRepo-15-01-15-18.17.24/content_-7499406587867137679/=FD054B82E6BA4E basenameindex =00; 16 bytes written, holding back 0 flushing final blocks? true.
Jan 15, 2015 6:17:31 PM org.ccnx.ccn.io.CCNOutputStream flushToNetwork
INFORMAÇÕES: HEADER: CCNOutputStream: flushToNetwork: new _baseNameIndex 1
Jan 15, 2015 6:17:31 PM org.ccnx.ccn.io.CCNOutputStream close
INFORMAÇÕES: CCNOutputStream close: /ccnx.org/test/CCNNetworkTestRepo-15-01-15-18.17.24/content_-7499406587867137679/=FD054B82E6BA4E
Jan 15, 2015 6:17:31 PM org.ccnx.ccn.io.content.CCNNetworkObject createFlowController
INFORMAÇÕES: Created LOCALREPOSITORY flow controller, for prefix /ccnx.org/test/CCNNetworkTestRepo-15-01-15-18.17.24/content_-7499406587867137679, save type LOCALREPOSITORY
Jan 15, 2015 6:17:31 PM org.ccnx.ccn.impl.CCNFlowControl addNameSpace
INFORMAÇÕES: Flow controller addNameSpace: added namespace: /ccnx.org/test/CCNNetworkTestRepo-15-01-15-18.17.24/content_-7499406587867137679
Jan 15, 2015 6:17:31 PM org.ccnx.ccn.impl.security.keys.BasicKeyManager getKeyLocator
INFORMAÇÕES: getKeyLocator: returning locator NAME: /ccnx.org/Users/root/Keys/%C1.M.K=009234ADEC47D19E3E6A2AF362D44E09AB6B71F43B1900BA0622FB45F2A5B7D9F6/=FD054AE7DE1000 KEY:-reba89rgbj1o6ata34t5eovcl4kho5s9pnv8nstq15q1ld4g9ga for key kjSt7EfRnj5qKvNi1E4Jq2tx9DsZALoGIvtF8qW32fY=
Jan 15, 2015 6:17:31 PM org.ccnx.ccn.io.CCNAbstractOutputStream <init>
INFORMAÇÕES: CCNAbstractOutputStream: /ccnx.org/test/CCNNetworkTestRepo-15-01-15-18.17.24/content_-7499406587867137679/=FD054B82E6BBD7 blocksize is 4096
Jan 15, 2015 6:17:31 PM org.ccnx.ccn.io.CCNAbstractOutputStream startWrite
INFORMAÇÕES: CCNAbstractOutputStream: startWrite -- searching for keys.
Jan 15, 2015 6:17:31 PM org.ccnx.ccn.profiles.security.access.AccessControlManager keysForOutput
INFORMAÇÕES: keysForOutput: found an acm: (null)
Jan 15, 2015 6:17:31 PM org.ccnx.ccn.impl.repo.RepositoryFlowControl startWrite
INFORMAÇÕES: RepositoryFlowControl.startWrite called for name /ccnx.org/test/CCNNetworkTestRepo-15-01-15-18.17.24/content_-7499406587867137679/=FD054B82E6BBD7, shape STREAM
Jan 15, 2015 6:17:31 PM org.ccnx.ccn.impl.repo.RepositoryFlowControl handleContent
INFORMAÇÕES: handleContent: got potential repo message: /ccnx.org/test/CCNNetworkTestRepo-15-01-15-18.17.24/content_-7499406587867137679/=FD054B82E6BBD7/%C1.R.sw/%C1.N=008EDA118EAB5B636B
Jan 15, 2015 6:17:31 PM org.ccnx.ccn.io.CCNOutputStream flushToNetwork
INFORMAÇÕES: flush: outputting to the segmenter, baseName /ccnx.org/test/CCNNetworkTestRepo-15-01-15-18.17.24/content_-7499406587867137679/=FD054B82E6BBD7 basenameindex =00; 16 bytes written, holding back 16 flushing final blocks? false.
Jan 15, 2015 6:17:31 PM org.ccnx.ccn.io.CCNOutputStream flushToNetwork
INFORMAÇÕES: HEADER: CCNOutputStream: flushToNetwork: new _baseNameIndex 0
Jan 15, 2015 6:17:31 PM org.ccnx.ccn.io.CCNOutputStream flushToNetwork
INFORMAÇÕES: flush: outputting to the segmenter, baseName /ccnx.org/test/CCNNetworkTestRepo-15-01-15-18.17.24/content_-7499406587867137679/=FD054B82E6BBD7 basenameindex =00; 16 bytes written, holding back 0 flushing final blocks? true.
Jan 15, 2015 6:17:31 PM org.ccnx.ccn.io.CCNOutputStream flushToNetwork
INFORMAÇÕES: HEADER: CCNOutputStream: flushToNetwork: new _baseNameIndex 1
Jan 15, 2015 6:17:31 PM org.ccnx.ccn.io.CCNOutputStream close
INFORMAÇÕES: CCNOutputStream close: /ccnx.org/test/CCNNetworkTestRepo-15-01-15-18.17.24/content_-7499406587867137679/=FD054B82E6BBD7
Jan 15, 2015 6:17:31 PM org.ccnx.ccn.io.content.CCNNetworkObject createFlowController
INFORMAÇÕES: Created LOCALREPOSITORY flow controller, for prefix /ccnx.org/test/CCNNetworkTestRepo-15-01-15-18.17.24/content_-7499406587867137679, save type LOCALREPOSITORY
Jan 15, 2015 6:17:31 PM org.ccnx.ccn.impl.CCNFlowControl addNameSpace
INFORMAÇÕES: Flow controller addNameSpace: added namespace: /ccnx.org/test/CCNNetworkTestRepo-15-01-15-18.17.24/content_-7499406587867137679
Jan 15, 2015 6:17:31 PM org.ccnx.ccn.impl.security.keys.BasicKeyManager getKeyLocator
INFORMAÇÕES: getKeyLocator: returning locator NAME: /ccnx.org/Users/root/Keys/%C1.M.K=009234ADEC47D19E3E6A2AF362D44E09AB6B71F43B1900BA0622FB45F2A5B7D9F6/=FD054AE7DE1000 KEY:-reba89rgbj1o6ata34t5eovcl4kho5s9pnv8nstq15q1ld4g9ga for key kjSt7EfRnj5qKvNi1E4Jq2tx9DsZALoGIvtF8qW32fY=
Jan 15, 2015 6:17:31 PM org.ccnx.ccn.io.CCNAbstractOutputStream <init>
INFORMAÇÕES: CCNAbstractOutputStream: /ccnx.org/test/CCNNetworkTestRepo-15-01-15-18.17.24/content_-7499406587867137679/=FD054B82E6BD5C blocksize is 4096
Jan 15, 2015 6:17:31 PM org.ccnx.ccn.io.CCNAbstractOutputStream startWrite
INFORMAÇÕES: CCNAbstractOutputStream: startWrite -- searching for keys.
Jan 15, 2015 6:17:31 PM org.ccnx.ccn.profiles.security.access.AccessControlManager keysForOutput
INFORMAÇÕES: keysForOutput: found an acm: (null)
Jan 15, 2015 6:17:31 PM org.ccnx.ccn.impl.repo.RepositoryFlowControl startWrite
INFORMAÇÕES: RepositoryFlowControl.startWrite called for name /ccnx.org/test/CCNNetworkTestRepo-15-01-15-18.17.24/content_-7499406587867137679/=FD054B82E6BD5C, shape STREAM
Jan 15, 2015 6:17:31 PM org.ccnx.ccn.impl.repo.RepositoryFlowControl handleContent
INFORMAÇÕES: handleContent: got potential repo message: /ccnx.org/test/CCNNetworkTestRepo-15-01-15-18.17.24/content_-7499406587867137679/=FD054B82E6BD5C/%C1.R.sw/%C1.N%00Km=2FB2F350224F
Jan 15, 2015 6:17:31 PM org.ccnx.ccn.io.CCNOutputStream flushToNetwork
INFORMAÇÕES: flush: outputting to the segmenter, baseName /ccnx.org/test/CCNNetworkTestRepo-15-01-15-18.17.24/content_-7499406587867137679/=FD054B82E6BD5C basenameindex =00; 16 bytes written, holding back 16 flushing final blocks? false.
Jan 15, 2015 6:17:31 PM org.ccnx.ccn.io.CCNOutputStream flushToNetwork
INFORMAÇÕES: HEADER: CCNOutputStream: flushToNetwork: new _baseNameIndex 0
Jan 15, 2015 6:17:31 PM org.ccnx.ccn.io.CCNOutputStream flushToNetwork
INFORMAÇÕES: flush: outputting to the segmenter, baseName /ccnx.org/test/CCNNetworkTestRepo-15-01-15-18.17.24/content_-7499406587867137679/=FD054B82E6BD5C basenameindex =00; 16 bytes written, holding back 0 flushing final blocks? true.
Jan 15, 2015 6:17:31 PM org.ccnx.ccn.io.CCNOutputStream flushToNetwork
INFORMAÇÕES: HEADER: CCNOutputStream: flushToNetwork: new _baseNameIndex 1
Jan 15, 2015 6:17:31 PM org.ccnx.ccn.io.CCNOutputStream close
INFORMAÇÕES: CCNOutputStream close: /ccnx.org/test/CCNNetworkTestRepo-15-01-15-18.17.24/content_-7499406587867137679/=FD054B82E6BD5C
Jan 15, 2015 6:17:31 PM org.ccnx.ccn.io.content.CCNNetworkObject createFlowController
INFORMAÇÕES: Created LOCALREPOSITORY flow controller, for prefix /ccnx.org/test/CCNNetworkTestRepo-15-01-15-18.17.24/content_-7499406587867137679, save type LOCALREPOSITORY
Jan 15, 2015 6:17:31 PM org.ccnx.ccn.impl.CCNFlowControl addNameSpace
INFORMAÇÕES: Flow controller addNameSpace: added namespace: /ccnx.org/test/CCNNetworkTestRepo-15-01-15-18.17.24/content_-7499406587867137679
Jan 15, 2015 6:17:31 PM org.ccnx.ccn.impl.security.keys.BasicKeyManager getKeyLocator
INFORMAÇÕES: getKeyLocator: returning locator NAME: /ccnx.org/Users/root/Keys/%C1.M.K=009234ADEC47D19E3E6A2AF362D44E09AB6B71F43B1900BA0622FB45F2A5B7D9F6/=FD054AE7DE1000 KEY:-reba89rgbj1o6ata34t5eovcl4kho5s9pnv8nstq15q1ld4g9ga for key kjSt7EfRnj5qKvNi1E4Jq2tx9DsZALoGIvtF8qW32fY=
Jan 15, 2015 6:17:31 PM org.ccnx.ccn.io.CCNAbstractOutputStream <init>
INFORMAÇÕES: CCNAbstractOutputStream: /ccnx.org/test/CCNNetworkTestRepo-15-01-15-18.17.24/content_-7499406587867137679/=FD054B82E6BEE5 blocksize is 4096
Jan 15, 2015 6:17:31 PM org.ccnx.ccn.io.CCNAbstractOutputStream startWrite
INFORMAÇÕES: CCNAbstractOutputStream: startWrite -- searching for keys.
Jan 15, 2015 6:17:31 PM org.ccnx.ccn.profiles.security.access.AccessControlManager keysForOutput
INFORMAÇÕES: keysForOutput: found an acm: (null)
Jan 15, 2015 6:17:31 PM org.ccnx.ccn.impl.repo.RepositoryFlowControl startWrite
INFORMAÇÕES: RepositoryFlowControl.startWrite called for name /ccnx.org/test/CCNNetworkTestRepo-15-01-15-18.17.24/content_-7499406587867137679/=FD054B82E6BEE5, shape STREAM
Jan 15, 2015 6:17:31 PM org.ccnx.ccn.impl.repo.RepositoryFlowControl handleContent
INFORMAÇÕES: handleContent: got potential repo message: /ccnx.org/test/CCNNetworkTestRepo-15-01-15-18.17.24/content_-7499406587867137679/=FD054B82E6BEE5/%C1.R.sw/%C1.N=00ED3ED38414F83FB0
Jan 15, 2015 6:17:31 PM org.ccnx.ccn.io.CCNOutputStream flushToNetwork
INFORMAÇÕES: flush: outputting to the segmenter, baseName /ccnx.org/test/CCNNetworkTestRepo-15-01-15-18.17.24/content_-7499406587867137679/=FD054B82E6BEE5 basenameindex =00; 16 bytes written, holding back 16 flushing final blocks? false.
Jan 15, 2015 6:17:31 PM org.ccnx.ccn.io.CCNOutputStream flushToNetwork
INFORMAÇÕES: HEADER: CCNOutputStream: flushToNetwork: new _baseNameIndex 0
Jan 15, 2015 6:17:31 PM org.ccnx.ccn.io.CCNOutputStream flushToNetwork
INFORMAÇÕES: flush: outputting to the segmenter, baseName /ccnx.org/test/CCNNetworkTestRepo-15-01-15-18.17.24/content_-7499406587867137679/=FD054B82E6BEE5 basenameindex =00; 16 bytes written, holding back 0 flushing final blocks? true.
Jan 15, 2015 6:17:31 PM org.ccnx.ccn.io.CCNOutputStream flushToNetwork
INFORMAÇÕES: HEADER: CCNOutputStream: flushToNetwork: new _baseNameIndex 1
Jan 15, 2015 6:17:32 PM org.ccnx.ccn.io.CCNOutputStream close
INFORMAÇÕES: CCNOutputStream close: /ccnx.org/test/CCNNetworkTestRepo-15-01-15-18.17.24/content_-7499406587867137679/=FD054B82E6BEE5
Jan 15, 2015 6:17:32 PM org.ccnx.ccn.io.content.CCNNetworkObject createFlowController
INFORMAÇÕES: Created LOCALREPOSITORY flow controller, for prefix /ccnx.org/test/CCNNetworkTestRepo-15-01-15-18.17.24/content_-7499406587867137679, save type LOCALREPOSITORY
Jan 15, 2015 6:17:32 PM org.ccnx.ccn.impl.CCNFlowControl addNameSpace
INFORMAÇÕES: Flow controller addNameSpace: added namespace: /ccnx.org/test/CCNNetworkTestRepo-15-01-15-18.17.24/content_-7499406587867137679
Jan 15, 2015 6:17:32 PM org.ccnx.ccn.impl.security.keys.BasicKeyManager getKeyLocator
INFORMAÇÕES: getKeyLocator: returning locator NAME: /ccnx.org/Users/root/Keys/%C1.M.K=009234ADEC47D19E3E6A2AF362D44E09AB6B71F43B1900BA0622FB45F2A5B7D9F6/=FD054AE7DE1000 KEY:-reba89rgbj1o6ata34t5eovcl4kho5s9pnv8nstq15q1ld4g9ga for key kjSt7EfRnj5qKvNi1E4Jq2tx9DsZALoGIvtF8qW32fY=
Jan 15, 2015 6:17:32 PM org.ccnx.ccn.io.CCNAbstractOutputStream <init>
INFORMAÇÕES: CCNAbstractOutputStream: /ccnx.org/test/CCNNetworkTestRepo-15-01-15-18.17.24/content_-7499406587867137679/=FD054B82E6C073 blocksize is 4096
Jan 15, 2015 6:17:32 PM org.ccnx.ccn.io.CCNAbstractOutputStream startWrite
INFORMAÇÕES: CCNAbstractOutputStream: startWrite -- searching for keys.
Jan 15, 2015 6:17:32 PM org.ccnx.ccn.profiles.security.access.AccessControlManager keysForOutput
INFORMAÇÕES: keysForOutput: found an acm: (null)
Jan 15, 2015 6:17:32 PM org.ccnx.ccn.impl.repo.RepositoryFlowControl startWrite
INFORMAÇÕES: RepositoryFlowControl.startWrite called for name /ccnx.org/test/CCNNetworkTestRepo-15-01-15-18.17.24/content_-7499406587867137679/=FD054B82E6C073, shape STREAM
Jan 15, 2015 6:17:32 PM org.ccnx.ccn.impl.repo.RepositoryFlowControl handleContent
INFORMAÇÕES: handleContent: got potential repo message: /ccnx.org/test/CCNNetworkTestRepo-15-01-15-18.17.24/content_-7499406587867137679/=FD054B82E6C073/%C1.R.sw/%C1.N=000AD0605C54275B1C
Jan 15, 2015 6:17:32 PM org.ccnx.ccn.io.CCNOutputStream flushToNetwork
INFORMAÇÕES: flush: outputting to the segmenter, baseName /ccnx.org/test/CCNNetworkTestRepo-15-01-15-18.17.24/content_-7499406587867137679/=FD054B82E6C073 basenameindex =00; 16 bytes written, holding back 16 flushing final blocks? false.
Jan 15, 2015 6:17:32 PM org.ccnx.ccn.io.CCNOutputStream flushToNetwork
INFORMAÇÕES: HEADER: CCNOutputStream: flushToNetwork: new _baseNameIndex 0
Jan 15, 2015 6:17:32 PM org.ccnx.ccn.io.CCNOutputStream flushToNetwork
INFORMAÇÕES: flush: outputting to the segmenter, baseName /ccnx.org/test/CCNNetworkTestRepo-15-01-15-18.17.24/content_-7499406587867137679/=FD054B82E6C073 basenameindex =00; 16 bytes written, holding back 0 flushing final blocks? true.
Jan 15, 2015 6:17:32 PM org.ccnx.ccn.io.CCNOutputStream flushToNetwork
INFORMAÇÕES: HEADER: CCNOutputStream: flushToNetwork: new _baseNameIndex 1
Jan 15, 2015 6:17:32 PM org.ccnx.ccn.io.CCNOutputStream close
INFORMAÇÕES: CCNOutputStream close: /ccnx.org/test/CCNNetworkTestRepo-15-01-15-18.17.24/content_-7499406587867137679/=FD054B82E6C073
Jan 15, 2015 6:17:32 PM org.ccnx.ccn.io.content.CCNNetworkObject createFlowController
INFORMAÇÕES: Created LOCALREPOSITORY flow controller, for prefix /ccnx.org/test/CCNNetworkTestRepo-15-01-15-18.17.24/content_-7499406587867137679, save type LOCALREPOSITORY
Jan 15, 2015 6:17:32 PM org.ccnx.ccn.impl.CCNFlowControl addNameSpace
INFORMAÇÕES: Flow controller addNameSpace: added namespace: /ccnx.org/test/CCNNetworkTestRepo-15-01-15-18.17.24/content_-7499406587867137679
Jan 15, 2015 6:17:32 PM org.ccnx.ccn.impl.security.keys.BasicKeyManager getKeyLocator
INFORMAÇÕES: getKeyLocator: returning locator NAME: /ccnx.org/Users/root/Keys/%C1.M.K=009234ADEC47D19E3E6A2AF362D44E09AB6B71F43B1900BA0622FB45F2A5B7D9F6/=FD054AE7DE1000 KEY:-reba89rgbj1o6ata34t5eovcl4kho5s9pnv8nstq15q1ld4g9ga for key kjSt7EfRnj5qKvNi1E4Jq2tx9DsZALoGIvtF8qW32fY=
Jan 15, 2015 6:17:32 PM org.ccnx.ccn.io.CCNAbstractOutputStream <init>
INFORMAÇÕES: CCNAbstractOutputStream: /ccnx.org/test/CCNNetworkTestRepo-15-01-15-18.17.24/content_-7499406587867137679/=FD054B82E6C1F8 blocksize is 4096
Jan 15, 2015 6:17:32 PM org.ccnx.ccn.io.CCNAbstractOutputStream startWrite
INFORMAÇÕES: CCNAbstractOutputStream: startWrite -- searching for keys.
Jan 15, 2015 6:17:32 PM org.ccnx.ccn.profiles.security.access.AccessControlManager keysForOutput
INFORMAÇÕES: keysForOutput: found an acm: (null)
Jan 15, 2015 6:17:32 PM org.ccnx.ccn.impl.repo.RepositoryFlowControl startWrite
INFORMAÇÕES: RepositoryFlowControl.startWrite called for name /ccnx.org/test/CCNNetworkTestRepo-15-01-15-18.17.24/content_-7499406587867137679/=FD054B82E6C1F8, shape STREAM
Jan 15, 2015 6:17:32 PM org.ccnx.ccn.impl.repo.RepositoryFlowControl handleContent
INFORMAÇÕES: handleContent: got potential repo message: /ccnx.org/test/CCNNetworkTestRepo-15-01-15-18.17.24/content_-7499406587867137679/=FD054B82E6C1F8/%C1.R.sw/%C1.N=0088DBA0CD8701A41C
Jan 15, 2015 6:17:32 PM org.ccnx.ccn.io.CCNOutputStream flushToNetwork
INFORMAÇÕES: flush: outputting to the segmenter, baseName /ccnx.org/test/CCNNetworkTestRepo-15-01-15-18.17.24/content_-7499406587867137679/=FD054B82E6C1F8 basenameindex =00; 16 bytes written, holding back 16 flushing final blocks? false.
Jan 15, 2015 6:17:32 PM org.ccnx.ccn.io.CCNOutputStream flushToNetwork
INFORMAÇÕES: HEADER: CCNOutputStream: flushToNetwork: new _baseNameIndex 0
Jan 15, 2015 6:17:32 PM org.ccnx.ccn.io.CCNOutputStream flushToNetwork
INFORMAÇÕES: flush: outputting to the segmenter, baseName /ccnx.org/test/CCNNetworkTestRepo-15-01-15-18.17.24/content_-7499406587867137679/=FD054B82E6C1F8 basenameindex =00; 16 bytes written, holding back 0 flushing final blocks? true.
Jan 15, 2015 6:17:32 PM org.ccnx.ccn.io.CCNOutputStream flushToNetwork
INFORMAÇÕES: HEADER: CCNOutputStream: flushToNetwork: new _baseNameIndex 1
Jan 15, 2015 6:17:32 PM org.ccnx.ccn.io.CCNOutputStream close
INFORMAÇÕES: CCNOutputStream close: /ccnx.org/test/CCNNetworkTestRepo-15-01-15-18.17.24/content_-7499406587867137679/=FD054B82E6C1F8
Jan 15, 2015 6:17:32 PM org.ccnx.ccn.io.content.CCNNetworkObject createFlowController
INFORMAÇÕES: Created LOCALREPOSITORY flow controller, for prefix /ccnx.org/test/CCNNetworkTestRepo-15-01-15-18.17.24/content_-7499406587867137679, save type LOCALREPOSITORY
Jan 15, 2015 6:17:32 PM org.ccnx.ccn.impl.CCNFlowControl addNameSpace
INFORMAÇÕES: Flow controller addNameSpace: added namespace: /ccnx.org/test/CCNNetworkTestRepo-15-01-15-18.17.24/content_-7499406587867137679
Jan 15, 2015 6:17:32 PM org.ccnx.ccn.impl.security.keys.BasicKeyManager getKeyLocator
INFORMAÇÕES: getKeyLocator: returning locator NAME: /ccnx.org/Users/root/Keys/%C1.M.K=009234ADEC47D19E3E6A2AF362D44E09AB6B71F43B1900BA0622FB45F2A5B7D9F6/=FD054AE7DE1000 KEY:-reba89rgbj1o6ata34t5eovcl4kho5s9pnv8nstq15q1ld4g9ga for key kjSt7EfRnj5qKvNi1E4Jq2tx9DsZALoGIvtF8qW32fY=
Jan 15, 2015 6:17:32 PM org.ccnx.ccn.io.CCNAbstractOutputStream <init>
INFORMAÇÕES: CCNAbstractOutputStream: /ccnx.org/test/CCNNetworkTestRepo-15-01-15-18.17.24/content_-7499406587867137679/=FD054B82E6C36D blocksize is 4096
Jan 15, 2015 6:17:32 PM org.ccnx.ccn.io.CCNAbstractOutputStream startWrite
INFORMAÇÕES: CCNAbstractOutputStream: startWrite -- searching for keys.
Jan 15, 2015 6:17:32 PM org.ccnx.ccn.profiles.security.access.AccessControlManager keysForOutput
INFORMAÇÕES: keysForOutput: found an acm: (null)
Jan 15, 2015 6:17:32 PM org.ccnx.ccn.impl.repo.RepositoryFlowControl startWrite
INFORMAÇÕES: RepositoryFlowControl.startWrite called for name /ccnx.org/test/CCNNetworkTestRepo-15-01-15-18.17.24/content_-7499406587867137679/=FD054B82E6C36D, shape STREAM
Jan 15, 2015 6:17:32 PM org.ccnx.ccn.impl.repo.RepositoryFlowControl handleContent
INFORMAÇÕES: handleContent: got potential repo message: /ccnx.org/test/CCNNetworkTestRepo-15-01-15-18.17.24/content_-7499406587867137679/=FD054B82E6C36D/%C1.R.sw/%C1.N=00DDC5D3ABF3F0E53D
Jan 15, 2015 6:17:32 PM org.ccnx.ccn.io.CCNOutputStream flushToNetwork
INFORMAÇÕES: flush: outputting to the segmenter, baseName /ccnx.org/test/CCNNetworkTestRepo-15-01-15-18.17.24/content_-7499406587867137679/=FD054B82E6C36D basenameindex =00; 16 bytes written, holding back 16 flushing final blocks? false.
Jan 15, 2015 6:17:32 PM org.ccnx.ccn.io.CCNOutputStream flushToNetwork
INFORMAÇÕES: HEADER: CCNOutputStream: flushToNetwork: new _baseNameIndex 0
Jan 15, 2015 6:17:32 PM org.ccnx.ccn.io.CCNOutputStream flushToNetwork
INFORMAÇÕES: flush: outputting to the segmenter, baseName /ccnx.org/test/CCNNetworkTestRepo-15-01-15-18.17.24/content_-7499406587867137679/=FD054B82E6C36D basenameindex =00; 16 bytes written, holding back 0 flushing final blocks? true.
Jan 15, 2015 6:17:32 PM org.ccnx.ccn.io.CCNOutputStream flushToNetwork
INFORMAÇÕES: HEADER: CCNOutputStream: flushToNetwork: new _baseNameIndex 1
Jan 15, 2015 6:17:32 PM org.ccnx.ccn.io.CCNOutputStream close
INFORMAÇÕES: CCNOutputStream close: /ccnx.org/test/CCNNetworkTestRepo-15-01-15-18.17.24/content_-7499406587867137679/=FD054B82E6C36D
Jan 15, 2015 6:17:32 PM org.ccnx.ccn.io.content.CCNNetworkObject createFlowController
INFORMAÇÕES: Created LOCALREPOSITORY flow controller, for prefix /ccnx.org/test/CCNNetworkTestRepo-15-01-15-18.17.24/content_-7499406587867137679, save type LOCALREPOSITORY
Jan 15, 2015 6:17:32 PM org.ccnx.ccn.impl.CCNFlowControl addNameSpace
INFORMAÇÕES: Flow controller addNameSpace: added namespace: /ccnx.org/test/CCNNetworkTestRepo-15-01-15-18.17.24/content_-7499406587867137679
Jan 15, 2015 6:17:32 PM org.ccnx.ccn.impl.security.keys.BasicKeyManager getKeyLocator
INFORMAÇÕES: getKeyLocator: returning locator NAME: /ccnx.org/Users/root/Keys/%C1.M.K=009234ADEC47D19E3E6A2AF362D44E09AB6B71F43B1900BA0622FB45F2A5B7D9F6/=FD054AE7DE1000 KEY:-reba89rgbj1o6ata34t5eovcl4kho5s9pnv8nstq15q1ld4g9ga for key kjSt7EfRnj5qKvNi1E4Jq2tx9DsZALoGIvtF8qW32fY=
Jan 15, 2015 6:17:32 PM org.ccnx.ccn.io.CCNAbstractOutputStream <init>
INFORMAÇÕES: CCNAbstractOutputStream: /ccnx.org/test/CCNNetworkTestRepo-15-01-15-18.17.24/content_-7499406587867137679/=FD054B82E6C4FA blocksize is 4096
Jan 15, 2015 6:17:32 PM org.ccnx.ccn.io.CCNAbstractOutputStream startWrite
INFORMAÇÕES: CCNAbstractOutputStream: startWrite -- searching for keys.
Jan 15, 2015 6:17:32 PM org.ccnx.ccn.profiles.security.access.AccessControlManager keysForOutput
INFORMAÇÕES: keysForOutput: found an acm: (null)
Jan 15, 2015 6:17:32 PM org.ccnx.ccn.impl.repo.RepositoryFlowControl startWrite
INFORMAÇÕES: RepositoryFlowControl.startWrite called for name /ccnx.org/test/CCNNetworkTestRepo-15-01-15-18.17.24/content_-7499406587867137679/=FD054B82E6C4FA, shape STREAM
Jan 15, 2015 6:17:32 PM org.ccnx.ccn.impl.repo.RepositoryFlowControl handleContent
INFORMAÇÕES: handleContent: got potential repo message: /ccnx.org/test/CCNNetworkTestRepo-15-01-15-18.17.24/content_-7499406587867137679/=FD054B82E6C4FA/%C1.R.sw/%C1.N=008D8B4511A6D0A839
Jan 15, 2015 6:17:32 PM org.ccnx.ccn.io.CCNOutputStream flushToNetwork
INFORMAÇÕES: flush: outputting to the segmenter, baseName /ccnx.org/test/CCNNetworkTestRepo-15-01-15-18.17.24/content_-7499406587867137679/=FD054B82E6C4FA basenameindex =00; 16 bytes written, holding back 16 flushing final blocks? false.
Jan 15, 2015 6:17:32 PM org.ccnx.ccn.io.CCNOutputStream flushToNetwork
INFORMAÇÕES: HEADER: CCNOutputStream: flushToNetwork: new _baseNameIndex 0
Jan 15, 2015 6:17:32 PM org.ccnx.ccn.io.CCNOutputStream flushToNetwork
INFORMAÇÕES: flush: outputting to the segmenter, baseName /ccnx.org/test/CCNNetworkTestRepo-15-01-15-18.17.24/content_-7499406587867137679/=FD054B82E6C4FA basenameindex =00; 16 bytes written, holding back 0 flushing final blocks? true.
Jan 15, 2015 6:17:32 PM org.ccnx.ccn.io.CCNOutputStream flushToNetwork
INFORMAÇÕES: HEADER: CCNOutputStream: flushToNetwork: new _baseNameIndex 1
Jan 15, 2015 6:17:32 PM org.ccnx.ccn.io.CCNOutputStream close
INFORMAÇÕES: CCNOutputStream close: /ccnx.org/test/CCNNetworkTestRepo-15-01-15-18.17.24/content_-7499406587867137679/=FD054B82E6C4FA
Jan 15, 2015 6:17:32 PM org.ccnx.ccn.io.content.CCNNetworkObject createFlowController
INFORMAÇÕES: Created LOCALREPOSITORY flow controller, for prefix /ccnx.org/test/CCNNetworkTestRepo-15-01-15-18.17.24/content_-7499406587867137679, save type LOCALREPOSITORY
Jan 15, 2015 6:17:32 PM org.ccnx.ccn.impl.CCNFlowControl addNameSpace
INFORMAÇÕES: Flow controller addNameSpace: added namespace: /ccnx.org/test/CCNNetworkTestRepo-15-01-15-18.17.24/content_-7499406587867137679
Jan 15, 2015 6:17:32 PM org.ccnx.ccn.impl.security.keys.BasicKeyManager getKeyLocator
INFORMAÇÕES: getKeyLocator: returning locator NAME: /ccnx.org/Users/root/Keys/%C1.M.K=009234ADEC47D19E3E6A2AF362D44E09AB6B71F43B1900BA0622FB45F2A5B7D9F6/=FD054AE7DE1000 KEY:-reba89rgbj1o6ata34t5eovcl4kho5s9pnv8nstq15q1ld4g9ga for key kjSt7EfRnj5qKvNi1E4Jq2tx9DsZALoGIvtF8qW32fY=
Jan 15, 2015 6:17:32 PM org.ccnx.ccn.io.CCNAbstractOutputStream <init>
INFORMAÇÕES: CCNAbstractOutputStream: /ccnx.org/test/CCNNetworkTestRepo-15-01-15-18.17.24/content_-7499406587867137679/=FD054B82E6C67F blocksize is 4096
Jan 15, 2015 6:17:32 PM org.ccnx.ccn.io.CCNAbstractOutputStream startWrite
INFORMAÇÕES: CCNAbstractOutputStream: startWrite -- searching for keys.
Jan 15, 2015 6:17:32 PM org.ccnx.ccn.profiles.security.access.AccessControlManager keysForOutput
INFORMAÇÕES: keysForOutput: found an acm: (null)
Jan 15, 2015 6:17:32 PM org.ccnx.ccn.impl.repo.RepositoryFlowControl startWrite
INFORMAÇÕES: RepositoryFlowControl.startWrite called for name /ccnx.org/test/CCNNetworkTestRepo-15-01-15-18.17.24/content_-7499406587867137679/=FD054B82E6C67F, shape STREAM
Jan 15, 2015 6:17:32 PM org.ccnx.ccn.impl.repo.RepositoryFlowControl handleContent
INFORMAÇÕES: handleContent: got potential repo message: /ccnx.org/test/CCNNetworkTestRepo-15-01-15-18.17.24/content_-7499406587867137679/=FD054B82E6C67F/%C1.R.sw/%C1.N=00F794D73187E50332
Jan 15, 2015 6:17:32 PM org.ccnx.ccn.io.CCNOutputStream flushToNetwork
INFORMAÇÕES: flush: outputting to the segmenter, baseName /ccnx.org/test/CCNNetworkTestRepo-15-01-15-18.17.24/content_-7499406587867137679/=FD054B82E6C67F basenameindex =00; 16 bytes written, holding back 16 flushing final blocks? false.
Jan 15, 2015 6:17:32 PM org.ccnx.ccn.io.CCNOutputStream flushToNetwork
INFORMAÇÕES: HEADER: CCNOutputStream: flushToNetwork: new _baseNameIndex 0
Jan 15, 2015 6:17:32 PM org.ccnx.ccn.io.CCNOutputStream flushToNetwork
INFORMAÇÕES: flush: outputting to the segmenter, baseName /ccnx.org/test/CCNNetworkTestRepo-15-01-15-18.17.24/content_-7499406587867137679/=FD054B82E6C67F basenameindex =00; 16 bytes written, holding back 0 flushing final blocks? true.
Jan 15, 2015 6:17:32 PM org.ccnx.ccn.io.CCNOutputStream flushToNetwork
INFORMAÇÕES: HEADER: CCNOutputStream: flushToNetwork: new _baseNameIndex 1
Jan 15, 2015 6:17:32 PM org.ccnx.ccn.io.CCNOutputStream close
INFORMAÇÕES: CCNOutputStream close: /ccnx.org/test/CCNNetworkTestRepo-15-01-15-18.17.24/content_-7499406587867137679/=FD054B82E6C67F
Jan 15, 2015 6:17:32 PM org.ccnx.ccn.io.content.CCNNetworkObject createFlowController
INFORMAÇÕES: Created LOCALREPOSITORY flow controller, for prefix /ccnx.org/test/CCNNetworkTestRepo-15-01-15-18.17.24/content_-7499406587867137679, save type LOCALREPOSITORY
Jan 15, 2015 6:17:32 PM org.ccnx.ccn.impl.CCNFlowControl addNameSpace
INFORMAÇÕES: Flow controller addNameSpace: added namespace: /ccnx.org/test/CCNNetworkTestRepo-15-01-15-18.17.24/content_-7499406587867137679
Jan 15, 2015 6:17:32 PM org.ccnx.ccn.impl.security.keys.BasicKeyManager getKeyLocator
INFORMAÇÕES: getKeyLocator: returning locator NAME: /ccnx.org/Users/root/Keys/%C1.M.K=009234ADEC47D19E3E6A2AF362D44E09AB6B71F43B1900BA0622FB45F2A5B7D9F6/=FD054AE7DE1000 KEY:-reba89rgbj1o6ata34t5eovcl4kho5s9pnv8nstq15q1ld4g9ga for key kjSt7EfRnj5qKvNi1E4Jq2tx9DsZALoGIvtF8qW32fY=
Jan 15, 2015 6:17:32 PM org.ccnx.ccn.io.CCNAbstractOutputStream <init>
INFORMAÇÕES: CCNAbstractOutputStream: /ccnx.org/test/CCNNetworkTestRepo-15-01-15-18.17.24/content_-7499406587867137679/=FD054B82E6C810 blocksize is 4096
Jan 15, 2015 6:17:32 PM org.ccnx.ccn.io.CCNAbstractOutputStream startWrite
INFORMAÇÕES: CCNAbstractOutputStream: startWrite -- searching for keys.
Jan 15, 2015 6:17:32 PM org.ccnx.ccn.profiles.security.access.AccessControlManager keysForOutput
INFORMAÇÕES: keysForOutput: found an acm: (null)
Jan 15, 2015 6:17:32 PM org.ccnx.ccn.impl.repo.RepositoryFlowControl startWrite
INFORMAÇÕES: RepositoryFlowControl.startWrite called for name /ccnx.org/test/CCNNetworkTestRepo-15-01-15-18.17.24/content_-7499406587867137679/=FD054B82E6C810, shape STREAM
Jan 15, 2015 6:17:32 PM org.ccnx.ccn.impl.repo.RepositoryFlowControl handleContent
INFORMAÇÕES: handleContent: got potential repo message: /ccnx.org/test/CCNNetworkTestRepo-15-01-15-18.17.24/content_-7499406587867137679/=FD054B82E6C810/%C1.R.sw/%C1.N=00B7983ABFDFEADCC9
Jan 15, 2015 6:17:32 PM org.ccnx.ccn.io.CCNOutputStream flushToNetwork
INFORMAÇÕES: flush: outputting to the segmenter, baseName /ccnx.org/test/CCNNetworkTestRepo-15-01-15-18.17.24/content_-7499406587867137679/=FD054B82E6C810 basenameindex =00; 16 bytes written, holding back 16 flushing final blocks? false.
Jan 15, 2015 6:17:32 PM org.ccnx.ccn.io.CCNOutputStream flushToNetwork
INFORMAÇÕES: HEADER: CCNOutputStream: flushToNetwork: new _baseNameIndex 0
Jan 15, 2015 6:17:32 PM org.ccnx.ccn.io.CCNOutputStream flushToNetwork
INFORMAÇÕES: flush: outputting to the segmenter, baseName /ccnx.org/test/CCNNetworkTestRepo-15-01-15-18.17.24/content_-7499406587867137679/=FD054B82E6C810 basenameindex =00; 16 bytes written, holding back 0 flushing final blocks? true.
Jan 15, 2015 6:17:32 PM org.ccnx.ccn.io.CCNOutputStream flushToNetwork
INFORMAÇÕES: HEADER: CCNOutputStream: flushToNetwork: new _baseNameIndex 1
Jan 15, 2015 6:17:32 PM org.ccnx.ccn.io.CCNOutputStream close
INFORMAÇÕES: CCNOutputStream close: /ccnx.org/test/CCNNetworkTestRepo-15-01-15-18.17.24/content_-7499406587867137679/=FD054B82E6C810
Jan 15, 2015 6:17:32 PM org.ccnx.ccn.io.content.CCNNetworkObject createFlowController
INFORMAÇÕES: Created LOCALREPOSITORY flow controller, for prefix /ccnx.org/test/CCNNetworkTestRepo-15-01-15-18.17.24/content_-7499406587867137679, save type LOCALREPOSITORY
Jan 15, 2015 6:17:32 PM org.ccnx.ccn.impl.CCNFlowControl addNameSpace
INFORMAÇÕES: Flow controller addNameSpace: added namespace: /ccnx.org/test/CCNNetworkTestRepo-15-01-15-18.17.24/content_-7499406587867137679
Jan 15, 2015 6:17:32 PM org.ccnx.ccn.impl.security.keys.BasicKeyManager getKeyLocator
INFORMAÇÕES: getKeyLocator: returning locator NAME: /ccnx.org/Users/root/Keys/%C1.M.K=009234ADEC47D19E3E6A2AF362D44E09AB6B71F43B1900BA0622FB45F2A5B7D9F6/=FD054AE7DE1000 KEY:-reba89rgbj1o6ata34t5eovcl4kho5s9pnv8nstq15q1ld4g9ga for key kjSt7EfRnj5qKvNi1E4Jq2tx9DsZALoGIvtF8qW32fY=
Jan 15, 2015 6:17:32 PM org.ccnx.ccn.io.CCNAbstractOutputStream <init>
INFORMAÇÕES: CCNAbstractOutputStream: /ccnx.org/test/CCNNetworkTestRepo-15-01-15-18.17.24/content_-7499406587867137679/=FD054B82E6C99A blocksize is 4096
Jan 15, 2015 6:17:32 PM org.ccnx.ccn.io.CCNAbstractOutputStream startWrite
INFORMAÇÕES: CCNAbstractOutputStream: startWrite -- searching for keys.
Jan 15, 2015 6:17:32 PM org.ccnx.ccn.profiles.security.access.AccessControlManager keysForOutput
INFORMAÇÕES: keysForOutput: found an acm: (null)
Jan 15, 2015 6:17:32 PM org.ccnx.ccn.impl.repo.RepositoryFlowControl startWrite
INFORMAÇÕES: RepositoryFlowControl.startWrite called for name /ccnx.org/test/CCNNetworkTestRepo-15-01-15-18.17.24/content_-7499406587867137679/=FD054B82E6C99A, shape STREAM
Jan 15, 2015 6:17:32 PM org.ccnx.ccn.impl.repo.RepositoryFlowControl handleContent
INFORMAÇÕES: handleContent: got potential repo message: /ccnx.org/test/CCNNetworkTestRepo-15-01-15-18.17.24/content_-7499406587867137679/=FD054B82E6C99A/%C1.R.sw/%C1.N=00284BD02A3C829D9C
Jan 15, 2015 6:17:32 PM org.ccnx.ccn.io.CCNOutputStream flushToNetwork
INFORMAÇÕES: flush: outputting to the segmenter, baseName /ccnx.org/test/CCNNetworkTestRepo-15-01-15-18.17.24/content_-7499406587867137679/=FD054B82E6C99A basenameindex =00; 16 bytes written, holding back 16 flushing final blocks? false.
Jan 15, 2015 6:17:32 PM org.ccnx.ccn.io.CCNOutputStream flushToNetwork
INFORMAÇÕES: HEADER: CCNOutputStream: flushToNetwork: new _baseNameIndex 0
Jan 15, 2015 6:17:32 PM org.ccnx.ccn.io.CCNOutputStream flushToNetwork
INFORMAÇÕES: flush: outputting to the segmenter, baseName /ccnx.org/test/CCNNetworkTestRepo-15-01-15-18.17.24/content_-7499406587867137679/=FD054B82E6C99A basenameindex =00; 16 bytes written, holding back 0 flushing final blocks? true.
Jan 15, 2015 6:17:32 PM org.ccnx.ccn.io.CCNOutputStream flushToNetwork
INFORMAÇÕES: HEADER: CCNOutputStream: flushToNetwork: new _baseNameIndex 1
Jan 15, 2015 6:17:32 PM org.ccnx.ccn.io.CCNOutputStream close
INFORMAÇÕES: CCNOutputStream close: /ccnx.org/test/CCNNetworkTestRepo-15-01-15-18.17.24/content_-7499406587867137679/=FD054B82E6C99A
Jan 15, 2015 6:17:32 PM org.ccnx.ccn.io.content.CCNNetworkObject createFlowController
INFORMAÇÕES: Created LOCALREPOSITORY flow controller, for prefix /ccnx.org/test/CCNNetworkTestRepo-15-01-15-18.17.24/content_-7499406587867137679, save type LOCALREPOSITORY
Jan 15, 2015 6:17:32 PM org.ccnx.ccn.impl.CCNFlowControl addNameSpace
INFORMAÇÕES: Flow controller addNameSpace: added namespace: /ccnx.org/test/CCNNetworkTestRepo-15-01-15-18.17.24/content_-7499406587867137679
Jan 15, 2015 6:17:32 PM org.ccnx.ccn.impl.security.keys.BasicKeyManager getKeyLocator
INFORMAÇÕES: getKeyLocator: returning locator NAME: /ccnx.org/Users/root/Keys/%C1.M.K=009234ADEC47D19E3E6A2AF362D44E09AB6B71F43B1900BA0622FB45F2A5B7D9F6/=FD054AE7DE1000 KEY:-reba89rgbj1o6ata34t5eovcl4kho5s9pnv8nstq15q1ld4g9ga for key kjSt7EfRnj5qKvNi1E4Jq2tx9DsZALoGIvtF8qW32fY=
Jan 15, 2015 6:17:32 PM org.ccnx.ccn.io.CCNAbstractOutputStream <init>
INFORMAÇÕES: CCNAbstractOutputStream: /ccnx.org/test/CCNNetworkTestRepo-15-01-15-18.17.24/content_-7499406587867137679/=FD054B82E6CB23 blocksize is 4096
Jan 15, 2015 6:17:32 PM org.ccnx.ccn.io.CCNAbstractOutputStream startWrite
INFORMAÇÕES: CCNAbstractOutputStream: startWrite -- searching for keys.
Jan 15, 2015 6:17:32 PM org.ccnx.ccn.profiles.security.access.AccessControlManager keysForOutput
INFORMAÇÕES: keysForOutput: found an acm: (null)
Jan 15, 2015 6:17:32 PM org.ccnx.ccn.impl.repo.RepositoryFlowControl startWrite
INFORMAÇÕES: RepositoryFlowControl.startWrite called for name /ccnx.org/test/CCNNetworkTestRepo-15-01-15-18.17.24/content_-7499406587867137679/=FD054B82E6CB23, shape STREAM
Jan 15, 2015 6:17:32 PM org.ccnx.ccn.impl.repo.RepositoryFlowControl handleContent
INFORMAÇÕES: handleContent: got potential repo message: /ccnx.org/test/CCNNetworkTestRepo-15-01-15-18.17.24/content_-7499406587867137679/=FD054B82E6CB23/%C1.R.sw/%C1.N=00C35043AECEDCB852
Jan 15, 2015 6:17:32 PM org.ccnx.ccn.io.CCNOutputStream flushToNetwork
INFORMAÇÕES: flush: outputting to the segmenter, baseName /ccnx.org/test/CCNNetworkTestRepo-15-01-15-18.17.24/content_-7499406587867137679/=FD054B82E6CB23 basenameindex =00; 16 bytes written, holding back 16 flushing final blocks? false.
Jan 15, 2015 6:17:32 PM org.ccnx.ccn.io.CCNOutputStream flushToNetwork
INFORMAÇÕES: HEADER: CCNOutputStream: flushToNetwork: new _baseNameIndex 0
Jan 15, 2015 6:17:32 PM org.ccnx.ccn.io.CCNOutputStream flushToNetwork
INFORMAÇÕES: flush: outputting to the segmenter, baseName /ccnx.org/test/CCNNetworkTestRepo-15-01-15-18.17.24/content_-7499406587867137679/=FD054B82E6CB23 basenameindex =00; 16 bytes written, holding back 0 flushing final blocks? true.
Jan 15, 2015 6:17:32 PM org.ccnx.ccn.io.CCNOutputStream flushToNetwork
INFORMAÇÕES: HEADER: CCNOutputStream: flushToNetwork: new _baseNameIndex 1
Jan 15, 2015 6:17:32 PM org.ccnx.ccn.io.CCNOutputStream close
INFORMAÇÕES: CCNOutputStream close: /ccnx.org/test/CCNNetworkTestRepo-15-01-15-18.17.24/content_-7499406587867137679/=FD054B82E6CB23
Jan 15, 2015 6:17:32 PM org.ccnx.ccn.io.content.CCNNetworkObject createFlowController
INFORMAÇÕES: Created LOCALREPOSITORY flow controller, for prefix /ccnx.org/test/CCNNetworkTestRepo-15-01-15-18.17.24/content_-7499406587867137679, save type LOCALREPOSITORY
Jan 15, 2015 6:17:32 PM org.ccnx.ccn.impl.CCNFlowControl addNameSpace
INFORMAÇÕES: Flow controller addNameSpace: added namespace: /ccnx.org/test/CCNNetworkTestRepo-15-01-15-18.17.24/content_-7499406587867137679
Jan 15, 2015 6:17:32 PM org.ccnx.ccn.impl.security.keys.BasicKeyManager getKeyLocator
INFORMAÇÕES: getKeyLocator: returning locator NAME: /ccnx.org/Users/root/Keys/%C1.M.K=009234ADEC47D19E3E6A2AF362D44E09AB6B71F43B1900BA0622FB45F2A5B7D9F6/=FD054AE7DE1000 KEY:-reba89rgbj1o6ata34t5eovcl4kho5s9pnv8nstq15q1ld4g9ga for key kjSt7EfRnj5qKvNi1E4Jq2tx9DsZALoGIvtF8qW32fY=
Jan 15, 2015 6:17:32 PM org.ccnx.ccn.io.CCNAbstractOutputStream <init>
INFORMAÇÕES: CCNAbstractOutputStream: /ccnx.org/test/CCNNetworkTestRepo-15-01-15-18.17.24/content_-7499406587867137679/=FD054B82E6CCA8 blocksize is 4096
Jan 15, 2015 6:17:32 PM org.ccnx.ccn.io.CCNAbstractOutputStream startWrite
INFORMAÇÕES: CCNAbstractOutputStream: startWrite -- searching for keys.
Jan 15, 2015 6:17:32 PM org.ccnx.ccn.profiles.security.access.AccessControlManager keysForOutput
INFORMAÇÕES: keysForOutput: found an acm: (null)
Jan 15, 2015 6:17:32 PM org.ccnx.ccn.impl.repo.RepositoryFlowControl startWrite
INFORMAÇÕES: RepositoryFlowControl.startWrite called for name /ccnx.org/test/CCNNetworkTestRepo-15-01-15-18.17.24/content_-7499406587867137679/=FD054B82E6CCA8, shape STREAM
Jan 15, 2015 6:17:32 PM org.ccnx.ccn.impl.repo.RepositoryFlowControl handleContent
INFORMAÇÕES: handleContent: got potential repo message: /ccnx.org/test/CCNNetworkTestRepo-15-01-15-18.17.24/content_-7499406587867137679/=FD054B82E6CCA8/%C1.R.sw/%C1.N%00r=925D0DB604386E
Jan 15, 2015 6:17:32 PM org.ccnx.ccn.io.CCNOutputStream flushToNetwork
INFORMAÇÕES: flush: outputting to the segmenter, baseName /ccnx.org/test/CCNNetworkTestRepo-15-01-15-18.17.24/content_-7499406587867137679/=FD054B82E6CCA8 basenameindex =00; 16 bytes written, holding back 16 flushing final blocks? false.
Jan 15, 2015 6:17:32 PM org.ccnx.ccn.io.CCNOutputStream flushToNetwork
INFORMAÇÕES: HEADER: CCNOutputStream: flushToNetwork: new _baseNameIndex 0
Jan 15, 2015 6:17:32 PM org.ccnx.ccn.io.CCNOutputStream flushToNetwork
INFORMAÇÕES: flush: outputting to the segmenter, baseName /ccnx.org/test/CCNNetworkTestRepo-15-01-15-18.17.24/content_-7499406587867137679/=FD054B82E6CCA8 basenameindex =00; 16 bytes written, holding back 0 flushing final blocks? true.
Jan 15, 2015 6:17:32 PM org.ccnx.ccn.io.CCNOutputStream flushToNetwork
INFORMAÇÕES: HEADER: CCNOutputStream: flushToNetwork: new _baseNameIndex 1
Jan 15, 2015 6:17:32 PM org.ccnx.ccn.io.CCNOutputStream close
INFORMAÇÕES: CCNOutputStream close: /ccnx.org/test/CCNNetworkTestRepo-15-01-15-18.17.24/content_-7499406587867137679/=FD054B82E6CCA8
Jan 15, 2015 6:17:32 PM org.ccnx.ccn.io.content.CCNNetworkObject createFlowController
INFORMAÇÕES: Created LOCALREPOSITORY flow controller, for prefix /ccnx.org/test/CCNNetworkTestRepo-15-01-15-18.17.24/content_-7499406587867137679, save type LOCALREPOSITORY
Jan 15, 2015 6:17:32 PM org.ccnx.ccn.impl.CCNFlowControl addNameSpace
INFORMAÇÕES: Flow controller addNameSpace: added namespace: /ccnx.org/test/CCNNetworkTestRepo-15-01-15-18.17.24/content_-7499406587867137679
Jan 15, 2015 6:17:32 PM org.ccnx.ccn.impl.security.keys.BasicKeyManager getKeyLocator
INFORMAÇÕES: getKeyLocator: returning locator NAME: /ccnx.org/Users/root/Keys/%C1.M.K=009234ADEC47D19E3E6A2AF362D44E09AB6B71F43B1900BA0622FB45F2A5B7D9F6/=FD054AE7DE1000 KEY:-reba89rgbj1o6ata34t5eovcl4kho5s9pnv8nstq15q1ld4g9ga for key kjSt7EfRnj5qKvNi1E4Jq2tx9DsZALoGIvtF8qW32fY=
Jan 15, 2015 6:17:32 PM org.ccnx.ccn.io.CCNAbstractOutputStream <init>
INFORMAÇÕES: CCNAbstractOutputStream: /ccnx.org/test/CCNNetworkTestRepo-15-01-15-18.17.24/content_-7499406587867137679/=FD054B82E6CE25 blocksize is 4096
Jan 15, 2015 6:17:32 PM org.ccnx.ccn.io.CCNAbstractOutputStream startWrite
INFORMAÇÕES: CCNAbstractOutputStream: startWrite -- searching for keys.
Jan 15, 2015 6:17:32 PM org.ccnx.ccn.profiles.security.access.AccessControlManager keysForOutput
INFORMAÇÕES: keysForOutput: found an acm: (null)
Jan 15, 2015 6:17:32 PM org.ccnx.ccn.impl.repo.RepositoryFlowControl startWrite
INFORMAÇÕES: RepositoryFlowControl.startWrite called for name /ccnx.org/test/CCNNetworkTestRepo-15-01-15-18.17.24/content_-7499406587867137679/=FD054B82E6CE25, shape STREAM
Jan 15, 2015 6:17:32 PM org.ccnx.ccn.impl.repo.RepositoryFlowControl handleContent
INFORMAÇÕES: handleContent: got potential repo message: /ccnx.org/test/CCNNetworkTestRepo-15-01-15-18.17.24/content_-7499406587867137679/=FD054B82E6CE25/%C1.R.sw/%C1.N=001CFE271FE0D69C9F
Jan 15, 2015 6:17:32 PM org.ccnx.ccn.io.CCNOutputStream flushToNetwork
INFORMAÇÕES: flush: outputting to the segmenter, baseName /ccnx.org/test/CCNNetworkTestRepo-15-01-15-18.17.24/content_-7499406587867137679/=FD054B82E6CE25 basenameindex =00; 16 bytes written, holding back 16 flushing final blocks? false.
Jan 15, 2015 6:17:32 PM org.ccnx.ccn.io.CCNOutputStream flushToNetwork
INFORMAÇÕES: HEADER: CCNOutputStream: flushToNetwork: new _baseNameIndex 0
Jan 15, 2015 6:17:32 PM org.ccnx.ccn.io.CCNOutputStream flushToNetwork
INFORMAÇÕES: flush: outputting to the segmenter, baseName /ccnx.org/test/CCNNetworkTestRepo-15-01-15-18.17.24/content_-7499406587867137679/=FD054B82E6CE25 basenameindex =00; 16 bytes written, holding back 0 flushing final blocks? true.
Jan 15, 2015 6:17:32 PM org.ccnx.ccn.io.CCNOutputStream flushToNetwork
INFORMAÇÕES: HEADER: CCNOutputStream: flushToNetwork: new _baseNameIndex 1
Jan 15, 2015 6:17:32 PM org.ccnx.ccn.io.CCNOutputStream close
INFORMAÇÕES: CCNOutputStream close: /ccnx.org/test/CCNNetworkTestRepo-15-01-15-18.17.24/content_-7499406587867137679/=FD054B82E6CE25
Jan 15, 2015 6:17:32 PM org.ccnx.ccn.io.content.CCNNetworkObject createFlowController
INFORMAÇÕES: Created LOCALREPOSITORY flow controller, for prefix /ccnx.org/test/CCNNetworkTestRepo-15-01-15-18.17.24/content_-7499406587867137679, save type LOCALREPOSITORY
Jan 15, 2015 6:17:33 PM org.ccnx.ccn.impl.CCNFlowControl addNameSpace
INFORMAÇÕES: Flow controller addNameSpace: added namespace: /ccnx.org/test/CCNNetworkTestRepo-15-01-15-18.17.24/content_-7499406587867137679
Jan 15, 2015 6:17:33 PM org.ccnx.ccn.impl.security.keys.BasicKeyManager getKeyLocator
INFORMAÇÕES: getKeyLocator: returning locator NAME: /ccnx.org/Users/root/Keys/%C1.M.K=009234ADEC47D19E3E6A2AF362D44E09AB6B71F43B1900BA0622FB45F2A5B7D9F6/=FD054AE7DE1000 KEY:-reba89rgbj1o6ata34t5eovcl4kho5s9pnv8nstq15q1ld4g9ga for key kjSt7EfRnj5qKvNi1E4Jq2tx9DsZALoGIvtF8qW32fY=
Jan 15, 2015 6:17:33 PM org.ccnx.ccn.io.CCNAbstractOutputStream <init>
INFORMAÇÕES: CCNAbstractOutputStream: /ccnx.org/test/CCNNetworkTestRepo-15-01-15-18.17.24/content_-7499406587867137679/=FD054B82E6CFBA blocksize is 4096
Jan 15, 2015 6:17:33 PM org.ccnx.ccn.io.CCNAbstractOutputStream startWrite
INFORMAÇÕES: CCNAbstractOutputStream: startWrite -- searching for keys.
Jan 15, 2015 6:17:33 PM org.ccnx.ccn.profiles.security.access.AccessControlManager keysForOutput
INFORMAÇÕES: keysForOutput: found an acm: (null)
Jan 15, 2015 6:17:33 PM org.ccnx.ccn.impl.repo.RepositoryFlowControl startWrite
INFORMAÇÕES: RepositoryFlowControl.startWrite called for name /ccnx.org/test/CCNNetworkTestRepo-15-01-15-18.17.24/content_-7499406587867137679/=FD054B82E6CFBA, shape STREAM
Jan 15, 2015 6:17:33 PM org.ccnx.ccn.impl.repo.RepositoryFlowControl handleContent
INFORMAÇÕES: handleContent: got potential repo message: /ccnx.org/test/CCNNetworkTestRepo-15-01-15-18.17.24/content_-7499406587867137679/=FD054B82E6CFBA/%C1.R.sw/%C1.N=00DDBA41CA55129993
Jan 15, 2015 6:17:33 PM org.ccnx.ccn.io.CCNOutputStream flushToNetwork
INFORMAÇÕES: flush: outputting to the segmenter, baseName /ccnx.org/test/CCNNetworkTestRepo-15-01-15-18.17.24/content_-7499406587867137679/=FD054B82E6CFBA basenameindex =00; 16 bytes written, holding back 16 flushing final blocks? false.
Jan 15, 2015 6:17:33 PM org.ccnx.ccn.io.CCNOutputStream flushToNetwork
INFORMAÇÕES: HEADER: CCNOutputStream: flushToNetwork: new _baseNameIndex 0
Jan 15, 2015 6:17:33 PM org.ccnx.ccn.io.CCNOutputStream flushToNetwork
INFORMAÇÕES: flush: outputting to the segmenter, baseName /ccnx.org/test/CCNNetworkTestRepo-15-01-15-18.17.24/content_-7499406587867137679/=FD054B82E6CFBA basenameindex =00; 16 bytes written, holding back 0 flushing final blocks? true.
Jan 15, 2015 6:17:33 PM org.ccnx.ccn.io.CCNOutputStream flushToNetwork
INFORMAÇÕES: HEADER: CCNOutputStream: flushToNetwork: new _baseNameIndex 1
Jan 15, 2015 6:17:33 PM org.ccnx.ccn.io.CCNOutputStream close
INFORMAÇÕES: CCNOutputStream close: /ccnx.org/test/CCNNetworkTestRepo-15-01-15-18.17.24/content_-7499406587867137679/=FD054B82E6CFBA
Jan 15, 2015 6:17:33 PM org.ccnx.ccn.io.content.CCNNetworkObject createFlowController
INFORMAÇÕES: Created LOCALREPOSITORY flow controller, for prefix /ccnx.org/test/CCNNetworkTestRepo-15-01-15-18.17.24/content_-7499406587867137679, save type LOCALREPOSITORY
Jan 15, 2015 6:17:33 PM org.ccnx.ccn.impl.CCNFlowControl addNameSpace
INFORMAÇÕES: Flow controller addNameSpace: added namespace: /ccnx.org/test/CCNNetworkTestRepo-15-01-15-18.17.24/content_-7499406587867137679
Jan 15, 2015 6:17:33 PM org.ccnx.ccn.impl.security.keys.BasicKeyManager getKeyLocator
INFORMAÇÕES: getKeyLocator: returning locator NAME: /ccnx.org/Users/root/Keys/%C1.M.K=009234ADEC47D19E3E6A2AF362D44E09AB6B71F43B1900BA0622FB45F2A5B7D9F6/=FD054AE7DE1000 KEY:-reba89rgbj1o6ata34t5eovcl4kho5s9pnv8nstq15q1ld4g9ga for key kjSt7EfRnj5qKvNi1E4Jq2tx9DsZALoGIvtF8qW32fY=
Jan 15, 2015 6:17:33 PM org.ccnx.ccn.io.CCNAbstractOutputStream <init>
INFORMAÇÕES: CCNAbstractOutputStream: /ccnx.org/test/CCNNetworkTestRepo-15-01-15-18.17.24/content_-7499406587867137679/=FD054B82E6D133 blocksize is 4096
Jan 15, 2015 6:17:33 PM org.ccnx.ccn.io.CCNAbstractOutputStream startWrite
INFORMAÇÕES: CCNAbstractOutputStream: startWrite -- searching for keys.
Jan 15, 2015 6:17:33 PM org.ccnx.ccn.profiles.security.access.AccessControlManager keysForOutput
INFORMAÇÕES: keysForOutput: found an acm: (null)
Jan 15, 2015 6:17:33 PM org.ccnx.ccn.impl.repo.RepositoryFlowControl startWrite
INFORMAÇÕES: RepositoryFlowControl.startWrite called for name /ccnx.org/test/CCNNetworkTestRepo-15-01-15-18.17.24/content_-7499406587867137679/=FD054B82E6D133, shape STREAM
Jan 15, 2015 6:17:33 PM org.ccnx.ccn.impl.repo.RepositoryFlowControl handleContent
INFORMAÇÕES: handleContent: got potential repo message: /ccnx.org/test/CCNNetworkTestRepo-15-01-15-18.17.24/content_-7499406587867137679/=FD054B82E6D133/%C1.R.sw/%C1.N=00D8375BB838F0F8B9
Jan 15, 2015 6:17:33 PM org.ccnx.ccn.io.CCNOutputStream flushToNetwork
INFORMAÇÕES: flush: outputting to the segmenter, baseName /ccnx.org/test/CCNNetworkTestRepo-15-01-15-18.17.24/content_-7499406587867137679/=FD054B82E6D133 basenameindex =00; 16 bytes written, holding back 16 flushing final blocks? false.
Jan 15, 2015 6:17:33 PM org.ccnx.ccn.io.CCNOutputStream flushToNetwork
INFORMAÇÕES: HEADER: CCNOutputStream: flushToNetwork: new _baseNameIndex 0
Jan 15, 2015 6:17:33 PM org.ccnx.ccn.io.CCNOutputStream flushToNetwork
INFORMAÇÕES: flush: outputting to the segmenter, baseName /ccnx.org/test/CCNNetworkTestRepo-15-01-15-18.17.24/content_-7499406587867137679/=FD054B82E6D133 basenameindex =00; 16 bytes written, holding back 0 flushing final blocks? true.
Jan 15, 2015 6:17:33 PM org.ccnx.ccn.io.CCNOutputStream flushToNetwork
INFORMAÇÕES: HEADER: CCNOutputStream: flushToNetwork: new _baseNameIndex 1
Jan 15, 2015 6:17:33 PM org.ccnx.ccn.io.CCNOutputStream close
INFORMAÇÕES: CCNOutputStream close: /ccnx.org/test/CCNNetworkTestRepo-15-01-15-18.17.24/content_-7499406587867137679/=FD054B82E6D133
Jan 15, 2015 6:17:33 PM org.ccnx.ccn.io.content.CCNNetworkObject createFlowController
INFORMAÇÕES: Created LOCALREPOSITORY flow controller, for prefix /ccnx.org/test/CCNNetworkTestRepo-15-01-15-18.17.24/content_-7499406587867137679, save type LOCALREPOSITORY
Jan 15, 2015 6:17:33 PM org.ccnx.ccn.impl.CCNFlowControl addNameSpace
INFORMAÇÕES: Flow controller addNameSpace: added namespace: /ccnx.org/test/CCNNetworkTestRepo-15-01-15-18.17.24/content_-7499406587867137679
Jan 15, 2015 6:17:33 PM org.ccnx.ccn.impl.security.keys.BasicKeyManager getKeyLocator
INFORMAÇÕES: getKeyLocator: returning locator NAME: /ccnx.org/Users/root/Keys/%C1.M.K=009234ADEC47D19E3E6A2AF362D44E09AB6B71F43B1900BA0622FB45F2A5B7D9F6/=FD054AE7DE1000 KEY:-reba89rgbj1o6ata34t5eovcl4kho5s9pnv8nstq15q1ld4g9ga for key kjSt7EfRnj5qKvNi1E4Jq2tx9DsZALoGIvtF8qW32fY=
Jan 15, 2015 6:17:33 PM org.ccnx.ccn.io.CCNAbstractOutputStream <init>
INFORMAÇÕES: CCNAbstractOutputStream: /ccnx.org/test/CCNNetworkTestRepo-15-01-15-18.17.24/content_-7499406587867137679/=FD054B82E6D2A4 blocksize is 4096
Jan 15, 2015 6:17:33 PM org.ccnx.ccn.io.CCNAbstractOutputStream startWrite
INFORMAÇÕES: CCNAbstractOutputStream: startWrite -- searching for keys.
Jan 15, 2015 6:17:33 PM org.ccnx.ccn.profiles.security.access.AccessControlManager keysForOutput
INFORMAÇÕES: keysForOutput: found an acm: (null)
Jan 15, 2015 6:17:33 PM org.ccnx.ccn.impl.repo.RepositoryFlowControl startWrite
INFORMAÇÕES: RepositoryFlowControl.startWrite called for name /ccnx.org/test/CCNNetworkTestRepo-15-01-15-18.17.24/content_-7499406587867137679/=FD054B82E6D2A4, shape STREAM
Jan 15, 2015 6:17:33 PM org.ccnx.ccn.impl.repo.RepositoryFlowControl handleContent
INFORMAÇÕES: handleContent: got potential repo message: /ccnx.org/test/CCNNetworkTestRepo-15-01-15-18.17.24/content_-7499406587867137679/=FD054B82E6D2A4/%C1.R.sw/%C1.N=00870DCF03BB0F67B6
Jan 15, 2015 6:17:33 PM org.ccnx.ccn.io.CCNOutputStream flushToNetwork
INFORMAÇÕES: flush: outputting to the segmenter, baseName /ccnx.org/test/CCNNetworkTestRepo-15-01-15-18.17.24/content_-7499406587867137679/=FD054B82E6D2A4 basenameindex =00; 16 bytes written, holding back 16 flushing final blocks? false.
Jan 15, 2015 6:17:33 PM org.ccnx.ccn.io.CCNOutputStream flushToNetwork
INFORMAÇÕES: HEADER: CCNOutputStream: flushToNetwork: new _baseNameIndex 0
Jan 15, 2015 6:17:33 PM org.ccnx.ccn.io.CCNOutputStream flushToNetwork
INFORMAÇÕES: flush: outputting to the segmenter, baseName /ccnx.org/test/CCNNetworkTestRepo-15-01-15-18.17.24/content_-7499406587867137679/=FD054B82E6D2A4 basenameindex =00; 16 bytes written, holding back 0 flushing final blocks? true.
Jan 15, 2015 6:17:33 PM org.ccnx.ccn.io.CCNOutputStream flushToNetwork
INFORMAÇÕES: HEADER: CCNOutputStream: flushToNetwork: new _baseNameIndex 1
Jan 15, 2015 6:17:33 PM org.ccnx.ccn.io.CCNOutputStream close
INFORMAÇÕES: CCNOutputStream close: /ccnx.org/test/CCNNetworkTestRepo-15-01-15-18.17.24/content_-7499406587867137679/=FD054B82E6D2A4
Jan 15, 2015 6:17:33 PM org.ccnx.ccn.io.content.CCNNetworkObject createFlowController
INFORMAÇÕES: Created LOCALREPOSITORY flow controller, for prefix /ccnx.org/test/CCNNetworkTestRepo-15-01-15-18.17.24/content_-7499406587867137679, save type LOCALREPOSITORY
Jan 15, 2015 6:17:33 PM org.ccnx.ccn.impl.CCNFlowControl addNameSpace
INFORMAÇÕES: Flow controller addNameSpace: added namespace: /ccnx.org/test/CCNNetworkTestRepo-15-01-15-18.17.24/content_-7499406587867137679
Jan 15, 2015 6:17:33 PM org.ccnx.ccn.impl.security.keys.BasicKeyManager getKeyLocator
INFORMAÇÕES: getKeyLocator: returning locator NAME: /ccnx.org/Users/root/Keys/%C1.M.K=009234ADEC47D19E3E6A2AF362D44E09AB6B71F43B1900BA0622FB45F2A5B7D9F6/=FD054AE7DE1000 KEY:-reba89rgbj1o6ata34t5eovcl4kho5s9pnv8nstq15q1ld4g9ga for key kjSt7EfRnj5qKvNi1E4Jq2tx9DsZALoGIvtF8qW32fY=
Jan 15, 2015 6:17:33 PM org.ccnx.ccn.io.CCNAbstractOutputStream <init>
INFORMAÇÕES: CCNAbstractOutputStream: /ccnx.org/test/CCNNetworkTestRepo-15-01-15-18.17.24/content_-7499406587867137679/=FD054B82E6D410 blocksize is 4096
Jan 15, 2015 6:17:33 PM org.ccnx.ccn.io.CCNAbstractOutputStream startWrite
INFORMAÇÕES: CCNAbstractOutputStream: startWrite -- searching for keys.
Jan 15, 2015 6:17:33 PM org.ccnx.ccn.profiles.security.access.AccessControlManager keysForOutput
INFORMAÇÕES: keysForOutput: found an acm: (null)
Jan 15, 2015 6:17:33 PM org.ccnx.ccn.impl.repo.RepositoryFlowControl startWrite
INFORMAÇÕES: RepositoryFlowControl.startWrite called for name /ccnx.org/test/CCNNetworkTestRepo-15-01-15-18.17.24/content_-7499406587867137679/=FD054B82E6D410, shape STREAM
Jan 15, 2015 6:17:33 PM org.ccnx.ccn.impl.repo.RepositoryFlowControl handleContent
INFORMAÇÕES: handleContent: got potential repo message: /ccnx.org/test/CCNNetworkTestRepo-15-01-15-18.17.24/content_-7499406587867137679/=FD054B82E6D410/%C1.R.sw/%C1.N=00E7BC8FBED533FCCF
Jan 15, 2015 6:17:33 PM org.ccnx.ccn.io.CCNOutputStream flushToNetwork
INFORMAÇÕES: flush: outputting to the segmenter, baseName /ccnx.org/test/CCNNetworkTestRepo-15-01-15-18.17.24/content_-7499406587867137679/=FD054B82E6D410 basenameindex =00; 16 bytes written, holding back 16 flushing final blocks? false.
Jan 15, 2015 6:17:33 PM org.ccnx.ccn.io.CCNOutputStream flushToNetwork
INFORMAÇÕES: HEADER: CCNOutputStream: flushToNetwork: new _baseNameIndex 0
Jan 15, 2015 6:17:33 PM org.ccnx.ccn.io.CCNOutputStream flushToNetwork
INFORMAÇÕES: flush: outputting to the segmenter, baseName /ccnx.org/test/CCNNetworkTestRepo-15-01-15-18.17.24/content_-7499406587867137679/=FD054B82E6D410 basenameindex =00; 16 bytes written, holding back 0 flushing final blocks? true.
Jan 15, 2015 6:17:33 PM org.ccnx.ccn.io.CCNOutputStream flushToNetwork
INFORMAÇÕES: HEADER: CCNOutputStream: flushToNetwork: new _baseNameIndex 1
Jan 15, 2015 6:17:33 PM org.ccnx.ccn.io.CCNOutputStream close
INFORMAÇÕES: CCNOutputStream close: /ccnx.org/test/CCNNetworkTestRepo-15-01-15-18.17.24/content_-7499406587867137679/=FD054B82E6D410
Jan 15, 2015 6:17:33 PM org.ccnx.ccn.io.content.CCNNetworkObject createFlowController
INFORMAÇÕES: Created LOCALREPOSITORY flow controller, for prefix /ccnx.org/test/CCNNetworkTestRepo-15-01-15-18.17.24/content_-7499406587867137679, save type LOCALREPOSITORY
Jan 15, 2015 6:17:33 PM org.ccnx.ccn.impl.CCNFlowControl addNameSpace
INFORMAÇÕES: Flow controller addNameSpace: added namespace: /ccnx.org/test/CCNNetworkTestRepo-15-01-15-18.17.24/content_-7499406587867137679
Jan 15, 2015 6:17:33 PM org.ccnx.ccn.impl.security.keys.BasicKeyManager getKeyLocator
INFORMAÇÕES: getKeyLocator: returning locator NAME: /ccnx.org/Users/root/Keys/%C1.M.K=009234ADEC47D19E3E6A2AF362D44E09AB6B71F43B1900BA0622FB45F2A5B7D9F6/=FD054AE7DE1000 KEY:-reba89rgbj1o6ata34t5eovcl4kho5s9pnv8nstq15q1ld4g9ga for key kjSt7EfRnj5qKvNi1E4Jq2tx9DsZALoGIvtF8qW32fY=
Jan 15, 2015 6:17:33 PM org.ccnx.ccn.io.CCNAbstractOutputStream <init>
INFORMAÇÕES: CCNAbstractOutputStream: /ccnx.org/test/CCNNetworkTestRepo-15-01-15-18.17.24/content_-7499406587867137679/=FD054B82E6D59E blocksize is 4096
Jan 15, 2015 6:17:33 PM org.ccnx.ccn.io.CCNAbstractOutputStream startWrite
INFORMAÇÕES: CCNAbstractOutputStream: startWrite -- searching for keys.
Jan 15, 2015 6:17:33 PM org.ccnx.ccn.profiles.security.access.AccessControlManager keysForOutput
INFORMAÇÕES: keysForOutput: found an acm: (null)
Jan 15, 2015 6:17:33 PM org.ccnx.ccn.impl.repo.RepositoryFlowControl startWrite
INFORMAÇÕES: RepositoryFlowControl.startWrite called for name /ccnx.org/test/CCNNetworkTestRepo-15-01-15-18.17.24/content_-7499406587867137679/=FD054B82E6D59E, shape STREAM
Jan 15, 2015 6:17:33 PM org.ccnx.ccn.impl.repo.RepositoryFlowControl handleContent
INFORMAÇÕES: handleContent: got potential repo message: /ccnx.org/test/CCNNetworkTestRepo-15-01-15-18.17.24/content_-7499406587867137679/=FD054B82E6D59E/%C1.R.sw/%C1.N=00FEBC6EE18AECF8EE
Jan 15, 2015 6:17:33 PM org.ccnx.ccn.io.CCNOutputStream flushToNetwork
INFORMAÇÕES: flush: outputting to the segmenter, baseName /ccnx.org/test/CCNNetworkTestRepo-15-01-15-18.17.24/content_-7499406587867137679/=FD054B82E6D59E basenameindex =00; 16 bytes written, holding back 16 flushing final blocks? false.
Jan 15, 2015 6:17:33 PM org.ccnx.ccn.io.CCNOutputStream flushToNetwork
INFORMAÇÕES: HEADER: CCNOutputStream: flushToNetwork: new _baseNameIndex 0
Jan 15, 2015 6:17:33 PM org.ccnx.ccn.io.CCNOutputStream flushToNetwork
INFORMAÇÕES: flush: outputting to the segmenter, baseName /ccnx.org/test/CCNNetworkTestRepo-15-01-15-18.17.24/content_-7499406587867137679/=FD054B82E6D59E basenameindex =00; 16 bytes written, holding back 0 flushing final blocks? true.
Jan 15, 2015 6:17:33 PM org.ccnx.ccn.io.CCNOutputStream flushToNetwork
INFORMAÇÕES: HEADER: CCNOutputStream: flushToNetwork: new _baseNameIndex 1
Jan 15, 2015 6:17:33 PM org.ccnx.ccn.io.CCNOutputStream close
INFORMAÇÕES: CCNOutputStream close: /ccnx.org/test/CCNNetworkTestRepo-15-01-15-18.17.24/content_-7499406587867137679/=FD054B82E6D59E
Jan 15, 2015 6:17:33 PM org.ccnx.ccn.io.content.CCNNetworkObject createFlowController
INFORMAÇÕES: Created LOCALREPOSITORY flow controller, for prefix /ccnx.org/test/CCNNetworkTestRepo-15-01-15-18.17.24/content_-7499406587867137679, save type LOCALREPOSITORY
Jan 15, 2015 6:17:33 PM org.ccnx.ccn.impl.CCNFlowControl addNameSpace
INFORMAÇÕES: Flow controller addNameSpace: added namespace: /ccnx.org/test/CCNNetworkTestRepo-15-01-15-18.17.24/content_-7499406587867137679
Jan 15, 2015 6:17:33 PM org.ccnx.ccn.impl.security.keys.BasicKeyManager getKeyLocator
INFORMAÇÕES: getKeyLocator: returning locator NAME: /ccnx.org/Users/root/Keys/%C1.M.K=009234ADEC47D19E3E6A2AF362D44E09AB6B71F43B1900BA0622FB45F2A5B7D9F6/=FD054AE7DE1000 KEY:-reba89rgbj1o6ata34t5eovcl4kho5s9pnv8nstq15q1ld4g9ga for key kjSt7EfRnj5qKvNi1E4Jq2tx9DsZALoGIvtF8qW32fY=
Jan 15, 2015 6:17:33 PM org.ccnx.ccn.io.CCNAbstractOutputStream <init>
INFORMAÇÕES: CCNAbstractOutputStream: /ccnx.org/test/CCNNetworkTestRepo-15-01-15-18.17.24/content_-7499406587867137679/=FD054B82E6D712 blocksize is 4096
Jan 15, 2015 6:17:33 PM org.ccnx.ccn.io.CCNAbstractOutputStream startWrite
INFORMAÇÕES: CCNAbstractOutputStream: startWrite -- searching for keys.
Jan 15, 2015 6:17:33 PM org.ccnx.ccn.profiles.security.access.AccessControlManager keysForOutput
INFORMAÇÕES: keysForOutput: found an acm: (null)
Jan 15, 2015 6:17:33 PM org.ccnx.ccn.impl.repo.RepositoryFlowControl startWrite
INFORMAÇÕES: RepositoryFlowControl.startWrite called for name /ccnx.org/test/CCNNetworkTestRepo-15-01-15-18.17.24/content_-7499406587867137679/=FD054B82E6D712, shape STREAM
Jan 15, 2015 6:17:33 PM org.ccnx.ccn.impl.repo.RepositoryFlowControl handleContent
INFORMAÇÕES: handleContent: got potential repo message: /ccnx.org/test/CCNNetworkTestRepo-15-01-15-18.17.24/content_-7499406587867137679/=FD054B82E6D712/%C1.R.sw/%C1.N=00894EF44BF4DB447A
Jan 15, 2015 6:17:33 PM org.ccnx.ccn.io.CCNOutputStream flushToNetwork
INFORMAÇÕES: flush: outputting to the segmenter, baseName /ccnx.org/test/CCNNetworkTestRepo-15-01-15-18.17.24/content_-7499406587867137679/=FD054B82E6D712 basenameindex =00; 16 bytes written, holding back 16 flushing final blocks? false.
Jan 15, 2015 6:17:33 PM org.ccnx.ccn.io.CCNOutputStream flushToNetwork
INFORMAÇÕES: HEADER: CCNOutputStream: flushToNetwork: new _baseNameIndex 0
Jan 15, 2015 6:17:33 PM org.ccnx.ccn.io.CCNOutputStream flushToNetwork
INFORMAÇÕES: flush: outputting to the segmenter, baseName /ccnx.org/test/CCNNetworkTestRepo-15-01-15-18.17.24/content_-7499406587867137679/=FD054B82E6D712 basenameindex =00; 16 bytes written, holding back 0 flushing final blocks? true.
Jan 15, 2015 6:17:33 PM org.ccnx.ccn.io.CCNOutputStream flushToNetwork
INFORMAÇÕES: HEADER: CCNOutputStream: flushToNetwork: new _baseNameIndex 1
Jan 15, 2015 6:17:33 PM org.ccnx.ccn.io.CCNOutputStream close
INFORMAÇÕES: CCNOutputStream close: /ccnx.org/test/CCNNetworkTestRepo-15-01-15-18.17.24/content_-7499406587867137679/=FD054B82E6D712
Jan 15, 2015 6:17:33 PM org.ccnx.ccn.io.content.CCNNetworkObject createFlowController
INFORMAÇÕES: Created LOCALREPOSITORY flow controller, for prefix /ccnx.org/test/CCNNetworkTestRepo-15-01-15-18.17.24/content_-7499406587867137679, save type LOCALREPOSITORY
Jan 15, 2015 6:17:33 PM org.ccnx.ccn.impl.CCNFlowControl addNameSpace
INFORMAÇÕES: Flow controller addNameSpace: added namespace: /ccnx.org/test/CCNNetworkTestRepo-15-01-15-18.17.24/content_-7499406587867137679
Jan 15, 2015 6:17:33 PM org.ccnx.ccn.impl.security.keys.BasicKeyManager getKeyLocator
INFORMAÇÕES: getKeyLocator: returning locator NAME: /ccnx.org/Users/root/Keys/%C1.M.K=009234ADEC47D19E3E6A2AF362D44E09AB6B71F43B1900BA0622FB45F2A5B7D9F6/=FD054AE7DE1000 KEY:-reba89rgbj1o6ata34t5eovcl4kho5s9pnv8nstq15q1ld4g9ga for key kjSt7EfRnj5qKvNi1E4Jq2tx9DsZALoGIvtF8qW32fY=
Jan 15, 2015 6:17:33 PM org.ccnx.ccn.io.CCNAbstractOutputStream <init>
INFORMAÇÕES: CCNAbstractOutputStream: /ccnx.org/test/CCNNetworkTestRepo-15-01-15-18.17.24/content_-7499406587867137679/=FD054B82E6D8A4 blocksize is 4096
Jan 15, 2015 6:17:33 PM org.ccnx.ccn.io.CCNAbstractOutputStream startWrite
INFORMAÇÕES: CCNAbstractOutputStream: startWrite -- searching for keys.
Jan 15, 2015 6:17:33 PM org.ccnx.ccn.profiles.security.access.AccessControlManager keysForOutput
INFORMAÇÕES: keysForOutput: found an acm: (null)
Jan 15, 2015 6:17:33 PM org.ccnx.ccn.impl.repo.RepositoryFlowControl startWrite
INFORMAÇÕES: RepositoryFlowControl.startWrite called for name /ccnx.org/test/CCNNetworkTestRepo-15-01-15-18.17.24/content_-7499406587867137679/=FD054B82E6D8A4, shape STREAM
Jan 15, 2015 6:17:33 PM org.ccnx.ccn.impl.repo.RepositoryFlowControl handleContent
INFORMAÇÕES: handleContent: got potential repo message: /ccnx.org/test/CCNNetworkTestRepo-15-01-15-18.17.24/content_-7499406587867137679/=FD054B82E6D8A4/%C1.R.sw/%C1.N=00D2063689726770D1
Jan 15, 2015 6:17:33 PM org.ccnx.ccn.io.CCNOutputStream flushToNetwork
INFORMAÇÕES: flush: outputting to the segmenter, baseName /ccnx.org/test/CCNNetworkTestRepo-15-01-15-18.17.24/content_-7499406587867137679/=FD054B82E6D8A4 basenameindex =00; 16 bytes written, holding back 16 flushing final blocks? false.
Jan 15, 2015 6:17:33 PM org.ccnx.ccn.io.CCNOutputStream flushToNetwork
INFORMAÇÕES: HEADER: CCNOutputStream: flushToNetwork: new _baseNameIndex 0
Jan 15, 2015 6:17:33 PM org.ccnx.ccn.io.CCNOutputStream flushToNetwork
INFORMAÇÕES: flush: outputting to the segmenter, baseName /ccnx.org/test/CCNNetworkTestRepo-15-01-15-18.17.24/content_-7499406587867137679/=FD054B82E6D8A4 basenameindex =00; 16 bytes written, holding back 0 flushing final blocks? true.
Jan 15, 2015 6:17:33 PM org.ccnx.ccn.io.CCNOutputStream flushToNetwork
INFORMAÇÕES: HEADER: CCNOutputStream: flushToNetwork: new _baseNameIndex 1
Jan 15, 2015 6:17:33 PM org.ccnx.ccn.io.CCNOutputStream close
INFORMAÇÕES: CCNOutputStream close: /ccnx.org/test/CCNNetworkTestRepo-15-01-15-18.17.24/content_-7499406587867137679/=FD054B82E6D8A4
Jan 15, 2015 6:17:33 PM org.ccnx.ccn.io.content.CCNNetworkObject createFlowController
INFORMAÇÕES: Created LOCALREPOSITORY flow controller, for prefix /ccnx.org/test/CCNNetworkTestRepo-15-01-15-18.17.24/content_-7499406587867137679, save type LOCALREPOSITORY
Jan 15, 2015 6:17:33 PM org.ccnx.ccn.impl.CCNFlowControl addNameSpace
INFORMAÇÕES: Flow controller addNameSpace: added namespace: /ccnx.org/test/CCNNetworkTestRepo-15-01-15-18.17.24/content_-7499406587867137679
Jan 15, 2015 6:17:33 PM org.ccnx.ccn.impl.security.keys.BasicKeyManager getKeyLocator
INFORMAÇÕES: getKeyLocator: returning locator NAME: /ccnx.org/Users/root/Keys/%C1.M.K=009234ADEC47D19E3E6A2AF362D44E09AB6B71F43B1900BA0622FB45F2A5B7D9F6/=FD054AE7DE1000 KEY:-reba89rgbj1o6ata34t5eovcl4kho5s9pnv8nstq15q1ld4g9ga for key kjSt7EfRnj5qKvNi1E4Jq2tx9DsZALoGIvtF8qW32fY=
Jan 15, 2015 6:17:33 PM org.ccnx.ccn.io.CCNAbstractOutputStream <init>
INFORMAÇÕES: CCNAbstractOutputStream: /ccnx.org/test/CCNNetworkTestRepo-15-01-15-18.17.24/content_-7499406587867137679/=FD054B82E6DA2D blocksize is 4096
Jan 15, 2015 6:17:33 PM org.ccnx.ccn.io.CCNAbstractOutputStream startWrite
INFORMAÇÕES: CCNAbstractOutputStream: startWrite -- searching for keys.
Jan 15, 2015 6:17:33 PM org.ccnx.ccn.profiles.security.access.AccessControlManager keysForOutput
INFORMAÇÕES: keysForOutput: found an acm: (null)
Jan 15, 2015 6:17:33 PM org.ccnx.ccn.impl.repo.RepositoryFlowControl startWrite
INFORMAÇÕES: RepositoryFlowControl.startWrite called for name /ccnx.org/test/CCNNetworkTestRepo-15-01-15-18.17.24/content_-7499406587867137679/=FD054B82E6DA2D, shape STREAM
Jan 15, 2015 6:17:33 PM org.ccnx.ccn.impl.repo.RepositoryFlowControl handleContent
INFORMAÇÕES: handleContent: got potential repo message: /ccnx.org/test/CCNNetworkTestRepo-15-01-15-18.17.24/content_-7499406587867137679/=FD054B82E6DA2D/%C1.R.sw/%C1.N=00003E2EA9B25FCE73
Jan 15, 2015 6:17:33 PM org.ccnx.ccn.io.CCNOutputStream flushToNetwork
INFORMAÇÕES: flush: outputting to the segmenter, baseName /ccnx.org/test/CCNNetworkTestRepo-15-01-15-18.17.24/content_-7499406587867137679/=FD054B82E6DA2D basenameindex =00; 16 bytes written, holding back 16 flushing final blocks? false.
Jan 15, 2015 6:17:33 PM org.ccnx.ccn.io.CCNOutputStream flushToNetwork
INFORMAÇÕES: HEADER: CCNOutputStream: flushToNetwork: new _baseNameIndex 0
Jan 15, 2015 6:17:33 PM org.ccnx.ccn.io.CCNOutputStream flushToNetwork
INFORMAÇÕES: flush: outputting to the segmenter, baseName /ccnx.org/test/CCNNetworkTestRepo-15-01-15-18.17.24/content_-7499406587867137679/=FD054B82E6DA2D basenameindex =00; 16 bytes written, holding back 0 flushing final blocks? true.
Jan 15, 2015 6:17:33 PM org.ccnx.ccn.io.CCNOutputStream flushToNetwork
INFORMAÇÕES: HEADER: CCNOutputStream: flushToNetwork: new _baseNameIndex 1
Jan 15, 2015 6:17:33 PM org.ccnx.ccn.io.CCNOutputStream close
INFORMAÇÕES: CCNOutputStream close: /ccnx.org/test/CCNNetworkTestRepo-15-01-15-18.17.24/content_-7499406587867137679/=FD054B82E6DA2D
Jan 15, 2015 6:17:33 PM org.ccnx.ccn.io.content.CCNNetworkObject createFlowController
INFORMAÇÕES: Created LOCALREPOSITORY flow controller, for prefix /ccnx.org/test/CCNNetworkTestRepo-15-01-15-18.17.24/content_-7499406587867137679, save type LOCALREPOSITORY
Jan 15, 2015 6:17:33 PM org.ccnx.ccn.impl.CCNFlowControl addNameSpace
INFORMAÇÕES: Flow controller addNameSpace: added namespace: /ccnx.org/test/CCNNetworkTestRepo-15-01-15-18.17.24/content_-7499406587867137679
Jan 15, 2015 6:17:33 PM org.ccnx.ccn.impl.security.keys.BasicKeyManager getKeyLocator
INFORMAÇÕES: getKeyLocator: returning locator NAME: /ccnx.org/Users/root/Keys/%C1.M.K=009234ADEC47D19E3E6A2AF362D44E09AB6B71F43B1900BA0622FB45F2A5B7D9F6/=FD054AE7DE1000 KEY:-reba89rgbj1o6ata34t5eovcl4kho5s9pnv8nstq15q1ld4g9ga for key kjSt7EfRnj5qKvNi1E4Jq2tx9DsZALoGIvtF8qW32fY=
Jan 15, 2015 6:17:33 PM org.ccnx.ccn.io.CCNAbstractOutputStream <init>
INFORMAÇÕES: CCNAbstractOutputStream: /ccnx.org/test/CCNNetworkTestRepo-15-01-15-18.17.24/content_-7499406587867137679/=FD054B82E6DBAE blocksize is 4096
Jan 15, 2015 6:17:33 PM org.ccnx.ccn.io.CCNAbstractOutputStream startWrite
INFORMAÇÕES: CCNAbstractOutputStream: startWrite -- searching for keys.
Jan 15, 2015 6:17:33 PM org.ccnx.ccn.profiles.security.access.AccessControlManager keysForOutput
INFORMAÇÕES: keysForOutput: found an acm: (null)
Jan 15, 2015 6:17:33 PM org.ccnx.ccn.impl.repo.RepositoryFlowControl startWrite
INFORMAÇÕES: RepositoryFlowControl.startWrite called for name /ccnx.org/test/CCNNetworkTestRepo-15-01-15-18.17.24/content_-7499406587867137679/=FD054B82E6DBAE, shape STREAM
Jan 15, 2015 6:17:33 PM org.ccnx.ccn.impl.repo.RepositoryFlowControl handleContent
INFORMAÇÕES: handleContent: got potential repo message: /ccnx.org/test/CCNNetworkTestRepo-15-01-15-18.17.24/content_-7499406587867137679/=FD054B82E6DBAE/%C1.R.sw/%C1.N%00dZ=B31B6A0E6698
Jan 15, 2015 6:17:33 PM org.ccnx.ccn.io.CCNOutputStream flushToNetwork
INFORMAÇÕES: flush: outputting to the segmenter, baseName /ccnx.org/test/CCNNetworkTestRepo-15-01-15-18.17.24/content_-7499406587867137679/=FD054B82E6DBAE basenameindex =00; 16 bytes written, holding back 16 flushing final blocks? false.
Jan 15, 2015 6:17:33 PM org.ccnx.ccn.io.CCNOutputStream flushToNetwork
INFORMAÇÕES: HEADER: CCNOutputStream: flushToNetwork: new _baseNameIndex 0
Jan 15, 2015 6:17:33 PM org.ccnx.ccn.io.CCNOutputStream flushToNetwork
INFORMAÇÕES: flush: outputting to the segmenter, baseName /ccnx.org/test/CCNNetworkTestRepo-15-01-15-18.17.24/content_-7499406587867137679/=FD054B82E6DBAE basenameindex =00; 16 bytes written, holding back 0 flushing final blocks? true.
Jan 15, 2015 6:17:33 PM org.ccnx.ccn.io.CCNOutputStream flushToNetwork
INFORMAÇÕES: HEADER: CCNOutputStream: flushToNetwork: new _baseNameIndex 1
Jan 15, 2015 6:17:33 PM org.ccnx.ccn.io.CCNOutputStream close
INFORMAÇÕES: CCNOutputStream close: /ccnx.org/test/CCNNetworkTestRepo-15-01-15-18.17.24/content_-7499406587867137679/=FD054B82E6DBAE
Jan 15, 2015 6:17:33 PM org.ccnx.ccn.io.content.CCNNetworkObject createFlowController
INFORMAÇÕES: Created LOCALREPOSITORY flow controller, for prefix /ccnx.org/test/CCNNetworkTestRepo-15-01-15-18.17.24/content_-7499406587867137679, save type LOCALREPOSITORY
Jan 15, 2015 6:17:33 PM org.ccnx.ccn.impl.CCNFlowControl addNameSpace
INFORMAÇÕES: Flow controller addNameSpace: added namespace: /ccnx.org/test/CCNNetworkTestRepo-15-01-15-18.17.24/content_-7499406587867137679
Jan 15, 2015 6:17:33 PM org.ccnx.ccn.impl.security.keys.BasicKeyManager getKeyLocator
INFORMAÇÕES: getKeyLocator: returning locator NAME: /ccnx.org/Users/root/Keys/%C1.M.K=009234ADEC47D19E3E6A2AF362D44E09AB6B71F43B1900BA0622FB45F2A5B7D9F6/=FD054AE7DE1000 KEY:-reba89rgbj1o6ata34t5eovcl4kho5s9pnv8nstq15q1ld4g9ga for key kjSt7EfRnj5qKvNi1E4Jq2tx9DsZALoGIvtF8qW32fY=
Jan 15, 2015 6:17:33 PM org.ccnx.ccn.io.CCNAbstractOutputStream <init>
INFORMAÇÕES: CCNAbstractOutputStream: /ccnx.org/test/CCNNetworkTestRepo-15-01-15-18.17.24/content_-7499406587867137679/=FD054B82E6DD27 blocksize is 4096
Jan 15, 2015 6:17:33 PM org.ccnx.ccn.io.CCNAbstractOutputStream startWrite
INFORMAÇÕES: CCNAbstractOutputStream: startWrite -- searching for keys.
Jan 15, 2015 6:17:33 PM org.ccnx.ccn.profiles.security.access.AccessControlManager keysForOutput
INFORMAÇÕES: keysForOutput: found an acm: (null)
Jan 15, 2015 6:17:33 PM org.ccnx.ccn.impl.repo.RepositoryFlowControl startWrite
INFORMAÇÕES: RepositoryFlowControl.startWrite called for name /ccnx.org/test/CCNNetworkTestRepo-15-01-15-18.17.24/content_-7499406587867137679/=FD054B82E6DD27, shape STREAM
Jan 15, 2015 6:17:33 PM org.ccnx.ccn.impl.repo.RepositoryFlowControl handleContent
INFORMAÇÕES: handleContent: got potential repo message: /ccnx.org/test/CCNNetworkTestRepo-15-01-15-18.17.24/content_-7499406587867137679/=FD054B82E6DD27/%C1.R.sw/%C1.N=0087A18237F53600BC
Jan 15, 2015 6:17:33 PM org.ccnx.ccn.io.CCNOutputStream flushToNetwork
INFORMAÇÕES: flush: outputting to the segmenter, baseName /ccnx.org/test/CCNNetworkTestRepo-15-01-15-18.17.24/content_-7499406587867137679/=FD054B82E6DD27 basenameindex =00; 16 bytes written, holding back 16 flushing final blocks? false.
Jan 15, 2015 6:17:33 PM org.ccnx.ccn.io.CCNOutputStream flushToNetwork
INFORMAÇÕES: HEADER: CCNOutputStream: flushToNetwork: new _baseNameIndex 0
Jan 15, 2015 6:17:33 PM org.ccnx.ccn.io.CCNOutputStream flushToNetwork
INFORMAÇÕES: flush: outputting to the segmenter, baseName /ccnx.org/test/CCNNetworkTestRepo-15-01-15-18.17.24/content_-7499406587867137679/=FD054B82E6DD27 basenameindex =00; 16 bytes written, holding back 0 flushing final blocks? true.
Jan 15, 2015 6:17:33 PM org.ccnx.ccn.io.CCNOutputStream flushToNetwork
INFORMAÇÕES: HEADER: CCNOutputStream: flushToNetwork: new _baseNameIndex 1
Jan 15, 2015 6:17:33 PM org.ccnx.ccn.io.CCNOutputStream close
INFORMAÇÕES: CCNOutputStream close: /ccnx.org/test/CCNNetworkTestRepo-15-01-15-18.17.24/content_-7499406587867137679/=FD054B82E6DD27
Jan 15, 2015 6:17:33 PM org.ccnx.ccn.io.content.CCNNetworkObject createFlowController
INFORMAÇÕES: Created LOCALREPOSITORY flow controller, for prefix /ccnx.org/test/CCNNetworkTestRepo-15-01-15-18.17.24/content_-7499406587867137679, save type LOCALREPOSITORY
Jan 15, 2015 6:17:33 PM org.ccnx.ccn.impl.CCNFlowControl addNameSpace
INFORMAÇÕES: Flow controller addNameSpace: added namespace: /ccnx.org/test/CCNNetworkTestRepo-15-01-15-18.17.24/content_-7499406587867137679
Jan 15, 2015 6:17:33 PM org.ccnx.ccn.impl.security.keys.BasicKeyManager getKeyLocator
INFORMAÇÕES: getKeyLocator: returning locator NAME: /ccnx.org/Users/root/Keys/%C1.M.K=009234ADEC47D19E3E6A2AF362D44E09AB6B71F43B1900BA0622FB45F2A5B7D9F6/=FD054AE7DE1000 KEY:-reba89rgbj1o6ata34t5eovcl4kho5s9pnv8nstq15q1ld4g9ga for key kjSt7EfRnj5qKvNi1E4Jq2tx9DsZALoGIvtF8qW32fY=
Jan 15, 2015 6:17:33 PM org.ccnx.ccn.io.CCNAbstractOutputStream <init>
INFORMAÇÕES: CCNAbstractOutputStream: /ccnx.org/test/CCNNetworkTestRepo-15-01-15-18.17.24/content_-7499406587867137679/=FD054B82E6DEA8 blocksize is 4096
Jan 15, 2015 6:17:33 PM org.ccnx.ccn.io.CCNAbstractOutputStream startWrite
INFORMAÇÕES: CCNAbstractOutputStream: startWrite -- searching for keys.
Jan 15, 2015 6:17:33 PM org.ccnx.ccn.profiles.security.access.AccessControlManager keysForOutput
INFORMAÇÕES: keysForOutput: found an acm: (null)
Jan 15, 2015 6:17:33 PM org.ccnx.ccn.impl.repo.RepositoryFlowControl startWrite
INFORMAÇÕES: RepositoryFlowControl.startWrite called for name /ccnx.org/test/CCNNetworkTestRepo-15-01-15-18.17.24/content_-7499406587867137679/=FD054B82E6DEA8, shape STREAM
Jan 15, 2015 6:17:33 PM org.ccnx.ccn.impl.repo.RepositoryFlowControl handleContent
INFORMAÇÕES: handleContent: got potential repo message: /ccnx.org/test/CCNNetworkTestRepo-15-01-15-18.17.24/content_-7499406587867137679/=FD054B82E6DEA8/%C1.R.sw/%C1.N=00049966C63C7F1E76
Jan 15, 2015 6:17:33 PM org.ccnx.ccn.io.CCNOutputStream flushToNetwork
INFORMAÇÕES: flush: outputting to the segmenter, baseName /ccnx.org/test/CCNNetworkTestRepo-15-01-15-18.17.24/content_-7499406587867137679/=FD054B82E6DEA8 basenameindex =00; 16 bytes written, holding back 16 flushing final blocks? false.
Jan 15, 2015 6:17:33 PM org.ccnx.ccn.io.CCNOutputStream flushToNetwork
INFORMAÇÕES: HEADER: CCNOutputStream: flushToNetwork: new _baseNameIndex 0
Jan 15, 2015 6:17:33 PM org.ccnx.ccn.io.CCNOutputStream flushToNetwork
INFORMAÇÕES: flush: outputting to the segmenter, baseName /ccnx.org/test/CCNNetworkTestRepo-15-01-15-18.17.24/content_-7499406587867137679/=FD054B82E6DEA8 basenameindex =00; 16 bytes written, holding back 0 flushing final blocks? true.
Jan 15, 2015 6:17:33 PM org.ccnx.ccn.io.CCNOutputStream flushToNetwork
INFORMAÇÕES: HEADER: CCNOutputStream: flushToNetwork: new _baseNameIndex 1
Jan 15, 2015 6:17:34 PM org.ccnx.ccn.io.CCNOutputStream close
INFORMAÇÕES: CCNOutputStream close: /ccnx.org/test/CCNNetworkTestRepo-15-01-15-18.17.24/content_-7499406587867137679/=FD054B82E6DEA8
Jan 15, 2015 6:17:34 PM org.ccnx.ccn.io.content.CCNNetworkObject createFlowController
INFORMAÇÕES: Created LOCALREPOSITORY flow controller, for prefix /ccnx.org/test/CCNNetworkTestRepo-15-01-15-18.17.24/content_-7499406587867137679, save type LOCALREPOSITORY
Jan 15, 2015 6:17:34 PM org.ccnx.ccn.impl.CCNFlowControl addNameSpace
INFORMAÇÕES: Flow controller addNameSpace: added namespace: /ccnx.org/test/CCNNetworkTestRepo-15-01-15-18.17.24/content_-7499406587867137679
Jan 15, 2015 6:17:34 PM org.ccnx.ccn.impl.security.keys.BasicKeyManager getKeyLocator
INFORMAÇÕES: getKeyLocator: returning locator NAME: /ccnx.org/Users/root/Keys/%C1.M.K=009234ADEC47D19E3E6A2AF362D44E09AB6B71F43B1900BA0622FB45F2A5B7D9F6/=FD054AE7DE1000 KEY:-reba89rgbj1o6ata34t5eovcl4kho5s9pnv8nstq15q1ld4g9ga for key kjSt7EfRnj5qKvNi1E4Jq2tx9DsZALoGIvtF8qW32fY=
Jan 15, 2015 6:17:34 PM org.ccnx.ccn.io.CCNAbstractOutputStream <init>
INFORMAÇÕES: CCNAbstractOutputStream: /ccnx.org/test/CCNNetworkTestRepo-15-01-15-18.17.24/content_-7499406587867137679/=FD054B82E6E02D blocksize is 4096
Jan 15, 2015 6:17:34 PM org.ccnx.ccn.io.CCNAbstractOutputStream startWrite
INFORMAÇÕES: CCNAbstractOutputStream: startWrite -- searching for keys.
Jan 15, 2015 6:17:34 PM org.ccnx.ccn.profiles.security.access.AccessControlManager keysForOutput
INFORMAÇÕES: keysForOutput: found an acm: (null)
Jan 15, 2015 6:17:34 PM org.ccnx.ccn.impl.repo.RepositoryFlowControl startWrite
INFORMAÇÕES: RepositoryFlowControl.startWrite called for name /ccnx.org/test/CCNNetworkTestRepo-15-01-15-18.17.24/content_-7499406587867137679/=FD054B82E6E02D, shape STREAM
Jan 15, 2015 6:17:34 PM org.ccnx.ccn.impl.repo.RepositoryFlowControl handleContent
INFORMAÇÕES: handleContent: got potential repo message: /ccnx.org/test/CCNNetworkTestRepo-15-01-15-18.17.24/content_-7499406587867137679/=FD054B82E6E02D/%C1.R.sw/%C1.N=00826429CE8D788AFB
Jan 15, 2015 6:17:34 PM org.ccnx.ccn.io.CCNOutputStream flushToNetwork
INFORMAÇÕES: flush: outputting to the segmenter, baseName /ccnx.org/test/CCNNetworkTestRepo-15-01-15-18.17.24/content_-7499406587867137679/=FD054B82E6E02D basenameindex =00; 16 bytes written, holding back 16 flushing final blocks? false.
Jan 15, 2015 6:17:34 PM org.ccnx.ccn.io.CCNOutputStream flushToNetwork
INFORMAÇÕES: HEADER: CCNOutputStream: flushToNetwork: new _baseNameIndex 0
Jan 15, 2015 6:17:34 PM org.ccnx.ccn.io.CCNOutputStream flushToNetwork
INFORMAÇÕES: flush: outputting to the segmenter, baseName /ccnx.org/test/CCNNetworkTestRepo-15-01-15-18.17.24/content_-7499406587867137679/=FD054B82E6E02D basenameindex =00; 16 bytes written, holding back 0 flushing final blocks? true.
Jan 15, 2015 6:17:34 PM org.ccnx.ccn.io.CCNOutputStream flushToNetwork
INFORMAÇÕES: HEADER: CCNOutputStream: flushToNetwork: new _baseNameIndex 1
Jan 15, 2015 6:17:34 PM org.ccnx.ccn.io.CCNOutputStream close
INFORMAÇÕES: CCNOutputStream close: /ccnx.org/test/CCNNetworkTestRepo-15-01-15-18.17.24/content_-7499406587867137679/=FD054B82E6E02D
Jan 15, 2015 6:17:34 PM org.ccnx.ccn.io.content.CCNNetworkObject createFlowController
INFORMAÇÕES: Created LOCALREPOSITORY flow controller, for prefix /ccnx.org/test/CCNNetworkTestRepo-15-01-15-18.17.24/content_-7499406587867137679, save type LOCALREPOSITORY
Jan 15, 2015 6:17:34 PM org.ccnx.ccn.impl.CCNFlowControl addNameSpace
INFORMAÇÕES: Flow controller addNameSpace: added namespace: /ccnx.org/test/CCNNetworkTestRepo-15-01-15-18.17.24/content_-7499406587867137679
Jan 15, 2015 6:17:34 PM org.ccnx.ccn.impl.security.keys.BasicKeyManager getKeyLocator
INFORMAÇÕES: getKeyLocator: returning locator NAME: /ccnx.org/Users/root/Keys/%C1.M.K=009234ADEC47D19E3E6A2AF362D44E09AB6B71F43B1900BA0622FB45F2A5B7D9F6/=FD054AE7DE1000 KEY:-reba89rgbj1o6ata34t5eovcl4kho5s9pnv8nstq15q1ld4g9ga for key kjSt7EfRnj5qKvNi1E4Jq2tx9DsZALoGIvtF8qW32fY=
Jan 15, 2015 6:17:34 PM org.ccnx.ccn.io.CCNAbstractOutputStream <init>
INFORMAÇÕES: CCNAbstractOutputStream: /ccnx.org/test/CCNNetworkTestRepo-15-01-15-18.17.24/content_-7499406587867137679/=FD054B82E6E1A2 blocksize is 4096
Jan 15, 2015 6:17:34 PM org.ccnx.ccn.io.CCNAbstractOutputStream startWrite
INFORMAÇÕES: CCNAbstractOutputStream: startWrite -- searching for keys.
Jan 15, 2015 6:17:34 PM org.ccnx.ccn.profiles.security.access.AccessControlManager keysForOutput
INFORMAÇÕES: keysForOutput: found an acm: (null)
Jan 15, 2015 6:17:34 PM org.ccnx.ccn.impl.repo.RepositoryFlowControl startWrite
INFORMAÇÕES: RepositoryFlowControl.startWrite called for name /ccnx.org/test/CCNNetworkTestRepo-15-01-15-18.17.24/content_-7499406587867137679/=FD054B82E6E1A2, shape STREAM
Jan 15, 2015 6:17:34 PM org.ccnx.ccn.impl.repo.RepositoryFlowControl handleContent
INFORMAÇÕES: handleContent: got potential repo message: /ccnx.org/test/CCNNetworkTestRepo-15-01-15-18.17.24/content_-7499406587867137679/=FD054B82E6E1A2/%C1.R.sw/%C1.N=003BC3F4EC47ACB42E
Jan 15, 2015 6:17:34 PM org.ccnx.ccn.io.CCNOutputStream flushToNetwork
INFORMAÇÕES: flush: outputting to the segmenter, baseName /ccnx.org/test/CCNNetworkTestRepo-15-01-15-18.17.24/content_-7499406587867137679/=FD054B82E6E1A2 basenameindex =00; 16 bytes written, holding back 16 flushing final blocks? false.
Jan 15, 2015 6:17:34 PM org.ccnx.ccn.io.CCNOutputStream flushToNetwork
INFORMAÇÕES: HEADER: CCNOutputStream: flushToNetwork: new _baseNameIndex 0
Jan 15, 2015 6:17:34 PM org.ccnx.ccn.io.CCNOutputStream flushToNetwork
INFORMAÇÕES: flush: outputting to the segmenter, baseName /ccnx.org/test/CCNNetworkTestRepo-15-01-15-18.17.24/content_-7499406587867137679/=FD054B82E6E1A2 basenameindex =00; 16 bytes written, holding back 0 flushing final blocks? true.
Jan 15, 2015 6:17:34 PM org.ccnx.ccn.io.CCNOutputStream flushToNetwork
INFORMAÇÕES: HEADER: CCNOutputStream: flushToNetwork: new _baseNameIndex 1
Jan 15, 2015 6:17:34 PM org.ccnx.ccn.io.CCNOutputStream close
INFORMAÇÕES: CCNOutputStream close: /ccnx.org/test/CCNNetworkTestRepo-15-01-15-18.17.24/content_-7499406587867137679/=FD054B82E6E1A2
Jan 15, 2015 6:17:34 PM org.ccnx.ccn.io.content.CCNNetworkObject createFlowController
INFORMAÇÕES: Created LOCALREPOSITORY flow controller, for prefix /ccnx.org/test/CCNNetworkTestRepo-15-01-15-18.17.24/content_-7499406587867137679, save type LOCALREPOSITORY
Jan 15, 2015 6:17:34 PM org.ccnx.ccn.impl.CCNFlowControl addNameSpace
INFORMAÇÕES: Flow controller addNameSpace: added namespace: /ccnx.org/test/CCNNetworkTestRepo-15-01-15-18.17.24/content_-7499406587867137679
Jan 15, 2015 6:17:34 PM org.ccnx.ccn.impl.security.keys.BasicKeyManager getKeyLocator
INFORMAÇÕES: getKeyLocator: returning locator NAME: /ccnx.org/Users/root/Keys/%C1.M.K=009234ADEC47D19E3E6A2AF362D44E09AB6B71F43B1900BA0622FB45F2A5B7D9F6/=FD054AE7DE1000 KEY:-reba89rgbj1o6ata34t5eovcl4kho5s9pnv8nstq15q1ld4g9ga for key kjSt7EfRnj5qKvNi1E4Jq2tx9DsZALoGIvtF8qW32fY=
Jan 15, 2015 6:17:34 PM org.ccnx.ccn.io.CCNAbstractOutputStream <init>
INFORMAÇÕES: CCNAbstractOutputStream: /ccnx.org/test/CCNNetworkTestRepo-15-01-15-18.17.24/content_-7499406587867137679/=FD054B82E6E32F blocksize is 4096
Jan 15, 2015 6:17:34 PM org.ccnx.ccn.io.CCNAbstractOutputStream startWrite
INFORMAÇÕES: CCNAbstractOutputStream: startWrite -- searching for keys.
Jan 15, 2015 6:17:34 PM org.ccnx.ccn.profiles.security.access.AccessControlManager keysForOutput
INFORMAÇÕES: keysForOutput: found an acm: (null)
Jan 15, 2015 6:17:34 PM org.ccnx.ccn.impl.repo.RepositoryFlowControl startWrite
INFORMAÇÕES: RepositoryFlowControl.startWrite called for name /ccnx.org/test/CCNNetworkTestRepo-15-01-15-18.17.24/content_-7499406587867137679/=FD054B82E6E32F, shape STREAM
Jan 15, 2015 6:17:34 PM org.ccnx.ccn.impl.repo.RepositoryFlowControl handleContent
INFORMAÇÕES: handleContent: got potential repo message: /ccnx.org/test/CCNNetworkTestRepo-15-01-15-18.17.24/content_-7499406587867137679/=FD054B82E6E32F/%C1.R.sw/%C1.N=00F6A6C4B495B6EBFF
Jan 15, 2015 6:17:34 PM org.ccnx.ccn.io.CCNOutputStream flushToNetwork
INFORMAÇÕES: flush: outputting to the segmenter, baseName /ccnx.org/test/CCNNetworkTestRepo-15-01-15-18.17.24/content_-7499406587867137679/=FD054B82E6E32F basenameindex =00; 16 bytes written, holding back 16 flushing final blocks? false.
Jan 15, 2015 6:17:34 PM org.ccnx.ccn.io.CCNOutputStream flushToNetwork
INFORMAÇÕES: HEADER: CCNOutputStream: flushToNetwork: new _baseNameIndex 0
Jan 15, 2015 6:17:34 PM org.ccnx.ccn.io.CCNOutputStream flushToNetwork
INFORMAÇÕES: flush: outputting to the segmenter, baseName /ccnx.org/test/CCNNetworkTestRepo-15-01-15-18.17.24/content_-7499406587867137679/=FD054B82E6E32F basenameindex =00; 16 bytes written, holding back 0 flushing final blocks? true.
Jan 15, 2015 6:17:34 PM org.ccnx.ccn.io.CCNOutputStream flushToNetwork
INFORMAÇÕES: HEADER: CCNOutputStream: flushToNetwork: new _baseNameIndex 1
Jan 15, 2015 6:17:34 PM org.ccnx.ccn.io.CCNOutputStream close
INFORMAÇÕES: CCNOutputStream close: /ccnx.org/test/CCNNetworkTestRepo-15-01-15-18.17.24/content_-7499406587867137679/=FD054B82E6E32F
Jan 15, 2015 6:17:34 PM org.ccnx.ccn.io.content.CCNNetworkObject createFlowController
INFORMAÇÕES: Created LOCALREPOSITORY flow controller, for prefix /ccnx.org/test/CCNNetworkTestRepo-15-01-15-18.17.24/content_-7499406587867137679, save type LOCALREPOSITORY
Jan 15, 2015 6:17:34 PM org.ccnx.ccn.impl.CCNFlowControl addNameSpace
INFORMAÇÕES: Flow controller addNameSpace: added namespace: /ccnx.org/test/CCNNetworkTestRepo-15-01-15-18.17.24/content_-7499406587867137679
Jan 15, 2015 6:17:34 PM org.ccnx.ccn.impl.security.keys.BasicKeyManager getKeyLocator
INFORMAÇÕES: getKeyLocator: returning locator NAME: /ccnx.org/Users/root/Keys/%C1.M.K=009234ADEC47D19E3E6A2AF362D44E09AB6B71F43B1900BA0622FB45F2A5B7D9F6/=FD054AE7DE1000 KEY:-reba89rgbj1o6ata34t5eovcl4kho5s9pnv8nstq15q1ld4g9ga for key kjSt7EfRnj5qKvNi1E4Jq2tx9DsZALoGIvtF8qW32fY=
Jan 15, 2015 6:17:34 PM org.ccnx.ccn.io.CCNAbstractOutputStream <init>
INFORMAÇÕES: CCNAbstractOutputStream: /ccnx.org/test/CCNNetworkTestRepo-15-01-15-18.17.24/content_-7499406587867137679/=FD054B82E6E4BC blocksize is 4096
Jan 15, 2015 6:17:34 PM org.ccnx.ccn.io.CCNAbstractOutputStream startWrite
INFORMAÇÕES: CCNAbstractOutputStream: startWrite -- searching for keys.
Jan 15, 2015 6:17:34 PM org.ccnx.ccn.profiles.security.access.AccessControlManager keysForOutput
INFORMAÇÕES: keysForOutput: found an acm: (null)
Jan 15, 2015 6:17:34 PM org.ccnx.ccn.impl.repo.RepositoryFlowControl startWrite
INFORMAÇÕES: RepositoryFlowControl.startWrite called for name /ccnx.org/test/CCNNetworkTestRepo-15-01-15-18.17.24/content_-7499406587867137679/=FD054B82E6E4BC, shape STREAM
Jan 15, 2015 6:17:34 PM org.ccnx.ccn.impl.repo.RepositoryFlowControl handleContent
INFORMAÇÕES: handleContent: got potential repo message: /ccnx.org/test/CCNNetworkTestRepo-15-01-15-18.17.24/content_-7499406587867137679/=FD054B82E6E4BC/%C1.R.sw/%C1.N%00d%A7X=E980291DF2
Jan 15, 2015 6:17:34 PM org.ccnx.ccn.io.CCNOutputStream flushToNetwork
INFORMAÇÕES: flush: outputting to the segmenter, baseName /ccnx.org/test/CCNNetworkTestRepo-15-01-15-18.17.24/content_-7499406587867137679/=FD054B82E6E4BC basenameindex =00; 16 bytes written, holding back 16 flushing final blocks? false.
Jan 15, 2015 6:17:34 PM org.ccnx.ccn.io.CCNOutputStream flushToNetwork
INFORMAÇÕES: HEADER: CCNOutputStream: flushToNetwork: new _baseNameIndex 0
Jan 15, 2015 6:17:34 PM org.ccnx.ccn.io.CCNOutputStream flushToNetwork
INFORMAÇÕES: flush: outputting to the segmenter, baseName /ccnx.org/test/CCNNetworkTestRepo-15-01-15-18.17.24/content_-7499406587867137679/=FD054B82E6E4BC basenameindex =00; 16 bytes written, holding back 0 flushing final blocks? true.
Jan 15, 2015 6:17:34 PM org.ccnx.ccn.io.CCNOutputStream flushToNetwork
INFORMAÇÕES: HEADER: CCNOutputStream: flushToNetwork: new _baseNameIndex 1
Jan 15, 2015 6:17:34 PM org.ccnx.ccn.io.CCNOutputStream close
INFORMAÇÕES: CCNOutputStream close: /ccnx.org/test/CCNNetworkTestRepo-15-01-15-18.17.24/content_-7499406587867137679/=FD054B82E6E4BC
Jan 15, 2015 6:17:34 PM org.ccnx.ccn.io.content.CCNNetworkObject createFlowController
INFORMAÇÕES: Created LOCALREPOSITORY flow controller, for prefix /ccnx.org/test/CCNNetworkTestRepo-15-01-15-18.17.24/content_-7499406587867137679, save type LOCALREPOSITORY
Jan 15, 2015 6:17:34 PM org.ccnx.ccn.impl.CCNFlowControl addNameSpace
INFORMAÇÕES: Flow controller addNameSpace: added namespace: /ccnx.org/test/CCNNetworkTestRepo-15-01-15-18.17.24/content_-7499406587867137679
Jan 15, 2015 6:17:34 PM org.ccnx.ccn.impl.security.keys.BasicKeyManager getKeyLocator
INFORMAÇÕES: getKeyLocator: returning locator NAME: /ccnx.org/Users/root/Keys/%C1.M.K=009234ADEC47D19E3E6A2AF362D44E09AB6B71F43B1900BA0622FB45F2A5B7D9F6/=FD054AE7DE1000 KEY:-reba89rgbj1o6ata34t5eovcl4kho5s9pnv8nstq15q1ld4g9ga for key kjSt7EfRnj5qKvNi1E4Jq2tx9DsZALoGIvtF8qW32fY=
Jan 15, 2015 6:17:34 PM org.ccnx.ccn.io.CCNAbstractOutputStream <init>
INFORMAÇÕES: CCNAbstractOutputStream: /ccnx.org/test/CCNNetworkTestRepo-15-01-15-18.17.24/content_-7499406587867137679/=FD054B82E6E642 blocksize is 4096
Jan 15, 2015 6:17:34 PM org.ccnx.ccn.io.CCNAbstractOutputStream startWrite
INFORMAÇÕES: CCNAbstractOutputStream: startWrite -- searching for keys.
Jan 15, 2015 6:17:34 PM org.ccnx.ccn.profiles.security.access.AccessControlManager keysForOutput
INFORMAÇÕES: keysForOutput: found an acm: (null)
Jan 15, 2015 6:17:34 PM org.ccnx.ccn.impl.repo.RepositoryFlowControl startWrite
INFORMAÇÕES: RepositoryFlowControl.startWrite called for name /ccnx.org/test/CCNNetworkTestRepo-15-01-15-18.17.24/content_-7499406587867137679/=FD054B82E6E642, shape STREAM
Jan 15, 2015 6:17:34 PM org.ccnx.ccn.impl.repo.RepositoryFlowControl handleContent
INFORMAÇÕES: handleContent: got potential repo message: /ccnx.org/test/CCNNetworkTestRepo-15-01-15-18.17.24/content_-7499406587867137679/=FD054B82E6E642/%C1.R.sw/%C1.N=003A20AAE51FBD4DF9
Jan 15, 2015 6:17:34 PM org.ccnx.ccn.io.CCNOutputStream flushToNetwork
INFORMAÇÕES: flush: outputting to the segmenter, baseName /ccnx.org/test/CCNNetworkTestRepo-15-01-15-18.17.24/content_-7499406587867137679/=FD054B82E6E642 basenameindex =00; 16 bytes written, holding back 16 flushing final blocks? false.
Jan 15, 2015 6:17:34 PM org.ccnx.ccn.io.CCNOutputStream flushToNetwork
INFORMAÇÕES: HEADER: CCNOutputStream: flushToNetwork: new _baseNameIndex 0
Jan 15, 2015 6:17:34 PM org.ccnx.ccn.io.CCNOutputStream flushToNetwork
INFORMAÇÕES: flush: outputting to the segmenter, baseName /ccnx.org/test/CCNNetworkTestRepo-15-01-15-18.17.24/content_-7499406587867137679/=FD054B82E6E642 basenameindex =00; 16 bytes written, holding back 0 flushing final blocks? true.
Jan 15, 2015 6:17:34 PM org.ccnx.ccn.io.CCNOutputStream flushToNetwork
INFORMAÇÕES: HEADER: CCNOutputStream: flushToNetwork: new _baseNameIndex 1
Jan 15, 2015 6:17:34 PM org.ccnx.ccn.io.CCNOutputStream close
INFORMAÇÕES: CCNOutputStream close: /ccnx.org/test/CCNNetworkTestRepo-15-01-15-18.17.24/content_-7499406587867137679/=FD054B82E6E642
Jan 15, 2015 6:17:34 PM org.ccnx.ccn.io.content.CCNNetworkObject createFlowController
INFORMAÇÕES: Created LOCALREPOSITORY flow controller, for prefix /ccnx.org/test/CCNNetworkTestRepo-15-01-15-18.17.24/content_-7499406587867137679, save type LOCALREPOSITORY
Jan 15, 2015 6:17:34 PM org.ccnx.ccn.impl.CCNFlowControl addNameSpace
INFORMAÇÕES: Flow controller addNameSpace: added namespace: /ccnx.org/test/CCNNetworkTestRepo-15-01-15-18.17.24/content_-7499406587867137679
Jan 15, 2015 6:17:34 PM org.ccnx.ccn.impl.security.keys.BasicKeyManager getKeyLocator
INFORMAÇÕES: getKeyLocator: returning locator NAME: /ccnx.org/Users/root/Keys/%C1.M.K=009234ADEC47D19E3E6A2AF362D44E09AB6B71F43B1900BA0622FB45F2A5B7D9F6/=FD054AE7DE1000 KEY:-reba89rgbj1o6ata34t5eovcl4kho5s9pnv8nstq15q1ld4g9ga for key kjSt7EfRnj5qKvNi1E4Jq2tx9DsZALoGIvtF8qW32fY=
Jan 15, 2015 6:17:34 PM org.ccnx.ccn.io.CCNAbstractOutputStream <init>
INFORMAÇÕES: CCNAbstractOutputStream: /ccnx.org/test/CCNNetworkTestRepo-15-01-15-18.17.24/content_-7499406587867137679/=FD054B82E6E7CB blocksize is 4096
Jan 15, 2015 6:17:34 PM org.ccnx.ccn.io.CCNAbstractOutputStream startWrite
INFORMAÇÕES: CCNAbstractOutputStream: startWrite -- searching for keys.
Jan 15, 2015 6:17:34 PM org.ccnx.ccn.profiles.security.access.AccessControlManager keysForOutput
INFORMAÇÕES: keysForOutput: found an acm: (null)
Jan 15, 2015 6:17:34 PM org.ccnx.ccn.impl.repo.RepositoryFlowControl startWrite
INFORMAÇÕES: RepositoryFlowControl.startWrite called for name /ccnx.org/test/CCNNetworkTestRepo-15-01-15-18.17.24/content_-7499406587867137679/=FD054B82E6E7CB, shape STREAM
Jan 15, 2015 6:17:34 PM org.ccnx.ccn.impl.repo.RepositoryFlowControl handleContent
INFORMAÇÕES: handleContent: got potential repo message: /ccnx.org/test/CCNNetworkTestRepo-15-01-15-18.17.24/content_-7499406587867137679/=FD054B82E6E7CB/%C1.R.sw/%C1.N=00816557ADB9C5A228
Jan 15, 2015 6:17:34 PM org.ccnx.ccn.io.CCNOutputStream flushToNetwork
INFORMAÇÕES: flush: outputting to the segmenter, baseName /ccnx.org/test/CCNNetworkTestRepo-15-01-15-18.17.24/content_-7499406587867137679/=FD054B82E6E7CB basenameindex =00; 16 bytes written, holding back 16 flushing final blocks? false.
Jan 15, 2015 6:17:34 PM org.ccnx.ccn.io.CCNOutputStream flushToNetwork
INFORMAÇÕES: HEADER: CCNOutputStream: flushToNetwork: new _baseNameIndex 0
Jan 15, 2015 6:17:34 PM org.ccnx.ccn.io.CCNOutputStream flushToNetwork
INFORMAÇÕES: flush: outputting to the segmenter, baseName /ccnx.org/test/CCNNetworkTestRepo-15-01-15-18.17.24/content_-7499406587867137679/=FD054B82E6E7CB basenameindex =00; 16 bytes written, holding back 0 flushing final blocks? true.
Jan 15, 2015 6:17:34 PM org.ccnx.ccn.io.CCNOutputStream flushToNetwork
INFORMAÇÕES: HEADER: CCNOutputStream: flushToNetwork: new _baseNameIndex 1
Jan 15, 2015 6:17:34 PM org.ccnx.ccn.io.CCNOutputStream close
INFORMAÇÕES: CCNOutputStream close: /ccnx.org/test/CCNNetworkTestRepo-15-01-15-18.17.24/content_-7499406587867137679/=FD054B82E6E7CB
Jan 15, 2015 6:17:34 PM org.ccnx.ccn.io.content.CCNNetworkObject createFlowController
INFORMAÇÕES: Created LOCALREPOSITORY flow controller, for prefix /ccnx.org/test/CCNNetworkTestRepo-15-01-15-18.17.24/content_-7499406587867137679, save type LOCALREPOSITORY
Jan 15, 2015 6:17:34 PM org.ccnx.ccn.impl.CCNFlowControl addNameSpace
INFORMAÇÕES: Flow controller addNameSpace: added namespace: /ccnx.org/test/CCNNetworkTestRepo-15-01-15-18.17.24/content_-7499406587867137679
Jan 15, 2015 6:17:34 PM org.ccnx.ccn.impl.security.keys.BasicKeyManager getKeyLocator
INFORMAÇÕES: getKeyLocator: returning locator NAME: /ccnx.org/Users/root/Keys/%C1.M.K=009234ADEC47D19E3E6A2AF362D44E09AB6B71F43B1900BA0622FB45F2A5B7D9F6/=FD054AE7DE1000 KEY:-reba89rgbj1o6ata34t5eovcl4kho5s9pnv8nstq15q1ld4g9ga for key kjSt7EfRnj5qKvNi1E4Jq2tx9DsZALoGIvtF8qW32fY=
Jan 15, 2015 6:17:34 PM org.ccnx.ccn.io.CCNAbstractOutputStream <init>
INFORMAÇÕES: CCNAbstractOutputStream: /ccnx.org/test/CCNNetworkTestRepo-15-01-15-18.17.24/content_-7499406587867137679/=FD054B82E6E954 blocksize is 4096
Jan 15, 2015 6:17:34 PM org.ccnx.ccn.io.CCNAbstractOutputStream startWrite
INFORMAÇÕES: CCNAbstractOutputStream: startWrite -- searching for keys.
Jan 15, 2015 6:17:34 PM org.ccnx.ccn.profiles.security.access.AccessControlManager keysForOutput
INFORMAÇÕES: keysForOutput: found an acm: (null)
Jan 15, 2015 6:17:34 PM org.ccnx.ccn.impl.repo.RepositoryFlowControl startWrite
INFORMAÇÕES: RepositoryFlowControl.startWrite called for name /ccnx.org/test/CCNNetworkTestRepo-15-01-15-18.17.24/content_-7499406587867137679/=FD054B82E6E954, shape STREAM
Jan 15, 2015 6:17:34 PM org.ccnx.ccn.impl.repo.RepositoryFlowControl handleContent
INFORMAÇÕES: handleContent: got potential repo message: /ccnx.org/test/CCNNetworkTestRepo-15-01-15-18.17.24/content_-7499406587867137679/=FD054B82E6E954/%C1.R.sw/%C1.N=00EE7853530F171D81
Jan 15, 2015 6:17:34 PM org.ccnx.ccn.io.CCNOutputStream flushToNetwork
INFORMAÇÕES: flush: outputting to the segmenter, baseName /ccnx.org/test/CCNNetworkTestRepo-15-01-15-18.17.24/content_-7499406587867137679/=FD054B82E6E954 basenameindex =00; 16 bytes written, holding back 16 flushing final blocks? false.
Jan 15, 2015 6:17:34 PM org.ccnx.ccn.io.CCNOutputStream flushToNetwork
INFORMAÇÕES: HEADER: CCNOutputStream: flushToNetwork: new _baseNameIndex 0
Jan 15, 2015 6:17:34 PM org.ccnx.ccn.io.CCNOutputStream flushToNetwork
INFORMAÇÕES: flush: outputting to the segmenter, baseName /ccnx.org/test/CCNNetworkTestRepo-15-01-15-18.17.24/content_-7499406587867137679/=FD054B82E6E954 basenameindex =00; 16 bytes written, holding back 0 flushing final blocks? true.
Jan 15, 2015 6:17:34 PM org.ccnx.ccn.io.CCNOutputStream flushToNetwork
INFORMAÇÕES: HEADER: CCNOutputStream: flushToNetwork: new _baseNameIndex 1
Jan 15, 2015 6:17:34 PM org.ccnx.ccn.io.CCNOutputStream close
INFORMAÇÕES: CCNOutputStream close: /ccnx.org/test/CCNNetworkTestRepo-15-01-15-18.17.24/content_-7499406587867137679/=FD054B82E6E954
Jan 15, 2015 6:17:34 PM org.ccnx.ccn.io.content.CCNNetworkObject createFlowController
INFORMAÇÕES: Created LOCALREPOSITORY flow controller, for prefix /ccnx.org/test/CCNNetworkTestRepo-15-01-15-18.17.24/content_-7499406587867137679, save type LOCALREPOSITORY
Jan 15, 2015 6:17:34 PM org.ccnx.ccn.impl.CCNFlowControl addNameSpace
INFORMAÇÕES: Flow controller addNameSpace: added namespace: /ccnx.org/test/CCNNetworkTestRepo-15-01-15-18.17.24/content_-7499406587867137679
Jan 15, 2015 6:17:34 PM org.ccnx.ccn.impl.security.keys.BasicKeyManager getKeyLocator
INFORMAÇÕES: getKeyLocator: returning locator NAME: /ccnx.org/Users/root/Keys/%C1.M.K=009234ADEC47D19E3E6A2AF362D44E09AB6B71F43B1900BA0622FB45F2A5B7D9F6/=FD054AE7DE1000 KEY:-reba89rgbj1o6ata34t5eovcl4kho5s9pnv8nstq15q1ld4g9ga for key kjSt7EfRnj5qKvNi1E4Jq2tx9DsZALoGIvtF8qW32fY=
Jan 15, 2015 6:17:34 PM org.ccnx.ccn.io.CCNAbstractOutputStream <init>
INFORMAÇÕES: CCNAbstractOutputStream: /ccnx.org/test/CCNNetworkTestRepo-15-01-15-18.17.24/content_-7499406587867137679/=FD054B82E6EADD blocksize is 4096
Jan 15, 2015 6:17:34 PM org.ccnx.ccn.io.CCNAbstractOutputStream startWrite
INFORMAÇÕES: CCNAbstractOutputStream: startWrite -- searching for keys.
Jan 15, 2015 6:17:34 PM org.ccnx.ccn.profiles.security.access.AccessControlManager keysForOutput
INFORMAÇÕES: keysForOutput: found an acm: (null)
Jan 15, 2015 6:17:34 PM org.ccnx.ccn.impl.repo.RepositoryFlowControl startWrite
INFORMAÇÕES: RepositoryFlowControl.startWrite called for name /ccnx.org/test/CCNNetworkTestRepo-15-01-15-18.17.24/content_-7499406587867137679/=FD054B82E6EADD, shape STREAM
Jan 15, 2015 6:17:34 PM org.ccnx.ccn.impl.repo.RepositoryFlowControl handleContent
INFORMAÇÕES: handleContent: got potential repo message: /ccnx.org/test/CCNNetworkTestRepo-15-01-15-18.17.24/content_-7499406587867137679/=FD054B82E6EADD/%C1.R.sw/%C1.N%00K=DC98EC26F4BC37
Jan 15, 2015 6:17:34 PM org.ccnx.ccn.io.CCNOutputStream flushToNetwork
INFORMAÇÕES: flush: outputting to the segmenter, baseName /ccnx.org/test/CCNNetworkTestRepo-15-01-15-18.17.24/content_-7499406587867137679/=FD054B82E6EADD basenameindex =00; 16 bytes written, holding back 16 flushing final blocks? false.
Jan 15, 2015 6:17:34 PM org.ccnx.ccn.io.CCNOutputStream flushToNetwork
INFORMAÇÕES: HEADER: CCNOutputStream: flushToNetwork: new _baseNameIndex 0
Jan 15, 2015 6:17:34 PM org.ccnx.ccn.io.CCNOutputStream flushToNetwork
INFORMAÇÕES: flush: outputting to the segmenter, baseName /ccnx.org/test/CCNNetworkTestRepo-15-01-15-18.17.24/content_-7499406587867137679/=FD054B82E6EADD basenameindex =00; 16 bytes written, holding back 0 flushing final blocks? true.
Jan 15, 2015 6:17:34 PM org.ccnx.ccn.io.CCNOutputStream flushToNetwork
INFORMAÇÕES: HEADER: CCNOutputStream: flushToNetwork: new _baseNameIndex 1
Jan 15, 2015 6:17:34 PM org.ccnx.ccn.io.CCNOutputStream close
INFORMAÇÕES: CCNOutputStream close: /ccnx.org/test/CCNNetworkTestRepo-15-01-15-18.17.24/content_-7499406587867137679/=FD054B82E6EADD
Jan 15, 2015 6:17:34 PM org.ccnx.ccn.io.content.CCNNetworkObject createFlowController
INFORMAÇÕES: Created LOCALREPOSITORY flow controller, for prefix /ccnx.org/test/CCNNetworkTestRepo-15-01-15-18.17.24/content_-7499406587867137679, save type LOCALREPOSITORY
Jan 15, 2015 6:17:34 PM org.ccnx.ccn.impl.CCNFlowControl addNameSpace
INFORMAÇÕES: Flow controller addNameSpace: added namespace: /ccnx.org/test/CCNNetworkTestRepo-15-01-15-18.17.24/content_-7499406587867137679
Jan 15, 2015 6:17:34 PM org.ccnx.ccn.impl.security.keys.BasicKeyManager getKeyLocator
INFORMAÇÕES: getKeyLocator: returning locator NAME: /ccnx.org/Users/root/Keys/%C1.M.K=009234ADEC47D19E3E6A2AF362D44E09AB6B71F43B1900BA0622FB45F2A5B7D9F6/=FD054AE7DE1000 KEY:-reba89rgbj1o6ata34t5eovcl4kho5s9pnv8nstq15q1ld4g9ga for key kjSt7EfRnj5qKvNi1E4Jq2tx9DsZALoGIvtF8qW32fY=
Jan 15, 2015 6:17:34 PM org.ccnx.ccn.io.CCNAbstractOutputStream <init>
INFORMAÇÕES: CCNAbstractOutputStream: /ccnx.org/test/CCNNetworkTestRepo-15-01-15-18.17.24/content_-7499406587867137679/=FD054B82E6EC6A blocksize is 4096
Jan 15, 2015 6:17:34 PM org.ccnx.ccn.io.CCNAbstractOutputStream startWrite
INFORMAÇÕES: CCNAbstractOutputStream: startWrite -- searching for keys.
Jan 15, 2015 6:17:34 PM org.ccnx.ccn.profiles.security.access.AccessControlManager keysForOutput
INFORMAÇÕES: keysForOutput: found an acm: (null)
Jan 15, 2015 6:17:34 PM org.ccnx.ccn.impl.repo.RepositoryFlowControl startWrite
INFORMAÇÕES: RepositoryFlowControl.startWrite called for name /ccnx.org/test/CCNNetworkTestRepo-15-01-15-18.17.24/content_-7499406587867137679/=FD054B82E6EC6A, shape STREAM
Jan 15, 2015 6:17:34 PM org.ccnx.ccn.impl.repo.RepositoryFlowControl handleContent
INFORMAÇÕES: handleContent: got potential repo message: /ccnx.org/test/CCNNetworkTestRepo-15-01-15-18.17.24/content_-7499406587867137679/=FD054B82E6EC6A/%C1.R.sw/%C1.N=002CD02518477D9917
Jan 15, 2015 6:17:34 PM org.ccnx.ccn.io.CCNOutputStream flushToNetwork
INFORMAÇÕES: flush: outputting to the segmenter, baseName /ccnx.org/test/CCNNetworkTestRepo-15-01-15-18.17.24/content_-7499406587867137679/=FD054B82E6EC6A basenameindex =00; 16 bytes written, holding back 16 flushing final blocks? false.
Jan 15, 2015 6:17:34 PM org.ccnx.ccn.io.CCNOutputStream flushToNetwork
INFORMAÇÕES: HEADER: CCNOutputStream: flushToNetwork: new _baseNameIndex 0
Jan 15, 2015 6:17:34 PM org.ccnx.ccn.io.CCNOutputStream flushToNetwork
INFORMAÇÕES: flush: outputting to the segmenter, baseName /ccnx.org/test/CCNNetworkTestRepo-15-01-15-18.17.24/content_-7499406587867137679/=FD054B82E6EC6A basenameindex =00; 16 bytes written, holding back 0 flushing final blocks? true.
Jan 15, 2015 6:17:34 PM org.ccnx.ccn.io.CCNOutputStream flushToNetwork
INFORMAÇÕES: HEADER: CCNOutputStream: flushToNetwork: new _baseNameIndex 1
Jan 15, 2015 6:17:34 PM org.ccnx.ccn.io.CCNOutputStream close
INFORMAÇÕES: CCNOutputStream close: /ccnx.org/test/CCNNetworkTestRepo-15-01-15-18.17.24/content_-7499406587867137679/=FD054B82E6EC6A
Jan 15, 2015 6:17:34 PM org.ccnx.ccn.io.content.CCNNetworkObject createFlowController
INFORMAÇÕES: Created LOCALREPOSITORY flow controller, for prefix /ccnx.org/test/CCNNetworkTestRepo-15-01-15-18.17.24/content_-7499406587867137679, save type LOCALREPOSITORY
Jan 15, 2015 6:17:34 PM org.ccnx.ccn.impl.CCNFlowControl addNameSpace
INFORMAÇÕES: Flow controller addNameSpace: added namespace: /ccnx.org/test/CCNNetworkTestRepo-15-01-15-18.17.24/content_-7499406587867137679
Jan 15, 2015 6:17:34 PM org.ccnx.ccn.impl.security.keys.BasicKeyManager getKeyLocator
INFORMAÇÕES: getKeyLocator: returning locator NAME: /ccnx.org/Users/root/Keys/%C1.M.K=009234ADEC47D19E3E6A2AF362D44E09AB6B71F43B1900BA0622FB45F2A5B7D9F6/=FD054AE7DE1000 KEY:-reba89rgbj1o6ata34t5eovcl4kho5s9pnv8nstq15q1ld4g9ga for key kjSt7EfRnj5qKvNi1E4Jq2tx9DsZALoGIvtF8qW32fY=
Jan 15, 2015 6:17:34 PM org.ccnx.ccn.io.CCNAbstractOutputStream <init>
INFORMAÇÕES: CCNAbstractOutputStream: /ccnx.org/test/CCNNetworkTestRepo-15-01-15-18.17.24/content_-7499406587867137679/=FD054B82E6EDE3 blocksize is 4096
Jan 15, 2015 6:17:34 PM org.ccnx.ccn.io.CCNAbstractOutputStream startWrite
INFORMAÇÕES: CCNAbstractOutputStream: startWrite -- searching for keys.
Jan 15, 2015 6:17:34 PM org.ccnx.ccn.profiles.security.access.AccessControlManager keysForOutput
INFORMAÇÕES: keysForOutput: found an acm: (null)
Jan 15, 2015 6:17:34 PM org.ccnx.ccn.impl.repo.RepositoryFlowControl startWrite
INFORMAÇÕES: RepositoryFlowControl.startWrite called for name /ccnx.org/test/CCNNetworkTestRepo-15-01-15-18.17.24/content_-7499406587867137679/=FD054B82E6EDE3, shape STREAM
Jan 15, 2015 6:17:34 PM org.ccnx.ccn.impl.repo.RepositoryFlowControl handleContent
INFORMAÇÕES: handleContent: got potential repo message: /ccnx.org/test/CCNNetworkTestRepo-15-01-15-18.17.24/content_-7499406587867137679/=FD054B82E6EDE3/%C1.R.sw/%C1.N=008A5331041CCA24A4
Jan 15, 2015 6:17:34 PM org.ccnx.ccn.io.CCNOutputStream flushToNetwork
INFORMAÇÕES: flush: outputting to the segmenter, baseName /ccnx.org/test/CCNNetworkTestRepo-15-01-15-18.17.24/content_-7499406587867137679/=FD054B82E6EDE3 basenameindex =00; 16 bytes written, holding back 16 flushing final blocks? false.
Jan 15, 2015 6:17:34 PM org.ccnx.ccn.io.CCNOutputStream flushToNetwork
INFORMAÇÕES: HEADER: CCNOutputStream: flushToNetwork: new _baseNameIndex 0
Jan 15, 2015 6:17:34 PM org.ccnx.ccn.io.CCNOutputStream flushToNetwork
INFORMAÇÕES: flush: outputting to the segmenter, baseName /ccnx.org/test/CCNNetworkTestRepo-15-01-15-18.17.24/content_-7499406587867137679/=FD054B82E6EDE3 basenameindex =00; 16 bytes written, holding back 0 flushing final blocks? true.
Jan 15, 2015 6:17:34 PM org.ccnx.ccn.io.CCNOutputStream flushToNetwork
INFORMAÇÕES: HEADER: CCNOutputStream: flushToNetwork: new _baseNameIndex 1
Jan 15, 2015 6:17:34 PM org.ccnx.ccn.io.CCNOutputStream close
INFORMAÇÕES: CCNOutputStream close: /ccnx.org/test/CCNNetworkTestRepo-15-01-15-18.17.24/content_-7499406587867137679/=FD054B82E6EDE3
Jan 15, 2015 6:17:34 PM org.ccnx.ccn.io.content.CCNNetworkObject createFlowController
INFORMAÇÕES: Created LOCALREPOSITORY flow controller, for prefix /ccnx.org/test/CCNNetworkTestRepo-15-01-15-18.17.24/content_-7499406587867137679, save type LOCALREPOSITORY
Jan 15, 2015 6:17:35 PM org.ccnx.ccn.impl.CCNFlowControl addNameSpace
INFORMAÇÕES: Flow controller addNameSpace: added namespace: /ccnx.org/test/CCNNetworkTestRepo-15-01-15-18.17.24/content_-7499406587867137679
Jan 15, 2015 6:17:35 PM org.ccnx.ccn.impl.security.keys.BasicKeyManager getKeyLocator
INFORMAÇÕES: getKeyLocator: returning locator NAME: /ccnx.org/Users/root/Keys/%C1.M.K=009234ADEC47D19E3E6A2AF362D44E09AB6B71F43B1900BA0622FB45F2A5B7D9F6/=FD054AE7DE1000 KEY:-reba89rgbj1o6ata34t5eovcl4kho5s9pnv8nstq15q1ld4g9ga for key kjSt7EfRnj5qKvNi1E4Jq2tx9DsZALoGIvtF8qW32fY=
Jan 15, 2015 6:17:35 PM org.ccnx.ccn.io.CCNAbstractOutputStream <init>
INFORMAÇÕES: CCNAbstractOutputStream: /ccnx.org/test/CCNNetworkTestRepo-15-01-15-18.17.24/content_-7499406587867137679/=FD054B82E6EF6D blocksize is 4096
Jan 15, 2015 6:17:35 PM org.ccnx.ccn.io.CCNAbstractOutputStream startWrite
INFORMAÇÕES: CCNAbstractOutputStream: startWrite -- searching for keys.
Jan 15, 2015 6:17:35 PM org.ccnx.ccn.profiles.security.access.AccessControlManager keysForOutput
INFORMAÇÕES: keysForOutput: found an acm: (null)
Jan 15, 2015 6:17:35 PM org.ccnx.ccn.impl.repo.RepositoryFlowControl startWrite
INFORMAÇÕES: RepositoryFlowControl.startWrite called for name /ccnx.org/test/CCNNetworkTestRepo-15-01-15-18.17.24/content_-7499406587867137679/=FD054B82E6EF6D, shape STREAM
Jan 15, 2015 6:17:35 PM org.ccnx.ccn.impl.repo.RepositoryFlowControl handleContent
INFORMAÇÕES: handleContent: got potential repo message: /ccnx.org/test/CCNNetworkTestRepo-15-01-15-18.17.24/content_-7499406587867137679/=FD054B82E6EF6D/%C1.R.sw/%C1.N=00FDDF0FBE0494DBE9
Jan 15, 2015 6:17:35 PM org.ccnx.ccn.io.CCNOutputStream flushToNetwork
INFORMAÇÕES: flush: outputting to the segmenter, baseName /ccnx.org/test/CCNNetworkTestRepo-15-01-15-18.17.24/content_-7499406587867137679/=FD054B82E6EF6D basenameindex =00; 16 bytes written, holding back 16 flushing final blocks? false.
Jan 15, 2015 6:17:35 PM org.ccnx.ccn.io.CCNOutputStream flushToNetwork
INFORMAÇÕES: HEADER: CCNOutputStream: flushToNetwork: new _baseNameIndex 0
Jan 15, 2015 6:17:35 PM org.ccnx.ccn.io.CCNOutputStream flushToNetwork
INFORMAÇÕES: flush: outputting to the segmenter, baseName /ccnx.org/test/CCNNetworkTestRepo-15-01-15-18.17.24/content_-7499406587867137679/=FD054B82E6EF6D basenameindex =00; 16 bytes written, holding back 0 flushing final blocks? true.
Jan 15, 2015 6:17:35 PM org.ccnx.ccn.io.CCNOutputStream flushToNetwork
INFORMAÇÕES: HEADER: CCNOutputStream: flushToNetwork: new _baseNameIndex 1
Jan 15, 2015 6:17:35 PM org.ccnx.ccn.io.CCNOutputStream close
INFORMAÇÕES: CCNOutputStream close: /ccnx.org/test/CCNNetworkTestRepo-15-01-15-18.17.24/content_-7499406587867137679/=FD054B82E6EF6D
Jan 15, 2015 6:17:35 PM org.ccnx.ccn.impl.CCNNetworkTestRepo testObjectIOLoop
INFORMAÇÕES: Completed testObjectIOLoop
Jan 15, 2015 6:17:35 PM org.ccnx.ccn.impl.CCNNetworkTestRepo testBadCallback
INFORMAÇÕES: Starting testBadCallback
Jan 15, 2015 6:17:35 PM org.ccnx.ccn.impl.CCNNetworkManager run
INFORMAÇÕES: NetworkManager 2: CCNNetworkManager processing thread started for port: 63000
Jan 15, 2015 6:17:37 PM org.ccnx.ccn.impl.CCNNetworkManager run
INFORMAÇÕES: NetworkManager 3: CCNNetworkManager processing thread started for port: 63000
Jan 15, 2015 6:17:37 PM org.ccnx.ccn.io.content.CCNNetworkObject createFlowController
INFORMAÇÕES: Created REPOSITORY flow controller, for prefix /ccnx.org/test/CCNNetworkTestRepo-15-01-15-18.17.24/networkTestRepo/bogus, save type REPOSITORY
Jan 15, 2015 6:17:37 PM org.ccnx.ccn.impl.CCNFlowControl addNameSpace
INFORMAÇÕES: Flow controller addNameSpace: added namespace: /ccnx.org/test/CCNNetworkTestRepo-15-01-15-18.17.24/networkTestRepo/bogus
Jan 15, 2015 6:17:37 PM org.ccnx.ccn.impl.security.keys.BasicKeyManager getKeyLocator
INFORMAÇÕES: getKeyLocator: returning locator NAME: /ccnx.org/Users/root/Keys/%C1.M.K=009234ADEC47D19E3E6A2AF362D44E09AB6B71F43B1900BA0622FB45F2A5B7D9F6/=FD054AE7DE1000 KEY:-reba89rgbj1o6ata34t5eovcl4kho5s9pnv8nstq15q1ld4g9ga for key kjSt7EfRnj5qKvNi1E4Jq2tx9DsZALoGIvtF8qW32fY=
Jan 15, 2015 6:17:37 PM org.ccnx.ccn.io.CCNAbstractOutputStream <init>
INFORMAÇÕES: CCNAbstractOutputStream: /ccnx.org/test/CCNNetworkTestRepo-15-01-15-18.17.24/networkTestRepo/bogus/=FD054B82E7113F blocksize is 4096
Jan 15, 2015 6:17:37 PM org.ccnx.ccn.io.CCNAbstractOutputStream startWrite
INFORMAÇÕES: CCNAbstractOutputStream: startWrite -- searching for keys.
Jan 15, 2015 6:17:37 PM org.ccnx.ccn.profiles.security.access.AccessControlManager keysForOutput
INFORMAÇÕES: keysForOutput: found an acm: (null)
Jan 15, 2015 6:17:37 PM org.ccnx.ccn.impl.repo.RepositoryFlowControl startWrite
INFORMAÇÕES: RepositoryFlowControl.startWrite called for name /ccnx.org/test/CCNNetworkTestRepo-15-01-15-18.17.24/networkTestRepo/bogus/=FD054B82E7113F, shape STREAM
Jan 15, 2015 6:17:38 PM org.ccnx.ccn.impl.support.Log logStackTrace
GRAVE: java.lang.Throwable: Testing handler dump - this is expected
	at java.lang.Object.wait(Native Method)
	at java.lang.Object.wait(Object.java:503)
	at org.ccnx.ccn.impl.support.ConcurrencyUtils$Waiter.wait(ConcurrencyUtils.java:67)
	at org.ccnx.ccn.impl.repo.RepositoryFlowControl.startWrite(RepositoryFlowControl.java:220)
	at org.ccnx.ccn.io.CCNOutputStream.startWrite(CCNOutputStream.java:239)
	at org.ccnx.ccn.io.CCNOutputStream.<init>(CCNOutputStream.java:233)
	at org.ccnx.ccn.io.CCNOutputStream.<init>(CCNOutputStream.java:200)
	at org.ccnx.ccn.io.CCNVersionedOutputStream.<init>(CCNVersionedOutputStream.java:145)
	at org.ccnx.ccn.io.content.CCNNetworkObject.saveInternal(CCNNetworkObject.java:1014)
	at org.ccnx.ccn.io.content.CCNNetworkObject.save(CCNNetworkObject.java:894)
	at org.ccnx.ccn.impl.CCNNetworkTestRepo$BogusFilterListener.handleInterest(CCNNetworkTestRepo.java:132)
	at org.ccnx.ccn.AssertionCCNHandle$AssertionInterestHandler.handleInterest(AssertionCCNHandle.java:216)
	at org.ccnx.ccn.impl.CCNNetworkManager$Filter.deliver(CCNNetworkManager.java:521)
	at org.ccnx.ccn.impl.CCNNetworkManager.deliverInterest(CCNNetworkManager.java:1289)
	at org.ccnx.ccn.impl.CCNNetworkManager.run(CCNNetworkManager.java:1256)
	at java.lang.Thread.run(Thread.java:745)

Jan 15, 2015 6:17:49 PM org.ccnx.ccn.impl.support.Log logStackTrace
GRAVE: java.lang.Throwable: Handler took too long to return - stack trace follows
	at java.lang.Object.wait(Native Method)
	at java.lang.Object.wait(Object.java:503)
	at org.ccnx.ccn.impl.support.ConcurrencyUtils$Waiter.wait(ConcurrencyUtils.java:67)
	at org.ccnx.ccn.impl.repo.RepositoryFlowControl.startWrite(RepositoryFlowControl.java:220)
	at org.ccnx.ccn.io.CCNOutputStream.startWrite(CCNOutputStream.java:239)
	at org.ccnx.ccn.io.CCNOutputStream.<init>(CCNOutputStream.java:233)
	at org.ccnx.ccn.io.CCNOutputStream.<init>(CCNOutputStream.java:200)
	at org.ccnx.ccn.io.CCNVersionedOutputStream.<init>(CCNVersionedOutputStream.java:145)
	at org.ccnx.ccn.io.content.CCNNetworkObject.saveInternal(CCNNetworkObject.java:1014)
	at org.ccnx.ccn.io.content.CCNNetworkObject.save(CCNNetworkObject.java:894)
	at org.ccnx.ccn.impl.CCNNetworkTestRepo$BogusFilterListener.handleInterest(CCNNetworkTestRepo.java:132)
	at org.ccnx.ccn.AssertionCCNHandle$AssertionInterestHandler.handleInterest(AssertionCCNHandle.java:216)
	at org.ccnx.ccn.impl.CCNNetworkManager$Filter.deliver(CCNNetworkManager.java:521)
	at org.ccnx.ccn.impl.CCNNetworkManager.deliverInterest(CCNNetworkManager.java:1289)
	at org.ccnx.ccn.impl.CCNNetworkManager.run(CCNNetworkManager.java:1256)
	at java.lang.Thread.run(Thread.java:745)

Jan 15, 2015 6:17:49 PM org.ccnx.ccn.impl.repo.RepositoryFlowControl startWrite
ADVERTÊNCIA: class java.lang.InterruptedException : null
Jan 15, 2015 6:17:49 PM org.ccnx.ccn.impl.repo.RepositoryFlowControl startWrite
ADVERTÊNCIA: No response from a repository, cannot add name space : /ccnx.org/test/CCNNetworkTestRepo-15-01-15-18.17.24/networkTestRepo/bogus/=FD054B82E7113F
Jan 15, 2015 6:17:49 PM org.ccnx.ccn.impl.repo.RepositoryFlowControl handleContent
INFORMAÇÕES: handleContent: got potential repo message: /ccnx.org/test/CCNNetworkTestRepo-15-01-15-18.17.24/networkTestRepo/bogus/=FD054B82E7113F/%C1.R.sw/%C1.N=00A7F76AC31A9515D9
Jan 15, 2015 6:17:49 PM org.ccnx.ccn.io.content.CCNNetworkObject createFlowController
INFORMAÇÕES: Created REPOSITORY flow controller, for prefix /ccnx.org/test/CCNNetworkTestRepo-15-01-15-18.17.24/networkTestRepo/bogus, save type REPOSITORY
Jan 15, 2015 6:17:49 PM org.ccnx.ccn.impl.CCNFlowControl addNameSpace
INFORMAÇÕES: Flow controller addNameSpace: added namespace: /ccnx.org/test/CCNNetworkTestRepo-15-01-15-18.17.24/networkTestRepo/bogus
Jan 15, 2015 6:17:49 PM org.ccnx.ccn.impl.security.keys.BasicKeyManager getKeyLocator
INFORMAÇÕES: getKeyLocator: returning locator NAME: /ccnx.org/Users/root/Keys/%C1.M.K=009234ADEC47D19E3E6A2AF362D44E09AB6B71F43B1900BA0622FB45F2A5B7D9F6/=FD054AE7DE1000 KEY:-reba89rgbj1o6ata34t5eovcl4kho5s9pnv8nstq15q1ld4g9ga for key kjSt7EfRnj5qKvNi1E4Jq2tx9DsZALoGIvtF8qW32fY=
Jan 15, 2015 6:17:49 PM org.ccnx.ccn.io.CCNAbstractOutputStream <init>
INFORMAÇÕES: CCNAbstractOutputStream: /ccnx.org/test/CCNNetworkTestRepo-15-01-15-18.17.24/networkTestRepo/bogus/=FD054B82E7D117 blocksize is 4096
Jan 15, 2015 6:17:49 PM org.ccnx.ccn.io.CCNAbstractOutputStream startWrite
INFORMAÇÕES: CCNAbstractOutputStream: startWrite -- searching for keys.
Jan 15, 2015 6:17:49 PM org.ccnx.ccn.profiles.security.access.AccessControlManager keysForOutput
INFORMAÇÕES: keysForOutput: found an acm: (null)
Jan 15, 2015 6:17:49 PM org.ccnx.ccn.impl.repo.RepositoryFlowControl startWrite
INFORMAÇÕES: RepositoryFlowControl.startWrite called for name /ccnx.org/test/CCNNetworkTestRepo-15-01-15-18.17.24/networkTestRepo/bogus/=FD054B82E7D117, shape STREAM
Jan 15, 2015 6:17:50 PM org.ccnx.ccn.impl.CCNNetworkTestRepo testBadCallback
INFORMAÇÕES: Completed testBadCallback
Jan 15, 2015 6:17:50 PM org.ccnx.ccn.impl.CCNNetworkManager shutdown
INFORMAÇÕES: NetworkManager 2: Shutdown requested
Jan 15, 2015 6:17:50 PM org.ccnx.ccn.impl.repo.RepositoryFlowControl startWrite
ADVERTÊNCIA: class java.lang.InterruptedException : null
Jan 15, 2015 6:17:50 PM org.ccnx.ccn.impl.CCNNetworkChannel close
INFORMAÇÕES: NetworkChannel 2: close(false)
Jan 15, 2015 6:17:50 PM org.ccnx.ccn.impl.repo.RepositoryFlowControl startWrite
ADVERTÊNCIA: No response from a repository, cannot add name space : /ccnx.org/test/CCNNetworkTestRepo-15-01-15-18.17.24/networkTestRepo/bogus/=FD054B82E7D117
Jan 15, 2015 6:17:50 PM org.ccnx.ccn.impl.CCNNetworkManager run
INFORMAÇÕES: NetworkManager 2: Shutdown complete for port: 63000
Jan 15, 2015 6:17:50 PM org.ccnx.ccn.impl.CCNNetworkManager shutdown
INFORMAÇÕES: NetworkManager 3: Shutdown requested
Jan 15, 2015 6:17:50 PM org.ccnx.ccn.impl.CCNNetworkManager run
INFORMAÇÕES: NetworkManager 3: Shutdown complete for port: 63000
Jan 15, 2015 6:17:50 PM org.ccnx.ccn.impl.CCNNetworkChannel close
INFORMAÇÕES: NetworkChannel 3: close(false)
Jan 15, 2015 6:17:50 PM org.ccnx.ccn.impl.CCNNetworkManager shutdown
INFORMAÇÕES: NetworkManager 1: Shutdown requested
Jan 15, 2015 6:17:50 PM org.ccnx.ccn.impl.CCNNetworkManager run
INFORMAÇÕES: NetworkManager 1: Shutdown complete for port: 63000
Jan 15, 2015 6:17:50 PM org.ccnx.ccn.impl.CCNNetworkChannel close
INFORMAÇÕES: NetworkChannel 1: close(false)
Jan 15, 2015 6:17:50 PM org.ccnx.ccn.impl.security.keys.BasicKeyManager saveSecureKeyCache
INFORMAÇÕES: Not saving key manager secure key cache data in response to user configuration variable.
]]></system-err>
</testsuite>
