<?xml version="1.0" encoding="UTF-8" ?>
<testsuite errors="0" failures="0" hostname="barbara-Notebook" name="org.ccnx.ccn.io.content.WrappedKeyTest" skipped="0" tests="4" time="1.141" timestamp="2015-01-15T21:24:32">
  <properties>
    <property name="java.vendor" value="Oracle Corporation" />
    <property name="src.test.dir" value="/home/barbara/jaime/ccnx-0.8.1/javasrc/src/test" />
    <property name="jarfile" value="/home/barbara/jaime/ccnx-0.8.1/javasrc/ccn.jar" />
    <property name="PROTOCOL_KEY" value="ccn.agent.protocol" />
    <property name="sun.java.launcher" value="SUN_STANDARD" />
    <property name="sun.management.compiler" value="HotSpot 64-Bit Tiered Compilers" />
    <property name="ccnr" value="/home/barbara/jaime/ccnx-0.8.1/csrc/ccnr/ccnr" />
    <property name="jarfile-base" value="ccn.jar" />
    <property name="env.MAKELEVEL" value="2" />
    <property name="ccn-libs-basedir" value="/home/barbara/jaime/ccnx-0.8.1/javasrc" />
    <property name="env.SUDO_COMMAND" value="/usr/bin/make test" />
    <property name="ant.file.type.java-ccnx" value="file" />
    <property name="REPO_GLOBAL" value="/parc.com/csl/ccn/repositories/TestRepository" />
    <property name="CCND_CAP" value="50000" />
    <property name="lib" value="/home/barbara/jaime/ccnx-0.8.1/javasrc/lib" />
    <property name="SYNC_NOISY" value="FINEST" />
    <property name="os.name" value="Linux" />
    <property name="sun.boot.class.path" value="/usr/lib/jvm/java-7-openjdk-amd64/jre/lib/resources.jar:/usr/lib/jvm/java-7-openjdk-amd64/jre/lib/rt.jar:/usr/lib/jvm/java-7-openjdk-amd64/jre/lib/sunrsasign.jar:/usr/lib/jvm/java-7-openjdk-amd64/jre/lib/jsse.jar:/usr/lib/jvm/java-7-openjdk-amd64/jre/lib/jce.jar:/usr/lib/jvm/java-7-openjdk-amd64/jre/lib/charsets.jar:/usr/lib/jvm/java-7-openjdk-amd64/jre/lib/rhino.jar:/usr/lib/jvm/java-7-openjdk-amd64/jre/lib/jfr.jar:/usr/lib/jvm/java-7-openjdk-amd64/jre/classes" />
    <property name="env.PWD" value="/home/barbara/jaime/ccnx-0.8.1/javasrc" />
    <property name="JAVA_MEMORY" value="1g" />
    <property name="env.LANG" value="pt_BR.UTF-8" />
    <property name="java.vm.specification.vendor" value="Oracle Corporation" />
    <property name="ccnd" value="/home/barbara/jaime/ccnx-0.8.1/csrc/ccnd/ccnd" />
    <property name="ant.home" value="/usr/share/ant" />
    <property name="java.runtime.version" value="1.7.0_65-b32" />
    <property name="org.ccnx.ccn.LogDir" value="/home/barbara/jaime/ccnx-0.8.1/javasrc/testout/log" />
    <property name="env.DISPLAY" value=":0" />
    <property name="REPO_ROOT" value="/home/barbara/jaime/ccnx-0.8.1/javasrc/testout/repotest" />
    <property name="user.name" value="root" />
    <property name="CCND_CMD" value="../../csrc/ccnd/ccnd" />
    <property name="env.USER" value="root" />
    <property name="env.SHELL" value="/bin/bash" />
    <property name="DEBUG_OPTIONS" value="" />
    <property name="env.PATH" value="/usr/local/sbin:/usr/local/bin:/usr/sbin:/usr/bin:/sbin:/bin" />
    <property name="user.language" value="pt" />
    <property name="build" value="/home/barbara/jaime/ccnx-0.8.1/javasrc/build" />
    <property name="sun.boot.library.path" value="/usr/lib/jvm/java-7-openjdk-amd64/jre/lib/amd64" />
    <property name="ant.project.default-target" value="jar" />
    <property name="ant.project.name" value="java-ccnx" />
    <property name="java.version" value="1.7.0_65" />
    <property name="user.timezone" value="" />
    <property name="sun.arch.data.model" value="64" />
    <property name="testout" value="/home/barbara/jaime/ccnx-0.8.1/javasrc/testout" />
    <property name="java.endorsed.dirs" value="/usr/lib/jvm/java-7-openjdk-amd64/jre/lib/endorsed" />
    <property name="sun.cpu.isalist" value="" />
    <property name="sun.jnu.encoding" value="UTF-8" />
    <property name="file.encoding.pkg" value="sun.io" />
    <property name="showoutput" value="no" />
    <property name="file.separator" value="/" />
    <property name="java.specification.name" value="Java Platform API Specification" />
    <property name="USE_KEY_CONFIG_VAL" value="false" />
    <property name="repo2" value="true" />
    <property name="java.class.version" value="51.0" />
    <property name="TOP_DIR" value="../src/systemtest" />
    <property name="user.country" value="BR" />
    <property name="java.home" value="/usr/lib/jvm/java-7-openjdk-amd64/jre" />
    <property name="java.vm.info" value="mixed mode" />
    <property name="env.LOGNAME" value="root" />
    <property name="ant.file" value="/home/barbara/jaime/ccnx-0.8.1/javasrc/build.xml" />
    <property name="os.version" value="3.16.0-29-generic" />
    <property name="REPO_LOCAL_ROOT" value="repotest" />
    <property name="ant.file.type.ccn-libs" value="file" />
    <property name="REPO_LOCAL" value="TestRepository" />
    <property name="path.separator" value=":" />
    <property name="java.vm.version" value="24.65-b04" />
    <property name="env.LANGUAGE" value="pt_BR:pt:en" />
    <property name="EXIT_ON_ERROR" value="org.ccnx.ExitOnNetworkError" />
    <property name="ant.library.dir" value="/usr/share/ant/lib" />
    <property name="java.awt.printerjob" value="sun.print.PSPrinterJob" />
    <property name="env.TERM" value="xterm" />
    <property name="sun.io.unicode.encoding" value="UnicodeLittle" />
    <property name="env.SUDO_UID" value="1000" />
    <property name="awt.toolkit" value="sun.awt.X11.XToolkit" />
    <property name="build-excludes" value="bin/**, log/**, lib/**, libsrc/**, repository/**, build/**, testout/**, ktrace.out, CCN_DEBUG_DATA/**" />
    <property name="user.home" value="/root" />
    <property name="env.OLDPWD" value="/home/barbara/jaime/ccnx-0.8.1" />
    <property name="java.specification.vendor" value="Oracle Corporation" />
    <property name="env.MFLAGS" value="-w" />
    <property name="LOGDIR_KEY" value="org.ccnx.ccn.LogDir" />
    <property name="java.library.path" value="/usr/java/packages/lib/amd64:/usr/lib/x86_64-linux-gnu/jni:/lib/x86_64-linux-gnu:/usr/lib/x86_64-linux-gnu:/usr/lib/jni:/lib:/usr/lib" />
    <property name="java.vendor.url" value="http://java.oracle.com/" />
    <property name="org.ccnx.ExitOnNetworkError" value="true" />
    <property name="java.vm.vendor" value="Oracle Corporation" />
    <property name="CCND_DEBUG" value="87" />
    <property name="env.MAKEFLAGS" value="w" />
    <property name="java.runtime.name" value="OpenJDK Runtime Environment" />
    <property name="ant.version" value="Apache Ant(TM) version 1.9.4 compiled on May 9 2014" />
    <property name="sun.java.command" value="org.apache.tools.ant.taskdefs.optional.junit.JUnitTestRunner testsfile=/home/barbara/jaime/ccnx-0.8.1/javasrc/junittestcases3871688203603075766.properties skipNonTests=false filtertrace=true haltOnError=false haltOnFailure=true formatter=org.apache.tools.ant.taskdefs.optional.junit.SummaryJUnitResultFormatter showoutput=false outputtoformatters=true logfailedtests=true threadid=0 logtestlistenerevents=false formatter=org.apache.tools.ant.taskdefs.optional.junit.XMLJUnitResultFormatter,/home/barbara/jaime/ccnx-0.8.1/javasrc/testout/IGNORETHIS.xml crashfile=/home/barbara/jaime/ccnx-0.8.1/javasrc/junitvmwatcher4337149314392912869.properties propsfile=/home/barbara/jaime/ccnx-0.8.1/javasrc/junit3231293529083457333.properties" />
    <property name="java.class.path" value="/home/barbara/jaime/ccnx-0.8.1/javasrc/lib/bcprov-jdk16-143.jar:/home/barbara/jaime/ccnx-0.8.1/javasrc/lib/kxml2-2.3.0.jar:/home/barbara/jaime/ccnx-0.8.1/javasrc/lib/junit-4.3.1.jar:/home/barbara/jaime/ccnx-0.8.1/javasrc/ccn.jar:/usr/share/java/ant-launcher-1.9.4.jar:/usr/share/ant/lib/ant.jar:/usr/share/ant/lib/ant-junit.jar:/usr/share/ant/lib/ant-junit4.jar" />
    <property name="xml-jar" value="/home/barbara/jaime/ccnx-0.8.1/javasrc/lib/kxml2-2.3.0.jar" />
    <property name="junit-jar" value="/home/barbara/jaime/ccnx-0.8.1/javasrc/lib/junit-4.3.1.jar" />
    <property name="java.vm.specification.name" value="Java Virtual Machine Specification" />
    <property name="bcprov-jar" value="/home/barbara/jaime/ccnx-0.8.1/javasrc/lib/bcprov-jdk16-143.jar" />
    <property name="ant.file.type" value="file" />
    <property name="java.vm.specification.version" value="1.7" />
    <property name="sun.cpu.endian" value="little" />
    <property name="sun.os.patch.level" value="unknown" />
    <property name="cmddir" value="/home/barbara/jaime/ccnx-0.8.1/csrc/cmd" />
    <property name="env.HOME" value="/home/barbara" />
    <property name="env.LS_COLORS" value="rs=0:di=01;34:ln=01;36:mh=00:pi=40;33:so=01;35:do=01;35:bd=40;33;01:cd=40;33;01:or=40;31;01:su=37;41:sg=30;43:ca=30;41:tw=30;42:ow=34;42:st=37;44:ex=01;32:*.tar=01;31:*.tgz=01;31:*.arc=01;31:*.arj=01;31:*.taz=01;31:*.lha=01;31:*.lz4=01;31:*.lzh=01;31:*.lzma=01;31:*.tlz=01;31:*.txz=01;31:*.tzo=01;31:*.t7z=01;31:*.zip=01;31:*.z=01;31:*.Z=01;31:*.dz=01;31:*.gz=01;31:*.lrz=01;31:*.lz=01;31:*.lzo=01;31:*.xz=01;31:*.bz2=01;31:*.bz=01;31:*.tbz=01;31:*.tbz2=01;31:*.tz=01;31:*.deb=01;31:*.rpm=01;31:*.jar=01;31:*.war=01;31:*.ear=01;31:*.sar=01;31:*.rar=01;31:*.alz=01;31:*.ace=01;31:*.zoo=01;31:*.cpio=01;31:*.7z=01;31:*.rz=01;31:*.cab=01;31:*.jpg=01;35:*.jpeg=01;35:*.gif=01;35:*.bmp=01;35:*.pbm=01;35:*.pgm=01;35:*.ppm=01;35:*.tga=01;35:*.xbm=01;35:*.xpm=01;35:*.tif=01;35:*.tiff=01;35:*.png=01;35:*.svg=01;35:*.svgz=01;35:*.mng=01;35:*.pcx=01;35:*.mov=01;35:*.mpg=01;35:*.mpeg=01;35:*.m2v=01;35:*.mkv=01;35:*.webm=01;35:*.ogm=01;35:*.mp4=01;35:*.m4v=01;35:*.mp4v=01;35:*.vob=01;35:*.qt=01;35:*.nuv=01;35:*.wmv=01;35:*.asf=01;35:*.rm=01;35:*.rmvb=01;35:*.flc=01;35:*.avi=01;35:*.fli=01;35:*.flv=01;35:*.gl=01;35:*.dl=01;35:*.xcf=01;35:*.xwd=01;35:*.yuv=01;35:*.cgm=01;35:*.emf=01;35:*.axv=01;35:*.anx=01;35:*.ogv=01;35:*.ogx=01;35:*.aac=00;36:*.au=00;36:*.flac=00;36:*.m4a=00;36:*.mid=00;36:*.midi=00;36:*.mka=00;36:*.mp3=00;36:*.mpc=00;36:*.ogg=00;36:*.ra=00;36:*.wav=00;36:*.axa=00;36:*.oga=00;36:*.spx=00;36:*.xspf=00;36:" />
    <property name="java.io.tmpdir" value="/tmp" />
    <property name="repozip" value="repotest.zip" />
    <property name="ccn.agent.port" value="63000" />
    <property name="java.vendor.url.bug" value="http://bugreport.sun.com/bugreport/" />
    <property name="UNIT_TOP_DIR" value="../src/test" />
    <property name="ant.file.ccn-libs" value="/home/barbara/jaime/ccnx-0.8.1/javasrc/libs.xml" />
    <property name="java.awt.graphicsenv" value="sun.awt.X11GraphicsEnvironment" />
    <property name="os.arch" value="amd64" />
    <property name="java.ext.dirs" value="/usr/lib/jvm/java-7-openjdk-amd64/jre/lib/ext:/usr/java/packages/lib/ext" />
    <property name="env.SUDO_USER" value="barbara" />
    <property name="user.dir" value="/home/barbara/jaime/ccnx-0.8.1/javasrc/testout" />
    <property name="env.XAUTHORITY" value="/home/barbara/.Xauthority" />
    <property name="ant.file.java-ccnx" value="/home/barbara/jaime/ccnx-0.8.1/javasrc/build.xml" />
    <property name="line.separator" value="&#xa;" />
    <property name="java.vm.name" value="OpenJDK 64-Bit Server VM" />
    <property name="env.COLORTERM" value="gnome-terminal" />
    <property name="TEST_PORT" value="63000" />
    <property name="basedir" value="/home/barbara/jaime/ccnx-0.8.1/javasrc" />
    <property name="ant.java.version" value="1.7" />
    <property name="ant.core.lib" value="/usr/share/ant/lib/ant.jar" />
    <property name="env.USERNAME" value="root" />
    <property name="file.encoding" value="UTF-8" />
    <property name="env.MAIL" value="/var/mail/root" />
    <property name="src.systemtest.dir" value="/home/barbara/jaime/ccnx-0.8.1/javasrc/src/systemtest" />
    <property name="env.SUDO_GID" value="1000" />
    <property name="testoutlog" value="/home/barbara/jaime/ccnx-0.8.1/javasrc/testout/log" />
    <property name="java.specification.version" value="1.7" />
    <property name="src.dir" value="/home/barbara/jaime/ccnx-0.8.1/javasrc/src/main" />
    <property name="ant.project.invoked-targets" value="test" />
    <property name="USE_KEY_CONFIG_KEY" value="org.ccnx.config.UseKeyConfiguration" />
    <property name="REPO_ROOT2" value="/home/barbara/jaime/ccnx-0.8.1/javasrc/testout/repotest2" />
    <property name="org.ccnx.config.UseKeyConfiguration" value="false" />
  </properties>
  <testcase classname="org.ccnx.ccn.io.content.WrappedKeyTest" name="testDecodeInputStream" time="0.389" />
  <testcase classname="org.ccnx.ccn.io.content.WrappedKeyTest" name="testWrapUnwrapKey" time="0.091" />
  <testcase classname="org.ccnx.ccn.io.content.WrappedKeyTest" name="testWrappedKeyByteArrayStringStringStringByteArrayByteArray" time="0.003" />
  <testcase classname="org.ccnx.ccn.io.content.WrappedKeyTest" name="testWrappedKeyObject" time="0.649" />
  <system-out><![CDATA[Encoding WrappedKey(dummy)(Text):
Encoded WrappedKey(dummy): 
<?xml version='1.0' encoding='UTF-8' standalone='yes' ?>
<WrappedKey xmlns:ccn="http://www.parc.com/ccn">
  <WrappingKeyIdentifier>1eSnGSYmhL40pt47jAuGmbooxcPImifdsFNEUucY0vU=</WrappingKeyIdentifier>
  <EncryptedKey>ttmKhEyIK9tQTc9K3pZF6Uo4RVJH612q0zy+DCVNlD2qc6FZpYG2jr/6EDWiuMMpQ2jhSA1qdx+BvsomrNpKFg==</EncryptedKey>
</WrappedKey>
Decoding WrappedKey(dummy): 
Decoded WrappedKey(dummy): WrappedKey: wrapping key ID: d5e4a719262684be34a6de3b8c0b8699ba28c5c3c89a27ddb0534452e718d2f5 wrapping key name: null wrap algorithm: null key algorithm: null label: null has nonce key? false
Encoding WrappedKey(dummy)(Binary):
Encoded WrappedKey(dummy): 
�����&&��4��;����(��Ț'ݰSDR������ي�L�+�PM�JޖE�J8ERG�]��<�%M�=�s�Y������5���)Ch�Hjw���&��J
Decoding WrappedKey(dummy): 
Decoded WrappedKey(dummy): WrappedKey: wrapping key ID: d5e4a719262684be34a6de3b8c0b8699ba28c5c3c89a27ddb0534452e718d2f5 wrapping key name: null wrap algorithm: null key algorithm: null label: null has nonce key? false
Encoding WrappedKey(symmetric, real)(Text):
Encoded WrappedKey(symmetric, real): 
<?xml version='1.0' encoding='UTF-8' standalone='yes' ?>
<WrappedKey xmlns:ccn="http://www.parc.com/ccn">
  <KeyAlgorithm>AES</KeyAlgorithm>
  <Label>FileEncryptionKeys</Label>
  <EncryptedKey>O3CoGvSlEX6HMyqPOeyR7qhj1ZV/XB7C</EncryptedKey>
</WrappedKey>
Decoding WrappedKey(symmetric, real): 
Decoded WrappedKey(symmetric, real): WrappedKey: wrapping key ID: <empty> wrapping key name: null wrap algorithm: null key algorithm: AES label: FileEncryptionKeys has nonce key? false
Encoding WrappedKey(symmetric, real)(Binary):
Encoded WrappedKey(symmetric, real): 
���AES��FileEncryptionKeys��;p���~�3*�9��cՕ\�
Decoding WrappedKey(symmetric, real): 
Decoded WrappedKey(symmetric, real): WrappedKey: wrapping key ID: <empty> wrapping key name: null wrap algorithm: null key algorithm: AES label: FileEncryptionKeys has nonce key? false
Encoding WrappedKey(assymmetric wrap symmetric, with id and name)(Text):
Encoded WrappedKey(assymmetric wrap symmetric, with id and name): 
<?xml version='1.0' encoding='UTF-8' standalone='yes' ?>
<WrappedKey xmlns:ccn="http://www.parc.com/ccn">
  <WrappingKeyIdentifier>1eSnGSYmhL40pt47jAuGmbooxcPImifdsFNEUucY0vU=</WrappingKeyIdentifier>
  <WrappingKeyName>
    <Component>cGFyYw==</Component>
    <Component>VXNlcnM=</Component>
    <Component>YnJpZ2dz</Component>
    <Component>S0VZ</Component>
    <Component>/QVLgwEJHw==</Component>
  </WrappingKeyName>
  <KeyAlgorithm>2.16.840.1.101.3.4.1.2</KeyAlgorithm>
  <Label>FileEncryptionKeys</Label>
  <EncryptedKey>BufnW2+9TveD4EEE5BlWX15cjGU1H63jVnaIgQZyHNWZsNqTV4lHME1jTxh+isk1mkBY6nfg443/bOjbmlhu9RCfKsItvoJzLoXI/8kQ8djRz1RQW9bLgvaJVKWc7l/nfgzTFBvgurlXw51aIGIRL7bOw3LNXxEYCrAe9pGjYe8=</EncryptedKey>
</WrappedKey>
Decoding WrappedKey(assymmetric wrap symmetric, with id and name): 
Decoded WrappedKey(assymmetric wrap symmetric, with id and name): WrappedKey: wrapping key ID: d5e4a719262684be34a6de3b8c0b8699ba28c5c3c89a27ddb0534452e718d2f5 wrapping key name: /parc/Users/briggs/KEY/=FD054B8301091F wrap algorithm: null key algorithm: 2.16.840.1.101.3.4.1.2 label: FileEncryptionKeys has nonce key? false
Encoding WrappedKey(assymmetric wrap symmetric, with id and name)(Binary):
Encoded WrappedKey(assymmetric wrap symmetric, with id and name): 
�����&&��4��;����(��Ț'ݰSDR�����parc�Users�briggs�KEY��K�	��2.16.840.1.101.3.4.1.2��FileEncryptionKeys����[o�N���A�V_^\�e5��Vv��rՙ�ړW�G0McO~��5�@X�w���l�ۚXn��*�-��s.��������TP[�˂��T���_�~�ູWÝZ b/���r�_
����a�
Decoding WrappedKey(assymmetric wrap symmetric, with id and name): 
Decoded WrappedKey(assymmetric wrap symmetric, with id and name): WrappedKey: wrapping key ID: d5e4a719262684be34a6de3b8c0b8699ba28c5c3c89a27ddb0534452e718d2f5 wrapping key name: /parc/Users/briggs/KEY/=FD054B8301091F wrap algorithm: null key algorithm: 2.16.840.1.101.3.4.1.2 label: FileEncryptionKeys has nonce key? false
Encoding WrappedKey(full)(Text):
Encoded WrappedKey(full): 
<?xml version='1.0' encoding='UTF-8' standalone='yes' ?>
<WrappedKey xmlns:ccn="http://www.parc.com/ccn">
  <WrappingKeyIdentifier>1eSnGSYmhL40pt47jAuGmbooxcPImifdsFNEUucY0vU=</WrappingKeyIdentifier>
  <WrapAlgorithm>RSA/NONE/OAEPWithSHA256AndMGF1Padding</WrapAlgorithm>
  <KeyAlgorithm>AES</KeyAlgorithm>
  <Label>FileEncryptionKeys</Label>
  <EncryptedKey>fSSMH19lKsOEt0yvTgWuKaqJnnRHs5fFLSXLKWK7lvfOg48qCvtwqA4fwYxW/cf3EOt72N+2QrFLttkSVy9pgwVkuxUxsTJO9qs4prVbESCTIVFlj4UqfcdmwIv2a4s4G5zT0JDGyhsobjqPFbiaR7zTHVzDS7HPYvh2BO2qUOo=</EncryptedKey>
</WrappedKey>
Decoding WrappedKey(full): 
Decoded WrappedKey(full): WrappedKey: wrapping key ID: d5e4a719262684be34a6de3b8c0b8699ba28c5c3c89a27ddb0534452e718d2f5 wrapping key name: null wrap algorithm: RSA/NONE/OAEPWithSHA256AndMGF1Padding key algorithm: AES label: FileEncryptionKeys has nonce key? false
Encoding WrappedKey(full)(Binary):
Encoded WrappedKey(full): 
�����&&��4��;����(��Ț'ݰSDR�����RSA/NONE/OAEPWithSHA256AndMGF1Padding��AES��FileEncryptionKeys��}$�_e*Ä�L�N�)���tG���-%�)b���΃�*
�p���V����{�߶B�K��W/i�d�1�2N��8��[ �!Qe��*}�f���k�8��А��(n:���G��\�K��b�v�P�
Decoding WrappedKey(full): 
Decoded WrappedKey(full): WrappedKey: wrapping key ID: d5e4a719262684be34a6de3b8c0b8699ba28c5c3c89a27ddb0534452e718d2f5 wrapping key name: null wrap algorithm: RSA/NONE/OAEPWithSHA256AndMGF1Padding key algorithm: AES label: FileEncryptionKeys has nonce key? false
]]></system-out>
  <system-err><![CDATA[]]></system-err>
</testsuite>
