<?xml version="1.0" encoding="UTF-8" ?>
<testsuite errors="0" failures="0" hostname="barbara-Notebook" name="org.ccnx.ccn.repo.MultiResponderNameEnumerationTest" skipped="0" tests="1" time="4.776" timestamp="2015-01-15T21:12:26">
  <properties>
    <property name="java.vendor" value="Oracle Corporation" />
    <property name="src.test.dir" value="/home/barbara/jaime/ccnx-0.8.1/javasrc/src/test" />
    <property name="jarfile" value="/home/barbara/jaime/ccnx-0.8.1/javasrc/ccn.jar" />
    <property name="PROTOCOL_KEY" value="ccn.agent.protocol" />
    <property name="sun.java.launcher" value="SUN_STANDARD" />
    <property name="sun.management.compiler" value="HotSpot 64-Bit Tiered Compilers" />
    <property name="ccnr" value="/home/barbara/jaime/ccnx-0.8.1/csrc/ccnr/ccnr" />
    <property name="jarfile-base" value="ccn.jar" />
    <property name="env.MAKELEVEL" value="2" />
    <property name="ccn-libs-basedir" value="/home/barbara/jaime/ccnx-0.8.1/javasrc" />
    <property name="env.SUDO_COMMAND" value="/usr/bin/make test" />
    <property name="ant.file.type.java-ccnx" value="file" />
    <property name="REPO_GLOBAL" value="/parc.com/csl/ccn/repositories/TestRepository" />
    <property name="CCND_CAP" value="50000" />
    <property name="lib" value="/home/barbara/jaime/ccnx-0.8.1/javasrc/lib" />
    <property name="SYNC_NOISY" value="FINEST" />
    <property name="os.name" value="Linux" />
    <property name="sun.boot.class.path" value="/usr/lib/jvm/java-7-openjdk-amd64/jre/lib/resources.jar:/usr/lib/jvm/java-7-openjdk-amd64/jre/lib/rt.jar:/usr/lib/jvm/java-7-openjdk-amd64/jre/lib/sunrsasign.jar:/usr/lib/jvm/java-7-openjdk-amd64/jre/lib/jsse.jar:/usr/lib/jvm/java-7-openjdk-amd64/jre/lib/jce.jar:/usr/lib/jvm/java-7-openjdk-amd64/jre/lib/charsets.jar:/usr/lib/jvm/java-7-openjdk-amd64/jre/lib/rhino.jar:/usr/lib/jvm/java-7-openjdk-amd64/jre/lib/jfr.jar:/usr/lib/jvm/java-7-openjdk-amd64/jre/classes" />
    <property name="env.PWD" value="/home/barbara/jaime/ccnx-0.8.1/javasrc" />
    <property name="JAVA_MEMORY" value="1g" />
    <property name="env.LANG" value="pt_BR.UTF-8" />
    <property name="java.vm.specification.vendor" value="Oracle Corporation" />
    <property name="ccnd" value="/home/barbara/jaime/ccnx-0.8.1/csrc/ccnd/ccnd" />
    <property name="ant.home" value="/usr/share/ant" />
    <property name="java.runtime.version" value="1.7.0_65-b32" />
    <property name="org.ccnx.ccn.LogDir" value="/home/barbara/jaime/ccnx-0.8.1/javasrc/testout/log" />
    <property name="env.DISPLAY" value=":0" />
    <property name="REPO_ROOT" value="/home/barbara/jaime/ccnx-0.8.1/javasrc/testout/repotest" />
    <property name="user.name" value="root" />
    <property name="CCND_CMD" value="../../csrc/ccnd/ccnd" />
    <property name="env.USER" value="root" />
    <property name="env.SHELL" value="/bin/bash" />
    <property name="DEBUG_OPTIONS" value="" />
    <property name="env.PATH" value="/usr/local/sbin:/usr/local/bin:/usr/sbin:/usr/bin:/sbin:/bin" />
    <property name="user.language" value="pt" />
    <property name="build" value="/home/barbara/jaime/ccnx-0.8.1/javasrc/build" />
    <property name="sun.boot.library.path" value="/usr/lib/jvm/java-7-openjdk-amd64/jre/lib/amd64" />
    <property name="ant.project.default-target" value="jar" />
    <property name="ant.project.name" value="java-ccnx" />
    <property name="java.version" value="1.7.0_65" />
    <property name="user.timezone" value="" />
    <property name="sun.arch.data.model" value="64" />
    <property name="testout" value="/home/barbara/jaime/ccnx-0.8.1/javasrc/testout" />
    <property name="java.endorsed.dirs" value="/usr/lib/jvm/java-7-openjdk-amd64/jre/lib/endorsed" />
    <property name="sun.cpu.isalist" value="" />
    <property name="sun.jnu.encoding" value="UTF-8" />
    <property name="file.encoding.pkg" value="sun.io" />
    <property name="showoutput" value="no" />
    <property name="file.separator" value="/" />
    <property name="java.specification.name" value="Java Platform API Specification" />
    <property name="USE_KEY_CONFIG_VAL" value="false" />
    <property name="repo2" value="true" />
    <property name="java.class.version" value="51.0" />
    <property name="TOP_DIR" value="../src/systemtest" />
    <property name="user.country" value="BR" />
    <property name="java.home" value="/usr/lib/jvm/java-7-openjdk-amd64/jre" />
    <property name="java.vm.info" value="mixed mode" />
    <property name="env.LOGNAME" value="root" />
    <property name="ant.file" value="/home/barbara/jaime/ccnx-0.8.1/javasrc/build.xml" />
    <property name="os.version" value="3.16.0-29-generic" />
    <property name="REPO_LOCAL_ROOT" value="repotest" />
    <property name="ant.file.type.ccn-libs" value="file" />
    <property name="REPO_LOCAL" value="TestRepository" />
    <property name="path.separator" value=":" />
    <property name="java.vm.version" value="24.65-b04" />
    <property name="env.LANGUAGE" value="pt_BR:pt:en" />
    <property name="EXIT_ON_ERROR" value="org.ccnx.ExitOnNetworkError" />
    <property name="ant.library.dir" value="/usr/share/ant/lib" />
    <property name="java.awt.printerjob" value="sun.print.PSPrinterJob" />
    <property name="env.TERM" value="xterm" />
    <property name="sun.io.unicode.encoding" value="UnicodeLittle" />
    <property name="env.SUDO_UID" value="1000" />
    <property name="awt.toolkit" value="sun.awt.X11.XToolkit" />
    <property name="build-excludes" value="bin/**, log/**, lib/**, libsrc/**, repository/**, build/**, testout/**, ktrace.out, CCN_DEBUG_DATA/**" />
    <property name="user.home" value="/root" />
    <property name="env.OLDPWD" value="/home/barbara/jaime/ccnx-0.8.1" />
    <property name="java.specification.vendor" value="Oracle Corporation" />
    <property name="env.MFLAGS" value="-w" />
    <property name="LOGDIR_KEY" value="org.ccnx.ccn.LogDir" />
    <property name="java.library.path" value="/usr/java/packages/lib/amd64:/usr/lib/x86_64-linux-gnu/jni:/lib/x86_64-linux-gnu:/usr/lib/x86_64-linux-gnu:/usr/lib/jni:/lib:/usr/lib" />
    <property name="java.vendor.url" value="http://java.oracle.com/" />
    <property name="org.ccnx.ExitOnNetworkError" value="true" />
    <property name="java.vm.vendor" value="Oracle Corporation" />
    <property name="CCND_DEBUG" value="87" />
    <property name="env.MAKEFLAGS" value="w" />
    <property name="java.runtime.name" value="OpenJDK Runtime Environment" />
    <property name="ant.version" value="Apache Ant(TM) version 1.9.4 compiled on May 9 2014" />
    <property name="sun.java.command" value="org.apache.tools.ant.taskdefs.optional.junit.JUnitTestRunner testsfile=/home/barbara/jaime/ccnx-0.8.1/javasrc/junittestcases1151893450426584251.properties skipNonTests=false filtertrace=true haltOnError=false haltOnFailure=true formatter=org.apache.tools.ant.taskdefs.optional.junit.SummaryJUnitResultFormatter showoutput=false outputtoformatters=true logfailedtests=true threadid=0 logtestlistenerevents=false formatter=org.apache.tools.ant.taskdefs.optional.junit.XMLJUnitResultFormatter,/home/barbara/jaime/ccnx-0.8.1/javasrc/testout/IGNORETHIS.xml crashfile=/home/barbara/jaime/ccnx-0.8.1/javasrc/junitvmwatcher4887640379840518012.properties propsfile=/home/barbara/jaime/ccnx-0.8.1/javasrc/junit1093380460631052138.properties" />
    <property name="java.class.path" value="/home/barbara/jaime/ccnx-0.8.1/javasrc/lib/bcprov-jdk16-143.jar:/home/barbara/jaime/ccnx-0.8.1/javasrc/lib/kxml2-2.3.0.jar:/home/barbara/jaime/ccnx-0.8.1/javasrc/lib/junit-4.3.1.jar:/home/barbara/jaime/ccnx-0.8.1/javasrc/ccn.jar:/usr/share/java/ant-launcher-1.9.4.jar:/usr/share/ant/lib/ant.jar:/usr/share/ant/lib/ant-junit.jar:/usr/share/ant/lib/ant-junit4.jar" />
    <property name="xml-jar" value="/home/barbara/jaime/ccnx-0.8.1/javasrc/lib/kxml2-2.3.0.jar" />
    <property name="junit-jar" value="/home/barbara/jaime/ccnx-0.8.1/javasrc/lib/junit-4.3.1.jar" />
    <property name="java.vm.specification.name" value="Java Virtual Machine Specification" />
    <property name="bcprov-jar" value="/home/barbara/jaime/ccnx-0.8.1/javasrc/lib/bcprov-jdk16-143.jar" />
    <property name="ant.file.type" value="file" />
    <property name="java.vm.specification.version" value="1.7" />
    <property name="sun.cpu.endian" value="little" />
    <property name="sun.os.patch.level" value="unknown" />
    <property name="cmddir" value="/home/barbara/jaime/ccnx-0.8.1/csrc/cmd" />
    <property name="env.HOME" value="/home/barbara" />
    <property name="env.LS_COLORS" value="rs=0:di=01;34:ln=01;36:mh=00:pi=40;33:so=01;35:do=01;35:bd=40;33;01:cd=40;33;01:or=40;31;01:su=37;41:sg=30;43:ca=30;41:tw=30;42:ow=34;42:st=37;44:ex=01;32:*.tar=01;31:*.tgz=01;31:*.arc=01;31:*.arj=01;31:*.taz=01;31:*.lha=01;31:*.lz4=01;31:*.lzh=01;31:*.lzma=01;31:*.tlz=01;31:*.txz=01;31:*.tzo=01;31:*.t7z=01;31:*.zip=01;31:*.z=01;31:*.Z=01;31:*.dz=01;31:*.gz=01;31:*.lrz=01;31:*.lz=01;31:*.lzo=01;31:*.xz=01;31:*.bz2=01;31:*.bz=01;31:*.tbz=01;31:*.tbz2=01;31:*.tz=01;31:*.deb=01;31:*.rpm=01;31:*.jar=01;31:*.war=01;31:*.ear=01;31:*.sar=01;31:*.rar=01;31:*.alz=01;31:*.ace=01;31:*.zoo=01;31:*.cpio=01;31:*.7z=01;31:*.rz=01;31:*.cab=01;31:*.jpg=01;35:*.jpeg=01;35:*.gif=01;35:*.bmp=01;35:*.pbm=01;35:*.pgm=01;35:*.ppm=01;35:*.tga=01;35:*.xbm=01;35:*.xpm=01;35:*.tif=01;35:*.tiff=01;35:*.png=01;35:*.svg=01;35:*.svgz=01;35:*.mng=01;35:*.pcx=01;35:*.mov=01;35:*.mpg=01;35:*.mpeg=01;35:*.m2v=01;35:*.mkv=01;35:*.webm=01;35:*.ogm=01;35:*.mp4=01;35:*.m4v=01;35:*.mp4v=01;35:*.vob=01;35:*.qt=01;35:*.nuv=01;35:*.wmv=01;35:*.asf=01;35:*.rm=01;35:*.rmvb=01;35:*.flc=01;35:*.avi=01;35:*.fli=01;35:*.flv=01;35:*.gl=01;35:*.dl=01;35:*.xcf=01;35:*.xwd=01;35:*.yuv=01;35:*.cgm=01;35:*.emf=01;35:*.axv=01;35:*.anx=01;35:*.ogv=01;35:*.ogx=01;35:*.aac=00;36:*.au=00;36:*.flac=00;36:*.m4a=00;36:*.mid=00;36:*.midi=00;36:*.mka=00;36:*.mp3=00;36:*.mpc=00;36:*.ogg=00;36:*.ra=00;36:*.wav=00;36:*.axa=00;36:*.oga=00;36:*.spx=00;36:*.xspf=00;36:" />
    <property name="java.io.tmpdir" value="/tmp" />
    <property name="repozip" value="repotest.zip" />
    <property name="ccn.agent.port" value="63000" />
    <property name="java.vendor.url.bug" value="http://bugreport.sun.com/bugreport/" />
    <property name="UNIT_TOP_DIR" value="../src/test" />
    <property name="ant.file.ccn-libs" value="/home/barbara/jaime/ccnx-0.8.1/javasrc/libs.xml" />
    <property name="java.awt.graphicsenv" value="sun.awt.X11GraphicsEnvironment" />
    <property name="os.arch" value="amd64" />
    <property name="java.ext.dirs" value="/usr/lib/jvm/java-7-openjdk-amd64/jre/lib/ext:/usr/java/packages/lib/ext" />
    <property name="env.SUDO_USER" value="barbara" />
    <property name="user.dir" value="/home/barbara/jaime/ccnx-0.8.1/javasrc/testout" />
    <property name="env.XAUTHORITY" value="/home/barbara/.Xauthority" />
    <property name="ant.file.java-ccnx" value="/home/barbara/jaime/ccnx-0.8.1/javasrc/build.xml" />
    <property name="line.separator" value="&#xa;" />
    <property name="java.vm.name" value="OpenJDK 64-Bit Server VM" />
    <property name="env.COLORTERM" value="gnome-terminal" />
    <property name="TEST_PORT" value="63000" />
    <property name="basedir" value="/home/barbara/jaime/ccnx-0.8.1/javasrc" />
    <property name="ant.java.version" value="1.7" />
    <property name="ant.core.lib" value="/usr/share/ant/lib/ant.jar" />
    <property name="env.USERNAME" value="root" />
    <property name="ccn.test.topdir" value="../src/systemtest" />
    <property name="file.encoding" value="UTF-8" />
    <property name="env.MAIL" value="/var/mail/root" />
    <property name="src.systemtest.dir" value="/home/barbara/jaime/ccnx-0.8.1/javasrc/src/systemtest" />
    <property name="env.SUDO_GID" value="1000" />
    <property name="testoutlog" value="/home/barbara/jaime/ccnx-0.8.1/javasrc/testout/log" />
    <property name="java.specification.version" value="1.7" />
    <property name="src.dir" value="/home/barbara/jaime/ccnx-0.8.1/javasrc/src/main" />
    <property name="ant.project.invoked-targets" value="test" />
    <property name="USE_KEY_CONFIG_KEY" value="org.ccnx.config.UseKeyConfiguration" />
    <property name="REPO_ROOT2" value="/home/barbara/jaime/ccnx-0.8.1/javasrc/testout/repotest2" />
    <property name="org.ccnx.config.UseKeyConfiguration" value="false" />
  </properties>
  <testcase classname="org.ccnx.ccn.repo.MultiResponderNameEnumerationTest" name="multiResponderNameEnumerationTest" time="4.719" />
  <system-out><![CDATA[Writing log records to /home/barbara/jaime/ccnx-0.8.1/javasrc/testout/log/ccn_15-01-15-181226-5321.log
]]></system-out>
  <system-err><![CDATA[Jan 15, 2015 6:12:26 PM org.ccnx.ccn.impl.security.keys.BasicKeyManager loadKeyStore
INFORMAÇÕES: Loading CCN key store from /root/.ccnx/.ccnx_keystore...last modified 1420721633000(ms).
Jan 15, 2015 6:12:26 PM org.ccnx.ccn.impl.security.keys.BasicKeyManager readKeyStore
INFORMAÇÕES: Loading CCN key store...
Jan 15, 2015 6:12:26 PM org.ccnx.ccn.impl.security.keys.BasicKeyManager loadKeyStore
INFORMAÇÕES: Loaded CCN key store from /root/.ccnx/.ccnx_keystore...version 2015-01-08 09:53:53.0 ms: 1420721633000
Jan 15, 2015 6:12:26 PM org.ccnx.ccn.impl.security.keys.BasicKeyManager loadValuesFromKeystore
INFORMAÇÕES: Loading key store file:/root/.ccnx/.ccnx_keystore version 2015-01-08 09:53:53.0 version component =FD054AE7DE1000 millis 1420721633000
Jan 15, 2015 6:12:26 PM org.ccnx.ccn.impl.security.keys.BasicKeyManager loadValuesFromKeystore
INFORMAÇÕES: Default key ID for user root: kjSt7EfRnj5qKvNi1E4Jq2tx9DsZALoGIvtF8qW32fY=
Jan 15, 2015 6:12:26 PM org.ccnx.ccn.impl.security.keys.SecureKeyCache loadKeyStore
INFORMAÇÕES: KeyCache: loading signing key kjSt7EfRnj5qKvNi1E4Jq2tx9DsZALoGIvtF8qW32fY=, remembering public key in public key cache.
Jan 15, 2015 6:12:26 PM org.ccnx.ccn.impl.security.keys.SecureKeyCache addMySigningKey
INFORMAÇÕES: SecureKeyCache: adding my private key 9234adec47d19e3e6a2af362d44e09ab6b71f43b1900ba0622fb45f2a5b7d9f6
Jan 15, 2015 6:12:26 PM org.ccnx.ccn.impl.security.keys.BasicKeyManager loadValuesFromConfiguration
INFORMAÇÕES: Not loading key manager configuration data in response to user configuration variable.
Jan 15, 2015 6:12:26 PM org.ccnx.ccn.impl.CCNNetworkManager <init>
ADVERTÊNCIA: NetworkManager 1: Non-standard CCN agent port 63000 per property ccn.agent.port
Jan 15, 2015 6:12:26 PM org.ccnx.ccn.impl.CCNNetworkManager <init>
INFORMAÇÕES: NetworkManager 1: Contacting CCN agent at localhost:63000
Jan 15, 2015 6:12:26 PM org.ccnx.ccn.impl.CCNNetworkChannel <init>
INFORMAÇÕES: NetworkChannel 1: Starting up CCNNetworkChannel using TCP.
Jan 15, 2015 6:12:26 PM org.ccnx.ccn.impl.CCNNetworkChannel open
INFORMAÇÕES: NetworkChannel 1: open()
Jan 15, 2015 6:12:26 PM org.ccnx.ccn.impl.CCNNetworkChannel open
INFORMAÇÕES: NetworkChannel 1: Contacting CCN agent at localhost:63000 on local port 40192
Jan 15, 2015 6:12:26 PM org.ccnx.ccn.CCNHandle <init>
INFORMAÇÕES: CCNHandle 1: Handle is now open
Jan 15, 2015 6:12:26 PM org.ccnx.ccn.impl.CCNNetworkManager run
INFORMAÇÕES: NetworkManager 1: CCNNetworkManager processing thread started for port: 63000
Jan 15, 2015 6:12:26 PM org.ccnx.ccn.impl.security.keys.PublicKeyCache getPublicKeyObject
INFORMAÇÕES: Retrieved key 1jYqtWb54a3hYuudALlY+uWoa+H6XEFakodAe1T6/ws= using locator NAME: /%C1.M.S.localhost/%C1.M.SRV/ccnd/KEY/%C1.M.K=00D6362AB566F9E1ADE162EB9D00B958FAE5A86BE1FA5C415A9287407B54FAFF0B/=FD054B82D339C9.
Jan 15, 2015 6:12:26 PM org.ccnx.ccn.impl.security.keys.PublicKeyCache getPublicKeyObject
INFORMAÇÕES: Retrieved key 1jYqtWb54a3hYuudALlY+uWoa+H6XEFakodAe1T6/ws= using locator NAME: /%C1.M.S.localhost/%C1.M.SRV/ccnd/KEY/%C1.M.K=00D6362AB566F9E1ADE162EB9D00B958FAE5A86BE1FA5C415A9287407B54FAFF0B/=FD054B82D339C9 - got /%C1.M.S.localhost/%C1.M.SRV/ccnd/KEY/%C1.M.K=00D6362AB566F9E1ADE162EB9D00B958FAE5A86BE1FA5C415A9287407B54FAFF0B/=FD054B82D339C9/=00
Jan 15, 2015 6:12:26 PM org.ccnx.ccn.io.CCNAbstractInputStream <init>
INFORMAÇÕES: CCNAbstractInputStream: /%C1.M.S.localhost/%C1.M.SRV/ccnd/KEY/%C1.M.K=00D6362AB566F9E1ADE162EB9D00B958FAE5A86BE1FA5C415A9287407B54FAFF0B/=FD054B82D339C9 segment 0
Jan 15, 2015 6:12:26 PM org.ccnx.ccn.impl.security.keys.PublicKeyCache getPublicKeyObject
INFORMAÇÕES: Retrieved public key using name: /%C1.M.S.localhost/%C1.M.SRV/ccnd/KEY/%C1.M.K=00D6362AB566F9E1ADE162EB9D00B958FAE5A86BE1FA5C415A9287407B54FAFF0B/=FD054B82D339C9
Jan 15, 2015 6:12:26 PM org.ccnx.ccn.impl.security.keys.PublicKeyCache getPublicKey
INFORMAÇÕES: Retrieved key 1jYqtWb54a3hYuudALlY+uWoa+H6XEFakodAe1T6/ws= from network with locator NAME: /%C1.M.S.localhost/%C1.M.SRV/ccnd/KEY/%C1.M.K=00D6362AB566F9E1ADE162EB9D00B958FAE5A86BE1FA5C415A9287407B54FAFF0B/=FD054B82D339C9!
Jan 15, 2015 6:12:26 PM org.ccnx.ccn.config.PlatformConfiguration <clinit>
INFORMAÇÕES: BC provider: BC
Jan 15, 2015 6:12:26 PM org.ccnx.ccn.config.PlatformConfiguration <clinit>
INFORMAÇÕES: Provider info: BouncyCastle Security Provider v1.43 version: 1.43
Jan 15, 2015 6:12:26 PM org.ccnx.ccn.config.PlatformConfiguration <clinit>
INFORMAÇÕES: java.vm.name = OpenJDK 64-Bit Server VM
Jan 15, 2015 6:12:26 PM org.ccnx.ccn.impl.CCNFlowControl addNameSpace
INFORMAÇÕES: Flow controller addNameSpace: added namespace: /ccnx.org/Users/root/Keys/%C1.M.K=009234ADEC47D19E3E6A2AF362D44E09AB6B71F43B1900BA0622FB45F2A5B7D9F6/=FD054AE7DE1000
Jan 15, 2015 6:12:26 PM org.ccnx.ccn.impl.security.keys.BasicKeyManager getKeyLocator
INFORMAÇÕES: getKeyLocator: returning locator KEY: kjSt7EfRnj5qKvNi1E4Jq2tx9DsZALoGIvtF8qW32fY= for key kjSt7EfRnj5qKvNi1E4Jq2tx9DsZALoGIvtF8qW32fY=
Jan 15, 2015 6:12:26 PM org.ccnx.ccn.KeyManager publishKey
INFORMAÇÕES: publishKey: key not previously published, making new key object /ccnx.org/Users/root/Keys/%C1.M.K=009234ADEC47D19E3E6A2AF362D44E09AB6B71F43B1900BA0622FB45F2A5B7D9F6 with version 2015-01-08 09:53:53.0 displayed as =FD054AE7DE1000
Jan 15, 2015 6:12:26 PM org.ccnx.ccn.io.CCNAbstractOutputStream <init>
INFORMAÇÕES: CCNAbstractOutputStream: /ccnx.org/Users/root/Keys/%C1.M.K=009234ADEC47D19E3E6A2AF362D44E09AB6B71F43B1900BA0622FB45F2A5B7D9F6/=FD054AE7DE1000 blocksize is 4096
Jan 15, 2015 6:12:26 PM org.ccnx.ccn.io.CCNAbstractOutputStream startWrite
INFORMAÇÕES: CCNAbstractOutputStream: startWrite -- searching for keys.
Jan 15, 2015 6:12:26 PM org.ccnx.ccn.profiles.security.access.AccessControlManager keysForOutput
INFORMAÇÕES: keysForOutput: found an acm: (null)
Jan 15, 2015 6:12:26 PM org.ccnx.ccn.io.CCNOutputStream flushToNetwork
INFORMAÇÕES: flush: outputting to the segmenter, baseName /ccnx.org/Users/root/Keys/%C1.M.K=009234ADEC47D19E3E6A2AF362D44E09AB6B71F43B1900BA0622FB45F2A5B7D9F6/=FD054AE7DE1000 basenameindex =00; 162 bytes written, holding back 162 flushing final blocks? false.
Jan 15, 2015 6:12:26 PM org.ccnx.ccn.io.CCNOutputStream flushToNetwork
INFORMAÇÕES: HEADER: CCNOutputStream: flushToNetwork: new _baseNameIndex 0
Jan 15, 2015 6:12:26 PM org.ccnx.ccn.io.CCNOutputStream flushToNetwork
INFORMAÇÕES: flush: outputting to the segmenter, baseName /ccnx.org/Users/root/Keys/%C1.M.K=009234ADEC47D19E3E6A2AF362D44E09AB6B71F43B1900BA0622FB45F2A5B7D9F6/=FD054AE7DE1000 basenameindex =00; 162 bytes written, holding back 0 flushing final blocks? true.
Jan 15, 2015 6:12:26 PM org.ccnx.ccn.io.CCNOutputStream flushToNetwork
INFORMAÇÕES: HEADER: CCNOutputStream: flushToNetwork: new _baseNameIndex 1
Jan 15, 2015 6:12:26 PM org.ccnx.ccn.io.CCNOutputStream close
INFORMAÇÕES: CCNOutputStream close: /ccnx.org/Users/root/Keys/%C1.M.K=009234ADEC47D19E3E6A2AF362D44E09AB6B71F43B1900BA0622FB45F2A5B7D9F6/=FD054AE7DE1000
Jan 15, 2015 6:12:26 PM org.ccnx.ccn.KeyManager publishKey
INFORMAÇÕES: Published key Sun RSA public key, 1024 bits
  modulus: 110921138301212145392004253279917995950258669333863662056871643271976607790547016315269834949391078948318860805625603844022322721344201027571021917379901461301585327002407293702110801478794762434747364279565414349376821790585553127606947398240644540011141381284624017866806283409148649866001587866016004087361
  public exponent: 65537 to name /ccnx.org/Users/root/Keys/%C1.M.K=009234ADEC47D19E3E6A2AF362D44E09AB6B71F43B1900BA0622FB45F2A5B7D9F6/=FD054AE7DE1000 with key locator NAME: /ccnx.org/Users/root/Keys/%C1.M.K=009234ADEC47D19E3E6A2AF362D44E09AB6B71F43B1900BA0622FB45F2A5B7D9F6/=FD054AE7DE1000 KEY:-reba89rgbj1o6ata34t5eovcl4kho5s9pnv8nstq15q1ld4g9ga; ephemeral digest =AEA5FDF90CE92584ED45953A764149F6667B0660AEE62E585643CD078F798A64.
Jan 15, 2015 6:12:26 PM org.ccnx.ccn.impl.security.keys.BasicKeyManager publishKey
INFORMAÇÕES: publishKey: published key kjSt7EfRnj5qKvNi1E4Jq2tx9DsZALoGIvtF8qW32fY=
 under specified key name /ccnx.org/Users/root/Keys/%C1.M.K=009234ADEC47D19E3E6A2AF362D44E09AB6B71F43B1900BA0622FB45F2A5B7D9F6/=FD054AE7DE1000
 key locator: NAME: /ccnx.org/Users/root/Keys/%C1.M.K=009234ADEC47D19E3E6A2AF362D44E09AB6B71F43B1900BA0622FB45F2A5B7D9F6/=FD054AE7DE1000 KEY:-reba89rgbj1o6ata34t5eovcl4kho5s9pnv8nstq15q1ld4g9ga
Jan 15, 2015 6:12:26 PM org.ccnx.ccn.impl.security.keys.BasicKeyManager publishKey
INFORMAÇÕES: publishKey: storing key locator kjSt7EfRnj5qKvNi1E4Jq2tx9DsZALoGIvtF8qW32fY= for key NAME: /ccnx.org/Users/root/Keys/%C1.M.K=009234ADEC47D19E3E6A2AF362D44E09AB6B71F43B1900BA0622FB45F2A5B7D9F6/=FD054AE7DE1000 KEY:-reba89rgbj1o6ata34t5eovcl4kho5s9pnv8nstq15q1ld4g9ga
Jan 15, 2015 6:12:26 PM org.ccnx.ccn.impl.CCNNetworkManager <init>
ADVERTÊNCIA: NetworkManager 2: Non-standard CCN agent port 63000 per property ccn.agent.port
Jan 15, 2015 6:12:26 PM org.ccnx.ccn.impl.CCNNetworkManager <init>
INFORMAÇÕES: NetworkManager 2: Contacting CCN agent at localhost:63000
Jan 15, 2015 6:12:26 PM org.ccnx.ccn.impl.CCNNetworkChannel <init>
INFORMAÇÕES: NetworkChannel 2: Starting up CCNNetworkChannel using TCP.
Jan 15, 2015 6:12:26 PM org.ccnx.ccn.impl.CCNNetworkChannel open
INFORMAÇÕES: NetworkChannel 2: open()
Jan 15, 2015 6:12:26 PM org.ccnx.ccn.impl.CCNNetworkChannel open
INFORMAÇÕES: NetworkChannel 2: Contacting CCN agent at localhost:63000 on local port 40193
Jan 15, 2015 6:12:26 PM org.ccnx.ccn.CCNHandle <init>
INFORMAÇÕES: CCNHandle 2: Handle is now open
Jan 15, 2015 6:12:26 PM org.ccnx.ccn.impl.CCNNetworkManager <init>
ADVERTÊNCIA: NetworkManager 3: Non-standard CCN agent port 63000 per property ccn.agent.port
Jan 15, 2015 6:12:26 PM org.ccnx.ccn.impl.CCNNetworkManager <init>
INFORMAÇÕES: NetworkManager 3: Contacting CCN agent at localhost:63000
Jan 15, 2015 6:12:26 PM org.ccnx.ccn.impl.CCNNetworkChannel <init>
INFORMAÇÕES: NetworkChannel 3: Starting up CCNNetworkChannel using TCP.
Jan 15, 2015 6:12:26 PM org.ccnx.ccn.impl.CCNNetworkChannel open
INFORMAÇÕES: NetworkChannel 3: open()
Jan 15, 2015 6:12:26 PM org.ccnx.ccn.impl.CCNNetworkChannel open
INFORMAÇÕES: NetworkChannel 3: Contacting CCN agent at localhost:63000 on local port 40194
Jan 15, 2015 6:12:26 PM org.ccnx.ccn.CCNHandle <init>
INFORMAÇÕES: CCNHandle 3: Handle is now open
Jan 15, 2015 6:12:26 PM org.ccnx.ccn.impl.CCNNetworkManager <init>
ADVERTÊNCIA: NetworkManager 4: Non-standard CCN agent port 63000 per property ccn.agent.port
Jan 15, 2015 6:12:26 PM org.ccnx.ccn.impl.CCNNetworkManager <init>
INFORMAÇÕES: NetworkManager 4: Contacting CCN agent at localhost:63000
Jan 15, 2015 6:12:26 PM org.ccnx.ccn.impl.CCNNetworkChannel <init>
INFORMAÇÕES: NetworkChannel 4: Starting up CCNNetworkChannel using TCP.
Jan 15, 2015 6:12:26 PM org.ccnx.ccn.impl.CCNNetworkChannel open
INFORMAÇÕES: NetworkChannel 4: open()
Jan 15, 2015 6:12:26 PM org.ccnx.ccn.impl.CCNNetworkChannel open
INFORMAÇÕES: NetworkChannel 4: Contacting CCN agent at localhost:63000 on local port 40195
Jan 15, 2015 6:12:26 PM org.ccnx.ccn.CCNHandle <init>
INFORMAÇÕES: CCNHandle 4: Handle is now open
Jan 15, 2015 6:12:26 PM org.ccnx.ccn.CCNTestHelper <init>
INFORMAÇÕES: Initializing test org.ccnx.ccn.repo.MultiResponderNameEnumerationTest, data can be found under /ccnx.org/test/MultiResponderNameEnumerationTest-15-01-15-18.12.26.
Jan 15, 2015 6:12:26 PM org.ccnx.ccn.impl.CCNNetworkManager run
INFORMAÇÕES: NetworkManager 2: CCNNetworkManager processing thread started for port: 63000
Jan 15, 2015 6:12:26 PM org.ccnx.ccn.repo.MultiResponderNameEnumerationTest setUp
INFORMAÇÕES: registering namespace prefix: /ccnx.org/test/MultiResponderNameEnumerationTest-15-01-15-18.12.26 count: 3
Jan 15, 2015 6:12:26 PM org.ccnx.ccn.repo.MultiResponderNameEnumerationTest putNERegisterName
INFORMAÇÕES: the names are now registered: /ccnx.org/test/MultiResponderNameEnumerationTest-15-01-15-18.12.26/classResponder
Jan 15, 2015 6:12:26 PM org.ccnx.ccn.impl.CCNFlowControl <init>
INFORMAÇÕES: adding namespace: /ccnx.org/test/MultiResponderNameEnumerationTest-15-01-15-18.12.26/repoResponder
Jan 15, 2015 6:12:26 PM org.ccnx.ccn.impl.CCNNetworkManager run
INFORMAÇÕES: NetworkManager 4: CCNNetworkManager processing thread started for port: 63000
Jan 15, 2015 6:12:26 PM org.ccnx.ccn.impl.security.keys.BasicKeyManager getKeyLocator
INFORMAÇÕES: getKeyLocator: returning locator NAME: /ccnx.org/Users/root/Keys/%C1.M.K=009234ADEC47D19E3E6A2AF362D44E09AB6B71F43B1900BA0622FB45F2A5B7D9F6/=FD054AE7DE1000 KEY:-reba89rgbj1o6ata34t5eovcl4kho5s9pnv8nstq15q1ld4g9ga for key kjSt7EfRnj5qKvNi1E4Jq2tx9DsZALoGIvtF8qW32fY=
Jan 15, 2015 6:12:26 PM org.ccnx.ccn.io.CCNAbstractOutputStream <init>
INFORMAÇÕES: CCNAbstractOutputStream: /ccnx.org/test/MultiResponderNameEnumerationTest-15-01-15-18.12.26/repoResponder blocksize is 4096
Jan 15, 2015 6:12:26 PM org.ccnx.ccn.io.CCNAbstractOutputStream startWrite
INFORMAÇÕES: CCNAbstractOutputStream: startWrite -- searching for keys.
Jan 15, 2015 6:12:26 PM org.ccnx.ccn.profiles.security.access.AccessControlManager keysForOutput
INFORMAÇÕES: keysForOutput: found an acm: (null)
Jan 15, 2015 6:12:26 PM org.ccnx.ccn.impl.repo.RepositoryFlowControl startWrite
INFORMAÇÕES: RepositoryFlowControl.startWrite called for name /ccnx.org/test/MultiResponderNameEnumerationTest-15-01-15-18.12.26/repoResponder, shape STREAM
Jan 15, 2015 6:12:26 PM org.ccnx.ccn.impl.repo.RepositoryFlowControl handleContent
INFORMAÇÕES: handleContent: got potential repo message: /ccnx.org/test/MultiResponderNameEnumerationTest-15-01-15-18.12.26/repoResponder/%C1.R.sw/%C1.N=00088BB7ED9BCA073A
Jan 15, 2015 6:12:26 PM org.ccnx.ccn.io.CCNOutputStream flushToNetwork
INFORMAÇÕES: flush: outputting to the segmenter, baseName /ccnx.org/test/MultiResponderNameEnumerationTest-15-01-15-18.12.26/repoResponder basenameindex =00; 13 bytes written, holding back 0 flushing final blocks? true.
Jan 15, 2015 6:12:26 PM org.ccnx.ccn.io.CCNOutputStream flushToNetwork
INFORMAÇÕES: HEADER: CCNOutputStream: flushToNetwork: new _baseNameIndex 1
Jan 15, 2015 6:12:27 PM org.ccnx.ccn.io.CCNOutputStream close
INFORMAÇÕES: CCNOutputStream close: /ccnx.org/test/MultiResponderNameEnumerationTest-15-01-15-18.12.26/repoResponder
Jan 15, 2015 6:12:27 PM org.ccnx.ccn.repo.MultiResponderNameEnumerationTest multiResponderNameEnumerationTest
INFORMAÇÕES: Starting multiResponderNameEnumerationTest
Jan 15, 2015 6:12:27 PM org.ccnx.ccn.profiles.nameenum.CCNNameEnumerator registerPrefix
INFORMAÇÕES: Registered Prefix: /ccnx.org/test/MultiResponderNameEnumerationTest-15-01-15-18.12.26
Jan 15, 2015 6:12:27 PM org.ccnx.ccn.impl.CCNNetworkManager run
INFORMAÇÕES: NetworkManager 3: CCNNetworkManager processing thread started for port: 63000
Jan 15, 2015 6:12:27 PM org.ccnx.ccn.io.content.CCNNetworkObject createFlowController
INFORMAÇÕES: Created RAW flow controller, for prefix /ccnx.org/test/MultiResponderNameEnumerationTest-15-01-15-18.12.26/%C1.E.be/%C1.M.K=009234ADEC47D19E3E6A2AF362D44E09AB6B71F43B1900BA0622FB45F2A5B7D9F6, save type RAW
Jan 15, 2015 6:12:27 PM org.ccnx.ccn.impl.CCNFlowControl addNameSpace
INFORMAÇÕES: Flow controller addNameSpace: added namespace: /ccnx.org/test/MultiResponderNameEnumerationTest-15-01-15-18.12.26/%C1.E.be/%C1.M.K=009234ADEC47D19E3E6A2AF362D44E09AB6B71F43B1900BA0622FB45F2A5B7D9F6
Jan 15, 2015 6:12:27 PM org.ccnx.ccn.impl.security.keys.BasicKeyManager getKeyLocator
INFORMAÇÕES: getKeyLocator: returning locator NAME: /ccnx.org/Users/root/Keys/%C1.M.K=009234ADEC47D19E3E6A2AF362D44E09AB6B71F43B1900BA0622FB45F2A5B7D9F6/=FD054AE7DE1000 KEY:-reba89rgbj1o6ata34t5eovcl4kho5s9pnv8nstq15q1ld4g9ga for key kjSt7EfRnj5qKvNi1E4Jq2tx9DsZALoGIvtF8qW32fY=
Jan 15, 2015 6:12:27 PM org.ccnx.ccn.io.CCNAbstractOutputStream <init>
INFORMAÇÕES: CCNAbstractOutputStream: /ccnx.org/test/MultiResponderNameEnumerationTest-15-01-15-18.12.26/%C1.E.be/%C1.M.K=009234ADEC47D19E3E6A2AF362D44E09AB6B71F43B1900BA0622FB45F2A5B7D9F6/=FD054B82D3B08B blocksize is 4096
Jan 15, 2015 6:12:27 PM org.ccnx.ccn.io.CCNAbstractOutputStream startWrite
INFORMAÇÕES: CCNAbstractOutputStream: startWrite -- searching for keys.
Jan 15, 2015 6:12:27 PM org.ccnx.ccn.profiles.security.access.AccessControlManager keysForOutput
INFORMAÇÕES: keysForOutput: found an acm: (null)
Jan 15, 2015 6:12:27 PM org.ccnx.ccn.io.CCNOutputStream flushToNetwork
INFORMAÇÕES: flush: outputting to the segmenter, baseName /ccnx.org/test/MultiResponderNameEnumerationTest-15-01-15-18.12.26/%C1.E.be/%C1.M.K=009234ADEC47D19E3E6A2AF362D44E09AB6B71F43B1900BA0622FB45F2A5B7D9F6/=FD054B82D3B08B basenameindex =00; 25 bytes written, holding back 25 flushing final blocks? false.
Jan 15, 2015 6:12:27 PM org.ccnx.ccn.io.CCNOutputStream flushToNetwork
INFORMAÇÕES: HEADER: CCNOutputStream: flushToNetwork: new _baseNameIndex 0
Jan 15, 2015 6:12:27 PM org.ccnx.ccn.io.CCNOutputStream flushToNetwork
INFORMAÇÕES: flush: outputting to the segmenter, baseName /ccnx.org/test/MultiResponderNameEnumerationTest-15-01-15-18.12.26/%C1.E.be/%C1.M.K=009234ADEC47D19E3E6A2AF362D44E09AB6B71F43B1900BA0622FB45F2A5B7D9F6/=FD054B82D3B08B basenameindex =00; 25 bytes written, holding back 25 flushing final blocks? false.
Jan 15, 2015 6:12:27 PM org.ccnx.ccn.io.CCNOutputStream flushToNetwork
INFORMAÇÕES: HEADER: CCNOutputStream: flushToNetwork: new _baseNameIndex 0
Jan 15, 2015 6:12:27 PM org.ccnx.ccn.io.CCNOutputStream flushToNetwork
INFORMAÇÕES: flush: outputting to the segmenter, baseName /ccnx.org/test/MultiResponderNameEnumerationTest-15-01-15-18.12.26/%C1.E.be/%C1.M.K=009234ADEC47D19E3E6A2AF362D44E09AB6B71F43B1900BA0622FB45F2A5B7D9F6/=FD054B82D3B08B basenameindex =00; 25 bytes written, holding back 0 flushing final blocks? true.
Jan 15, 2015 6:12:27 PM org.ccnx.ccn.io.CCNOutputStream flushToNetwork
INFORMAÇÕES: HEADER: CCNOutputStream: flushToNetwork: new _baseNameIndex 1
Jan 15, 2015 6:12:27 PM org.ccnx.ccn.io.CCNOutputStream close
INFORMAÇÕES: CCNOutputStream close: /ccnx.org/test/MultiResponderNameEnumerationTest-15-01-15-18.12.26/%C1.E.be/%C1.M.K=009234ADEC47D19E3E6A2AF362D44E09AB6B71F43B1900BA0622FB45F2A5B7D9F6/=FD054B82D3B08B
Jan 15, 2015 6:12:27 PM org.ccnx.ccn.io.CCNAbstractInputStream <init>
INFORMAÇÕES: CCNAbstractInputStream: /ccnx.org/test/MultiResponderNameEnumerationTest-15-01-15-18.12.26/%C1.E.be/%C1.M.K=009234ADEC47D19E3E6A2AF362D44E09AB6B71F43B1900BA0622FB45F2A5B7D9F6/=FD054B82D3B08B segment 0
Jan 15, 2015 6:12:27 PM org.ccnx.ccn.repo.MultiResponderNameEnumerationTest handleNameEnumerator
INFORMAÇÕES: got a response for: /ccnx.org/test/MultiResponderNameEnumerationTest-15-01-15-18.12.26
Jan 15, 2015 6:12:27 PM org.ccnx.ccn.repo.MultiResponderNameEnumerationTest handleNameEnumerator
INFORMAÇÕES: adding: /ccnx.org/test/MultiResponderNameEnumerationTest-15-01-15-18.12.26/classResponder
Jan 15, 2015 6:12:27 PM org.ccnx.ccn.repo.MultiResponderNameEnumerationTest testGetResponses
INFORMAÇÕES: checking names: 1
Jan 15, 2015 6:12:27 PM org.ccnx.ccn.io.CCNAbstractInputStream <init>
INFORMAÇÕES: CCNAbstractInputStream: /ccnx.org/test/MultiResponderNameEnumerationTest-15-01-15-18.12.26/%C1.E.be/%C1.M.K%00K=88BB633AD3703A8B229E3DB316E7EBAA673879525261007F7BEDCA1D64ED4D/=FD054B82D3B1D1 segment 0
Jan 15, 2015 6:12:27 PM org.ccnx.ccn.repo.MultiResponderNameEnumerationTest handleNameEnumerator
INFORMAÇÕES: got a response for: /ccnx.org/test/MultiResponderNameEnumerationTest-15-01-15-18.12.26
Jan 15, 2015 6:12:27 PM org.ccnx.ccn.repo.MultiResponderNameEnumerationTest handleNameEnumerator
INFORMAÇÕES: adding: /ccnx.org/test/MultiResponderNameEnumerationTest-15-01-15-18.12.26/repoResponder
Jan 15, 2015 6:12:27 PM org.ccnx.ccn.repo.MultiResponderNameEnumerationTest putNERegisterName
INFORMAÇÕES: the names are now registered: /ccnx.org/test/MultiResponderNameEnumerationTest-15-01-15-18.12.26/classResponder2
Jan 15, 2015 6:12:27 PM org.ccnx.ccn.repo.MultiResponderNameEnumerationTest testGetResponses
INFORMAÇÕES: checking names: 2
Jan 15, 2015 6:12:27 PM org.ccnx.ccn.io.content.CCNNetworkObject createFlowController
INFORMAÇÕES: Created RAW flow controller, for prefix /ccnx.org/test/MultiResponderNameEnumerationTest-15-01-15-18.12.26/%C1.E.be/%C1.M.K=009234ADEC47D19E3E6A2AF362D44E09AB6B71F43B1900BA0622FB45F2A5B7D9F6, save type RAW
Jan 15, 2015 6:12:27 PM org.ccnx.ccn.impl.CCNFlowControl addNameSpace
INFORMAÇÕES: Flow controller addNameSpace: added namespace: /ccnx.org/test/MultiResponderNameEnumerationTest-15-01-15-18.12.26/%C1.E.be/%C1.M.K=009234ADEC47D19E3E6A2AF362D44E09AB6B71F43B1900BA0622FB45F2A5B7D9F6
Jan 15, 2015 6:12:27 PM org.ccnx.ccn.impl.security.keys.BasicKeyManager getKeyLocator
INFORMAÇÕES: getKeyLocator: returning locator NAME: /ccnx.org/Users/root/Keys/%C1.M.K=009234ADEC47D19E3E6A2AF362D44E09AB6B71F43B1900BA0622FB45F2A5B7D9F6/=FD054AE7DE1000 KEY:-reba89rgbj1o6ata34t5eovcl4kho5s9pnv8nstq15q1ld4g9ga for key kjSt7EfRnj5qKvNi1E4Jq2tx9DsZALoGIvtF8qW32fY=
Jan 15, 2015 6:12:27 PM org.ccnx.ccn.io.CCNAbstractOutputStream <init>
INFORMAÇÕES: CCNAbstractOutputStream: /ccnx.org/test/MultiResponderNameEnumerationTest-15-01-15-18.12.26/%C1.E.be/%C1.M.K=009234ADEC47D19E3E6A2AF362D44E09AB6B71F43B1900BA0622FB45F2A5B7D9F6/=FD054B82D3B229 blocksize is 4096
Jan 15, 2015 6:12:27 PM org.ccnx.ccn.io.CCNAbstractOutputStream startWrite
INFORMAÇÕES: CCNAbstractOutputStream: startWrite -- searching for keys.
Jan 15, 2015 6:12:27 PM org.ccnx.ccn.profiles.security.access.AccessControlManager keysForOutput
INFORMAÇÕES: keysForOutput: found an acm: (null)
Jan 15, 2015 6:12:27 PM org.ccnx.ccn.io.CCNOutputStream flushToNetwork
INFORMAÇÕES: flush: outputting to the segmenter, baseName /ccnx.org/test/MultiResponderNameEnumerationTest-15-01-15-18.12.26/%C1.E.be/%C1.M.K=009234ADEC47D19E3E6A2AF362D44E09AB6B71F43B1900BA0622FB45F2A5B7D9F6/=FD054B82D3B229 basenameindex =00; 48 bytes written, holding back 48 flushing final blocks? false.
Jan 15, 2015 6:12:27 PM org.ccnx.ccn.io.CCNOutputStream flushToNetwork
INFORMAÇÕES: HEADER: CCNOutputStream: flushToNetwork: new _baseNameIndex 0
Jan 15, 2015 6:12:27 PM org.ccnx.ccn.io.CCNOutputStream flushToNetwork
INFORMAÇÕES: flush: outputting to the segmenter, baseName /ccnx.org/test/MultiResponderNameEnumerationTest-15-01-15-18.12.26/%C1.E.be/%C1.M.K=009234ADEC47D19E3E6A2AF362D44E09AB6B71F43B1900BA0622FB45F2A5B7D9F6/=FD054B82D3B229 basenameindex =00; 48 bytes written, holding back 48 flushing final blocks? false.
Jan 15, 2015 6:12:27 PM org.ccnx.ccn.io.CCNOutputStream flushToNetwork
INFORMAÇÕES: HEADER: CCNOutputStream: flushToNetwork: new _baseNameIndex 0
Jan 15, 2015 6:12:27 PM org.ccnx.ccn.io.CCNOutputStream flushToNetwork
INFORMAÇÕES: flush: outputting to the segmenter, baseName /ccnx.org/test/MultiResponderNameEnumerationTest-15-01-15-18.12.26/%C1.E.be/%C1.M.K=009234ADEC47D19E3E6A2AF362D44E09AB6B71F43B1900BA0622FB45F2A5B7D9F6/=FD054B82D3B229 basenameindex =00; 48 bytes written, holding back 0 flushing final blocks? true.
Jan 15, 2015 6:12:27 PM org.ccnx.ccn.io.CCNOutputStream flushToNetwork
INFORMAÇÕES: HEADER: CCNOutputStream: flushToNetwork: new _baseNameIndex 1
Jan 15, 2015 6:12:27 PM org.ccnx.ccn.repo.MultiResponderNameEnumerationTest testGetResponses
INFORMAÇÕES: checking names: 2
Jan 15, 2015 6:12:27 PM org.ccnx.ccn.repo.MultiResponderNameEnumerationTest testGetResponses
INFORMAÇÕES: checking names: 2
Jan 15, 2015 6:12:27 PM org.ccnx.ccn.repo.MultiResponderNameEnumerationTest testGetResponses
INFORMAÇÕES: checking names: 2
Jan 15, 2015 6:12:27 PM org.ccnx.ccn.repo.MultiResponderNameEnumerationTest testGetResponses
INFORMAÇÕES: checking names: 2
Jan 15, 2015 6:12:27 PM org.ccnx.ccn.repo.MultiResponderNameEnumerationTest testGetResponses
INFORMAÇÕES: checking names: 2
Jan 15, 2015 6:12:27 PM org.ccnx.ccn.repo.MultiResponderNameEnumerationTest testGetResponses
INFORMAÇÕES: checking names: 2
Jan 15, 2015 6:12:27 PM org.ccnx.ccn.repo.MultiResponderNameEnumerationTest testGetResponses
INFORMAÇÕES: checking names: 2
Jan 15, 2015 6:12:27 PM org.ccnx.ccn.repo.MultiResponderNameEnumerationTest testGetResponses
INFORMAÇÕES: checking names: 2
Jan 15, 2015 6:12:27 PM org.ccnx.ccn.repo.MultiResponderNameEnumerationTest testGetResponses
INFORMAÇÕES: checking names: 2
Jan 15, 2015 6:12:27 PM org.ccnx.ccn.repo.MultiResponderNameEnumerationTest testGetResponses
INFORMAÇÕES: checking names: 2
Jan 15, 2015 6:12:27 PM org.ccnx.ccn.repo.MultiResponderNameEnumerationTest testGetResponses
INFORMAÇÕES: checking names: 2
Jan 15, 2015 6:12:27 PM org.ccnx.ccn.repo.MultiResponderNameEnumerationTest testGetResponses
INFORMAÇÕES: checking names: 2
Jan 15, 2015 6:12:27 PM org.ccnx.ccn.repo.MultiResponderNameEnumerationTest testGetResponses
INFORMAÇÕES: checking names: 2
Jan 15, 2015 6:12:27 PM org.ccnx.ccn.repo.MultiResponderNameEnumerationTest testGetResponses
INFORMAÇÕES: checking names: 2
Jan 15, 2015 6:12:27 PM org.ccnx.ccn.repo.MultiResponderNameEnumerationTest testGetResponses
INFORMAÇÕES: checking names: 2
Jan 15, 2015 6:12:27 PM org.ccnx.ccn.repo.MultiResponderNameEnumerationTest testGetResponses
INFORMAÇÕES: checking names: 2
Jan 15, 2015 6:12:28 PM org.ccnx.ccn.repo.MultiResponderNameEnumerationTest testGetResponses
INFORMAÇÕES: checking names: 2
Jan 15, 2015 6:12:28 PM org.ccnx.ccn.repo.MultiResponderNameEnumerationTest testGetResponses
INFORMAÇÕES: checking names: 2
Jan 15, 2015 6:12:28 PM org.ccnx.ccn.repo.MultiResponderNameEnumerationTest testGetResponses
INFORMAÇÕES: checking names: 2
Jan 15, 2015 6:12:28 PM org.ccnx.ccn.repo.MultiResponderNameEnumerationTest testGetResponses
INFORMAÇÕES: checking names: 2
Jan 15, 2015 6:12:28 PM org.ccnx.ccn.repo.MultiResponderNameEnumerationTest testGetResponses
INFORMAÇÕES: checking names: 2
Jan 15, 2015 6:12:28 PM org.ccnx.ccn.repo.MultiResponderNameEnumerationTest testGetResponses
INFORMAÇÕES: checking names: 2
Jan 15, 2015 6:12:28 PM org.ccnx.ccn.repo.MultiResponderNameEnumerationTest testGetResponses
INFORMAÇÕES: checking names: 2
Jan 15, 2015 6:12:28 PM org.ccnx.ccn.repo.MultiResponderNameEnumerationTest testGetResponses
INFORMAÇÕES: checking names: 2
Jan 15, 2015 6:12:28 PM org.ccnx.ccn.repo.MultiResponderNameEnumerationTest testGetResponses
INFORMAÇÕES: checking names: 2
Jan 15, 2015 6:12:28 PM org.ccnx.ccn.repo.MultiResponderNameEnumerationTest testGetResponses
INFORMAÇÕES: checking names: 2
Jan 15, 2015 6:12:28 PM org.ccnx.ccn.repo.MultiResponderNameEnumerationTest testGetResponses
INFORMAÇÕES: checking names: 2
Jan 15, 2015 6:12:28 PM org.ccnx.ccn.repo.MultiResponderNameEnumerationTest testGetResponses
INFORMAÇÕES: checking names: 2
Jan 15, 2015 6:12:28 PM org.ccnx.ccn.repo.MultiResponderNameEnumerationTest testGetResponses
INFORMAÇÕES: checking names: 2
Jan 15, 2015 6:12:28 PM org.ccnx.ccn.repo.MultiResponderNameEnumerationTest testGetResponses
INFORMAÇÕES: checking names: 2
Jan 15, 2015 6:12:28 PM org.ccnx.ccn.repo.MultiResponderNameEnumerationTest testGetResponses
INFORMAÇÕES: checking names: 2
Jan 15, 2015 6:12:28 PM org.ccnx.ccn.repo.MultiResponderNameEnumerationTest testGetResponses
INFORMAÇÕES: checking names: 2
Jan 15, 2015 6:12:28 PM org.ccnx.ccn.repo.MultiResponderNameEnumerationTest testGetResponses
INFORMAÇÕES: checking names: 2
Jan 15, 2015 6:12:28 PM org.ccnx.ccn.repo.MultiResponderNameEnumerationTest testGetResponses
INFORMAÇÕES: checking names: 2
Jan 15, 2015 6:12:28 PM org.ccnx.ccn.repo.MultiResponderNameEnumerationTest testGetResponses
INFORMAÇÕES: checking names: 2
Jan 15, 2015 6:12:29 PM org.ccnx.ccn.repo.MultiResponderNameEnumerationTest testGetResponses
INFORMAÇÕES: checking names: 2
Jan 15, 2015 6:12:29 PM org.ccnx.ccn.repo.MultiResponderNameEnumerationTest testGetResponses
INFORMAÇÕES: checking names: 2
Jan 15, 2015 6:12:29 PM org.ccnx.ccn.repo.MultiResponderNameEnumerationTest testGetResponses
INFORMAÇÕES: checking names: 2
Jan 15, 2015 6:12:29 PM org.ccnx.ccn.repo.MultiResponderNameEnumerationTest testGetResponses
INFORMAÇÕES: checking names: 2
Jan 15, 2015 6:12:29 PM org.ccnx.ccn.repo.MultiResponderNameEnumerationTest testGetResponses
INFORMAÇÕES: checking names: 2
Jan 15, 2015 6:12:29 PM org.ccnx.ccn.repo.MultiResponderNameEnumerationTest testGetResponses
INFORMAÇÕES: checking names: 2
Jan 15, 2015 6:12:29 PM org.ccnx.ccn.repo.MultiResponderNameEnumerationTest testGetResponses
INFORMAÇÕES: checking names: 2
Jan 15, 2015 6:12:29 PM org.ccnx.ccn.repo.MultiResponderNameEnumerationTest testGetResponses
INFORMAÇÕES: checking names: 2
Jan 15, 2015 6:12:29 PM org.ccnx.ccn.repo.MultiResponderNameEnumerationTest testGetResponses
INFORMAÇÕES: checking names: 2
Jan 15, 2015 6:12:29 PM org.ccnx.ccn.repo.MultiResponderNameEnumerationTest testGetResponses
INFORMAÇÕES: checking names: 2
Jan 15, 2015 6:12:29 PM org.ccnx.ccn.repo.MultiResponderNameEnumerationTest testGetResponses
INFORMAÇÕES: checking names: 2
Jan 15, 2015 6:12:29 PM org.ccnx.ccn.repo.MultiResponderNameEnumerationTest testGetResponses
INFORMAÇÕES: checking names: 2
Jan 15, 2015 6:12:29 PM org.ccnx.ccn.repo.MultiResponderNameEnumerationTest testGetResponses
INFORMAÇÕES: checking names: 2
Jan 15, 2015 6:12:29 PM org.ccnx.ccn.repo.MultiResponderNameEnumerationTest testGetResponses
INFORMAÇÕES: checking names: 2
Jan 15, 2015 6:12:29 PM org.ccnx.ccn.repo.MultiResponderNameEnumerationTest testGetResponses
INFORMAÇÕES: checking names: 2
Jan 15, 2015 6:12:29 PM org.ccnx.ccn.repo.MultiResponderNameEnumerationTest testGetResponses
INFORMAÇÕES: checking names: 2
Jan 15, 2015 6:12:29 PM org.ccnx.ccn.repo.MultiResponderNameEnumerationTest testGetResponses
INFORMAÇÕES: checking names: 2
Jan 15, 2015 6:12:29 PM org.ccnx.ccn.repo.MultiResponderNameEnumerationTest testGetResponses
INFORMAÇÕES: checking names: 2
Jan 15, 2015 6:12:29 PM org.ccnx.ccn.repo.MultiResponderNameEnumerationTest testGetResponses
INFORMAÇÕES: checking names: 2
Jan 15, 2015 6:12:29 PM org.ccnx.ccn.repo.MultiResponderNameEnumerationTest testGetResponses
INFORMAÇÕES: checking names: 2
Jan 15, 2015 6:12:30 PM org.ccnx.ccn.repo.MultiResponderNameEnumerationTest testGetResponses
INFORMAÇÕES: checking names: 2
Jan 15, 2015 6:12:30 PM org.ccnx.ccn.repo.MultiResponderNameEnumerationTest testGetResponses
INFORMAÇÕES: checking names: 2
Jan 15, 2015 6:12:30 PM org.ccnx.ccn.repo.MultiResponderNameEnumerationTest testGetResponses
INFORMAÇÕES: checking names: 2
Jan 15, 2015 6:12:30 PM org.ccnx.ccn.repo.MultiResponderNameEnumerationTest testGetResponses
INFORMAÇÕES: checking names: 2
Jan 15, 2015 6:12:30 PM org.ccnx.ccn.repo.MultiResponderNameEnumerationTest testGetResponses
INFORMAÇÕES: checking names: 2
Jan 15, 2015 6:12:30 PM org.ccnx.ccn.repo.MultiResponderNameEnumerationTest testGetResponses
INFORMAÇÕES: checking names: 2
Jan 15, 2015 6:12:30 PM org.ccnx.ccn.repo.MultiResponderNameEnumerationTest testGetResponses
INFORMAÇÕES: checking names: 2
Jan 15, 2015 6:12:30 PM org.ccnx.ccn.repo.MultiResponderNameEnumerationTest testGetResponses
INFORMAÇÕES: checking names: 2
Jan 15, 2015 6:12:30 PM org.ccnx.ccn.repo.MultiResponderNameEnumerationTest testGetResponses
INFORMAÇÕES: checking names: 2
Jan 15, 2015 6:12:30 PM org.ccnx.ccn.repo.MultiResponderNameEnumerationTest testGetResponses
INFORMAÇÕES: checking names: 2
Jan 15, 2015 6:12:30 PM org.ccnx.ccn.repo.MultiResponderNameEnumerationTest testGetResponses
INFORMAÇÕES: checking names: 2
Jan 15, 2015 6:12:30 PM org.ccnx.ccn.repo.MultiResponderNameEnumerationTest testGetResponses
INFORMAÇÕES: checking names: 2
Jan 15, 2015 6:12:30 PM org.ccnx.ccn.repo.MultiResponderNameEnumerationTest testGetResponses
INFORMAÇÕES: checking names: 2
Jan 15, 2015 6:12:30 PM org.ccnx.ccn.repo.MultiResponderNameEnumerationTest testGetResponses
INFORMAÇÕES: checking names: 2
Jan 15, 2015 6:12:30 PM org.ccnx.ccn.repo.MultiResponderNameEnumerationTest testGetResponses
INFORMAÇÕES: checking names: 2
Jan 15, 2015 6:12:30 PM org.ccnx.ccn.repo.MultiResponderNameEnumerationTest testGetResponses
INFORMAÇÕES: checking names: 2
Jan 15, 2015 6:12:30 PM org.ccnx.ccn.repo.MultiResponderNameEnumerationTest testGetResponses
INFORMAÇÕES: checking names: 2
Jan 15, 2015 6:12:30 PM org.ccnx.ccn.repo.MultiResponderNameEnumerationTest testGetResponses
INFORMAÇÕES: checking names: 2
Jan 15, 2015 6:12:30 PM org.ccnx.ccn.repo.MultiResponderNameEnumerationTest testGetResponses
INFORMAÇÕES: checking names: 2
Jan 15, 2015 6:12:31 PM org.ccnx.ccn.repo.MultiResponderNameEnumerationTest testGetResponses
INFORMAÇÕES: checking names: 2
Jan 15, 2015 6:12:31 PM org.ccnx.ccn.io.CCNOutputStream close
INFORMAÇÕES: CCNOutputStream close: /ccnx.org/test/MultiResponderNameEnumerationTest-15-01-15-18.12.26/%C1.E.be/%C1.M.K=009234ADEC47D19E3E6A2AF362D44E09AB6B71F43B1900BA0622FB45F2A5B7D9F6/=FD054B82D3B229
Jan 15, 2015 6:12:31 PM org.ccnx.ccn.io.CCNAbstractInputStream <init>
INFORMAÇÕES: CCNAbstractInputStream: /ccnx.org/test/MultiResponderNameEnumerationTest-15-01-15-18.12.26/%C1.E.be/%C1.M.K=009234ADEC47D19E3E6A2AF362D44E09AB6B71F43B1900BA0622FB45F2A5B7D9F6/=FD054B82D3B229 segment 0
Jan 15, 2015 6:12:31 PM org.ccnx.ccn.repo.MultiResponderNameEnumerationTest handleNameEnumerator
INFORMAÇÕES: got a response for: /ccnx.org/test/MultiResponderNameEnumerationTest-15-01-15-18.12.26
Jan 15, 2015 6:12:31 PM org.ccnx.ccn.repo.MultiResponderNameEnumerationTest handleNameEnumerator
INFORMAÇÕES: adding: /ccnx.org/test/MultiResponderNameEnumerationTest-15-01-15-18.12.26/classResponder
Jan 15, 2015 6:12:31 PM org.ccnx.ccn.repo.MultiResponderNameEnumerationTest handleNameEnumerator
INFORMAÇÕES: adding: /ccnx.org/test/MultiResponderNameEnumerationTest-15-01-15-18.12.26/classResponder2
Jan 15, 2015 6:12:31 PM org.ccnx.ccn.repo.MultiResponderNameEnumerationTest testGetResponses
INFORMAÇÕES: checking names: 3
Jan 15, 2015 6:12:31 PM org.ccnx.ccn.repo.MultiResponderNameEnumerationTest testGetResponses
INFORMAÇÕES: we got all three responses!
Jan 15, 2015 6:12:31 PM org.ccnx.ccn.profiles.nameenum.CCNNameEnumerator cancelEnumerationsWithPrefix
INFORMAÇÕES: cancel prefix: /ccnx.org/test/MultiResponderNameEnumerationTest-15-01-15-18.12.26
Jan 15, 2015 6:12:31 PM org.ccnx.ccn.profiles.nameenum.CCNNameEnumerator cancelPrefix
INFORMAÇÕES: cancel prefix: /ccnx.org/test/MultiResponderNameEnumerationTest-15-01-15-18.12.26 
Jan 15, 2015 6:12:31 PM org.ccnx.ccn.profiles.nameenum.CCNNameEnumerator cancelEnumerationsWithPrefix
INFORMAÇÕES: cancelled prefix: /ccnx.org/test/MultiResponderNameEnumerationTest-15-01-15-18.12.26
Jan 15, 2015 6:12:31 PM org.ccnx.ccn.repo.MultiResponderNameEnumerationTest multiResponderNameEnumerationTest
INFORMAÇÕES: Completed multiResponderNameEnumerationTest
Jan 15, 2015 6:12:31 PM org.ccnx.ccn.impl.CCNNetworkManager shutdown
INFORMAÇÕES: NetworkManager 2: Shutdown requested
Jan 15, 2015 6:12:31 PM org.ccnx.ccn.impl.CCNNetworkManager run
INFORMAÇÕES: NetworkManager 2: Shutdown complete for port: 63000
Jan 15, 2015 6:12:31 PM org.ccnx.ccn.impl.CCNNetworkChannel close
INFORMAÇÕES: NetworkChannel 2: close(false)
Jan 15, 2015 6:12:31 PM org.ccnx.ccn.impl.CCNNetworkManager shutdown
INFORMAÇÕES: NetworkManager 3: Shutdown requested
Jan 15, 2015 6:12:31 PM org.ccnx.ccn.impl.CCNNetworkManager run
INFORMAÇÕES: NetworkManager 3: Shutdown complete for port: 63000
Jan 15, 2015 6:12:31 PM org.ccnx.ccn.impl.CCNNetworkChannel close
INFORMAÇÕES: NetworkChannel 3: close(false)
Jan 15, 2015 6:12:31 PM org.ccnx.ccn.impl.CCNNetworkManager shutdown
INFORMAÇÕES: NetworkManager 4: Shutdown requested
Jan 15, 2015 6:12:31 PM org.ccnx.ccn.impl.CCNNetworkManager run
INFORMAÇÕES: NetworkManager 4: Shutdown complete for port: 63000
Jan 15, 2015 6:12:31 PM org.ccnx.ccn.impl.CCNNetworkChannel close
INFORMAÇÕES: NetworkChannel 4: close(false)
]]></system-err>
</testsuite>
