<?xml version="1.0" encoding="UTF-8" ?>
<testsuite errors="0" failures="0" hostname="barbara-Notebook" name="org.ccnx.ccn.repo.RepoIOTest" skipped="0" tests="5" time="58.594" timestamp="2015-01-15T21:13:17">
  <properties>
    <property name="java.vendor" value="Oracle Corporation" />
    <property name="src.test.dir" value="/home/barbara/jaime/ccnx-0.8.1/javasrc/src/test" />
    <property name="jarfile" value="/home/barbara/jaime/ccnx-0.8.1/javasrc/ccn.jar" />
    <property name="PROTOCOL_KEY" value="ccn.agent.protocol" />
    <property name="sun.java.launcher" value="SUN_STANDARD" />
    <property name="sun.management.compiler" value="HotSpot 64-Bit Tiered Compilers" />
    <property name="ccnr" value="/home/barbara/jaime/ccnx-0.8.1/csrc/ccnr/ccnr" />
    <property name="jarfile-base" value="ccn.jar" />
    <property name="env.MAKELEVEL" value="2" />
    <property name="ccn-libs-basedir" value="/home/barbara/jaime/ccnx-0.8.1/javasrc" />
    <property name="env.SUDO_COMMAND" value="/usr/bin/make test" />
    <property name="ant.file.type.java-ccnx" value="file" />
    <property name="REPO_GLOBAL" value="/parc.com/csl/ccn/repositories/TestRepository" />
    <property name="CCND_CAP" value="50000" />
    <property name="lib" value="/home/barbara/jaime/ccnx-0.8.1/javasrc/lib" />
    <property name="SYNC_NOISY" value="FINEST" />
    <property name="os.name" value="Linux" />
    <property name="sun.boot.class.path" value="/usr/lib/jvm/java-7-openjdk-amd64/jre/lib/resources.jar:/usr/lib/jvm/java-7-openjdk-amd64/jre/lib/rt.jar:/usr/lib/jvm/java-7-openjdk-amd64/jre/lib/sunrsasign.jar:/usr/lib/jvm/java-7-openjdk-amd64/jre/lib/jsse.jar:/usr/lib/jvm/java-7-openjdk-amd64/jre/lib/jce.jar:/usr/lib/jvm/java-7-openjdk-amd64/jre/lib/charsets.jar:/usr/lib/jvm/java-7-openjdk-amd64/jre/lib/rhino.jar:/usr/lib/jvm/java-7-openjdk-amd64/jre/lib/jfr.jar:/usr/lib/jvm/java-7-openjdk-amd64/jre/classes" />
    <property name="env.PWD" value="/home/barbara/jaime/ccnx-0.8.1/javasrc" />
    <property name="JAVA_MEMORY" value="1g" />
    <property name="env.LANG" value="pt_BR.UTF-8" />
    <property name="java.vm.specification.vendor" value="Oracle Corporation" />
    <property name="ccnd" value="/home/barbara/jaime/ccnx-0.8.1/csrc/ccnd/ccnd" />
    <property name="ant.home" value="/usr/share/ant" />
    <property name="java.runtime.version" value="1.7.0_65-b32" />
    <property name="org.ccnx.ccn.LogDir" value="/home/barbara/jaime/ccnx-0.8.1/javasrc/testout/log" />
    <property name="env.DISPLAY" value=":0" />
    <property name="REPO_ROOT" value="/home/barbara/jaime/ccnx-0.8.1/javasrc/testout/repotest" />
    <property name="user.name" value="root" />
    <property name="CCND_CMD" value="../../csrc/ccnd/ccnd" />
    <property name="env.USER" value="root" />
    <property name="env.SHELL" value="/bin/bash" />
    <property name="DEBUG_OPTIONS" value="" />
    <property name="env.PATH" value="/usr/local/sbin:/usr/local/bin:/usr/sbin:/usr/bin:/sbin:/bin" />
    <property name="user.language" value="pt" />
    <property name="build" value="/home/barbara/jaime/ccnx-0.8.1/javasrc/build" />
    <property name="sun.boot.library.path" value="/usr/lib/jvm/java-7-openjdk-amd64/jre/lib/amd64" />
    <property name="ant.project.default-target" value="jar" />
    <property name="ant.project.name" value="java-ccnx" />
    <property name="java.version" value="1.7.0_65" />
    <property name="user.timezone" value="" />
    <property name="sun.arch.data.model" value="64" />
    <property name="testout" value="/home/barbara/jaime/ccnx-0.8.1/javasrc/testout" />
    <property name="java.endorsed.dirs" value="/usr/lib/jvm/java-7-openjdk-amd64/jre/lib/endorsed" />
    <property name="sun.cpu.isalist" value="" />
    <property name="sun.jnu.encoding" value="UTF-8" />
    <property name="file.encoding.pkg" value="sun.io" />
    <property name="showoutput" value="no" />
    <property name="file.separator" value="/" />
    <property name="java.specification.name" value="Java Platform API Specification" />
    <property name="USE_KEY_CONFIG_VAL" value="false" />
    <property name="repo2" value="true" />
    <property name="java.class.version" value="51.0" />
    <property name="TOP_DIR" value="../src/systemtest" />
    <property name="user.country" value="BR" />
    <property name="java.home" value="/usr/lib/jvm/java-7-openjdk-amd64/jre" />
    <property name="java.vm.info" value="mixed mode" />
    <property name="env.LOGNAME" value="root" />
    <property name="ant.file" value="/home/barbara/jaime/ccnx-0.8.1/javasrc/build.xml" />
    <property name="os.version" value="3.16.0-29-generic" />
    <property name="REPO_LOCAL_ROOT" value="repotest" />
    <property name="ant.file.type.ccn-libs" value="file" />
    <property name="REPO_LOCAL" value="TestRepository" />
    <property name="path.separator" value=":" />
    <property name="java.vm.version" value="24.65-b04" />
    <property name="env.LANGUAGE" value="pt_BR:pt:en" />
    <property name="EXIT_ON_ERROR" value="org.ccnx.ExitOnNetworkError" />
    <property name="ant.library.dir" value="/usr/share/ant/lib" />
    <property name="java.awt.printerjob" value="sun.print.PSPrinterJob" />
    <property name="env.TERM" value="xterm" />
    <property name="sun.io.unicode.encoding" value="UnicodeLittle" />
    <property name="env.SUDO_UID" value="1000" />
    <property name="awt.toolkit" value="sun.awt.X11.XToolkit" />
    <property name="build-excludes" value="bin/**, log/**, lib/**, libsrc/**, repository/**, build/**, testout/**, ktrace.out, CCN_DEBUG_DATA/**" />
    <property name="user.home" value="/root" />
    <property name="env.OLDPWD" value="/home/barbara/jaime/ccnx-0.8.1" />
    <property name="java.specification.vendor" value="Oracle Corporation" />
    <property name="env.MFLAGS" value="-w" />
    <property name="LOGDIR_KEY" value="org.ccnx.ccn.LogDir" />
    <property name="java.library.path" value="/usr/java/packages/lib/amd64:/usr/lib/x86_64-linux-gnu/jni:/lib/x86_64-linux-gnu:/usr/lib/x86_64-linux-gnu:/usr/lib/jni:/lib:/usr/lib" />
    <property name="java.vendor.url" value="http://java.oracle.com/" />
    <property name="org.ccnx.ExitOnNetworkError" value="true" />
    <property name="java.vm.vendor" value="Oracle Corporation" />
    <property name="CCND_DEBUG" value="87" />
    <property name="env.MAKEFLAGS" value="w" />
    <property name="java.runtime.name" value="OpenJDK Runtime Environment" />
    <property name="ant.version" value="Apache Ant(TM) version 1.9.4 compiled on May 9 2014" />
    <property name="sun.java.command" value="org.apache.tools.ant.taskdefs.optional.junit.JUnitTestRunner org.ccnx.ccn.repo.RepoIOTest skipNonTests=false filtertrace=true haltOnError=false haltOnFailure=true formatter=org.apache.tools.ant.taskdefs.optional.junit.SummaryJUnitResultFormatter showoutput=false outputtoformatters=true logfailedtests=true threadid=0 logtestlistenerevents=false formatter=org.apache.tools.ant.taskdefs.optional.junit.XMLJUnitResultFormatter,/home/barbara/jaime/ccnx-0.8.1/javasrc/testout/TEST-org.ccnx.ccn.repo.RepoIOTest.xml crashfile=/home/barbara/jaime/ccnx-0.8.1/javasrc/junitvmwatcher7632600489399970328.properties propsfile=/home/barbara/jaime/ccnx-0.8.1/javasrc/junit2694117039771041111.properties" />
    <property name="java.class.path" value="/home/barbara/jaime/ccnx-0.8.1/javasrc/lib/bcprov-jdk16-143.jar:/home/barbara/jaime/ccnx-0.8.1/javasrc/lib/kxml2-2.3.0.jar:/home/barbara/jaime/ccnx-0.8.1/javasrc/lib/junit-4.3.1.jar:/home/barbara/jaime/ccnx-0.8.1/javasrc/ccn.jar:/usr/share/java/ant-launcher-1.9.4.jar:/usr/share/ant/lib/ant.jar:/usr/share/ant/lib/ant-junit.jar:/usr/share/ant/lib/ant-junit4.jar" />
    <property name="xml-jar" value="/home/barbara/jaime/ccnx-0.8.1/javasrc/lib/kxml2-2.3.0.jar" />
    <property name="junit-jar" value="/home/barbara/jaime/ccnx-0.8.1/javasrc/lib/junit-4.3.1.jar" />
    <property name="java.vm.specification.name" value="Java Virtual Machine Specification" />
    <property name="bcprov-jar" value="/home/barbara/jaime/ccnx-0.8.1/javasrc/lib/bcprov-jdk16-143.jar" />
    <property name="ant.file.type" value="file" />
    <property name="java.vm.specification.version" value="1.7" />
    <property name="sun.cpu.endian" value="little" />
    <property name="sun.os.patch.level" value="unknown" />
    <property name="cmddir" value="/home/barbara/jaime/ccnx-0.8.1/csrc/cmd" />
    <property name="env.HOME" value="/home/barbara" />
    <property name="env.LS_COLORS" value="rs=0:di=01;34:ln=01;36:mh=00:pi=40;33:so=01;35:do=01;35:bd=40;33;01:cd=40;33;01:or=40;31;01:su=37;41:sg=30;43:ca=30;41:tw=30;42:ow=34;42:st=37;44:ex=01;32:*.tar=01;31:*.tgz=01;31:*.arc=01;31:*.arj=01;31:*.taz=01;31:*.lha=01;31:*.lz4=01;31:*.lzh=01;31:*.lzma=01;31:*.tlz=01;31:*.txz=01;31:*.tzo=01;31:*.t7z=01;31:*.zip=01;31:*.z=01;31:*.Z=01;31:*.dz=01;31:*.gz=01;31:*.lrz=01;31:*.lz=01;31:*.lzo=01;31:*.xz=01;31:*.bz2=01;31:*.bz=01;31:*.tbz=01;31:*.tbz2=01;31:*.tz=01;31:*.deb=01;31:*.rpm=01;31:*.jar=01;31:*.war=01;31:*.ear=01;31:*.sar=01;31:*.rar=01;31:*.alz=01;31:*.ace=01;31:*.zoo=01;31:*.cpio=01;31:*.7z=01;31:*.rz=01;31:*.cab=01;31:*.jpg=01;35:*.jpeg=01;35:*.gif=01;35:*.bmp=01;35:*.pbm=01;35:*.pgm=01;35:*.ppm=01;35:*.tga=01;35:*.xbm=01;35:*.xpm=01;35:*.tif=01;35:*.tiff=01;35:*.png=01;35:*.svg=01;35:*.svgz=01;35:*.mng=01;35:*.pcx=01;35:*.mov=01;35:*.mpg=01;35:*.mpeg=01;35:*.m2v=01;35:*.mkv=01;35:*.webm=01;35:*.ogm=01;35:*.mp4=01;35:*.m4v=01;35:*.mp4v=01;35:*.vob=01;35:*.qt=01;35:*.nuv=01;35:*.wmv=01;35:*.asf=01;35:*.rm=01;35:*.rmvb=01;35:*.flc=01;35:*.avi=01;35:*.fli=01;35:*.flv=01;35:*.gl=01;35:*.dl=01;35:*.xcf=01;35:*.xwd=01;35:*.yuv=01;35:*.cgm=01;35:*.emf=01;35:*.axv=01;35:*.anx=01;35:*.ogv=01;35:*.ogx=01;35:*.aac=00;36:*.au=00;36:*.flac=00;36:*.m4a=00;36:*.mid=00;36:*.midi=00;36:*.mka=00;36:*.mp3=00;36:*.mpc=00;36:*.ogg=00;36:*.ra=00;36:*.wav=00;36:*.axa=00;36:*.oga=00;36:*.spx=00;36:*.xspf=00;36:" />
    <property name="java.io.tmpdir" value="/tmp" />
    <property name="repozip" value="repotest.zip" />
    <property name="ccn.agent.port" value="63000" />
    <property name="java.vendor.url.bug" value="http://bugreport.sun.com/bugreport/" />
    <property name="UNIT_TOP_DIR" value="../src/test" />
    <property name="ant.file.ccn-libs" value="/home/barbara/jaime/ccnx-0.8.1/javasrc/libs.xml" />
    <property name="java.awt.graphicsenv" value="sun.awt.X11GraphicsEnvironment" />
    <property name="os.arch" value="amd64" />
    <property name="java.ext.dirs" value="/usr/lib/jvm/java-7-openjdk-amd64/jre/lib/ext:/usr/java/packages/lib/ext" />
    <property name="env.SUDO_USER" value="barbara" />
    <property name="user.dir" value="/home/barbara/jaime/ccnx-0.8.1/javasrc/testout" />
    <property name="env.XAUTHORITY" value="/home/barbara/.Xauthority" />
    <property name="ant.file.java-ccnx" value="/home/barbara/jaime/ccnx-0.8.1/javasrc/build.xml" />
    <property name="line.separator" value="&#xa;" />
    <property name="java.vm.name" value="OpenJDK 64-Bit Server VM" />
    <property name="env.COLORTERM" value="gnome-terminal" />
    <property name="TEST_PORT" value="63000" />
    <property name="basedir" value="/home/barbara/jaime/ccnx-0.8.1/javasrc" />
    <property name="ant.java.version" value="1.7" />
    <property name="ant.core.lib" value="/usr/share/ant/lib/ant.jar" />
    <property name="env.USERNAME" value="root" />
    <property name="ccn.test.topdir" value="../src/systemtest" />
    <property name="file.encoding" value="UTF-8" />
    <property name="env.MAIL" value="/var/mail/root" />
    <property name="src.systemtest.dir" value="/home/barbara/jaime/ccnx-0.8.1/javasrc/src/systemtest" />
    <property name="env.SUDO_GID" value="1000" />
    <property name="testoutlog" value="/home/barbara/jaime/ccnx-0.8.1/javasrc/testout/log" />
    <property name="java.specification.version" value="1.7" />
    <property name="src.dir" value="/home/barbara/jaime/ccnx-0.8.1/javasrc/src/main" />
    <property name="ant.project.invoked-targets" value="test" />
    <property name="USE_KEY_CONFIG_KEY" value="org.ccnx.config.UseKeyConfiguration" />
    <property name="REPO_ROOT2" value="/home/barbara/jaime/ccnx-0.8.1/javasrc/testout/repotest2" />
    <property name="org.ccnx.config.UseKeyConfiguration" value="false" />
  </properties>
  <testcase classname="org.ccnx.ccn.repo.RepoIOTest" name="testVersionedRead" time="2.466" />
  <testcase classname="org.ccnx.ccn.repo.RepoIOTest" name="testLocalSyncInputStream" time="6.171" />
  <testcase classname="org.ccnx.ccn.repo.RepoIOTest" name="testLocalSyncNetObj" time="7.993" />
  <testcase classname="org.ccnx.ccn.repo.RepoIOTest" name="testPolicyViaCCN" time="21.449" />
  <testcase classname="org.ccnx.ccn.repo.RepoIOTest" name="testReadFromRepo" time="7.109" />
  <system-out><![CDATA[Writing log records to /home/barbara/jaime/ccnx-0.8.1/javasrc/testout/log/ccn_15-01-15-181317-5377.log
for 0 got 8 (eof true): segment0
for 1 got 8 (eof true): segment1
for 2 got 8 (eof true): segment2
for 3 got 8 (eof true): segment3
for 4 got 8 (eof true): segment4
Testing local repo sync request for network object
]]></system-out>
  <system-err><![CDATA[Jan 15, 2015 6:13:17 PM org.ccnx.ccn.CCNTestHelper <init>
INFORMAÇÕES: Initializing test org.ccnx.ccn.repo.RepoIOTest, data can be found under /ccnx.org/test/RepoIOTest-15-01-15-18.13.17.
Jan 15, 2015 6:13:17 PM org.ccnx.ccn.impl.security.keys.BasicKeyManager loadKeyStore
INFORMAÇÕES: Loading CCN key store from /root/.ccnx/.ccnx_keystore...last modified 1420721633000(ms).
Jan 15, 2015 6:13:17 PM org.ccnx.ccn.impl.security.keys.BasicKeyManager readKeyStore
INFORMAÇÕES: Loading CCN key store...
Jan 15, 2015 6:13:18 PM org.ccnx.ccn.impl.security.keys.BasicKeyManager loadKeyStore
INFORMAÇÕES: Loaded CCN key store from /root/.ccnx/.ccnx_keystore...version 2015-01-08 09:53:53.0 ms: 1420721633000
Jan 15, 2015 6:13:18 PM org.ccnx.ccn.impl.security.keys.BasicKeyManager loadValuesFromKeystore
INFORMAÇÕES: Loading key store file:/root/.ccnx/.ccnx_keystore version 2015-01-08 09:53:53.0 version component =FD054AE7DE1000 millis 1420721633000
Jan 15, 2015 6:13:18 PM org.ccnx.ccn.impl.security.keys.BasicKeyManager loadValuesFromKeystore
INFORMAÇÕES: Default key ID for user root: kjSt7EfRnj5qKvNi1E4Jq2tx9DsZALoGIvtF8qW32fY=
Jan 15, 2015 6:13:18 PM org.ccnx.ccn.impl.security.keys.SecureKeyCache loadKeyStore
INFORMAÇÕES: KeyCache: loading signing key kjSt7EfRnj5qKvNi1E4Jq2tx9DsZALoGIvtF8qW32fY=, remembering public key in public key cache.
Jan 15, 2015 6:13:18 PM org.ccnx.ccn.impl.security.keys.SecureKeyCache addMySigningKey
INFORMAÇÕES: SecureKeyCache: adding my private key 9234adec47d19e3e6a2af362d44e09ab6b71f43b1900ba0622fb45f2a5b7d9f6
Jan 15, 2015 6:13:18 PM org.ccnx.ccn.impl.security.keys.BasicKeyManager loadValuesFromConfiguration
INFORMAÇÕES: Not loading key manager configuration data in response to user configuration variable.
Jan 15, 2015 6:13:18 PM org.ccnx.ccn.impl.CCNNetworkManager <init>
ADVERTÊNCIA: NetworkManager 1: Non-standard CCN agent port 63000 per property ccn.agent.port
Jan 15, 2015 6:13:18 PM org.ccnx.ccn.impl.CCNNetworkManager <init>
INFORMAÇÕES: NetworkManager 1: Contacting CCN agent at localhost:63000
Jan 15, 2015 6:13:18 PM org.ccnx.ccn.impl.CCNNetworkChannel <init>
INFORMAÇÕES: NetworkChannel 1: Starting up CCNNetworkChannel using TCP.
Jan 15, 2015 6:13:18 PM org.ccnx.ccn.impl.CCNNetworkChannel open
INFORMAÇÕES: NetworkChannel 1: open()
Jan 15, 2015 6:13:18 PM org.ccnx.ccn.impl.CCNNetworkChannel open
INFORMAÇÕES: NetworkChannel 1: Contacting CCN agent at localhost:63000 on local port 40202
Jan 15, 2015 6:13:18 PM org.ccnx.ccn.CCNHandle <init>
INFORMAÇÕES: CCNHandle 1: Handle is now open
Jan 15, 2015 6:13:18 PM org.ccnx.ccn.impl.CCNNetworkManager run
INFORMAÇÕES: NetworkManager 1: CCNNetworkManager processing thread started for port: 63000
Jan 15, 2015 6:13:18 PM org.ccnx.ccn.impl.security.keys.PublicKeyCache getPublicKeyObject
INFORMAÇÕES: Retrieved key 1jYqtWb54a3hYuudALlY+uWoa+H6XEFakodAe1T6/ws= using locator NAME: /%C1.M.S.localhost/%C1.M.SRV/ccnd/KEY/%C1.M.K=00D6362AB566F9E1ADE162EB9D00B958FAE5A86BE1FA5C415A9287407B54FAFF0B/=FD054B82D339C9.
Jan 15, 2015 6:13:18 PM org.ccnx.ccn.impl.security.keys.PublicKeyCache getPublicKeyObject
INFORMAÇÕES: Retrieved key 1jYqtWb54a3hYuudALlY+uWoa+H6XEFakodAe1T6/ws= using locator NAME: /%C1.M.S.localhost/%C1.M.SRV/ccnd/KEY/%C1.M.K=00D6362AB566F9E1ADE162EB9D00B958FAE5A86BE1FA5C415A9287407B54FAFF0B/=FD054B82D339C9 - got /%C1.M.S.localhost/%C1.M.SRV/ccnd/KEY/%C1.M.K=00D6362AB566F9E1ADE162EB9D00B958FAE5A86BE1FA5C415A9287407B54FAFF0B/=FD054B82D339C9/=00
Jan 15, 2015 6:13:18 PM org.ccnx.ccn.io.CCNAbstractInputStream <init>
INFORMAÇÕES: CCNAbstractInputStream: /%C1.M.S.localhost/%C1.M.SRV/ccnd/KEY/%C1.M.K=00D6362AB566F9E1ADE162EB9D00B958FAE5A86BE1FA5C415A9287407B54FAFF0B/=FD054B82D339C9 segment 0
Jan 15, 2015 6:13:18 PM org.ccnx.ccn.impl.security.keys.PublicKeyCache getPublicKeyObject
INFORMAÇÕES: Retrieved public key using name: /%C1.M.S.localhost/%C1.M.SRV/ccnd/KEY/%C1.M.K=00D6362AB566F9E1ADE162EB9D00B958FAE5A86BE1FA5C415A9287407B54FAFF0B/=FD054B82D339C9
Jan 15, 2015 6:13:18 PM org.ccnx.ccn.impl.security.keys.PublicKeyCache getPublicKey
INFORMAÇÕES: Retrieved key 1jYqtWb54a3hYuudALlY+uWoa+H6XEFakodAe1T6/ws= from network with locator NAME: /%C1.M.S.localhost/%C1.M.SRV/ccnd/KEY/%C1.M.K=00D6362AB566F9E1ADE162EB9D00B958FAE5A86BE1FA5C415A9287407B54FAFF0B/=FD054B82D339C9!
Jan 15, 2015 6:13:18 PM org.ccnx.ccn.config.PlatformConfiguration <clinit>
INFORMAÇÕES: BC provider: BC
Jan 15, 2015 6:13:18 PM org.ccnx.ccn.config.PlatformConfiguration <clinit>
INFORMAÇÕES: Provider info: BouncyCastle Security Provider v1.43 version: 1.43
Jan 15, 2015 6:13:18 PM org.ccnx.ccn.config.PlatformConfiguration <clinit>
INFORMAÇÕES: java.vm.name = OpenJDK 64-Bit Server VM
Jan 15, 2015 6:13:18 PM org.ccnx.ccn.impl.CCNFlowControl addNameSpace
INFORMAÇÕES: Flow controller addNameSpace: added namespace: /ccnx.org/Users/root/Keys/%C1.M.K=009234ADEC47D19E3E6A2AF362D44E09AB6B71F43B1900BA0622FB45F2A5B7D9F6/=FD054AE7DE1000
Jan 15, 2015 6:13:18 PM org.ccnx.ccn.impl.security.keys.BasicKeyManager getKeyLocator
INFORMAÇÕES: getKeyLocator: returning locator KEY: kjSt7EfRnj5qKvNi1E4Jq2tx9DsZALoGIvtF8qW32fY= for key kjSt7EfRnj5qKvNi1E4Jq2tx9DsZALoGIvtF8qW32fY=
Jan 15, 2015 6:13:18 PM org.ccnx.ccn.KeyManager publishKey
INFORMAÇÕES: publishKey: key not previously published, making new key object /ccnx.org/Users/root/Keys/%C1.M.K=009234ADEC47D19E3E6A2AF362D44E09AB6B71F43B1900BA0622FB45F2A5B7D9F6 with version 2015-01-08 09:53:53.0 displayed as =FD054AE7DE1000
Jan 15, 2015 6:13:18 PM org.ccnx.ccn.io.CCNAbstractOutputStream <init>
INFORMAÇÕES: CCNAbstractOutputStream: /ccnx.org/Users/root/Keys/%C1.M.K=009234ADEC47D19E3E6A2AF362D44E09AB6B71F43B1900BA0622FB45F2A5B7D9F6/=FD054AE7DE1000 blocksize is 4096
Jan 15, 2015 6:13:18 PM org.ccnx.ccn.io.CCNAbstractOutputStream startWrite
INFORMAÇÕES: CCNAbstractOutputStream: startWrite -- searching for keys.
Jan 15, 2015 6:13:18 PM org.ccnx.ccn.profiles.security.access.AccessControlManager keysForOutput
INFORMAÇÕES: keysForOutput: found an acm: (null)
Jan 15, 2015 6:13:18 PM org.ccnx.ccn.io.CCNOutputStream flushToNetwork
INFORMAÇÕES: flush: outputting to the segmenter, baseName /ccnx.org/Users/root/Keys/%C1.M.K=009234ADEC47D19E3E6A2AF362D44E09AB6B71F43B1900BA0622FB45F2A5B7D9F6/=FD054AE7DE1000 basenameindex =00; 162 bytes written, holding back 162 flushing final blocks? false.
Jan 15, 2015 6:13:18 PM org.ccnx.ccn.io.CCNOutputStream flushToNetwork
INFORMAÇÕES: HEADER: CCNOutputStream: flushToNetwork: new _baseNameIndex 0
Jan 15, 2015 6:13:18 PM org.ccnx.ccn.io.CCNOutputStream flushToNetwork
INFORMAÇÕES: flush: outputting to the segmenter, baseName /ccnx.org/Users/root/Keys/%C1.M.K=009234ADEC47D19E3E6A2AF362D44E09AB6B71F43B1900BA0622FB45F2A5B7D9F6/=FD054AE7DE1000 basenameindex =00; 162 bytes written, holding back 0 flushing final blocks? true.
Jan 15, 2015 6:13:18 PM org.ccnx.ccn.io.CCNOutputStream flushToNetwork
INFORMAÇÕES: HEADER: CCNOutputStream: flushToNetwork: new _baseNameIndex 1
Jan 15, 2015 6:13:18 PM org.ccnx.ccn.io.CCNOutputStream close
INFORMAÇÕES: CCNOutputStream close: /ccnx.org/Users/root/Keys/%C1.M.K=009234ADEC47D19E3E6A2AF362D44E09AB6B71F43B1900BA0622FB45F2A5B7D9F6/=FD054AE7DE1000
Jan 15, 2015 6:13:18 PM org.ccnx.ccn.KeyManager publishKey
INFORMAÇÕES: Published key Sun RSA public key, 1024 bits
  modulus: 110921138301212145392004253279917995950258669333863662056871643271976607790547016315269834949391078948318860805625603844022322721344201027571021917379901461301585327002407293702110801478794762434747364279565414349376821790585553127606947398240644540011141381284624017866806283409148649866001587866016004087361
  public exponent: 65537 to name /ccnx.org/Users/root/Keys/%C1.M.K=009234ADEC47D19E3E6A2AF362D44E09AB6B71F43B1900BA0622FB45F2A5B7D9F6/=FD054AE7DE1000 with key locator NAME: /ccnx.org/Users/root/Keys/%C1.M.K=009234ADEC47D19E3E6A2AF362D44E09AB6B71F43B1900BA0622FB45F2A5B7D9F6/=FD054AE7DE1000 KEY:-reba89rgbj1o6ata34t5eovcl4kho5s9pnv8nstq15q1ld4g9ga; ephemeral digest =CB19428E37D557E48179BF91AC9E92B9F2638B70FFED469E33016FB4B5B3E6A5.
Jan 15, 2015 6:13:18 PM org.ccnx.ccn.impl.security.keys.BasicKeyManager publishKey
INFORMAÇÕES: publishKey: published key kjSt7EfRnj5qKvNi1E4Jq2tx9DsZALoGIvtF8qW32fY=
 under specified key name /ccnx.org/Users/root/Keys/%C1.M.K=009234ADEC47D19E3E6A2AF362D44E09AB6B71F43B1900BA0622FB45F2A5B7D9F6/=FD054AE7DE1000
 key locator: NAME: /ccnx.org/Users/root/Keys/%C1.M.K=009234ADEC47D19E3E6A2AF362D44E09AB6B71F43B1900BA0622FB45F2A5B7D9F6/=FD054AE7DE1000 KEY:-reba89rgbj1o6ata34t5eovcl4kho5s9pnv8nstq15q1ld4g9ga
Jan 15, 2015 6:13:18 PM org.ccnx.ccn.impl.security.keys.BasicKeyManager publishKey
INFORMAÇÕES: publishKey: storing key locator kjSt7EfRnj5qKvNi1E4Jq2tx9DsZALoGIvtF8qW32fY= for key NAME: /ccnx.org/Users/root/Keys/%C1.M.K=009234ADEC47D19E3E6A2AF362D44E09AB6B71F43B1900BA0622FB45F2A5B7D9F6/=FD054AE7DE1000 KEY:-reba89rgbj1o6ata34t5eovcl4kho5s9pnv8nstq15q1ld4g9ga
Jan 15, 2015 6:13:18 PM org.ccnx.ccn.impl.CCNNetworkManager <init>
ADVERTÊNCIA: NetworkManager 2: Non-standard CCN agent port 63000 per property ccn.agent.port
Jan 15, 2015 6:13:18 PM org.ccnx.ccn.impl.CCNNetworkManager <init>
INFORMAÇÕES: NetworkManager 2: Contacting CCN agent at localhost:63000
Jan 15, 2015 6:13:18 PM org.ccnx.ccn.impl.CCNNetworkChannel <init>
INFORMAÇÕES: NetworkChannel 2: Starting up CCNNetworkChannel using TCP.
Jan 15, 2015 6:13:18 PM org.ccnx.ccn.impl.CCNNetworkChannel open
INFORMAÇÕES: NetworkChannel 2: open()
Jan 15, 2015 6:13:18 PM org.ccnx.ccn.impl.CCNNetworkChannel open
INFORMAÇÕES: NetworkChannel 2: Contacting CCN agent at localhost:63000 on local port 40203
Jan 15, 2015 6:13:18 PM org.ccnx.ccn.CCNHandle <init>
INFORMAÇÕES: CCNHandle 2: Handle is now open
Jan 15, 2015 6:13:18 PM org.ccnx.ccn.impl.CCNNetworkManager <init>
ADVERTÊNCIA: NetworkManager 3: Non-standard CCN agent port 63000 per property ccn.agent.port
Jan 15, 2015 6:13:18 PM org.ccnx.ccn.impl.CCNNetworkManager <init>
INFORMAÇÕES: NetworkManager 3: Contacting CCN agent at localhost:63000
Jan 15, 2015 6:13:18 PM org.ccnx.ccn.impl.CCNNetworkChannel <init>
INFORMAÇÕES: NetworkChannel 3: Starting up CCNNetworkChannel using TCP.
Jan 15, 2015 6:13:18 PM org.ccnx.ccn.impl.CCNNetworkChannel open
INFORMAÇÕES: NetworkChannel 3: open()
Jan 15, 2015 6:13:18 PM org.ccnx.ccn.impl.CCNNetworkChannel open
INFORMAÇÕES: NetworkChannel 3: Contacting CCN agent at localhost:63000 on local port 40204
Jan 15, 2015 6:13:18 PM org.ccnx.ccn.CCNHandle <init>
INFORMAÇÕES: CCNHandle 3: Handle is now open
Jan 15, 2015 6:13:18 PM org.ccnx.ccn.impl.CCNFlowControl <init>
INFORMAÇÕES: adding namespace: /ccnx.org/test/RepoIOTest-15-01-15-18.13.17/testRepoIO/stream-3726
Jan 15, 2015 6:13:18 PM org.ccnx.ccn.impl.CCNNetworkManager run
INFORMAÇÕES: NetworkManager 2: CCNNetworkManager processing thread started for port: 63000
Jan 15, 2015 6:13:18 PM org.ccnx.ccn.impl.security.keys.BasicKeyManager getKeyLocator
INFORMAÇÕES: getKeyLocator: returning locator NAME: /ccnx.org/Users/root/Keys/%C1.M.K=009234ADEC47D19E3E6A2AF362D44E09AB6B71F43B1900BA0622FB45F2A5B7D9F6/=FD054AE7DE1000 KEY:-reba89rgbj1o6ata34t5eovcl4kho5s9pnv8nstq15q1ld4g9ga for key kjSt7EfRnj5qKvNi1E4Jq2tx9DsZALoGIvtF8qW32fY=
Jan 15, 2015 6:13:18 PM org.ccnx.ccn.io.CCNAbstractOutputStream <init>
INFORMAÇÕES: CCNAbstractOutputStream: /ccnx.org/test/RepoIOTest-15-01-15-18.13.17/testRepoIO/stream-3726 blocksize is 4096
Jan 15, 2015 6:13:18 PM org.ccnx.ccn.io.CCNAbstractOutputStream startWrite
INFORMAÇÕES: CCNAbstractOutputStream: startWrite -- searching for keys.
Jan 15, 2015 6:13:18 PM org.ccnx.ccn.profiles.security.access.AccessControlManager keysForOutput
INFORMAÇÕES: keysForOutput: found an acm: (null)
Jan 15, 2015 6:13:18 PM org.ccnx.ccn.impl.repo.RepositoryFlowControl startWrite
INFORMAÇÕES: RepositoryFlowControl.startWrite called for name /ccnx.org/test/RepoIOTest-15-01-15-18.13.17/testRepoIO/stream-3726, shape STREAM
Jan 15, 2015 6:13:18 PM org.ccnx.ccn.impl.repo.RepositoryFlowControl handleContent
INFORMAÇÕES: handleContent: got potential repo message: /ccnx.org/test/RepoIOTest-15-01-15-18.13.17/testRepoIO/stream-3726/%C1.R.sw/%C1.N=00EF459D25E196E164
Jan 15, 2015 6:13:18 PM org.ccnx.ccn.io.CCNOutputStream writeToNetwork
INFORMAÇÕES: Adding namespace in writeToNetwork. Namespace: /ccnx.org/test/RepoIOTest-15-01-15-18.13.17/testRepoIO/stream-3726
Jan 15, 2015 6:13:18 PM org.ccnx.ccn.impl.CCNFlowControl addNameSpace
INFORMAÇÕES: addNameSpace: not adding name: /ccnx.org/test/RepoIOTest-15-01-15-18.13.17/testRepoIO/stream-3726 already monitoring prefix: /ccnx.org/test/RepoIOTest-15-01-15-18.13.17/testRepoIO/stream-3726
Jan 15, 2015 6:13:18 PM org.ccnx.ccn.io.CCNOutputStream flushToNetwork
INFORMAÇÕES: flush: outputting to the segmenter, baseName /ccnx.org/test/RepoIOTest-15-01-15-18.13.17/testRepoIO/stream-3726 basenameindex =0028; 0 bytes written, holding back 0 flushing final blocks? true.
Jan 15, 2015 6:13:18 PM org.ccnx.ccn.impl.CCNSegmenter outputCurrentBlocks
INFORMAÇÕES: flush: putting merkle tree to the network, name starts with /ccnx.org/test/RepoIOTest-15-01-15-18.13.17/testRepoIO/stream-3726/=00; 41 blocks
Jan 15, 2015 6:13:18 PM org.ccnx.ccn.impl.security.crypto.CCNMerkleTreeSigner signBlocks
INFORMAÇÕES: Signed tree of 41 leaves, 81 nodes.
Jan 15, 2015 6:13:18 PM org.ccnx.ccn.io.CCNOutputStream flushToNetwork
INFORMAÇÕES: HEADER: CCNOutputStream: flushToNetwork: new _baseNameIndex 41
Jan 15, 2015 6:13:18 PM org.ccnx.ccn.io.CCNOutputStream close
INFORMAÇÕES: CCNOutputStream close: /ccnx.org/test/RepoIOTest-15-01-15-18.13.17/testRepoIO/stream-3726
Jan 15, 2015 6:13:18 PM org.ccnx.ccn.io.content.CCNNetworkObject createFlowController
INFORMAÇÕES: Created REPOSITORY flow controller, for prefix /ccnx.org/test/RepoIOTest-15-01-15-18.13.17/testRepoIO/obj-8142, save type REPOSITORY
Jan 15, 2015 6:13:18 PM org.ccnx.ccn.impl.CCNFlowControl addNameSpace
INFORMAÇÕES: Flow controller addNameSpace: added namespace: /ccnx.org/test/RepoIOTest-15-01-15-18.13.17/testRepoIO/obj-8142
Jan 15, 2015 6:13:18 PM org.ccnx.ccn.impl.security.keys.BasicKeyManager getKeyLocator
INFORMAÇÕES: getKeyLocator: returning locator NAME: /ccnx.org/Users/root/Keys/%C1.M.K=009234ADEC47D19E3E6A2AF362D44E09AB6B71F43B1900BA0622FB45F2A5B7D9F6/=FD054AE7DE1000 KEY:-reba89rgbj1o6ata34t5eovcl4kho5s9pnv8nstq15q1ld4g9ga for key kjSt7EfRnj5qKvNi1E4Jq2tx9DsZALoGIvtF8qW32fY=
Jan 15, 2015 6:13:18 PM org.ccnx.ccn.io.CCNAbstractOutputStream <init>
INFORMAÇÕES: CCNAbstractOutputStream: /ccnx.org/test/RepoIOTest-15-01-15-18.13.17/testRepoIO/obj-8142/=FD054B82D6E44A blocksize is 4096
Jan 15, 2015 6:13:18 PM org.ccnx.ccn.io.CCNAbstractOutputStream startWrite
INFORMAÇÕES: CCNAbstractOutputStream: startWrite -- searching for keys.
Jan 15, 2015 6:13:18 PM org.ccnx.ccn.profiles.security.access.AccessControlManager keysForOutput
INFORMAÇÕES: keysForOutput: found an acm: (null)
Jan 15, 2015 6:13:18 PM org.ccnx.ccn.impl.repo.RepositoryFlowControl startWrite
INFORMAÇÕES: RepositoryFlowControl.startWrite called for name /ccnx.org/test/RepoIOTest-15-01-15-18.13.17/testRepoIO/obj-8142/=FD054B82D6E44A, shape STREAM
Jan 15, 2015 6:13:18 PM org.ccnx.ccn.impl.repo.RepositoryFlowControl handleContent
INFORMAÇÕES: handleContent: got potential repo message: /ccnx.org/test/RepoIOTest-15-01-15-18.13.17/testRepoIO/obj-8142/=FD054B82D6E44A/%C1.R.sw/%C1.N%00z=B53CA57C4D3102
Jan 15, 2015 6:13:18 PM org.ccnx.ccn.io.CCNOutputStream flushToNetwork
INFORMAÇÕES: flush: outputting to the segmenter, baseName /ccnx.org/test/RepoIOTest-15-01-15-18.13.17/testRepoIO/obj-8142/=FD054B82D6E44A basenameindex =00; 20 bytes written, holding back 20 flushing final blocks? false.
Jan 15, 2015 6:13:18 PM org.ccnx.ccn.io.CCNOutputStream flushToNetwork
INFORMAÇÕES: HEADER: CCNOutputStream: flushToNetwork: new _baseNameIndex 0
Jan 15, 2015 6:13:18 PM org.ccnx.ccn.io.CCNOutputStream flushToNetwork
INFORMAÇÕES: flush: outputting to the segmenter, baseName /ccnx.org/test/RepoIOTest-15-01-15-18.13.17/testRepoIO/obj-8142/=FD054B82D6E44A basenameindex =00; 20 bytes written, holding back 0 flushing final blocks? true.
Jan 15, 2015 6:13:18 PM org.ccnx.ccn.io.CCNOutputStream flushToNetwork
INFORMAÇÕES: HEADER: CCNOutputStream: flushToNetwork: new _baseNameIndex 1
Jan 15, 2015 6:13:18 PM org.ccnx.ccn.io.CCNOutputStream close
INFORMAÇÕES: CCNOutputStream close: /ccnx.org/test/RepoIOTest-15-01-15-18.13.17/testRepoIO/obj-8142/=FD054B82D6E44A
Jan 15, 2015 6:13:18 PM org.ccnx.ccn.impl.CCNNetworkManager <init>
ADVERTÊNCIA: NetworkManager 4: Non-standard CCN agent port 63000 per property ccn.agent.port
Jan 15, 2015 6:13:18 PM org.ccnx.ccn.impl.CCNNetworkManager <init>
INFORMAÇÕES: NetworkManager 4: Contacting CCN agent at localhost:63000
Jan 15, 2015 6:13:18 PM org.ccnx.ccn.impl.CCNNetworkChannel <init>
INFORMAÇÕES: NetworkChannel 4: Starting up CCNNetworkChannel using TCP.
Jan 15, 2015 6:13:18 PM org.ccnx.ccn.impl.CCNNetworkChannel open
INFORMAÇÕES: NetworkChannel 4: open()
Jan 15, 2015 6:13:18 PM org.ccnx.ccn.impl.CCNNetworkChannel open
INFORMAÇÕES: NetworkChannel 4: Contacting CCN agent at localhost:63000 on local port 40205
Jan 15, 2015 6:13:18 PM org.ccnx.ccn.CCNHandle <init>
INFORMAÇÕES: CCNHandle 4: Handle is now open
Jan 15, 2015 6:13:18 PM org.ccnx.ccn.utils.Flosser handleNamespace
INFORMAÇÕES: FLOSSER: handling namespace: /ccnx.org/test/RepoIOTest-15-01-15-18.13.17/TestRepoUser/Alice
Jan 15, 2015 6:13:18 PM org.ccnx.ccn.impl.CCNNetworkManager run
INFORMAÇÕES: NetworkManager 4: CCNNetworkManager processing thread started for port: 63000
Jan 15, 2015 6:13:18 PM org.ccnx.ccn.utils.Flosser handleNamespace
INFORMAÇÕES: FLOSSER: setup parent namespace: /ccnx.org/test/RepoIOTest-15-01-15-18.13.17/TestRepoUser/Alice
Jan 15, 2015 6:13:18 PM org.ccnx.ccn.utils.Flosser handleNamespace
INFORMAÇÕES: FLOSSER: handling namespace: /ccnx.org/test/RepoIOTest-15-01-15-18.13.17/TestRepoUser/Bob
Jan 15, 2015 6:13:18 PM org.ccnx.ccn.utils.Flosser handleNamespace
INFORMAÇÕES: FLOSSER: setup parent namespace: /ccnx.org/test/RepoIOTest-15-01-15-18.13.17/TestRepoUser/Bob
Jan 15, 2015 6:13:18 PM org.ccnx.ccn.utils.CreateUserData <init>
INFORMAÇÕES: Loading user: Alice from /ccnx.org/test/RepoIOTest-15-01-15-18.13.17/TestRepoUser/Alice
Jan 15, 2015 6:13:18 PM org.ccnx.ccn.impl.CCNNetworkManager <init>
ADVERTÊNCIA: NetworkManager 5: Non-standard CCN agent port 63000 per property ccn.agent.port
Jan 15, 2015 6:13:18 PM org.ccnx.ccn.impl.CCNNetworkManager <init>
INFORMAÇÕES: NetworkManager 5: Contacting CCN agent at localhost:63000
Jan 15, 2015 6:13:18 PM org.ccnx.ccn.impl.CCNNetworkChannel <init>
INFORMAÇÕES: NetworkChannel 5: Starting up CCNNetworkChannel using TCP.
Jan 15, 2015 6:13:18 PM org.ccnx.ccn.impl.CCNNetworkChannel open
INFORMAÇÕES: NetworkChannel 5: open()
Jan 15, 2015 6:13:18 PM org.ccnx.ccn.impl.CCNNetworkChannel open
INFORMAÇÕES: NetworkChannel 5: Contacting CCN agent at localhost:63000 on local port 40206
Jan 15, 2015 6:13:18 PM org.ccnx.ccn.CCNHandle <init>
INFORMAÇÕES: CCNHandle 5: Handle is now open
Jan 15, 2015 6:13:18 PM org.ccnx.ccn.impl.CCNNetworkManager run
INFORMAÇÕES: NetworkManager 5: CCNNetworkManager processing thread started for port: 63000
Jan 15, 2015 6:13:24 PM org.ccnx.ccn.profiles.VersioningProfile getLatestVersion
INFORMAÇÕES: getFirstBlockOfLatestVersion: no block available for later version of /ccnx.org/test/RepoIOTest-15-01-15-18.13.17/TestRepoUser/Alice
Jan 15, 2015 6:13:24 PM org.ccnx.ccn.impl.security.keys.NetworkKeyManager loadKeyStore
INFORMAÇÕES: Creating new CCN key store.../ccnx.org/test/RepoIOTest-15-01-15-18.13.17/TestRepoUser/Alice
Jan 15, 2015 6:13:24 PM org.ccnx.ccn.impl.CCNFlowControl <init>
INFORMAÇÕES: adding namespace: /ccnx.org/test/RepoIOTest-15-01-15-18.13.17/TestRepoUser/Alice
Jan 15, 2015 6:13:24 PM org.ccnx.ccn.impl.security.keys.BasicKeyManager getKeyLocator
INFORMAÇÕES: getKeyLocator: returning locator NAME: /ccnx.org/Users/root/Keys/%C1.M.K=009234ADEC47D19E3E6A2AF362D44E09AB6B71F43B1900BA0622FB45F2A5B7D9F6/=FD054AE7DE1000 KEY:-reba89rgbj1o6ata34t5eovcl4kho5s9pnv8nstq15q1ld4g9ga for key kjSt7EfRnj5qKvNi1E4Jq2tx9DsZALoGIvtF8qW32fY=
Jan 15, 2015 6:13:24 PM org.ccnx.ccn.io.CCNAbstractOutputStream <init>
INFORMAÇÕES: CCNAbstractOutputStream: /ccnx.org/test/RepoIOTest-15-01-15-18.13.17/TestRepoUser/Alice/=FD054B82D74712 blocksize is 4096
Jan 15, 2015 6:13:24 PM org.ccnx.ccn.io.CCNAbstractOutputStream startWrite
INFORMAÇÕES: CCNAbstractOutputStream: startWrite -- searching for keys.
Jan 15, 2015 6:13:24 PM org.ccnx.ccn.profiles.security.access.AccessControlManager keysForOutput
INFORMAÇÕES: keysForOutput: found an acm: (null)
Jan 15, 2015 6:13:24 PM org.ccnx.ccn.io.CCNOutputStream flushToNetwork
INFORMAÇÕES: flush: outputting to the segmenter, baseName /ccnx.org/test/RepoIOTest-15-01-15-18.13.17/TestRepoUser/Alice/=FD054B82D74712 basenameindex =00; 1672 bytes written, holding back 1672 flushing final blocks? false.
Jan 15, 2015 6:13:24 PM org.ccnx.ccn.io.CCNOutputStream flushToNetwork
INFORMAÇÕES: HEADER: CCNOutputStream: flushToNetwork: new _baseNameIndex 0
Jan 15, 2015 6:13:24 PM org.ccnx.ccn.io.CCNOutputStream flushToNetwork
INFORMAÇÕES: flush: outputting to the segmenter, baseName /ccnx.org/test/RepoIOTest-15-01-15-18.13.17/TestRepoUser/Alice/=FD054B82D74712 basenameindex =00; 1672 bytes written, holding back 0 flushing final blocks? true.
Jan 15, 2015 6:13:24 PM org.ccnx.ccn.io.CCNOutputStream flushToNetwork
INFORMAÇÕES: HEADER: CCNOutputStream: flushToNetwork: new _baseNameIndex 1
Jan 15, 2015 6:13:24 PM org.ccnx.ccn.utils.Flosser processContent
INFORMAÇÕES: Flosser got: /ccnx.org/test/RepoIOTest-15-01-15-18.13.17/TestRepoUser/Alice/=FD054B82D74712/=00/a%AEq%0C4=FB140D6A8AD70144C508AE02599568E6E1BBE1354F927409E092DF
Jan 15, 2015 6:13:24 PM org.ccnx.ccn.io.CCNOutputStream close
INFORMAÇÕES: CCNOutputStream close: /ccnx.org/test/RepoIOTest-15-01-15-18.13.17/TestRepoUser/Alice/=FD054B82D74712
Jan 15, 2015 6:13:24 PM org.ccnx.ccn.utils.Flosser handleContent
INFORMAÇÕES: Adding new namespace: /ccnx.org/test/RepoIOTest-15-01-15-18.13.17/TestRepoUser/Alice/=FD054B82D74712
Jan 15, 2015 6:13:24 PM org.ccnx.ccn.impl.security.keys.BasicKeyManager loadValuesFromKeystore
INFORMAÇÕES: Loading key store ccnx:/ccnx.org/test/RepoIOTest-15-01-15-18.13.17/TestRepoUser/Alice version 2015-01-15 18:13:24.441894531 version component =FD054B82D74712 millis 1421356404441
Jan 15, 2015 6:13:24 PM org.ccnx.ccn.utils.Flosser handleNamespace
INFORMAÇÕES: FLOSSER: handling child namespace: /ccnx.org/test/RepoIOTest-15-01-15-18.13.17/TestRepoUser/Alice/=FD054B82D74712 expected parent: /ccnx.org/test/RepoIOTest-15-01-15-18.13.17/TestRepoUser/Alice
Jan 15, 2015 6:13:24 PM org.ccnx.ccn.utils.Flosser handleNamespace
INFORMAÇÕES: FLOSSER: Adding subnamespace: /ccnx.org/test/RepoIOTest-15-01-15-18.13.17/TestRepoUser/Alice/=FD054B82D74712 to ancestor /ccnx.org/test/RepoIOTest-15-01-15-18.13.17/TestRepoUser/Alice
Jan 15, 2015 6:13:24 PM org.ccnx.ccn.utils.Flosser processContent
INFORMAÇÕES: Flosser got: /ccnx.org/test/RepoIOTest-15-01-15-18.13.17/TestRepoUser/Alice/=FD054B82D74712/=00/a%AEq%0C4=FB140D6A8AD70144C508AE02599568E6E1BBE1354F927409E092DF
Jan 15, 2015 6:13:24 PM org.ccnx.ccn.impl.security.keys.BasicKeyManager loadValuesFromKeystore
INFORMAÇÕES: Default key ID for user Alice: FvhSwAjlFyeCYxoM2LvmSlwK3X4sPmC7Aw0jjFC5pc0=
Jan 15, 2015 6:13:24 PM org.ccnx.ccn.impl.security.keys.SecureKeyCache loadKeyStore
INFORMAÇÕES: KeyCache: loading signing key FvhSwAjlFyeCYxoM2LvmSlwK3X4sPmC7Aw0jjFC5pc0=, remembering public key in public key cache.
Jan 15, 2015 6:13:24 PM org.ccnx.ccn.impl.security.keys.SecureKeyCache addMySigningKey
INFORMAÇÕES: SecureKeyCache: adding my private key 16f852c008e5172782631a0cd8bbe64a5c0add7e2c3e60bb030d238c50b9a5cd
Jan 15, 2015 6:13:24 PM org.ccnx.ccn.impl.security.keys.BasicKeyManager loadValuesFromConfiguration
INFORMAÇÕES: Not loading key manager configuration data in response to user configuration variable.
Jan 15, 2015 6:13:24 PM org.ccnx.ccn.impl.security.keys.PublicKeyCache getPublicKey
INFORMAÇÕES: Repository looking up a key that is contained in the locator...
Jan 15, 2015 6:13:24 PM org.ccnx.ccn.impl.CCNFlowControl addNameSpace
INFORMAÇÕES: Flow controller addNameSpace: added namespace: /ccnx.org/Users/Alice/Keys/%C1.M.K=0016F852C008E5172782631A0CD8BBE64A5C0ADD7E2C3E60BB030D238C50B9A5CD/=FD054B82D74712
Jan 15, 2015 6:13:24 PM org.ccnx.ccn.impl.security.keys.BasicKeyManager getKeyLocator
INFORMAÇÕES: getKeyLocator: returning locator KEY: FvhSwAjlFyeCYxoM2LvmSlwK3X4sPmC7Aw0jjFC5pc0= for key FvhSwAjlFyeCYxoM2LvmSlwK3X4sPmC7Aw0jjFC5pc0=
Jan 15, 2015 6:13:24 PM org.ccnx.ccn.KeyManager publishKey
INFORMAÇÕES: publishKey: key not previously published, making new key object /ccnx.org/Users/Alice/Keys/%C1.M.K=0016F852C008E5172782631A0CD8BBE64A5C0ADD7E2C3E60BB030D238C50B9A5CD with version 2015-01-15 18:13:24.441894531 displayed as =FD054B82D74712
Jan 15, 2015 6:13:24 PM org.ccnx.ccn.io.CCNAbstractOutputStream <init>
INFORMAÇÕES: CCNAbstractOutputStream: /ccnx.org/Users/Alice/Keys/%C1.M.K=0016F852C008E5172782631A0CD8BBE64A5C0ADD7E2C3E60BB030D238C50B9A5CD/=FD054B82D74712 blocksize is 4096
Jan 15, 2015 6:13:24 PM org.ccnx.ccn.io.CCNAbstractOutputStream startWrite
INFORMAÇÕES: CCNAbstractOutputStream: startWrite -- searching for keys.
Jan 15, 2015 6:13:24 PM org.ccnx.ccn.profiles.security.access.AccessControlManager keysForOutput
INFORMAÇÕES: keysForOutput: found an acm: (null)
Jan 15, 2015 6:13:24 PM org.ccnx.ccn.io.CCNOutputStream flushToNetwork
INFORMAÇÕES: flush: outputting to the segmenter, baseName /ccnx.org/Users/Alice/Keys/%C1.M.K=0016F852C008E5172782631A0CD8BBE64A5C0ADD7E2C3E60BB030D238C50B9A5CD/=FD054B82D74712 basenameindex =00; 162 bytes written, holding back 162 flushing final blocks? false.
Jan 15, 2015 6:13:24 PM org.ccnx.ccn.io.CCNOutputStream flushToNetwork
INFORMAÇÕES: HEADER: CCNOutputStream: flushToNetwork: new _baseNameIndex 0
Jan 15, 2015 6:13:24 PM org.ccnx.ccn.io.CCNOutputStream flushToNetwork
INFORMAÇÕES: flush: outputting to the segmenter, baseName /ccnx.org/Users/Alice/Keys/%C1.M.K=0016F852C008E5172782631A0CD8BBE64A5C0ADD7E2C3E60BB030D238C50B9A5CD/=FD054B82D74712 basenameindex =00; 162 bytes written, holding back 0 flushing final blocks? true.
Jan 15, 2015 6:13:24 PM org.ccnx.ccn.io.CCNOutputStream flushToNetwork
INFORMAÇÕES: HEADER: CCNOutputStream: flushToNetwork: new _baseNameIndex 1
Jan 15, 2015 6:13:24 PM org.ccnx.ccn.io.CCNOutputStream close
INFORMAÇÕES: CCNOutputStream close: /ccnx.org/Users/Alice/Keys/%C1.M.K=0016F852C008E5172782631A0CD8BBE64A5C0ADD7E2C3E60BB030D238C50B9A5CD/=FD054B82D74712
Jan 15, 2015 6:13:24 PM org.ccnx.ccn.KeyManager publishKey
INFORMAÇÕES: Published key RSA Public Key
            modulus: a14265bb10d4e7b3317ce1cf6505595638c4818054a0d506d1fec93f835be1232d1e691f2ad6a1e8b7509e976ebb9b8d92459001e7d2a831d2281d8bdc43599eca10b967b63312c308e0715383a91c475cd81f6fc49b56d3265e00ec6567d3878bd06678374dccecd0bac7167de52cd69a5da9d7215eb42fff40feda3c2f55e3
    public exponent: 10001
 to name /ccnx.org/Users/Alice/Keys/%C1.M.K=0016F852C008E5172782631A0CD8BBE64A5C0ADD7E2C3E60BB030D238C50B9A5CD/=FD054B82D74712 with key locator NAME: /ccnx.org/Users/Alice/Keys/%C1.M.K=0016F852C008E5172782631A0CD8BBE64A5C0ADD7E2C3E60BB030D238C50B9A5CD/=FD054B82D74712 KEY:5noab00hp8n4u1666gcr2tuciis1bensb1uc2tg6393hh8bj9ed; ephemeral digest %1AV=5DC41360558844876E4F258E62518D2EC0CFB58E3CF65F496AA4B34780C8.
Jan 15, 2015 6:13:24 PM org.ccnx.ccn.impl.security.keys.BasicKeyManager publishKey
INFORMAÇÕES: publishKey: published key FvhSwAjlFyeCYxoM2LvmSlwK3X4sPmC7Aw0jjFC5pc0=
 under specified key name /ccnx.org/Users/Alice/Keys/%C1.M.K=0016F852C008E5172782631A0CD8BBE64A5C0ADD7E2C3E60BB030D238C50B9A5CD/=FD054B82D74712
 key locator: NAME: /ccnx.org/Users/Alice/Keys/%C1.M.K=0016F852C008E5172782631A0CD8BBE64A5C0ADD7E2C3E60BB030D238C50B9A5CD/=FD054B82D74712 KEY:5noab00hp8n4u1666gcr2tuciis1bensb1uc2tg6393hh8bj9ed
Jan 15, 2015 6:13:24 PM org.ccnx.ccn.impl.security.keys.BasicKeyManager publishKey
INFORMAÇÕES: publishKey: storing key locator FvhSwAjlFyeCYxoM2LvmSlwK3X4sPmC7Aw0jjFC5pc0= for key NAME: /ccnx.org/Users/Alice/Keys/%C1.M.K=0016F852C008E5172782631A0CD8BBE64A5C0ADD7E2C3E60BB030D238C50B9A5CD/=FD054B82D74712 KEY:5noab00hp8n4u1666gcr2tuciis1bensb1uc2tg6393hh8bj9ed
Jan 15, 2015 6:13:24 PM org.ccnx.ccn.utils.CreateUserData <init>
INFORMAÇÕES: Loading user: Bob from /ccnx.org/test/RepoIOTest-15-01-15-18.13.17/TestRepoUser/Bob
Jan 15, 2015 6:13:24 PM org.ccnx.ccn.impl.CCNNetworkManager <init>
ADVERTÊNCIA: NetworkManager 6: Non-standard CCN agent port 63000 per property ccn.agent.port
Jan 15, 2015 6:13:24 PM org.ccnx.ccn.impl.CCNNetworkManager <init>
INFORMAÇÕES: NetworkManager 6: Contacting CCN agent at localhost:63000
Jan 15, 2015 6:13:24 PM org.ccnx.ccn.impl.CCNNetworkChannel <init>
INFORMAÇÕES: NetworkChannel 6: Starting up CCNNetworkChannel using TCP.
Jan 15, 2015 6:13:24 PM org.ccnx.ccn.impl.CCNNetworkChannel open
INFORMAÇÕES: NetworkChannel 6: open()
Jan 15, 2015 6:13:24 PM org.ccnx.ccn.impl.CCNNetworkChannel open
INFORMAÇÕES: NetworkChannel 6: Contacting CCN agent at localhost:63000 on local port 40207
Jan 15, 2015 6:13:24 PM org.ccnx.ccn.CCNHandle <init>
INFORMAÇÕES: CCNHandle 6: Handle is now open
Jan 15, 2015 6:13:24 PM org.ccnx.ccn.impl.CCNNetworkManager run
INFORMAÇÕES: NetworkManager 6: CCNNetworkManager processing thread started for port: 63000
Jan 15, 2015 6:13:28 PM org.ccnx.ccn.impl.CCNFlowControl removeUnmatchedInterests
INFORMAÇÕES: Removing unmatched interest /ccnx.org/test/RepoIOTest-15-01-15-18.13.17/TestRepoUser/Alice/=FD054B82D74712
Jan 15, 2015 6:13:28 PM org.ccnx.ccn.impl.CCNFlowControl removeUnmatchedInterests
INFORMAÇÕES: Removing unmatched interest /ccnx.org/test/RepoIOTest-15-01-15-18.13.17/TestRepoUser/Alice
Jan 15, 2015 6:13:28 PM org.ccnx.ccn.impl.CCNFlowControl removeUnmatchedInterests
INFORMAÇÕES: Removing unmatched interest /ccnx.org/test/RepoIOTest-15-01-15-18.13.17/TestRepoUser/Alice
Jan 15, 2015 6:13:30 PM org.ccnx.ccn.profiles.VersioningProfile getLatestVersion
INFORMAÇÕES: getFirstBlockOfLatestVersion: no block available for later version of /ccnx.org/test/RepoIOTest-15-01-15-18.13.17/TestRepoUser/Bob
Jan 15, 2015 6:13:30 PM org.ccnx.ccn.impl.security.keys.NetworkKeyManager loadKeyStore
INFORMAÇÕES: Creating new CCN key store.../ccnx.org/test/RepoIOTest-15-01-15-18.13.17/TestRepoUser/Bob
Jan 15, 2015 6:13:30 PM org.ccnx.ccn.impl.CCNFlowControl <init>
INFORMAÇÕES: adding namespace: /ccnx.org/test/RepoIOTest-15-01-15-18.13.17/TestRepoUser/Bob
Jan 15, 2015 6:13:30 PM org.ccnx.ccn.impl.security.keys.BasicKeyManager getKeyLocator
INFORMAÇÕES: getKeyLocator: returning locator NAME: /ccnx.org/Users/root/Keys/%C1.M.K=009234ADEC47D19E3E6A2AF362D44E09AB6B71F43B1900BA0622FB45F2A5B7D9F6/=FD054AE7DE1000 KEY:-reba89rgbj1o6ata34t5eovcl4kho5s9pnv8nstq15q1ld4g9ga for key kjSt7EfRnj5qKvNi1E4Jq2tx9DsZALoGIvtF8qW32fY=
Jan 15, 2015 6:13:30 PM org.ccnx.ccn.io.CCNAbstractOutputStream <init>
INFORMAÇÕES: CCNAbstractOutputStream: /ccnx.org/test/RepoIOTest-15-01-15-18.13.17/TestRepoUser/Bob/=FD054B82D7AB75 blocksize is 4096
Jan 15, 2015 6:13:30 PM org.ccnx.ccn.io.CCNAbstractOutputStream startWrite
INFORMAÇÕES: CCNAbstractOutputStream: startWrite -- searching for keys.
Jan 15, 2015 6:13:30 PM org.ccnx.ccn.profiles.security.access.AccessControlManager keysForOutput
INFORMAÇÕES: keysForOutput: found an acm: (null)
Jan 15, 2015 6:13:30 PM org.ccnx.ccn.io.CCNOutputStream flushToNetwork
INFORMAÇÕES: flush: outputting to the segmenter, baseName /ccnx.org/test/RepoIOTest-15-01-15-18.13.17/TestRepoUser/Bob/=FD054B82D7AB75 basenameindex =00; 1672 bytes written, holding back 1672 flushing final blocks? false.
Jan 15, 2015 6:13:30 PM org.ccnx.ccn.io.CCNOutputStream flushToNetwork
INFORMAÇÕES: HEADER: CCNOutputStream: flushToNetwork: new _baseNameIndex 0
Jan 15, 2015 6:13:30 PM org.ccnx.ccn.io.CCNOutputStream flushToNetwork
INFORMAÇÕES: flush: outputting to the segmenter, baseName /ccnx.org/test/RepoIOTest-15-01-15-18.13.17/TestRepoUser/Bob/=FD054B82D7AB75 basenameindex =00; 1672 bytes written, holding back 0 flushing final blocks? true.
Jan 15, 2015 6:13:30 PM org.ccnx.ccn.io.CCNOutputStream flushToNetwork
INFORMAÇÕES: HEADER: CCNOutputStream: flushToNetwork: new _baseNameIndex 1
Jan 15, 2015 6:13:30 PM org.ccnx.ccn.utils.Flosser processContent
INFORMAÇÕES: Flosser got: /ccnx.org/test/RepoIOTest-15-01-15-18.13.17/TestRepoUser/Bob/=FD054B82D7AB75/=00/=839CD04AD58D67E6B218572332AECD1E84A50CCB0A72C46B249C8A658A2B4772
Jan 15, 2015 6:13:30 PM org.ccnx.ccn.io.CCNOutputStream close
INFORMAÇÕES: CCNOutputStream close: /ccnx.org/test/RepoIOTest-15-01-15-18.13.17/TestRepoUser/Bob/=FD054B82D7AB75
Jan 15, 2015 6:13:30 PM org.ccnx.ccn.utils.Flosser handleContent
INFORMAÇÕES: Adding new namespace: /ccnx.org/test/RepoIOTest-15-01-15-18.13.17/TestRepoUser/Bob/=FD054B82D7AB75
Jan 15, 2015 6:13:30 PM org.ccnx.ccn.impl.security.keys.BasicKeyManager loadValuesFromKeystore
INFORMAÇÕES: Loading key store ccnx:/ccnx.org/test/RepoIOTest-15-01-15-18.13.17/TestRepoUser/Bob version 2015-01-15 18:13:30.716064453 version component =FD054B82D7AB75 millis 1421356410716
Jan 15, 2015 6:13:30 PM org.ccnx.ccn.utils.Flosser handleNamespace
INFORMAÇÕES: FLOSSER: handling child namespace: /ccnx.org/test/RepoIOTest-15-01-15-18.13.17/TestRepoUser/Bob/=FD054B82D7AB75 expected parent: /ccnx.org/test/RepoIOTest-15-01-15-18.13.17/TestRepoUser/Bob
Jan 15, 2015 6:13:30 PM org.ccnx.ccn.utils.Flosser handleNamespace
INFORMAÇÕES: FLOSSER: Adding subnamespace: /ccnx.org/test/RepoIOTest-15-01-15-18.13.17/TestRepoUser/Bob/=FD054B82D7AB75 to ancestor /ccnx.org/test/RepoIOTest-15-01-15-18.13.17/TestRepoUser/Bob
Jan 15, 2015 6:13:30 PM org.ccnx.ccn.utils.Flosser processContent
INFORMAÇÕES: Flosser got: /ccnx.org/test/RepoIOTest-15-01-15-18.13.17/TestRepoUser/Bob/=FD054B82D7AB75/=00/=839CD04AD58D67E6B218572332AECD1E84A50CCB0A72C46B249C8A658A2B4772
Jan 15, 2015 6:13:30 PM org.ccnx.ccn.impl.security.keys.BasicKeyManager loadValuesFromKeystore
INFORMAÇÕES: Default key ID for user Bob: qsIOOr6majvW/HWo+O5m0fgXHQGVeU88qC+K1wWV2kA=
Jan 15, 2015 6:13:30 PM org.ccnx.ccn.impl.security.keys.SecureKeyCache loadKeyStore
INFORMAÇÕES: KeyCache: loading signing key qsIOOr6majvW/HWo+O5m0fgXHQGVeU88qC+K1wWV2kA=, remembering public key in public key cache.
Jan 15, 2015 6:13:30 PM org.ccnx.ccn.impl.security.keys.SecureKeyCache addMySigningKey
INFORMAÇÕES: SecureKeyCache: adding my private key aac20e3abea66a3bd6fc75a8f8ee66d1f8171d0195794f3ca82f8ad70595da40
Jan 15, 2015 6:13:30 PM org.ccnx.ccn.impl.security.keys.BasicKeyManager loadValuesFromConfiguration
INFORMAÇÕES: Not loading key manager configuration data in response to user configuration variable.
Jan 15, 2015 6:13:30 PM org.ccnx.ccn.impl.security.keys.PublicKeyCache getPublicKey
INFORMAÇÕES: Repository looking up a key that is contained in the locator...
Jan 15, 2015 6:13:30 PM org.ccnx.ccn.impl.CCNFlowControl addNameSpace
INFORMAÇÕES: Flow controller addNameSpace: added namespace: /ccnx.org/Users/Bob/Keys/%C1.M.K=00AAC20E3ABEA66A3BD6FC75A8F8EE66D1F8171D0195794F3CA82F8AD70595DA40/=FD054B82D7AB75
Jan 15, 2015 6:13:30 PM org.ccnx.ccn.impl.security.keys.BasicKeyManager getKeyLocator
INFORMAÇÕES: getKeyLocator: returning locator KEY: qsIOOr6majvW/HWo+O5m0fgXHQGVeU88qC+K1wWV2kA= for key qsIOOr6majvW/HWo+O5m0fgXHQGVeU88qC+K1wWV2kA=
Jan 15, 2015 6:13:30 PM org.ccnx.ccn.KeyManager publishKey
INFORMAÇÕES: publishKey: key not previously published, making new key object /ccnx.org/Users/Bob/Keys/%C1.M.K=00AAC20E3ABEA66A3BD6FC75A8F8EE66D1F8171D0195794F3CA82F8AD70595DA40 with version 2015-01-15 18:13:30.716064453 displayed as =FD054B82D7AB75
Jan 15, 2015 6:13:30 PM org.ccnx.ccn.io.CCNAbstractOutputStream <init>
INFORMAÇÕES: CCNAbstractOutputStream: /ccnx.org/Users/Bob/Keys/%C1.M.K=00AAC20E3ABEA66A3BD6FC75A8F8EE66D1F8171D0195794F3CA82F8AD70595DA40/=FD054B82D7AB75 blocksize is 4096
Jan 15, 2015 6:13:30 PM org.ccnx.ccn.io.CCNAbstractOutputStream startWrite
INFORMAÇÕES: CCNAbstractOutputStream: startWrite -- searching for keys.
Jan 15, 2015 6:13:30 PM org.ccnx.ccn.profiles.security.access.AccessControlManager keysForOutput
INFORMAÇÕES: keysForOutput: found an acm: (null)
Jan 15, 2015 6:13:30 PM org.ccnx.ccn.io.CCNOutputStream flushToNetwork
INFORMAÇÕES: flush: outputting to the segmenter, baseName /ccnx.org/Users/Bob/Keys/%C1.M.K=00AAC20E3ABEA66A3BD6FC75A8F8EE66D1F8171D0195794F3CA82F8AD70595DA40/=FD054B82D7AB75 basenameindex =00; 162 bytes written, holding back 162 flushing final blocks? false.
Jan 15, 2015 6:13:30 PM org.ccnx.ccn.io.CCNOutputStream flushToNetwork
INFORMAÇÕES: HEADER: CCNOutputStream: flushToNetwork: new _baseNameIndex 0
Jan 15, 2015 6:13:30 PM org.ccnx.ccn.io.CCNOutputStream flushToNetwork
INFORMAÇÕES: flush: outputting to the segmenter, baseName /ccnx.org/Users/Bob/Keys/%C1.M.K=00AAC20E3ABEA66A3BD6FC75A8F8EE66D1F8171D0195794F3CA82F8AD70595DA40/=FD054B82D7AB75 basenameindex =00; 162 bytes written, holding back 0 flushing final blocks? true.
Jan 15, 2015 6:13:30 PM org.ccnx.ccn.io.CCNOutputStream flushToNetwork
INFORMAÇÕES: HEADER: CCNOutputStream: flushToNetwork: new _baseNameIndex 1
Jan 15, 2015 6:13:30 PM org.ccnx.ccn.io.CCNOutputStream close
INFORMAÇÕES: CCNOutputStream close: /ccnx.org/Users/Bob/Keys/%C1.M.K=00AAC20E3ABEA66A3BD6FC75A8F8EE66D1F8171D0195794F3CA82F8AD70595DA40/=FD054B82D7AB75
Jan 15, 2015 6:13:30 PM org.ccnx.ccn.KeyManager publishKey
INFORMAÇÕES: Published key RSA Public Key
            modulus: 9bb2edd277baf08a4128a9ef0549c5291baccffcd54559f4555fefe05d09bf202d378fa49facde9365168a74c8f131fe49e90bbea9d9c30d283949292e2abfc48d2d63de31e4b0be02fc7792f696181fa208cd891a7d25defb39d67573b5b3b224e840cc2071a348f0b6961dd98312bfb7fbe0b71e0fb2e28f1974a33df3d649
    public exponent: 10001
 to name /ccnx.org/Users/Bob/Keys/%C1.M.K=00AAC20E3ABEA66A3BD6FC75A8F8EE66D1F8171D0195794F3CA82F8AD70595DA40/=FD054B82D7AB75 with key locator NAME: /ccnx.org/Users/Bob/Keys/%C1.M.K=00AAC20E3ABEA66A3BD6FC75A8F8EE66D1F8171D0195794F3CA82F8AD70595DA40/=FD054B82D7AB75 KEY:-l9tu72k2mclogkg72in0s8pibg7t3hfsqk6m31lfk3l53t6k9e0; ephemeral digest =8140AEB1BB1A370AC37698F9B76F996CFF2E45903A479657A245F14F962B397E.
Jan 15, 2015 6:13:30 PM org.ccnx.ccn.impl.security.keys.BasicKeyManager publishKey
INFORMAÇÕES: publishKey: published key qsIOOr6majvW/HWo+O5m0fgXHQGVeU88qC+K1wWV2kA=
 under specified key name /ccnx.org/Users/Bob/Keys/%C1.M.K=00AAC20E3ABEA66A3BD6FC75A8F8EE66D1F8171D0195794F3CA82F8AD70595DA40/=FD054B82D7AB75
 key locator: NAME: /ccnx.org/Users/Bob/Keys/%C1.M.K=00AAC20E3ABEA66A3BD6FC75A8F8EE66D1F8171D0195794F3CA82F8AD70595DA40/=FD054B82D7AB75 KEY:-l9tu72k2mclogkg72in0s8pibg7t3hfsqk6m31lfk3l53t6k9e0
Jan 15, 2015 6:13:30 PM org.ccnx.ccn.impl.security.keys.BasicKeyManager publishKey
INFORMAÇÕES: publishKey: storing key locator qsIOOr6majvW/HWo+O5m0fgXHQGVeU88qC+K1wWV2kA= for key NAME: /ccnx.org/Users/Bob/Keys/%C1.M.K=00AAC20E3ABEA66A3BD6FC75A8F8EE66D1F8171D0195794F3CA82F8AD70595DA40/=FD054B82D7AB75 KEY:-l9tu72k2mclogkg72in0s8pibg7t3hfsqk6m31lfk3l53t6k9e0
Jan 15, 2015 6:13:30 PM org.ccnx.ccn.utils.Flosser handleNamespace
INFORMAÇÕES: FLOSSER: handling namespace: /ccnx.org/test/RepoIOTest-15-01-15-18.13.17/testRepoIO/stream-nr-1545
Jan 15, 2015 6:13:30 PM org.ccnx.ccn.utils.Flosser handleNamespace
INFORMAÇÕES: FLOSSER: setup parent namespace: /ccnx.org/test/RepoIOTest-15-01-15-18.13.17/testRepoIO/stream-nr-1545
Jan 15, 2015 6:13:30 PM org.ccnx.ccn.impl.CCNFlowControl <init>
INFORMAÇÕES: adding namespace: /ccnx.org/test/RepoIOTest-15-01-15-18.13.17/testRepoIO/stream-nr-1545
Jan 15, 2015 6:13:30 PM org.ccnx.ccn.impl.security.keys.BasicKeyManager getKeyLocator
INFORMAÇÕES: getKeyLocator: returning locator NAME: /ccnx.org/Users/Alice/Keys/%C1.M.K=0016F852C008E5172782631A0CD8BBE64A5C0ADD7E2C3E60BB030D238C50B9A5CD/=FD054B82D74712 KEY:5noab00hp8n4u1666gcr2tuciis1bensb1uc2tg6393hh8bj9ed for key FvhSwAjlFyeCYxoM2LvmSlwK3X4sPmC7Aw0jjFC5pc0=
Jan 15, 2015 6:13:30 PM org.ccnx.ccn.io.CCNAbstractOutputStream <init>
INFORMAÇÕES: CCNAbstractOutputStream: /ccnx.org/test/RepoIOTest-15-01-15-18.13.17/testRepoIO/stream-nr-1545 blocksize is 4096
Jan 15, 2015 6:13:30 PM org.ccnx.ccn.io.CCNAbstractOutputStream startWrite
INFORMAÇÕES: CCNAbstractOutputStream: startWrite -- searching for keys.
Jan 15, 2015 6:13:30 PM org.ccnx.ccn.profiles.security.access.AccessControlManager keysForOutput
INFORMAÇÕES: keysForOutput: found an acm: (null)
Jan 15, 2015 6:13:30 PM org.ccnx.ccn.io.CCNOutputStream writeToNetwork
INFORMAÇÕES: Adding namespace in writeToNetwork. Namespace: /ccnx.org/test/RepoIOTest-15-01-15-18.13.17/testRepoIO/stream-nr-1545
Jan 15, 2015 6:13:30 PM org.ccnx.ccn.impl.CCNFlowControl addNameSpace
INFORMAÇÕES: addNameSpace: not adding name: /ccnx.org/test/RepoIOTest-15-01-15-18.13.17/testRepoIO/stream-nr-1545 already monitoring prefix: /ccnx.org/test/RepoIOTest-15-01-15-18.13.17/testRepoIO/stream-nr-1545
Jan 15, 2015 6:13:30 PM org.ccnx.ccn.io.CCNOutputStream flushToNetwork
INFORMAÇÕES: flush: outputting to the segmenter, baseName /ccnx.org/test/RepoIOTest-15-01-15-18.13.17/testRepoIO/stream-nr-1545 basenameindex =0028; 0 bytes written, holding back 0 flushing final blocks? true.
Jan 15, 2015 6:13:30 PM org.ccnx.ccn.impl.CCNSegmenter outputCurrentBlocks
INFORMAÇÕES: flush: putting merkle tree to the network, name starts with /ccnx.org/test/RepoIOTest-15-01-15-18.13.17/testRepoIO/stream-nr-1545/=00; 41 blocks
Jan 15, 2015 6:13:30 PM org.ccnx.ccn.impl.security.crypto.CCNMerkleTreeSigner signBlocks
INFORMAÇÕES: Signed tree of 41 leaves, 81 nodes.
Jan 15, 2015 6:13:30 PM org.ccnx.ccn.utils.Flosser processContent
INFORMAÇÕES: Flosser got: /ccnx.org/test/RepoIOTest-15-01-15-18.13.17/testRepoIO/stream-nr-1545/=00/=E9C8CE5EBE6404D1E51EDE2EF892717563E451CDB1B248D116CF1FC22A5B09C0
Jan 15, 2015 6:13:30 PM org.ccnx.ccn.io.CCNOutputStream flushToNetwork
INFORMAÇÕES: HEADER: CCNOutputStream: flushToNetwork: new _baseNameIndex 41
Jan 15, 2015 6:13:30 PM org.ccnx.ccn.utils.Flosser processContent
INFORMAÇÕES: Flosser got: /ccnx.org/test/RepoIOTest-15-01-15-18.13.17/testRepoIO/stream-nr-1545/=0001/8v=7D0A59322594821591E850F8B1DCD3ED7E31C85D569059E1D0BC2350BE5E
Jan 15, 2015 6:13:30 PM org.ccnx.ccn.utils.Flosser processContent
INFORMAÇÕES: Flosser got: /ccnx.org/test/RepoIOTest-15-01-15-18.13.17/testRepoIO/stream-nr-1545/=0002/=D6CB622AEDA07BB1AE4445DB182C89095E8A8F5A996BC1E3038D7284CA673BCC
Jan 15, 2015 6:13:30 PM org.ccnx.ccn.utils.Flosser processContent
INFORMAÇÕES: Flosser got: /ccnx.org/test/RepoIOTest-15-01-15-18.13.17/testRepoIO/stream-nr-1545/=0003/=3CDA3C67AEF3291701E4BEBB6F75EEDAD86FF07FE02F6ACA5B3F2359D6AB7AF1
Jan 15, 2015 6:13:30 PM org.ccnx.ccn.utils.Flosser processContent
INFORMAÇÕES: Flosser got: /ccnx.org/test/RepoIOTest-15-01-15-18.13.17/testRepoIO/stream-nr-1545/=0004/Rp0=18AE3218BC53971DC7F1F3550DF0643FC539C0BF3F54B302E46B2010EF
Jan 15, 2015 6:13:30 PM org.ccnx.ccn.utils.Flosser processContent
INFORMAÇÕES: Flosser got: /ccnx.org/test/RepoIOTest-15-01-15-18.13.17/testRepoIO/stream-nr-1545/=0005/F=22E0FA479DCF74EE13F684855F0F245852E2DE956F6B900DA249A12939BD33
Jan 15, 2015 6:13:30 PM org.ccnx.ccn.utils.Flosser processContent
INFORMAÇÕES: Flosser got: /ccnx.org/test/RepoIOTest-15-01-15-18.13.17/testRepoIO/stream-nr-1545/=0006/Pn=C8F74F0EECA0D70D229D55A5E729AAD1C88A7AA31145615CD2F75E3D3E58
Jan 15, 2015 6:13:30 PM org.ccnx.ccn.utils.Flosser processContent
INFORMAÇÕES: Flosser got: /ccnx.org/test/RepoIOTest-15-01-15-18.13.17/testRepoIO/stream-nr-1545/=0007/%87o=B7D912CB8F7DF5B05DEE4441D8FE622CEA58E57A57C9C286CD4E5FC8AFA0
Jan 15, 2015 6:13:30 PM org.ccnx.ccn.utils.Flosser processContent
INFORMAÇÕES: Flosser got: /ccnx.org/test/RepoIOTest-15-01-15-18.13.17/testRepoIO/stream-nr-1545/=0008/.-=7C802DBF4BCBF3492796EC81629964B271BAE524D665EAF65F10EEA0AD72
Jan 15, 2015 6:13:30 PM org.ccnx.ccn.utils.Flosser processContent
INFORMAÇÕES: Flosser got: /ccnx.org/test/RepoIOTest-15-01-15-18.13.17/testRepoIO/stream-nr-1545/=0009/=13F6D0BF086E4C3F9142D79BD417893B0B0EB43DA4C9E1BC9BB19DB62524ABEE
Jan 15, 2015 6:13:30 PM org.ccnx.ccn.utils.Flosser processContent
INFORMAÇÕES: Flosser got: /ccnx.org/test/RepoIOTest-15-01-15-18.13.17/testRepoIO/stream-nr-1545/=000A/H=3E84738BF190327904D5FEBCF0E28A9AC577CC12771A3781103F167F1FC39C
Jan 15, 2015 6:13:30 PM org.ccnx.ccn.utils.Flosser processContent
INFORMAÇÕES: Flosser got: /ccnx.org/test/RepoIOTest-15-01-15-18.13.17/testRepoIO/stream-nr-1545/=000B/=00CFC5AF26C6FAFFEE46E04A35DBE653CABD2E537F530B059789F45BD94262EA
Jan 15, 2015 6:13:30 PM org.ccnx.ccn.utils.Flosser processContent
INFORMAÇÕES: Flosser got: /ccnx.org/test/RepoIOTest-15-01-15-18.13.17/testRepoIO/stream-nr-1545/=000C/%EBL=81EAACBF875633E646E19E24E2C2821FB3F1556B40469EA0A23A8A4302A3
Jan 15, 2015 6:13:30 PM org.ccnx.ccn.utils.Flosser processContent
INFORMAÇÕES: Flosser got: /ccnx.org/test/RepoIOTest-15-01-15-18.13.17/testRepoIO/stream-nr-1545/=000D/=950EE2E39E325B89F6D35648FAEED029B828D4A56E2C4AC8B5E78299BA07FF81
Jan 15, 2015 6:13:30 PM org.ccnx.ccn.utils.Flosser processContent
INFORMAÇÕES: Flosser got: /ccnx.org/test/RepoIOTest-15-01-15-18.13.17/testRepoIO/stream-nr-1545/=000E/=C6AA9DBAB1D62E0509E189C2F327906E405F720C39C38A1DFCF0EF8BCBD2B8A1
Jan 15, 2015 6:13:30 PM org.ccnx.ccn.utils.Flosser processContent
INFORMAÇÕES: Flosser got: /ccnx.org/test/RepoIOTest-15-01-15-18.13.17/testRepoIO/stream-nr-1545/=000F/6%E9f=E5DD2CA9B04484EE3BA8EE212137A55644245B9226306C16B26FE9C130
Jan 15, 2015 6:13:30 PM org.ccnx.ccn.utils.Flosser processContent
INFORMAÇÕES: Flosser got: /ccnx.org/test/RepoIOTest-15-01-15-18.13.17/testRepoIO/stream-nr-1545/=0010/=098365B021DB6E65FA9BBD9C2789C67D6DD6B427187657365B3B38878292168E
Jan 15, 2015 6:13:30 PM org.ccnx.ccn.utils.Flosser processContent
INFORMAÇÕES: Flosser got: /ccnx.org/test/RepoIOTest-15-01-15-18.13.17/testRepoIO/stream-nr-1545/=0011/E=BD7F837C8FAD668572B8A114460B4ABE6C5B4694346CA2C457F44DD3C1839B
Jan 15, 2015 6:13:30 PM org.ccnx.ccn.utils.Flosser processContent
INFORMAÇÕES: Flosser got: /ccnx.org/test/RepoIOTest-15-01-15-18.13.17/testRepoIO/stream-nr-1545/=0012/=9D064A163761646B1D9F63FDE8F8A8E2F2ECB2030056AE6C0CDF71351535F286
Jan 15, 2015 6:13:30 PM org.ccnx.ccn.utils.Flosser processContent
INFORMAÇÕES: Flosser got: /ccnx.org/test/RepoIOTest-15-01-15-18.13.17/testRepoIO/stream-nr-1545/=0013/=D9ECECD14C291497611ADE8649C5E35CD1B8B76C0B4076236EDF65B477843319
Jan 15, 2015 6:13:30 PM org.ccnx.ccn.utils.Flosser processContent
INFORMAÇÕES: Flosser got: /ccnx.org/test/RepoIOTest-15-01-15-18.13.17/testRepoIO/stream-nr-1545/=0014/5%A2q=BF124F05339E2B0CED034BF12D1EF1F15E7DA95247646945A7119CC9D6
Jan 15, 2015 6:13:30 PM org.ccnx.ccn.utils.Flosser processContent
INFORMAÇÕES: Flosser got: /ccnx.org/test/RepoIOTest-15-01-15-18.13.17/testRepoIO/stream-nr-1545/=0015/%DCP%C4d%09_=137B46223CDECEDA66677030DA45245A9B85E2450EFBD0429D68
Jan 15, 2015 6:13:30 PM org.ccnx.ccn.utils.Flosser processContent
INFORMAÇÕES: Flosser got: /ccnx.org/test/RepoIOTest-15-01-15-18.13.17/testRepoIO/stream-nr-1545/=0016/%5B_=87C4B765568472B34C246D819BCAE3CFE8A0B8D14A36B7269D6C19E612F7
Jan 15, 2015 6:13:30 PM org.ccnx.ccn.utils.Flosser processContent
INFORMAÇÕES: Flosser got: /ccnx.org/test/RepoIOTest-15-01-15-18.13.17/testRepoIO/stream-nr-1545/=0017/=242B59303393CE6186907EAA4754527EBF5D386CAB010507003EC918D7A5C4D5
Jan 15, 2015 6:13:30 PM org.ccnx.ccn.utils.Flosser processContent
INFORMAÇÕES: Flosser got: /ccnx.org/test/RepoIOTest-15-01-15-18.13.17/testRepoIO/stream-nr-1545/=0018/=0BD3067755D53F51AC79D5806BFFDA83614CF3C422B3466DE0121D5477A910ED
Jan 15, 2015 6:13:30 PM org.ccnx.ccn.utils.Flosser processContent
INFORMAÇÕES: Flosser got: /ccnx.org/test/RepoIOTest-15-01-15-18.13.17/testRepoIO/stream-nr-1545/=0019/G%F1W=19819B06DDEB4F97C8959FFA11C0BF30F23BBC02B14CFDF15FB9C22EB6
Jan 15, 2015 6:13:30 PM org.ccnx.ccn.impl.encoding.BinaryXMLDecoder setElement
INFORMAÇÕES: Reset decode array sizes to 150
Jan 15, 2015 6:13:30 PM org.ccnx.ccn.utils.Flosser processContent
INFORMAÇÕES: Flosser got: /ccnx.org/test/RepoIOTest-15-01-15-18.13.17/testRepoIO/stream-nr-1545/=001A/=D1CD6122B426156BA52371588F0B841587C09B36CB7131E714A028D3E653746E
Jan 15, 2015 6:13:30 PM org.ccnx.ccn.utils.Flosser processContent
INFORMAÇÕES: Flosser got: /ccnx.org/test/RepoIOTest-15-01-15-18.13.17/testRepoIO/stream-nr-1545/=001B/=8CD74B784533A6B4F2E5BD8E043899ACC807252945F8B0A0E1E644177DEC33C5
Jan 15, 2015 6:13:30 PM org.ccnx.ccn.utils.Flosser processContent
INFORMAÇÕES: Flosser got: /ccnx.org/test/RepoIOTest-15-01-15-18.13.17/testRepoIO/stream-nr-1545/=001C/=E9EBB8C2E02CC4E111E4D625264980CE33F0FCAD2B53FECF3858E53F4CF5C216
Jan 15, 2015 6:13:30 PM org.ccnx.ccn.utils.Flosser processContent
INFORMAÇÕES: Flosser got: /ccnx.org/test/RepoIOTest-15-01-15-18.13.17/testRepoIO/stream-nr-1545/=001D/=7D9BF2336B8F1E541469072C2B246520DA4BF7E9B6242DDF06350BC88CC2B6F0
Jan 15, 2015 6:13:30 PM org.ccnx.ccn.utils.Flosser processContent
INFORMAÇÕES: Flosser got: /ccnx.org/test/RepoIOTest-15-01-15-18.13.17/testRepoIO/stream-nr-1545/=001E/6=1F9E2193428955E6BD0CBCF3A0450B0E37DD62D325FF960AE8C4943764DEAB
Jan 15, 2015 6:13:30 PM org.ccnx.ccn.utils.Flosser processContent
INFORMAÇÕES: Flosser got: /ccnx.org/test/RepoIOTest-15-01-15-18.13.17/testRepoIO/stream-nr-1545/=001F/%8BwL=A5978D8B4240B22AC5BC9759683D89D8240011D17698584B39D9E73863
Jan 15, 2015 6:13:30 PM org.ccnx.ccn.utils.Flosser processContent
INFORMAÇÕES: Flosser got: /ccnx.org/test/RepoIOTest-15-01-15-18.13.17/testRepoIO/stream-nr-1545/=0020/=02A28A1776B04522308A76AE2DBD46A70FDFFC90C289E9DF73A8BE7ED3D46A16
Jan 15, 2015 6:13:30 PM org.ccnx.ccn.utils.Flosser processContent
INFORMAÇÕES: Flosser got: /ccnx.org/test/RepoIOTest-15-01-15-18.13.17/testRepoIO/stream-nr-1545/=0021/=2ADAC09448D41EFDDEFC683EC935D33AE0A0B9EDAD8EA817972CCAB367951EFF
Jan 15, 2015 6:13:30 PM org.ccnx.ccn.utils.Flosser processContent
INFORMAÇÕES: Flosser got: /ccnx.org/test/RepoIOTest-15-01-15-18.13.17/testRepoIO/stream-nr-1545/=0022/%E71=FEC5F77890E3DF50402A2D1F01B31BECAD6EE30D3A279FA7872D9A98F044
Jan 15, 2015 6:13:30 PM org.ccnx.ccn.utils.Flosser processContent
INFORMAÇÕES: Flosser got: /ccnx.org/test/RepoIOTest-15-01-15-18.13.17/testRepoIO/stream-nr-1545/=0023/=2297B9946ECA5F6A4440D88812D67AD1D41393BCF1F10EA0524F8E8A44674F43
Jan 15, 2015 6:13:30 PM org.ccnx.ccn.utils.Flosser processContent
INFORMAÇÕES: Flosser got: /ccnx.org/test/RepoIOTest-15-01-15-18.13.17/testRepoIO/stream-nr-1545/=0024/l=0FBCBD7AFAE3F5938739B984B9D512133DA612D8ADB792AF743425977CD7DE
Jan 15, 2015 6:13:30 PM org.ccnx.ccn.utils.Flosser processContent
INFORMAÇÕES: Flosser got: /ccnx.org/test/RepoIOTest-15-01-15-18.13.17/testRepoIO/stream-nr-1545/=0025/2j=F1CE6F670FFD53391714AB3CD4BD3184697644E59A34DC233CBAD5F252A2
Jan 15, 2015 6:13:30 PM org.ccnx.ccn.utils.Flosser processContent
INFORMAÇÕES: Flosser got: /ccnx.org/test/RepoIOTest-15-01-15-18.13.17/testRepoIO/stream-nr-1545/=0026/jQ=E8E812D0D43CE61EC3514C1D4306F92901EA30E8662F3B6176F9AA125321
Jan 15, 2015 6:13:31 PM org.ccnx.ccn.utils.Flosser processContent
INFORMAÇÕES: Flosser got: /ccnx.org/test/RepoIOTest-15-01-15-18.13.17/testRepoIO/stream-nr-1545/=0027/=077BBAC00376B3C2346B4BFABC91506B0F8F940BAFB9120F6104C4EA64DA6061
Jan 15, 2015 6:13:31 PM org.ccnx.ccn.utils.Flosser processContent
INFORMAÇÕES: Flosser got: /ccnx.org/test/RepoIOTest-15-01-15-18.13.17/testRepoIO/stream-nr-1545/=0028/l=AE3AB4DC5B7CF50A2FC874FE50BC8DE0B2A9D6041EC2BE169BC7970AC8583F
Jan 15, 2015 6:13:31 PM org.ccnx.ccn.io.CCNOutputStream close
INFORMAÇÕES: CCNOutputStream close: /ccnx.org/test/RepoIOTest-15-01-15-18.13.17/testRepoIO/stream-nr-1545
Jan 15, 2015 6:13:31 PM org.ccnx.ccn.impl.security.keys.BasicKeyManager getKeyLocator
INFORMAÇÕES: getKeyLocator: returning locator NAME: /ccnx.org/Users/Bob/Keys/%C1.M.K=00AAC20E3ABEA66A3BD6FC75A8F8EE66D1F8171D0195794F3CA82F8AD70595DA40/=FD054B82D7AB75 KEY:-l9tu72k2mclogkg72in0s8pibg7t3hfsqk6m31lfk3l53t6k9e0 for key qsIOOr6majvW/HWo+O5m0fgXHQGVeU88qC+K1wWV2kA=
Jan 15, 2015 6:13:31 PM org.ccnx.ccn.io.content.CCNNetworkObject createFlowController
INFORMAÇÕES: Created RAW flow controller, for prefix /ccnx.org/test/RepoIOTest-15-01-15-18.13.17/testRepoIO/link-4113, save type RAW
Jan 15, 2015 6:13:31 PM org.ccnx.ccn.utils.Flosser handleNamespace
INFORMAÇÕES: FLOSSER: handling namespace: /ccnx.org/test/RepoIOTest-15-01-15-18.13.17/testRepoIO/link-4113
Jan 15, 2015 6:13:31 PM org.ccnx.ccn.utils.Flosser handleNamespace
INFORMAÇÕES: FLOSSER: setup parent namespace: /ccnx.org/test/RepoIOTest-15-01-15-18.13.17/testRepoIO/link-4113
Jan 15, 2015 6:13:31 PM org.ccnx.ccn.impl.CCNFlowControl addNameSpace
INFORMAÇÕES: Flow controller addNameSpace: added namespace: /ccnx.org/test/RepoIOTest-15-01-15-18.13.17/testRepoIO/link-4113
Jan 15, 2015 6:13:31 PM org.ccnx.ccn.impl.security.keys.BasicKeyManager getKeyLocator
INFORMAÇÕES: getKeyLocator: returning locator NAME: /ccnx.org/Users/root/Keys/%C1.M.K=009234ADEC47D19E3E6A2AF362D44E09AB6B71F43B1900BA0622FB45F2A5B7D9F6/=FD054AE7DE1000 KEY:-reba89rgbj1o6ata34t5eovcl4kho5s9pnv8nstq15q1ld4g9ga for key kjSt7EfRnj5qKvNi1E4Jq2tx9DsZALoGIvtF8qW32fY=
Jan 15, 2015 6:13:31 PM org.ccnx.ccn.io.CCNAbstractOutputStream <init>
INFORMAÇÕES: CCNAbstractOutputStream: /ccnx.org/test/RepoIOTest-15-01-15-18.13.17/testRepoIO/link-4113/=FD054B82D7B031 blocksize is 4096
Jan 15, 2015 6:13:31 PM org.ccnx.ccn.io.CCNAbstractOutputStream startWrite
INFORMAÇÕES: CCNAbstractOutputStream: startWrite -- searching for keys.
Jan 15, 2015 6:13:31 PM org.ccnx.ccn.profiles.security.access.AccessControlManager keysForOutput
INFORMAÇÕES: keysForOutput: found an acm: (null)
Jan 15, 2015 6:13:31 PM org.ccnx.ccn.io.CCNOutputStream flushToNetwork
INFORMAÇÕES: flush: outputting to the segmenter, baseName /ccnx.org/test/RepoIOTest-15-01-15-18.13.17/testRepoIO/link-4113/=FD054B82D7B031 basenameindex =00; 89 bytes written, holding back 89 flushing final blocks? false.
Jan 15, 2015 6:13:31 PM org.ccnx.ccn.io.CCNOutputStream flushToNetwork
INFORMAÇÕES: HEADER: CCNOutputStream: flushToNetwork: new _baseNameIndex 0
Jan 15, 2015 6:13:31 PM org.ccnx.ccn.io.CCNOutputStream flushToNetwork
INFORMAÇÕES: flush: outputting to the segmenter, baseName /ccnx.org/test/RepoIOTest-15-01-15-18.13.17/testRepoIO/link-4113/=FD054B82D7B031 basenameindex =00; 89 bytes written, holding back 89 flushing final blocks? false.
Jan 15, 2015 6:13:31 PM org.ccnx.ccn.io.CCNOutputStream flushToNetwork
INFORMAÇÕES: HEADER: CCNOutputStream: flushToNetwork: new _baseNameIndex 0
Jan 15, 2015 6:13:31 PM org.ccnx.ccn.io.CCNOutputStream flushToNetwork
INFORMAÇÕES: flush: outputting to the segmenter, baseName /ccnx.org/test/RepoIOTest-15-01-15-18.13.17/testRepoIO/link-4113/=FD054B82D7B031 basenameindex =00; 89 bytes written, holding back 0 flushing final blocks? true.
Jan 15, 2015 6:13:31 PM org.ccnx.ccn.io.CCNOutputStream flushToNetwork
INFORMAÇÕES: HEADER: CCNOutputStream: flushToNetwork: new _baseNameIndex 1
Jan 15, 2015 6:13:31 PM org.ccnx.ccn.io.CCNOutputStream close
INFORMAÇÕES: CCNOutputStream close: /ccnx.org/test/RepoIOTest-15-01-15-18.13.17/testRepoIO/link-4113/=FD054B82D7B031
Jan 15, 2015 6:13:31 PM org.ccnx.ccn.utils.Flosser processContent
INFORMAÇÕES: Flosser got: /ccnx.org/test/RepoIOTest-15-01-15-18.13.17/testRepoIO/link-4113/=FD054B82D7B031/=00/=FD97E7D9344EA6C8C3902B953D0CCD9C3971180083B6333D95E00657B629D417
Jan 15, 2015 6:13:31 PM org.ccnx.ccn.utils.Flosser handleContent
INFORMAÇÕES: Adding new namespace: /ccnx.org/test/RepoIOTest-15-01-15-18.13.17/testRepoIO/link-4113/=FD054B82D7B031
Jan 15, 2015 6:13:31 PM org.ccnx.ccn.utils.Flosser handleNamespace
INFORMAÇÕES: FLOSSER: handling namespace: /ccnx.org/test/RepoIOTest-15-01-15-18.13.17/testRepoIO/obj-nr-9408
Jan 15, 2015 6:13:31 PM org.ccnx.ccn.utils.Flosser handleNamespace
INFORMAÇÕES: FLOSSER: setup parent namespace: /ccnx.org/test/RepoIOTest-15-01-15-18.13.17/testRepoIO/obj-nr-9408
Jan 15, 2015 6:13:31 PM org.ccnx.ccn.utils.Flosser handleNamespace
INFORMAÇÕES: FLOSSER: handling child namespace: /ccnx.org/test/RepoIOTest-15-01-15-18.13.17/testRepoIO/link-4113/=FD054B82D7B031 expected parent: /ccnx.org/test/RepoIOTest-15-01-15-18.13.17/testRepoIO/link-4113
Jan 15, 2015 6:13:31 PM org.ccnx.ccn.io.content.CCNNetworkObject createFlowController
INFORMAÇÕES: Created RAW flow controller, for prefix /ccnx.org/test/RepoIOTest-15-01-15-18.13.17/testRepoIO/obj-nr-9408, save type RAW
Jan 15, 2015 6:13:31 PM org.ccnx.ccn.utils.Flosser handleNamespace
INFORMAÇÕES: FLOSSER: Adding subnamespace: /ccnx.org/test/RepoIOTest-15-01-15-18.13.17/testRepoIO/link-4113/=FD054B82D7B031 to ancestor /ccnx.org/test/RepoIOTest-15-01-15-18.13.17/testRepoIO/link-4113
Jan 15, 2015 6:13:31 PM org.ccnx.ccn.impl.CCNFlowControl addNameSpace
INFORMAÇÕES: Flow controller addNameSpace: added namespace: /ccnx.org/test/RepoIOTest-15-01-15-18.13.17/testRepoIO/obj-nr-9408
Jan 15, 2015 6:13:31 PM org.ccnx.ccn.impl.security.keys.BasicKeyManager getKeyLocator
INFORMAÇÕES: getKeyLocator: returning locator NAME: /ccnx.org/test/RepoIOTest-15-01-15-18.13.17/testRepoIO/link-4113 for key qsIOOr6majvW/HWo+O5m0fgXHQGVeU88qC+K1wWV2kA=
Jan 15, 2015 6:13:31 PM org.ccnx.ccn.io.CCNAbstractOutputStream <init>
INFORMAÇÕES: CCNAbstractOutputStream: /ccnx.org/test/RepoIOTest-15-01-15-18.13.17/testRepoIO/obj-nr-9408/=FD054B82D7B106 blocksize is 4096
Jan 15, 2015 6:13:31 PM org.ccnx.ccn.io.CCNAbstractOutputStream startWrite
INFORMAÇÕES: CCNAbstractOutputStream: startWrite -- searching for keys.
Jan 15, 2015 6:13:31 PM org.ccnx.ccn.profiles.security.access.AccessControlManager keysForOutput
INFORMAÇÕES: keysForOutput: found an acm: (null)
Jan 15, 2015 6:13:31 PM org.ccnx.ccn.io.CCNOutputStream flushToNetwork
INFORMAÇÕES: flush: outputting to the segmenter, baseName /ccnx.org/test/RepoIOTest-15-01-15-18.13.17/testRepoIO/obj-nr-9408/=FD054B82D7B106 basenameindex =00; 29 bytes written, holding back 29 flushing final blocks? false.
Jan 15, 2015 6:13:31 PM org.ccnx.ccn.io.CCNOutputStream flushToNetwork
INFORMAÇÕES: HEADER: CCNOutputStream: flushToNetwork: new _baseNameIndex 0
Jan 15, 2015 6:13:31 PM org.ccnx.ccn.io.CCNOutputStream flushToNetwork
INFORMAÇÕES: flush: outputting to the segmenter, baseName /ccnx.org/test/RepoIOTest-15-01-15-18.13.17/testRepoIO/obj-nr-9408/=FD054B82D7B106 basenameindex =00; 29 bytes written, holding back 0 flushing final blocks? true.
Jan 15, 2015 6:13:31 PM org.ccnx.ccn.io.CCNOutputStream flushToNetwork
INFORMAÇÕES: HEADER: CCNOutputStream: flushToNetwork: new _baseNameIndex 1
Jan 15, 2015 6:13:31 PM org.ccnx.ccn.io.CCNOutputStream close
INFORMAÇÕES: CCNOutputStream close: /ccnx.org/test/RepoIOTest-15-01-15-18.13.17/testRepoIO/obj-nr-9408/=FD054B82D7B106
Jan 15, 2015 6:13:31 PM org.ccnx.ccn.utils.Flosser processContent
INFORMAÇÕES: Flosser got: /ccnx.org/test/RepoIOTest-15-01-15-18.13.17/testRepoIO/obj-nr-9408/=FD054B82D7B106/=00/%C3U%BAo=BE9C26C098478432994ABB1EBC76A09D8B50AC10AEF9DA121EDDEF8A
Jan 15, 2015 6:13:31 PM org.ccnx.ccn.utils.Flosser handleContent
INFORMAÇÕES: Adding new namespace: /ccnx.org/test/RepoIOTest-15-01-15-18.13.17/testRepoIO/obj-nr-9408/=FD054B82D7B106
Jan 15, 2015 6:13:31 PM org.ccnx.ccn.utils.Flosser handleNamespace
INFORMAÇÕES: FLOSSER: handling child namespace: /ccnx.org/test/RepoIOTest-15-01-15-18.13.17/testRepoIO/obj-nr-9408/=FD054B82D7B106 expected parent: /ccnx.org/test/RepoIOTest-15-01-15-18.13.17/testRepoIO/obj-nr-9408
Jan 15, 2015 6:13:31 PM org.ccnx.ccn.utils.Flosser handleNamespace
INFORMAÇÕES: FLOSSER: Adding subnamespace: /ccnx.org/test/RepoIOTest-15-01-15-18.13.17/testRepoIO/obj-nr-9408/=FD054B82D7B106 to ancestor /ccnx.org/test/RepoIOTest-15-01-15-18.13.17/testRepoIO/obj-nr-9408
Jan 15, 2015 6:13:31 PM org.ccnx.ccn.utils.Flosser stop
INFORMAÇÕES: Stop flossing.
Jan 15, 2015 6:13:31 PM org.ccnx.ccn.utils.Flosser processContent
INFORMAÇÕES: Flosser got: /ccnx.org/test/RepoIOTest-15-01-15-18.13.17/testRepoIO/link-4113/=FD054B82D7B031/=00/=FD97E7D9344EA6C8C3902B953D0CCD9C3971180083B6333D95E00657B629D417
Jan 15, 2015 6:13:31 PM org.ccnx.ccn.utils.Flosser stopMonitoringNamespace
INFORMAÇÕES: FLOSSER: no longer monitoring namespace: /ccnx.org/test/RepoIOTest-15-01-15-18.13.17/testRepoIO/link-4113/=FD054B82D7B031
Jan 15, 2015 6:13:31 PM org.ccnx.ccn.utils.Flosser stopMonitoringNamespace
INFORMAÇÕES: FLOSSER: no longer monitoring namespace: /ccnx.org/test/RepoIOTest-15-01-15-18.13.17/TestRepoUser/Bob/=FD054B82D7AB75
Jan 15, 2015 6:13:31 PM org.ccnx.ccn.utils.Flosser stopMonitoringNamespace
INFORMAÇÕES: FLOSSER: no longer monitoring namespace: /ccnx.org/test/RepoIOTest-15-01-15-18.13.17/TestRepoUser/Bob
Jan 15, 2015 6:13:31 PM org.ccnx.ccn.utils.Flosser stopMonitoringNamespace
INFORMAÇÕES: FLOSSER: no longer monitoring namespace: /ccnx.org/test/RepoIOTest-15-01-15-18.13.17/testRepoIO/obj-nr-9408/=FD054B82D7B106
Jan 15, 2015 6:13:31 PM org.ccnx.ccn.utils.Flosser stopMonitoringNamespace
INFORMAÇÕES: FLOSSER: no longer monitoring namespace: /ccnx.org/test/RepoIOTest-15-01-15-18.13.17/TestRepoUser/Alice
Jan 15, 2015 6:13:31 PM org.ccnx.ccn.utils.Flosser stopMonitoringNamespace
INFORMAÇÕES: FLOSSER: no longer monitoring namespace: /ccnx.org/test/RepoIOTest-15-01-15-18.13.17/testRepoIO/link-4113
Jan 15, 2015 6:13:31 PM org.ccnx.ccn.utils.Flosser stopMonitoringNamespace
INFORMAÇÕES: FLOSSER: no longer monitoring namespace: /ccnx.org/test/RepoIOTest-15-01-15-18.13.17/testRepoIO/obj-nr-9408
Jan 15, 2015 6:13:31 PM org.ccnx.ccn.utils.Flosser stopMonitoringNamespace
INFORMAÇÕES: FLOSSER: no longer monitoring namespace: /ccnx.org/test/RepoIOTest-15-01-15-18.13.17/testRepoIO/stream-nr-1545
Jan 15, 2015 6:13:31 PM org.ccnx.ccn.utils.Flosser stop
INFORMAÇÕES: Stopped flossing: remaining namespaces 0 (should be 0), subnamespaces 0 (should be 0).
Jan 15, 2015 6:13:31 PM org.ccnx.ccn.impl.CCNNetworkManager shutdown
INFORMAÇÕES: NetworkManager 4: Shutdown requested
Jan 15, 2015 6:13:31 PM org.ccnx.ccn.impl.CCNNetworkChannel close
INFORMAÇÕES: NetworkChannel 4: close(false)
Jan 15, 2015 6:13:31 PM org.ccnx.ccn.impl.CCNNetworkManager run
INFORMAÇÕES: NetworkManager 4: Shutdown complete for port: 63000
Jan 15, 2015 6:13:31 PM org.ccnx.ccn.repo.RepoIOTest testVersionedRead
INFORMAÇÕES: Starting testVersionedRead
Jan 15, 2015 6:13:31 PM org.ccnx.ccn.impl.CCNFlowControl <init>
INFORMAÇÕES: adding namespace: /ccnx.org/test/RepoIOTest-15-01-15-18.13.17/testRepoIO/testVersionNormal
Jan 15, 2015 6:13:31 PM org.ccnx.ccn.impl.security.keys.BasicKeyManager getKeyLocator
INFORMAÇÕES: getKeyLocator: returning locator NAME: /ccnx.org/Users/root/Keys/%C1.M.K=009234ADEC47D19E3E6A2AF362D44E09AB6B71F43B1900BA0622FB45F2A5B7D9F6/=FD054AE7DE1000 KEY:-reba89rgbj1o6ata34t5eovcl4kho5s9pnv8nstq15q1ld4g9ga for key kjSt7EfRnj5qKvNi1E4Jq2tx9DsZALoGIvtF8qW32fY=
Jan 15, 2015 6:13:31 PM org.ccnx.ccn.io.CCNAbstractOutputStream <init>
INFORMAÇÕES: CCNAbstractOutputStream: /ccnx.org/test/RepoIOTest-15-01-15-18.13.17/testRepoIO/testVersionNormal/=FD054B82D7B1CB blocksize is 4096
Jan 15, 2015 6:13:31 PM org.ccnx.ccn.io.CCNAbstractOutputStream startWrite
INFORMAÇÕES: CCNAbstractOutputStream: startWrite -- searching for keys.
Jan 15, 2015 6:13:31 PM org.ccnx.ccn.profiles.security.access.AccessControlManager keysForOutput
INFORMAÇÕES: keysForOutput: found an acm: (null)
Jan 15, 2015 6:13:31 PM org.ccnx.ccn.impl.repo.RepositoryFlowControl startWrite
INFORMAÇÕES: RepositoryFlowControl.startWrite called for name /ccnx.org/test/RepoIOTest-15-01-15-18.13.17/testRepoIO/testVersionNormal/=FD054B82D7B1CB, shape STREAM
Jan 15, 2015 6:13:31 PM org.ccnx.ccn.impl.repo.RepositoryFlowControl handleContent
INFORMAÇÕES: handleContent: got potential repo message: /ccnx.org/test/RepoIOTest-15-01-15-18.13.17/testRepoIO/testVersionNormal/=FD054B82D7B1CB/%C1.R.sw/%C1.N=00DE71530D965DED31
Jan 15, 2015 6:13:31 PM org.ccnx.ccn.io.CCNOutputStream writeToNetwork
INFORMAÇÕES: Adding namespace in writeToNetwork. Namespace: /ccnx.org/test/RepoIOTest-15-01-15-18.13.17/testRepoIO/testVersionNormal/=FD054B82D7B1CB
Jan 15, 2015 6:13:31 PM org.ccnx.ccn.impl.CCNFlowControl addNameSpace
INFORMAÇÕES: addNameSpace: not adding name: /ccnx.org/test/RepoIOTest-15-01-15-18.13.17/testRepoIO/testVersionNormal/=FD054B82D7B1CB already monitoring prefix: /ccnx.org/test/RepoIOTest-15-01-15-18.13.17/testRepoIO/testVersionNormal
Jan 15, 2015 6:13:31 PM org.ccnx.ccn.io.CCNOutputStream flushToNetwork
INFORMAÇÕES: flush: outputting to the segmenter, baseName /ccnx.org/test/RepoIOTest-15-01-15-18.13.17/testRepoIO/testVersionNormal/=FD054B82D7B1CB basenameindex =0005; 0 bytes written, holding back 0 flushing final blocks? true.
Jan 15, 2015 6:13:31 PM org.ccnx.ccn.impl.CCNSegmenter outputCurrentBlocks
INFORMAÇÕES: flush: putting merkle tree to the network, name starts with /ccnx.org/test/RepoIOTest-15-01-15-18.13.17/testRepoIO/testVersionNormal/=FD054B82D7B1CB/=00; 6 blocks
Jan 15, 2015 6:13:31 PM org.ccnx.ccn.impl.security.crypto.CCNMerkleTreeSigner signBlocks
INFORMAÇÕES: Signed tree of 6 leaves, 11 nodes.
Jan 15, 2015 6:13:31 PM org.ccnx.ccn.io.CCNOutputStream flushToNetwork
INFORMAÇÕES: HEADER: CCNOutputStream: flushToNetwork: new _baseNameIndex 6
Jan 15, 2015 6:13:31 PM org.ccnx.ccn.io.CCNOutputStream close
INFORMAÇÕES: CCNOutputStream close: /ccnx.org/test/RepoIOTest-15-01-15-18.13.17/testRepoIO/testVersionNormal/=FD054B82D7B1CB
Jan 15, 2015 6:13:31 PM org.ccnx.ccn.impl.CCNNetworkManager run
INFORMAÇÕES: NetworkManager 3: CCNNetworkManager processing thread started for port: 63000
Jan 15, 2015 6:13:33 PM org.ccnx.ccn.io.CCNAbstractInputStream <init>
INFORMAÇÕES: CCNAbstractInputStream: /ccnx.org/test/RepoIOTest-15-01-15-18.13.17/testRepoIO/testVersionNormal segment 0
Jan 15, 2015 6:13:33 PM org.ccnx.ccn.io.CCNVersionedInputStream getFirstSegment
INFORMAÇÕES: getFirstSegment: getting latest version of /ccnx.org/test/RepoIOTest-15-01-15-18.13.17/testRepoIO/testVersionNormal
Jan 15, 2015 6:13:33 PM org.ccnx.ccn.profiles.VersioningProfile getLatestVersion
INFORMAÇÕES: gLV getLatestVersion: retrieved latest version object /ccnx.org/test/RepoIOTest-15-01-15-18.13.17/testRepoIO/testVersionNormal/=FD054B82D7B1CB/=00 type: DATA
Jan 15, 2015 6:13:33 PM org.ccnx.ccn.profiles.VersioningProfile getLatestVersion
INFORMAÇÕES: getFirstBlockOfLatestVersion: no block available for later version of /ccnx.org/test/RepoIOTest-15-01-15-18.13.17/testRepoIO/testVersionNormal/=FD054B82D7B1CB
Jan 15, 2015 6:13:33 PM org.ccnx.ccn.io.CCNVersionedInputStream getFirstSegment
INFORMAÇÕES: getFirstSegment: retrieved latest version object /ccnx.org/test/RepoIOTest-15-01-15-18.13.17/testRepoIO/testVersionNormal/=FD054B82D7B1CB/=00 type: DATA
Jan 15, 2015 6:13:33 PM org.ccnx.ccn.io.CCNAbstractInputStream close
INFORMAÇÕES: CCNAbstractInputStream: close /ccnx.org/test/RepoIOTest-15-01-15-18.13.17/testRepoIO/testVersionNormal/=FD054B82D7B1CB:  shutting down pipelining
Jan 15, 2015 6:13:33 PM org.ccnx.ccn.repo.RepoIOTest testVersionedRead
INFORMAÇÕES: Completed testVersionedRead
Jan 15, 2015 6:13:33 PM org.ccnx.ccn.repo.RepoIOTest testLocalSyncInputStream
INFORMAÇÕES: Starting testLocalSyncInputStream
Jan 15, 2015 6:13:33 PM org.ccnx.ccn.io.CCNAbstractInputStream <init>
INFORMAÇÕES: CCNAbstractInputStream: /ccnx.org/test/RepoIOTest-15-01-15-18.13.17/testRepoIO/stream-3726 segment 0
Jan 15, 2015 6:13:33 PM org.ccnx.ccn.profiles.repo.RepositoryControl localRepoSync
INFORMAÇÕES: RepositoryControl.localRepoSync called for name /ccnx.org/test/RepoIOTest-15-01-15-18.13.17/testRepoIO/stream-3726
Jan 15, 2015 6:13:33 PM org.ccnx.ccn.profiles.repo.RepositoryControl doLocalCheckedWrite
INFORMAÇÕES: Checked write to repository: /ccnx.org/test/RepoIOTest-15-01-15-18.13.17/testRepoIO/stream-3726
Jan 15, 2015 6:13:33 PM org.ccnx.ccn.impl.CCNFlowControl removeUnmatchedInterests
INFORMAÇÕES: Removing unmatched interest /ccnx.org/test/RepoIOTest-15-01-15-18.13.17/testRepoIO/stream-3726/=0029
Jan 15, 2015 6:13:33 PM org.ccnx.ccn.impl.CCNFlowControl removeUnmatchedInterests
INFORMAÇÕES: Removing unmatched interest /ccnx.org/test/RepoIOTest-15-01-15-18.13.17/testRepoIO/stream-3726/=002A
Jan 15, 2015 6:13:33 PM org.ccnx.ccn.impl.security.keys.PublicKeyCache getPublicKey
INFORMAÇÕES: Repository looking up a key that is contained in the locator...
Jan 15, 2015 6:13:33 PM org.ccnx.ccn.impl.CCNFlowControl removeUnmatchedInterests
INFORMAÇÕES: Removing unmatched interest /ccnx.org/test/RepoIOTest-15-01-15-18.13.17/testRepoIO/stream-3726/=002B
Jan 15, 2015 6:13:33 PM org.ccnx.ccn.io.CCNAbstractInputStream close
INFORMAÇÕES: CCNAbstractInputStream: close /ccnx.org/test/RepoIOTest-15-01-15-18.13.17/testRepoIO/stream-3726:  shutting down pipelining
Jan 15, 2015 6:13:33 PM org.ccnx.ccn.repo.RepoIOTest testLocalSyncInputStream
INFORMAÇÕES: About to do first sync for stream
Jan 15, 2015 6:13:33 PM org.ccnx.ccn.io.CCNAbstractInputStream <init>
INFORMAÇÕES: CCNAbstractInputStream: /ccnx.org/test/RepoIOTest-15-01-15-18.13.17/testRepoIO/stream-nr-1545 segment 0
Jan 15, 2015 6:13:33 PM org.ccnx.ccn.impl.security.keys.PublicKeyCache getPublicKeyObject
INFORMAÇÕES: Retrieved key FvhSwAjlFyeCYxoM2LvmSlwK3X4sPmC7Aw0jjFC5pc0= using locator NAME: /ccnx.org/Users/Alice/Keys/%C1.M.K=0016F852C008E5172782631A0CD8BBE64A5C0ADD7E2C3E60BB030D238C50B9A5CD/=FD054B82D74712 KEY:5noab00hp8n4u1666gcr2tuciis1bensb1uc2tg6393hh8bj9ed.
Jan 15, 2015 6:13:33 PM org.ccnx.ccn.impl.security.keys.PublicKeyCache getPublicKeyObject
INFORMAÇÕES: Retrieved key FvhSwAjlFyeCYxoM2LvmSlwK3X4sPmC7Aw0jjFC5pc0= using locator NAME: /ccnx.org/Users/Alice/Keys/%C1.M.K=0016F852C008E5172782631A0CD8BBE64A5C0ADD7E2C3E60BB030D238C50B9A5CD/=FD054B82D74712 KEY:5noab00hp8n4u1666gcr2tuciis1bensb1uc2tg6393hh8bj9ed - got /ccnx.org/Users/Alice/Keys/%C1.M.K=0016F852C008E5172782631A0CD8BBE64A5C0ADD7E2C3E60BB030D238C50B9A5CD/=FD054B82D74712/=00
Jan 15, 2015 6:13:33 PM org.ccnx.ccn.io.CCNAbstractInputStream <init>
INFORMAÇÕES: CCNAbstractInputStream: /ccnx.org/Users/Alice/Keys/%C1.M.K=0016F852C008E5172782631A0CD8BBE64A5C0ADD7E2C3E60BB030D238C50B9A5CD/=FD054B82D74712 segment 0
Jan 15, 2015 6:13:33 PM org.ccnx.ccn.impl.security.keys.PublicKeyCache getPublicKeyObject
INFORMAÇÕES: Retrieved public key using name: /ccnx.org/Users/Alice/Keys/%C1.M.K=0016F852C008E5172782631A0CD8BBE64A5C0ADD7E2C3E60BB030D238C50B9A5CD/=FD054B82D74712
Jan 15, 2015 6:13:33 PM org.ccnx.ccn.impl.security.keys.PublicKeyCache getPublicKey
INFORMAÇÕES: Retrieved key FvhSwAjlFyeCYxoM2LvmSlwK3X4sPmC7Aw0jjFC5pc0= from network with locator NAME: /ccnx.org/Users/Alice/Keys/%C1.M.K=0016F852C008E5172782631A0CD8BBE64A5C0ADD7E2C3E60BB030D238C50B9A5CD/=FD054B82D74712 KEY:5noab00hp8n4u1666gcr2tuciis1bensb1uc2tg6393hh8bj9ed!
Jan 15, 2015 6:13:33 PM org.ccnx.ccn.profiles.repo.RepositoryControl localRepoSync
INFORMAÇÕES: RepositoryControl.localRepoSync called for name /ccnx.org/test/RepoIOTest-15-01-15-18.13.17/testRepoIO/stream-nr-1545
Jan 15, 2015 6:13:33 PM org.ccnx.ccn.profiles.repo.RepositoryControl doLocalCheckedWrite
INFORMAÇÕES: Checked write to repository: /ccnx.org/test/RepoIOTest-15-01-15-18.13.17/testRepoIO/stream-nr-1545
Jan 15, 2015 6:13:35 PM org.ccnx.ccn.repo.RepoIOTest testLocalSyncInputStream
INFORMAÇÕES: About to do second sync for stream
Jan 15, 2015 6:13:35 PM org.ccnx.ccn.profiles.repo.RepositoryControl localRepoSync
INFORMAÇÕES: RepositoryControl.localRepoSync called for name /ccnx.org/test/RepoIOTest-15-01-15-18.13.17/testRepoIO/stream-nr-1545
Jan 15, 2015 6:13:35 PM org.ccnx.ccn.profiles.repo.RepositoryControl doLocalCheckedWrite
INFORMAÇÕES: Checked write to repository: /ccnx.org/test/RepoIOTest-15-01-15-18.13.17/testRepoIO/stream-nr-1545
Jan 15, 2015 6:13:35 PM org.ccnx.ccn.io.CCNAbstractInputStream close
INFORMAÇÕES: CCNAbstractInputStream: close /ccnx.org/test/RepoIOTest-15-01-15-18.13.17/testRepoIO/stream-nr-1545:  shutting down pipelining
Jan 15, 2015 6:13:39 PM org.ccnx.ccn.io.CCNAbstractInputStream <init>
INFORMAÇÕES: CCNAbstractInputStream: /ccnx.org/test/RepoIOTest-15-01-15-18.13.17/testRepoIO/stream-nr-1545 segment 0
Jan 15, 2015 6:13:39 PM org.ccnx.ccn.io.CCNAbstractInputStream close
INFORMAÇÕES: CCNAbstractInputStream: close /ccnx.org/test/RepoIOTest-15-01-15-18.13.17/testRepoIO/stream-nr-1545:  shutting down pipelining
Jan 15, 2015 6:13:39 PM org.ccnx.ccn.repo.RepoIOTest testLocalSyncInputStream
INFORMAÇÕES: Completed testLocalSyncInputStream
Jan 15, 2015 6:13:39 PM org.ccnx.ccn.repo.RepoIOTest testLocalSyncNetObj
INFORMAÇÕES: Starting testLocalSyncNetObj
Jan 15, 2015 6:13:39 PM org.ccnx.ccn.io.content.CCNNetworkObject update
INFORMAÇÕES: Updating object to /ccnx.org/test/RepoIOTest-15-01-15-18.13.17/testRepoIO/obj-8142.
Jan 15, 2015 6:13:39 PM org.ccnx.ccn.io.CCNAbstractInputStream <init>
INFORMAÇÕES: CCNAbstractInputStream: /ccnx.org/test/RepoIOTest-15-01-15-18.13.17/testRepoIO/obj-8142 segment 0
Jan 15, 2015 6:13:39 PM org.ccnx.ccn.io.CCNVersionedInputStream getFirstSegment
INFORMAÇÕES: getFirstSegment: getting latest version of /ccnx.org/test/RepoIOTest-15-01-15-18.13.17/testRepoIO/obj-8142
Jan 15, 2015 6:13:39 PM org.ccnx.ccn.impl.CCNNetworkManager shutdown
INFORMAÇÕES: NetworkManager 4: Shutdown requested
Jan 15, 2015 6:13:39 PM org.ccnx.ccn.profiles.VersioningProfile getLatestVersion
INFORMAÇÕES: gLV getLatestVersion: retrieved latest version object /ccnx.org/test/RepoIOTest-15-01-15-18.13.17/testRepoIO/obj-8142/=FD054B82D6E44A/=00 type: DATA
Jan 15, 2015 6:13:39 PM org.ccnx.ccn.impl.CCNNetworkChannel close
INFORMAÇÕES: NetworkChannel 4: close(false)
Jan 15, 2015 6:13:40 PM org.ccnx.ccn.profiles.VersioningProfile getLatestVersion
INFORMAÇÕES: getFirstBlockOfLatestVersion: no block available for later version of /ccnx.org/test/RepoIOTest-15-01-15-18.13.17/testRepoIO/obj-8142/=FD054B82D6E44A
Jan 15, 2015 6:13:40 PM org.ccnx.ccn.io.CCNVersionedInputStream getFirstSegment
INFORMAÇÕES: getFirstSegment: retrieved latest version object /ccnx.org/test/RepoIOTest-15-01-15-18.13.17/testRepoIO/obj-8142/=FD054B82D6E44A/=00 type: DATA
Jan 15, 2015 6:13:40 PM org.ccnx.ccn.profiles.repo.RepositoryControl localRepoSync
INFORMAÇÕES: RepositoryControl.localRepoSync called for net obj name /ccnx.org/test/RepoIOTest-15-01-15-18.13.17/testRepoIO/obj-8142/=FD054B82D6E44A
Jan 15, 2015 6:13:40 PM org.ccnx.ccn.profiles.repo.RepositoryControl doLocalCheckedWrite
INFORMAÇÕES: Checked write to repository: /ccnx.org/test/RepoIOTest-15-01-15-18.13.17/testRepoIO/obj-8142/=FD054B82D6E44A
Jan 15, 2015 6:13:40 PM org.ccnx.ccn.io.content.CCNNetworkObject update
INFORMAÇÕES: Updating object to /ccnx.org/test/RepoIOTest-15-01-15-18.13.17/testRepoIO/obj-nr-9408.
Jan 15, 2015 6:13:40 PM org.ccnx.ccn.io.CCNAbstractInputStream <init>
INFORMAÇÕES: CCNAbstractInputStream: /ccnx.org/test/RepoIOTest-15-01-15-18.13.17/testRepoIO/obj-nr-9408 segment 0
Jan 15, 2015 6:13:40 PM org.ccnx.ccn.io.CCNVersionedInputStream getFirstSegment
INFORMAÇÕES: getFirstSegment: getting latest version of /ccnx.org/test/RepoIOTest-15-01-15-18.13.17/testRepoIO/obj-nr-9408
Jan 15, 2015 6:13:40 PM org.ccnx.ccn.profiles.VersioningProfile getLatestVersion
INFORMAÇÕES: gLV getLatestVersion: retrieved latest version object /ccnx.org/test/RepoIOTest-15-01-15-18.13.17/testRepoIO/obj-nr-9408/=FD054B82D7B106/=00 type: DATA
Jan 15, 2015 6:13:40 PM org.ccnx.ccn.impl.security.keys.PublicKeyCache getPublicKeyObject
INFORMAÇÕES: Retrieved key qsIOOr6majvW/HWo+O5m0fgXHQGVeU88qC+K1wWV2kA= using locator NAME: /ccnx.org/test/RepoIOTest-15-01-15-18.13.17/testRepoIO/link-4113.
Jan 15, 2015 6:13:40 PM org.ccnx.ccn.impl.security.keys.PublicKeyCache getPublicKeyObject
INFORMAÇÕES: Retrieved key qsIOOr6majvW/HWo+O5m0fgXHQGVeU88qC+K1wWV2kA= using locator NAME: /ccnx.org/test/RepoIOTest-15-01-15-18.13.17/testRepoIO/link-4113 - got /ccnx.org/test/RepoIOTest-15-01-15-18.13.17/testRepoIO/link-4113/=FD054B82D7B031/=00
Jan 15, 2015 6:13:40 PM org.ccnx.ccn.io.CCNAbstractInputStream <init>
INFORMAÇÕES: CCNAbstractInputStream: /ccnx.org/test/RepoIOTest-15-01-15-18.13.17/testRepoIO/link-4113/=FD054B82D7B031 segment 0
Jan 15, 2015 6:13:40 PM org.ccnx.ccn.io.CCNAbstractInputStream setFirstSegment
INFORMAÇÕES: CCNAbstractInputStream: dereferencing link /ccnx.org/test/RepoIOTest-15-01-15-18.13.17/testRepoIO/link-4113/=FD054B82D7B031 to Link [targetName=/ccnx.org/Users/Bob/Keys/%C1.M.K=00AAC20E3ABEA66A3BD6FC75A8F8EE66D1F8171D0195794F3CA82F8AD70595DA40/=FD054B82D7AB75, targetLabel=null, targetAuthenticator=null], resulting data /ccnx.org/Users/Bob/Keys/%C1.M.K=00AAC20E3ABEA66A3BD6FC75A8F8EE66D1F8171D0195794F3CA82F8AD70595DA40/=FD054B82D7AB75/=00
Jan 15, 2015 6:13:40 PM org.ccnx.ccn.io.CCNAbstractInputStream setFirstSegment
INFORMAÇÕES: CCNAbstractInputStream: dereferencing link /ccnx.org/test/RepoIOTest-15-01-15-18.13.17/testRepoIO/link-4113/=FD054B82D7B031 to Link [targetName=/ccnx.org/Users/Bob/Keys/%C1.M.K=00AAC20E3ABEA66A3BD6FC75A8F8EE66D1F8171D0195794F3CA82F8AD70595DA40/=FD054B82D7AB75, targetLabel=null, targetAuthenticator=null], resulting data /ccnx.org/Users/Bob/Keys/%C1.M.K=00AAC20E3ABEA66A3BD6FC75A8F8EE66D1F8171D0195794F3CA82F8AD70595DA40/=FD054B82D7AB75/=00
Jan 15, 2015 6:13:40 PM org.ccnx.ccn.io.CCNAbstractInputStream <init>
INFORMAÇÕES: CCNAbstractInputStream: /ccnx.org/Users/Bob/Keys/%C1.M.K=00AAC20E3ABEA66A3BD6FC75A8F8EE66D1F8171D0195794F3CA82F8AD70595DA40/=FD054B82D7AB75 segment 0
Jan 15, 2015 6:13:40 PM org.ccnx.ccn.impl.security.keys.PublicKeyCache getPublicKeyObject
INFORMAÇÕES: Retrieved public key using name: /ccnx.org/test/RepoIOTest-15-01-15-18.13.17/testRepoIO/link-4113
Jan 15, 2015 6:13:40 PM org.ccnx.ccn.impl.security.keys.PublicKeyCache getPublicKey
INFORMAÇÕES: Retrieved key qsIOOr6majvW/HWo+O5m0fgXHQGVeU88qC+K1wWV2kA= from network with locator NAME: /ccnx.org/test/RepoIOTest-15-01-15-18.13.17/testRepoIO/link-4113!
Jan 15, 2015 6:13:40 PM org.ccnx.ccn.profiles.VersioningProfile getLatestVersion
INFORMAÇÕES: getFirstBlockOfLatestVersion: no block available for later version of /ccnx.org/test/RepoIOTest-15-01-15-18.13.17/testRepoIO/obj-nr-9408/=FD054B82D7B106
Jan 15, 2015 6:13:40 PM org.ccnx.ccn.io.CCNVersionedInputStream getFirstSegment
INFORMAÇÕES: getFirstSegment: retrieved latest version object /ccnx.org/test/RepoIOTest-15-01-15-18.13.17/testRepoIO/obj-nr-9408/=FD054B82D7B106/=00 type: DATA
Jan 15, 2015 6:13:40 PM org.ccnx.ccn.repo.RepoIOTest testLocalSyncNetObj
INFORMAÇÕES: About to do first sync for object /ccnx.org/test/RepoIOTest-15-01-15-18.13.17/testRepoIO/obj-nr-9408
Jan 15, 2015 6:13:40 PM org.ccnx.ccn.profiles.repo.RepositoryControl localRepoSync
INFORMAÇÕES: RepositoryControl.localRepoSync called for net obj name /ccnx.org/test/RepoIOTest-15-01-15-18.13.17/testRepoIO/obj-nr-9408/=FD054B82D7B106
Jan 15, 2015 6:13:40 PM org.ccnx.ccn.profiles.repo.RepositoryControl doLocalCheckedWrite
INFORMAÇÕES: Checked write to repository: /ccnx.org/test/RepoIOTest-15-01-15-18.13.17/testRepoIO/obj-nr-9408/=FD054B82D7B106
Jan 15, 2015 6:13:42 PM org.ccnx.ccn.repo.RepoIOTest testLocalSyncNetObj
INFORMAÇÕES: About to do second sync for object /ccnx.org/test/RepoIOTest-15-01-15-18.13.17/testRepoIO/obj-nr-9408
Jan 15, 2015 6:13:42 PM org.ccnx.ccn.profiles.repo.RepositoryControl localRepoSync
INFORMAÇÕES: RepositoryControl.localRepoSync called for net obj name /ccnx.org/test/RepoIOTest-15-01-15-18.13.17/testRepoIO/obj-nr-9408/=FD054B82D7B106
Jan 15, 2015 6:13:42 PM org.ccnx.ccn.profiles.repo.RepositoryControl doLocalCheckedWrite
INFORMAÇÕES: Checked write to repository: /ccnx.org/test/RepoIOTest-15-01-15-18.13.17/testRepoIO/obj-nr-9408/=FD054B82D7B106
Jan 15, 2015 6:13:47 PM org.ccnx.ccn.io.content.CCNNetworkObject update
INFORMAÇÕES: Updating object to /ccnx.org/test/RepoIOTest-15-01-15-18.13.17/testRepoIO/obj-nr-9408.
Jan 15, 2015 6:13:47 PM org.ccnx.ccn.io.CCNAbstractInputStream <init>
INFORMAÇÕES: CCNAbstractInputStream: /ccnx.org/test/RepoIOTest-15-01-15-18.13.17/testRepoIO/obj-nr-9408 segment 0
Jan 15, 2015 6:13:47 PM org.ccnx.ccn.io.CCNVersionedInputStream getFirstSegment
INFORMAÇÕES: getFirstSegment: getting latest version of /ccnx.org/test/RepoIOTest-15-01-15-18.13.17/testRepoIO/obj-nr-9408
Jan 15, 2015 6:13:47 PM org.ccnx.ccn.profiles.VersioningProfile getLatestVersion
INFORMAÇÕES: gLV getLatestVersion: retrieved latest version object /ccnx.org/test/RepoIOTest-15-01-15-18.13.17/testRepoIO/obj-nr-9408/=FD054B82D7B106/=00 type: DATA
Jan 15, 2015 6:13:47 PM org.ccnx.ccn.profiles.VersioningProfile getLatestVersion
INFORMAÇÕES: getFirstBlockOfLatestVersion: no block available for later version of /ccnx.org/test/RepoIOTest-15-01-15-18.13.17/testRepoIO/obj-nr-9408/=FD054B82D7B106
Jan 15, 2015 6:13:47 PM org.ccnx.ccn.io.CCNVersionedInputStream getFirstSegment
INFORMAÇÕES: getFirstSegment: retrieved latest version object /ccnx.org/test/RepoIOTest-15-01-15-18.13.17/testRepoIO/obj-nr-9408/=FD054B82D7B106/=00 type: DATA
Jan 15, 2015 6:13:47 PM org.ccnx.ccn.repo.RepoIOTest testLocalSyncNetObj
INFORMAÇÕES: Completed testLocalSyncNetObj
Jan 15, 2015 6:13:47 PM org.ccnx.ccn.repo.RepoIOTest testPolicyViaCCN
INFORMAÇÕES: Starting testPolicyViaCCN
Jan 15, 2015 6:13:47 PM org.ccnx.ccn.impl.CCNFlowControl <init>
INFORMAÇÕES: adding namespace: /repoTest/data2
Jan 15, 2015 6:13:47 PM org.ccnx.ccn.impl.security.keys.BasicKeyManager getKeyLocator
INFORMAÇÕES: getKeyLocator: returning locator NAME: /ccnx.org/Users/root/Keys/%C1.M.K=009234ADEC47D19E3E6A2AF362D44E09AB6B71F43B1900BA0622FB45F2A5B7D9F6/=FD054AE7DE1000 KEY:-reba89rgbj1o6ata34t5eovcl4kho5s9pnv8nstq15q1ld4g9ga for key kjSt7EfRnj5qKvNi1E4Jq2tx9DsZALoGIvtF8qW32fY=
Jan 15, 2015 6:13:47 PM org.ccnx.ccn.io.CCNAbstractOutputStream <init>
INFORMAÇÕES: CCNAbstractOutputStream: /repoTest/data2/=FD054B82D8BBF4 blocksize is 4096
Jan 15, 2015 6:13:47 PM org.ccnx.ccn.io.CCNAbstractOutputStream startWrite
INFORMAÇÕES: CCNAbstractOutputStream: startWrite -- searching for keys.
Jan 15, 2015 6:13:47 PM org.ccnx.ccn.profiles.security.access.AccessControlManager keysForOutput
INFORMAÇÕES: keysForOutput: found an acm: (null)
Jan 15, 2015 6:13:47 PM org.ccnx.ccn.impl.repo.RepositoryFlowControl startWrite
INFORMAÇÕES: RepositoryFlowControl.startWrite called for name /repoTest/data2/=FD054B82D8BBF4, shape STREAM
Jan 15, 2015 6:13:47 PM org.ccnx.ccn.impl.repo.RepositoryFlowControl handleContent
INFORMAÇÕES: handleContent: got potential repo message: /repoTest/data2/=FD054B82D8BBF4/%C1.R.sw/%C1.N=00A845ED0F6CFCB165
Jan 15, 2015 6:13:47 PM org.ccnx.ccn.io.CCNOutputStream flushToNetwork
INFORMAÇÕES: flush: outputting to the segmenter, baseName /repoTest/data2/=FD054B82D8BBF4 basenameindex =00; 13 bytes written, holding back 0 flushing final blocks? true.
Jan 15, 2015 6:13:47 PM org.ccnx.ccn.io.CCNOutputStream flushToNetwork
INFORMAÇÕES: HEADER: CCNOutputStream: flushToNetwork: new _baseNameIndex 1
Jan 15, 2015 6:13:47 PM org.ccnx.ccn.io.CCNAbstractOutputStream <init>
INFORMAÇÕES: CCNAbstractOutputStream: /repoTest/data2/=FD054B82D8BBF4/%C1.META.M/.header/=FD054B82D8BC3D blocksize is 4096
Jan 15, 2015 6:13:47 PM org.ccnx.ccn.io.CCNAbstractOutputStream startWrite
INFORMAÇÕES: CCNAbstractOutputStream: startWrite -- searching for keys.
Jan 15, 2015 6:13:47 PM org.ccnx.ccn.profiles.security.access.AccessControlManager keysForOutput
INFORMAÇÕES: keysForOutput: found an acm: (null)
Jan 15, 2015 6:13:47 PM org.ccnx.ccn.impl.repo.RepositoryFlowControl startWrite
INFORMAÇÕES: RepositoryFlowControl.startWrite called for name /repoTest/data2/=FD054B82D8BBF4/%C1.META.M/.header/=FD054B82D8BC3D, shape STREAM
Jan 15, 2015 6:13:47 PM org.ccnx.ccn.impl.repo.RepositoryFlowControl handleContent
INFORMAÇÕES: handleContent: got potential repo message: /repoTest/data2/=FD054B82D8BBF4/%C1.META.M/.header/=FD054B82D8BC3D/%C1.R.sw/%C1.N=00C2A6A6C3D9E22660
Jan 15, 2015 6:13:47 PM org.ccnx.ccn.io.CCNOutputStream flushToNetwork
INFORMAÇÕES: flush: outputting to the segmenter, baseName /repoTest/data2/=FD054B82D8BBF4/%C1.META.M/.header/=FD054B82D8BC3D basenameindex =00; 64 bytes written, holding back 64 flushing final blocks? false.
Jan 15, 2015 6:13:47 PM org.ccnx.ccn.io.CCNOutputStream flushToNetwork
INFORMAÇÕES: HEADER: CCNOutputStream: flushToNetwork: new _baseNameIndex 0
Jan 15, 2015 6:13:47 PM org.ccnx.ccn.io.CCNOutputStream flushToNetwork
INFORMAÇÕES: flush: outputting to the segmenter, baseName /repoTest/data2/=FD054B82D8BBF4/%C1.META.M/.header/=FD054B82D8BC3D basenameindex =00; 64 bytes written, holding back 64 flushing final blocks? false.
Jan 15, 2015 6:13:47 PM org.ccnx.ccn.io.CCNOutputStream flushToNetwork
INFORMAÇÕES: HEADER: CCNOutputStream: flushToNetwork: new _baseNameIndex 0
Jan 15, 2015 6:13:47 PM org.ccnx.ccn.io.CCNOutputStream flushToNetwork
INFORMAÇÕES: flush: outputting to the segmenter, baseName /repoTest/data2/=FD054B82D8BBF4/%C1.META.M/.header/=FD054B82D8BC3D basenameindex =00; 64 bytes written, holding back 0 flushing final blocks? true.
Jan 15, 2015 6:13:47 PM org.ccnx.ccn.io.CCNOutputStream flushToNetwork
INFORMAÇÕES: HEADER: CCNOutputStream: flushToNetwork: new _baseNameIndex 1
Jan 15, 2015 6:13:47 PM org.ccnx.ccn.io.CCNOutputStream close
INFORMAÇÕES: CCNOutputStream close: /repoTest/data2/=FD054B82D8BBF4/%C1.META.M/.header/=FD054B82D8BC3D
Jan 15, 2015 6:13:47 PM org.ccnx.ccn.io.CCNOutputStream close
INFORMAÇÕES: CCNOutputStream close: /repoTest/data2/=FD054B82D8BBF4
Jan 15, 2015 6:13:48 PM org.ccnx.ccn.impl.CCNFlowControl removeUnmatchedInterests
INFORMAÇÕES: Removing unmatched interest /ccnx.org/Users/Bob/Keys/%C1.M.K=00AAC20E3ABEA66A3BD6FC75A8F8EE66D1F8171D0195794F3CA82F8AD70595DA40/=FD054B82D7AB75
Jan 15, 2015 6:13:48 PM org.ccnx.ccn.io.CCNAbstractInputStream <init>
INFORMAÇÕES: CCNAbstractInputStream: /repoTest/data2/=FD054B82D8BBF4 segment 0
Jan 15, 2015 6:13:48 PM org.ccnx.ccn.io.CCNAbstractInputStream close
INFORMAÇÕES: CCNAbstractInputStream: close /repoTest/data2/=FD054B82D8BBF4:  shutting down pipelining
Jan 15, 2015 6:13:48 PM org.ccnx.ccn.impl.repo.BasicPolicy createPolicyXML
INFORMAÇÕES: Creating policy file
Jan 15, 2015 6:13:48 PM org.ccnx.ccn.io.content.CCNNetworkObject createFlowController
INFORMAÇÕES: Created REPOSITORY flow controller, for prefix /parc.com/csl/ccn/repositories/TestRepository/data/policy.xml, save type REPOSITORY
Jan 15, 2015 6:13:48 PM org.ccnx.ccn.impl.CCNFlowControl addNameSpace
INFORMAÇÕES: Flow controller addNameSpace: added namespace: /parc.com/csl/ccn/repositories/TestRepository/data/policy.xml
Jan 15, 2015 6:13:48 PM org.ccnx.ccn.impl.security.keys.BasicKeyManager getKeyLocator
INFORMAÇÕES: getKeyLocator: returning locator NAME: /ccnx.org/Users/root/Keys/%C1.M.K=009234ADEC47D19E3E6A2AF362D44E09AB6B71F43B1900BA0622FB45F2A5B7D9F6/=FD054AE7DE1000 KEY:-reba89rgbj1o6ata34t5eovcl4kho5s9pnv8nstq15q1ld4g9ga for key kjSt7EfRnj5qKvNi1E4Jq2tx9DsZALoGIvtF8qW32fY=
Jan 15, 2015 6:13:48 PM org.ccnx.ccn.io.CCNAbstractOutputStream <init>
INFORMAÇÕES: CCNAbstractOutputStream: /parc.com/csl/ccn/repositories/TestRepository/data/policy.xml/=FD054B82D8CD5C blocksize is 4096
Jan 15, 2015 6:13:48 PM org.ccnx.ccn.io.CCNAbstractOutputStream startWrite
INFORMAÇÕES: CCNAbstractOutputStream: startWrite -- searching for keys.
Jan 15, 2015 6:13:48 PM org.ccnx.ccn.profiles.security.access.AccessControlManager keysForOutput
INFORMAÇÕES: keysForOutput: found an acm: (null)
Jan 15, 2015 6:13:48 PM org.ccnx.ccn.impl.repo.RepositoryFlowControl startWrite
INFORMAÇÕES: RepositoryFlowControl.startWrite called for name /parc.com/csl/ccn/repositories/TestRepository/data/policy.xml/=FD054B82D8CD5C, shape STREAM
Jan 15, 2015 6:13:48 PM org.ccnx.ccn.impl.repo.RepositoryFlowControl handleContent
INFORMAÇÕES: handleContent: got potential repo message: /parc.com/csl/ccn/repositories/TestRepository/data/policy.xml/=FD054B82D8CD5C/%C1.R.sw/%C1.N=00E48C98AD9C712623
Jan 15, 2015 6:13:48 PM org.ccnx.ccn.io.CCNOutputStream flushToNetwork
INFORMAÇÕES: flush: outputting to the segmenter, baseName /parc.com/csl/ccn/repositories/TestRepository/data/policy.xml/=FD054B82D8CD5C basenameindex =00; 165 bytes written, holding back 165 flushing final blocks? false.
Jan 15, 2015 6:13:48 PM org.ccnx.ccn.io.CCNOutputStream flushToNetwork
INFORMAÇÕES: HEADER: CCNOutputStream: flushToNetwork: new _baseNameIndex 0
Jan 15, 2015 6:13:48 PM org.ccnx.ccn.io.CCNOutputStream flushToNetwork
INFORMAÇÕES: flush: outputting to the segmenter, baseName /parc.com/csl/ccn/repositories/TestRepository/data/policy.xml/=FD054B82D8CD5C basenameindex =00; 165 bytes written, holding back 165 flushing final blocks? false.
Jan 15, 2015 6:13:48 PM org.ccnx.ccn.io.CCNOutputStream flushToNetwork
INFORMAÇÕES: HEADER: CCNOutputStream: flushToNetwork: new _baseNameIndex 0
Jan 15, 2015 6:13:48 PM org.ccnx.ccn.io.CCNOutputStream flushToNetwork
INFORMAÇÕES: flush: outputting to the segmenter, baseName /parc.com/csl/ccn/repositories/TestRepository/data/policy.xml/=FD054B82D8CD5C basenameindex =00; 165 bytes written, holding back 0 flushing final blocks? true.
Jan 15, 2015 6:13:48 PM org.ccnx.ccn.io.CCNOutputStream flushToNetwork
INFORMAÇÕES: HEADER: CCNOutputStream: flushToNetwork: new _baseNameIndex 1
Jan 15, 2015 6:13:48 PM org.ccnx.ccn.io.CCNOutputStream close
INFORMAÇÕES: CCNOutputStream close: /parc.com/csl/ccn/repositories/TestRepository/data/policy.xml/=FD054B82D8CD5C
Jan 15, 2015 6:13:52 PM org.ccnx.ccn.impl.CCNFlowControl removeUnmatchedInterests
INFORMAÇÕES: Removing unmatched interest /ccnx.org/Users/Bob/Keys/%C1.M.K=00AAC20E3ABEA66A3BD6FC75A8F8EE66D1F8171D0195794F3CA82F8AD70595DA40/=FD054B82D7AB75
Jan 15, 2015 6:13:52 PM org.ccnx.ccn.impl.CCNFlowControl <init>
INFORMAÇÕES: adding namespace: /repoTest/data3
Jan 15, 2015 6:13:52 PM org.ccnx.ccn.impl.security.keys.BasicKeyManager getKeyLocator
INFORMAÇÕES: getKeyLocator: returning locator NAME: /ccnx.org/Users/root/Keys/%C1.M.K=009234ADEC47D19E3E6A2AF362D44E09AB6B71F43B1900BA0622FB45F2A5B7D9F6/=FD054AE7DE1000 KEY:-reba89rgbj1o6ata34t5eovcl4kho5s9pnv8nstq15q1ld4g9ga for key kjSt7EfRnj5qKvNi1E4Jq2tx9DsZALoGIvtF8qW32fY=
Jan 15, 2015 6:13:52 PM org.ccnx.ccn.io.CCNAbstractOutputStream <init>
INFORMAÇÕES: CCNAbstractOutputStream: /repoTest/data3/=FD054B82D90E4E blocksize is 4096
Jan 15, 2015 6:13:52 PM org.ccnx.ccn.io.CCNAbstractOutputStream startWrite
INFORMAÇÕES: CCNAbstractOutputStream: startWrite -- searching for keys.
Jan 15, 2015 6:13:52 PM org.ccnx.ccn.profiles.security.access.AccessControlManager keysForOutput
INFORMAÇÕES: keysForOutput: found an acm: (null)
Jan 15, 2015 6:13:52 PM org.ccnx.ccn.impl.repo.RepositoryFlowControl startWrite
INFORMAÇÕES: RepositoryFlowControl.startWrite called for name /repoTest/data3/=FD054B82D90E4E, shape STREAM
Jan 15, 2015 6:13:56 PM org.ccnx.ccn.impl.CCNFlowControl removeUnmatchedInterests
INFORMAÇÕES: Removing unmatched interest /ccnx.org/Users/Bob/Keys/%C1.M.K=00AAC20E3ABEA66A3BD6FC75A8F8EE66D1F8171D0195794F3CA82F8AD70595DA40/=FD054B82D7AB75
Jan 15, 2015 6:14:00 PM org.ccnx.ccn.impl.CCNFlowControl removeUnmatchedInterests
INFORMAÇÕES: Removing unmatched interest /ccnx.org/Users/Bob/Keys/%C1.M.K=00AAC20E3ABEA66A3BD6FC75A8F8EE66D1F8171D0195794F3CA82F8AD70595DA40/=FD054B82D7AB75
Jan 15, 2015 6:14:02 PM org.ccnx.ccn.impl.repo.RepositoryFlowControl startWrite
ADVERTÊNCIA: No response from a repository, cannot add name space : /repoTest/data3/=FD054B82D90E4E
Jan 15, 2015 6:14:02 PM org.ccnx.ccn.impl.CCNFlowControl <init>
INFORMAÇÕES: adding namespace: /testNameSpace/data1
Jan 15, 2015 6:14:02 PM org.ccnx.ccn.impl.security.keys.BasicKeyManager getKeyLocator
INFORMAÇÕES: getKeyLocator: returning locator NAME: /ccnx.org/Users/root/Keys/%C1.M.K=009234ADEC47D19E3E6A2AF362D44E09AB6B71F43B1900BA0622FB45F2A5B7D9F6/=FD054AE7DE1000 KEY:-reba89rgbj1o6ata34t5eovcl4kho5s9pnv8nstq15q1ld4g9ga for key kjSt7EfRnj5qKvNi1E4Jq2tx9DsZALoGIvtF8qW32fY=
Jan 15, 2015 6:14:02 PM org.ccnx.ccn.io.CCNAbstractOutputStream <init>
INFORMAÇÕES: CCNAbstractOutputStream: /testNameSpace/data1/=FD054B82D9AE87 blocksize is 4096
Jan 15, 2015 6:14:02 PM org.ccnx.ccn.io.CCNAbstractOutputStream startWrite
INFORMAÇÕES: CCNAbstractOutputStream: startWrite -- searching for keys.
Jan 15, 2015 6:14:02 PM org.ccnx.ccn.profiles.security.access.AccessControlManager keysForOutput
INFORMAÇÕES: keysForOutput: found an acm: (null)
Jan 15, 2015 6:14:02 PM org.ccnx.ccn.impl.repo.RepositoryFlowControl startWrite
INFORMAÇÕES: RepositoryFlowControl.startWrite called for name /testNameSpace/data1/=FD054B82D9AE87, shape STREAM
Jan 15, 2015 6:14:02 PM org.ccnx.ccn.impl.repo.RepositoryFlowControl handleContent
INFORMAÇÕES: handleContent: got potential repo message: /testNameSpace/data1/=FD054B82D9AE87/%C1.R.sw/%C1.N=000318655DC918B431
Jan 15, 2015 6:14:02 PM org.ccnx.ccn.io.CCNOutputStream flushToNetwork
INFORMAÇÕES: flush: outputting to the segmenter, baseName /testNameSpace/data1/=FD054B82D9AE87 basenameindex =00; 13 bytes written, holding back 0 flushing final blocks? true.
Jan 15, 2015 6:14:02 PM org.ccnx.ccn.io.CCNOutputStream flushToNetwork
INFORMAÇÕES: HEADER: CCNOutputStream: flushToNetwork: new _baseNameIndex 1
Jan 15, 2015 6:14:02 PM org.ccnx.ccn.io.CCNAbstractOutputStream <init>
INFORMAÇÕES: CCNAbstractOutputStream: /testNameSpace/data1/=FD054B82D9AE87/%C1.META.M/.header/=FD054B82D9AED5 blocksize is 4096
Jan 15, 2015 6:14:02 PM org.ccnx.ccn.io.CCNAbstractOutputStream startWrite
INFORMAÇÕES: CCNAbstractOutputStream: startWrite -- searching for keys.
Jan 15, 2015 6:14:02 PM org.ccnx.ccn.profiles.security.access.AccessControlManager keysForOutput
INFORMAÇÕES: keysForOutput: found an acm: (null)
Jan 15, 2015 6:14:02 PM org.ccnx.ccn.impl.repo.RepositoryFlowControl startWrite
INFORMAÇÕES: RepositoryFlowControl.startWrite called for name /testNameSpace/data1/=FD054B82D9AE87/%C1.META.M/.header/=FD054B82D9AED5, shape STREAM
Jan 15, 2015 6:14:02 PM org.ccnx.ccn.impl.repo.RepositoryFlowControl handleContent
INFORMAÇÕES: handleContent: got potential repo message: /testNameSpace/data1/=FD054B82D9AE87/%C1.META.M/.header/=FD054B82D9AED5/%C1.R.sw/%C1.N=00A9EB1C1DA169AEDB
Jan 15, 2015 6:14:02 PM org.ccnx.ccn.io.CCNOutputStream flushToNetwork
INFORMAÇÕES: flush: outputting to the segmenter, baseName /testNameSpace/data1/=FD054B82D9AE87/%C1.META.M/.header/=FD054B82D9AED5 basenameindex =00; 64 bytes written, holding back 64 flushing final blocks? false.
Jan 15, 2015 6:14:02 PM org.ccnx.ccn.io.CCNOutputStream flushToNetwork
INFORMAÇÕES: HEADER: CCNOutputStream: flushToNetwork: new _baseNameIndex 0
Jan 15, 2015 6:14:02 PM org.ccnx.ccn.io.CCNOutputStream flushToNetwork
INFORMAÇÕES: flush: outputting to the segmenter, baseName /testNameSpace/data1/=FD054B82D9AE87/%C1.META.M/.header/=FD054B82D9AED5 basenameindex =00; 64 bytes written, holding back 64 flushing final blocks? false.
Jan 15, 2015 6:14:02 PM org.ccnx.ccn.io.CCNOutputStream flushToNetwork
INFORMAÇÕES: HEADER: CCNOutputStream: flushToNetwork: new _baseNameIndex 0
Jan 15, 2015 6:14:02 PM org.ccnx.ccn.io.CCNOutputStream flushToNetwork
INFORMAÇÕES: flush: outputting to the segmenter, baseName /testNameSpace/data1/=FD054B82D9AE87/%C1.META.M/.header/=FD054B82D9AED5 basenameindex =00; 64 bytes written, holding back 0 flushing final blocks? true.
Jan 15, 2015 6:14:02 PM org.ccnx.ccn.io.CCNOutputStream flushToNetwork
INFORMAÇÕES: HEADER: CCNOutputStream: flushToNetwork: new _baseNameIndex 1
Jan 15, 2015 6:14:02 PM org.ccnx.ccn.io.CCNOutputStream close
INFORMAÇÕES: CCNOutputStream close: /testNameSpace/data1/=FD054B82D9AE87/%C1.META.M/.header/=FD054B82D9AED5
Jan 15, 2015 6:14:02 PM org.ccnx.ccn.io.CCNOutputStream close
INFORMAÇÕES: CCNOutputStream close: /testNameSpace/data1/=FD054B82D9AE87
Jan 15, 2015 6:14:03 PM org.ccnx.ccn.io.CCNAbstractInputStream <init>
INFORMAÇÕES: CCNAbstractInputStream: /testNameSpace/data1/=FD054B82D9AE87 segment 0
Jan 15, 2015 6:14:03 PM org.ccnx.ccn.io.CCNAbstractInputStream close
INFORMAÇÕES: CCNAbstractInputStream: close /testNameSpace/data1/=FD054B82D9AE87:  shutting down pipelining
Jan 15, 2015 6:14:03 PM org.ccnx.ccn.impl.repo.BasicPolicy createPolicyXML
INFORMAÇÕES: Creating policy file
Jan 15, 2015 6:14:04 PM org.ccnx.ccn.io.content.CCNNetworkObject createFlowController
INFORMAÇÕES: Created REPOSITORY flow controller, for prefix /parc.com/csl/ccn/repositories/TestRepository/data/policy.xml, save type REPOSITORY
Jan 15, 2015 6:14:04 PM org.ccnx.ccn.impl.CCNFlowControl addNameSpace
INFORMAÇÕES: Flow controller addNameSpace: added namespace: /parc.com/csl/ccn/repositories/TestRepository/data/policy.xml
Jan 15, 2015 6:14:04 PM org.ccnx.ccn.impl.security.keys.BasicKeyManager getKeyLocator
INFORMAÇÕES: getKeyLocator: returning locator NAME: /ccnx.org/Users/root/Keys/%C1.M.K=009234ADEC47D19E3E6A2AF362D44E09AB6B71F43B1900BA0622FB45F2A5B7D9F6/=FD054AE7DE1000 KEY:-reba89rgbj1o6ata34t5eovcl4kho5s9pnv8nstq15q1ld4g9ga for key kjSt7EfRnj5qKvNi1E4Jq2tx9DsZALoGIvtF8qW32fY=
Jan 15, 2015 6:14:04 PM org.ccnx.ccn.io.CCNAbstractOutputStream <init>
INFORMAÇÕES: CCNAbstractOutputStream: /parc.com/csl/ccn/repositories/TestRepository/data/policy.xml/=FD054B82D9C0A8 blocksize is 4096
Jan 15, 2015 6:14:04 PM org.ccnx.ccn.io.CCNAbstractOutputStream startWrite
INFORMAÇÕES: CCNAbstractOutputStream: startWrite -- searching for keys.
Jan 15, 2015 6:14:04 PM org.ccnx.ccn.profiles.security.access.AccessControlManager keysForOutput
INFORMAÇÕES: keysForOutput: found an acm: (null)
Jan 15, 2015 6:14:04 PM org.ccnx.ccn.impl.repo.RepositoryFlowControl startWrite
INFORMAÇÕES: RepositoryFlowControl.startWrite called for name /parc.com/csl/ccn/repositories/TestRepository/data/policy.xml/=FD054B82D9C0A8, shape STREAM
Jan 15, 2015 6:14:04 PM org.ccnx.ccn.impl.repo.RepositoryFlowControl handleContent
INFORMAÇÕES: handleContent: got potential repo message: /parc.com/csl/ccn/repositories/TestRepository/data/policy.xml/=FD054B82D9C0A8/%C1.R.sw/%C1.N=0011569093D400F8E2
Jan 15, 2015 6:14:04 PM org.ccnx.ccn.io.CCNOutputStream flushToNetwork
INFORMAÇÕES: flush: outputting to the segmenter, baseName /parc.com/csl/ccn/repositories/TestRepository/data/policy.xml/=FD054B82D9C0A8 basenameindex =00; 133 bytes written, holding back 133 flushing final blocks? false.
Jan 15, 2015 6:14:04 PM org.ccnx.ccn.io.CCNOutputStream flushToNetwork
INFORMAÇÕES: HEADER: CCNOutputStream: flushToNetwork: new _baseNameIndex 0
Jan 15, 2015 6:14:04 PM org.ccnx.ccn.io.CCNOutputStream flushToNetwork
INFORMAÇÕES: flush: outputting to the segmenter, baseName /parc.com/csl/ccn/repositories/TestRepository/data/policy.xml/=FD054B82D9C0A8 basenameindex =00; 133 bytes written, holding back 133 flushing final blocks? false.
Jan 15, 2015 6:14:04 PM org.ccnx.ccn.io.CCNOutputStream flushToNetwork
INFORMAÇÕES: HEADER: CCNOutputStream: flushToNetwork: new _baseNameIndex 0
Jan 15, 2015 6:14:04 PM org.ccnx.ccn.io.CCNOutputStream flushToNetwork
INFORMAÇÕES: flush: outputting to the segmenter, baseName /parc.com/csl/ccn/repositories/TestRepository/data/policy.xml/=FD054B82D9C0A8 basenameindex =00; 133 bytes written, holding back 0 flushing final blocks? true.
Jan 15, 2015 6:14:04 PM org.ccnx.ccn.io.CCNOutputStream flushToNetwork
INFORMAÇÕES: HEADER: CCNOutputStream: flushToNetwork: new _baseNameIndex 1
Jan 15, 2015 6:14:04 PM org.ccnx.ccn.io.CCNOutputStream close
INFORMAÇÕES: CCNOutputStream close: /parc.com/csl/ccn/repositories/TestRepository/data/policy.xml/=FD054B82D9C0A8
Jan 15, 2015 6:14:04 PM org.ccnx.ccn.impl.CCNFlowControl removeUnmatchedInterests
INFORMAÇÕES: Removing unmatched interest /ccnx.org/Users/Bob/Keys/%C1.M.K=00AAC20E3ABEA66A3BD6FC75A8F8EE66D1F8171D0195794F3CA82F8AD70595DA40/=FD054B82D7AB75
Jan 15, 2015 6:14:04 PM org.ccnx.ccn.impl.repo.RepositoryFlowControl handleContent
INFORMAÇÕES: handleContent: got potential repo message: /repoTest/data3/=FD054B82D90E4E/%C1.R.sw/%C1.N=0023D0B4521C0A97BE
Jan 15, 2015 6:14:08 PM org.ccnx.ccn.impl.CCNFlowControl <init>
INFORMAÇÕES: adding namespace: /repoTest/data4
Jan 15, 2015 6:14:08 PM org.ccnx.ccn.impl.security.keys.BasicKeyManager getKeyLocator
INFORMAÇÕES: getKeyLocator: returning locator NAME: /ccnx.org/Users/root/Keys/%C1.M.K=009234ADEC47D19E3E6A2AF362D44E09AB6B71F43B1900BA0622FB45F2A5B7D9F6/=FD054AE7DE1000 KEY:-reba89rgbj1o6ata34t5eovcl4kho5s9pnv8nstq15q1ld4g9ga for key kjSt7EfRnj5qKvNi1E4Jq2tx9DsZALoGIvtF8qW32fY=
Jan 15, 2015 6:14:08 PM org.ccnx.ccn.io.CCNAbstractOutputStream <init>
INFORMAÇÕES: CCNAbstractOutputStream: /repoTest/data4/=FD054B82DA01C7 blocksize is 4096
Jan 15, 2015 6:14:08 PM org.ccnx.ccn.io.CCNAbstractOutputStream startWrite
INFORMAÇÕES: CCNAbstractOutputStream: startWrite -- searching for keys.
Jan 15, 2015 6:14:08 PM org.ccnx.ccn.profiles.security.access.AccessControlManager keysForOutput
INFORMAÇÕES: keysForOutput: found an acm: (null)
Jan 15, 2015 6:14:08 PM org.ccnx.ccn.impl.repo.RepositoryFlowControl startWrite
INFORMAÇÕES: RepositoryFlowControl.startWrite called for name /repoTest/data4/=FD054B82DA01C7, shape STREAM
Jan 15, 2015 6:14:08 PM org.ccnx.ccn.impl.repo.RepositoryFlowControl handleContent
INFORMAÇÕES: handleContent: got potential repo message: /repoTest/data4/=FD054B82DA01C7/%C1.R.sw/%C1.N%00Xr=130EF66E723C
Jan 15, 2015 6:14:08 PM org.ccnx.ccn.io.CCNOutputStream flushToNetwork
INFORMAÇÕES: flush: outputting to the segmenter, baseName /repoTest/data4/=FD054B82DA01C7 basenameindex =00; 13 bytes written, holding back 0 flushing final blocks? true.
Jan 15, 2015 6:14:08 PM org.ccnx.ccn.io.CCNOutputStream flushToNetwork
INFORMAÇÕES: HEADER: CCNOutputStream: flushToNetwork: new _baseNameIndex 1
Jan 15, 2015 6:14:08 PM org.ccnx.ccn.io.CCNAbstractOutputStream <init>
INFORMAÇÕES: CCNAbstractOutputStream: /repoTest/data4/=FD054B82DA01C7/%C1.META.M/.header/=FD054B82DA0210 blocksize is 4096
Jan 15, 2015 6:14:08 PM org.ccnx.ccn.io.CCNAbstractOutputStream startWrite
INFORMAÇÕES: CCNAbstractOutputStream: startWrite -- searching for keys.
Jan 15, 2015 6:14:08 PM org.ccnx.ccn.profiles.security.access.AccessControlManager keysForOutput
INFORMAÇÕES: keysForOutput: found an acm: (null)
Jan 15, 2015 6:14:08 PM org.ccnx.ccn.impl.repo.RepositoryFlowControl startWrite
INFORMAÇÕES: RepositoryFlowControl.startWrite called for name /repoTest/data4/=FD054B82DA01C7/%C1.META.M/.header/=FD054B82DA0210, shape STREAM
Jan 15, 2015 6:14:08 PM org.ccnx.ccn.impl.repo.RepositoryFlowControl handleContent
INFORMAÇÕES: handleContent: got potential repo message: /repoTest/data4/=FD054B82DA01C7/%C1.META.M/.header/=FD054B82DA0210/%C1.R.sw/%C1.N%00S=A7B1FD5A2AB5C6
Jan 15, 2015 6:14:08 PM org.ccnx.ccn.io.CCNOutputStream flushToNetwork
INFORMAÇÕES: flush: outputting to the segmenter, baseName /repoTest/data4/=FD054B82DA01C7/%C1.META.M/.header/=FD054B82DA0210 basenameindex =00; 64 bytes written, holding back 64 flushing final blocks? false.
Jan 15, 2015 6:14:08 PM org.ccnx.ccn.io.CCNOutputStream flushToNetwork
INFORMAÇÕES: HEADER: CCNOutputStream: flushToNetwork: new _baseNameIndex 0
Jan 15, 2015 6:14:08 PM org.ccnx.ccn.io.CCNOutputStream flushToNetwork
INFORMAÇÕES: flush: outputting to the segmenter, baseName /repoTest/data4/=FD054B82DA01C7/%C1.META.M/.header/=FD054B82DA0210 basenameindex =00; 64 bytes written, holding back 64 flushing final blocks? false.
Jan 15, 2015 6:14:08 PM org.ccnx.ccn.io.CCNOutputStream flushToNetwork
INFORMAÇÕES: HEADER: CCNOutputStream: flushToNetwork: new _baseNameIndex 0
Jan 15, 2015 6:14:08 PM org.ccnx.ccn.io.CCNOutputStream flushToNetwork
INFORMAÇÕES: flush: outputting to the segmenter, baseName /repoTest/data4/=FD054B82DA01C7/%C1.META.M/.header/=FD054B82DA0210 basenameindex =00; 64 bytes written, holding back 0 flushing final blocks? true.
Jan 15, 2015 6:14:08 PM org.ccnx.ccn.io.CCNOutputStream flushToNetwork
INFORMAÇÕES: HEADER: CCNOutputStream: flushToNetwork: new _baseNameIndex 1
Jan 15, 2015 6:14:08 PM org.ccnx.ccn.io.CCNOutputStream close
INFORMAÇÕES: CCNOutputStream close: /repoTest/data4/=FD054B82DA01C7/%C1.META.M/.header/=FD054B82DA0210
Jan 15, 2015 6:14:08 PM org.ccnx.ccn.io.CCNOutputStream close
INFORMAÇÕES: CCNOutputStream close: /repoTest/data4/=FD054B82DA01C7
Jan 15, 2015 6:14:09 PM org.ccnx.ccn.io.CCNAbstractInputStream <init>
INFORMAÇÕES: CCNAbstractInputStream: /repoTest/data4/=FD054B82DA01C7 segment 0
Jan 15, 2015 6:14:09 PM org.ccnx.ccn.io.CCNAbstractInputStream close
INFORMAÇÕES: CCNAbstractInputStream: close /repoTest/data4/=FD054B82DA01C7:  shutting down pipelining
Jan 15, 2015 6:14:09 PM org.ccnx.ccn.repo.RepoIOTest testPolicyViaCCN
INFORMAÇÕES: Completed testPolicyViaCCN
Jan 15, 2015 6:14:09 PM org.ccnx.ccn.repo.RepoIOTest testReadFromRepo
INFORMAÇÕES: Starting testReadFromRepo
Jan 15, 2015 6:14:12 PM org.ccnx.ccn.impl.CCNFlowControl removeUnmatchedInterests
INFORMAÇÕES: Removing unmatched interest /repoTest/data3/=FD054B82D90E4E/=00
Jan 15, 2015 6:14:16 PM org.ccnx.ccn.io.CCNAbstractInputStream <init>
INFORMAÇÕES: CCNAbstractInputStream: /ccnx.org/test/RepoIOTest-15-01-15-18.13.17/testRepoIO/stream-3726 segment 0
Jan 15, 2015 6:14:16 PM org.ccnx.ccn.impl.CCNFlowControl removeUnmatchedInterests
INFORMAÇÕES: Removing unmatched interest /ccnx.org/test/RepoIOTest-15-01-15-18.13.17/testRepoIO/stream-3726/%C1.R.sw-c/%C1.N=00D0842BCCAB5738A3/=00/=BBBF0847CD960FB3A55517A996C5D3CB77D8E962F6371F0DB3FC30EB3B80536A
Jan 15, 2015 6:14:16 PM org.ccnx.ccn.repo.RepoIOTest testReadFromRepo
INFORMAÇÕES: Completed testReadFromRepo
Jan 15, 2015 6:14:16 PM org.ccnx.ccn.impl.CCNNetworkManager shutdown
INFORMAÇÕES: NetworkManager 2: Shutdown requested
Jan 15, 2015 6:14:16 PM org.ccnx.ccn.impl.CCNNetworkManager run
INFORMAÇÕES: NetworkManager 2: Shutdown complete for port: 63000
Jan 15, 2015 6:14:16 PM org.ccnx.ccn.impl.CCNNetworkChannel close
INFORMAÇÕES: NetworkChannel 2: close(false)
Jan 15, 2015 6:14:16 PM org.ccnx.ccn.impl.CCNNetworkManager shutdown
INFORMAÇÕES: NetworkManager 3: Shutdown requested
Jan 15, 2015 6:14:16 PM org.ccnx.ccn.impl.CCNNetworkManager run
INFORMAÇÕES: NetworkManager 3: Shutdown complete for port: 63000
Jan 15, 2015 6:14:16 PM org.ccnx.ccn.impl.CCNNetworkChannel close
INFORMAÇÕES: NetworkChannel 3: close(false)
Jan 15, 2015 6:14:16 PM org.ccnx.ccn.impl.CCNNetworkManager shutdown
INFORMAÇÕES: NetworkManager 1: Shutdown requested
Jan 15, 2015 6:14:16 PM org.ccnx.ccn.impl.CCNNetworkChannel close
INFORMAÇÕES: NetworkChannel 1: close(false)
Jan 15, 2015 6:14:16 PM org.ccnx.ccn.impl.CCNNetworkManager run
INFORMAÇÕES: NetworkManager 1: Shutdown complete for port: 63000
Jan 15, 2015 6:14:16 PM org.ccnx.ccn.impl.security.keys.BasicKeyManager saveSecureKeyCache
INFORMAÇÕES: Not saving key manager secure key cache data in response to user configuration variable.
]]></system-err>
</testsuite>
