<?xml version="1.0" encoding="UTF-8" ?>
<testsuite errors="0" failures="0" hostname="barbara-Notebook" name="org.ccnx.ccn.profiles.sync.SyncTestRepo" skipped="0" tests="9" time="93.857" timestamp="2015-01-15T21:20:23">
  <properties>
    <property name="java.vendor" value="Oracle Corporation" />
    <property name="src.test.dir" value="/home/barbara/jaime/ccnx-0.8.1/javasrc/src/test" />
    <property name="jarfile" value="/home/barbara/jaime/ccnx-0.8.1/javasrc/ccn.jar" />
    <property name="PROTOCOL_KEY" value="ccn.agent.protocol" />
    <property name="sun.java.launcher" value="SUN_STANDARD" />
    <property name="sun.management.compiler" value="HotSpot 64-Bit Tiered Compilers" />
    <property name="ccnr" value="/home/barbara/jaime/ccnx-0.8.1/csrc/ccnr/ccnr" />
    <property name="jarfile-base" value="ccn.jar" />
    <property name="env.MAKELEVEL" value="2" />
    <property name="ccn-libs-basedir" value="/home/barbara/jaime/ccnx-0.8.1/javasrc" />
    <property name="env.SUDO_COMMAND" value="/usr/bin/make test" />
    <property name="ant.file.type.java-ccnx" value="file" />
    <property name="REPO_GLOBAL" value="/parc.com/csl/ccn/repositories/TestRepository" />
    <property name="CCND_CAP" value="50000" />
    <property name="lib" value="/home/barbara/jaime/ccnx-0.8.1/javasrc/lib" />
    <property name="SYNC_NOISY" value="FINEST" />
    <property name="os.name" value="Linux" />
    <property name="sun.boot.class.path" value="/usr/lib/jvm/java-7-openjdk-amd64/jre/lib/resources.jar:/usr/lib/jvm/java-7-openjdk-amd64/jre/lib/rt.jar:/usr/lib/jvm/java-7-openjdk-amd64/jre/lib/sunrsasign.jar:/usr/lib/jvm/java-7-openjdk-amd64/jre/lib/jsse.jar:/usr/lib/jvm/java-7-openjdk-amd64/jre/lib/jce.jar:/usr/lib/jvm/java-7-openjdk-amd64/jre/lib/charsets.jar:/usr/lib/jvm/java-7-openjdk-amd64/jre/lib/rhino.jar:/usr/lib/jvm/java-7-openjdk-amd64/jre/lib/jfr.jar:/usr/lib/jvm/java-7-openjdk-amd64/jre/classes" />
    <property name="env.PWD" value="/home/barbara/jaime/ccnx-0.8.1/javasrc" />
    <property name="JAVA_MEMORY" value="1g" />
    <property name="env.LANG" value="pt_BR.UTF-8" />
    <property name="java.vm.specification.vendor" value="Oracle Corporation" />
    <property name="ccnd" value="/home/barbara/jaime/ccnx-0.8.1/csrc/ccnd/ccnd" />
    <property name="ant.home" value="/usr/share/ant" />
    <property name="java.runtime.version" value="1.7.0_65-b32" />
    <property name="org.ccnx.ccn.LogDir" value="/home/barbara/jaime/ccnx-0.8.1/javasrc/testout/log" />
    <property name="env.DISPLAY" value=":0" />
    <property name="REPO_ROOT" value="/home/barbara/jaime/ccnx-0.8.1/javasrc/testout/repotest" />
    <property name="user.name" value="root" />
    <property name="CCND_CMD" value="../../csrc/ccnd/ccnd" />
    <property name="env.USER" value="root" />
    <property name="env.SHELL" value="/bin/bash" />
    <property name="DEBUG_OPTIONS" value="" />
    <property name="env.PATH" value="/usr/local/sbin:/usr/local/bin:/usr/sbin:/usr/bin:/sbin:/bin" />
    <property name="user.language" value="pt" />
    <property name="build" value="/home/barbara/jaime/ccnx-0.8.1/javasrc/build" />
    <property name="sun.boot.library.path" value="/usr/lib/jvm/java-7-openjdk-amd64/jre/lib/amd64" />
    <property name="ant.project.default-target" value="jar" />
    <property name="org.ccnx.ccn.LogLevel.Test" value="FINEST" />
    <property name="ant.project.name" value="java-ccnx" />
    <property name="java.version" value="1.7.0_65" />
    <property name="user.timezone" value="" />
    <property name="sun.arch.data.model" value="64" />
    <property name="testout" value="/home/barbara/jaime/ccnx-0.8.1/javasrc/testout" />
    <property name="java.endorsed.dirs" value="/usr/lib/jvm/java-7-openjdk-amd64/jre/lib/endorsed" />
    <property name="sun.cpu.isalist" value="" />
    <property name="sun.jnu.encoding" value="UTF-8" />
    <property name="file.encoding.pkg" value="sun.io" />
    <property name="showoutput" value="no" />
    <property name="file.separator" value="/" />
    <property name="java.specification.name" value="Java Platform API Specification" />
    <property name="USE_KEY_CONFIG_VAL" value="false" />
    <property name="repo2" value="true" />
    <property name="java.class.version" value="51.0" />
    <property name="TOP_DIR" value="../src/systemtest" />
    <property name="user.country" value="BR" />
    <property name="java.home" value="/usr/lib/jvm/java-7-openjdk-amd64/jre" />
    <property name="java.vm.info" value="mixed mode" />
    <property name="env.LOGNAME" value="root" />
    <property name="ant.file" value="/home/barbara/jaime/ccnx-0.8.1/javasrc/build.xml" />
    <property name="os.version" value="3.16.0-29-generic" />
    <property name="REPO_LOCAL_ROOT" value="repotest" />
    <property name="ant.file.type.ccn-libs" value="file" />
    <property name="REPO_LOCAL" value="TestRepository" />
    <property name="path.separator" value=":" />
    <property name="java.vm.version" value="24.65-b04" />
    <property name="env.LANGUAGE" value="pt_BR:pt:en" />
    <property name="EXIT_ON_ERROR" value="org.ccnx.ExitOnNetworkError" />
    <property name="ant.library.dir" value="/usr/share/ant/lib" />
    <property name="java.awt.printerjob" value="sun.print.PSPrinterJob" />
    <property name="env.TERM" value="xterm" />
    <property name="sun.io.unicode.encoding" value="UnicodeLittle" />
    <property name="env.SUDO_UID" value="1000" />
    <property name="org.ccnx.ccn.LogLevel.Sync" value="FINEST" />
    <property name="awt.toolkit" value="sun.awt.X11.XToolkit" />
    <property name="build-excludes" value="bin/**, log/**, lib/**, libsrc/**, repository/**, build/**, testout/**, ktrace.out, CCN_DEBUG_DATA/**" />
    <property name="user.home" value="/root" />
    <property name="env.OLDPWD" value="/home/barbara/jaime/ccnx-0.8.1" />
    <property name="java.specification.vendor" value="Oracle Corporation" />
    <property name="env.MFLAGS" value="-w" />
    <property name="LOGDIR_KEY" value="org.ccnx.ccn.LogDir" />
    <property name="java.library.path" value="/usr/java/packages/lib/amd64:/usr/lib/x86_64-linux-gnu/jni:/lib/x86_64-linux-gnu:/usr/lib/x86_64-linux-gnu:/usr/lib/jni:/lib:/usr/lib" />
    <property name="java.vendor.url" value="http://java.oracle.com/" />
    <property name="org.ccnx.ExitOnNetworkError" value="true" />
    <property name="java.vm.vendor" value="Oracle Corporation" />
    <property name="CCND_DEBUG" value="87" />
    <property name="env.MAKEFLAGS" value="w" />
    <property name="java.runtime.name" value="OpenJDK Runtime Environment" />
    <property name="ant.version" value="Apache Ant(TM) version 1.9.4 compiled on May 9 2014" />
    <property name="sun.java.command" value="org.apache.tools.ant.taskdefs.optional.junit.JUnitTestRunner org.ccnx.ccn.profiles.sync.SyncTestRepo skipNonTests=false filtertrace=true haltOnError=false haltOnFailure=true formatter=org.apache.tools.ant.taskdefs.optional.junit.SummaryJUnitResultFormatter showoutput=false outputtoformatters=true logfailedtests=true threadid=0 logtestlistenerevents=false formatter=org.apache.tools.ant.taskdefs.optional.junit.XMLJUnitResultFormatter,/home/barbara/jaime/ccnx-0.8.1/javasrc/testout/TEST-org.ccnx.ccn.profiles.sync.SyncTestRepo.xml crashfile=/home/barbara/jaime/ccnx-0.8.1/javasrc/junitvmwatcher6954228058389180299.properties propsfile=/home/barbara/jaime/ccnx-0.8.1/javasrc/junit5703142895176320332.properties" />
    <property name="java.class.path" value="/home/barbara/jaime/ccnx-0.8.1/javasrc/lib/bcprov-jdk16-143.jar:/home/barbara/jaime/ccnx-0.8.1/javasrc/lib/kxml2-2.3.0.jar:/home/barbara/jaime/ccnx-0.8.1/javasrc/lib/junit-4.3.1.jar:/home/barbara/jaime/ccnx-0.8.1/javasrc/ccn.jar:/usr/share/java/ant-launcher-1.9.4.jar:/usr/share/ant/lib/ant.jar:/usr/share/ant/lib/ant-junit.jar:/usr/share/ant/lib/ant-junit4.jar" />
    <property name="xml-jar" value="/home/barbara/jaime/ccnx-0.8.1/javasrc/lib/kxml2-2.3.0.jar" />
    <property name="junit-jar" value="/home/barbara/jaime/ccnx-0.8.1/javasrc/lib/junit-4.3.1.jar" />
    <property name="java.vm.specification.name" value="Java Virtual Machine Specification" />
    <property name="bcprov-jar" value="/home/barbara/jaime/ccnx-0.8.1/javasrc/lib/bcprov-jdk16-143.jar" />
    <property name="ant.file.type" value="file" />
    <property name="java.vm.specification.version" value="1.7" />
    <property name="sun.cpu.endian" value="little" />
    <property name="sun.os.patch.level" value="unknown" />
    <property name="cmddir" value="/home/barbara/jaime/ccnx-0.8.1/csrc/cmd" />
    <property name="env.HOME" value="/home/barbara" />
    <property name="env.LS_COLORS" value="rs=0:di=01;34:ln=01;36:mh=00:pi=40;33:so=01;35:do=01;35:bd=40;33;01:cd=40;33;01:or=40;31;01:su=37;41:sg=30;43:ca=30;41:tw=30;42:ow=34;42:st=37;44:ex=01;32:*.tar=01;31:*.tgz=01;31:*.arc=01;31:*.arj=01;31:*.taz=01;31:*.lha=01;31:*.lz4=01;31:*.lzh=01;31:*.lzma=01;31:*.tlz=01;31:*.txz=01;31:*.tzo=01;31:*.t7z=01;31:*.zip=01;31:*.z=01;31:*.Z=01;31:*.dz=01;31:*.gz=01;31:*.lrz=01;31:*.lz=01;31:*.lzo=01;31:*.xz=01;31:*.bz2=01;31:*.bz=01;31:*.tbz=01;31:*.tbz2=01;31:*.tz=01;31:*.deb=01;31:*.rpm=01;31:*.jar=01;31:*.war=01;31:*.ear=01;31:*.sar=01;31:*.rar=01;31:*.alz=01;31:*.ace=01;31:*.zoo=01;31:*.cpio=01;31:*.7z=01;31:*.rz=01;31:*.cab=01;31:*.jpg=01;35:*.jpeg=01;35:*.gif=01;35:*.bmp=01;35:*.pbm=01;35:*.pgm=01;35:*.ppm=01;35:*.tga=01;35:*.xbm=01;35:*.xpm=01;35:*.tif=01;35:*.tiff=01;35:*.png=01;35:*.svg=01;35:*.svgz=01;35:*.mng=01;35:*.pcx=01;35:*.mov=01;35:*.mpg=01;35:*.mpeg=01;35:*.m2v=01;35:*.mkv=01;35:*.webm=01;35:*.ogm=01;35:*.mp4=01;35:*.m4v=01;35:*.mp4v=01;35:*.vob=01;35:*.qt=01;35:*.nuv=01;35:*.wmv=01;35:*.asf=01;35:*.rm=01;35:*.rmvb=01;35:*.flc=01;35:*.avi=01;35:*.fli=01;35:*.flv=01;35:*.gl=01;35:*.dl=01;35:*.xcf=01;35:*.xwd=01;35:*.yuv=01;35:*.cgm=01;35:*.emf=01;35:*.axv=01;35:*.anx=01;35:*.ogv=01;35:*.ogx=01;35:*.aac=00;36:*.au=00;36:*.flac=00;36:*.m4a=00;36:*.mid=00;36:*.midi=00;36:*.mka=00;36:*.mp3=00;36:*.mpc=00;36:*.ogg=00;36:*.ra=00;36:*.wav=00;36:*.axa=00;36:*.oga=00;36:*.spx=00;36:*.xspf=00;36:" />
    <property name="java.io.tmpdir" value="/tmp" />
    <property name="repozip" value="repotest.zip" />
    <property name="ccn.agent.port" value="63000" />
    <property name="java.vendor.url.bug" value="http://bugreport.sun.com/bugreport/" />
    <property name="UNIT_TOP_DIR" value="../src/test" />
    <property name="ant.file.ccn-libs" value="/home/barbara/jaime/ccnx-0.8.1/javasrc/libs.xml" />
    <property name="java.awt.graphicsenv" value="sun.awt.X11GraphicsEnvironment" />
    <property name="os.arch" value="amd64" />
    <property name="java.ext.dirs" value="/usr/lib/jvm/java-7-openjdk-amd64/jre/lib/ext:/usr/java/packages/lib/ext" />
    <property name="env.SUDO_USER" value="barbara" />
    <property name="user.dir" value="/home/barbara/jaime/ccnx-0.8.1/javasrc/testout" />
    <property name="env.XAUTHORITY" value="/home/barbara/.Xauthority" />
    <property name="ant.file.java-ccnx" value="/home/barbara/jaime/ccnx-0.8.1/javasrc/build.xml" />
    <property name="line.separator" value="&#xa;" />
    <property name="java.vm.name" value="OpenJDK 64-Bit Server VM" />
    <property name="env.COLORTERM" value="gnome-terminal" />
    <property name="TEST_PORT" value="63000" />
    <property name="basedir" value="/home/barbara/jaime/ccnx-0.8.1/javasrc" />
    <property name="ant.java.version" value="1.7" />
    <property name="ant.core.lib" value="/usr/share/ant/lib/ant.jar" />
    <property name="env.USERNAME" value="root" />
    <property name="file.encoding" value="UTF-8" />
    <property name="env.MAIL" value="/var/mail/root" />
    <property name="src.systemtest.dir" value="/home/barbara/jaime/ccnx-0.8.1/javasrc/src/systemtest" />
    <property name="env.SUDO_GID" value="1000" />
    <property name="testoutlog" value="/home/barbara/jaime/ccnx-0.8.1/javasrc/testout/log" />
    <property name="java.specification.version" value="1.7" />
    <property name="src.dir" value="/home/barbara/jaime/ccnx-0.8.1/javasrc/src/main" />
    <property name="ant.project.invoked-targets" value="test" />
    <property name="USE_KEY_CONFIG_KEY" value="org.ccnx.config.UseKeyConfiguration" />
    <property name="REPO_ROOT2" value="/home/barbara/jaime/ccnx-0.8.1/javasrc/testout/repotest2" />
    <property name="org.ccnx.config.UseKeyConfiguration" value="false" />
  </properties>
  <testcase classname="org.ccnx.ccn.profiles.sync.SyncTestRepo" name="testSyncRestart" time="20.271" />
  <testcase classname="org.ccnx.ccn.profiles.sync.SyncTestRepo" name="testSyncRoot" time="13.969" />
  <testcase classname="org.ccnx.ccn.profiles.sync.SyncTestRepo" name="testSyncStartWithoutHandle" time="0.388" />
  <testcase classname="org.ccnx.ccn.profiles.sync.SyncTestRepo" name="testSyncClose" time="19.34" />
  <testcase classname="org.ccnx.ccn.profiles.sync.SyncTestRepo" name="testCallbackRegistration" time="5.49" />
  <testcase classname="org.ccnx.ccn.profiles.sync.SyncTestRepo" name="testSyncRecovery" time="16.955" />
  <testcase classname="org.ccnx.ccn.profiles.sync.SyncTestRepo" name="testSyncStartWithHandle" time="0.437" />
  <testcase classname="org.ccnx.ccn.profiles.sync.SyncTestRepo" name="testSyncStartName" time="5.142" />
  <testcase classname="org.ccnx.ccn.profiles.sync.SyncTestRepo" name="testMultiSync" time="7.24" />
  <system-out><![CDATA[Writing log records to /home/barbara/jaime/ccnx-0.8.1/javasrc/testout/log/ccn_15-01-15-182023-5675.log
]]></system-out>
  <system-err><![CDATA[Jan 15, 2015 6:20:23 PM org.ccnx.ccn.impl.support.Log <clinit>
INFORMAÇÕES: Set log level for facility org.ccnx.ccn.LogLevel.Test to FINEST
Jan 15, 2015 6:20:23 PM org.ccnx.ccn.impl.support.Log <clinit>
INFORMAÇÕES: Set log level for facility org.ccnx.ccn.LogLevel.Sync to FINEST
Jan 15, 2015 6:20:23 PM org.ccnx.ccn.CCNTestHelper <init>
INFORMAÇÕES: Initializing test org.ccnx.ccn.profiles.sync.SyncTestRepo, data can be found under /ccnx.org/test/SyncTestRepo-15-01-15-18.20.23.
Jan 15, 2015 6:20:23 PM org.ccnx.ccn.impl.security.keys.BasicKeyManager loadKeyStore
INFORMAÇÕES: Loading CCN key store from /root/.ccnx/.ccnx_keystore...last modified 1420721633000(ms).
Jan 15, 2015 6:20:23 PM org.ccnx.ccn.impl.security.keys.BasicKeyManager readKeyStore
INFORMAÇÕES: Loading CCN key store...
Jan 15, 2015 6:20:23 PM org.ccnx.ccn.impl.security.keys.BasicKeyManager loadKeyStore
INFORMAÇÕES: Loaded CCN key store from /root/.ccnx/.ccnx_keystore...version 2015-01-08 09:53:53.0 ms: 1420721633000
Jan 15, 2015 6:20:23 PM org.ccnx.ccn.impl.security.keys.BasicKeyManager loadValuesFromKeystore
INFORMAÇÕES: Loading key store file:/root/.ccnx/.ccnx_keystore version 2015-01-08 09:53:53.0 version component =FD054AE7DE1000 millis 1420721633000
Jan 15, 2015 6:20:23 PM org.ccnx.ccn.impl.security.keys.BasicKeyManager loadValuesFromKeystore
INFORMAÇÕES: Default key ID for user root: kjSt7EfRnj5qKvNi1E4Jq2tx9DsZALoGIvtF8qW32fY=
Jan 15, 2015 6:20:23 PM org.ccnx.ccn.impl.security.keys.SecureKeyCache loadKeyStore
INFORMAÇÕES: KeyCache: loading signing key kjSt7EfRnj5qKvNi1E4Jq2tx9DsZALoGIvtF8qW32fY=, remembering public key in public key cache.
Jan 15, 2015 6:20:23 PM org.ccnx.ccn.impl.security.keys.SecureKeyCache addMySigningKey
INFORMAÇÕES: SecureKeyCache: adding my private key 9234adec47d19e3e6a2af362d44e09ab6b71f43b1900ba0622fb45f2a5b7d9f6
Jan 15, 2015 6:20:23 PM org.ccnx.ccn.impl.security.keys.BasicKeyManager loadValuesFromConfiguration
INFORMAÇÕES: Not loading key manager configuration data in response to user configuration variable.
Jan 15, 2015 6:20:23 PM org.ccnx.ccn.impl.CCNNetworkManager <init>
ADVERTÊNCIA: NetworkManager 1: Non-standard CCN agent port 63000 per property ccn.agent.port
Jan 15, 2015 6:20:23 PM org.ccnx.ccn.impl.CCNNetworkManager <init>
INFORMAÇÕES: NetworkManager 1: Contacting CCN agent at localhost:63000
Jan 15, 2015 6:20:23 PM org.ccnx.ccn.impl.CCNNetworkChannel <init>
INFORMAÇÕES: NetworkChannel 1: Starting up CCNNetworkChannel using TCP.
Jan 15, 2015 6:20:23 PM org.ccnx.ccn.impl.CCNNetworkChannel open
INFORMAÇÕES: NetworkChannel 1: open()
Jan 15, 2015 6:20:23 PM org.ccnx.ccn.impl.CCNNetworkChannel open
INFORMAÇÕES: NetworkChannel 1: Contacting CCN agent at localhost:63000 on local port 40587
Jan 15, 2015 6:20:23 PM org.ccnx.ccn.CCNHandle <init>
INFORMAÇÕES: CCNHandle 1: Handle is now open
Jan 15, 2015 6:20:23 PM org.ccnx.ccn.impl.CCNNetworkManager run
INFORMAÇÕES: NetworkManager 1: CCNNetworkManager processing thread started for port: 63000
Jan 15, 2015 6:20:24 PM org.ccnx.ccn.impl.security.keys.PublicKeyCache getPublicKeyObject
INFORMAÇÕES: Retrieved key 1jYqtWb54a3hYuudALlY+uWoa+H6XEFakodAe1T6/ws= using locator NAME: /%C1.M.S.localhost/%C1.M.SRV/ccnd/KEY/%C1.M.K=00D6362AB566F9E1ADE162EB9D00B958FAE5A86BE1FA5C415A9287407B54FAFF0B/=FD054B82D339C9.
Jan 15, 2015 6:20:24 PM org.ccnx.ccn.impl.security.keys.PublicKeyCache getPublicKeyObject
INFORMAÇÕES: Retrieved key 1jYqtWb54a3hYuudALlY+uWoa+H6XEFakodAe1T6/ws= using locator NAME: /%C1.M.S.localhost/%C1.M.SRV/ccnd/KEY/%C1.M.K=00D6362AB566F9E1ADE162EB9D00B958FAE5A86BE1FA5C415A9287407B54FAFF0B/=FD054B82D339C9 - got /%C1.M.S.localhost/%C1.M.SRV/ccnd/KEY/%C1.M.K=00D6362AB566F9E1ADE162EB9D00B958FAE5A86BE1FA5C415A9287407B54FAFF0B/=FD054B82D339C9/=00
Jan 15, 2015 6:20:24 PM org.ccnx.ccn.io.CCNAbstractInputStream <init>
INFORMAÇÕES: CCNAbstractInputStream: /%C1.M.S.localhost/%C1.M.SRV/ccnd/KEY/%C1.M.K=00D6362AB566F9E1ADE162EB9D00B958FAE5A86BE1FA5C415A9287407B54FAFF0B/=FD054B82D339C9 segment 0
Jan 15, 2015 6:20:24 PM org.ccnx.ccn.impl.security.keys.PublicKeyCache getPublicKeyObject
INFORMAÇÕES: Retrieved public key using name: /%C1.M.S.localhost/%C1.M.SRV/ccnd/KEY/%C1.M.K=00D6362AB566F9E1ADE162EB9D00B958FAE5A86BE1FA5C415A9287407B54FAFF0B/=FD054B82D339C9
Jan 15, 2015 6:20:24 PM org.ccnx.ccn.impl.security.keys.PublicKeyCache getPublicKey
INFORMAÇÕES: Retrieved key 1jYqtWb54a3hYuudALlY+uWoa+H6XEFakodAe1T6/ws= from network with locator NAME: /%C1.M.S.localhost/%C1.M.SRV/ccnd/KEY/%C1.M.K=00D6362AB566F9E1ADE162EB9D00B958FAE5A86BE1FA5C415A9287407B54FAFF0B/=FD054B82D339C9!
Jan 15, 2015 6:20:24 PM org.ccnx.ccn.config.PlatformConfiguration <clinit>
INFORMAÇÕES: BC provider: BC
Jan 15, 2015 6:20:24 PM org.ccnx.ccn.config.PlatformConfiguration <clinit>
INFORMAÇÕES: Provider info: BouncyCastle Security Provider v1.43 version: 1.43
Jan 15, 2015 6:20:24 PM org.ccnx.ccn.config.PlatformConfiguration <clinit>
INFORMAÇÕES: java.vm.name = OpenJDK 64-Bit Server VM
Jan 15, 2015 6:20:24 PM org.ccnx.ccn.impl.CCNFlowControl addNameSpace
INFORMAÇÕES: Flow controller addNameSpace: added namespace: /ccnx.org/Users/root/Keys/%C1.M.K=009234ADEC47D19E3E6A2AF362D44E09AB6B71F43B1900BA0622FB45F2A5B7D9F6/=FD054AE7DE1000
Jan 15, 2015 6:20:24 PM org.ccnx.ccn.impl.security.keys.BasicKeyManager getKeyLocator
INFORMAÇÕES: getKeyLocator: returning locator KEY: kjSt7EfRnj5qKvNi1E4Jq2tx9DsZALoGIvtF8qW32fY= for key kjSt7EfRnj5qKvNi1E4Jq2tx9DsZALoGIvtF8qW32fY=
Jan 15, 2015 6:20:24 PM org.ccnx.ccn.KeyManager publishKey
INFORMAÇÕES: publishKey: key not previously published, making new key object /ccnx.org/Users/root/Keys/%C1.M.K=009234ADEC47D19E3E6A2AF362D44E09AB6B71F43B1900BA0622FB45F2A5B7D9F6 with version 2015-01-08 09:53:53.0 displayed as =FD054AE7DE1000
Jan 15, 2015 6:20:24 PM org.ccnx.ccn.io.CCNAbstractOutputStream <init>
INFORMAÇÕES: CCNAbstractOutputStream: /ccnx.org/Users/root/Keys/%C1.M.K=009234ADEC47D19E3E6A2AF362D44E09AB6B71F43B1900BA0622FB45F2A5B7D9F6/=FD054AE7DE1000 blocksize is 4096
Jan 15, 2015 6:20:24 PM org.ccnx.ccn.io.CCNAbstractOutputStream startWrite
INFORMAÇÕES: CCNAbstractOutputStream: startWrite -- searching for keys.
Jan 15, 2015 6:20:24 PM org.ccnx.ccn.profiles.security.access.AccessControlManager keysForOutput
INFORMAÇÕES: keysForOutput: found an acm: (null)
Jan 15, 2015 6:20:24 PM org.ccnx.ccn.io.CCNOutputStream flushToNetwork
INFORMAÇÕES: flush: outputting to the segmenter, baseName /ccnx.org/Users/root/Keys/%C1.M.K=009234ADEC47D19E3E6A2AF362D44E09AB6B71F43B1900BA0622FB45F2A5B7D9F6/=FD054AE7DE1000 basenameindex =00; 162 bytes written, holding back 162 flushing final blocks? false.
Jan 15, 2015 6:20:24 PM org.ccnx.ccn.io.CCNOutputStream flushToNetwork
INFORMAÇÕES: HEADER: CCNOutputStream: flushToNetwork: new _baseNameIndex 0
Jan 15, 2015 6:20:24 PM org.ccnx.ccn.io.CCNOutputStream flushToNetwork
INFORMAÇÕES: flush: outputting to the segmenter, baseName /ccnx.org/Users/root/Keys/%C1.M.K=009234ADEC47D19E3E6A2AF362D44E09AB6B71F43B1900BA0622FB45F2A5B7D9F6/=FD054AE7DE1000 basenameindex =00; 162 bytes written, holding back 0 flushing final blocks? true.
Jan 15, 2015 6:20:24 PM org.ccnx.ccn.io.CCNOutputStream flushToNetwork
INFORMAÇÕES: HEADER: CCNOutputStream: flushToNetwork: new _baseNameIndex 1
Jan 15, 2015 6:20:24 PM org.ccnx.ccn.io.CCNOutputStream close
INFORMAÇÕES: CCNOutputStream close: /ccnx.org/Users/root/Keys/%C1.M.K=009234ADEC47D19E3E6A2AF362D44E09AB6B71F43B1900BA0622FB45F2A5B7D9F6/=FD054AE7DE1000
Jan 15, 2015 6:20:24 PM org.ccnx.ccn.KeyManager publishKey
INFORMAÇÕES: Published key Sun RSA public key, 1024 bits
  modulus: 110921138301212145392004253279917995950258669333863662056871643271976607790547016315269834949391078948318860805625603844022322721344201027571021917379901461301585327002407293702110801478794762434747364279565414349376821790585553127606947398240644540011141381284624017866806283409148649866001587866016004087361
  public exponent: 65537 to name /ccnx.org/Users/root/Keys/%C1.M.K=009234ADEC47D19E3E6A2AF362D44E09AB6B71F43B1900BA0622FB45F2A5B7D9F6/=FD054AE7DE1000 with key locator NAME: /ccnx.org/Users/root/Keys/%C1.M.K=009234ADEC47D19E3E6A2AF362D44E09AB6B71F43B1900BA0622FB45F2A5B7D9F6/=FD054AE7DE1000 KEY:-reba89rgbj1o6ata34t5eovcl4kho5s9pnv8nstq15q1ld4g9ga; ephemeral digest =BAF5AD5B5F94F2C3FD6A4CB75340BFB146D7FF6B9AAC1C68A04BFA6365A69985.
Jan 15, 2015 6:20:24 PM org.ccnx.ccn.impl.security.keys.BasicKeyManager publishKey
INFORMAÇÕES: publishKey: published key kjSt7EfRnj5qKvNi1E4Jq2tx9DsZALoGIvtF8qW32fY=
 under specified key name /ccnx.org/Users/root/Keys/%C1.M.K=009234ADEC47D19E3E6A2AF362D44E09AB6B71F43B1900BA0622FB45F2A5B7D9F6/=FD054AE7DE1000
 key locator: NAME: /ccnx.org/Users/root/Keys/%C1.M.K=009234ADEC47D19E3E6A2AF362D44E09AB6B71F43B1900BA0622FB45F2A5B7D9F6/=FD054AE7DE1000 KEY:-reba89rgbj1o6ata34t5eovcl4kho5s9pnv8nstq15q1ld4g9ga
Jan 15, 2015 6:20:24 PM org.ccnx.ccn.impl.security.keys.BasicKeyManager publishKey
INFORMAÇÕES: publishKey: storing key locator kjSt7EfRnj5qKvNi1E4Jq2tx9DsZALoGIvtF8qW32fY= for key NAME: /ccnx.org/Users/root/Keys/%C1.M.K=009234ADEC47D19E3E6A2AF362D44E09AB6B71F43B1900BA0622FB45F2A5B7D9F6/=FD054AE7DE1000 KEY:-reba89rgbj1o6ata34t5eovcl4kho5s9pnv8nstq15q1ld4g9ga
Jan 15, 2015 6:20:24 PM org.ccnx.ccn.impl.CCNNetworkManager <init>
ADVERTÊNCIA: NetworkManager 2: Non-standard CCN agent port 63000 per property ccn.agent.port
Jan 15, 2015 6:20:24 PM org.ccnx.ccn.impl.CCNNetworkManager <init>
INFORMAÇÕES: NetworkManager 2: Contacting CCN agent at localhost:63000
Jan 15, 2015 6:20:24 PM org.ccnx.ccn.impl.CCNNetworkChannel <init>
INFORMAÇÕES: NetworkChannel 2: Starting up CCNNetworkChannel using TCP.
Jan 15, 2015 6:20:24 PM org.ccnx.ccn.impl.CCNNetworkChannel open
INFORMAÇÕES: NetworkChannel 2: open()
Jan 15, 2015 6:20:24 PM org.ccnx.ccn.impl.CCNNetworkChannel open
INFORMAÇÕES: NetworkChannel 2: Contacting CCN agent at localhost:63000 on local port 40588
Jan 15, 2015 6:20:24 PM org.ccnx.ccn.CCNHandle <init>
INFORMAÇÕES: CCNHandle 2: Handle is now open
Jan 15, 2015 6:20:24 PM org.ccnx.ccn.impl.CCNNetworkManager <init>
ADVERTÊNCIA: NetworkManager 3: Non-standard CCN agent port 63000 per property ccn.agent.port
Jan 15, 2015 6:20:24 PM org.ccnx.ccn.impl.CCNNetworkManager <init>
INFORMAÇÕES: NetworkManager 3: Contacting CCN agent at localhost:63000
Jan 15, 2015 6:20:24 PM org.ccnx.ccn.impl.CCNNetworkChannel <init>
INFORMAÇÕES: NetworkChannel 3: Starting up CCNNetworkChannel using TCP.
Jan 15, 2015 6:20:24 PM org.ccnx.ccn.impl.CCNNetworkChannel open
INFORMAÇÕES: NetworkChannel 3: open()
Jan 15, 2015 6:20:24 PM org.ccnx.ccn.impl.CCNNetworkChannel open
INFORMAÇÕES: NetworkChannel 3: Contacting CCN agent at localhost:63000 on local port 40589
Jan 15, 2015 6:20:24 PM org.ccnx.ccn.CCNHandle <init>
INFORMAÇÕES: CCNHandle 3: Handle is now open
Jan 15, 2015 6:20:24 PM org.ccnx.ccn.profiles.sync.SyncTestRepo setUpNameSpace
DETALHADO: setting up namespace for sync test  data: /ccnx.org/test/SyncTestRepo-15-01-15-18.20.23/ccnSyncTest syncControlTraffic: /ccnx.org/test/SyncTestRepo-15-01-15-18.20.23/topoPrefix
Jan 15, 2015 6:20:24 PM org.ccnx.ccn.profiles.sync.SyncTestRepo testSyncRestart
INFORMAÇÕES: Starting testSyncRestart
Jan 15, 2015 6:20:24 PM org.ccnx.ccn.io.content.CCNNetworkObject createFlowController
INFORMAÇÕES: Created LOCALREPOSITORY flow controller, for prefix /%C1.M.S.localhost/%C1.S.cs/=E3CFCF7DE9F047B665631744B19927730A454370CBDB818D03CA78D6457E3539, save type LOCALREPOSITORY
Jan 15, 2015 6:20:24 PM org.ccnx.ccn.impl.CCNNetworkManager run
INFORMAÇÕES: NetworkManager 3: CCNNetworkManager processing thread started for port: 63000
Jan 15, 2015 6:20:24 PM org.ccnx.ccn.profiles.VersioningProfile getLatestVersion
INFORMAÇÕES: getFirstBlockOfLatestVersion: no block available for later version of /%C1.M.S.localhost/%C1.S.cs/=E3CFCF7DE9F047B665631744B19927730A454370CBDB818D03CA78D6457E3539
Jan 15, 2015 6:20:24 PM org.ccnx.ccn.io.content.ConfigSlice checkAndCreate
DETALHADO: didn't find a slice in my repo.
Jan 15, 2015 6:20:24 PM org.ccnx.ccn.io.content.ConfigSlice checkAndCreate
DETALHADO: need to save my data to create the slice for the repo!
Jan 15, 2015 6:20:24 PM org.ccnx.ccn.impl.CCNFlowControl addNameSpace
INFORMAÇÕES: Flow controller addNameSpace: added namespace: /%C1.M.S.localhost/%C1.S.cs/=E3CFCF7DE9F047B665631744B19927730A454370CBDB818D03CA78D6457E3539
Jan 15, 2015 6:20:24 PM org.ccnx.ccn.impl.security.keys.BasicKeyManager getKeyLocator
INFORMAÇÕES: getKeyLocator: returning locator NAME: /ccnx.org/Users/root/Keys/%C1.M.K=009234ADEC47D19E3E6A2AF362D44E09AB6B71F43B1900BA0622FB45F2A5B7D9F6/=FD054AE7DE1000 KEY:-reba89rgbj1o6ata34t5eovcl4kho5s9pnv8nstq15q1ld4g9ga for key kjSt7EfRnj5qKvNi1E4Jq2tx9DsZALoGIvtF8qW32fY=
Jan 15, 2015 6:20:24 PM org.ccnx.ccn.io.CCNAbstractOutputStream <init>
INFORMAÇÕES: CCNAbstractOutputStream: /%C1.M.S.localhost/%C1.S.cs/=E3CFCF7DE9F047B665631744B19927730A454370CBDB818D03CA78D6457E3539/=FD054B82F186FE blocksize is 4096
Jan 15, 2015 6:20:24 PM org.ccnx.ccn.io.CCNAbstractOutputStream startWrite
INFORMAÇÕES: CCNAbstractOutputStream: startWrite -- searching for keys.
Jan 15, 2015 6:20:24 PM org.ccnx.ccn.profiles.security.access.AccessControlManager keysForOutput
INFORMAÇÕES: keysForOutput: found an acm: (null)
Jan 15, 2015 6:20:24 PM org.ccnx.ccn.impl.repo.RepositoryFlowControl startWrite
INFORMAÇÕES: RepositoryFlowControl.startWrite called for name /%C1.M.S.localhost/%C1.S.cs/=E3CFCF7DE9F047B665631744B19927730A454370CBDB818D03CA78D6457E3539/=FD054B82F186FE, shape STREAM
Jan 15, 2015 6:20:24 PM org.ccnx.ccn.impl.repo.RepositoryFlowControl handleContent
INFORMAÇÕES: handleContent: got potential repo message: /%C1.M.S.localhost/%C1.S.cs/=E3CFCF7DE9F047B665631744B19927730A454370CBDB818D03CA78D6457E3539/=FD054B82F186FE/%C1.R.sw/%C1.N=002C53123775E78517
Jan 15, 2015 6:20:24 PM org.ccnx.ccn.io.CCNOutputStream flushToNetwork
INFORMAÇÕES: flush: outputting to the segmenter, baseName /%C1.M.S.localhost/%C1.S.cs/=E3CFCF7DE9F047B665631744B19927730A454370CBDB818D03CA78D6457E3539/=FD054B82F186FE basenameindex =00; 162 bytes written, holding back 162 flushing final blocks? false.
Jan 15, 2015 6:20:24 PM org.ccnx.ccn.io.CCNOutputStream flushToNetwork
INFORMAÇÕES: HEADER: CCNOutputStream: flushToNetwork: new _baseNameIndex 0
Jan 15, 2015 6:20:24 PM org.ccnx.ccn.io.CCNOutputStream flushToNetwork
INFORMAÇÕES: flush: outputting to the segmenter, baseName /%C1.M.S.localhost/%C1.S.cs/=E3CFCF7DE9F047B665631744B19927730A454370CBDB818D03CA78D6457E3539/=FD054B82F186FE basenameindex =00; 162 bytes written, holding back 0 flushing final blocks? true.
Jan 15, 2015 6:20:24 PM org.ccnx.ccn.io.CCNOutputStream flushToNetwork
INFORMAÇÕES: HEADER: CCNOutputStream: flushToNetwork: new _baseNameIndex 1
Jan 15, 2015 6:20:24 PM org.ccnx.ccn.io.CCNOutputStream close
INFORMAÇÕES: CCNOutputStream close: /%C1.M.S.localhost/%C1.S.cs/=E3CFCF7DE9F047B665631744B19927730A454370CBDB818D03CA78D6457E3539/=FD054B82F186FE
Jan 15, 2015 6:20:24 PM org.ccnx.ccn.impl.sync.SliceComparator <init>
INFORMAÇÕES: Beginning sync monitoring from start
Jan 15, 2015 6:20:24 PM org.ccnx.ccn.impl.sync.SliceComparator setTimeout
DETALHADO: Sync timeout changed to 3000
Jan 15, 2015 6:20:24 PM org.ccnx.ccn.impl.sync.ProtocolBasedSyncMonitor registerCallback
DETALHADO: Starting a new comparator - it is the lead.
Jan 15, 2015 6:20:24 PM org.ccnx.ccn.CCNSync startSync
INFORMAÇÕES: Started sync with topo: /ccnx.org/test/SyncTestRepo-15-01-15-18.20.23/topoPrefix and prefix: /ccnx.org/test/SyncTestRepo-15-01-15-18.20.23/ccnSyncTest/slice6
Jan 15, 2015 6:20:24 PM org.ccnx.ccn.profiles.sync.SyncTestRepo testSyncRestart
DETALHADO: writing out file: /ccnx.org/test/SyncTestRepo-15-01-15-18.20.23/ccnSyncTest/slice6
Jan 15, 2015 6:20:24 PM org.ccnx.ccn.impl.CCNFlowControl <init>
INFORMAÇÕES: adding namespace: /ccnx.org/test/SyncTestRepo-15-01-15-18.20.23/ccnSyncTest/slice6/randomFile
Jan 15, 2015 6:20:24 PM org.ccnx.ccn.impl.CCNNetworkManager run
INFORMAÇÕES: NetworkManager 2: CCNNetworkManager processing thread started for port: 63000
Jan 15, 2015 6:20:24 PM org.ccnx.ccn.impl.security.keys.BasicKeyManager getKeyLocator
INFORMAÇÕES: getKeyLocator: returning locator NAME: /ccnx.org/Users/root/Keys/%C1.M.K=009234ADEC47D19E3E6A2AF362D44E09AB6B71F43B1900BA0622FB45F2A5B7D9F6/=FD054AE7DE1000 KEY:-reba89rgbj1o6ata34t5eovcl4kho5s9pnv8nstq15q1ld4g9ga for key kjSt7EfRnj5qKvNi1E4Jq2tx9DsZALoGIvtF8qW32fY=
Jan 15, 2015 6:20:24 PM org.ccnx.ccn.io.CCNAbstractOutputStream <init>
INFORMAÇÕES: CCNAbstractOutputStream: /ccnx.org/test/SyncTestRepo-15-01-15-18.20.23/ccnSyncTest/slice6/randomFile/=FD054B82F189F0 blocksize is 4096
Jan 15, 2015 6:20:24 PM org.ccnx.ccn.io.CCNAbstractOutputStream startWrite
INFORMAÇÕES: CCNAbstractOutputStream: startWrite -- searching for keys.
Jan 15, 2015 6:20:24 PM org.ccnx.ccn.profiles.security.access.AccessControlManager keysForOutput
INFORMAÇÕES: keysForOutput: found an acm: (null)
Jan 15, 2015 6:20:24 PM org.ccnx.ccn.impl.repo.RepositoryFlowControl startWrite
INFORMAÇÕES: RepositoryFlowControl.startWrite called for name /ccnx.org/test/SyncTestRepo-15-01-15-18.20.23/ccnSyncTest/slice6/randomFile/=FD054B82F189F0, shape STREAM
Jan 15, 2015 6:20:24 PM org.ccnx.ccn.impl.repo.RepositoryFlowControl handleContent
INFORMAÇÕES: handleContent: got potential repo message: /ccnx.org/test/SyncTestRepo-15-01-15-18.20.23/ccnSyncTest/slice6/randomFile/=FD054B82F189F0/%C1.R.sw/%C1.N=00D6073F2C44190B66
Jan 15, 2015 6:20:24 PM org.ccnx.ccn.profiles.sync.SyncTestCommon writeFile
DETALHADO: bytes: 2470 block size: 4096 div: 0.60302734375 ceil: 1
Jan 15, 2015 6:20:24 PM org.ccnx.ccn.profiles.sync.SyncTestCommon writeFile
DETALHADO: will write out a 2470 byte file, will have 2 segments (1 is a header)
Jan 15, 2015 6:20:24 PM org.ccnx.ccn.io.CCNOutputStream flushToNetwork
INFORMAÇÕES: flush: outputting to the segmenter, baseName /ccnx.org/test/SyncTestRepo-15-01-15-18.20.23/ccnSyncTest/slice6/randomFile/=FD054B82F189F0 basenameindex =00; 2470 bytes written, holding back 2470 flushing final blocks? false.
Jan 15, 2015 6:20:24 PM org.ccnx.ccn.io.CCNOutputStream flushToNetwork
INFORMAÇÕES: HEADER: CCNOutputStream: flushToNetwork: new _baseNameIndex 0
Jan 15, 2015 6:20:24 PM org.ccnx.ccn.io.CCNOutputStream flushToNetwork
INFORMAÇÕES: flush: outputting to the segmenter, baseName /ccnx.org/test/SyncTestRepo-15-01-15-18.20.23/ccnSyncTest/slice6/randomFile/=FD054B82F189F0 basenameindex =00; 2470 bytes written, holding back 2470 flushing final blocks? false.
Jan 15, 2015 6:20:24 PM org.ccnx.ccn.io.CCNOutputStream flushToNetwork
INFORMAÇÕES: HEADER: CCNOutputStream: flushToNetwork: new _baseNameIndex 0
Jan 15, 2015 6:20:24 PM org.ccnx.ccn.io.CCNOutputStream flushToNetwork
INFORMAÇÕES: flush: outputting to the segmenter, baseName /ccnx.org/test/SyncTestRepo-15-01-15-18.20.23/ccnSyncTest/slice6/randomFile/=FD054B82F189F0 basenameindex =00; 2470 bytes written, holding back 0 flushing final blocks? true.
Jan 15, 2015 6:20:24 PM org.ccnx.ccn.io.CCNOutputStream flushToNetwork
INFORMAÇÕES: HEADER: CCNOutputStream: flushToNetwork: new _baseNameIndex 1
Jan 15, 2015 6:20:24 PM org.ccnx.ccn.io.CCNAbstractOutputStream <init>
INFORMAÇÕES: CCNAbstractOutputStream: /ccnx.org/test/SyncTestRepo-15-01-15-18.20.23/ccnSyncTest/slice6/randomFile/=FD054B82F189F0/%C1.META.M/.header/=FD054B82F18A7F blocksize is 4096
Jan 15, 2015 6:20:24 PM org.ccnx.ccn.io.CCNAbstractOutputStream startWrite
INFORMAÇÕES: CCNAbstractOutputStream: startWrite -- searching for keys.
Jan 15, 2015 6:20:24 PM org.ccnx.ccn.profiles.security.access.AccessControlManager keysForOutput
INFORMAÇÕES: keysForOutput: found an acm: (null)
Jan 15, 2015 6:20:24 PM org.ccnx.ccn.impl.repo.RepositoryFlowControl startWrite
INFORMAÇÕES: RepositoryFlowControl.startWrite called for name /ccnx.org/test/SyncTestRepo-15-01-15-18.20.23/ccnSyncTest/slice6/randomFile/=FD054B82F189F0/%C1.META.M/.header/=FD054B82F18A7F, shape STREAM
Jan 15, 2015 6:20:24 PM org.ccnx.ccn.impl.repo.RepositoryFlowControl handleContent
INFORMAÇÕES: handleContent: got potential repo message: /ccnx.org/test/SyncTestRepo-15-01-15-18.20.23/ccnSyncTest/slice6/randomFile/=FD054B82F189F0/%C1.META.M/.header/=FD054B82F18A7F/%C1.R.sw/%C1.N=00D4E0F4047DE96221
Jan 15, 2015 6:20:24 PM org.ccnx.ccn.io.CCNOutputStream flushToNetwork
INFORMAÇÕES: flush: outputting to the segmenter, baseName /ccnx.org/test/SyncTestRepo-15-01-15-18.20.23/ccnSyncTest/slice6/randomFile/=FD054B82F189F0/%C1.META.M/.header/=FD054B82F18A7F basenameindex =00; 66 bytes written, holding back 66 flushing final blocks? false.
Jan 15, 2015 6:20:24 PM org.ccnx.ccn.io.CCNOutputStream flushToNetwork
INFORMAÇÕES: HEADER: CCNOutputStream: flushToNetwork: new _baseNameIndex 0
Jan 15, 2015 6:20:24 PM org.ccnx.ccn.io.CCNOutputStream flushToNetwork
INFORMAÇÕES: flush: outputting to the segmenter, baseName /ccnx.org/test/SyncTestRepo-15-01-15-18.20.23/ccnSyncTest/slice6/randomFile/=FD054B82F189F0/%C1.META.M/.header/=FD054B82F18A7F basenameindex =00; 66 bytes written, holding back 66 flushing final blocks? false.
Jan 15, 2015 6:20:24 PM org.ccnx.ccn.io.CCNOutputStream flushToNetwork
INFORMAÇÕES: HEADER: CCNOutputStream: flushToNetwork: new _baseNameIndex 0
Jan 15, 2015 6:20:24 PM org.ccnx.ccn.io.CCNOutputStream flushToNetwork
INFORMAÇÕES: flush: outputting to the segmenter, baseName /ccnx.org/test/SyncTestRepo-15-01-15-18.20.23/ccnSyncTest/slice6/randomFile/=FD054B82F189F0/%C1.META.M/.header/=FD054B82F18A7F basenameindex =00; 66 bytes written, holding back 0 flushing final blocks? true.
Jan 15, 2015 6:20:24 PM org.ccnx.ccn.io.CCNOutputStream flushToNetwork
INFORMAÇÕES: HEADER: CCNOutputStream: flushToNetwork: new _baseNameIndex 1
Jan 15, 2015 6:20:24 PM org.ccnx.ccn.io.CCNOutputStream close
INFORMAÇÕES: CCNOutputStream close: /ccnx.org/test/SyncTestRepo-15-01-15-18.20.23/ccnSyncTest/slice6/randomFile/=FD054B82F189F0/%C1.META.M/.header/=FD054B82F18A7F
Jan 15, 2015 6:20:24 PM org.ccnx.ccn.io.CCNOutputStream close
INFORMAÇÕES: CCNOutputStream close: /ccnx.org/test/SyncTestRepo-15-01-15-18.20.23/ccnSyncTest/slice6/randomFile/=FD054B82F189F0
Jan 15, 2015 6:20:24 PM org.ccnx.ccn.profiles.sync.SyncTestCommon writeFile
INFORMAÇÕES: Wrote file to repository: /ccnx.org/test/SyncTestRepo-15-01-15-18.20.23/ccnSyncTest/slice6/randomFile/=FD054B82F189F0 with 2 segments
Jan 15, 2015 6:20:24 PM org.ccnx.ccn.profiles.sync.SyncTestRepo checkCallbacks
DETALHADO: checking for callbacks:  /ccnx.org/test/SyncTestRepo-15-01-15-18.20.23/ccnSyncTest/slice6 segments: 2
Jan 15, 2015 6:20:25 PM org.ccnx.ccn.profiles.sync.SyncTestRepo checkCallbacks
DETALHADO: trying to loop again looking for segments
Jan 15, 2015 6:20:25 PM org.ccnx.ccn.profiles.sync.SyncTestRepo checkCallbacks
DETALHADO: trying to loop again looking for segments
Jan 15, 2015 6:20:26 PM org.ccnx.ccn.profiles.sync.SyncTestRepo checkCallbacks
DETALHADO: trying to loop again looking for segments
Jan 15, 2015 6:20:26 PM org.ccnx.ccn.profiles.sync.SyncTestRepo checkCallbacks
DETALHADO: trying to loop again looking for segments
Jan 15, 2015 6:20:27 PM org.ccnx.ccn.profiles.sync.SyncTestRepo checkCallbacks
DETALHADO: trying to loop again looking for segments
Jan 15, 2015 6:20:27 PM org.ccnx.ccn.profiles.sync.SyncTestRepo checkCallbacks
DETALHADO: trying to loop again looking for segments
Jan 15, 2015 6:20:28 PM org.ccnx.ccn.profiles.sync.SyncTestRepo checkCallbacks
DETALHADO: trying to loop again looking for segments
Jan 15, 2015 6:20:28 PM org.ccnx.ccn.impl.sync.ProtocolBasedSyncMonitor handleContent
INFORMAÇÕES: Saw new content from sync: /ccnx.org/test/SyncTestRepo-15-01-15-18.20.23/topoPrefix/%C1.S.ra/=E3CFCF7DE9F047B665631744B19927730A454370CBDB818D03CA78D6457E3539/.../=84E8B5E0326D12666600C46E62480A43CE02CD7F8FBA1AD0BCBF17F4C977617F
Jan 15, 2015 6:20:28 PM org.ccnx.ccn.impl.sync.SliceComparator run
DETALHADO: Starting comparator run - state is INIT, sc is org.ccnx.ccn.impl.sync.SliceComparator@6f630366, this is the lead
Jan 15, 2015 6:20:28 PM org.ccnx.ccn.impl.encoding.BinaryXMLDecoder setElement
INFORMAÇÕES: Reset decode array sizes to 150
Jan 15, 2015 6:20:28 PM org.ccnx.ccn.impl.encoding.BinaryXMLDecoder setElement
INFORMAÇÕES: Reset decode array sizes to 225
Jan 15, 2015 6:20:28 PM org.ccnx.ccn.io.content.SyncNodeComposite decodeLogging
O MAIS DETALHADO: decode node for =84E8B5E0326D12666600C46E62480A43CE02CD7F8FBA1AD0BCBF17F4C977617F depth = 1 refs = 2
Jan 15, 2015 6:20:28 PM org.ccnx.ccn.io.content.SyncNodeComposite decodeLogging
O MAIS DETALHADO: min is 0, max is 0, expanded min is /ccnx.org/test/SyncTestRepo-15-01-15-18.20.23/ccnSyncTest/slice6/randomFile/=FD054B82F189F0/=00/Y=9DA7C90E35C3F9B88C0C0D17B27988EB4C133A06834C44944CF493DFE7B1E2, expanded max is /ccnx.org/test/SyncTestRepo-15-01-15-18.20.23/ccnSyncTest/slice6/randomFile/=FD054B82F189F0/%C1.META.M/.header/=FD054B82F18A7F/=00/%2BK=0E1724374E6CAD74B8614A9590BAE2B6BA458936CE8C28722360E98FAF9D
Jan 15, 2015 6:20:28 PM org.ccnx.ccn.impl.sync.SliceComparator run
INFORMAÇÕES: Starting new round with X = null and Y = =84E8B5E0326D12666600C46E62480A43CE02CD7F8FBA1AD0BCBF17F4C977617F
Jan 15, 2015 6:20:28 PM org.ccnx.ccn.impl.sync.SliceComparator doComparison
O MAIS DETALHADO: Y hash only for =84E8B5E0326D12666600C46E62480A43CE02CD7F8FBA1AD0BCBF17F4C977617F, type is LEAF, pos is 0
Jan 15, 2015 6:20:28 PM org.ccnx.ccn.profiles.sync.SyncTestRepo doHandleContentName
INFORMAÇÕES: Number 1: Callback for name: /ccnx.org/test/SyncTestRepo-15-01-15-18.20.23/ccnSyncTest/slice6/randomFile/=FD054B82F189F0/=00 - number is 0
Jan 15, 2015 6:20:28 PM org.ccnx.ccn.impl.sync.SliceComparator doComparison
O MAIS DETALHADO: Y hash only for =84E8B5E0326D12666600C46E62480A43CE02CD7F8FBA1AD0BCBF17F4C977617F, type is LEAF, pos is 1
Jan 15, 2015 6:20:28 PM org.ccnx.ccn.profiles.sync.SyncTestRepo doHandleContentName
INFORMAÇÕES: Number 1: Callback for name: /ccnx.org/test/SyncTestRepo-15-01-15-18.20.23/ccnSyncTest/slice6/randomFile/=FD054B82F189F0/%C1.META.M/.header/=FD054B82F18A7F/=00 - number is header
Jan 15, 2015 6:20:28 PM org.ccnx.ccn.profiles.sync.SyncTestRepo checkCallbacks
DETALHADO: got segment 0
Jan 15, 2015 6:20:28 PM org.ccnx.ccn.profiles.sync.SyncTestRepo checkCallbacks
DETALHADO: received: [true, false] finished: [true, true]
Jan 15, 2015 6:20:28 PM org.ccnx.ccn.profiles.sync.SyncTestRepo checkCallbacks
DETALHADO: trying to loop again looking for segments
Jan 15, 2015 6:20:28 PM org.ccnx.ccn.impl.sync.SliceComparator updateCurrent
O MAIS DETALHADO: Starting update from hash =84E8B5E0326D12666600C46E62480A43CE02CD7F8FBA1AD0BCBF17F4C977617F
Jan 15, 2015 6:20:28 PM org.ccnx.ccn.impl.sync.SliceComparator updateCurrent
O MAIS DETALHADO: Update compare: name from tree (expanded) is /ccnx.org/test/SyncTestRepo-15-01-15-18.20.23/ccnSyncTest/slice6/randomFile/=FD054B82F189F0/=00/Y=9DA7C90E35C3F9B88C0C0D17B27988EB4C133A06834C44944CF493DFE7B1E2, name  is /ccnx.org/test/SyncTestRepo-15-01-15-18.20.23/ccnSyncTest/slice6/randomFile/=FD054B82F189F0/=00/Y=9DA7C90E35C3F9B88C0C0D17B27988EB4C133A06834C44944CF493DFE7B1E2, comp is 0
Jan 15, 2015 6:20:28 PM org.ccnx.ccn.impl.sync.SliceComparator updateCurrent
O MAIS DETALHADO: Update compare: name from tree (expanded) is /ccnx.org/test/SyncTestRepo-15-01-15-18.20.23/ccnSyncTest/slice6/randomFile/=FD054B82F189F0/%C1.META.M/.header/=FD054B82F18A7F/=00/%2BK=0E1724374E6CAD74B8614A9590BAE2B6BA458936CE8C28722360E98FAF9D, name  is /ccnx.org/test/SyncTestRepo-15-01-15-18.20.23/ccnSyncTest/slice6/randomFile/=FD054B82F189F0/%C1.META.M/.header/=FD054B82F18A7F/=00/%2BK=0E1724374E6CAD74B8614A9590BAE2B6BA458936CE8C28722360E98FAF9D, comp is 0
Jan 15, 2015 6:20:29 PM org.ccnx.ccn.profiles.sync.SyncTestRepo checkCallbacks
DETALHADO: got segment 0
Jan 15, 2015 6:20:29 PM org.ccnx.ccn.profiles.sync.SyncTestRepo checkCallbacks
DETALHADO: received: [true, false] finished: [true, true]
Jan 15, 2015 6:20:29 PM org.ccnx.ccn.profiles.sync.SyncTestRepo checkCallbacks
DETALHADO: got the header
Jan 15, 2015 6:20:29 PM org.ccnx.ccn.profiles.sync.SyncTestRepo checkCallbacks
DETALHADO: received: [true, true] finished: [true, true]
Jan 15, 2015 6:20:29 PM org.ccnx.ccn.profiles.sync.SyncTestRepo checkCallbacks
DETALHADO: got all the segments!
Jan 15, 2015 6:20:29 PM org.ccnx.ccn.profiles.sync.SyncTestRepo checkCallbacks
DETALHADO: trying to loop again looking for segments
Jan 15, 2015 6:20:29 PM org.ccnx.ccn.profiles.sync.SyncTestRepo checkCallbacks
DETALHADO: done looping, returning.
Jan 15, 2015 6:20:29 PM org.ccnx.ccn.profiles.sync.SyncTestRepo testSyncRestart
DETALHADO: I got all the callbacks for part 1 of testSyncRestart!
Jan 15, 2015 6:20:29 PM org.ccnx.ccn.impl.sync.ProtocolBasedSyncMonitor shutdown
INFORMAÇÕES: Shutting down sync on slice: /ccnx.org/test/SyncTestRepo-15-01-15-18.20.23/ccnSyncTest/slice6
Jan 15, 2015 6:20:29 PM org.ccnx.ccn.profiles.sync.SyncTestRepo testSyncRestart
DETALHADO: writing out file: /ccnx.org/test/SyncTestRepo-15-01-15-18.20.23/ccnSyncTest/slice6/round2
Jan 15, 2015 6:20:29 PM org.ccnx.ccn.impl.CCNFlowControl <init>
INFORMAÇÕES: adding namespace: /ccnx.org/test/SyncTestRepo-15-01-15-18.20.23/ccnSyncTest/slice6/round2/randomFile
Jan 15, 2015 6:20:29 PM org.ccnx.ccn.impl.security.keys.BasicKeyManager getKeyLocator
INFORMAÇÕES: getKeyLocator: returning locator NAME: /ccnx.org/Users/root/Keys/%C1.M.K=009234ADEC47D19E3E6A2AF362D44E09AB6B71F43B1900BA0622FB45F2A5B7D9F6/=FD054AE7DE1000 KEY:-reba89rgbj1o6ata34t5eovcl4kho5s9pnv8nstq15q1ld4g9ga for key kjSt7EfRnj5qKvNi1E4Jq2tx9DsZALoGIvtF8qW32fY=
Jan 15, 2015 6:20:29 PM org.ccnx.ccn.io.CCNAbstractOutputStream <init>
INFORMAÇÕES: CCNAbstractOutputStream: /ccnx.org/test/SyncTestRepo-15-01-15-18.20.23/ccnSyncTest/slice6/round2/randomFile/=FD054B82F1D42D blocksize is 4096
Jan 15, 2015 6:20:29 PM org.ccnx.ccn.io.CCNAbstractOutputStream startWrite
INFORMAÇÕES: CCNAbstractOutputStream: startWrite -- searching for keys.
Jan 15, 2015 6:20:29 PM org.ccnx.ccn.profiles.security.access.AccessControlManager keysForOutput
INFORMAÇÕES: keysForOutput: found an acm: (null)
Jan 15, 2015 6:20:29 PM org.ccnx.ccn.impl.repo.RepositoryFlowControl startWrite
INFORMAÇÕES: RepositoryFlowControl.startWrite called for name /ccnx.org/test/SyncTestRepo-15-01-15-18.20.23/ccnSyncTest/slice6/round2/randomFile/=FD054B82F1D42D, shape STREAM
Jan 15, 2015 6:20:29 PM org.ccnx.ccn.impl.repo.RepositoryFlowControl handleContent
INFORMAÇÕES: handleContent: got potential repo message: /ccnx.org/test/SyncTestRepo-15-01-15-18.20.23/ccnSyncTest/slice6/round2/randomFile/=FD054B82F1D42D/%C1.R.sw/%C1.N=005C8DA7F02B1E026C
Jan 15, 2015 6:20:29 PM org.ccnx.ccn.profiles.sync.SyncTestCommon writeFile
DETALHADO: bytes: 8196 block size: 4096 div: 2.0009765625 ceil: 3
Jan 15, 2015 6:20:29 PM org.ccnx.ccn.profiles.sync.SyncTestCommon writeFile
DETALHADO: will write out a 8196 byte file, will have 4 segments (1 is a header)
Jan 15, 2015 6:20:29 PM org.ccnx.ccn.io.CCNOutputStream flushToNetwork
INFORMAÇÕES: flush: outputting to the segmenter, baseName /ccnx.org/test/SyncTestRepo-15-01-15-18.20.23/ccnSyncTest/slice6/round2/randomFile/=FD054B82F1D42D basenameindex =0002; 4 bytes written, holding back 4 flushing final blocks? false.
Jan 15, 2015 6:20:29 PM org.ccnx.ccn.impl.CCNSegmenter outputCurrentBlocks
INFORMAÇÕES: flush: putting merkle tree to the network, name starts with /ccnx.org/test/SyncTestRepo-15-01-15-18.20.23/ccnSyncTest/slice6/round2/randomFile/=FD054B82F1D42D/=00; 2 blocks
Jan 15, 2015 6:20:29 PM org.ccnx.ccn.impl.security.crypto.CCNMerkleTreeSigner signBlocks
INFORMAÇÕES: Signed tree of 2 leaves, 3 nodes.
Jan 15, 2015 6:20:29 PM org.ccnx.ccn.io.CCNOutputStream flushToNetwork
INFORMAÇÕES: HEADER: CCNOutputStream: flushToNetwork: new _baseNameIndex 2
Jan 15, 2015 6:20:29 PM org.ccnx.ccn.io.CCNOutputStream flushToNetwork
INFORMAÇÕES: flush: outputting to the segmenter, baseName /ccnx.org/test/SyncTestRepo-15-01-15-18.20.23/ccnSyncTest/slice6/round2/randomFile/=FD054B82F1D42D basenameindex =0002; 4 bytes written, holding back 4 flushing final blocks? false.
Jan 15, 2015 6:20:29 PM org.ccnx.ccn.io.CCNOutputStream flushToNetwork
INFORMAÇÕES: HEADER: CCNOutputStream: flushToNetwork: new _baseNameIndex 2
Jan 15, 2015 6:20:29 PM org.ccnx.ccn.io.CCNOutputStream flushToNetwork
INFORMAÇÕES: flush: outputting to the segmenter, baseName /ccnx.org/test/SyncTestRepo-15-01-15-18.20.23/ccnSyncTest/slice6/round2/randomFile/=FD054B82F1D42D basenameindex =0002; 4 bytes written, holding back 0 flushing final blocks? true.
Jan 15, 2015 6:20:29 PM org.ccnx.ccn.io.CCNOutputStream flushToNetwork
INFORMAÇÕES: HEADER: CCNOutputStream: flushToNetwork: new _baseNameIndex 3
Jan 15, 2015 6:20:29 PM org.ccnx.ccn.io.CCNAbstractOutputStream <init>
INFORMAÇÕES: CCNAbstractOutputStream: /ccnx.org/test/SyncTestRepo-15-01-15-18.20.23/ccnSyncTest/slice6/round2/randomFile/=FD054B82F1D42D/%C1.META.M/.header/=FD054B82F1D4D9 blocksize is 4096
Jan 15, 2015 6:20:29 PM org.ccnx.ccn.io.CCNAbstractOutputStream startWrite
INFORMAÇÕES: CCNAbstractOutputStream: startWrite -- searching for keys.
Jan 15, 2015 6:20:29 PM org.ccnx.ccn.profiles.security.access.AccessControlManager keysForOutput
INFORMAÇÕES: keysForOutput: found an acm: (null)
Jan 15, 2015 6:20:29 PM org.ccnx.ccn.impl.repo.RepositoryFlowControl startWrite
INFORMAÇÕES: RepositoryFlowControl.startWrite called for name /ccnx.org/test/SyncTestRepo-15-01-15-18.20.23/ccnSyncTest/slice6/round2/randomFile/=FD054B82F1D42D/%C1.META.M/.header/=FD054B82F1D4D9, shape STREAM
Jan 15, 2015 6:20:29 PM org.ccnx.ccn.impl.repo.RepositoryFlowControl handleContent
INFORMAÇÕES: handleContent: got potential repo message: /ccnx.org/test/SyncTestRepo-15-01-15-18.20.23/ccnSyncTest/slice6/round2/randomFile/=FD054B82F1D42D/%C1.META.M/.header/=FD054B82F1D4D9/%C1.R.sw/%C1.N=00F435F61B92C982DB
Jan 15, 2015 6:20:29 PM org.ccnx.ccn.io.CCNOutputStream flushToNetwork
INFORMAÇÕES: flush: outputting to the segmenter, baseName /ccnx.org/test/SyncTestRepo-15-01-15-18.20.23/ccnSyncTest/slice6/round2/randomFile/=FD054B82F1D42D/%C1.META.M/.header/=FD054B82F1D4D9 basenameindex =00; 66 bytes written, holding back 66 flushing final blocks? false.
Jan 15, 2015 6:20:29 PM org.ccnx.ccn.io.CCNOutputStream flushToNetwork
INFORMAÇÕES: HEADER: CCNOutputStream: flushToNetwork: new _baseNameIndex 0
Jan 15, 2015 6:20:29 PM org.ccnx.ccn.io.CCNOutputStream flushToNetwork
INFORMAÇÕES: flush: outputting to the segmenter, baseName /ccnx.org/test/SyncTestRepo-15-01-15-18.20.23/ccnSyncTest/slice6/round2/randomFile/=FD054B82F1D42D/%C1.META.M/.header/=FD054B82F1D4D9 basenameindex =00; 66 bytes written, holding back 66 flushing final blocks? false.
Jan 15, 2015 6:20:29 PM org.ccnx.ccn.io.CCNOutputStream flushToNetwork
INFORMAÇÕES: HEADER: CCNOutputStream: flushToNetwork: new _baseNameIndex 0
Jan 15, 2015 6:20:29 PM org.ccnx.ccn.io.CCNOutputStream flushToNetwork
INFORMAÇÕES: flush: outputting to the segmenter, baseName /ccnx.org/test/SyncTestRepo-15-01-15-18.20.23/ccnSyncTest/slice6/round2/randomFile/=FD054B82F1D42D/%C1.META.M/.header/=FD054B82F1D4D9 basenameindex =00; 66 bytes written, holding back 0 flushing final blocks? true.
Jan 15, 2015 6:20:29 PM org.ccnx.ccn.io.CCNOutputStream flushToNetwork
INFORMAÇÕES: HEADER: CCNOutputStream: flushToNetwork: new _baseNameIndex 1
Jan 15, 2015 6:20:29 PM org.ccnx.ccn.io.CCNOutputStream close
INFORMAÇÕES: CCNOutputStream close: /ccnx.org/test/SyncTestRepo-15-01-15-18.20.23/ccnSyncTest/slice6/round2/randomFile/=FD054B82F1D42D/%C1.META.M/.header/=FD054B82F1D4D9
Jan 15, 2015 6:20:29 PM org.ccnx.ccn.io.CCNOutputStream close
INFORMAÇÕES: CCNOutputStream close: /ccnx.org/test/SyncTestRepo-15-01-15-18.20.23/ccnSyncTest/slice6/round2/randomFile/=FD054B82F1D42D
Jan 15, 2015 6:20:29 PM org.ccnx.ccn.profiles.sync.SyncTestCommon writeFile
INFORMAÇÕES: Wrote file to repository: /ccnx.org/test/SyncTestRepo-15-01-15-18.20.23/ccnSyncTest/slice6/round2/randomFile/=FD054B82F1D42D with 4 segments
Jan 15, 2015 6:20:29 PM org.ccnx.ccn.profiles.sync.SyncTestRepo checkCallbacks
DETALHADO: checking for callbacks:  /ccnx.org/test/SyncTestRepo-15-01-15-18.20.23/ccnSyncTest/slice6/round2 segments: 4
Jan 15, 2015 6:20:29 PM org.ccnx.ccn.impl.sync.ProtocolBasedSyncMonitor handleContent
INFORMAÇÕES: Saw new content from sync: /ccnx.org/test/SyncTestRepo-15-01-15-18.20.23/topoPrefix/%C1.S.ra/=E3CFCF7DE9F047B665631744B19927730A454370CBDB818D03CA78D6457E3539/=84E8B5E0326D12666600C46E62480A43CE02CD7F8FBA1AD0BCBF17F4C977617F/=02C0CEC7AFB2487E21CD467F048A28130650B9BB18EEA16C7E14317A213D36F4F3
Jan 15, 2015 6:20:29 PM org.ccnx.ccn.profiles.sync.SyncTestRepo checkCallbacks
DETALHADO: trying to loop again looking for segments
Jan 15, 2015 6:20:30 PM org.ccnx.ccn.profiles.sync.SyncTestRepo checkCallbacks
DETALHADO: trying to loop again looking for segments
Jan 15, 2015 6:20:30 PM org.ccnx.ccn.profiles.sync.SyncTestRepo checkCallbacks
DETALHADO: trying to loop again looking for segments
Jan 15, 2015 6:20:31 PM org.ccnx.ccn.profiles.sync.SyncTestRepo checkCallbacks
DETALHADO: trying to loop again looking for segments
Jan 15, 2015 6:20:31 PM org.ccnx.ccn.profiles.sync.SyncTestRepo checkCallbacks
DETALHADO: trying to loop again looking for segments
Jan 15, 2015 6:20:32 PM org.ccnx.ccn.profiles.sync.SyncTestRepo checkCallbacks
DETALHADO: trying to loop again looking for segments
Jan 15, 2015 6:20:32 PM org.ccnx.ccn.profiles.sync.SyncTestRepo checkCallbacks
DETALHADO: trying to loop again looking for segments
Jan 15, 2015 6:20:33 PM org.ccnx.ccn.profiles.sync.SyncTestRepo checkCallbacks
DETALHADO: trying to loop again looking for segments
Jan 15, 2015 6:20:33 PM org.ccnx.ccn.profiles.sync.SyncTestRepo checkCallbacks
DETALHADO: trying to loop again looking for segments
Jan 15, 2015 6:20:34 PM org.ccnx.ccn.profiles.sync.SyncTestRepo checkCallbacks
DETALHADO: trying to loop again looking for segments
Jan 15, 2015 6:20:34 PM org.ccnx.ccn.profiles.sync.SyncTestRepo checkCallbacks
DETALHADO: trying to loop again looking for segments
Jan 15, 2015 6:20:35 PM org.ccnx.ccn.profiles.sync.SyncTestRepo checkCallbacks
DETALHADO: trying to loop again looking for segments
Jan 15, 2015 6:20:35 PM org.ccnx.ccn.profiles.sync.SyncTestRepo checkCallbacks
DETALHADO: trying to loop again looking for segments
Jan 15, 2015 6:20:36 PM org.ccnx.ccn.profiles.sync.SyncTestRepo checkCallbacks
DETALHADO: trying to loop again looking for segments
Jan 15, 2015 6:20:36 PM org.ccnx.ccn.profiles.sync.SyncTestRepo checkCallbacks
DETALHADO: trying to loop again looking for segments
Jan 15, 2015 6:20:37 PM org.ccnx.ccn.profiles.sync.SyncTestRepo checkCallbacks
DETALHADO: trying to loop again looking for segments
Jan 15, 2015 6:20:37 PM org.ccnx.ccn.profiles.sync.SyncTestRepo checkCallbacks
DETALHADO: trying to loop again looking for segments
Jan 15, 2015 6:20:38 PM org.ccnx.ccn.profiles.sync.SyncTestRepo checkCallbacks
DETALHADO: trying to loop again looking for segments
Jan 15, 2015 6:20:38 PM org.ccnx.ccn.profiles.sync.SyncTestRepo checkCallbacks
DETALHADO: trying to loop again looking for segments
Jan 15, 2015 6:20:39 PM org.ccnx.ccn.profiles.sync.SyncTestRepo checkCallbacks
DETALHADO: trying to loop again looking for segments
Jan 15, 2015 6:20:39 PM org.ccnx.ccn.profiles.sync.SyncTestRepo checkCallbacks
DETALHADO: trying to loop again looking for segments
Jan 15, 2015 6:20:40 PM org.ccnx.ccn.profiles.sync.SyncTestRepo checkCallbacks
DETALHADO: trying to loop again looking for segments
Jan 15, 2015 6:20:40 PM org.ccnx.ccn.profiles.sync.SyncTestRepo checkCallbacks
DETALHADO: trying to loop again looking for segments
Jan 15, 2015 6:20:41 PM org.ccnx.ccn.profiles.sync.SyncTestRepo checkCallbacks
DETALHADO: trying to loop again looking for segments
Jan 15, 2015 6:20:41 PM org.ccnx.ccn.profiles.sync.SyncTestRepo checkCallbacks
DETALHADO: trying to loop again looking for segments
Jan 15, 2015 6:20:42 PM org.ccnx.ccn.profiles.sync.SyncTestRepo checkCallbacks
DETALHADO: trying to loop again looking for segments
Jan 15, 2015 6:20:42 PM org.ccnx.ccn.profiles.sync.SyncTestRepo checkCallbacks
DETALHADO: trying to loop again looking for segments
Jan 15, 2015 6:20:43 PM org.ccnx.ccn.profiles.sync.SyncTestRepo checkCallbacks
DETALHADO: trying to loop again looking for segments
Jan 15, 2015 6:20:43 PM org.ccnx.ccn.profiles.sync.SyncTestRepo checkCallbacks
DETALHADO: done looping, returning.
Jan 15, 2015 6:20:43 PM org.ccnx.ccn.profiles.sync.SyncTestRepo checkCallbacks
INFORMAÇÕES: 4 outstanding segments = 0, 1, 2, header 
Jan 15, 2015 6:20:43 PM org.ccnx.ccn.profiles.sync.SyncTestRepo testSyncRestart
DETALHADO: I didn't get callbacks after I stopped sync for myself!
Jan 15, 2015 6:20:43 PM org.ccnx.ccn.io.content.CCNNetworkObject createFlowController
INFORMAÇÕES: Created LOCALREPOSITORY flow controller, for prefix /%C1.M.S.localhost/%C1.S.cs/=E3CFCF7DE9F047B665631744B19927730A454370CBDB818D03CA78D6457E3539, save type LOCALREPOSITORY
Jan 15, 2015 6:20:43 PM org.ccnx.ccn.profiles.VersioningProfile getLatestVersion
INFORMAÇÕES: gLV getLatestVersion: retrieved latest version object /%C1.M.S.localhost/%C1.S.cs/=E3CFCF7DE9F047B665631744B19927730A454370CBDB818D03CA78D6457E3539/=FD054B82F186FE/=00 type: DATA
Jan 15, 2015 6:20:43 PM org.ccnx.ccn.profiles.VersioningProfile getLatestVersion
INFORMAÇÕES: getFirstBlockOfLatestVersion: no block available for later version of /%C1.M.S.localhost/%C1.S.cs/=E3CFCF7DE9F047B665631744B19927730A454370CBDB818D03CA78D6457E3539/=FD054B82F186FE
Jan 15, 2015 6:20:43 PM org.ccnx.ccn.io.CCNAbstractInputStream <init>
INFORMAÇÕES: CCNAbstractInputStream: /%C1.M.S.localhost/%C1.S.cs/=E3CFCF7DE9F047B665631744B19927730A454370CBDB818D03CA78D6457E3539/=FD054B82F186FE segment 0
Jan 15, 2015 6:20:43 PM org.ccnx.ccn.io.content.ConfigSlice checkAndCreate
DETALHADO: found this slice in my repo! /%C1.M.S.localhost/%C1.S.cs/=E3CFCF7DE9F047B665631744B19927730A454370CBDB818D03CA78D6457E3539/=FD054B82F186FE
Jan 15, 2015 6:20:43 PM org.ccnx.ccn.io.content.ConfigSlice checkAndCreate
DETALHADO: don't need to do anything...  returning the existing slice
Jan 15, 2015 6:20:43 PM org.ccnx.ccn.impl.sync.SliceComparator <init>
INFORMAÇÕES: Beginning sync monitoring from start
Jan 15, 2015 6:20:43 PM org.ccnx.ccn.impl.sync.SliceComparator setTimeout
DETALHADO: Sync timeout changed to 3000
Jan 15, 2015 6:20:43 PM org.ccnx.ccn.impl.sync.ProtocolBasedSyncMonitor registerCallback
DETALHADO: Starting a new comparator - it is the lead.
Jan 15, 2015 6:20:43 PM org.ccnx.ccn.CCNSync startSync
INFORMAÇÕES: Started sync with topo: /ccnx.org/test/SyncTestRepo-15-01-15-18.20.23/topoPrefix and prefix: /ccnx.org/test/SyncTestRepo-15-01-15-18.20.23/ccnSyncTest/slice6
Jan 15, 2015 6:20:43 PM org.ccnx.ccn.profiles.sync.SyncTestRepo testSyncRestart
DETALHADO: check if slice 6 == slice 6b, they should be equal!
Jan 15, 2015 6:20:43 PM org.ccnx.ccn.profiles.sync.SyncTestRepo testSyncRestart
DETALHADO: the slices are equal!
Jan 15, 2015 6:20:43 PM org.ccnx.ccn.profiles.sync.SyncTestRepo testSyncRestart
DETALHADO: writing out file: /ccnx.org/test/SyncTestRepo-15-01-15-18.20.23/ccnSyncTest/slice6/round3
Jan 15, 2015 6:20:43 PM org.ccnx.ccn.impl.CCNFlowControl <init>
INFORMAÇÕES: adding namespace: /ccnx.org/test/SyncTestRepo-15-01-15-18.20.23/ccnSyncTest/slice6/round3/randomFile
Jan 15, 2015 6:20:43 PM org.ccnx.ccn.impl.sync.ProtocolBasedSyncMonitor handleContent
INFORMAÇÕES: Saw new content from sync: /ccnx.org/test/SyncTestRepo-15-01-15-18.20.23/topoPrefix/%C1.S.ra/=E3CFCF7DE9F047B665631744B19927730A454370CBDB818D03CA78D6457E3539/.../=02C0CEC7AFB2487E21CD467F048A28130650B9BB18EEA16C7E14317A213D36F4F3
Jan 15, 2015 6:20:43 PM org.ccnx.ccn.impl.security.keys.BasicKeyManager getKeyLocator
INFORMAÇÕES: getKeyLocator: returning locator NAME: /ccnx.org/Users/root/Keys/%C1.M.K=009234ADEC47D19E3E6A2AF362D44E09AB6B71F43B1900BA0622FB45F2A5B7D9F6/=FD054AE7DE1000 KEY:-reba89rgbj1o6ata34t5eovcl4kho5s9pnv8nstq15q1ld4g9ga for key kjSt7EfRnj5qKvNi1E4Jq2tx9DsZALoGIvtF8qW32fY=
Jan 15, 2015 6:20:43 PM org.ccnx.ccn.io.CCNAbstractOutputStream <init>
INFORMAÇÕES: CCNAbstractOutputStream: /ccnx.org/test/SyncTestRepo-15-01-15-18.20.23/ccnSyncTest/slice6/round3/randomFile/=FD054B82F2BC39 blocksize is 4096
Jan 15, 2015 6:20:43 PM org.ccnx.ccn.io.CCNAbstractOutputStream startWrite
INFORMAÇÕES: CCNAbstractOutputStream: startWrite -- searching for keys.
Jan 15, 2015 6:20:43 PM org.ccnx.ccn.profiles.security.access.AccessControlManager keysForOutput
INFORMAÇÕES: keysForOutput: found an acm: (null)
Jan 15, 2015 6:20:43 PM org.ccnx.ccn.impl.repo.RepositoryFlowControl startWrite
INFORMAÇÕES: RepositoryFlowControl.startWrite called for name /ccnx.org/test/SyncTestRepo-15-01-15-18.20.23/ccnSyncTest/slice6/round3/randomFile/=FD054B82F2BC39, shape STREAM
Jan 15, 2015 6:20:43 PM org.ccnx.ccn.impl.repo.RepositoryFlowControl handleContent
INFORMAÇÕES: handleContent: got potential repo message: /ccnx.org/test/SyncTestRepo-15-01-15-18.20.23/ccnSyncTest/slice6/round3/randomFile/=FD054B82F2BC39/%C1.R.sw/%C1.N%00pW=25916D0C1306
Jan 15, 2015 6:20:43 PM org.ccnx.ccn.profiles.sync.SyncTestCommon writeFile
DETALHADO: bytes: 8727 block size: 4096 div: 2.130615234375 ceil: 3
Jan 15, 2015 6:20:43 PM org.ccnx.ccn.profiles.sync.SyncTestCommon writeFile
DETALHADO: will write out a 8727 byte file, will have 4 segments (1 is a header)
Jan 15, 2015 6:20:43 PM org.ccnx.ccn.io.CCNOutputStream flushToNetwork
INFORMAÇÕES: flush: outputting to the segmenter, baseName /ccnx.org/test/SyncTestRepo-15-01-15-18.20.23/ccnSyncTest/slice6/round3/randomFile/=FD054B82F2BC39 basenameindex =0002; 535 bytes written, holding back 535 flushing final blocks? false.
Jan 15, 2015 6:20:43 PM org.ccnx.ccn.impl.CCNSegmenter outputCurrentBlocks
INFORMAÇÕES: flush: putting merkle tree to the network, name starts with /ccnx.org/test/SyncTestRepo-15-01-15-18.20.23/ccnSyncTest/slice6/round3/randomFile/=FD054B82F2BC39/=00; 2 blocks
Jan 15, 2015 6:20:43 PM org.ccnx.ccn.impl.security.crypto.CCNMerkleTreeSigner signBlocks
INFORMAÇÕES: Signed tree of 2 leaves, 3 nodes.
Jan 15, 2015 6:20:43 PM org.ccnx.ccn.io.CCNOutputStream flushToNetwork
INFORMAÇÕES: HEADER: CCNOutputStream: flushToNetwork: new _baseNameIndex 2
Jan 15, 2015 6:20:43 PM org.ccnx.ccn.io.CCNOutputStream flushToNetwork
INFORMAÇÕES: flush: outputting to the segmenter, baseName /ccnx.org/test/SyncTestRepo-15-01-15-18.20.23/ccnSyncTest/slice6/round3/randomFile/=FD054B82F2BC39 basenameindex =0002; 535 bytes written, holding back 535 flushing final blocks? false.
Jan 15, 2015 6:20:43 PM org.ccnx.ccn.io.CCNOutputStream flushToNetwork
INFORMAÇÕES: HEADER: CCNOutputStream: flushToNetwork: new _baseNameIndex 2
Jan 15, 2015 6:20:43 PM org.ccnx.ccn.io.CCNOutputStream flushToNetwork
INFORMAÇÕES: flush: outputting to the segmenter, baseName /ccnx.org/test/SyncTestRepo-15-01-15-18.20.23/ccnSyncTest/slice6/round3/randomFile/=FD054B82F2BC39 basenameindex =0002; 535 bytes written, holding back 0 flushing final blocks? true.
Jan 15, 2015 6:20:43 PM org.ccnx.ccn.io.CCNOutputStream flushToNetwork
INFORMAÇÕES: HEADER: CCNOutputStream: flushToNetwork: new _baseNameIndex 3
Jan 15, 2015 6:20:43 PM org.ccnx.ccn.io.CCNAbstractOutputStream <init>
INFORMAÇÕES: CCNAbstractOutputStream: /ccnx.org/test/SyncTestRepo-15-01-15-18.20.23/ccnSyncTest/slice6/round3/randomFile/=FD054B82F2BC39/%C1.META.M/.header/=FD054B82F2BCC1 blocksize is 4096
Jan 15, 2015 6:20:43 PM org.ccnx.ccn.io.CCNAbstractOutputStream startWrite
INFORMAÇÕES: CCNAbstractOutputStream: startWrite -- searching for keys.
Jan 15, 2015 6:20:43 PM org.ccnx.ccn.profiles.security.access.AccessControlManager keysForOutput
INFORMAÇÕES: keysForOutput: found an acm: (null)
Jan 15, 2015 6:20:43 PM org.ccnx.ccn.impl.repo.RepositoryFlowControl startWrite
INFORMAÇÕES: RepositoryFlowControl.startWrite called for name /ccnx.org/test/SyncTestRepo-15-01-15-18.20.23/ccnSyncTest/slice6/round3/randomFile/=FD054B82F2BC39/%C1.META.M/.header/=FD054B82F2BCC1, shape STREAM
Jan 15, 2015 6:20:43 PM org.ccnx.ccn.impl.sync.ProtocolBasedSyncMonitor handleContent
INFORMAÇÕES: Saw new content from sync: /ccnx.org/test/SyncTestRepo-15-01-15-18.20.23/topoPrefix/%C1.S.ra/=E3CFCF7DE9F047B665631744B19927730A454370CBDB818D03CA78D6457E3539/=02C0CEC7AFB2487E21CD467F048A28130650B9BB18EEA16C7E14317A213D36F4F3/=0528507711CD6EE2761B8BC03411BBF181566B2ED576683ADBB19D2D226C8140BE
Jan 15, 2015 6:20:43 PM org.ccnx.ccn.impl.repo.RepositoryFlowControl handleContent
INFORMAÇÕES: handleContent: got potential repo message: /ccnx.org/test/SyncTestRepo-15-01-15-18.20.23/ccnSyncTest/slice6/round3/randomFile/=FD054B82F2BC39/%C1.META.M/.header/=FD054B82F2BCC1/%C1.R.sw/%C1.N=00A9A193F7370AF5E6
Jan 15, 2015 6:20:43 PM org.ccnx.ccn.io.CCNOutputStream flushToNetwork
INFORMAÇÕES: flush: outputting to the segmenter, baseName /ccnx.org/test/SyncTestRepo-15-01-15-18.20.23/ccnSyncTest/slice6/round3/randomFile/=FD054B82F2BC39/%C1.META.M/.header/=FD054B82F2BCC1 basenameindex =00; 66 bytes written, holding back 66 flushing final blocks? false.
Jan 15, 2015 6:20:43 PM org.ccnx.ccn.io.CCNOutputStream flushToNetwork
INFORMAÇÕES: HEADER: CCNOutputStream: flushToNetwork: new _baseNameIndex 0
Jan 15, 2015 6:20:43 PM org.ccnx.ccn.io.CCNOutputStream flushToNetwork
INFORMAÇÕES: flush: outputting to the segmenter, baseName /ccnx.org/test/SyncTestRepo-15-01-15-18.20.23/ccnSyncTest/slice6/round3/randomFile/=FD054B82F2BC39/%C1.META.M/.header/=FD054B82F2BCC1 basenameindex =00; 66 bytes written, holding back 66 flushing final blocks? false.
Jan 15, 2015 6:20:43 PM org.ccnx.ccn.io.CCNOutputStream flushToNetwork
INFORMAÇÕES: HEADER: CCNOutputStream: flushToNetwork: new _baseNameIndex 0
Jan 15, 2015 6:20:43 PM org.ccnx.ccn.io.CCNOutputStream flushToNetwork
INFORMAÇÕES: flush: outputting to the segmenter, baseName /ccnx.org/test/SyncTestRepo-15-01-15-18.20.23/ccnSyncTest/slice6/round3/randomFile/=FD054B82F2BC39/%C1.META.M/.header/=FD054B82F2BCC1 basenameindex =00; 66 bytes written, holding back 0 flushing final blocks? true.
Jan 15, 2015 6:20:43 PM org.ccnx.ccn.impl.sync.SliceComparator run
DETALHADO: Starting comparator run - state is INIT, sc is org.ccnx.ccn.impl.sync.SliceComparator@ccdb92b, this is the lead
Jan 15, 2015 6:20:43 PM org.ccnx.ccn.impl.encoding.BinaryXMLDecoder setElement
INFORMAÇÕES: Reset decode array sizes to 150
Jan 15, 2015 6:20:43 PM org.ccnx.ccn.io.CCNOutputStream flushToNetwork
INFORMAÇÕES: HEADER: CCNOutputStream: flushToNetwork: new _baseNameIndex 1
Jan 15, 2015 6:20:43 PM org.ccnx.ccn.impl.encoding.BinaryXMLDecoder setElement
INFORMAÇÕES: Reset decode array sizes to 225
Jan 15, 2015 6:20:43 PM org.ccnx.ccn.io.CCNOutputStream close
INFORMAÇÕES: CCNOutputStream close: /ccnx.org/test/SyncTestRepo-15-01-15-18.20.23/ccnSyncTest/slice6/round3/randomFile/=FD054B82F2BC39/%C1.META.M/.header/=FD054B82F2BCC1
Jan 15, 2015 6:20:43 PM org.ccnx.ccn.impl.encoding.BinaryXMLDecoder setElement
INFORMAÇÕES: Reset decode array sizes to 337
Jan 15, 2015 6:20:43 PM org.ccnx.ccn.io.CCNOutputStream close
INFORMAÇÕES: CCNOutputStream close: /ccnx.org/test/SyncTestRepo-15-01-15-18.20.23/ccnSyncTest/slice6/round3/randomFile/=FD054B82F2BC39
Jan 15, 2015 6:20:43 PM org.ccnx.ccn.io.content.SyncNodeComposite decodeLogging
O MAIS DETALHADO: decode node for =02C0CEC7AFB2487E21CD467F048A28130650B9BB18EEA16C7E14317A213D36F4F3 depth = 1 refs = 6
Jan 15, 2015 6:20:43 PM org.ccnx.ccn.profiles.sync.SyncTestCommon writeFile
INFORMAÇÕES: Wrote file to repository: /ccnx.org/test/SyncTestRepo-15-01-15-18.20.23/ccnSyncTest/slice6/round3/randomFile/=FD054B82F2BC39 with 4 segments
Jan 15, 2015 6:20:43 PM org.ccnx.ccn.io.content.SyncNodeComposite decodeLogging
O MAIS DETALHADO: min is 0, max is 0, expanded min is /ccnx.org/test/SyncTestRepo-15-01-15-18.20.23/ccnSyncTest/slice6/round2/randomFile/=FD054B82F1D42D/=00/=F9D2C73A3952FD96F6453F0147FCF1A4D4E9C9B4C4CA4C5BB00D28FB78FF3F30, expanded max is /ccnx.org/test/SyncTestRepo-15-01-15-18.20.23/ccnSyncTest/slice6/randomFile/=FD054B82F189F0/%C1.META.M/.header/=FD054B82F18A7F/=00/%2BK=0E1724374E6CAD74B8614A9590BAE2B6BA458936CE8C28722360E98FAF9D
Jan 15, 2015 6:20:43 PM org.ccnx.ccn.profiles.sync.SyncTestRepo checkCallbacks
DETALHADO: checking for callbacks:  /ccnx.org/test/SyncTestRepo-15-01-15-18.20.23/ccnSyncTest/slice6/round3 segments: 4
Jan 15, 2015 6:20:43 PM org.ccnx.ccn.impl.encoding.BinaryXMLDecoder setElement
INFORMAÇÕES: Reset decode array sizes to 150
Jan 15, 2015 6:20:43 PM org.ccnx.ccn.impl.encoding.BinaryXMLDecoder setElement
INFORMAÇÕES: Reset decode array sizes to 225
Jan 15, 2015 6:20:43 PM org.ccnx.ccn.impl.encoding.BinaryXMLDecoder setElement
INFORMAÇÕES: Reset decode array sizes to 337
Jan 15, 2015 6:20:43 PM org.ccnx.ccn.impl.encoding.BinaryXMLDecoder setElement
INFORMAÇÕES: Reset decode array sizes to 505
Jan 15, 2015 6:20:43 PM org.ccnx.ccn.io.content.SyncNodeComposite decodeLogging
O MAIS DETALHADO: decode node for =0528507711CD6EE2761B8BC03411BBF181566B2ED576683ADBB19D2D226C8140BE depth = 1 refs = 9
Jan 15, 2015 6:20:43 PM org.ccnx.ccn.io.content.SyncNodeComposite decodeLogging
O MAIS DETALHADO: min is 0, max is 0, expanded min is /ccnx.org/test/SyncTestRepo-15-01-15-18.20.23/ccnSyncTest/slice6/round2/randomFile/=FD054B82F1D42D/=00/=F9D2C73A3952FD96F6453F0147FCF1A4D4E9C9B4C4CA4C5BB00D28FB78FF3F30, expanded max is /ccnx.org/test/SyncTestRepo-15-01-15-18.20.23/ccnSyncTest/slice6/randomFile/=FD054B82F189F0/%C1.META.M/.header/=FD054B82F18A7F/=00/%2BK=0E1724374E6CAD74B8614A9590BAE2B6BA458936CE8C28722360E98FAF9D
Jan 15, 2015 6:20:43 PM org.ccnx.ccn.impl.sync.SliceComparator run
INFORMAÇÕES: Starting new round with X = null and Y = =0528507711CD6EE2761B8BC03411BBF181566B2ED576683ADBB19D2D226C8140BE
Jan 15, 2015 6:20:43 PM org.ccnx.ccn.impl.sync.SliceComparator doComparison
O MAIS DETALHADO: Y hash only for =0528507711CD6EE2761B8BC03411BBF181566B2ED576683ADBB19D2D226C8140BE, type is LEAF, pos is 0
Jan 15, 2015 6:20:43 PM org.ccnx.ccn.profiles.sync.SyncTestRepo doHandleContentName
INFORMAÇÕES: Number 1: Callback for name: /ccnx.org/test/SyncTestRepo-15-01-15-18.20.23/ccnSyncTest/slice6/round2/randomFile/=FD054B82F1D42D/=00 - number is 0
Jan 15, 2015 6:20:43 PM org.ccnx.ccn.impl.sync.SliceComparator doComparison
O MAIS DETALHADO: Y hash only for =0528507711CD6EE2761B8BC03411BBF181566B2ED576683ADBB19D2D226C8140BE, type is LEAF, pos is 1
Jan 15, 2015 6:20:43 PM org.ccnx.ccn.profiles.sync.SyncTestRepo doHandleContentName
INFORMAÇÕES: Number 1: Callback for name: /ccnx.org/test/SyncTestRepo-15-01-15-18.20.23/ccnSyncTest/slice6/round2/randomFile/=FD054B82F1D42D/=0001 - number is 1
Jan 15, 2015 6:20:43 PM org.ccnx.ccn.impl.sync.SliceComparator doComparison
O MAIS DETALHADO: Y hash only for =0528507711CD6EE2761B8BC03411BBF181566B2ED576683ADBB19D2D226C8140BE, type is LEAF, pos is 2
Jan 15, 2015 6:20:43 PM org.ccnx.ccn.profiles.sync.SyncTestRepo doHandleContentName
INFORMAÇÕES: Number 1: Callback for name: /ccnx.org/test/SyncTestRepo-15-01-15-18.20.23/ccnSyncTest/slice6/round2/randomFile/=FD054B82F1D42D/=0002 - number is 2
Jan 15, 2015 6:20:43 PM org.ccnx.ccn.impl.sync.SliceComparator doComparison
O MAIS DETALHADO: Y hash only for =0528507711CD6EE2761B8BC03411BBF181566B2ED576683ADBB19D2D226C8140BE, type is LEAF, pos is 3
Jan 15, 2015 6:20:43 PM org.ccnx.ccn.profiles.sync.SyncTestRepo doHandleContentName
INFORMAÇÕES: Number 1: Callback for name: /ccnx.org/test/SyncTestRepo-15-01-15-18.20.23/ccnSyncTest/slice6/round2/randomFile/=FD054B82F1D42D/%C1.META.M/.header/=FD054B82F1D4D9/=00 - number is header
Jan 15, 2015 6:20:43 PM org.ccnx.ccn.impl.sync.SliceComparator doComparison
O MAIS DETALHADO: Y hash only for =0528507711CD6EE2761B8BC03411BBF181566B2ED576683ADBB19D2D226C8140BE, type is LEAF, pos is 4
Jan 15, 2015 6:20:43 PM org.ccnx.ccn.profiles.sync.SyncTestRepo doHandleContentName
INFORMAÇÕES: Number 1: Callback for name: /ccnx.org/test/SyncTestRepo-15-01-15-18.20.23/ccnSyncTest/slice6/round3/randomFile/=FD054B82F2BC39/=00 - number is 0
Jan 15, 2015 6:20:43 PM org.ccnx.ccn.impl.sync.SliceComparator doComparison
O MAIS DETALHADO: Y hash only for =0528507711CD6EE2761B8BC03411BBF181566B2ED576683ADBB19D2D226C8140BE, type is LEAF, pos is 5
Jan 15, 2015 6:20:43 PM org.ccnx.ccn.profiles.sync.SyncTestRepo doHandleContentName
INFORMAÇÕES: Number 1: Callback for name: /ccnx.org/test/SyncTestRepo-15-01-15-18.20.23/ccnSyncTest/slice6/round3/randomFile/=FD054B82F2BC39/=0001 - number is 1
Jan 15, 2015 6:20:43 PM org.ccnx.ccn.impl.sync.SliceComparator doComparison
O MAIS DETALHADO: Y hash only for =0528507711CD6EE2761B8BC03411BBF181566B2ED576683ADBB19D2D226C8140BE, type is LEAF, pos is 6
Jan 15, 2015 6:20:43 PM org.ccnx.ccn.profiles.sync.SyncTestRepo doHandleContentName
INFORMAÇÕES: Number 1: Callback for name: /ccnx.org/test/SyncTestRepo-15-01-15-18.20.23/ccnSyncTest/slice6/round3/randomFile/=FD054B82F2BC39/=0002 - number is 2
Jan 15, 2015 6:20:43 PM org.ccnx.ccn.impl.sync.SliceComparator doComparison
O MAIS DETALHADO: Y hash only for =0528507711CD6EE2761B8BC03411BBF181566B2ED576683ADBB19D2D226C8140BE, type is LEAF, pos is 7
Jan 15, 2015 6:20:43 PM org.ccnx.ccn.profiles.sync.SyncTestRepo doHandleContentName
INFORMAÇÕES: Number 1: Callback for name: /ccnx.org/test/SyncTestRepo-15-01-15-18.20.23/ccnSyncTest/slice6/randomFile/=FD054B82F189F0/=00 - number is 0
Jan 15, 2015 6:20:43 PM org.ccnx.ccn.impl.sync.SliceComparator doComparison
O MAIS DETALHADO: Y hash only for =0528507711CD6EE2761B8BC03411BBF181566B2ED576683ADBB19D2D226C8140BE, type is LEAF, pos is 8
Jan 15, 2015 6:20:43 PM org.ccnx.ccn.profiles.sync.SyncTestRepo doHandleContentName
INFORMAÇÕES: Number 1: Callback for name: /ccnx.org/test/SyncTestRepo-15-01-15-18.20.23/ccnSyncTest/slice6/randomFile/=FD054B82F189F0/%C1.META.M/.header/=FD054B82F18A7F/=00 - number is header
Jan 15, 2015 6:20:43 PM org.ccnx.ccn.impl.sync.SliceComparator updateCurrent
O MAIS DETALHADO: Starting update from hash =0528507711CD6EE2761B8BC03411BBF181566B2ED576683ADBB19D2D226C8140BE
Jan 15, 2015 6:20:43 PM org.ccnx.ccn.impl.sync.SliceComparator updateCurrent
O MAIS DETALHADO: Update compare: name from tree (expanded) is /ccnx.org/test/SyncTestRepo-15-01-15-18.20.23/ccnSyncTest/slice6/round2/randomFile/=FD054B82F1D42D/=00/=F9D2C73A3952FD96F6453F0147FCF1A4D4E9C9B4C4CA4C5BB00D28FB78FF3F30, name  is /ccnx.org/test/SyncTestRepo-15-01-15-18.20.23/ccnSyncTest/slice6/round2/randomFile/=FD054B82F1D42D/=00/=F9D2C73A3952FD96F6453F0147FCF1A4D4E9C9B4C4CA4C5BB00D28FB78FF3F30, comp is 0
Jan 15, 2015 6:20:43 PM org.ccnx.ccn.impl.sync.SliceComparator updateCurrent
O MAIS DETALHADO: Update compare: name from tree (expanded) is /ccnx.org/test/SyncTestRepo-15-01-15-18.20.23/ccnSyncTest/slice6/round2/randomFile/=FD054B82F1D42D/=0001/%1Ag=88D841F2872250A83B2ADADB154E6737B45CA0C036657FF8EAE1BACE7E5B, name  is /ccnx.org/test/SyncTestRepo-15-01-15-18.20.23/ccnSyncTest/slice6/round2/randomFile/=FD054B82F1D42D/=0001/%1Ag=88D841F2872250A83B2ADADB154E6737B45CA0C036657FF8EAE1BACE7E5B, comp is 0
Jan 15, 2015 6:20:43 PM org.ccnx.ccn.impl.sync.SliceComparator updateCurrent
O MAIS DETALHADO: Update compare: name from tree (expanded) is /ccnx.org/test/SyncTestRepo-15-01-15-18.20.23/ccnSyncTest/slice6/round2/randomFile/=FD054B82F1D42D/=0002/=7C907D97867D69FBEE6880964BA7DA31FF318B9968B94D1BDEE4B37BB368B223, name  is /ccnx.org/test/SyncTestRepo-15-01-15-18.20.23/ccnSyncTest/slice6/round2/randomFile/=FD054B82F1D42D/=0002/=7C907D97867D69FBEE6880964BA7DA31FF318B9968B94D1BDEE4B37BB368B223, comp is 0
Jan 15, 2015 6:20:43 PM org.ccnx.ccn.impl.sync.SliceComparator updateCurrent
O MAIS DETALHADO: Update compare: name from tree (expanded) is /ccnx.org/test/SyncTestRepo-15-01-15-18.20.23/ccnSyncTest/slice6/round2/randomFile/=FD054B82F1D42D/%C1.META.M/.header/=FD054B82F1D4D9/=00/=AB1B44257E187D0631EFBFD3B960279D4763E3EE90A381D048879AD38C8923C6, name  is /ccnx.org/test/SyncTestRepo-15-01-15-18.20.23/ccnSyncTest/slice6/round2/randomFile/=FD054B82F1D42D/%C1.META.M/.header/=FD054B82F1D4D9/=00/=AB1B44257E187D0631EFBFD3B960279D4763E3EE90A381D048879AD38C8923C6, comp is 0
Jan 15, 2015 6:20:43 PM org.ccnx.ccn.impl.sync.SliceComparator updateCurrent
O MAIS DETALHADO: Update compare: name from tree (expanded) is /ccnx.org/test/SyncTestRepo-15-01-15-18.20.23/ccnSyncTest/slice6/round3/randomFile/=FD054B82F2BC39/=00/=E0D2282ED23AC228EC54F7CD58215DFDB41E07255EF58F13BCB84759ADC46E07, name  is /ccnx.org/test/SyncTestRepo-15-01-15-18.20.23/ccnSyncTest/slice6/round3/randomFile/=FD054B82F2BC39/=00/=E0D2282ED23AC228EC54F7CD58215DFDB41E07255EF58F13BCB84759ADC46E07, comp is 0
Jan 15, 2015 6:20:43 PM org.ccnx.ccn.impl.sync.SliceComparator updateCurrent
O MAIS DETALHADO: Update compare: name from tree (expanded) is /ccnx.org/test/SyncTestRepo-15-01-15-18.20.23/ccnSyncTest/slice6/round3/randomFile/=FD054B82F2BC39/=0001/=95C67807BF1C883DCF825C8A40EA6E99463BD6DAF8E3D8C992F5E977039AA375, name  is /ccnx.org/test/SyncTestRepo-15-01-15-18.20.23/ccnSyncTest/slice6/round3/randomFile/=FD054B82F2BC39/=0001/=95C67807BF1C883DCF825C8A40EA6E99463BD6DAF8E3D8C992F5E977039AA375, comp is 0
Jan 15, 2015 6:20:43 PM org.ccnx.ccn.impl.sync.SliceComparator updateCurrent
O MAIS DETALHADO: Update compare: name from tree (expanded) is /ccnx.org/test/SyncTestRepo-15-01-15-18.20.23/ccnSyncTest/slice6/round3/randomFile/=FD054B82F2BC39/=0002/=F0E90F2B89CF19ED926DECD7EE8811E40B5795BC2FED66804DBD82307DEB3A4F, name  is /ccnx.org/test/SyncTestRepo-15-01-15-18.20.23/ccnSyncTest/slice6/round3/randomFile/=FD054B82F2BC39/=0002/=F0E90F2B89CF19ED926DECD7EE8811E40B5795BC2FED66804DBD82307DEB3A4F, comp is 0
Jan 15, 2015 6:20:43 PM org.ccnx.ccn.impl.sync.SliceComparator updateCurrent
O MAIS DETALHADO: Update compare: name from tree (expanded) is /ccnx.org/test/SyncTestRepo-15-01-15-18.20.23/ccnSyncTest/slice6/randomFile/=FD054B82F189F0/=00/Y=9DA7C90E35C3F9B88C0C0D17B27988EB4C133A06834C44944CF493DFE7B1E2, name  is /ccnx.org/test/SyncTestRepo-15-01-15-18.20.23/ccnSyncTest/slice6/randomFile/=FD054B82F189F0/=00/Y=9DA7C90E35C3F9B88C0C0D17B27988EB4C133A06834C44944CF493DFE7B1E2, comp is 0
Jan 15, 2015 6:20:43 PM org.ccnx.ccn.impl.sync.SliceComparator updateCurrent
O MAIS DETALHADO: Update compare: name from tree (expanded) is /ccnx.org/test/SyncTestRepo-15-01-15-18.20.23/ccnSyncTest/slice6/randomFile/=FD054B82F189F0/%C1.META.M/.header/=FD054B82F18A7F/=00/%2BK=0E1724374E6CAD74B8614A9590BAE2B6BA458936CE8C28722360E98FAF9D, name  is /ccnx.org/test/SyncTestRepo-15-01-15-18.20.23/ccnSyncTest/slice6/randomFile/=FD054B82F189F0/%C1.META.M/.header/=FD054B82F18A7F/=00/%2BK=0E1724374E6CAD74B8614A9590BAE2B6BA458936CE8C28722360E98FAF9D, comp is 0
Jan 15, 2015 6:20:43 PM org.ccnx.ccn.impl.sync.SliceComparator run
INFORMAÇÕES: Starting new round with X = =0528507711CD6EE2761B8BC03411BBF181566B2ED576683ADBB19D2D226C8140BE and Y = =02C0CEC7AFB2487E21CD467F048A28130650B9BB18EEA16C7E14317A213D36F4F3
Jan 15, 2015 6:20:43 PM org.ccnx.ccn.impl.sync.SliceComparator doComparison
O MAIS DETALHADO: Compare LEAF =0528507711CD6EE2761B8BC03411BBF181566B2ED576683ADBB19D2D226C8140BE to LEAF =02C0CEC7AFB2487E21CD467F048A28130650B9BB18EEA16C7E14317A213D36F4F3
Jan 15, 2015 6:20:43 PM org.ccnx.ccn.impl.sync.SliceComparator doComparison
O MAIS DETALHADO: name X is 0, pos X is 0, name Y is 0, pos Y is 0 comp is 0
Jan 15, 2015 6:20:43 PM org.ccnx.ccn.impl.sync.SliceComparator doComparison
O MAIS DETALHADO: name X (expanded) is /ccnx.org/test/SyncTestRepo-15-01-15-18.20.23/ccnSyncTest/slice6/round2/randomFile/=FD054B82F1D42D/=00/=F9D2C73A3952FD96F6453F0147FCF1A4D4E9C9B4C4CA4C5BB00D28FB78FF3F30, name Y (expanded) is /ccnx.org/test/SyncTestRepo-15-01-15-18.20.23/ccnSyncTest/slice6/round2/randomFile/=FD054B82F1D42D/=00/=F9D2C73A3952FD96F6453F0147FCF1A4D4E9C9B4C4CA4C5BB00D28FB78FF3F30
Jan 15, 2015 6:20:43 PM org.ccnx.ccn.impl.sync.SliceComparator doComparison
O MAIS DETALHADO: Compare LEAF =0528507711CD6EE2761B8BC03411BBF181566B2ED576683ADBB19D2D226C8140BE to LEAF =02C0CEC7AFB2487E21CD467F048A28130650B9BB18EEA16C7E14317A213D36F4F3
Jan 15, 2015 6:20:43 PM org.ccnx.ccn.impl.sync.SliceComparator doComparison
O MAIS DETALHADO: name X is 1, pos X is 1, name Y is 1, pos Y is 1 comp is 0
Jan 15, 2015 6:20:43 PM org.ccnx.ccn.impl.sync.SliceComparator doComparison
O MAIS DETALHADO: name X (expanded) is /ccnx.org/test/SyncTestRepo-15-01-15-18.20.23/ccnSyncTest/slice6/round2/randomFile/=FD054B82F1D42D/=0001/%1Ag=88D841F2872250A83B2ADADB154E6737B45CA0C036657FF8EAE1BACE7E5B, name Y (expanded) is /ccnx.org/test/SyncTestRepo-15-01-15-18.20.23/ccnSyncTest/slice6/round2/randomFile/=FD054B82F1D42D/=0001/%1Ag=88D841F2872250A83B2ADADB154E6737B45CA0C036657FF8EAE1BACE7E5B
Jan 15, 2015 6:20:43 PM org.ccnx.ccn.impl.sync.SliceComparator doComparison
O MAIS DETALHADO: Compare LEAF =0528507711CD6EE2761B8BC03411BBF181566B2ED576683ADBB19D2D226C8140BE to LEAF =02C0CEC7AFB2487E21CD467F048A28130650B9BB18EEA16C7E14317A213D36F4F3
Jan 15, 2015 6:20:43 PM org.ccnx.ccn.impl.sync.SliceComparator doComparison
O MAIS DETALHADO: name X is 2, pos X is 2, name Y is 2, pos Y is 2 comp is 0
Jan 15, 2015 6:20:43 PM org.ccnx.ccn.impl.sync.SliceComparator doComparison
O MAIS DETALHADO: name X (expanded) is /ccnx.org/test/SyncTestRepo-15-01-15-18.20.23/ccnSyncTest/slice6/round2/randomFile/=FD054B82F1D42D/=0002/=7C907D97867D69FBEE6880964BA7DA31FF318B9968B94D1BDEE4B37BB368B223, name Y (expanded) is /ccnx.org/test/SyncTestRepo-15-01-15-18.20.23/ccnSyncTest/slice6/round2/randomFile/=FD054B82F1D42D/=0002/=7C907D97867D69FBEE6880964BA7DA31FF318B9968B94D1BDEE4B37BB368B223
Jan 15, 2015 6:20:43 PM org.ccnx.ccn.impl.sync.SliceComparator doComparison
O MAIS DETALHADO: Compare LEAF =0528507711CD6EE2761B8BC03411BBF181566B2ED576683ADBB19D2D226C8140BE to LEAF =02C0CEC7AFB2487E21CD467F048A28130650B9BB18EEA16C7E14317A213D36F4F3
Jan 15, 2015 6:20:43 PM org.ccnx.ccn.impl.sync.SliceComparator doComparison
O MAIS DETALHADO: name X is 0, pos X is 3, name Y is 0, pos Y is 3 comp is 0
Jan 15, 2015 6:20:43 PM org.ccnx.ccn.impl.sync.SliceComparator doComparison
O MAIS DETALHADO: name X (expanded) is /ccnx.org/test/SyncTestRepo-15-01-15-18.20.23/ccnSyncTest/slice6/round2/randomFile/=FD054B82F1D42D/%C1.META.M/.header/=FD054B82F1D4D9/=00/=AB1B44257E187D0631EFBFD3B960279D4763E3EE90A381D048879AD38C8923C6, name Y (expanded) is /ccnx.org/test/SyncTestRepo-15-01-15-18.20.23/ccnSyncTest/slice6/round2/randomFile/=FD054B82F1D42D/%C1.META.M/.header/=FD054B82F1D4D9/=00/=AB1B44257E187D0631EFBFD3B960279D4763E3EE90A381D048879AD38C8923C6
Jan 15, 2015 6:20:43 PM org.ccnx.ccn.impl.sync.SliceComparator doComparison
O MAIS DETALHADO: Compare LEAF =0528507711CD6EE2761B8BC03411BBF181566B2ED576683ADBB19D2D226C8140BE to LEAF =02C0CEC7AFB2487E21CD467F048A28130650B9BB18EEA16C7E14317A213D36F4F3
Jan 15, 2015 6:20:43 PM org.ccnx.ccn.impl.sync.SliceComparator doComparison
O MAIS DETALHADO: name X is 0, pos X is 4, name Y is 0, pos Y is 4 comp is -1
Jan 15, 2015 6:20:43 PM org.ccnx.ccn.impl.sync.SliceComparator doComparison
O MAIS DETALHADO: name X (expanded) is /ccnx.org/test/SyncTestRepo-15-01-15-18.20.23/ccnSyncTest/slice6/round3/randomFile/=FD054B82F2BC39/=00/=E0D2282ED23AC228EC54F7CD58215DFDB41E07255EF58F13BCB84759ADC46E07, name Y (expanded) is /ccnx.org/test/SyncTestRepo-15-01-15-18.20.23/ccnSyncTest/slice6/randomFile/=FD054B82F189F0/=00/Y=9DA7C90E35C3F9B88C0C0D17B27988EB4C133A06834C44944CF493DFE7B1E2
Jan 15, 2015 6:20:43 PM org.ccnx.ccn.impl.sync.SliceComparator doComparison
O MAIS DETALHADO: Compare LEAF =0528507711CD6EE2761B8BC03411BBF181566B2ED576683ADBB19D2D226C8140BE to LEAF =02C0CEC7AFB2487E21CD467F048A28130650B9BB18EEA16C7E14317A213D36F4F3
Jan 15, 2015 6:20:43 PM org.ccnx.ccn.impl.sync.SliceComparator doComparison
O MAIS DETALHADO: name X is 1, pos X is 5, name Y is 0, pos Y is 4 comp is -1
Jan 15, 2015 6:20:43 PM org.ccnx.ccn.impl.sync.SliceComparator doComparison
O MAIS DETALHADO: name X (expanded) is /ccnx.org/test/SyncTestRepo-15-01-15-18.20.23/ccnSyncTest/slice6/round3/randomFile/=FD054B82F2BC39/=0001/=95C67807BF1C883DCF825C8A40EA6E99463BD6DAF8E3D8C992F5E977039AA375, name Y (expanded) is /ccnx.org/test/SyncTestRepo-15-01-15-18.20.23/ccnSyncTest/slice6/randomFile/=FD054B82F189F0/=00/Y=9DA7C90E35C3F9B88C0C0D17B27988EB4C133A06834C44944CF493DFE7B1E2
Jan 15, 2015 6:20:43 PM org.ccnx.ccn.impl.sync.SliceComparator doComparison
O MAIS DETALHADO: Compare LEAF =0528507711CD6EE2761B8BC03411BBF181566B2ED576683ADBB19D2D226C8140BE to LEAF =02C0CEC7AFB2487E21CD467F048A28130650B9BB18EEA16C7E14317A213D36F4F3
Jan 15, 2015 6:20:43 PM org.ccnx.ccn.impl.sync.SliceComparator doComparison
O MAIS DETALHADO: name X is 2, pos X is 6, name Y is 0, pos Y is 4 comp is -1
Jan 15, 2015 6:20:43 PM org.ccnx.ccn.impl.sync.SliceComparator doComparison
O MAIS DETALHADO: name X (expanded) is /ccnx.org/test/SyncTestRepo-15-01-15-18.20.23/ccnSyncTest/slice6/round3/randomFile/=FD054B82F2BC39/=0002/=F0E90F2B89CF19ED926DECD7EE8811E40B5795BC2FED66804DBD82307DEB3A4F, name Y (expanded) is /ccnx.org/test/SyncTestRepo-15-01-15-18.20.23/ccnSyncTest/slice6/randomFile/=FD054B82F189F0/=00/Y=9DA7C90E35C3F9B88C0C0D17B27988EB4C133A06834C44944CF493DFE7B1E2
Jan 15, 2015 6:20:43 PM org.ccnx.ccn.impl.sync.SliceComparator doComparison
O MAIS DETALHADO: Compare LEAF =0528507711CD6EE2761B8BC03411BBF181566B2ED576683ADBB19D2D226C8140BE to LEAF =02C0CEC7AFB2487E21CD467F048A28130650B9BB18EEA16C7E14317A213D36F4F3
Jan 15, 2015 6:20:43 PM org.ccnx.ccn.impl.sync.SliceComparator doComparison
O MAIS DETALHADO: name X is 0, pos X is 7, name Y is 0, pos Y is 4 comp is 0
Jan 15, 2015 6:20:43 PM org.ccnx.ccn.impl.sync.SliceComparator doComparison
O MAIS DETALHADO: name X (expanded) is /ccnx.org/test/SyncTestRepo-15-01-15-18.20.23/ccnSyncTest/slice6/randomFile/=FD054B82F189F0/=00/Y=9DA7C90E35C3F9B88C0C0D17B27988EB4C133A06834C44944CF493DFE7B1E2, name Y (expanded) is /ccnx.org/test/SyncTestRepo-15-01-15-18.20.23/ccnSyncTest/slice6/randomFile/=FD054B82F189F0/=00/Y=9DA7C90E35C3F9B88C0C0D17B27988EB4C133A06834C44944CF493DFE7B1E2
Jan 15, 2015 6:20:43 PM org.ccnx.ccn.impl.sync.SliceComparator doComparison
O MAIS DETALHADO: Compare LEAF =0528507711CD6EE2761B8BC03411BBF181566B2ED576683ADBB19D2D226C8140BE to LEAF =02C0CEC7AFB2487E21CD467F048A28130650B9BB18EEA16C7E14317A213D36F4F3
Jan 15, 2015 6:20:43 PM org.ccnx.ccn.impl.sync.SliceComparator doComparison
O MAIS DETALHADO: name X is 0, pos X is 8, name Y is 0, pos Y is 5 comp is 0
Jan 15, 2015 6:20:43 PM org.ccnx.ccn.impl.sync.SliceComparator doComparison
O MAIS DETALHADO: name X (expanded) is /ccnx.org/test/SyncTestRepo-15-01-15-18.20.23/ccnSyncTest/slice6/randomFile/=FD054B82F189F0/%C1.META.M/.header/=FD054B82F18A7F/=00/%2BK=0E1724374E6CAD74B8614A9590BAE2B6BA458936CE8C28722360E98FAF9D, name Y (expanded) is /ccnx.org/test/SyncTestRepo-15-01-15-18.20.23/ccnSyncTest/slice6/randomFile/=FD054B82F189F0/%C1.META.M/.header/=FD054B82F18A7F/=00/%2BK=0E1724374E6CAD74B8614A9590BAE2B6BA458936CE8C28722360E98FAF9D
Jan 15, 2015 6:20:44 PM org.ccnx.ccn.impl.sync.ProtocolBasedSyncMonitor handleContent
INFORMAÇÕES: Saw new content from sync: /ccnx.org/test/SyncTestRepo-15-01-15-18.20.23/topoPrefix/%C1.S.ra/=E3CFCF7DE9F047B665631744B19927730A454370CBDB818D03CA78D6457E3539/=0528507711CD6EE2761B8BC03411BBF181566B2ED576683ADBB19D2D226C8140BE/=0609E8E2012E6C4F9BA7F2828326C27996CDD28916E0B304D3E8217A9A2D67B4EB
Jan 15, 2015 6:20:44 PM org.ccnx.ccn.impl.sync.SliceComparator run
DETALHADO: Starting comparator run - state is INIT, sc is org.ccnx.ccn.impl.sync.SliceComparator@ccdb92b, this is the lead
Jan 15, 2015 6:20:44 PM org.ccnx.ccn.impl.encoding.BinaryXMLDecoder setElement
INFORMAÇÕES: Reset decode array sizes to 150
Jan 15, 2015 6:20:44 PM org.ccnx.ccn.impl.encoding.BinaryXMLDecoder setElement
INFORMAÇÕES: Reset decode array sizes to 225
Jan 15, 2015 6:20:44 PM org.ccnx.ccn.impl.encoding.BinaryXMLDecoder setElement
INFORMAÇÕES: Reset decode array sizes to 337
Jan 15, 2015 6:20:44 PM org.ccnx.ccn.impl.encoding.BinaryXMLDecoder setElement
INFORMAÇÕES: Reset decode array sizes to 505
Jan 15, 2015 6:20:44 PM org.ccnx.ccn.io.content.SyncNodeComposite decodeLogging
O MAIS DETALHADO: decode node for =0609E8E2012E6C4F9BA7F2828326C27996CDD28916E0B304D3E8217A9A2D67B4EB depth = 1 refs = 10
Jan 15, 2015 6:20:44 PM org.ccnx.ccn.io.content.SyncNodeComposite decodeLogging
O MAIS DETALHADO: min is 0, max is 0, expanded min is /ccnx.org/test/SyncTestRepo-15-01-15-18.20.23/ccnSyncTest/slice6/round2/randomFile/=FD054B82F1D42D/=00/=F9D2C73A3952FD96F6453F0147FCF1A4D4E9C9B4C4CA4C5BB00D28FB78FF3F30, expanded max is /ccnx.org/test/SyncTestRepo-15-01-15-18.20.23/ccnSyncTest/slice6/randomFile/=FD054B82F189F0/%C1.META.M/.header/=FD054B82F18A7F/=00/%2BK=0E1724374E6CAD74B8614A9590BAE2B6BA458936CE8C28722360E98FAF9D
Jan 15, 2015 6:20:44 PM org.ccnx.ccn.impl.sync.SliceComparator run
INFORMAÇÕES: Starting new round with X = =0528507711CD6EE2761B8BC03411BBF181566B2ED576683ADBB19D2D226C8140BE and Y = =0609E8E2012E6C4F9BA7F2828326C27996CDD28916E0B304D3E8217A9A2D67B4EB
Jan 15, 2015 6:20:44 PM org.ccnx.ccn.impl.sync.SliceComparator doComparison
O MAIS DETALHADO: Compare LEAF =0528507711CD6EE2761B8BC03411BBF181566B2ED576683ADBB19D2D226C8140BE to LEAF =0609E8E2012E6C4F9BA7F2828326C27996CDD28916E0B304D3E8217A9A2D67B4EB
Jan 15, 2015 6:20:44 PM org.ccnx.ccn.impl.sync.SliceComparator doComparison
O MAIS DETALHADO: name X is 0, pos X is 0, name Y is 0, pos Y is 0 comp is 0
Jan 15, 2015 6:20:44 PM org.ccnx.ccn.impl.sync.SliceComparator doComparison
O MAIS DETALHADO: name X (expanded) is /ccnx.org/test/SyncTestRepo-15-01-15-18.20.23/ccnSyncTest/slice6/round2/randomFile/=FD054B82F1D42D/=00/=F9D2C73A3952FD96F6453F0147FCF1A4D4E9C9B4C4CA4C5BB00D28FB78FF3F30, name Y (expanded) is /ccnx.org/test/SyncTestRepo-15-01-15-18.20.23/ccnSyncTest/slice6/round2/randomFile/=FD054B82F1D42D/=00/=F9D2C73A3952FD96F6453F0147FCF1A4D4E9C9B4C4CA4C5BB00D28FB78FF3F30
Jan 15, 2015 6:20:44 PM org.ccnx.ccn.impl.sync.SliceComparator doComparison
O MAIS DETALHADO: Compare LEAF =0528507711CD6EE2761B8BC03411BBF181566B2ED576683ADBB19D2D226C8140BE to LEAF =0609E8E2012E6C4F9BA7F2828326C27996CDD28916E0B304D3E8217A9A2D67B4EB
Jan 15, 2015 6:20:44 PM org.ccnx.ccn.impl.sync.SliceComparator doComparison
O MAIS DETALHADO: name X is 1, pos X is 1, name Y is 1, pos Y is 1 comp is 0
Jan 15, 2015 6:20:44 PM org.ccnx.ccn.impl.sync.SliceComparator doComparison
O MAIS DETALHADO: name X (expanded) is /ccnx.org/test/SyncTestRepo-15-01-15-18.20.23/ccnSyncTest/slice6/round2/randomFile/=FD054B82F1D42D/=0001/%1Ag=88D841F2872250A83B2ADADB154E6737B45CA0C036657FF8EAE1BACE7E5B, name Y (expanded) is /ccnx.org/test/SyncTestRepo-15-01-15-18.20.23/ccnSyncTest/slice6/round2/randomFile/=FD054B82F1D42D/=0001/%1Ag=88D841F2872250A83B2ADADB154E6737B45CA0C036657FF8EAE1BACE7E5B
Jan 15, 2015 6:20:44 PM org.ccnx.ccn.impl.sync.SliceComparator doComparison
O MAIS DETALHADO: Compare LEAF =0528507711CD6EE2761B8BC03411BBF181566B2ED576683ADBB19D2D226C8140BE to LEAF =0609E8E2012E6C4F9BA7F2828326C27996CDD28916E0B304D3E8217A9A2D67B4EB
Jan 15, 2015 6:20:44 PM org.ccnx.ccn.impl.sync.SliceComparator doComparison
O MAIS DETALHADO: name X is 2, pos X is 2, name Y is 2, pos Y is 2 comp is 0
Jan 15, 2015 6:20:44 PM org.ccnx.ccn.impl.sync.SliceComparator doComparison
O MAIS DETALHADO: name X (expanded) is /ccnx.org/test/SyncTestRepo-15-01-15-18.20.23/ccnSyncTest/slice6/round2/randomFile/=FD054B82F1D42D/=0002/=7C907D97867D69FBEE6880964BA7DA31FF318B9968B94D1BDEE4B37BB368B223, name Y (expanded) is /ccnx.org/test/SyncTestRepo-15-01-15-18.20.23/ccnSyncTest/slice6/round2/randomFile/=FD054B82F1D42D/=0002/=7C907D97867D69FBEE6880964BA7DA31FF318B9968B94D1BDEE4B37BB368B223
Jan 15, 2015 6:20:44 PM org.ccnx.ccn.impl.sync.SliceComparator doComparison
O MAIS DETALHADO: Compare LEAF =0528507711CD6EE2761B8BC03411BBF181566B2ED576683ADBB19D2D226C8140BE to LEAF =0609E8E2012E6C4F9BA7F2828326C27996CDD28916E0B304D3E8217A9A2D67B4EB
Jan 15, 2015 6:20:44 PM org.ccnx.ccn.impl.sync.SliceComparator doComparison
O MAIS DETALHADO: name X is 0, pos X is 3, name Y is 0, pos Y is 3 comp is 0
Jan 15, 2015 6:20:44 PM org.ccnx.ccn.impl.sync.SliceComparator doComparison
O MAIS DETALHADO: name X (expanded) is /ccnx.org/test/SyncTestRepo-15-01-15-18.20.23/ccnSyncTest/slice6/round2/randomFile/=FD054B82F1D42D/%C1.META.M/.header/=FD054B82F1D4D9/=00/=AB1B44257E187D0631EFBFD3B960279D4763E3EE90A381D048879AD38C8923C6, name Y (expanded) is /ccnx.org/test/SyncTestRepo-15-01-15-18.20.23/ccnSyncTest/slice6/round2/randomFile/=FD054B82F1D42D/%C1.META.M/.header/=FD054B82F1D4D9/=00/=AB1B44257E187D0631EFBFD3B960279D4763E3EE90A381D048879AD38C8923C6
Jan 15, 2015 6:20:44 PM org.ccnx.ccn.impl.sync.SliceComparator doComparison
O MAIS DETALHADO: Compare LEAF =0528507711CD6EE2761B8BC03411BBF181566B2ED576683ADBB19D2D226C8140BE to LEAF =0609E8E2012E6C4F9BA7F2828326C27996CDD28916E0B304D3E8217A9A2D67B4EB
Jan 15, 2015 6:20:44 PM org.ccnx.ccn.impl.sync.SliceComparator doComparison
O MAIS DETALHADO: name X is 0, pos X is 4, name Y is 0, pos Y is 4 comp is 0
Jan 15, 2015 6:20:44 PM org.ccnx.ccn.impl.sync.SliceComparator doComparison
O MAIS DETALHADO: name X (expanded) is /ccnx.org/test/SyncTestRepo-15-01-15-18.20.23/ccnSyncTest/slice6/round3/randomFile/=FD054B82F2BC39/=00/=E0D2282ED23AC228EC54F7CD58215DFDB41E07255EF58F13BCB84759ADC46E07, name Y (expanded) is /ccnx.org/test/SyncTestRepo-15-01-15-18.20.23/ccnSyncTest/slice6/round3/randomFile/=FD054B82F2BC39/=00/=E0D2282ED23AC228EC54F7CD58215DFDB41E07255EF58F13BCB84759ADC46E07
Jan 15, 2015 6:20:44 PM org.ccnx.ccn.impl.sync.SliceComparator doComparison
O MAIS DETALHADO: Compare LEAF =0528507711CD6EE2761B8BC03411BBF181566B2ED576683ADBB19D2D226C8140BE to LEAF =0609E8E2012E6C4F9BA7F2828326C27996CDD28916E0B304D3E8217A9A2D67B4EB
Jan 15, 2015 6:20:44 PM org.ccnx.ccn.impl.sync.SliceComparator doComparison
O MAIS DETALHADO: name X is 1, pos X is 5, name Y is 1, pos Y is 5 comp is 0
Jan 15, 2015 6:20:44 PM org.ccnx.ccn.impl.sync.SliceComparator doComparison
O MAIS DETALHADO: name X (expanded) is /ccnx.org/test/SyncTestRepo-15-01-15-18.20.23/ccnSyncTest/slice6/round3/randomFile/=FD054B82F2BC39/=0001/=95C67807BF1C883DCF825C8A40EA6E99463BD6DAF8E3D8C992F5E977039AA375, name Y (expanded) is /ccnx.org/test/SyncTestRepo-15-01-15-18.20.23/ccnSyncTest/slice6/round3/randomFile/=FD054B82F2BC39/=0001/=95C67807BF1C883DCF825C8A40EA6E99463BD6DAF8E3D8C992F5E977039AA375
Jan 15, 2015 6:20:44 PM org.ccnx.ccn.impl.sync.SliceComparator doComparison
O MAIS DETALHADO: Compare LEAF =0528507711CD6EE2761B8BC03411BBF181566B2ED576683ADBB19D2D226C8140BE to LEAF =0609E8E2012E6C4F9BA7F2828326C27996CDD28916E0B304D3E8217A9A2D67B4EB
Jan 15, 2015 6:20:44 PM org.ccnx.ccn.impl.sync.SliceComparator doComparison
O MAIS DETALHADO: name X is 2, pos X is 6, name Y is 2, pos Y is 6 comp is 0
Jan 15, 2015 6:20:44 PM org.ccnx.ccn.impl.sync.SliceComparator doComparison
O MAIS DETALHADO: name X (expanded) is /ccnx.org/test/SyncTestRepo-15-01-15-18.20.23/ccnSyncTest/slice6/round3/randomFile/=FD054B82F2BC39/=0002/=F0E90F2B89CF19ED926DECD7EE8811E40B5795BC2FED66804DBD82307DEB3A4F, name Y (expanded) is /ccnx.org/test/SyncTestRepo-15-01-15-18.20.23/ccnSyncTest/slice6/round3/randomFile/=FD054B82F2BC39/=0002/=F0E90F2B89CF19ED926DECD7EE8811E40B5795BC2FED66804DBD82307DEB3A4F
Jan 15, 2015 6:20:44 PM org.ccnx.ccn.impl.sync.SliceComparator doComparison
O MAIS DETALHADO: Compare LEAF =0528507711CD6EE2761B8BC03411BBF181566B2ED576683ADBB19D2D226C8140BE to LEAF =0609E8E2012E6C4F9BA7F2828326C27996CDD28916E0B304D3E8217A9A2D67B4EB
Jan 15, 2015 6:20:44 PM org.ccnx.ccn.impl.sync.SliceComparator doComparison
O MAIS DETALHADO: name X is 0, pos X is 7, name Y is 0, pos Y is 7 comp is 1
Jan 15, 2015 6:20:44 PM org.ccnx.ccn.impl.sync.SliceComparator doComparison
O MAIS DETALHADO: name X (expanded) is /ccnx.org/test/SyncTestRepo-15-01-15-18.20.23/ccnSyncTest/slice6/randomFile/=FD054B82F189F0/=00/Y=9DA7C90E35C3F9B88C0C0D17B27988EB4C133A06834C44944CF493DFE7B1E2, name Y (expanded) is /ccnx.org/test/SyncTestRepo-15-01-15-18.20.23/ccnSyncTest/slice6/round3/randomFile/=FD054B82F2BC39/%C1.META.M/.header/=FD054B82F2BCC1/=00/=E1986AEF60FD6D258C66C24F1506881577675A416A4AC9F836844D77C0E6742D
Jan 15, 2015 6:20:44 PM org.ccnx.ccn.profiles.sync.SyncTestRepo doHandleContentName
INFORMAÇÕES: Number 1: Callback for name: /ccnx.org/test/SyncTestRepo-15-01-15-18.20.23/ccnSyncTest/slice6/round3/randomFile/=FD054B82F2BC39/%C1.META.M/.header/=FD054B82F2BCC1/=00 - number is header
Jan 15, 2015 6:20:44 PM org.ccnx.ccn.impl.sync.SliceComparator doComparison
O MAIS DETALHADO: Compare LEAF =0528507711CD6EE2761B8BC03411BBF181566B2ED576683ADBB19D2D226C8140BE to LEAF =0609E8E2012E6C4F9BA7F2828326C27996CDD28916E0B304D3E8217A9A2D67B4EB
Jan 15, 2015 6:20:44 PM org.ccnx.ccn.impl.sync.SliceComparator doComparison
O MAIS DETALHADO: name X is 0, pos X is 7, name Y is 0, pos Y is 8 comp is 0
Jan 15, 2015 6:20:44 PM org.ccnx.ccn.impl.sync.SliceComparator doComparison
O MAIS DETALHADO: name X (expanded) is /ccnx.org/test/SyncTestRepo-15-01-15-18.20.23/ccnSyncTest/slice6/randomFile/=FD054B82F189F0/=00/Y=9DA7C90E35C3F9B88C0C0D17B27988EB4C133A06834C44944CF493DFE7B1E2, name Y (expanded) is /ccnx.org/test/SyncTestRepo-15-01-15-18.20.23/ccnSyncTest/slice6/randomFile/=FD054B82F189F0/=00/Y=9DA7C90E35C3F9B88C0C0D17B27988EB4C133A06834C44944CF493DFE7B1E2
Jan 15, 2015 6:20:44 PM org.ccnx.ccn.impl.sync.SliceComparator doComparison
O MAIS DETALHADO: Compare LEAF =0528507711CD6EE2761B8BC03411BBF181566B2ED576683ADBB19D2D226C8140BE to LEAF =0609E8E2012E6C4F9BA7F2828326C27996CDD28916E0B304D3E8217A9A2D67B4EB
Jan 15, 2015 6:20:44 PM org.ccnx.ccn.impl.sync.SliceComparator doComparison
O MAIS DETALHADO: name X is 0, pos X is 8, name Y is 0, pos Y is 9 comp is 0
Jan 15, 2015 6:20:44 PM org.ccnx.ccn.impl.sync.SliceComparator doComparison
O MAIS DETALHADO: name X (expanded) is /ccnx.org/test/SyncTestRepo-15-01-15-18.20.23/ccnSyncTest/slice6/randomFile/=FD054B82F189F0/%C1.META.M/.header/=FD054B82F18A7F/=00/%2BK=0E1724374E6CAD74B8614A9590BAE2B6BA458936CE8C28722360E98FAF9D, name Y (expanded) is /ccnx.org/test/SyncTestRepo-15-01-15-18.20.23/ccnSyncTest/slice6/randomFile/=FD054B82F189F0/%C1.META.M/.header/=FD054B82F18A7F/=00/%2BK=0E1724374E6CAD74B8614A9590BAE2B6BA458936CE8C28722360E98FAF9D
Jan 15, 2015 6:20:44 PM org.ccnx.ccn.impl.sync.SliceComparator updateCurrent
O MAIS DETALHADO: Starting update from hash =0528507711CD6EE2761B8BC03411BBF181566B2ED576683ADBB19D2D226C8140BE
Jan 15, 2015 6:20:44 PM org.ccnx.ccn.impl.sync.SliceComparator updateCurrent
O MAIS DETALHADO: Update compare: name from tree (expanded) is /ccnx.org/test/SyncTestRepo-15-01-15-18.20.23/ccnSyncTest/slice6/round2/randomFile/=FD054B82F1D42D/=00/=F9D2C73A3952FD96F6453F0147FCF1A4D4E9C9B4C4CA4C5BB00D28FB78FF3F30, name  is /ccnx.org/test/SyncTestRepo-15-01-15-18.20.23/ccnSyncTest/slice6/round3/randomFile/=FD054B82F2BC39/%C1.META.M/.header/=FD054B82F2BCC1/=00/=E1986AEF60FD6D258C66C24F1506881577675A416A4AC9F836844D77C0E6742D, comp is -1
Jan 15, 2015 6:20:44 PM org.ccnx.ccn.impl.sync.SliceComparator updateCurrent
O MAIS DETALHADO: Update compare: name from tree (expanded) is /ccnx.org/test/SyncTestRepo-15-01-15-18.20.23/ccnSyncTest/slice6/round2/randomFile/=FD054B82F1D42D/=0001/%1Ag=88D841F2872250A83B2ADADB154E6737B45CA0C036657FF8EAE1BACE7E5B, name  is /ccnx.org/test/SyncTestRepo-15-01-15-18.20.23/ccnSyncTest/slice6/round3/randomFile/=FD054B82F2BC39/%C1.META.M/.header/=FD054B82F2BCC1/=00/=E1986AEF60FD6D258C66C24F1506881577675A416A4AC9F836844D77C0E6742D, comp is -1
Jan 15, 2015 6:20:44 PM org.ccnx.ccn.impl.sync.SliceComparator updateCurrent
O MAIS DETALHADO: Update compare: name from tree (expanded) is /ccnx.org/test/SyncTestRepo-15-01-15-18.20.23/ccnSyncTest/slice6/round2/randomFile/=FD054B82F1D42D/=0002/=7C907D97867D69FBEE6880964BA7DA31FF318B9968B94D1BDEE4B37BB368B223, name  is /ccnx.org/test/SyncTestRepo-15-01-15-18.20.23/ccnSyncTest/slice6/round3/randomFile/=FD054B82F2BC39/%C1.META.M/.header/=FD054B82F2BCC1/=00/=E1986AEF60FD6D258C66C24F1506881577675A416A4AC9F836844D77C0E6742D, comp is -1
Jan 15, 2015 6:20:44 PM org.ccnx.ccn.impl.sync.SliceComparator updateCurrent
O MAIS DETALHADO: Update compare: name from tree (expanded) is /ccnx.org/test/SyncTestRepo-15-01-15-18.20.23/ccnSyncTest/slice6/round2/randomFile/=FD054B82F1D42D/%C1.META.M/.header/=FD054B82F1D4D9/=00/=AB1B44257E187D0631EFBFD3B960279D4763E3EE90A381D048879AD38C8923C6, name  is /ccnx.org/test/SyncTestRepo-15-01-15-18.20.23/ccnSyncTest/slice6/round3/randomFile/=FD054B82F2BC39/%C1.META.M/.header/=FD054B82F2BCC1/=00/=E1986AEF60FD6D258C66C24F1506881577675A416A4AC9F836844D77C0E6742D, comp is -1
Jan 15, 2015 6:20:44 PM org.ccnx.ccn.impl.sync.SliceComparator updateCurrent
O MAIS DETALHADO: Update compare: name from tree (expanded) is /ccnx.org/test/SyncTestRepo-15-01-15-18.20.23/ccnSyncTest/slice6/round3/randomFile/=FD054B82F2BC39/=00/=E0D2282ED23AC228EC54F7CD58215DFDB41E07255EF58F13BCB84759ADC46E07, name  is /ccnx.org/test/SyncTestRepo-15-01-15-18.20.23/ccnSyncTest/slice6/round3/randomFile/=FD054B82F2BC39/%C1.META.M/.header/=FD054B82F2BCC1/=00/=E1986AEF60FD6D258C66C24F1506881577675A416A4AC9F836844D77C0E6742D, comp is -1
Jan 15, 2015 6:20:44 PM org.ccnx.ccn.impl.sync.SliceComparator updateCurrent
O MAIS DETALHADO: Update compare: name from tree (expanded) is /ccnx.org/test/SyncTestRepo-15-01-15-18.20.23/ccnSyncTest/slice6/round3/randomFile/=FD054B82F2BC39/=0001/=95C67807BF1C883DCF825C8A40EA6E99463BD6DAF8E3D8C992F5E977039AA375, name  is /ccnx.org/test/SyncTestRepo-15-01-15-18.20.23/ccnSyncTest/slice6/round3/randomFile/=FD054B82F2BC39/%C1.META.M/.header/=FD054B82F2BCC1/=00/=E1986AEF60FD6D258C66C24F1506881577675A416A4AC9F836844D77C0E6742D, comp is -1
Jan 15, 2015 6:20:44 PM org.ccnx.ccn.impl.sync.SliceComparator updateCurrent
O MAIS DETALHADO: Update compare: name from tree (expanded) is /ccnx.org/test/SyncTestRepo-15-01-15-18.20.23/ccnSyncTest/slice6/round3/randomFile/=FD054B82F2BC39/=0002/=F0E90F2B89CF19ED926DECD7EE8811E40B5795BC2FED66804DBD82307DEB3A4F, name  is /ccnx.org/test/SyncTestRepo-15-01-15-18.20.23/ccnSyncTest/slice6/round3/randomFile/=FD054B82F2BC39/%C1.META.M/.header/=FD054B82F2BCC1/=00/=E1986AEF60FD6D258C66C24F1506881577675A416A4AC9F836844D77C0E6742D, comp is -1
Jan 15, 2015 6:20:44 PM org.ccnx.ccn.impl.sync.SliceComparator updateCurrent
O MAIS DETALHADO: Update compare: name from tree (expanded) is /ccnx.org/test/SyncTestRepo-15-01-15-18.20.23/ccnSyncTest/slice6/randomFile/=FD054B82F189F0/=00/Y=9DA7C90E35C3F9B88C0C0D17B27988EB4C133A06834C44944CF493DFE7B1E2, name  is /ccnx.org/test/SyncTestRepo-15-01-15-18.20.23/ccnSyncTest/slice6/round3/randomFile/=FD054B82F2BC39/%C1.META.M/.header/=FD054B82F2BCC1/=00/=E1986AEF60FD6D258C66C24F1506881577675A416A4AC9F836844D77C0E6742D, comp is 1
Jan 15, 2015 6:20:44 PM org.ccnx.ccn.impl.sync.SliceComparator updateCurrent
O MAIS DETALHADO: Update: starting redo of names because of /ccnx.org/test/SyncTestRepo-15-01-15-18.20.23/ccnSyncTest/slice6/round3/randomFile/=FD054B82F2BC39/%C1.META.M/.header/=FD054B82F2BCC1/=00/=E1986AEF60FD6D258C66C24F1506881577675A416A4AC9F836844D77C0E6742D at /ccnx.org/test/SyncTestRepo-15-01-15-18.20.23/ccnSyncTest/slice6/round2/randomFile/=FD054B82F1D42D/=00/=F9D2C73A3952FD96F6453F0147FCF1A4D4E9C9B4C4CA4C5BB00D28FB78FF3F30
Jan 15, 2015 6:20:44 PM org.ccnx.ccn.impl.sync.SyncTreeEntry <init>
O MAIS DETALHADO: Found existing node: =0609E8E2012E6C4F9BA7F2828326C27996CDD28916E0B304D3E8217A9A2D67B4EB
Jan 15, 2015 6:20:44 PM org.ccnx.ccn.io.content.SyncNodeComposite decodeLogging
O MAIS DETALHADO: decode node for =0609E8E2012E6C4F9BA7F2828326C27996CDD28916E0B304D3E8217A9A2D67B4EB depth = 1 refs = 10
Jan 15, 2015 6:20:44 PM org.ccnx.ccn.io.content.SyncNodeComposite decodeLogging
O MAIS DETALHADO: min is 0, max is 0, expanded min is /ccnx.org/test/SyncTestRepo-15-01-15-18.20.23/ccnSyncTest/slice6/round2/randomFile/=FD054B82F1D42D/=00/=F9D2C73A3952FD96F6453F0147FCF1A4D4E9C9B4C4CA4C5BB00D28FB78FF3F30, expanded max is /ccnx.org/test/SyncTestRepo-15-01-15-18.20.23/ccnSyncTest/slice6/randomFile/=FD054B82F189F0/%C1.META.M/.header/=FD054B82F18A7F/=00/%2BK=0E1724374E6CAD74B8614A9590BAE2B6BA458936CE8C28722360E98FAF9D
Jan 15, 2015 6:20:44 PM org.ccnx.ccn.impl.sync.SliceComparator updateCurrent
INFORMAÇÕES: Resetting current to created head: =0609E8E2012E6C4F9BA7F2828326C27996CDD28916E0B304D3E8217A9A2D67B4EB
Jan 15, 2015 6:20:44 PM org.ccnx.ccn.profiles.sync.SyncTestRepo checkCallbacks
DETALHADO: got segment 0
Jan 15, 2015 6:20:44 PM org.ccnx.ccn.profiles.sync.SyncTestRepo checkCallbacks
DETALHADO: received: [true, false, false, false] finished: [true, true, true, true]
Jan 15, 2015 6:20:44 PM org.ccnx.ccn.profiles.sync.SyncTestRepo checkCallbacks
DETALHADO: got segment 1
Jan 15, 2015 6:20:44 PM org.ccnx.ccn.profiles.sync.SyncTestRepo checkCallbacks
DETALHADO: received: [true, true, false, false] finished: [true, true, true, true]
Jan 15, 2015 6:20:44 PM org.ccnx.ccn.profiles.sync.SyncTestRepo checkCallbacks
DETALHADO: got segment 2
Jan 15, 2015 6:20:44 PM org.ccnx.ccn.profiles.sync.SyncTestRepo checkCallbacks
DETALHADO: received: [true, true, true, false] finished: [true, true, true, true]
Jan 15, 2015 6:20:44 PM org.ccnx.ccn.profiles.sync.SyncTestRepo checkCallbacks
DETALHADO: got the header
Jan 15, 2015 6:20:44 PM org.ccnx.ccn.profiles.sync.SyncTestRepo checkCallbacks
DETALHADO: received: [true, true, true, true] finished: [true, true, true, true]
Jan 15, 2015 6:20:44 PM org.ccnx.ccn.profiles.sync.SyncTestRepo checkCallbacks
DETALHADO: got all the segments!
Jan 15, 2015 6:20:44 PM org.ccnx.ccn.profiles.sync.SyncTestRepo checkCallbacks
DETALHADO: trying to loop again looking for segments
Jan 15, 2015 6:20:44 PM org.ccnx.ccn.profiles.sync.SyncTestRepo checkCallbacks
DETALHADO: done looping, returning.
Jan 15, 2015 6:20:44 PM org.ccnx.ccn.profiles.sync.SyncTestRepo testSyncRestart
DETALHADO: I got all the callbacks for part 2 of testSyncRestart!
Jan 15, 2015 6:20:44 PM org.ccnx.ccn.impl.sync.ProtocolBasedSyncMonitor shutdown
INFORMAÇÕES: Shutting down sync on slice: /ccnx.org/test/SyncTestRepo-15-01-15-18.20.23/ccnSyncTest/slice6
Jan 15, 2015 6:20:44 PM org.ccnx.ccn.profiles.sync.SyncTestRepo testSyncRestart
INFORMAÇÕES: Finished running testSyncRestart
Jan 15, 2015 6:20:44 PM org.ccnx.ccn.profiles.sync.SyncTestRepo setUpNameSpace
DETALHADO: setting up namespace for sync test  data: /ccnx.org/test/SyncTestRepo-15-01-15-18.20.23/ccnSyncTest syncControlTraffic: /ccnx.org/test/SyncTestRepo-15-01-15-18.20.23/topoPrefix
Jan 15, 2015 6:20:44 PM org.ccnx.ccn.profiles.sync.SyncTestRepo testSyncRoot
INFORMAÇÕES: Starting testSyncRoot
Jan 15, 2015 6:20:44 PM org.ccnx.ccn.io.content.CCNNetworkObject createFlowController
INFORMAÇÕES: Created LOCALREPOSITORY flow controller, for prefix /%C1.M.S.localhost/%C1.S.cs/=EBF4D3BE0E6C2BDA5B56949A458E4BDC1BCE83300A0B78B5AEDA15EDD54E5F54, save type LOCALREPOSITORY
Jan 15, 2015 6:20:44 PM org.ccnx.ccn.profiles.VersioningProfile getLatestVersion
INFORMAÇÕES: getFirstBlockOfLatestVersion: no block available for later version of /%C1.M.S.localhost/%C1.S.cs/=EBF4D3BE0E6C2BDA5B56949A458E4BDC1BCE83300A0B78B5AEDA15EDD54E5F54
Jan 15, 2015 6:20:44 PM org.ccnx.ccn.io.content.ConfigSlice checkAndCreate
DETALHADO: didn't find a slice in my repo.
Jan 15, 2015 6:20:44 PM org.ccnx.ccn.io.content.ConfigSlice checkAndCreate
DETALHADO: need to save my data to create the slice for the repo!
Jan 15, 2015 6:20:44 PM org.ccnx.ccn.impl.CCNFlowControl addNameSpace
INFORMAÇÕES: Flow controller addNameSpace: added namespace: /%C1.M.S.localhost/%C1.S.cs/=EBF4D3BE0E6C2BDA5B56949A458E4BDC1BCE83300A0B78B5AEDA15EDD54E5F54
Jan 15, 2015 6:20:44 PM org.ccnx.ccn.impl.security.keys.BasicKeyManager getKeyLocator
INFORMAÇÕES: getKeyLocator: returning locator NAME: /ccnx.org/Users/root/Keys/%C1.M.K=009234ADEC47D19E3E6A2AF362D44E09AB6B71F43B1900BA0622FB45F2A5B7D9F6/=FD054AE7DE1000 KEY:-reba89rgbj1o6ata34t5eovcl4kho5s9pnv8nstq15q1ld4g9ga for key kjSt7EfRnj5qKvNi1E4Jq2tx9DsZALoGIvtF8qW32fY=
Jan 15, 2015 6:20:44 PM org.ccnx.ccn.io.CCNAbstractOutputStream <init>
INFORMAÇÕES: CCNAbstractOutputStream: /%C1.M.S.localhost/%C1.S.cs/=EBF4D3BE0E6C2BDA5B56949A458E4BDC1BCE83300A0B78B5AEDA15EDD54E5F54/=FD054B82F2CB2B blocksize is 4096
Jan 15, 2015 6:20:44 PM org.ccnx.ccn.io.CCNAbstractOutputStream startWrite
INFORMAÇÕES: CCNAbstractOutputStream: startWrite -- searching for keys.
Jan 15, 2015 6:20:44 PM org.ccnx.ccn.profiles.security.access.AccessControlManager keysForOutput
INFORMAÇÕES: keysForOutput: found an acm: (null)
Jan 15, 2015 6:20:44 PM org.ccnx.ccn.impl.repo.RepositoryFlowControl startWrite
INFORMAÇÕES: RepositoryFlowControl.startWrite called for name /%C1.M.S.localhost/%C1.S.cs/=EBF4D3BE0E6C2BDA5B56949A458E4BDC1BCE83300A0B78B5AEDA15EDD54E5F54/=FD054B82F2CB2B, shape STREAM
Jan 15, 2015 6:20:44 PM org.ccnx.ccn.impl.repo.RepositoryFlowControl handleContent
INFORMAÇÕES: handleContent: got potential repo message: /%C1.M.S.localhost/%C1.S.cs/=EBF4D3BE0E6C2BDA5B56949A458E4BDC1BCE83300A0B78B5AEDA15EDD54E5F54/=FD054B82F2CB2B/%C1.R.sw/%C1.N%00um=283E711061DF
Jan 15, 2015 6:20:44 PM org.ccnx.ccn.io.CCNOutputStream flushToNetwork
INFORMAÇÕES: flush: outputting to the segmenter, baseName /%C1.M.S.localhost/%C1.S.cs/=EBF4D3BE0E6C2BDA5B56949A458E4BDC1BCE83300A0B78B5AEDA15EDD54E5F54/=FD054B82F2CB2B basenameindex =00; 162 bytes written, holding back 162 flushing final blocks? false.
Jan 15, 2015 6:20:44 PM org.ccnx.ccn.io.CCNOutputStream flushToNetwork
INFORMAÇÕES: HEADER: CCNOutputStream: flushToNetwork: new _baseNameIndex 0
Jan 15, 2015 6:20:44 PM org.ccnx.ccn.io.CCNOutputStream flushToNetwork
INFORMAÇÕES: flush: outputting to the segmenter, baseName /%C1.M.S.localhost/%C1.S.cs/=EBF4D3BE0E6C2BDA5B56949A458E4BDC1BCE83300A0B78B5AEDA15EDD54E5F54/=FD054B82F2CB2B basenameindex =00; 162 bytes written, holding back 0 flushing final blocks? true.
Jan 15, 2015 6:20:44 PM org.ccnx.ccn.io.CCNOutputStream flushToNetwork
INFORMAÇÕES: HEADER: CCNOutputStream: flushToNetwork: new _baseNameIndex 1
Jan 15, 2015 6:20:44 PM org.ccnx.ccn.io.CCNOutputStream close
INFORMAÇÕES: CCNOutputStream close: /%C1.M.S.localhost/%C1.S.cs/=EBF4D3BE0E6C2BDA5B56949A458E4BDC1BCE83300A0B78B5AEDA15EDD54E5F54/=FD054B82F2CB2B
Jan 15, 2015 6:20:44 PM org.ccnx.ccn.impl.sync.SliceComparator <init>
INFORMAÇÕES: Beginning sync monitoring from start
Jan 15, 2015 6:20:44 PM org.ccnx.ccn.impl.sync.SliceComparator setTimeout
DETALHADO: Sync timeout changed to 3000
Jan 15, 2015 6:20:44 PM org.ccnx.ccn.impl.sync.ProtocolBasedSyncMonitor registerCallback
DETALHADO: Starting a new comparator - it is the lead.
Jan 15, 2015 6:20:44 PM org.ccnx.ccn.CCNSync startSync
INFORMAÇÕES: Started sync with topo: /ccnx.org/test/SyncTestRepo-15-01-15-18.20.23/topoPrefix and prefix: /ccnx.org/test/SyncTestRepo-15-01-15-18.20.23/ccnSyncTest/slice7
Jan 15, 2015 6:20:44 PM org.ccnx.ccn.profiles.sync.SyncTestRepo testSyncRoot
DETALHADO: writing out file: /ccnx.org/test/SyncTestRepo-15-01-15-18.20.23/ccnSyncTest/slice7/round1
Jan 15, 2015 6:20:44 PM org.ccnx.ccn.impl.CCNFlowControl <init>
INFORMAÇÕES: adding namespace: /ccnx.org/test/SyncTestRepo-15-01-15-18.20.23/ccnSyncTest/slice7/round1/randomFile
Jan 15, 2015 6:20:44 PM org.ccnx.ccn.impl.security.keys.BasicKeyManager getKeyLocator
INFORMAÇÕES: getKeyLocator: returning locator NAME: /ccnx.org/Users/root/Keys/%C1.M.K=009234ADEC47D19E3E6A2AF362D44E09AB6B71F43B1900BA0622FB45F2A5B7D9F6/=FD054AE7DE1000 KEY:-reba89rgbj1o6ata34t5eovcl4kho5s9pnv8nstq15q1ld4g9ga for key kjSt7EfRnj5qKvNi1E4Jq2tx9DsZALoGIvtF8qW32fY=
Jan 15, 2015 6:20:44 PM org.ccnx.ccn.io.CCNAbstractOutputStream <init>
INFORMAÇÕES: CCNAbstractOutputStream: /ccnx.org/test/SyncTestRepo-15-01-15-18.20.23/ccnSyncTest/slice7/round1/randomFile/=FD054B82F2CCC9 blocksize is 4096
Jan 15, 2015 6:20:44 PM org.ccnx.ccn.io.CCNAbstractOutputStream startWrite
INFORMAÇÕES: CCNAbstractOutputStream: startWrite -- searching for keys.
Jan 15, 2015 6:20:44 PM org.ccnx.ccn.profiles.security.access.AccessControlManager keysForOutput
INFORMAÇÕES: keysForOutput: found an acm: (null)
Jan 15, 2015 6:20:44 PM org.ccnx.ccn.impl.repo.RepositoryFlowControl startWrite
INFORMAÇÕES: RepositoryFlowControl.startWrite called for name /ccnx.org/test/SyncTestRepo-15-01-15-18.20.23/ccnSyncTest/slice7/round1/randomFile/=FD054B82F2CCC9, shape STREAM
Jan 15, 2015 6:20:44 PM org.ccnx.ccn.impl.repo.RepositoryFlowControl handleContent
INFORMAÇÕES: handleContent: got potential repo message: /ccnx.org/test/SyncTestRepo-15-01-15-18.20.23/ccnSyncTest/slice7/round1/randomFile/=FD054B82F2CCC9/%C1.R.sw/%C1.N=00979CE90006600CE3
Jan 15, 2015 6:20:44 PM org.ccnx.ccn.profiles.sync.SyncTestCommon writeFile
DETALHADO: bytes: 5815 block size: 4096 div: 1.419677734375 ceil: 2
Jan 15, 2015 6:20:44 PM org.ccnx.ccn.profiles.sync.SyncTestCommon writeFile
DETALHADO: will write out a 5815 byte file, will have 3 segments (1 is a header)
Jan 15, 2015 6:20:44 PM org.ccnx.ccn.io.CCNOutputStream flushToNetwork
INFORMAÇÕES: flush: outputting to the segmenter, baseName /ccnx.org/test/SyncTestRepo-15-01-15-18.20.23/ccnSyncTest/slice7/round1/randomFile/=FD054B82F2CCC9 basenameindex =0001; 1719 bytes written, holding back 1719 flushing final blocks? false.
Jan 15, 2015 6:20:44 PM org.ccnx.ccn.io.CCNOutputStream flushToNetwork
INFORMAÇÕES: HEADER: CCNOutputStream: flushToNetwork: new _baseNameIndex 1
Jan 15, 2015 6:20:44 PM org.ccnx.ccn.io.CCNOutputStream flushToNetwork
INFORMAÇÕES: flush: outputting to the segmenter, baseName /ccnx.org/test/SyncTestRepo-15-01-15-18.20.23/ccnSyncTest/slice7/round1/randomFile/=FD054B82F2CCC9 basenameindex =0001; 1719 bytes written, holding back 1719 flushing final blocks? false.
Jan 15, 2015 6:20:44 PM org.ccnx.ccn.io.CCNOutputStream flushToNetwork
INFORMAÇÕES: HEADER: CCNOutputStream: flushToNetwork: new _baseNameIndex 1
Jan 15, 2015 6:20:44 PM org.ccnx.ccn.io.CCNOutputStream flushToNetwork
INFORMAÇÕES: flush: outputting to the segmenter, baseName /ccnx.org/test/SyncTestRepo-15-01-15-18.20.23/ccnSyncTest/slice7/round1/randomFile/=FD054B82F2CCC9 basenameindex =0001; 1719 bytes written, holding back 0 flushing final blocks? true.
Jan 15, 2015 6:20:44 PM org.ccnx.ccn.io.CCNOutputStream flushToNetwork
INFORMAÇÕES: HEADER: CCNOutputStream: flushToNetwork: new _baseNameIndex 2
Jan 15, 2015 6:20:44 PM org.ccnx.ccn.io.CCNAbstractOutputStream <init>
INFORMAÇÕES: CCNAbstractOutputStream: /ccnx.org/test/SyncTestRepo-15-01-15-18.20.23/ccnSyncTest/slice7/round1/randomFile/=FD054B82F2CCC9/%C1.META.M/.header/=FD054B82F2CD33 blocksize is 4096
Jan 15, 2015 6:20:44 PM org.ccnx.ccn.io.CCNAbstractOutputStream startWrite
INFORMAÇÕES: CCNAbstractOutputStream: startWrite -- searching for keys.
Jan 15, 2015 6:20:44 PM org.ccnx.ccn.profiles.security.access.AccessControlManager keysForOutput
INFORMAÇÕES: keysForOutput: found an acm: (null)
Jan 15, 2015 6:20:44 PM org.ccnx.ccn.impl.repo.RepositoryFlowControl startWrite
INFORMAÇÕES: RepositoryFlowControl.startWrite called for name /ccnx.org/test/SyncTestRepo-15-01-15-18.20.23/ccnSyncTest/slice7/round1/randomFile/=FD054B82F2CCC9/%C1.META.M/.header/=FD054B82F2CD33, shape STREAM
Jan 15, 2015 6:20:44 PM org.ccnx.ccn.impl.repo.RepositoryFlowControl handleContent
INFORMAÇÕES: handleContent: got potential repo message: /ccnx.org/test/SyncTestRepo-15-01-15-18.20.23/ccnSyncTest/slice7/round1/randomFile/=FD054B82F2CCC9/%C1.META.M/.header/=FD054B82F2CD33/%C1.R.sw/%C1.N=00CA27C0813DC0EBF9
Jan 15, 2015 6:20:44 PM org.ccnx.ccn.io.CCNOutputStream flushToNetwork
INFORMAÇÕES: flush: outputting to the segmenter, baseName /ccnx.org/test/SyncTestRepo-15-01-15-18.20.23/ccnSyncTest/slice7/round1/randomFile/=FD054B82F2CCC9/%C1.META.M/.header/=FD054B82F2CD33 basenameindex =00; 66 bytes written, holding back 66 flushing final blocks? false.
Jan 15, 2015 6:20:44 PM org.ccnx.ccn.io.CCNOutputStream flushToNetwork
INFORMAÇÕES: HEADER: CCNOutputStream: flushToNetwork: new _baseNameIndex 0
Jan 15, 2015 6:20:44 PM org.ccnx.ccn.io.CCNOutputStream flushToNetwork
INFORMAÇÕES: flush: outputting to the segmenter, baseName /ccnx.org/test/SyncTestRepo-15-01-15-18.20.23/ccnSyncTest/slice7/round1/randomFile/=FD054B82F2CCC9/%C1.META.M/.header/=FD054B82F2CD33 basenameindex =00; 66 bytes written, holding back 66 flushing final blocks? false.
Jan 15, 2015 6:20:44 PM org.ccnx.ccn.io.CCNOutputStream flushToNetwork
INFORMAÇÕES: HEADER: CCNOutputStream: flushToNetwork: new _baseNameIndex 0
Jan 15, 2015 6:20:44 PM org.ccnx.ccn.io.CCNOutputStream flushToNetwork
INFORMAÇÕES: flush: outputting to the segmenter, baseName /ccnx.org/test/SyncTestRepo-15-01-15-18.20.23/ccnSyncTest/slice7/round1/randomFile/=FD054B82F2CCC9/%C1.META.M/.header/=FD054B82F2CD33 basenameindex =00; 66 bytes written, holding back 0 flushing final blocks? true.
Jan 15, 2015 6:20:44 PM org.ccnx.ccn.io.CCNOutputStream flushToNetwork
INFORMAÇÕES: HEADER: CCNOutputStream: flushToNetwork: new _baseNameIndex 1
Jan 15, 2015 6:20:44 PM org.ccnx.ccn.io.CCNOutputStream close
INFORMAÇÕES: CCNOutputStream close: /ccnx.org/test/SyncTestRepo-15-01-15-18.20.23/ccnSyncTest/slice7/round1/randomFile/=FD054B82F2CCC9/%C1.META.M/.header/=FD054B82F2CD33
Jan 15, 2015 6:20:44 PM org.ccnx.ccn.io.CCNOutputStream close
INFORMAÇÕES: CCNOutputStream close: /ccnx.org/test/SyncTestRepo-15-01-15-18.20.23/ccnSyncTest/slice7/round1/randomFile/=FD054B82F2CCC9
Jan 15, 2015 6:20:44 PM org.ccnx.ccn.profiles.sync.SyncTestCommon writeFile
INFORMAÇÕES: Wrote file to repository: /ccnx.org/test/SyncTestRepo-15-01-15-18.20.23/ccnSyncTest/slice7/round1/randomFile/=FD054B82F2CCC9 with 3 segments
Jan 15, 2015 6:20:44 PM org.ccnx.ccn.profiles.sync.SyncTestRepo checkCallbacks
DETALHADO: checking for callbacks:  /ccnx.org/test/SyncTestRepo-15-01-15-18.20.23/ccnSyncTest/slice7/round1 segments: 3
Jan 15, 2015 6:20:45 PM org.ccnx.ccn.profiles.sync.SyncTestRepo checkCallbacks
DETALHADO: trying to loop again looking for segments
Jan 15, 2015 6:20:45 PM org.ccnx.ccn.profiles.sync.SyncTestRepo checkCallbacks
DETALHADO: trying to loop again looking for segments
Jan 15, 2015 6:20:46 PM org.ccnx.ccn.profiles.sync.SyncTestRepo checkCallbacks
DETALHADO: trying to loop again looking for segments
Jan 15, 2015 6:20:46 PM org.ccnx.ccn.profiles.sync.SyncTestRepo checkCallbacks
DETALHADO: trying to loop again looking for segments
Jan 15, 2015 6:20:47 PM org.ccnx.ccn.profiles.sync.SyncTestRepo checkCallbacks
DETALHADO: trying to loop again looking for segments
Jan 15, 2015 6:20:47 PM org.ccnx.ccn.profiles.sync.SyncTestRepo checkCallbacks
DETALHADO: trying to loop again looking for segments
Jan 15, 2015 6:20:48 PM org.ccnx.ccn.profiles.sync.SyncTestRepo checkCallbacks
DETALHADO: trying to loop again looking for segments
Jan 15, 2015 6:20:48 PM org.ccnx.ccn.impl.sync.ProtocolBasedSyncMonitor handleContent
INFORMAÇÕES: Saw new content from sync: /ccnx.org/test/SyncTestRepo-15-01-15-18.20.23/topoPrefix/%C1.S.ra/=EBF4D3BE0E6C2BDA5B56949A458E4BDC1BCE83300A0B78B5AEDA15EDD54E5F54/.../=021516B62ADA64AAA89D65A591484741A068F08BED29F17D60DF613E1DA6C4797D
Jan 15, 2015 6:20:48 PM org.ccnx.ccn.profiles.sync.SyncTestRepo checkCallbacks
DETALHADO: trying to loop again looking for segments
Jan 15, 2015 6:20:48 PM org.ccnx.ccn.impl.sync.SliceComparator run
DETALHADO: Starting comparator run - state is INIT, sc is org.ccnx.ccn.impl.sync.SliceComparator@14b9337f, this is the lead
Jan 15, 2015 6:20:48 PM org.ccnx.ccn.impl.encoding.BinaryXMLDecoder setElement
INFORMAÇÕES: Reset decode array sizes to 150
Jan 15, 2015 6:20:48 PM org.ccnx.ccn.impl.encoding.BinaryXMLDecoder setElement
INFORMAÇÕES: Reset decode array sizes to 225
Jan 15, 2015 6:20:48 PM org.ccnx.ccn.io.content.SyncNodeComposite decodeLogging
O MAIS DETALHADO: decode node for =021516B62ADA64AAA89D65A591484741A068F08BED29F17D60DF613E1DA6C4797D depth = 1 refs = 3
Jan 15, 2015 6:20:48 PM org.ccnx.ccn.io.content.SyncNodeComposite decodeLogging
O MAIS DETALHADO: min is 0, max is 0, expanded min is /ccnx.org/test/SyncTestRepo-15-01-15-18.20.23/ccnSyncTest/slice7/round1/randomFile/=FD054B82F2CCC9/=00/=C5865CCFAA18603B6631973EAC868ECC9F91E31BFCA0DF626E2E9FC830A657E7, expanded max is /ccnx.org/test/SyncTestRepo-15-01-15-18.20.23/ccnSyncTest/slice7/round1/randomFile/=FD054B82F2CCC9/%C1.META.M/.header/=FD054B82F2CD33/=00/=AE042E3F2E2030F2DB6CC0137D279527EAF10C1E28F798A4469C8AD9AA953CB3
Jan 15, 2015 6:20:48 PM org.ccnx.ccn.impl.sync.SliceComparator run
INFORMAÇÕES: Starting new round with X = null and Y = =021516B62ADA64AAA89D65A591484741A068F08BED29F17D60DF613E1DA6C4797D
Jan 15, 2015 6:20:48 PM org.ccnx.ccn.impl.sync.SliceComparator doComparison
O MAIS DETALHADO: Y hash only for =021516B62ADA64AAA89D65A591484741A068F08BED29F17D60DF613E1DA6C4797D, type is LEAF, pos is 0
Jan 15, 2015 6:20:48 PM org.ccnx.ccn.profiles.sync.SyncTestRepo doHandleContentName
INFORMAÇÕES: Number 1: Callback for name: /ccnx.org/test/SyncTestRepo-15-01-15-18.20.23/ccnSyncTest/slice7/round1/randomFile/=FD054B82F2CCC9/=00 - number is 0
Jan 15, 2015 6:20:48 PM org.ccnx.ccn.impl.sync.SliceComparator doComparison
O MAIS DETALHADO: Y hash only for =021516B62ADA64AAA89D65A591484741A068F08BED29F17D60DF613E1DA6C4797D, type is LEAF, pos is 1
Jan 15, 2015 6:20:48 PM org.ccnx.ccn.profiles.sync.SyncTestRepo doHandleContentName
INFORMAÇÕES: Number 1: Callback for name: /ccnx.org/test/SyncTestRepo-15-01-15-18.20.23/ccnSyncTest/slice7/round1/randomFile/=FD054B82F2CCC9/=0001 - number is 1
Jan 15, 2015 6:20:48 PM org.ccnx.ccn.impl.sync.SliceComparator doComparison
O MAIS DETALHADO: Y hash only for =021516B62ADA64AAA89D65A591484741A068F08BED29F17D60DF613E1DA6C4797D, type is LEAF, pos is 2
Jan 15, 2015 6:20:48 PM org.ccnx.ccn.profiles.sync.SyncTestRepo doHandleContentName
INFORMAÇÕES: Number 1: Callback for name: /ccnx.org/test/SyncTestRepo-15-01-15-18.20.23/ccnSyncTest/slice7/round1/randomFile/=FD054B82F2CCC9/%C1.META.M/.header/=FD054B82F2CD33/=00 - number is header
Jan 15, 2015 6:20:48 PM org.ccnx.ccn.impl.sync.SliceComparator updateCurrent
O MAIS DETALHADO: Starting update from hash =021516B62ADA64AAA89D65A591484741A068F08BED29F17D60DF613E1DA6C4797D
Jan 15, 2015 6:20:48 PM org.ccnx.ccn.impl.sync.SliceComparator updateCurrent
O MAIS DETALHADO: Update compare: name from tree (expanded) is /ccnx.org/test/SyncTestRepo-15-01-15-18.20.23/ccnSyncTest/slice7/round1/randomFile/=FD054B82F2CCC9/=00/=C5865CCFAA18603B6631973EAC868ECC9F91E31BFCA0DF626E2E9FC830A657E7, name  is /ccnx.org/test/SyncTestRepo-15-01-15-18.20.23/ccnSyncTest/slice7/round1/randomFile/=FD054B82F2CCC9/=00/=C5865CCFAA18603B6631973EAC868ECC9F91E31BFCA0DF626E2E9FC830A657E7, comp is 0
Jan 15, 2015 6:20:48 PM org.ccnx.ccn.impl.sync.SliceComparator updateCurrent
O MAIS DETALHADO: Update compare: name from tree (expanded) is /ccnx.org/test/SyncTestRepo-15-01-15-18.20.23/ccnSyncTest/slice7/round1/randomFile/=FD054B82F2CCC9/=0001/=A18C2B1C022C197A5BC74E3F1E991DABDE6D9CB30459055A2A96137BCB88E4E3, name  is /ccnx.org/test/SyncTestRepo-15-01-15-18.20.23/ccnSyncTest/slice7/round1/randomFile/=FD054B82F2CCC9/=0001/=A18C2B1C022C197A5BC74E3F1E991DABDE6D9CB30459055A2A96137BCB88E4E3, comp is 0
Jan 15, 2015 6:20:48 PM org.ccnx.ccn.impl.sync.SliceComparator updateCurrent
O MAIS DETALHADO: Update compare: name from tree (expanded) is /ccnx.org/test/SyncTestRepo-15-01-15-18.20.23/ccnSyncTest/slice7/round1/randomFile/=FD054B82F2CCC9/%C1.META.M/.header/=FD054B82F2CD33/=00/=AE042E3F2E2030F2DB6CC0137D279527EAF10C1E28F798A4469C8AD9AA953CB3, name  is /ccnx.org/test/SyncTestRepo-15-01-15-18.20.23/ccnSyncTest/slice7/round1/randomFile/=FD054B82F2CCC9/%C1.META.M/.header/=FD054B82F2CD33/=00/=AE042E3F2E2030F2DB6CC0137D279527EAF10C1E28F798A4469C8AD9AA953CB3, comp is 0
Jan 15, 2015 6:20:49 PM org.ccnx.ccn.profiles.sync.SyncTestRepo checkCallbacks
DETALHADO: got segment 0
Jan 15, 2015 6:20:49 PM org.ccnx.ccn.profiles.sync.SyncTestRepo checkCallbacks
DETALHADO: received: [true, false, false] finished: [true, true, true]
Jan 15, 2015 6:20:49 PM org.ccnx.ccn.profiles.sync.SyncTestRepo checkCallbacks
DETALHADO: got segment 1
Jan 15, 2015 6:20:49 PM org.ccnx.ccn.profiles.sync.SyncTestRepo checkCallbacks
DETALHADO: received: [true, true, false] finished: [true, true, true]
Jan 15, 2015 6:20:49 PM org.ccnx.ccn.profiles.sync.SyncTestRepo checkCallbacks
DETALHADO: got the header
Jan 15, 2015 6:20:49 PM org.ccnx.ccn.profiles.sync.SyncTestRepo checkCallbacks
DETALHADO: received: [true, true, true] finished: [true, true, true]
Jan 15, 2015 6:20:49 PM org.ccnx.ccn.profiles.sync.SyncTestRepo checkCallbacks
DETALHADO: got all the segments!
Jan 15, 2015 6:20:49 PM org.ccnx.ccn.profiles.sync.SyncTestRepo checkCallbacks
DETALHADO: trying to loop again looking for segments
Jan 15, 2015 6:20:49 PM org.ccnx.ccn.profiles.sync.SyncTestRepo checkCallbacks
DETALHADO: done looping, returning.
Jan 15, 2015 6:20:49 PM org.ccnx.ccn.impl.sync.ProtocolBasedSyncMonitor removeCallback
INFORMAÇÕES: Removing callback on slice: /ccnx.org/test/SyncTestRepo-15-01-15-18.20.23/ccnSyncTest/slice7
Jan 15, 2015 6:20:49 PM org.ccnx.ccn.profiles.sync.SyncTestRepo testSyncRoot
INFORMAÇÕES: Starting sync for empty root
Jan 15, 2015 6:20:49 PM org.ccnx.ccn.io.content.CCNNetworkObject createFlowController
INFORMAÇÕES: Created LOCALREPOSITORY flow controller, for prefix /%C1.M.S.localhost/%C1.S.cs/=EBF4D3BE0E6C2BDA5B56949A458E4BDC1BCE83300A0B78B5AEDA15EDD54E5F54, save type LOCALREPOSITORY
Jan 15, 2015 6:20:49 PM org.ccnx.ccn.profiles.VersioningProfile getLatestVersion
INFORMAÇÕES: gLV getLatestVersion: retrieved latest version object /%C1.M.S.localhost/%C1.S.cs/=EBF4D3BE0E6C2BDA5B56949A458E4BDC1BCE83300A0B78B5AEDA15EDD54E5F54/=FD054B82F2CB2B/=00 type: DATA
Jan 15, 2015 6:20:49 PM org.ccnx.ccn.profiles.VersioningProfile getLatestVersion
INFORMAÇÕES: getFirstBlockOfLatestVersion: no block available for later version of /%C1.M.S.localhost/%C1.S.cs/=EBF4D3BE0E6C2BDA5B56949A458E4BDC1BCE83300A0B78B5AEDA15EDD54E5F54/=FD054B82F2CB2B
Jan 15, 2015 6:20:49 PM org.ccnx.ccn.io.CCNAbstractInputStream <init>
INFORMAÇÕES: CCNAbstractInputStream: /%C1.M.S.localhost/%C1.S.cs/=EBF4D3BE0E6C2BDA5B56949A458E4BDC1BCE83300A0B78B5AEDA15EDD54E5F54/=FD054B82F2CB2B segment 0
Jan 15, 2015 6:20:49 PM org.ccnx.ccn.io.content.ConfigSlice checkAndCreate
DETALHADO: found this slice in my repo! /%C1.M.S.localhost/%C1.S.cs/=EBF4D3BE0E6C2BDA5B56949A458E4BDC1BCE83300A0B78B5AEDA15EDD54E5F54/=FD054B82F2CB2B
Jan 15, 2015 6:20:49 PM org.ccnx.ccn.io.content.ConfigSlice checkAndCreate
DETALHADO: don't need to do anything...  returning the existing slice
Jan 15, 2015 6:20:49 PM org.ccnx.ccn.impl.sync.ProtocolBasedSyncMonitor registerCallback
DETALHADO: Adding our callback to the lead comparator
Jan 15, 2015 6:20:49 PM org.ccnx.ccn.CCNSync startSync
INFORMAÇÕES: Started sync with topo: /ccnx.org/test/SyncTestRepo-15-01-15-18.20.23/topoPrefix and prefix: /ccnx.org/test/SyncTestRepo-15-01-15-18.20.23/ccnSyncTest/slice7
Jan 15, 2015 6:20:53 PM org.ccnx.ccn.impl.CCNFlowControl <init>
INFORMAÇÕES: adding namespace: /ccnx.org/test/SyncTestRepo-15-01-15-18.20.23/ccnSyncTest/slice7/round2/randomFile
Jan 15, 2015 6:20:53 PM org.ccnx.ccn.impl.security.keys.BasicKeyManager getKeyLocator
INFORMAÇÕES: getKeyLocator: returning locator NAME: /ccnx.org/Users/root/Keys/%C1.M.K=009234ADEC47D19E3E6A2AF362D44E09AB6B71F43B1900BA0622FB45F2A5B7D9F6/=FD054AE7DE1000 KEY:-reba89rgbj1o6ata34t5eovcl4kho5s9pnv8nstq15q1ld4g9ga for key kjSt7EfRnj5qKvNi1E4Jq2tx9DsZALoGIvtF8qW32fY=
Jan 15, 2015 6:20:53 PM org.ccnx.ccn.io.CCNAbstractOutputStream <init>
INFORMAÇÕES: CCNAbstractOutputStream: /ccnx.org/test/SyncTestRepo-15-01-15-18.20.23/ccnSyncTest/slice7/round2/randomFile/=FD054B82F356C5 blocksize is 4096
Jan 15, 2015 6:20:53 PM org.ccnx.ccn.io.CCNAbstractOutputStream startWrite
INFORMAÇÕES: CCNAbstractOutputStream: startWrite -- searching for keys.
Jan 15, 2015 6:20:53 PM org.ccnx.ccn.profiles.security.access.AccessControlManager keysForOutput
INFORMAÇÕES: keysForOutput: found an acm: (null)
Jan 15, 2015 6:20:53 PM org.ccnx.ccn.impl.repo.RepositoryFlowControl startWrite
INFORMAÇÕES: RepositoryFlowControl.startWrite called for name /ccnx.org/test/SyncTestRepo-15-01-15-18.20.23/ccnSyncTest/slice7/round2/randomFile/=FD054B82F356C5, shape STREAM
Jan 15, 2015 6:20:53 PM org.ccnx.ccn.impl.repo.RepositoryFlowControl handleContent
INFORMAÇÕES: handleContent: got potential repo message: /ccnx.org/test/SyncTestRepo-15-01-15-18.20.23/ccnSyncTest/slice7/round2/randomFile/=FD054B82F356C5/%C1.R.sw/%C1.N=001A920E3BD414BBF4
Jan 15, 2015 6:20:53 PM org.ccnx.ccn.profiles.sync.SyncTestCommon writeFile
DETALHADO: bytes: 6429 block size: 4096 div: 1.569580078125 ceil: 2
Jan 15, 2015 6:20:53 PM org.ccnx.ccn.profiles.sync.SyncTestCommon writeFile
DETALHADO: will write out a 6429 byte file, will have 3 segments (1 is a header)
Jan 15, 2015 6:20:53 PM org.ccnx.ccn.io.CCNOutputStream flushToNetwork
INFORMAÇÕES: flush: outputting to the segmenter, baseName /ccnx.org/test/SyncTestRepo-15-01-15-18.20.23/ccnSyncTest/slice7/round2/randomFile/=FD054B82F356C5 basenameindex =0001; 2333 bytes written, holding back 2333 flushing final blocks? false.
Jan 15, 2015 6:20:53 PM org.ccnx.ccn.io.CCNOutputStream flushToNetwork
INFORMAÇÕES: HEADER: CCNOutputStream: flushToNetwork: new _baseNameIndex 1
Jan 15, 2015 6:20:53 PM org.ccnx.ccn.io.CCNOutputStream flushToNetwork
INFORMAÇÕES: flush: outputting to the segmenter, baseName /ccnx.org/test/SyncTestRepo-15-01-15-18.20.23/ccnSyncTest/slice7/round2/randomFile/=FD054B82F356C5 basenameindex =0001; 2333 bytes written, holding back 2333 flushing final blocks? false.
Jan 15, 2015 6:20:53 PM org.ccnx.ccn.io.CCNOutputStream flushToNetwork
INFORMAÇÕES: HEADER: CCNOutputStream: flushToNetwork: new _baseNameIndex 1
Jan 15, 2015 6:20:53 PM org.ccnx.ccn.io.CCNOutputStream flushToNetwork
INFORMAÇÕES: flush: outputting to the segmenter, baseName /ccnx.org/test/SyncTestRepo-15-01-15-18.20.23/ccnSyncTest/slice7/round2/randomFile/=FD054B82F356C5 basenameindex =0001; 2333 bytes written, holding back 0 flushing final blocks? true.
Jan 15, 2015 6:20:53 PM org.ccnx.ccn.io.CCNOutputStream flushToNetwork
INFORMAÇÕES: HEADER: CCNOutputStream: flushToNetwork: new _baseNameIndex 2
Jan 15, 2015 6:20:53 PM org.ccnx.ccn.io.CCNAbstractOutputStream <init>
INFORMAÇÕES: CCNAbstractOutputStream: /ccnx.org/test/SyncTestRepo-15-01-15-18.20.23/ccnSyncTest/slice7/round2/randomFile/=FD054B82F356C5/%C1.META.M/.header/=FD054B82F3572F blocksize is 4096
Jan 15, 2015 6:20:53 PM org.ccnx.ccn.io.CCNAbstractOutputStream startWrite
INFORMAÇÕES: CCNAbstractOutputStream: startWrite -- searching for keys.
Jan 15, 2015 6:20:53 PM org.ccnx.ccn.profiles.security.access.AccessControlManager keysForOutput
INFORMAÇÕES: keysForOutput: found an acm: (null)
Jan 15, 2015 6:20:53 PM org.ccnx.ccn.impl.repo.RepositoryFlowControl startWrite
INFORMAÇÕES: RepositoryFlowControl.startWrite called for name /ccnx.org/test/SyncTestRepo-15-01-15-18.20.23/ccnSyncTest/slice7/round2/randomFile/=FD054B82F356C5/%C1.META.M/.header/=FD054B82F3572F, shape STREAM
Jan 15, 2015 6:20:53 PM org.ccnx.ccn.impl.repo.RepositoryFlowControl handleContent
INFORMAÇÕES: handleContent: got potential repo message: /ccnx.org/test/SyncTestRepo-15-01-15-18.20.23/ccnSyncTest/slice7/round2/randomFile/=FD054B82F356C5/%C1.META.M/.header/=FD054B82F3572F/%C1.R.sw/%C1.N=001ABE33803C2DD34C
Jan 15, 2015 6:20:53 PM org.ccnx.ccn.io.CCNOutputStream flushToNetwork
INFORMAÇÕES: flush: outputting to the segmenter, baseName /ccnx.org/test/SyncTestRepo-15-01-15-18.20.23/ccnSyncTest/slice7/round2/randomFile/=FD054B82F356C5/%C1.META.M/.header/=FD054B82F3572F basenameindex =00; 66 bytes written, holding back 66 flushing final blocks? false.
Jan 15, 2015 6:20:53 PM org.ccnx.ccn.io.CCNOutputStream flushToNetwork
INFORMAÇÕES: HEADER: CCNOutputStream: flushToNetwork: new _baseNameIndex 0
Jan 15, 2015 6:20:53 PM org.ccnx.ccn.io.CCNOutputStream flushToNetwork
INFORMAÇÕES: flush: outputting to the segmenter, baseName /ccnx.org/test/SyncTestRepo-15-01-15-18.20.23/ccnSyncTest/slice7/round2/randomFile/=FD054B82F356C5/%C1.META.M/.header/=FD054B82F3572F basenameindex =00; 66 bytes written, holding back 66 flushing final blocks? false.
Jan 15, 2015 6:20:53 PM org.ccnx.ccn.io.CCNOutputStream flushToNetwork
INFORMAÇÕES: HEADER: CCNOutputStream: flushToNetwork: new _baseNameIndex 0
Jan 15, 2015 6:20:53 PM org.ccnx.ccn.io.CCNOutputStream flushToNetwork
INFORMAÇÕES: flush: outputting to the segmenter, baseName /ccnx.org/test/SyncTestRepo-15-01-15-18.20.23/ccnSyncTest/slice7/round2/randomFile/=FD054B82F356C5/%C1.META.M/.header/=FD054B82F3572F basenameindex =00; 66 bytes written, holding back 0 flushing final blocks? true.
Jan 15, 2015 6:20:53 PM org.ccnx.ccn.io.CCNOutputStream flushToNetwork
INFORMAÇÕES: HEADER: CCNOutputStream: flushToNetwork: new _baseNameIndex 1
Jan 15, 2015 6:20:53 PM org.ccnx.ccn.io.CCNOutputStream close
INFORMAÇÕES: CCNOutputStream close: /ccnx.org/test/SyncTestRepo-15-01-15-18.20.23/ccnSyncTest/slice7/round2/randomFile/=FD054B82F356C5/%C1.META.M/.header/=FD054B82F3572F
Jan 15, 2015 6:20:53 PM org.ccnx.ccn.io.CCNOutputStream close
INFORMAÇÕES: CCNOutputStream close: /ccnx.org/test/SyncTestRepo-15-01-15-18.20.23/ccnSyncTest/slice7/round2/randomFile/=FD054B82F356C5
Jan 15, 2015 6:20:53 PM org.ccnx.ccn.profiles.sync.SyncTestCommon writeFile
INFORMAÇÕES: Wrote file to repository: /ccnx.org/test/SyncTestRepo-15-01-15-18.20.23/ccnSyncTest/slice7/round2/randomFile/=FD054B82F356C5 with 3 segments
Jan 15, 2015 6:20:53 PM org.ccnx.ccn.profiles.sync.SyncTestRepo checkCallbacks
DETALHADO: checking for callbacks:  /ccnx.org/test/SyncTestRepo-15-01-15-18.20.23/ccnSyncTest/slice7/round2 segments: 3
Jan 15, 2015 6:20:53 PM org.ccnx.ccn.impl.sync.ProtocolBasedSyncMonitor handleContent
INFORMAÇÕES: Saw new content from sync: /ccnx.org/test/SyncTestRepo-15-01-15-18.20.23/topoPrefix/%C1.S.ra/=EBF4D3BE0E6C2BDA5B56949A458E4BDC1BCE83300A0B78B5AEDA15EDD54E5F54/=021516B62ADA64AAA89D65A591484741A068F08BED29F17D60DF613E1DA6C4797D/=02B1E240279517C86763BA374B7C6F91E7758CB65FAFCCE7D84E9F7D9D48A82206
Jan 15, 2015 6:20:53 PM org.ccnx.ccn.impl.sync.SliceComparator run
DETALHADO: Starting comparator run - state is INIT, sc is org.ccnx.ccn.impl.sync.SliceComparator@14b9337f, this is the lead
Jan 15, 2015 6:20:53 PM org.ccnx.ccn.impl.encoding.BinaryXMLDecoder setElement
INFORMAÇÕES: Reset decode array sizes to 150
Jan 15, 2015 6:20:53 PM org.ccnx.ccn.impl.encoding.BinaryXMLDecoder setElement
INFORMAÇÕES: Reset decode array sizes to 225
Jan 15, 2015 6:20:53 PM org.ccnx.ccn.impl.encoding.BinaryXMLDecoder setElement
INFORMAÇÕES: Reset decode array sizes to 337
Jan 15, 2015 6:20:53 PM org.ccnx.ccn.io.content.SyncNodeComposite decodeLogging
O MAIS DETALHADO: decode node for =02B1E240279517C86763BA374B7C6F91E7758CB65FAFCCE7D84E9F7D9D48A82206 depth = 1 refs = 6
Jan 15, 2015 6:20:53 PM org.ccnx.ccn.io.content.SyncNodeComposite decodeLogging
O MAIS DETALHADO: min is 0, max is 0, expanded min is /ccnx.org/test/SyncTestRepo-15-01-15-18.20.23/ccnSyncTest/slice7/round1/randomFile/=FD054B82F2CCC9/=00/=C5865CCFAA18603B6631973EAC868ECC9F91E31BFCA0DF626E2E9FC830A657E7, expanded max is /ccnx.org/test/SyncTestRepo-15-01-15-18.20.23/ccnSyncTest/slice7/round2/randomFile/=FD054B82F356C5/%C1.META.M/.header/=FD054B82F3572F/=00/y=1C9B47B3E6C0C581382C65E5B76CD910F1ED9DCE91333A80E00E714A07BCF0
Jan 15, 2015 6:20:53 PM org.ccnx.ccn.impl.sync.SliceComparator run
INFORMAÇÕES: Starting new round with X = =021516B62ADA64AAA89D65A591484741A068F08BED29F17D60DF613E1DA6C4797D and Y = =02B1E240279517C86763BA374B7C6F91E7758CB65FAFCCE7D84E9F7D9D48A82206
Jan 15, 2015 6:20:53 PM org.ccnx.ccn.impl.sync.SliceComparator doComparison
O MAIS DETALHADO: Compare LEAF =021516B62ADA64AAA89D65A591484741A068F08BED29F17D60DF613E1DA6C4797D to LEAF =02B1E240279517C86763BA374B7C6F91E7758CB65FAFCCE7D84E9F7D9D48A82206
Jan 15, 2015 6:20:53 PM org.ccnx.ccn.impl.sync.SliceComparator doComparison
O MAIS DETALHADO: name X is 0, pos X is 0, name Y is 0, pos Y is 0 comp is 0
Jan 15, 2015 6:20:53 PM org.ccnx.ccn.impl.sync.SliceComparator doComparison
O MAIS DETALHADO: name X (expanded) is /ccnx.org/test/SyncTestRepo-15-01-15-18.20.23/ccnSyncTest/slice7/round1/randomFile/=FD054B82F2CCC9/=00/=C5865CCFAA18603B6631973EAC868ECC9F91E31BFCA0DF626E2E9FC830A657E7, name Y (expanded) is /ccnx.org/test/SyncTestRepo-15-01-15-18.20.23/ccnSyncTest/slice7/round1/randomFile/=FD054B82F2CCC9/=00/=C5865CCFAA18603B6631973EAC868ECC9F91E31BFCA0DF626E2E9FC830A657E7
Jan 15, 2015 6:20:53 PM org.ccnx.ccn.impl.sync.SliceComparator doComparison
O MAIS DETALHADO: Compare LEAF =021516B62ADA64AAA89D65A591484741A068F08BED29F17D60DF613E1DA6C4797D to LEAF =02B1E240279517C86763BA374B7C6F91E7758CB65FAFCCE7D84E9F7D9D48A82206
Jan 15, 2015 6:20:53 PM org.ccnx.ccn.impl.sync.SliceComparator doComparison
O MAIS DETALHADO: name X is 1, pos X is 1, name Y is 1, pos Y is 1 comp is 0
Jan 15, 2015 6:20:53 PM org.ccnx.ccn.impl.sync.SliceComparator doComparison
O MAIS DETALHADO: name X (expanded) is /ccnx.org/test/SyncTestRepo-15-01-15-18.20.23/ccnSyncTest/slice7/round1/randomFile/=FD054B82F2CCC9/=0001/=A18C2B1C022C197A5BC74E3F1E991DABDE6D9CB30459055A2A96137BCB88E4E3, name Y (expanded) is /ccnx.org/test/SyncTestRepo-15-01-15-18.20.23/ccnSyncTest/slice7/round1/randomFile/=FD054B82F2CCC9/=0001/=A18C2B1C022C197A5BC74E3F1E991DABDE6D9CB30459055A2A96137BCB88E4E3
Jan 15, 2015 6:20:53 PM org.ccnx.ccn.impl.sync.SliceComparator doComparison
O MAIS DETALHADO: Compare LEAF =021516B62ADA64AAA89D65A591484741A068F08BED29F17D60DF613E1DA6C4797D to LEAF =02B1E240279517C86763BA374B7C6F91E7758CB65FAFCCE7D84E9F7D9D48A82206
Jan 15, 2015 6:20:53 PM org.ccnx.ccn.impl.sync.SliceComparator doComparison
O MAIS DETALHADO: name X is 0, pos X is 2, name Y is 0, pos Y is 2 comp is 0
Jan 15, 2015 6:20:53 PM org.ccnx.ccn.impl.sync.SliceComparator doComparison
O MAIS DETALHADO: name X (expanded) is /ccnx.org/test/SyncTestRepo-15-01-15-18.20.23/ccnSyncTest/slice7/round1/randomFile/=FD054B82F2CCC9/%C1.META.M/.header/=FD054B82F2CD33/=00/=AE042E3F2E2030F2DB6CC0137D279527EAF10C1E28F798A4469C8AD9AA953CB3, name Y (expanded) is /ccnx.org/test/SyncTestRepo-15-01-15-18.20.23/ccnSyncTest/slice7/round1/randomFile/=FD054B82F2CCC9/%C1.META.M/.header/=FD054B82F2CD33/=00/=AE042E3F2E2030F2DB6CC0137D279527EAF10C1E28F798A4469C8AD9AA953CB3
Jan 15, 2015 6:20:53 PM org.ccnx.ccn.impl.sync.SliceComparator doComparison
O MAIS DETALHADO: Y hash only for =02B1E240279517C86763BA374B7C6F91E7758CB65FAFCCE7D84E9F7D9D48A82206, type is LEAF, pos is 3
Jan 15, 2015 6:20:53 PM org.ccnx.ccn.profiles.sync.SyncTestRepo doHandleContentName
INFORMAÇÕES: Number 1: Callback for name: /ccnx.org/test/SyncTestRepo-15-01-15-18.20.23/ccnSyncTest/slice7/round2/randomFile/=FD054B82F356C5/=00 - number is 0
Jan 15, 2015 6:20:53 PM org.ccnx.ccn.impl.sync.SliceComparator doComparison
O MAIS DETALHADO: Y hash only for =02B1E240279517C86763BA374B7C6F91E7758CB65FAFCCE7D84E9F7D9D48A82206, type is LEAF, pos is 4
Jan 15, 2015 6:20:53 PM org.ccnx.ccn.profiles.sync.SyncTestRepo doHandleContentName
INFORMAÇÕES: Number 1: Callback for name: /ccnx.org/test/SyncTestRepo-15-01-15-18.20.23/ccnSyncTest/slice7/round2/randomFile/=FD054B82F356C5/=0001 - number is 1
Jan 15, 2015 6:20:53 PM org.ccnx.ccn.impl.sync.SliceComparator doComparison
O MAIS DETALHADO: Y hash only for =02B1E240279517C86763BA374B7C6F91E7758CB65FAFCCE7D84E9F7D9D48A82206, type is LEAF, pos is 5
Jan 15, 2015 6:20:53 PM org.ccnx.ccn.profiles.sync.SyncTestRepo doHandleContentName
INFORMAÇÕES: Number 1: Callback for name: /ccnx.org/test/SyncTestRepo-15-01-15-18.20.23/ccnSyncTest/slice7/round2/randomFile/=FD054B82F356C5/%C1.META.M/.header/=FD054B82F3572F/=00 - number is header
Jan 15, 2015 6:20:53 PM org.ccnx.ccn.impl.sync.SliceComparator updateCurrent
O MAIS DETALHADO: Starting update from hash =021516B62ADA64AAA89D65A591484741A068F08BED29F17D60DF613E1DA6C4797D
Jan 15, 2015 6:20:53 PM org.ccnx.ccn.impl.sync.SliceComparator updateCurrent
O MAIS DETALHADO: Shortcut in update - popping last node
Jan 15, 2015 6:20:53 PM org.ccnx.ccn.impl.sync.SliceComparator updateCurrent
O MAIS DETALHADO: Update: starting redo because of extra names at end starting with /ccnx.org/test/SyncTestRepo-15-01-15-18.20.23/ccnSyncTest/slice7/round2/randomFile/=FD054B82F356C5/=00/%22do6=AC0DA006F210F5ACDAE423C2810031282712A878D5DAC257C159A328
Jan 15, 2015 6:20:53 PM org.ccnx.ccn.impl.sync.SliceComparator addNeededNames
O MAIS DETALHADO: Update: subsuming node
Jan 15, 2015 6:20:53 PM org.ccnx.ccn.impl.sync.SyncTreeEntry <init>
O MAIS DETALHADO: Found existing node: =02B1E240279517C86763BA374B7C6F91E7758CB65FAFCCE7D84E9F7D9D48A82206
Jan 15, 2015 6:20:53 PM org.ccnx.ccn.io.content.SyncNodeComposite decodeLogging
O MAIS DETALHADO: decode node for =02B1E240279517C86763BA374B7C6F91E7758CB65FAFCCE7D84E9F7D9D48A82206 depth = 1 refs = 6
Jan 15, 2015 6:20:53 PM org.ccnx.ccn.io.content.SyncNodeComposite decodeLogging
O MAIS DETALHADO: min is 0, max is 0, expanded min is /ccnx.org/test/SyncTestRepo-15-01-15-18.20.23/ccnSyncTest/slice7/round1/randomFile/=FD054B82F2CCC9/=00/=C5865CCFAA18603B6631973EAC868ECC9F91E31BFCA0DF626E2E9FC830A657E7, expanded max is /ccnx.org/test/SyncTestRepo-15-01-15-18.20.23/ccnSyncTest/slice7/round2/randomFile/=FD054B82F356C5/%C1.META.M/.header/=FD054B82F3572F/=00/y=1C9B47B3E6C0C581382C65E5B76CD910F1ED9DCE91333A80E00E714A07BCF0
Jan 15, 2015 6:20:53 PM org.ccnx.ccn.impl.sync.SliceComparator updateCurrent
INFORMAÇÕES: Resetting current to created head: =02B1E240279517C86763BA374B7C6F91E7758CB65FAFCCE7D84E9F7D9D48A82206
Jan 15, 2015 6:20:54 PM org.ccnx.ccn.profiles.sync.SyncTestRepo checkCallbacks
DETALHADO: got segment 0
Jan 15, 2015 6:20:54 PM org.ccnx.ccn.profiles.sync.SyncTestRepo checkCallbacks
DETALHADO: received: [true, false, false] finished: [true, true, true]
Jan 15, 2015 6:20:54 PM org.ccnx.ccn.profiles.sync.SyncTestRepo checkCallbacks
DETALHADO: got segment 1
Jan 15, 2015 6:20:54 PM org.ccnx.ccn.profiles.sync.SyncTestRepo checkCallbacks
DETALHADO: received: [true, true, false] finished: [true, true, true]
Jan 15, 2015 6:20:54 PM org.ccnx.ccn.profiles.sync.SyncTestRepo checkCallbacks
DETALHADO: got the header
Jan 15, 2015 6:20:54 PM org.ccnx.ccn.profiles.sync.SyncTestRepo checkCallbacks
DETALHADO: received: [true, true, true] finished: [true, true, true]
Jan 15, 2015 6:20:54 PM org.ccnx.ccn.profiles.sync.SyncTestRepo checkCallbacks
DETALHADO: got all the segments!
Jan 15, 2015 6:20:54 PM org.ccnx.ccn.profiles.sync.SyncTestRepo checkCallbacks
DETALHADO: trying to loop again looking for segments
Jan 15, 2015 6:20:54 PM org.ccnx.ccn.profiles.sync.SyncTestRepo checkCallbacks
DETALHADO: done looping, returning.
Jan 15, 2015 6:20:54 PM org.ccnx.ccn.impl.sync.ProtocolBasedSyncMonitor removeCallback
INFORMAÇÕES: Removing callback on slice: /ccnx.org/test/SyncTestRepo-15-01-15-18.20.23/ccnSyncTest/slice7
Jan 15, 2015 6:20:54 PM org.ccnx.ccn.impl.encoding.BinaryXMLDecoder setElement
INFORMAÇÕES: Reset decode array sizes to 150
Jan 15, 2015 6:20:54 PM org.ccnx.ccn.impl.encoding.BinaryXMLDecoder setElement
INFORMAÇÕES: Reset decode array sizes to 225
Jan 15, 2015 6:20:54 PM org.ccnx.ccn.io.content.SyncNodeComposite decodeLogging
O MAIS DETALHADO: decode node for =021516B62ADA64AAA89D65A591484741A068F08BED29F17D60DF613E1DA6C4797D depth = 1 refs = 3
Jan 15, 2015 6:20:54 PM org.ccnx.ccn.io.content.SyncNodeComposite decodeLogging
O MAIS DETALHADO: min is 0, max is 0, expanded min is /ccnx.org/test/SyncTestRepo-15-01-15-18.20.23/ccnSyncTest/slice7/round1/randomFile/=FD054B82F2CCC9/=00/=C5865CCFAA18603B6631973EAC868ECC9F91E31BFCA0DF626E2E9FC830A657E7, expanded max is /ccnx.org/test/SyncTestRepo-15-01-15-18.20.23/ccnSyncTest/slice7/round1/randomFile/=FD054B82F2CCC9/%C1.META.M/.header/=FD054B82F2CD33/=00/=AE042E3F2E2030F2DB6CC0137D279527EAF10C1E28F798A4469C8AD9AA953CB3
Jan 15, 2015 6:20:54 PM org.ccnx.ccn.profiles.sync.SyncTestRepo testSyncRoot
INFORMAÇÕES: Starting sync for predefined root: =021516B62ADA64AAA89D65A591484741A068F08BED29F17D60DF613E1DA6C4797D
Jan 15, 2015 6:20:54 PM org.ccnx.ccn.io.content.CCNNetworkObject createFlowController
INFORMAÇÕES: Created LOCALREPOSITORY flow controller, for prefix /%C1.M.S.localhost/%C1.S.cs/=EBF4D3BE0E6C2BDA5B56949A458E4BDC1BCE83300A0B78B5AEDA15EDD54E5F54, save type LOCALREPOSITORY
Jan 15, 2015 6:20:54 PM org.ccnx.ccn.profiles.VersioningProfile getLatestVersion
INFORMAÇÕES: gLV getLatestVersion: retrieved latest version object /%C1.M.S.localhost/%C1.S.cs/=EBF4D3BE0E6C2BDA5B56949A458E4BDC1BCE83300A0B78B5AEDA15EDD54E5F54/=FD054B82F2CB2B/=00 type: DATA
Jan 15, 2015 6:20:54 PM org.ccnx.ccn.profiles.VersioningProfile getLatestVersion
INFORMAÇÕES: getFirstBlockOfLatestVersion: no block available for later version of /%C1.M.S.localhost/%C1.S.cs/=EBF4D3BE0E6C2BDA5B56949A458E4BDC1BCE83300A0B78B5AEDA15EDD54E5F54/=FD054B82F2CB2B
Jan 15, 2015 6:20:54 PM org.ccnx.ccn.io.CCNAbstractInputStream <init>
INFORMAÇÕES: CCNAbstractInputStream: /%C1.M.S.localhost/%C1.S.cs/=EBF4D3BE0E6C2BDA5B56949A458E4BDC1BCE83300A0B78B5AEDA15EDD54E5F54/=FD054B82F2CB2B segment 0
Jan 15, 2015 6:20:54 PM org.ccnx.ccn.io.content.ConfigSlice checkAndCreate
DETALHADO: found this slice in my repo! /%C1.M.S.localhost/%C1.S.cs/=EBF4D3BE0E6C2BDA5B56949A458E4BDC1BCE83300A0B78B5AEDA15EDD54E5F54/=FD054B82F2CB2B
Jan 15, 2015 6:20:54 PM org.ccnx.ccn.io.content.ConfigSlice checkAndCreate
DETALHADO: don't need to do anything...  returning the existing slice
Jan 15, 2015 6:20:54 PM org.ccnx.ccn.impl.sync.SliceComparator <init>
INFORMAÇÕES: Beginning sync monitoring starting with: =021516B62ADA64AAA89D65A591484741A068F08BED29F17D60DF613E1DA6C4797D
Jan 15, 2015 6:20:54 PM org.ccnx.ccn.impl.sync.SyncTreeEntry <init>
O MAIS DETALHADO: Found existing node: =021516B62ADA64AAA89D65A591484741A068F08BED29F17D60DF613E1DA6C4797D
Jan 15, 2015 6:20:54 PM org.ccnx.ccn.impl.sync.SliceComparator setTimeout
DETALHADO: Sync timeout changed to 3000
Jan 15, 2015 6:20:54 PM org.ccnx.ccn.impl.sync.ProtocolBasedSyncMonitor registerCallback
DETALHADO: Starting a new comparator - it is not the lead.
Jan 15, 2015 6:20:54 PM org.ccnx.ccn.CCNSync startSync
INFORMAÇÕES: Started sync with topo: /ccnx.org/test/SyncTestRepo-15-01-15-18.20.23/topoPrefix and prefix: /ccnx.org/test/SyncTestRepo-15-01-15-18.20.23/ccnSyncTest/slice7
Jan 15, 2015 6:20:54 PM org.ccnx.ccn.impl.CCNFlowControl <init>
INFORMAÇÕES: adding namespace: /ccnx.org/test/SyncTestRepo-15-01-15-18.20.23/ccnSyncTest/slice7/round3/randomFile
Jan 15, 2015 6:20:54 PM org.ccnx.ccn.impl.sync.ProtocolBasedSyncMonitor handleContent
INFORMAÇÕES: Saw new content from sync: /ccnx.org/test/SyncTestRepo-15-01-15-18.20.23/topoPrefix/%C1.S.ra/=EBF4D3BE0E6C2BDA5B56949A458E4BDC1BCE83300A0B78B5AEDA15EDD54E5F54/.../=02B1E240279517C86763BA374B7C6F91E7758CB65FAFCCE7D84E9F7D9D48A82206
Jan 15, 2015 6:20:54 PM org.ccnx.ccn.impl.security.keys.BasicKeyManager getKeyLocator
INFORMAÇÕES: getKeyLocator: returning locator NAME: /ccnx.org/Users/root/Keys/%C1.M.K=009234ADEC47D19E3E6A2AF362D44E09AB6B71F43B1900BA0622FB45F2A5B7D9F6/=FD054AE7DE1000 KEY:-reba89rgbj1o6ata34t5eovcl4kho5s9pnv8nstq15q1ld4g9ga for key kjSt7EfRnj5qKvNi1E4Jq2tx9DsZALoGIvtF8qW32fY=
Jan 15, 2015 6:20:54 PM org.ccnx.ccn.io.CCNAbstractOutputStream <init>
INFORMAÇÕES: CCNAbstractOutputStream: /ccnx.org/test/SyncTestRepo-15-01-15-18.20.23/ccnSyncTest/slice7/round3/randomFile/=FD054B82F36585 blocksize is 4096
Jan 15, 2015 6:20:54 PM org.ccnx.ccn.io.CCNAbstractOutputStream startWrite
INFORMAÇÕES: CCNAbstractOutputStream: startWrite -- searching for keys.
Jan 15, 2015 6:20:54 PM org.ccnx.ccn.profiles.security.access.AccessControlManager keysForOutput
INFORMAÇÕES: keysForOutput: found an acm: (null)
Jan 15, 2015 6:20:54 PM org.ccnx.ccn.impl.repo.RepositoryFlowControl startWrite
INFORMAÇÕES: RepositoryFlowControl.startWrite called for name /ccnx.org/test/SyncTestRepo-15-01-15-18.20.23/ccnSyncTest/slice7/round3/randomFile/=FD054B82F36585, shape STREAM
Jan 15, 2015 6:20:54 PM org.ccnx.ccn.impl.repo.RepositoryFlowControl handleContent
INFORMAÇÕES: handleContent: got potential repo message: /ccnx.org/test/SyncTestRepo-15-01-15-18.20.23/ccnSyncTest/slice7/round3/randomFile/=FD054B82F36585/%C1.R.sw/%C1.N=00C088B42612F9AFD2
Jan 15, 2015 6:20:54 PM org.ccnx.ccn.profiles.sync.SyncTestCommon writeFile
DETALHADO: bytes: 744 block size: 4096 div: 0.181640625 ceil: 1
Jan 15, 2015 6:20:54 PM org.ccnx.ccn.profiles.sync.SyncTestCommon writeFile
DETALHADO: will write out a 744 byte file, will have 2 segments (1 is a header)
Jan 15, 2015 6:20:54 PM org.ccnx.ccn.io.CCNOutputStream flushToNetwork
INFORMAÇÕES: flush: outputting to the segmenter, baseName /ccnx.org/test/SyncTestRepo-15-01-15-18.20.23/ccnSyncTest/slice7/round3/randomFile/=FD054B82F36585 basenameindex =00; 744 bytes written, holding back 744 flushing final blocks? false.
Jan 15, 2015 6:20:54 PM org.ccnx.ccn.io.CCNOutputStream flushToNetwork
INFORMAÇÕES: HEADER: CCNOutputStream: flushToNetwork: new _baseNameIndex 0
Jan 15, 2015 6:20:54 PM org.ccnx.ccn.io.CCNOutputStream flushToNetwork
INFORMAÇÕES: flush: outputting to the segmenter, baseName /ccnx.org/test/SyncTestRepo-15-01-15-18.20.23/ccnSyncTest/slice7/round3/randomFile/=FD054B82F36585 basenameindex =00; 744 bytes written, holding back 744 flushing final blocks? false.
Jan 15, 2015 6:20:54 PM org.ccnx.ccn.io.CCNOutputStream flushToNetwork
INFORMAÇÕES: HEADER: CCNOutputStream: flushToNetwork: new _baseNameIndex 0
Jan 15, 2015 6:20:54 PM org.ccnx.ccn.io.CCNOutputStream flushToNetwork
INFORMAÇÕES: flush: outputting to the segmenter, baseName /ccnx.org/test/SyncTestRepo-15-01-15-18.20.23/ccnSyncTest/slice7/round3/randomFile/=FD054B82F36585 basenameindex =00; 744 bytes written, holding back 0 flushing final blocks? true.
Jan 15, 2015 6:20:54 PM org.ccnx.ccn.io.CCNOutputStream flushToNetwork
INFORMAÇÕES: HEADER: CCNOutputStream: flushToNetwork: new _baseNameIndex 1
Jan 15, 2015 6:20:54 PM org.ccnx.ccn.io.CCNAbstractOutputStream <init>
INFORMAÇÕES: CCNAbstractOutputStream: /ccnx.org/test/SyncTestRepo-15-01-15-18.20.23/ccnSyncTest/slice7/round3/randomFile/=FD054B82F36585/%C1.META.M/.header/=FD054B82F365DB blocksize is 4096
Jan 15, 2015 6:20:54 PM org.ccnx.ccn.io.CCNAbstractOutputStream startWrite
INFORMAÇÕES: CCNAbstractOutputStream: startWrite -- searching for keys.
Jan 15, 2015 6:20:54 PM org.ccnx.ccn.profiles.security.access.AccessControlManager keysForOutput
INFORMAÇÕES: keysForOutput: found an acm: (null)
Jan 15, 2015 6:20:54 PM org.ccnx.ccn.impl.repo.RepositoryFlowControl startWrite
INFORMAÇÕES: RepositoryFlowControl.startWrite called for name /ccnx.org/test/SyncTestRepo-15-01-15-18.20.23/ccnSyncTest/slice7/round3/randomFile/=FD054B82F36585/%C1.META.M/.header/=FD054B82F365DB, shape STREAM
Jan 15, 2015 6:20:54 PM org.ccnx.ccn.impl.repo.RepositoryFlowControl handleContent
INFORMAÇÕES: handleContent: got potential repo message: /ccnx.org/test/SyncTestRepo-15-01-15-18.20.23/ccnSyncTest/slice7/round3/randomFile/=FD054B82F36585/%C1.META.M/.header/=FD054B82F365DB/%C1.R.sw/%C1.N=00F1E6646141CE24B3
Jan 15, 2015 6:20:54 PM org.ccnx.ccn.io.CCNOutputStream flushToNetwork
INFORMAÇÕES: flush: outputting to the segmenter, baseName /ccnx.org/test/SyncTestRepo-15-01-15-18.20.23/ccnSyncTest/slice7/round3/randomFile/=FD054B82F36585/%C1.META.M/.header/=FD054B82F365DB basenameindex =00; 65 bytes written, holding back 65 flushing final blocks? false.
Jan 15, 2015 6:20:54 PM org.ccnx.ccn.io.CCNOutputStream flushToNetwork
INFORMAÇÕES: HEADER: CCNOutputStream: flushToNetwork: new _baseNameIndex 0
Jan 15, 2015 6:20:54 PM org.ccnx.ccn.io.CCNOutputStream flushToNetwork
INFORMAÇÕES: flush: outputting to the segmenter, baseName /ccnx.org/test/SyncTestRepo-15-01-15-18.20.23/ccnSyncTest/slice7/round3/randomFile/=FD054B82F36585/%C1.META.M/.header/=FD054B82F365DB basenameindex =00; 65 bytes written, holding back 65 flushing final blocks? false.
Jan 15, 2015 6:20:54 PM org.ccnx.ccn.io.CCNOutputStream flushToNetwork
INFORMAÇÕES: HEADER: CCNOutputStream: flushToNetwork: new _baseNameIndex 0
Jan 15, 2015 6:20:54 PM org.ccnx.ccn.io.CCNOutputStream flushToNetwork
INFORMAÇÕES: flush: outputting to the segmenter, baseName /ccnx.org/test/SyncTestRepo-15-01-15-18.20.23/ccnSyncTest/slice7/round3/randomFile/=FD054B82F36585/%C1.META.M/.header/=FD054B82F365DB basenameindex =00; 65 bytes written, holding back 0 flushing final blocks? true.
Jan 15, 2015 6:20:54 PM org.ccnx.ccn.io.CCNOutputStream flushToNetwork
INFORMAÇÕES: HEADER: CCNOutputStream: flushToNetwork: new _baseNameIndex 1
Jan 15, 2015 6:20:54 PM org.ccnx.ccn.io.CCNOutputStream close
INFORMAÇÕES: CCNOutputStream close: /ccnx.org/test/SyncTestRepo-15-01-15-18.20.23/ccnSyncTest/slice7/round3/randomFile/=FD054B82F36585/%C1.META.M/.header/=FD054B82F365DB
Jan 15, 2015 6:20:54 PM org.ccnx.ccn.io.CCNOutputStream close
INFORMAÇÕES: CCNOutputStream close: /ccnx.org/test/SyncTestRepo-15-01-15-18.20.23/ccnSyncTest/slice7/round3/randomFile/=FD054B82F36585
Jan 15, 2015 6:20:54 PM org.ccnx.ccn.profiles.sync.SyncTestCommon writeFile
INFORMAÇÕES: Wrote file to repository: /ccnx.org/test/SyncTestRepo-15-01-15-18.20.23/ccnSyncTest/slice7/round3/randomFile/=FD054B82F36585 with 2 segments
Jan 15, 2015 6:20:54 PM org.ccnx.ccn.profiles.sync.SyncTestRepo checkCallbacks
DETALHADO: checking for callbacks:  /ccnx.org/test/SyncTestRepo-15-01-15-18.20.23/ccnSyncTest/slice7/round3 segments: 2
Jan 15, 2015 6:20:54 PM org.ccnx.ccn.impl.sync.ProtocolBasedSyncMonitor handleContent
INFORMAÇÕES: Saw new content from sync: /ccnx.org/test/SyncTestRepo-15-01-15-18.20.23/topoPrefix/%C1.S.ra/=EBF4D3BE0E6C2BDA5B56949A458E4BDC1BCE83300A0B78B5AEDA15EDD54E5F54/=02B1E240279517C86763BA374B7C6F91E7758CB65FAFCCE7D84E9F7D9D48A82206/%04Fx%1CN=7FB87F16D3D6AE90C61C660E071B7093C747CF4DD1FDC2F4282DA4E7
Jan 15, 2015 6:20:54 PM org.ccnx.ccn.impl.sync.SliceComparator run
DETALHADO: Starting comparator run - state is INIT, sc is org.ccnx.ccn.impl.sync.SliceComparator@86689a8, this is not the lead
Jan 15, 2015 6:20:54 PM org.ccnx.ccn.impl.sync.SliceComparator run
DETALHADO: Starting comparator run - state is INIT, sc is org.ccnx.ccn.impl.sync.SliceComparator@14b9337f, this is the lead
Jan 15, 2015 6:20:54 PM org.ccnx.ccn.impl.sync.SliceComparator run
DETALHADO: Init - startHash is =021516B62ADA64AAA89D65A591484741A068F08BED29F17D60DF613E1DA6C4797D
Jan 15, 2015 6:20:54 PM org.ccnx.ccn.impl.sync.ProtocolBasedSyncMonitor handleContent
INFORMAÇÕES: Saw new content from sync: /ccnx.org/test/SyncTestRepo-15-01-15-18.20.23/topoPrefix/%C1.S.ra/=EBF4D3BE0E6C2BDA5B56949A458E4BDC1BCE83300A0B78B5AEDA15EDD54E5F54/=02B1E240279517C86763BA374B7C6F91E7758CB65FAFCCE7D84E9F7D9D48A82206/%04Fx%1CN=7FB87F16D3D6AE90C61C660E071B7093C747CF4DD1FDC2F4282DA4E7
Jan 15, 2015 6:20:54 PM org.ccnx.ccn.impl.sync.SliceComparator run
DETALHADO: Setting root to =021516B62ADA64AAA89D65A591484741A068F08BED29F17D60DF613E1DA6C4797D based on startHash
Jan 15, 2015 6:20:54 PM org.ccnx.ccn.impl.encoding.BinaryXMLDecoder setElement
INFORMAÇÕES: Reset decode array sizes to 150
Jan 15, 2015 6:20:54 PM org.ccnx.ccn.impl.encoding.BinaryXMLDecoder setElement
INFORMAÇÕES: Reset decode array sizes to 150
Jan 15, 2015 6:20:54 PM org.ccnx.ccn.impl.encoding.BinaryXMLDecoder setElement
INFORMAÇÕES: Reset decode array sizes to 225
Jan 15, 2015 6:20:54 PM org.ccnx.ccn.impl.encoding.BinaryXMLDecoder setElement
INFORMAÇÕES: Reset decode array sizes to 225
Jan 15, 2015 6:20:54 PM org.ccnx.ccn.impl.encoding.BinaryXMLDecoder setElement
INFORMAÇÕES: Reset decode array sizes to 337
Jan 15, 2015 6:20:54 PM org.ccnx.ccn.impl.encoding.BinaryXMLDecoder setElement
INFORMAÇÕES: Reset decode array sizes to 337
Jan 15, 2015 6:20:54 PM org.ccnx.ccn.impl.encoding.BinaryXMLDecoder setElement
INFORMAÇÕES: Reset decode array sizes to 150
Jan 15, 2015 6:20:54 PM org.ccnx.ccn.impl.sync.SyncTreeEntry <init>
O MAIS DETALHADO: Found existing node: =02B1E240279517C86763BA374B7C6F91E7758CB65FAFCCE7D84E9F7D9D48A82206
Jan 15, 2015 6:20:54 PM org.ccnx.ccn.impl.encoding.BinaryXMLDecoder setElement
INFORMAÇÕES: Reset decode array sizes to 225
Jan 15, 2015 6:20:54 PM org.ccnx.ccn.impl.encoding.BinaryXMLDecoder setElement
INFORMAÇÕES: Reset decode array sizes to 150
Jan 15, 2015 6:20:54 PM org.ccnx.ccn.impl.encoding.BinaryXMLDecoder setElement
INFORMAÇÕES: Reset decode array sizes to 337
Jan 15, 2015 6:20:54 PM org.ccnx.ccn.impl.encoding.BinaryXMLDecoder setElement
INFORMAÇÕES: Reset decode array sizes to 225
Jan 15, 2015 6:20:54 PM org.ccnx.ccn.impl.encoding.BinaryXMLDecoder setElement
INFORMAÇÕES: Reset decode array sizes to 505
Jan 15, 2015 6:20:54 PM org.ccnx.ccn.impl.encoding.BinaryXMLDecoder setElement
INFORMAÇÕES: Reset decode array sizes to 337
Jan 15, 2015 6:20:54 PM org.ccnx.ccn.io.content.SyncNodeComposite decodeLogging
O MAIS DETALHADO: decode node for %04Fx%1CN=7FB87F16D3D6AE90C61C660E071B7093C747CF4DD1FDC2F4282DA4E7 depth = 1 refs = 8
Jan 15, 2015 6:20:54 PM org.ccnx.ccn.impl.encoding.BinaryXMLDecoder setElement
INFORMAÇÕES: Reset decode array sizes to 505
Jan 15, 2015 6:20:54 PM org.ccnx.ccn.io.content.SyncNodeComposite decodeLogging
O MAIS DETALHADO: min is 0, max is 0, expanded min is /ccnx.org/test/SyncTestRepo-15-01-15-18.20.23/ccnSyncTest/slice7/round1/randomFile/=FD054B82F2CCC9/=00/=C5865CCFAA18603B6631973EAC868ECC9F91E31BFCA0DF626E2E9FC830A657E7, expanded max is /ccnx.org/test/SyncTestRepo-15-01-15-18.20.23/ccnSyncTest/slice7/round3/randomFile/=FD054B82F36585/%C1.META.M/.header/=FD054B82F365DB/=00/=9889B7AE070123207E5EA7B1B1361339101399B345CE9F9BAE8DDB4B4CA48C25
Jan 15, 2015 6:20:54 PM org.ccnx.ccn.impl.sync.SyncTreeEntry <init>
O MAIS DETALHADO: Found existing node: %04Fx%1CN=7FB87F16D3D6AE90C61C660E071B7093C747CF4DD1FDC2F4282DA4E7
Jan 15, 2015 6:20:54 PM org.ccnx.ccn.impl.encoding.BinaryXMLDecoder setElement
INFORMAÇÕES: Reset decode array sizes to 150
Jan 15, 2015 6:20:54 PM org.ccnx.ccn.impl.encoding.BinaryXMLDecoder setElement
INFORMAÇÕES: Reset decode array sizes to 150
Jan 15, 2015 6:20:54 PM org.ccnx.ccn.impl.encoding.BinaryXMLDecoder setElement
INFORMAÇÕES: Reset decode array sizes to 225
Jan 15, 2015 6:20:54 PM org.ccnx.ccn.impl.encoding.BinaryXMLDecoder setElement
INFORMAÇÕES: Reset decode array sizes to 225
Jan 15, 2015 6:20:54 PM org.ccnx.ccn.impl.encoding.BinaryXMLDecoder setElement
INFORMAÇÕES: Reset decode array sizes to 337
Jan 15, 2015 6:20:54 PM org.ccnx.ccn.impl.encoding.BinaryXMLDecoder setElement
INFORMAÇÕES: Reset decode array sizes to 337
Jan 15, 2015 6:20:54 PM org.ccnx.ccn.impl.encoding.BinaryXMLDecoder setElement
INFORMAÇÕES: Reset decode array sizes to 505
Jan 15, 2015 6:20:54 PM org.ccnx.ccn.impl.encoding.BinaryXMLDecoder setElement
INFORMAÇÕES: Reset decode array sizes to 505
Jan 15, 2015 6:20:54 PM org.ccnx.ccn.impl.sync.SliceComparator run
INFORMAÇÕES: Starting new round with X = =02B1E240279517C86763BA374B7C6F91E7758CB65FAFCCE7D84E9F7D9D48A82206 and Y = %04Fx%1CN=7FB87F16D3D6AE90C61C660E071B7093C747CF4DD1FDC2F4282DA4E7
Jan 15, 2015 6:20:54 PM org.ccnx.ccn.impl.sync.SliceComparator doComparison
O MAIS DETALHADO: Compare LEAF =02B1E240279517C86763BA374B7C6F91E7758CB65FAFCCE7D84E9F7D9D48A82206 to LEAF %04Fx%1CN=7FB87F16D3D6AE90C61C660E071B7093C747CF4DD1FDC2F4282DA4E7
Jan 15, 2015 6:20:54 PM org.ccnx.ccn.impl.sync.SliceComparator run
INFORMAÇÕES: Starting new round with X = =021516B62ADA64AAA89D65A591484741A068F08BED29F17D60DF613E1DA6C4797D and Y = %04Fx%1CN=7FB87F16D3D6AE90C61C660E071B7093C747CF4DD1FDC2F4282DA4E7
Jan 15, 2015 6:20:54 PM org.ccnx.ccn.impl.sync.SliceComparator doComparison
O MAIS DETALHADO: name X is 0, pos X is 0, name Y is 0, pos Y is 0 comp is 0
Jan 15, 2015 6:20:54 PM org.ccnx.ccn.impl.sync.SliceComparator doComparison
O MAIS DETALHADO: Compare LEAF =021516B62ADA64AAA89D65A591484741A068F08BED29F17D60DF613E1DA6C4797D to LEAF %04Fx%1CN=7FB87F16D3D6AE90C61C660E071B7093C747CF4DD1FDC2F4282DA4E7
Jan 15, 2015 6:20:54 PM org.ccnx.ccn.impl.sync.SliceComparator doComparison
O MAIS DETALHADO: name X (expanded) is /ccnx.org/test/SyncTestRepo-15-01-15-18.20.23/ccnSyncTest/slice7/round1/randomFile/=FD054B82F2CCC9/=00/=C5865CCFAA18603B6631973EAC868ECC9F91E31BFCA0DF626E2E9FC830A657E7, name Y (expanded) is /ccnx.org/test/SyncTestRepo-15-01-15-18.20.23/ccnSyncTest/slice7/round1/randomFile/=FD054B82F2CCC9/=00/=C5865CCFAA18603B6631973EAC868ECC9F91E31BFCA0DF626E2E9FC830A657E7
Jan 15, 2015 6:20:54 PM org.ccnx.ccn.impl.sync.SliceComparator doComparison
O MAIS DETALHADO: name X is 0, pos X is 0, name Y is 0, pos Y is 0 comp is 0
Jan 15, 2015 6:20:54 PM org.ccnx.ccn.impl.sync.SliceComparator doComparison
O MAIS DETALHADO: Compare LEAF =02B1E240279517C86763BA374B7C6F91E7758CB65FAFCCE7D84E9F7D9D48A82206 to LEAF %04Fx%1CN=7FB87F16D3D6AE90C61C660E071B7093C747CF4DD1FDC2F4282DA4E7
Jan 15, 2015 6:20:54 PM org.ccnx.ccn.impl.sync.SliceComparator doComparison
O MAIS DETALHADO: name X (expanded) is /ccnx.org/test/SyncTestRepo-15-01-15-18.20.23/ccnSyncTest/slice7/round1/randomFile/=FD054B82F2CCC9/=00/=C5865CCFAA18603B6631973EAC868ECC9F91E31BFCA0DF626E2E9FC830A657E7, name Y (expanded) is /ccnx.org/test/SyncTestRepo-15-01-15-18.20.23/ccnSyncTest/slice7/round1/randomFile/=FD054B82F2CCC9/=00/=C5865CCFAA18603B6631973EAC868ECC9F91E31BFCA0DF626E2E9FC830A657E7
Jan 15, 2015 6:20:54 PM org.ccnx.ccn.impl.sync.SliceComparator doComparison
O MAIS DETALHADO: name X is 1, pos X is 1, name Y is 1, pos Y is 1 comp is 0
Jan 15, 2015 6:20:54 PM org.ccnx.ccn.impl.sync.SliceComparator doComparison
O MAIS DETALHADO: Compare LEAF =021516B62ADA64AAA89D65A591484741A068F08BED29F17D60DF613E1DA6C4797D to LEAF %04Fx%1CN=7FB87F16D3D6AE90C61C660E071B7093C747CF4DD1FDC2F4282DA4E7
Jan 15, 2015 6:20:54 PM org.ccnx.ccn.impl.sync.SliceComparator doComparison
O MAIS DETALHADO: name X (expanded) is /ccnx.org/test/SyncTestRepo-15-01-15-18.20.23/ccnSyncTest/slice7/round1/randomFile/=FD054B82F2CCC9/=0001/=A18C2B1C022C197A5BC74E3F1E991DABDE6D9CB30459055A2A96137BCB88E4E3, name Y (expanded) is /ccnx.org/test/SyncTestRepo-15-01-15-18.20.23/ccnSyncTest/slice7/round1/randomFile/=FD054B82F2CCC9/=0001/=A18C2B1C022C197A5BC74E3F1E991DABDE6D9CB30459055A2A96137BCB88E4E3
Jan 15, 2015 6:20:54 PM org.ccnx.ccn.impl.sync.SliceComparator doComparison
O MAIS DETALHADO: name X is 1, pos X is 1, name Y is 1, pos Y is 1 comp is 0
Jan 15, 2015 6:20:54 PM org.ccnx.ccn.impl.sync.SliceComparator doComparison
O MAIS DETALHADO: Compare LEAF =02B1E240279517C86763BA374B7C6F91E7758CB65FAFCCE7D84E9F7D9D48A82206 to LEAF %04Fx%1CN=7FB87F16D3D6AE90C61C660E071B7093C747CF4DD1FDC2F4282DA4E7
Jan 15, 2015 6:20:54 PM org.ccnx.ccn.impl.sync.SliceComparator doComparison
O MAIS DETALHADO: name X (expanded) is /ccnx.org/test/SyncTestRepo-15-01-15-18.20.23/ccnSyncTest/slice7/round1/randomFile/=FD054B82F2CCC9/=0001/=A18C2B1C022C197A5BC74E3F1E991DABDE6D9CB30459055A2A96137BCB88E4E3, name Y (expanded) is /ccnx.org/test/SyncTestRepo-15-01-15-18.20.23/ccnSyncTest/slice7/round1/randomFile/=FD054B82F2CCC9/=0001/=A18C2B1C022C197A5BC74E3F1E991DABDE6D9CB30459055A2A96137BCB88E4E3
Jan 15, 2015 6:20:54 PM org.ccnx.ccn.impl.sync.SliceComparator doComparison
O MAIS DETALHADO: name X is 0, pos X is 2, name Y is 0, pos Y is 2 comp is 0
Jan 15, 2015 6:20:54 PM org.ccnx.ccn.impl.sync.SliceComparator doComparison
O MAIS DETALHADO: Compare LEAF =021516B62ADA64AAA89D65A591484741A068F08BED29F17D60DF613E1DA6C4797D to LEAF %04Fx%1CN=7FB87F16D3D6AE90C61C660E071B7093C747CF4DD1FDC2F4282DA4E7
Jan 15, 2015 6:20:54 PM org.ccnx.ccn.impl.sync.SliceComparator doComparison
O MAIS DETALHADO: name X (expanded) is /ccnx.org/test/SyncTestRepo-15-01-15-18.20.23/ccnSyncTest/slice7/round1/randomFile/=FD054B82F2CCC9/%C1.META.M/.header/=FD054B82F2CD33/=00/=AE042E3F2E2030F2DB6CC0137D279527EAF10C1E28F798A4469C8AD9AA953CB3, name Y (expanded) is /ccnx.org/test/SyncTestRepo-15-01-15-18.20.23/ccnSyncTest/slice7/round1/randomFile/=FD054B82F2CCC9/%C1.META.M/.header/=FD054B82F2CD33/=00/=AE042E3F2E2030F2DB6CC0137D279527EAF10C1E28F798A4469C8AD9AA953CB3
Jan 15, 2015 6:20:54 PM org.ccnx.ccn.impl.sync.SliceComparator doComparison
O MAIS DETALHADO: name X is 0, pos X is 2, name Y is 0, pos Y is 2 comp is 0
Jan 15, 2015 6:20:54 PM org.ccnx.ccn.impl.sync.SliceComparator doComparison
O MAIS DETALHADO: Compare LEAF =02B1E240279517C86763BA374B7C6F91E7758CB65FAFCCE7D84E9F7D9D48A82206 to LEAF %04Fx%1CN=7FB87F16D3D6AE90C61C660E071B7093C747CF4DD1FDC2F4282DA4E7
Jan 15, 2015 6:20:54 PM org.ccnx.ccn.impl.sync.SliceComparator doComparison
O MAIS DETALHADO: name X (expanded) is /ccnx.org/test/SyncTestRepo-15-01-15-18.20.23/ccnSyncTest/slice7/round1/randomFile/=FD054B82F2CCC9/%C1.META.M/.header/=FD054B82F2CD33/=00/=AE042E3F2E2030F2DB6CC0137D279527EAF10C1E28F798A4469C8AD9AA953CB3, name Y (expanded) is /ccnx.org/test/SyncTestRepo-15-01-15-18.20.23/ccnSyncTest/slice7/round1/randomFile/=FD054B82F2CCC9/%C1.META.M/.header/=FD054B82F2CD33/=00/=AE042E3F2E2030F2DB6CC0137D279527EAF10C1E28F798A4469C8AD9AA953CB3
Jan 15, 2015 6:20:54 PM org.ccnx.ccn.impl.sync.SliceComparator doComparison
O MAIS DETALHADO: name X is 0, pos X is 3, name Y is 0, pos Y is 3 comp is 0
Jan 15, 2015 6:20:54 PM org.ccnx.ccn.impl.sync.SliceComparator doComparison
O MAIS DETALHADO: Y hash only for %04Fx%1CN=7FB87F16D3D6AE90C61C660E071B7093C747CF4DD1FDC2F4282DA4E7, type is LEAF, pos is 3
Jan 15, 2015 6:20:54 PM org.ccnx.ccn.impl.sync.SliceComparator doComparison
O MAIS DETALHADO: name X (expanded) is /ccnx.org/test/SyncTestRepo-15-01-15-18.20.23/ccnSyncTest/slice7/round2/randomFile/=FD054B82F356C5/=00/%22do6=AC0DA006F210F5ACDAE423C2810031282712A878D5DAC257C159A328, name Y (expanded) is /ccnx.org/test/SyncTestRepo-15-01-15-18.20.23/ccnSyncTest/slice7/round2/randomFile/=FD054B82F356C5/=00/%22do6=AC0DA006F210F5ACDAE423C2810031282712A878D5DAC257C159A328
Jan 15, 2015 6:20:54 PM org.ccnx.ccn.profiles.sync.SyncTestRepo doHandleContentName
INFORMAÇÕES: Number 1: Callback for name: /ccnx.org/test/SyncTestRepo-15-01-15-18.20.23/ccnSyncTest/slice7/round2/randomFile/=FD054B82F356C5/=00 - number is 0
Jan 15, 2015 6:20:54 PM org.ccnx.ccn.impl.sync.SliceComparator doComparison
O MAIS DETALHADO: Compare LEAF =02B1E240279517C86763BA374B7C6F91E7758CB65FAFCCE7D84E9F7D9D48A82206 to LEAF %04Fx%1CN=7FB87F16D3D6AE90C61C660E071B7093C747CF4DD1FDC2F4282DA4E7
Jan 15, 2015 6:20:54 PM org.ccnx.ccn.impl.sync.SliceComparator doComparison
O MAIS DETALHADO: Y hash only for %04Fx%1CN=7FB87F16D3D6AE90C61C660E071B7093C747CF4DD1FDC2F4282DA4E7, type is LEAF, pos is 4
Jan 15, 2015 6:20:54 PM org.ccnx.ccn.impl.sync.SliceComparator doComparison
O MAIS DETALHADO: name X is 1, pos X is 4, name Y is 1, pos Y is 4 comp is 0
Jan 15, 2015 6:20:54 PM org.ccnx.ccn.profiles.sync.SyncTestRepo doHandleContentName
INFORMAÇÕES: Number 1: Callback for name: /ccnx.org/test/SyncTestRepo-15-01-15-18.20.23/ccnSyncTest/slice7/round2/randomFile/=FD054B82F356C5/=0001 - number is 1
Jan 15, 2015 6:20:54 PM org.ccnx.ccn.impl.sync.SliceComparator doComparison
O MAIS DETALHADO: name X (expanded) is /ccnx.org/test/SyncTestRepo-15-01-15-18.20.23/ccnSyncTest/slice7/round2/randomFile/=FD054B82F356C5/=0001/%01J%7F~Z=BEBCF2530B6FA7738CBFAB7AAA0BAC90378EC418836EB696824871, name Y (expanded) is /ccnx.org/test/SyncTestRepo-15-01-15-18.20.23/ccnSyncTest/slice7/round2/randomFile/=FD054B82F356C5/=0001/%01J%7F~Z=BEBCF2530B6FA7738CBFAB7AAA0BAC90378EC418836EB696824871
Jan 15, 2015 6:20:54 PM org.ccnx.ccn.impl.sync.SliceComparator doComparison
O MAIS DETALHADO: Y hash only for %04Fx%1CN=7FB87F16D3D6AE90C61C660E071B7093C747CF4DD1FDC2F4282DA4E7, type is LEAF, pos is 5
Jan 15, 2015 6:20:54 PM org.ccnx.ccn.impl.sync.SliceComparator doComparison
O MAIS DETALHADO: Compare LEAF =02B1E240279517C86763BA374B7C6F91E7758CB65FAFCCE7D84E9F7D9D48A82206 to LEAF %04Fx%1CN=7FB87F16D3D6AE90C61C660E071B7093C747CF4DD1FDC2F4282DA4E7
Jan 15, 2015 6:20:54 PM org.ccnx.ccn.profiles.sync.SyncTestRepo doHandleContentName
INFORMAÇÕES: Number 1: Callback for name: /ccnx.org/test/SyncTestRepo-15-01-15-18.20.23/ccnSyncTest/slice7/round2/randomFile/=FD054B82F356C5/%C1.META.M/.header/=FD054B82F3572F/=00 - number is header
Jan 15, 2015 6:20:54 PM org.ccnx.ccn.impl.sync.SliceComparator doComparison
O MAIS DETALHADO: name X is 0, pos X is 5, name Y is 0, pos Y is 5 comp is 0
Jan 15, 2015 6:20:54 PM org.ccnx.ccn.impl.sync.SliceComparator doComparison
O MAIS DETALHADO: Y hash only for %04Fx%1CN=7FB87F16D3D6AE90C61C660E071B7093C747CF4DD1FDC2F4282DA4E7, type is LEAF, pos is 6
Jan 15, 2015 6:20:54 PM org.ccnx.ccn.impl.sync.SliceComparator doComparison
O MAIS DETALHADO: name X (expanded) is /ccnx.org/test/SyncTestRepo-15-01-15-18.20.23/ccnSyncTest/slice7/round2/randomFile/=FD054B82F356C5/%C1.META.M/.header/=FD054B82F3572F/=00/y=1C9B47B3E6C0C581382C65E5B76CD910F1ED9DCE91333A80E00E714A07BCF0, name Y (expanded) is /ccnx.org/test/SyncTestRepo-15-01-15-18.20.23/ccnSyncTest/slice7/round2/randomFile/=FD054B82F356C5/%C1.META.M/.header/=FD054B82F3572F/=00/y=1C9B47B3E6C0C581382C65E5B76CD910F1ED9DCE91333A80E00E714A07BCF0
Jan 15, 2015 6:20:54 PM org.ccnx.ccn.profiles.sync.SyncTestRepo doHandleContentName
INFORMAÇÕES: Number 1: Callback for name: /ccnx.org/test/SyncTestRepo-15-01-15-18.20.23/ccnSyncTest/slice7/round3/randomFile/=FD054B82F36585/=00 - number is 0
Jan 15, 2015 6:20:54 PM org.ccnx.ccn.impl.sync.SliceComparator doComparison
O MAIS DETALHADO: Y hash only for %04Fx%1CN=7FB87F16D3D6AE90C61C660E071B7093C747CF4DD1FDC2F4282DA4E7, type is LEAF, pos is 6
Jan 15, 2015 6:20:54 PM org.ccnx.ccn.impl.sync.SliceComparator doComparison
O MAIS DETALHADO: Y hash only for %04Fx%1CN=7FB87F16D3D6AE90C61C660E071B7093C747CF4DD1FDC2F4282DA4E7, type is LEAF, pos is 7
Jan 15, 2015 6:20:54 PM org.ccnx.ccn.impl.sync.SliceComparator doComparison
O MAIS DETALHADO: Y hash only for %04Fx%1CN=7FB87F16D3D6AE90C61C660E071B7093C747CF4DD1FDC2F4282DA4E7, type is LEAF, pos is 7
Jan 15, 2015 6:20:54 PM org.ccnx.ccn.profiles.sync.SyncTestRepo doHandleContentName
INFORMAÇÕES: Number 1: Callback for name: /ccnx.org/test/SyncTestRepo-15-01-15-18.20.23/ccnSyncTest/slice7/round3/randomFile/=FD054B82F36585/%C1.META.M/.header/=FD054B82F365DB/=00 - number is header
Jan 15, 2015 6:20:54 PM org.ccnx.ccn.impl.sync.SliceComparator updateCurrent
O MAIS DETALHADO: Starting update from hash =02B1E240279517C86763BA374B7C6F91E7758CB65FAFCCE7D84E9F7D9D48A82206
Jan 15, 2015 6:20:54 PM org.ccnx.ccn.impl.sync.SliceComparator updateCurrent
O MAIS DETALHADO: Starting update from hash =021516B62ADA64AAA89D65A591484741A068F08BED29F17D60DF613E1DA6C4797D
Jan 15, 2015 6:20:54 PM org.ccnx.ccn.impl.sync.SliceComparator updateCurrent
O MAIS DETALHADO: Shortcut in update - popping last node
Jan 15, 2015 6:20:54 PM org.ccnx.ccn.impl.sync.SliceComparator updateCurrent
O MAIS DETALHADO: Shortcut in update - popping last node
Jan 15, 2015 6:20:54 PM org.ccnx.ccn.impl.sync.SliceComparator updateCurrent
O MAIS DETALHADO: Update: starting redo because of extra names at end starting with /ccnx.org/test/SyncTestRepo-15-01-15-18.20.23/ccnSyncTest/slice7/round3/randomFile/=FD054B82F36585/=00/=FC0C2478E39F938EF1BDCF939876C0ED817B2080D1AC47D9D4D06A0B92E0F6BC
Jan 15, 2015 6:20:54 PM org.ccnx.ccn.impl.sync.SliceComparator updateCurrent
O MAIS DETALHADO: Update: starting redo because of extra names at end starting with /ccnx.org/test/SyncTestRepo-15-01-15-18.20.23/ccnSyncTest/slice7/round2/randomFile/=FD054B82F356C5/=00/%22do6=AC0DA006F210F5ACDAE423C2810031282712A878D5DAC257C159A328
Jan 15, 2015 6:20:54 PM org.ccnx.ccn.impl.sync.SliceComparator addNeededNames
O MAIS DETALHADO: Update: subsuming node
Jan 15, 2015 6:20:54 PM org.ccnx.ccn.impl.sync.SliceComparator addNeededNames
O MAIS DETALHADO: Update: subsuming node
Jan 15, 2015 6:20:54 PM org.ccnx.ccn.impl.sync.SyncTreeEntry <init>
O MAIS DETALHADO: Found existing node: %04Fx%1CN=7FB87F16D3D6AE90C61C660E071B7093C747CF4DD1FDC2F4282DA4E7
Jan 15, 2015 6:20:54 PM org.ccnx.ccn.impl.sync.SyncTreeEntry <init>
O MAIS DETALHADO: Found existing node: %04Fx%1CN=7FB87F16D3D6AE90C61C660E071B7093C747CF4DD1FDC2F4282DA4E7
Jan 15, 2015 6:20:54 PM org.ccnx.ccn.io.content.SyncNodeComposite decodeLogging
O MAIS DETALHADO: decode node for %04Fx%1CN=7FB87F16D3D6AE90C61C660E071B7093C747CF4DD1FDC2F4282DA4E7 depth = 1 refs = 8
Jan 15, 2015 6:20:54 PM org.ccnx.ccn.io.content.SyncNodeComposite decodeLogging
O MAIS DETALHADO: decode node for %04Fx%1CN=7FB87F16D3D6AE90C61C660E071B7093C747CF4DD1FDC2F4282DA4E7 depth = 1 refs = 8
Jan 15, 2015 6:20:54 PM org.ccnx.ccn.io.content.SyncNodeComposite decodeLogging
O MAIS DETALHADO: min is 0, max is 0, expanded min is /ccnx.org/test/SyncTestRepo-15-01-15-18.20.23/ccnSyncTest/slice7/round1/randomFile/=FD054B82F2CCC9/=00/=C5865CCFAA18603B6631973EAC868ECC9F91E31BFCA0DF626E2E9FC830A657E7, expanded max is /ccnx.org/test/SyncTestRepo-15-01-15-18.20.23/ccnSyncTest/slice7/round3/randomFile/=FD054B82F36585/%C1.META.M/.header/=FD054B82F365DB/=00/=9889B7AE070123207E5EA7B1B1361339101399B345CE9F9BAE8DDB4B4CA48C25
Jan 15, 2015 6:20:54 PM org.ccnx.ccn.io.content.SyncNodeComposite decodeLogging
O MAIS DETALHADO: min is 0, max is 0, expanded min is /ccnx.org/test/SyncTestRepo-15-01-15-18.20.23/ccnSyncTest/slice7/round1/randomFile/=FD054B82F2CCC9/=00/=C5865CCFAA18603B6631973EAC868ECC9F91E31BFCA0DF626E2E9FC830A657E7, expanded max is /ccnx.org/test/SyncTestRepo-15-01-15-18.20.23/ccnSyncTest/slice7/round3/randomFile/=FD054B82F36585/%C1.META.M/.header/=FD054B82F365DB/=00/=9889B7AE070123207E5EA7B1B1361339101399B345CE9F9BAE8DDB4B4CA48C25
Jan 15, 2015 6:20:54 PM org.ccnx.ccn.impl.sync.SliceComparator updateCurrent
INFORMAÇÕES: Resetting current to created head: %04Fx%1CN=7FB87F16D3D6AE90C61C660E071B7093C747CF4DD1FDC2F4282DA4E7
Jan 15, 2015 6:20:54 PM org.ccnx.ccn.impl.sync.SliceComparator updateCurrent
INFORMAÇÕES: Resetting current to created head: %04Fx%1CN=7FB87F16D3D6AE90C61C660E071B7093C747CF4DD1FDC2F4282DA4E7
Jan 15, 2015 6:20:54 PM org.ccnx.ccn.impl.sync.SyncTreeEntry <init>
O MAIS DETALHADO: Found existing node: %04Fx%1CN=7FB87F16D3D6AE90C61C660E071B7093C747CF4DD1FDC2F4282DA4E7
Jan 15, 2015 6:20:54 PM org.ccnx.ccn.impl.sync.SliceComparator run
INFORMAÇÕES: Moving 1 callbacks to lead comparator
Jan 15, 2015 6:20:54 PM org.ccnx.ccn.profiles.sync.SyncTestRepo checkCallbacks
DETALHADO: got segment 0
Jan 15, 2015 6:20:54 PM org.ccnx.ccn.profiles.sync.SyncTestRepo checkCallbacks
DETALHADO: received: [true, false] finished: [true, true]
Jan 15, 2015 6:20:54 PM org.ccnx.ccn.profiles.sync.SyncTestRepo checkCallbacks
DETALHADO: got the header
Jan 15, 2015 6:20:54 PM org.ccnx.ccn.profiles.sync.SyncTestRepo checkCallbacks
DETALHADO: received: [true, true] finished: [true, true]
Jan 15, 2015 6:20:54 PM org.ccnx.ccn.profiles.sync.SyncTestRepo checkCallbacks
DETALHADO: got all the segments!
Jan 15, 2015 6:20:54 PM org.ccnx.ccn.profiles.sync.SyncTestRepo checkCallbacks
DETALHADO: trying to loop again looking for segments
Jan 15, 2015 6:20:54 PM org.ccnx.ccn.profiles.sync.SyncTestRepo checkCallbacks
DETALHADO: done looping, returning.
Jan 15, 2015 6:20:54 PM org.ccnx.ccn.profiles.sync.SyncTestRepo checkCallbacks
DETALHADO: checking for callbacks:  /ccnx.org/test/SyncTestRepo-15-01-15-18.20.23/ccnSyncTest/slice7/round2 segments: 3
Jan 15, 2015 6:20:55 PM org.ccnx.ccn.profiles.sync.SyncTestRepo checkCallbacks
DETALHADO: got segment 0
Jan 15, 2015 6:20:55 PM org.ccnx.ccn.profiles.sync.SyncTestRepo checkCallbacks
DETALHADO: received: [true, false, false] finished: [true, true, true]
Jan 15, 2015 6:20:55 PM org.ccnx.ccn.profiles.sync.SyncTestRepo checkCallbacks
DETALHADO: got segment 1
Jan 15, 2015 6:20:55 PM org.ccnx.ccn.profiles.sync.SyncTestRepo checkCallbacks
DETALHADO: received: [true, true, false] finished: [true, true, true]
Jan 15, 2015 6:20:55 PM org.ccnx.ccn.profiles.sync.SyncTestRepo checkCallbacks
DETALHADO: got the header
Jan 15, 2015 6:20:55 PM org.ccnx.ccn.profiles.sync.SyncTestRepo checkCallbacks
DETALHADO: received: [true, true, true] finished: [true, true, true]
Jan 15, 2015 6:20:55 PM org.ccnx.ccn.profiles.sync.SyncTestRepo checkCallbacks
DETALHADO: got all the segments!
Jan 15, 2015 6:20:55 PM org.ccnx.ccn.profiles.sync.SyncTestRepo checkCallbacks
DETALHADO: trying to loop again looking for segments
Jan 15, 2015 6:20:55 PM org.ccnx.ccn.profiles.sync.SyncTestRepo checkCallbacks
DETALHADO: done looping, returning.
Jan 15, 2015 6:20:55 PM org.ccnx.ccn.impl.sync.ProtocolBasedSyncMonitor shutdown
INFORMAÇÕES: Shutting down sync on slice: /ccnx.org/test/SyncTestRepo-15-01-15-18.20.23/ccnSyncTest/slice7
Jan 15, 2015 6:20:55 PM org.ccnx.ccn.profiles.sync.SyncTestRepo testSyncRoot
INFORMAÇÕES: Testing predefined root after total shutdown: =021516B62ADA64AAA89D65A591484741A068F08BED29F17D60DF613E1DA6C4797D
Jan 15, 2015 6:20:55 PM org.ccnx.ccn.io.content.CCNNetworkObject createFlowController
INFORMAÇÕES: Created LOCALREPOSITORY flow controller, for prefix /%C1.M.S.localhost/%C1.S.cs/=EBF4D3BE0E6C2BDA5B56949A458E4BDC1BCE83300A0B78B5AEDA15EDD54E5F54, save type LOCALREPOSITORY
Jan 15, 2015 6:20:55 PM org.ccnx.ccn.profiles.VersioningProfile getLatestVersion
INFORMAÇÕES: gLV getLatestVersion: retrieved latest version object /%C1.M.S.localhost/%C1.S.cs/=EBF4D3BE0E6C2BDA5B56949A458E4BDC1BCE83300A0B78B5AEDA15EDD54E5F54/=FD054B82F2CB2B/=00 type: DATA
Jan 15, 2015 6:20:55 PM org.ccnx.ccn.profiles.VersioningProfile getLatestVersion
INFORMAÇÕES: getFirstBlockOfLatestVersion: no block available for later version of /%C1.M.S.localhost/%C1.S.cs/=EBF4D3BE0E6C2BDA5B56949A458E4BDC1BCE83300A0B78B5AEDA15EDD54E5F54/=FD054B82F2CB2B
Jan 15, 2015 6:20:55 PM org.ccnx.ccn.io.CCNAbstractInputStream <init>
INFORMAÇÕES: CCNAbstractInputStream: /%C1.M.S.localhost/%C1.S.cs/=EBF4D3BE0E6C2BDA5B56949A458E4BDC1BCE83300A0B78B5AEDA15EDD54E5F54/=FD054B82F2CB2B segment 0
Jan 15, 2015 6:20:55 PM org.ccnx.ccn.io.content.ConfigSlice checkAndCreate
DETALHADO: found this slice in my repo! /%C1.M.S.localhost/%C1.S.cs/=EBF4D3BE0E6C2BDA5B56949A458E4BDC1BCE83300A0B78B5AEDA15EDD54E5F54/=FD054B82F2CB2B
Jan 15, 2015 6:20:55 PM org.ccnx.ccn.io.content.ConfigSlice checkAndCreate
DETALHADO: don't need to do anything...  returning the existing slice
Jan 15, 2015 6:20:55 PM org.ccnx.ccn.impl.sync.SliceComparator <init>
INFORMAÇÕES: Beginning sync monitoring starting with: =021516B62ADA64AAA89D65A591484741A068F08BED29F17D60DF613E1DA6C4797D
Jan 15, 2015 6:20:55 PM org.ccnx.ccn.impl.sync.SliceComparator setTimeout
DETALHADO: Sync timeout changed to 3000
Jan 15, 2015 6:20:55 PM org.ccnx.ccn.impl.sync.ProtocolBasedSyncMonitor registerCallback
DETALHADO: Starting a new comparator - it is the lead.
Jan 15, 2015 6:20:55 PM org.ccnx.ccn.CCNSync startSync
INFORMAÇÕES: Started sync with topo: /ccnx.org/test/SyncTestRepo-15-01-15-18.20.23/topoPrefix and prefix: /ccnx.org/test/SyncTestRepo-15-01-15-18.20.23/ccnSyncTest/slice7
Jan 15, 2015 6:20:55 PM org.ccnx.ccn.impl.CCNFlowControl <init>
INFORMAÇÕES: adding namespace: /ccnx.org/test/SyncTestRepo-15-01-15-18.20.23/ccnSyncTest/slice7/round4/randomFile
Jan 15, 2015 6:20:55 PM org.ccnx.ccn.impl.sync.ProtocolBasedSyncMonitor handleContent
INFORMAÇÕES: Saw new content from sync: /ccnx.org/test/SyncTestRepo-15-01-15-18.20.23/topoPrefix/%C1.S.ra/=EBF4D3BE0E6C2BDA5B56949A458E4BDC1BCE83300A0B78B5AEDA15EDD54E5F54/.../%04Fx%1CN=7FB87F16D3D6AE90C61C660E071B7093C747CF4DD1FDC2F4282DA4E7
Jan 15, 2015 6:20:55 PM org.ccnx.ccn.impl.security.keys.BasicKeyManager getKeyLocator
INFORMAÇÕES: getKeyLocator: returning locator NAME: /ccnx.org/Users/root/Keys/%C1.M.K=009234ADEC47D19E3E6A2AF362D44E09AB6B71F43B1900BA0622FB45F2A5B7D9F6/=FD054AE7DE1000 KEY:-reba89rgbj1o6ata34t5eovcl4kho5s9pnv8nstq15q1ld4g9ga for key kjSt7EfRnj5qKvNi1E4Jq2tx9DsZALoGIvtF8qW32fY=
Jan 15, 2015 6:20:55 PM org.ccnx.ccn.io.CCNAbstractOutputStream <init>
INFORMAÇÕES: CCNAbstractOutputStream: /ccnx.org/test/SyncTestRepo-15-01-15-18.20.23/ccnSyncTest/slice7/round4/randomFile/=FD054B82F37C08 blocksize is 4096
Jan 15, 2015 6:20:55 PM org.ccnx.ccn.io.CCNAbstractOutputStream startWrite
INFORMAÇÕES: CCNAbstractOutputStream: startWrite -- searching for keys.
Jan 15, 2015 6:20:55 PM org.ccnx.ccn.profiles.security.access.AccessControlManager keysForOutput
INFORMAÇÕES: keysForOutput: found an acm: (null)
Jan 15, 2015 6:20:55 PM org.ccnx.ccn.impl.repo.RepositoryFlowControl startWrite
INFORMAÇÕES: RepositoryFlowControl.startWrite called for name /ccnx.org/test/SyncTestRepo-15-01-15-18.20.23/ccnSyncTest/slice7/round4/randomFile/=FD054B82F37C08, shape STREAM
Jan 15, 2015 6:20:55 PM org.ccnx.ccn.impl.repo.RepositoryFlowControl handleContent
INFORMAÇÕES: handleContent: got potential repo message: /ccnx.org/test/SyncTestRepo-15-01-15-18.20.23/ccnSyncTest/slice7/round4/randomFile/=FD054B82F37C08/%C1.R.sw/%C1.N=00FB5D58BD7687064A
Jan 15, 2015 6:20:55 PM org.ccnx.ccn.profiles.sync.SyncTestCommon writeFile
DETALHADO: bytes: 3850 block size: 4096 div: 0.93994140625 ceil: 1
Jan 15, 2015 6:20:55 PM org.ccnx.ccn.profiles.sync.SyncTestCommon writeFile
DETALHADO: will write out a 3850 byte file, will have 2 segments (1 is a header)
Jan 15, 2015 6:20:55 PM org.ccnx.ccn.io.CCNOutputStream flushToNetwork
INFORMAÇÕES: flush: outputting to the segmenter, baseName /ccnx.org/test/SyncTestRepo-15-01-15-18.20.23/ccnSyncTest/slice7/round4/randomFile/=FD054B82F37C08 basenameindex =00; 3850 bytes written, holding back 3850 flushing final blocks? false.
Jan 15, 2015 6:20:55 PM org.ccnx.ccn.io.CCNOutputStream flushToNetwork
INFORMAÇÕES: HEADER: CCNOutputStream: flushToNetwork: new _baseNameIndex 0
Jan 15, 2015 6:20:55 PM org.ccnx.ccn.io.CCNOutputStream flushToNetwork
INFORMAÇÕES: flush: outputting to the segmenter, baseName /ccnx.org/test/SyncTestRepo-15-01-15-18.20.23/ccnSyncTest/slice7/round4/randomFile/=FD054B82F37C08 basenameindex =00; 3850 bytes written, holding back 3850 flushing final blocks? false.
Jan 15, 2015 6:20:55 PM org.ccnx.ccn.io.CCNOutputStream flushToNetwork
INFORMAÇÕES: HEADER: CCNOutputStream: flushToNetwork: new _baseNameIndex 0
Jan 15, 2015 6:20:55 PM org.ccnx.ccn.io.CCNOutputStream flushToNetwork
INFORMAÇÕES: flush: outputting to the segmenter, baseName /ccnx.org/test/SyncTestRepo-15-01-15-18.20.23/ccnSyncTest/slice7/round4/randomFile/=FD054B82F37C08 basenameindex =00; 3850 bytes written, holding back 0 flushing final blocks? true.
Jan 15, 2015 6:20:55 PM org.ccnx.ccn.io.CCNOutputStream flushToNetwork
INFORMAÇÕES: HEADER: CCNOutputStream: flushToNetwork: new _baseNameIndex 1
Jan 15, 2015 6:20:55 PM org.ccnx.ccn.io.CCNAbstractOutputStream <init>
INFORMAÇÕES: CCNAbstractOutputStream: /ccnx.org/test/SyncTestRepo-15-01-15-18.20.23/ccnSyncTest/slice7/round4/randomFile/=FD054B82F37C08/%C1.META.M/.header/=FD054B82F37C5E blocksize is 4096
Jan 15, 2015 6:20:55 PM org.ccnx.ccn.io.CCNAbstractOutputStream startWrite
INFORMAÇÕES: CCNAbstractOutputStream: startWrite -- searching for keys.
Jan 15, 2015 6:20:55 PM org.ccnx.ccn.profiles.security.access.AccessControlManager keysForOutput
INFORMAÇÕES: keysForOutput: found an acm: (null)
Jan 15, 2015 6:20:55 PM org.ccnx.ccn.impl.repo.RepositoryFlowControl startWrite
INFORMAÇÕES: RepositoryFlowControl.startWrite called for name /ccnx.org/test/SyncTestRepo-15-01-15-18.20.23/ccnSyncTest/slice7/round4/randomFile/=FD054B82F37C08/%C1.META.M/.header/=FD054B82F37C5E, shape STREAM
Jan 15, 2015 6:20:55 PM org.ccnx.ccn.impl.repo.RepositoryFlowControl handleContent
INFORMAÇÕES: handleContent: got potential repo message: /ccnx.org/test/SyncTestRepo-15-01-15-18.20.23/ccnSyncTest/slice7/round4/randomFile/=FD054B82F37C08/%C1.META.M/.header/=FD054B82F37C5E/%C1.R.sw/%C1.N=00935C0423CB85FEE6
Jan 15, 2015 6:20:55 PM org.ccnx.ccn.io.CCNOutputStream flushToNetwork
INFORMAÇÕES: flush: outputting to the segmenter, baseName /ccnx.org/test/SyncTestRepo-15-01-15-18.20.23/ccnSyncTest/slice7/round4/randomFile/=FD054B82F37C08/%C1.META.M/.header/=FD054B82F37C5E basenameindex =00; 66 bytes written, holding back 66 flushing final blocks? false.
Jan 15, 2015 6:20:55 PM org.ccnx.ccn.io.CCNOutputStream flushToNetwork
INFORMAÇÕES: HEADER: CCNOutputStream: flushToNetwork: new _baseNameIndex 0
Jan 15, 2015 6:20:55 PM org.ccnx.ccn.io.CCNOutputStream flushToNetwork
INFORMAÇÕES: flush: outputting to the segmenter, baseName /ccnx.org/test/SyncTestRepo-15-01-15-18.20.23/ccnSyncTest/slice7/round4/randomFile/=FD054B82F37C08/%C1.META.M/.header/=FD054B82F37C5E basenameindex =00; 66 bytes written, holding back 66 flushing final blocks? false.
Jan 15, 2015 6:20:55 PM org.ccnx.ccn.io.CCNOutputStream flushToNetwork
INFORMAÇÕES: HEADER: CCNOutputStream: flushToNetwork: new _baseNameIndex 0
Jan 15, 2015 6:20:55 PM org.ccnx.ccn.io.CCNOutputStream flushToNetwork
INFORMAÇÕES: flush: outputting to the segmenter, baseName /ccnx.org/test/SyncTestRepo-15-01-15-18.20.23/ccnSyncTest/slice7/round4/randomFile/=FD054B82F37C08/%C1.META.M/.header/=FD054B82F37C5E basenameindex =00; 66 bytes written, holding back 0 flushing final blocks? true.
Jan 15, 2015 6:20:55 PM org.ccnx.ccn.io.CCNOutputStream flushToNetwork
INFORMAÇÕES: HEADER: CCNOutputStream: flushToNetwork: new _baseNameIndex 1
Jan 15, 2015 6:20:55 PM org.ccnx.ccn.io.CCNOutputStream close
INFORMAÇÕES: CCNOutputStream close: /ccnx.org/test/SyncTestRepo-15-01-15-18.20.23/ccnSyncTest/slice7/round4/randomFile/=FD054B82F37C08/%C1.META.M/.header/=FD054B82F37C5E
Jan 15, 2015 6:20:55 PM org.ccnx.ccn.io.CCNOutputStream close
INFORMAÇÕES: CCNOutputStream close: /ccnx.org/test/SyncTestRepo-15-01-15-18.20.23/ccnSyncTest/slice7/round4/randomFile/=FD054B82F37C08
Jan 15, 2015 6:20:55 PM org.ccnx.ccn.profiles.sync.SyncTestCommon writeFile
INFORMAÇÕES: Wrote file to repository: /ccnx.org/test/SyncTestRepo-15-01-15-18.20.23/ccnSyncTest/slice7/round4/randomFile/=FD054B82F37C08 with 2 segments
Jan 15, 2015 6:20:55 PM org.ccnx.ccn.profiles.sync.SyncTestRepo checkCallbacks
DETALHADO: checking for callbacks:  /ccnx.org/test/SyncTestRepo-15-01-15-18.20.23/ccnSyncTest/slice7/round3 segments: 2
Jan 15, 2015 6:20:55 PM org.ccnx.ccn.impl.sync.ProtocolBasedSyncMonitor handleContent
INFORMAÇÕES: Saw new content from sync: /ccnx.org/test/SyncTestRepo-15-01-15-18.20.23/topoPrefix/%C1.S.ra/=EBF4D3BE0E6C2BDA5B56949A458E4BDC1BCE83300A0B78B5AEDA15EDD54E5F54/%04Fx%1CN=7FB87F16D3D6AE90C61C660E071B7093C747CF4DD1FDC2F4282DA4E7/%05m=3C0CD078E20F9104C59917DDB181ABE7A94462967B655262C8023823744381
Jan 15, 2015 6:20:55 PM org.ccnx.ccn.impl.sync.ProtocolBasedSyncMonitor handleContent
INFORMAÇÕES: Saw new content from sync: /ccnx.org/test/SyncTestRepo-15-01-15-18.20.23/topoPrefix/%C1.S.ra/=EBF4D3BE0E6C2BDA5B56949A458E4BDC1BCE83300A0B78B5AEDA15EDD54E5F54/%04Fx%1CN=7FB87F16D3D6AE90C61C660E071B7093C747CF4DD1FDC2F4282DA4E7/%05m=3C0CD078E20F9104C59917DDB181ABE7A94462967B655262C8023823744381
Jan 15, 2015 6:20:55 PM org.ccnx.ccn.impl.sync.ProtocolBasedSyncMonitor handleContent
INFORMAÇÕES: Saw new content from sync: /ccnx.org/test/SyncTestRepo-15-01-15-18.20.23/topoPrefix/%C1.S.ra/=EBF4D3BE0E6C2BDA5B56949A458E4BDC1BCE83300A0B78B5AEDA15EDD54E5F54/%04Fx%1CN=7FB87F16D3D6AE90C61C660E071B7093C747CF4DD1FDC2F4282DA4E7/%05m=3C0CD078E20F9104C59917DDB181ABE7A94462967B655262C8023823744381
Jan 15, 2015 6:20:55 PM org.ccnx.ccn.impl.sync.SliceComparator run
DETALHADO: Starting comparator run - state is INIT, sc is org.ccnx.ccn.impl.sync.SliceComparator@2648b938, this is the lead
Jan 15, 2015 6:20:55 PM org.ccnx.ccn.impl.sync.SliceComparator run
DETALHADO: Init - startHash is =021516B62ADA64AAA89D65A591484741A068F08BED29F17D60DF613E1DA6C4797D
Jan 15, 2015 6:20:55 PM org.ccnx.ccn.impl.sync.SliceComparator run
DETALHADO: Setting root to =021516B62ADA64AAA89D65A591484741A068F08BED29F17D60DF613E1DA6C4797D based on startHash
Jan 15, 2015 6:20:55 PM org.ccnx.ccn.impl.encoding.BinaryXMLDecoder setElement
INFORMAÇÕES: Reset decode array sizes to 150
Jan 15, 2015 6:20:55 PM org.ccnx.ccn.impl.encoding.BinaryXMLDecoder setElement
INFORMAÇÕES: Reset decode array sizes to 225
Jan 15, 2015 6:20:55 PM org.ccnx.ccn.impl.encoding.BinaryXMLDecoder setElement
INFORMAÇÕES: Reset decode array sizes to 337
Jan 15, 2015 6:20:55 PM org.ccnx.ccn.impl.encoding.BinaryXMLDecoder setElement
INFORMAÇÕES: Reset decode array sizes to 505
Jan 15, 2015 6:20:55 PM org.ccnx.ccn.io.content.SyncNodeComposite decodeLogging
O MAIS DETALHADO: decode node for %04Fx%1CN=7FB87F16D3D6AE90C61C660E071B7093C747CF4DD1FDC2F4282DA4E7 depth = 1 refs = 8
Jan 15, 2015 6:20:55 PM org.ccnx.ccn.io.content.SyncNodeComposite decodeLogging
O MAIS DETALHADO: min is 0, max is 0, expanded min is /ccnx.org/test/SyncTestRepo-15-01-15-18.20.23/ccnSyncTest/slice7/round1/randomFile/=FD054B82F2CCC9/=00/=C5865CCFAA18603B6631973EAC868ECC9F91E31BFCA0DF626E2E9FC830A657E7, expanded max is /ccnx.org/test/SyncTestRepo-15-01-15-18.20.23/ccnSyncTest/slice7/round3/randomFile/=FD054B82F36585/%C1.META.M/.header/=FD054B82F365DB/=00/=9889B7AE070123207E5EA7B1B1361339101399B345CE9F9BAE8DDB4B4CA48C25
Jan 15, 2015 6:20:55 PM org.ccnx.ccn.impl.encoding.BinaryXMLDecoder setElement
INFORMAÇÕES: Reset decode array sizes to 150
Jan 15, 2015 6:20:55 PM org.ccnx.ccn.impl.encoding.BinaryXMLDecoder setElement
INFORMAÇÕES: Reset decode array sizes to 225
Jan 15, 2015 6:20:55 PM org.ccnx.ccn.impl.encoding.BinaryXMLDecoder setElement
INFORMAÇÕES: Reset decode array sizes to 337
Jan 15, 2015 6:20:55 PM org.ccnx.ccn.impl.encoding.BinaryXMLDecoder setElement
INFORMAÇÕES: Reset decode array sizes to 505
Jan 15, 2015 6:20:55 PM org.ccnx.ccn.io.content.SyncNodeComposite decodeLogging
O MAIS DETALHADO: decode node for %05m=3C0CD078E20F9104C59917DDB181ABE7A94462967B655262C8023823744381 depth = 1 refs = 10
Jan 15, 2015 6:20:55 PM org.ccnx.ccn.io.content.SyncNodeComposite decodeLogging
O MAIS DETALHADO: min is 0, max is 0, expanded min is /ccnx.org/test/SyncTestRepo-15-01-15-18.20.23/ccnSyncTest/slice7/round1/randomFile/=FD054B82F2CCC9/=00/=C5865CCFAA18603B6631973EAC868ECC9F91E31BFCA0DF626E2E9FC830A657E7, expanded max is /ccnx.org/test/SyncTestRepo-15-01-15-18.20.23/ccnSyncTest/slice7/round4/randomFile/=FD054B82F37C08/%C1.META.M/.header/=FD054B82F37C5E/=00/=D1CD9F91BD6AC7892C26315F28A63DDC62D3D025A0E51EEC566611356CE41191
Jan 15, 2015 6:20:55 PM org.ccnx.ccn.impl.encoding.BinaryXMLDecoder setElement
INFORMAÇÕES: Reset decode array sizes to 150
Jan 15, 2015 6:20:55 PM org.ccnx.ccn.impl.encoding.BinaryXMLDecoder setElement
INFORMAÇÕES: Reset decode array sizes to 225
Jan 15, 2015 6:20:55 PM org.ccnx.ccn.impl.encoding.BinaryXMLDecoder setElement
INFORMAÇÕES: Reset decode array sizes to 337
Jan 15, 2015 6:20:55 PM org.ccnx.ccn.impl.encoding.BinaryXMLDecoder setElement
INFORMAÇÕES: Reset decode array sizes to 505
Jan 15, 2015 6:20:55 PM org.ccnx.ccn.impl.encoding.BinaryXMLDecoder setElement
INFORMAÇÕES: Reset decode array sizes to 150
Jan 15, 2015 6:20:55 PM org.ccnx.ccn.impl.encoding.BinaryXMLDecoder setElement
INFORMAÇÕES: Reset decode array sizes to 225
Jan 15, 2015 6:20:55 PM org.ccnx.ccn.impl.encoding.BinaryXMLDecoder setElement
INFORMAÇÕES: Reset decode array sizes to 337
Jan 15, 2015 6:20:55 PM org.ccnx.ccn.impl.encoding.BinaryXMLDecoder setElement
INFORMAÇÕES: Reset decode array sizes to 505
Jan 15, 2015 6:20:55 PM org.ccnx.ccn.impl.sync.SliceComparator run
INFORMAÇÕES: Starting new round with X = =021516B62ADA64AAA89D65A591484741A068F08BED29F17D60DF613E1DA6C4797D and Y = %05m=3C0CD078E20F9104C59917DDB181ABE7A94462967B655262C8023823744381
Jan 15, 2015 6:20:55 PM org.ccnx.ccn.impl.sync.ProtocolBasedSyncMonitor requestNode
DETALHADO: Requesting node for hash: /ccnx.org/test/SyncTestRepo-15-01-15-18.20.23/topoPrefix/%C1.S.nf/=EBF4D3BE0E6C2BDA5B56949A458E4BDC1BCE83300A0B78B5AEDA15EDD54E5F54/=021516B62ADA64AAA89D65A591484741A068F08BED29F17D60DF613E1DA6C4797D
Jan 15, 2015 6:20:55 PM org.ccnx.ccn.impl.sync.SliceComparator doComparison
DETALHADO: No data for X: =021516B62ADA64AAA89D65A591484741A068F08BED29F17D60DF613E1DA6C4797D, pos is 0
Jan 15, 2015 6:20:55 PM org.ccnx.ccn.impl.sync.SliceComparator.NodeFetchHandler handleContent
DETALHADO: Saw data from nodefind: hash: =021516B62ADA64AAA89D65A591484741A068F08BED29F17D60DF613E1DA6C4797D
Jan 15, 2015 6:20:55 PM org.ccnx.ccn.io.content.SyncNodeComposite decodeLogging
O MAIS DETALHADO: decode node for =021516B62ADA64AAA89D65A591484741A068F08BED29F17D60DF613E1DA6C4797D depth = 1 refs = 3
Jan 15, 2015 6:20:55 PM org.ccnx.ccn.io.content.SyncNodeComposite decodeLogging
O MAIS DETALHADO: min is 0, max is 0, expanded min is /ccnx.org/test/SyncTestRepo-15-01-15-18.20.23/ccnSyncTest/slice7/round1/randomFile/=FD054B82F2CCC9/=00/=C5865CCFAA18603B6631973EAC868ECC9F91E31BFCA0DF626E2E9FC830A657E7, expanded max is /ccnx.org/test/SyncTestRepo-15-01-15-18.20.23/ccnSyncTest/slice7/round1/randomFile/=FD054B82F2CCC9/%C1.META.M/.header/=FD054B82F2CD33/=00/=AE042E3F2E2030F2DB6CC0137D279527EAF10C1E28F798A4469C8AD9AA953CB3
Jan 15, 2015 6:20:55 PM org.ccnx.ccn.impl.sync.SliceComparator doComparison
O MAIS DETALHADO: Compare LEAF =021516B62ADA64AAA89D65A591484741A068F08BED29F17D60DF613E1DA6C4797D to LEAF %05m=3C0CD078E20F9104C59917DDB181ABE7A94462967B655262C8023823744381
Jan 15, 2015 6:20:55 PM org.ccnx.ccn.impl.sync.SliceComparator doComparison
O MAIS DETALHADO: name X is 0, pos X is 0, name Y is 0, pos Y is 0 comp is 0
Jan 15, 2015 6:20:55 PM org.ccnx.ccn.impl.sync.SliceComparator doComparison
O MAIS DETALHADO: name X (expanded) is /ccnx.org/test/SyncTestRepo-15-01-15-18.20.23/ccnSyncTest/slice7/round1/randomFile/=FD054B82F2CCC9/=00/=C5865CCFAA18603B6631973EAC868ECC9F91E31BFCA0DF626E2E9FC830A657E7, name Y (expanded) is /ccnx.org/test/SyncTestRepo-15-01-15-18.20.23/ccnSyncTest/slice7/round1/randomFile/=FD054B82F2CCC9/=00/=C5865CCFAA18603B6631973EAC868ECC9F91E31BFCA0DF626E2E9FC830A657E7
Jan 15, 2015 6:20:55 PM org.ccnx.ccn.impl.sync.SliceComparator doComparison
O MAIS DETALHADO: Compare LEAF =021516B62ADA64AAA89D65A591484741A068F08BED29F17D60DF613E1DA6C4797D to LEAF %05m=3C0CD078E20F9104C59917DDB181ABE7A94462967B655262C8023823744381
Jan 15, 2015 6:20:55 PM org.ccnx.ccn.impl.sync.SliceComparator doComparison
O MAIS DETALHADO: name X is 1, pos X is 1, name Y is 1, pos Y is 1 comp is 0
Jan 15, 2015 6:20:55 PM org.ccnx.ccn.impl.sync.SliceComparator doComparison
O MAIS DETALHADO: name X (expanded) is /ccnx.org/test/SyncTestRepo-15-01-15-18.20.23/ccnSyncTest/slice7/round1/randomFile/=FD054B82F2CCC9/=0001/=A18C2B1C022C197A5BC74E3F1E991DABDE6D9CB30459055A2A96137BCB88E4E3, name Y (expanded) is /ccnx.org/test/SyncTestRepo-15-01-15-18.20.23/ccnSyncTest/slice7/round1/randomFile/=FD054B82F2CCC9/=0001/=A18C2B1C022C197A5BC74E3F1E991DABDE6D9CB30459055A2A96137BCB88E4E3
Jan 15, 2015 6:20:55 PM org.ccnx.ccn.impl.sync.SliceComparator doComparison
O MAIS DETALHADO: Compare LEAF =021516B62ADA64AAA89D65A591484741A068F08BED29F17D60DF613E1DA6C4797D to LEAF %05m=3C0CD078E20F9104C59917DDB181ABE7A94462967B655262C8023823744381
Jan 15, 2015 6:20:55 PM org.ccnx.ccn.impl.sync.SliceComparator doComparison
O MAIS DETALHADO: name X is 0, pos X is 2, name Y is 0, pos Y is 2 comp is 0
Jan 15, 2015 6:20:55 PM org.ccnx.ccn.impl.sync.SliceComparator doComparison
O MAIS DETALHADO: name X (expanded) is /ccnx.org/test/SyncTestRepo-15-01-15-18.20.23/ccnSyncTest/slice7/round1/randomFile/=FD054B82F2CCC9/%C1.META.M/.header/=FD054B82F2CD33/=00/=AE042E3F2E2030F2DB6CC0137D279527EAF10C1E28F798A4469C8AD9AA953CB3, name Y (expanded) is /ccnx.org/test/SyncTestRepo-15-01-15-18.20.23/ccnSyncTest/slice7/round1/randomFile/=FD054B82F2CCC9/%C1.META.M/.header/=FD054B82F2CD33/=00/=AE042E3F2E2030F2DB6CC0137D279527EAF10C1E28F798A4469C8AD9AA953CB3
Jan 15, 2015 6:20:55 PM org.ccnx.ccn.impl.sync.SliceComparator doComparison
O MAIS DETALHADO: Y hash only for %05m=3C0CD078E20F9104C59917DDB181ABE7A94462967B655262C8023823744381, type is LEAF, pos is 3
Jan 15, 2015 6:20:55 PM org.ccnx.ccn.profiles.sync.SyncTestRepo doHandleContentName
INFORMAÇÕES: Number 1: Callback for name: /ccnx.org/test/SyncTestRepo-15-01-15-18.20.23/ccnSyncTest/slice7/round2/randomFile/=FD054B82F356C5/=00 - number is 0
Jan 15, 2015 6:20:55 PM org.ccnx.ccn.impl.sync.SliceComparator doComparison
O MAIS DETALHADO: Y hash only for %05m=3C0CD078E20F9104C59917DDB181ABE7A94462967B655262C8023823744381, type is LEAF, pos is 4
Jan 15, 2015 6:20:55 PM org.ccnx.ccn.profiles.sync.SyncTestRepo doHandleContentName
INFORMAÇÕES: Number 1: Callback for name: /ccnx.org/test/SyncTestRepo-15-01-15-18.20.23/ccnSyncTest/slice7/round2/randomFile/=FD054B82F356C5/=0001 - number is 1
Jan 15, 2015 6:20:55 PM org.ccnx.ccn.impl.sync.SliceComparator doComparison
O MAIS DETALHADO: Y hash only for %05m=3C0CD078E20F9104C59917DDB181ABE7A94462967B655262C8023823744381, type is LEAF, pos is 5
Jan 15, 2015 6:20:55 PM org.ccnx.ccn.profiles.sync.SyncTestRepo doHandleContentName
INFORMAÇÕES: Number 1: Callback for name: /ccnx.org/test/SyncTestRepo-15-01-15-18.20.23/ccnSyncTest/slice7/round2/randomFile/=FD054B82F356C5/%C1.META.M/.header/=FD054B82F3572F/=00 - number is header
Jan 15, 2015 6:20:55 PM org.ccnx.ccn.impl.sync.SliceComparator doComparison
O MAIS DETALHADO: Y hash only for %05m=3C0CD078E20F9104C59917DDB181ABE7A94462967B655262C8023823744381, type is LEAF, pos is 6
Jan 15, 2015 6:20:55 PM org.ccnx.ccn.profiles.sync.SyncTestRepo doHandleContentName
INFORMAÇÕES: Number 1: Callback for name: /ccnx.org/test/SyncTestRepo-15-01-15-18.20.23/ccnSyncTest/slice7/round3/randomFile/=FD054B82F36585/=00 - number is 0
Jan 15, 2015 6:20:55 PM org.ccnx.ccn.impl.sync.SliceComparator doComparison
O MAIS DETALHADO: Y hash only for %05m=3C0CD078E20F9104C59917DDB181ABE7A94462967B655262C8023823744381, type is LEAF, pos is 7
Jan 15, 2015 6:20:55 PM org.ccnx.ccn.profiles.sync.SyncTestRepo doHandleContentName
INFORMAÇÕES: Number 1: Callback for name: /ccnx.org/test/SyncTestRepo-15-01-15-18.20.23/ccnSyncTest/slice7/round3/randomFile/=FD054B82F36585/%C1.META.M/.header/=FD054B82F365DB/=00 - number is header
Jan 15, 2015 6:20:55 PM org.ccnx.ccn.impl.sync.SliceComparator doComparison
O MAIS DETALHADO: Y hash only for %05m=3C0CD078E20F9104C59917DDB181ABE7A94462967B655262C8023823744381, type is LEAF, pos is 8
Jan 15, 2015 6:20:55 PM org.ccnx.ccn.profiles.sync.SyncTestRepo doHandleContentName
INFORMAÇÕES: Number 1: Callback for name: /ccnx.org/test/SyncTestRepo-15-01-15-18.20.23/ccnSyncTest/slice7/round4/randomFile/=FD054B82F37C08/=00 - number is 0
Jan 15, 2015 6:20:55 PM org.ccnx.ccn.impl.sync.SliceComparator doComparison
O MAIS DETALHADO: Y hash only for %05m=3C0CD078E20F9104C59917DDB181ABE7A94462967B655262C8023823744381, type is LEAF, pos is 9
Jan 15, 2015 6:20:55 PM org.ccnx.ccn.profiles.sync.SyncTestRepo doHandleContentName
INFORMAÇÕES: Number 1: Callback for name: /ccnx.org/test/SyncTestRepo-15-01-15-18.20.23/ccnSyncTest/slice7/round4/randomFile/=FD054B82F37C08/%C1.META.M/.header/=FD054B82F37C5E/=00 - number is header
Jan 15, 2015 6:20:55 PM org.ccnx.ccn.impl.sync.SliceComparator updateCurrent
O MAIS DETALHADO: Starting update from hash =021516B62ADA64AAA89D65A591484741A068F08BED29F17D60DF613E1DA6C4797D
Jan 15, 2015 6:20:55 PM org.ccnx.ccn.impl.sync.SliceComparator updateCurrent
O MAIS DETALHADO: Shortcut in update - popping last node
Jan 15, 2015 6:20:55 PM org.ccnx.ccn.impl.sync.SliceComparator updateCurrent
O MAIS DETALHADO: Update: starting redo because of extra names at end starting with /ccnx.org/test/SyncTestRepo-15-01-15-18.20.23/ccnSyncTest/slice7/round2/randomFile/=FD054B82F356C5/=00/%22do6=AC0DA006F210F5ACDAE423C2810031282712A878D5DAC257C159A328
Jan 15, 2015 6:20:55 PM org.ccnx.ccn.impl.sync.SliceComparator addNeededNames
O MAIS DETALHADO: Update: subsuming node
Jan 15, 2015 6:20:55 PM org.ccnx.ccn.impl.sync.SyncTreeEntry <init>
O MAIS DETALHADO: Found existing node: %05m=3C0CD078E20F9104C59917DDB181ABE7A94462967B655262C8023823744381
Jan 15, 2015 6:20:55 PM org.ccnx.ccn.io.content.SyncNodeComposite decodeLogging
O MAIS DETALHADO: decode node for %05m=3C0CD078E20F9104C59917DDB181ABE7A94462967B655262C8023823744381 depth = 1 refs = 10
Jan 15, 2015 6:20:55 PM org.ccnx.ccn.io.content.SyncNodeComposite decodeLogging
O MAIS DETALHADO: min is 0, max is 0, expanded min is /ccnx.org/test/SyncTestRepo-15-01-15-18.20.23/ccnSyncTest/slice7/round1/randomFile/=FD054B82F2CCC9/=00/=C5865CCFAA18603B6631973EAC868ECC9F91E31BFCA0DF626E2E9FC830A657E7, expanded max is /ccnx.org/test/SyncTestRepo-15-01-15-18.20.23/ccnSyncTest/slice7/round4/randomFile/=FD054B82F37C08/%C1.META.M/.header/=FD054B82F37C5E/=00/=D1CD9F91BD6AC7892C26315F28A63DDC62D3D025A0E51EEC566611356CE41191
Jan 15, 2015 6:20:55 PM org.ccnx.ccn.impl.sync.SliceComparator updateCurrent
INFORMAÇÕES: Resetting current to created head: %05m=3C0CD078E20F9104C59917DDB181ABE7A94462967B655262C8023823744381
Jan 15, 2015 6:20:55 PM org.ccnx.ccn.impl.sync.SliceComparator run
INFORMAÇÕES: Starting new round with X = %05m=3C0CD078E20F9104C59917DDB181ABE7A94462967B655262C8023823744381 and Y = %04Fx%1CN=7FB87F16D3D6AE90C61C660E071B7093C747CF4DD1FDC2F4282DA4E7
Jan 15, 2015 6:20:55 PM org.ccnx.ccn.impl.sync.SliceComparator doComparison
O MAIS DETALHADO: Compare LEAF %05m=3C0CD078E20F9104C59917DDB181ABE7A94462967B655262C8023823744381 to LEAF %04Fx%1CN=7FB87F16D3D6AE90C61C660E071B7093C747CF4DD1FDC2F4282DA4E7
Jan 15, 2015 6:20:55 PM org.ccnx.ccn.impl.sync.SliceComparator doComparison
O MAIS DETALHADO: name X is 0, pos X is 0, name Y is 0, pos Y is 0 comp is 0
Jan 15, 2015 6:20:55 PM org.ccnx.ccn.impl.sync.SliceComparator doComparison
O MAIS DETALHADO: name X (expanded) is /ccnx.org/test/SyncTestRepo-15-01-15-18.20.23/ccnSyncTest/slice7/round1/randomFile/=FD054B82F2CCC9/=00/=C5865CCFAA18603B6631973EAC868ECC9F91E31BFCA0DF626E2E9FC830A657E7, name Y (expanded) is /ccnx.org/test/SyncTestRepo-15-01-15-18.20.23/ccnSyncTest/slice7/round1/randomFile/=FD054B82F2CCC9/=00/=C5865CCFAA18603B6631973EAC868ECC9F91E31BFCA0DF626E2E9FC830A657E7
Jan 15, 2015 6:20:55 PM org.ccnx.ccn.impl.sync.SliceComparator doComparison
O MAIS DETALHADO: Compare LEAF %05m=3C0CD078E20F9104C59917DDB181ABE7A94462967B655262C8023823744381 to LEAF %04Fx%1CN=7FB87F16D3D6AE90C61C660E071B7093C747CF4DD1FDC2F4282DA4E7
Jan 15, 2015 6:20:55 PM org.ccnx.ccn.impl.sync.SliceComparator doComparison
O MAIS DETALHADO: name X is 1, pos X is 1, name Y is 1, pos Y is 1 comp is 0
Jan 15, 2015 6:20:55 PM org.ccnx.ccn.impl.sync.SliceComparator doComparison
O MAIS DETALHADO: name X (expanded) is /ccnx.org/test/SyncTestRepo-15-01-15-18.20.23/ccnSyncTest/slice7/round1/randomFile/=FD054B82F2CCC9/=0001/=A18C2B1C022C197A5BC74E3F1E991DABDE6D9CB30459055A2A96137BCB88E4E3, name Y (expanded) is /ccnx.org/test/SyncTestRepo-15-01-15-18.20.23/ccnSyncTest/slice7/round1/randomFile/=FD054B82F2CCC9/=0001/=A18C2B1C022C197A5BC74E3F1E991DABDE6D9CB30459055A2A96137BCB88E4E3
Jan 15, 2015 6:20:55 PM org.ccnx.ccn.impl.sync.SliceComparator doComparison
O MAIS DETALHADO: Compare LEAF %05m=3C0CD078E20F9104C59917DDB181ABE7A94462967B655262C8023823744381 to LEAF %04Fx%1CN=7FB87F16D3D6AE90C61C660E071B7093C747CF4DD1FDC2F4282DA4E7
Jan 15, 2015 6:20:55 PM org.ccnx.ccn.impl.sync.SliceComparator doComparison
O MAIS DETALHADO: name X is 0, pos X is 2, name Y is 0, pos Y is 2 comp is 0
Jan 15, 2015 6:20:55 PM org.ccnx.ccn.impl.sync.SliceComparator doComparison
O MAIS DETALHADO: name X (expanded) is /ccnx.org/test/SyncTestRepo-15-01-15-18.20.23/ccnSyncTest/slice7/round1/randomFile/=FD054B82F2CCC9/%C1.META.M/.header/=FD054B82F2CD33/=00/=AE042E3F2E2030F2DB6CC0137D279527EAF10C1E28F798A4469C8AD9AA953CB3, name Y (expanded) is /ccnx.org/test/SyncTestRepo-15-01-15-18.20.23/ccnSyncTest/slice7/round1/randomFile/=FD054B82F2CCC9/%C1.META.M/.header/=FD054B82F2CD33/=00/=AE042E3F2E2030F2DB6CC0137D279527EAF10C1E28F798A4469C8AD9AA953CB3
Jan 15, 2015 6:20:55 PM org.ccnx.ccn.impl.sync.SliceComparator doComparison
O MAIS DETALHADO: Compare LEAF %05m=3C0CD078E20F9104C59917DDB181ABE7A94462967B655262C8023823744381 to LEAF %04Fx%1CN=7FB87F16D3D6AE90C61C660E071B7093C747CF4DD1FDC2F4282DA4E7
Jan 15, 2015 6:20:55 PM org.ccnx.ccn.impl.sync.SliceComparator doComparison
O MAIS DETALHADO: name X is 0, pos X is 3, name Y is 0, pos Y is 3 comp is 0
Jan 15, 2015 6:20:55 PM org.ccnx.ccn.impl.sync.SliceComparator doComparison
O MAIS DETALHADO: name X (expanded) is /ccnx.org/test/SyncTestRepo-15-01-15-18.20.23/ccnSyncTest/slice7/round2/randomFile/=FD054B82F356C5/=00/%22do6=AC0DA006F210F5ACDAE423C2810031282712A878D5DAC257C159A328, name Y (expanded) is /ccnx.org/test/SyncTestRepo-15-01-15-18.20.23/ccnSyncTest/slice7/round2/randomFile/=FD054B82F356C5/=00/%22do6=AC0DA006F210F5ACDAE423C2810031282712A878D5DAC257C159A328
Jan 15, 2015 6:20:55 PM org.ccnx.ccn.impl.sync.SliceComparator doComparison
O MAIS DETALHADO: Compare LEAF %05m=3C0CD078E20F9104C59917DDB181ABE7A94462967B655262C8023823744381 to LEAF %04Fx%1CN=7FB87F16D3D6AE90C61C660E071B7093C747CF4DD1FDC2F4282DA4E7
Jan 15, 2015 6:20:55 PM org.ccnx.ccn.impl.sync.SliceComparator doComparison
O MAIS DETALHADO: name X is 1, pos X is 4, name Y is 1, pos Y is 4 comp is 0
Jan 15, 2015 6:20:55 PM org.ccnx.ccn.impl.sync.SliceComparator doComparison
O MAIS DETALHADO: name X (expanded) is /ccnx.org/test/SyncTestRepo-15-01-15-18.20.23/ccnSyncTest/slice7/round2/randomFile/=FD054B82F356C5/=0001/%01J%7F~Z=BEBCF2530B6FA7738CBFAB7AAA0BAC90378EC418836EB696824871, name Y (expanded) is /ccnx.org/test/SyncTestRepo-15-01-15-18.20.23/ccnSyncTest/slice7/round2/randomFile/=FD054B82F356C5/=0001/%01J%7F~Z=BEBCF2530B6FA7738CBFAB7AAA0BAC90378EC418836EB696824871
Jan 15, 2015 6:20:55 PM org.ccnx.ccn.impl.sync.SliceComparator doComparison
O MAIS DETALHADO: Compare LEAF %05m=3C0CD078E20F9104C59917DDB181ABE7A94462967B655262C8023823744381 to LEAF %04Fx%1CN=7FB87F16D3D6AE90C61C660E071B7093C747CF4DD1FDC2F4282DA4E7
Jan 15, 2015 6:20:55 PM org.ccnx.ccn.impl.sync.SliceComparator doComparison
O MAIS DETALHADO: name X is 0, pos X is 5, name Y is 0, pos Y is 5 comp is 0
Jan 15, 2015 6:20:55 PM org.ccnx.ccn.impl.sync.SliceComparator doComparison
O MAIS DETALHADO: name X (expanded) is /ccnx.org/test/SyncTestRepo-15-01-15-18.20.23/ccnSyncTest/slice7/round2/randomFile/=FD054B82F356C5/%C1.META.M/.header/=FD054B82F3572F/=00/y=1C9B47B3E6C0C581382C65E5B76CD910F1ED9DCE91333A80E00E714A07BCF0, name Y (expanded) is /ccnx.org/test/SyncTestRepo-15-01-15-18.20.23/ccnSyncTest/slice7/round2/randomFile/=FD054B82F356C5/%C1.META.M/.header/=FD054B82F3572F/=00/y=1C9B47B3E6C0C581382C65E5B76CD910F1ED9DCE91333A80E00E714A07BCF0
Jan 15, 2015 6:20:55 PM org.ccnx.ccn.impl.sync.SliceComparator doComparison
O MAIS DETALHADO: Compare LEAF %05m=3C0CD078E20F9104C59917DDB181ABE7A94462967B655262C8023823744381 to LEAF %04Fx%1CN=7FB87F16D3D6AE90C61C660E071B7093C747CF4DD1FDC2F4282DA4E7
Jan 15, 2015 6:20:55 PM org.ccnx.ccn.impl.sync.SliceComparator doComparison
O MAIS DETALHADO: name X is 0, pos X is 6, name Y is 0, pos Y is 6 comp is 0
Jan 15, 2015 6:20:55 PM org.ccnx.ccn.impl.sync.SliceComparator doComparison
O MAIS DETALHADO: name X (expanded) is /ccnx.org/test/SyncTestRepo-15-01-15-18.20.23/ccnSyncTest/slice7/round3/randomFile/=FD054B82F36585/=00/=FC0C2478E39F938EF1BDCF939876C0ED817B2080D1AC47D9D4D06A0B92E0F6BC, name Y (expanded) is /ccnx.org/test/SyncTestRepo-15-01-15-18.20.23/ccnSyncTest/slice7/round3/randomFile/=FD054B82F36585/=00/=FC0C2478E39F938EF1BDCF939876C0ED817B2080D1AC47D9D4D06A0B92E0F6BC
Jan 15, 2015 6:20:55 PM org.ccnx.ccn.impl.sync.SliceComparator doComparison
O MAIS DETALHADO: Compare LEAF %05m=3C0CD078E20F9104C59917DDB181ABE7A94462967B655262C8023823744381 to LEAF %04Fx%1CN=7FB87F16D3D6AE90C61C660E071B7093C747CF4DD1FDC2F4282DA4E7
Jan 15, 2015 6:20:55 PM org.ccnx.ccn.impl.sync.SliceComparator doComparison
O MAIS DETALHADO: name X is 0, pos X is 7, name Y is 0, pos Y is 7 comp is 0
Jan 15, 2015 6:20:55 PM org.ccnx.ccn.impl.sync.SliceComparator doComparison
O MAIS DETALHADO: name X (expanded) is /ccnx.org/test/SyncTestRepo-15-01-15-18.20.23/ccnSyncTest/slice7/round3/randomFile/=FD054B82F36585/%C1.META.M/.header/=FD054B82F365DB/=00/=9889B7AE070123207E5EA7B1B1361339101399B345CE9F9BAE8DDB4B4CA48C25, name Y (expanded) is /ccnx.org/test/SyncTestRepo-15-01-15-18.20.23/ccnSyncTest/slice7/round3/randomFile/=FD054B82F36585/%C1.META.M/.header/=FD054B82F365DB/=00/=9889B7AE070123207E5EA7B1B1361339101399B345CE9F9BAE8DDB4B4CA48C25
Jan 15, 2015 6:20:56 PM org.ccnx.ccn.profiles.sync.SyncTestRepo checkCallbacks
DETALHADO: got segment 0
Jan 15, 2015 6:20:56 PM org.ccnx.ccn.profiles.sync.SyncTestRepo checkCallbacks
DETALHADO: received: [true, false] finished: [true, true]
Jan 15, 2015 6:20:56 PM org.ccnx.ccn.profiles.sync.SyncTestRepo checkCallbacks
DETALHADO: got the header
Jan 15, 2015 6:20:56 PM org.ccnx.ccn.profiles.sync.SyncTestRepo checkCallbacks
DETALHADO: received: [true, true] finished: [true, true]
Jan 15, 2015 6:20:56 PM org.ccnx.ccn.profiles.sync.SyncTestRepo checkCallbacks
DETALHADO: got all the segments!
Jan 15, 2015 6:20:56 PM org.ccnx.ccn.profiles.sync.SyncTestRepo checkCallbacks
DETALHADO: trying to loop again looking for segments
Jan 15, 2015 6:20:56 PM org.ccnx.ccn.profiles.sync.SyncTestRepo checkCallbacks
DETALHADO: done looping, returning.
Jan 15, 2015 6:20:56 PM org.ccnx.ccn.profiles.sync.SyncTestRepo checkCallbacks
DETALHADO: checking for callbacks:  /ccnx.org/test/SyncTestRepo-15-01-15-18.20.23/ccnSyncTest/slice7/round4 segments: 2
Jan 15, 2015 6:20:56 PM org.ccnx.ccn.profiles.sync.SyncTestRepo checkCallbacks
DETALHADO: got segment 0
Jan 15, 2015 6:20:56 PM org.ccnx.ccn.profiles.sync.SyncTestRepo checkCallbacks
DETALHADO: received: [true, false] finished: [true, true]
Jan 15, 2015 6:20:56 PM org.ccnx.ccn.profiles.sync.SyncTestRepo checkCallbacks
DETALHADO: got the header
Jan 15, 2015 6:20:56 PM org.ccnx.ccn.profiles.sync.SyncTestRepo checkCallbacks
DETALHADO: received: [true, true] finished: [true, true]
Jan 15, 2015 6:20:56 PM org.ccnx.ccn.profiles.sync.SyncTestRepo checkCallbacks
DETALHADO: got all the segments!
Jan 15, 2015 6:20:56 PM org.ccnx.ccn.profiles.sync.SyncTestRepo checkCallbacks
DETALHADO: trying to loop again looking for segments
Jan 15, 2015 6:20:56 PM org.ccnx.ccn.profiles.sync.SyncTestRepo checkCallbacks
DETALHADO: done looping, returning.
Jan 15, 2015 6:20:56 PM org.ccnx.ccn.profiles.sync.SyncTestRepo checkCallbacks
DETALHADO: checking for callbacks:  /ccnx.org/test/SyncTestRepo-15-01-15-18.20.23/ccnSyncTest/slice7/round2 segments: 3
Jan 15, 2015 6:20:57 PM org.ccnx.ccn.profiles.sync.SyncTestRepo checkCallbacks
DETALHADO: got segment 0
Jan 15, 2015 6:20:57 PM org.ccnx.ccn.profiles.sync.SyncTestRepo checkCallbacks
DETALHADO: received: [true, false, false] finished: [true, true, true]
Jan 15, 2015 6:20:57 PM org.ccnx.ccn.profiles.sync.SyncTestRepo checkCallbacks
DETALHADO: got segment 1
Jan 15, 2015 6:20:57 PM org.ccnx.ccn.profiles.sync.SyncTestRepo checkCallbacks
DETALHADO: received: [true, true, false] finished: [true, true, true]
Jan 15, 2015 6:20:57 PM org.ccnx.ccn.profiles.sync.SyncTestRepo checkCallbacks
DETALHADO: got the header
Jan 15, 2015 6:20:57 PM org.ccnx.ccn.profiles.sync.SyncTestRepo checkCallbacks
DETALHADO: received: [true, true, true] finished: [true, true, true]
Jan 15, 2015 6:20:57 PM org.ccnx.ccn.profiles.sync.SyncTestRepo checkCallbacks
DETALHADO: got all the segments!
Jan 15, 2015 6:20:57 PM org.ccnx.ccn.profiles.sync.SyncTestRepo checkCallbacks
DETALHADO: trying to loop again looking for segments
Jan 15, 2015 6:20:57 PM org.ccnx.ccn.profiles.sync.SyncTestRepo checkCallbacks
DETALHADO: done looping, returning.
Jan 15, 2015 6:20:57 PM org.ccnx.ccn.impl.sync.ProtocolBasedSyncMonitor shutdown
INFORMAÇÕES: Shutting down sync on slice: /ccnx.org/test/SyncTestRepo-15-01-15-18.20.23/ccnSyncTest/slice7
Jan 15, 2015 6:20:57 PM org.ccnx.ccn.profiles.sync.SyncTestRepo testSyncRoot
INFORMAÇÕES: Testing zero length hash after total shutdown: =021516B62ADA64AAA89D65A591484741A068F08BED29F17D60DF613E1DA6C4797D
Jan 15, 2015 6:20:57 PM org.ccnx.ccn.impl.encoding.BinaryXMLDecoder setElement
INFORMAÇÕES: Reset decode array sizes to 150
Jan 15, 2015 6:20:57 PM org.ccnx.ccn.impl.encoding.BinaryXMLDecoder setElement
INFORMAÇÕES: Reset decode array sizes to 225
Jan 15, 2015 6:20:57 PM org.ccnx.ccn.impl.encoding.BinaryXMLDecoder setElement
INFORMAÇÕES: Reset decode array sizes to 337
Jan 15, 2015 6:20:57 PM org.ccnx.ccn.io.content.SyncNodeComposite decodeLogging
O MAIS DETALHADO: decode node for =02B1E240279517C86763BA374B7C6F91E7758CB65FAFCCE7D84E9F7D9D48A82206 depth = 1 refs = 6
Jan 15, 2015 6:20:57 PM org.ccnx.ccn.io.content.SyncNodeComposite decodeLogging
O MAIS DETALHADO: min is 0, max is 0, expanded min is /ccnx.org/test/SyncTestRepo-15-01-15-18.20.23/ccnSyncTest/slice7/round1/randomFile/=FD054B82F2CCC9/=00/=C5865CCFAA18603B6631973EAC868ECC9F91E31BFCA0DF626E2E9FC830A657E7, expanded max is /ccnx.org/test/SyncTestRepo-15-01-15-18.20.23/ccnSyncTest/slice7/round2/randomFile/=FD054B82F356C5/%C1.META.M/.header/=FD054B82F3572F/=00/y=1C9B47B3E6C0C581382C65E5B76CD910F1ED9DCE91333A80E00E714A07BCF0
Jan 15, 2015 6:20:57 PM org.ccnx.ccn.profiles.sync.SyncTestRepo testSyncRoot
INFORMAÇÕES: Too bad - We're running the poorer version of this test
Jan 15, 2015 6:20:57 PM org.ccnx.ccn.io.content.CCNNetworkObject createFlowController
INFORMAÇÕES: Created LOCALREPOSITORY flow controller, for prefix /%C1.M.S.localhost/%C1.S.cs/=EBF4D3BE0E6C2BDA5B56949A458E4BDC1BCE83300A0B78B5AEDA15EDD54E5F54, save type LOCALREPOSITORY
Jan 15, 2015 6:20:57 PM org.ccnx.ccn.profiles.VersioningProfile getLatestVersion
INFORMAÇÕES: gLV getLatestVersion: retrieved latest version object /%C1.M.S.localhost/%C1.S.cs/=EBF4D3BE0E6C2BDA5B56949A458E4BDC1BCE83300A0B78B5AEDA15EDD54E5F54/=FD054B82F2CB2B/=00 type: DATA
Jan 15, 2015 6:20:57 PM org.ccnx.ccn.profiles.VersioningProfile getLatestVersion
INFORMAÇÕES: getFirstBlockOfLatestVersion: no block available for later version of /%C1.M.S.localhost/%C1.S.cs/=EBF4D3BE0E6C2BDA5B56949A458E4BDC1BCE83300A0B78B5AEDA15EDD54E5F54/=FD054B82F2CB2B
Jan 15, 2015 6:20:57 PM org.ccnx.ccn.io.CCNAbstractInputStream <init>
INFORMAÇÕES: CCNAbstractInputStream: /%C1.M.S.localhost/%C1.S.cs/=EBF4D3BE0E6C2BDA5B56949A458E4BDC1BCE83300A0B78B5AEDA15EDD54E5F54/=FD054B82F2CB2B segment 0
Jan 15, 2015 6:20:57 PM org.ccnx.ccn.io.content.ConfigSlice checkAndCreate
DETALHADO: found this slice in my repo! /%C1.M.S.localhost/%C1.S.cs/=EBF4D3BE0E6C2BDA5B56949A458E4BDC1BCE83300A0B78B5AEDA15EDD54E5F54/=FD054B82F2CB2B
Jan 15, 2015 6:20:57 PM org.ccnx.ccn.io.content.ConfigSlice checkAndCreate
DETALHADO: don't need to do anything...  returning the existing slice
Jan 15, 2015 6:20:57 PM org.ccnx.ccn.impl.sync.SliceComparator <init>
INFORMAÇÕES: Beginning sync monitoring starting with: ...
Jan 15, 2015 6:20:57 PM org.ccnx.ccn.impl.sync.SliceComparator setTimeout
DETALHADO: Sync timeout changed to 3000
Jan 15, 2015 6:20:57 PM org.ccnx.ccn.impl.sync.ProtocolBasedSyncMonitor registerCallback
DETALHADO: Starting a new comparator - it is the lead.
Jan 15, 2015 6:20:57 PM org.ccnx.ccn.CCNSync startSync
INFORMAÇÕES: Started sync with topo: /ccnx.org/test/SyncTestRepo-15-01-15-18.20.23/topoPrefix and prefix: /ccnx.org/test/SyncTestRepo-15-01-15-18.20.23/ccnSyncTest/slice7
Jan 15, 2015 6:20:57 PM org.ccnx.ccn.impl.sync.ProtocolBasedSyncMonitor handleContent
INFORMAÇÕES: Saw new content from sync: /ccnx.org/test/SyncTestRepo-15-01-15-18.20.23/topoPrefix/%C1.S.ra/=EBF4D3BE0E6C2BDA5B56949A458E4BDC1BCE83300A0B78B5AEDA15EDD54E5F54/.../=02B1E240279517C86763BA374B7C6F91E7758CB65FAFCCE7D84E9F7D9D48A82206
Jan 15, 2015 6:20:57 PM org.ccnx.ccn.impl.encoding.BinaryXMLDecoder setElement
INFORMAÇÕES: Reset decode array sizes to 150
Jan 15, 2015 6:20:57 PM org.ccnx.ccn.impl.encoding.BinaryXMLDecoder setElement
INFORMAÇÕES: Reset decode array sizes to 225
Jan 15, 2015 6:20:57 PM org.ccnx.ccn.impl.encoding.BinaryXMLDecoder setElement
INFORMAÇÕES: Reset decode array sizes to 337
Jan 15, 2015 6:20:57 PM org.ccnx.ccn.impl.sync.ProtocolBasedSyncMonitor handleContent
INFORMAÇÕES: Saw new content from sync: /ccnx.org/test/SyncTestRepo-15-01-15-18.20.23/topoPrefix/%C1.S.ra/=EBF4D3BE0E6C2BDA5B56949A458E4BDC1BCE83300A0B78B5AEDA15EDD54E5F54/=02B1E240279517C86763BA374B7C6F91E7758CB65FAFCCE7D84E9F7D9D48A82206/%05m=3C0CD078E20F9104C59917DDB181ABE7A94462967B655262C8023823744381
Jan 15, 2015 6:20:57 PM org.ccnx.ccn.io.content.SyncNodeComposite decodeLogging
O MAIS DETALHADO: decode node for =02B1E240279517C86763BA374B7C6F91E7758CB65FAFCCE7D84E9F7D9D48A82206 depth = 1 refs = 6
Jan 15, 2015 6:20:57 PM org.ccnx.ccn.io.content.SyncNodeComposite decodeLogging
O MAIS DETALHADO: min is 0, max is 0, expanded min is /ccnx.org/test/SyncTestRepo-15-01-15-18.20.23/ccnSyncTest/slice7/round1/randomFile/=FD054B82F2CCC9/=00/=C5865CCFAA18603B6631973EAC868ECC9F91E31BFCA0DF626E2E9FC830A657E7, expanded max is /ccnx.org/test/SyncTestRepo-15-01-15-18.20.23/ccnSyncTest/slice7/round2/randomFile/=FD054B82F356C5/%C1.META.M/.header/=FD054B82F3572F/=00/y=1C9B47B3E6C0C581382C65E5B76CD910F1ED9DCE91333A80E00E714A07BCF0
Jan 15, 2015 6:20:57 PM org.ccnx.ccn.impl.CCNFlowControl <init>
INFORMAÇÕES: adding namespace: /ccnx.org/test/SyncTestRepo-15-01-15-18.20.23/ccnSyncTest/slice7/round5/randomFile
Jan 15, 2015 6:20:57 PM org.ccnx.ccn.impl.security.keys.BasicKeyManager getKeyLocator
INFORMAÇÕES: getKeyLocator: returning locator NAME: /ccnx.org/Users/root/Keys/%C1.M.K=009234ADEC47D19E3E6A2AF362D44E09AB6B71F43B1900BA0622FB45F2A5B7D9F6/=FD054AE7DE1000 KEY:-reba89rgbj1o6ata34t5eovcl4kho5s9pnv8nstq15q1ld4g9ga for key kjSt7EfRnj5qKvNi1E4Jq2tx9DsZALoGIvtF8qW32fY=
Jan 15, 2015 6:20:57 PM org.ccnx.ccn.io.CCNAbstractOutputStream <init>
INFORMAÇÕES: CCNAbstractOutputStream: /ccnx.org/test/SyncTestRepo-15-01-15-18.20.23/ccnSyncTest/slice7/round5/randomFile/=FD054B82F39C5A blocksize is 4096
Jan 15, 2015 6:20:57 PM org.ccnx.ccn.io.CCNAbstractOutputStream startWrite
INFORMAÇÕES: CCNAbstractOutputStream: startWrite -- searching for keys.
Jan 15, 2015 6:20:57 PM org.ccnx.ccn.profiles.security.access.AccessControlManager keysForOutput
INFORMAÇÕES: keysForOutput: found an acm: (null)
Jan 15, 2015 6:20:57 PM org.ccnx.ccn.impl.repo.RepositoryFlowControl startWrite
INFORMAÇÕES: RepositoryFlowControl.startWrite called for name /ccnx.org/test/SyncTestRepo-15-01-15-18.20.23/ccnSyncTest/slice7/round5/randomFile/=FD054B82F39C5A, shape STREAM
Jan 15, 2015 6:20:57 PM org.ccnx.ccn.impl.repo.RepositoryFlowControl handleContent
INFORMAÇÕES: handleContent: got potential repo message: /ccnx.org/test/SyncTestRepo-15-01-15-18.20.23/ccnSyncTest/slice7/round5/randomFile/=FD054B82F39C5A/%C1.R.sw/%C1.N=0012897C95D91E63C7
Jan 15, 2015 6:20:57 PM org.ccnx.ccn.profiles.sync.SyncTestCommon writeFile
DETALHADO: bytes: 5282 block size: 4096 div: 1.28955078125 ceil: 2
Jan 15, 2015 6:20:57 PM org.ccnx.ccn.profiles.sync.SyncTestCommon writeFile
DETALHADO: will write out a 5282 byte file, will have 3 segments (1 is a header)
Jan 15, 2015 6:20:57 PM org.ccnx.ccn.io.CCNOutputStream flushToNetwork
INFORMAÇÕES: flush: outputting to the segmenter, baseName /ccnx.org/test/SyncTestRepo-15-01-15-18.20.23/ccnSyncTest/slice7/round5/randomFile/=FD054B82F39C5A basenameindex =0001; 1186 bytes written, holding back 1186 flushing final blocks? false.
Jan 15, 2015 6:20:57 PM org.ccnx.ccn.io.CCNOutputStream flushToNetwork
INFORMAÇÕES: HEADER: CCNOutputStream: flushToNetwork: new _baseNameIndex 1
Jan 15, 2015 6:20:57 PM org.ccnx.ccn.io.CCNOutputStream flushToNetwork
INFORMAÇÕES: flush: outputting to the segmenter, baseName /ccnx.org/test/SyncTestRepo-15-01-15-18.20.23/ccnSyncTest/slice7/round5/randomFile/=FD054B82F39C5A basenameindex =0001; 1186 bytes written, holding back 1186 flushing final blocks? false.
Jan 15, 2015 6:20:57 PM org.ccnx.ccn.io.CCNOutputStream flushToNetwork
INFORMAÇÕES: HEADER: CCNOutputStream: flushToNetwork: new _baseNameIndex 1
Jan 15, 2015 6:20:57 PM org.ccnx.ccn.io.CCNOutputStream flushToNetwork
INFORMAÇÕES: flush: outputting to the segmenter, baseName /ccnx.org/test/SyncTestRepo-15-01-15-18.20.23/ccnSyncTest/slice7/round5/randomFile/=FD054B82F39C5A basenameindex =0001; 1186 bytes written, holding back 0 flushing final blocks? true.
Jan 15, 2015 6:20:57 PM org.ccnx.ccn.io.CCNOutputStream flushToNetwork
INFORMAÇÕES: HEADER: CCNOutputStream: flushToNetwork: new _baseNameIndex 2
Jan 15, 2015 6:20:57 PM org.ccnx.ccn.io.CCNAbstractOutputStream <init>
INFORMAÇÕES: CCNAbstractOutputStream: /ccnx.org/test/SyncTestRepo-15-01-15-18.20.23/ccnSyncTest/slice7/round5/randomFile/=FD054B82F39C5A/%C1.META.M/.header/=FD054B82F39CBC blocksize is 4096
Jan 15, 2015 6:20:57 PM org.ccnx.ccn.io.CCNAbstractOutputStream startWrite
INFORMAÇÕES: CCNAbstractOutputStream: startWrite -- searching for keys.
Jan 15, 2015 6:20:57 PM org.ccnx.ccn.profiles.security.access.AccessControlManager keysForOutput
INFORMAÇÕES: keysForOutput: found an acm: (null)
Jan 15, 2015 6:20:57 PM org.ccnx.ccn.impl.repo.RepositoryFlowControl startWrite
INFORMAÇÕES: RepositoryFlowControl.startWrite called for name /ccnx.org/test/SyncTestRepo-15-01-15-18.20.23/ccnSyncTest/slice7/round5/randomFile/=FD054B82F39C5A/%C1.META.M/.header/=FD054B82F39CBC, shape STREAM
Jan 15, 2015 6:20:57 PM org.ccnx.ccn.impl.sync.ProtocolBasedSyncMonitor handleContent
INFORMAÇÕES: Saw new content from sync: /ccnx.org/test/SyncTestRepo-15-01-15-18.20.23/topoPrefix/%C1.S.ra/=EBF4D3BE0E6C2BDA5B56949A458E4BDC1BCE83300A0B78B5AEDA15EDD54E5F54/%05m=3C0CD078E20F9104C59917DDB181ABE7A94462967B655262C8023823744381/=06F9122863D603582CCAE5861DEE46027EBE00B29709E5CF2D5C4D57DB5DEF1A6A
Jan 15, 2015 6:20:57 PM org.ccnx.ccn.impl.sync.ProtocolBasedSyncMonitor handleContent
INFORMAÇÕES: Saw new content from sync: /ccnx.org/test/SyncTestRepo-15-01-15-18.20.23/topoPrefix/%C1.S.ra/=EBF4D3BE0E6C2BDA5B56949A458E4BDC1BCE83300A0B78B5AEDA15EDD54E5F54/%05m=3C0CD078E20F9104C59917DDB181ABE7A94462967B655262C8023823744381/=06F9122863D603582CCAE5861DEE46027EBE00B29709E5CF2D5C4D57DB5DEF1A6A
Jan 15, 2015 6:20:57 PM org.ccnx.ccn.impl.repo.RepositoryFlowControl handleContent
INFORMAÇÕES: handleContent: got potential repo message: /ccnx.org/test/SyncTestRepo-15-01-15-18.20.23/ccnSyncTest/slice7/round5/randomFile/=FD054B82F39C5A/%C1.META.M/.header/=FD054B82F39CBC/%C1.R.sw/%C1.N=00095BC96B8A48E5DD
Jan 15, 2015 6:20:57 PM org.ccnx.ccn.impl.sync.ProtocolBasedSyncMonitor handleContent
INFORMAÇÕES: Saw new content from sync: /ccnx.org/test/SyncTestRepo-15-01-15-18.20.23/topoPrefix/%C1.S.ra/=EBF4D3BE0E6C2BDA5B56949A458E4BDC1BCE83300A0B78B5AEDA15EDD54E5F54/%05m=3C0CD078E20F9104C59917DDB181ABE7A94462967B655262C8023823744381/=06F9122863D603582CCAE5861DEE46027EBE00B29709E5CF2D5C4D57DB5DEF1A6A
Jan 15, 2015 6:20:57 PM org.ccnx.ccn.impl.sync.ProtocolBasedSyncMonitor handleContent
INFORMAÇÕES: Saw new content from sync: /ccnx.org/test/SyncTestRepo-15-01-15-18.20.23/topoPrefix/%C1.S.ra/=EBF4D3BE0E6C2BDA5B56949A458E4BDC1BCE83300A0B78B5AEDA15EDD54E5F54/%05m=3C0CD078E20F9104C59917DDB181ABE7A94462967B655262C8023823744381/=06F9122863D603582CCAE5861DEE46027EBE00B29709E5CF2D5C4D57DB5DEF1A6A
Jan 15, 2015 6:20:57 PM org.ccnx.ccn.io.CCNOutputStream flushToNetwork
INFORMAÇÕES: flush: outputting to the segmenter, baseName /ccnx.org/test/SyncTestRepo-15-01-15-18.20.23/ccnSyncTest/slice7/round5/randomFile/=FD054B82F39C5A/%C1.META.M/.header/=FD054B82F39CBC basenameindex =00; 66 bytes written, holding back 66 flushing final blocks? false.
Jan 15, 2015 6:20:57 PM org.ccnx.ccn.io.CCNOutputStream flushToNetwork
INFORMAÇÕES: HEADER: CCNOutputStream: flushToNetwork: new _baseNameIndex 0
Jan 15, 2015 6:20:57 PM org.ccnx.ccn.io.CCNOutputStream flushToNetwork
INFORMAÇÕES: flush: outputting to the segmenter, baseName /ccnx.org/test/SyncTestRepo-15-01-15-18.20.23/ccnSyncTest/slice7/round5/randomFile/=FD054B82F39C5A/%C1.META.M/.header/=FD054B82F39CBC basenameindex =00; 66 bytes written, holding back 66 flushing final blocks? false.
Jan 15, 2015 6:20:57 PM org.ccnx.ccn.io.CCNOutputStream flushToNetwork
INFORMAÇÕES: HEADER: CCNOutputStream: flushToNetwork: new _baseNameIndex 0
Jan 15, 2015 6:20:57 PM org.ccnx.ccn.io.CCNOutputStream flushToNetwork
INFORMAÇÕES: flush: outputting to the segmenter, baseName /ccnx.org/test/SyncTestRepo-15-01-15-18.20.23/ccnSyncTest/slice7/round5/randomFile/=FD054B82F39C5A/%C1.META.M/.header/=FD054B82F39CBC basenameindex =00; 66 bytes written, holding back 0 flushing final blocks? true.
Jan 15, 2015 6:20:57 PM org.ccnx.ccn.io.CCNOutputStream flushToNetwork
INFORMAÇÕES: HEADER: CCNOutputStream: flushToNetwork: new _baseNameIndex 1
Jan 15, 2015 6:20:57 PM org.ccnx.ccn.io.CCNOutputStream close
INFORMAÇÕES: CCNOutputStream close: /ccnx.org/test/SyncTestRepo-15-01-15-18.20.23/ccnSyncTest/slice7/round5/randomFile/=FD054B82F39C5A/%C1.META.M/.header/=FD054B82F39CBC
Jan 15, 2015 6:20:57 PM org.ccnx.ccn.io.CCNOutputStream close
INFORMAÇÕES: CCNOutputStream close: /ccnx.org/test/SyncTestRepo-15-01-15-18.20.23/ccnSyncTest/slice7/round5/randomFile/=FD054B82F39C5A
Jan 15, 2015 6:20:57 PM org.ccnx.ccn.profiles.sync.SyncTestCommon writeFile
INFORMAÇÕES: Wrote file to repository: /ccnx.org/test/SyncTestRepo-15-01-15-18.20.23/ccnSyncTest/slice7/round5/randomFile/=FD054B82F39C5A with 3 segments
Jan 15, 2015 6:20:57 PM org.ccnx.ccn.profiles.sync.SyncTestRepo checkCallbacks
DETALHADO: checking for callbacks:  /ccnx.org/test/SyncTestRepo-15-01-15-18.20.23/ccnSyncTest/slice7/round5 segments: 3
Jan 15, 2015 6:20:57 PM org.ccnx.ccn.impl.sync.SliceComparator run
DETALHADO: Starting comparator run - state is INIT, sc is org.ccnx.ccn.impl.sync.SliceComparator@5546f75a, this is the lead
Jan 15, 2015 6:20:57 PM org.ccnx.ccn.impl.sync.SliceComparator run
DETALHADO: Init - startHash is ...
Jan 15, 2015 6:20:57 PM org.ccnx.ccn.impl.encoding.BinaryXMLDecoder setElement
INFORMAÇÕES: Reset decode array sizes to 150
Jan 15, 2015 6:20:57 PM org.ccnx.ccn.impl.encoding.BinaryXMLDecoder setElement
INFORMAÇÕES: Reset decode array sizes to 225
Jan 15, 2015 6:20:57 PM org.ccnx.ccn.impl.encoding.BinaryXMLDecoder setElement
INFORMAÇÕES: Reset decode array sizes to 337
Jan 15, 2015 6:20:57 PM org.ccnx.ccn.io.content.SyncNodeComposite decodeLogging
O MAIS DETALHADO: decode node for =02B1E240279517C86763BA374B7C6F91E7758CB65FAFCCE7D84E9F7D9D48A82206 depth = 1 refs = 6
Jan 15, 2015 6:20:57 PM org.ccnx.ccn.io.content.SyncNodeComposite decodeLogging
O MAIS DETALHADO: min is 0, max is 0, expanded min is /ccnx.org/test/SyncTestRepo-15-01-15-18.20.23/ccnSyncTest/slice7/round1/randomFile/=FD054B82F2CCC9/=00/=C5865CCFAA18603B6631973EAC868ECC9F91E31BFCA0DF626E2E9FC830A657E7, expanded max is /ccnx.org/test/SyncTestRepo-15-01-15-18.20.23/ccnSyncTest/slice7/round2/randomFile/=FD054B82F356C5/%C1.META.M/.header/=FD054B82F3572F/=00/y=1C9B47B3E6C0C581382C65E5B76CD910F1ED9DCE91333A80E00E714A07BCF0
Jan 15, 2015 6:20:57 PM org.ccnx.ccn.impl.sync.SliceComparator run
DETALHADO: Setting root to =02B1E240279517C86763BA374B7C6F91E7758CB65FAFCCE7D84E9F7D9D48A82206 based on zero length startHash
Jan 15, 2015 6:20:57 PM org.ccnx.ccn.impl.encoding.BinaryXMLDecoder setElement
INFORMAÇÕES: Reset decode array sizes to 150
Jan 15, 2015 6:20:57 PM org.ccnx.ccn.impl.encoding.BinaryXMLDecoder setElement
INFORMAÇÕES: Reset decode array sizes to 225
Jan 15, 2015 6:20:57 PM org.ccnx.ccn.impl.encoding.BinaryXMLDecoder setElement
INFORMAÇÕES: Reset decode array sizes to 337
Jan 15, 2015 6:20:57 PM org.ccnx.ccn.impl.encoding.BinaryXMLDecoder setElement
INFORMAÇÕES: Reset decode array sizes to 505
Jan 15, 2015 6:20:57 PM org.ccnx.ccn.io.content.SyncNodeComposite decodeLogging
O MAIS DETALHADO: decode node for %05m=3C0CD078E20F9104C59917DDB181ABE7A94462967B655262C8023823744381 depth = 1 refs = 10
Jan 15, 2015 6:20:57 PM org.ccnx.ccn.io.content.SyncNodeComposite decodeLogging
O MAIS DETALHADO: min is 0, max is 0, expanded min is /ccnx.org/test/SyncTestRepo-15-01-15-18.20.23/ccnSyncTest/slice7/round1/randomFile/=FD054B82F2CCC9/=00/=C5865CCFAA18603B6631973EAC868ECC9F91E31BFCA0DF626E2E9FC830A657E7, expanded max is /ccnx.org/test/SyncTestRepo-15-01-15-18.20.23/ccnSyncTest/slice7/round4/randomFile/=FD054B82F37C08/%C1.META.M/.header/=FD054B82F37C5E/=00/=D1CD9F91BD6AC7892C26315F28A63DDC62D3D025A0E51EEC566611356CE41191
Jan 15, 2015 6:20:57 PM org.ccnx.ccn.impl.encoding.BinaryXMLDecoder setElement
INFORMAÇÕES: Reset decode array sizes to 150
Jan 15, 2015 6:20:57 PM org.ccnx.ccn.impl.encoding.BinaryXMLDecoder setElement
INFORMAÇÕES: Reset decode array sizes to 225
Jan 15, 2015 6:20:57 PM org.ccnx.ccn.impl.encoding.BinaryXMLDecoder setElement
INFORMAÇÕES: Reset decode array sizes to 337
Jan 15, 2015 6:20:57 PM org.ccnx.ccn.impl.encoding.BinaryXMLDecoder setElement
INFORMAÇÕES: Reset decode array sizes to 505
Jan 15, 2015 6:20:57 PM org.ccnx.ccn.impl.encoding.BinaryXMLDecoder setElement
INFORMAÇÕES: Reset decode array sizes to 757
Jan 15, 2015 6:20:57 PM org.ccnx.ccn.io.content.SyncNodeComposite decodeLogging
O MAIS DETALHADO: decode node for =06F9122863D603582CCAE5861DEE46027EBE00B29709E5CF2D5C4D57DB5DEF1A6A depth = 1 refs = 12
Jan 15, 2015 6:20:57 PM org.ccnx.ccn.io.content.SyncNodeComposite decodeLogging
O MAIS DETALHADO: min is 0, max is 1, expanded min is /ccnx.org/test/SyncTestRepo-15-01-15-18.20.23/ccnSyncTest/slice7/round1/randomFile/=FD054B82F2CCC9/=00/=C5865CCFAA18603B6631973EAC868ECC9F91E31BFCA0DF626E2E9FC830A657E7, expanded max is /ccnx.org/test/SyncTestRepo-15-01-15-18.20.23/ccnSyncTest/slice7/round5/randomFile/=FD054B82F39C5A/=0001/=F3D5F658E454783822A72B9A63CA19C4ADDFE3B3A86E01E8A1E869C5D439912D
Jan 15, 2015 6:20:57 PM org.ccnx.ccn.impl.encoding.BinaryXMLDecoder setElement
INFORMAÇÕES: Reset decode array sizes to 150
Jan 15, 2015 6:20:57 PM org.ccnx.ccn.impl.encoding.BinaryXMLDecoder setElement
INFORMAÇÕES: Reset decode array sizes to 225
Jan 15, 2015 6:20:57 PM org.ccnx.ccn.impl.encoding.BinaryXMLDecoder setElement
INFORMAÇÕES: Reset decode array sizes to 337
Jan 15, 2015 6:20:57 PM org.ccnx.ccn.impl.encoding.BinaryXMLDecoder setElement
INFORMAÇÕES: Reset decode array sizes to 505
Jan 15, 2015 6:20:57 PM org.ccnx.ccn.impl.encoding.BinaryXMLDecoder setElement
INFORMAÇÕES: Reset decode array sizes to 757
Jan 15, 2015 6:20:57 PM org.ccnx.ccn.impl.encoding.BinaryXMLDecoder setElement
INFORMAÇÕES: Reset decode array sizes to 150
Jan 15, 2015 6:20:57 PM org.ccnx.ccn.impl.encoding.BinaryXMLDecoder setElement
INFORMAÇÕES: Reset decode array sizes to 225
Jan 15, 2015 6:20:57 PM org.ccnx.ccn.impl.encoding.BinaryXMLDecoder setElement
INFORMAÇÕES: Reset decode array sizes to 337
Jan 15, 2015 6:20:57 PM org.ccnx.ccn.impl.encoding.BinaryXMLDecoder setElement
INFORMAÇÕES: Reset decode array sizes to 505
Jan 15, 2015 6:20:57 PM org.ccnx.ccn.impl.encoding.BinaryXMLDecoder setElement
INFORMAÇÕES: Reset decode array sizes to 757
Jan 15, 2015 6:20:57 PM org.ccnx.ccn.impl.encoding.BinaryXMLDecoder setElement
INFORMAÇÕES: Reset decode array sizes to 150
Jan 15, 2015 6:20:57 PM org.ccnx.ccn.impl.encoding.BinaryXMLDecoder setElement
INFORMAÇÕES: Reset decode array sizes to 225
Jan 15, 2015 6:20:57 PM org.ccnx.ccn.impl.encoding.BinaryXMLDecoder setElement
INFORMAÇÕES: Reset decode array sizes to 337
Jan 15, 2015 6:20:57 PM org.ccnx.ccn.impl.encoding.BinaryXMLDecoder setElement
INFORMAÇÕES: Reset decode array sizes to 505
Jan 15, 2015 6:20:57 PM org.ccnx.ccn.impl.encoding.BinaryXMLDecoder setElement
INFORMAÇÕES: Reset decode array sizes to 757
Jan 15, 2015 6:20:57 PM org.ccnx.ccn.impl.sync.SliceComparator run
INFORMAÇÕES: Starting new round with X = =02B1E240279517C86763BA374B7C6F91E7758CB65FAFCCE7D84E9F7D9D48A82206 and Y = =06F9122863D603582CCAE5861DEE46027EBE00B29709E5CF2D5C4D57DB5DEF1A6A
Jan 15, 2015 6:20:57 PM org.ccnx.ccn.impl.sync.SliceComparator doComparison
O MAIS DETALHADO: Compare LEAF =02B1E240279517C86763BA374B7C6F91E7758CB65FAFCCE7D84E9F7D9D48A82206 to LEAF =06F9122863D603582CCAE5861DEE46027EBE00B29709E5CF2D5C4D57DB5DEF1A6A
Jan 15, 2015 6:20:57 PM org.ccnx.ccn.impl.sync.SliceComparator doComparison
O MAIS DETALHADO: name X is 0, pos X is 0, name Y is 0, pos Y is 0 comp is 0
Jan 15, 2015 6:20:57 PM org.ccnx.ccn.impl.sync.SliceComparator doComparison
O MAIS DETALHADO: name X (expanded) is /ccnx.org/test/SyncTestRepo-15-01-15-18.20.23/ccnSyncTest/slice7/round1/randomFile/=FD054B82F2CCC9/=00/=C5865CCFAA18603B6631973EAC868ECC9F91E31BFCA0DF626E2E9FC830A657E7, name Y (expanded) is /ccnx.org/test/SyncTestRepo-15-01-15-18.20.23/ccnSyncTest/slice7/round1/randomFile/=FD054B82F2CCC9/=00/=C5865CCFAA18603B6631973EAC868ECC9F91E31BFCA0DF626E2E9FC830A657E7
Jan 15, 2015 6:20:57 PM org.ccnx.ccn.impl.sync.SliceComparator doComparison
O MAIS DETALHADO: Compare LEAF =02B1E240279517C86763BA374B7C6F91E7758CB65FAFCCE7D84E9F7D9D48A82206 to LEAF =06F9122863D603582CCAE5861DEE46027EBE00B29709E5CF2D5C4D57DB5DEF1A6A
Jan 15, 2015 6:20:57 PM org.ccnx.ccn.impl.sync.SliceComparator doComparison
O MAIS DETALHADO: name X is 1, pos X is 1, name Y is 1, pos Y is 1 comp is 0
Jan 15, 2015 6:20:57 PM org.ccnx.ccn.impl.sync.SliceComparator doComparison
O MAIS DETALHADO: name X (expanded) is /ccnx.org/test/SyncTestRepo-15-01-15-18.20.23/ccnSyncTest/slice7/round1/randomFile/=FD054B82F2CCC9/=0001/=A18C2B1C022C197A5BC74E3F1E991DABDE6D9CB30459055A2A96137BCB88E4E3, name Y (expanded) is /ccnx.org/test/SyncTestRepo-15-01-15-18.20.23/ccnSyncTest/slice7/round1/randomFile/=FD054B82F2CCC9/=0001/=A18C2B1C022C197A5BC74E3F1E991DABDE6D9CB30459055A2A96137BCB88E4E3
Jan 15, 2015 6:20:57 PM org.ccnx.ccn.impl.sync.SliceComparator doComparison
O MAIS DETALHADO: Compare LEAF =02B1E240279517C86763BA374B7C6F91E7758CB65FAFCCE7D84E9F7D9D48A82206 to LEAF =06F9122863D603582CCAE5861DEE46027EBE00B29709E5CF2D5C4D57DB5DEF1A6A
Jan 15, 2015 6:20:57 PM org.ccnx.ccn.impl.sync.SliceComparator doComparison
O MAIS DETALHADO: name X is 0, pos X is 2, name Y is 0, pos Y is 2 comp is 0
Jan 15, 2015 6:20:57 PM org.ccnx.ccn.impl.sync.SliceComparator doComparison
O MAIS DETALHADO: name X (expanded) is /ccnx.org/test/SyncTestRepo-15-01-15-18.20.23/ccnSyncTest/slice7/round1/randomFile/=FD054B82F2CCC9/%C1.META.M/.header/=FD054B82F2CD33/=00/=AE042E3F2E2030F2DB6CC0137D279527EAF10C1E28F798A4469C8AD9AA953CB3, name Y (expanded) is /ccnx.org/test/SyncTestRepo-15-01-15-18.20.23/ccnSyncTest/slice7/round1/randomFile/=FD054B82F2CCC9/%C1.META.M/.header/=FD054B82F2CD33/=00/=AE042E3F2E2030F2DB6CC0137D279527EAF10C1E28F798A4469C8AD9AA953CB3
Jan 15, 2015 6:20:57 PM org.ccnx.ccn.impl.sync.SliceComparator doComparison
O MAIS DETALHADO: Compare LEAF =02B1E240279517C86763BA374B7C6F91E7758CB65FAFCCE7D84E9F7D9D48A82206 to LEAF =06F9122863D603582CCAE5861DEE46027EBE00B29709E5CF2D5C4D57DB5DEF1A6A
Jan 15, 2015 6:20:57 PM org.ccnx.ccn.impl.sync.SliceComparator doComparison
O MAIS DETALHADO: name X is 0, pos X is 3, name Y is 0, pos Y is 3 comp is 0
Jan 15, 2015 6:20:57 PM org.ccnx.ccn.impl.sync.SliceComparator doComparison
O MAIS DETALHADO: name X (expanded) is /ccnx.org/test/SyncTestRepo-15-01-15-18.20.23/ccnSyncTest/slice7/round2/randomFile/=FD054B82F356C5/=00/%22do6=AC0DA006F210F5ACDAE423C2810031282712A878D5DAC257C159A328, name Y (expanded) is /ccnx.org/test/SyncTestRepo-15-01-15-18.20.23/ccnSyncTest/slice7/round2/randomFile/=FD054B82F356C5/=00/%22do6=AC0DA006F210F5ACDAE423C2810031282712A878D5DAC257C159A328
Jan 15, 2015 6:20:57 PM org.ccnx.ccn.impl.sync.SliceComparator doComparison
O MAIS DETALHADO: Compare LEAF =02B1E240279517C86763BA374B7C6F91E7758CB65FAFCCE7D84E9F7D9D48A82206 to LEAF =06F9122863D603582CCAE5861DEE46027EBE00B29709E5CF2D5C4D57DB5DEF1A6A
Jan 15, 2015 6:20:57 PM org.ccnx.ccn.impl.sync.SliceComparator doComparison
O MAIS DETALHADO: name X is 1, pos X is 4, name Y is 1, pos Y is 4 comp is 0
Jan 15, 2015 6:20:57 PM org.ccnx.ccn.impl.sync.SliceComparator doComparison
O MAIS DETALHADO: name X (expanded) is /ccnx.org/test/SyncTestRepo-15-01-15-18.20.23/ccnSyncTest/slice7/round2/randomFile/=FD054B82F356C5/=0001/%01J%7F~Z=BEBCF2530B6FA7738CBFAB7AAA0BAC90378EC418836EB696824871, name Y (expanded) is /ccnx.org/test/SyncTestRepo-15-01-15-18.20.23/ccnSyncTest/slice7/round2/randomFile/=FD054B82F356C5/=0001/%01J%7F~Z=BEBCF2530B6FA7738CBFAB7AAA0BAC90378EC418836EB696824871
Jan 15, 2015 6:20:57 PM org.ccnx.ccn.impl.sync.SliceComparator doComparison
O MAIS DETALHADO: Compare LEAF =02B1E240279517C86763BA374B7C6F91E7758CB65FAFCCE7D84E9F7D9D48A82206 to LEAF =06F9122863D603582CCAE5861DEE46027EBE00B29709E5CF2D5C4D57DB5DEF1A6A
Jan 15, 2015 6:20:57 PM org.ccnx.ccn.impl.sync.SliceComparator doComparison
O MAIS DETALHADO: name X is 0, pos X is 5, name Y is 0, pos Y is 5 comp is 0
Jan 15, 2015 6:20:57 PM org.ccnx.ccn.impl.sync.SliceComparator doComparison
O MAIS DETALHADO: name X (expanded) is /ccnx.org/test/SyncTestRepo-15-01-15-18.20.23/ccnSyncTest/slice7/round2/randomFile/=FD054B82F356C5/%C1.META.M/.header/=FD054B82F3572F/=00/y=1C9B47B3E6C0C581382C65E5B76CD910F1ED9DCE91333A80E00E714A07BCF0, name Y (expanded) is /ccnx.org/test/SyncTestRepo-15-01-15-18.20.23/ccnSyncTest/slice7/round2/randomFile/=FD054B82F356C5/%C1.META.M/.header/=FD054B82F3572F/=00/y=1C9B47B3E6C0C581382C65E5B76CD910F1ED9DCE91333A80E00E714A07BCF0
Jan 15, 2015 6:20:57 PM org.ccnx.ccn.impl.sync.SliceComparator doComparison
O MAIS DETALHADO: Y hash only for =06F9122863D603582CCAE5861DEE46027EBE00B29709E5CF2D5C4D57DB5DEF1A6A, type is LEAF, pos is 6
Jan 15, 2015 6:20:57 PM org.ccnx.ccn.profiles.sync.SyncTestRepo doHandleContentName
INFORMAÇÕES: Number 1: Callback for name: /ccnx.org/test/SyncTestRepo-15-01-15-18.20.23/ccnSyncTest/slice7/round3/randomFile/=FD054B82F36585/=00 - number is 0
Jan 15, 2015 6:20:57 PM org.ccnx.ccn.impl.sync.SliceComparator doComparison
O MAIS DETALHADO: Y hash only for =06F9122863D603582CCAE5861DEE46027EBE00B29709E5CF2D5C4D57DB5DEF1A6A, type is LEAF, pos is 7
Jan 15, 2015 6:20:57 PM org.ccnx.ccn.profiles.sync.SyncTestRepo doHandleContentName
INFORMAÇÕES: Number 1: Callback for name: /ccnx.org/test/SyncTestRepo-15-01-15-18.20.23/ccnSyncTest/slice7/round3/randomFile/=FD054B82F36585/%C1.META.M/.header/=FD054B82F365DB/=00 - number is header
Jan 15, 2015 6:20:57 PM org.ccnx.ccn.impl.sync.SliceComparator doComparison
O MAIS DETALHADO: Y hash only for =06F9122863D603582CCAE5861DEE46027EBE00B29709E5CF2D5C4D57DB5DEF1A6A, type is LEAF, pos is 8
Jan 15, 2015 6:20:57 PM org.ccnx.ccn.profiles.sync.SyncTestRepo doHandleContentName
INFORMAÇÕES: Number 1: Callback for name: /ccnx.org/test/SyncTestRepo-15-01-15-18.20.23/ccnSyncTest/slice7/round4/randomFile/=FD054B82F37C08/=00 - number is 0
Jan 15, 2015 6:20:57 PM org.ccnx.ccn.impl.sync.SliceComparator doComparison
O MAIS DETALHADO: Y hash only for =06F9122863D603582CCAE5861DEE46027EBE00B29709E5CF2D5C4D57DB5DEF1A6A, type is LEAF, pos is 9
Jan 15, 2015 6:20:57 PM org.ccnx.ccn.profiles.sync.SyncTestRepo doHandleContentName
INFORMAÇÕES: Number 1: Callback for name: /ccnx.org/test/SyncTestRepo-15-01-15-18.20.23/ccnSyncTest/slice7/round4/randomFile/=FD054B82F37C08/%C1.META.M/.header/=FD054B82F37C5E/=00 - number is header
Jan 15, 2015 6:20:57 PM org.ccnx.ccn.impl.sync.SliceComparator doComparison
O MAIS DETALHADO: Y hash only for =06F9122863D603582CCAE5861DEE46027EBE00B29709E5CF2D5C4D57DB5DEF1A6A, type is LEAF, pos is 10
Jan 15, 2015 6:20:57 PM org.ccnx.ccn.profiles.sync.SyncTestRepo doHandleContentName
INFORMAÇÕES: Number 1: Callback for name: /ccnx.org/test/SyncTestRepo-15-01-15-18.20.23/ccnSyncTest/slice7/round5/randomFile/=FD054B82F39C5A/=00 - number is 0
Jan 15, 2015 6:20:57 PM org.ccnx.ccn.impl.sync.SliceComparator doComparison
O MAIS DETALHADO: Y hash only for =06F9122863D603582CCAE5861DEE46027EBE00B29709E5CF2D5C4D57DB5DEF1A6A, type is LEAF, pos is 11
Jan 15, 2015 6:20:57 PM org.ccnx.ccn.profiles.sync.SyncTestRepo doHandleContentName
INFORMAÇÕES: Number 1: Callback for name: /ccnx.org/test/SyncTestRepo-15-01-15-18.20.23/ccnSyncTest/slice7/round5/randomFile/=FD054B82F39C5A/=0001 - number is 1
Jan 15, 2015 6:20:57 PM org.ccnx.ccn.impl.sync.SliceComparator updateCurrent
O MAIS DETALHADO: Starting update from hash =02B1E240279517C86763BA374B7C6F91E7758CB65FAFCCE7D84E9F7D9D48A82206
Jan 15, 2015 6:20:57 PM org.ccnx.ccn.impl.sync.SliceComparator updateCurrent
O MAIS DETALHADO: Shortcut in update - popping last node
Jan 15, 2015 6:20:57 PM org.ccnx.ccn.impl.sync.SliceComparator updateCurrent
O MAIS DETALHADO: Update: starting redo because of extra names at end starting with /ccnx.org/test/SyncTestRepo-15-01-15-18.20.23/ccnSyncTest/slice7/round3/randomFile/=FD054B82F36585/=00/=FC0C2478E39F938EF1BDCF939876C0ED817B2080D1AC47D9D4D06A0B92E0F6BC
Jan 15, 2015 6:20:57 PM org.ccnx.ccn.impl.sync.SliceComparator addNeededNames
O MAIS DETALHADO: Update: subsuming node
Jan 15, 2015 6:20:57 PM ccnx.Sync
DETALHADO: Node split due to level change - nbytes 2004, match 5, prev 8
Jan 15, 2015 6:20:57 PM org.ccnx.ccn.impl.sync.SyncTreeEntry <init>
O MAIS DETALHADO: Found existing node: %05m=3C0CD078E20F9104C59917DDB181ABE7A94462967B655262C8023823744381
Jan 15, 2015 6:20:57 PM org.ccnx.ccn.io.content.SyncNodeComposite decodeLogging
O MAIS DETALHADO: decode node for %05m=3C0CD078E20F9104C59917DDB181ABE7A94462967B655262C8023823744381 depth = 1 refs = 10
Jan 15, 2015 6:20:57 PM org.ccnx.ccn.io.content.SyncNodeComposite decodeLogging
O MAIS DETALHADO: min is 0, max is 0, expanded min is /ccnx.org/test/SyncTestRepo-15-01-15-18.20.23/ccnSyncTest/slice7/round1/randomFile/=FD054B82F2CCC9/=00/=C5865CCFAA18603B6631973EAC868ECC9F91E31BFCA0DF626E2E9FC830A657E7, expanded max is /ccnx.org/test/SyncTestRepo-15-01-15-18.20.23/ccnSyncTest/slice7/round4/randomFile/=FD054B82F37C08/%C1.META.M/.header/=FD054B82F37C5E/=00/=D1CD9F91BD6AC7892C26315F28A63DDC62D3D025A0E51EEC566611356CE41191
Jan 15, 2015 6:20:57 PM org.ccnx.ccn.io.content.SyncNodeComposite decodeLogging
O MAIS DETALHADO: decode node for =018BD61B935D21489BC61FED06109480D2D6576E34736A69DAF98555A33A7AD6E9 depth = 1 refs = 2
Jan 15, 2015 6:20:57 PM org.ccnx.ccn.io.content.SyncNodeComposite decodeLogging
O MAIS DETALHADO: min is 0, max is 1, expanded min is /ccnx.org/test/SyncTestRepo-15-01-15-18.20.23/ccnSyncTest/slice7/round5/randomFile/=FD054B82F39C5A/=00/=9800253A78CCD063A378C16BACCA670E28778A80CAFC67F2579CEBDD664145BC, expanded max is /ccnx.org/test/SyncTestRepo-15-01-15-18.20.23/ccnSyncTest/slice7/round5/randomFile/=FD054B82F39C5A/=0001/=F3D5F658E454783822A72B9A63CA19C4ADDFE3B3A86E01E8A1E869C5D439912D
Jan 15, 2015 6:20:57 PM org.ccnx.ccn.impl.sync.SyncTreeEntry <init>
O MAIS DETALHADO: Found existing node: =06F9122863D603582CCAE5861DEE46027EBE00B29709E5CF2D5C4D57DB5DEF1A6A
Jan 15, 2015 6:20:57 PM org.ccnx.ccn.io.content.SyncNodeComposite decodeLogging
O MAIS DETALHADO: decode node for =06F9122863D603582CCAE5861DEE46027EBE00B29709E5CF2D5C4D57DB5DEF1A6A depth = 2 refs = 2
Jan 15, 2015 6:20:57 PM org.ccnx.ccn.io.content.SyncNodeComposite decodeLogging
O MAIS DETALHADO: min is 0, max is 1, expanded min is /ccnx.org/test/SyncTestRepo-15-01-15-18.20.23/ccnSyncTest/slice7/round1/randomFile/=FD054B82F2CCC9/=00/=C5865CCFAA18603B6631973EAC868ECC9F91E31BFCA0DF626E2E9FC830A657E7, expanded max is /ccnx.org/test/SyncTestRepo-15-01-15-18.20.23/ccnSyncTest/slice7/round5/randomFile/=FD054B82F39C5A/=0001/=F3D5F658E454783822A72B9A63CA19C4ADDFE3B3A86E01E8A1E869C5D439912D
Jan 15, 2015 6:20:57 PM org.ccnx.ccn.impl.sync.NodeBuilder createHeadRecursive
O MAIS DETALHADO: Creating new compound node - with first element %05m=3C0CD078E20F9104C59917DDB181ABE7A94462967B655262C8023823744381 and last element =018BD61B935D21489BC61FED06109480D2D6576E34736A69DAF98555A33A7AD6E9
Jan 15, 2015 6:20:57 PM org.ccnx.ccn.impl.sync.SliceComparator updateCurrent
INFORMAÇÕES: Resetting current to created head: =06F9122863D603582CCAE5861DEE46027EBE00B29709E5CF2D5C4D57DB5DEF1A6A
Jan 15, 2015 6:20:57 PM org.ccnx.ccn.impl.sync.SliceComparator run
INFORMAÇÕES: Starting new round with X = =06F9122863D603582CCAE5861DEE46027EBE00B29709E5CF2D5C4D57DB5DEF1A6A and Y = %05m=3C0CD078E20F9104C59917DDB181ABE7A94462967B655262C8023823744381
Jan 15, 2015 6:20:57 PM org.ccnx.ccn.impl.sync.SliceComparator doComparison
O MAIS DETALHADO: Compare NODE =06F9122863D603582CCAE5861DEE46027EBE00B29709E5CF2D5C4D57DB5DEF1A6A to LEAF %05m=3C0CD078E20F9104C59917DDB181ABE7A94462967B655262C8023823744381, resMin is 0, resMax is -1
Jan 15, 2015 6:20:57 PM org.ccnx.ccn.impl.sync.SliceComparator doComparison
O MAIS DETALHADO: minname is 0, maxname is 1, pos X is 0, pos Y is 0
Jan 15, 2015 6:20:57 PM org.ccnx.ccn.impl.sync.SliceComparator doComparison
O MAIS DETALHADO: Compare NODE =06F9122863D603582CCAE5861DEE46027EBE00B29709E5CF2D5C4D57DB5DEF1A6A to LEAF %05m=3C0CD078E20F9104C59917DDB181ABE7A94462967B655262C8023823744381, resMin is 1, resMax is -1
Jan 15, 2015 6:20:57 PM org.ccnx.ccn.impl.sync.SliceComparator doComparison
O MAIS DETALHADO: minname is 0, maxname is 1, pos X is 0, pos Y is 1
Jan 15, 2015 6:20:57 PM org.ccnx.ccn.impl.sync.SliceComparator doComparison
O MAIS DETALHADO: Compare LEAF %05m=3C0CD078E20F9104C59917DDB181ABE7A94462967B655262C8023823744381 to LEAF %05m=3C0CD078E20F9104C59917DDB181ABE7A94462967B655262C8023823744381
Jan 15, 2015 6:20:57 PM org.ccnx.ccn.impl.sync.SliceComparator doComparison
O MAIS DETALHADO: name X is 0, pos X is 0, name Y is 1, pos Y is 1 comp is -1
Jan 15, 2015 6:20:57 PM org.ccnx.ccn.impl.sync.SliceComparator doComparison
O MAIS DETALHADO: name X (expanded) is /ccnx.org/test/SyncTestRepo-15-01-15-18.20.23/ccnSyncTest/slice7/round1/randomFile/=FD054B82F2CCC9/=00/=C5865CCFAA18603B6631973EAC868ECC9F91E31BFCA0DF626E2E9FC830A657E7, name Y (expanded) is /ccnx.org/test/SyncTestRepo-15-01-15-18.20.23/ccnSyncTest/slice7/round1/randomFile/=FD054B82F2CCC9/=0001/=A18C2B1C022C197A5BC74E3F1E991DABDE6D9CB30459055A2A96137BCB88E4E3
Jan 15, 2015 6:20:57 PM org.ccnx.ccn.impl.sync.SliceComparator doComparison
O MAIS DETALHADO: Compare LEAF %05m=3C0CD078E20F9104C59917DDB181ABE7A94462967B655262C8023823744381 to LEAF %05m=3C0CD078E20F9104C59917DDB181ABE7A94462967B655262C8023823744381
Jan 15, 2015 6:20:57 PM org.ccnx.ccn.impl.sync.SliceComparator doComparison
O MAIS DETALHADO: name X is 1, pos X is 1, name Y is 1, pos Y is 1 comp is 0
Jan 15, 2015 6:20:57 PM org.ccnx.ccn.impl.sync.SliceComparator doComparison
O MAIS DETALHADO: name X (expanded) is /ccnx.org/test/SyncTestRepo-15-01-15-18.20.23/ccnSyncTest/slice7/round1/randomFile/=FD054B82F2CCC9/=0001/=A18C2B1C022C197A5BC74E3F1E991DABDE6D9CB30459055A2A96137BCB88E4E3, name Y (expanded) is /ccnx.org/test/SyncTestRepo-15-01-15-18.20.23/ccnSyncTest/slice7/round1/randomFile/=FD054B82F2CCC9/=0001/=A18C2B1C022C197A5BC74E3F1E991DABDE6D9CB30459055A2A96137BCB88E4E3
Jan 15, 2015 6:20:57 PM org.ccnx.ccn.impl.sync.SliceComparator doComparison
O MAIS DETALHADO: Compare LEAF %05m=3C0CD078E20F9104C59917DDB181ABE7A94462967B655262C8023823744381 to LEAF %05m=3C0CD078E20F9104C59917DDB181ABE7A94462967B655262C8023823744381
Jan 15, 2015 6:20:57 PM org.ccnx.ccn.impl.sync.SliceComparator doComparison
O MAIS DETALHADO: name X is 0, pos X is 2, name Y is 0, pos Y is 2 comp is 0
Jan 15, 2015 6:20:57 PM org.ccnx.ccn.impl.sync.SliceComparator doComparison
O MAIS DETALHADO: name X (expanded) is /ccnx.org/test/SyncTestRepo-15-01-15-18.20.23/ccnSyncTest/slice7/round1/randomFile/=FD054B82F2CCC9/%C1.META.M/.header/=FD054B82F2CD33/=00/=AE042E3F2E2030F2DB6CC0137D279527EAF10C1E28F798A4469C8AD9AA953CB3, name Y (expanded) is /ccnx.org/test/SyncTestRepo-15-01-15-18.20.23/ccnSyncTest/slice7/round1/randomFile/=FD054B82F2CCC9/%C1.META.M/.header/=FD054B82F2CD33/=00/=AE042E3F2E2030F2DB6CC0137D279527EAF10C1E28F798A4469C8AD9AA953CB3
Jan 15, 2015 6:20:57 PM org.ccnx.ccn.impl.sync.SliceComparator doComparison
O MAIS DETALHADO: Compare LEAF %05m=3C0CD078E20F9104C59917DDB181ABE7A94462967B655262C8023823744381 to LEAF %05m=3C0CD078E20F9104C59917DDB181ABE7A94462967B655262C8023823744381
Jan 15, 2015 6:20:57 PM org.ccnx.ccn.impl.sync.SliceComparator doComparison
O MAIS DETALHADO: name X is 0, pos X is 3, name Y is 0, pos Y is 3 comp is 0
Jan 15, 2015 6:20:57 PM org.ccnx.ccn.impl.sync.SliceComparator doComparison
O MAIS DETALHADO: name X (expanded) is /ccnx.org/test/SyncTestRepo-15-01-15-18.20.23/ccnSyncTest/slice7/round2/randomFile/=FD054B82F356C5/=00/%22do6=AC0DA006F210F5ACDAE423C2810031282712A878D5DAC257C159A328, name Y (expanded) is /ccnx.org/test/SyncTestRepo-15-01-15-18.20.23/ccnSyncTest/slice7/round2/randomFile/=FD054B82F356C5/=00/%22do6=AC0DA006F210F5ACDAE423C2810031282712A878D5DAC257C159A328
Jan 15, 2015 6:20:57 PM org.ccnx.ccn.impl.sync.SliceComparator doComparison
O MAIS DETALHADO: Compare LEAF %05m=3C0CD078E20F9104C59917DDB181ABE7A94462967B655262C8023823744381 to LEAF %05m=3C0CD078E20F9104C59917DDB181ABE7A94462967B655262C8023823744381
Jan 15, 2015 6:20:57 PM org.ccnx.ccn.impl.sync.SliceComparator doComparison
O MAIS DETALHADO: name X is 1, pos X is 4, name Y is 1, pos Y is 4 comp is 0
Jan 15, 2015 6:20:57 PM org.ccnx.ccn.impl.sync.SliceComparator doComparison
O MAIS DETALHADO: name X (expanded) is /ccnx.org/test/SyncTestRepo-15-01-15-18.20.23/ccnSyncTest/slice7/round2/randomFile/=FD054B82F356C5/=0001/%01J%7F~Z=BEBCF2530B6FA7738CBFAB7AAA0BAC90378EC418836EB696824871, name Y (expanded) is /ccnx.org/test/SyncTestRepo-15-01-15-18.20.23/ccnSyncTest/slice7/round2/randomFile/=FD054B82F356C5/=0001/%01J%7F~Z=BEBCF2530B6FA7738CBFAB7AAA0BAC90378EC418836EB696824871
Jan 15, 2015 6:20:57 PM org.ccnx.ccn.impl.sync.SliceComparator doComparison
O MAIS DETALHADO: Compare LEAF %05m=3C0CD078E20F9104C59917DDB181ABE7A94462967B655262C8023823744381 to LEAF %05m=3C0CD078E20F9104C59917DDB181ABE7A94462967B655262C8023823744381
Jan 15, 2015 6:20:57 PM org.ccnx.ccn.impl.sync.SliceComparator doComparison
O MAIS DETALHADO: name X is 0, pos X is 5, name Y is 0, pos Y is 5 comp is 0
Jan 15, 2015 6:20:57 PM org.ccnx.ccn.impl.sync.SliceComparator doComparison
O MAIS DETALHADO: name X (expanded) is /ccnx.org/test/SyncTestRepo-15-01-15-18.20.23/ccnSyncTest/slice7/round2/randomFile/=FD054B82F356C5/%C1.META.M/.header/=FD054B82F3572F/=00/y=1C9B47B3E6C0C581382C65E5B76CD910F1ED9DCE91333A80E00E714A07BCF0, name Y (expanded) is /ccnx.org/test/SyncTestRepo-15-01-15-18.20.23/ccnSyncTest/slice7/round2/randomFile/=FD054B82F356C5/%C1.META.M/.header/=FD054B82F3572F/=00/y=1C9B47B3E6C0C581382C65E5B76CD910F1ED9DCE91333A80E00E714A07BCF0
Jan 15, 2015 6:20:57 PM org.ccnx.ccn.impl.sync.SliceComparator doComparison
O MAIS DETALHADO: Compare LEAF %05m=3C0CD078E20F9104C59917DDB181ABE7A94462967B655262C8023823744381 to LEAF %05m=3C0CD078E20F9104C59917DDB181ABE7A94462967B655262C8023823744381
Jan 15, 2015 6:20:57 PM org.ccnx.ccn.impl.sync.SliceComparator doComparison
O MAIS DETALHADO: name X is 0, pos X is 6, name Y is 0, pos Y is 6 comp is 0
Jan 15, 2015 6:20:57 PM org.ccnx.ccn.impl.sync.SliceComparator doComparison
O MAIS DETALHADO: name X (expanded) is /ccnx.org/test/SyncTestRepo-15-01-15-18.20.23/ccnSyncTest/slice7/round3/randomFile/=FD054B82F36585/=00/=FC0C2478E39F938EF1BDCF939876C0ED817B2080D1AC47D9D4D06A0B92E0F6BC, name Y (expanded) is /ccnx.org/test/SyncTestRepo-15-01-15-18.20.23/ccnSyncTest/slice7/round3/randomFile/=FD054B82F36585/=00/=FC0C2478E39F938EF1BDCF939876C0ED817B2080D1AC47D9D4D06A0B92E0F6BC
Jan 15, 2015 6:20:57 PM org.ccnx.ccn.impl.sync.SliceComparator doComparison
O MAIS DETALHADO: Compare LEAF %05m=3C0CD078E20F9104C59917DDB181ABE7A94462967B655262C8023823744381 to LEAF %05m=3C0CD078E20F9104C59917DDB181ABE7A94462967B655262C8023823744381
Jan 15, 2015 6:20:57 PM org.ccnx.ccn.impl.sync.SliceComparator doComparison
O MAIS DETALHADO: name X is 0, pos X is 7, name Y is 0, pos Y is 7 comp is 0
Jan 15, 2015 6:20:57 PM org.ccnx.ccn.impl.sync.SliceComparator doComparison
O MAIS DETALHADO: name X (expanded) is /ccnx.org/test/SyncTestRepo-15-01-15-18.20.23/ccnSyncTest/slice7/round3/randomFile/=FD054B82F36585/%C1.META.M/.header/=FD054B82F365DB/=00/=9889B7AE070123207E5EA7B1B1361339101399B345CE9F9BAE8DDB4B4CA48C25, name Y (expanded) is /ccnx.org/test/SyncTestRepo-15-01-15-18.20.23/ccnSyncTest/slice7/round3/randomFile/=FD054B82F36585/%C1.META.M/.header/=FD054B82F365DB/=00/=9889B7AE070123207E5EA7B1B1361339101399B345CE9F9BAE8DDB4B4CA48C25
Jan 15, 2015 6:20:57 PM org.ccnx.ccn.impl.sync.SliceComparator doComparison
O MAIS DETALHADO: Compare LEAF %05m=3C0CD078E20F9104C59917DDB181ABE7A94462967B655262C8023823744381 to LEAF %05m=3C0CD078E20F9104C59917DDB181ABE7A94462967B655262C8023823744381
Jan 15, 2015 6:20:57 PM org.ccnx.ccn.impl.sync.SliceComparator doComparison
O MAIS DETALHADO: name X is 0, pos X is 8, name Y is 0, pos Y is 8 comp is 0
Jan 15, 2015 6:20:57 PM org.ccnx.ccn.impl.sync.SliceComparator doComparison
O MAIS DETALHADO: name X (expanded) is /ccnx.org/test/SyncTestRepo-15-01-15-18.20.23/ccnSyncTest/slice7/round4/randomFile/=FD054B82F37C08/=00/T%F6P=F03BBEC8F104C8B927EEEEDDC17DBA03A92E4E77183A642E0E8E628D09, name Y (expanded) is /ccnx.org/test/SyncTestRepo-15-01-15-18.20.23/ccnSyncTest/slice7/round4/randomFile/=FD054B82F37C08/=00/T%F6P=F03BBEC8F104C8B927EEEEDDC17DBA03A92E4E77183A642E0E8E628D09
Jan 15, 2015 6:20:57 PM org.ccnx.ccn.impl.sync.SliceComparator doComparison
O MAIS DETALHADO: Compare LEAF %05m=3C0CD078E20F9104C59917DDB181ABE7A94462967B655262C8023823744381 to LEAF %05m=3C0CD078E20F9104C59917DDB181ABE7A94462967B655262C8023823744381
Jan 15, 2015 6:20:57 PM org.ccnx.ccn.impl.sync.SliceComparator doComparison
O MAIS DETALHADO: name X is 0, pos X is 9, name Y is 0, pos Y is 9 comp is 0
Jan 15, 2015 6:20:57 PM org.ccnx.ccn.impl.sync.SliceComparator doComparison
O MAIS DETALHADO: name X (expanded) is /ccnx.org/test/SyncTestRepo-15-01-15-18.20.23/ccnSyncTest/slice7/round4/randomFile/=FD054B82F37C08/%C1.META.M/.header/=FD054B82F37C5E/=00/=D1CD9F91BD6AC7892C26315F28A63DDC62D3D025A0E51EEC566611356CE41191, name Y (expanded) is /ccnx.org/test/SyncTestRepo-15-01-15-18.20.23/ccnSyncTest/slice7/round4/randomFile/=FD054B82F37C08/%C1.META.M/.header/=FD054B82F37C5E/=00/=D1CD9F91BD6AC7892C26315F28A63DDC62D3D025A0E51EEC566611356CE41191
Jan 15, 2015 6:20:58 PM org.ccnx.ccn.impl.sync.ProtocolBasedSyncMonitor handleContent
INFORMAÇÕES: Saw new content from sync: /ccnx.org/test/SyncTestRepo-15-01-15-18.20.23/topoPrefix/%C1.S.ra/=EBF4D3BE0E6C2BDA5B56949A458E4BDC1BCE83300A0B78B5AEDA15EDD54E5F54/=06F9122863D603582CCAE5861DEE46027EBE00B29709E5CF2D5C4D57DB5DEF1A6A/=07AF89DA31AFC1F2E9A83B8CA171BCA28FF1893523F5952626E77F88F4D6B7DC14
Jan 15, 2015 6:20:58 PM org.ccnx.ccn.impl.sync.ProtocolBasedSyncMonitor handleContent
INFORMAÇÕES: Saw new content from sync: /ccnx.org/test/SyncTestRepo-15-01-15-18.20.23/topoPrefix/%C1.S.ra/=EBF4D3BE0E6C2BDA5B56949A458E4BDC1BCE83300A0B78B5AEDA15EDD54E5F54/=06F9122863D603582CCAE5861DEE46027EBE00B29709E5CF2D5C4D57DB5DEF1A6A/=07AF89DA31AFC1F2E9A83B8CA171BCA28FF1893523F5952626E77F88F4D6B7DC14
Jan 15, 2015 6:20:58 PM org.ccnx.ccn.impl.sync.ProtocolBasedSyncMonitor handleContent
INFORMAÇÕES: Saw new content from sync: /ccnx.org/test/SyncTestRepo-15-01-15-18.20.23/topoPrefix/%C1.S.ra/=EBF4D3BE0E6C2BDA5B56949A458E4BDC1BCE83300A0B78B5AEDA15EDD54E5F54/=06F9122863D603582CCAE5861DEE46027EBE00B29709E5CF2D5C4D57DB5DEF1A6A/=07AF89DA31AFC1F2E9A83B8CA171BCA28FF1893523F5952626E77F88F4D6B7DC14
Jan 15, 2015 6:20:58 PM org.ccnx.ccn.impl.sync.ProtocolBasedSyncMonitor handleContent
INFORMAÇÕES: Saw new content from sync: /ccnx.org/test/SyncTestRepo-15-01-15-18.20.23/topoPrefix/%C1.S.ra/=EBF4D3BE0E6C2BDA5B56949A458E4BDC1BCE83300A0B78B5AEDA15EDD54E5F54/=06F9122863D603582CCAE5861DEE46027EBE00B29709E5CF2D5C4D57DB5DEF1A6A/=07AF89DA31AFC1F2E9A83B8CA171BCA28FF1893523F5952626E77F88F4D6B7DC14
Jan 15, 2015 6:20:58 PM org.ccnx.ccn.impl.sync.SliceComparator run
DETALHADO: Starting comparator run - state is INIT, sc is org.ccnx.ccn.impl.sync.SliceComparator@5546f75a, this is the lead
Jan 15, 2015 6:20:58 PM org.ccnx.ccn.impl.encoding.BinaryXMLDecoder setElement
INFORMAÇÕES: Reset decode array sizes to 150
Jan 15, 2015 6:20:58 PM org.ccnx.ccn.impl.encoding.BinaryXMLDecoder setElement
INFORMAÇÕES: Reset decode array sizes to 225
Jan 15, 2015 6:20:58 PM org.ccnx.ccn.impl.encoding.BinaryXMLDecoder setElement
INFORMAÇÕES: Reset decode array sizes to 337
Jan 15, 2015 6:20:58 PM org.ccnx.ccn.impl.encoding.BinaryXMLDecoder setElement
INFORMAÇÕES: Reset decode array sizes to 505
Jan 15, 2015 6:20:58 PM org.ccnx.ccn.impl.encoding.BinaryXMLDecoder setElement
INFORMAÇÕES: Reset decode array sizes to 757
Jan 15, 2015 6:20:58 PM org.ccnx.ccn.io.content.SyncNodeComposite decodeLogging
O MAIS DETALHADO: decode node for =07AF89DA31AFC1F2E9A83B8CA171BCA28FF1893523F5952626E77F88F4D6B7DC14 depth = 1 refs = 13
Jan 15, 2015 6:20:58 PM org.ccnx.ccn.io.content.SyncNodeComposite decodeLogging
O MAIS DETALHADO: min is 0, max is 0, expanded min is /ccnx.org/test/SyncTestRepo-15-01-15-18.20.23/ccnSyncTest/slice7/round1/randomFile/=FD054B82F2CCC9/=00/=C5865CCFAA18603B6631973EAC868ECC9F91E31BFCA0DF626E2E9FC830A657E7, expanded max is /ccnx.org/test/SyncTestRepo-15-01-15-18.20.23/ccnSyncTest/slice7/round5/randomFile/=FD054B82F39C5A/%C1.META.M/.header/=FD054B82F39CBC/=00/%B6w=B1CDD9BE9ABCDD5606838376A0113388828CEBAF56F98B32311978C8C1AA
Jan 15, 2015 6:20:58 PM org.ccnx.ccn.impl.encoding.BinaryXMLDecoder setElement
INFORMAÇÕES: Reset decode array sizes to 150
Jan 15, 2015 6:20:58 PM org.ccnx.ccn.impl.encoding.BinaryXMLDecoder setElement
INFORMAÇÕES: Reset decode array sizes to 225
Jan 15, 2015 6:20:58 PM org.ccnx.ccn.impl.encoding.BinaryXMLDecoder setElement
INFORMAÇÕES: Reset decode array sizes to 337
Jan 15, 2015 6:20:58 PM org.ccnx.ccn.impl.encoding.BinaryXMLDecoder setElement
INFORMAÇÕES: Reset decode array sizes to 505
Jan 15, 2015 6:20:58 PM org.ccnx.ccn.impl.encoding.BinaryXMLDecoder setElement
INFORMAÇÕES: Reset decode array sizes to 757
Jan 15, 2015 6:20:58 PM org.ccnx.ccn.impl.encoding.BinaryXMLDecoder setElement
INFORMAÇÕES: Reset decode array sizes to 150
Jan 15, 2015 6:20:58 PM org.ccnx.ccn.impl.encoding.BinaryXMLDecoder setElement
INFORMAÇÕES: Reset decode array sizes to 225
Jan 15, 2015 6:20:58 PM org.ccnx.ccn.impl.encoding.BinaryXMLDecoder setElement
INFORMAÇÕES: Reset decode array sizes to 337
Jan 15, 2015 6:20:58 PM org.ccnx.ccn.impl.encoding.BinaryXMLDecoder setElement
INFORMAÇÕES: Reset decode array sizes to 505
Jan 15, 2015 6:20:58 PM org.ccnx.ccn.impl.encoding.BinaryXMLDecoder setElement
INFORMAÇÕES: Reset decode array sizes to 757
Jan 15, 2015 6:20:58 PM org.ccnx.ccn.impl.encoding.BinaryXMLDecoder setElement
INFORMAÇÕES: Reset decode array sizes to 150
Jan 15, 2015 6:20:58 PM org.ccnx.ccn.impl.encoding.BinaryXMLDecoder setElement
INFORMAÇÕES: Reset decode array sizes to 225
Jan 15, 2015 6:20:58 PM org.ccnx.ccn.impl.encoding.BinaryXMLDecoder setElement
INFORMAÇÕES: Reset decode array sizes to 337
Jan 15, 2015 6:20:58 PM org.ccnx.ccn.impl.encoding.BinaryXMLDecoder setElement
INFORMAÇÕES: Reset decode array sizes to 505
Jan 15, 2015 6:20:58 PM org.ccnx.ccn.impl.encoding.BinaryXMLDecoder setElement
INFORMAÇÕES: Reset decode array sizes to 757
Jan 15, 2015 6:20:58 PM org.ccnx.ccn.impl.sync.SliceComparator run
INFORMAÇÕES: Starting new round with X = =06F9122863D603582CCAE5861DEE46027EBE00B29709E5CF2D5C4D57DB5DEF1A6A and Y = =07AF89DA31AFC1F2E9A83B8CA171BCA28FF1893523F5952626E77F88F4D6B7DC14
Jan 15, 2015 6:20:58 PM org.ccnx.ccn.impl.sync.SliceComparator doComparison
O MAIS DETALHADO: Compare NODE =06F9122863D603582CCAE5861DEE46027EBE00B29709E5CF2D5C4D57DB5DEF1A6A to LEAF =07AF89DA31AFC1F2E9A83B8CA171BCA28FF1893523F5952626E77F88F4D6B7DC14, resMin is 0, resMax is -1
Jan 15, 2015 6:20:58 PM org.ccnx.ccn.impl.sync.SliceComparator doComparison
O MAIS DETALHADO: minname is 0, maxname is 1, pos X is 0, pos Y is 0
Jan 15, 2015 6:20:58 PM org.ccnx.ccn.impl.sync.SliceComparator doComparison
O MAIS DETALHADO: Compare NODE =06F9122863D603582CCAE5861DEE46027EBE00B29709E5CF2D5C4D57DB5DEF1A6A to LEAF =07AF89DA31AFC1F2E9A83B8CA171BCA28FF1893523F5952626E77F88F4D6B7DC14, resMin is 1, resMax is -1
Jan 15, 2015 6:20:58 PM org.ccnx.ccn.impl.sync.SliceComparator doComparison
O MAIS DETALHADO: minname is 0, maxname is 1, pos X is 0, pos Y is 1
Jan 15, 2015 6:20:58 PM org.ccnx.ccn.impl.sync.SliceComparator doComparison
O MAIS DETALHADO: Compare LEAF %05m=3C0CD078E20F9104C59917DDB181ABE7A94462967B655262C8023823744381 to LEAF =07AF89DA31AFC1F2E9A83B8CA171BCA28FF1893523F5952626E77F88F4D6B7DC14
Jan 15, 2015 6:20:58 PM org.ccnx.ccn.impl.sync.SliceComparator doComparison
O MAIS DETALHADO: name X is 0, pos X is 0, name Y is 1, pos Y is 1 comp is -1
Jan 15, 2015 6:20:58 PM org.ccnx.ccn.impl.sync.SliceComparator doComparison
O MAIS DETALHADO: name X (expanded) is /ccnx.org/test/SyncTestRepo-15-01-15-18.20.23/ccnSyncTest/slice7/round1/randomFile/=FD054B82F2CCC9/=00/=C5865CCFAA18603B6631973EAC868ECC9F91E31BFCA0DF626E2E9FC830A657E7, name Y (expanded) is /ccnx.org/test/SyncTestRepo-15-01-15-18.20.23/ccnSyncTest/slice7/round1/randomFile/=FD054B82F2CCC9/=0001/=A18C2B1C022C197A5BC74E3F1E991DABDE6D9CB30459055A2A96137BCB88E4E3
Jan 15, 2015 6:20:58 PM org.ccnx.ccn.impl.sync.SliceComparator doComparison
O MAIS DETALHADO: Compare LEAF %05m=3C0CD078E20F9104C59917DDB181ABE7A94462967B655262C8023823744381 to LEAF =07AF89DA31AFC1F2E9A83B8CA171BCA28FF1893523F5952626E77F88F4D6B7DC14
Jan 15, 2015 6:20:58 PM org.ccnx.ccn.impl.sync.SliceComparator doComparison
O MAIS DETALHADO: name X is 1, pos X is 1, name Y is 1, pos Y is 1 comp is 0
Jan 15, 2015 6:20:58 PM org.ccnx.ccn.impl.sync.SliceComparator doComparison
O MAIS DETALHADO: name X (expanded) is /ccnx.org/test/SyncTestRepo-15-01-15-18.20.23/ccnSyncTest/slice7/round1/randomFile/=FD054B82F2CCC9/=0001/=A18C2B1C022C197A5BC74E3F1E991DABDE6D9CB30459055A2A96137BCB88E4E3, name Y (expanded) is /ccnx.org/test/SyncTestRepo-15-01-15-18.20.23/ccnSyncTest/slice7/round1/randomFile/=FD054B82F2CCC9/=0001/=A18C2B1C022C197A5BC74E3F1E991DABDE6D9CB30459055A2A96137BCB88E4E3
Jan 15, 2015 6:20:58 PM org.ccnx.ccn.impl.sync.SliceComparator doComparison
O MAIS DETALHADO: Compare LEAF %05m=3C0CD078E20F9104C59917DDB181ABE7A94462967B655262C8023823744381 to LEAF =07AF89DA31AFC1F2E9A83B8CA171BCA28FF1893523F5952626E77F88F4D6B7DC14
Jan 15, 2015 6:20:58 PM org.ccnx.ccn.impl.sync.SliceComparator doComparison
O MAIS DETALHADO: name X is 0, pos X is 2, name Y is 0, pos Y is 2 comp is 0
Jan 15, 2015 6:20:58 PM org.ccnx.ccn.impl.sync.SliceComparator doComparison
O MAIS DETALHADO: name X (expanded) is /ccnx.org/test/SyncTestRepo-15-01-15-18.20.23/ccnSyncTest/slice7/round1/randomFile/=FD054B82F2CCC9/%C1.META.M/.header/=FD054B82F2CD33/=00/=AE042E3F2E2030F2DB6CC0137D279527EAF10C1E28F798A4469C8AD9AA953CB3, name Y (expanded) is /ccnx.org/test/SyncTestRepo-15-01-15-18.20.23/ccnSyncTest/slice7/round1/randomFile/=FD054B82F2CCC9/%C1.META.M/.header/=FD054B82F2CD33/=00/=AE042E3F2E2030F2DB6CC0137D279527EAF10C1E28F798A4469C8AD9AA953CB3
Jan 15, 2015 6:20:58 PM org.ccnx.ccn.impl.sync.SliceComparator doComparison
O MAIS DETALHADO: Compare LEAF %05m=3C0CD078E20F9104C59917DDB181ABE7A94462967B655262C8023823744381 to LEAF =07AF89DA31AFC1F2E9A83B8CA171BCA28FF1893523F5952626E77F88F4D6B7DC14
Jan 15, 2015 6:20:58 PM org.ccnx.ccn.impl.sync.SliceComparator doComparison
O MAIS DETALHADO: name X is 0, pos X is 3, name Y is 0, pos Y is 3 comp is 0
Jan 15, 2015 6:20:58 PM org.ccnx.ccn.impl.sync.SliceComparator doComparison
O MAIS DETALHADO: name X (expanded) is /ccnx.org/test/SyncTestRepo-15-01-15-18.20.23/ccnSyncTest/slice7/round2/randomFile/=FD054B82F356C5/=00/%22do6=AC0DA006F210F5ACDAE423C2810031282712A878D5DAC257C159A328, name Y (expanded) is /ccnx.org/test/SyncTestRepo-15-01-15-18.20.23/ccnSyncTest/slice7/round2/randomFile/=FD054B82F356C5/=00/%22do6=AC0DA006F210F5ACDAE423C2810031282712A878D5DAC257C159A328
Jan 15, 2015 6:20:58 PM org.ccnx.ccn.impl.sync.SliceComparator doComparison
O MAIS DETALHADO: Compare LEAF %05m=3C0CD078E20F9104C59917DDB181ABE7A94462967B655262C8023823744381 to LEAF =07AF89DA31AFC1F2E9A83B8CA171BCA28FF1893523F5952626E77F88F4D6B7DC14
Jan 15, 2015 6:20:58 PM org.ccnx.ccn.impl.sync.SliceComparator doComparison
O MAIS DETALHADO: name X is 1, pos X is 4, name Y is 1, pos Y is 4 comp is 0
Jan 15, 2015 6:20:58 PM org.ccnx.ccn.impl.sync.SliceComparator doComparison
O MAIS DETALHADO: name X (expanded) is /ccnx.org/test/SyncTestRepo-15-01-15-18.20.23/ccnSyncTest/slice7/round2/randomFile/=FD054B82F356C5/=0001/%01J%7F~Z=BEBCF2530B6FA7738CBFAB7AAA0BAC90378EC418836EB696824871, name Y (expanded) is /ccnx.org/test/SyncTestRepo-15-01-15-18.20.23/ccnSyncTest/slice7/round2/randomFile/=FD054B82F356C5/=0001/%01J%7F~Z=BEBCF2530B6FA7738CBFAB7AAA0BAC90378EC418836EB696824871
Jan 15, 2015 6:20:58 PM org.ccnx.ccn.impl.sync.SliceComparator doComparison
O MAIS DETALHADO: Compare LEAF %05m=3C0CD078E20F9104C59917DDB181ABE7A94462967B655262C8023823744381 to LEAF =07AF89DA31AFC1F2E9A83B8CA171BCA28FF1893523F5952626E77F88F4D6B7DC14
Jan 15, 2015 6:20:58 PM org.ccnx.ccn.impl.sync.SliceComparator doComparison
O MAIS DETALHADO: name X is 0, pos X is 5, name Y is 0, pos Y is 5 comp is 0
Jan 15, 2015 6:20:58 PM org.ccnx.ccn.impl.sync.SliceComparator doComparison
O MAIS DETALHADO: name X (expanded) is /ccnx.org/test/SyncTestRepo-15-01-15-18.20.23/ccnSyncTest/slice7/round2/randomFile/=FD054B82F356C5/%C1.META.M/.header/=FD054B82F3572F/=00/y=1C9B47B3E6C0C581382C65E5B76CD910F1ED9DCE91333A80E00E714A07BCF0, name Y (expanded) is /ccnx.org/test/SyncTestRepo-15-01-15-18.20.23/ccnSyncTest/slice7/round2/randomFile/=FD054B82F356C5/%C1.META.M/.header/=FD054B82F3572F/=00/y=1C9B47B3E6C0C581382C65E5B76CD910F1ED9DCE91333A80E00E714A07BCF0
Jan 15, 2015 6:20:58 PM org.ccnx.ccn.impl.sync.SliceComparator doComparison
O MAIS DETALHADO: Compare LEAF %05m=3C0CD078E20F9104C59917DDB181ABE7A94462967B655262C8023823744381 to LEAF =07AF89DA31AFC1F2E9A83B8CA171BCA28FF1893523F5952626E77F88F4D6B7DC14
Jan 15, 2015 6:20:58 PM org.ccnx.ccn.impl.sync.SliceComparator doComparison
O MAIS DETALHADO: name X is 0, pos X is 6, name Y is 0, pos Y is 6 comp is 0
Jan 15, 2015 6:20:58 PM org.ccnx.ccn.impl.sync.SliceComparator doComparison
O MAIS DETALHADO: name X (expanded) is /ccnx.org/test/SyncTestRepo-15-01-15-18.20.23/ccnSyncTest/slice7/round3/randomFile/=FD054B82F36585/=00/=FC0C2478E39F938EF1BDCF939876C0ED817B2080D1AC47D9D4D06A0B92E0F6BC, name Y (expanded) is /ccnx.org/test/SyncTestRepo-15-01-15-18.20.23/ccnSyncTest/slice7/round3/randomFile/=FD054B82F36585/=00/=FC0C2478E39F938EF1BDCF939876C0ED817B2080D1AC47D9D4D06A0B92E0F6BC
Jan 15, 2015 6:20:58 PM org.ccnx.ccn.impl.sync.SliceComparator doComparison
O MAIS DETALHADO: Compare LEAF %05m=3C0CD078E20F9104C59917DDB181ABE7A94462967B655262C8023823744381 to LEAF =07AF89DA31AFC1F2E9A83B8CA171BCA28FF1893523F5952626E77F88F4D6B7DC14
Jan 15, 2015 6:20:58 PM org.ccnx.ccn.impl.sync.SliceComparator doComparison
O MAIS DETALHADO: name X is 0, pos X is 7, name Y is 0, pos Y is 7 comp is 0
Jan 15, 2015 6:20:58 PM org.ccnx.ccn.impl.sync.SliceComparator doComparison
O MAIS DETALHADO: name X (expanded) is /ccnx.org/test/SyncTestRepo-15-01-15-18.20.23/ccnSyncTest/slice7/round3/randomFile/=FD054B82F36585/%C1.META.M/.header/=FD054B82F365DB/=00/=9889B7AE070123207E5EA7B1B1361339101399B345CE9F9BAE8DDB4B4CA48C25, name Y (expanded) is /ccnx.org/test/SyncTestRepo-15-01-15-18.20.23/ccnSyncTest/slice7/round3/randomFile/=FD054B82F36585/%C1.META.M/.header/=FD054B82F365DB/=00/=9889B7AE070123207E5EA7B1B1361339101399B345CE9F9BAE8DDB4B4CA48C25
Jan 15, 2015 6:20:58 PM org.ccnx.ccn.impl.sync.SliceComparator doComparison
O MAIS DETALHADO: Compare LEAF %05m=3C0CD078E20F9104C59917DDB181ABE7A94462967B655262C8023823744381 to LEAF =07AF89DA31AFC1F2E9A83B8CA171BCA28FF1893523F5952626E77F88F4D6B7DC14
Jan 15, 2015 6:20:58 PM org.ccnx.ccn.impl.sync.SliceComparator doComparison
O MAIS DETALHADO: name X is 0, pos X is 8, name Y is 0, pos Y is 8 comp is 0
Jan 15, 2015 6:20:58 PM org.ccnx.ccn.impl.sync.SliceComparator doComparison
O MAIS DETALHADO: name X (expanded) is /ccnx.org/test/SyncTestRepo-15-01-15-18.20.23/ccnSyncTest/slice7/round4/randomFile/=FD054B82F37C08/=00/T%F6P=F03BBEC8F104C8B927EEEEDDC17DBA03A92E4E77183A642E0E8E628D09, name Y (expanded) is /ccnx.org/test/SyncTestRepo-15-01-15-18.20.23/ccnSyncTest/slice7/round4/randomFile/=FD054B82F37C08/=00/T%F6P=F03BBEC8F104C8B927EEEEDDC17DBA03A92E4E77183A642E0E8E628D09
Jan 15, 2015 6:20:58 PM org.ccnx.ccn.impl.sync.SliceComparator doComparison
O MAIS DETALHADO: Compare LEAF %05m=3C0CD078E20F9104C59917DDB181ABE7A94462967B655262C8023823744381 to LEAF =07AF89DA31AFC1F2E9A83B8CA171BCA28FF1893523F5952626E77F88F4D6B7DC14
Jan 15, 2015 6:20:58 PM org.ccnx.ccn.impl.sync.SliceComparator doComparison
O MAIS DETALHADO: name X is 0, pos X is 9, name Y is 0, pos Y is 9 comp is 0
Jan 15, 2015 6:20:58 PM org.ccnx.ccn.impl.sync.SliceComparator doComparison
O MAIS DETALHADO: name X (expanded) is /ccnx.org/test/SyncTestRepo-15-01-15-18.20.23/ccnSyncTest/slice7/round4/randomFile/=FD054B82F37C08/%C1.META.M/.header/=FD054B82F37C5E/=00/=D1CD9F91BD6AC7892C26315F28A63DDC62D3D025A0E51EEC566611356CE41191, name Y (expanded) is /ccnx.org/test/SyncTestRepo-15-01-15-18.20.23/ccnSyncTest/slice7/round4/randomFile/=FD054B82F37C08/%C1.META.M/.header/=FD054B82F37C5E/=00/=D1CD9F91BD6AC7892C26315F28A63DDC62D3D025A0E51EEC566611356CE41191
Jan 15, 2015 6:20:58 PM org.ccnx.ccn.impl.sync.SliceComparator doComparison
O MAIS DETALHADO: Compare NODE =06F9122863D603582CCAE5861DEE46027EBE00B29709E5CF2D5C4D57DB5DEF1A6A to LEAF =07AF89DA31AFC1F2E9A83B8CA171BCA28FF1893523F5952626E77F88F4D6B7DC14, resMin is 1, resMax is -1
Jan 15, 2015 6:20:58 PM org.ccnx.ccn.impl.sync.SliceComparator doComparison
O MAIS DETALHADO: minname is 0, maxname is 1, pos X is 1, pos Y is 10
Jan 15, 2015 6:20:58 PM org.ccnx.ccn.impl.sync.SliceComparator doComparison
O MAIS DETALHADO: Compare LEAF =018BD61B935D21489BC61FED06109480D2D6576E34736A69DAF98555A33A7AD6E9 to LEAF =07AF89DA31AFC1F2E9A83B8CA171BCA28FF1893523F5952626E77F88F4D6B7DC14
Jan 15, 2015 6:20:58 PM org.ccnx.ccn.impl.sync.SliceComparator doComparison
O MAIS DETALHADO: name X is 0, pos X is 0, name Y is 0, pos Y is 10 comp is 0
Jan 15, 2015 6:20:58 PM org.ccnx.ccn.impl.sync.SliceComparator doComparison
O MAIS DETALHADO: name X (expanded) is /ccnx.org/test/SyncTestRepo-15-01-15-18.20.23/ccnSyncTest/slice7/round5/randomFile/=FD054B82F39C5A/=00/=9800253A78CCD063A378C16BACCA670E28778A80CAFC67F2579CEBDD664145BC, name Y (expanded) is /ccnx.org/test/SyncTestRepo-15-01-15-18.20.23/ccnSyncTest/slice7/round5/randomFile/=FD054B82F39C5A/=00/=9800253A78CCD063A378C16BACCA670E28778A80CAFC67F2579CEBDD664145BC
Jan 15, 2015 6:20:58 PM org.ccnx.ccn.impl.sync.SliceComparator doComparison
O MAIS DETALHADO: Compare LEAF =018BD61B935D21489BC61FED06109480D2D6576E34736A69DAF98555A33A7AD6E9 to LEAF =07AF89DA31AFC1F2E9A83B8CA171BCA28FF1893523F5952626E77F88F4D6B7DC14
Jan 15, 2015 6:20:58 PM org.ccnx.ccn.impl.sync.SliceComparator doComparison
O MAIS DETALHADO: name X is 1, pos X is 1, name Y is 1, pos Y is 11 comp is 0
Jan 15, 2015 6:20:58 PM org.ccnx.ccn.impl.sync.SliceComparator doComparison
O MAIS DETALHADO: name X (expanded) is /ccnx.org/test/SyncTestRepo-15-01-15-18.20.23/ccnSyncTest/slice7/round5/randomFile/=FD054B82F39C5A/=0001/=F3D5F658E454783822A72B9A63CA19C4ADDFE3B3A86E01E8A1E869C5D439912D, name Y (expanded) is /ccnx.org/test/SyncTestRepo-15-01-15-18.20.23/ccnSyncTest/slice7/round5/randomFile/=FD054B82F39C5A/=0001/=F3D5F658E454783822A72B9A63CA19C4ADDFE3B3A86E01E8A1E869C5D439912D
Jan 15, 2015 6:20:58 PM org.ccnx.ccn.impl.sync.SliceComparator doComparison
O MAIS DETALHADO: Y hash only for =07AF89DA31AFC1F2E9A83B8CA171BCA28FF1893523F5952626E77F88F4D6B7DC14, type is LEAF, pos is 12
Jan 15, 2015 6:20:58 PM org.ccnx.ccn.profiles.sync.SyncTestRepo doHandleContentName
INFORMAÇÕES: Number 1: Callback for name: /ccnx.org/test/SyncTestRepo-15-01-15-18.20.23/ccnSyncTest/slice7/round5/randomFile/=FD054B82F39C5A/%C1.META.M/.header/=FD054B82F39CBC/=00 - number is header
Jan 15, 2015 6:20:58 PM org.ccnx.ccn.impl.sync.SliceComparator updateCurrent
O MAIS DETALHADO: Starting update from hash =06F9122863D603582CCAE5861DEE46027EBE00B29709E5CF2D5C4D57DB5DEF1A6A
Jan 15, 2015 6:20:58 PM org.ccnx.ccn.impl.sync.SliceComparator updateCurrent
O MAIS DETALHADO: Update compare - moving to: %05m=3C0CD078E20F9104C59917DDB181ABE7A94462967B655262C8023823744381
Jan 15, 2015 6:20:58 PM org.ccnx.ccn.impl.sync.SliceComparator updateCurrent
O MAIS DETALHADO: Shortcut in update - popping back to =06F9122863D603582CCAE5861DEE46027EBE00B29709E5CF2D5C4D57DB5DEF1A6A, pos 1
Jan 15, 2015 6:20:58 PM org.ccnx.ccn.impl.sync.SliceComparator updateCurrent
O MAIS DETALHADO: Update compare - moving to: =018BD61B935D21489BC61FED06109480D2D6576E34736A69DAF98555A33A7AD6E9
Jan 15, 2015 6:20:58 PM org.ccnx.ccn.impl.sync.SliceComparator updateCurrent
O MAIS DETALHADO: Shortcut in update - popping back to =06F9122863D603582CCAE5861DEE46027EBE00B29709E5CF2D5C4D57DB5DEF1A6A, pos 2
Jan 15, 2015 6:20:58 PM org.ccnx.ccn.io.content.SyncNodeComposite decodeLogging
O MAIS DETALHADO: decode node for %B6w=B1CDD9BE9ABCDD5606838376A0113388828CEBAF56F98B32311978C8C1AA depth = 1 refs = 1
Jan 15, 2015 6:20:58 PM org.ccnx.ccn.io.content.SyncNodeComposite decodeLogging
O MAIS DETALHADO: min is 0, max is 0, expanded min is /ccnx.org/test/SyncTestRepo-15-01-15-18.20.23/ccnSyncTest/slice7/round5/randomFile/=FD054B82F39C5A/%C1.META.M/.header/=FD054B82F39CBC/=00/%B6w=B1CDD9BE9ABCDD5606838376A0113388828CEBAF56F98B32311978C8C1AA, expanded max is /ccnx.org/test/SyncTestRepo-15-01-15-18.20.23/ccnSyncTest/slice7/round5/randomFile/=FD054B82F39C5A/%C1.META.M/.header/=FD054B82F39CBC/=00/%B6w=B1CDD9BE9ABCDD5606838376A0113388828CEBAF56F98B32311978C8C1AA
Jan 15, 2015 6:20:58 PM org.ccnx.ccn.impl.sync.SyncTreeEntry <init>
O MAIS DETALHADO: Found existing node: =07AF89DA31AFC1F2E9A83B8CA171BCA28FF1893523F5952626E77F88F4D6B7DC14
Jan 15, 2015 6:20:58 PM org.ccnx.ccn.io.content.SyncNodeComposite decodeLogging
O MAIS DETALHADO: decode node for =07AF89DA31AFC1F2E9A83B8CA171BCA28FF1893523F5952626E77F88F4D6B7DC14 depth = 2 refs = 3
Jan 15, 2015 6:20:58 PM org.ccnx.ccn.io.content.SyncNodeComposite decodeLogging
O MAIS DETALHADO: min is 0, max is 0, expanded min is /ccnx.org/test/SyncTestRepo-15-01-15-18.20.23/ccnSyncTest/slice7/round1/randomFile/=FD054B82F2CCC9/=00/=C5865CCFAA18603B6631973EAC868ECC9F91E31BFCA0DF626E2E9FC830A657E7, expanded max is /ccnx.org/test/SyncTestRepo-15-01-15-18.20.23/ccnSyncTest/slice7/round5/randomFile/=FD054B82F39C5A/%C1.META.M/.header/=FD054B82F39CBC/=00/%B6w=B1CDD9BE9ABCDD5606838376A0113388828CEBAF56F98B32311978C8C1AA
Jan 15, 2015 6:20:58 PM org.ccnx.ccn.impl.sync.NodeBuilder createHeadRecursive
O MAIS DETALHADO: Creating new compound node - with first element %05m=3C0CD078E20F9104C59917DDB181ABE7A94462967B655262C8023823744381 and last element %B6w=B1CDD9BE9ABCDD5606838376A0113388828CEBAF56F98B32311978C8C1AA
Jan 15, 2015 6:20:58 PM org.ccnx.ccn.impl.sync.SliceComparator updateCurrent
INFORMAÇÕES: Resetting current to created head: =07AF89DA31AFC1F2E9A83B8CA171BCA28FF1893523F5952626E77F88F4D6B7DC14
Jan 15, 2015 6:20:58 PM org.ccnx.ccn.profiles.sync.SyncTestRepo checkCallbacks
DETALHADO: got segment 0
Jan 15, 2015 6:20:58 PM org.ccnx.ccn.profiles.sync.SyncTestRepo checkCallbacks
DETALHADO: received: [true, false, false] finished: [true, true, true]
Jan 15, 2015 6:20:58 PM org.ccnx.ccn.profiles.sync.SyncTestRepo checkCallbacks
DETALHADO: got segment 1
Jan 15, 2015 6:20:58 PM org.ccnx.ccn.profiles.sync.SyncTestRepo checkCallbacks
DETALHADO: received: [true, true, false] finished: [true, true, true]
Jan 15, 2015 6:20:58 PM org.ccnx.ccn.profiles.sync.SyncTestRepo checkCallbacks
DETALHADO: got the header
Jan 15, 2015 6:20:58 PM org.ccnx.ccn.profiles.sync.SyncTestRepo checkCallbacks
DETALHADO: received: [true, true, true] finished: [true, true, true]
Jan 15, 2015 6:20:58 PM org.ccnx.ccn.profiles.sync.SyncTestRepo checkCallbacks
DETALHADO: got all the segments!
Jan 15, 2015 6:20:58 PM org.ccnx.ccn.profiles.sync.SyncTestRepo checkCallbacks
DETALHADO: trying to loop again looking for segments
Jan 15, 2015 6:20:58 PM org.ccnx.ccn.profiles.sync.SyncTestRepo checkCallbacks
DETALHADO: done looping, returning.
Jan 15, 2015 6:20:58 PM org.ccnx.ccn.impl.sync.ProtocolBasedSyncMonitor shutdown
INFORMAÇÕES: Shutting down sync on slice: /ccnx.org/test/SyncTestRepo-15-01-15-18.20.23/ccnSyncTest/slice7
Jan 15, 2015 6:20:58 PM org.ccnx.ccn.profiles.sync.SyncTestRepo testSyncRoot
INFORMAÇÕES: Finished running testSyncRoot
Jan 15, 2015 6:20:58 PM org.ccnx.ccn.profiles.sync.SyncTestRepo setUpNameSpace
DETALHADO: setting up namespace for sync test  data: /ccnx.org/test/SyncTestRepo-15-01-15-18.20.23/ccnSyncTest syncControlTraffic: /ccnx.org/test/SyncTestRepo-15-01-15-18.20.23/topoPrefix
Jan 15, 2015 6:20:58 PM org.ccnx.ccn.profiles.sync.SyncTestRepo testSyncStartWithoutHandle
INFORMAÇÕES: Starting testSyncStartWithoutHandle
Jan 15, 2015 6:20:58 PM org.ccnx.ccn.io.content.CCNNetworkObject createFlowController
INFORMAÇÕES: Created LOCALREPOSITORY flow controller, for prefix /%C1.M.S.localhost/%C1.S.cs/=1D806135A4717B746326E7CD294FF1E6BBF568495B481578B2D8EEA3FC73716C, save type LOCALREPOSITORY
Jan 15, 2015 6:20:58 PM org.ccnx.ccn.profiles.VersioningProfile getLatestVersion
INFORMAÇÕES: getFirstBlockOfLatestVersion: no block available for later version of /%C1.M.S.localhost/%C1.S.cs/=1D806135A4717B746326E7CD294FF1E6BBF568495B481578B2D8EEA3FC73716C
Jan 15, 2015 6:20:58 PM org.ccnx.ccn.io.content.ConfigSlice checkAndCreate
DETALHADO: didn't find a slice in my repo.
Jan 15, 2015 6:20:58 PM org.ccnx.ccn.io.content.ConfigSlice checkAndCreate
DETALHADO: need to save my data to create the slice for the repo!
Jan 15, 2015 6:20:58 PM org.ccnx.ccn.impl.CCNFlowControl addNameSpace
INFORMAÇÕES: Flow controller addNameSpace: added namespace: /%C1.M.S.localhost/%C1.S.cs/=1D806135A4717B746326E7CD294FF1E6BBF568495B481578B2D8EEA3FC73716C
Jan 15, 2015 6:20:58 PM org.ccnx.ccn.impl.security.keys.BasicKeyManager getKeyLocator
INFORMAÇÕES: getKeyLocator: returning locator NAME: /ccnx.org/Users/root/Keys/%C1.M.K=009234ADEC47D19E3E6A2AF362D44E09AB6B71F43B1900BA0622FB45F2A5B7D9F6/=FD054AE7DE1000 KEY:-reba89rgbj1o6ata34t5eovcl4kho5s9pnv8nstq15q1ld4g9ga for key kjSt7EfRnj5qKvNi1E4Jq2tx9DsZALoGIvtF8qW32fY=
Jan 15, 2015 6:20:58 PM org.ccnx.ccn.io.CCNAbstractOutputStream <init>
INFORMAÇÕES: CCNAbstractOutputStream: /%C1.M.S.localhost/%C1.S.cs/=1D806135A4717B746326E7CD294FF1E6BBF568495B481578B2D8EEA3FC73716C/=FD054B82F3AAA4 blocksize is 4096
Jan 15, 2015 6:20:58 PM org.ccnx.ccn.io.CCNAbstractOutputStream startWrite
INFORMAÇÕES: CCNAbstractOutputStream: startWrite -- searching for keys.
Jan 15, 2015 6:20:58 PM org.ccnx.ccn.profiles.security.access.AccessControlManager keysForOutput
INFORMAÇÕES: keysForOutput: found an acm: (null)
Jan 15, 2015 6:20:58 PM org.ccnx.ccn.impl.repo.RepositoryFlowControl startWrite
INFORMAÇÕES: RepositoryFlowControl.startWrite called for name /%C1.M.S.localhost/%C1.S.cs/=1D806135A4717B746326E7CD294FF1E6BBF568495B481578B2D8EEA3FC73716C/=FD054B82F3AAA4, shape STREAM
Jan 15, 2015 6:20:58 PM org.ccnx.ccn.impl.repo.RepositoryFlowControl handleContent
INFORMAÇÕES: handleContent: got potential repo message: /%C1.M.S.localhost/%C1.S.cs/=1D806135A4717B746326E7CD294FF1E6BBF568495B481578B2D8EEA3FC73716C/=FD054B82F3AAA4/%C1.R.sw/%C1.N%00Y=99D80662767EDA
Jan 15, 2015 6:20:58 PM org.ccnx.ccn.io.CCNOutputStream flushToNetwork
INFORMAÇÕES: flush: outputting to the segmenter, baseName /%C1.M.S.localhost/%C1.S.cs/=1D806135A4717B746326E7CD294FF1E6BBF568495B481578B2D8EEA3FC73716C/=FD054B82F3AAA4 basenameindex =00; 162 bytes written, holding back 162 flushing final blocks? false.
Jan 15, 2015 6:20:58 PM org.ccnx.ccn.io.CCNOutputStream flushToNetwork
INFORMAÇÕES: HEADER: CCNOutputStream: flushToNetwork: new _baseNameIndex 0
Jan 15, 2015 6:20:58 PM org.ccnx.ccn.io.CCNOutputStream flushToNetwork
INFORMAÇÕES: flush: outputting to the segmenter, baseName /%C1.M.S.localhost/%C1.S.cs/=1D806135A4717B746326E7CD294FF1E6BBF568495B481578B2D8EEA3FC73716C/=FD054B82F3AAA4 basenameindex =00; 162 bytes written, holding back 0 flushing final blocks? true.
Jan 15, 2015 6:20:58 PM org.ccnx.ccn.io.CCNOutputStream flushToNetwork
INFORMAÇÕES: HEADER: CCNOutputStream: flushToNetwork: new _baseNameIndex 1
Jan 15, 2015 6:20:58 PM org.ccnx.ccn.io.CCNOutputStream close
INFORMAÇÕES: CCNOutputStream close: /%C1.M.S.localhost/%C1.S.cs/=1D806135A4717B746326E7CD294FF1E6BBF568495B481578B2D8EEA3FC73716C/=FD054B82F3AAA4
Jan 15, 2015 6:20:58 PM org.ccnx.ccn.impl.sync.SliceComparator <init>
INFORMAÇÕES: Beginning sync monitoring from start
Jan 15, 2015 6:20:58 PM org.ccnx.ccn.impl.sync.SliceComparator setTimeout
DETALHADO: Sync timeout changed to 3000
Jan 15, 2015 6:20:58 PM org.ccnx.ccn.impl.sync.ProtocolBasedSyncMonitor registerCallback
DETALHADO: Starting a new comparator - it is the lead.
Jan 15, 2015 6:20:58 PM org.ccnx.ccn.CCNSync startSync
INFORMAÇÕES: Started sync with topo: /ccnx.org/test/SyncTestRepo-15-01-15-18.20.23/topoPrefix and prefix: /ccnx.org/test/SyncTestRepo-15-01-15-18.20.23/ccnSyncTest/slice2
Jan 15, 2015 6:20:58 PM org.ccnx.ccn.impl.sync.ProtocolBasedSyncMonitor shutdown
INFORMAÇÕES: Shutting down sync on slice: /ccnx.org/test/SyncTestRepo-15-01-15-18.20.23/ccnSyncTest/slice2
Jan 15, 2015 6:20:58 PM org.ccnx.ccn.profiles.sync.SyncTestRepo testSyncStartWithoutHandle
INFORMAÇÕES: Finished running testSyncStartWithoutHandle
Jan 15, 2015 6:20:58 PM org.ccnx.ccn.profiles.sync.SyncTestRepo setUpNameSpace
DETALHADO: setting up namespace for sync test  data: /ccnx.org/test/SyncTestRepo-15-01-15-18.20.23/ccnSyncTest syncControlTraffic: /ccnx.org/test/SyncTestRepo-15-01-15-18.20.23/topoPrefix
Jan 15, 2015 6:20:58 PM org.ccnx.ccn.profiles.sync.SyncTestRepo testSyncClose
INFORMAÇÕES: Starting testSyncClose
Jan 15, 2015 6:20:58 PM org.ccnx.ccn.io.content.CCNNetworkObject createFlowController
INFORMAÇÕES: Created LOCALREPOSITORY flow controller, for prefix /%C1.M.S.localhost/%C1.S.cs/%BE0%12oa.=600BF662D2F4E2A3332DE1C78E7F036BFCDBCA9D03829E388D66, save type LOCALREPOSITORY
Jan 15, 2015 6:20:59 PM org.ccnx.ccn.profiles.VersioningProfile getLatestVersion
INFORMAÇÕES: getFirstBlockOfLatestVersion: no block available for later version of /%C1.M.S.localhost/%C1.S.cs/%BE0%12oa.=600BF662D2F4E2A3332DE1C78E7F036BFCDBCA9D03829E388D66
Jan 15, 2015 6:20:59 PM org.ccnx.ccn.io.content.ConfigSlice checkAndCreate
DETALHADO: didn't find a slice in my repo.
Jan 15, 2015 6:20:59 PM org.ccnx.ccn.io.content.ConfigSlice checkAndCreate
DETALHADO: need to save my data to create the slice for the repo!
Jan 15, 2015 6:20:59 PM org.ccnx.ccn.impl.CCNFlowControl addNameSpace
INFORMAÇÕES: Flow controller addNameSpace: added namespace: /%C1.M.S.localhost/%C1.S.cs/%BE0%12oa.=600BF662D2F4E2A3332DE1C78E7F036BFCDBCA9D03829E388D66
Jan 15, 2015 6:20:59 PM org.ccnx.ccn.impl.security.keys.BasicKeyManager getKeyLocator
INFORMAÇÕES: getKeyLocator: returning locator NAME: /ccnx.org/Users/root/Keys/%C1.M.K=009234ADEC47D19E3E6A2AF362D44E09AB6B71F43B1900BA0622FB45F2A5B7D9F6/=FD054AE7DE1000 KEY:-reba89rgbj1o6ata34t5eovcl4kho5s9pnv8nstq15q1ld4g9ga for key kjSt7EfRnj5qKvNi1E4Jq2tx9DsZALoGIvtF8qW32fY=
Jan 15, 2015 6:20:59 PM org.ccnx.ccn.io.CCNAbstractOutputStream <init>
INFORMAÇÕES: CCNAbstractOutputStream: /%C1.M.S.localhost/%C1.S.cs/%BE0%12oa.=600BF662D2F4E2A3332DE1C78E7F036BFCDBCA9D03829E388D66/=FD054B82F3B0D5 blocksize is 4096
Jan 15, 2015 6:20:59 PM org.ccnx.ccn.io.CCNAbstractOutputStream startWrite
INFORMAÇÕES: CCNAbstractOutputStream: startWrite -- searching for keys.
Jan 15, 2015 6:20:59 PM org.ccnx.ccn.profiles.security.access.AccessControlManager keysForOutput
INFORMAÇÕES: keysForOutput: found an acm: (null)
Jan 15, 2015 6:20:59 PM org.ccnx.ccn.impl.repo.RepositoryFlowControl startWrite
INFORMAÇÕES: RepositoryFlowControl.startWrite called for name /%C1.M.S.localhost/%C1.S.cs/%BE0%12oa.=600BF662D2F4E2A3332DE1C78E7F036BFCDBCA9D03829E388D66/=FD054B82F3B0D5, shape STREAM
Jan 15, 2015 6:20:59 PM org.ccnx.ccn.impl.repo.RepositoryFlowControl handleContent
INFORMAÇÕES: handleContent: got potential repo message: /%C1.M.S.localhost/%C1.S.cs/%BE0%12oa.=600BF662D2F4E2A3332DE1C78E7F036BFCDBCA9D03829E388D66/=FD054B82F3B0D5/%C1.R.sw/%C1.N=007B6B5A212228010D
Jan 15, 2015 6:20:59 PM org.ccnx.ccn.io.CCNOutputStream flushToNetwork
INFORMAÇÕES: flush: outputting to the segmenter, baseName /%C1.M.S.localhost/%C1.S.cs/%BE0%12oa.=600BF662D2F4E2A3332DE1C78E7F036BFCDBCA9D03829E388D66/=FD054B82F3B0D5 basenameindex =00; 162 bytes written, holding back 162 flushing final blocks? false.
Jan 15, 2015 6:20:59 PM org.ccnx.ccn.io.CCNOutputStream flushToNetwork
INFORMAÇÕES: HEADER: CCNOutputStream: flushToNetwork: new _baseNameIndex 0
Jan 15, 2015 6:20:59 PM org.ccnx.ccn.io.CCNOutputStream flushToNetwork
INFORMAÇÕES: flush: outputting to the segmenter, baseName /%C1.M.S.localhost/%C1.S.cs/%BE0%12oa.=600BF662D2F4E2A3332DE1C78E7F036BFCDBCA9D03829E388D66/=FD054B82F3B0D5 basenameindex =00; 162 bytes written, holding back 0 flushing final blocks? true.
Jan 15, 2015 6:20:59 PM org.ccnx.ccn.io.CCNOutputStream flushToNetwork
INFORMAÇÕES: HEADER: CCNOutputStream: flushToNetwork: new _baseNameIndex 1
Jan 15, 2015 6:20:59 PM org.ccnx.ccn.io.CCNOutputStream close
INFORMAÇÕES: CCNOutputStream close: /%C1.M.S.localhost/%C1.S.cs/%BE0%12oa.=600BF662D2F4E2A3332DE1C78E7F036BFCDBCA9D03829E388D66/=FD054B82F3B0D5
Jan 15, 2015 6:20:59 PM org.ccnx.ccn.impl.sync.SliceComparator <init>
INFORMAÇÕES: Beginning sync monitoring from start
Jan 15, 2015 6:20:59 PM org.ccnx.ccn.impl.sync.SliceComparator setTimeout
DETALHADO: Sync timeout changed to 3000
Jan 15, 2015 6:20:59 PM org.ccnx.ccn.impl.sync.ProtocolBasedSyncMonitor registerCallback
DETALHADO: Starting a new comparator - it is the lead.
Jan 15, 2015 6:20:59 PM org.ccnx.ccn.CCNSync startSync
INFORMAÇÕES: Started sync with topo: /ccnx.org/test/SyncTestRepo-15-01-15-18.20.23/topoPrefix and prefix: /ccnx.org/test/SyncTestRepo-15-01-15-18.20.23/ccnSyncTest/slice3
Jan 15, 2015 6:20:59 PM org.ccnx.ccn.profiles.sync.SyncTestRepo testSyncClose
DETALHADO: writing out file: /ccnx.org/test/SyncTestRepo-15-01-15-18.20.23/ccnSyncTest/slice3
Jan 15, 2015 6:20:59 PM org.ccnx.ccn.impl.CCNFlowControl <init>
INFORMAÇÕES: adding namespace: /ccnx.org/test/SyncTestRepo-15-01-15-18.20.23/ccnSyncTest/slice3/randomFile
Jan 15, 2015 6:20:59 PM org.ccnx.ccn.impl.security.keys.BasicKeyManager getKeyLocator
INFORMAÇÕES: getKeyLocator: returning locator NAME: /ccnx.org/Users/root/Keys/%C1.M.K=009234ADEC47D19E3E6A2AF362D44E09AB6B71F43B1900BA0622FB45F2A5B7D9F6/=FD054AE7DE1000 KEY:-reba89rgbj1o6ata34t5eovcl4kho5s9pnv8nstq15q1ld4g9ga for key kjSt7EfRnj5qKvNi1E4Jq2tx9DsZALoGIvtF8qW32fY=
Jan 15, 2015 6:20:59 PM org.ccnx.ccn.io.CCNAbstractOutputStream <init>
INFORMAÇÕES: CCNAbstractOutputStream: /ccnx.org/test/SyncTestRepo-15-01-15-18.20.23/ccnSyncTest/slice3/randomFile/=FD054B82F3B225 blocksize is 4096
Jan 15, 2015 6:20:59 PM org.ccnx.ccn.io.CCNAbstractOutputStream startWrite
INFORMAÇÕES: CCNAbstractOutputStream: startWrite -- searching for keys.
Jan 15, 2015 6:20:59 PM org.ccnx.ccn.profiles.security.access.AccessControlManager keysForOutput
INFORMAÇÕES: keysForOutput: found an acm: (null)
Jan 15, 2015 6:20:59 PM org.ccnx.ccn.impl.repo.RepositoryFlowControl startWrite
INFORMAÇÕES: RepositoryFlowControl.startWrite called for name /ccnx.org/test/SyncTestRepo-15-01-15-18.20.23/ccnSyncTest/slice3/randomFile/=FD054B82F3B225, shape STREAM
Jan 15, 2015 6:20:59 PM org.ccnx.ccn.impl.repo.RepositoryFlowControl handleContent
INFORMAÇÕES: handleContent: got potential repo message: /ccnx.org/test/SyncTestRepo-15-01-15-18.20.23/ccnSyncTest/slice3/randomFile/=FD054B82F3B225/%C1.R.sw/%C1.N=00A1E3450EE4AFB164
Jan 15, 2015 6:20:59 PM org.ccnx.ccn.profiles.sync.SyncTestCommon writeFile
DETALHADO: bytes: 409600 block size: 4096 div: 100.0 ceil: 100
Jan 15, 2015 6:20:59 PM org.ccnx.ccn.profiles.sync.SyncTestCommon writeFile
DETALHADO: will write out a 409600 byte file, will have 101 segments (1 is a header)
Jan 15, 2015 6:20:59 PM org.ccnx.ccn.io.CCNOutputStream flushToNetwork
INFORMAÇÕES: flush: outputting to the segmenter, baseName /ccnx.org/test/SyncTestRepo-15-01-15-18.20.23/ccnSyncTest/slice3/randomFile/=FD054B82F3B225 basenameindex =0063; 4096 bytes written, holding back 4096 flushing final blocks? false.
Jan 15, 2015 6:20:59 PM org.ccnx.ccn.impl.CCNSegmenter outputCurrentBlocks
INFORMAÇÕES: flush: putting merkle tree to the network, name starts with /ccnx.org/test/SyncTestRepo-15-01-15-18.20.23/ccnSyncTest/slice3/randomFile/=FD054B82F3B225/=00; 99 blocks
Jan 15, 2015 6:20:59 PM org.ccnx.ccn.impl.security.crypto.CCNMerkleTreeSigner signBlocks
INFORMAÇÕES: Signed tree of 99 leaves, 197 nodes.
Jan 15, 2015 6:20:59 PM org.ccnx.ccn.io.CCNOutputStream flushToNetwork
INFORMAÇÕES: HEADER: CCNOutputStream: flushToNetwork: new _baseNameIndex 99
Jan 15, 2015 6:20:59 PM org.ccnx.ccn.io.CCNOutputStream flushToNetwork
INFORMAÇÕES: flush: outputting to the segmenter, baseName /ccnx.org/test/SyncTestRepo-15-01-15-18.20.23/ccnSyncTest/slice3/randomFile/=FD054B82F3B225 basenameindex =0063; 4096 bytes written, holding back 4096 flushing final blocks? false.
Jan 15, 2015 6:20:59 PM org.ccnx.ccn.io.CCNOutputStream flushToNetwork
INFORMAÇÕES: HEADER: CCNOutputStream: flushToNetwork: new _baseNameIndex 99
Jan 15, 2015 6:20:59 PM org.ccnx.ccn.io.CCNOutputStream flushToNetwork
INFORMAÇÕES: flush: outputting to the segmenter, baseName /ccnx.org/test/SyncTestRepo-15-01-15-18.20.23/ccnSyncTest/slice3/randomFile/=FD054B82F3B225 basenameindex =0063; 4096 bytes written, holding back 0 flushing final blocks? true.
Jan 15, 2015 6:20:59 PM org.ccnx.ccn.io.CCNOutputStream flushToNetwork
INFORMAÇÕES: HEADER: CCNOutputStream: flushToNetwork: new _baseNameIndex 100
Jan 15, 2015 6:20:59 PM org.ccnx.ccn.io.CCNAbstractOutputStream <init>
INFORMAÇÕES: CCNAbstractOutputStream: /ccnx.org/test/SyncTestRepo-15-01-15-18.20.23/ccnSyncTest/slice3/randomFile/=FD054B82F3B225/%C1.META.M/.header/=FD054B82F3B36D blocksize is 4096
Jan 15, 2015 6:20:59 PM org.ccnx.ccn.io.CCNAbstractOutputStream startWrite
INFORMAÇÕES: CCNAbstractOutputStream: startWrite -- searching for keys.
Jan 15, 2015 6:20:59 PM org.ccnx.ccn.profiles.security.access.AccessControlManager keysForOutput
INFORMAÇÕES: keysForOutput: found an acm: (null)
Jan 15, 2015 6:20:59 PM org.ccnx.ccn.impl.repo.RepositoryFlowControl startWrite
INFORMAÇÕES: RepositoryFlowControl.startWrite called for name /ccnx.org/test/SyncTestRepo-15-01-15-18.20.23/ccnSyncTest/slice3/randomFile/=FD054B82F3B225/%C1.META.M/.header/=FD054B82F3B36D, shape STREAM
Jan 15, 2015 6:20:59 PM org.ccnx.ccn.impl.repo.RepositoryFlowControl handleContent
INFORMAÇÕES: handleContent: got potential repo message: /ccnx.org/test/SyncTestRepo-15-01-15-18.20.23/ccnSyncTest/slice3/randomFile/=FD054B82F3B225/%C1.META.M/.header/=FD054B82F3B36D/%C1.R.sw/%C1.N=00C510A7BE2EC6C82E
Jan 15, 2015 6:20:59 PM org.ccnx.ccn.io.CCNOutputStream flushToNetwork
INFORMAÇÕES: flush: outputting to the segmenter, baseName /ccnx.org/test/SyncTestRepo-15-01-15-18.20.23/ccnSyncTest/slice3/randomFile/=FD054B82F3B225/%C1.META.M/.header/=FD054B82F3B36D basenameindex =00; 70 bytes written, holding back 70 flushing final blocks? false.
Jan 15, 2015 6:20:59 PM org.ccnx.ccn.io.CCNOutputStream flushToNetwork
INFORMAÇÕES: HEADER: CCNOutputStream: flushToNetwork: new _baseNameIndex 0
Jan 15, 2015 6:20:59 PM org.ccnx.ccn.io.CCNOutputStream flushToNetwork
INFORMAÇÕES: flush: outputting to the segmenter, baseName /ccnx.org/test/SyncTestRepo-15-01-15-18.20.23/ccnSyncTest/slice3/randomFile/=FD054B82F3B225/%C1.META.M/.header/=FD054B82F3B36D basenameindex =00; 70 bytes written, holding back 70 flushing final blocks? false.
Jan 15, 2015 6:20:59 PM org.ccnx.ccn.io.CCNOutputStream flushToNetwork
INFORMAÇÕES: HEADER: CCNOutputStream: flushToNetwork: new _baseNameIndex 0
Jan 15, 2015 6:20:59 PM org.ccnx.ccn.io.CCNOutputStream flushToNetwork
INFORMAÇÕES: flush: outputting to the segmenter, baseName /ccnx.org/test/SyncTestRepo-15-01-15-18.20.23/ccnSyncTest/slice3/randomFile/=FD054B82F3B225/%C1.META.M/.header/=FD054B82F3B36D basenameindex =00; 70 bytes written, holding back 0 flushing final blocks? true.
Jan 15, 2015 6:20:59 PM org.ccnx.ccn.io.CCNOutputStream flushToNetwork
INFORMAÇÕES: HEADER: CCNOutputStream: flushToNetwork: new _baseNameIndex 1
Jan 15, 2015 6:20:59 PM org.ccnx.ccn.io.CCNOutputStream close
INFORMAÇÕES: CCNOutputStream close: /ccnx.org/test/SyncTestRepo-15-01-15-18.20.23/ccnSyncTest/slice3/randomFile/=FD054B82F3B225/%C1.META.M/.header/=FD054B82F3B36D
Jan 15, 2015 6:20:59 PM org.ccnx.ccn.io.CCNOutputStream close
INFORMAÇÕES: CCNOutputStream close: /ccnx.org/test/SyncTestRepo-15-01-15-18.20.23/ccnSyncTest/slice3/randomFile/=FD054B82F3B225
Jan 15, 2015 6:20:59 PM org.ccnx.ccn.profiles.sync.SyncTestCommon writeFile
INFORMAÇÕES: Wrote file to repository: /ccnx.org/test/SyncTestRepo-15-01-15-18.20.23/ccnSyncTest/slice3/randomFile/=FD054B82F3B225 with 101 segments
Jan 15, 2015 6:20:59 PM org.ccnx.ccn.profiles.sync.SyncTestRepo checkCallbacks
DETALHADO: checking for callbacks:  /ccnx.org/test/SyncTestRepo-15-01-15-18.20.23/ccnSyncTest/slice3 segments: 101
Jan 15, 2015 6:20:59 PM org.ccnx.ccn.profiles.sync.SyncTestRepo checkCallbacks
DETALHADO: trying to loop again looking for segments
Jan 15, 2015 6:21:00 PM org.ccnx.ccn.profiles.sync.SyncTestRepo checkCallbacks
DETALHADO: trying to loop again looking for segments
Jan 15, 2015 6:21:00 PM org.ccnx.ccn.profiles.sync.SyncTestRepo checkCallbacks
DETALHADO: trying to loop again looking for segments
Jan 15, 2015 6:21:01 PM org.ccnx.ccn.profiles.sync.SyncTestRepo checkCallbacks
DETALHADO: trying to loop again looking for segments
Jan 15, 2015 6:21:01 PM org.ccnx.ccn.profiles.sync.SyncTestRepo checkCallbacks
DETALHADO: trying to loop again looking for segments
Jan 15, 2015 6:21:02 PM org.ccnx.ccn.profiles.sync.SyncTestRepo checkCallbacks
DETALHADO: trying to loop again looking for segments
Jan 15, 2015 6:21:02 PM org.ccnx.ccn.profiles.sync.SyncTestRepo checkCallbacks
DETALHADO: trying to loop again looking for segments
Jan 15, 2015 6:21:03 PM org.ccnx.ccn.impl.sync.ProtocolBasedSyncMonitor handleContent
INFORMAÇÕES: Saw new content from sync: /ccnx.org/test/SyncTestRepo-15-01-15-18.20.23/topoPrefix/%C1.S.ra/%BE0%12oa.=600BF662D2F4E2A3332DE1C78E7F036BFCDBCA9D03829E388D66/.../%2FF7=E6EB966225D258A954B043A50BE6B83BF9F9178767374E5D84682466CE28
Jan 15, 2015 6:21:03 PM org.ccnx.ccn.impl.sync.SliceComparator run
DETALHADO: Starting comparator run - state is INIT, sc is org.ccnx.ccn.impl.sync.SliceComparator@474906b9, this is the lead
Jan 15, 2015 6:21:03 PM org.ccnx.ccn.impl.encoding.BinaryXMLDecoder setElement
INFORMAÇÕES: Reset decode array sizes to 150
Jan 15, 2015 6:21:03 PM org.ccnx.ccn.io.content.SyncNodeComposite decodeLogging
O MAIS DETALHADO: decode node for %2FF7=E6EB966225D258A954B043A50BE6B83BF9F9178767374E5D84682466CE28 depth = 2 refs = 6
Jan 15, 2015 6:21:03 PM org.ccnx.ccn.io.content.SyncNodeComposite decodeLogging
O MAIS DETALHADO: min is 0, max is 0, expanded min is /ccnx.org/test/SyncTestRepo-15-01-15-18.20.23/ccnSyncTest/slice3/randomFile/=FD054B82F3B225/=00/%CC6=27CD78FECD5D9D365054A2FA385E67AC9D17380C55A460FEEFAF0524BDD5, expanded max is /ccnx.org/test/SyncTestRepo-15-01-15-18.20.23/ccnSyncTest/slice3/randomFile/=FD054B82F3B225/%C1.META.M/.header/=FD054B82F3B36D/=00/E=EDEFC6E114911303846ED7067B432E4E0456C57094EC6245ADEE1E502CEEB5
Jan 15, 2015 6:21:03 PM org.ccnx.ccn.impl.sync.SliceComparator run
INFORMAÇÕES: Starting new round with X = null and Y = %2FF7=E6EB966225D258A954B043A50BE6B83BF9F9178767374E5D84682466CE28
Jan 15, 2015 6:21:03 PM org.ccnx.ccn.impl.sync.ProtocolBasedSyncMonitor requestNode
DETALHADO: Requesting node for hash: /ccnx.org/test/SyncTestRepo-15-01-15-18.20.23/topoPrefix/%C1.S.nf/%BE0%12oa.=600BF662D2F4E2A3332DE1C78E7F036BFCDBCA9D03829E388D66/=08EB3DFF6AC3FA572AE1FF33212936EFB7448A4CCFB9A7DB4A9F231E91682438DD
Jan 15, 2015 6:21:03 PM org.ccnx.ccn.impl.sync.ProtocolBasedSyncMonitor requestNode
DETALHADO: Requesting node for hash: /ccnx.org/test/SyncTestRepo-15-01-15-18.20.23/topoPrefix/%C1.S.nf/%BE0%12oa.=600BF662D2F4E2A3332DE1C78E7F036BFCDBCA9D03829E388D66/%0Cd=27F202B76EE65F4C8504D00EFB5DC8E36B6F289DECA7879E8CD492202F5D75
Jan 15, 2015 6:21:03 PM org.ccnx.ccn.impl.sync.ProtocolBasedSyncMonitor requestNode
DETALHADO: Requesting node for hash: /ccnx.org/test/SyncTestRepo-15-01-15-18.20.23/topoPrefix/%C1.S.nf/%BE0%12oa.=600BF662D2F4E2A3332DE1C78E7F036BFCDBCA9D03829E388D66/=06AAFE3238877423DEC41C535CCB730062EFF2A01E156513FFE4DB792A75F90D02
Jan 15, 2015 6:21:03 PM org.ccnx.ccn.impl.sync.ProtocolBasedSyncMonitor requestNode
DETALHADO: Requesting node for hash: /ccnx.org/test/SyncTestRepo-15-01-15-18.20.23/topoPrefix/%C1.S.nf/%BE0%12oa.=600BF662D2F4E2A3332DE1C78E7F036BFCDBCA9D03829E388D66/%05G=1EEBAD671C9BDBA4083E403C21791FF3CBC944F3C11D934DE7F8C846D1A0B1
Jan 15, 2015 6:21:03 PM org.ccnx.ccn.impl.sync.ProtocolBasedSyncMonitor requestNode
DETALHADO: Requesting node for hash: /ccnx.org/test/SyncTestRepo-15-01-15-18.20.23/topoPrefix/%C1.S.nf/%BE0%12oa.=600BF662D2F4E2A3332DE1C78E7F036BFCDBCA9D03829E388D66/=0A2B153DDE3A609648586331EBC57860C04142A06F60B2B49354C98915D65B8559
Jan 15, 2015 6:21:03 PM org.ccnx.ccn.impl.sync.ProtocolBasedSyncMonitor requestNode
DETALHADO: Requesting node for hash: /ccnx.org/test/SyncTestRepo-15-01-15-18.20.23/topoPrefix/%C1.S.nf/%BE0%12oa.=600BF662D2F4E2A3332DE1C78E7F036BFCDBCA9D03829E388D66/=03D99F99B9F2079245699D59363E65E4236B45342E5619FE3E8920963C08ED04CA
Jan 15, 2015 6:21:03 PM org.ccnx.ccn.impl.sync.SliceComparator doComparison
O MAIS DETALHADO: Y hash only for %2FF7=E6EB966225D258A954B043A50BE6B83BF9F9178767374E5D84682466CE28, type is HASH, pos is 0
Jan 15, 2015 6:21:03 PM org.ccnx.ccn.impl.sync.SliceComparator.NodeFetchHandler handleContent
DETALHADO: Saw data from nodefind: hash: =08EB3DFF6AC3FA572AE1FF33212936EFB7448A4CCFB9A7DB4A9F231E91682438DD
Jan 15, 2015 6:21:03 PM org.ccnx.ccn.io.content.SyncNodeComposite decodeLogging
O MAIS DETALHADO: decode node for =08EB3DFF6AC3FA572AE1FF33212936EFB7448A4CCFB9A7DB4A9F231E91682438DD depth = 1 refs = 19
Jan 15, 2015 6:21:03 PM org.ccnx.ccn.io.content.SyncNodeComposite decodeLogging
O MAIS DETALHADO: min is 0, max is 18, expanded min is /ccnx.org/test/SyncTestRepo-15-01-15-18.20.23/ccnSyncTest/slice3/randomFile/=FD054B82F3B225/=00/%CC6=27CD78FECD5D9D365054A2FA385E67AC9D17380C55A460FEEFAF0524BDD5, expanded max is /ccnx.org/test/SyncTestRepo-15-01-15-18.20.23/ccnSyncTest/slice3/randomFile/=FD054B82F3B225/=0012/q=B689B5193BA5263290B78ABEFEEDDEE8EDFE5FC7CAB6D25C6065D958C3351E
Jan 15, 2015 6:21:03 PM org.ccnx.ccn.impl.sync.SliceComparator doComparison
O MAIS DETALHADO: Y hash only for =08EB3DFF6AC3FA572AE1FF33212936EFB7448A4CCFB9A7DB4A9F231E91682438DD, type is LEAF, pos is 0
Jan 15, 2015 6:21:03 PM org.ccnx.ccn.profiles.sync.SyncTestRepo doHandleContentName
INFORMAÇÕES: Number 1: Callback for name: /ccnx.org/test/SyncTestRepo-15-01-15-18.20.23/ccnSyncTest/slice3/randomFile/=FD054B82F3B225/=00 - number is 0
Jan 15, 2015 6:21:03 PM org.ccnx.ccn.impl.sync.SliceComparator doComparison
O MAIS DETALHADO: Y hash only for =08EB3DFF6AC3FA572AE1FF33212936EFB7448A4CCFB9A7DB4A9F231E91682438DD, type is LEAF, pos is 1
Jan 15, 2015 6:21:03 PM org.ccnx.ccn.profiles.sync.SyncTestRepo doHandleContentName
INFORMAÇÕES: Number 1: Callback for name: /ccnx.org/test/SyncTestRepo-15-01-15-18.20.23/ccnSyncTest/slice3/randomFile/=FD054B82F3B225/=0001 - number is 1
Jan 15, 2015 6:21:03 PM org.ccnx.ccn.impl.sync.SliceComparator doComparison
O MAIS DETALHADO: Y hash only for =08EB3DFF6AC3FA572AE1FF33212936EFB7448A4CCFB9A7DB4A9F231E91682438DD, type is LEAF, pos is 2
Jan 15, 2015 6:21:03 PM org.ccnx.ccn.profiles.sync.SyncTestRepo doHandleContentName
INFORMAÇÕES: Number 1: Callback for name: /ccnx.org/test/SyncTestRepo-15-01-15-18.20.23/ccnSyncTest/slice3/randomFile/=FD054B82F3B225/=0002 - number is 2
Jan 15, 2015 6:21:03 PM org.ccnx.ccn.impl.sync.SliceComparator doComparison
O MAIS DETALHADO: Y hash only for =08EB3DFF6AC3FA572AE1FF33212936EFB7448A4CCFB9A7DB4A9F231E91682438DD, type is LEAF, pos is 3
Jan 15, 2015 6:21:03 PM org.ccnx.ccn.profiles.sync.SyncTestRepo doHandleContentName
INFORMAÇÕES: Number 1: Callback for name: /ccnx.org/test/SyncTestRepo-15-01-15-18.20.23/ccnSyncTest/slice3/randomFile/=FD054B82F3B225/=0003 - number is 3
Jan 15, 2015 6:21:03 PM org.ccnx.ccn.impl.sync.SliceComparator doComparison
O MAIS DETALHADO: Y hash only for =08EB3DFF6AC3FA572AE1FF33212936EFB7448A4CCFB9A7DB4A9F231E91682438DD, type is LEAF, pos is 4
Jan 15, 2015 6:21:03 PM org.ccnx.ccn.profiles.sync.SyncTestRepo doHandleContentName
INFORMAÇÕES: Number 1: Callback for name: /ccnx.org/test/SyncTestRepo-15-01-15-18.20.23/ccnSyncTest/slice3/randomFile/=FD054B82F3B225/=0004 - number is 4
Jan 15, 2015 6:21:03 PM org.ccnx.ccn.impl.sync.SliceComparator doComparison
O MAIS DETALHADO: Y hash only for =08EB3DFF6AC3FA572AE1FF33212936EFB7448A4CCFB9A7DB4A9F231E91682438DD, type is LEAF, pos is 5
Jan 15, 2015 6:21:03 PM org.ccnx.ccn.profiles.sync.SyncTestRepo doHandleContentName
INFORMAÇÕES: Number 1: Callback for name: /ccnx.org/test/SyncTestRepo-15-01-15-18.20.23/ccnSyncTest/slice3/randomFile/=FD054B82F3B225/=0005 - number is 5
Jan 15, 2015 6:21:03 PM org.ccnx.ccn.impl.sync.SliceComparator doComparison
O MAIS DETALHADO: Y hash only for =08EB3DFF6AC3FA572AE1FF33212936EFB7448A4CCFB9A7DB4A9F231E91682438DD, type is LEAF, pos is 6
Jan 15, 2015 6:21:03 PM org.ccnx.ccn.profiles.sync.SyncTestRepo doHandleContentName
INFORMAÇÕES: Number 1: Callback for name: /ccnx.org/test/SyncTestRepo-15-01-15-18.20.23/ccnSyncTest/slice3/randomFile/=FD054B82F3B225/=0006 - number is 6
Jan 15, 2015 6:21:03 PM org.ccnx.ccn.impl.sync.SliceComparator doComparison
O MAIS DETALHADO: Y hash only for =08EB3DFF6AC3FA572AE1FF33212936EFB7448A4CCFB9A7DB4A9F231E91682438DD, type is LEAF, pos is 7
Jan 15, 2015 6:21:03 PM org.ccnx.ccn.profiles.sync.SyncTestRepo doHandleContentName
INFORMAÇÕES: Number 1: Callback for name: /ccnx.org/test/SyncTestRepo-15-01-15-18.20.23/ccnSyncTest/slice3/randomFile/=FD054B82F3B225/=0007 - number is 7
Jan 15, 2015 6:21:03 PM org.ccnx.ccn.impl.sync.SliceComparator doComparison
O MAIS DETALHADO: Y hash only for =08EB3DFF6AC3FA572AE1FF33212936EFB7448A4CCFB9A7DB4A9F231E91682438DD, type is LEAF, pos is 8
Jan 15, 2015 6:21:03 PM org.ccnx.ccn.profiles.sync.SyncTestRepo doHandleContentName
INFORMAÇÕES: Number 1: Callback for name: /ccnx.org/test/SyncTestRepo-15-01-15-18.20.23/ccnSyncTest/slice3/randomFile/=FD054B82F3B225/=0008 - number is 8
Jan 15, 2015 6:21:03 PM org.ccnx.ccn.impl.sync.SliceComparator doComparison
O MAIS DETALHADO: Y hash only for =08EB3DFF6AC3FA572AE1FF33212936EFB7448A4CCFB9A7DB4A9F231E91682438DD, type is LEAF, pos is 9
Jan 15, 2015 6:21:03 PM org.ccnx.ccn.profiles.sync.SyncTestRepo doHandleContentName
INFORMAÇÕES: Number 1: Callback for name: /ccnx.org/test/SyncTestRepo-15-01-15-18.20.23/ccnSyncTest/slice3/randomFile/=FD054B82F3B225/=0009 - number is 9
Jan 15, 2015 6:21:03 PM org.ccnx.ccn.impl.sync.SliceComparator doComparison
O MAIS DETALHADO: Y hash only for =08EB3DFF6AC3FA572AE1FF33212936EFB7448A4CCFB9A7DB4A9F231E91682438DD, type is LEAF, pos is 10
Jan 15, 2015 6:21:03 PM org.ccnx.ccn.profiles.sync.SyncTestRepo doHandleContentName
INFORMAÇÕES: Number 1: Callback for name: /ccnx.org/test/SyncTestRepo-15-01-15-18.20.23/ccnSyncTest/slice3/randomFile/=FD054B82F3B225/=000A - number is 10
Jan 15, 2015 6:21:03 PM org.ccnx.ccn.impl.sync.SliceComparator doComparison
O MAIS DETALHADO: Y hash only for =08EB3DFF6AC3FA572AE1FF33212936EFB7448A4CCFB9A7DB4A9F231E91682438DD, type is LEAF, pos is 11
Jan 15, 2015 6:21:03 PM org.ccnx.ccn.profiles.sync.SyncTestRepo doHandleContentName
INFORMAÇÕES: Number 1: Callback for name: /ccnx.org/test/SyncTestRepo-15-01-15-18.20.23/ccnSyncTest/slice3/randomFile/=FD054B82F3B225/=000B - number is 11
Jan 15, 2015 6:21:03 PM org.ccnx.ccn.impl.sync.SliceComparator doComparison
O MAIS DETALHADO: Y hash only for =08EB3DFF6AC3FA572AE1FF33212936EFB7448A4CCFB9A7DB4A9F231E91682438DD, type is LEAF, pos is 12
Jan 15, 2015 6:21:03 PM org.ccnx.ccn.profiles.sync.SyncTestRepo doHandleContentName
INFORMAÇÕES: Number 1: Callback for name: /ccnx.org/test/SyncTestRepo-15-01-15-18.20.23/ccnSyncTest/slice3/randomFile/=FD054B82F3B225/=000C - number is 12
Jan 15, 2015 6:21:03 PM org.ccnx.ccn.impl.sync.SliceComparator doComparison
O MAIS DETALHADO: Y hash only for =08EB3DFF6AC3FA572AE1FF33212936EFB7448A4CCFB9A7DB4A9F231E91682438DD, type is LEAF, pos is 13
Jan 15, 2015 6:21:03 PM org.ccnx.ccn.profiles.sync.SyncTestRepo doHandleContentName
INFORMAÇÕES: Number 1: Callback for name: /ccnx.org/test/SyncTestRepo-15-01-15-18.20.23/ccnSyncTest/slice3/randomFile/=FD054B82F3B225/=000D - number is 13
Jan 15, 2015 6:21:03 PM org.ccnx.ccn.impl.sync.SliceComparator doComparison
O MAIS DETALHADO: Y hash only for =08EB3DFF6AC3FA572AE1FF33212936EFB7448A4CCFB9A7DB4A9F231E91682438DD, type is LEAF, pos is 14
Jan 15, 2015 6:21:03 PM org.ccnx.ccn.profiles.sync.SyncTestRepo doHandleContentName
INFORMAÇÕES: Number 1: Callback for name: /ccnx.org/test/SyncTestRepo-15-01-15-18.20.23/ccnSyncTest/slice3/randomFile/=FD054B82F3B225/=000E - number is 14
Jan 15, 2015 6:21:03 PM org.ccnx.ccn.impl.sync.SliceComparator doComparison
O MAIS DETALHADO: Y hash only for =08EB3DFF6AC3FA572AE1FF33212936EFB7448A4CCFB9A7DB4A9F231E91682438DD, type is LEAF, pos is 15
Jan 15, 2015 6:21:03 PM org.ccnx.ccn.profiles.sync.SyncTestRepo doHandleContentName
INFORMAÇÕES: Number 1: Callback for name: /ccnx.org/test/SyncTestRepo-15-01-15-18.20.23/ccnSyncTest/slice3/randomFile/=FD054B82F3B225/=000F - number is 15
Jan 15, 2015 6:21:03 PM org.ccnx.ccn.impl.sync.SliceComparator doComparison
O MAIS DETALHADO: Y hash only for =08EB3DFF6AC3FA572AE1FF33212936EFB7448A4CCFB9A7DB4A9F231E91682438DD, type is LEAF, pos is 16
Jan 15, 2015 6:21:03 PM org.ccnx.ccn.profiles.sync.SyncTestRepo doHandleContentName
INFORMAÇÕES: Number 1: Callback for name: /ccnx.org/test/SyncTestRepo-15-01-15-18.20.23/ccnSyncTest/slice3/randomFile/=FD054B82F3B225/=0010 - number is 16
Jan 15, 2015 6:21:03 PM org.ccnx.ccn.impl.sync.SliceComparator doComparison
O MAIS DETALHADO: Y hash only for =08EB3DFF6AC3FA572AE1FF33212936EFB7448A4CCFB9A7DB4A9F231E91682438DD, type is LEAF, pos is 17
Jan 15, 2015 6:21:03 PM org.ccnx.ccn.profiles.sync.SyncTestRepo doHandleContentName
INFORMAÇÕES: Number 1: Callback for name: /ccnx.org/test/SyncTestRepo-15-01-15-18.20.23/ccnSyncTest/slice3/randomFile/=FD054B82F3B225/=0011 - number is 17
Jan 15, 2015 6:21:03 PM org.ccnx.ccn.impl.sync.SliceComparator doComparison
O MAIS DETALHADO: Y hash only for =08EB3DFF6AC3FA572AE1FF33212936EFB7448A4CCFB9A7DB4A9F231E91682438DD, type is LEAF, pos is 18
Jan 15, 2015 6:21:03 PM org.ccnx.ccn.profiles.sync.SyncTestRepo doHandleContentName
INFORMAÇÕES: Number 1: Callback for name: /ccnx.org/test/SyncTestRepo-15-01-15-18.20.23/ccnSyncTest/slice3/randomFile/=FD054B82F3B225/=0012 - number is 18
Jan 15, 2015 6:21:03 PM org.ccnx.ccn.impl.sync.SliceComparator doComparison
O MAIS DETALHADO: Y hash only for %2FF7=E6EB966225D258A954B043A50BE6B83BF9F9178767374E5D84682466CE28, type is HASH, pos is 1
Jan 15, 2015 6:21:03 PM org.ccnx.ccn.impl.sync.SliceComparator.NodeFetchHandler handleContent
DETALHADO: Saw data from nodefind: hash: %0Cd=27F202B76EE65F4C8504D00EFB5DC8E36B6F289DECA7879E8CD492202F5D75
Jan 15, 2015 6:21:03 PM org.ccnx.ccn.impl.sync.SliceComparator.NodeFetchHandler handleContent
DETALHADO: Saw data from nodefind: hash: =06AAFE3238877423DEC41C535CCB730062EFF2A01E156513FFE4DB792A75F90D02
Jan 15, 2015 6:21:03 PM org.ccnx.ccn.io.content.SyncNodeComposite decodeLogging
O MAIS DETALHADO: decode node for %0Cd=27F202B76EE65F4C8504D00EFB5DC8E36B6F289DECA7879E8CD492202F5D75 depth = 1 refs = 23
Jan 15, 2015 6:21:03 PM org.ccnx.ccn.io.content.SyncNodeComposite decodeLogging
O MAIS DETALHADO: min is 19, max is 41, expanded min is /ccnx.org/test/SyncTestRepo-15-01-15-18.20.23/ccnSyncTest/slice3/randomFile/=FD054B82F3B225/=0013/=1AB9016F16D242AFBD03B2A2BC1973313D2C36A417F8C0EA9301C28E8471B0F9, expanded max is /ccnx.org/test/SyncTestRepo-15-01-15-18.20.23/ccnSyncTest/slice3/randomFile/=FD054B82F3B225/=0029/%28J=60BB12C2F21DF8D1B97DB51DD43455A26BEDB403318A98C9AD1A5648FDE9
Jan 15, 2015 6:21:03 PM org.ccnx.ccn.impl.sync.SliceComparator.NodeFetchHandler handleContent
DETALHADO: Saw data from nodefind: hash: %05G=1EEBAD671C9BDBA4083E403C21791FF3CBC944F3C11D934DE7F8C846D1A0B1
Jan 15, 2015 6:21:03 PM org.ccnx.ccn.impl.sync.SliceComparator doComparison
O MAIS DETALHADO: Y hash only for %0Cd=27F202B76EE65F4C8504D00EFB5DC8E36B6F289DECA7879E8CD492202F5D75, type is LEAF, pos is 0
Jan 15, 2015 6:21:03 PM org.ccnx.ccn.profiles.sync.SyncTestRepo doHandleContentName
INFORMAÇÕES: Number 1: Callback for name: /ccnx.org/test/SyncTestRepo-15-01-15-18.20.23/ccnSyncTest/slice3/randomFile/=FD054B82F3B225/=0013 - number is 19
Jan 15, 2015 6:21:03 PM org.ccnx.ccn.impl.sync.SliceComparator doComparison
O MAIS DETALHADO: Y hash only for %0Cd=27F202B76EE65F4C8504D00EFB5DC8E36B6F289DECA7879E8CD492202F5D75, type is LEAF, pos is 1
Jan 15, 2015 6:21:03 PM org.ccnx.ccn.impl.sync.SliceComparator.NodeFetchHandler handleContent
DETALHADO: Saw data from nodefind: hash: =0A2B153DDE3A609648586331EBC57860C04142A06F60B2B49354C98915D65B8559
Jan 15, 2015 6:21:03 PM org.ccnx.ccn.profiles.sync.SyncTestRepo doHandleContentName
INFORMAÇÕES: Number 1: Callback for name: /ccnx.org/test/SyncTestRepo-15-01-15-18.20.23/ccnSyncTest/slice3/randomFile/=FD054B82F3B225/=0014 - number is 20
Jan 15, 2015 6:21:03 PM org.ccnx.ccn.impl.sync.SliceComparator.NodeFetchHandler handleContent
DETALHADO: Saw data from nodefind: hash: =03D99F99B9F2079245699D59363E65E4236B45342E5619FE3E8920963C08ED04CA
Jan 15, 2015 6:21:03 PM org.ccnx.ccn.impl.sync.SliceComparator doComparison
O MAIS DETALHADO: Y hash only for %0Cd=27F202B76EE65F4C8504D00EFB5DC8E36B6F289DECA7879E8CD492202F5D75, type is LEAF, pos is 2
Jan 15, 2015 6:21:03 PM org.ccnx.ccn.profiles.sync.SyncTestRepo doHandleContentName
INFORMAÇÕES: Number 1: Callback for name: /ccnx.org/test/SyncTestRepo-15-01-15-18.20.23/ccnSyncTest/slice3/randomFile/=FD054B82F3B225/=0015 - number is 21
Jan 15, 2015 6:21:03 PM org.ccnx.ccn.impl.sync.SliceComparator doComparison
O MAIS DETALHADO: Y hash only for %0Cd=27F202B76EE65F4C8504D00EFB5DC8E36B6F289DECA7879E8CD492202F5D75, type is LEAF, pos is 3
Jan 15, 2015 6:21:03 PM org.ccnx.ccn.profiles.sync.SyncTestRepo doHandleContentName
INFORMAÇÕES: Number 1: Callback for name: /ccnx.org/test/SyncTestRepo-15-01-15-18.20.23/ccnSyncTest/slice3/randomFile/=FD054B82F3B225/=0016 - number is 22
Jan 15, 2015 6:21:03 PM org.ccnx.ccn.impl.sync.SliceComparator doComparison
O MAIS DETALHADO: Y hash only for %0Cd=27F202B76EE65F4C8504D00EFB5DC8E36B6F289DECA7879E8CD492202F5D75, type is LEAF, pos is 4
Jan 15, 2015 6:21:03 PM org.ccnx.ccn.profiles.sync.SyncTestRepo doHandleContentName
INFORMAÇÕES: Number 1: Callback for name: /ccnx.org/test/SyncTestRepo-15-01-15-18.20.23/ccnSyncTest/slice3/randomFile/=FD054B82F3B225/=0017 - number is 23
Jan 15, 2015 6:21:03 PM org.ccnx.ccn.impl.sync.SliceComparator doComparison
O MAIS DETALHADO: Y hash only for %0Cd=27F202B76EE65F4C8504D00EFB5DC8E36B6F289DECA7879E8CD492202F5D75, type is LEAF, pos is 5
Jan 15, 2015 6:21:03 PM org.ccnx.ccn.profiles.sync.SyncTestRepo doHandleContentName
INFORMAÇÕES: Number 1: Callback for name: /ccnx.org/test/SyncTestRepo-15-01-15-18.20.23/ccnSyncTest/slice3/randomFile/=FD054B82F3B225/=0018 - number is 24
Jan 15, 2015 6:21:03 PM org.ccnx.ccn.impl.sync.SliceComparator doComparison
O MAIS DETALHADO: Y hash only for %0Cd=27F202B76EE65F4C8504D00EFB5DC8E36B6F289DECA7879E8CD492202F5D75, type is LEAF, pos is 6
Jan 15, 2015 6:21:03 PM org.ccnx.ccn.profiles.sync.SyncTestRepo doHandleContentName
INFORMAÇÕES: Number 1: Callback for name: /ccnx.org/test/SyncTestRepo-15-01-15-18.20.23/ccnSyncTest/slice3/randomFile/=FD054B82F3B225/=0019 - number is 25
Jan 15, 2015 6:21:03 PM org.ccnx.ccn.impl.sync.SliceComparator doComparison
O MAIS DETALHADO: Y hash only for %0Cd=27F202B76EE65F4C8504D00EFB5DC8E36B6F289DECA7879E8CD492202F5D75, type is LEAF, pos is 7
Jan 15, 2015 6:21:03 PM org.ccnx.ccn.profiles.sync.SyncTestRepo doHandleContentName
INFORMAÇÕES: Number 1: Callback for name: /ccnx.org/test/SyncTestRepo-15-01-15-18.20.23/ccnSyncTest/slice3/randomFile/=FD054B82F3B225/=001A - number is 26
Jan 15, 2015 6:21:03 PM org.ccnx.ccn.impl.sync.SliceComparator doComparison
O MAIS DETALHADO: Y hash only for %0Cd=27F202B76EE65F4C8504D00EFB5DC8E36B6F289DECA7879E8CD492202F5D75, type is LEAF, pos is 8
Jan 15, 2015 6:21:03 PM org.ccnx.ccn.profiles.sync.SyncTestRepo doHandleContentName
INFORMAÇÕES: Number 1: Callback for name: /ccnx.org/test/SyncTestRepo-15-01-15-18.20.23/ccnSyncTest/slice3/randomFile/=FD054B82F3B225/=001B - number is 27
Jan 15, 2015 6:21:03 PM org.ccnx.ccn.impl.sync.SliceComparator doComparison
O MAIS DETALHADO: Y hash only for %0Cd=27F202B76EE65F4C8504D00EFB5DC8E36B6F289DECA7879E8CD492202F5D75, type is LEAF, pos is 9
Jan 15, 2015 6:21:03 PM org.ccnx.ccn.profiles.sync.SyncTestRepo doHandleContentName
INFORMAÇÕES: Number 1: Callback for name: /ccnx.org/test/SyncTestRepo-15-01-15-18.20.23/ccnSyncTest/slice3/randomFile/=FD054B82F3B225/=001C - number is 28
Jan 15, 2015 6:21:03 PM org.ccnx.ccn.impl.sync.SliceComparator doComparison
O MAIS DETALHADO: Y hash only for %0Cd=27F202B76EE65F4C8504D00EFB5DC8E36B6F289DECA7879E8CD492202F5D75, type is LEAF, pos is 10
Jan 15, 2015 6:21:03 PM org.ccnx.ccn.profiles.sync.SyncTestRepo doHandleContentName
INFORMAÇÕES: Number 1: Callback for name: /ccnx.org/test/SyncTestRepo-15-01-15-18.20.23/ccnSyncTest/slice3/randomFile/=FD054B82F3B225/=001D - number is 29
Jan 15, 2015 6:21:03 PM org.ccnx.ccn.impl.sync.SliceComparator doComparison
O MAIS DETALHADO: Y hash only for %0Cd=27F202B76EE65F4C8504D00EFB5DC8E36B6F289DECA7879E8CD492202F5D75, type is LEAF, pos is 11
Jan 15, 2015 6:21:03 PM org.ccnx.ccn.profiles.sync.SyncTestRepo doHandleContentName
INFORMAÇÕES: Number 1: Callback for name: /ccnx.org/test/SyncTestRepo-15-01-15-18.20.23/ccnSyncTest/slice3/randomFile/=FD054B82F3B225/=001E - number is 30
Jan 15, 2015 6:21:03 PM org.ccnx.ccn.impl.sync.SliceComparator doComparison
O MAIS DETALHADO: Y hash only for %0Cd=27F202B76EE65F4C8504D00EFB5DC8E36B6F289DECA7879E8CD492202F5D75, type is LEAF, pos is 12
Jan 15, 2015 6:21:03 PM org.ccnx.ccn.profiles.sync.SyncTestRepo doHandleContentName
INFORMAÇÕES: Number 1: Callback for name: /ccnx.org/test/SyncTestRepo-15-01-15-18.20.23/ccnSyncTest/slice3/randomFile/=FD054B82F3B225/=001F - number is 31
Jan 15, 2015 6:21:03 PM org.ccnx.ccn.impl.sync.SliceComparator doComparison
O MAIS DETALHADO: Y hash only for %0Cd=27F202B76EE65F4C8504D00EFB5DC8E36B6F289DECA7879E8CD492202F5D75, type is LEAF, pos is 13
Jan 15, 2015 6:21:03 PM org.ccnx.ccn.profiles.sync.SyncTestRepo doHandleContentName
INFORMAÇÕES: Number 1: Callback for name: /ccnx.org/test/SyncTestRepo-15-01-15-18.20.23/ccnSyncTest/slice3/randomFile/=FD054B82F3B225/=0020 - number is 32
Jan 15, 2015 6:21:03 PM org.ccnx.ccn.impl.sync.SliceComparator doComparison
O MAIS DETALHADO: Y hash only for %0Cd=27F202B76EE65F4C8504D00EFB5DC8E36B6F289DECA7879E8CD492202F5D75, type is LEAF, pos is 14
Jan 15, 2015 6:21:03 PM org.ccnx.ccn.profiles.sync.SyncTestRepo doHandleContentName
INFORMAÇÕES: Number 1: Callback for name: /ccnx.org/test/SyncTestRepo-15-01-15-18.20.23/ccnSyncTest/slice3/randomFile/=FD054B82F3B225/=0021 - number is 33
Jan 15, 2015 6:21:03 PM org.ccnx.ccn.impl.sync.SliceComparator doComparison
O MAIS DETALHADO: Y hash only for %0Cd=27F202B76EE65F4C8504D00EFB5DC8E36B6F289DECA7879E8CD492202F5D75, type is LEAF, pos is 15
Jan 15, 2015 6:21:03 PM org.ccnx.ccn.profiles.sync.SyncTestRepo doHandleContentName
INFORMAÇÕES: Number 1: Callback for name: /ccnx.org/test/SyncTestRepo-15-01-15-18.20.23/ccnSyncTest/slice3/randomFile/=FD054B82F3B225/=0022 - number is 34
Jan 15, 2015 6:21:03 PM org.ccnx.ccn.impl.sync.SliceComparator doComparison
O MAIS DETALHADO: Y hash only for %0Cd=27F202B76EE65F4C8504D00EFB5DC8E36B6F289DECA7879E8CD492202F5D75, type is LEAF, pos is 16
Jan 15, 2015 6:21:03 PM org.ccnx.ccn.profiles.sync.SyncTestRepo doHandleContentName
INFORMAÇÕES: Number 1: Callback for name: /ccnx.org/test/SyncTestRepo-15-01-15-18.20.23/ccnSyncTest/slice3/randomFile/=FD054B82F3B225/=0023 - number is 35
Jan 15, 2015 6:21:03 PM org.ccnx.ccn.impl.sync.SliceComparator doComparison
O MAIS DETALHADO: Y hash only for %0Cd=27F202B76EE65F4C8504D00EFB5DC8E36B6F289DECA7879E8CD492202F5D75, type is LEAF, pos is 17
Jan 15, 2015 6:21:03 PM org.ccnx.ccn.profiles.sync.SyncTestRepo doHandleContentName
INFORMAÇÕES: Number 1: Callback for name: /ccnx.org/test/SyncTestRepo-15-01-15-18.20.23/ccnSyncTest/slice3/randomFile/=FD054B82F3B225/=0024 - number is 36
Jan 15, 2015 6:21:03 PM org.ccnx.ccn.impl.sync.SliceComparator doComparison
O MAIS DETALHADO: Y hash only for %0Cd=27F202B76EE65F4C8504D00EFB5DC8E36B6F289DECA7879E8CD492202F5D75, type is LEAF, pos is 18
Jan 15, 2015 6:21:03 PM org.ccnx.ccn.profiles.sync.SyncTestRepo doHandleContentName
INFORMAÇÕES: Number 1: Callback for name: /ccnx.org/test/SyncTestRepo-15-01-15-18.20.23/ccnSyncTest/slice3/randomFile/=FD054B82F3B225/=0025 - number is 37
Jan 15, 2015 6:21:03 PM org.ccnx.ccn.impl.sync.SliceComparator doComparison
O MAIS DETALHADO: Y hash only for %0Cd=27F202B76EE65F4C8504D00EFB5DC8E36B6F289DECA7879E8CD492202F5D75, type is LEAF, pos is 19
Jan 15, 2015 6:21:03 PM org.ccnx.ccn.profiles.sync.SyncTestRepo doHandleContentName
INFORMAÇÕES: Number 1: Callback for name: /ccnx.org/test/SyncTestRepo-15-01-15-18.20.23/ccnSyncTest/slice3/randomFile/=FD054B82F3B225/=0026 - number is 38
Jan 15, 2015 6:21:03 PM org.ccnx.ccn.impl.sync.SliceComparator doComparison
O MAIS DETALHADO: Y hash only for %0Cd=27F202B76EE65F4C8504D00EFB5DC8E36B6F289DECA7879E8CD492202F5D75, type is LEAF, pos is 20
Jan 15, 2015 6:21:03 PM org.ccnx.ccn.profiles.sync.SyncTestRepo doHandleContentName
INFORMAÇÕES: Number 1: Callback for name: /ccnx.org/test/SyncTestRepo-15-01-15-18.20.23/ccnSyncTest/slice3/randomFile/=FD054B82F3B225/=0027 - number is 39
Jan 15, 2015 6:21:03 PM org.ccnx.ccn.impl.sync.SliceComparator doComparison
O MAIS DETALHADO: Y hash only for %0Cd=27F202B76EE65F4C8504D00EFB5DC8E36B6F289DECA7879E8CD492202F5D75, type is LEAF, pos is 21
Jan 15, 2015 6:21:03 PM org.ccnx.ccn.profiles.sync.SyncTestRepo doHandleContentName
INFORMAÇÕES: Number 1: Callback for name: /ccnx.org/test/SyncTestRepo-15-01-15-18.20.23/ccnSyncTest/slice3/randomFile/=FD054B82F3B225/=0028 - number is 40
Jan 15, 2015 6:21:03 PM org.ccnx.ccn.impl.sync.SliceComparator doComparison
O MAIS DETALHADO: Y hash only for %0Cd=27F202B76EE65F4C8504D00EFB5DC8E36B6F289DECA7879E8CD492202F5D75, type is LEAF, pos is 22
Jan 15, 2015 6:21:03 PM org.ccnx.ccn.profiles.sync.SyncTestRepo doHandleContentName
INFORMAÇÕES: Number 1: Callback for name: /ccnx.org/test/SyncTestRepo-15-01-15-18.20.23/ccnSyncTest/slice3/randomFile/=FD054B82F3B225/=0029 - number is 41
Jan 15, 2015 6:21:03 PM org.ccnx.ccn.impl.sync.SliceComparator doComparison
O MAIS DETALHADO: Y hash only for %2FF7=E6EB966225D258A954B043A50BE6B83BF9F9178767374E5D84682466CE28, type is HASH, pos is 2
Jan 15, 2015 6:21:03 PM org.ccnx.ccn.io.content.SyncNodeComposite decodeLogging
O MAIS DETALHADO: decode node for =06AAFE3238877423DEC41C535CCB730062EFF2A01E156513FFE4DB792A75F90D02 depth = 1 refs = 16
Jan 15, 2015 6:21:03 PM org.ccnx.ccn.io.content.SyncNodeComposite decodeLogging
O MAIS DETALHADO: min is 42, max is 57, expanded min is /ccnx.org/test/SyncTestRepo-15-01-15-18.20.23/ccnSyncTest/slice3/randomFile/=FD054B82F3B225/=002A/BF=B6406916D6533E0F75EF315C6EA8667FA171BB83F3485EDF10CF30522F5C, expanded max is /ccnx.org/test/SyncTestRepo-15-01-15-18.20.23/ccnSyncTest/slice3/randomFile/=FD054B82F3B225/=0039/=0E2967AC5A00599FA440E1E0B9F71F7C7E115448BBA6A476F375E1E2AD412A74
Jan 15, 2015 6:21:03 PM org.ccnx.ccn.impl.sync.SliceComparator doComparison
O MAIS DETALHADO: Y hash only for =06AAFE3238877423DEC41C535CCB730062EFF2A01E156513FFE4DB792A75F90D02, type is LEAF, pos is 0
Jan 15, 2015 6:21:03 PM org.ccnx.ccn.profiles.sync.SyncTestRepo doHandleContentName
INFORMAÇÕES: Number 1: Callback for name: /ccnx.org/test/SyncTestRepo-15-01-15-18.20.23/ccnSyncTest/slice3/randomFile/=FD054B82F3B225/=002A - number is 42
Jan 15, 2015 6:21:03 PM org.ccnx.ccn.impl.sync.SliceComparator doComparison
O MAIS DETALHADO: Y hash only for =06AAFE3238877423DEC41C535CCB730062EFF2A01E156513FFE4DB792A75F90D02, type is LEAF, pos is 1
Jan 15, 2015 6:21:03 PM org.ccnx.ccn.profiles.sync.SyncTestRepo doHandleContentName
INFORMAÇÕES: Number 1: Callback for name: /ccnx.org/test/SyncTestRepo-15-01-15-18.20.23/ccnSyncTest/slice3/randomFile/=FD054B82F3B225/=002B - number is 43
Jan 15, 2015 6:21:03 PM org.ccnx.ccn.impl.sync.SliceComparator doComparison
O MAIS DETALHADO: Y hash only for =06AAFE3238877423DEC41C535CCB730062EFF2A01E156513FFE4DB792A75F90D02, type is LEAF, pos is 2
Jan 15, 2015 6:21:03 PM org.ccnx.ccn.profiles.sync.SyncTestRepo doHandleContentName
INFORMAÇÕES: Number 1: Callback for name: /ccnx.org/test/SyncTestRepo-15-01-15-18.20.23/ccnSyncTest/slice3/randomFile/=FD054B82F3B225/=002C - number is 44
Jan 15, 2015 6:21:03 PM org.ccnx.ccn.impl.sync.SliceComparator doComparison
O MAIS DETALHADO: Y hash only for =06AAFE3238877423DEC41C535CCB730062EFF2A01E156513FFE4DB792A75F90D02, type is LEAF, pos is 3
Jan 15, 2015 6:21:03 PM org.ccnx.ccn.profiles.sync.SyncTestRepo doHandleContentName
INFORMAÇÕES: Number 1: Callback for name: /ccnx.org/test/SyncTestRepo-15-01-15-18.20.23/ccnSyncTest/slice3/randomFile/=FD054B82F3B225/=002D - number is 45
Jan 15, 2015 6:21:03 PM org.ccnx.ccn.impl.sync.SliceComparator doComparison
O MAIS DETALHADO: Y hash only for =06AAFE3238877423DEC41C535CCB730062EFF2A01E156513FFE4DB792A75F90D02, type is LEAF, pos is 4
Jan 15, 2015 6:21:03 PM org.ccnx.ccn.profiles.sync.SyncTestRepo doHandleContentName
INFORMAÇÕES: Number 1: Callback for name: /ccnx.org/test/SyncTestRepo-15-01-15-18.20.23/ccnSyncTest/slice3/randomFile/=FD054B82F3B225/=002E - number is 46
Jan 15, 2015 6:21:03 PM org.ccnx.ccn.impl.sync.SliceComparator doComparison
O MAIS DETALHADO: Y hash only for =06AAFE3238877423DEC41C535CCB730062EFF2A01E156513FFE4DB792A75F90D02, type is LEAF, pos is 5
Jan 15, 2015 6:21:03 PM org.ccnx.ccn.profiles.sync.SyncTestRepo doHandleContentName
INFORMAÇÕES: Number 1: Callback for name: /ccnx.org/test/SyncTestRepo-15-01-15-18.20.23/ccnSyncTest/slice3/randomFile/=FD054B82F3B225/=002F - number is 47
Jan 15, 2015 6:21:03 PM org.ccnx.ccn.impl.sync.SliceComparator doComparison
O MAIS DETALHADO: Y hash only for =06AAFE3238877423DEC41C535CCB730062EFF2A01E156513FFE4DB792A75F90D02, type is LEAF, pos is 6
Jan 15, 2015 6:21:03 PM org.ccnx.ccn.profiles.sync.SyncTestRepo doHandleContentName
INFORMAÇÕES: Number 1: Callback for name: /ccnx.org/test/SyncTestRepo-15-01-15-18.20.23/ccnSyncTest/slice3/randomFile/=FD054B82F3B225/=0030 - number is 48
Jan 15, 2015 6:21:03 PM org.ccnx.ccn.impl.sync.SliceComparator doComparison
O MAIS DETALHADO: Y hash only for =06AAFE3238877423DEC41C535CCB730062EFF2A01E156513FFE4DB792A75F90D02, type is LEAF, pos is 7
Jan 15, 2015 6:21:03 PM org.ccnx.ccn.profiles.sync.SyncTestRepo doHandleContentName
INFORMAÇÕES: Number 1: Callback for name: /ccnx.org/test/SyncTestRepo-15-01-15-18.20.23/ccnSyncTest/slice3/randomFile/=FD054B82F3B225/=0031 - number is 49
Jan 15, 2015 6:21:03 PM org.ccnx.ccn.impl.sync.SliceComparator doComparison
O MAIS DETALHADO: Y hash only for =06AAFE3238877423DEC41C535CCB730062EFF2A01E156513FFE4DB792A75F90D02, type is LEAF, pos is 8
Jan 15, 2015 6:21:03 PM org.ccnx.ccn.profiles.sync.SyncTestRepo doHandleContentName
INFORMAÇÕES: Number 1: Callback for name: /ccnx.org/test/SyncTestRepo-15-01-15-18.20.23/ccnSyncTest/slice3/randomFile/=FD054B82F3B225/=0032 - number is 50
Jan 15, 2015 6:21:03 PM org.ccnx.ccn.impl.sync.SliceComparator doComparison
O MAIS DETALHADO: Y hash only for =06AAFE3238877423DEC41C535CCB730062EFF2A01E156513FFE4DB792A75F90D02, type is LEAF, pos is 9
Jan 15, 2015 6:21:03 PM org.ccnx.ccn.profiles.sync.SyncTestRepo doHandleContentName
INFORMAÇÕES: Number 1: Callback for name: /ccnx.org/test/SyncTestRepo-15-01-15-18.20.23/ccnSyncTest/slice3/randomFile/=FD054B82F3B225/=0033 - number is 51
Jan 15, 2015 6:21:03 PM org.ccnx.ccn.impl.sync.SliceComparator doComparison
O MAIS DETALHADO: Y hash only for =06AAFE3238877423DEC41C535CCB730062EFF2A01E156513FFE4DB792A75F90D02, type is LEAF, pos is 10
Jan 15, 2015 6:21:03 PM org.ccnx.ccn.profiles.sync.SyncTestRepo doHandleContentName
INFORMAÇÕES: Number 1: Callback for name: /ccnx.org/test/SyncTestRepo-15-01-15-18.20.23/ccnSyncTest/slice3/randomFile/=FD054B82F3B225/=0034 - number is 52
Jan 15, 2015 6:21:03 PM org.ccnx.ccn.impl.sync.SliceComparator doComparison
O MAIS DETALHADO: Y hash only for =06AAFE3238877423DEC41C535CCB730062EFF2A01E156513FFE4DB792A75F90D02, type is LEAF, pos is 11
Jan 15, 2015 6:21:03 PM org.ccnx.ccn.profiles.sync.SyncTestRepo doHandleContentName
INFORMAÇÕES: Number 1: Callback for name: /ccnx.org/test/SyncTestRepo-15-01-15-18.20.23/ccnSyncTest/slice3/randomFile/=FD054B82F3B225/=0035 - number is 53
Jan 15, 2015 6:21:03 PM org.ccnx.ccn.impl.sync.SliceComparator doComparison
O MAIS DETALHADO: Y hash only for =06AAFE3238877423DEC41C535CCB730062EFF2A01E156513FFE4DB792A75F90D02, type is LEAF, pos is 12
Jan 15, 2015 6:21:03 PM org.ccnx.ccn.profiles.sync.SyncTestRepo doHandleContentName
INFORMAÇÕES: Number 1: Callback for name: /ccnx.org/test/SyncTestRepo-15-01-15-18.20.23/ccnSyncTest/slice3/randomFile/=FD054B82F3B225/=0036 - number is 54
Jan 15, 2015 6:21:03 PM org.ccnx.ccn.impl.sync.SliceComparator doComparison
O MAIS DETALHADO: Y hash only for =06AAFE3238877423DEC41C535CCB730062EFF2A01E156513FFE4DB792A75F90D02, type is LEAF, pos is 13
Jan 15, 2015 6:21:03 PM org.ccnx.ccn.profiles.sync.SyncTestRepo doHandleContentName
INFORMAÇÕES: Number 1: Callback for name: /ccnx.org/test/SyncTestRepo-15-01-15-18.20.23/ccnSyncTest/slice3/randomFile/=FD054B82F3B225/=0037 - number is 55
Jan 15, 2015 6:21:03 PM org.ccnx.ccn.impl.sync.SliceComparator doComparison
O MAIS DETALHADO: Y hash only for =06AAFE3238877423DEC41C535CCB730062EFF2A01E156513FFE4DB792A75F90D02, type is LEAF, pos is 14
Jan 15, 2015 6:21:03 PM org.ccnx.ccn.profiles.sync.SyncTestRepo doHandleContentName
INFORMAÇÕES: Number 1: Callback for name: /ccnx.org/test/SyncTestRepo-15-01-15-18.20.23/ccnSyncTest/slice3/randomFile/=FD054B82F3B225/=0038 - number is 56
Jan 15, 2015 6:21:03 PM org.ccnx.ccn.impl.sync.SliceComparator doComparison
O MAIS DETALHADO: Y hash only for =06AAFE3238877423DEC41C535CCB730062EFF2A01E156513FFE4DB792A75F90D02, type is LEAF, pos is 15
Jan 15, 2015 6:21:03 PM org.ccnx.ccn.profiles.sync.SyncTestRepo doHandleContentName
INFORMAÇÕES: Number 1: Callback for name: /ccnx.org/test/SyncTestRepo-15-01-15-18.20.23/ccnSyncTest/slice3/randomFile/=FD054B82F3B225/=0039 - number is 57
Jan 15, 2015 6:21:03 PM org.ccnx.ccn.impl.sync.SliceComparator doComparison
O MAIS DETALHADO: Y hash only for %2FF7=E6EB966225D258A954B043A50BE6B83BF9F9178767374E5D84682466CE28, type is HASH, pos is 3
Jan 15, 2015 6:21:03 PM org.ccnx.ccn.io.content.SyncNodeComposite decodeLogging
O MAIS DETALHADO: decode node for %05G=1EEBAD671C9BDBA4083E403C21791FF3CBC944F3C11D934DE7F8C846D1A0B1 depth = 1 refs = 14
Jan 15, 2015 6:21:03 PM org.ccnx.ccn.io.content.SyncNodeComposite decodeLogging
O MAIS DETALHADO: min is 58, max is 71, expanded min is /ccnx.org/test/SyncTestRepo-15-01-15-18.20.23/ccnSyncTest/slice3/randomFile/=FD054B82F3B225/=003A/=E4FEC5BEA91947121525A987579E961F42CD9ABD9D1105CF9A0776FC7C1DC262, expanded max is /ccnx.org/test/SyncTestRepo-15-01-15-18.20.23/ccnSyncTest/slice3/randomFile/=FD054B82F3B225/=0047/=3CFFDA883D07759505ADE5B9ED45950BC83C135846F9A1E14D2AB3540EE58BA4
Jan 15, 2015 6:21:03 PM org.ccnx.ccn.impl.sync.SliceComparator doComparison
O MAIS DETALHADO: Y hash only for %05G=1EEBAD671C9BDBA4083E403C21791FF3CBC944F3C11D934DE7F8C846D1A0B1, type is LEAF, pos is 0
Jan 15, 2015 6:21:03 PM org.ccnx.ccn.profiles.sync.SyncTestRepo doHandleContentName
INFORMAÇÕES: Number 1: Callback for name: /ccnx.org/test/SyncTestRepo-15-01-15-18.20.23/ccnSyncTest/slice3/randomFile/=FD054B82F3B225/=003A - number is 58
Jan 15, 2015 6:21:03 PM org.ccnx.ccn.impl.sync.SliceComparator doComparison
O MAIS DETALHADO: Y hash only for %05G=1EEBAD671C9BDBA4083E403C21791FF3CBC944F3C11D934DE7F8C846D1A0B1, type is LEAF, pos is 1
Jan 15, 2015 6:21:03 PM org.ccnx.ccn.profiles.sync.SyncTestRepo doHandleContentName
INFORMAÇÕES: Number 1: Callback for name: /ccnx.org/test/SyncTestRepo-15-01-15-18.20.23/ccnSyncTest/slice3/randomFile/=FD054B82F3B225/=003B - number is 59
Jan 15, 2015 6:21:03 PM org.ccnx.ccn.impl.sync.SliceComparator doComparison
O MAIS DETALHADO: Y hash only for %05G=1EEBAD671C9BDBA4083E403C21791FF3CBC944F3C11D934DE7F8C846D1A0B1, type is LEAF, pos is 2
Jan 15, 2015 6:21:03 PM org.ccnx.ccn.profiles.sync.SyncTestRepo doHandleContentName
INFORMAÇÕES: Number 1: Callback for name: /ccnx.org/test/SyncTestRepo-15-01-15-18.20.23/ccnSyncTest/slice3/randomFile/=FD054B82F3B225/=003C - number is 60
Jan 15, 2015 6:21:03 PM org.ccnx.ccn.impl.sync.SliceComparator doComparison
O MAIS DETALHADO: Y hash only for %05G=1EEBAD671C9BDBA4083E403C21791FF3CBC944F3C11D934DE7F8C846D1A0B1, type is LEAF, pos is 3
Jan 15, 2015 6:21:03 PM org.ccnx.ccn.profiles.sync.SyncTestRepo doHandleContentName
INFORMAÇÕES: Number 1: Callback for name: /ccnx.org/test/SyncTestRepo-15-01-15-18.20.23/ccnSyncTest/slice3/randomFile/=FD054B82F3B225/=003D - number is 61
Jan 15, 2015 6:21:03 PM org.ccnx.ccn.impl.sync.SliceComparator doComparison
O MAIS DETALHADO: Y hash only for %05G=1EEBAD671C9BDBA4083E403C21791FF3CBC944F3C11D934DE7F8C846D1A0B1, type is LEAF, pos is 4
Jan 15, 2015 6:21:03 PM org.ccnx.ccn.profiles.sync.SyncTestRepo doHandleContentName
INFORMAÇÕES: Number 1: Callback for name: /ccnx.org/test/SyncTestRepo-15-01-15-18.20.23/ccnSyncTest/slice3/randomFile/=FD054B82F3B225/=003E - number is 62
Jan 15, 2015 6:21:03 PM org.ccnx.ccn.impl.sync.SliceComparator doComparison
O MAIS DETALHADO: Y hash only for %05G=1EEBAD671C9BDBA4083E403C21791FF3CBC944F3C11D934DE7F8C846D1A0B1, type is LEAF, pos is 5
Jan 15, 2015 6:21:03 PM org.ccnx.ccn.profiles.sync.SyncTestRepo doHandleContentName
INFORMAÇÕES: Number 1: Callback for name: /ccnx.org/test/SyncTestRepo-15-01-15-18.20.23/ccnSyncTest/slice3/randomFile/=FD054B82F3B225/=003F - number is 63
Jan 15, 2015 6:21:03 PM org.ccnx.ccn.impl.sync.SliceComparator doComparison
O MAIS DETALHADO: Y hash only for %05G=1EEBAD671C9BDBA4083E403C21791FF3CBC944F3C11D934DE7F8C846D1A0B1, type is LEAF, pos is 6
Jan 15, 2015 6:21:03 PM org.ccnx.ccn.profiles.sync.SyncTestRepo doHandleContentName
INFORMAÇÕES: Number 1: Callback for name: /ccnx.org/test/SyncTestRepo-15-01-15-18.20.23/ccnSyncTest/slice3/randomFile/=FD054B82F3B225/=0040 - number is 64
Jan 15, 2015 6:21:03 PM org.ccnx.ccn.impl.sync.SliceComparator doComparison
O MAIS DETALHADO: Y hash only for %05G=1EEBAD671C9BDBA4083E403C21791FF3CBC944F3C11D934DE7F8C846D1A0B1, type is LEAF, pos is 7
Jan 15, 2015 6:21:03 PM org.ccnx.ccn.profiles.sync.SyncTestRepo doHandleContentName
INFORMAÇÕES: Number 1: Callback for name: /ccnx.org/test/SyncTestRepo-15-01-15-18.20.23/ccnSyncTest/slice3/randomFile/=FD054B82F3B225/=0041 - number is 65
Jan 15, 2015 6:21:03 PM org.ccnx.ccn.impl.sync.SliceComparator doComparison
O MAIS DETALHADO: Y hash only for %05G=1EEBAD671C9BDBA4083E403C21791FF3CBC944F3C11D934DE7F8C846D1A0B1, type is LEAF, pos is 8
Jan 15, 2015 6:21:03 PM org.ccnx.ccn.profiles.sync.SyncTestRepo doHandleContentName
INFORMAÇÕES: Number 1: Callback for name: /ccnx.org/test/SyncTestRepo-15-01-15-18.20.23/ccnSyncTest/slice3/randomFile/=FD054B82F3B225/=0042 - number is 66
Jan 15, 2015 6:21:03 PM org.ccnx.ccn.impl.sync.SliceComparator doComparison
O MAIS DETALHADO: Y hash only for %05G=1EEBAD671C9BDBA4083E403C21791FF3CBC944F3C11D934DE7F8C846D1A0B1, type is LEAF, pos is 9
Jan 15, 2015 6:21:03 PM org.ccnx.ccn.profiles.sync.SyncTestRepo doHandleContentName
INFORMAÇÕES: Number 1: Callback for name: /ccnx.org/test/SyncTestRepo-15-01-15-18.20.23/ccnSyncTest/slice3/randomFile/=FD054B82F3B225/=0043 - number is 67
Jan 15, 2015 6:21:03 PM org.ccnx.ccn.impl.sync.SliceComparator doComparison
O MAIS DETALHADO: Y hash only for %05G=1EEBAD671C9BDBA4083E403C21791FF3CBC944F3C11D934DE7F8C846D1A0B1, type is LEAF, pos is 10
Jan 15, 2015 6:21:03 PM org.ccnx.ccn.profiles.sync.SyncTestRepo doHandleContentName
INFORMAÇÕES: Number 1: Callback for name: /ccnx.org/test/SyncTestRepo-15-01-15-18.20.23/ccnSyncTest/slice3/randomFile/=FD054B82F3B225/=0044 - number is 68
Jan 15, 2015 6:21:03 PM org.ccnx.ccn.impl.sync.SliceComparator doComparison
O MAIS DETALHADO: Y hash only for %05G=1EEBAD671C9BDBA4083E403C21791FF3CBC944F3C11D934DE7F8C846D1A0B1, type is LEAF, pos is 11
Jan 15, 2015 6:21:03 PM org.ccnx.ccn.profiles.sync.SyncTestRepo doHandleContentName
INFORMAÇÕES: Number 1: Callback for name: /ccnx.org/test/SyncTestRepo-15-01-15-18.20.23/ccnSyncTest/slice3/randomFile/=FD054B82F3B225/=0045 - number is 69
Jan 15, 2015 6:21:03 PM org.ccnx.ccn.impl.sync.SliceComparator doComparison
O MAIS DETALHADO: Y hash only for %05G=1EEBAD671C9BDBA4083E403C21791FF3CBC944F3C11D934DE7F8C846D1A0B1, type is LEAF, pos is 12
Jan 15, 2015 6:21:03 PM org.ccnx.ccn.profiles.sync.SyncTestRepo doHandleContentName
INFORMAÇÕES: Number 1: Callback for name: /ccnx.org/test/SyncTestRepo-15-01-15-18.20.23/ccnSyncTest/slice3/randomFile/=FD054B82F3B225/=0046 - number is 70
Jan 15, 2015 6:21:03 PM org.ccnx.ccn.impl.sync.SliceComparator doComparison
O MAIS DETALHADO: Y hash only for %05G=1EEBAD671C9BDBA4083E403C21791FF3CBC944F3C11D934DE7F8C846D1A0B1, type is LEAF, pos is 13
Jan 15, 2015 6:21:03 PM org.ccnx.ccn.profiles.sync.SyncTestRepo doHandleContentName
INFORMAÇÕES: Number 1: Callback for name: /ccnx.org/test/SyncTestRepo-15-01-15-18.20.23/ccnSyncTest/slice3/randomFile/=FD054B82F3B225/=0047 - number is 71
Jan 15, 2015 6:21:03 PM org.ccnx.ccn.impl.sync.SliceComparator doComparison
O MAIS DETALHADO: Y hash only for %2FF7=E6EB966225D258A954B043A50BE6B83BF9F9178767374E5D84682466CE28, type is HASH, pos is 4
Jan 15, 2015 6:21:03 PM org.ccnx.ccn.io.content.SyncNodeComposite decodeLogging
O MAIS DETALHADO: decode node for =0A2B153DDE3A609648586331EBC57860C04142A06F60B2B49354C98915D65B8559 depth = 1 refs = 18
Jan 15, 2015 6:21:03 PM org.ccnx.ccn.io.content.SyncNodeComposite decodeLogging
O MAIS DETALHADO: min is 72, max is 89, expanded min is /ccnx.org/test/SyncTestRepo-15-01-15-18.20.23/ccnSyncTest/slice3/randomFile/=FD054B82F3B225/=0048/y=D4CABA5D076FF69F0904293D53397EF4419F17897E8E97680784B16DFD630C, expanded max is /ccnx.org/test/SyncTestRepo-15-01-15-18.20.23/ccnSyncTest/slice3/randomFile/=FD054B82F3B225/=0059/s%247g=F394E6D4714CD11D0C288212BBD519EA1B7179FB31BF56E64973F577
Jan 15, 2015 6:21:03 PM org.ccnx.ccn.impl.sync.SliceComparator doComparison
O MAIS DETALHADO: Y hash only for =0A2B153DDE3A609648586331EBC57860C04142A06F60B2B49354C98915D65B8559, type is LEAF, pos is 0
Jan 15, 2015 6:21:03 PM org.ccnx.ccn.profiles.sync.SyncTestRepo doHandleContentName
INFORMAÇÕES: Number 1: Callback for name: /ccnx.org/test/SyncTestRepo-15-01-15-18.20.23/ccnSyncTest/slice3/randomFile/=FD054B82F3B225/=0048 - number is 72
Jan 15, 2015 6:21:03 PM org.ccnx.ccn.impl.sync.SliceComparator doComparison
O MAIS DETALHADO: Y hash only for =0A2B153DDE3A609648586331EBC57860C04142A06F60B2B49354C98915D65B8559, type is LEAF, pos is 1
Jan 15, 2015 6:21:03 PM org.ccnx.ccn.profiles.sync.SyncTestRepo doHandleContentName
INFORMAÇÕES: Number 1: Callback for name: /ccnx.org/test/SyncTestRepo-15-01-15-18.20.23/ccnSyncTest/slice3/randomFile/=FD054B82F3B225/=0049 - number is 73
Jan 15, 2015 6:21:03 PM org.ccnx.ccn.impl.sync.SliceComparator doComparison
O MAIS DETALHADO: Y hash only for =0A2B153DDE3A609648586331EBC57860C04142A06F60B2B49354C98915D65B8559, type is LEAF, pos is 2
Jan 15, 2015 6:21:03 PM org.ccnx.ccn.profiles.sync.SyncTestRepo doHandleContentName
INFORMAÇÕES: Number 1: Callback for name: /ccnx.org/test/SyncTestRepo-15-01-15-18.20.23/ccnSyncTest/slice3/randomFile/=FD054B82F3B225/=004A - number is 74
Jan 15, 2015 6:21:03 PM org.ccnx.ccn.impl.sync.SliceComparator doComparison
O MAIS DETALHADO: Y hash only for =0A2B153DDE3A609648586331EBC57860C04142A06F60B2B49354C98915D65B8559, type is LEAF, pos is 3
Jan 15, 2015 6:21:03 PM org.ccnx.ccn.profiles.sync.SyncTestRepo doHandleContentName
INFORMAÇÕES: Number 1: Callback for name: /ccnx.org/test/SyncTestRepo-15-01-15-18.20.23/ccnSyncTest/slice3/randomFile/=FD054B82F3B225/=004B - number is 75
Jan 15, 2015 6:21:03 PM org.ccnx.ccn.impl.sync.SliceComparator doComparison
O MAIS DETALHADO: Y hash only for =0A2B153DDE3A609648586331EBC57860C04142A06F60B2B49354C98915D65B8559, type is LEAF, pos is 4
Jan 15, 2015 6:21:03 PM org.ccnx.ccn.profiles.sync.SyncTestRepo doHandleContentName
INFORMAÇÕES: Number 1: Callback for name: /ccnx.org/test/SyncTestRepo-15-01-15-18.20.23/ccnSyncTest/slice3/randomFile/=FD054B82F3B225/=004C - number is 76
Jan 15, 2015 6:21:03 PM org.ccnx.ccn.impl.sync.SliceComparator doComparison
O MAIS DETALHADO: Y hash only for =0A2B153DDE3A609648586331EBC57860C04142A06F60B2B49354C98915D65B8559, type is LEAF, pos is 5
Jan 15, 2015 6:21:03 PM org.ccnx.ccn.profiles.sync.SyncTestRepo doHandleContentName
INFORMAÇÕES: Number 1: Callback for name: /ccnx.org/test/SyncTestRepo-15-01-15-18.20.23/ccnSyncTest/slice3/randomFile/=FD054B82F3B225/=004D - number is 77
Jan 15, 2015 6:21:03 PM org.ccnx.ccn.impl.sync.SliceComparator doComparison
O MAIS DETALHADO: Y hash only for =0A2B153DDE3A609648586331EBC57860C04142A06F60B2B49354C98915D65B8559, type is LEAF, pos is 6
Jan 15, 2015 6:21:03 PM org.ccnx.ccn.profiles.sync.SyncTestRepo doHandleContentName
INFORMAÇÕES: Number 1: Callback for name: /ccnx.org/test/SyncTestRepo-15-01-15-18.20.23/ccnSyncTest/slice3/randomFile/=FD054B82F3B225/=004E - number is 78
Jan 15, 2015 6:21:03 PM org.ccnx.ccn.impl.sync.SliceComparator doComparison
O MAIS DETALHADO: Y hash only for =0A2B153DDE3A609648586331EBC57860C04142A06F60B2B49354C98915D65B8559, type is LEAF, pos is 7
Jan 15, 2015 6:21:03 PM org.ccnx.ccn.profiles.sync.SyncTestRepo doHandleContentName
INFORMAÇÕES: Number 1: Callback for name: /ccnx.org/test/SyncTestRepo-15-01-15-18.20.23/ccnSyncTest/slice3/randomFile/=FD054B82F3B225/=004F - number is 79
Jan 15, 2015 6:21:03 PM org.ccnx.ccn.impl.sync.SliceComparator doComparison
O MAIS DETALHADO: Y hash only for =0A2B153DDE3A609648586331EBC57860C04142A06F60B2B49354C98915D65B8559, type is LEAF, pos is 8
Jan 15, 2015 6:21:03 PM org.ccnx.ccn.profiles.sync.SyncTestRepo doHandleContentName
INFORMAÇÕES: Number 1: Callback for name: /ccnx.org/test/SyncTestRepo-15-01-15-18.20.23/ccnSyncTest/slice3/randomFile/=FD054B82F3B225/=0050 - number is 80
Jan 15, 2015 6:21:03 PM org.ccnx.ccn.impl.sync.SliceComparator doComparison
O MAIS DETALHADO: Y hash only for =0A2B153DDE3A609648586331EBC57860C04142A06F60B2B49354C98915D65B8559, type is LEAF, pos is 9
Jan 15, 2015 6:21:03 PM org.ccnx.ccn.profiles.sync.SyncTestRepo doHandleContentName
INFORMAÇÕES: Number 1: Callback for name: /ccnx.org/test/SyncTestRepo-15-01-15-18.20.23/ccnSyncTest/slice3/randomFile/=FD054B82F3B225/=0051 - number is 81
Jan 15, 2015 6:21:03 PM org.ccnx.ccn.impl.sync.SliceComparator doComparison
O MAIS DETALHADO: Y hash only for =0A2B153DDE3A609648586331EBC57860C04142A06F60B2B49354C98915D65B8559, type is LEAF, pos is 10
Jan 15, 2015 6:21:03 PM org.ccnx.ccn.profiles.sync.SyncTestRepo doHandleContentName
INFORMAÇÕES: Number 1: Callback for name: /ccnx.org/test/SyncTestRepo-15-01-15-18.20.23/ccnSyncTest/slice3/randomFile/=FD054B82F3B225/=0052 - number is 82
Jan 15, 2015 6:21:03 PM org.ccnx.ccn.impl.sync.SliceComparator doComparison
O MAIS DETALHADO: Y hash only for =0A2B153DDE3A609648586331EBC57860C04142A06F60B2B49354C98915D65B8559, type is LEAF, pos is 11
Jan 15, 2015 6:21:03 PM org.ccnx.ccn.profiles.sync.SyncTestRepo doHandleContentName
INFORMAÇÕES: Number 1: Callback for name: /ccnx.org/test/SyncTestRepo-15-01-15-18.20.23/ccnSyncTest/slice3/randomFile/=FD054B82F3B225/=0053 - number is 83
Jan 15, 2015 6:21:03 PM org.ccnx.ccn.impl.sync.SliceComparator doComparison
O MAIS DETALHADO: Y hash only for =0A2B153DDE3A609648586331EBC57860C04142A06F60B2B49354C98915D65B8559, type is LEAF, pos is 12
Jan 15, 2015 6:21:03 PM org.ccnx.ccn.profiles.sync.SyncTestRepo doHandleContentName
INFORMAÇÕES: Number 1: Callback for name: /ccnx.org/test/SyncTestRepo-15-01-15-18.20.23/ccnSyncTest/slice3/randomFile/=FD054B82F3B225/=0054 - number is 84
Jan 15, 2015 6:21:03 PM org.ccnx.ccn.impl.sync.SliceComparator doComparison
O MAIS DETALHADO: Y hash only for =0A2B153DDE3A609648586331EBC57860C04142A06F60B2B49354C98915D65B8559, type is LEAF, pos is 13
Jan 15, 2015 6:21:03 PM org.ccnx.ccn.profiles.sync.SyncTestRepo doHandleContentName
INFORMAÇÕES: Number 1: Callback for name: /ccnx.org/test/SyncTestRepo-15-01-15-18.20.23/ccnSyncTest/slice3/randomFile/=FD054B82F3B225/=0055 - number is 85
Jan 15, 2015 6:21:03 PM org.ccnx.ccn.impl.sync.SliceComparator doComparison
O MAIS DETALHADO: Y hash only for =0A2B153DDE3A609648586331EBC57860C04142A06F60B2B49354C98915D65B8559, type is LEAF, pos is 14
Jan 15, 2015 6:21:03 PM org.ccnx.ccn.profiles.sync.SyncTestRepo doHandleContentName
INFORMAÇÕES: Number 1: Callback for name: /ccnx.org/test/SyncTestRepo-15-01-15-18.20.23/ccnSyncTest/slice3/randomFile/=FD054B82F3B225/=0056 - number is 86
Jan 15, 2015 6:21:03 PM org.ccnx.ccn.impl.sync.SliceComparator doComparison
O MAIS DETALHADO: Y hash only for =0A2B153DDE3A609648586331EBC57860C04142A06F60B2B49354C98915D65B8559, type is LEAF, pos is 15
Jan 15, 2015 6:21:03 PM org.ccnx.ccn.profiles.sync.SyncTestRepo doHandleContentName
INFORMAÇÕES: Number 1: Callback for name: /ccnx.org/test/SyncTestRepo-15-01-15-18.20.23/ccnSyncTest/slice3/randomFile/=FD054B82F3B225/=0057 - number is 87
Jan 15, 2015 6:21:03 PM org.ccnx.ccn.impl.sync.SliceComparator doComparison
O MAIS DETALHADO: Y hash only for =0A2B153DDE3A609648586331EBC57860C04142A06F60B2B49354C98915D65B8559, type is LEAF, pos is 16
Jan 15, 2015 6:21:03 PM org.ccnx.ccn.profiles.sync.SyncTestRepo doHandleContentName
INFORMAÇÕES: Number 1: Callback for name: /ccnx.org/test/SyncTestRepo-15-01-15-18.20.23/ccnSyncTest/slice3/randomFile/=FD054B82F3B225/=0058 - number is 88
Jan 15, 2015 6:21:03 PM org.ccnx.ccn.impl.sync.SliceComparator doComparison
O MAIS DETALHADO: Y hash only for =0A2B153DDE3A609648586331EBC57860C04142A06F60B2B49354C98915D65B8559, type is LEAF, pos is 17
Jan 15, 2015 6:21:03 PM org.ccnx.ccn.profiles.sync.SyncTestRepo doHandleContentName
INFORMAÇÕES: Number 1: Callback for name: /ccnx.org/test/SyncTestRepo-15-01-15-18.20.23/ccnSyncTest/slice3/randomFile/=FD054B82F3B225/=0059 - number is 89
Jan 15, 2015 6:21:03 PM org.ccnx.ccn.impl.sync.SliceComparator doComparison
O MAIS DETALHADO: Y hash only for %2FF7=E6EB966225D258A954B043A50BE6B83BF9F9178767374E5D84682466CE28, type is HASH, pos is 5
Jan 15, 2015 6:21:03 PM org.ccnx.ccn.io.content.SyncNodeComposite decodeLogging
O MAIS DETALHADO: decode node for =03D99F99B9F2079245699D59363E65E4236B45342E5619FE3E8920963C08ED04CA depth = 1 refs = 11
Jan 15, 2015 6:21:03 PM org.ccnx.ccn.io.content.SyncNodeComposite decodeLogging
O MAIS DETALHADO: min is 90, max is 0, expanded min is /ccnx.org/test/SyncTestRepo-15-01-15-18.20.23/ccnSyncTest/slice3/randomFile/=FD054B82F3B225/=005A/7=AFCD34E1F738512529EA659AB14A6E388454CA72CDD4005A0600AD7343C415, expanded max is /ccnx.org/test/SyncTestRepo-15-01-15-18.20.23/ccnSyncTest/slice3/randomFile/=FD054B82F3B225/%C1.META.M/.header/=FD054B82F3B36D/=00/E=EDEFC6E114911303846ED7067B432E4E0456C57094EC6245ADEE1E502CEEB5
Jan 15, 2015 6:21:03 PM org.ccnx.ccn.impl.sync.SliceComparator doComparison
O MAIS DETALHADO: Y hash only for =03D99F99B9F2079245699D59363E65E4236B45342E5619FE3E8920963C08ED04CA, type is LEAF, pos is 0
Jan 15, 2015 6:21:03 PM org.ccnx.ccn.profiles.sync.SyncTestRepo doHandleContentName
INFORMAÇÕES: Number 1: Callback for name: /ccnx.org/test/SyncTestRepo-15-01-15-18.20.23/ccnSyncTest/slice3/randomFile/=FD054B82F3B225/=005A - number is 90
Jan 15, 2015 6:21:03 PM org.ccnx.ccn.impl.sync.SliceComparator doComparison
O MAIS DETALHADO: Y hash only for =03D99F99B9F2079245699D59363E65E4236B45342E5619FE3E8920963C08ED04CA, type is LEAF, pos is 1
Jan 15, 2015 6:21:03 PM org.ccnx.ccn.profiles.sync.SyncTestRepo doHandleContentName
INFORMAÇÕES: Number 1: Callback for name: /ccnx.org/test/SyncTestRepo-15-01-15-18.20.23/ccnSyncTest/slice3/randomFile/=FD054B82F3B225/=005B - number is 91
Jan 15, 2015 6:21:03 PM org.ccnx.ccn.profiles.sync.SyncTestRepo checkCallbacks
DETALHADO: got segment 0
Jan 15, 2015 6:21:03 PM org.ccnx.ccn.profiles.sync.SyncTestRepo checkCallbacks
DETALHADO: received: [true, false, false, false, false, false, false, false, false, false, false, false, false, false, false, false, false, false, false, false, false, false, false, false, false, false, false, false, false, false, false, false, false, false, false, false, false, false, false, false, false, false, false, false, false, false, false, false, false, false, false, false, false, false, false, false, false, false, false, false, false, false, false, false, false, false, false, false, false, false, false, false, false, false, false, false, false, false, false, false, false, false, false, false, false, false, false, false, false, false, false, false, false, false, false, false, false, false, false, false, false] finished: [true, true, true, true, true, true, true, true, true, true, true, true, true, true, true, true, true, true, true, true, true, true, true, true, true, true, true, true, true, true, true, true, true, true, true, true, true, true, true, true, true, true, true, true, true, true, true, true, true, true, true, true, true, true, true, true, true, true, true, true, true, true, true, true, true, true, true, true, true, true, true, true, true, true, true, true, true, true, true, true, true, true, true, true, true, true, true, true, true, true, true, true, true, true, true, true, true, true, true, true, true]
Jan 15, 2015 6:21:03 PM org.ccnx.ccn.profiles.sync.SyncTestRepo checkCallbacks
DETALHADO: got segment 1
Jan 15, 2015 6:21:03 PM org.ccnx.ccn.profiles.sync.SyncTestRepo checkCallbacks
DETALHADO: received: [true, true, false, false, false, false, false, false, false, false, false, false, false, false, false, false, false, false, false, false, false, false, false, false, false, false, false, false, false, false, false, false, false, false, false, false, false, false, false, false, false, false, false, false, false, false, false, false, false, false, false, false, false, false, false, false, false, false, false, false, false, false, false, false, false, false, false, false, false, false, false, false, false, false, false, false, false, false, false, false, false, false, false, false, false, false, false, false, false, false, false, false, false, false, false, false, false, false, false, false, false] finished: [true, true, true, true, true, true, true, true, true, true, true, true, true, true, true, true, true, true, true, true, true, true, true, true, true, true, true, true, true, true, true, true, true, true, true, true, true, true, true, true, true, true, true, true, true, true, true, true, true, true, true, true, true, true, true, true, true, true, true, true, true, true, true, true, true, true, true, true, true, true, true, true, true, true, true, true, true, true, true, true, true, true, true, true, true, true, true, true, true, true, true, true, true, true, true, true, true, true, true, true, true]
Jan 15, 2015 6:21:03 PM org.ccnx.ccn.profiles.sync.SyncTestRepo checkCallbacks
DETALHADO: got segment 2
Jan 15, 2015 6:21:03 PM org.ccnx.ccn.profiles.sync.SyncTestRepo checkCallbacks
DETALHADO: received: [true, true, true, false, false, false, false, false, false, false, false, false, false, false, false, false, false, false, false, false, false, false, false, false, false, false, false, false, false, false, false, false, false, false, false, false, false, false, false, false, false, false, false, false, false, false, false, false, false, false, false, false, false, false, false, false, false, false, false, false, false, false, false, false, false, false, false, false, false, false, false, false, false, false, false, false, false, false, false, false, false, false, false, false, false, false, false, false, false, false, false, false, false, false, false, false, false, false, false, false, false] finished: [true, true, true, true, true, true, true, true, true, true, true, true, true, true, true, true, true, true, true, true, true, true, true, true, true, true, true, true, true, true, true, true, true, true, true, true, true, true, true, true, true, true, true, true, true, true, true, true, true, true, true, true, true, true, true, true, true, true, true, true, true, true, true, true, true, true, true, true, true, true, true, true, true, true, true, true, true, true, true, true, true, true, true, true, true, true, true, true, true, true, true, true, true, true, true, true, true, true, true, true, true]
Jan 15, 2015 6:21:03 PM org.ccnx.ccn.profiles.sync.SyncTestRepo checkCallbacks
DETALHADO: got segment 3
Jan 15, 2015 6:21:03 PM org.ccnx.ccn.profiles.sync.SyncTestRepo checkCallbacks
DETALHADO: received: [true, true, true, true, false, false, false, false, false, false, false, false, false, false, false, false, false, false, false, false, false, false, false, false, false, false, false, false, false, false, false, false, false, false, false, false, false, false, false, false, false, false, false, false, false, false, false, false, false, false, false, false, false, false, false, false, false, false, false, false, false, false, false, false, false, false, false, false, false, false, false, false, false, false, false, false, false, false, false, false, false, false, false, false, false, false, false, false, false, false, false, false, false, false, false, false, false, false, false, false, false] finished: [true, true, true, true, true, true, true, true, true, true, true, true, true, true, true, true, true, true, true, true, true, true, true, true, true, true, true, true, true, true, true, true, true, true, true, true, true, true, true, true, true, true, true, true, true, true, true, true, true, true, true, true, true, true, true, true, true, true, true, true, true, true, true, true, true, true, true, true, true, true, true, true, true, true, true, true, true, true, true, true, true, true, true, true, true, true, true, true, true, true, true, true, true, true, true, true, true, true, true, true, true]
Jan 15, 2015 6:21:03 PM org.ccnx.ccn.profiles.sync.SyncTestRepo checkCallbacks
DETALHADO: got segment 4
Jan 15, 2015 6:21:03 PM org.ccnx.ccn.profiles.sync.SyncTestRepo checkCallbacks
DETALHADO: received: [true, true, true, true, true, false, false, false, false, false, false, false, false, false, false, false, false, false, false, false, false, false, false, false, false, false, false, false, false, false, false, false, false, false, false, false, false, false, false, false, false, false, false, false, false, false, false, false, false, false, false, false, false, false, false, false, false, false, false, false, false, false, false, false, false, false, false, false, false, false, false, false, false, false, false, false, false, false, false, false, false, false, false, false, false, false, false, false, false, false, false, false, false, false, false, false, false, false, false, false, false] finished: [true, true, true, true, true, true, true, true, true, true, true, true, true, true, true, true, true, true, true, true, true, true, true, true, true, true, true, true, true, true, true, true, true, true, true, true, true, true, true, true, true, true, true, true, true, true, true, true, true, true, true, true, true, true, true, true, true, true, true, true, true, true, true, true, true, true, true, true, true, true, true, true, true, true, true, true, true, true, true, true, true, true, true, true, true, true, true, true, true, true, true, true, true, true, true, true, true, true, true, true, true]
Jan 15, 2015 6:21:03 PM org.ccnx.ccn.profiles.sync.SyncTestRepo checkCallbacks
DETALHADO: got segment 5
Jan 15, 2015 6:21:03 PM org.ccnx.ccn.profiles.sync.SyncTestRepo checkCallbacks
DETALHADO: received: [true, true, true, true, true, true, false, false, false, false, false, false, false, false, false, false, false, false, false, false, false, false, false, false, false, false, false, false, false, false, false, false, false, false, false, false, false, false, false, false, false, false, false, false, false, false, false, false, false, false, false, false, false, false, false, false, false, false, false, false, false, false, false, false, false, false, false, false, false, false, false, false, false, false, false, false, false, false, false, false, false, false, false, false, false, false, false, false, false, false, false, false, false, false, false, false, false, false, false, false, false] finished: [true, true, true, true, true, true, true, true, true, true, true, true, true, true, true, true, true, true, true, true, true, true, true, true, true, true, true, true, true, true, true, true, true, true, true, true, true, true, true, true, true, true, true, true, true, true, true, true, true, true, true, true, true, true, true, true, true, true, true, true, true, true, true, true, true, true, true, true, true, true, true, true, true, true, true, true, true, true, true, true, true, true, true, true, true, true, true, true, true, true, true, true, true, true, true, true, true, true, true, true, true]
Jan 15, 2015 6:21:03 PM org.ccnx.ccn.profiles.sync.SyncTestRepo checkCallbacks
DETALHADO: got segment 6
Jan 15, 2015 6:21:03 PM org.ccnx.ccn.profiles.sync.SyncTestRepo checkCallbacks
DETALHADO: received: [true, true, true, true, true, true, true, false, false, false, false, false, false, false, false, false, false, false, false, false, false, false, false, false, false, false, false, false, false, false, false, false, false, false, false, false, false, false, false, false, false, false, false, false, false, false, false, false, false, false, false, false, false, false, false, false, false, false, false, false, false, false, false, false, false, false, false, false, false, false, false, false, false, false, false, false, false, false, false, false, false, false, false, false, false, false, false, false, false, false, false, false, false, false, false, false, false, false, false, false, false] finished: [true, true, true, true, true, true, true, true, true, true, true, true, true, true, true, true, true, true, true, true, true, true, true, true, true, true, true, true, true, true, true, true, true, true, true, true, true, true, true, true, true, true, true, true, true, true, true, true, true, true, true, true, true, true, true, true, true, true, true, true, true, true, true, true, true, true, true, true, true, true, true, true, true, true, true, true, true, true, true, true, true, true, true, true, true, true, true, true, true, true, true, true, true, true, true, true, true, true, true, true, true]
Jan 15, 2015 6:21:03 PM org.ccnx.ccn.profiles.sync.SyncTestRepo checkCallbacks
DETALHADO: got segment 7
Jan 15, 2015 6:21:03 PM org.ccnx.ccn.profiles.sync.SyncTestRepo checkCallbacks
DETALHADO: received: [true, true, true, true, true, true, true, true, false, false, false, false, false, false, false, false, false, false, false, false, false, false, false, false, false, false, false, false, false, false, false, false, false, false, false, false, false, false, false, false, false, false, false, false, false, false, false, false, false, false, false, false, false, false, false, false, false, false, false, false, false, false, false, false, false, false, false, false, false, false, false, false, false, false, false, false, false, false, false, false, false, false, false, false, false, false, false, false, false, false, false, false, false, false, false, false, false, false, false, false, false] finished: [true, true, true, true, true, true, true, true, true, true, true, true, true, true, true, true, true, true, true, true, true, true, true, true, true, true, true, true, true, true, true, true, true, true, true, true, true, true, true, true, true, true, true, true, true, true, true, true, true, true, true, true, true, true, true, true, true, true, true, true, true, true, true, true, true, true, true, true, true, true, true, true, true, true, true, true, true, true, true, true, true, true, true, true, true, true, true, true, true, true, true, true, true, true, true, true, true, true, true, true, true]
Jan 15, 2015 6:21:03 PM org.ccnx.ccn.profiles.sync.SyncTestRepo checkCallbacks
DETALHADO: got segment 8
Jan 15, 2015 6:21:03 PM org.ccnx.ccn.profiles.sync.SyncTestRepo checkCallbacks
DETALHADO: received: [true, true, true, true, true, true, true, true, true, false, false, false, false, false, false, false, false, false, false, false, false, false, false, false, false, false, false, false, false, false, false, false, false, false, false, false, false, false, false, false, false, false, false, false, false, false, false, false, false, false, false, false, false, false, false, false, false, false, false, false, false, false, false, false, false, false, false, false, false, false, false, false, false, false, false, false, false, false, false, false, false, false, false, false, false, false, false, false, false, false, false, false, false, false, false, false, false, false, false, false, false] finished: [true, true, true, true, true, true, true, true, true, true, true, true, true, true, true, true, true, true, true, true, true, true, true, true, true, true, true, true, true, true, true, true, true, true, true, true, true, true, true, true, true, true, true, true, true, true, true, true, true, true, true, true, true, true, true, true, true, true, true, true, true, true, true, true, true, true, true, true, true, true, true, true, true, true, true, true, true, true, true, true, true, true, true, true, true, true, true, true, true, true, true, true, true, true, true, true, true, true, true, true, true]
Jan 15, 2015 6:21:03 PM org.ccnx.ccn.profiles.sync.SyncTestRepo checkCallbacks
DETALHADO: got segment 9
Jan 15, 2015 6:21:03 PM org.ccnx.ccn.profiles.sync.SyncTestRepo checkCallbacks
DETALHADO: received: [true, true, true, true, true, true, true, true, true, true, false, false, false, false, false, false, false, false, false, false, false, false, false, false, false, false, false, false, false, false, false, false, false, false, false, false, false, false, false, false, false, false, false, false, false, false, false, false, false, false, false, false, false, false, false, false, false, false, false, false, false, false, false, false, false, false, false, false, false, false, false, false, false, false, false, false, false, false, false, false, false, false, false, false, false, false, false, false, false, false, false, false, false, false, false, false, false, false, false, false, false] finished: [true, true, true, true, true, true, true, true, true, true, true, true, true, true, true, true, true, true, true, true, true, true, true, true, true, true, true, true, true, true, true, true, true, true, true, true, true, true, true, true, true, true, true, true, true, true, true, true, true, true, true, true, true, true, true, true, true, true, true, true, true, true, true, true, true, true, true, true, true, true, true, true, true, true, true, true, true, true, true, true, true, true, true, true, true, true, true, true, true, true, true, true, true, true, true, true, true, true, true, true, true]
Jan 15, 2015 6:21:03 PM org.ccnx.ccn.profiles.sync.SyncTestRepo checkCallbacks
DETALHADO: got segment 10
Jan 15, 2015 6:21:03 PM org.ccnx.ccn.profiles.sync.SyncTestRepo checkCallbacks
DETALHADO: received: [true, true, true, true, true, true, true, true, true, true, true, false, false, false, false, false, false, false, false, false, false, false, false, false, false, false, false, false, false, false, false, false, false, false, false, false, false, false, false, false, false, false, false, false, false, false, false, false, false, false, false, false, false, false, false, false, false, false, false, false, false, false, false, false, false, false, false, false, false, false, false, false, false, false, false, false, false, false, false, false, false, false, false, false, false, false, false, false, false, false, false, false, false, false, false, false, false, false, false, false, false] finished: [true, true, true, true, true, true, true, true, true, true, true, true, true, true, true, true, true, true, true, true, true, true, true, true, true, true, true, true, true, true, true, true, true, true, true, true, true, true, true, true, true, true, true, true, true, true, true, true, true, true, true, true, true, true, true, true, true, true, true, true, true, true, true, true, true, true, true, true, true, true, true, true, true, true, true, true, true, true, true, true, true, true, true, true, true, true, true, true, true, true, true, true, true, true, true, true, true, true, true, true, true]
Jan 15, 2015 6:21:03 PM org.ccnx.ccn.profiles.sync.SyncTestRepo checkCallbacks
DETALHADO: got segment 11
Jan 15, 2015 6:21:03 PM org.ccnx.ccn.profiles.sync.SyncTestRepo checkCallbacks
DETALHADO: received: [true, true, true, true, true, true, true, true, true, true, true, true, false, false, false, false, false, false, false, false, false, false, false, false, false, false, false, false, false, false, false, false, false, false, false, false, false, false, false, false, false, false, false, false, false, false, false, false, false, false, false, false, false, false, false, false, false, false, false, false, false, false, false, false, false, false, false, false, false, false, false, false, false, false, false, false, false, false, false, false, false, false, false, false, false, false, false, false, false, false, false, false, false, false, false, false, false, false, false, false, false] finished: [true, true, true, true, true, true, true, true, true, true, true, true, true, true, true, true, true, true, true, true, true, true, true, true, true, true, true, true, true, true, true, true, true, true, true, true, true, true, true, true, true, true, true, true, true, true, true, true, true, true, true, true, true, true, true, true, true, true, true, true, true, true, true, true, true, true, true, true, true, true, true, true, true, true, true, true, true, true, true, true, true, true, true, true, true, true, true, true, true, true, true, true, true, true, true, true, true, true, true, true, true]
Jan 15, 2015 6:21:03 PM org.ccnx.ccn.profiles.sync.SyncTestRepo checkCallbacks
DETALHADO: got segment 12
Jan 15, 2015 6:21:03 PM org.ccnx.ccn.profiles.sync.SyncTestRepo checkCallbacks
DETALHADO: received: [true, true, true, true, true, true, true, true, true, true, true, true, true, false, false, false, false, false, false, false, false, false, false, false, false, false, false, false, false, false, false, false, false, false, false, false, false, false, false, false, false, false, false, false, false, false, false, false, false, false, false, false, false, false, false, false, false, false, false, false, false, false, false, false, false, false, false, false, false, false, false, false, false, false, false, false, false, false, false, false, false, false, false, false, false, false, false, false, false, false, false, false, false, false, false, false, false, false, false, false, false] finished: [true, true, true, true, true, true, true, true, true, true, true, true, true, true, true, true, true, true, true, true, true, true, true, true, true, true, true, true, true, true, true, true, true, true, true, true, true, true, true, true, true, true, true, true, true, true, true, true, true, true, true, true, true, true, true, true, true, true, true, true, true, true, true, true, true, true, true, true, true, true, true, true, true, true, true, true, true, true, true, true, true, true, true, true, true, true, true, true, true, true, true, true, true, true, true, true, true, true, true, true, true]
Jan 15, 2015 6:21:03 PM org.ccnx.ccn.profiles.sync.SyncTestRepo checkCallbacks
DETALHADO: got segment 13
Jan 15, 2015 6:21:03 PM org.ccnx.ccn.profiles.sync.SyncTestRepo checkCallbacks
DETALHADO: received: [true, true, true, true, true, true, true, true, true, true, true, true, true, true, false, false, false, false, false, false, false, false, false, false, false, false, false, false, false, false, false, false, false, false, false, false, false, false, false, false, false, false, false, false, false, false, false, false, false, false, false, false, false, false, false, false, false, false, false, false, false, false, false, false, false, false, false, false, false, false, false, false, false, false, false, false, false, false, false, false, false, false, false, false, false, false, false, false, false, false, false, false, false, false, false, false, false, false, false, false, false] finished: [true, true, true, true, true, true, true, true, true, true, true, true, true, true, true, true, true, true, true, true, true, true, true, true, true, true, true, true, true, true, true, true, true, true, true, true, true, true, true, true, true, true, true, true, true, true, true, true, true, true, true, true, true, true, true, true, true, true, true, true, true, true, true, true, true, true, true, true, true, true, true, true, true, true, true, true, true, true, true, true, true, true, true, true, true, true, true, true, true, true, true, true, true, true, true, true, true, true, true, true, true]
Jan 15, 2015 6:21:03 PM org.ccnx.ccn.profiles.sync.SyncTestRepo checkCallbacks
DETALHADO: got segment 14
Jan 15, 2015 6:21:03 PM org.ccnx.ccn.profiles.sync.SyncTestRepo checkCallbacks
DETALHADO: received: [true, true, true, true, true, true, true, true, true, true, true, true, true, true, true, false, false, false, false, false, false, false, false, false, false, false, false, false, false, false, false, false, false, false, false, false, false, false, false, false, false, false, false, false, false, false, false, false, false, false, false, false, false, false, false, false, false, false, false, false, false, false, false, false, false, false, false, false, false, false, false, false, false, false, false, false, false, false, false, false, false, false, false, false, false, false, false, false, false, false, false, false, false, false, false, false, false, false, false, false, false] finished: [true, true, true, true, true, true, true, true, true, true, true, true, true, true, true, true, true, true, true, true, true, true, true, true, true, true, true, true, true, true, true, true, true, true, true, true, true, true, true, true, true, true, true, true, true, true, true, true, true, true, true, true, true, true, true, true, true, true, true, true, true, true, true, true, true, true, true, true, true, true, true, true, true, true, true, true, true, true, true, true, true, true, true, true, true, true, true, true, true, true, true, true, true, true, true, true, true, true, true, true, true]
Jan 15, 2015 6:21:03 PM org.ccnx.ccn.profiles.sync.SyncTestRepo checkCallbacks
DETALHADO: got segment 15
Jan 15, 2015 6:21:03 PM org.ccnx.ccn.profiles.sync.SyncTestRepo checkCallbacks
DETALHADO: received: [true, true, true, true, true, true, true, true, true, true, true, true, true, true, true, true, false, false, false, false, false, false, false, false, false, false, false, false, false, false, false, false, false, false, false, false, false, false, false, false, false, false, false, false, false, false, false, false, false, false, false, false, false, false, false, false, false, false, false, false, false, false, false, false, false, false, false, false, false, false, false, false, false, false, false, false, false, false, false, false, false, false, false, false, false, false, false, false, false, false, false, false, false, false, false, false, false, false, false, false, false] finished: [true, true, true, true, true, true, true, true, true, true, true, true, true, true, true, true, true, true, true, true, true, true, true, true, true, true, true, true, true, true, true, true, true, true, true, true, true, true, true, true, true, true, true, true, true, true, true, true, true, true, true, true, true, true, true, true, true, true, true, true, true, true, true, true, true, true, true, true, true, true, true, true, true, true, true, true, true, true, true, true, true, true, true, true, true, true, true, true, true, true, true, true, true, true, true, true, true, true, true, true, true]
Jan 15, 2015 6:21:03 PM org.ccnx.ccn.profiles.sync.SyncTestRepo checkCallbacks
DETALHADO: got segment 16
Jan 15, 2015 6:21:03 PM org.ccnx.ccn.profiles.sync.SyncTestRepo checkCallbacks
DETALHADO: received: [true, true, true, true, true, true, true, true, true, true, true, true, true, true, true, true, true, false, false, false, false, false, false, false, false, false, false, false, false, false, false, false, false, false, false, false, false, false, false, false, false, false, false, false, false, false, false, false, false, false, false, false, false, false, false, false, false, false, false, false, false, false, false, false, false, false, false, false, false, false, false, false, false, false, false, false, false, false, false, false, false, false, false, false, false, false, false, false, false, false, false, false, false, false, false, false, false, false, false, false, false] finished: [true, true, true, true, true, true, true, true, true, true, true, true, true, true, true, true, true, true, true, true, true, true, true, true, true, true, true, true, true, true, true, true, true, true, true, true, true, true, true, true, true, true, true, true, true, true, true, true, true, true, true, true, true, true, true, true, true, true, true, true, true, true, true, true, true, true, true, true, true, true, true, true, true, true, true, true, true, true, true, true, true, true, true, true, true, true, true, true, true, true, true, true, true, true, true, true, true, true, true, true, true]
Jan 15, 2015 6:21:03 PM org.ccnx.ccn.profiles.sync.SyncTestRepo checkCallbacks
DETALHADO: got segment 17
Jan 15, 2015 6:21:03 PM org.ccnx.ccn.profiles.sync.SyncTestRepo checkCallbacks
DETALHADO: received: [true, true, true, true, true, true, true, true, true, true, true, true, true, true, true, true, true, true, false, false, false, false, false, false, false, false, false, false, false, false, false, false, false, false, false, false, false, false, false, false, false, false, false, false, false, false, false, false, false, false, false, false, false, false, false, false, false, false, false, false, false, false, false, false, false, false, false, false, false, false, false, false, false, false, false, false, false, false, false, false, false, false, false, false, false, false, false, false, false, false, false, false, false, false, false, false, false, false, false, false, false] finished: [true, true, true, true, true, true, true, true, true, true, true, true, true, true, true, true, true, true, true, true, true, true, true, true, true, true, true, true, true, true, true, true, true, true, true, true, true, true, true, true, true, true, true, true, true, true, true, true, true, true, true, true, true, true, true, true, true, true, true, true, true, true, true, true, true, true, true, true, true, true, true, true, true, true, true, true, true, true, true, true, true, true, true, true, true, true, true, true, true, true, true, true, true, true, true, true, true, true, true, true, true]
Jan 15, 2015 6:21:03 PM org.ccnx.ccn.profiles.sync.SyncTestRepo checkCallbacks
DETALHADO: got segment 18
Jan 15, 2015 6:21:03 PM org.ccnx.ccn.profiles.sync.SyncTestRepo checkCallbacks
DETALHADO: received: [true, true, true, true, true, true, true, true, true, true, true, true, true, true, true, true, true, true, true, false, false, false, false, false, false, false, false, false, false, false, false, false, false, false, false, false, false, false, false, false, false, false, false, false, false, false, false, false, false, false, false, false, false, false, false, false, false, false, false, false, false, false, false, false, false, false, false, false, false, false, false, false, false, false, false, false, false, false, false, false, false, false, false, false, false, false, false, false, false, false, false, false, false, false, false, false, false, false, false, false, false] finished: [true, true, true, true, true, true, true, true, true, true, true, true, true, true, true, true, true, true, true, true, true, true, true, true, true, true, true, true, true, true, true, true, true, true, true, true, true, true, true, true, true, true, true, true, true, true, true, true, true, true, true, true, true, true, true, true, true, true, true, true, true, true, true, true, true, true, true, true, true, true, true, true, true, true, true, true, true, true, true, true, true, true, true, true, true, true, true, true, true, true, true, true, true, true, true, true, true, true, true, true, true]
Jan 15, 2015 6:21:03 PM org.ccnx.ccn.profiles.sync.SyncTestRepo checkCallbacks
DETALHADO: got segment 19
Jan 15, 2015 6:21:03 PM org.ccnx.ccn.profiles.sync.SyncTestRepo checkCallbacks
DETALHADO: received: [true, true, true, true, true, true, true, true, true, true, true, true, true, true, true, true, true, true, true, true, false, false, false, false, false, false, false, false, false, false, false, false, false, false, false, false, false, false, false, false, false, false, false, false, false, false, false, false, false, false, false, false, false, false, false, false, false, false, false, false, false, false, false, false, false, false, false, false, false, false, false, false, false, false, false, false, false, false, false, false, false, false, false, false, false, false, false, false, false, false, false, false, false, false, false, false, false, false, false, false, false] finished: [true, true, true, true, true, true, true, true, true, true, true, true, true, true, true, true, true, true, true, true, true, true, true, true, true, true, true, true, true, true, true, true, true, true, true, true, true, true, true, true, true, true, true, true, true, true, true, true, true, true, true, true, true, true, true, true, true, true, true, true, true, true, true, true, true, true, true, true, true, true, true, true, true, true, true, true, true, true, true, true, true, true, true, true, true, true, true, true, true, true, true, true, true, true, true, true, true, true, true, true, true]
Jan 15, 2015 6:21:03 PM org.ccnx.ccn.profiles.sync.SyncTestRepo checkCallbacks
DETALHADO: got segment 20
Jan 15, 2015 6:21:03 PM org.ccnx.ccn.profiles.sync.SyncTestRepo checkCallbacks
DETALHADO: received: [true, true, true, true, true, true, true, true, true, true, true, true, true, true, true, true, true, true, true, true, true, false, false, false, false, false, false, false, false, false, false, false, false, false, false, false, false, false, false, false, false, false, false, false, false, false, false, false, false, false, false, false, false, false, false, false, false, false, false, false, false, false, false, false, false, false, false, false, false, false, false, false, false, false, false, false, false, false, false, false, false, false, false, false, false, false, false, false, false, false, false, false, false, false, false, false, false, false, false, false, false] finished: [true, true, true, true, true, true, true, true, true, true, true, true, true, true, true, true, true, true, true, true, true, true, true, true, true, true, true, true, true, true, true, true, true, true, true, true, true, true, true, true, true, true, true, true, true, true, true, true, true, true, true, true, true, true, true, true, true, true, true, true, true, true, true, true, true, true, true, true, true, true, true, true, true, true, true, true, true, true, true, true, true, true, true, true, true, true, true, true, true, true, true, true, true, true, true, true, true, true, true, true, true]
Jan 15, 2015 6:21:03 PM org.ccnx.ccn.profiles.sync.SyncTestRepo checkCallbacks
DETALHADO: got segment 21
Jan 15, 2015 6:21:03 PM org.ccnx.ccn.profiles.sync.SyncTestRepo checkCallbacks
DETALHADO: received: [true, true, true, true, true, true, true, true, true, true, true, true, true, true, true, true, true, true, true, true, true, true, false, false, false, false, false, false, false, false, false, false, false, false, false, false, false, false, false, false, false, false, false, false, false, false, false, false, false, false, false, false, false, false, false, false, false, false, false, false, false, false, false, false, false, false, false, false, false, false, false, false, false, false, false, false, false, false, false, false, false, false, false, false, false, false, false, false, false, false, false, false, false, false, false, false, false, false, false, false, false] finished: [true, true, true, true, true, true, true, true, true, true, true, true, true, true, true, true, true, true, true, true, true, true, true, true, true, true, true, true, true, true, true, true, true, true, true, true, true, true, true, true, true, true, true, true, true, true, true, true, true, true, true, true, true, true, true, true, true, true, true, true, true, true, true, true, true, true, true, true, true, true, true, true, true, true, true, true, true, true, true, true, true, true, true, true, true, true, true, true, true, true, true, true, true, true, true, true, true, true, true, true, true]
Jan 15, 2015 6:21:03 PM org.ccnx.ccn.profiles.sync.SyncTestRepo checkCallbacks
DETALHADO: got segment 22
Jan 15, 2015 6:21:03 PM org.ccnx.ccn.profiles.sync.SyncTestRepo checkCallbacks
DETALHADO: received: [true, true, true, true, true, true, true, true, true, true, true, true, true, true, true, true, true, true, true, true, true, true, true, false, false, false, false, false, false, false, false, false, false, false, false, false, false, false, false, false, false, false, false, false, false, false, false, false, false, false, false, false, false, false, false, false, false, false, false, false, false, false, false, false, false, false, false, false, false, false, false, false, false, false, false, false, false, false, false, false, false, false, false, false, false, false, false, false, false, false, false, false, false, false, false, false, false, false, false, false, false] finished: [true, true, true, true, true, true, true, true, true, true, true, true, true, true, true, true, true, true, true, true, true, true, true, true, true, true, true, true, true, true, true, true, true, true, true, true, true, true, true, true, true, true, true, true, true, true, true, true, true, true, true, true, true, true, true, true, true, true, true, true, true, true, true, true, true, true, true, true, true, true, true, true, true, true, true, true, true, true, true, true, true, true, true, true, true, true, true, true, true, true, true, true, true, true, true, true, true, true, true, true, true]
Jan 15, 2015 6:21:03 PM org.ccnx.ccn.profiles.sync.SyncTestRepo checkCallbacks
DETALHADO: got segment 23
Jan 15, 2015 6:21:03 PM org.ccnx.ccn.profiles.sync.SyncTestRepo checkCallbacks
DETALHADO: received: [true, true, true, true, true, true, true, true, true, true, true, true, true, true, true, true, true, true, true, true, true, true, true, true, false, false, false, false, false, false, false, false, false, false, false, false, false, false, false, false, false, false, false, false, false, false, false, false, false, false, false, false, false, false, false, false, false, false, false, false, false, false, false, false, false, false, false, false, false, false, false, false, false, false, false, false, false, false, false, false, false, false, false, false, false, false, false, false, false, false, false, false, false, false, false, false, false, false, false, false, false] finished: [true, true, true, true, true, true, true, true, true, true, true, true, true, true, true, true, true, true, true, true, true, true, true, true, true, true, true, true, true, true, true, true, true, true, true, true, true, true, true, true, true, true, true, true, true, true, true, true, true, true, true, true, true, true, true, true, true, true, true, true, true, true, true, true, true, true, true, true, true, true, true, true, true, true, true, true, true, true, true, true, true, true, true, true, true, true, true, true, true, true, true, true, true, true, true, true, true, true, true, true, true]
Jan 15, 2015 6:21:03 PM org.ccnx.ccn.profiles.sync.SyncTestRepo checkCallbacks
DETALHADO: got segment 24
Jan 15, 2015 6:21:03 PM org.ccnx.ccn.profiles.sync.SyncTestRepo checkCallbacks
DETALHADO: received: [true, true, true, true, true, true, true, true, true, true, true, true, true, true, true, true, true, true, true, true, true, true, true, true, true, false, false, false, false, false, false, false, false, false, false, false, false, false, false, false, false, false, false, false, false, false, false, false, false, false, false, false, false, false, false, false, false, false, false, false, false, false, false, false, false, false, false, false, false, false, false, false, false, false, false, false, false, false, false, false, false, false, false, false, false, false, false, false, false, false, false, false, false, false, false, false, false, false, false, false, false] finished: [true, true, true, true, true, true, true, true, true, true, true, true, true, true, true, true, true, true, true, true, true, true, true, true, true, true, true, true, true, true, true, true, true, true, true, true, true, true, true, true, true, true, true, true, true, true, true, true, true, true, true, true, true, true, true, true, true, true, true, true, true, true, true, true, true, true, true, true, true, true, true, true, true, true, true, true, true, true, true, true, true, true, true, true, true, true, true, true, true, true, true, true, true, true, true, true, true, true, true, true, true]
Jan 15, 2015 6:21:03 PM org.ccnx.ccn.profiles.sync.SyncTestRepo checkCallbacks
DETALHADO: got segment 25
Jan 15, 2015 6:21:03 PM org.ccnx.ccn.profiles.sync.SyncTestRepo checkCallbacks
DETALHADO: received: [true, true, true, true, true, true, true, true, true, true, true, true, true, true, true, true, true, true, true, true, true, true, true, true, true, true, false, false, false, false, false, false, false, false, false, false, false, false, false, false, false, false, false, false, false, false, false, false, false, false, false, false, false, false, false, false, false, false, false, false, false, false, false, false, false, false, false, false, false, false, false, false, false, false, false, false, false, false, false, false, false, false, false, false, false, false, false, false, false, false, false, false, false, false, false, false, false, false, false, false, false] finished: [true, true, true, true, true, true, true, true, true, true, true, true, true, true, true, true, true, true, true, true, true, true, true, true, true, true, true, true, true, true, true, true, true, true, true, true, true, true, true, true, true, true, true, true, true, true, true, true, true, true, true, true, true, true, true, true, true, true, true, true, true, true, true, true, true, true, true, true, true, true, true, true, true, true, true, true, true, true, true, true, true, true, true, true, true, true, true, true, true, true, true, true, true, true, true, true, true, true, true, true, true]
Jan 15, 2015 6:21:03 PM org.ccnx.ccn.profiles.sync.SyncTestRepo checkCallbacks
DETALHADO: got segment 26
Jan 15, 2015 6:21:03 PM org.ccnx.ccn.profiles.sync.SyncTestRepo checkCallbacks
DETALHADO: received: [true, true, true, true, true, true, true, true, true, true, true, true, true, true, true, true, true, true, true, true, true, true, true, true, true, true, true, false, false, false, false, false, false, false, false, false, false, false, false, false, false, false, false, false, false, false, false, false, false, false, false, false, false, false, false, false, false, false, false, false, false, false, false, false, false, false, false, false, false, false, false, false, false, false, false, false, false, false, false, false, false, false, false, false, false, false, false, false, false, false, false, false, false, false, false, false, false, false, false, false, false] finished: [true, true, true, true, true, true, true, true, true, true, true, true, true, true, true, true, true, true, true, true, true, true, true, true, true, true, true, true, true, true, true, true, true, true, true, true, true, true, true, true, true, true, true, true, true, true, true, true, true, true, true, true, true, true, true, true, true, true, true, true, true, true, true, true, true, true, true, true, true, true, true, true, true, true, true, true, true, true, true, true, true, true, true, true, true, true, true, true, true, true, true, true, true, true, true, true, true, true, true, true, true]
Jan 15, 2015 6:21:03 PM org.ccnx.ccn.profiles.sync.SyncTestRepo checkCallbacks
DETALHADO: got segment 27
Jan 15, 2015 6:21:03 PM org.ccnx.ccn.profiles.sync.SyncTestRepo checkCallbacks
DETALHADO: received: [true, true, true, true, true, true, true, true, true, true, true, true, true, true, true, true, true, true, true, true, true, true, true, true, true, true, true, true, false, false, false, false, false, false, false, false, false, false, false, false, false, false, false, false, false, false, false, false, false, false, false, false, false, false, false, false, false, false, false, false, false, false, false, false, false, false, false, false, false, false, false, false, false, false, false, false, false, false, false, false, false, false, false, false, false, false, false, false, false, false, false, false, false, false, false, false, false, false, false, false, false] finished: [true, true, true, true, true, true, true, true, true, true, true, true, true, true, true, true, true, true, true, true, true, true, true, true, true, true, true, true, true, true, true, true, true, true, true, true, true, true, true, true, true, true, true, true, true, true, true, true, true, true, true, true, true, true, true, true, true, true, true, true, true, true, true, true, true, true, true, true, true, true, true, true, true, true, true, true, true, true, true, true, true, true, true, true, true, true, true, true, true, true, true, true, true, true, true, true, true, true, true, true, true]
Jan 15, 2015 6:21:03 PM org.ccnx.ccn.profiles.sync.SyncTestRepo checkCallbacks
DETALHADO: got segment 28
Jan 15, 2015 6:21:03 PM org.ccnx.ccn.profiles.sync.SyncTestRepo checkCallbacks
DETALHADO: received: [true, true, true, true, true, true, true, true, true, true, true, true, true, true, true, true, true, true, true, true, true, true, true, true, true, true, true, true, true, false, false, false, false, false, false, false, false, false, false, false, false, false, false, false, false, false, false, false, false, false, false, false, false, false, false, false, false, false, false, false, false, false, false, false, false, false, false, false, false, false, false, false, false, false, false, false, false, false, false, false, false, false, false, false, false, false, false, false, false, false, false, false, false, false, false, false, false, false, false, false, false] finished: [true, true, true, true, true, true, true, true, true, true, true, true, true, true, true, true, true, true, true, true, true, true, true, true, true, true, true, true, true, true, true, true, true, true, true, true, true, true, true, true, true, true, true, true, true, true, true, true, true, true, true, true, true, true, true, true, true, true, true, true, true, true, true, true, true, true, true, true, true, true, true, true, true, true, true, true, true, true, true, true, true, true, true, true, true, true, true, true, true, true, true, true, true, true, true, true, true, true, true, true, true]
Jan 15, 2015 6:21:03 PM org.ccnx.ccn.profiles.sync.SyncTestRepo checkCallbacks
DETALHADO: got segment 29
Jan 15, 2015 6:21:03 PM org.ccnx.ccn.profiles.sync.SyncTestRepo checkCallbacks
DETALHADO: received: [true, true, true, true, true, true, true, true, true, true, true, true, true, true, true, true, true, true, true, true, true, true, true, true, true, true, true, true, true, true, false, false, false, false, false, false, false, false, false, false, false, false, false, false, false, false, false, false, false, false, false, false, false, false, false, false, false, false, false, false, false, false, false, false, false, false, false, false, false, false, false, false, false, false, false, false, false, false, false, false, false, false, false, false, false, false, false, false, false, false, false, false, false, false, false, false, false, false, false, false, false] finished: [true, true, true, true, true, true, true, true, true, true, true, true, true, true, true, true, true, true, true, true, true, true, true, true, true, true, true, true, true, true, true, true, true, true, true, true, true, true, true, true, true, true, true, true, true, true, true, true, true, true, true, true, true, true, true, true, true, true, true, true, true, true, true, true, true, true, true, true, true, true, true, true, true, true, true, true, true, true, true, true, true, true, true, true, true, true, true, true, true, true, true, true, true, true, true, true, true, true, true, true, true]
Jan 15, 2015 6:21:03 PM org.ccnx.ccn.profiles.sync.SyncTestRepo checkCallbacks
DETALHADO: got segment 30
Jan 15, 2015 6:21:03 PM org.ccnx.ccn.profiles.sync.SyncTestRepo checkCallbacks
DETALHADO: received: [true, true, true, true, true, true, true, true, true, true, true, true, true, true, true, true, true, true, true, true, true, true, true, true, true, true, true, true, true, true, true, false, false, false, false, false, false, false, false, false, false, false, false, false, false, false, false, false, false, false, false, false, false, false, false, false, false, false, false, false, false, false, false, false, false, false, false, false, false, false, false, false, false, false, false, false, false, false, false, false, false, false, false, false, false, false, false, false, false, false, false, false, false, false, false, false, false, false, false, false, false] finished: [true, true, true, true, true, true, true, true, true, true, true, true, true, true, true, true, true, true, true, true, true, true, true, true, true, true, true, true, true, true, true, true, true, true, true, true, true, true, true, true, true, true, true, true, true, true, true, true, true, true, true, true, true, true, true, true, true, true, true, true, true, true, true, true, true, true, true, true, true, true, true, true, true, true, true, true, true, true, true, true, true, true, true, true, true, true, true, true, true, true, true, true, true, true, true, true, true, true, true, true, true]
Jan 15, 2015 6:21:03 PM org.ccnx.ccn.profiles.sync.SyncTestRepo checkCallbacks
DETALHADO: got segment 31
Jan 15, 2015 6:21:03 PM org.ccnx.ccn.profiles.sync.SyncTestRepo checkCallbacks
DETALHADO: received: [true, true, true, true, true, true, true, true, true, true, true, true, true, true, true, true, true, true, true, true, true, true, true, true, true, true, true, true, true, true, true, true, false, false, false, false, false, false, false, false, false, false, false, false, false, false, false, false, false, false, false, false, false, false, false, false, false, false, false, false, false, false, false, false, false, false, false, false, false, false, false, false, false, false, false, false, false, false, false, false, false, false, false, false, false, false, false, false, false, false, false, false, false, false, false, false, false, false, false, false, false] finished: [true, true, true, true, true, true, true, true, true, true, true, true, true, true, true, true, true, true, true, true, true, true, true, true, true, true, true, true, true, true, true, true, true, true, true, true, true, true, true, true, true, true, true, true, true, true, true, true, true, true, true, true, true, true, true, true, true, true, true, true, true, true, true, true, true, true, true, true, true, true, true, true, true, true, true, true, true, true, true, true, true, true, true, true, true, true, true, true, true, true, true, true, true, true, true, true, true, true, true, true, true]
Jan 15, 2015 6:21:03 PM org.ccnx.ccn.profiles.sync.SyncTestRepo checkCallbacks
DETALHADO: got segment 32
Jan 15, 2015 6:21:03 PM org.ccnx.ccn.profiles.sync.SyncTestRepo checkCallbacks
DETALHADO: received: [true, true, true, true, true, true, true, true, true, true, true, true, true, true, true, true, true, true, true, true, true, true, true, true, true, true, true, true, true, true, true, true, true, false, false, false, false, false, false, false, false, false, false, false, false, false, false, false, false, false, false, false, false, false, false, false, false, false, false, false, false, false, false, false, false, false, false, false, false, false, false, false, false, false, false, false, false, false, false, false, false, false, false, false, false, false, false, false, false, false, false, false, false, false, false, false, false, false, false, false, false] finished: [true, true, true, true, true, true, true, true, true, true, true, true, true, true, true, true, true, true, true, true, true, true, true, true, true, true, true, true, true, true, true, true, true, true, true, true, true, true, true, true, true, true, true, true, true, true, true, true, true, true, true, true, true, true, true, true, true, true, true, true, true, true, true, true, true, true, true, true, true, true, true, true, true, true, true, true, true, true, true, true, true, true, true, true, true, true, true, true, true, true, true, true, true, true, true, true, true, true, true, true, true]
Jan 15, 2015 6:21:03 PM org.ccnx.ccn.profiles.sync.SyncTestRepo checkCallbacks
DETALHADO: got segment 33
Jan 15, 2015 6:21:03 PM org.ccnx.ccn.profiles.sync.SyncTestRepo checkCallbacks
DETALHADO: received: [true, true, true, true, true, true, true, true, true, true, true, true, true, true, true, true, true, true, true, true, true, true, true, true, true, true, true, true, true, true, true, true, true, true, false, false, false, false, false, false, false, false, false, false, false, false, false, false, false, false, false, false, false, false, false, false, false, false, false, false, false, false, false, false, false, false, false, false, false, false, false, false, false, false, false, false, false, false, false, false, false, false, false, false, false, false, false, false, false, false, false, false, false, false, false, false, false, false, false, false, false] finished: [true, true, true, true, true, true, true, true, true, true, true, true, true, true, true, true, true, true, true, true, true, true, true, true, true, true, true, true, true, true, true, true, true, true, true, true, true, true, true, true, true, true, true, true, true, true, true, true, true, true, true, true, true, true, true, true, true, true, true, true, true, true, true, true, true, true, true, true, true, true, true, true, true, true, true, true, true, true, true, true, true, true, true, true, true, true, true, true, true, true, true, true, true, true, true, true, true, true, true, true, true]
Jan 15, 2015 6:21:03 PM org.ccnx.ccn.profiles.sync.SyncTestRepo checkCallbacks
DETALHADO: got segment 34
Jan 15, 2015 6:21:03 PM org.ccnx.ccn.profiles.sync.SyncTestRepo checkCallbacks
DETALHADO: received: [true, true, true, true, true, true, true, true, true, true, true, true, true, true, true, true, true, true, true, true, true, true, true, true, true, true, true, true, true, true, true, true, true, true, true, false, false, false, false, false, false, false, false, false, false, false, false, false, false, false, false, false, false, false, false, false, false, false, false, false, false, false, false, false, false, false, false, false, false, false, false, false, false, false, false, false, false, false, false, false, false, false, false, false, false, false, false, false, false, false, false, false, false, false, false, false, false, false, false, false, false] finished: [true, true, true, true, true, true, true, true, true, true, true, true, true, true, true, true, true, true, true, true, true, true, true, true, true, true, true, true, true, true, true, true, true, true, true, true, true, true, true, true, true, true, true, true, true, true, true, true, true, true, true, true, true, true, true, true, true, true, true, true, true, true, true, true, true, true, true, true, true, true, true, true, true, true, true, true, true, true, true, true, true, true, true, true, true, true, true, true, true, true, true, true, true, true, true, true, true, true, true, true, true]
Jan 15, 2015 6:21:03 PM org.ccnx.ccn.profiles.sync.SyncTestRepo checkCallbacks
DETALHADO: got segment 35
Jan 15, 2015 6:21:03 PM org.ccnx.ccn.profiles.sync.SyncTestRepo checkCallbacks
DETALHADO: received: [true, true, true, true, true, true, true, true, true, true, true, true, true, true, true, true, true, true, true, true, true, true, true, true, true, true, true, true, true, true, true, true, true, true, true, true, false, false, false, false, false, false, false, false, false, false, false, false, false, false, false, false, false, false, false, false, false, false, false, false, false, false, false, false, false, false, false, false, false, false, false, false, false, false, false, false, false, false, false, false, false, false, false, false, false, false, false, false, false, false, false, false, false, false, false, false, false, false, false, false, false] finished: [true, true, true, true, true, true, true, true, true, true, true, true, true, true, true, true, true, true, true, true, true, true, true, true, true, true, true, true, true, true, true, true, true, true, true, true, true, true, true, true, true, true, true, true, true, true, true, true, true, true, true, true, true, true, true, true, true, true, true, true, true, true, true, true, true, true, true, true, true, true, true, true, true, true, true, true, true, true, true, true, true, true, true, true, true, true, true, true, true, true, true, true, true, true, true, true, true, true, true, true, true]
Jan 15, 2015 6:21:03 PM org.ccnx.ccn.profiles.sync.SyncTestRepo checkCallbacks
DETALHADO: got segment 36
Jan 15, 2015 6:21:03 PM org.ccnx.ccn.profiles.sync.SyncTestRepo checkCallbacks
DETALHADO: received: [true, true, true, true, true, true, true, true, true, true, true, true, true, true, true, true, true, true, true, true, true, true, true, true, true, true, true, true, true, true, true, true, true, true, true, true, true, false, false, false, false, false, false, false, false, false, false, false, false, false, false, false, false, false, false, false, false, false, false, false, false, false, false, false, false, false, false, false, false, false, false, false, false, false, false, false, false, false, false, false, false, false, false, false, false, false, false, false, false, false, false, false, false, false, false, false, false, false, false, false, false] finished: [true, true, true, true, true, true, true, true, true, true, true, true, true, true, true, true, true, true, true, true, true, true, true, true, true, true, true, true, true, true, true, true, true, true, true, true, true, true, true, true, true, true, true, true, true, true, true, true, true, true, true, true, true, true, true, true, true, true, true, true, true, true, true, true, true, true, true, true, true, true, true, true, true, true, true, true, true, true, true, true, true, true, true, true, true, true, true, true, true, true, true, true, true, true, true, true, true, true, true, true, true]
Jan 15, 2015 6:21:03 PM org.ccnx.ccn.profiles.sync.SyncTestRepo checkCallbacks
DETALHADO: got segment 37
Jan 15, 2015 6:21:03 PM org.ccnx.ccn.profiles.sync.SyncTestRepo checkCallbacks
DETALHADO: received: [true, true, true, true, true, true, true, true, true, true, true, true, true, true, true, true, true, true, true, true, true, true, true, true, true, true, true, true, true, true, true, true, true, true, true, true, true, true, false, false, false, false, false, false, false, false, false, false, false, false, false, false, false, false, false, false, false, false, false, false, false, false, false, false, false, false, false, false, false, false, false, false, false, false, false, false, false, false, false, false, false, false, false, false, false, false, false, false, false, false, false, false, false, false, false, false, false, false, false, false, false] finished: [true, true, true, true, true, true, true, true, true, true, true, true, true, true, true, true, true, true, true, true, true, true, true, true, true, true, true, true, true, true, true, true, true, true, true, true, true, true, true, true, true, true, true, true, true, true, true, true, true, true, true, true, true, true, true, true, true, true, true, true, true, true, true, true, true, true, true, true, true, true, true, true, true, true, true, true, true, true, true, true, true, true, true, true, true, true, true, true, true, true, true, true, true, true, true, true, true, true, true, true, true]
Jan 15, 2015 6:21:03 PM org.ccnx.ccn.profiles.sync.SyncTestRepo checkCallbacks
DETALHADO: got segment 38
Jan 15, 2015 6:21:03 PM org.ccnx.ccn.profiles.sync.SyncTestRepo checkCallbacks
DETALHADO: received: [true, true, true, true, true, true, true, true, true, true, true, true, true, true, true, true, true, true, true, true, true, true, true, true, true, true, true, true, true, true, true, true, true, true, true, true, true, true, true, false, false, false, false, false, false, false, false, false, false, false, false, false, false, false, false, false, false, false, false, false, false, false, false, false, false, false, false, false, false, false, false, false, false, false, false, false, false, false, false, false, false, false, false, false, false, false, false, false, false, false, false, false, false, false, false, false, false, false, false, false, false] finished: [true, true, true, true, true, true, true, true, true, true, true, true, true, true, true, true, true, true, true, true, true, true, true, true, true, true, true, true, true, true, true, true, true, true, true, true, true, true, true, true, true, true, true, true, true, true, true, true, true, true, true, true, true, true, true, true, true, true, true, true, true, true, true, true, true, true, true, true, true, true, true, true, true, true, true, true, true, true, true, true, true, true, true, true, true, true, true, true, true, true, true, true, true, true, true, true, true, true, true, true, true]
Jan 15, 2015 6:21:03 PM org.ccnx.ccn.profiles.sync.SyncTestRepo checkCallbacks
DETALHADO: got segment 39
Jan 15, 2015 6:21:03 PM org.ccnx.ccn.profiles.sync.SyncTestRepo checkCallbacks
DETALHADO: received: [true, true, true, true, true, true, true, true, true, true, true, true, true, true, true, true, true, true, true, true, true, true, true, true, true, true, true, true, true, true, true, true, true, true, true, true, true, true, true, true, false, false, false, false, false, false, false, false, false, false, false, false, false, false, false, false, false, false, false, false, false, false, false, false, false, false, false, false, false, false, false, false, false, false, false, false, false, false, false, false, false, false, false, false, false, false, false, false, false, false, false, false, false, false, false, false, false, false, false, false, false] finished: [true, true, true, true, true, true, true, true, true, true, true, true, true, true, true, true, true, true, true, true, true, true, true, true, true, true, true, true, true, true, true, true, true, true, true, true, true, true, true, true, true, true, true, true, true, true, true, true, true, true, true, true, true, true, true, true, true, true, true, true, true, true, true, true, true, true, true, true, true, true, true, true, true, true, true, true, true, true, true, true, true, true, true, true, true, true, true, true, true, true, true, true, true, true, true, true, true, true, true, true, true]
Jan 15, 2015 6:21:03 PM org.ccnx.ccn.profiles.sync.SyncTestRepo checkCallbacks
DETALHADO: got segment 40
Jan 15, 2015 6:21:03 PM org.ccnx.ccn.profiles.sync.SyncTestRepo checkCallbacks
DETALHADO: received: [true, true, true, true, true, true, true, true, true, true, true, true, true, true, true, true, true, true, true, true, true, true, true, true, true, true, true, true, true, true, true, true, true, true, true, true, true, true, true, true, true, false, false, false, false, false, false, false, false, false, false, false, false, false, false, false, false, false, false, false, false, false, false, false, false, false, false, false, false, false, false, false, false, false, false, false, false, false, false, false, false, false, false, false, false, false, false, false, false, false, false, false, false, false, false, false, false, false, false, false, false] finished: [true, true, true, true, true, true, true, true, true, true, true, true, true, true, true, true, true, true, true, true, true, true, true, true, true, true, true, true, true, true, true, true, true, true, true, true, true, true, true, true, true, true, true, true, true, true, true, true, true, true, true, true, true, true, true, true, true, true, true, true, true, true, true, true, true, true, true, true, true, true, true, true, true, true, true, true, true, true, true, true, true, true, true, true, true, true, true, true, true, true, true, true, true, true, true, true, true, true, true, true, true]
Jan 15, 2015 6:21:03 PM org.ccnx.ccn.profiles.sync.SyncTestRepo checkCallbacks
DETALHADO: got segment 41
Jan 15, 2015 6:21:03 PM org.ccnx.ccn.profiles.sync.SyncTestRepo checkCallbacks
DETALHADO: received: [true, true, true, true, true, true, true, true, true, true, true, true, true, true, true, true, true, true, true, true, true, true, true, true, true, true, true, true, true, true, true, true, true, true, true, true, true, true, true, true, true, true, false, false, false, false, false, false, false, false, false, false, false, false, false, false, false, false, false, false, false, false, false, false, false, false, false, false, false, false, false, false, false, false, false, false, false, false, false, false, false, false, false, false, false, false, false, false, false, false, false, false, false, false, false, false, false, false, false, false, false] finished: [true, true, true, true, true, true, true, true, true, true, true, true, true, true, true, true, true, true, true, true, true, true, true, true, true, true, true, true, true, true, true, true, true, true, true, true, true, true, true, true, true, true, true, true, true, true, true, true, true, true, true, true, true, true, true, true, true, true, true, true, true, true, true, true, true, true, true, true, true, true, true, true, true, true, true, true, true, true, true, true, true, true, true, true, true, true, true, true, true, true, true, true, true, true, true, true, true, true, true, true, true]
Jan 15, 2015 6:21:03 PM org.ccnx.ccn.profiles.sync.SyncTestRepo checkCallbacks
DETALHADO: got segment 42
Jan 15, 2015 6:21:03 PM org.ccnx.ccn.profiles.sync.SyncTestRepo checkCallbacks
DETALHADO: received: [true, true, true, true, true, true, true, true, true, true, true, true, true, true, true, true, true, true, true, true, true, true, true, true, true, true, true, true, true, true, true, true, true, true, true, true, true, true, true, true, true, true, true, false, false, false, false, false, false, false, false, false, false, false, false, false, false, false, false, false, false, false, false, false, false, false, false, false, false, false, false, false, false, false, false, false, false, false, false, false, false, false, false, false, false, false, false, false, false, false, false, false, false, false, false, false, false, false, false, false, false] finished: [true, true, true, true, true, true, true, true, true, true, true, true, true, true, true, true, true, true, true, true, true, true, true, true, true, true, true, true, true, true, true, true, true, true, true, true, true, true, true, true, true, true, true, true, true, true, true, true, true, true, true, true, true, true, true, true, true, true, true, true, true, true, true, true, true, true, true, true, true, true, true, true, true, true, true, true, true, true, true, true, true, true, true, true, true, true, true, true, true, true, true, true, true, true, true, true, true, true, true, true, true]
Jan 15, 2015 6:21:03 PM org.ccnx.ccn.profiles.sync.SyncTestRepo checkCallbacks
DETALHADO: got segment 43
Jan 15, 2015 6:21:03 PM org.ccnx.ccn.profiles.sync.SyncTestRepo checkCallbacks
DETALHADO: received: [true, true, true, true, true, true, true, true, true, true, true, true, true, true, true, true, true, true, true, true, true, true, true, true, true, true, true, true, true, true, true, true, true, true, true, true, true, true, true, true, true, true, true, true, false, false, false, false, false, false, false, false, false, false, false, false, false, false, false, false, false, false, false, false, false, false, false, false, false, false, false, false, false, false, false, false, false, false, false, false, false, false, false, false, false, false, false, false, false, false, false, false, false, false, false, false, false, false, false, false, false] finished: [true, true, true, true, true, true, true, true, true, true, true, true, true, true, true, true, true, true, true, true, true, true, true, true, true, true, true, true, true, true, true, true, true, true, true, true, true, true, true, true, true, true, true, true, true, true, true, true, true, true, true, true, true, true, true, true, true, true, true, true, true, true, true, true, true, true, true, true, true, true, true, true, true, true, true, true, true, true, true, true, true, true, true, true, true, true, true, true, true, true, true, true, true, true, true, true, true, true, true, true, true]
Jan 15, 2015 6:21:03 PM org.ccnx.ccn.profiles.sync.SyncTestRepo checkCallbacks
DETALHADO: got segment 44
Jan 15, 2015 6:21:03 PM org.ccnx.ccn.profiles.sync.SyncTestRepo checkCallbacks
DETALHADO: received: [true, true, true, true, true, true, true, true, true, true, true, true, true, true, true, true, true, true, true, true, true, true, true, true, true, true, true, true, true, true, true, true, true, true, true, true, true, true, true, true, true, true, true, true, true, false, false, false, false, false, false, false, false, false, false, false, false, false, false, false, false, false, false, false, false, false, false, false, false, false, false, false, false, false, false, false, false, false, false, false, false, false, false, false, false, false, false, false, false, false, false, false, false, false, false, false, false, false, false, false, false] finished: [true, true, true, true, true, true, true, true, true, true, true, true, true, true, true, true, true, true, true, true, true, true, true, true, true, true, true, true, true, true, true, true, true, true, true, true, true, true, true, true, true, true, true, true, true, true, true, true, true, true, true, true, true, true, true, true, true, true, true, true, true, true, true, true, true, true, true, true, true, true, true, true, true, true, true, true, true, true, true, true, true, true, true, true, true, true, true, true, true, true, true, true, true, true, true, true, true, true, true, true, true]
Jan 15, 2015 6:21:03 PM org.ccnx.ccn.profiles.sync.SyncTestRepo checkCallbacks
DETALHADO: got segment 45
Jan 15, 2015 6:21:03 PM org.ccnx.ccn.profiles.sync.SyncTestRepo checkCallbacks
DETALHADO: received: [true, true, true, true, true, true, true, true, true, true, true, true, true, true, true, true, true, true, true, true, true, true, true, true, true, true, true, true, true, true, true, true, true, true, true, true, true, true, true, true, true, true, true, true, true, true, false, false, false, false, false, false, false, false, false, false, false, false, false, false, false, false, false, false, false, false, false, false, false, false, false, false, false, false, false, false, false, false, false, false, false, false, false, false, false, false, false, false, false, false, false, false, false, false, false, false, false, false, false, false, false] finished: [true, true, true, true, true, true, true, true, true, true, true, true, true, true, true, true, true, true, true, true, true, true, true, true, true, true, true, true, true, true, true, true, true, true, true, true, true, true, true, true, true, true, true, true, true, true, true, true, true, true, true, true, true, true, true, true, true, true, true, true, true, true, true, true, true, true, true, true, true, true, true, true, true, true, true, true, true, true, true, true, true, true, true, true, true, true, true, true, true, true, true, true, true, true, true, true, true, true, true, true, true]
Jan 15, 2015 6:21:03 PM org.ccnx.ccn.profiles.sync.SyncTestRepo checkCallbacks
DETALHADO: got segment 46
Jan 15, 2015 6:21:03 PM org.ccnx.ccn.profiles.sync.SyncTestRepo checkCallbacks
DETALHADO: received: [true, true, true, true, true, true, true, true, true, true, true, true, true, true, true, true, true, true, true, true, true, true, true, true, true, true, true, true, true, true, true, true, true, true, true, true, true, true, true, true, true, true, true, true, true, true, true, false, false, false, false, false, false, false, false, false, false, false, false, false, false, false, false, false, false, false, false, false, false, false, false, false, false, false, false, false, false, false, false, false, false, false, false, false, false, false, false, false, false, false, false, false, false, false, false, false, false, false, false, false, false] finished: [true, true, true, true, true, true, true, true, true, true, true, true, true, true, true, true, true, true, true, true, true, true, true, true, true, true, true, true, true, true, true, true, true, true, true, true, true, true, true, true, true, true, true, true, true, true, true, true, true, true, true, true, true, true, true, true, true, true, true, true, true, true, true, true, true, true, true, true, true, true, true, true, true, true, true, true, true, true, true, true, true, true, true, true, true, true, true, true, true, true, true, true, true, true, true, true, true, true, true, true, true]
Jan 15, 2015 6:21:03 PM org.ccnx.ccn.profiles.sync.SyncTestRepo checkCallbacks
DETALHADO: got segment 47
Jan 15, 2015 6:21:03 PM org.ccnx.ccn.profiles.sync.SyncTestRepo checkCallbacks
DETALHADO: received: [true, true, true, true, true, true, true, true, true, true, true, true, true, true, true, true, true, true, true, true, true, true, true, true, true, true, true, true, true, true, true, true, true, true, true, true, true, true, true, true, true, true, true, true, true, true, true, true, false, false, false, false, false, false, false, false, false, false, false, false, false, false, false, false, false, false, false, false, false, false, false, false, false, false, false, false, false, false, false, false, false, false, false, false, false, false, false, false, false, false, false, false, false, false, false, false, false, false, false, false, false] finished: [true, true, true, true, true, true, true, true, true, true, true, true, true, true, true, true, true, true, true, true, true, true, true, true, true, true, true, true, true, true, true, true, true, true, true, true, true, true, true, true, true, true, true, true, true, true, true, true, true, true, true, true, true, true, true, true, true, true, true, true, true, true, true, true, true, true, true, true, true, true, true, true, true, true, true, true, true, true, true, true, true, true, true, true, true, true, true, true, true, true, true, true, true, true, true, true, true, true, true, true, true]
Jan 15, 2015 6:21:03 PM org.ccnx.ccn.profiles.sync.SyncTestRepo checkCallbacks
DETALHADO: got segment 48
Jan 15, 2015 6:21:03 PM org.ccnx.ccn.profiles.sync.SyncTestRepo checkCallbacks
DETALHADO: received: [true, true, true, true, true, true, true, true, true, true, true, true, true, true, true, true, true, true, true, true, true, true, true, true, true, true, true, true, true, true, true, true, true, true, true, true, true, true, true, true, true, true, true, true, true, true, true, true, true, false, false, false, false, false, false, false, false, false, false, false, false, false, false, false, false, false, false, false, false, false, false, false, false, false, false, false, false, false, false, false, false, false, false, false, false, false, false, false, false, false, false, false, false, false, false, false, false, false, false, false, false] finished: [true, true, true, true, true, true, true, true, true, true, true, true, true, true, true, true, true, true, true, true, true, true, true, true, true, true, true, true, true, true, true, true, true, true, true, true, true, true, true, true, true, true, true, true, true, true, true, true, true, true, true, true, true, true, true, true, true, true, true, true, true, true, true, true, true, true, true, true, true, true, true, true, true, true, true, true, true, true, true, true, true, true, true, true, true, true, true, true, true, true, true, true, true, true, true, true, true, true, true, true, true]
Jan 15, 2015 6:21:03 PM org.ccnx.ccn.profiles.sync.SyncTestRepo checkCallbacks
DETALHADO: got segment 49
Jan 15, 2015 6:21:03 PM org.ccnx.ccn.profiles.sync.SyncTestRepo checkCallbacks
DETALHADO: received: [true, true, true, true, true, true, true, true, true, true, true, true, true, true, true, true, true, true, true, true, true, true, true, true, true, true, true, true, true, true, true, true, true, true, true, true, true, true, true, true, true, true, true, true, true, true, true, true, true, true, false, false, false, false, false, false, false, false, false, false, false, false, false, false, false, false, false, false, false, false, false, false, false, false, false, false, false, false, false, false, false, false, false, false, false, false, false, false, false, false, false, false, false, false, false, false, false, false, false, false, false] finished: [true, true, true, true, true, true, true, true, true, true, true, true, true, true, true, true, true, true, true, true, true, true, true, true, true, true, true, true, true, true, true, true, true, true, true, true, true, true, true, true, true, true, true, true, true, true, true, true, true, true, true, true, true, true, true, true, true, true, true, true, true, true, true, true, true, true, true, true, true, true, true, true, true, true, true, true, true, true, true, true, true, true, true, true, true, true, true, true, true, true, true, true, true, true, true, true, true, true, true, true, true]
Jan 15, 2015 6:21:03 PM org.ccnx.ccn.profiles.sync.SyncTestRepo checkCallbacks
DETALHADO: got segment 50
Jan 15, 2015 6:21:03 PM org.ccnx.ccn.profiles.sync.SyncTestRepo checkCallbacks
DETALHADO: received: [true, true, true, true, true, true, true, true, true, true, true, true, true, true, true, true, true, true, true, true, true, true, true, true, true, true, true, true, true, true, true, true, true, true, true, true, true, true, true, true, true, true, true, true, true, true, true, true, true, true, true, false, false, false, false, false, false, false, false, false, false, false, false, false, false, false, false, false, false, false, false, false, false, false, false, false, false, false, false, false, false, false, false, false, false, false, false, false, false, false, false, false, false, false, false, false, false, false, false, false, false] finished: [true, true, true, true, true, true, true, true, true, true, true, true, true, true, true, true, true, true, true, true, true, true, true, true, true, true, true, true, true, true, true, true, true, true, true, true, true, true, true, true, true, true, true, true, true, true, true, true, true, true, true, true, true, true, true, true, true, true, true, true, true, true, true, true, true, true, true, true, true, true, true, true, true, true, true, true, true, true, true, true, true, true, true, true, true, true, true, true, true, true, true, true, true, true, true, true, true, true, true, true, true]
Jan 15, 2015 6:21:03 PM org.ccnx.ccn.profiles.sync.SyncTestRepo checkCallbacks
DETALHADO: got segment 51
Jan 15, 2015 6:21:03 PM org.ccnx.ccn.profiles.sync.SyncTestRepo checkCallbacks
DETALHADO: received: [true, true, true, true, true, true, true, true, true, true, true, true, true, true, true, true, true, true, true, true, true, true, true, true, true, true, true, true, true, true, true, true, true, true, true, true, true, true, true, true, true, true, true, true, true, true, true, true, true, true, true, true, false, false, false, false, false, false, false, false, false, false, false, false, false, false, false, false, false, false, false, false, false, false, false, false, false, false, false, false, false, false, false, false, false, false, false, false, false, false, false, false, false, false, false, false, false, false, false, false, false] finished: [true, true, true, true, true, true, true, true, true, true, true, true, true, true, true, true, true, true, true, true, true, true, true, true, true, true, true, true, true, true, true, true, true, true, true, true, true, true, true, true, true, true, true, true, true, true, true, true, true, true, true, true, true, true, true, true, true, true, true, true, true, true, true, true, true, true, true, true, true, true, true, true, true, true, true, true, true, true, true, true, true, true, true, true, true, true, true, true, true, true, true, true, true, true, true, true, true, true, true, true, true]
Jan 15, 2015 6:21:03 PM org.ccnx.ccn.profiles.sync.SyncTestRepo checkCallbacks
DETALHADO: got segment 52
Jan 15, 2015 6:21:03 PM org.ccnx.ccn.profiles.sync.SyncTestRepo checkCallbacks
DETALHADO: received: [true, true, true, true, true, true, true, true, true, true, true, true, true, true, true, true, true, true, true, true, true, true, true, true, true, true, true, true, true, true, true, true, true, true, true, true, true, true, true, true, true, true, true, true, true, true, true, true, true, true, true, true, true, false, false, false, false, false, false, false, false, false, false, false, false, false, false, false, false, false, false, false, false, false, false, false, false, false, false, false, false, false, false, false, false, false, false, false, false, false, false, false, false, false, false, false, false, false, false, false, false] finished: [true, true, true, true, true, true, true, true, true, true, true, true, true, true, true, true, true, true, true, true, true, true, true, true, true, true, true, true, true, true, true, true, true, true, true, true, true, true, true, true, true, true, true, true, true, true, true, true, true, true, true, true, true, true, true, true, true, true, true, true, true, true, true, true, true, true, true, true, true, true, true, true, true, true, true, true, true, true, true, true, true, true, true, true, true, true, true, true, true, true, true, true, true, true, true, true, true, true, true, true, true]
Jan 15, 2015 6:21:03 PM org.ccnx.ccn.profiles.sync.SyncTestRepo checkCallbacks
DETALHADO: got segment 53
Jan 15, 2015 6:21:03 PM org.ccnx.ccn.profiles.sync.SyncTestRepo checkCallbacks
DETALHADO: received: [true, true, true, true, true, true, true, true, true, true, true, true, true, true, true, true, true, true, true, true, true, true, true, true, true, true, true, true, true, true, true, true, true, true, true, true, true, true, true, true, true, true, true, true, true, true, true, true, true, true, true, true, true, true, false, false, false, false, false, false, false, false, false, false, false, false, false, false, false, false, false, false, false, false, false, false, false, false, false, false, false, false, false, false, false, false, false, false, false, false, false, false, false, false, false, false, false, false, false, false, false] finished: [true, true, true, true, true, true, true, true, true, true, true, true, true, true, true, true, true, true, true, true, true, true, true, true, true, true, true, true, true, true, true, true, true, true, true, true, true, true, true, true, true, true, true, true, true, true, true, true, true, true, true, true, true, true, true, true, true, true, true, true, true, true, true, true, true, true, true, true, true, true, true, true, true, true, true, true, true, true, true, true, true, true, true, true, true, true, true, true, true, true, true, true, true, true, true, true, true, true, true, true, true]
Jan 15, 2015 6:21:03 PM org.ccnx.ccn.profiles.sync.SyncTestRepo checkCallbacks
DETALHADO: got segment 54
Jan 15, 2015 6:21:03 PM org.ccnx.ccn.profiles.sync.SyncTestRepo checkCallbacks
DETALHADO: received: [true, true, true, true, true, true, true, true, true, true, true, true, true, true, true, true, true, true, true, true, true, true, true, true, true, true, true, true, true, true, true, true, true, true, true, true, true, true, true, true, true, true, true, true, true, true, true, true, true, true, true, true, true, true, true, false, false, false, false, false, false, false, false, false, false, false, false, false, false, false, false, false, false, false, false, false, false, false, false, false, false, false, false, false, false, false, false, false, false, false, false, false, false, false, false, false, false, false, false, false, false] finished: [true, true, true, true, true, true, true, true, true, true, true, true, true, true, true, true, true, true, true, true, true, true, true, true, true, true, true, true, true, true, true, true, true, true, true, true, true, true, true, true, true, true, true, true, true, true, true, true, true, true, true, true, true, true, true, true, true, true, true, true, true, true, true, true, true, true, true, true, true, true, true, true, true, true, true, true, true, true, true, true, true, true, true, true, true, true, true, true, true, true, true, true, true, true, true, true, true, true, true, true, true]
Jan 15, 2015 6:21:03 PM org.ccnx.ccn.profiles.sync.SyncTestRepo checkCallbacks
DETALHADO: got segment 55
Jan 15, 2015 6:21:03 PM org.ccnx.ccn.profiles.sync.SyncTestRepo checkCallbacks
DETALHADO: received: [true, true, true, true, true, true, true, true, true, true, true, true, true, true, true, true, true, true, true, true, true, true, true, true, true, true, true, true, true, true, true, true, true, true, true, true, true, true, true, true, true, true, true, true, true, true, true, true, true, true, true, true, true, true, true, true, false, false, false, false, false, false, false, false, false, false, false, false, false, false, false, false, false, false, false, false, false, false, false, false, false, false, false, false, false, false, false, false, false, false, false, false, false, false, false, false, false, false, false, false, false] finished: [true, true, true, true, true, true, true, true, true, true, true, true, true, true, true, true, true, true, true, true, true, true, true, true, true, true, true, true, true, true, true, true, true, true, true, true, true, true, true, true, true, true, true, true, true, true, true, true, true, true, true, true, true, true, true, true, true, true, true, true, true, true, true, true, true, true, true, true, true, true, true, true, true, true, true, true, true, true, true, true, true, true, true, true, true, true, true, true, true, true, true, true, true, true, true, true, true, true, true, true, true]
Jan 15, 2015 6:21:03 PM org.ccnx.ccn.profiles.sync.SyncTestRepo checkCallbacks
DETALHADO: got segment 56
Jan 15, 2015 6:21:03 PM org.ccnx.ccn.profiles.sync.SyncTestRepo checkCallbacks
DETALHADO: received: [true, true, true, true, true, true, true, true, true, true, true, true, true, true, true, true, true, true, true, true, true, true, true, true, true, true, true, true, true, true, true, true, true, true, true, true, true, true, true, true, true, true, true, true, true, true, true, true, true, true, true, true, true, true, true, true, true, false, false, false, false, false, false, false, false, false, false, false, false, false, false, false, false, false, false, false, false, false, false, false, false, false, false, false, false, false, false, false, false, false, false, false, false, false, false, false, false, false, false, false, false] finished: [true, true, true, true, true, true, true, true, true, true, true, true, true, true, true, true, true, true, true, true, true, true, true, true, true, true, true, true, true, true, true, true, true, true, true, true, true, true, true, true, true, true, true, true, true, true, true, true, true, true, true, true, true, true, true, true, true, true, true, true, true, true, true, true, true, true, true, true, true, true, true, true, true, true, true, true, true, true, true, true, true, true, true, true, true, true, true, true, true, true, true, true, true, true, true, true, true, true, true, true, true]
Jan 15, 2015 6:21:03 PM org.ccnx.ccn.profiles.sync.SyncTestRepo checkCallbacks
DETALHADO: got segment 57
Jan 15, 2015 6:21:03 PM org.ccnx.ccn.profiles.sync.SyncTestRepo checkCallbacks
DETALHADO: received: [true, true, true, true, true, true, true, true, true, true, true, true, true, true, true, true, true, true, true, true, true, true, true, true, true, true, true, true, true, true, true, true, true, true, true, true, true, true, true, true, true, true, true, true, true, true, true, true, true, true, true, true, true, true, true, true, true, true, false, false, false, false, false, false, false, false, false, false, false, false, false, false, false, false, false, false, false, false, false, false, false, false, false, false, false, false, false, false, false, false, false, false, false, false, false, false, false, false, false, false, false] finished: [true, true, true, true, true, true, true, true, true, true, true, true, true, true, true, true, true, true, true, true, true, true, true, true, true, true, true, true, true, true, true, true, true, true, true, true, true, true, true, true, true, true, true, true, true, true, true, true, true, true, true, true, true, true, true, true, true, true, true, true, true, true, true, true, true, true, true, true, true, true, true, true, true, true, true, true, true, true, true, true, true, true, true, true, true, true, true, true, true, true, true, true, true, true, true, true, true, true, true, true, true]
Jan 15, 2015 6:21:03 PM org.ccnx.ccn.profiles.sync.SyncTestRepo checkCallbacks
DETALHADO: got segment 58
Jan 15, 2015 6:21:03 PM org.ccnx.ccn.profiles.sync.SyncTestRepo checkCallbacks
DETALHADO: received: [true, true, true, true, true, true, true, true, true, true, true, true, true, true, true, true, true, true, true, true, true, true, true, true, true, true, true, true, true, true, true, true, true, true, true, true, true, true, true, true, true, true, true, true, true, true, true, true, true, true, true, true, true, true, true, true, true, true, true, false, false, false, false, false, false, false, false, false, false, false, false, false, false, false, false, false, false, false, false, false, false, false, false, false, false, false, false, false, false, false, false, false, false, false, false, false, false, false, false, false, false] finished: [true, true, true, true, true, true, true, true, true, true, true, true, true, true, true, true, true, true, true, true, true, true, true, true, true, true, true, true, true, true, true, true, true, true, true, true, true, true, true, true, true, true, true, true, true, true, true, true, true, true, true, true, true, true, true, true, true, true, true, true, true, true, true, true, true, true, true, true, true, true, true, true, true, true, true, true, true, true, true, true, true, true, true, true, true, true, true, true, true, true, true, true, true, true, true, true, true, true, true, true, true]
Jan 15, 2015 6:21:03 PM org.ccnx.ccn.profiles.sync.SyncTestRepo checkCallbacks
DETALHADO: got segment 59
Jan 15, 2015 6:21:03 PM org.ccnx.ccn.profiles.sync.SyncTestRepo checkCallbacks
DETALHADO: received: [true, true, true, true, true, true, true, true, true, true, true, true, true, true, true, true, true, true, true, true, true, true, true, true, true, true, true, true, true, true, true, true, true, true, true, true, true, true, true, true, true, true, true, true, true, true, true, true, true, true, true, true, true, true, true, true, true, true, true, true, false, false, false, false, false, false, false, false, false, false, false, false, false, false, false, false, false, false, false, false, false, false, false, false, false, false, false, false, false, false, false, false, false, false, false, false, false, false, false, false, false] finished: [true, true, true, true, true, true, true, true, true, true, true, true, true, true, true, true, true, true, true, true, true, true, true, true, true, true, true, true, true, true, true, true, true, true, true, true, true, true, true, true, true, true, true, true, true, true, true, true, true, true, true, true, true, true, true, true, true, true, true, true, true, true, true, true, true, true, true, true, true, true, true, true, true, true, true, true, true, true, true, true, true, true, true, true, true, true, true, true, true, true, true, true, true, true, true, true, true, true, true, true, true]
Jan 15, 2015 6:21:03 PM org.ccnx.ccn.profiles.sync.SyncTestRepo checkCallbacks
DETALHADO: got segment 60
Jan 15, 2015 6:21:03 PM org.ccnx.ccn.profiles.sync.SyncTestRepo checkCallbacks
DETALHADO: received: [true, true, true, true, true, true, true, true, true, true, true, true, true, true, true, true, true, true, true, true, true, true, true, true, true, true, true, true, true, true, true, true, true, true, true, true, true, true, true, true, true, true, true, true, true, true, true, true, true, true, true, true, true, true, true, true, true, true, true, true, true, false, false, false, false, false, false, false, false, false, false, false, false, false, false, false, false, false, false, false, false, false, false, false, false, false, false, false, false, false, false, false, false, false, false, false, false, false, false, false, false] finished: [true, true, true, true, true, true, true, true, true, true, true, true, true, true, true, true, true, true, true, true, true, true, true, true, true, true, true, true, true, true, true, true, true, true, true, true, true, true, true, true, true, true, true, true, true, true, true, true, true, true, true, true, true, true, true, true, true, true, true, true, true, true, true, true, true, true, true, true, true, true, true, true, true, true, true, true, true, true, true, true, true, true, true, true, true, true, true, true, true, true, true, true, true, true, true, true, true, true, true, true, true]
Jan 15, 2015 6:21:03 PM org.ccnx.ccn.profiles.sync.SyncTestRepo checkCallbacks
DETALHADO: got segment 61
Jan 15, 2015 6:21:03 PM org.ccnx.ccn.profiles.sync.SyncTestRepo checkCallbacks
DETALHADO: received: [true, true, true, true, true, true, true, true, true, true, true, true, true, true, true, true, true, true, true, true, true, true, true, true, true, true, true, true, true, true, true, true, true, true, true, true, true, true, true, true, true, true, true, true, true, true, true, true, true, true, true, true, true, true, true, true, true, true, true, true, true, true, false, false, false, false, false, false, false, false, false, false, false, false, false, false, false, false, false, false, false, false, false, false, false, false, false, false, false, false, false, false, false, false, false, false, false, false, false, false, false] finished: [true, true, true, true, true, true, true, true, true, true, true, true, true, true, true, true, true, true, true, true, true, true, true, true, true, true, true, true, true, true, true, true, true, true, true, true, true, true, true, true, true, true, true, true, true, true, true, true, true, true, true, true, true, true, true, true, true, true, true, true, true, true, true, true, true, true, true, true, true, true, true, true, true, true, true, true, true, true, true, true, true, true, true, true, true, true, true, true, true, true, true, true, true, true, true, true, true, true, true, true, true]
Jan 15, 2015 6:21:03 PM org.ccnx.ccn.profiles.sync.SyncTestRepo checkCallbacks
DETALHADO: got segment 62
Jan 15, 2015 6:21:03 PM org.ccnx.ccn.profiles.sync.SyncTestRepo checkCallbacks
DETALHADO: received: [true, true, true, true, true, true, true, true, true, true, true, true, true, true, true, true, true, true, true, true, true, true, true, true, true, true, true, true, true, true, true, true, true, true, true, true, true, true, true, true, true, true, true, true, true, true, true, true, true, true, true, true, true, true, true, true, true, true, true, true, true, true, true, false, false, false, false, false, false, false, false, false, false, false, false, false, false, false, false, false, false, false, false, false, false, false, false, false, false, false, false, false, false, false, false, false, false, false, false, false, false] finished: [true, true, true, true, true, true, true, true, true, true, true, true, true, true, true, true, true, true, true, true, true, true, true, true, true, true, true, true, true, true, true, true, true, true, true, true, true, true, true, true, true, true, true, true, true, true, true, true, true, true, true, true, true, true, true, true, true, true, true, true, true, true, true, true, true, true, true, true, true, true, true, true, true, true, true, true, true, true, true, true, true, true, true, true, true, true, true, true, true, true, true, true, true, true, true, true, true, true, true, true, true]
Jan 15, 2015 6:21:03 PM org.ccnx.ccn.profiles.sync.SyncTestRepo checkCallbacks
DETALHADO: got segment 63
Jan 15, 2015 6:21:03 PM org.ccnx.ccn.profiles.sync.SyncTestRepo checkCallbacks
DETALHADO: received: [true, true, true, true, true, true, true, true, true, true, true, true, true, true, true, true, true, true, true, true, true, true, true, true, true, true, true, true, true, true, true, true, true, true, true, true, true, true, true, true, true, true, true, true, true, true, true, true, true, true, true, true, true, true, true, true, true, true, true, true, true, true, true, true, false, false, false, false, false, false, false, false, false, false, false, false, false, false, false, false, false, false, false, false, false, false, false, false, false, false, false, false, false, false, false, false, false, false, false, false, false] finished: [true, true, true, true, true, true, true, true, true, true, true, true, true, true, true, true, true, true, true, true, true, true, true, true, true, true, true, true, true, true, true, true, true, true, true, true, true, true, true, true, true, true, true, true, true, true, true, true, true, true, true, true, true, true, true, true, true, true, true, true, true, true, true, true, true, true, true, true, true, true, true, true, true, true, true, true, true, true, true, true, true, true, true, true, true, true, true, true, true, true, true, true, true, true, true, true, true, true, true, true, true]
Jan 15, 2015 6:21:03 PM org.ccnx.ccn.profiles.sync.SyncTestRepo checkCallbacks
DETALHADO: got segment 64
Jan 15, 2015 6:21:03 PM org.ccnx.ccn.profiles.sync.SyncTestRepo checkCallbacks
DETALHADO: received: [true, true, true, true, true, true, true, true, true, true, true, true, true, true, true, true, true, true, true, true, true, true, true, true, true, true, true, true, true, true, true, true, true, true, true, true, true, true, true, true, true, true, true, true, true, true, true, true, true, true, true, true, true, true, true, true, true, true, true, true, true, true, true, true, true, false, false, false, false, false, false, false, false, false, false, false, false, false, false, false, false, false, false, false, false, false, false, false, false, false, false, false, false, false, false, false, false, false, false, false, false] finished: [true, true, true, true, true, true, true, true, true, true, true, true, true, true, true, true, true, true, true, true, true, true, true, true, true, true, true, true, true, true, true, true, true, true, true, true, true, true, true, true, true, true, true, true, true, true, true, true, true, true, true, true, true, true, true, true, true, true, true, true, true, true, true, true, true, true, true, true, true, true, true, true, true, true, true, true, true, true, true, true, true, true, true, true, true, true, true, true, true, true, true, true, true, true, true, true, true, true, true, true, true]
Jan 15, 2015 6:21:03 PM org.ccnx.ccn.profiles.sync.SyncTestRepo checkCallbacks
DETALHADO: got segment 65
Jan 15, 2015 6:21:03 PM org.ccnx.ccn.profiles.sync.SyncTestRepo checkCallbacks
DETALHADO: received: [true, true, true, true, true, true, true, true, true, true, true, true, true, true, true, true, true, true, true, true, true, true, true, true, true, true, true, true, true, true, true, true, true, true, true, true, true, true, true, true, true, true, true, true, true, true, true, true, true, true, true, true, true, true, true, true, true, true, true, true, true, true, true, true, true, true, false, false, false, false, false, false, false, false, false, false, false, false, false, false, false, false, false, false, false, false, false, false, false, false, false, false, false, false, false, false, false, false, false, false, false] finished: [true, true, true, true, true, true, true, true, true, true, true, true, true, true, true, true, true, true, true, true, true, true, true, true, true, true, true, true, true, true, true, true, true, true, true, true, true, true, true, true, true, true, true, true, true, true, true, true, true, true, true, true, true, true, true, true, true, true, true, true, true, true, true, true, true, true, true, true, true, true, true, true, true, true, true, true, true, true, true, true, true, true, true, true, true, true, true, true, true, true, true, true, true, true, true, true, true, true, true, true, true]
Jan 15, 2015 6:21:03 PM org.ccnx.ccn.profiles.sync.SyncTestRepo checkCallbacks
DETALHADO: got segment 66
Jan 15, 2015 6:21:03 PM org.ccnx.ccn.profiles.sync.SyncTestRepo checkCallbacks
DETALHADO: received: [true, true, true, true, true, true, true, true, true, true, true, true, true, true, true, true, true, true, true, true, true, true, true, true, true, true, true, true, true, true, true, true, true, true, true, true, true, true, true, true, true, true, true, true, true, true, true, true, true, true, true, true, true, true, true, true, true, true, true, true, true, true, true, true, true, true, true, false, false, false, false, false, false, false, false, false, false, false, false, false, false, false, false, false, false, false, false, false, false, false, false, false, false, false, false, false, false, false, false, false, false] finished: [true, true, true, true, true, true, true, true, true, true, true, true, true, true, true, true, true, true, true, true, true, true, true, true, true, true, true, true, true, true, true, true, true, true, true, true, true, true, true, true, true, true, true, true, true, true, true, true, true, true, true, true, true, true, true, true, true, true, true, true, true, true, true, true, true, true, true, true, true, true, true, true, true, true, true, true, true, true, true, true, true, true, true, true, true, true, true, true, true, true, true, true, true, true, true, true, true, true, true, true, true]
Jan 15, 2015 6:21:03 PM org.ccnx.ccn.profiles.sync.SyncTestRepo checkCallbacks
DETALHADO: got segment 67
Jan 15, 2015 6:21:03 PM org.ccnx.ccn.profiles.sync.SyncTestRepo checkCallbacks
DETALHADO: received: [true, true, true, true, true, true, true, true, true, true, true, true, true, true, true, true, true, true, true, true, true, true, true, true, true, true, true, true, true, true, true, true, true, true, true, true, true, true, true, true, true, true, true, true, true, true, true, true, true, true, true, true, true, true, true, true, true, true, true, true, true, true, true, true, true, true, true, true, false, false, false, false, false, false, false, false, false, false, false, false, false, false, false, false, false, false, false, false, false, false, false, false, false, false, false, false, false, false, false, false, false] finished: [true, true, true, true, true, true, true, true, true, true, true, true, true, true, true, true, true, true, true, true, true, true, true, true, true, true, true, true, true, true, true, true, true, true, true, true, true, true, true, true, true, true, true, true, true, true, true, true, true, true, true, true, true, true, true, true, true, true, true, true, true, true, true, true, true, true, true, true, true, true, true, true, true, true, true, true, true, true, true, true, true, true, true, true, true, true, true, true, true, true, true, true, true, true, true, true, true, true, true, true, true]
Jan 15, 2015 6:21:03 PM org.ccnx.ccn.profiles.sync.SyncTestRepo checkCallbacks
DETALHADO: got segment 68
Jan 15, 2015 6:21:03 PM org.ccnx.ccn.profiles.sync.SyncTestRepo checkCallbacks
DETALHADO: received: [true, true, true, true, true, true, true, true, true, true, true, true, true, true, true, true, true, true, true, true, true, true, true, true, true, true, true, true, true, true, true, true, true, true, true, true, true, true, true, true, true, true, true, true, true, true, true, true, true, true, true, true, true, true, true, true, true, true, true, true, true, true, true, true, true, true, true, true, true, false, false, false, false, false, false, false, false, false, false, false, false, false, false, false, false, false, false, false, false, false, false, false, false, false, false, false, false, false, false, false, false] finished: [true, true, true, true, true, true, true, true, true, true, true, true, true, true, true, true, true, true, true, true, true, true, true, true, true, true, true, true, true, true, true, true, true, true, true, true, true, true, true, true, true, true, true, true, true, true, true, true, true, true, true, true, true, true, true, true, true, true, true, true, true, true, true, true, true, true, true, true, true, true, true, true, true, true, true, true, true, true, true, true, true, true, true, true, true, true, true, true, true, true, true, true, true, true, true, true, true, true, true, true, true]
Jan 15, 2015 6:21:03 PM org.ccnx.ccn.profiles.sync.SyncTestRepo checkCallbacks
DETALHADO: got segment 69
Jan 15, 2015 6:21:03 PM org.ccnx.ccn.profiles.sync.SyncTestRepo checkCallbacks
DETALHADO: received: [true, true, true, true, true, true, true, true, true, true, true, true, true, true, true, true, true, true, true, true, true, true, true, true, true, true, true, true, true, true, true, true, true, true, true, true, true, true, true, true, true, true, true, true, true, true, true, true, true, true, true, true, true, true, true, true, true, true, true, true, true, true, true, true, true, true, true, true, true, true, false, false, false, false, false, false, false, false, false, false, false, false, false, false, false, false, false, false, false, false, false, false, false, false, false, false, false, false, false, false, false] finished: [true, true, true, true, true, true, true, true, true, true, true, true, true, true, true, true, true, true, true, true, true, true, true, true, true, true, true, true, true, true, true, true, true, true, true, true, true, true, true, true, true, true, true, true, true, true, true, true, true, true, true, true, true, true, true, true, true, true, true, true, true, true, true, true, true, true, true, true, true, true, true, true, true, true, true, true, true, true, true, true, true, true, true, true, true, true, true, true, true, true, true, true, true, true, true, true, true, true, true, true, true]
Jan 15, 2015 6:21:03 PM org.ccnx.ccn.profiles.sync.SyncTestRepo checkCallbacks
DETALHADO: got segment 70
Jan 15, 2015 6:21:03 PM org.ccnx.ccn.profiles.sync.SyncTestRepo checkCallbacks
DETALHADO: received: [true, true, true, true, true, true, true, true, true, true, true, true, true, true, true, true, true, true, true, true, true, true, true, true, true, true, true, true, true, true, true, true, true, true, true, true, true, true, true, true, true, true, true, true, true, true, true, true, true, true, true, true, true, true, true, true, true, true, true, true, true, true, true, true, true, true, true, true, true, true, true, false, false, false, false, false, false, false, false, false, false, false, false, false, false, false, false, false, false, false, false, false, false, false, false, false, false, false, false, false, false] finished: [true, true, true, true, true, true, true, true, true, true, true, true, true, true, true, true, true, true, true, true, true, true, true, true, true, true, true, true, true, true, true, true, true, true, true, true, true, true, true, true, true, true, true, true, true, true, true, true, true, true, true, true, true, true, true, true, true, true, true, true, true, true, true, true, true, true, true, true, true, true, true, true, true, true, true, true, true, true, true, true, true, true, true, true, true, true, true, true, true, true, true, true, true, true, true, true, true, true, true, true, true]
Jan 15, 2015 6:21:03 PM org.ccnx.ccn.profiles.sync.SyncTestRepo checkCallbacks
DETALHADO: got segment 71
Jan 15, 2015 6:21:03 PM org.ccnx.ccn.profiles.sync.SyncTestRepo checkCallbacks
DETALHADO: received: [true, true, true, true, true, true, true, true, true, true, true, true, true, true, true, true, true, true, true, true, true, true, true, true, true, true, true, true, true, true, true, true, true, true, true, true, true, true, true, true, true, true, true, true, true, true, true, true, true, true, true, true, true, true, true, true, true, true, true, true, true, true, true, true, true, true, true, true, true, true, true, true, false, false, false, false, false, false, false, false, false, false, false, false, false, false, false, false, false, false, false, false, false, false, false, false, false, false, false, false, false] finished: [true, true, true, true, true, true, true, true, true, true, true, true, true, true, true, true, true, true, true, true, true, true, true, true, true, true, true, true, true, true, true, true, true, true, true, true, true, true, true, true, true, true, true, true, true, true, true, true, true, true, true, true, true, true, true, true, true, true, true, true, true, true, true, true, true, true, true, true, true, true, true, true, true, true, true, true, true, true, true, true, true, true, true, true, true, true, true, true, true, true, true, true, true, true, true, true, true, true, true, true, true]
Jan 15, 2015 6:21:03 PM org.ccnx.ccn.profiles.sync.SyncTestRepo checkCallbacks
DETALHADO: got segment 72
Jan 15, 2015 6:21:03 PM org.ccnx.ccn.profiles.sync.SyncTestRepo checkCallbacks
DETALHADO: received: [true, true, true, true, true, true, true, true, true, true, true, true, true, true, true, true, true, true, true, true, true, true, true, true, true, true, true, true, true, true, true, true, true, true, true, true, true, true, true, true, true, true, true, true, true, true, true, true, true, true, true, true, true, true, true, true, true, true, true, true, true, true, true, true, true, true, true, true, true, true, true, true, true, false, false, false, false, false, false, false, false, false, false, false, false, false, false, false, false, false, false, false, false, false, false, false, false, false, false, false, false] finished: [true, true, true, true, true, true, true, true, true, true, true, true, true, true, true, true, true, true, true, true, true, true, true, true, true, true, true, true, true, true, true, true, true, true, true, true, true, true, true, true, true, true, true, true, true, true, true, true, true, true, true, true, true, true, true, true, true, true, true, true, true, true, true, true, true, true, true, true, true, true, true, true, true, true, true, true, true, true, true, true, true, true, true, true, true, true, true, true, true, true, true, true, true, true, true, true, true, true, true, true, true]
Jan 15, 2015 6:21:03 PM org.ccnx.ccn.profiles.sync.SyncTestRepo checkCallbacks
DETALHADO: got segment 73
Jan 15, 2015 6:21:03 PM org.ccnx.ccn.profiles.sync.SyncTestRepo checkCallbacks
DETALHADO: received: [true, true, true, true, true, true, true, true, true, true, true, true, true, true, true, true, true, true, true, true, true, true, true, true, true, true, true, true, true, true, true, true, true, true, true, true, true, true, true, true, true, true, true, true, true, true, true, true, true, true, true, true, true, true, true, true, true, true, true, true, true, true, true, true, true, true, true, true, true, true, true, true, true, true, false, false, false, false, false, false, false, false, false, false, false, false, false, false, false, false, false, false, false, false, false, false, false, false, false, false, false] finished: [true, true, true, true, true, true, true, true, true, true, true, true, true, true, true, true, true, true, true, true, true, true, true, true, true, true, true, true, true, true, true, true, true, true, true, true, true, true, true, true, true, true, true, true, true, true, true, true, true, true, true, true, true, true, true, true, true, true, true, true, true, true, true, true, true, true, true, true, true, true, true, true, true, true, true, true, true, true, true, true, true, true, true, true, true, true, true, true, true, true, true, true, true, true, true, true, true, true, true, true, true]
Jan 15, 2015 6:21:03 PM org.ccnx.ccn.profiles.sync.SyncTestRepo checkCallbacks
DETALHADO: got segment 74
Jan 15, 2015 6:21:03 PM org.ccnx.ccn.profiles.sync.SyncTestRepo checkCallbacks
DETALHADO: received: [true, true, true, true, true, true, true, true, true, true, true, true, true, true, true, true, true, true, true, true, true, true, true, true, true, true, true, true, true, true, true, true, true, true, true, true, true, true, true, true, true, true, true, true, true, true, true, true, true, true, true, true, true, true, true, true, true, true, true, true, true, true, true, true, true, true, true, true, true, true, true, true, true, true, true, false, false, false, false, false, false, false, false, false, false, false, false, false, false, false, false, false, false, false, false, false, false, false, false, false, false] finished: [true, true, true, true, true, true, true, true, true, true, true, true, true, true, true, true, true, true, true, true, true, true, true, true, true, true, true, true, true, true, true, true, true, true, true, true, true, true, true, true, true, true, true, true, true, true, true, true, true, true, true, true, true, true, true, true, true, true, true, true, true, true, true, true, true, true, true, true, true, true, true, true, true, true, true, true, true, true, true, true, true, true, true, true, true, true, true, true, true, true, true, true, true, true, true, true, true, true, true, true, true]
Jan 15, 2015 6:21:03 PM org.ccnx.ccn.profiles.sync.SyncTestRepo checkCallbacks
DETALHADO: got segment 75
Jan 15, 2015 6:21:03 PM org.ccnx.ccn.profiles.sync.SyncTestRepo checkCallbacks
DETALHADO: received: [true, true, true, true, true, true, true, true, true, true, true, true, true, true, true, true, true, true, true, true, true, true, true, true, true, true, true, true, true, true, true, true, true, true, true, true, true, true, true, true, true, true, true, true, true, true, true, true, true, true, true, true, true, true, true, true, true, true, true, true, true, true, true, true, true, true, true, true, true, true, true, true, true, true, true, true, false, false, false, false, false, false, false, false, false, false, false, false, false, false, false, false, false, false, false, false, false, false, false, false, false] finished: [true, true, true, true, true, true, true, true, true, true, true, true, true, true, true, true, true, true, true, true, true, true, true, true, true, true, true, true, true, true, true, true, true, true, true, true, true, true, true, true, true, true, true, true, true, true, true, true, true, true, true, true, true, true, true, true, true, true, true, true, true, true, true, true, true, true, true, true, true, true, true, true, true, true, true, true, true, true, true, true, true, true, true, true, true, true, true, true, true, true, true, true, true, true, true, true, true, true, true, true, true]
Jan 15, 2015 6:21:03 PM org.ccnx.ccn.profiles.sync.SyncTestRepo checkCallbacks
DETALHADO: got segment 76
Jan 15, 2015 6:21:03 PM org.ccnx.ccn.profiles.sync.SyncTestRepo checkCallbacks
DETALHADO: received: [true, true, true, true, true, true, true, true, true, true, true, true, true, true, true, true, true, true, true, true, true, true, true, true, true, true, true, true, true, true, true, true, true, true, true, true, true, true, true, true, true, true, true, true, true, true, true, true, true, true, true, true, true, true, true, true, true, true, true, true, true, true, true, true, true, true, true, true, true, true, true, true, true, true, true, true, true, false, false, false, false, false, false, false, false, false, false, false, false, false, false, false, false, false, false, false, false, false, false, false, false] finished: [true, true, true, true, true, true, true, true, true, true, true, true, true, true, true, true, true, true, true, true, true, true, true, true, true, true, true, true, true, true, true, true, true, true, true, true, true, true, true, true, true, true, true, true, true, true, true, true, true, true, true, true, true, true, true, true, true, true, true, true, true, true, true, true, true, true, true, true, true, true, true, true, true, true, true, true, true, true, true, true, true, true, true, true, true, true, true, true, true, true, true, true, true, true, true, true, true, true, true, true, true]
Jan 15, 2015 6:21:03 PM org.ccnx.ccn.profiles.sync.SyncTestRepo checkCallbacks
DETALHADO: got segment 77
Jan 15, 2015 6:21:03 PM org.ccnx.ccn.profiles.sync.SyncTestRepo checkCallbacks
DETALHADO: received: [true, true, true, true, true, true, true, true, true, true, true, true, true, true, true, true, true, true, true, true, true, true, true, true, true, true, true, true, true, true, true, true, true, true, true, true, true, true, true, true, true, true, true, true, true, true, true, true, true, true, true, true, true, true, true, true, true, true, true, true, true, true, true, true, true, true, true, true, true, true, true, true, true, true, true, true, true, true, false, false, false, false, false, false, false, false, false, false, false, false, false, false, false, false, false, false, false, false, false, false, false] finished: [true, true, true, true, true, true, true, true, true, true, true, true, true, true, true, true, true, true, true, true, true, true, true, true, true, true, true, true, true, true, true, true, true, true, true, true, true, true, true, true, true, true, true, true, true, true, true, true, true, true, true, true, true, true, true, true, true, true, true, true, true, true, true, true, true, true, true, true, true, true, true, true, true, true, true, true, true, true, true, true, true, true, true, true, true, true, true, true, true, true, true, true, true, true, true, true, true, true, true, true, true]
Jan 15, 2015 6:21:03 PM org.ccnx.ccn.profiles.sync.SyncTestRepo checkCallbacks
DETALHADO: got segment 78
Jan 15, 2015 6:21:03 PM org.ccnx.ccn.profiles.sync.SyncTestRepo checkCallbacks
DETALHADO: received: [true, true, true, true, true, true, true, true, true, true, true, true, true, true, true, true, true, true, true, true, true, true, true, true, true, true, true, true, true, true, true, true, true, true, true, true, true, true, true, true, true, true, true, true, true, true, true, true, true, true, true, true, true, true, true, true, true, true, true, true, true, true, true, true, true, true, true, true, true, true, true, true, true, true, true, true, true, true, true, false, false, false, false, false, false, false, false, false, false, false, false, false, false, false, false, false, false, false, false, false, false] finished: [true, true, true, true, true, true, true, true, true, true, true, true, true, true, true, true, true, true, true, true, true, true, true, true, true, true, true, true, true, true, true, true, true, true, true, true, true, true, true, true, true, true, true, true, true, true, true, true, true, true, true, true, true, true, true, true, true, true, true, true, true, true, true, true, true, true, true, true, true, true, true, true, true, true, true, true, true, true, true, true, true, true, true, true, true, true, true, true, true, true, true, true, true, true, true, true, true, true, true, true, true]
Jan 15, 2015 6:21:03 PM org.ccnx.ccn.profiles.sync.SyncTestRepo checkCallbacks
DETALHADO: got segment 79
Jan 15, 2015 6:21:03 PM org.ccnx.ccn.profiles.sync.SyncTestRepo checkCallbacks
DETALHADO: received: [true, true, true, true, true, true, true, true, true, true, true, true, true, true, true, true, true, true, true, true, true, true, true, true, true, true, true, true, true, true, true, true, true, true, true, true, true, true, true, true, true, true, true, true, true, true, true, true, true, true, true, true, true, true, true, true, true, true, true, true, true, true, true, true, true, true, true, true, true, true, true, true, true, true, true, true, true, true, true, true, false, false, false, false, false, false, false, false, false, false, false, false, false, false, false, false, false, false, false, false, false] finished: [true, true, true, true, true, true, true, true, true, true, true, true, true, true, true, true, true, true, true, true, true, true, true, true, true, true, true, true, true, true, true, true, true, true, true, true, true, true, true, true, true, true, true, true, true, true, true, true, true, true, true, true, true, true, true, true, true, true, true, true, true, true, true, true, true, true, true, true, true, true, true, true, true, true, true, true, true, true, true, true, true, true, true, true, true, true, true, true, true, true, true, true, true, true, true, true, true, true, true, true, true]
Jan 15, 2015 6:21:03 PM org.ccnx.ccn.profiles.sync.SyncTestRepo checkCallbacks
DETALHADO: got segment 80
Jan 15, 2015 6:21:03 PM org.ccnx.ccn.profiles.sync.SyncTestRepo checkCallbacks
DETALHADO: received: [true, true, true, true, true, true, true, true, true, true, true, true, true, true, true, true, true, true, true, true, true, true, true, true, true, true, true, true, true, true, true, true, true, true, true, true, true, true, true, true, true, true, true, true, true, true, true, true, true, true, true, true, true, true, true, true, true, true, true, true, true, true, true, true, true, true, true, true, true, true, true, true, true, true, true, true, true, true, true, true, true, false, false, false, false, false, false, false, false, false, false, false, false, false, false, false, false, false, false, false, false] finished: [true, true, true, true, true, true, true, true, true, true, true, true, true, true, true, true, true, true, true, true, true, true, true, true, true, true, true, true, true, true, true, true, true, true, true, true, true, true, true, true, true, true, true, true, true, true, true, true, true, true, true, true, true, true, true, true, true, true, true, true, true, true, true, true, true, true, true, true, true, true, true, true, true, true, true, true, true, true, true, true, true, true, true, true, true, true, true, true, true, true, true, true, true, true, true, true, true, true, true, true, true]
Jan 15, 2015 6:21:03 PM org.ccnx.ccn.profiles.sync.SyncTestRepo checkCallbacks
DETALHADO: got segment 81
Jan 15, 2015 6:21:03 PM org.ccnx.ccn.profiles.sync.SyncTestRepo checkCallbacks
DETALHADO: received: [true, true, true, true, true, true, true, true, true, true, true, true, true, true, true, true, true, true, true, true, true, true, true, true, true, true, true, true, true, true, true, true, true, true, true, true, true, true, true, true, true, true, true, true, true, true, true, true, true, true, true, true, true, true, true, true, true, true, true, true, true, true, true, true, true, true, true, true, true, true, true, true, true, true, true, true, true, true, true, true, true, true, false, false, false, false, false, false, false, false, false, false, false, false, false, false, false, false, false, false, false] finished: [true, true, true, true, true, true, true, true, true, true, true, true, true, true, true, true, true, true, true, true, true, true, true, true, true, true, true, true, true, true, true, true, true, true, true, true, true, true, true, true, true, true, true, true, true, true, true, true, true, true, true, true, true, true, true, true, true, true, true, true, true, true, true, true, true, true, true, true, true, true, true, true, true, true, true, true, true, true, true, true, true, true, true, true, true, true, true, true, true, true, true, true, true, true, true, true, true, true, true, true, true]
Jan 15, 2015 6:21:03 PM org.ccnx.ccn.profiles.sync.SyncTestRepo checkCallbacks
DETALHADO: got segment 82
Jan 15, 2015 6:21:03 PM org.ccnx.ccn.profiles.sync.SyncTestRepo checkCallbacks
DETALHADO: received: [true, true, true, true, true, true, true, true, true, true, true, true, true, true, true, true, true, true, true, true, true, true, true, true, true, true, true, true, true, true, true, true, true, true, true, true, true, true, true, true, true, true, true, true, true, true, true, true, true, true, true, true, true, true, true, true, true, true, true, true, true, true, true, true, true, true, true, true, true, true, true, true, true, true, true, true, true, true, true, true, true, true, true, false, false, false, false, false, false, false, false, false, false, false, false, false, false, false, false, false, false] finished: [true, true, true, true, true, true, true, true, true, true, true, true, true, true, true, true, true, true, true, true, true, true, true, true, true, true, true, true, true, true, true, true, true, true, true, true, true, true, true, true, true, true, true, true, true, true, true, true, true, true, true, true, true, true, true, true, true, true, true, true, true, true, true, true, true, true, true, true, true, true, true, true, true, true, true, true, true, true, true, true, true, true, true, true, true, true, true, true, true, true, true, true, true, true, true, true, true, true, true, true, true]
Jan 15, 2015 6:21:03 PM org.ccnx.ccn.profiles.sync.SyncTestRepo checkCallbacks
DETALHADO: got segment 83
Jan 15, 2015 6:21:03 PM org.ccnx.ccn.profiles.sync.SyncTestRepo checkCallbacks
DETALHADO: received: [true, true, true, true, true, true, true, true, true, true, true, true, true, true, true, true, true, true, true, true, true, true, true, true, true, true, true, true, true, true, true, true, true, true, true, true, true, true, true, true, true, true, true, true, true, true, true, true, true, true, true, true, true, true, true, true, true, true, true, true, true, true, true, true, true, true, true, true, true, true, true, true, true, true, true, true, true, true, true, true, true, true, true, true, false, false, false, false, false, false, false, false, false, false, false, false, false, false, false, false, false] finished: [true, true, true, true, true, true, true, true, true, true, true, true, true, true, true, true, true, true, true, true, true, true, true, true, true, true, true, true, true, true, true, true, true, true, true, true, true, true, true, true, true, true, true, true, true, true, true, true, true, true, true, true, true, true, true, true, true, true, true, true, true, true, true, true, true, true, true, true, true, true, true, true, true, true, true, true, true, true, true, true, true, true, true, true, true, true, true, true, true, true, true, true, true, true, true, true, true, true, true, true, true]
Jan 15, 2015 6:21:03 PM org.ccnx.ccn.profiles.sync.SyncTestRepo checkCallbacks
DETALHADO: got segment 84
Jan 15, 2015 6:21:03 PM org.ccnx.ccn.profiles.sync.SyncTestRepo checkCallbacks
DETALHADO: received: [true, true, true, true, true, true, true, true, true, true, true, true, true, true, true, true, true, true, true, true, true, true, true, true, true, true, true, true, true, true, true, true, true, true, true, true, true, true, true, true, true, true, true, true, true, true, true, true, true, true, true, true, true, true, true, true, true, true, true, true, true, true, true, true, true, true, true, true, true, true, true, true, true, true, true, true, true, true, true, true, true, true, true, true, true, false, false, false, false, false, false, false, false, false, false, false, false, false, false, false, false] finished: [true, true, true, true, true, true, true, true, true, true, true, true, true, true, true, true, true, true, true, true, true, true, true, true, true, true, true, true, true, true, true, true, true, true, true, true, true, true, true, true, true, true, true, true, true, true, true, true, true, true, true, true, true, true, true, true, true, true, true, true, true, true, true, true, true, true, true, true, true, true, true, true, true, true, true, true, true, true, true, true, true, true, true, true, true, true, true, true, true, true, true, true, true, true, true, true, true, true, true, true, true]
Jan 15, 2015 6:21:03 PM org.ccnx.ccn.profiles.sync.SyncTestRepo checkCallbacks
DETALHADO: got segment 85
Jan 15, 2015 6:21:03 PM org.ccnx.ccn.profiles.sync.SyncTestRepo checkCallbacks
DETALHADO: received: [true, true, true, true, true, true, true, true, true, true, true, true, true, true, true, true, true, true, true, true, true, true, true, true, true, true, true, true, true, true, true, true, true, true, true, true, true, true, true, true, true, true, true, true, true, true, true, true, true, true, true, true, true, true, true, true, true, true, true, true, true, true, true, true, true, true, true, true, true, true, true, true, true, true, true, true, true, true, true, true, true, true, true, true, true, true, false, false, false, false, false, false, false, false, false, false, false, false, false, false, false] finished: [true, true, true, true, true, true, true, true, true, true, true, true, true, true, true, true, true, true, true, true, true, true, true, true, true, true, true, true, true, true, true, true, true, true, true, true, true, true, true, true, true, true, true, true, true, true, true, true, true, true, true, true, true, true, true, true, true, true, true, true, true, true, true, true, true, true, true, true, true, true, true, true, true, true, true, true, true, true, true, true, true, true, true, true, true, true, true, true, true, true, true, true, true, true, true, true, true, true, true, true, true]
Jan 15, 2015 6:21:03 PM org.ccnx.ccn.profiles.sync.SyncTestRepo checkCallbacks
DETALHADO: got segment 86
Jan 15, 2015 6:21:03 PM org.ccnx.ccn.profiles.sync.SyncTestRepo checkCallbacks
DETALHADO: received: [true, true, true, true, true, true, true, true, true, true, true, true, true, true, true, true, true, true, true, true, true, true, true, true, true, true, true, true, true, true, true, true, true, true, true, true, true, true, true, true, true, true, true, true, true, true, true, true, true, true, true, true, true, true, true, true, true, true, true, true, true, true, true, true, true, true, true, true, true, true, true, true, true, true, true, true, true, true, true, true, true, true, true, true, true, true, true, false, false, false, false, false, false, false, false, false, false, false, false, false, false] finished: [true, true, true, true, true, true, true, true, true, true, true, true, true, true, true, true, true, true, true, true, true, true, true, true, true, true, true, true, true, true, true, true, true, true, true, true, true, true, true, true, true, true, true, true, true, true, true, true, true, true, true, true, true, true, true, true, true, true, true, true, true, true, true, true, true, true, true, true, true, true, true, true, true, true, true, true, true, true, true, true, true, true, true, true, true, true, true, true, true, true, true, true, true, true, true, true, true, true, true, true, true]
Jan 15, 2015 6:21:03 PM org.ccnx.ccn.profiles.sync.SyncTestRepo checkCallbacks
DETALHADO: got segment 87
Jan 15, 2015 6:21:03 PM org.ccnx.ccn.profiles.sync.SyncTestRepo checkCallbacks
DETALHADO: received: [true, true, true, true, true, true, true, true, true, true, true, true, true, true, true, true, true, true, true, true, true, true, true, true, true, true, true, true, true, true, true, true, true, true, true, true, true, true, true, true, true, true, true, true, true, true, true, true, true, true, true, true, true, true, true, true, true, true, true, true, true, true, true, true, true, true, true, true, true, true, true, true, true, true, true, true, true, true, true, true, true, true, true, true, true, true, true, true, false, false, false, false, false, false, false, false, false, false, false, false, false] finished: [true, true, true, true, true, true, true, true, true, true, true, true, true, true, true, true, true, true, true, true, true, true, true, true, true, true, true, true, true, true, true, true, true, true, true, true, true, true, true, true, true, true, true, true, true, true, true, true, true, true, true, true, true, true, true, true, true, true, true, true, true, true, true, true, true, true, true, true, true, true, true, true, true, true, true, true, true, true, true, true, true, true, true, true, true, true, true, true, true, true, true, true, true, true, true, true, true, true, true, true, true]
Jan 15, 2015 6:21:03 PM org.ccnx.ccn.profiles.sync.SyncTestRepo checkCallbacks
DETALHADO: got segment 88
Jan 15, 2015 6:21:03 PM org.ccnx.ccn.profiles.sync.SyncTestRepo checkCallbacks
DETALHADO: received: [true, true, true, true, true, true, true, true, true, true, true, true, true, true, true, true, true, true, true, true, true, true, true, true, true, true, true, true, true, true, true, true, true, true, true, true, true, true, true, true, true, true, true, true, true, true, true, true, true, true, true, true, true, true, true, true, true, true, true, true, true, true, true, true, true, true, true, true, true, true, true, true, true, true, true, true, true, true, true, true, true, true, true, true, true, true, true, true, true, false, false, false, false, false, false, false, false, false, false, false, false] finished: [true, true, true, true, true, true, true, true, true, true, true, true, true, true, true, true, true, true, true, true, true, true, true, true, true, true, true, true, true, true, true, true, true, true, true, true, true, true, true, true, true, true, true, true, true, true, true, true, true, true, true, true, true, true, true, true, true, true, true, true, true, true, true, true, true, true, true, true, true, true, true, true, true, true, true, true, true, true, true, true, true, true, true, true, true, true, true, true, true, true, true, true, true, true, true, true, true, true, true, true, true]
Jan 15, 2015 6:21:03 PM org.ccnx.ccn.profiles.sync.SyncTestRepo checkCallbacks
DETALHADO: got segment 89
Jan 15, 2015 6:21:03 PM org.ccnx.ccn.profiles.sync.SyncTestRepo checkCallbacks
DETALHADO: received: [true, true, true, true, true, true, true, true, true, true, true, true, true, true, true, true, true, true, true, true, true, true, true, true, true, true, true, true, true, true, true, true, true, true, true, true, true, true, true, true, true, true, true, true, true, true, true, true, true, true, true, true, true, true, true, true, true, true, true, true, true, true, true, true, true, true, true, true, true, true, true, true, true, true, true, true, true, true, true, true, true, true, true, true, true, true, true, true, true, true, false, false, false, false, false, false, false, false, false, false, false] finished: [true, true, true, true, true, true, true, true, true, true, true, true, true, true, true, true, true, true, true, true, true, true, true, true, true, true, true, true, true, true, true, true, true, true, true, true, true, true, true, true, true, true, true, true, true, true, true, true, true, true, true, true, true, true, true, true, true, true, true, true, true, true, true, true, true, true, true, true, true, true, true, true, true, true, true, true, true, true, true, true, true, true, true, true, true, true, true, true, true, true, true, true, true, true, true, true, true, true, true, true, true]
Jan 15, 2015 6:21:03 PM org.ccnx.ccn.profiles.sync.SyncTestRepo checkCallbacks
DETALHADO: got segment 90
Jan 15, 2015 6:21:03 PM org.ccnx.ccn.profiles.sync.SyncTestRepo checkCallbacks
DETALHADO: received: [true, true, true, true, true, true, true, true, true, true, true, true, true, true, true, true, true, true, true, true, true, true, true, true, true, true, true, true, true, true, true, true, true, true, true, true, true, true, true, true, true, true, true, true, true, true, true, true, true, true, true, true, true, true, true, true, true, true, true, true, true, true, true, true, true, true, true, true, true, true, true, true, true, true, true, true, true, true, true, true, true, true, true, true, true, true, true, true, true, true, true, false, false, false, false, false, false, false, false, false, false] finished: [true, true, true, true, true, true, true, true, true, true, true, true, true, true, true, true, true, true, true, true, true, true, true, true, true, true, true, true, true, true, true, true, true, true, true, true, true, true, true, true, true, true, true, true, true, true, true, true, true, true, true, true, true, true, true, true, true, true, true, true, true, true, true, true, true, true, true, true, true, true, true, true, true, true, true, true, true, true, true, true, true, true, true, true, true, true, true, true, true, true, true, true, true, true, true, true, true, true, true, true, true]
Jan 15, 2015 6:21:03 PM org.ccnx.ccn.profiles.sync.SyncTestRepo checkCallbacks
DETALHADO: trying to loop again looking for segments
Jan 15, 2015 6:21:03 PM org.ccnx.ccn.impl.sync.SliceComparator doComparison
O MAIS DETALHADO: Y hash only for =03D99F99B9F2079245699D59363E65E4236B45342E5619FE3E8920963C08ED04CA, type is LEAF, pos is 2
Jan 15, 2015 6:21:03 PM org.ccnx.ccn.profiles.sync.SyncTestRepo doHandleContentName
INFORMAÇÕES: Number 1: Callback for name: /ccnx.org/test/SyncTestRepo-15-01-15-18.20.23/ccnSyncTest/slice3/randomFile/=FD054B82F3B225/=005C - number is 92
Jan 15, 2015 6:21:03 PM org.ccnx.ccn.impl.sync.SliceComparator doComparison
O MAIS DETALHADO: Y hash only for =03D99F99B9F2079245699D59363E65E4236B45342E5619FE3E8920963C08ED04CA, type is LEAF, pos is 3
Jan 15, 2015 6:21:03 PM org.ccnx.ccn.profiles.sync.SyncTestRepo doHandleContentName
INFORMAÇÕES: Number 1: Callback for name: /ccnx.org/test/SyncTestRepo-15-01-15-18.20.23/ccnSyncTest/slice3/randomFile/=FD054B82F3B225/=005D - number is 93
Jan 15, 2015 6:21:03 PM org.ccnx.ccn.impl.sync.SliceComparator doComparison
O MAIS DETALHADO: Y hash only for =03D99F99B9F2079245699D59363E65E4236B45342E5619FE3E8920963C08ED04CA, type is LEAF, pos is 4
Jan 15, 2015 6:21:03 PM org.ccnx.ccn.profiles.sync.SyncTestRepo doHandleContentName
INFORMAÇÕES: Number 1: Callback for name: /ccnx.org/test/SyncTestRepo-15-01-15-18.20.23/ccnSyncTest/slice3/randomFile/=FD054B82F3B225/=005E - number is 94
Jan 15, 2015 6:21:03 PM org.ccnx.ccn.impl.sync.SliceComparator doComparison
O MAIS DETALHADO: Y hash only for =03D99F99B9F2079245699D59363E65E4236B45342E5619FE3E8920963C08ED04CA, type is LEAF, pos is 5
Jan 15, 2015 6:21:03 PM org.ccnx.ccn.profiles.sync.SyncTestRepo doHandleContentName
INFORMAÇÕES: Number 1: Callback for name: /ccnx.org/test/SyncTestRepo-15-01-15-18.20.23/ccnSyncTest/slice3/randomFile/=FD054B82F3B225/=005F - number is 95
Jan 15, 2015 6:21:03 PM org.ccnx.ccn.impl.sync.SliceComparator doComparison
O MAIS DETALHADO: Y hash only for =03D99F99B9F2079245699D59363E65E4236B45342E5619FE3E8920963C08ED04CA, type is LEAF, pos is 6
Jan 15, 2015 6:21:03 PM org.ccnx.ccn.profiles.sync.SyncTestRepo doHandleContentName
INFORMAÇÕES: Number 1: Callback for name: /ccnx.org/test/SyncTestRepo-15-01-15-18.20.23/ccnSyncTest/slice3/randomFile/=FD054B82F3B225/=0060 - number is 96
Jan 15, 2015 6:21:03 PM org.ccnx.ccn.impl.sync.SliceComparator doComparison
O MAIS DETALHADO: Y hash only for =03D99F99B9F2079245699D59363E65E4236B45342E5619FE3E8920963C08ED04CA, type is LEAF, pos is 7
Jan 15, 2015 6:21:03 PM org.ccnx.ccn.profiles.sync.SyncTestRepo doHandleContentName
INFORMAÇÕES: Number 1: Callback for name: /ccnx.org/test/SyncTestRepo-15-01-15-18.20.23/ccnSyncTest/slice3/randomFile/=FD054B82F3B225/=0061 - number is 97
Jan 15, 2015 6:21:03 PM org.ccnx.ccn.impl.sync.SliceComparator doComparison
O MAIS DETALHADO: Y hash only for =03D99F99B9F2079245699D59363E65E4236B45342E5619FE3E8920963C08ED04CA, type is LEAF, pos is 8
Jan 15, 2015 6:21:03 PM org.ccnx.ccn.profiles.sync.SyncTestRepo doHandleContentName
INFORMAÇÕES: Number 1: Callback for name: /ccnx.org/test/SyncTestRepo-15-01-15-18.20.23/ccnSyncTest/slice3/randomFile/=FD054B82F3B225/=0062 - number is 98
Jan 15, 2015 6:21:03 PM org.ccnx.ccn.impl.sync.SliceComparator doComparison
O MAIS DETALHADO: Y hash only for =03D99F99B9F2079245699D59363E65E4236B45342E5619FE3E8920963C08ED04CA, type is LEAF, pos is 9
Jan 15, 2015 6:21:03 PM org.ccnx.ccn.profiles.sync.SyncTestRepo doHandleContentName
INFORMAÇÕES: Number 1: Callback for name: /ccnx.org/test/SyncTestRepo-15-01-15-18.20.23/ccnSyncTest/slice3/randomFile/=FD054B82F3B225/=0063 - number is 99
Jan 15, 2015 6:21:03 PM org.ccnx.ccn.impl.sync.SliceComparator doComparison
O MAIS DETALHADO: Y hash only for =03D99F99B9F2079245699D59363E65E4236B45342E5619FE3E8920963C08ED04CA, type is LEAF, pos is 10
Jan 15, 2015 6:21:03 PM org.ccnx.ccn.profiles.sync.SyncTestRepo doHandleContentName
INFORMAÇÕES: Number 1: Callback for name: /ccnx.org/test/SyncTestRepo-15-01-15-18.20.23/ccnSyncTest/slice3/randomFile/=FD054B82F3B225/%C1.META.M/.header/=FD054B82F3B36D/=00 - number is header
Jan 15, 2015 6:21:03 PM org.ccnx.ccn.impl.sync.SliceComparator updateCurrent
O MAIS DETALHADO: Starting update from hash %2FF7=E6EB966225D258A954B043A50BE6B83BF9F9178767374E5D84682466CE28
Jan 15, 2015 6:21:03 PM org.ccnx.ccn.impl.sync.SliceComparator updateCurrent
O MAIS DETALHADO: Update compare - moving to: =08EB3DFF6AC3FA572AE1FF33212936EFB7448A4CCFB9A7DB4A9F231E91682438DD
Jan 15, 2015 6:21:03 PM org.ccnx.ccn.impl.sync.SliceComparator updateCurrent
O MAIS DETALHADO: Update compare: name from tree (expanded) is /ccnx.org/test/SyncTestRepo-15-01-15-18.20.23/ccnSyncTest/slice3/randomFile/=FD054B82F3B225/=00/%CC6=27CD78FECD5D9D365054A2FA385E67AC9D17380C55A460FEEFAF0524BDD5, name  is /ccnx.org/test/SyncTestRepo-15-01-15-18.20.23/ccnSyncTest/slice3/randomFile/=FD054B82F3B225/=00/%CC6=27CD78FECD5D9D365054A2FA385E67AC9D17380C55A460FEEFAF0524BDD5, comp is 0
Jan 15, 2015 6:21:03 PM org.ccnx.ccn.impl.sync.SliceComparator updateCurrent
O MAIS DETALHADO: Update compare: name from tree (expanded) is /ccnx.org/test/SyncTestRepo-15-01-15-18.20.23/ccnSyncTest/slice3/randomFile/=FD054B82F3B225/=0001/=980384DC9615F2D5E4C166CE7CB1192F131D5B4585406C0784C0386155909569, name  is /ccnx.org/test/SyncTestRepo-15-01-15-18.20.23/ccnSyncTest/slice3/randomFile/=FD054B82F3B225/=0001/=980384DC9615F2D5E4C166CE7CB1192F131D5B4585406C0784C0386155909569, comp is 0
Jan 15, 2015 6:21:03 PM org.ccnx.ccn.impl.sync.SliceComparator updateCurrent
O MAIS DETALHADO: Update compare: name from tree (expanded) is /ccnx.org/test/SyncTestRepo-15-01-15-18.20.23/ccnSyncTest/slice3/randomFile/=FD054B82F3B225/=0002/=88A8466ED1BE7075D7A1598686C3002FB174F79713C6A0BCD674EB27C51F3C51, name  is /ccnx.org/test/SyncTestRepo-15-01-15-18.20.23/ccnSyncTest/slice3/randomFile/=FD054B82F3B225/=0002/=88A8466ED1BE7075D7A1598686C3002FB174F79713C6A0BCD674EB27C51F3C51, comp is 0
Jan 15, 2015 6:21:03 PM org.ccnx.ccn.impl.sync.SliceComparator updateCurrent
O MAIS DETALHADO: Update compare: name from tree (expanded) is /ccnx.org/test/SyncTestRepo-15-01-15-18.20.23/ccnSyncTest/slice3/randomFile/=FD054B82F3B225/=0003/=94A70AB4CD97564538C65B2D80CC7544D62675BE3AED6B9E14CEAF9D34982498, name  is /ccnx.org/test/SyncTestRepo-15-01-15-18.20.23/ccnSyncTest/slice3/randomFile/=FD054B82F3B225/=0003/=94A70AB4CD97564538C65B2D80CC7544D62675BE3AED6B9E14CEAF9D34982498, comp is 0
Jan 15, 2015 6:21:03 PM org.ccnx.ccn.impl.sync.SliceComparator updateCurrent
O MAIS DETALHADO: Update compare: name from tree (expanded) is /ccnx.org/test/SyncTestRepo-15-01-15-18.20.23/ccnSyncTest/slice3/randomFile/=FD054B82F3B225/=0004/=DC11764D84DD7EBD30D8BA82C0A1205F88A6F6CEE9DDDCA7DA9CDEA2452D494B, name  is /ccnx.org/test/SyncTestRepo-15-01-15-18.20.23/ccnSyncTest/slice3/randomFile/=FD054B82F3B225/=0004/=DC11764D84DD7EBD30D8BA82C0A1205F88A6F6CEE9DDDCA7DA9CDEA2452D494B, comp is 0
Jan 15, 2015 6:21:03 PM org.ccnx.ccn.impl.sync.SliceComparator updateCurrent
O MAIS DETALHADO: Update compare: name from tree (expanded) is /ccnx.org/test/SyncTestRepo-15-01-15-18.20.23/ccnSyncTest/slice3/randomFile/=FD054B82F3B225/=0005/=3BC5A371954B9EB2C7C3632CE381272604EEC49F0C50D58A180463CB2639B159, name  is /ccnx.org/test/SyncTestRepo-15-01-15-18.20.23/ccnSyncTest/slice3/randomFile/=FD054B82F3B225/=0005/=3BC5A371954B9EB2C7C3632CE381272604EEC49F0C50D58A180463CB2639B159, comp is 0
Jan 15, 2015 6:21:03 PM org.ccnx.ccn.impl.sync.SliceComparator updateCurrent
O MAIS DETALHADO: Update compare: name from tree (expanded) is /ccnx.org/test/SyncTestRepo-15-01-15-18.20.23/ccnSyncTest/slice3/randomFile/=FD054B82F3B225/=0006/mf=F1FEC1E25D565EA5C9E82692E8ABEA8C72FC2179A8A1F9A262A2ABD4F721, name  is /ccnx.org/test/SyncTestRepo-15-01-15-18.20.23/ccnSyncTest/slice3/randomFile/=FD054B82F3B225/=0006/mf=F1FEC1E25D565EA5C9E82692E8ABEA8C72FC2179A8A1F9A262A2ABD4F721, comp is 0
Jan 15, 2015 6:21:03 PM org.ccnx.ccn.impl.sync.SliceComparator updateCurrent
O MAIS DETALHADO: Update compare: name from tree (expanded) is /ccnx.org/test/SyncTestRepo-15-01-15-18.20.23/ccnSyncTest/slice3/randomFile/=FD054B82F3B225/=0007/1uh=3D8316B883D9C79A9E29A13CDC217A6B112C23DC00A14BCE2415F083C3, name  is /ccnx.org/test/SyncTestRepo-15-01-15-18.20.23/ccnSyncTest/slice3/randomFile/=FD054B82F3B225/=0007/1uh=3D8316B883D9C79A9E29A13CDC217A6B112C23DC00A14BCE2415F083C3, comp is 0
Jan 15, 2015 6:21:03 PM org.ccnx.ccn.impl.sync.SliceComparator updateCurrent
O MAIS DETALHADO: Update compare: name from tree (expanded) is /ccnx.org/test/SyncTestRepo-15-01-15-18.20.23/ccnSyncTest/slice3/randomFile/=FD054B82F3B225/=0008/=A8B512520A2EFD07ACBE2564AA6DD9AF42667BD4913854A161DB3A03E89862A4, name  is /ccnx.org/test/SyncTestRepo-15-01-15-18.20.23/ccnSyncTest/slice3/randomFile/=FD054B82F3B225/=0008/=A8B512520A2EFD07ACBE2564AA6DD9AF42667BD4913854A161DB3A03E89862A4, comp is 0
Jan 15, 2015 6:21:03 PM org.ccnx.ccn.impl.sync.SliceComparator updateCurrent
O MAIS DETALHADO: Update compare: name from tree (expanded) is /ccnx.org/test/SyncTestRepo-15-01-15-18.20.23/ccnSyncTest/slice3/randomFile/=FD054B82F3B225/=0009/g4=F0A9039D8866FEAB5AA66E05D611283DEF54B5B320D65A190B048A9C3D71, name  is /ccnx.org/test/SyncTestRepo-15-01-15-18.20.23/ccnSyncTest/slice3/randomFile/=FD054B82F3B225/=0009/g4=F0A9039D8866FEAB5AA66E05D611283DEF54B5B320D65A190B048A9C3D71, comp is 0
Jan 15, 2015 6:21:03 PM org.ccnx.ccn.impl.sync.SliceComparator updateCurrent
O MAIS DETALHADO: Update compare: name from tree (expanded) is /ccnx.org/test/SyncTestRepo-15-01-15-18.20.23/ccnSyncTest/slice3/randomFile/=FD054B82F3B225/=000A/%1AV%ADd=838633E683F6EAB2DA3137D7F3C378F09305BA07DDA43EAEFA607E54, name  is /ccnx.org/test/SyncTestRepo-15-01-15-18.20.23/ccnSyncTest/slice3/randomFile/=FD054B82F3B225/=000A/%1AV%ADd=838633E683F6EAB2DA3137D7F3C378F09305BA07DDA43EAEFA607E54, comp is 0
Jan 15, 2015 6:21:03 PM org.ccnx.ccn.impl.sync.SliceComparator updateCurrent
O MAIS DETALHADO: Update compare: name from tree (expanded) is /ccnx.org/test/SyncTestRepo-15-01-15-18.20.23/ccnSyncTest/slice3/randomFile/=FD054B82F3B225/=000B/=CF988588E9832BD17CADB8117C6088F19B532A4EA6E7BD749C00D99728F5DC5B, name  is /ccnx.org/test/SyncTestRepo-15-01-15-18.20.23/ccnSyncTest/slice3/randomFile/=FD054B82F3B225/=000B/=CF988588E9832BD17CADB8117C6088F19B532A4EA6E7BD749C00D99728F5DC5B, comp is 0
Jan 15, 2015 6:21:03 PM org.ccnx.ccn.impl.sync.SliceComparator updateCurrent
O MAIS DETALHADO: Update compare: name from tree (expanded) is /ccnx.org/test/SyncTestRepo-15-01-15-18.20.23/ccnSyncTest/slice3/randomFile/=FD054B82F3B225/=000C/B=A10A24FD86B0C333A8CB178EE3D49500E943C679ADB1C80C5BE31CDEC7CC58, name  is /ccnx.org/test/SyncTestRepo-15-01-15-18.20.23/ccnSyncTest/slice3/randomFile/=FD054B82F3B225/=000C/B=A10A24FD86B0C333A8CB178EE3D49500E943C679ADB1C80C5BE31CDEC7CC58, comp is 0
Jan 15, 2015 6:21:03 PM org.ccnx.ccn.impl.sync.SliceComparator updateCurrent
O MAIS DETALHADO: Update compare: name from tree (expanded) is /ccnx.org/test/SyncTestRepo-15-01-15-18.20.23/ccnSyncTest/slice3/randomFile/=FD054B82F3B225/=000D/=A0E2FEEC35F2407A9EE6BF0BE076AAC09D35BD2FC37184753337055506FB0C61, name  is /ccnx.org/test/SyncTestRepo-15-01-15-18.20.23/ccnSyncTest/slice3/randomFile/=FD054B82F3B225/=000D/=A0E2FEEC35F2407A9EE6BF0BE076AAC09D35BD2FC37184753337055506FB0C61, comp is 0
Jan 15, 2015 6:21:03 PM org.ccnx.ccn.impl.sync.SliceComparator updateCurrent
O MAIS DETALHADO: Update compare: name from tree (expanded) is /ccnx.org/test/SyncTestRepo-15-01-15-18.20.23/ccnSyncTest/slice3/randomFile/=FD054B82F3B225/=000E/=A71893C60F4DB0A70805DB17AC57A90F3F78B73CBC4AF105E75C2B3933A1466C, name  is /ccnx.org/test/SyncTestRepo-15-01-15-18.20.23/ccnSyncTest/slice3/randomFile/=FD054B82F3B225/=000E/=A71893C60F4DB0A70805DB17AC57A90F3F78B73CBC4AF105E75C2B3933A1466C, comp is 0
Jan 15, 2015 6:21:03 PM org.ccnx.ccn.impl.sync.SliceComparator updateCurrent
O MAIS DETALHADO: Update compare: name from tree (expanded) is /ccnx.org/test/SyncTestRepo-15-01-15-18.20.23/ccnSyncTest/slice3/randomFile/=FD054B82F3B225/=000F/=008424A0581C122A00CF58EAB2EB04B704BF676AF9E3B2BCAEDE43E3CD1D4514, name  is /ccnx.org/test/SyncTestRepo-15-01-15-18.20.23/ccnSyncTest/slice3/randomFile/=FD054B82F3B225/=000F/=008424A0581C122A00CF58EAB2EB04B704BF676AF9E3B2BCAEDE43E3CD1D4514, comp is 0
Jan 15, 2015 6:21:03 PM org.ccnx.ccn.impl.sync.SliceComparator updateCurrent
O MAIS DETALHADO: Update compare: name from tree (expanded) is /ccnx.org/test/SyncTestRepo-15-01-15-18.20.23/ccnSyncTest/slice3/randomFile/=FD054B82F3B225/=0010/%9505%C4q=E3902CAF6C67D4E7F1EAD87D7A56C9E850685609A59CC9370D718D, name  is /ccnx.org/test/SyncTestRepo-15-01-15-18.20.23/ccnSyncTest/slice3/randomFile/=FD054B82F3B225/=0010/%9505%C4q=E3902CAF6C67D4E7F1EAD87D7A56C9E850685609A59CC9370D718D, comp is 0
Jan 15, 2015 6:21:03 PM org.ccnx.ccn.impl.sync.SliceComparator updateCurrent
O MAIS DETALHADO: Update compare: name from tree (expanded) is /ccnx.org/test/SyncTestRepo-15-01-15-18.20.23/ccnSyncTest/slice3/randomFile/=FD054B82F3B225/=0011/=2720D6C81595CE69B52644BF2912454A660DCA724598F052CF243107D9AE0986, name  is /ccnx.org/test/SyncTestRepo-15-01-15-18.20.23/ccnSyncTest/slice3/randomFile/=FD054B82F3B225/=0011/=2720D6C81595CE69B52644BF2912454A660DCA724598F052CF243107D9AE0986, comp is 0
Jan 15, 2015 6:21:03 PM org.ccnx.ccn.impl.sync.SliceComparator updateCurrent
O MAIS DETALHADO: Update compare: name from tree (expanded) is /ccnx.org/test/SyncTestRepo-15-01-15-18.20.23/ccnSyncTest/slice3/randomFile/=FD054B82F3B225/=0012/q=B689B5193BA5263290B78ABEFEEDDEE8EDFE5FC7CAB6D25C6065D958C3351E, name  is /ccnx.org/test/SyncTestRepo-15-01-15-18.20.23/ccnSyncTest/slice3/randomFile/=FD054B82F3B225/=0012/q=B689B5193BA5263290B78ABEFEEDDEE8EDFE5FC7CAB6D25C6065D958C3351E, comp is 0
Jan 15, 2015 6:21:03 PM org.ccnx.ccn.impl.sync.SliceComparator updateCurrent
O MAIS DETALHADO: Update compare - moving to: %0Cd=27F202B76EE65F4C8504D00EFB5DC8E36B6F289DECA7879E8CD492202F5D75
Jan 15, 2015 6:21:03 PM org.ccnx.ccn.impl.sync.SliceComparator updateCurrent
O MAIS DETALHADO: Update compare: name from tree (expanded) is /ccnx.org/test/SyncTestRepo-15-01-15-18.20.23/ccnSyncTest/slice3/randomFile/=FD054B82F3B225/=0013/=1AB9016F16D242AFBD03B2A2BC1973313D2C36A417F8C0EA9301C28E8471B0F9, name  is /ccnx.org/test/SyncTestRepo-15-01-15-18.20.23/ccnSyncTest/slice3/randomFile/=FD054B82F3B225/=0013/=1AB9016F16D242AFBD03B2A2BC1973313D2C36A417F8C0EA9301C28E8471B0F9, comp is 0
Jan 15, 2015 6:21:03 PM org.ccnx.ccn.impl.sync.SliceComparator updateCurrent
O MAIS DETALHADO: Update compare: name from tree (expanded) is /ccnx.org/test/SyncTestRepo-15-01-15-18.20.23/ccnSyncTest/slice3/randomFile/=FD054B82F3B225/=0014/%9D2=C5CD43326FD85A1A7DCA9E90337124B3E041BB3CE645816074E2FFCC68DC, name  is /ccnx.org/test/SyncTestRepo-15-01-15-18.20.23/ccnSyncTest/slice3/randomFile/=FD054B82F3B225/=0014/%9D2=C5CD43326FD85A1A7DCA9E90337124B3E041BB3CE645816074E2FFCC68DC, comp is 0
Jan 15, 2015 6:21:03 PM org.ccnx.ccn.impl.sync.SliceComparator updateCurrent
O MAIS DETALHADO: Update compare: name from tree (expanded) is /ccnx.org/test/SyncTestRepo-15-01-15-18.20.23/ccnSyncTest/slice3/randomFile/=FD054B82F3B225/=0015/=14095FC70B876F9B679C36AA96E5B996DFA920DD8276AEF4154398E264EFA678, name  is /ccnx.org/test/SyncTestRepo-15-01-15-18.20.23/ccnSyncTest/slice3/randomFile/=FD054B82F3B225/=0015/=14095FC70B876F9B679C36AA96E5B996DFA920DD8276AEF4154398E264EFA678, comp is 0
Jan 15, 2015 6:21:03 PM org.ccnx.ccn.impl.sync.SliceComparator updateCurrent
O MAIS DETALHADO: Update compare: name from tree (expanded) is /ccnx.org/test/SyncTestRepo-15-01-15-18.20.23/ccnSyncTest/slice3/randomFile/=FD054B82F3B225/=0016/eE=0B0D3F72B6F629547E4A6B3D0AAD5AA17B6B027539C145E174D760DEAFA9, name  is /ccnx.org/test/SyncTestRepo-15-01-15-18.20.23/ccnSyncTest/slice3/randomFile/=FD054B82F3B225/=0016/eE=0B0D3F72B6F629547E4A6B3D0AAD5AA17B6B027539C145E174D760DEAFA9, comp is 0
Jan 15, 2015 6:21:03 PM org.ccnx.ccn.impl.sync.SliceComparator updateCurrent
O MAIS DETALHADO: Update compare: name from tree (expanded) is /ccnx.org/test/SyncTestRepo-15-01-15-18.20.23/ccnSyncTest/slice3/randomFile/=FD054B82F3B225/=0017/=1F90FBFBE5F148AB857E8FB2E8098BD55BE801E19D5FA5FDC98C02CD3C85A041, name  is /ccnx.org/test/SyncTestRepo-15-01-15-18.20.23/ccnSyncTest/slice3/randomFile/=FD054B82F3B225/=0017/=1F90FBFBE5F148AB857E8FB2E8098BD55BE801E19D5FA5FDC98C02CD3C85A041, comp is 0
Jan 15, 2015 6:21:03 PM org.ccnx.ccn.impl.sync.SliceComparator updateCurrent
O MAIS DETALHADO: Update compare: name from tree (expanded) is /ccnx.org/test/SyncTestRepo-15-01-15-18.20.23/ccnSyncTest/slice3/randomFile/=FD054B82F3B225/=0018/=A48926381026563E7C56D3EAF6299A75CBF22EE78E0C4AA6EA9849727A0D8430, name  is /ccnx.org/test/SyncTestRepo-15-01-15-18.20.23/ccnSyncTest/slice3/randomFile/=FD054B82F3B225/=0018/=A48926381026563E7C56D3EAF6299A75CBF22EE78E0C4AA6EA9849727A0D8430, comp is 0
Jan 15, 2015 6:21:03 PM org.ccnx.ccn.impl.sync.SliceComparator updateCurrent
O MAIS DETALHADO: Update compare: name from tree (expanded) is /ccnx.org/test/SyncTestRepo-15-01-15-18.20.23/ccnSyncTest/slice3/randomFile/=FD054B82F3B225/=0019/=27ABF208B9612945275AA9798D226B41F95C1D3F71F309B6C29673383FDF30F9, name  is /ccnx.org/test/SyncTestRepo-15-01-15-18.20.23/ccnSyncTest/slice3/randomFile/=FD054B82F3B225/=0019/=27ABF208B9612945275AA9798D226B41F95C1D3F71F309B6C29673383FDF30F9, comp is 0
Jan 15, 2015 6:21:03 PM org.ccnx.ccn.impl.sync.SliceComparator updateCurrent
O MAIS DETALHADO: Update compare: name from tree (expanded) is /ccnx.org/test/SyncTestRepo-15-01-15-18.20.23/ccnSyncTest/slice3/randomFile/=FD054B82F3B225/=001A/=A2986FD6621AD58C40B05A0EF84BA2D5A10B1E6BA05E86BD1CAC0E0D14792023, name  is /ccnx.org/test/SyncTestRepo-15-01-15-18.20.23/ccnSyncTest/slice3/randomFile/=FD054B82F3B225/=001A/=A2986FD6621AD58C40B05A0EF84BA2D5A10B1E6BA05E86BD1CAC0E0D14792023, comp is 0
Jan 15, 2015 6:21:03 PM org.ccnx.ccn.impl.sync.SliceComparator updateCurrent
O MAIS DETALHADO: Update compare: name from tree (expanded) is /ccnx.org/test/SyncTestRepo-15-01-15-18.20.23/ccnSyncTest/slice3/randomFile/=FD054B82F3B225/=001B/=CF0C9114FB41CF1C7061FDF131D717B24B42318FAD52473F8F1C3CC0D6C3B77B, name  is /ccnx.org/test/SyncTestRepo-15-01-15-18.20.23/ccnSyncTest/slice3/randomFile/=FD054B82F3B225/=001B/=CF0C9114FB41CF1C7061FDF131D717B24B42318FAD52473F8F1C3CC0D6C3B77B, comp is 0
Jan 15, 2015 6:21:03 PM org.ccnx.ccn.impl.sync.SliceComparator updateCurrent
O MAIS DETALHADO: Update compare: name from tree (expanded) is /ccnx.org/test/SyncTestRepo-15-01-15-18.20.23/ccnSyncTest/slice3/randomFile/=FD054B82F3B225/=001C/%CD-%8EY=02FBD5D231C259DBE6687633F0A981FD26E2B82B7E05F0D43CD68951, name  is /ccnx.org/test/SyncTestRepo-15-01-15-18.20.23/ccnSyncTest/slice3/randomFile/=FD054B82F3B225/=001C/%CD-%8EY=02FBD5D231C259DBE6687633F0A981FD26E2B82B7E05F0D43CD68951, comp is 0
Jan 15, 2015 6:21:03 PM org.ccnx.ccn.impl.sync.SliceComparator updateCurrent
O MAIS DETALHADO: Update compare: name from tree (expanded) is /ccnx.org/test/SyncTestRepo-15-01-15-18.20.23/ccnSyncTest/slice3/randomFile/=FD054B82F3B225/=001D/=2B7B31B4A165E03951D5E8C3C0D1127E14C2EB836B882DE9BAE66880ECBAA676, name  is /ccnx.org/test/SyncTestRepo-15-01-15-18.20.23/ccnSyncTest/slice3/randomFile/=FD054B82F3B225/=001D/=2B7B31B4A165E03951D5E8C3C0D1127E14C2EB836B882DE9BAE66880ECBAA676, comp is 0
Jan 15, 2015 6:21:03 PM org.ccnx.ccn.impl.sync.SliceComparator updateCurrent
O MAIS DETALHADO: Update compare: name from tree (expanded) is /ccnx.org/test/SyncTestRepo-15-01-15-18.20.23/ccnSyncTest/slice3/randomFile/=FD054B82F3B225/=001E/=C312B5437A58097FD3D4904614891E810AB7B7DD03508EEFEBB6CD7D9ACA195A, name  is /ccnx.org/test/SyncTestRepo-15-01-15-18.20.23/ccnSyncTest/slice3/randomFile/=FD054B82F3B225/=001E/=C312B5437A58097FD3D4904614891E810AB7B7DD03508EEFEBB6CD7D9ACA195A, comp is 0
Jan 15, 2015 6:21:03 PM org.ccnx.ccn.impl.sync.SliceComparator updateCurrent
O MAIS DETALHADO: Update compare: name from tree (expanded) is /ccnx.org/test/SyncTestRepo-15-01-15-18.20.23/ccnSyncTest/slice3/randomFile/=FD054B82F3B225/=001F/=D221FE0D0E0063D52631E46D619DC80E755AA4286552193419A97713E0DEB45F, name  is /ccnx.org/test/SyncTestRepo-15-01-15-18.20.23/ccnSyncTest/slice3/randomFile/=FD054B82F3B225/=001F/=D221FE0D0E0063D52631E46D619DC80E755AA4286552193419A97713E0DEB45F, comp is 0
Jan 15, 2015 6:21:03 PM org.ccnx.ccn.impl.sync.SliceComparator updateCurrent
O MAIS DETALHADO: Update compare: name from tree (expanded) is /ccnx.org/test/SyncTestRepo-15-01-15-18.20.23/ccnSyncTest/slice3/randomFile/=FD054B82F3B225/=0020/=8AE1E12C749CBB97E501357923981E2E84D443ED822497C1F5BA9F545B66B160, name  is /ccnx.org/test/SyncTestRepo-15-01-15-18.20.23/ccnSyncTest/slice3/randomFile/=FD054B82F3B225/=0020/=8AE1E12C749CBB97E501357923981E2E84D443ED822497C1F5BA9F545B66B160, comp is 0
Jan 15, 2015 6:21:03 PM org.ccnx.ccn.impl.sync.SliceComparator updateCurrent
O MAIS DETALHADO: Update compare: name from tree (expanded) is /ccnx.org/test/SyncTestRepo-15-01-15-18.20.23/ccnSyncTest/slice3/randomFile/=FD054B82F3B225/=0021/=5D2BFDFB9C073632DB74DC3DAE32671B1066106D71C48DF45591006FC6420DB7, name  is /ccnx.org/test/SyncTestRepo-15-01-15-18.20.23/ccnSyncTest/slice3/randomFile/=FD054B82F3B225/=0021/=5D2BFDFB9C073632DB74DC3DAE32671B1066106D71C48DF45591006FC6420DB7, comp is 0
Jan 15, 2015 6:21:03 PM org.ccnx.ccn.impl.sync.SliceComparator updateCurrent
O MAIS DETALHADO: Update compare: name from tree (expanded) is /ccnx.org/test/SyncTestRepo-15-01-15-18.20.23/ccnSyncTest/slice3/randomFile/=FD054B82F3B225/=0022/=F3FF8DAE0E38A26A01632527D929DA36DC188B4072295C1B50CDED27E663F9B3, name  is /ccnx.org/test/SyncTestRepo-15-01-15-18.20.23/ccnSyncTest/slice3/randomFile/=FD054B82F3B225/=0022/=F3FF8DAE0E38A26A01632527D929DA36DC188B4072295C1B50CDED27E663F9B3, comp is 0
Jan 15, 2015 6:21:03 PM org.ccnx.ccn.impl.sync.SliceComparator updateCurrent
O MAIS DETALHADO: Update compare: name from tree (expanded) is /ccnx.org/test/SyncTestRepo-15-01-15-18.20.23/ccnSyncTest/slice3/randomFile/=FD054B82F3B225/=0023/=E628A3B6E6AE5B45CBC95AC2127F811C408A669F0194850E1F9CFD85C75B4C16, name  is /ccnx.org/test/SyncTestRepo-15-01-15-18.20.23/ccnSyncTest/slice3/randomFile/=FD054B82F3B225/=0023/=E628A3B6E6AE5B45CBC95AC2127F811C408A669F0194850E1F9CFD85C75B4C16, comp is 0
Jan 15, 2015 6:21:03 PM org.ccnx.ccn.impl.sync.SliceComparator updateCurrent
O MAIS DETALHADO: Update compare: name from tree (expanded) is /ccnx.org/test/SyncTestRepo-15-01-15-18.20.23/ccnSyncTest/slice3/randomFile/=FD054B82F3B225/=0024/=FA9C4877A83361F839789D67773010F59292191AFB7B3EDF32F8D9849A025781, name  is /ccnx.org/test/SyncTestRepo-15-01-15-18.20.23/ccnSyncTest/slice3/randomFile/=FD054B82F3B225/=0024/=FA9C4877A83361F839789D67773010F59292191AFB7B3EDF32F8D9849A025781, comp is 0
Jan 15, 2015 6:21:03 PM org.ccnx.ccn.impl.sync.SliceComparator updateCurrent
O MAIS DETALHADO: Update compare: name from tree (expanded) is /ccnx.org/test/SyncTestRepo-15-01-15-18.20.23/ccnSyncTest/slice3/randomFile/=FD054B82F3B225/=0025/=91D0AB7C6814778BF151E5427E040633B98457C767ECB521CA649B081D8FD1B0, name  is /ccnx.org/test/SyncTestRepo-15-01-15-18.20.23/ccnSyncTest/slice3/randomFile/=FD054B82F3B225/=0025/=91D0AB7C6814778BF151E5427E040633B98457C767ECB521CA649B081D8FD1B0, comp is 0
Jan 15, 2015 6:21:03 PM org.ccnx.ccn.impl.sync.SliceComparator updateCurrent
O MAIS DETALHADO: Update compare: name from tree (expanded) is /ccnx.org/test/SyncTestRepo-15-01-15-18.20.23/ccnSyncTest/slice3/randomFile/=FD054B82F3B225/=0026/=5CD591DB3624400724B2A8C42FB652D2F1E17390745AF9A78DEAA445F1B2CD39, name  is /ccnx.org/test/SyncTestRepo-15-01-15-18.20.23/ccnSyncTest/slice3/randomFile/=FD054B82F3B225/=0026/=5CD591DB3624400724B2A8C42FB652D2F1E17390745AF9A78DEAA445F1B2CD39, comp is 0
Jan 15, 2015 6:21:03 PM org.ccnx.ccn.impl.sync.SliceComparator updateCurrent
O MAIS DETALHADO: Update compare: name from tree (expanded) is /ccnx.org/test/SyncTestRepo-15-01-15-18.20.23/ccnSyncTest/slice3/randomFile/=FD054B82F3B225/=0027/=D8BEE7F1F845EAF54435435E8E630A1A33C70063952DC88FC29C6F8BD7BCA55E, name  is /ccnx.org/test/SyncTestRepo-15-01-15-18.20.23/ccnSyncTest/slice3/randomFile/=FD054B82F3B225/=0027/=D8BEE7F1F845EAF54435435E8E630A1A33C70063952DC88FC29C6F8BD7BCA55E, comp is 0
Jan 15, 2015 6:21:03 PM org.ccnx.ccn.impl.sync.SliceComparator updateCurrent
O MAIS DETALHADO: Update compare: name from tree (expanded) is /ccnx.org/test/SyncTestRepo-15-01-15-18.20.23/ccnSyncTest/slice3/randomFile/=FD054B82F3B225/=0028/=9B23586281E096F4326E4917D9770EA43AFFBD71D712D26E2BD1274FA8872466, name  is /ccnx.org/test/SyncTestRepo-15-01-15-18.20.23/ccnSyncTest/slice3/randomFile/=FD054B82F3B225/=0028/=9B23586281E096F4326E4917D9770EA43AFFBD71D712D26E2BD1274FA8872466, comp is 0
Jan 15, 2015 6:21:03 PM org.ccnx.ccn.impl.sync.SliceComparator updateCurrent
O MAIS DETALHADO: Update compare: name from tree (expanded) is /ccnx.org/test/SyncTestRepo-15-01-15-18.20.23/ccnSyncTest/slice3/randomFile/=FD054B82F3B225/=0029/%28J=60BB12C2F21DF8D1B97DB51DD43455A26BEDB403318A98C9AD1A5648FDE9, name  is /ccnx.org/test/SyncTestRepo-15-01-15-18.20.23/ccnSyncTest/slice3/randomFile/=FD054B82F3B225/=0029/%28J=60BB12C2F21DF8D1B97DB51DD43455A26BEDB403318A98C9AD1A5648FDE9, comp is 0
Jan 15, 2015 6:21:03 PM org.ccnx.ccn.impl.sync.SliceComparator updateCurrent
O MAIS DETALHADO: Update compare - moving to: =06AAFE3238877423DEC41C535CCB730062EFF2A01E156513FFE4DB792A75F90D02
Jan 15, 2015 6:21:03 PM org.ccnx.ccn.impl.sync.SliceComparator updateCurrent
O MAIS DETALHADO: Update compare: name from tree (expanded) is /ccnx.org/test/SyncTestRepo-15-01-15-18.20.23/ccnSyncTest/slice3/randomFile/=FD054B82F3B225/=002A/BF=B6406916D6533E0F75EF315C6EA8667FA171BB83F3485EDF10CF30522F5C, name  is /ccnx.org/test/SyncTestRepo-15-01-15-18.20.23/ccnSyncTest/slice3/randomFile/=FD054B82F3B225/=002A/BF=B6406916D6533E0F75EF315C6EA8667FA171BB83F3485EDF10CF30522F5C, comp is 0
Jan 15, 2015 6:21:03 PM org.ccnx.ccn.impl.sync.SliceComparator updateCurrent
O MAIS DETALHADO: Update compare: name from tree (expanded) is /ccnx.org/test/SyncTestRepo-15-01-15-18.20.23/ccnSyncTest/slice3/randomFile/=FD054B82F3B225/=002B/Q=B41C992ADB5E506E56761F31415459092636B21BA7C0F512F57E6997E7C180, name  is /ccnx.org/test/SyncTestRepo-15-01-15-18.20.23/ccnSyncTest/slice3/randomFile/=FD054B82F3B225/=002B/Q=B41C992ADB5E506E56761F31415459092636B21BA7C0F512F57E6997E7C180, comp is 0
Jan 15, 2015 6:21:03 PM org.ccnx.ccn.impl.sync.SliceComparator updateCurrent
O MAIS DETALHADO: Update compare: name from tree (expanded) is /ccnx.org/test/SyncTestRepo-15-01-15-18.20.23/ccnSyncTest/slice3/randomFile/=FD054B82F3B225/=002C/=0DEA15EEB7624D141CDE9E54FED395CADA185F1D5D15B8C75926FBF2C7CDE823, name  is /ccnx.org/test/SyncTestRepo-15-01-15-18.20.23/ccnSyncTest/slice3/randomFile/=FD054B82F3B225/=002C/=0DEA15EEB7624D141CDE9E54FED395CADA185F1D5D15B8C75926FBF2C7CDE823, comp is 0
Jan 15, 2015 6:21:03 PM org.ccnx.ccn.impl.sync.SliceComparator updateCurrent
O MAIS DETALHADO: Update compare: name from tree (expanded) is /ccnx.org/test/SyncTestRepo-15-01-15-18.20.23/ccnSyncTest/slice3/randomFile/=FD054B82F3B225/=002D/=279CAF47FBCD3E3D0CDC108EDE5B8018EA10061E7B27785C4CF819C04991B8AE, name  is /ccnx.org/test/SyncTestRepo-15-01-15-18.20.23/ccnSyncTest/slice3/randomFile/=FD054B82F3B225/=002D/=279CAF47FBCD3E3D0CDC108EDE5B8018EA10061E7B27785C4CF819C04991B8AE, comp is 0
Jan 15, 2015 6:21:03 PM org.ccnx.ccn.impl.sync.SliceComparator updateCurrent
O MAIS DETALHADO: Update compare: name from tree (expanded) is /ccnx.org/test/SyncTestRepo-15-01-15-18.20.23/ccnSyncTest/slice3/randomFile/=FD054B82F3B225/=002E/Wt%9Dt=01EF141B391ABE391A8AB9AA7E6BFDB8068202119D17F81A9A46F7C2, name  is /ccnx.org/test/SyncTestRepo-15-01-15-18.20.23/ccnSyncTest/slice3/randomFile/=FD054B82F3B225/=002E/Wt%9Dt=01EF141B391ABE391A8AB9AA7E6BFDB8068202119D17F81A9A46F7C2, comp is 0
Jan 15, 2015 6:21:03 PM org.ccnx.ccn.impl.sync.SliceComparator updateCurrent
O MAIS DETALHADO: Update compare: name from tree (expanded) is /ccnx.org/test/SyncTestRepo-15-01-15-18.20.23/ccnSyncTest/slice3/randomFile/=FD054B82F3B225/=002F/Wp=C1E82C750F6A8AE8BE6C72653EAF2667C65E2FBB6DAB2A56C505633E97D1, name  is /ccnx.org/test/SyncTestRepo-15-01-15-18.20.23/ccnSyncTest/slice3/randomFile/=FD054B82F3B225/=002F/Wp=C1E82C750F6A8AE8BE6C72653EAF2667C65E2FBB6DAB2A56C505633E97D1, comp is 0
Jan 15, 2015 6:21:03 PM org.ccnx.ccn.impl.sync.SliceComparator updateCurrent
O MAIS DETALHADO: Update compare: name from tree (expanded) is /ccnx.org/test/SyncTestRepo-15-01-15-18.20.23/ccnSyncTest/slice3/randomFile/=FD054B82F3B225/=0030/=0A21C5DC88EA905BFC12606AC45A91BEA45B0A2E6537B961785536197906F919, name  is /ccnx.org/test/SyncTestRepo-15-01-15-18.20.23/ccnSyncTest/slice3/randomFile/=FD054B82F3B225/=0030/=0A21C5DC88EA905BFC12606AC45A91BEA45B0A2E6537B961785536197906F919, comp is 0
Jan 15, 2015 6:21:03 PM org.ccnx.ccn.impl.sync.SliceComparator updateCurrent
O MAIS DETALHADO: Update compare: name from tree (expanded) is /ccnx.org/test/SyncTestRepo-15-01-15-18.20.23/ccnSyncTest/slice3/randomFile/=FD054B82F3B225/=0031/=FD8B521DE56AE0B3FC12501B1CDA570CB9202FEFBD2532F14B1812AC9A572EEC, name  is /ccnx.org/test/SyncTestRepo-15-01-15-18.20.23/ccnSyncTest/slice3/randomFile/=FD054B82F3B225/=0031/=FD8B521DE56AE0B3FC12501B1CDA570CB9202FEFBD2532F14B1812AC9A572EEC, comp is 0
Jan 15, 2015 6:21:03 PM org.ccnx.ccn.impl.sync.SliceComparator updateCurrent
O MAIS DETALHADO: Update compare: name from tree (expanded) is /ccnx.org/test/SyncTestRepo-15-01-15-18.20.23/ccnSyncTest/slice3/randomFile/=FD054B82F3B225/=0032/P=1AC34721DE5B585502733099E53CDEB949ECEBBF772F6EE408ED271FBD907F, name  is /ccnx.org/test/SyncTestRepo-15-01-15-18.20.23/ccnSyncTest/slice3/randomFile/=FD054B82F3B225/=0032/P=1AC34721DE5B585502733099E53CDEB949ECEBBF772F6EE408ED271FBD907F, comp is 0
Jan 15, 2015 6:21:03 PM org.ccnx.ccn.impl.sync.SliceComparator updateCurrent
O MAIS DETALHADO: Update compare: name from tree (expanded) is /ccnx.org/test/SyncTestRepo-15-01-15-18.20.23/ccnSyncTest/slice3/randomFile/=FD054B82F3B225/=0033/=ECE814B0586B585E313C5B9D8C8AA833B11516123F84918047229A515F57712D, name  is /ccnx.org/test/SyncTestRepo-15-01-15-18.20.23/ccnSyncTest/slice3/randomFile/=FD054B82F3B225/=0033/=ECE814B0586B585E313C5B9D8C8AA833B11516123F84918047229A515F57712D, comp is 0
Jan 15, 2015 6:21:03 PM org.ccnx.ccn.impl.sync.SliceComparator updateCurrent
O MAIS DETALHADO: Update compare: name from tree (expanded) is /ccnx.org/test/SyncTestRepo-15-01-15-18.20.23/ccnSyncTest/slice3/randomFile/=FD054B82F3B225/=0034/%06ts=E7DEA30CA86A0EC1E2F2C6DCACA0E3234288C48E874DBC90E73C07C618, name  is /ccnx.org/test/SyncTestRepo-15-01-15-18.20.23/ccnSyncTest/slice3/randomFile/=FD054B82F3B225/=0034/%06ts=E7DEA30CA86A0EC1E2F2C6DCACA0E3234288C48E874DBC90E73C07C618, comp is 0
Jan 15, 2015 6:21:03 PM org.ccnx.ccn.impl.sync.SliceComparator updateCurrent
O MAIS DETALHADO: Update compare: name from tree (expanded) is /ccnx.org/test/SyncTestRepo-15-01-15-18.20.23/ccnSyncTest/slice3/randomFile/=FD054B82F3B225/=0035/=EFB82E524CE55ED22BEA65E6225C887896EAA9EF94E539B05BA69D77BE900BBA, name  is /ccnx.org/test/SyncTestRepo-15-01-15-18.20.23/ccnSyncTest/slice3/randomFile/=FD054B82F3B225/=0035/=EFB82E524CE55ED22BEA65E6225C887896EAA9EF94E539B05BA69D77BE900BBA, comp is 0
Jan 15, 2015 6:21:03 PM org.ccnx.ccn.impl.sync.SliceComparator updateCurrent
O MAIS DETALHADO: Update compare: name from tree (expanded) is /ccnx.org/test/SyncTestRepo-15-01-15-18.20.23/ccnSyncTest/slice3/randomFile/=FD054B82F3B225/=0036/=CCF4A35F92459E281FC699341BA90E264E5BDAE4215790D691C59EA7E6AF1780, name  is /ccnx.org/test/SyncTestRepo-15-01-15-18.20.23/ccnSyncTest/slice3/randomFile/=FD054B82F3B225/=0036/=CCF4A35F92459E281FC699341BA90E264E5BDAE4215790D691C59EA7E6AF1780, comp is 0
Jan 15, 2015 6:21:03 PM org.ccnx.ccn.impl.sync.SliceComparator updateCurrent
O MAIS DETALHADO: Update compare: name from tree (expanded) is /ccnx.org/test/SyncTestRepo-15-01-15-18.20.23/ccnSyncTest/slice3/randomFile/=FD054B82F3B225/=0037/%E1k%C5Q=A7D286DBAC8D49BB6D2159AD4467DCC572CE996794E72D486CDE840A, name  is /ccnx.org/test/SyncTestRepo-15-01-15-18.20.23/ccnSyncTest/slice3/randomFile/=FD054B82F3B225/=0037/%E1k%C5Q=A7D286DBAC8D49BB6D2159AD4467DCC572CE996794E72D486CDE840A, comp is 0
Jan 15, 2015 6:21:03 PM org.ccnx.ccn.impl.sync.SliceComparator updateCurrent
O MAIS DETALHADO: Update compare: name from tree (expanded) is /ccnx.org/test/SyncTestRepo-15-01-15-18.20.23/ccnSyncTest/slice3/randomFile/=FD054B82F3B225/=0038/%3B0%D8Bi%AE1=7FA506CFD79F2C74D106D38867A0EF7AB3535A6AAE11002A41, name  is /ccnx.org/test/SyncTestRepo-15-01-15-18.20.23/ccnSyncTest/slice3/randomFile/=FD054B82F3B225/=0038/%3B0%D8Bi%AE1=7FA506CFD79F2C74D106D38867A0EF7AB3535A6AAE11002A41, comp is 0
Jan 15, 2015 6:21:03 PM org.ccnx.ccn.impl.sync.SliceComparator updateCurrent
O MAIS DETALHADO: Update compare: name from tree (expanded) is /ccnx.org/test/SyncTestRepo-15-01-15-18.20.23/ccnSyncTest/slice3/randomFile/=FD054B82F3B225/=0039/=0E2967AC5A00599FA440E1E0B9F71F7C7E115448BBA6A476F375E1E2AD412A74, name  is /ccnx.org/test/SyncTestRepo-15-01-15-18.20.23/ccnSyncTest/slice3/randomFile/=FD054B82F3B225/=0039/=0E2967AC5A00599FA440E1E0B9F71F7C7E115448BBA6A476F375E1E2AD412A74, comp is 0
Jan 15, 2015 6:21:03 PM org.ccnx.ccn.impl.sync.SliceComparator updateCurrent
O MAIS DETALHADO: Update compare - moving to: %05G=1EEBAD671C9BDBA4083E403C21791FF3CBC944F3C11D934DE7F8C846D1A0B1
Jan 15, 2015 6:21:03 PM org.ccnx.ccn.impl.sync.SliceComparator updateCurrent
O MAIS DETALHADO: Update compare: name from tree (expanded) is /ccnx.org/test/SyncTestRepo-15-01-15-18.20.23/ccnSyncTest/slice3/randomFile/=FD054B82F3B225/=003A/=E4FEC5BEA91947121525A987579E961F42CD9ABD9D1105CF9A0776FC7C1DC262, name  is /ccnx.org/test/SyncTestRepo-15-01-15-18.20.23/ccnSyncTest/slice3/randomFile/=FD054B82F3B225/=003A/=E4FEC5BEA91947121525A987579E961F42CD9ABD9D1105CF9A0776FC7C1DC262, comp is 0
Jan 15, 2015 6:21:03 PM org.ccnx.ccn.impl.sync.SliceComparator updateCurrent
O MAIS DETALHADO: Update compare: name from tree (expanded) is /ccnx.org/test/SyncTestRepo-15-01-15-18.20.23/ccnSyncTest/slice3/randomFile/=FD054B82F3B225/=003B/4=24F305589ADA9D841433B909B0AD158630BB7F6513AC574298391988F9E7A1, name  is /ccnx.org/test/SyncTestRepo-15-01-15-18.20.23/ccnSyncTest/slice3/randomFile/=FD054B82F3B225/=003B/4=24F305589ADA9D841433B909B0AD158630BB7F6513AC574298391988F9E7A1, comp is 0
Jan 15, 2015 6:21:03 PM org.ccnx.ccn.impl.sync.SliceComparator updateCurrent
O MAIS DETALHADO: Update compare: name from tree (expanded) is /ccnx.org/test/SyncTestRepo-15-01-15-18.20.23/ccnSyncTest/slice3/randomFile/=FD054B82F3B225/=003C/=5D8C716DCA0283390A38D1FF638C9F2921954443714F7813685DCD71C0DCDC93, name  is /ccnx.org/test/SyncTestRepo-15-01-15-18.20.23/ccnSyncTest/slice3/randomFile/=FD054B82F3B225/=003C/=5D8C716DCA0283390A38D1FF638C9F2921954443714F7813685DCD71C0DCDC93, comp is 0
Jan 15, 2015 6:21:03 PM org.ccnx.ccn.impl.sync.SliceComparator updateCurrent
O MAIS DETALHADO: Update compare: name from tree (expanded) is /ccnx.org/test/SyncTestRepo-15-01-15-18.20.23/ccnSyncTest/slice3/randomFile/=FD054B82F3B225/=003D/=14B764657A61F4A9AE466E9C82E66868648966A2FD2936D115374828BB146FDC, name  is /ccnx.org/test/SyncTestRepo-15-01-15-18.20.23/ccnSyncTest/slice3/randomFile/=FD054B82F3B225/=003D/=14B764657A61F4A9AE466E9C82E66868648966A2FD2936D115374828BB146FDC, comp is 0
Jan 15, 2015 6:21:03 PM org.ccnx.ccn.impl.sync.SliceComparator updateCurrent
O MAIS DETALHADO: Update compare: name from tree (expanded) is /ccnx.org/test/SyncTestRepo-15-01-15-18.20.23/ccnSyncTest/slice3/randomFile/=FD054B82F3B225/=003E/%C83%3Cum=3AE392933294C4CE45C464650DD340EB503857D6974A50171C73B6, name  is /ccnx.org/test/SyncTestRepo-15-01-15-18.20.23/ccnSyncTest/slice3/randomFile/=FD054B82F3B225/=003E/%C83%3Cum=3AE392933294C4CE45C464650DD340EB503857D6974A50171C73B6, comp is 0
Jan 15, 2015 6:21:03 PM org.ccnx.ccn.impl.sync.SliceComparator updateCurrent
O MAIS DETALHADO: Update compare: name from tree (expanded) is /ccnx.org/test/SyncTestRepo-15-01-15-18.20.23/ccnSyncTest/slice3/randomFile/=FD054B82F3B225/=003F/=3CF868667F4B48B932C1BE75E0FAD89CB3A5D69B422104BA1DCD04B5B6287F57, name  is /ccnx.org/test/SyncTestRepo-15-01-15-18.20.23/ccnSyncTest/slice3/randomFile/=FD054B82F3B225/=003F/=3CF868667F4B48B932C1BE75E0FAD89CB3A5D69B422104BA1DCD04B5B6287F57, comp is 0
Jan 15, 2015 6:21:03 PM org.ccnx.ccn.impl.sync.SliceComparator updateCurrent
O MAIS DETALHADO: Update compare: name from tree (expanded) is /ccnx.org/test/SyncTestRepo-15-01-15-18.20.23/ccnSyncTest/slice3/randomFile/=FD054B82F3B225/=0040/%8AK=13A3DCF5B69294A0B4F5F727550149457A699B087099AAF4B3DEF18E1AA6, name  is /ccnx.org/test/SyncTestRepo-15-01-15-18.20.23/ccnSyncTest/slice3/randomFile/=FD054B82F3B225/=0040/%8AK=13A3DCF5B69294A0B4F5F727550149457A699B087099AAF4B3DEF18E1AA6, comp is 0
Jan 15, 2015 6:21:03 PM org.ccnx.ccn.impl.sync.SliceComparator updateCurrent
O MAIS DETALHADO: Update compare: name from tree (expanded) is /ccnx.org/test/SyncTestRepo-15-01-15-18.20.23/ccnSyncTest/slice3/randomFile/=FD054B82F3B225/=0041/=27C7168339E413975455F420E0BBA3B9F84948188413ECDA5B8CD33F9A333C4B, name  is /ccnx.org/test/SyncTestRepo-15-01-15-18.20.23/ccnSyncTest/slice3/randomFile/=FD054B82F3B225/=0041/=27C7168339E413975455F420E0BBA3B9F84948188413ECDA5B8CD33F9A333C4B, comp is 0
Jan 15, 2015 6:21:03 PM org.ccnx.ccn.impl.sync.SliceComparator updateCurrent
O MAIS DETALHADO: Update compare: name from tree (expanded) is /ccnx.org/test/SyncTestRepo-15-01-15-18.20.23/ccnSyncTest/slice3/randomFile/=FD054B82F3B225/=0042/=248F085007E81D4425604A519EBD79D82B0BDDA913AE015543250A4DC7024AF9, name  is /ccnx.org/test/SyncTestRepo-15-01-15-18.20.23/ccnSyncTest/slice3/randomFile/=FD054B82F3B225/=0042/=248F085007E81D4425604A519EBD79D82B0BDDA913AE015543250A4DC7024AF9, comp is 0
Jan 15, 2015 6:21:03 PM org.ccnx.ccn.impl.sync.SliceComparator updateCurrent
O MAIS DETALHADO: Update compare: name from tree (expanded) is /ccnx.org/test/SyncTestRepo-15-01-15-18.20.23/ccnSyncTest/slice3/randomFile/=FD054B82F3B225/=0043/.s%0904%F4n=A9DF1D741A29C84851B7B4E807A47E295515003D5F35A47E91, name  is /ccnx.org/test/SyncTestRepo-15-01-15-18.20.23/ccnSyncTest/slice3/randomFile/=FD054B82F3B225/=0043/.s%0904%F4n=A9DF1D741A29C84851B7B4E807A47E295515003D5F35A47E91, comp is 0
Jan 15, 2015 6:21:03 PM org.ccnx.ccn.impl.sync.SliceComparator updateCurrent
O MAIS DETALHADO: Update compare: name from tree (expanded) is /ccnx.org/test/SyncTestRepo-15-01-15-18.20.23/ccnSyncTest/slice3/randomFile/=FD054B82F3B225/=0044/=3DD1FEB6FB1D3F7E0546EA024C02423A2A81FCCE9FA552420E6DEC6B30F9018E, name  is /ccnx.org/test/SyncTestRepo-15-01-15-18.20.23/ccnSyncTest/slice3/randomFile/=FD054B82F3B225/=0044/=3DD1FEB6FB1D3F7E0546EA024C02423A2A81FCCE9FA552420E6DEC6B30F9018E, comp is 0
Jan 15, 2015 6:21:03 PM org.ccnx.ccn.impl.sync.SliceComparator updateCurrent
O MAIS DETALHADO: Update compare: name from tree (expanded) is /ccnx.org/test/SyncTestRepo-15-01-15-18.20.23/ccnSyncTest/slice3/randomFile/=FD054B82F3B225/=0045/m1mzB=88F974B1727EFC80DDB64338C258EEB81EC4E47D5F07A4FB4B088B, name  is /ccnx.org/test/SyncTestRepo-15-01-15-18.20.23/ccnSyncTest/slice3/randomFile/=FD054B82F3B225/=0045/m1mzB=88F974B1727EFC80DDB64338C258EEB81EC4E47D5F07A4FB4B088B, comp is 0
Jan 15, 2015 6:21:03 PM org.ccnx.ccn.impl.sync.SliceComparator updateCurrent
O MAIS DETALHADO: Update compare: name from tree (expanded) is /ccnx.org/test/SyncTestRepo-15-01-15-18.20.23/ccnSyncTest/slice3/randomFile/=FD054B82F3B225/=0046/%C9t5%D9f=19D15DE27F16EDEA9048EA3C2B2CFCDFAC3E4FC7B06DE234F200FA, name  is /ccnx.org/test/SyncTestRepo-15-01-15-18.20.23/ccnSyncTest/slice3/randomFile/=FD054B82F3B225/=0046/%C9t5%D9f=19D15DE27F16EDEA9048EA3C2B2CFCDFAC3E4FC7B06DE234F200FA, comp is 0
Jan 15, 2015 6:21:03 PM org.ccnx.ccn.impl.sync.SliceComparator updateCurrent
O MAIS DETALHADO: Update compare: name from tree (expanded) is /ccnx.org/test/SyncTestRepo-15-01-15-18.20.23/ccnSyncTest/slice3/randomFile/=FD054B82F3B225/=0047/=3CFFDA883D07759505ADE5B9ED45950BC83C135846F9A1E14D2AB3540EE58BA4, name  is /ccnx.org/test/SyncTestRepo-15-01-15-18.20.23/ccnSyncTest/slice3/randomFile/=FD054B82F3B225/=0047/=3CFFDA883D07759505ADE5B9ED45950BC83C135846F9A1E14D2AB3540EE58BA4, comp is 0
Jan 15, 2015 6:21:03 PM org.ccnx.ccn.impl.sync.SliceComparator updateCurrent
O MAIS DETALHADO: Update compare - moving to: =0A2B153DDE3A609648586331EBC57860C04142A06F60B2B49354C98915D65B8559
Jan 15, 2015 6:21:03 PM org.ccnx.ccn.impl.sync.SliceComparator updateCurrent
O MAIS DETALHADO: Update compare: name from tree (expanded) is /ccnx.org/test/SyncTestRepo-15-01-15-18.20.23/ccnSyncTest/slice3/randomFile/=FD054B82F3B225/=0048/y=D4CABA5D076FF69F0904293D53397EF4419F17897E8E97680784B16DFD630C, name  is /ccnx.org/test/SyncTestRepo-15-01-15-18.20.23/ccnSyncTest/slice3/randomFile/=FD054B82F3B225/=0048/y=D4CABA5D076FF69F0904293D53397EF4419F17897E8E97680784B16DFD630C, comp is 0
Jan 15, 2015 6:21:03 PM org.ccnx.ccn.impl.sync.SliceComparator updateCurrent
O MAIS DETALHADO: Update compare: name from tree (expanded) is /ccnx.org/test/SyncTestRepo-15-01-15-18.20.23/ccnSyncTest/slice3/randomFile/=FD054B82F3B225/=0049/=062925B2C8C9B954208E5713DD0339CC8E492C1BF79B598F1EC26B678620A03C, name  is /ccnx.org/test/SyncTestRepo-15-01-15-18.20.23/ccnSyncTest/slice3/randomFile/=FD054B82F3B225/=0049/=062925B2C8C9B954208E5713DD0339CC8E492C1BF79B598F1EC26B678620A03C, comp is 0
Jan 15, 2015 6:21:03 PM org.ccnx.ccn.impl.sync.SliceComparator updateCurrent
O MAIS DETALHADO: Update compare: name from tree (expanded) is /ccnx.org/test/SyncTestRepo-15-01-15-18.20.23/ccnSyncTest/slice3/randomFile/=FD054B82F3B225/=004A/=E8B9E3E6FD15976CE259D89D860E0AF789D9E547015E7610250FFA7DA7D15E35, name  is /ccnx.org/test/SyncTestRepo-15-01-15-18.20.23/ccnSyncTest/slice3/randomFile/=FD054B82F3B225/=004A/=E8B9E3E6FD15976CE259D89D860E0AF789D9E547015E7610250FFA7DA7D15E35, comp is 0
Jan 15, 2015 6:21:03 PM org.ccnx.ccn.impl.sync.SliceComparator updateCurrent
O MAIS DETALHADO: Update compare: name from tree (expanded) is /ccnx.org/test/SyncTestRepo-15-01-15-18.20.23/ccnSyncTest/slice3/randomFile/=FD054B82F3B225/=004B/=DC3C828BAA0DE6994ED970C3C5A493C0F01B4D8E69535D268A829BB63B43E2FA, name  is /ccnx.org/test/SyncTestRepo-15-01-15-18.20.23/ccnSyncTest/slice3/randomFile/=FD054B82F3B225/=004B/=DC3C828BAA0DE6994ED970C3C5A493C0F01B4D8E69535D268A829BB63B43E2FA, comp is 0
Jan 15, 2015 6:21:03 PM org.ccnx.ccn.impl.sync.SliceComparator updateCurrent
O MAIS DETALHADO: Update compare: name from tree (expanded) is /ccnx.org/test/SyncTestRepo-15-01-15-18.20.23/ccnSyncTest/slice3/randomFile/=FD054B82F3B225/=004C/=F2E22A3F7B9D8EE9264BE30290E486F3CE47F64C7530264E24851F6F8B1E663A, name  is /ccnx.org/test/SyncTestRepo-15-01-15-18.20.23/ccnSyncTest/slice3/randomFile/=FD054B82F3B225/=004C/=F2E22A3F7B9D8EE9264BE30290E486F3CE47F64C7530264E24851F6F8B1E663A, comp is 0
Jan 15, 2015 6:21:03 PM org.ccnx.ccn.impl.sync.SliceComparator updateCurrent
O MAIS DETALHADO: Update compare: name from tree (expanded) is /ccnx.org/test/SyncTestRepo-15-01-15-18.20.23/ccnSyncTest/slice3/randomFile/=FD054B82F3B225/=004D/=03F33B5645C84023EB1F0EA4F81EDDDF84FDF1376FDA26006D033FFE07E8F2EE, name  is /ccnx.org/test/SyncTestRepo-15-01-15-18.20.23/ccnSyncTest/slice3/randomFile/=FD054B82F3B225/=004D/=03F33B5645C84023EB1F0EA4F81EDDDF84FDF1376FDA26006D033FFE07E8F2EE, comp is 0
Jan 15, 2015 6:21:03 PM org.ccnx.ccn.impl.sync.SliceComparator updateCurrent
O MAIS DETALHADO: Update compare: name from tree (expanded) is /ccnx.org/test/SyncTestRepo-15-01-15-18.20.23/ccnSyncTest/slice3/randomFile/=FD054B82F3B225/=004E/=1A1FD3D3FBF976BCF6F88A1AF4959068AE13C73C8A25A3A62646C8544D5DAFD4, name  is /ccnx.org/test/SyncTestRepo-15-01-15-18.20.23/ccnSyncTest/slice3/randomFile/=FD054B82F3B225/=004E/=1A1FD3D3FBF976BCF6F88A1AF4959068AE13C73C8A25A3A62646C8544D5DAFD4, comp is 0
Jan 15, 2015 6:21:03 PM org.ccnx.ccn.impl.sync.SliceComparator updateCurrent
O MAIS DETALHADO: Update compare: name from tree (expanded) is /ccnx.org/test/SyncTestRepo-15-01-15-18.20.23/ccnSyncTest/slice3/randomFile/=FD054B82F3B225/=004F/=B3D649696CCB2CD5E52637EE37B151044EF49EC47B5F5B036DC9477BD208CE2D, name  is /ccnx.org/test/SyncTestRepo-15-01-15-18.20.23/ccnSyncTest/slice3/randomFile/=FD054B82F3B225/=004F/=B3D649696CCB2CD5E52637EE37B151044EF49EC47B5F5B036DC9477BD208CE2D, comp is 0
Jan 15, 2015 6:21:03 PM org.ccnx.ccn.impl.sync.SliceComparator updateCurrent
O MAIS DETALHADO: Update compare: name from tree (expanded) is /ccnx.org/test/SyncTestRepo-15-01-15-18.20.23/ccnSyncTest/slice3/randomFile/=FD054B82F3B225/=0050/=FCC5E57FFDD88846B0E4A83CD342423185C75F8A1AF1A61F02C1BE88902065DA, name  is /ccnx.org/test/SyncTestRepo-15-01-15-18.20.23/ccnSyncTest/slice3/randomFile/=FD054B82F3B225/=0050/=FCC5E57FFDD88846B0E4A83CD342423185C75F8A1AF1A61F02C1BE88902065DA, comp is 0
Jan 15, 2015 6:21:03 PM org.ccnx.ccn.impl.sync.SliceComparator updateCurrent
O MAIS DETALHADO: Update compare: name from tree (expanded) is /ccnx.org/test/SyncTestRepo-15-01-15-18.20.23/ccnSyncTest/slice3/randomFile/=FD054B82F3B225/=0051/=A08760363D9254CD9F2C307A791199380EC04E41C7366B065FEDB745C5466AFC, name  is /ccnx.org/test/SyncTestRepo-15-01-15-18.20.23/ccnSyncTest/slice3/randomFile/=FD054B82F3B225/=0051/=A08760363D9254CD9F2C307A791199380EC04E41C7366B065FEDB745C5466AFC, comp is 0
Jan 15, 2015 6:21:03 PM org.ccnx.ccn.impl.sync.SliceComparator updateCurrent
O MAIS DETALHADO: Update compare: name from tree (expanded) is /ccnx.org/test/SyncTestRepo-15-01-15-18.20.23/ccnSyncTest/slice3/randomFile/=FD054B82F3B225/=0052/=E35D927F40DDA16A509409922305EA62C3C735EAF31F30ACEE065EF4180C125B, name  is /ccnx.org/test/SyncTestRepo-15-01-15-18.20.23/ccnSyncTest/slice3/randomFile/=FD054B82F3B225/=0052/=E35D927F40DDA16A509409922305EA62C3C735EAF31F30ACEE065EF4180C125B, comp is 0
Jan 15, 2015 6:21:03 PM org.ccnx.ccn.impl.sync.SliceComparator updateCurrent
O MAIS DETALHADO: Update compare: name from tree (expanded) is /ccnx.org/test/SyncTestRepo-15-01-15-18.20.23/ccnSyncTest/slice3/randomFile/=FD054B82F3B225/=0053/=7C986A5AAA73FC698B93D5AB15F55E87AE19012A8B8E1533B5EF2B0CD5CB9187, name  is /ccnx.org/test/SyncTestRepo-15-01-15-18.20.23/ccnSyncTest/slice3/randomFile/=FD054B82F3B225/=0053/=7C986A5AAA73FC698B93D5AB15F55E87AE19012A8B8E1533B5EF2B0CD5CB9187, comp is 0
Jan 15, 2015 6:21:03 PM org.ccnx.ccn.impl.sync.SliceComparator updateCurrent
O MAIS DETALHADO: Update compare: name from tree (expanded) is /ccnx.org/test/SyncTestRepo-15-01-15-18.20.23/ccnSyncTest/slice3/randomFile/=FD054B82F3B225/=0054/=E08D607D3155BD361430ABAEE5404D7A19FB0ECEBA937E25E66A05CFE623D605, name  is /ccnx.org/test/SyncTestRepo-15-01-15-18.20.23/ccnSyncTest/slice3/randomFile/=FD054B82F3B225/=0054/=E08D607D3155BD361430ABAEE5404D7A19FB0ECEBA937E25E66A05CFE623D605, comp is 0
Jan 15, 2015 6:21:03 PM org.ccnx.ccn.impl.sync.SliceComparator updateCurrent
O MAIS DETALHADO: Update compare: name from tree (expanded) is /ccnx.org/test/SyncTestRepo-15-01-15-18.20.23/ccnSyncTest/slice3/randomFile/=FD054B82F3B225/=0055/=ADAA8B1BACECDB2A712D55E8D0EB0D3C0A92CA5F10FF0087658DE5A8CFA3A915, name  is /ccnx.org/test/SyncTestRepo-15-01-15-18.20.23/ccnSyncTest/slice3/randomFile/=FD054B82F3B225/=0055/=ADAA8B1BACECDB2A712D55E8D0EB0D3C0A92CA5F10FF0087658DE5A8CFA3A915, comp is 0
Jan 15, 2015 6:21:03 PM org.ccnx.ccn.impl.sync.SliceComparator updateCurrent
O MAIS DETALHADO: Update compare: name from tree (expanded) is /ccnx.org/test/SyncTestRepo-15-01-15-18.20.23/ccnSyncTest/slice3/randomFile/=FD054B82F3B225/=0056/=9EEB53116DF3F5C22A218ECDCBBCE7EDB48D8BF7140CBA0B1ABAB6AC2B3A386F, name  is /ccnx.org/test/SyncTestRepo-15-01-15-18.20.23/ccnSyncTest/slice3/randomFile/=FD054B82F3B225/=0056/=9EEB53116DF3F5C22A218ECDCBBCE7EDB48D8BF7140CBA0B1ABAB6AC2B3A386F, comp is 0
Jan 15, 2015 6:21:03 PM org.ccnx.ccn.impl.sync.SliceComparator updateCurrent
O MAIS DETALHADO: Update compare: name from tree (expanded) is /ccnx.org/test/SyncTestRepo-15-01-15-18.20.23/ccnSyncTest/slice3/randomFile/=FD054B82F3B225/=0057/%1D8=2BDB4E50EB18B88B23941CB1D0F7473D9C9F6DA3F613E895B09F97F4D58A, name  is /ccnx.org/test/SyncTestRepo-15-01-15-18.20.23/ccnSyncTest/slice3/randomFile/=FD054B82F3B225/=0057/%1D8=2BDB4E50EB18B88B23941CB1D0F7473D9C9F6DA3F613E895B09F97F4D58A, comp is 0
Jan 15, 2015 6:21:03 PM org.ccnx.ccn.impl.sync.SliceComparator updateCurrent
O MAIS DETALHADO: Update compare: name from tree (expanded) is /ccnx.org/test/SyncTestRepo-15-01-15-18.20.23/ccnSyncTest/slice3/randomFile/=FD054B82F3B225/=0058/f=927FAD8E68A15F747E9C917A134E7A11DE5451C0CDAE707127EA1147117277, name  is /ccnx.org/test/SyncTestRepo-15-01-15-18.20.23/ccnSyncTest/slice3/randomFile/=FD054B82F3B225/=0058/f=927FAD8E68A15F747E9C917A134E7A11DE5451C0CDAE707127EA1147117277, comp is 0
Jan 15, 2015 6:21:03 PM org.ccnx.ccn.impl.sync.SliceComparator updateCurrent
O MAIS DETALHADO: Update compare: name from tree (expanded) is /ccnx.org/test/SyncTestRepo-15-01-15-18.20.23/ccnSyncTest/slice3/randomFile/=FD054B82F3B225/=0059/s%247g=F394E6D4714CD11D0C288212BBD519EA1B7179FB31BF56E64973F577, name  is /ccnx.org/test/SyncTestRepo-15-01-15-18.20.23/ccnSyncTest/slice3/randomFile/=FD054B82F3B225/=0059/s%247g=F394E6D4714CD11D0C288212BBD519EA1B7179FB31BF56E64973F577, comp is 0
Jan 15, 2015 6:21:03 PM org.ccnx.ccn.impl.sync.SliceComparator updateCurrent
O MAIS DETALHADO: Update compare - moving to: =03D99F99B9F2079245699D59363E65E4236B45342E5619FE3E8920963C08ED04CA
Jan 15, 2015 6:21:03 PM org.ccnx.ccn.impl.sync.SliceComparator updateCurrent
O MAIS DETALHADO: Update compare: name from tree (expanded) is /ccnx.org/test/SyncTestRepo-15-01-15-18.20.23/ccnSyncTest/slice3/randomFile/=FD054B82F3B225/=005A/7=AFCD34E1F738512529EA659AB14A6E388454CA72CDD4005A0600AD7343C415, name  is /ccnx.org/test/SyncTestRepo-15-01-15-18.20.23/ccnSyncTest/slice3/randomFile/=FD054B82F3B225/=005A/7=AFCD34E1F738512529EA659AB14A6E388454CA72CDD4005A0600AD7343C415, comp is 0
Jan 15, 2015 6:21:03 PM org.ccnx.ccn.impl.sync.SliceComparator updateCurrent
O MAIS DETALHADO: Update compare: name from tree (expanded) is /ccnx.org/test/SyncTestRepo-15-01-15-18.20.23/ccnSyncTest/slice3/randomFile/=FD054B82F3B225/=005B/b%F5M=3C250BD3FC754D4CDE7C5013907FC0BE7F20FD5BBF43B01B06B6851B92, name  is /ccnx.org/test/SyncTestRepo-15-01-15-18.20.23/ccnSyncTest/slice3/randomFile/=FD054B82F3B225/=005B/b%F5M=3C250BD3FC754D4CDE7C5013907FC0BE7F20FD5BBF43B01B06B6851B92, comp is 0
Jan 15, 2015 6:21:03 PM org.ccnx.ccn.impl.sync.SliceComparator updateCurrent
O MAIS DETALHADO: Update compare: name from tree (expanded) is /ccnx.org/test/SyncTestRepo-15-01-15-18.20.23/ccnSyncTest/slice3/randomFile/=FD054B82F3B225/=005C/=EF3AFC680C3210BB527C055E974B6DC2C8E8E9F54A57A770476DF6C368641344, name  is /ccnx.org/test/SyncTestRepo-15-01-15-18.20.23/ccnSyncTest/slice3/randomFile/=FD054B82F3B225/=005C/=EF3AFC680C3210BB527C055E974B6DC2C8E8E9F54A57A770476DF6C368641344, comp is 0
Jan 15, 2015 6:21:03 PM org.ccnx.ccn.impl.sync.SliceComparator updateCurrent
O MAIS DETALHADO: Update compare: name from tree (expanded) is /ccnx.org/test/SyncTestRepo-15-01-15-18.20.23/ccnSyncTest/slice3/randomFile/=FD054B82F3B225/=005D/%0Fu=B3190C00B7DB6ADB43DDF324A6D99DDE6E61CE039BAC553CEF137597BC6E, name  is /ccnx.org/test/SyncTestRepo-15-01-15-18.20.23/ccnSyncTest/slice3/randomFile/=FD054B82F3B225/=005D/%0Fu=B3190C00B7DB6ADB43DDF324A6D99DDE6E61CE039BAC553CEF137597BC6E, comp is 0
Jan 15, 2015 6:21:03 PM org.ccnx.ccn.impl.sync.SliceComparator updateCurrent
O MAIS DETALHADO: Update compare: name from tree (expanded) is /ccnx.org/test/SyncTestRepo-15-01-15-18.20.23/ccnSyncTest/slice3/randomFile/=FD054B82F3B225/=005E/=00F786268E84422B977305BC3448233833B8690F1C6268F3FCFB525CAA064071, name  is /ccnx.org/test/SyncTestRepo-15-01-15-18.20.23/ccnSyncTest/slice3/randomFile/=FD054B82F3B225/=005E/=00F786268E84422B977305BC3448233833B8690F1C6268F3FCFB525CAA064071, comp is 0
Jan 15, 2015 6:21:03 PM org.ccnx.ccn.impl.sync.SliceComparator updateCurrent
O MAIS DETALHADO: Update compare: name from tree (expanded) is /ccnx.org/test/SyncTestRepo-15-01-15-18.20.23/ccnSyncTest/slice3/randomFile/=FD054B82F3B225/=005F/=E69A3A931BB6C4EEB31C020754FB15419F273E6D115AD92BCD3A0B6BF7ADC8EC, name  is /ccnx.org/test/SyncTestRepo-15-01-15-18.20.23/ccnSyncTest/slice3/randomFile/=FD054B82F3B225/=005F/=E69A3A931BB6C4EEB31C020754FB15419F273E6D115AD92BCD3A0B6BF7ADC8EC, comp is 0
Jan 15, 2015 6:21:03 PM org.ccnx.ccn.impl.sync.SliceComparator updateCurrent
O MAIS DETALHADO: Update compare: name from tree (expanded) is /ccnx.org/test/SyncTestRepo-15-01-15-18.20.23/ccnSyncTest/slice3/randomFile/=FD054B82F3B225/=0060/M=203D7B31BBDE46DDF79119BDFB3DEB4D9E0CC60E57CCDFE722554B904E9B80, name  is /ccnx.org/test/SyncTestRepo-15-01-15-18.20.23/ccnSyncTest/slice3/randomFile/=FD054B82F3B225/=0060/M=203D7B31BBDE46DDF79119BDFB3DEB4D9E0CC60E57CCDFE722554B904E9B80, comp is 0
Jan 15, 2015 6:21:03 PM org.ccnx.ccn.impl.sync.SliceComparator updateCurrent
O MAIS DETALHADO: Update compare: name from tree (expanded) is /ccnx.org/test/SyncTestRepo-15-01-15-18.20.23/ccnSyncTest/slice3/randomFile/=FD054B82F3B225/=0061/=A6A95C94700F4D4AAE333D099EE81B220D1A4A6687F3BEA1787257E039D4FE48, name  is /ccnx.org/test/SyncTestRepo-15-01-15-18.20.23/ccnSyncTest/slice3/randomFile/=FD054B82F3B225/=0061/=A6A95C94700F4D4AAE333D099EE81B220D1A4A6687F3BEA1787257E039D4FE48, comp is 0
Jan 15, 2015 6:21:03 PM org.ccnx.ccn.impl.sync.SliceComparator updateCurrent
O MAIS DETALHADO: Update compare: name from tree (expanded) is /ccnx.org/test/SyncTestRepo-15-01-15-18.20.23/ccnSyncTest/slice3/randomFile/=FD054B82F3B225/=0062/%11p=C2F0E6957D7E39EAFD9A8337228E99F043065A9E978E936F122DF8D65AB7, name  is /ccnx.org/test/SyncTestRepo-15-01-15-18.20.23/ccnSyncTest/slice3/randomFile/=FD054B82F3B225/=0062/%11p=C2F0E6957D7E39EAFD9A8337228E99F043065A9E978E936F122DF8D65AB7, comp is 0
Jan 15, 2015 6:21:03 PM org.ccnx.ccn.impl.sync.SliceComparator updateCurrent
O MAIS DETALHADO: Update compare: name from tree (expanded) is /ccnx.org/test/SyncTestRepo-15-01-15-18.20.23/ccnSyncTest/slice3/randomFile/=FD054B82F3B225/=0063/=0D8FC246BF217C23FDA5965D2D1B7A4436AC30191AB739D04BD889704C4D68E0, name  is /ccnx.org/test/SyncTestRepo-15-01-15-18.20.23/ccnSyncTest/slice3/randomFile/=FD054B82F3B225/=0063/=0D8FC246BF217C23FDA5965D2D1B7A4436AC30191AB739D04BD889704C4D68E0, comp is 0
Jan 15, 2015 6:21:03 PM org.ccnx.ccn.impl.sync.SliceComparator updateCurrent
O MAIS DETALHADO: Update compare: name from tree (expanded) is /ccnx.org/test/SyncTestRepo-15-01-15-18.20.23/ccnSyncTest/slice3/randomFile/=FD054B82F3B225/%C1.META.M/.header/=FD054B82F3B36D/=00/E=EDEFC6E114911303846ED7067B432E4E0456C57094EC6245ADEE1E502CEEB5, name  is /ccnx.org/test/SyncTestRepo-15-01-15-18.20.23/ccnSyncTest/slice3/randomFile/=FD054B82F3B225/%C1.META.M/.header/=FD054B82F3B36D/=00/E=EDEFC6E114911303846ED7067B432E4E0456C57094EC6245ADEE1E502CEEB5, comp is 0
Jan 15, 2015 6:21:03 PM org.ccnx.ccn.profiles.sync.SyncTestRepo checkCallbacks
DETALHADO: got segment 0
Jan 15, 2015 6:21:03 PM org.ccnx.ccn.profiles.sync.SyncTestRepo checkCallbacks
DETALHADO: received: [true, true, true, true, true, true, true, true, true, true, true, true, true, true, true, true, true, true, true, true, true, true, true, true, true, true, true, true, true, true, true, true, true, true, true, true, true, true, true, true, true, true, true, true, true, true, true, true, true, true, true, true, true, true, true, true, true, true, true, true, true, true, true, true, true, true, true, true, true, true, true, true, true, true, true, true, true, true, true, true, true, true, true, true, true, true, true, true, true, true, true, false, false, false, false, false, false, false, false, false, false] finished: [true, true, true, true, true, true, true, true, true, true, true, true, true, true, true, true, true, true, true, true, true, true, true, true, true, true, true, true, true, true, true, true, true, true, true, true, true, true, true, true, true, true, true, true, true, true, true, true, true, true, true, true, true, true, true, true, true, true, true, true, true, true, true, true, true, true, true, true, true, true, true, true, true, true, true, true, true, true, true, true, true, true, true, true, true, true, true, true, true, true, true, true, true, true, true, true, true, true, true, true, true]
Jan 15, 2015 6:21:03 PM org.ccnx.ccn.profiles.sync.SyncTestRepo checkCallbacks
DETALHADO: got segment 1
Jan 15, 2015 6:21:03 PM org.ccnx.ccn.profiles.sync.SyncTestRepo checkCallbacks
DETALHADO: received: [true, true, true, true, true, true, true, true, true, true, true, true, true, true, true, true, true, true, true, true, true, true, true, true, true, true, true, true, true, true, true, true, true, true, true, true, true, true, true, true, true, true, true, true, true, true, true, true, true, true, true, true, true, true, true, true, true, true, true, true, true, true, true, true, true, true, true, true, true, true, true, true, true, true, true, true, true, true, true, true, true, true, true, true, true, true, true, true, true, true, true, false, false, false, false, false, false, false, false, false, false] finished: [true, true, true, true, true, true, true, true, true, true, true, true, true, true, true, true, true, true, true, true, true, true, true, true, true, true, true, true, true, true, true, true, true, true, true, true, true, true, true, true, true, true, true, true, true, true, true, true, true, true, true, true, true, true, true, true, true, true, true, true, true, true, true, true, true, true, true, true, true, true, true, true, true, true, true, true, true, true, true, true, true, true, true, true, true, true, true, true, true, true, true, true, true, true, true, true, true, true, true, true, true]
Jan 15, 2015 6:21:03 PM org.ccnx.ccn.profiles.sync.SyncTestRepo checkCallbacks
DETALHADO: got segment 2
Jan 15, 2015 6:21:03 PM org.ccnx.ccn.profiles.sync.SyncTestRepo checkCallbacks
DETALHADO: received: [true, true, true, true, true, true, true, true, true, true, true, true, true, true, true, true, true, true, true, true, true, true, true, true, true, true, true, true, true, true, true, true, true, true, true, true, true, true, true, true, true, true, true, true, true, true, true, true, true, true, true, true, true, true, true, true, true, true, true, true, true, true, true, true, true, true, true, true, true, true, true, true, true, true, true, true, true, true, true, true, true, true, true, true, true, true, true, true, true, true, true, false, false, false, false, false, false, false, false, false, false] finished: [true, true, true, true, true, true, true, true, true, true, true, true, true, true, true, true, true, true, true, true, true, true, true, true, true, true, true, true, true, true, true, true, true, true, true, true, true, true, true, true, true, true, true, true, true, true, true, true, true, true, true, true, true, true, true, true, true, true, true, true, true, true, true, true, true, true, true, true, true, true, true, true, true, true, true, true, true, true, true, true, true, true, true, true, true, true, true, true, true, true, true, true, true, true, true, true, true, true, true, true, true]
Jan 15, 2015 6:21:03 PM org.ccnx.ccn.profiles.sync.SyncTestRepo checkCallbacks
DETALHADO: got segment 3
Jan 15, 2015 6:21:03 PM org.ccnx.ccn.profiles.sync.SyncTestRepo checkCallbacks
DETALHADO: received: [true, true, true, true, true, true, true, true, true, true, true, true, true, true, true, true, true, true, true, true, true, true, true, true, true, true, true, true, true, true, true, true, true, true, true, true, true, true, true, true, true, true, true, true, true, true, true, true, true, true, true, true, true, true, true, true, true, true, true, true, true, true, true, true, true, true, true, true, true, true, true, true, true, true, true, true, true, true, true, true, true, true, true, true, true, true, true, true, true, true, true, false, false, false, false, false, false, false, false, false, false] finished: [true, true, true, true, true, true, true, true, true, true, true, true, true, true, true, true, true, true, true, true, true, true, true, true, true, true, true, true, true, true, true, true, true, true, true, true, true, true, true, true, true, true, true, true, true, true, true, true, true, true, true, true, true, true, true, true, true, true, true, true, true, true, true, true, true, true, true, true, true, true, true, true, true, true, true, true, true, true, true, true, true, true, true, true, true, true, true, true, true, true, true, true, true, true, true, true, true, true, true, true, true]
Jan 15, 2015 6:21:03 PM org.ccnx.ccn.profiles.sync.SyncTestRepo checkCallbacks
DETALHADO: got segment 4
Jan 15, 2015 6:21:03 PM org.ccnx.ccn.profiles.sync.SyncTestRepo checkCallbacks
DETALHADO: received: [true, true, true, true, true, true, true, true, true, true, true, true, true, true, true, true, true, true, true, true, true, true, true, true, true, true, true, true, true, true, true, true, true, true, true, true, true, true, true, true, true, true, true, true, true, true, true, true, true, true, true, true, true, true, true, true, true, true, true, true, true, true, true, true, true, true, true, true, true, true, true, true, true, true, true, true, true, true, true, true, true, true, true, true, true, true, true, true, true, true, true, false, false, false, false, false, false, false, false, false, false] finished: [true, true, true, true, true, true, true, true, true, true, true, true, true, true, true, true, true, true, true, true, true, true, true, true, true, true, true, true, true, true, true, true, true, true, true, true, true, true, true, true, true, true, true, true, true, true, true, true, true, true, true, true, true, true, true, true, true, true, true, true, true, true, true, true, true, true, true, true, true, true, true, true, true, true, true, true, true, true, true, true, true, true, true, true, true, true, true, true, true, true, true, true, true, true, true, true, true, true, true, true, true]
Jan 15, 2015 6:21:03 PM org.ccnx.ccn.profiles.sync.SyncTestRepo checkCallbacks
DETALHADO: got segment 5
Jan 15, 2015 6:21:03 PM org.ccnx.ccn.profiles.sync.SyncTestRepo checkCallbacks
DETALHADO: received: [true, true, true, true, true, true, true, true, true, true, true, true, true, true, true, true, true, true, true, true, true, true, true, true, true, true, true, true, true, true, true, true, true, true, true, true, true, true, true, true, true, true, true, true, true, true, true, true, true, true, true, true, true, true, true, true, true, true, true, true, true, true, true, true, true, true, true, true, true, true, true, true, true, true, true, true, true, true, true, true, true, true, true, true, true, true, true, true, true, true, true, false, false, false, false, false, false, false, false, false, false] finished: [true, true, true, true, true, true, true, true, true, true, true, true, true, true, true, true, true, true, true, true, true, true, true, true, true, true, true, true, true, true, true, true, true, true, true, true, true, true, true, true, true, true, true, true, true, true, true, true, true, true, true, true, true, true, true, true, true, true, true, true, true, true, true, true, true, true, true, true, true, true, true, true, true, true, true, true, true, true, true, true, true, true, true, true, true, true, true, true, true, true, true, true, true, true, true, true, true, true, true, true, true]
Jan 15, 2015 6:21:03 PM org.ccnx.ccn.profiles.sync.SyncTestRepo checkCallbacks
DETALHADO: got segment 6
Jan 15, 2015 6:21:03 PM org.ccnx.ccn.profiles.sync.SyncTestRepo checkCallbacks
DETALHADO: received: [true, true, true, true, true, true, true, true, true, true, true, true, true, true, true, true, true, true, true, true, true, true, true, true, true, true, true, true, true, true, true, true, true, true, true, true, true, true, true, true, true, true, true, true, true, true, true, true, true, true, true, true, true, true, true, true, true, true, true, true, true, true, true, true, true, true, true, true, true, true, true, true, true, true, true, true, true, true, true, true, true, true, true, true, true, true, true, true, true, true, true, false, false, false, false, false, false, false, false, false, false] finished: [true, true, true, true, true, true, true, true, true, true, true, true, true, true, true, true, true, true, true, true, true, true, true, true, true, true, true, true, true, true, true, true, true, true, true, true, true, true, true, true, true, true, true, true, true, true, true, true, true, true, true, true, true, true, true, true, true, true, true, true, true, true, true, true, true, true, true, true, true, true, true, true, true, true, true, true, true, true, true, true, true, true, true, true, true, true, true, true, true, true, true, true, true, true, true, true, true, true, true, true, true]
Jan 15, 2015 6:21:03 PM org.ccnx.ccn.profiles.sync.SyncTestRepo checkCallbacks
DETALHADO: got segment 7
Jan 15, 2015 6:21:03 PM org.ccnx.ccn.profiles.sync.SyncTestRepo checkCallbacks
DETALHADO: received: [true, true, true, true, true, true, true, true, true, true, true, true, true, true, true, true, true, true, true, true, true, true, true, true, true, true, true, true, true, true, true, true, true, true, true, true, true, true, true, true, true, true, true, true, true, true, true, true, true, true, true, true, true, true, true, true, true, true, true, true, true, true, true, true, true, true, true, true, true, true, true, true, true, true, true, true, true, true, true, true, true, true, true, true, true, true, true, true, true, true, true, false, false, false, false, false, false, false, false, false, false] finished: [true, true, true, true, true, true, true, true, true, true, true, true, true, true, true, true, true, true, true, true, true, true, true, true, true, true, true, true, true, true, true, true, true, true, true, true, true, true, true, true, true, true, true, true, true, true, true, true, true, true, true, true, true, true, true, true, true, true, true, true, true, true, true, true, true, true, true, true, true, true, true, true, true, true, true, true, true, true, true, true, true, true, true, true, true, true, true, true, true, true, true, true, true, true, true, true, true, true, true, true, true]
Jan 15, 2015 6:21:03 PM org.ccnx.ccn.profiles.sync.SyncTestRepo checkCallbacks
DETALHADO: got segment 8
Jan 15, 2015 6:21:03 PM org.ccnx.ccn.profiles.sync.SyncTestRepo checkCallbacks
DETALHADO: received: [true, true, true, true, true, true, true, true, true, true, true, true, true, true, true, true, true, true, true, true, true, true, true, true, true, true, true, true, true, true, true, true, true, true, true, true, true, true, true, true, true, true, true, true, true, true, true, true, true, true, true, true, true, true, true, true, true, true, true, true, true, true, true, true, true, true, true, true, true, true, true, true, true, true, true, true, true, true, true, true, true, true, true, true, true, true, true, true, true, true, true, false, false, false, false, false, false, false, false, false, false] finished: [true, true, true, true, true, true, true, true, true, true, true, true, true, true, true, true, true, true, true, true, true, true, true, true, true, true, true, true, true, true, true, true, true, true, true, true, true, true, true, true, true, true, true, true, true, true, true, true, true, true, true, true, true, true, true, true, true, true, true, true, true, true, true, true, true, true, true, true, true, true, true, true, true, true, true, true, true, true, true, true, true, true, true, true, true, true, true, true, true, true, true, true, true, true, true, true, true, true, true, true, true]
Jan 15, 2015 6:21:03 PM org.ccnx.ccn.profiles.sync.SyncTestRepo checkCallbacks
DETALHADO: got segment 9
Jan 15, 2015 6:21:03 PM org.ccnx.ccn.profiles.sync.SyncTestRepo checkCallbacks
DETALHADO: received: [true, true, true, true, true, true, true, true, true, true, true, true, true, true, true, true, true, true, true, true, true, true, true, true, true, true, true, true, true, true, true, true, true, true, true, true, true, true, true, true, true, true, true, true, true, true, true, true, true, true, true, true, true, true, true, true, true, true, true, true, true, true, true, true, true, true, true, true, true, true, true, true, true, true, true, true, true, true, true, true, true, true, true, true, true, true, true, true, true, true, true, false, false, false, false, false, false, false, false, false, false] finished: [true, true, true, true, true, true, true, true, true, true, true, true, true, true, true, true, true, true, true, true, true, true, true, true, true, true, true, true, true, true, true, true, true, true, true, true, true, true, true, true, true, true, true, true, true, true, true, true, true, true, true, true, true, true, true, true, true, true, true, true, true, true, true, true, true, true, true, true, true, true, true, true, true, true, true, true, true, true, true, true, true, true, true, true, true, true, true, true, true, true, true, true, true, true, true, true, true, true, true, true, true]
Jan 15, 2015 6:21:03 PM org.ccnx.ccn.profiles.sync.SyncTestRepo checkCallbacks
DETALHADO: got segment 10
Jan 15, 2015 6:21:03 PM org.ccnx.ccn.profiles.sync.SyncTestRepo checkCallbacks
DETALHADO: received: [true, true, true, true, true, true, true, true, true, true, true, true, true, true, true, true, true, true, true, true, true, true, true, true, true, true, true, true, true, true, true, true, true, true, true, true, true, true, true, true, true, true, true, true, true, true, true, true, true, true, true, true, true, true, true, true, true, true, true, true, true, true, true, true, true, true, true, true, true, true, true, true, true, true, true, true, true, true, true, true, true, true, true, true, true, true, true, true, true, true, true, false, false, false, false, false, false, false, false, false, false] finished: [true, true, true, true, true, true, true, true, true, true, true, true, true, true, true, true, true, true, true, true, true, true, true, true, true, true, true, true, true, true, true, true, true, true, true, true, true, true, true, true, true, true, true, true, true, true, true, true, true, true, true, true, true, true, true, true, true, true, true, true, true, true, true, true, true, true, true, true, true, true, true, true, true, true, true, true, true, true, true, true, true, true, true, true, true, true, true, true, true, true, true, true, true, true, true, true, true, true, true, true, true]
Jan 15, 2015 6:21:03 PM org.ccnx.ccn.profiles.sync.SyncTestRepo checkCallbacks
DETALHADO: got segment 11
Jan 15, 2015 6:21:03 PM org.ccnx.ccn.profiles.sync.SyncTestRepo checkCallbacks
DETALHADO: received: [true, true, true, true, true, true, true, true, true, true, true, true, true, true, true, true, true, true, true, true, true, true, true, true, true, true, true, true, true, true, true, true, true, true, true, true, true, true, true, true, true, true, true, true, true, true, true, true, true, true, true, true, true, true, true, true, true, true, true, true, true, true, true, true, true, true, true, true, true, true, true, true, true, true, true, true, true, true, true, true, true, true, true, true, true, true, true, true, true, true, true, false, false, false, false, false, false, false, false, false, false] finished: [true, true, true, true, true, true, true, true, true, true, true, true, true, true, true, true, true, true, true, true, true, true, true, true, true, true, true, true, true, true, true, true, true, true, true, true, true, true, true, true, true, true, true, true, true, true, true, true, true, true, true, true, true, true, true, true, true, true, true, true, true, true, true, true, true, true, true, true, true, true, true, true, true, true, true, true, true, true, true, true, true, true, true, true, true, true, true, true, true, true, true, true, true, true, true, true, true, true, true, true, true]
Jan 15, 2015 6:21:03 PM org.ccnx.ccn.profiles.sync.SyncTestRepo checkCallbacks
DETALHADO: got segment 12
Jan 15, 2015 6:21:03 PM org.ccnx.ccn.profiles.sync.SyncTestRepo checkCallbacks
DETALHADO: received: [true, true, true, true, true, true, true, true, true, true, true, true, true, true, true, true, true, true, true, true, true, true, true, true, true, true, true, true, true, true, true, true, true, true, true, true, true, true, true, true, true, true, true, true, true, true, true, true, true, true, true, true, true, true, true, true, true, true, true, true, true, true, true, true, true, true, true, true, true, true, true, true, true, true, true, true, true, true, true, true, true, true, true, true, true, true, true, true, true, true, true, false, false, false, false, false, false, false, false, false, false] finished: [true, true, true, true, true, true, true, true, true, true, true, true, true, true, true, true, true, true, true, true, true, true, true, true, true, true, true, true, true, true, true, true, true, true, true, true, true, true, true, true, true, true, true, true, true, true, true, true, true, true, true, true, true, true, true, true, true, true, true, true, true, true, true, true, true, true, true, true, true, true, true, true, true, true, true, true, true, true, true, true, true, true, true, true, true, true, true, true, true, true, true, true, true, true, true, true, true, true, true, true, true]
Jan 15, 2015 6:21:03 PM org.ccnx.ccn.profiles.sync.SyncTestRepo checkCallbacks
DETALHADO: got segment 13
Jan 15, 2015 6:21:03 PM org.ccnx.ccn.profiles.sync.SyncTestRepo checkCallbacks
DETALHADO: received: [true, true, true, true, true, true, true, true, true, true, true, true, true, true, true, true, true, true, true, true, true, true, true, true, true, true, true, true, true, true, true, true, true, true, true, true, true, true, true, true, true, true, true, true, true, true, true, true, true, true, true, true, true, true, true, true, true, true, true, true, true, true, true, true, true, true, true, true, true, true, true, true, true, true, true, true, true, true, true, true, true, true, true, true, true, true, true, true, true, true, true, false, false, false, false, false, false, false, false, false, false] finished: [true, true, true, true, true, true, true, true, true, true, true, true, true, true, true, true, true, true, true, true, true, true, true, true, true, true, true, true, true, true, true, true, true, true, true, true, true, true, true, true, true, true, true, true, true, true, true, true, true, true, true, true, true, true, true, true, true, true, true, true, true, true, true, true, true, true, true, true, true, true, true, true, true, true, true, true, true, true, true, true, true, true, true, true, true, true, true, true, true, true, true, true, true, true, true, true, true, true, true, true, true]
Jan 15, 2015 6:21:03 PM org.ccnx.ccn.profiles.sync.SyncTestRepo checkCallbacks
DETALHADO: got segment 14
Jan 15, 2015 6:21:03 PM org.ccnx.ccn.profiles.sync.SyncTestRepo checkCallbacks
DETALHADO: received: [true, true, true, true, true, true, true, true, true, true, true, true, true, true, true, true, true, true, true, true, true, true, true, true, true, true, true, true, true, true, true, true, true, true, true, true, true, true, true, true, true, true, true, true, true, true, true, true, true, true, true, true, true, true, true, true, true, true, true, true, true, true, true, true, true, true, true, true, true, true, true, true, true, true, true, true, true, true, true, true, true, true, true, true, true, true, true, true, true, true, true, false, false, false, false, false, false, false, false, false, false] finished: [true, true, true, true, true, true, true, true, true, true, true, true, true, true, true, true, true, true, true, true, true, true, true, true, true, true, true, true, true, true, true, true, true, true, true, true, true, true, true, true, true, true, true, true, true, true, true, true, true, true, true, true, true, true, true, true, true, true, true, true, true, true, true, true, true, true, true, true, true, true, true, true, true, true, true, true, true, true, true, true, true, true, true, true, true, true, true, true, true, true, true, true, true, true, true, true, true, true, true, true, true]
Jan 15, 2015 6:21:03 PM org.ccnx.ccn.profiles.sync.SyncTestRepo checkCallbacks
DETALHADO: got segment 15
Jan 15, 2015 6:21:03 PM org.ccnx.ccn.profiles.sync.SyncTestRepo checkCallbacks
DETALHADO: received: [true, true, true, true, true, true, true, true, true, true, true, true, true, true, true, true, true, true, true, true, true, true, true, true, true, true, true, true, true, true, true, true, true, true, true, true, true, true, true, true, true, true, true, true, true, true, true, true, true, true, true, true, true, true, true, true, true, true, true, true, true, true, true, true, true, true, true, true, true, true, true, true, true, true, true, true, true, true, true, true, true, true, true, true, true, true, true, true, true, true, true, false, false, false, false, false, false, false, false, false, false] finished: [true, true, true, true, true, true, true, true, true, true, true, true, true, true, true, true, true, true, true, true, true, true, true, true, true, true, true, true, true, true, true, true, true, true, true, true, true, true, true, true, true, true, true, true, true, true, true, true, true, true, true, true, true, true, true, true, true, true, true, true, true, true, true, true, true, true, true, true, true, true, true, true, true, true, true, true, true, true, true, true, true, true, true, true, true, true, true, true, true, true, true, true, true, true, true, true, true, true, true, true, true]
Jan 15, 2015 6:21:03 PM org.ccnx.ccn.profiles.sync.SyncTestRepo checkCallbacks
DETALHADO: got segment 16
Jan 15, 2015 6:21:03 PM org.ccnx.ccn.profiles.sync.SyncTestRepo checkCallbacks
DETALHADO: received: [true, true, true, true, true, true, true, true, true, true, true, true, true, true, true, true, true, true, true, true, true, true, true, true, true, true, true, true, true, true, true, true, true, true, true, true, true, true, true, true, true, true, true, true, true, true, true, true, true, true, true, true, true, true, true, true, true, true, true, true, true, true, true, true, true, true, true, true, true, true, true, true, true, true, true, true, true, true, true, true, true, true, true, true, true, true, true, true, true, true, true, false, false, false, false, false, false, false, false, false, false] finished: [true, true, true, true, true, true, true, true, true, true, true, true, true, true, true, true, true, true, true, true, true, true, true, true, true, true, true, true, true, true, true, true, true, true, true, true, true, true, true, true, true, true, true, true, true, true, true, true, true, true, true, true, true, true, true, true, true, true, true, true, true, true, true, true, true, true, true, true, true, true, true, true, true, true, true, true, true, true, true, true, true, true, true, true, true, true, true, true, true, true, true, true, true, true, true, true, true, true, true, true, true]
Jan 15, 2015 6:21:03 PM org.ccnx.ccn.profiles.sync.SyncTestRepo checkCallbacks
DETALHADO: got segment 17
Jan 15, 2015 6:21:03 PM org.ccnx.ccn.profiles.sync.SyncTestRepo checkCallbacks
DETALHADO: received: [true, true, true, true, true, true, true, true, true, true, true, true, true, true, true, true, true, true, true, true, true, true, true, true, true, true, true, true, true, true, true, true, true, true, true, true, true, true, true, true, true, true, true, true, true, true, true, true, true, true, true, true, true, true, true, true, true, true, true, true, true, true, true, true, true, true, true, true, true, true, true, true, true, true, true, true, true, true, true, true, true, true, true, true, true, true, true, true, true, true, true, false, false, false, false, false, false, false, false, false, false] finished: [true, true, true, true, true, true, true, true, true, true, true, true, true, true, true, true, true, true, true, true, true, true, true, true, true, true, true, true, true, true, true, true, true, true, true, true, true, true, true, true, true, true, true, true, true, true, true, true, true, true, true, true, true, true, true, true, true, true, true, true, true, true, true, true, true, true, true, true, true, true, true, true, true, true, true, true, true, true, true, true, true, true, true, true, true, true, true, true, true, true, true, true, true, true, true, true, true, true, true, true, true]
Jan 15, 2015 6:21:03 PM org.ccnx.ccn.profiles.sync.SyncTestRepo checkCallbacks
DETALHADO: got segment 18
Jan 15, 2015 6:21:03 PM org.ccnx.ccn.profiles.sync.SyncTestRepo checkCallbacks
DETALHADO: received: [true, true, true, true, true, true, true, true, true, true, true, true, true, true, true, true, true, true, true, true, true, true, true, true, true, true, true, true, true, true, true, true, true, true, true, true, true, true, true, true, true, true, true, true, true, true, true, true, true, true, true, true, true, true, true, true, true, true, true, true, true, true, true, true, true, true, true, true, true, true, true, true, true, true, true, true, true, true, true, true, true, true, true, true, true, true, true, true, true, true, true, false, false, false, false, false, false, false, false, false, false] finished: [true, true, true, true, true, true, true, true, true, true, true, true, true, true, true, true, true, true, true, true, true, true, true, true, true, true, true, true, true, true, true, true, true, true, true, true, true, true, true, true, true, true, true, true, true, true, true, true, true, true, true, true, true, true, true, true, true, true, true, true, true, true, true, true, true, true, true, true, true, true, true, true, true, true, true, true, true, true, true, true, true, true, true, true, true, true, true, true, true, true, true, true, true, true, true, true, true, true, true, true, true]
Jan 15, 2015 6:21:03 PM org.ccnx.ccn.profiles.sync.SyncTestRepo checkCallbacks
DETALHADO: got segment 19
Jan 15, 2015 6:21:03 PM org.ccnx.ccn.profiles.sync.SyncTestRepo checkCallbacks
DETALHADO: received: [true, true, true, true, true, true, true, true, true, true, true, true, true, true, true, true, true, true, true, true, true, true, true, true, true, true, true, true, true, true, true, true, true, true, true, true, true, true, true, true, true, true, true, true, true, true, true, true, true, true, true, true, true, true, true, true, true, true, true, true, true, true, true, true, true, true, true, true, true, true, true, true, true, true, true, true, true, true, true, true, true, true, true, true, true, true, true, true, true, true, true, false, false, false, false, false, false, false, false, false, false] finished: [true, true, true, true, true, true, true, true, true, true, true, true, true, true, true, true, true, true, true, true, true, true, true, true, true, true, true, true, true, true, true, true, true, true, true, true, true, true, true, true, true, true, true, true, true, true, true, true, true, true, true, true, true, true, true, true, true, true, true, true, true, true, true, true, true, true, true, true, true, true, true, true, true, true, true, true, true, true, true, true, true, true, true, true, true, true, true, true, true, true, true, true, true, true, true, true, true, true, true, true, true]
Jan 15, 2015 6:21:03 PM org.ccnx.ccn.profiles.sync.SyncTestRepo checkCallbacks
DETALHADO: got segment 20
Jan 15, 2015 6:21:03 PM org.ccnx.ccn.profiles.sync.SyncTestRepo checkCallbacks
DETALHADO: received: [true, true, true, true, true, true, true, true, true, true, true, true, true, true, true, true, true, true, true, true, true, true, true, true, true, true, true, true, true, true, true, true, true, true, true, true, true, true, true, true, true, true, true, true, true, true, true, true, true, true, true, true, true, true, true, true, true, true, true, true, true, true, true, true, true, true, true, true, true, true, true, true, true, true, true, true, true, true, true, true, true, true, true, true, true, true, true, true, true, true, true, false, false, false, false, false, false, false, false, false, false] finished: [true, true, true, true, true, true, true, true, true, true, true, true, true, true, true, true, true, true, true, true, true, true, true, true, true, true, true, true, true, true, true, true, true, true, true, true, true, true, true, true, true, true, true, true, true, true, true, true, true, true, true, true, true, true, true, true, true, true, true, true, true, true, true, true, true, true, true, true, true, true, true, true, true, true, true, true, true, true, true, true, true, true, true, true, true, true, true, true, true, true, true, true, true, true, true, true, true, true, true, true, true]
Jan 15, 2015 6:21:03 PM org.ccnx.ccn.profiles.sync.SyncTestRepo checkCallbacks
DETALHADO: got segment 21
Jan 15, 2015 6:21:03 PM org.ccnx.ccn.profiles.sync.SyncTestRepo checkCallbacks
DETALHADO: received: [true, true, true, true, true, true, true, true, true, true, true, true, true, true, true, true, true, true, true, true, true, true, true, true, true, true, true, true, true, true, true, true, true, true, true, true, true, true, true, true, true, true, true, true, true, true, true, true, true, true, true, true, true, true, true, true, true, true, true, true, true, true, true, true, true, true, true, true, true, true, true, true, true, true, true, true, true, true, true, true, true, true, true, true, true, true, true, true, true, true, true, false, false, false, false, false, false, false, false, false, false] finished: [true, true, true, true, true, true, true, true, true, true, true, true, true, true, true, true, true, true, true, true, true, true, true, true, true, true, true, true, true, true, true, true, true, true, true, true, true, true, true, true, true, true, true, true, true, true, true, true, true, true, true, true, true, true, true, true, true, true, true, true, true, true, true, true, true, true, true, true, true, true, true, true, true, true, true, true, true, true, true, true, true, true, true, true, true, true, true, true, true, true, true, true, true, true, true, true, true, true, true, true, true]
Jan 15, 2015 6:21:03 PM org.ccnx.ccn.profiles.sync.SyncTestRepo checkCallbacks
DETALHADO: got segment 22
Jan 15, 2015 6:21:03 PM org.ccnx.ccn.profiles.sync.SyncTestRepo checkCallbacks
DETALHADO: received: [true, true, true, true, true, true, true, true, true, true, true, true, true, true, true, true, true, true, true, true, true, true, true, true, true, true, true, true, true, true, true, true, true, true, true, true, true, true, true, true, true, true, true, true, true, true, true, true, true, true, true, true, true, true, true, true, true, true, true, true, true, true, true, true, true, true, true, true, true, true, true, true, true, true, true, true, true, true, true, true, true, true, true, true, true, true, true, true, true, true, true, false, false, false, false, false, false, false, false, false, false] finished: [true, true, true, true, true, true, true, true, true, true, true, true, true, true, true, true, true, true, true, true, true, true, true, true, true, true, true, true, true, true, true, true, true, true, true, true, true, true, true, true, true, true, true, true, true, true, true, true, true, true, true, true, true, true, true, true, true, true, true, true, true, true, true, true, true, true, true, true, true, true, true, true, true, true, true, true, true, true, true, true, true, true, true, true, true, true, true, true, true, true, true, true, true, true, true, true, true, true, true, true, true]
Jan 15, 2015 6:21:03 PM org.ccnx.ccn.profiles.sync.SyncTestRepo checkCallbacks
DETALHADO: got segment 23
Jan 15, 2015 6:21:03 PM org.ccnx.ccn.profiles.sync.SyncTestRepo checkCallbacks
DETALHADO: received: [true, true, true, true, true, true, true, true, true, true, true, true, true, true, true, true, true, true, true, true, true, true, true, true, true, true, true, true, true, true, true, true, true, true, true, true, true, true, true, true, true, true, true, true, true, true, true, true, true, true, true, true, true, true, true, true, true, true, true, true, true, true, true, true, true, true, true, true, true, true, true, true, true, true, true, true, true, true, true, true, true, true, true, true, true, true, true, true, true, true, true, false, false, false, false, false, false, false, false, false, false] finished: [true, true, true, true, true, true, true, true, true, true, true, true, true, true, true, true, true, true, true, true, true, true, true, true, true, true, true, true, true, true, true, true, true, true, true, true, true, true, true, true, true, true, true, true, true, true, true, true, true, true, true, true, true, true, true, true, true, true, true, true, true, true, true, true, true, true, true, true, true, true, true, true, true, true, true, true, true, true, true, true, true, true, true, true, true, true, true, true, true, true, true, true, true, true, true, true, true, true, true, true, true]
Jan 15, 2015 6:21:03 PM org.ccnx.ccn.profiles.sync.SyncTestRepo checkCallbacks
DETALHADO: got segment 24
Jan 15, 2015 6:21:03 PM org.ccnx.ccn.profiles.sync.SyncTestRepo checkCallbacks
DETALHADO: received: [true, true, true, true, true, true, true, true, true, true, true, true, true, true, true, true, true, true, true, true, true, true, true, true, true, true, true, true, true, true, true, true, true, true, true, true, true, true, true, true, true, true, true, true, true, true, true, true, true, true, true, true, true, true, true, true, true, true, true, true, true, true, true, true, true, true, true, true, true, true, true, true, true, true, true, true, true, true, true, true, true, true, true, true, true, true, true, true, true, true, true, false, false, false, false, false, false, false, false, false, false] finished: [true, true, true, true, true, true, true, true, true, true, true, true, true, true, true, true, true, true, true, true, true, true, true, true, true, true, true, true, true, true, true, true, true, true, true, true, true, true, true, true, true, true, true, true, true, true, true, true, true, true, true, true, true, true, true, true, true, true, true, true, true, true, true, true, true, true, true, true, true, true, true, true, true, true, true, true, true, true, true, true, true, true, true, true, true, true, true, true, true, true, true, true, true, true, true, true, true, true, true, true, true]
Jan 15, 2015 6:21:03 PM org.ccnx.ccn.profiles.sync.SyncTestRepo checkCallbacks
DETALHADO: got segment 25
Jan 15, 2015 6:21:03 PM org.ccnx.ccn.profiles.sync.SyncTestRepo checkCallbacks
DETALHADO: received: [true, true, true, true, true, true, true, true, true, true, true, true, true, true, true, true, true, true, true, true, true, true, true, true, true, true, true, true, true, true, true, true, true, true, true, true, true, true, true, true, true, true, true, true, true, true, true, true, true, true, true, true, true, true, true, true, true, true, true, true, true, true, true, true, true, true, true, true, true, true, true, true, true, true, true, true, true, true, true, true, true, true, true, true, true, true, true, true, true, true, true, false, false, false, false, false, false, false, false, false, false] finished: [true, true, true, true, true, true, true, true, true, true, true, true, true, true, true, true, true, true, true, true, true, true, true, true, true, true, true, true, true, true, true, true, true, true, true, true, true, true, true, true, true, true, true, true, true, true, true, true, true, true, true, true, true, true, true, true, true, true, true, true, true, true, true, true, true, true, true, true, true, true, true, true, true, true, true, true, true, true, true, true, true, true, true, true, true, true, true, true, true, true, true, true, true, true, true, true, true, true, true, true, true]
Jan 15, 2015 6:21:03 PM org.ccnx.ccn.profiles.sync.SyncTestRepo checkCallbacks
DETALHADO: got segment 26
Jan 15, 2015 6:21:03 PM org.ccnx.ccn.profiles.sync.SyncTestRepo checkCallbacks
DETALHADO: received: [true, true, true, true, true, true, true, true, true, true, true, true, true, true, true, true, true, true, true, true, true, true, true, true, true, true, true, true, true, true, true, true, true, true, true, true, true, true, true, true, true, true, true, true, true, true, true, true, true, true, true, true, true, true, true, true, true, true, true, true, true, true, true, true, true, true, true, true, true, true, true, true, true, true, true, true, true, true, true, true, true, true, true, true, true, true, true, true, true, true, true, false, false, false, false, false, false, false, false, false, false] finished: [true, true, true, true, true, true, true, true, true, true, true, true, true, true, true, true, true, true, true, true, true, true, true, true, true, true, true, true, true, true, true, true, true, true, true, true, true, true, true, true, true, true, true, true, true, true, true, true, true, true, true, true, true, true, true, true, true, true, true, true, true, true, true, true, true, true, true, true, true, true, true, true, true, true, true, true, true, true, true, true, true, true, true, true, true, true, true, true, true, true, true, true, true, true, true, true, true, true, true, true, true]
Jan 15, 2015 6:21:03 PM org.ccnx.ccn.profiles.sync.SyncTestRepo checkCallbacks
DETALHADO: got segment 27
Jan 15, 2015 6:21:03 PM org.ccnx.ccn.profiles.sync.SyncTestRepo checkCallbacks
DETALHADO: received: [true, true, true, true, true, true, true, true, true, true, true, true, true, true, true, true, true, true, true, true, true, true, true, true, true, true, true, true, true, true, true, true, true, true, true, true, true, true, true, true, true, true, true, true, true, true, true, true, true, true, true, true, true, true, true, true, true, true, true, true, true, true, true, true, true, true, true, true, true, true, true, true, true, true, true, true, true, true, true, true, true, true, true, true, true, true, true, true, true, true, true, false, false, false, false, false, false, false, false, false, false] finished: [true, true, true, true, true, true, true, true, true, true, true, true, true, true, true, true, true, true, true, true, true, true, true, true, true, true, true, true, true, true, true, true, true, true, true, true, true, true, true, true, true, true, true, true, true, true, true, true, true, true, true, true, true, true, true, true, true, true, true, true, true, true, true, true, true, true, true, true, true, true, true, true, true, true, true, true, true, true, true, true, true, true, true, true, true, true, true, true, true, true, true, true, true, true, true, true, true, true, true, true, true]
Jan 15, 2015 6:21:03 PM org.ccnx.ccn.profiles.sync.SyncTestRepo checkCallbacks
DETALHADO: got segment 28
Jan 15, 2015 6:21:03 PM org.ccnx.ccn.profiles.sync.SyncTestRepo checkCallbacks
DETALHADO: received: [true, true, true, true, true, true, true, true, true, true, true, true, true, true, true, true, true, true, true, true, true, true, true, true, true, true, true, true, true, true, true, true, true, true, true, true, true, true, true, true, true, true, true, true, true, true, true, true, true, true, true, true, true, true, true, true, true, true, true, true, true, true, true, true, true, true, true, true, true, true, true, true, true, true, true, true, true, true, true, true, true, true, true, true, true, true, true, true, true, true, true, false, false, false, false, false, false, false, false, false, false] finished: [true, true, true, true, true, true, true, true, true, true, true, true, true, true, true, true, true, true, true, true, true, true, true, true, true, true, true, true, true, true, true, true, true, true, true, true, true, true, true, true, true, true, true, true, true, true, true, true, true, true, true, true, true, true, true, true, true, true, true, true, true, true, true, true, true, true, true, true, true, true, true, true, true, true, true, true, true, true, true, true, true, true, true, true, true, true, true, true, true, true, true, true, true, true, true, true, true, true, true, true, true]
Jan 15, 2015 6:21:03 PM org.ccnx.ccn.profiles.sync.SyncTestRepo checkCallbacks
DETALHADO: got segment 29
Jan 15, 2015 6:21:03 PM org.ccnx.ccn.profiles.sync.SyncTestRepo checkCallbacks
DETALHADO: received: [true, true, true, true, true, true, true, true, true, true, true, true, true, true, true, true, true, true, true, true, true, true, true, true, true, true, true, true, true, true, true, true, true, true, true, true, true, true, true, true, true, true, true, true, true, true, true, true, true, true, true, true, true, true, true, true, true, true, true, true, true, true, true, true, true, true, true, true, true, true, true, true, true, true, true, true, true, true, true, true, true, true, true, true, true, true, true, true, true, true, true, false, false, false, false, false, false, false, false, false, false] finished: [true, true, true, true, true, true, true, true, true, true, true, true, true, true, true, true, true, true, true, true, true, true, true, true, true, true, true, true, true, true, true, true, true, true, true, true, true, true, true, true, true, true, true, true, true, true, true, true, true, true, true, true, true, true, true, true, true, true, true, true, true, true, true, true, true, true, true, true, true, true, true, true, true, true, true, true, true, true, true, true, true, true, true, true, true, true, true, true, true, true, true, true, true, true, true, true, true, true, true, true, true]
Jan 15, 2015 6:21:03 PM org.ccnx.ccn.profiles.sync.SyncTestRepo checkCallbacks
DETALHADO: got segment 30
Jan 15, 2015 6:21:03 PM org.ccnx.ccn.profiles.sync.SyncTestRepo checkCallbacks
DETALHADO: received: [true, true, true, true, true, true, true, true, true, true, true, true, true, true, true, true, true, true, true, true, true, true, true, true, true, true, true, true, true, true, true, true, true, true, true, true, true, true, true, true, true, true, true, true, true, true, true, true, true, true, true, true, true, true, true, true, true, true, true, true, true, true, true, true, true, true, true, true, true, true, true, true, true, true, true, true, true, true, true, true, true, true, true, true, true, true, true, true, true, true, true, false, false, false, false, false, false, false, false, false, false] finished: [true, true, true, true, true, true, true, true, true, true, true, true, true, true, true, true, true, true, true, true, true, true, true, true, true, true, true, true, true, true, true, true, true, true, true, true, true, true, true, true, true, true, true, true, true, true, true, true, true, true, true, true, true, true, true, true, true, true, true, true, true, true, true, true, true, true, true, true, true, true, true, true, true, true, true, true, true, true, true, true, true, true, true, true, true, true, true, true, true, true, true, true, true, true, true, true, true, true, true, true, true]
Jan 15, 2015 6:21:03 PM org.ccnx.ccn.profiles.sync.SyncTestRepo checkCallbacks
DETALHADO: got segment 31
Jan 15, 2015 6:21:03 PM org.ccnx.ccn.profiles.sync.SyncTestRepo checkCallbacks
DETALHADO: received: [true, true, true, true, true, true, true, true, true, true, true, true, true, true, true, true, true, true, true, true, true, true, true, true, true, true, true, true, true, true, true, true, true, true, true, true, true, true, true, true, true, true, true, true, true, true, true, true, true, true, true, true, true, true, true, true, true, true, true, true, true, true, true, true, true, true, true, true, true, true, true, true, true, true, true, true, true, true, true, true, true, true, true, true, true, true, true, true, true, true, true, false, false, false, false, false, false, false, false, false, false] finished: [true, true, true, true, true, true, true, true, true, true, true, true, true, true, true, true, true, true, true, true, true, true, true, true, true, true, true, true, true, true, true, true, true, true, true, true, true, true, true, true, true, true, true, true, true, true, true, true, true, true, true, true, true, true, true, true, true, true, true, true, true, true, true, true, true, true, true, true, true, true, true, true, true, true, true, true, true, true, true, true, true, true, true, true, true, true, true, true, true, true, true, true, true, true, true, true, true, true, true, true, true]
Jan 15, 2015 6:21:03 PM org.ccnx.ccn.profiles.sync.SyncTestRepo checkCallbacks
DETALHADO: got segment 32
Jan 15, 2015 6:21:03 PM org.ccnx.ccn.profiles.sync.SyncTestRepo checkCallbacks
DETALHADO: received: [true, true, true, true, true, true, true, true, true, true, true, true, true, true, true, true, true, true, true, true, true, true, true, true, true, true, true, true, true, true, true, true, true, true, true, true, true, true, true, true, true, true, true, true, true, true, true, true, true, true, true, true, true, true, true, true, true, true, true, true, true, true, true, true, true, true, true, true, true, true, true, true, true, true, true, true, true, true, true, true, true, true, true, true, true, true, true, true, true, true, true, false, false, false, false, false, false, false, false, false, false] finished: [true, true, true, true, true, true, true, true, true, true, true, true, true, true, true, true, true, true, true, true, true, true, true, true, true, true, true, true, true, true, true, true, true, true, true, true, true, true, true, true, true, true, true, true, true, true, true, true, true, true, true, true, true, true, true, true, true, true, true, true, true, true, true, true, true, true, true, true, true, true, true, true, true, true, true, true, true, true, true, true, true, true, true, true, true, true, true, true, true, true, true, true, true, true, true, true, true, true, true, true, true]
Jan 15, 2015 6:21:03 PM org.ccnx.ccn.profiles.sync.SyncTestRepo checkCallbacks
DETALHADO: got segment 33
Jan 15, 2015 6:21:03 PM org.ccnx.ccn.profiles.sync.SyncTestRepo checkCallbacks
DETALHADO: received: [true, true, true, true, true, true, true, true, true, true, true, true, true, true, true, true, true, true, true, true, true, true, true, true, true, true, true, true, true, true, true, true, true, true, true, true, true, true, true, true, true, true, true, true, true, true, true, true, true, true, true, true, true, true, true, true, true, true, true, true, true, true, true, true, true, true, true, true, true, true, true, true, true, true, true, true, true, true, true, true, true, true, true, true, true, true, true, true, true, true, true, false, false, false, false, false, false, false, false, false, false] finished: [true, true, true, true, true, true, true, true, true, true, true, true, true, true, true, true, true, true, true, true, true, true, true, true, true, true, true, true, true, true, true, true, true, true, true, true, true, true, true, true, true, true, true, true, true, true, true, true, true, true, true, true, true, true, true, true, true, true, true, true, true, true, true, true, true, true, true, true, true, true, true, true, true, true, true, true, true, true, true, true, true, true, true, true, true, true, true, true, true, true, true, true, true, true, true, true, true, true, true, true, true]
Jan 15, 2015 6:21:03 PM org.ccnx.ccn.profiles.sync.SyncTestRepo checkCallbacks
DETALHADO: got segment 34
Jan 15, 2015 6:21:03 PM org.ccnx.ccn.profiles.sync.SyncTestRepo checkCallbacks
DETALHADO: received: [true, true, true, true, true, true, true, true, true, true, true, true, true, true, true, true, true, true, true, true, true, true, true, true, true, true, true, true, true, true, true, true, true, true, true, true, true, true, true, true, true, true, true, true, true, true, true, true, true, true, true, true, true, true, true, true, true, true, true, true, true, true, true, true, true, true, true, true, true, true, true, true, true, true, true, true, true, true, true, true, true, true, true, true, true, true, true, true, true, true, true, false, false, false, false, false, false, false, false, false, false] finished: [true, true, true, true, true, true, true, true, true, true, true, true, true, true, true, true, true, true, true, true, true, true, true, true, true, true, true, true, true, true, true, true, true, true, true, true, true, true, true, true, true, true, true, true, true, true, true, true, true, true, true, true, true, true, true, true, true, true, true, true, true, true, true, true, true, true, true, true, true, true, true, true, true, true, true, true, true, true, true, true, true, true, true, true, true, true, true, true, true, true, true, true, true, true, true, true, true, true, true, true, true]
Jan 15, 2015 6:21:03 PM org.ccnx.ccn.profiles.sync.SyncTestRepo checkCallbacks
DETALHADO: got segment 35
Jan 15, 2015 6:21:03 PM org.ccnx.ccn.profiles.sync.SyncTestRepo checkCallbacks
DETALHADO: received: [true, true, true, true, true, true, true, true, true, true, true, true, true, true, true, true, true, true, true, true, true, true, true, true, true, true, true, true, true, true, true, true, true, true, true, true, true, true, true, true, true, true, true, true, true, true, true, true, true, true, true, true, true, true, true, true, true, true, true, true, true, true, true, true, true, true, true, true, true, true, true, true, true, true, true, true, true, true, true, true, true, true, true, true, true, true, true, true, true, true, true, false, false, false, false, false, false, false, false, false, false] finished: [true, true, true, true, true, true, true, true, true, true, true, true, true, true, true, true, true, true, true, true, true, true, true, true, true, true, true, true, true, true, true, true, true, true, true, true, true, true, true, true, true, true, true, true, true, true, true, true, true, true, true, true, true, true, true, true, true, true, true, true, true, true, true, true, true, true, true, true, true, true, true, true, true, true, true, true, true, true, true, true, true, true, true, true, true, true, true, true, true, true, true, true, true, true, true, true, true, true, true, true, true]
Jan 15, 2015 6:21:03 PM org.ccnx.ccn.profiles.sync.SyncTestRepo checkCallbacks
DETALHADO: got segment 36
Jan 15, 2015 6:21:03 PM org.ccnx.ccn.profiles.sync.SyncTestRepo checkCallbacks
DETALHADO: received: [true, true, true, true, true, true, true, true, true, true, true, true, true, true, true, true, true, true, true, true, true, true, true, true, true, true, true, true, true, true, true, true, true, true, true, true, true, true, true, true, true, true, true, true, true, true, true, true, true, true, true, true, true, true, true, true, true, true, true, true, true, true, true, true, true, true, true, true, true, true, true, true, true, true, true, true, true, true, true, true, true, true, true, true, true, true, true, true, true, true, true, false, false, false, false, false, false, false, false, false, false] finished: [true, true, true, true, true, true, true, true, true, true, true, true, true, true, true, true, true, true, true, true, true, true, true, true, true, true, true, true, true, true, true, true, true, true, true, true, true, true, true, true, true, true, true, true, true, true, true, true, true, true, true, true, true, true, true, true, true, true, true, true, true, true, true, true, true, true, true, true, true, true, true, true, true, true, true, true, true, true, true, true, true, true, true, true, true, true, true, true, true, true, true, true, true, true, true, true, true, true, true, true, true]
Jan 15, 2015 6:21:03 PM org.ccnx.ccn.profiles.sync.SyncTestRepo checkCallbacks
DETALHADO: got segment 37
Jan 15, 2015 6:21:03 PM org.ccnx.ccn.profiles.sync.SyncTestRepo checkCallbacks
DETALHADO: received: [true, true, true, true, true, true, true, true, true, true, true, true, true, true, true, true, true, true, true, true, true, true, true, true, true, true, true, true, true, true, true, true, true, true, true, true, true, true, true, true, true, true, true, true, true, true, true, true, true, true, true, true, true, true, true, true, true, true, true, true, true, true, true, true, true, true, true, true, true, true, true, true, true, true, true, true, true, true, true, true, true, true, true, true, true, true, true, true, true, true, true, false, false, false, false, false, false, false, false, false, false] finished: [true, true, true, true, true, true, true, true, true, true, true, true, true, true, true, true, true, true, true, true, true, true, true, true, true, true, true, true, true, true, true, true, true, true, true, true, true, true, true, true, true, true, true, true, true, true, true, true, true, true, true, true, true, true, true, true, true, true, true, true, true, true, true, true, true, true, true, true, true, true, true, true, true, true, true, true, true, true, true, true, true, true, true, true, true, true, true, true, true, true, true, true, true, true, true, true, true, true, true, true, true]
Jan 15, 2015 6:21:03 PM org.ccnx.ccn.profiles.sync.SyncTestRepo checkCallbacks
DETALHADO: got segment 38
Jan 15, 2015 6:21:03 PM org.ccnx.ccn.profiles.sync.SyncTestRepo checkCallbacks
DETALHADO: received: [true, true, true, true, true, true, true, true, true, true, true, true, true, true, true, true, true, true, true, true, true, true, true, true, true, true, true, true, true, true, true, true, true, true, true, true, true, true, true, true, true, true, true, true, true, true, true, true, true, true, true, true, true, true, true, true, true, true, true, true, true, true, true, true, true, true, true, true, true, true, true, true, true, true, true, true, true, true, true, true, true, true, true, true, true, true, true, true, true, true, true, false, false, false, false, false, false, false, false, false, false] finished: [true, true, true, true, true, true, true, true, true, true, true, true, true, true, true, true, true, true, true, true, true, true, true, true, true, true, true, true, true, true, true, true, true, true, true, true, true, true, true, true, true, true, true, true, true, true, true, true, true, true, true, true, true, true, true, true, true, true, true, true, true, true, true, true, true, true, true, true, true, true, true, true, true, true, true, true, true, true, true, true, true, true, true, true, true, true, true, true, true, true, true, true, true, true, true, true, true, true, true, true, true]
Jan 15, 2015 6:21:03 PM org.ccnx.ccn.profiles.sync.SyncTestRepo checkCallbacks
DETALHADO: got segment 39
Jan 15, 2015 6:21:03 PM org.ccnx.ccn.profiles.sync.SyncTestRepo checkCallbacks
DETALHADO: received: [true, true, true, true, true, true, true, true, true, true, true, true, true, true, true, true, true, true, true, true, true, true, true, true, true, true, true, true, true, true, true, true, true, true, true, true, true, true, true, true, true, true, true, true, true, true, true, true, true, true, true, true, true, true, true, true, true, true, true, true, true, true, true, true, true, true, true, true, true, true, true, true, true, true, true, true, true, true, true, true, true, true, true, true, true, true, true, true, true, true, true, false, false, false, false, false, false, false, false, false, false] finished: [true, true, true, true, true, true, true, true, true, true, true, true, true, true, true, true, true, true, true, true, true, true, true, true, true, true, true, true, true, true, true, true, true, true, true, true, true, true, true, true, true, true, true, true, true, true, true, true, true, true, true, true, true, true, true, true, true, true, true, true, true, true, true, true, true, true, true, true, true, true, true, true, true, true, true, true, true, true, true, true, true, true, true, true, true, true, true, true, true, true, true, true, true, true, true, true, true, true, true, true, true]
Jan 15, 2015 6:21:03 PM org.ccnx.ccn.profiles.sync.SyncTestRepo checkCallbacks
DETALHADO: got segment 40
Jan 15, 2015 6:21:03 PM org.ccnx.ccn.profiles.sync.SyncTestRepo checkCallbacks
DETALHADO: received: [true, true, true, true, true, true, true, true, true, true, true, true, true, true, true, true, true, true, true, true, true, true, true, true, true, true, true, true, true, true, true, true, true, true, true, true, true, true, true, true, true, true, true, true, true, true, true, true, true, true, true, true, true, true, true, true, true, true, true, true, true, true, true, true, true, true, true, true, true, true, true, true, true, true, true, true, true, true, true, true, true, true, true, true, true, true, true, true, true, true, true, false, false, false, false, false, false, false, false, false, false] finished: [true, true, true, true, true, true, true, true, true, true, true, true, true, true, true, true, true, true, true, true, true, true, true, true, true, true, true, true, true, true, true, true, true, true, true, true, true, true, true, true, true, true, true, true, true, true, true, true, true, true, true, true, true, true, true, true, true, true, true, true, true, true, true, true, true, true, true, true, true, true, true, true, true, true, true, true, true, true, true, true, true, true, true, true, true, true, true, true, true, true, true, true, true, true, true, true, true, true, true, true, true]
Jan 15, 2015 6:21:03 PM org.ccnx.ccn.profiles.sync.SyncTestRepo checkCallbacks
DETALHADO: got segment 41
Jan 15, 2015 6:21:03 PM org.ccnx.ccn.profiles.sync.SyncTestRepo checkCallbacks
DETALHADO: received: [true, true, true, true, true, true, true, true, true, true, true, true, true, true, true, true, true, true, true, true, true, true, true, true, true, true, true, true, true, true, true, true, true, true, true, true, true, true, true, true, true, true, true, true, true, true, true, true, true, true, true, true, true, true, true, true, true, true, true, true, true, true, true, true, true, true, true, true, true, true, true, true, true, true, true, true, true, true, true, true, true, true, true, true, true, true, true, true, true, true, true, false, false, false, false, false, false, false, false, false, false] finished: [true, true, true, true, true, true, true, true, true, true, true, true, true, true, true, true, true, true, true, true, true, true, true, true, true, true, true, true, true, true, true, true, true, true, true, true, true, true, true, true, true, true, true, true, true, true, true, true, true, true, true, true, true, true, true, true, true, true, true, true, true, true, true, true, true, true, true, true, true, true, true, true, true, true, true, true, true, true, true, true, true, true, true, true, true, true, true, true, true, true, true, true, true, true, true, true, true, true, true, true, true]
Jan 15, 2015 6:21:03 PM org.ccnx.ccn.profiles.sync.SyncTestRepo checkCallbacks
DETALHADO: got segment 42
Jan 15, 2015 6:21:03 PM org.ccnx.ccn.profiles.sync.SyncTestRepo checkCallbacks
DETALHADO: received: [true, true, true, true, true, true, true, true, true, true, true, true, true, true, true, true, true, true, true, true, true, true, true, true, true, true, true, true, true, true, true, true, true, true, true, true, true, true, true, true, true, true, true, true, true, true, true, true, true, true, true, true, true, true, true, true, true, true, true, true, true, true, true, true, true, true, true, true, true, true, true, true, true, true, true, true, true, true, true, true, true, true, true, true, true, true, true, true, true, true, true, false, false, false, false, false, false, false, false, false, false] finished: [true, true, true, true, true, true, true, true, true, true, true, true, true, true, true, true, true, true, true, true, true, true, true, true, true, true, true, true, true, true, true, true, true, true, true, true, true, true, true, true, true, true, true, true, true, true, true, true, true, true, true, true, true, true, true, true, true, true, true, true, true, true, true, true, true, true, true, true, true, true, true, true, true, true, true, true, true, true, true, true, true, true, true, true, true, true, true, true, true, true, true, true, true, true, true, true, true, true, true, true, true]
Jan 15, 2015 6:21:03 PM org.ccnx.ccn.profiles.sync.SyncTestRepo checkCallbacks
DETALHADO: got segment 43
Jan 15, 2015 6:21:03 PM org.ccnx.ccn.profiles.sync.SyncTestRepo checkCallbacks
DETALHADO: received: [true, true, true, true, true, true, true, true, true, true, true, true, true, true, true, true, true, true, true, true, true, true, true, true, true, true, true, true, true, true, true, true, true, true, true, true, true, true, true, true, true, true, true, true, true, true, true, true, true, true, true, true, true, true, true, true, true, true, true, true, true, true, true, true, true, true, true, true, true, true, true, true, true, true, true, true, true, true, true, true, true, true, true, true, true, true, true, true, true, true, true, false, false, false, false, false, false, false, false, false, false] finished: [true, true, true, true, true, true, true, true, true, true, true, true, true, true, true, true, true, true, true, true, true, true, true, true, true, true, true, true, true, true, true, true, true, true, true, true, true, true, true, true, true, true, true, true, true, true, true, true, true, true, true, true, true, true, true, true, true, true, true, true, true, true, true, true, true, true, true, true, true, true, true, true, true, true, true, true, true, true, true, true, true, true, true, true, true, true, true, true, true, true, true, true, true, true, true, true, true, true, true, true, true]
Jan 15, 2015 6:21:03 PM org.ccnx.ccn.profiles.sync.SyncTestRepo checkCallbacks
DETALHADO: got segment 44
Jan 15, 2015 6:21:03 PM org.ccnx.ccn.profiles.sync.SyncTestRepo checkCallbacks
DETALHADO: received: [true, true, true, true, true, true, true, true, true, true, true, true, true, true, true, true, true, true, true, true, true, true, true, true, true, true, true, true, true, true, true, true, true, true, true, true, true, true, true, true, true, true, true, true, true, true, true, true, true, true, true, true, true, true, true, true, true, true, true, true, true, true, true, true, true, true, true, true, true, true, true, true, true, true, true, true, true, true, true, true, true, true, true, true, true, true, true, true, true, true, true, false, false, false, false, false, false, false, false, false, false] finished: [true, true, true, true, true, true, true, true, true, true, true, true, true, true, true, true, true, true, true, true, true, true, true, true, true, true, true, true, true, true, true, true, true, true, true, true, true, true, true, true, true, true, true, true, true, true, true, true, true, true, true, true, true, true, true, true, true, true, true, true, true, true, true, true, true, true, true, true, true, true, true, true, true, true, true, true, true, true, true, true, true, true, true, true, true, true, true, true, true, true, true, true, true, true, true, true, true, true, true, true, true]
Jan 15, 2015 6:21:03 PM org.ccnx.ccn.profiles.sync.SyncTestRepo checkCallbacks
DETALHADO: got segment 45
Jan 15, 2015 6:21:03 PM org.ccnx.ccn.profiles.sync.SyncTestRepo checkCallbacks
DETALHADO: received: [true, true, true, true, true, true, true, true, true, true, true, true, true, true, true, true, true, true, true, true, true, true, true, true, true, true, true, true, true, true, true, true, true, true, true, true, true, true, true, true, true, true, true, true, true, true, true, true, true, true, true, true, true, true, true, true, true, true, true, true, true, true, true, true, true, true, true, true, true, true, true, true, true, true, true, true, true, true, true, true, true, true, true, true, true, true, true, true, true, true, true, false, false, false, false, false, false, false, false, false, false] finished: [true, true, true, true, true, true, true, true, true, true, true, true, true, true, true, true, true, true, true, true, true, true, true, true, true, true, true, true, true, true, true, true, true, true, true, true, true, true, true, true, true, true, true, true, true, true, true, true, true, true, true, true, true, true, true, true, true, true, true, true, true, true, true, true, true, true, true, true, true, true, true, true, true, true, true, true, true, true, true, true, true, true, true, true, true, true, true, true, true, true, true, true, true, true, true, true, true, true, true, true, true]
Jan 15, 2015 6:21:03 PM org.ccnx.ccn.profiles.sync.SyncTestRepo checkCallbacks
DETALHADO: got segment 46
Jan 15, 2015 6:21:03 PM org.ccnx.ccn.profiles.sync.SyncTestRepo checkCallbacks
DETALHADO: received: [true, true, true, true, true, true, true, true, true, true, true, true, true, true, true, true, true, true, true, true, true, true, true, true, true, true, true, true, true, true, true, true, true, true, true, true, true, true, true, true, true, true, true, true, true, true, true, true, true, true, true, true, true, true, true, true, true, true, true, true, true, true, true, true, true, true, true, true, true, true, true, true, true, true, true, true, true, true, true, true, true, true, true, true, true, true, true, true, true, true, true, false, false, false, false, false, false, false, false, false, false] finished: [true, true, true, true, true, true, true, true, true, true, true, true, true, true, true, true, true, true, true, true, true, true, true, true, true, true, true, true, true, true, true, true, true, true, true, true, true, true, true, true, true, true, true, true, true, true, true, true, true, true, true, true, true, true, true, true, true, true, true, true, true, true, true, true, true, true, true, true, true, true, true, true, true, true, true, true, true, true, true, true, true, true, true, true, true, true, true, true, true, true, true, true, true, true, true, true, true, true, true, true, true]
Jan 15, 2015 6:21:03 PM org.ccnx.ccn.profiles.sync.SyncTestRepo checkCallbacks
DETALHADO: got segment 47
Jan 15, 2015 6:21:03 PM org.ccnx.ccn.profiles.sync.SyncTestRepo checkCallbacks
DETALHADO: received: [true, true, true, true, true, true, true, true, true, true, true, true, true, true, true, true, true, true, true, true, true, true, true, true, true, true, true, true, true, true, true, true, true, true, true, true, true, true, true, true, true, true, true, true, true, true, true, true, true, true, true, true, true, true, true, true, true, true, true, true, true, true, true, true, true, true, true, true, true, true, true, true, true, true, true, true, true, true, true, true, true, true, true, true, true, true, true, true, true, true, true, false, false, false, false, false, false, false, false, false, false] finished: [true, true, true, true, true, true, true, true, true, true, true, true, true, true, true, true, true, true, true, true, true, true, true, true, true, true, true, true, true, true, true, true, true, true, true, true, true, true, true, true, true, true, true, true, true, true, true, true, true, true, true, true, true, true, true, true, true, true, true, true, true, true, true, true, true, true, true, true, true, true, true, true, true, true, true, true, true, true, true, true, true, true, true, true, true, true, true, true, true, true, true, true, true, true, true, true, true, true, true, true, true]
Jan 15, 2015 6:21:03 PM org.ccnx.ccn.profiles.sync.SyncTestRepo checkCallbacks
DETALHADO: got segment 48
Jan 15, 2015 6:21:03 PM org.ccnx.ccn.profiles.sync.SyncTestRepo checkCallbacks
DETALHADO: received: [true, true, true, true, true, true, true, true, true, true, true, true, true, true, true, true, true, true, true, true, true, true, true, true, true, true, true, true, true, true, true, true, true, true, true, true, true, true, true, true, true, true, true, true, true, true, true, true, true, true, true, true, true, true, true, true, true, true, true, true, true, true, true, true, true, true, true, true, true, true, true, true, true, true, true, true, true, true, true, true, true, true, true, true, true, true, true, true, true, true, true, false, false, false, false, false, false, false, false, false, false] finished: [true, true, true, true, true, true, true, true, true, true, true, true, true, true, true, true, true, true, true, true, true, true, true, true, true, true, true, true, true, true, true, true, true, true, true, true, true, true, true, true, true, true, true, true, true, true, true, true, true, true, true, true, true, true, true, true, true, true, true, true, true, true, true, true, true, true, true, true, true, true, true, true, true, true, true, true, true, true, true, true, true, true, true, true, true, true, true, true, true, true, true, true, true, true, true, true, true, true, true, true, true]
Jan 15, 2015 6:21:03 PM org.ccnx.ccn.profiles.sync.SyncTestRepo checkCallbacks
DETALHADO: got segment 49
Jan 15, 2015 6:21:03 PM org.ccnx.ccn.profiles.sync.SyncTestRepo checkCallbacks
DETALHADO: received: [true, true, true, true, true, true, true, true, true, true, true, true, true, true, true, true, true, true, true, true, true, true, true, true, true, true, true, true, true, true, true, true, true, true, true, true, true, true, true, true, true, true, true, true, true, true, true, true, true, true, true, true, true, true, true, true, true, true, true, true, true, true, true, true, true, true, true, true, true, true, true, true, true, true, true, true, true, true, true, true, true, true, true, true, true, true, true, true, true, true, true, false, false, false, false, false, false, false, false, false, false] finished: [true, true, true, true, true, true, true, true, true, true, true, true, true, true, true, true, true, true, true, true, true, true, true, true, true, true, true, true, true, true, true, true, true, true, true, true, true, true, true, true, true, true, true, true, true, true, true, true, true, true, true, true, true, true, true, true, true, true, true, true, true, true, true, true, true, true, true, true, true, true, true, true, true, true, true, true, true, true, true, true, true, true, true, true, true, true, true, true, true, true, true, true, true, true, true, true, true, true, true, true, true]
Jan 15, 2015 6:21:03 PM org.ccnx.ccn.profiles.sync.SyncTestRepo checkCallbacks
DETALHADO: got segment 50
Jan 15, 2015 6:21:03 PM org.ccnx.ccn.profiles.sync.SyncTestRepo checkCallbacks
DETALHADO: received: [true, true, true, true, true, true, true, true, true, true, true, true, true, true, true, true, true, true, true, true, true, true, true, true, true, true, true, true, true, true, true, true, true, true, true, true, true, true, true, true, true, true, true, true, true, true, true, true, true, true, true, true, true, true, true, true, true, true, true, true, true, true, true, true, true, true, true, true, true, true, true, true, true, true, true, true, true, true, true, true, true, true, true, true, true, true, true, true, true, true, true, false, false, false, false, false, false, false, false, false, false] finished: [true, true, true, true, true, true, true, true, true, true, true, true, true, true, true, true, true, true, true, true, true, true, true, true, true, true, true, true, true, true, true, true, true, true, true, true, true, true, true, true, true, true, true, true, true, true, true, true, true, true, true, true, true, true, true, true, true, true, true, true, true, true, true, true, true, true, true, true, true, true, true, true, true, true, true, true, true, true, true, true, true, true, true, true, true, true, true, true, true, true, true, true, true, true, true, true, true, true, true, true, true]
Jan 15, 2015 6:21:03 PM org.ccnx.ccn.profiles.sync.SyncTestRepo checkCallbacks
DETALHADO: got segment 51
Jan 15, 2015 6:21:03 PM org.ccnx.ccn.profiles.sync.SyncTestRepo checkCallbacks
DETALHADO: received: [true, true, true, true, true, true, true, true, true, true, true, true, true, true, true, true, true, true, true, true, true, true, true, true, true, true, true, true, true, true, true, true, true, true, true, true, true, true, true, true, true, true, true, true, true, true, true, true, true, true, true, true, true, true, true, true, true, true, true, true, true, true, true, true, true, true, true, true, true, true, true, true, true, true, true, true, true, true, true, true, true, true, true, true, true, true, true, true, true, true, true, false, false, false, false, false, false, false, false, false, false] finished: [true, true, true, true, true, true, true, true, true, true, true, true, true, true, true, true, true, true, true, true, true, true, true, true, true, true, true, true, true, true, true, true, true, true, true, true, true, true, true, true, true, true, true, true, true, true, true, true, true, true, true, true, true, true, true, true, true, true, true, true, true, true, true, true, true, true, true, true, true, true, true, true, true, true, true, true, true, true, true, true, true, true, true, true, true, true, true, true, true, true, true, true, true, true, true, true, true, true, true, true, true]
Jan 15, 2015 6:21:03 PM org.ccnx.ccn.profiles.sync.SyncTestRepo checkCallbacks
DETALHADO: got segment 52
Jan 15, 2015 6:21:03 PM org.ccnx.ccn.profiles.sync.SyncTestRepo checkCallbacks
DETALHADO: received: [true, true, true, true, true, true, true, true, true, true, true, true, true, true, true, true, true, true, true, true, true, true, true, true, true, true, true, true, true, true, true, true, true, true, true, true, true, true, true, true, true, true, true, true, true, true, true, true, true, true, true, true, true, true, true, true, true, true, true, true, true, true, true, true, true, true, true, true, true, true, true, true, true, true, true, true, true, true, true, true, true, true, true, true, true, true, true, true, true, true, true, false, false, false, false, false, false, false, false, false, false] finished: [true, true, true, true, true, true, true, true, true, true, true, true, true, true, true, true, true, true, true, true, true, true, true, true, true, true, true, true, true, true, true, true, true, true, true, true, true, true, true, true, true, true, true, true, true, true, true, true, true, true, true, true, true, true, true, true, true, true, true, true, true, true, true, true, true, true, true, true, true, true, true, true, true, true, true, true, true, true, true, true, true, true, true, true, true, true, true, true, true, true, true, true, true, true, true, true, true, true, true, true, true]
Jan 15, 2015 6:21:03 PM org.ccnx.ccn.profiles.sync.SyncTestRepo checkCallbacks
DETALHADO: got segment 53
Jan 15, 2015 6:21:03 PM org.ccnx.ccn.profiles.sync.SyncTestRepo checkCallbacks
DETALHADO: received: [true, true, true, true, true, true, true, true, true, true, true, true, true, true, true, true, true, true, true, true, true, true, true, true, true, true, true, true, true, true, true, true, true, true, true, true, true, true, true, true, true, true, true, true, true, true, true, true, true, true, true, true, true, true, true, true, true, true, true, true, true, true, true, true, true, true, true, true, true, true, true, true, true, true, true, true, true, true, true, true, true, true, true, true, true, true, true, true, true, true, true, false, false, false, false, false, false, false, false, false, false] finished: [true, true, true, true, true, true, true, true, true, true, true, true, true, true, true, true, true, true, true, true, true, true, true, true, true, true, true, true, true, true, true, true, true, true, true, true, true, true, true, true, true, true, true, true, true, true, true, true, true, true, true, true, true, true, true, true, true, true, true, true, true, true, true, true, true, true, true, true, true, true, true, true, true, true, true, true, true, true, true, true, true, true, true, true, true, true, true, true, true, true, true, true, true, true, true, true, true, true, true, true, true]
Jan 15, 2015 6:21:03 PM org.ccnx.ccn.profiles.sync.SyncTestRepo checkCallbacks
DETALHADO: got segment 54
Jan 15, 2015 6:21:03 PM org.ccnx.ccn.profiles.sync.SyncTestRepo checkCallbacks
DETALHADO: received: [true, true, true, true, true, true, true, true, true, true, true, true, true, true, true, true, true, true, true, true, true, true, true, true, true, true, true, true, true, true, true, true, true, true, true, true, true, true, true, true, true, true, true, true, true, true, true, true, true, true, true, true, true, true, true, true, true, true, true, true, true, true, true, true, true, true, true, true, true, true, true, true, true, true, true, true, true, true, true, true, true, true, true, true, true, true, true, true, true, true, true, false, false, false, false, false, false, false, false, false, false] finished: [true, true, true, true, true, true, true, true, true, true, true, true, true, true, true, true, true, true, true, true, true, true, true, true, true, true, true, true, true, true, true, true, true, true, true, true, true, true, true, true, true, true, true, true, true, true, true, true, true, true, true, true, true, true, true, true, true, true, true, true, true, true, true, true, true, true, true, true, true, true, true, true, true, true, true, true, true, true, true, true, true, true, true, true, true, true, true, true, true, true, true, true, true, true, true, true, true, true, true, true, true]
Jan 15, 2015 6:21:03 PM org.ccnx.ccn.profiles.sync.SyncTestRepo checkCallbacks
DETALHADO: got segment 55
Jan 15, 2015 6:21:03 PM org.ccnx.ccn.profiles.sync.SyncTestRepo checkCallbacks
DETALHADO: received: [true, true, true, true, true, true, true, true, true, true, true, true, true, true, true, true, true, true, true, true, true, true, true, true, true, true, true, true, true, true, true, true, true, true, true, true, true, true, true, true, true, true, true, true, true, true, true, true, true, true, true, true, true, true, true, true, true, true, true, true, true, true, true, true, true, true, true, true, true, true, true, true, true, true, true, true, true, true, true, true, true, true, true, true, true, true, true, true, true, true, true, false, false, false, false, false, false, false, false, false, false] finished: [true, true, true, true, true, true, true, true, true, true, true, true, true, true, true, true, true, true, true, true, true, true, true, true, true, true, true, true, true, true, true, true, true, true, true, true, true, true, true, true, true, true, true, true, true, true, true, true, true, true, true, true, true, true, true, true, true, true, true, true, true, true, true, true, true, true, true, true, true, true, true, true, true, true, true, true, true, true, true, true, true, true, true, true, true, true, true, true, true, true, true, true, true, true, true, true, true, true, true, true, true]
Jan 15, 2015 6:21:03 PM org.ccnx.ccn.profiles.sync.SyncTestRepo checkCallbacks
DETALHADO: got segment 56
Jan 15, 2015 6:21:03 PM org.ccnx.ccn.profiles.sync.SyncTestRepo checkCallbacks
DETALHADO: received: [true, true, true, true, true, true, true, true, true, true, true, true, true, true, true, true, true, true, true, true, true, true, true, true, true, true, true, true, true, true, true, true, true, true, true, true, true, true, true, true, true, true, true, true, true, true, true, true, true, true, true, true, true, true, true, true, true, true, true, true, true, true, true, true, true, true, true, true, true, true, true, true, true, true, true, true, true, true, true, true, true, true, true, true, true, true, true, true, true, true, true, false, false, false, false, false, false, false, false, false, false] finished: [true, true, true, true, true, true, true, true, true, true, true, true, true, true, true, true, true, true, true, true, true, true, true, true, true, true, true, true, true, true, true, true, true, true, true, true, true, true, true, true, true, true, true, true, true, true, true, true, true, true, true, true, true, true, true, true, true, true, true, true, true, true, true, true, true, true, true, true, true, true, true, true, true, true, true, true, true, true, true, true, true, true, true, true, true, true, true, true, true, true, true, true, true, true, true, true, true, true, true, true, true]
Jan 15, 2015 6:21:03 PM org.ccnx.ccn.profiles.sync.SyncTestRepo checkCallbacks
DETALHADO: got segment 57
Jan 15, 2015 6:21:03 PM org.ccnx.ccn.profiles.sync.SyncTestRepo checkCallbacks
DETALHADO: received: [true, true, true, true, true, true, true, true, true, true, true, true, true, true, true, true, true, true, true, true, true, true, true, true, true, true, true, true, true, true, true, true, true, true, true, true, true, true, true, true, true, true, true, true, true, true, true, true, true, true, true, true, true, true, true, true, true, true, true, true, true, true, true, true, true, true, true, true, true, true, true, true, true, true, true, true, true, true, true, true, true, true, true, true, true, true, true, true, true, true, true, false, false, false, false, false, false, false, false, false, false] finished: [true, true, true, true, true, true, true, true, true, true, true, true, true, true, true, true, true, true, true, true, true, true, true, true, true, true, true, true, true, true, true, true, true, true, true, true, true, true, true, true, true, true, true, true, true, true, true, true, true, true, true, true, true, true, true, true, true, true, true, true, true, true, true, true, true, true, true, true, true, true, true, true, true, true, true, true, true, true, true, true, true, true, true, true, true, true, true, true, true, true, true, true, true, true, true, true, true, true, true, true, true]
Jan 15, 2015 6:21:03 PM org.ccnx.ccn.profiles.sync.SyncTestRepo checkCallbacks
DETALHADO: got segment 58
Jan 15, 2015 6:21:03 PM org.ccnx.ccn.profiles.sync.SyncTestRepo checkCallbacks
DETALHADO: received: [true, true, true, true, true, true, true, true, true, true, true, true, true, true, true, true, true, true, true, true, true, true, true, true, true, true, true, true, true, true, true, true, true, true, true, true, true, true, true, true, true, true, true, true, true, true, true, true, true, true, true, true, true, true, true, true, true, true, true, true, true, true, true, true, true, true, true, true, true, true, true, true, true, true, true, true, true, true, true, true, true, true, true, true, true, true, true, true, true, true, true, false, false, false, false, false, false, false, false, false, false] finished: [true, true, true, true, true, true, true, true, true, true, true, true, true, true, true, true, true, true, true, true, true, true, true, true, true, true, true, true, true, true, true, true, true, true, true, true, true, true, true, true, true, true, true, true, true, true, true, true, true, true, true, true, true, true, true, true, true, true, true, true, true, true, true, true, true, true, true, true, true, true, true, true, true, true, true, true, true, true, true, true, true, true, true, true, true, true, true, true, true, true, true, true, true, true, true, true, true, true, true, true, true]
Jan 15, 2015 6:21:03 PM org.ccnx.ccn.profiles.sync.SyncTestRepo checkCallbacks
DETALHADO: got segment 59
Jan 15, 2015 6:21:03 PM org.ccnx.ccn.profiles.sync.SyncTestRepo checkCallbacks
DETALHADO: received: [true, true, true, true, true, true, true, true, true, true, true, true, true, true, true, true, true, true, true, true, true, true, true, true, true, true, true, true, true, true, true, true, true, true, true, true, true, true, true, true, true, true, true, true, true, true, true, true, true, true, true, true, true, true, true, true, true, true, true, true, true, true, true, true, true, true, true, true, true, true, true, true, true, true, true, true, true, true, true, true, true, true, true, true, true, true, true, true, true, true, true, false, false, false, false, false, false, false, false, false, false] finished: [true, true, true, true, true, true, true, true, true, true, true, true, true, true, true, true, true, true, true, true, true, true, true, true, true, true, true, true, true, true, true, true, true, true, true, true, true, true, true, true, true, true, true, true, true, true, true, true, true, true, true, true, true, true, true, true, true, true, true, true, true, true, true, true, true, true, true, true, true, true, true, true, true, true, true, true, true, true, true, true, true, true, true, true, true, true, true, true, true, true, true, true, true, true, true, true, true, true, true, true, true]
Jan 15, 2015 6:21:03 PM org.ccnx.ccn.profiles.sync.SyncTestRepo checkCallbacks
DETALHADO: got segment 60
Jan 15, 2015 6:21:03 PM org.ccnx.ccn.profiles.sync.SyncTestRepo checkCallbacks
DETALHADO: received: [true, true, true, true, true, true, true, true, true, true, true, true, true, true, true, true, true, true, true, true, true, true, true, true, true, true, true, true, true, true, true, true, true, true, true, true, true, true, true, true, true, true, true, true, true, true, true, true, true, true, true, true, true, true, true, true, true, true, true, true, true, true, true, true, true, true, true, true, true, true, true, true, true, true, true, true, true, true, true, true, true, true, true, true, true, true, true, true, true, true, true, false, false, false, false, false, false, false, false, false, false] finished: [true, true, true, true, true, true, true, true, true, true, true, true, true, true, true, true, true, true, true, true, true, true, true, true, true, true, true, true, true, true, true, true, true, true, true, true, true, true, true, true, true, true, true, true, true, true, true, true, true, true, true, true, true, true, true, true, true, true, true, true, true, true, true, true, true, true, true, true, true, true, true, true, true, true, true, true, true, true, true, true, true, true, true, true, true, true, true, true, true, true, true, true, true, true, true, true, true, true, true, true, true]
Jan 15, 2015 6:21:03 PM org.ccnx.ccn.profiles.sync.SyncTestRepo checkCallbacks
DETALHADO: got segment 61
Jan 15, 2015 6:21:03 PM org.ccnx.ccn.profiles.sync.SyncTestRepo checkCallbacks
DETALHADO: received: [true, true, true, true, true, true, true, true, true, true, true, true, true, true, true, true, true, true, true, true, true, true, true, true, true, true, true, true, true, true, true, true, true, true, true, true, true, true, true, true, true, true, true, true, true, true, true, true, true, true, true, true, true, true, true, true, true, true, true, true, true, true, true, true, true, true, true, true, true, true, true, true, true, true, true, true, true, true, true, true, true, true, true, true, true, true, true, true, true, true, true, false, false, false, false, false, false, false, false, false, false] finished: [true, true, true, true, true, true, true, true, true, true, true, true, true, true, true, true, true, true, true, true, true, true, true, true, true, true, true, true, true, true, true, true, true, true, true, true, true, true, true, true, true, true, true, true, true, true, true, true, true, true, true, true, true, true, true, true, true, true, true, true, true, true, true, true, true, true, true, true, true, true, true, true, true, true, true, true, true, true, true, true, true, true, true, true, true, true, true, true, true, true, true, true, true, true, true, true, true, true, true, true, true]
Jan 15, 2015 6:21:03 PM org.ccnx.ccn.profiles.sync.SyncTestRepo checkCallbacks
DETALHADO: got segment 62
Jan 15, 2015 6:21:03 PM org.ccnx.ccn.profiles.sync.SyncTestRepo checkCallbacks
DETALHADO: received: [true, true, true, true, true, true, true, true, true, true, true, true, true, true, true, true, true, true, true, true, true, true, true, true, true, true, true, true, true, true, true, true, true, true, true, true, true, true, true, true, true, true, true, true, true, true, true, true, true, true, true, true, true, true, true, true, true, true, true, true, true, true, true, true, true, true, true, true, true, true, true, true, true, true, true, true, true, true, true, true, true, true, true, true, true, true, true, true, true, true, true, false, false, false, false, false, false, false, false, false, false] finished: [true, true, true, true, true, true, true, true, true, true, true, true, true, true, true, true, true, true, true, true, true, true, true, true, true, true, true, true, true, true, true, true, true, true, true, true, true, true, true, true, true, true, true, true, true, true, true, true, true, true, true, true, true, true, true, true, true, true, true, true, true, true, true, true, true, true, true, true, true, true, true, true, true, true, true, true, true, true, true, true, true, true, true, true, true, true, true, true, true, true, true, true, true, true, true, true, true, true, true, true, true]
Jan 15, 2015 6:21:03 PM org.ccnx.ccn.profiles.sync.SyncTestRepo checkCallbacks
DETALHADO: got segment 63
Jan 15, 2015 6:21:03 PM org.ccnx.ccn.profiles.sync.SyncTestRepo checkCallbacks
DETALHADO: received: [true, true, true, true, true, true, true, true, true, true, true, true, true, true, true, true, true, true, true, true, true, true, true, true, true, true, true, true, true, true, true, true, true, true, true, true, true, true, true, true, true, true, true, true, true, true, true, true, true, true, true, true, true, true, true, true, true, true, true, true, true, true, true, true, true, true, true, true, true, true, true, true, true, true, true, true, true, true, true, true, true, true, true, true, true, true, true, true, true, true, true, false, false, false, false, false, false, false, false, false, false] finished: [true, true, true, true, true, true, true, true, true, true, true, true, true, true, true, true, true, true, true, true, true, true, true, true, true, true, true, true, true, true, true, true, true, true, true, true, true, true, true, true, true, true, true, true, true, true, true, true, true, true, true, true, true, true, true, true, true, true, true, true, true, true, true, true, true, true, true, true, true, true, true, true, true, true, true, true, true, true, true, true, true, true, true, true, true, true, true, true, true, true, true, true, true, true, true, true, true, true, true, true, true]
Jan 15, 2015 6:21:03 PM org.ccnx.ccn.profiles.sync.SyncTestRepo checkCallbacks
DETALHADO: got segment 64
Jan 15, 2015 6:21:03 PM org.ccnx.ccn.profiles.sync.SyncTestRepo checkCallbacks
DETALHADO: received: [true, true, true, true, true, true, true, true, true, true, true, true, true, true, true, true, true, true, true, true, true, true, true, true, true, true, true, true, true, true, true, true, true, true, true, true, true, true, true, true, true, true, true, true, true, true, true, true, true, true, true, true, true, true, true, true, true, true, true, true, true, true, true, true, true, true, true, true, true, true, true, true, true, true, true, true, true, true, true, true, true, true, true, true, true, true, true, true, true, true, true, false, false, false, false, false, false, false, false, false, false] finished: [true, true, true, true, true, true, true, true, true, true, true, true, true, true, true, true, true, true, true, true, true, true, true, true, true, true, true, true, true, true, true, true, true, true, true, true, true, true, true, true, true, true, true, true, true, true, true, true, true, true, true, true, true, true, true, true, true, true, true, true, true, true, true, true, true, true, true, true, true, true, true, true, true, true, true, true, true, true, true, true, true, true, true, true, true, true, true, true, true, true, true, true, true, true, true, true, true, true, true, true, true]
Jan 15, 2015 6:21:03 PM org.ccnx.ccn.profiles.sync.SyncTestRepo checkCallbacks
DETALHADO: got segment 65
Jan 15, 2015 6:21:03 PM org.ccnx.ccn.profiles.sync.SyncTestRepo checkCallbacks
DETALHADO: received: [true, true, true, true, true, true, true, true, true, true, true, true, true, true, true, true, true, true, true, true, true, true, true, true, true, true, true, true, true, true, true, true, true, true, true, true, true, true, true, true, true, true, true, true, true, true, true, true, true, true, true, true, true, true, true, true, true, true, true, true, true, true, true, true, true, true, true, true, true, true, true, true, true, true, true, true, true, true, true, true, true, true, true, true, true, true, true, true, true, true, true, false, false, false, false, false, false, false, false, false, false] finished: [true, true, true, true, true, true, true, true, true, true, true, true, true, true, true, true, true, true, true, true, true, true, true, true, true, true, true, true, true, true, true, true, true, true, true, true, true, true, true, true, true, true, true, true, true, true, true, true, true, true, true, true, true, true, true, true, true, true, true, true, true, true, true, true, true, true, true, true, true, true, true, true, true, true, true, true, true, true, true, true, true, true, true, true, true, true, true, true, true, true, true, true, true, true, true, true, true, true, true, true, true]
Jan 15, 2015 6:21:03 PM org.ccnx.ccn.profiles.sync.SyncTestRepo checkCallbacks
DETALHADO: got segment 66
Jan 15, 2015 6:21:03 PM org.ccnx.ccn.profiles.sync.SyncTestRepo checkCallbacks
DETALHADO: received: [true, true, true, true, true, true, true, true, true, true, true, true, true, true, true, true, true, true, true, true, true, true, true, true, true, true, true, true, true, true, true, true, true, true, true, true, true, true, true, true, true, true, true, true, true, true, true, true, true, true, true, true, true, true, true, true, true, true, true, true, true, true, true, true, true, true, true, true, true, true, true, true, true, true, true, true, true, true, true, true, true, true, true, true, true, true, true, true, true, true, true, false, false, false, false, false, false, false, false, false, false] finished: [true, true, true, true, true, true, true, true, true, true, true, true, true, true, true, true, true, true, true, true, true, true, true, true, true, true, true, true, true, true, true, true, true, true, true, true, true, true, true, true, true, true, true, true, true, true, true, true, true, true, true, true, true, true, true, true, true, true, true, true, true, true, true, true, true, true, true, true, true, true, true, true, true, true, true, true, true, true, true, true, true, true, true, true, true, true, true, true, true, true, true, true, true, true, true, true, true, true, true, true, true]
Jan 15, 2015 6:21:03 PM org.ccnx.ccn.profiles.sync.SyncTestRepo checkCallbacks
DETALHADO: got segment 67
Jan 15, 2015 6:21:03 PM org.ccnx.ccn.profiles.sync.SyncTestRepo checkCallbacks
DETALHADO: received: [true, true, true, true, true, true, true, true, true, true, true, true, true, true, true, true, true, true, true, true, true, true, true, true, true, true, true, true, true, true, true, true, true, true, true, true, true, true, true, true, true, true, true, true, true, true, true, true, true, true, true, true, true, true, true, true, true, true, true, true, true, true, true, true, true, true, true, true, true, true, true, true, true, true, true, true, true, true, true, true, true, true, true, true, true, true, true, true, true, true, true, false, false, false, false, false, false, false, false, false, false] finished: [true, true, true, true, true, true, true, true, true, true, true, true, true, true, true, true, true, true, true, true, true, true, true, true, true, true, true, true, true, true, true, true, true, true, true, true, true, true, true, true, true, true, true, true, true, true, true, true, true, true, true, true, true, true, true, true, true, true, true, true, true, true, true, true, true, true, true, true, true, true, true, true, true, true, true, true, true, true, true, true, true, true, true, true, true, true, true, true, true, true, true, true, true, true, true, true, true, true, true, true, true]
Jan 15, 2015 6:21:03 PM org.ccnx.ccn.profiles.sync.SyncTestRepo checkCallbacks
DETALHADO: got segment 68
Jan 15, 2015 6:21:03 PM org.ccnx.ccn.profiles.sync.SyncTestRepo checkCallbacks
DETALHADO: received: [true, true, true, true, true, true, true, true, true, true, true, true, true, true, true, true, true, true, true, true, true, true, true, true, true, true, true, true, true, true, true, true, true, true, true, true, true, true, true, true, true, true, true, true, true, true, true, true, true, true, true, true, true, true, true, true, true, true, true, true, true, true, true, true, true, true, true, true, true, true, true, true, true, true, true, true, true, true, true, true, true, true, true, true, true, true, true, true, true, true, true, false, false, false, false, false, false, false, false, false, false] finished: [true, true, true, true, true, true, true, true, true, true, true, true, true, true, true, true, true, true, true, true, true, true, true, true, true, true, true, true, true, true, true, true, true, true, true, true, true, true, true, true, true, true, true, true, true, true, true, true, true, true, true, true, true, true, true, true, true, true, true, true, true, true, true, true, true, true, true, true, true, true, true, true, true, true, true, true, true, true, true, true, true, true, true, true, true, true, true, true, true, true, true, true, true, true, true, true, true, true, true, true, true]
Jan 15, 2015 6:21:03 PM org.ccnx.ccn.profiles.sync.SyncTestRepo checkCallbacks
DETALHADO: got segment 69
Jan 15, 2015 6:21:03 PM org.ccnx.ccn.profiles.sync.SyncTestRepo checkCallbacks
DETALHADO: received: [true, true, true, true, true, true, true, true, true, true, true, true, true, true, true, true, true, true, true, true, true, true, true, true, true, true, true, true, true, true, true, true, true, true, true, true, true, true, true, true, true, true, true, true, true, true, true, true, true, true, true, true, true, true, true, true, true, true, true, true, true, true, true, true, true, true, true, true, true, true, true, true, true, true, true, true, true, true, true, true, true, true, true, true, true, true, true, true, true, true, true, false, false, false, false, false, false, false, false, false, false] finished: [true, true, true, true, true, true, true, true, true, true, true, true, true, true, true, true, true, true, true, true, true, true, true, true, true, true, true, true, true, true, true, true, true, true, true, true, true, true, true, true, true, true, true, true, true, true, true, true, true, true, true, true, true, true, true, true, true, true, true, true, true, true, true, true, true, true, true, true, true, true, true, true, true, true, true, true, true, true, true, true, true, true, true, true, true, true, true, true, true, true, true, true, true, true, true, true, true, true, true, true, true]
Jan 15, 2015 6:21:03 PM org.ccnx.ccn.profiles.sync.SyncTestRepo checkCallbacks
DETALHADO: got segment 70
Jan 15, 2015 6:21:03 PM org.ccnx.ccn.profiles.sync.SyncTestRepo checkCallbacks
DETALHADO: received: [true, true, true, true, true, true, true, true, true, true, true, true, true, true, true, true, true, true, true, true, true, true, true, true, true, true, true, true, true, true, true, true, true, true, true, true, true, true, true, true, true, true, true, true, true, true, true, true, true, true, true, true, true, true, true, true, true, true, true, true, true, true, true, true, true, true, true, true, true, true, true, true, true, true, true, true, true, true, true, true, true, true, true, true, true, true, true, true, true, true, true, false, false, false, false, false, false, false, false, false, false] finished: [true, true, true, true, true, true, true, true, true, true, true, true, true, true, true, true, true, true, true, true, true, true, true, true, true, true, true, true, true, true, true, true, true, true, true, true, true, true, true, true, true, true, true, true, true, true, true, true, true, true, true, true, true, true, true, true, true, true, true, true, true, true, true, true, true, true, true, true, true, true, true, true, true, true, true, true, true, true, true, true, true, true, true, true, true, true, true, true, true, true, true, true, true, true, true, true, true, true, true, true, true]
Jan 15, 2015 6:21:03 PM org.ccnx.ccn.profiles.sync.SyncTestRepo checkCallbacks
DETALHADO: got segment 71
Jan 15, 2015 6:21:03 PM org.ccnx.ccn.profiles.sync.SyncTestRepo checkCallbacks
DETALHADO: received: [true, true, true, true, true, true, true, true, true, true, true, true, true, true, true, true, true, true, true, true, true, true, true, true, true, true, true, true, true, true, true, true, true, true, true, true, true, true, true, true, true, true, true, true, true, true, true, true, true, true, true, true, true, true, true, true, true, true, true, true, true, true, true, true, true, true, true, true, true, true, true, true, true, true, true, true, true, true, true, true, true, true, true, true, true, true, true, true, true, true, true, false, false, false, false, false, false, false, false, false, false] finished: [true, true, true, true, true, true, true, true, true, true, true, true, true, true, true, true, true, true, true, true, true, true, true, true, true, true, true, true, true, true, true, true, true, true, true, true, true, true, true, true, true, true, true, true, true, true, true, true, true, true, true, true, true, true, true, true, true, true, true, true, true, true, true, true, true, true, true, true, true, true, true, true, true, true, true, true, true, true, true, true, true, true, true, true, true, true, true, true, true, true, true, true, true, true, true, true, true, true, true, true, true]
Jan 15, 2015 6:21:03 PM org.ccnx.ccn.profiles.sync.SyncTestRepo checkCallbacks
DETALHADO: got segment 72
Jan 15, 2015 6:21:03 PM org.ccnx.ccn.profiles.sync.SyncTestRepo checkCallbacks
DETALHADO: received: [true, true, true, true, true, true, true, true, true, true, true, true, true, true, true, true, true, true, true, true, true, true, true, true, true, true, true, true, true, true, true, true, true, true, true, true, true, true, true, true, true, true, true, true, true, true, true, true, true, true, true, true, true, true, true, true, true, true, true, true, true, true, true, true, true, true, true, true, true, true, true, true, true, true, true, true, true, true, true, true, true, true, true, true, true, true, true, true, true, true, true, false, false, false, false, false, false, false, false, false, false] finished: [true, true, true, true, true, true, true, true, true, true, true, true, true, true, true, true, true, true, true, true, true, true, true, true, true, true, true, true, true, true, true, true, true, true, true, true, true, true, true, true, true, true, true, true, true, true, true, true, true, true, true, true, true, true, true, true, true, true, true, true, true, true, true, true, true, true, true, true, true, true, true, true, true, true, true, true, true, true, true, true, true, true, true, true, true, true, true, true, true, true, true, true, true, true, true, true, true, true, true, true, true]
Jan 15, 2015 6:21:03 PM org.ccnx.ccn.profiles.sync.SyncTestRepo checkCallbacks
DETALHADO: got segment 73
Jan 15, 2015 6:21:03 PM org.ccnx.ccn.profiles.sync.SyncTestRepo checkCallbacks
DETALHADO: received: [true, true, true, true, true, true, true, true, true, true, true, true, true, true, true, true, true, true, true, true, true, true, true, true, true, true, true, true, true, true, true, true, true, true, true, true, true, true, true, true, true, true, true, true, true, true, true, true, true, true, true, true, true, true, true, true, true, true, true, true, true, true, true, true, true, true, true, true, true, true, true, true, true, true, true, true, true, true, true, true, true, true, true, true, true, true, true, true, true, true, true, false, false, false, false, false, false, false, false, false, false] finished: [true, true, true, true, true, true, true, true, true, true, true, true, true, true, true, true, true, true, true, true, true, true, true, true, true, true, true, true, true, true, true, true, true, true, true, true, true, true, true, true, true, true, true, true, true, true, true, true, true, true, true, true, true, true, true, true, true, true, true, true, true, true, true, true, true, true, true, true, true, true, true, true, true, true, true, true, true, true, true, true, true, true, true, true, true, true, true, true, true, true, true, true, true, true, true, true, true, true, true, true, true]
Jan 15, 2015 6:21:03 PM org.ccnx.ccn.profiles.sync.SyncTestRepo checkCallbacks
DETALHADO: got segment 74
Jan 15, 2015 6:21:03 PM org.ccnx.ccn.profiles.sync.SyncTestRepo checkCallbacks
DETALHADO: received: [true, true, true, true, true, true, true, true, true, true, true, true, true, true, true, true, true, true, true, true, true, true, true, true, true, true, true, true, true, true, true, true, true, true, true, true, true, true, true, true, true, true, true, true, true, true, true, true, true, true, true, true, true, true, true, true, true, true, true, true, true, true, true, true, true, true, true, true, true, true, true, true, true, true, true, true, true, true, true, true, true, true, true, true, true, true, true, true, true, true, true, false, false, false, false, false, false, false, false, false, false] finished: [true, true, true, true, true, true, true, true, true, true, true, true, true, true, true, true, true, true, true, true, true, true, true, true, true, true, true, true, true, true, true, true, true, true, true, true, true, true, true, true, true, true, true, true, true, true, true, true, true, true, true, true, true, true, true, true, true, true, true, true, true, true, true, true, true, true, true, true, true, true, true, true, true, true, true, true, true, true, true, true, true, true, true, true, true, true, true, true, true, true, true, true, true, true, true, true, true, true, true, true, true]
Jan 15, 2015 6:21:03 PM org.ccnx.ccn.profiles.sync.SyncTestRepo checkCallbacks
DETALHADO: got segment 75
Jan 15, 2015 6:21:03 PM org.ccnx.ccn.profiles.sync.SyncTestRepo checkCallbacks
DETALHADO: received: [true, true, true, true, true, true, true, true, true, true, true, true, true, true, true, true, true, true, true, true, true, true, true, true, true, true, true, true, true, true, true, true, true, true, true, true, true, true, true, true, true, true, true, true, true, true, true, true, true, true, true, true, true, true, true, true, true, true, true, true, true, true, true, true, true, true, true, true, true, true, true, true, true, true, true, true, true, true, true, true, true, true, true, true, true, true, true, true, true, true, true, false, false, false, false, false, false, false, false, false, false] finished: [true, true, true, true, true, true, true, true, true, true, true, true, true, true, true, true, true, true, true, true, true, true, true, true, true, true, true, true, true, true, true, true, true, true, true, true, true, true, true, true, true, true, true, true, true, true, true, true, true, true, true, true, true, true, true, true, true, true, true, true, true, true, true, true, true, true, true, true, true, true, true, true, true, true, true, true, true, true, true, true, true, true, true, true, true, true, true, true, true, true, true, true, true, true, true, true, true, true, true, true, true]
Jan 15, 2015 6:21:03 PM org.ccnx.ccn.profiles.sync.SyncTestRepo checkCallbacks
DETALHADO: got segment 76
Jan 15, 2015 6:21:03 PM org.ccnx.ccn.profiles.sync.SyncTestRepo checkCallbacks
DETALHADO: received: [true, true, true, true, true, true, true, true, true, true, true, true, true, true, true, true, true, true, true, true, true, true, true, true, true, true, true, true, true, true, true, true, true, true, true, true, true, true, true, true, true, true, true, true, true, true, true, true, true, true, true, true, true, true, true, true, true, true, true, true, true, true, true, true, true, true, true, true, true, true, true, true, true, true, true, true, true, true, true, true, true, true, true, true, true, true, true, true, true, true, true, false, false, false, false, false, false, false, false, false, false] finished: [true, true, true, true, true, true, true, true, true, true, true, true, true, true, true, true, true, true, true, true, true, true, true, true, true, true, true, true, true, true, true, true, true, true, true, true, true, true, true, true, true, true, true, true, true, true, true, true, true, true, true, true, true, true, true, true, true, true, true, true, true, true, true, true, true, true, true, true, true, true, true, true, true, true, true, true, true, true, true, true, true, true, true, true, true, true, true, true, true, true, true, true, true, true, true, true, true, true, true, true, true]
Jan 15, 2015 6:21:03 PM org.ccnx.ccn.profiles.sync.SyncTestRepo checkCallbacks
DETALHADO: got segment 77
Jan 15, 2015 6:21:03 PM org.ccnx.ccn.profiles.sync.SyncTestRepo checkCallbacks
DETALHADO: received: [true, true, true, true, true, true, true, true, true, true, true, true, true, true, true, true, true, true, true, true, true, true, true, true, true, true, true, true, true, true, true, true, true, true, true, true, true, true, true, true, true, true, true, true, true, true, true, true, true, true, true, true, true, true, true, true, true, true, true, true, true, true, true, true, true, true, true, true, true, true, true, true, true, true, true, true, true, true, true, true, true, true, true, true, true, true, true, true, true, true, true, false, false, false, false, false, false, false, false, false, false] finished: [true, true, true, true, true, true, true, true, true, true, true, true, true, true, true, true, true, true, true, true, true, true, true, true, true, true, true, true, true, true, true, true, true, true, true, true, true, true, true, true, true, true, true, true, true, true, true, true, true, true, true, true, true, true, true, true, true, true, true, true, true, true, true, true, true, true, true, true, true, true, true, true, true, true, true, true, true, true, true, true, true, true, true, true, true, true, true, true, true, true, true, true, true, true, true, true, true, true, true, true, true]
Jan 15, 2015 6:21:03 PM org.ccnx.ccn.profiles.sync.SyncTestRepo checkCallbacks
DETALHADO: got segment 78
Jan 15, 2015 6:21:03 PM org.ccnx.ccn.profiles.sync.SyncTestRepo checkCallbacks
DETALHADO: received: [true, true, true, true, true, true, true, true, true, true, true, true, true, true, true, true, true, true, true, true, true, true, true, true, true, true, true, true, true, true, true, true, true, true, true, true, true, true, true, true, true, true, true, true, true, true, true, true, true, true, true, true, true, true, true, true, true, true, true, true, true, true, true, true, true, true, true, true, true, true, true, true, true, true, true, true, true, true, true, true, true, true, true, true, true, true, true, true, true, true, true, false, false, false, false, false, false, false, false, false, false] finished: [true, true, true, true, true, true, true, true, true, true, true, true, true, true, true, true, true, true, true, true, true, true, true, true, true, true, true, true, true, true, true, true, true, true, true, true, true, true, true, true, true, true, true, true, true, true, true, true, true, true, true, true, true, true, true, true, true, true, true, true, true, true, true, true, true, true, true, true, true, true, true, true, true, true, true, true, true, true, true, true, true, true, true, true, true, true, true, true, true, true, true, true, true, true, true, true, true, true, true, true, true]
Jan 15, 2015 6:21:03 PM org.ccnx.ccn.profiles.sync.SyncTestRepo checkCallbacks
DETALHADO: got segment 79
Jan 15, 2015 6:21:03 PM org.ccnx.ccn.profiles.sync.SyncTestRepo checkCallbacks
DETALHADO: received: [true, true, true, true, true, true, true, true, true, true, true, true, true, true, true, true, true, true, true, true, true, true, true, true, true, true, true, true, true, true, true, true, true, true, true, true, true, true, true, true, true, true, true, true, true, true, true, true, true, true, true, true, true, true, true, true, true, true, true, true, true, true, true, true, true, true, true, true, true, true, true, true, true, true, true, true, true, true, true, true, true, true, true, true, true, true, true, true, true, true, true, false, false, false, false, false, false, false, false, false, false] finished: [true, true, true, true, true, true, true, true, true, true, true, true, true, true, true, true, true, true, true, true, true, true, true, true, true, true, true, true, true, true, true, true, true, true, true, true, true, true, true, true, true, true, true, true, true, true, true, true, true, true, true, true, true, true, true, true, true, true, true, true, true, true, true, true, true, true, true, true, true, true, true, true, true, true, true, true, true, true, true, true, true, true, true, true, true, true, true, true, true, true, true, true, true, true, true, true, true, true, true, true, true]
Jan 15, 2015 6:21:03 PM org.ccnx.ccn.profiles.sync.SyncTestRepo checkCallbacks
DETALHADO: got segment 80
Jan 15, 2015 6:21:03 PM org.ccnx.ccn.profiles.sync.SyncTestRepo checkCallbacks
DETALHADO: received: [true, true, true, true, true, true, true, true, true, true, true, true, true, true, true, true, true, true, true, true, true, true, true, true, true, true, true, true, true, true, true, true, true, true, true, true, true, true, true, true, true, true, true, true, true, true, true, true, true, true, true, true, true, true, true, true, true, true, true, true, true, true, true, true, true, true, true, true, true, true, true, true, true, true, true, true, true, true, true, true, true, true, true, true, true, true, true, true, true, true, true, false, false, false, false, false, false, false, false, false, false] finished: [true, true, true, true, true, true, true, true, true, true, true, true, true, true, true, true, true, true, true, true, true, true, true, true, true, true, true, true, true, true, true, true, true, true, true, true, true, true, true, true, true, true, true, true, true, true, true, true, true, true, true, true, true, true, true, true, true, true, true, true, true, true, true, true, true, true, true, true, true, true, true, true, true, true, true, true, true, true, true, true, true, true, true, true, true, true, true, true, true, true, true, true, true, true, true, true, true, true, true, true, true]
Jan 15, 2015 6:21:03 PM org.ccnx.ccn.profiles.sync.SyncTestRepo checkCallbacks
DETALHADO: got segment 81
Jan 15, 2015 6:21:03 PM org.ccnx.ccn.profiles.sync.SyncTestRepo checkCallbacks
DETALHADO: received: [true, true, true, true, true, true, true, true, true, true, true, true, true, true, true, true, true, true, true, true, true, true, true, true, true, true, true, true, true, true, true, true, true, true, true, true, true, true, true, true, true, true, true, true, true, true, true, true, true, true, true, true, true, true, true, true, true, true, true, true, true, true, true, true, true, true, true, true, true, true, true, true, true, true, true, true, true, true, true, true, true, true, true, true, true, true, true, true, true, true, true, false, false, false, false, false, false, false, false, false, false] finished: [true, true, true, true, true, true, true, true, true, true, true, true, true, true, true, true, true, true, true, true, true, true, true, true, true, true, true, true, true, true, true, true, true, true, true, true, true, true, true, true, true, true, true, true, true, true, true, true, true, true, true, true, true, true, true, true, true, true, true, true, true, true, true, true, true, true, true, true, true, true, true, true, true, true, true, true, true, true, true, true, true, true, true, true, true, true, true, true, true, true, true, true, true, true, true, true, true, true, true, true, true]
Jan 15, 2015 6:21:03 PM org.ccnx.ccn.profiles.sync.SyncTestRepo checkCallbacks
DETALHADO: got segment 82
Jan 15, 2015 6:21:03 PM org.ccnx.ccn.profiles.sync.SyncTestRepo checkCallbacks
DETALHADO: received: [true, true, true, true, true, true, true, true, true, true, true, true, true, true, true, true, true, true, true, true, true, true, true, true, true, true, true, true, true, true, true, true, true, true, true, true, true, true, true, true, true, true, true, true, true, true, true, true, true, true, true, true, true, true, true, true, true, true, true, true, true, true, true, true, true, true, true, true, true, true, true, true, true, true, true, true, true, true, true, true, true, true, true, true, true, true, true, true, true, true, true, false, false, false, false, false, false, false, false, false, false] finished: [true, true, true, true, true, true, true, true, true, true, true, true, true, true, true, true, true, true, true, true, true, true, true, true, true, true, true, true, true, true, true, true, true, true, true, true, true, true, true, true, true, true, true, true, true, true, true, true, true, true, true, true, true, true, true, true, true, true, true, true, true, true, true, true, true, true, true, true, true, true, true, true, true, true, true, true, true, true, true, true, true, true, true, true, true, true, true, true, true, true, true, true, true, true, true, true, true, true, true, true, true]
Jan 15, 2015 6:21:03 PM org.ccnx.ccn.profiles.sync.SyncTestRepo checkCallbacks
DETALHADO: got segment 83
Jan 15, 2015 6:21:03 PM org.ccnx.ccn.profiles.sync.SyncTestRepo checkCallbacks
DETALHADO: received: [true, true, true, true, true, true, true, true, true, true, true, true, true, true, true, true, true, true, true, true, true, true, true, true, true, true, true, true, true, true, true, true, true, true, true, true, true, true, true, true, true, true, true, true, true, true, true, true, true, true, true, true, true, true, true, true, true, true, true, true, true, true, true, true, true, true, true, true, true, true, true, true, true, true, true, true, true, true, true, true, true, true, true, true, true, true, true, true, true, true, true, false, false, false, false, false, false, false, false, false, false] finished: [true, true, true, true, true, true, true, true, true, true, true, true, true, true, true, true, true, true, true, true, true, true, true, true, true, true, true, true, true, true, true, true, true, true, true, true, true, true, true, true, true, true, true, true, true, true, true, true, true, true, true, true, true, true, true, true, true, true, true, true, true, true, true, true, true, true, true, true, true, true, true, true, true, true, true, true, true, true, true, true, true, true, true, true, true, true, true, true, true, true, true, true, true, true, true, true, true, true, true, true, true]
Jan 15, 2015 6:21:03 PM org.ccnx.ccn.profiles.sync.SyncTestRepo checkCallbacks
DETALHADO: got segment 84
Jan 15, 2015 6:21:03 PM org.ccnx.ccn.profiles.sync.SyncTestRepo checkCallbacks
DETALHADO: received: [true, true, true, true, true, true, true, true, true, true, true, true, true, true, true, true, true, true, true, true, true, true, true, true, true, true, true, true, true, true, true, true, true, true, true, true, true, true, true, true, true, true, true, true, true, true, true, true, true, true, true, true, true, true, true, true, true, true, true, true, true, true, true, true, true, true, true, true, true, true, true, true, true, true, true, true, true, true, true, true, true, true, true, true, true, true, true, true, true, true, true, false, false, false, false, false, false, false, false, false, false] finished: [true, true, true, true, true, true, true, true, true, true, true, true, true, true, true, true, true, true, true, true, true, true, true, true, true, true, true, true, true, true, true, true, true, true, true, true, true, true, true, true, true, true, true, true, true, true, true, true, true, true, true, true, true, true, true, true, true, true, true, true, true, true, true, true, true, true, true, true, true, true, true, true, true, true, true, true, true, true, true, true, true, true, true, true, true, true, true, true, true, true, true, true, true, true, true, true, true, true, true, true, true]
Jan 15, 2015 6:21:03 PM org.ccnx.ccn.profiles.sync.SyncTestRepo checkCallbacks
DETALHADO: got segment 85
Jan 15, 2015 6:21:03 PM org.ccnx.ccn.profiles.sync.SyncTestRepo checkCallbacks
DETALHADO: received: [true, true, true, true, true, true, true, true, true, true, true, true, true, true, true, true, true, true, true, true, true, true, true, true, true, true, true, true, true, true, true, true, true, true, true, true, true, true, true, true, true, true, true, true, true, true, true, true, true, true, true, true, true, true, true, true, true, true, true, true, true, true, true, true, true, true, true, true, true, true, true, true, true, true, true, true, true, true, true, true, true, true, true, true, true, true, true, true, true, true, true, false, false, false, false, false, false, false, false, false, false] finished: [true, true, true, true, true, true, true, true, true, true, true, true, true, true, true, true, true, true, true, true, true, true, true, true, true, true, true, true, true, true, true, true, true, true, true, true, true, true, true, true, true, true, true, true, true, true, true, true, true, true, true, true, true, true, true, true, true, true, true, true, true, true, true, true, true, true, true, true, true, true, true, true, true, true, true, true, true, true, true, true, true, true, true, true, true, true, true, true, true, true, true, true, true, true, true, true, true, true, true, true, true]
Jan 15, 2015 6:21:03 PM org.ccnx.ccn.profiles.sync.SyncTestRepo checkCallbacks
DETALHADO: got segment 86
Jan 15, 2015 6:21:03 PM org.ccnx.ccn.profiles.sync.SyncTestRepo checkCallbacks
DETALHADO: received: [true, true, true, true, true, true, true, true, true, true, true, true, true, true, true, true, true, true, true, true, true, true, true, true, true, true, true, true, true, true, true, true, true, true, true, true, true, true, true, true, true, true, true, true, true, true, true, true, true, true, true, true, true, true, true, true, true, true, true, true, true, true, true, true, true, true, true, true, true, true, true, true, true, true, true, true, true, true, true, true, true, true, true, true, true, true, true, true, true, true, true, false, false, false, false, false, false, false, false, false, false] finished: [true, true, true, true, true, true, true, true, true, true, true, true, true, true, true, true, true, true, true, true, true, true, true, true, true, true, true, true, true, true, true, true, true, true, true, true, true, true, true, true, true, true, true, true, true, true, true, true, true, true, true, true, true, true, true, true, true, true, true, true, true, true, true, true, true, true, true, true, true, true, true, true, true, true, true, true, true, true, true, true, true, true, true, true, true, true, true, true, true, true, true, true, true, true, true, true, true, true, true, true, true]
Jan 15, 2015 6:21:03 PM org.ccnx.ccn.profiles.sync.SyncTestRepo checkCallbacks
DETALHADO: got segment 87
Jan 15, 2015 6:21:03 PM org.ccnx.ccn.profiles.sync.SyncTestRepo checkCallbacks
DETALHADO: received: [true, true, true, true, true, true, true, true, true, true, true, true, true, true, true, true, true, true, true, true, true, true, true, true, true, true, true, true, true, true, true, true, true, true, true, true, true, true, true, true, true, true, true, true, true, true, true, true, true, true, true, true, true, true, true, true, true, true, true, true, true, true, true, true, true, true, true, true, true, true, true, true, true, true, true, true, true, true, true, true, true, true, true, true, true, true, true, true, true, true, true, false, false, false, false, false, false, false, false, false, false] finished: [true, true, true, true, true, true, true, true, true, true, true, true, true, true, true, true, true, true, true, true, true, true, true, true, true, true, true, true, true, true, true, true, true, true, true, true, true, true, true, true, true, true, true, true, true, true, true, true, true, true, true, true, true, true, true, true, true, true, true, true, true, true, true, true, true, true, true, true, true, true, true, true, true, true, true, true, true, true, true, true, true, true, true, true, true, true, true, true, true, true, true, true, true, true, true, true, true, true, true, true, true]
Jan 15, 2015 6:21:03 PM org.ccnx.ccn.profiles.sync.SyncTestRepo checkCallbacks
DETALHADO: got segment 88
Jan 15, 2015 6:21:03 PM org.ccnx.ccn.profiles.sync.SyncTestRepo checkCallbacks
DETALHADO: received: [true, true, true, true, true, true, true, true, true, true, true, true, true, true, true, true, true, true, true, true, true, true, true, true, true, true, true, true, true, true, true, true, true, true, true, true, true, true, true, true, true, true, true, true, true, true, true, true, true, true, true, true, true, true, true, true, true, true, true, true, true, true, true, true, true, true, true, true, true, true, true, true, true, true, true, true, true, true, true, true, true, true, true, true, true, true, true, true, true, true, true, false, false, false, false, false, false, false, false, false, false] finished: [true, true, true, true, true, true, true, true, true, true, true, true, true, true, true, true, true, true, true, true, true, true, true, true, true, true, true, true, true, true, true, true, true, true, true, true, true, true, true, true, true, true, true, true, true, true, true, true, true, true, true, true, true, true, true, true, true, true, true, true, true, true, true, true, true, true, true, true, true, true, true, true, true, true, true, true, true, true, true, true, true, true, true, true, true, true, true, true, true, true, true, true, true, true, true, true, true, true, true, true, true]
Jan 15, 2015 6:21:03 PM org.ccnx.ccn.profiles.sync.SyncTestRepo checkCallbacks
DETALHADO: got segment 89
Jan 15, 2015 6:21:03 PM org.ccnx.ccn.profiles.sync.SyncTestRepo checkCallbacks
DETALHADO: received: [true, true, true, true, true, true, true, true, true, true, true, true, true, true, true, true, true, true, true, true, true, true, true, true, true, true, true, true, true, true, true, true, true, true, true, true, true, true, true, true, true, true, true, true, true, true, true, true, true, true, true, true, true, true, true, true, true, true, true, true, true, true, true, true, true, true, true, true, true, true, true, true, true, true, true, true, true, true, true, true, true, true, true, true, true, true, true, true, true, true, true, false, false, false, false, false, false, false, false, false, false] finished: [true, true, true, true, true, true, true, true, true, true, true, true, true, true, true, true, true, true, true, true, true, true, true, true, true, true, true, true, true, true, true, true, true, true, true, true, true, true, true, true, true, true, true, true, true, true, true, true, true, true, true, true, true, true, true, true, true, true, true, true, true, true, true, true, true, true, true, true, true, true, true, true, true, true, true, true, true, true, true, true, true, true, true, true, true, true, true, true, true, true, true, true, true, true, true, true, true, true, true, true, true]
Jan 15, 2015 6:21:03 PM org.ccnx.ccn.profiles.sync.SyncTestRepo checkCallbacks
DETALHADO: got segment 90
Jan 15, 2015 6:21:03 PM org.ccnx.ccn.profiles.sync.SyncTestRepo checkCallbacks
DETALHADO: received: [true, true, true, true, true, true, true, true, true, true, true, true, true, true, true, true, true, true, true, true, true, true, true, true, true, true, true, true, true, true, true, true, true, true, true, true, true, true, true, true, true, true, true, true, true, true, true, true, true, true, true, true, true, true, true, true, true, true, true, true, true, true, true, true, true, true, true, true, true, true, true, true, true, true, true, true, true, true, true, true, true, true, true, true, true, true, true, true, true, true, true, false, false, false, false, false, false, false, false, false, false] finished: [true, true, true, true, true, true, true, true, true, true, true, true, true, true, true, true, true, true, true, true, true, true, true, true, true, true, true, true, true, true, true, true, true, true, true, true, true, true, true, true, true, true, true, true, true, true, true, true, true, true, true, true, true, true, true, true, true, true, true, true, true, true, true, true, true, true, true, true, true, true, true, true, true, true, true, true, true, true, true, true, true, true, true, true, true, true, true, true, true, true, true, true, true, true, true, true, true, true, true, true, true]
Jan 15, 2015 6:21:03 PM org.ccnx.ccn.profiles.sync.SyncTestRepo checkCallbacks
DETALHADO: got segment 91
Jan 15, 2015 6:21:03 PM org.ccnx.ccn.profiles.sync.SyncTestRepo checkCallbacks
DETALHADO: received: [true, true, true, true, true, true, true, true, true, true, true, true, true, true, true, true, true, true, true, true, true, true, true, true, true, true, true, true, true, true, true, true, true, true, true, true, true, true, true, true, true, true, true, true, true, true, true, true, true, true, true, true, true, true, true, true, true, true, true, true, true, true, true, true, true, true, true, true, true, true, true, true, true, true, true, true, true, true, true, true, true, true, true, true, true, true, true, true, true, true, true, true, false, false, false, false, false, false, false, false, false] finished: [true, true, true, true, true, true, true, true, true, true, true, true, true, true, true, true, true, true, true, true, true, true, true, true, true, true, true, true, true, true, true, true, true, true, true, true, true, true, true, true, true, true, true, true, true, true, true, true, true, true, true, true, true, true, true, true, true, true, true, true, true, true, true, true, true, true, true, true, true, true, true, true, true, true, true, true, true, true, true, true, true, true, true, true, true, true, true, true, true, true, true, true, true, true, true, true, true, true, true, true, true]
Jan 15, 2015 6:21:03 PM org.ccnx.ccn.profiles.sync.SyncTestRepo checkCallbacks
DETALHADO: got segment 92
Jan 15, 2015 6:21:03 PM org.ccnx.ccn.profiles.sync.SyncTestRepo checkCallbacks
DETALHADO: received: [true, true, true, true, true, true, true, true, true, true, true, true, true, true, true, true, true, true, true, true, true, true, true, true, true, true, true, true, true, true, true, true, true, true, true, true, true, true, true, true, true, true, true, true, true, true, true, true, true, true, true, true, true, true, true, true, true, true, true, true, true, true, true, true, true, true, true, true, true, true, true, true, true, true, true, true, true, true, true, true, true, true, true, true, true, true, true, true, true, true, true, true, true, false, false, false, false, false, false, false, false] finished: [true, true, true, true, true, true, true, true, true, true, true, true, true, true, true, true, true, true, true, true, true, true, true, true, true, true, true, true, true, true, true, true, true, true, true, true, true, true, true, true, true, true, true, true, true, true, true, true, true, true, true, true, true, true, true, true, true, true, true, true, true, true, true, true, true, true, true, true, true, true, true, true, true, true, true, true, true, true, true, true, true, true, true, true, true, true, true, true, true, true, true, true, true, true, true, true, true, true, true, true, true]
Jan 15, 2015 6:21:03 PM org.ccnx.ccn.profiles.sync.SyncTestRepo checkCallbacks
DETALHADO: got segment 93
Jan 15, 2015 6:21:03 PM org.ccnx.ccn.profiles.sync.SyncTestRepo checkCallbacks
DETALHADO: received: [true, true, true, true, true, true, true, true, true, true, true, true, true, true, true, true, true, true, true, true, true, true, true, true, true, true, true, true, true, true, true, true, true, true, true, true, true, true, true, true, true, true, true, true, true, true, true, true, true, true, true, true, true, true, true, true, true, true, true, true, true, true, true, true, true, true, true, true, true, true, true, true, true, true, true, true, true, true, true, true, true, true, true, true, true, true, true, true, true, true, true, true, true, true, false, false, false, false, false, false, false] finished: [true, true, true, true, true, true, true, true, true, true, true, true, true, true, true, true, true, true, true, true, true, true, true, true, true, true, true, true, true, true, true, true, true, true, true, true, true, true, true, true, true, true, true, true, true, true, true, true, true, true, true, true, true, true, true, true, true, true, true, true, true, true, true, true, true, true, true, true, true, true, true, true, true, true, true, true, true, true, true, true, true, true, true, true, true, true, true, true, true, true, true, true, true, true, true, true, true, true, true, true, true]
Jan 15, 2015 6:21:03 PM org.ccnx.ccn.profiles.sync.SyncTestRepo checkCallbacks
DETALHADO: got segment 94
Jan 15, 2015 6:21:03 PM org.ccnx.ccn.profiles.sync.SyncTestRepo checkCallbacks
DETALHADO: received: [true, true, true, true, true, true, true, true, true, true, true, true, true, true, true, true, true, true, true, true, true, true, true, true, true, true, true, true, true, true, true, true, true, true, true, true, true, true, true, true, true, true, true, true, true, true, true, true, true, true, true, true, true, true, true, true, true, true, true, true, true, true, true, true, true, true, true, true, true, true, true, true, true, true, true, true, true, true, true, true, true, true, true, true, true, true, true, true, true, true, true, true, true, true, true, false, false, false, false, false, false] finished: [true, true, true, true, true, true, true, true, true, true, true, true, true, true, true, true, true, true, true, true, true, true, true, true, true, true, true, true, true, true, true, true, true, true, true, true, true, true, true, true, true, true, true, true, true, true, true, true, true, true, true, true, true, true, true, true, true, true, true, true, true, true, true, true, true, true, true, true, true, true, true, true, true, true, true, true, true, true, true, true, true, true, true, true, true, true, true, true, true, true, true, true, true, true, true, true, true, true, true, true, true]
Jan 15, 2015 6:21:03 PM org.ccnx.ccn.profiles.sync.SyncTestRepo checkCallbacks
DETALHADO: got segment 95
Jan 15, 2015 6:21:03 PM org.ccnx.ccn.profiles.sync.SyncTestRepo checkCallbacks
DETALHADO: received: [true, true, true, true, true, true, true, true, true, true, true, true, true, true, true, true, true, true, true, true, true, true, true, true, true, true, true, true, true, true, true, true, true, true, true, true, true, true, true, true, true, true, true, true, true, true, true, true, true, true, true, true, true, true, true, true, true, true, true, true, true, true, true, true, true, true, true, true, true, true, true, true, true, true, true, true, true, true, true, true, true, true, true, true, true, true, true, true, true, true, true, true, true, true, true, true, false, false, false, false, false] finished: [true, true, true, true, true, true, true, true, true, true, true, true, true, true, true, true, true, true, true, true, true, true, true, true, true, true, true, true, true, true, true, true, true, true, true, true, true, true, true, true, true, true, true, true, true, true, true, true, true, true, true, true, true, true, true, true, true, true, true, true, true, true, true, true, true, true, true, true, true, true, true, true, true, true, true, true, true, true, true, true, true, true, true, true, true, true, true, true, true, true, true, true, true, true, true, true, true, true, true, true, true]
Jan 15, 2015 6:21:03 PM org.ccnx.ccn.profiles.sync.SyncTestRepo checkCallbacks
DETALHADO: got segment 96
Jan 15, 2015 6:21:03 PM org.ccnx.ccn.profiles.sync.SyncTestRepo checkCallbacks
DETALHADO: received: [true, true, true, true, true, true, true, true, true, true, true, true, true, true, true, true, true, true, true, true, true, true, true, true, true, true, true, true, true, true, true, true, true, true, true, true, true, true, true, true, true, true, true, true, true, true, true, true, true, true, true, true, true, true, true, true, true, true, true, true, true, true, true, true, true, true, true, true, true, true, true, true, true, true, true, true, true, true, true, true, true, true, true, true, true, true, true, true, true, true, true, true, true, true, true, true, true, false, false, false, false] finished: [true, true, true, true, true, true, true, true, true, true, true, true, true, true, true, true, true, true, true, true, true, true, true, true, true, true, true, true, true, true, true, true, true, true, true, true, true, true, true, true, true, true, true, true, true, true, true, true, true, true, true, true, true, true, true, true, true, true, true, true, true, true, true, true, true, true, true, true, true, true, true, true, true, true, true, true, true, true, true, true, true, true, true, true, true, true, true, true, true, true, true, true, true, true, true, true, true, true, true, true, true]
Jan 15, 2015 6:21:03 PM org.ccnx.ccn.profiles.sync.SyncTestRepo checkCallbacks
DETALHADO: got segment 97
Jan 15, 2015 6:21:03 PM org.ccnx.ccn.profiles.sync.SyncTestRepo checkCallbacks
DETALHADO: received: [true, true, true, true, true, true, true, true, true, true, true, true, true, true, true, true, true, true, true, true, true, true, true, true, true, true, true, true, true, true, true, true, true, true, true, true, true, true, true, true, true, true, true, true, true, true, true, true, true, true, true, true, true, true, true, true, true, true, true, true, true, true, true, true, true, true, true, true, true, true, true, true, true, true, true, true, true, true, true, true, true, true, true, true, true, true, true, true, true, true, true, true, true, true, true, true, true, true, false, false, false] finished: [true, true, true, true, true, true, true, true, true, true, true, true, true, true, true, true, true, true, true, true, true, true, true, true, true, true, true, true, true, true, true, true, true, true, true, true, true, true, true, true, true, true, true, true, true, true, true, true, true, true, true, true, true, true, true, true, true, true, true, true, true, true, true, true, true, true, true, true, true, true, true, true, true, true, true, true, true, true, true, true, true, true, true, true, true, true, true, true, true, true, true, true, true, true, true, true, true, true, true, true, true]
Jan 15, 2015 6:21:03 PM org.ccnx.ccn.profiles.sync.SyncTestRepo checkCallbacks
DETALHADO: got segment 98
Jan 15, 2015 6:21:03 PM org.ccnx.ccn.profiles.sync.SyncTestRepo checkCallbacks
DETALHADO: received: [true, true, true, true, true, true, true, true, true, true, true, true, true, true, true, true, true, true, true, true, true, true, true, true, true, true, true, true, true, true, true, true, true, true, true, true, true, true, true, true, true, true, true, true, true, true, true, true, true, true, true, true, true, true, true, true, true, true, true, true, true, true, true, true, true, true, true, true, true, true, true, true, true, true, true, true, true, true, true, true, true, true, true, true, true, true, true, true, true, true, true, true, true, true, true, true, true, true, true, false, false] finished: [true, true, true, true, true, true, true, true, true, true, true, true, true, true, true, true, true, true, true, true, true, true, true, true, true, true, true, true, true, true, true, true, true, true, true, true, true, true, true, true, true, true, true, true, true, true, true, true, true, true, true, true, true, true, true, true, true, true, true, true, true, true, true, true, true, true, true, true, true, true, true, true, true, true, true, true, true, true, true, true, true, true, true, true, true, true, true, true, true, true, true, true, true, true, true, true, true, true, true, true, true]
Jan 15, 2015 6:21:03 PM org.ccnx.ccn.profiles.sync.SyncTestRepo checkCallbacks
DETALHADO: got segment 99
Jan 15, 2015 6:21:03 PM org.ccnx.ccn.profiles.sync.SyncTestRepo checkCallbacks
DETALHADO: received: [true, true, true, true, true, true, true, true, true, true, true, true, true, true, true, true, true, true, true, true, true, true, true, true, true, true, true, true, true, true, true, true, true, true, true, true, true, true, true, true, true, true, true, true, true, true, true, true, true, true, true, true, true, true, true, true, true, true, true, true, true, true, true, true, true, true, true, true, true, true, true, true, true, true, true, true, true, true, true, true, true, true, true, true, true, true, true, true, true, true, true, true, true, true, true, true, true, true, true, true, false] finished: [true, true, true, true, true, true, true, true, true, true, true, true, true, true, true, true, true, true, true, true, true, true, true, true, true, true, true, true, true, true, true, true, true, true, true, true, true, true, true, true, true, true, true, true, true, true, true, true, true, true, true, true, true, true, true, true, true, true, true, true, true, true, true, true, true, true, true, true, true, true, true, true, true, true, true, true, true, true, true, true, true, true, true, true, true, true, true, true, true, true, true, true, true, true, true, true, true, true, true, true, true]
Jan 15, 2015 6:21:03 PM org.ccnx.ccn.profiles.sync.SyncTestRepo checkCallbacks
DETALHADO: got the header
Jan 15, 2015 6:21:03 PM org.ccnx.ccn.profiles.sync.SyncTestRepo checkCallbacks
DETALHADO: received: [true, true, true, true, true, true, true, true, true, true, true, true, true, true, true, true, true, true, true, true, true, true, true, true, true, true, true, true, true, true, true, true, true, true, true, true, true, true, true, true, true, true, true, true, true, true, true, true, true, true, true, true, true, true, true, true, true, true, true, true, true, true, true, true, true, true, true, true, true, true, true, true, true, true, true, true, true, true, true, true, true, true, true, true, true, true, true, true, true, true, true, true, true, true, true, true, true, true, true, true, true] finished: [true, true, true, true, true, true, true, true, true, true, true, true, true, true, true, true, true, true, true, true, true, true, true, true, true, true, true, true, true, true, true, true, true, true, true, true, true, true, true, true, true, true, true, true, true, true, true, true, true, true, true, true, true, true, true, true, true, true, true, true, true, true, true, true, true, true, true, true, true, true, true, true, true, true, true, true, true, true, true, true, true, true, true, true, true, true, true, true, true, true, true, true, true, true, true, true, true, true, true, true, true]
Jan 15, 2015 6:21:03 PM org.ccnx.ccn.profiles.sync.SyncTestRepo checkCallbacks
DETALHADO: got all the segments!
Jan 15, 2015 6:21:03 PM org.ccnx.ccn.profiles.sync.SyncTestRepo checkCallbacks
DETALHADO: trying to loop again looking for segments
Jan 15, 2015 6:21:03 PM org.ccnx.ccn.profiles.sync.SyncTestRepo checkCallbacks
DETALHADO: done looping, returning.
Jan 15, 2015 6:21:03 PM org.ccnx.ccn.profiles.sync.SyncTestRepo testSyncClose
DETALHADO: I got all the callbacks for part 1 of testSyncClose!
Jan 15, 2015 6:21:03 PM org.ccnx.ccn.impl.sync.ProtocolBasedSyncMonitor removeCallback
INFORMAÇÕES: Removing callback on slice: /ccnx.org/test/SyncTestRepo-15-01-15-18.20.23/ccnSyncTest/slice3
Jan 15, 2015 6:21:03 PM org.ccnx.ccn.profiles.sync.SyncTestRepo testSyncClose
DETALHADO: writing out file: /ccnx.org/test/SyncTestRepo-15-01-15-18.20.23/ccnSyncTest/slice3/round2
Jan 15, 2015 6:21:03 PM org.ccnx.ccn.impl.CCNFlowControl <init>
INFORMAÇÕES: adding namespace: /ccnx.org/test/SyncTestRepo-15-01-15-18.20.23/ccnSyncTest/slice3/round2/randomFile
Jan 15, 2015 6:21:03 PM org.ccnx.ccn.impl.security.keys.BasicKeyManager getKeyLocator
INFORMAÇÕES: getKeyLocator: returning locator NAME: /ccnx.org/Users/root/Keys/%C1.M.K=009234ADEC47D19E3E6A2AF362D44E09AB6B71F43B1900BA0622FB45F2A5B7D9F6/=FD054AE7DE1000 KEY:-reba89rgbj1o6ata34t5eovcl4kho5s9pnv8nstq15q1ld4g9ga for key kjSt7EfRnj5qKvNi1E4Jq2tx9DsZALoGIvtF8qW32fY=
Jan 15, 2015 6:21:03 PM org.ccnx.ccn.io.CCNAbstractOutputStream <init>
INFORMAÇÕES: CCNAbstractOutputStream: /ccnx.org/test/SyncTestRepo-15-01-15-18.20.23/ccnSyncTest/slice3/round2/randomFile/=FD054B82F3FFE7 blocksize is 4096
Jan 15, 2015 6:21:03 PM org.ccnx.ccn.io.CCNAbstractOutputStream startWrite
INFORMAÇÕES: CCNAbstractOutputStream: startWrite -- searching for keys.
Jan 15, 2015 6:21:03 PM org.ccnx.ccn.profiles.security.access.AccessControlManager keysForOutput
INFORMAÇÕES: keysForOutput: found an acm: (null)
Jan 15, 2015 6:21:03 PM org.ccnx.ccn.impl.repo.RepositoryFlowControl startWrite
INFORMAÇÕES: RepositoryFlowControl.startWrite called for name /ccnx.org/test/SyncTestRepo-15-01-15-18.20.23/ccnSyncTest/slice3/round2/randomFile/=FD054B82F3FFE7, shape STREAM
Jan 15, 2015 6:21:04 PM org.ccnx.ccn.impl.repo.RepositoryFlowControl handleContent
INFORMAÇÕES: handleContent: got potential repo message: /ccnx.org/test/SyncTestRepo-15-01-15-18.20.23/ccnSyncTest/slice3/round2/randomFile/=FD054B82F3FFE7/%C1.R.sw/%C1.N=00F112C50084AC4650
Jan 15, 2015 6:21:04 PM org.ccnx.ccn.profiles.sync.SyncTestCommon writeFile
DETALHADO: bytes: 9400 block size: 4096 div: 2.294921875 ceil: 3
Jan 15, 2015 6:21:04 PM org.ccnx.ccn.profiles.sync.SyncTestCommon writeFile
DETALHADO: will write out a 9400 byte file, will have 4 segments (1 is a header)
Jan 15, 2015 6:21:04 PM org.ccnx.ccn.io.CCNOutputStream flushToNetwork
INFORMAÇÕES: flush: outputting to the segmenter, baseName /ccnx.org/test/SyncTestRepo-15-01-15-18.20.23/ccnSyncTest/slice3/round2/randomFile/=FD054B82F3FFE7 basenameindex =0002; 1208 bytes written, holding back 1208 flushing final blocks? false.
Jan 15, 2015 6:21:04 PM org.ccnx.ccn.impl.CCNSegmenter outputCurrentBlocks
INFORMAÇÕES: flush: putting merkle tree to the network, name starts with /ccnx.org/test/SyncTestRepo-15-01-15-18.20.23/ccnSyncTest/slice3/round2/randomFile/=FD054B82F3FFE7/=00; 2 blocks
Jan 15, 2015 6:21:04 PM org.ccnx.ccn.impl.security.crypto.CCNMerkleTreeSigner signBlocks
INFORMAÇÕES: Signed tree of 2 leaves, 3 nodes.
Jan 15, 2015 6:21:04 PM org.ccnx.ccn.io.CCNOutputStream flushToNetwork
INFORMAÇÕES: HEADER: CCNOutputStream: flushToNetwork: new _baseNameIndex 2
Jan 15, 2015 6:21:04 PM org.ccnx.ccn.io.CCNOutputStream flushToNetwork
INFORMAÇÕES: flush: outputting to the segmenter, baseName /ccnx.org/test/SyncTestRepo-15-01-15-18.20.23/ccnSyncTest/slice3/round2/randomFile/=FD054B82F3FFE7 basenameindex =0002; 1208 bytes written, holding back 1208 flushing final blocks? false.
Jan 15, 2015 6:21:04 PM org.ccnx.ccn.io.CCNOutputStream flushToNetwork
INFORMAÇÕES: HEADER: CCNOutputStream: flushToNetwork: new _baseNameIndex 2
Jan 15, 2015 6:21:04 PM org.ccnx.ccn.io.CCNOutputStream flushToNetwork
INFORMAÇÕES: flush: outputting to the segmenter, baseName /ccnx.org/test/SyncTestRepo-15-01-15-18.20.23/ccnSyncTest/slice3/round2/randomFile/=FD054B82F3FFE7 basenameindex =0002; 1208 bytes written, holding back 0 flushing final blocks? true.
Jan 15, 2015 6:21:04 PM org.ccnx.ccn.io.CCNOutputStream flushToNetwork
INFORMAÇÕES: HEADER: CCNOutputStream: flushToNetwork: new _baseNameIndex 3
Jan 15, 2015 6:21:04 PM org.ccnx.ccn.io.CCNAbstractOutputStream <init>
INFORMAÇÕES: CCNAbstractOutputStream: /ccnx.org/test/SyncTestRepo-15-01-15-18.20.23/ccnSyncTest/slice3/round2/randomFile/=FD054B82F3FFE7/%C1.META.M/.header/=FD054B82F40029 blocksize is 4096
Jan 15, 2015 6:21:04 PM org.ccnx.ccn.io.CCNAbstractOutputStream startWrite
INFORMAÇÕES: CCNAbstractOutputStream: startWrite -- searching for keys.
Jan 15, 2015 6:21:04 PM org.ccnx.ccn.profiles.security.access.AccessControlManager keysForOutput
INFORMAÇÕES: keysForOutput: found an acm: (null)
Jan 15, 2015 6:21:04 PM org.ccnx.ccn.impl.repo.RepositoryFlowControl startWrite
INFORMAÇÕES: RepositoryFlowControl.startWrite called for name /ccnx.org/test/SyncTestRepo-15-01-15-18.20.23/ccnSyncTest/slice3/round2/randomFile/=FD054B82F3FFE7/%C1.META.M/.header/=FD054B82F40029, shape STREAM
Jan 15, 2015 6:21:04 PM org.ccnx.ccn.impl.sync.ProtocolBasedSyncMonitor handleContent
INFORMAÇÕES: Saw new content from sync: /ccnx.org/test/SyncTestRepo-15-01-15-18.20.23/topoPrefix/%C1.S.ra/%BE0%12oa.=600BF662D2F4E2A3332DE1C78E7F036BFCDBCA9D03829E388D66/%2FF7=E6EB966225D258A954B043A50BE6B83BF9F9178767374E5D84682466CE28/0=E1F82252CF60E91F9F9B9EDADC9BD45879B35A1B43F476FF6A15AEF79915196C
Jan 15, 2015 6:21:04 PM org.ccnx.ccn.impl.repo.RepositoryFlowControl handleContent
INFORMAÇÕES: handleContent: got potential repo message: /ccnx.org/test/SyncTestRepo-15-01-15-18.20.23/ccnSyncTest/slice3/round2/randomFile/=FD054B82F3FFE7/%C1.META.M/.header/=FD054B82F40029/%C1.R.sw/%C1.N%00C%29W=CC8773C2A3
Jan 15, 2015 6:21:04 PM org.ccnx.ccn.io.CCNOutputStream flushToNetwork
INFORMAÇÕES: flush: outputting to the segmenter, baseName /ccnx.org/test/SyncTestRepo-15-01-15-18.20.23/ccnSyncTest/slice3/round2/randomFile/=FD054B82F3FFE7/%C1.META.M/.header/=FD054B82F40029 basenameindex =00; 66 bytes written, holding back 66 flushing final blocks? false.
Jan 15, 2015 6:21:04 PM org.ccnx.ccn.io.CCNOutputStream flushToNetwork
INFORMAÇÕES: HEADER: CCNOutputStream: flushToNetwork: new _baseNameIndex 0
Jan 15, 2015 6:21:04 PM org.ccnx.ccn.io.CCNOutputStream flushToNetwork
INFORMAÇÕES: flush: outputting to the segmenter, baseName /ccnx.org/test/SyncTestRepo-15-01-15-18.20.23/ccnSyncTest/slice3/round2/randomFile/=FD054B82F3FFE7/%C1.META.M/.header/=FD054B82F40029 basenameindex =00; 66 bytes written, holding back 66 flushing final blocks? false.
Jan 15, 2015 6:21:04 PM org.ccnx.ccn.io.CCNOutputStream flushToNetwork
INFORMAÇÕES: HEADER: CCNOutputStream: flushToNetwork: new _baseNameIndex 0
Jan 15, 2015 6:21:04 PM org.ccnx.ccn.io.CCNOutputStream flushToNetwork
INFORMAÇÕES: flush: outputting to the segmenter, baseName /ccnx.org/test/SyncTestRepo-15-01-15-18.20.23/ccnSyncTest/slice3/round2/randomFile/=FD054B82F3FFE7/%C1.META.M/.header/=FD054B82F40029 basenameindex =00; 66 bytes written, holding back 0 flushing final blocks? true.
Jan 15, 2015 6:21:04 PM org.ccnx.ccn.io.CCNOutputStream flushToNetwork
INFORMAÇÕES: HEADER: CCNOutputStream: flushToNetwork: new _baseNameIndex 1
Jan 15, 2015 6:21:04 PM org.ccnx.ccn.io.CCNOutputStream close
INFORMAÇÕES: CCNOutputStream close: /ccnx.org/test/SyncTestRepo-15-01-15-18.20.23/ccnSyncTest/slice3/round2/randomFile/=FD054B82F3FFE7/%C1.META.M/.header/=FD054B82F40029
Jan 15, 2015 6:21:04 PM org.ccnx.ccn.io.CCNOutputStream close
INFORMAÇÕES: CCNOutputStream close: /ccnx.org/test/SyncTestRepo-15-01-15-18.20.23/ccnSyncTest/slice3/round2/randomFile/=FD054B82F3FFE7
Jan 15, 2015 6:21:04 PM org.ccnx.ccn.profiles.sync.SyncTestCommon writeFile
INFORMAÇÕES: Wrote file to repository: /ccnx.org/test/SyncTestRepo-15-01-15-18.20.23/ccnSyncTest/slice3/round2/randomFile/=FD054B82F3FFE7 with 4 segments
Jan 15, 2015 6:21:04 PM org.ccnx.ccn.profiles.sync.SyncTestRepo checkCallbacks
DETALHADO: checking for callbacks:  /ccnx.org/test/SyncTestRepo-15-01-15-18.20.23/ccnSyncTest/slice3/round2 segments: 4
Jan 15, 2015 6:21:04 PM org.ccnx.ccn.impl.sync.SliceComparator run
DETALHADO: Starting comparator run - state is INIT, sc is org.ccnx.ccn.impl.sync.SliceComparator@474906b9, this is the lead
Jan 15, 2015 6:21:04 PM org.ccnx.ccn.impl.encoding.BinaryXMLDecoder setElement
INFORMAÇÕES: Reset decode array sizes to 150
Jan 15, 2015 6:21:04 PM org.ccnx.ccn.io.content.SyncNodeComposite decodeLogging
O MAIS DETALHADO: decode node for 0=E1F82252CF60E91F9F9B9EDADC9BD45879B35A1B43F476FF6A15AEF79915196C depth = 2 refs = 6
Jan 15, 2015 6:21:04 PM org.ccnx.ccn.io.content.SyncNodeComposite decodeLogging
O MAIS DETALHADO: min is 0, max is 0, expanded min is /ccnx.org/test/SyncTestRepo-15-01-15-18.20.23/ccnSyncTest/slice3/round2/randomFile/=FD054B82F3FFE7/=00/qb%F0W=1CEA55BE455DCD975BFAC9C75D94F543F36000DEE0EB51EFFFBE0E3D, expanded max is /ccnx.org/test/SyncTestRepo-15-01-15-18.20.23/ccnSyncTest/slice3/randomFile/=FD054B82F3B225/%C1.META.M/.header/=FD054B82F3B36D/=00/E=EDEFC6E114911303846ED7067B432E4E0456C57094EC6245ADEE1E502CEEB5
Jan 15, 2015 6:21:04 PM org.ccnx.ccn.impl.sync.SliceComparator run
INFORMAÇÕES: Starting new round with X = %2FF7=E6EB966225D258A954B043A50BE6B83BF9F9178767374E5D84682466CE28 and Y = 0=E1F82252CF60E91F9F9B9EDADC9BD45879B35A1B43F476FF6A15AEF79915196C
Jan 15, 2015 6:21:04 PM org.ccnx.ccn.impl.sync.ProtocolBasedSyncMonitor requestNode
DETALHADO: Requesting node for hash: /ccnx.org/test/SyncTestRepo-15-01-15-18.20.23/topoPrefix/%C1.S.nf/%BE0%12oa.=600BF662D2F4E2A3332DE1C78E7F036BFCDBCA9D03829E388D66/=06FE3D5D8FD7DE36DB39BBA2F5A72CE419BBE14369562B442313E2E45063DC935C
Jan 15, 2015 6:21:04 PM org.ccnx.ccn.impl.sync.ProtocolBasedSyncMonitor requestNode
DETALHADO: Requesting node for hash: /ccnx.org/test/SyncTestRepo-15-01-15-18.20.23/topoPrefix/%C1.S.nf/%BE0%12oa.=600BF662D2F4E2A3332DE1C78E7F036BFCDBCA9D03829E388D66/=071766247AD6EF298E718724D00D458B0AF3CEBABAD31AFF2D3902B441A4B18DC3
Jan 15, 2015 6:21:04 PM org.ccnx.ccn.impl.sync.ProtocolBasedSyncMonitor requestNode
DETALHADO: Requesting node for hash: /ccnx.org/test/SyncTestRepo-15-01-15-18.20.23/topoPrefix/%C1.S.nf/%BE0%12oa.=600BF662D2F4E2A3332DE1C78E7F036BFCDBCA9D03829E388D66/%0BU=96BA30E975F4F85C7C8273CAA860D76FDA598A62BE90BAAF522FF2DEF109BC
Jan 15, 2015 6:21:04 PM org.ccnx.ccn.impl.sync.SliceComparator.NodeFetchHandler handleContent
DETALHADO: Saw data from nodefind: hash: =06FE3D5D8FD7DE36DB39BBA2F5A72CE419BBE14369562B442313E2E45063DC935C
Jan 15, 2015 6:21:04 PM org.ccnx.ccn.impl.sync.ProtocolBasedSyncMonitor requestNode
DETALHADO: Requesting node for hash: /ccnx.org/test/SyncTestRepo-15-01-15-18.20.23/topoPrefix/%C1.S.nf/%BE0%12oa.=600BF662D2F4E2A3332DE1C78E7F036BFCDBCA9D03829E388D66/=07921E88BBF4F97CA057D7EFBE8B24A0B38E40AFB4DE3ACF75DA4B747B2C8D4F26
Jan 15, 2015 6:21:04 PM org.ccnx.ccn.impl.sync.SliceComparator.NodeFetchHandler handleContent
DETALHADO: Saw data from nodefind: hash: =071766247AD6EF298E718724D00D458B0AF3CEBABAD31AFF2D3902B441A4B18DC3
Jan 15, 2015 6:21:04 PM org.ccnx.ccn.impl.sync.ProtocolBasedSyncMonitor requestNode
DETALHADO: Requesting node for hash: /ccnx.org/test/SyncTestRepo-15-01-15-18.20.23/topoPrefix/%C1.S.nf/%BE0%12oa.=600BF662D2F4E2A3332DE1C78E7F036BFCDBCA9D03829E388D66/=0786F7A52C4845E594AC690AC73625527300B67773DB6B3827744CBDFE84C801BE
Jan 15, 2015 6:21:04 PM org.ccnx.ccn.impl.sync.ProtocolBasedSyncMonitor requestNode
DETALHADO: Requesting node for hash: /ccnx.org/test/SyncTestRepo-15-01-15-18.20.23/topoPrefix/%C1.S.nf/%BE0%12oa.=600BF662D2F4E2A3332DE1C78E7F036BFCDBCA9D03829E388D66/=085DA7B82EF9DE3188939B5A1B9C371135CB31DB43FE499B571F45B3F900409DAD
Jan 15, 2015 6:21:04 PM org.ccnx.ccn.impl.sync.SliceComparator.NodeFetchHandler handleContent
DETALHADO: Saw data from nodefind: hash: %0BU=96BA30E975F4F85C7C8273CAA860D76FDA598A62BE90BAAF522FF2DEF109BC
Jan 15, 2015 6:21:04 PM org.ccnx.ccn.impl.sync.SliceComparator doComparison
O MAIS DETALHADO: Compare NODE %2FF7=E6EB966225D258A954B043A50BE6B83BF9F9178767374E5D84682466CE28 to NODE 0=E1F82252CF60E91F9F9B9EDADC9BD45879B35A1B43F476FF6A15AEF79915196C
Jan 15, 2015 6:21:04 PM org.ccnx.ccn.impl.sync.SliceComparator.NodeFetchHandler handleContent
DETALHADO: Saw data from nodefind: hash: =07921E88BBF4F97CA057D7EFBE8B24A0B38E40AFB4DE3ACF75DA4B747B2C8D4F26
Jan 15, 2015 6:21:04 PM org.ccnx.ccn.impl.sync.SliceComparator doComparison
O MAIS DETALHADO: pos X is 0, pos Y is 0
Jan 15, 2015 6:21:04 PM org.ccnx.ccn.io.content.SyncNodeComposite decodeLogging
O MAIS DETALHADO: decode node for =06FE3D5D8FD7DE36DB39BBA2F5A72CE419BBE14369562B442313E2E45063DC935C depth = 1 refs = 14
Jan 15, 2015 6:21:04 PM org.ccnx.ccn.io.content.SyncNodeComposite decodeLogging
O MAIS DETALHADO: min is 0, max is 10, expanded min is /ccnx.org/test/SyncTestRepo-15-01-15-18.20.23/ccnSyncTest/slice3/round2/randomFile/=FD054B82F3FFE7/=00/qb%F0W=1CEA55BE455DCD975BFAC9C75D94F543F36000DEE0EB51EFFFBE0E3D, expanded max is /ccnx.org/test/SyncTestRepo-15-01-15-18.20.23/ccnSyncTest/slice3/randomFile/=FD054B82F3B225/=000A/%1AV%ADd=838633E683F6EAB2DA3137D7F3C378F09305BA07DDA43EAEFA607E54
Jan 15, 2015 6:21:04 PM org.ccnx.ccn.impl.sync.SliceComparator.NodeFetchHandler handleContent
DETALHADO: Saw data from nodefind: hash: =0786F7A52C4845E594AC690AC73625527300B67773DB6B3827744CBDFE84C801BE
Jan 15, 2015 6:21:04 PM org.ccnx.ccn.impl.sync.SliceComparator doComparison
O MAIS DETALHADO: Pushing X entry =08EB3DFF6AC3FA572AE1FF33212936EFB7448A4CCFB9A7DB4A9F231E91682438DD and Y entry =06FE3D5D8FD7DE36DB39BBA2F5A72CE419BBE14369562B442313E2E45063DC935C
Jan 15, 2015 6:21:04 PM org.ccnx.ccn.impl.sync.SliceComparator doComparison
O MAIS DETALHADO: Compare LEAF =08EB3DFF6AC3FA572AE1FF33212936EFB7448A4CCFB9A7DB4A9F231E91682438DD to LEAF =06FE3D5D8FD7DE36DB39BBA2F5A72CE419BBE14369562B442313E2E45063DC935C
Jan 15, 2015 6:21:04 PM org.ccnx.ccn.impl.sync.SliceComparator doComparison
O MAIS DETALHADO: name X is 0, pos X is 0, name Y is 0, pos Y is 0 comp is 1
Jan 15, 2015 6:21:04 PM org.ccnx.ccn.impl.sync.SliceComparator doComparison
O MAIS DETALHADO: name X (expanded) is /ccnx.org/test/SyncTestRepo-15-01-15-18.20.23/ccnSyncTest/slice3/randomFile/=FD054B82F3B225/=00/%CC6=27CD78FECD5D9D365054A2FA385E67AC9D17380C55A460FEEFAF0524BDD5, name Y (expanded) is /ccnx.org/test/SyncTestRepo-15-01-15-18.20.23/ccnSyncTest/slice3/round2/randomFile/=FD054B82F3FFE7/=00/qb%F0W=1CEA55BE455DCD975BFAC9C75D94F543F36000DEE0EB51EFFFBE0E3D
Jan 15, 2015 6:21:04 PM org.ccnx.ccn.impl.sync.SliceComparator doComparison
O MAIS DETALHADO: Compare LEAF =08EB3DFF6AC3FA572AE1FF33212936EFB7448A4CCFB9A7DB4A9F231E91682438DD to LEAF =06FE3D5D8FD7DE36DB39BBA2F5A72CE419BBE14369562B442313E2E45063DC935C
Jan 15, 2015 6:21:04 PM org.ccnx.ccn.impl.sync.SliceComparator doComparison
O MAIS DETALHADO: name X is 0, pos X is 0, name Y is 1, pos Y is 1 comp is 1
Jan 15, 2015 6:21:04 PM org.ccnx.ccn.impl.sync.SliceComparator doComparison
O MAIS DETALHADO: name X (expanded) is /ccnx.org/test/SyncTestRepo-15-01-15-18.20.23/ccnSyncTest/slice3/randomFile/=FD054B82F3B225/=00/%CC6=27CD78FECD5D9D365054A2FA385E67AC9D17380C55A460FEEFAF0524BDD5, name Y (expanded) is /ccnx.org/test/SyncTestRepo-15-01-15-18.20.23/ccnSyncTest/slice3/round2/randomFile/=FD054B82F3FFE7/=0001/p=1ED480033021ABC5365682806AA44BEF392C247E8BEB8C9E9CAC4CC3314CF5
Jan 15, 2015 6:21:04 PM org.ccnx.ccn.impl.sync.SliceComparator doComparison
O MAIS DETALHADO: Compare LEAF =08EB3DFF6AC3FA572AE1FF33212936EFB7448A4CCFB9A7DB4A9F231E91682438DD to LEAF =06FE3D5D8FD7DE36DB39BBA2F5A72CE419BBE14369562B442313E2E45063DC935C
Jan 15, 2015 6:21:04 PM org.ccnx.ccn.impl.sync.SliceComparator doComparison
O MAIS DETALHADO: name X is 0, pos X is 0, name Y is 2, pos Y is 2 comp is 1
Jan 15, 2015 6:21:04 PM org.ccnx.ccn.impl.sync.SliceComparator doComparison
O MAIS DETALHADO: name X (expanded) is /ccnx.org/test/SyncTestRepo-15-01-15-18.20.23/ccnSyncTest/slice3/randomFile/=FD054B82F3B225/=00/%CC6=27CD78FECD5D9D365054A2FA385E67AC9D17380C55A460FEEFAF0524BDD5, name Y (expanded) is /ccnx.org/test/SyncTestRepo-15-01-15-18.20.23/ccnSyncTest/slice3/round2/randomFile/=FD054B82F3FFE7/=0002/=BA3E769018E44BE33C5E2610BC915A5E74A93EB9BA81235C9C302C52B1BEF012
Jan 15, 2015 6:21:04 PM org.ccnx.ccn.impl.sync.SliceComparator doComparison
O MAIS DETALHADO: Compare LEAF =08EB3DFF6AC3FA572AE1FF33212936EFB7448A4CCFB9A7DB4A9F231E91682438DD to LEAF =06FE3D5D8FD7DE36DB39BBA2F5A72CE419BBE14369562B442313E2E45063DC935C
Jan 15, 2015 6:21:04 PM org.ccnx.ccn.impl.sync.SliceComparator doComparison
O MAIS DETALHADO: name X is 0, pos X is 0, name Y is 0, pos Y is 3 comp is 0
Jan 15, 2015 6:21:04 PM org.ccnx.ccn.impl.sync.SliceComparator doComparison
O MAIS DETALHADO: name X (expanded) is /ccnx.org/test/SyncTestRepo-15-01-15-18.20.23/ccnSyncTest/slice3/randomFile/=FD054B82F3B225/=00/%CC6=27CD78FECD5D9D365054A2FA385E67AC9D17380C55A460FEEFAF0524BDD5, name Y (expanded) is /ccnx.org/test/SyncTestRepo-15-01-15-18.20.23/ccnSyncTest/slice3/randomFile/=FD054B82F3B225/=00/%CC6=27CD78FECD5D9D365054A2FA385E67AC9D17380C55A460FEEFAF0524BDD5
Jan 15, 2015 6:21:04 PM org.ccnx.ccn.impl.sync.SliceComparator doComparison
O MAIS DETALHADO: Compare LEAF =08EB3DFF6AC3FA572AE1FF33212936EFB7448A4CCFB9A7DB4A9F231E91682438DD to LEAF =06FE3D5D8FD7DE36DB39BBA2F5A72CE419BBE14369562B442313E2E45063DC935C
Jan 15, 2015 6:21:04 PM org.ccnx.ccn.impl.sync.SliceComparator doComparison
O MAIS DETALHADO: name X is 1, pos X is 1, name Y is 1, pos Y is 4 comp is 0
Jan 15, 2015 6:21:04 PM org.ccnx.ccn.impl.sync.SliceComparator doComparison
O MAIS DETALHADO: name X (expanded) is /ccnx.org/test/SyncTestRepo-15-01-15-18.20.23/ccnSyncTest/slice3/randomFile/=FD054B82F3B225/=0001/=980384DC9615F2D5E4C166CE7CB1192F131D5B4585406C0784C0386155909569, name Y (expanded) is /ccnx.org/test/SyncTestRepo-15-01-15-18.20.23/ccnSyncTest/slice3/randomFile/=FD054B82F3B225/=0001/=980384DC9615F2D5E4C166CE7CB1192F131D5B4585406C0784C0386155909569
Jan 15, 2015 6:21:04 PM org.ccnx.ccn.impl.sync.SliceComparator doComparison
O MAIS DETALHADO: Compare LEAF =08EB3DFF6AC3FA572AE1FF33212936EFB7448A4CCFB9A7DB4A9F231E91682438DD to LEAF =06FE3D5D8FD7DE36DB39BBA2F5A72CE419BBE14369562B442313E2E45063DC935C
Jan 15, 2015 6:21:04 PM org.ccnx.ccn.impl.sync.SliceComparator doComparison
O MAIS DETALHADO: name X is 2, pos X is 2, name Y is 2, pos Y is 5 comp is 0
Jan 15, 2015 6:21:04 PM org.ccnx.ccn.impl.sync.SliceComparator doComparison
O MAIS DETALHADO: name X (expanded) is /ccnx.org/test/SyncTestRepo-15-01-15-18.20.23/ccnSyncTest/slice3/randomFile/=FD054B82F3B225/=0002/=88A8466ED1BE7075D7A1598686C3002FB174F79713C6A0BCD674EB27C51F3C51, name Y (expanded) is /ccnx.org/test/SyncTestRepo-15-01-15-18.20.23/ccnSyncTest/slice3/randomFile/=FD054B82F3B225/=0002/=88A8466ED1BE7075D7A1598686C3002FB174F79713C6A0BCD674EB27C51F3C51
Jan 15, 2015 6:21:04 PM org.ccnx.ccn.impl.sync.SliceComparator doComparison
O MAIS DETALHADO: Compare LEAF =08EB3DFF6AC3FA572AE1FF33212936EFB7448A4CCFB9A7DB4A9F231E91682438DD to LEAF =06FE3D5D8FD7DE36DB39BBA2F5A72CE419BBE14369562B442313E2E45063DC935C
Jan 15, 2015 6:21:04 PM org.ccnx.ccn.impl.sync.SliceComparator doComparison
O MAIS DETALHADO: name X is 3, pos X is 3, name Y is 3, pos Y is 6 comp is 0
Jan 15, 2015 6:21:04 PM org.ccnx.ccn.impl.sync.SliceComparator doComparison
O MAIS DETALHADO: name X (expanded) is /ccnx.org/test/SyncTestRepo-15-01-15-18.20.23/ccnSyncTest/slice3/randomFile/=FD054B82F3B225/=0003/=94A70AB4CD97564538C65B2D80CC7544D62675BE3AED6B9E14CEAF9D34982498, name Y (expanded) is /ccnx.org/test/SyncTestRepo-15-01-15-18.20.23/ccnSyncTest/slice3/randomFile/=FD054B82F3B225/=0003/=94A70AB4CD97564538C65B2D80CC7544D62675BE3AED6B9E14CEAF9D34982498
Jan 15, 2015 6:21:04 PM org.ccnx.ccn.impl.sync.SliceComparator doComparison
O MAIS DETALHADO: Compare LEAF =08EB3DFF6AC3FA572AE1FF33212936EFB7448A4CCFB9A7DB4A9F231E91682438DD to LEAF =06FE3D5D8FD7DE36DB39BBA2F5A72CE419BBE14369562B442313E2E45063DC935C
Jan 15, 2015 6:21:04 PM org.ccnx.ccn.impl.sync.SliceComparator doComparison
O MAIS DETALHADO: name X is 4, pos X is 4, name Y is 4, pos Y is 7 comp is 0
Jan 15, 2015 6:21:04 PM org.ccnx.ccn.impl.sync.SliceComparator doComparison
O MAIS DETALHADO: name X (expanded) is /ccnx.org/test/SyncTestRepo-15-01-15-18.20.23/ccnSyncTest/slice3/randomFile/=FD054B82F3B225/=0004/=DC11764D84DD7EBD30D8BA82C0A1205F88A6F6CEE9DDDCA7DA9CDEA2452D494B, name Y (expanded) is /ccnx.org/test/SyncTestRepo-15-01-15-18.20.23/ccnSyncTest/slice3/randomFile/=FD054B82F3B225/=0004/=DC11764D84DD7EBD30D8BA82C0A1205F88A6F6CEE9DDDCA7DA9CDEA2452D494B
Jan 15, 2015 6:21:04 PM org.ccnx.ccn.impl.sync.SliceComparator doComparison
O MAIS DETALHADO: Compare LEAF =08EB3DFF6AC3FA572AE1FF33212936EFB7448A4CCFB9A7DB4A9F231E91682438DD to LEAF =06FE3D5D8FD7DE36DB39BBA2F5A72CE419BBE14369562B442313E2E45063DC935C
Jan 15, 2015 6:21:04 PM org.ccnx.ccn.impl.sync.SliceComparator doComparison
O MAIS DETALHADO: name X is 5, pos X is 5, name Y is 5, pos Y is 8 comp is 0
Jan 15, 2015 6:21:04 PM org.ccnx.ccn.impl.sync.SliceComparator doComparison
O MAIS DETALHADO: name X (expanded) is /ccnx.org/test/SyncTestRepo-15-01-15-18.20.23/ccnSyncTest/slice3/randomFile/=FD054B82F3B225/=0005/=3BC5A371954B9EB2C7C3632CE381272604EEC49F0C50D58A180463CB2639B159, name Y (expanded) is /ccnx.org/test/SyncTestRepo-15-01-15-18.20.23/ccnSyncTest/slice3/randomFile/=FD054B82F3B225/=0005/=3BC5A371954B9EB2C7C3632CE381272604EEC49F0C50D58A180463CB2639B159
Jan 15, 2015 6:21:04 PM org.ccnx.ccn.impl.sync.SliceComparator doComparison
O MAIS DETALHADO: Compare LEAF =08EB3DFF6AC3FA572AE1FF33212936EFB7448A4CCFB9A7DB4A9F231E91682438DD to LEAF =06FE3D5D8FD7DE36DB39BBA2F5A72CE419BBE14369562B442313E2E45063DC935C
Jan 15, 2015 6:21:04 PM org.ccnx.ccn.impl.sync.SliceComparator doComparison
O MAIS DETALHADO: name X is 6, pos X is 6, name Y is 6, pos Y is 9 comp is 0
Jan 15, 2015 6:21:04 PM org.ccnx.ccn.impl.sync.SliceComparator doComparison
O MAIS DETALHADO: name X (expanded) is /ccnx.org/test/SyncTestRepo-15-01-15-18.20.23/ccnSyncTest/slice3/randomFile/=FD054B82F3B225/=0006/mf=F1FEC1E25D565EA5C9E82692E8ABEA8C72FC2179A8A1F9A262A2ABD4F721, name Y (expanded) is /ccnx.org/test/SyncTestRepo-15-01-15-18.20.23/ccnSyncTest/slice3/randomFile/=FD054B82F3B225/=0006/mf=F1FEC1E25D565EA5C9E82692E8ABEA8C72FC2179A8A1F9A262A2ABD4F721
Jan 15, 2015 6:21:04 PM org.ccnx.ccn.impl.sync.SliceComparator doComparison
O MAIS DETALHADO: Compare LEAF =08EB3DFF6AC3FA572AE1FF33212936EFB7448A4CCFB9A7DB4A9F231E91682438DD to LEAF =06FE3D5D8FD7DE36DB39BBA2F5A72CE419BBE14369562B442313E2E45063DC935C
Jan 15, 2015 6:21:04 PM org.ccnx.ccn.impl.sync.SliceComparator doComparison
O MAIS DETALHADO: name X is 7, pos X is 7, name Y is 7, pos Y is 10 comp is 0
Jan 15, 2015 6:21:04 PM org.ccnx.ccn.impl.sync.SliceComparator doComparison
O MAIS DETALHADO: name X (expanded) is /ccnx.org/test/SyncTestRepo-15-01-15-18.20.23/ccnSyncTest/slice3/randomFile/=FD054B82F3B225/=0007/1uh=3D8316B883D9C79A9E29A13CDC217A6B112C23DC00A14BCE2415F083C3, name Y (expanded) is /ccnx.org/test/SyncTestRepo-15-01-15-18.20.23/ccnSyncTest/slice3/randomFile/=FD054B82F3B225/=0007/1uh=3D8316B883D9C79A9E29A13CDC217A6B112C23DC00A14BCE2415F083C3
Jan 15, 2015 6:21:04 PM org.ccnx.ccn.impl.sync.SliceComparator doComparison
O MAIS DETALHADO: Compare LEAF =08EB3DFF6AC3FA572AE1FF33212936EFB7448A4CCFB9A7DB4A9F231E91682438DD to LEAF =06FE3D5D8FD7DE36DB39BBA2F5A72CE419BBE14369562B442313E2E45063DC935C
Jan 15, 2015 6:21:04 PM org.ccnx.ccn.impl.sync.SliceComparator doComparison
O MAIS DETALHADO: name X is 8, pos X is 8, name Y is 8, pos Y is 11 comp is 0
Jan 15, 2015 6:21:04 PM org.ccnx.ccn.impl.sync.SliceComparator doComparison
O MAIS DETALHADO: name X (expanded) is /ccnx.org/test/SyncTestRepo-15-01-15-18.20.23/ccnSyncTest/slice3/randomFile/=FD054B82F3B225/=0008/=A8B512520A2EFD07ACBE2564AA6DD9AF42667BD4913854A161DB3A03E89862A4, name Y (expanded) is /ccnx.org/test/SyncTestRepo-15-01-15-18.20.23/ccnSyncTest/slice3/randomFile/=FD054B82F3B225/=0008/=A8B512520A2EFD07ACBE2564AA6DD9AF42667BD4913854A161DB3A03E89862A4
Jan 15, 2015 6:21:04 PM org.ccnx.ccn.impl.sync.SliceComparator doComparison
O MAIS DETALHADO: Compare LEAF =08EB3DFF6AC3FA572AE1FF33212936EFB7448A4CCFB9A7DB4A9F231E91682438DD to LEAF =06FE3D5D8FD7DE36DB39BBA2F5A72CE419BBE14369562B442313E2E45063DC935C
Jan 15, 2015 6:21:04 PM org.ccnx.ccn.impl.sync.SliceComparator doComparison
O MAIS DETALHADO: name X is 9, pos X is 9, name Y is 9, pos Y is 12 comp is 0
Jan 15, 2015 6:21:04 PM org.ccnx.ccn.impl.sync.SliceComparator doComparison
O MAIS DETALHADO: name X (expanded) is /ccnx.org/test/SyncTestRepo-15-01-15-18.20.23/ccnSyncTest/slice3/randomFile/=FD054B82F3B225/=0009/g4=F0A9039D8866FEAB5AA66E05D611283DEF54B5B320D65A190B048A9C3D71, name Y (expanded) is /ccnx.org/test/SyncTestRepo-15-01-15-18.20.23/ccnSyncTest/slice3/randomFile/=FD054B82F3B225/=0009/g4=F0A9039D8866FEAB5AA66E05D611283DEF54B5B320D65A190B048A9C3D71
Jan 15, 2015 6:21:04 PM org.ccnx.ccn.impl.sync.SliceComparator doComparison
O MAIS DETALHADO: Compare LEAF =08EB3DFF6AC3FA572AE1FF33212936EFB7448A4CCFB9A7DB4A9F231E91682438DD to LEAF =06FE3D5D8FD7DE36DB39BBA2F5A72CE419BBE14369562B442313E2E45063DC935C
Jan 15, 2015 6:21:04 PM org.ccnx.ccn.impl.sync.SliceComparator doComparison
O MAIS DETALHADO: name X is 10, pos X is 10, name Y is 10, pos Y is 13 comp is 0
Jan 15, 2015 6:21:04 PM org.ccnx.ccn.impl.sync.SliceComparator doComparison
O MAIS DETALHADO: name X (expanded) is /ccnx.org/test/SyncTestRepo-15-01-15-18.20.23/ccnSyncTest/slice3/randomFile/=FD054B82F3B225/=000A/%1AV%ADd=838633E683F6EAB2DA3137D7F3C378F09305BA07DDA43EAEFA607E54, name Y (expanded) is /ccnx.org/test/SyncTestRepo-15-01-15-18.20.23/ccnSyncTest/slice3/randomFile/=FD054B82F3B225/=000A/%1AV%ADd=838633E683F6EAB2DA3137D7F3C378F09305BA07DDA43EAEFA607E54
Jan 15, 2015 6:21:04 PM org.ccnx.ccn.impl.sync.SliceComparator doComparison
O MAIS DETALHADO: Compare LEAF =08EB3DFF6AC3FA572AE1FF33212936EFB7448A4CCFB9A7DB4A9F231E91682438DD to NODE 0=E1F82252CF60E91F9F9B9EDADC9BD45879B35A1B43F476FF6A15AEF79915196C
Jan 15, 2015 6:21:04 PM org.ccnx.ccn.impl.sync.SliceComparator doComparison
O MAIS DETALHADO: minname is 0, maxname is 0, X name is 11, pos X is 11, pos Y is 1
Jan 15, 2015 6:21:04 PM org.ccnx.ccn.impl.sync.SliceComparator doComparison
O MAIS DETALHADO: minname (expanded) is /ccnx.org/test/SyncTestRepo-15-01-15-18.20.23/ccnSyncTest/slice3/round2/randomFile/=FD054B82F3FFE7/=00/qb%F0W=1CEA55BE455DCD975BFAC9C75D94F543F36000DEE0EB51EFFFBE0E3D, maxname (expanded) is /ccnx.org/test/SyncTestRepo-15-01-15-18.20.23/ccnSyncTest/slice3/randomFile/=FD054B82F3B225/%C1.META.M/.header/=FD054B82F3B36D/=00/E=EDEFC6E114911303846ED7067B432E4E0456C57094EC6245ADEE1E502CEEB5
Jan 15, 2015 6:21:04 PM org.ccnx.ccn.impl.sync.SliceComparator doComparison
O MAIS DETALHADO: sneX (expanded) is /ccnx.org/test/SyncTestRepo-15-01-15-18.20.23/ccnSyncTest/slice3/randomFile/=FD054B82F3B225/=000B/=CF988588E9832BD17CADB8117C6088F19B532A4EA6E7BD749C00D99728F5DC5B, comp is 1
Jan 15, 2015 6:21:04 PM org.ccnx.ccn.io.content.SyncNodeComposite decodeLogging
O MAIS DETALHADO: decode node for =071766247AD6EF298E718724D00D458B0AF3CEBABAD31AFF2D3902B441A4B18DC3 depth = 1 refs = 17
Jan 15, 2015 6:21:04 PM org.ccnx.ccn.io.content.SyncNodeComposite decodeLogging
O MAIS DETALHADO: min is 11, max is 27, expanded min is /ccnx.org/test/SyncTestRepo-15-01-15-18.20.23/ccnSyncTest/slice3/randomFile/=FD054B82F3B225/=000B/=CF988588E9832BD17CADB8117C6088F19B532A4EA6E7BD749C00D99728F5DC5B, expanded max is /ccnx.org/test/SyncTestRepo-15-01-15-18.20.23/ccnSyncTest/slice3/randomFile/=FD054B82F3B225/=001B/=CF0C9114FB41CF1C7061FDF131D717B24B42318FAD52473F8F1C3CC0D6C3B77B
Jan 15, 2015 6:21:04 PM org.ccnx.ccn.impl.sync.SliceComparator doComparison
O MAIS DETALHADO: Compare LEAF =08EB3DFF6AC3FA572AE1FF33212936EFB7448A4CCFB9A7DB4A9F231E91682438DD to LEAF =071766247AD6EF298E718724D00D458B0AF3CEBABAD31AFF2D3902B441A4B18DC3
Jan 15, 2015 6:21:04 PM org.ccnx.ccn.impl.sync.SliceComparator doComparison
O MAIS DETALHADO: name X is 11, pos X is 11, name Y is 11, pos Y is 0 comp is 0
Jan 15, 2015 6:21:04 PM org.ccnx.ccn.impl.sync.SliceComparator doComparison
O MAIS DETALHADO: name X (expanded) is /ccnx.org/test/SyncTestRepo-15-01-15-18.20.23/ccnSyncTest/slice3/randomFile/=FD054B82F3B225/=000B/=CF988588E9832BD17CADB8117C6088F19B532A4EA6E7BD749C00D99728F5DC5B, name Y (expanded) is /ccnx.org/test/SyncTestRepo-15-01-15-18.20.23/ccnSyncTest/slice3/randomFile/=FD054B82F3B225/=000B/=CF988588E9832BD17CADB8117C6088F19B532A4EA6E7BD749C00D99728F5DC5B
Jan 15, 2015 6:21:04 PM org.ccnx.ccn.impl.sync.SliceComparator doComparison
O MAIS DETALHADO: Compare LEAF =08EB3DFF6AC3FA572AE1FF33212936EFB7448A4CCFB9A7DB4A9F231E91682438DD to LEAF =071766247AD6EF298E718724D00D458B0AF3CEBABAD31AFF2D3902B441A4B18DC3
Jan 15, 2015 6:21:04 PM org.ccnx.ccn.impl.sync.SliceComparator doComparison
O MAIS DETALHADO: name X is 12, pos X is 12, name Y is 12, pos Y is 1 comp is 0
Jan 15, 2015 6:21:04 PM org.ccnx.ccn.impl.sync.SliceComparator doComparison
O MAIS DETALHADO: name X (expanded) is /ccnx.org/test/SyncTestRepo-15-01-15-18.20.23/ccnSyncTest/slice3/randomFile/=FD054B82F3B225/=000C/B=A10A24FD86B0C333A8CB178EE3D49500E943C679ADB1C80C5BE31CDEC7CC58, name Y (expanded) is /ccnx.org/test/SyncTestRepo-15-01-15-18.20.23/ccnSyncTest/slice3/randomFile/=FD054B82F3B225/=000C/B=A10A24FD86B0C333A8CB178EE3D49500E943C679ADB1C80C5BE31CDEC7CC58
Jan 15, 2015 6:21:04 PM org.ccnx.ccn.impl.sync.SliceComparator doComparison
O MAIS DETALHADO: Compare LEAF =08EB3DFF6AC3FA572AE1FF33212936EFB7448A4CCFB9A7DB4A9F231E91682438DD to LEAF =071766247AD6EF298E718724D00D458B0AF3CEBABAD31AFF2D3902B441A4B18DC3
Jan 15, 2015 6:21:04 PM org.ccnx.ccn.impl.sync.SliceComparator doComparison
O MAIS DETALHADO: name X is 13, pos X is 13, name Y is 13, pos Y is 2 comp is 0
Jan 15, 2015 6:21:04 PM org.ccnx.ccn.impl.sync.SliceComparator doComparison
O MAIS DETALHADO: name X (expanded) is /ccnx.org/test/SyncTestRepo-15-01-15-18.20.23/ccnSyncTest/slice3/randomFile/=FD054B82F3B225/=000D/=A0E2FEEC35F2407A9EE6BF0BE076AAC09D35BD2FC37184753337055506FB0C61, name Y (expanded) is /ccnx.org/test/SyncTestRepo-15-01-15-18.20.23/ccnSyncTest/slice3/randomFile/=FD054B82F3B225/=000D/=A0E2FEEC35F2407A9EE6BF0BE076AAC09D35BD2FC37184753337055506FB0C61
Jan 15, 2015 6:21:04 PM org.ccnx.ccn.impl.sync.SliceComparator doComparison
O MAIS DETALHADO: Compare LEAF =08EB3DFF6AC3FA572AE1FF33212936EFB7448A4CCFB9A7DB4A9F231E91682438DD to LEAF =071766247AD6EF298E718724D00D458B0AF3CEBABAD31AFF2D3902B441A4B18DC3
Jan 15, 2015 6:21:04 PM org.ccnx.ccn.impl.sync.SliceComparator doComparison
O MAIS DETALHADO: name X is 14, pos X is 14, name Y is 14, pos Y is 3 comp is 0
Jan 15, 2015 6:21:04 PM org.ccnx.ccn.impl.sync.SliceComparator doComparison
O MAIS DETALHADO: name X (expanded) is /ccnx.org/test/SyncTestRepo-15-01-15-18.20.23/ccnSyncTest/slice3/randomFile/=FD054B82F3B225/=000E/=A71893C60F4DB0A70805DB17AC57A90F3F78B73CBC4AF105E75C2B3933A1466C, name Y (expanded) is /ccnx.org/test/SyncTestRepo-15-01-15-18.20.23/ccnSyncTest/slice3/randomFile/=FD054B82F3B225/=000E/=A71893C60F4DB0A70805DB17AC57A90F3F78B73CBC4AF105E75C2B3933A1466C
Jan 15, 2015 6:21:04 PM org.ccnx.ccn.impl.sync.SliceComparator doComparison
O MAIS DETALHADO: Compare LEAF =08EB3DFF6AC3FA572AE1FF33212936EFB7448A4CCFB9A7DB4A9F231E91682438DD to LEAF =071766247AD6EF298E718724D00D458B0AF3CEBABAD31AFF2D3902B441A4B18DC3
Jan 15, 2015 6:21:04 PM org.ccnx.ccn.impl.sync.SliceComparator doComparison
O MAIS DETALHADO: name X is 15, pos X is 15, name Y is 15, pos Y is 4 comp is 0
Jan 15, 2015 6:21:04 PM org.ccnx.ccn.impl.sync.SliceComparator doComparison
O MAIS DETALHADO: name X (expanded) is /ccnx.org/test/SyncTestRepo-15-01-15-18.20.23/ccnSyncTest/slice3/randomFile/=FD054B82F3B225/=000F/=008424A0581C122A00CF58EAB2EB04B704BF676AF9E3B2BCAEDE43E3CD1D4514, name Y (expanded) is /ccnx.org/test/SyncTestRepo-15-01-15-18.20.23/ccnSyncTest/slice3/randomFile/=FD054B82F3B225/=000F/=008424A0581C122A00CF58EAB2EB04B704BF676AF9E3B2BCAEDE43E3CD1D4514
Jan 15, 2015 6:21:04 PM org.ccnx.ccn.impl.sync.SliceComparator doComparison
O MAIS DETALHADO: Compare LEAF =08EB3DFF6AC3FA572AE1FF33212936EFB7448A4CCFB9A7DB4A9F231E91682438DD to LEAF =071766247AD6EF298E718724D00D458B0AF3CEBABAD31AFF2D3902B441A4B18DC3
Jan 15, 2015 6:21:04 PM org.ccnx.ccn.impl.sync.SliceComparator doComparison
O MAIS DETALHADO: name X is 16, pos X is 16, name Y is 16, pos Y is 5 comp is 0
Jan 15, 2015 6:21:04 PM org.ccnx.ccn.impl.sync.SliceComparator doComparison
O MAIS DETALHADO: name X (expanded) is /ccnx.org/test/SyncTestRepo-15-01-15-18.20.23/ccnSyncTest/slice3/randomFile/=FD054B82F3B225/=0010/%9505%C4q=E3902CAF6C67D4E7F1EAD87D7A56C9E850685609A59CC9370D718D, name Y (expanded) is /ccnx.org/test/SyncTestRepo-15-01-15-18.20.23/ccnSyncTest/slice3/randomFile/=FD054B82F3B225/=0010/%9505%C4q=E3902CAF6C67D4E7F1EAD87D7A56C9E850685609A59CC9370D718D
Jan 15, 2015 6:21:04 PM org.ccnx.ccn.impl.sync.SliceComparator doComparison
O MAIS DETALHADO: Compare LEAF =08EB3DFF6AC3FA572AE1FF33212936EFB7448A4CCFB9A7DB4A9F231E91682438DD to LEAF =071766247AD6EF298E718724D00D458B0AF3CEBABAD31AFF2D3902B441A4B18DC3
Jan 15, 2015 6:21:04 PM org.ccnx.ccn.impl.sync.SliceComparator doComparison
O MAIS DETALHADO: name X is 17, pos X is 17, name Y is 17, pos Y is 6 comp is 0
Jan 15, 2015 6:21:04 PM org.ccnx.ccn.impl.sync.SliceComparator doComparison
O MAIS DETALHADO: name X (expanded) is /ccnx.org/test/SyncTestRepo-15-01-15-18.20.23/ccnSyncTest/slice3/randomFile/=FD054B82F3B225/=0011/=2720D6C81595CE69B52644BF2912454A660DCA724598F052CF243107D9AE0986, name Y (expanded) is /ccnx.org/test/SyncTestRepo-15-01-15-18.20.23/ccnSyncTest/slice3/randomFile/=FD054B82F3B225/=0011/=2720D6C81595CE69B52644BF2912454A660DCA724598F052CF243107D9AE0986
Jan 15, 2015 6:21:04 PM org.ccnx.ccn.impl.sync.SliceComparator doComparison
O MAIS DETALHADO: Compare LEAF =08EB3DFF6AC3FA572AE1FF33212936EFB7448A4CCFB9A7DB4A9F231E91682438DD to LEAF =071766247AD6EF298E718724D00D458B0AF3CEBABAD31AFF2D3902B441A4B18DC3
Jan 15, 2015 6:21:04 PM org.ccnx.ccn.impl.sync.SliceComparator doComparison
O MAIS DETALHADO: name X is 18, pos X is 18, name Y is 18, pos Y is 7 comp is 0
Jan 15, 2015 6:21:04 PM org.ccnx.ccn.impl.sync.SliceComparator doComparison
O MAIS DETALHADO: name X (expanded) is /ccnx.org/test/SyncTestRepo-15-01-15-18.20.23/ccnSyncTest/slice3/randomFile/=FD054B82F3B225/=0012/q=B689B5193BA5263290B78ABEFEEDDEE8EDFE5FC7CAB6D25C6065D958C3351E, name Y (expanded) is /ccnx.org/test/SyncTestRepo-15-01-15-18.20.23/ccnSyncTest/slice3/randomFile/=FD054B82F3B225/=0012/q=B689B5193BA5263290B78ABEFEEDDEE8EDFE5FC7CAB6D25C6065D958C3351E
Jan 15, 2015 6:21:04 PM org.ccnx.ccn.impl.sync.SliceComparator doComparison
O MAIS DETALHADO: Compare NODE %2FF7=E6EB966225D258A954B043A50BE6B83BF9F9178767374E5D84682466CE28 to LEAF =071766247AD6EF298E718724D00D458B0AF3CEBABAD31AFF2D3902B441A4B18DC3, resMin is 1, resMax is -1
Jan 15, 2015 6:21:04 PM org.ccnx.ccn.impl.sync.SliceComparator doComparison
O MAIS DETALHADO: minname is 0, maxname is 0, pos X is 1, pos Y is 8
Jan 15, 2015 6:21:04 PM org.ccnx.ccn.impl.sync.SliceComparator doComparison
O MAIS DETALHADO: Compare LEAF %0Cd=27F202B76EE65F4C8504D00EFB5DC8E36B6F289DECA7879E8CD492202F5D75 to LEAF =071766247AD6EF298E718724D00D458B0AF3CEBABAD31AFF2D3902B441A4B18DC3
Jan 15, 2015 6:21:04 PM org.ccnx.ccn.impl.sync.SliceComparator doComparison
O MAIS DETALHADO: name X is 19, pos X is 0, name Y is 19, pos Y is 8 comp is 0
Jan 15, 2015 6:21:04 PM org.ccnx.ccn.impl.sync.SliceComparator doComparison
O MAIS DETALHADO: name X (expanded) is /ccnx.org/test/SyncTestRepo-15-01-15-18.20.23/ccnSyncTest/slice3/randomFile/=FD054B82F3B225/=0013/=1AB9016F16D242AFBD03B2A2BC1973313D2C36A417F8C0EA9301C28E8471B0F9, name Y (expanded) is /ccnx.org/test/SyncTestRepo-15-01-15-18.20.23/ccnSyncTest/slice3/randomFile/=FD054B82F3B225/=0013/=1AB9016F16D242AFBD03B2A2BC1973313D2C36A417F8C0EA9301C28E8471B0F9
Jan 15, 2015 6:21:04 PM org.ccnx.ccn.impl.sync.SliceComparator doComparison
O MAIS DETALHADO: Compare LEAF %0Cd=27F202B76EE65F4C8504D00EFB5DC8E36B6F289DECA7879E8CD492202F5D75 to LEAF =071766247AD6EF298E718724D00D458B0AF3CEBABAD31AFF2D3902B441A4B18DC3
Jan 15, 2015 6:21:04 PM org.ccnx.ccn.impl.sync.SliceComparator doComparison
O MAIS DETALHADO: name X is 20, pos X is 1, name Y is 20, pos Y is 9 comp is 0
Jan 15, 2015 6:21:04 PM org.ccnx.ccn.impl.sync.SliceComparator doComparison
O MAIS DETALHADO: name X (expanded) is /ccnx.org/test/SyncTestRepo-15-01-15-18.20.23/ccnSyncTest/slice3/randomFile/=FD054B82F3B225/=0014/%9D2=C5CD43326FD85A1A7DCA9E90337124B3E041BB3CE645816074E2FFCC68DC, name Y (expanded) is /ccnx.org/test/SyncTestRepo-15-01-15-18.20.23/ccnSyncTest/slice3/randomFile/=FD054B82F3B225/=0014/%9D2=C5CD43326FD85A1A7DCA9E90337124B3E041BB3CE645816074E2FFCC68DC
Jan 15, 2015 6:21:04 PM org.ccnx.ccn.impl.sync.SliceComparator doComparison
O MAIS DETALHADO: Compare LEAF %0Cd=27F202B76EE65F4C8504D00EFB5DC8E36B6F289DECA7879E8CD492202F5D75 to LEAF =071766247AD6EF298E718724D00D458B0AF3CEBABAD31AFF2D3902B441A4B18DC3
Jan 15, 2015 6:21:04 PM org.ccnx.ccn.impl.sync.SliceComparator doComparison
O MAIS DETALHADO: name X is 21, pos X is 2, name Y is 21, pos Y is 10 comp is 0
Jan 15, 2015 6:21:04 PM org.ccnx.ccn.impl.sync.SliceComparator doComparison
O MAIS DETALHADO: name X (expanded) is /ccnx.org/test/SyncTestRepo-15-01-15-18.20.23/ccnSyncTest/slice3/randomFile/=FD054B82F3B225/=0015/=14095FC70B876F9B679C36AA96E5B996DFA920DD8276AEF4154398E264EFA678, name Y (expanded) is /ccnx.org/test/SyncTestRepo-15-01-15-18.20.23/ccnSyncTest/slice3/randomFile/=FD054B82F3B225/=0015/=14095FC70B876F9B679C36AA96E5B996DFA920DD8276AEF4154398E264EFA678
Jan 15, 2015 6:21:04 PM org.ccnx.ccn.impl.sync.SliceComparator doComparison
O MAIS DETALHADO: Compare LEAF %0Cd=27F202B76EE65F4C8504D00EFB5DC8E36B6F289DECA7879E8CD492202F5D75 to LEAF =071766247AD6EF298E718724D00D458B0AF3CEBABAD31AFF2D3902B441A4B18DC3
Jan 15, 2015 6:21:04 PM org.ccnx.ccn.impl.sync.SliceComparator doComparison
O MAIS DETALHADO: name X is 22, pos X is 3, name Y is 22, pos Y is 11 comp is 0
Jan 15, 2015 6:21:04 PM org.ccnx.ccn.impl.sync.SliceComparator doComparison
O MAIS DETALHADO: name X (expanded) is /ccnx.org/test/SyncTestRepo-15-01-15-18.20.23/ccnSyncTest/slice3/randomFile/=FD054B82F3B225/=0016/eE=0B0D3F72B6F629547E4A6B3D0AAD5AA17B6B027539C145E174D760DEAFA9, name Y (expanded) is /ccnx.org/test/SyncTestRepo-15-01-15-18.20.23/ccnSyncTest/slice3/randomFile/=FD054B82F3B225/=0016/eE=0B0D3F72B6F629547E4A6B3D0AAD5AA17B6B027539C145E174D760DEAFA9
Jan 15, 2015 6:21:04 PM org.ccnx.ccn.impl.sync.SliceComparator doComparison
O MAIS DETALHADO: Compare LEAF %0Cd=27F202B76EE65F4C8504D00EFB5DC8E36B6F289DECA7879E8CD492202F5D75 to LEAF =071766247AD6EF298E718724D00D458B0AF3CEBABAD31AFF2D3902B441A4B18DC3
Jan 15, 2015 6:21:04 PM org.ccnx.ccn.impl.sync.SliceComparator doComparison
O MAIS DETALHADO: name X is 23, pos X is 4, name Y is 23, pos Y is 12 comp is 0
Jan 15, 2015 6:21:04 PM org.ccnx.ccn.impl.sync.SliceComparator doComparison
O MAIS DETALHADO: name X (expanded) is /ccnx.org/test/SyncTestRepo-15-01-15-18.20.23/ccnSyncTest/slice3/randomFile/=FD054B82F3B225/=0017/=1F90FBFBE5F148AB857E8FB2E8098BD55BE801E19D5FA5FDC98C02CD3C85A041, name Y (expanded) is /ccnx.org/test/SyncTestRepo-15-01-15-18.20.23/ccnSyncTest/slice3/randomFile/=FD054B82F3B225/=0017/=1F90FBFBE5F148AB857E8FB2E8098BD55BE801E19D5FA5FDC98C02CD3C85A041
Jan 15, 2015 6:21:04 PM org.ccnx.ccn.impl.sync.SliceComparator doComparison
O MAIS DETALHADO: Compare LEAF %0Cd=27F202B76EE65F4C8504D00EFB5DC8E36B6F289DECA7879E8CD492202F5D75 to LEAF =071766247AD6EF298E718724D00D458B0AF3CEBABAD31AFF2D3902B441A4B18DC3
Jan 15, 2015 6:21:04 PM org.ccnx.ccn.impl.sync.SliceComparator doComparison
O MAIS DETALHADO: name X is 24, pos X is 5, name Y is 24, pos Y is 13 comp is 0
Jan 15, 2015 6:21:04 PM org.ccnx.ccn.impl.sync.SliceComparator doComparison
O MAIS DETALHADO: name X (expanded) is /ccnx.org/test/SyncTestRepo-15-01-15-18.20.23/ccnSyncTest/slice3/randomFile/=FD054B82F3B225/=0018/=A48926381026563E7C56D3EAF6299A75CBF22EE78E0C4AA6EA9849727A0D8430, name Y (expanded) is /ccnx.org/test/SyncTestRepo-15-01-15-18.20.23/ccnSyncTest/slice3/randomFile/=FD054B82F3B225/=0018/=A48926381026563E7C56D3EAF6299A75CBF22EE78E0C4AA6EA9849727A0D8430
Jan 15, 2015 6:21:04 PM org.ccnx.ccn.impl.sync.SliceComparator doComparison
O MAIS DETALHADO: Compare LEAF %0Cd=27F202B76EE65F4C8504D00EFB5DC8E36B6F289DECA7879E8CD492202F5D75 to LEAF =071766247AD6EF298E718724D00D458B0AF3CEBABAD31AFF2D3902B441A4B18DC3
Jan 15, 2015 6:21:04 PM org.ccnx.ccn.impl.sync.SliceComparator doComparison
O MAIS DETALHADO: name X is 25, pos X is 6, name Y is 25, pos Y is 14 comp is 0
Jan 15, 2015 6:21:04 PM org.ccnx.ccn.impl.sync.SliceComparator doComparison
O MAIS DETALHADO: name X (expanded) is /ccnx.org/test/SyncTestRepo-15-01-15-18.20.23/ccnSyncTest/slice3/randomFile/=FD054B82F3B225/=0019/=27ABF208B9612945275AA9798D226B41F95C1D3F71F309B6C29673383FDF30F9, name Y (expanded) is /ccnx.org/test/SyncTestRepo-15-01-15-18.20.23/ccnSyncTest/slice3/randomFile/=FD054B82F3B225/=0019/=27ABF208B9612945275AA9798D226B41F95C1D3F71F309B6C29673383FDF30F9
Jan 15, 2015 6:21:04 PM org.ccnx.ccn.impl.sync.SliceComparator doComparison
O MAIS DETALHADO: Compare LEAF %0Cd=27F202B76EE65F4C8504D00EFB5DC8E36B6F289DECA7879E8CD492202F5D75 to LEAF =071766247AD6EF298E718724D00D458B0AF3CEBABAD31AFF2D3902B441A4B18DC3
Jan 15, 2015 6:21:04 PM org.ccnx.ccn.impl.sync.SliceComparator doComparison
O MAIS DETALHADO: name X is 26, pos X is 7, name Y is 26, pos Y is 15 comp is 0
Jan 15, 2015 6:21:04 PM org.ccnx.ccn.impl.sync.SliceComparator doComparison
O MAIS DETALHADO: name X (expanded) is /ccnx.org/test/SyncTestRepo-15-01-15-18.20.23/ccnSyncTest/slice3/randomFile/=FD054B82F3B225/=001A/=A2986FD6621AD58C40B05A0EF84BA2D5A10B1E6BA05E86BD1CAC0E0D14792023, name Y (expanded) is /ccnx.org/test/SyncTestRepo-15-01-15-18.20.23/ccnSyncTest/slice3/randomFile/=FD054B82F3B225/=001A/=A2986FD6621AD58C40B05A0EF84BA2D5A10B1E6BA05E86BD1CAC0E0D14792023
Jan 15, 2015 6:21:04 PM org.ccnx.ccn.impl.sync.SliceComparator doComparison
O MAIS DETALHADO: Compare LEAF %0Cd=27F202B76EE65F4C8504D00EFB5DC8E36B6F289DECA7879E8CD492202F5D75 to LEAF =071766247AD6EF298E718724D00D458B0AF3CEBABAD31AFF2D3902B441A4B18DC3
Jan 15, 2015 6:21:04 PM org.ccnx.ccn.impl.sync.SliceComparator doComparison
O MAIS DETALHADO: name X is 27, pos X is 8, name Y is 27, pos Y is 16 comp is 0
Jan 15, 2015 6:21:04 PM org.ccnx.ccn.impl.sync.SliceComparator doComparison
O MAIS DETALHADO: name X (expanded) is /ccnx.org/test/SyncTestRepo-15-01-15-18.20.23/ccnSyncTest/slice3/randomFile/=FD054B82F3B225/=001B/=CF0C9114FB41CF1C7061FDF131D717B24B42318FAD52473F8F1C3CC0D6C3B77B, name Y (expanded) is /ccnx.org/test/SyncTestRepo-15-01-15-18.20.23/ccnSyncTest/slice3/randomFile/=FD054B82F3B225/=001B/=CF0C9114FB41CF1C7061FDF131D717B24B42318FAD52473F8F1C3CC0D6C3B77B
Jan 15, 2015 6:21:04 PM org.ccnx.ccn.impl.sync.SliceComparator doComparison
O MAIS DETALHADO: Compare LEAF %0Cd=27F202B76EE65F4C8504D00EFB5DC8E36B6F289DECA7879E8CD492202F5D75 to NODE 0=E1F82252CF60E91F9F9B9EDADC9BD45879B35A1B43F476FF6A15AEF79915196C
Jan 15, 2015 6:21:04 PM org.ccnx.ccn.impl.sync.SliceComparator doComparison
O MAIS DETALHADO: minname is 0, maxname is 0, X name is 28, pos X is 9, pos Y is 2
Jan 15, 2015 6:21:04 PM org.ccnx.ccn.impl.sync.SliceComparator doComparison
O MAIS DETALHADO: minname (expanded) is /ccnx.org/test/SyncTestRepo-15-01-15-18.20.23/ccnSyncTest/slice3/round2/randomFile/=FD054B82F3FFE7/=00/qb%F0W=1CEA55BE455DCD975BFAC9C75D94F543F36000DEE0EB51EFFFBE0E3D, maxname (expanded) is /ccnx.org/test/SyncTestRepo-15-01-15-18.20.23/ccnSyncTest/slice3/randomFile/=FD054B82F3B225/%C1.META.M/.header/=FD054B82F3B36D/=00/E=EDEFC6E114911303846ED7067B432E4E0456C57094EC6245ADEE1E502CEEB5
Jan 15, 2015 6:21:04 PM org.ccnx.ccn.impl.sync.SliceComparator doComparison
O MAIS DETALHADO: sneX (expanded) is /ccnx.org/test/SyncTestRepo-15-01-15-18.20.23/ccnSyncTest/slice3/randomFile/=FD054B82F3B225/=001C/%CD-%8EY=02FBD5D231C259DBE6687633F0A981FD26E2B82B7E05F0D43CD68951, comp is 1
Jan 15, 2015 6:21:04 PM org.ccnx.ccn.io.content.SyncNodeComposite decodeLogging
O MAIS DETALHADO: decode node for %0BU=96BA30E975F4F85C7C8273CAA860D76FDA598A62BE90BAAF522FF2DEF109BC depth = 1 refs = 22
Jan 15, 2015 6:21:04 PM org.ccnx.ccn.io.content.SyncNodeComposite decodeLogging
O MAIS DETALHADO: min is 28, max is 49, expanded min is /ccnx.org/test/SyncTestRepo-15-01-15-18.20.23/ccnSyncTest/slice3/randomFile/=FD054B82F3B225/=001C/%CD-%8EY=02FBD5D231C259DBE6687633F0A981FD26E2B82B7E05F0D43CD68951, expanded max is /ccnx.org/test/SyncTestRepo-15-01-15-18.20.23/ccnSyncTest/slice3/randomFile/=FD054B82F3B225/=0031/=FD8B521DE56AE0B3FC12501B1CDA570CB9202FEFBD2532F14B1812AC9A572EEC
Jan 15, 2015 6:21:04 PM org.ccnx.ccn.impl.sync.SliceComparator doComparison
O MAIS DETALHADO: Compare LEAF %0Cd=27F202B76EE65F4C8504D00EFB5DC8E36B6F289DECA7879E8CD492202F5D75 to LEAF %0BU=96BA30E975F4F85C7C8273CAA860D76FDA598A62BE90BAAF522FF2DEF109BC
Jan 15, 2015 6:21:04 PM org.ccnx.ccn.impl.sync.SliceComparator doComparison
O MAIS DETALHADO: name X is 28, pos X is 9, name Y is 28, pos Y is 0 comp is 0
Jan 15, 2015 6:21:04 PM org.ccnx.ccn.impl.sync.SliceComparator doComparison
O MAIS DETALHADO: name X (expanded) is /ccnx.org/test/SyncTestRepo-15-01-15-18.20.23/ccnSyncTest/slice3/randomFile/=FD054B82F3B225/=001C/%CD-%8EY=02FBD5D231C259DBE6687633F0A981FD26E2B82B7E05F0D43CD68951, name Y (expanded) is /ccnx.org/test/SyncTestRepo-15-01-15-18.20.23/ccnSyncTest/slice3/randomFile/=FD054B82F3B225/=001C/%CD-%8EY=02FBD5D231C259DBE6687633F0A981FD26E2B82B7E05F0D43CD68951
Jan 15, 2015 6:21:04 PM org.ccnx.ccn.impl.sync.SliceComparator doComparison
O MAIS DETALHADO: Compare LEAF %0Cd=27F202B76EE65F4C8504D00EFB5DC8E36B6F289DECA7879E8CD492202F5D75 to LEAF %0BU=96BA30E975F4F85C7C8273CAA860D76FDA598A62BE90BAAF522FF2DEF109BC
Jan 15, 2015 6:21:04 PM org.ccnx.ccn.impl.sync.SliceComparator doComparison
O MAIS DETALHADO: name X is 29, pos X is 10, name Y is 29, pos Y is 1 comp is 0
Jan 15, 2015 6:21:04 PM org.ccnx.ccn.impl.sync.SliceComparator doComparison
O MAIS DETALHADO: name X (expanded) is /ccnx.org/test/SyncTestRepo-15-01-15-18.20.23/ccnSyncTest/slice3/randomFile/=FD054B82F3B225/=001D/=2B7B31B4A165E03951D5E8C3C0D1127E14C2EB836B882DE9BAE66880ECBAA676, name Y (expanded) is /ccnx.org/test/SyncTestRepo-15-01-15-18.20.23/ccnSyncTest/slice3/randomFile/=FD054B82F3B225/=001D/=2B7B31B4A165E03951D5E8C3C0D1127E14C2EB836B882DE9BAE66880ECBAA676
Jan 15, 2015 6:21:04 PM org.ccnx.ccn.impl.sync.SliceComparator doComparison
O MAIS DETALHADO: Compare LEAF %0Cd=27F202B76EE65F4C8504D00EFB5DC8E36B6F289DECA7879E8CD492202F5D75 to LEAF %0BU=96BA30E975F4F85C7C8273CAA860D76FDA598A62BE90BAAF522FF2DEF109BC
Jan 15, 2015 6:21:04 PM org.ccnx.ccn.impl.sync.SliceComparator doComparison
O MAIS DETALHADO: name X is 30, pos X is 11, name Y is 30, pos Y is 2 comp is 0
Jan 15, 2015 6:21:04 PM org.ccnx.ccn.impl.sync.SliceComparator doComparison
O MAIS DETALHADO: name X (expanded) is /ccnx.org/test/SyncTestRepo-15-01-15-18.20.23/ccnSyncTest/slice3/randomFile/=FD054B82F3B225/=001E/=C312B5437A58097FD3D4904614891E810AB7B7DD03508EEFEBB6CD7D9ACA195A, name Y (expanded) is /ccnx.org/test/SyncTestRepo-15-01-15-18.20.23/ccnSyncTest/slice3/randomFile/=FD054B82F3B225/=001E/=C312B5437A58097FD3D4904614891E810AB7B7DD03508EEFEBB6CD7D9ACA195A
Jan 15, 2015 6:21:04 PM org.ccnx.ccn.impl.sync.SliceComparator doComparison
O MAIS DETALHADO: Compare LEAF %0Cd=27F202B76EE65F4C8504D00EFB5DC8E36B6F289DECA7879E8CD492202F5D75 to LEAF %0BU=96BA30E975F4F85C7C8273CAA860D76FDA598A62BE90BAAF522FF2DEF109BC
Jan 15, 2015 6:21:04 PM org.ccnx.ccn.impl.sync.SliceComparator doComparison
O MAIS DETALHADO: name X is 31, pos X is 12, name Y is 31, pos Y is 3 comp is 0
Jan 15, 2015 6:21:04 PM org.ccnx.ccn.impl.sync.SliceComparator doComparison
O MAIS DETALHADO: name X (expanded) is /ccnx.org/test/SyncTestRepo-15-01-15-18.20.23/ccnSyncTest/slice3/randomFile/=FD054B82F3B225/=001F/=D221FE0D0E0063D52631E46D619DC80E755AA4286552193419A97713E0DEB45F, name Y (expanded) is /ccnx.org/test/SyncTestRepo-15-01-15-18.20.23/ccnSyncTest/slice3/randomFile/=FD054B82F3B225/=001F/=D221FE0D0E0063D52631E46D619DC80E755AA4286552193419A97713E0DEB45F
Jan 15, 2015 6:21:04 PM org.ccnx.ccn.impl.sync.SliceComparator doComparison
O MAIS DETALHADO: Compare LEAF %0Cd=27F202B76EE65F4C8504D00EFB5DC8E36B6F289DECA7879E8CD492202F5D75 to LEAF %0BU=96BA30E975F4F85C7C8273CAA860D76FDA598A62BE90BAAF522FF2DEF109BC
Jan 15, 2015 6:21:04 PM org.ccnx.ccn.impl.sync.SliceComparator doComparison
O MAIS DETALHADO: name X is 32, pos X is 13, name Y is 32, pos Y is 4 comp is 0
Jan 15, 2015 6:21:04 PM org.ccnx.ccn.impl.sync.SliceComparator doComparison
O MAIS DETALHADO: name X (expanded) is /ccnx.org/test/SyncTestRepo-15-01-15-18.20.23/ccnSyncTest/slice3/randomFile/=FD054B82F3B225/=0020/=8AE1E12C749CBB97E501357923981E2E84D443ED822497C1F5BA9F545B66B160, name Y (expanded) is /ccnx.org/test/SyncTestRepo-15-01-15-18.20.23/ccnSyncTest/slice3/randomFile/=FD054B82F3B225/=0020/=8AE1E12C749CBB97E501357923981E2E84D443ED822497C1F5BA9F545B66B160
Jan 15, 2015 6:21:04 PM org.ccnx.ccn.impl.sync.SliceComparator doComparison
O MAIS DETALHADO: Compare LEAF %0Cd=27F202B76EE65F4C8504D00EFB5DC8E36B6F289DECA7879E8CD492202F5D75 to LEAF %0BU=96BA30E975F4F85C7C8273CAA860D76FDA598A62BE90BAAF522FF2DEF109BC
Jan 15, 2015 6:21:04 PM org.ccnx.ccn.impl.sync.SliceComparator doComparison
O MAIS DETALHADO: name X is 33, pos X is 14, name Y is 33, pos Y is 5 comp is 0
Jan 15, 2015 6:21:04 PM org.ccnx.ccn.impl.sync.SliceComparator doComparison
O MAIS DETALHADO: name X (expanded) is /ccnx.org/test/SyncTestRepo-15-01-15-18.20.23/ccnSyncTest/slice3/randomFile/=FD054B82F3B225/=0021/=5D2BFDFB9C073632DB74DC3DAE32671B1066106D71C48DF45591006FC6420DB7, name Y (expanded) is /ccnx.org/test/SyncTestRepo-15-01-15-18.20.23/ccnSyncTest/slice3/randomFile/=FD054B82F3B225/=0021/=5D2BFDFB9C073632DB74DC3DAE32671B1066106D71C48DF45591006FC6420DB7
Jan 15, 2015 6:21:04 PM org.ccnx.ccn.impl.sync.SliceComparator doComparison
O MAIS DETALHADO: Compare LEAF %0Cd=27F202B76EE65F4C8504D00EFB5DC8E36B6F289DECA7879E8CD492202F5D75 to LEAF %0BU=96BA30E975F4F85C7C8273CAA860D76FDA598A62BE90BAAF522FF2DEF109BC
Jan 15, 2015 6:21:04 PM org.ccnx.ccn.impl.sync.SliceComparator doComparison
O MAIS DETALHADO: name X is 34, pos X is 15, name Y is 34, pos Y is 6 comp is 0
Jan 15, 2015 6:21:04 PM org.ccnx.ccn.impl.sync.SliceComparator doComparison
O MAIS DETALHADO: name X (expanded) is /ccnx.org/test/SyncTestRepo-15-01-15-18.20.23/ccnSyncTest/slice3/randomFile/=FD054B82F3B225/=0022/=F3FF8DAE0E38A26A01632527D929DA36DC188B4072295C1B50CDED27E663F9B3, name Y (expanded) is /ccnx.org/test/SyncTestRepo-15-01-15-18.20.23/ccnSyncTest/slice3/randomFile/=FD054B82F3B225/=0022/=F3FF8DAE0E38A26A01632527D929DA36DC188B4072295C1B50CDED27E663F9B3
Jan 15, 2015 6:21:04 PM org.ccnx.ccn.impl.sync.SliceComparator doComparison
O MAIS DETALHADO: Compare LEAF %0Cd=27F202B76EE65F4C8504D00EFB5DC8E36B6F289DECA7879E8CD492202F5D75 to LEAF %0BU=96BA30E975F4F85C7C8273CAA860D76FDA598A62BE90BAAF522FF2DEF109BC
Jan 15, 2015 6:21:04 PM org.ccnx.ccn.impl.sync.SliceComparator doComparison
O MAIS DETALHADO: name X is 35, pos X is 16, name Y is 35, pos Y is 7 comp is 0
Jan 15, 2015 6:21:04 PM org.ccnx.ccn.impl.sync.SliceComparator doComparison
O MAIS DETALHADO: name X (expanded) is /ccnx.org/test/SyncTestRepo-15-01-15-18.20.23/ccnSyncTest/slice3/randomFile/=FD054B82F3B225/=0023/=E628A3B6E6AE5B45CBC95AC2127F811C408A669F0194850E1F9CFD85C75B4C16, name Y (expanded) is /ccnx.org/test/SyncTestRepo-15-01-15-18.20.23/ccnSyncTest/slice3/randomFile/=FD054B82F3B225/=0023/=E628A3B6E6AE5B45CBC95AC2127F811C408A669F0194850E1F9CFD85C75B4C16
Jan 15, 2015 6:21:04 PM org.ccnx.ccn.impl.sync.SliceComparator doComparison
O MAIS DETALHADO: Compare LEAF %0Cd=27F202B76EE65F4C8504D00EFB5DC8E36B6F289DECA7879E8CD492202F5D75 to LEAF %0BU=96BA30E975F4F85C7C8273CAA860D76FDA598A62BE90BAAF522FF2DEF109BC
Jan 15, 2015 6:21:04 PM org.ccnx.ccn.impl.sync.SliceComparator doComparison
O MAIS DETALHADO: name X is 36, pos X is 17, name Y is 36, pos Y is 8 comp is 0
Jan 15, 2015 6:21:04 PM org.ccnx.ccn.impl.sync.SliceComparator doComparison
O MAIS DETALHADO: name X (expanded) is /ccnx.org/test/SyncTestRepo-15-01-15-18.20.23/ccnSyncTest/slice3/randomFile/=FD054B82F3B225/=0024/=FA9C4877A83361F839789D67773010F59292191AFB7B3EDF32F8D9849A025781, name Y (expanded) is /ccnx.org/test/SyncTestRepo-15-01-15-18.20.23/ccnSyncTest/slice3/randomFile/=FD054B82F3B225/=0024/=FA9C4877A83361F839789D67773010F59292191AFB7B3EDF32F8D9849A025781
Jan 15, 2015 6:21:04 PM org.ccnx.ccn.impl.sync.SliceComparator doComparison
O MAIS DETALHADO: Compare LEAF %0Cd=27F202B76EE65F4C8504D00EFB5DC8E36B6F289DECA7879E8CD492202F5D75 to LEAF %0BU=96BA30E975F4F85C7C8273CAA860D76FDA598A62BE90BAAF522FF2DEF109BC
Jan 15, 2015 6:21:04 PM org.ccnx.ccn.impl.sync.SliceComparator doComparison
O MAIS DETALHADO: name X is 37, pos X is 18, name Y is 37, pos Y is 9 comp is 0
Jan 15, 2015 6:21:04 PM org.ccnx.ccn.impl.sync.SliceComparator doComparison
O MAIS DETALHADO: name X (expanded) is /ccnx.org/test/SyncTestRepo-15-01-15-18.20.23/ccnSyncTest/slice3/randomFile/=FD054B82F3B225/=0025/=91D0AB7C6814778BF151E5427E040633B98457C767ECB521CA649B081D8FD1B0, name Y (expanded) is /ccnx.org/test/SyncTestRepo-15-01-15-18.20.23/ccnSyncTest/slice3/randomFile/=FD054B82F3B225/=0025/=91D0AB7C6814778BF151E5427E040633B98457C767ECB521CA649B081D8FD1B0
Jan 15, 2015 6:21:04 PM org.ccnx.ccn.impl.sync.SliceComparator doComparison
O MAIS DETALHADO: Compare LEAF %0Cd=27F202B76EE65F4C8504D00EFB5DC8E36B6F289DECA7879E8CD492202F5D75 to LEAF %0BU=96BA30E975F4F85C7C8273CAA860D76FDA598A62BE90BAAF522FF2DEF109BC
Jan 15, 2015 6:21:04 PM org.ccnx.ccn.impl.sync.SliceComparator doComparison
O MAIS DETALHADO: name X is 38, pos X is 19, name Y is 38, pos Y is 10 comp is 0
Jan 15, 2015 6:21:04 PM org.ccnx.ccn.impl.sync.SliceComparator doComparison
O MAIS DETALHADO: name X (expanded) is /ccnx.org/test/SyncTestRepo-15-01-15-18.20.23/ccnSyncTest/slice3/randomFile/=FD054B82F3B225/=0026/=5CD591DB3624400724B2A8C42FB652D2F1E17390745AF9A78DEAA445F1B2CD39, name Y (expanded) is /ccnx.org/test/SyncTestRepo-15-01-15-18.20.23/ccnSyncTest/slice3/randomFile/=FD054B82F3B225/=0026/=5CD591DB3624400724B2A8C42FB652D2F1E17390745AF9A78DEAA445F1B2CD39
Jan 15, 2015 6:21:04 PM org.ccnx.ccn.impl.sync.SliceComparator doComparison
O MAIS DETALHADO: Compare LEAF %0Cd=27F202B76EE65F4C8504D00EFB5DC8E36B6F289DECA7879E8CD492202F5D75 to LEAF %0BU=96BA30E975F4F85C7C8273CAA860D76FDA598A62BE90BAAF522FF2DEF109BC
Jan 15, 2015 6:21:04 PM org.ccnx.ccn.impl.sync.SliceComparator doComparison
O MAIS DETALHADO: name X is 39, pos X is 20, name Y is 39, pos Y is 11 comp is 0
Jan 15, 2015 6:21:04 PM org.ccnx.ccn.impl.sync.SliceComparator doComparison
O MAIS DETALHADO: name X (expanded) is /ccnx.org/test/SyncTestRepo-15-01-15-18.20.23/ccnSyncTest/slice3/randomFile/=FD054B82F3B225/=0027/=D8BEE7F1F845EAF54435435E8E630A1A33C70063952DC88FC29C6F8BD7BCA55E, name Y (expanded) is /ccnx.org/test/SyncTestRepo-15-01-15-18.20.23/ccnSyncTest/slice3/randomFile/=FD054B82F3B225/=0027/=D8BEE7F1F845EAF54435435E8E630A1A33C70063952DC88FC29C6F8BD7BCA55E
Jan 15, 2015 6:21:04 PM org.ccnx.ccn.impl.sync.SliceComparator doComparison
O MAIS DETALHADO: Compare LEAF %0Cd=27F202B76EE65F4C8504D00EFB5DC8E36B6F289DECA7879E8CD492202F5D75 to LEAF %0BU=96BA30E975F4F85C7C8273CAA860D76FDA598A62BE90BAAF522FF2DEF109BC
Jan 15, 2015 6:21:04 PM org.ccnx.ccn.impl.sync.SliceComparator doComparison
O MAIS DETALHADO: name X is 40, pos X is 21, name Y is 40, pos Y is 12 comp is 0
Jan 15, 2015 6:21:04 PM org.ccnx.ccn.impl.sync.SliceComparator doComparison
O MAIS DETALHADO: name X (expanded) is /ccnx.org/test/SyncTestRepo-15-01-15-18.20.23/ccnSyncTest/slice3/randomFile/=FD054B82F3B225/=0028/=9B23586281E096F4326E4917D9770EA43AFFBD71D712D26E2BD1274FA8872466, name Y (expanded) is /ccnx.org/test/SyncTestRepo-15-01-15-18.20.23/ccnSyncTest/slice3/randomFile/=FD054B82F3B225/=0028/=9B23586281E096F4326E4917D9770EA43AFFBD71D712D26E2BD1274FA8872466
Jan 15, 2015 6:21:04 PM org.ccnx.ccn.impl.sync.SliceComparator doComparison
O MAIS DETALHADO: Compare LEAF %0Cd=27F202B76EE65F4C8504D00EFB5DC8E36B6F289DECA7879E8CD492202F5D75 to LEAF %0BU=96BA30E975F4F85C7C8273CAA860D76FDA598A62BE90BAAF522FF2DEF109BC
Jan 15, 2015 6:21:04 PM org.ccnx.ccn.impl.sync.SliceComparator doComparison
O MAIS DETALHADO: name X is 41, pos X is 22, name Y is 41, pos Y is 13 comp is 0
Jan 15, 2015 6:21:04 PM org.ccnx.ccn.impl.sync.SliceComparator doComparison
O MAIS DETALHADO: name X (expanded) is /ccnx.org/test/SyncTestRepo-15-01-15-18.20.23/ccnSyncTest/slice3/randomFile/=FD054B82F3B225/=0029/%28J=60BB12C2F21DF8D1B97DB51DD43455A26BEDB403318A98C9AD1A5648FDE9, name Y (expanded) is /ccnx.org/test/SyncTestRepo-15-01-15-18.20.23/ccnSyncTest/slice3/randomFile/=FD054B82F3B225/=0029/%28J=60BB12C2F21DF8D1B97DB51DD43455A26BEDB403318A98C9AD1A5648FDE9
Jan 15, 2015 6:21:04 PM org.ccnx.ccn.impl.sync.SliceComparator doComparison
O MAIS DETALHADO: Compare NODE %2FF7=E6EB966225D258A954B043A50BE6B83BF9F9178767374E5D84682466CE28 to LEAF %0BU=96BA30E975F4F85C7C8273CAA860D76FDA598A62BE90BAAF522FF2DEF109BC, resMin is 1, resMax is -1
Jan 15, 2015 6:21:04 PM org.ccnx.ccn.impl.sync.SliceComparator doComparison
O MAIS DETALHADO: minname is 0, maxname is 0, pos X is 2, pos Y is 14
Jan 15, 2015 6:21:04 PM org.ccnx.ccn.impl.sync.SliceComparator doComparison
O MAIS DETALHADO: Compare LEAF =06AAFE3238877423DEC41C535CCB730062EFF2A01E156513FFE4DB792A75F90D02 to LEAF %0BU=96BA30E975F4F85C7C8273CAA860D76FDA598A62BE90BAAF522FF2DEF109BC
Jan 15, 2015 6:21:04 PM org.ccnx.ccn.impl.sync.SliceComparator doComparison
O MAIS DETALHADO: name X is 42, pos X is 0, name Y is 42, pos Y is 14 comp is 0
Jan 15, 2015 6:21:04 PM org.ccnx.ccn.impl.sync.SliceComparator doComparison
O MAIS DETALHADO: name X (expanded) is /ccnx.org/test/SyncTestRepo-15-01-15-18.20.23/ccnSyncTest/slice3/randomFile/=FD054B82F3B225/=002A/BF=B6406916D6533E0F75EF315C6EA8667FA171BB83F3485EDF10CF30522F5C, name Y (expanded) is /ccnx.org/test/SyncTestRepo-15-01-15-18.20.23/ccnSyncTest/slice3/randomFile/=FD054B82F3B225/=002A/BF=B6406916D6533E0F75EF315C6EA8667FA171BB83F3485EDF10CF30522F5C
Jan 15, 2015 6:21:04 PM org.ccnx.ccn.impl.sync.SliceComparator doComparison
O MAIS DETALHADO: Compare LEAF =06AAFE3238877423DEC41C535CCB730062EFF2A01E156513FFE4DB792A75F90D02 to LEAF %0BU=96BA30E975F4F85C7C8273CAA860D76FDA598A62BE90BAAF522FF2DEF109BC
Jan 15, 2015 6:21:04 PM org.ccnx.ccn.impl.sync.SliceComparator doComparison
O MAIS DETALHADO: name X is 43, pos X is 1, name Y is 43, pos Y is 15 comp is 0
Jan 15, 2015 6:21:04 PM org.ccnx.ccn.impl.sync.SliceComparator doComparison
O MAIS DETALHADO: name X (expanded) is /ccnx.org/test/SyncTestRepo-15-01-15-18.20.23/ccnSyncTest/slice3/randomFile/=FD054B82F3B225/=002B/Q=B41C992ADB5E506E56761F31415459092636B21BA7C0F512F57E6997E7C180, name Y (expanded) is /ccnx.org/test/SyncTestRepo-15-01-15-18.20.23/ccnSyncTest/slice3/randomFile/=FD054B82F3B225/=002B/Q=B41C992ADB5E506E56761F31415459092636B21BA7C0F512F57E6997E7C180
Jan 15, 2015 6:21:04 PM org.ccnx.ccn.impl.sync.SliceComparator doComparison
O MAIS DETALHADO: Compare LEAF =06AAFE3238877423DEC41C535CCB730062EFF2A01E156513FFE4DB792A75F90D02 to LEAF %0BU=96BA30E975F4F85C7C8273CAA860D76FDA598A62BE90BAAF522FF2DEF109BC
Jan 15, 2015 6:21:04 PM org.ccnx.ccn.impl.sync.SliceComparator doComparison
O MAIS DETALHADO: name X is 44, pos X is 2, name Y is 44, pos Y is 16 comp is 0
Jan 15, 2015 6:21:04 PM org.ccnx.ccn.impl.sync.SliceComparator doComparison
O MAIS DETALHADO: name X (expanded) is /ccnx.org/test/SyncTestRepo-15-01-15-18.20.23/ccnSyncTest/slice3/randomFile/=FD054B82F3B225/=002C/=0DEA15EEB7624D141CDE9E54FED395CADA185F1D5D15B8C75926FBF2C7CDE823, name Y (expanded) is /ccnx.org/test/SyncTestRepo-15-01-15-18.20.23/ccnSyncTest/slice3/randomFile/=FD054B82F3B225/=002C/=0DEA15EEB7624D141CDE9E54FED395CADA185F1D5D15B8C75926FBF2C7CDE823
Jan 15, 2015 6:21:04 PM org.ccnx.ccn.impl.sync.SliceComparator doComparison
O MAIS DETALHADO: Compare LEAF =06AAFE3238877423DEC41C535CCB730062EFF2A01E156513FFE4DB792A75F90D02 to LEAF %0BU=96BA30E975F4F85C7C8273CAA860D76FDA598A62BE90BAAF522FF2DEF109BC
Jan 15, 2015 6:21:04 PM org.ccnx.ccn.impl.sync.SliceComparator doComparison
O MAIS DETALHADO: name X is 45, pos X is 3, name Y is 45, pos Y is 17 comp is 0
Jan 15, 2015 6:21:04 PM org.ccnx.ccn.impl.sync.SliceComparator doComparison
O MAIS DETALHADO: name X (expanded) is /ccnx.org/test/SyncTestRepo-15-01-15-18.20.23/ccnSyncTest/slice3/randomFile/=FD054B82F3B225/=002D/=279CAF47FBCD3E3D0CDC108EDE5B8018EA10061E7B27785C4CF819C04991B8AE, name Y (expanded) is /ccnx.org/test/SyncTestRepo-15-01-15-18.20.23/ccnSyncTest/slice3/randomFile/=FD054B82F3B225/=002D/=279CAF47FBCD3E3D0CDC108EDE5B8018EA10061E7B27785C4CF819C04991B8AE
Jan 15, 2015 6:21:04 PM org.ccnx.ccn.impl.sync.SliceComparator doComparison
O MAIS DETALHADO: Compare LEAF =06AAFE3238877423DEC41C535CCB730062EFF2A01E156513FFE4DB792A75F90D02 to LEAF %0BU=96BA30E975F4F85C7C8273CAA860D76FDA598A62BE90BAAF522FF2DEF109BC
Jan 15, 2015 6:21:04 PM org.ccnx.ccn.impl.sync.SliceComparator doComparison
O MAIS DETALHADO: name X is 46, pos X is 4, name Y is 46, pos Y is 18 comp is 0
Jan 15, 2015 6:21:04 PM org.ccnx.ccn.impl.sync.SliceComparator doComparison
O MAIS DETALHADO: name X (expanded) is /ccnx.org/test/SyncTestRepo-15-01-15-18.20.23/ccnSyncTest/slice3/randomFile/=FD054B82F3B225/=002E/Wt%9Dt=01EF141B391ABE391A8AB9AA7E6BFDB8068202119D17F81A9A46F7C2, name Y (expanded) is /ccnx.org/test/SyncTestRepo-15-01-15-18.20.23/ccnSyncTest/slice3/randomFile/=FD054B82F3B225/=002E/Wt%9Dt=01EF141B391ABE391A8AB9AA7E6BFDB8068202119D17F81A9A46F7C2
Jan 15, 2015 6:21:04 PM org.ccnx.ccn.impl.sync.SliceComparator doComparison
O MAIS DETALHADO: Compare LEAF =06AAFE3238877423DEC41C535CCB730062EFF2A01E156513FFE4DB792A75F90D02 to LEAF %0BU=96BA30E975F4F85C7C8273CAA860D76FDA598A62BE90BAAF522FF2DEF109BC
Jan 15, 2015 6:21:04 PM org.ccnx.ccn.impl.sync.SliceComparator doComparison
O MAIS DETALHADO: name X is 47, pos X is 5, name Y is 47, pos Y is 19 comp is 0
Jan 15, 2015 6:21:04 PM org.ccnx.ccn.impl.sync.SliceComparator doComparison
O MAIS DETALHADO: name X (expanded) is /ccnx.org/test/SyncTestRepo-15-01-15-18.20.23/ccnSyncTest/slice3/randomFile/=FD054B82F3B225/=002F/Wp=C1E82C750F6A8AE8BE6C72653EAF2667C65E2FBB6DAB2A56C505633E97D1, name Y (expanded) is /ccnx.org/test/SyncTestRepo-15-01-15-18.20.23/ccnSyncTest/slice3/randomFile/=FD054B82F3B225/=002F/Wp=C1E82C750F6A8AE8BE6C72653EAF2667C65E2FBB6DAB2A56C505633E97D1
Jan 15, 2015 6:21:04 PM org.ccnx.ccn.impl.sync.SliceComparator doComparison
O MAIS DETALHADO: Compare LEAF =06AAFE3238877423DEC41C535CCB730062EFF2A01E156513FFE4DB792A75F90D02 to LEAF %0BU=96BA30E975F4F85C7C8273CAA860D76FDA598A62BE90BAAF522FF2DEF109BC
Jan 15, 2015 6:21:04 PM org.ccnx.ccn.impl.sync.SliceComparator doComparison
O MAIS DETALHADO: name X is 48, pos X is 6, name Y is 48, pos Y is 20 comp is 0
Jan 15, 2015 6:21:04 PM org.ccnx.ccn.impl.sync.SliceComparator doComparison
O MAIS DETALHADO: name X (expanded) is /ccnx.org/test/SyncTestRepo-15-01-15-18.20.23/ccnSyncTest/slice3/randomFile/=FD054B82F3B225/=0030/=0A21C5DC88EA905BFC12606AC45A91BEA45B0A2E6537B961785536197906F919, name Y (expanded) is /ccnx.org/test/SyncTestRepo-15-01-15-18.20.23/ccnSyncTest/slice3/randomFile/=FD054B82F3B225/=0030/=0A21C5DC88EA905BFC12606AC45A91BEA45B0A2E6537B961785536197906F919
Jan 15, 2015 6:21:04 PM org.ccnx.ccn.impl.sync.SliceComparator doComparison
O MAIS DETALHADO: Compare LEAF =06AAFE3238877423DEC41C535CCB730062EFF2A01E156513FFE4DB792A75F90D02 to LEAF %0BU=96BA30E975F4F85C7C8273CAA860D76FDA598A62BE90BAAF522FF2DEF109BC
Jan 15, 2015 6:21:04 PM org.ccnx.ccn.impl.sync.SliceComparator doComparison
O MAIS DETALHADO: name X is 49, pos X is 7, name Y is 49, pos Y is 21 comp is 0
Jan 15, 2015 6:21:04 PM org.ccnx.ccn.impl.sync.SliceComparator doComparison
O MAIS DETALHADO: name X (expanded) is /ccnx.org/test/SyncTestRepo-15-01-15-18.20.23/ccnSyncTest/slice3/randomFile/=FD054B82F3B225/=0031/=FD8B521DE56AE0B3FC12501B1CDA570CB9202FEFBD2532F14B1812AC9A572EEC, name Y (expanded) is /ccnx.org/test/SyncTestRepo-15-01-15-18.20.23/ccnSyncTest/slice3/randomFile/=FD054B82F3B225/=0031/=FD8B521DE56AE0B3FC12501B1CDA570CB9202FEFBD2532F14B1812AC9A572EEC
Jan 15, 2015 6:21:04 PM org.ccnx.ccn.impl.sync.SliceComparator doComparison
O MAIS DETALHADO: Compare LEAF =06AAFE3238877423DEC41C535CCB730062EFF2A01E156513FFE4DB792A75F90D02 to NODE 0=E1F82252CF60E91F9F9B9EDADC9BD45879B35A1B43F476FF6A15AEF79915196C
Jan 15, 2015 6:21:04 PM org.ccnx.ccn.impl.sync.SliceComparator doComparison
O MAIS DETALHADO: minname is 0, maxname is 0, X name is 50, pos X is 8, pos Y is 3
Jan 15, 2015 6:21:04 PM org.ccnx.ccn.impl.sync.SliceComparator doComparison
O MAIS DETALHADO: minname (expanded) is /ccnx.org/test/SyncTestRepo-15-01-15-18.20.23/ccnSyncTest/slice3/round2/randomFile/=FD054B82F3FFE7/=00/qb%F0W=1CEA55BE455DCD975BFAC9C75D94F543F36000DEE0EB51EFFFBE0E3D, maxname (expanded) is /ccnx.org/test/SyncTestRepo-15-01-15-18.20.23/ccnSyncTest/slice3/randomFile/=FD054B82F3B225/%C1.META.M/.header/=FD054B82F3B36D/=00/E=EDEFC6E114911303846ED7067B432E4E0456C57094EC6245ADEE1E502CEEB5
Jan 15, 2015 6:21:04 PM org.ccnx.ccn.impl.sync.SliceComparator doComparison
O MAIS DETALHADO: sneX (expanded) is /ccnx.org/test/SyncTestRepo-15-01-15-18.20.23/ccnSyncTest/slice3/randomFile/=FD054B82F3B225/=0032/P=1AC34721DE5B585502733099E53CDEB949ECEBBF772F6EE408ED271FBD907F, comp is 1
Jan 15, 2015 6:21:04 PM org.ccnx.ccn.io.content.SyncNodeComposite decodeLogging
O MAIS DETALHADO: decode node for =07921E88BBF4F97CA057D7EFBE8B24A0B38E40AFB4DE3ACF75DA4B747B2C8D4F26 depth = 1 refs = 17
Jan 15, 2015 6:21:04 PM org.ccnx.ccn.io.content.SyncNodeComposite decodeLogging
O MAIS DETALHADO: min is 50, max is 66, expanded min is /ccnx.org/test/SyncTestRepo-15-01-15-18.20.23/ccnSyncTest/slice3/randomFile/=FD054B82F3B225/=0032/P=1AC34721DE5B585502733099E53CDEB949ECEBBF772F6EE408ED271FBD907F, expanded max is /ccnx.org/test/SyncTestRepo-15-01-15-18.20.23/ccnSyncTest/slice3/randomFile/=FD054B82F3B225/=0042/=248F085007E81D4425604A519EBD79D82B0BDDA913AE015543250A4DC7024AF9
Jan 15, 2015 6:21:04 PM org.ccnx.ccn.impl.sync.SliceComparator doComparison
O MAIS DETALHADO: Compare LEAF =06AAFE3238877423DEC41C535CCB730062EFF2A01E156513FFE4DB792A75F90D02 to LEAF =07921E88BBF4F97CA057D7EFBE8B24A0B38E40AFB4DE3ACF75DA4B747B2C8D4F26
Jan 15, 2015 6:21:04 PM org.ccnx.ccn.impl.sync.SliceComparator doComparison
O MAIS DETALHADO: name X is 50, pos X is 8, name Y is 50, pos Y is 0 comp is 0
Jan 15, 2015 6:21:04 PM org.ccnx.ccn.impl.sync.SliceComparator doComparison
O MAIS DETALHADO: name X (expanded) is /ccnx.org/test/SyncTestRepo-15-01-15-18.20.23/ccnSyncTest/slice3/randomFile/=FD054B82F3B225/=0032/P=1AC34721DE5B585502733099E53CDEB949ECEBBF772F6EE408ED271FBD907F, name Y (expanded) is /ccnx.org/test/SyncTestRepo-15-01-15-18.20.23/ccnSyncTest/slice3/randomFile/=FD054B82F3B225/=0032/P=1AC34721DE5B585502733099E53CDEB949ECEBBF772F6EE408ED271FBD907F
Jan 15, 2015 6:21:04 PM org.ccnx.ccn.impl.sync.SliceComparator doComparison
O MAIS DETALHADO: Compare LEAF =06AAFE3238877423DEC41C535CCB730062EFF2A01E156513FFE4DB792A75F90D02 to LEAF =07921E88BBF4F97CA057D7EFBE8B24A0B38E40AFB4DE3ACF75DA4B747B2C8D4F26
Jan 15, 2015 6:21:04 PM org.ccnx.ccn.impl.sync.SliceComparator doComparison
O MAIS DETALHADO: name X is 51, pos X is 9, name Y is 51, pos Y is 1 comp is 0
Jan 15, 2015 6:21:04 PM org.ccnx.ccn.impl.sync.SliceComparator doComparison
O MAIS DETALHADO: name X (expanded) is /ccnx.org/test/SyncTestRepo-15-01-15-18.20.23/ccnSyncTest/slice3/randomFile/=FD054B82F3B225/=0033/=ECE814B0586B585E313C5B9D8C8AA833B11516123F84918047229A515F57712D, name Y (expanded) is /ccnx.org/test/SyncTestRepo-15-01-15-18.20.23/ccnSyncTest/slice3/randomFile/=FD054B82F3B225/=0033/=ECE814B0586B585E313C5B9D8C8AA833B11516123F84918047229A515F57712D
Jan 15, 2015 6:21:04 PM org.ccnx.ccn.impl.sync.SliceComparator doComparison
O MAIS DETALHADO: Compare LEAF =06AAFE3238877423DEC41C535CCB730062EFF2A01E156513FFE4DB792A75F90D02 to LEAF =07921E88BBF4F97CA057D7EFBE8B24A0B38E40AFB4DE3ACF75DA4B747B2C8D4F26
Jan 15, 2015 6:21:04 PM org.ccnx.ccn.impl.sync.SliceComparator doComparison
O MAIS DETALHADO: name X is 52, pos X is 10, name Y is 52, pos Y is 2 comp is 0
Jan 15, 2015 6:21:04 PM org.ccnx.ccn.impl.sync.SliceComparator doComparison
O MAIS DETALHADO: name X (expanded) is /ccnx.org/test/SyncTestRepo-15-01-15-18.20.23/ccnSyncTest/slice3/randomFile/=FD054B82F3B225/=0034/%06ts=E7DEA30CA86A0EC1E2F2C6DCACA0E3234288C48E874DBC90E73C07C618, name Y (expanded) is /ccnx.org/test/SyncTestRepo-15-01-15-18.20.23/ccnSyncTest/slice3/randomFile/=FD054B82F3B225/=0034/%06ts=E7DEA30CA86A0EC1E2F2C6DCACA0E3234288C48E874DBC90E73C07C618
Jan 15, 2015 6:21:04 PM org.ccnx.ccn.impl.sync.SliceComparator doComparison
O MAIS DETALHADO: Compare LEAF =06AAFE3238877423DEC41C535CCB730062EFF2A01E156513FFE4DB792A75F90D02 to LEAF =07921E88BBF4F97CA057D7EFBE8B24A0B38E40AFB4DE3ACF75DA4B747B2C8D4F26
Jan 15, 2015 6:21:04 PM org.ccnx.ccn.impl.sync.SliceComparator doComparison
O MAIS DETALHADO: name X is 53, pos X is 11, name Y is 53, pos Y is 3 comp is 0
Jan 15, 2015 6:21:04 PM org.ccnx.ccn.impl.sync.SliceComparator.NodeFetchHandler handleContent
DETALHADO: Saw data from nodefind: hash: =085DA7B82EF9DE3188939B5A1B9C371135CB31DB43FE499B571F45B3F900409DAD
Jan 15, 2015 6:21:04 PM org.ccnx.ccn.impl.sync.SliceComparator doComparison
O MAIS DETALHADO: name X (expanded) is /ccnx.org/test/SyncTestRepo-15-01-15-18.20.23/ccnSyncTest/slice3/randomFile/=FD054B82F3B225/=0035/=EFB82E524CE55ED22BEA65E6225C887896EAA9EF94E539B05BA69D77BE900BBA, name Y (expanded) is /ccnx.org/test/SyncTestRepo-15-01-15-18.20.23/ccnSyncTest/slice3/randomFile/=FD054B82F3B225/=0035/=EFB82E524CE55ED22BEA65E6225C887896EAA9EF94E539B05BA69D77BE900BBA
Jan 15, 2015 6:21:04 PM org.ccnx.ccn.impl.sync.SliceComparator doComparison
O MAIS DETALHADO: Compare LEAF =06AAFE3238877423DEC41C535CCB730062EFF2A01E156513FFE4DB792A75F90D02 to LEAF =07921E88BBF4F97CA057D7EFBE8B24A0B38E40AFB4DE3ACF75DA4B747B2C8D4F26
Jan 15, 2015 6:21:04 PM org.ccnx.ccn.impl.sync.SliceComparator doComparison
O MAIS DETALHADO: name X is 54, pos X is 12, name Y is 54, pos Y is 4 comp is 0
Jan 15, 2015 6:21:04 PM org.ccnx.ccn.impl.sync.SliceComparator doComparison
O MAIS DETALHADO: name X (expanded) is /ccnx.org/test/SyncTestRepo-15-01-15-18.20.23/ccnSyncTest/slice3/randomFile/=FD054B82F3B225/=0036/=CCF4A35F92459E281FC699341BA90E264E5BDAE4215790D691C59EA7E6AF1780, name Y (expanded) is /ccnx.org/test/SyncTestRepo-15-01-15-18.20.23/ccnSyncTest/slice3/randomFile/=FD054B82F3B225/=0036/=CCF4A35F92459E281FC699341BA90E264E5BDAE4215790D691C59EA7E6AF1780
Jan 15, 2015 6:21:04 PM org.ccnx.ccn.impl.sync.SliceComparator doComparison
O MAIS DETALHADO: Compare LEAF =06AAFE3238877423DEC41C535CCB730062EFF2A01E156513FFE4DB792A75F90D02 to LEAF =07921E88BBF4F97CA057D7EFBE8B24A0B38E40AFB4DE3ACF75DA4B747B2C8D4F26
Jan 15, 2015 6:21:04 PM org.ccnx.ccn.impl.sync.SliceComparator doComparison
O MAIS DETALHADO: name X is 55, pos X is 13, name Y is 55, pos Y is 5 comp is 0
Jan 15, 2015 6:21:04 PM org.ccnx.ccn.impl.sync.SliceComparator doComparison
O MAIS DETALHADO: name X (expanded) is /ccnx.org/test/SyncTestRepo-15-01-15-18.20.23/ccnSyncTest/slice3/randomFile/=FD054B82F3B225/=0037/%E1k%C5Q=A7D286DBAC8D49BB6D2159AD4467DCC572CE996794E72D486CDE840A, name Y (expanded) is /ccnx.org/test/SyncTestRepo-15-01-15-18.20.23/ccnSyncTest/slice3/randomFile/=FD054B82F3B225/=0037/%E1k%C5Q=A7D286DBAC8D49BB6D2159AD4467DCC572CE996794E72D486CDE840A
Jan 15, 2015 6:21:04 PM org.ccnx.ccn.impl.sync.SliceComparator doComparison
O MAIS DETALHADO: Compare LEAF =06AAFE3238877423DEC41C535CCB730062EFF2A01E156513FFE4DB792A75F90D02 to LEAF =07921E88BBF4F97CA057D7EFBE8B24A0B38E40AFB4DE3ACF75DA4B747B2C8D4F26
Jan 15, 2015 6:21:04 PM org.ccnx.ccn.impl.sync.SliceComparator doComparison
O MAIS DETALHADO: name X is 56, pos X is 14, name Y is 56, pos Y is 6 comp is 0
Jan 15, 2015 6:21:04 PM org.ccnx.ccn.impl.sync.SliceComparator doComparison
O MAIS DETALHADO: name X (expanded) is /ccnx.org/test/SyncTestRepo-15-01-15-18.20.23/ccnSyncTest/slice3/randomFile/=FD054B82F3B225/=0038/%3B0%D8Bi%AE1=7FA506CFD79F2C74D106D38867A0EF7AB3535A6AAE11002A41, name Y (expanded) is /ccnx.org/test/SyncTestRepo-15-01-15-18.20.23/ccnSyncTest/slice3/randomFile/=FD054B82F3B225/=0038/%3B0%D8Bi%AE1=7FA506CFD79F2C74D106D38867A0EF7AB3535A6AAE11002A41
Jan 15, 2015 6:21:04 PM org.ccnx.ccn.impl.sync.SliceComparator doComparison
O MAIS DETALHADO: Compare LEAF =06AAFE3238877423DEC41C535CCB730062EFF2A01E156513FFE4DB792A75F90D02 to LEAF =07921E88BBF4F97CA057D7EFBE8B24A0B38E40AFB4DE3ACF75DA4B747B2C8D4F26
Jan 15, 2015 6:21:04 PM org.ccnx.ccn.impl.sync.SliceComparator doComparison
O MAIS DETALHADO: name X is 57, pos X is 15, name Y is 57, pos Y is 7 comp is 0
Jan 15, 2015 6:21:04 PM org.ccnx.ccn.impl.sync.SliceComparator doComparison
O MAIS DETALHADO: name X (expanded) is /ccnx.org/test/SyncTestRepo-15-01-15-18.20.23/ccnSyncTest/slice3/randomFile/=FD054B82F3B225/=0039/=0E2967AC5A00599FA440E1E0B9F71F7C7E115448BBA6A476F375E1E2AD412A74, name Y (expanded) is /ccnx.org/test/SyncTestRepo-15-01-15-18.20.23/ccnSyncTest/slice3/randomFile/=FD054B82F3B225/=0039/=0E2967AC5A00599FA440E1E0B9F71F7C7E115448BBA6A476F375E1E2AD412A74
Jan 15, 2015 6:21:04 PM org.ccnx.ccn.impl.sync.SliceComparator doComparison
O MAIS DETALHADO: Compare NODE %2FF7=E6EB966225D258A954B043A50BE6B83BF9F9178767374E5D84682466CE28 to LEAF =07921E88BBF4F97CA057D7EFBE8B24A0B38E40AFB4DE3ACF75DA4B747B2C8D4F26, resMin is 1, resMax is -1
Jan 15, 2015 6:21:04 PM org.ccnx.ccn.impl.sync.SliceComparator doComparison
O MAIS DETALHADO: minname is 0, maxname is 0, pos X is 3, pos Y is 8
Jan 15, 2015 6:21:04 PM org.ccnx.ccn.impl.sync.SliceComparator doComparison
O MAIS DETALHADO: Compare LEAF %05G=1EEBAD671C9BDBA4083E403C21791FF3CBC944F3C11D934DE7F8C846D1A0B1 to LEAF =07921E88BBF4F97CA057D7EFBE8B24A0B38E40AFB4DE3ACF75DA4B747B2C8D4F26
Jan 15, 2015 6:21:04 PM org.ccnx.ccn.impl.sync.SliceComparator doComparison
O MAIS DETALHADO: name X is 58, pos X is 0, name Y is 58, pos Y is 8 comp is 0
Jan 15, 2015 6:21:04 PM org.ccnx.ccn.impl.sync.SliceComparator doComparison
O MAIS DETALHADO: name X (expanded) is /ccnx.org/test/SyncTestRepo-15-01-15-18.20.23/ccnSyncTest/slice3/randomFile/=FD054B82F3B225/=003A/=E4FEC5BEA91947121525A987579E961F42CD9ABD9D1105CF9A0776FC7C1DC262, name Y (expanded) is /ccnx.org/test/SyncTestRepo-15-01-15-18.20.23/ccnSyncTest/slice3/randomFile/=FD054B82F3B225/=003A/=E4FEC5BEA91947121525A987579E961F42CD9ABD9D1105CF9A0776FC7C1DC262
Jan 15, 2015 6:21:04 PM org.ccnx.ccn.impl.sync.SliceComparator doComparison
O MAIS DETALHADO: Compare LEAF %05G=1EEBAD671C9BDBA4083E403C21791FF3CBC944F3C11D934DE7F8C846D1A0B1 to LEAF =07921E88BBF4F97CA057D7EFBE8B24A0B38E40AFB4DE3ACF75DA4B747B2C8D4F26
Jan 15, 2015 6:21:04 PM org.ccnx.ccn.impl.sync.SliceComparator doComparison
O MAIS DETALHADO: name X is 59, pos X is 1, name Y is 59, pos Y is 9 comp is 0
Jan 15, 2015 6:21:04 PM org.ccnx.ccn.impl.sync.SliceComparator doComparison
O MAIS DETALHADO: name X (expanded) is /ccnx.org/test/SyncTestRepo-15-01-15-18.20.23/ccnSyncTest/slice3/randomFile/=FD054B82F3B225/=003B/4=24F305589ADA9D841433B909B0AD158630BB7F6513AC574298391988F9E7A1, name Y (expanded) is /ccnx.org/test/SyncTestRepo-15-01-15-18.20.23/ccnSyncTest/slice3/randomFile/=FD054B82F3B225/=003B/4=24F305589ADA9D841433B909B0AD158630BB7F6513AC574298391988F9E7A1
Jan 15, 2015 6:21:04 PM org.ccnx.ccn.impl.sync.SliceComparator doComparison
O MAIS DETALHADO: Compare LEAF %05G=1EEBAD671C9BDBA4083E403C21791FF3CBC944F3C11D934DE7F8C846D1A0B1 to LEAF =07921E88BBF4F97CA057D7EFBE8B24A0B38E40AFB4DE3ACF75DA4B747B2C8D4F26
Jan 15, 2015 6:21:04 PM org.ccnx.ccn.impl.sync.SliceComparator doComparison
O MAIS DETALHADO: name X is 60, pos X is 2, name Y is 60, pos Y is 10 comp is 0
Jan 15, 2015 6:21:04 PM org.ccnx.ccn.impl.sync.SliceComparator doComparison
O MAIS DETALHADO: name X (expanded) is /ccnx.org/test/SyncTestRepo-15-01-15-18.20.23/ccnSyncTest/slice3/randomFile/=FD054B82F3B225/=003C/=5D8C716DCA0283390A38D1FF638C9F2921954443714F7813685DCD71C0DCDC93, name Y (expanded) is /ccnx.org/test/SyncTestRepo-15-01-15-18.20.23/ccnSyncTest/slice3/randomFile/=FD054B82F3B225/=003C/=5D8C716DCA0283390A38D1FF638C9F2921954443714F7813685DCD71C0DCDC93
Jan 15, 2015 6:21:04 PM org.ccnx.ccn.impl.sync.SliceComparator doComparison
O MAIS DETALHADO: Compare LEAF %05G=1EEBAD671C9BDBA4083E403C21791FF3CBC944F3C11D934DE7F8C846D1A0B1 to LEAF =07921E88BBF4F97CA057D7EFBE8B24A0B38E40AFB4DE3ACF75DA4B747B2C8D4F26
Jan 15, 2015 6:21:04 PM org.ccnx.ccn.impl.sync.SliceComparator doComparison
O MAIS DETALHADO: name X is 61, pos X is 3, name Y is 61, pos Y is 11 comp is 0
Jan 15, 2015 6:21:04 PM org.ccnx.ccn.impl.sync.SliceComparator doComparison
O MAIS DETALHADO: name X (expanded) is /ccnx.org/test/SyncTestRepo-15-01-15-18.20.23/ccnSyncTest/slice3/randomFile/=FD054B82F3B225/=003D/=14B764657A61F4A9AE466E9C82E66868648966A2FD2936D115374828BB146FDC, name Y (expanded) is /ccnx.org/test/SyncTestRepo-15-01-15-18.20.23/ccnSyncTest/slice3/randomFile/=FD054B82F3B225/=003D/=14B764657A61F4A9AE466E9C82E66868648966A2FD2936D115374828BB146FDC
Jan 15, 2015 6:21:04 PM org.ccnx.ccn.impl.sync.SliceComparator doComparison
O MAIS DETALHADO: Compare LEAF %05G=1EEBAD671C9BDBA4083E403C21791FF3CBC944F3C11D934DE7F8C846D1A0B1 to LEAF =07921E88BBF4F97CA057D7EFBE8B24A0B38E40AFB4DE3ACF75DA4B747B2C8D4F26
Jan 15, 2015 6:21:04 PM org.ccnx.ccn.impl.sync.SliceComparator doComparison
O MAIS DETALHADO: name X is 62, pos X is 4, name Y is 62, pos Y is 12 comp is 0
Jan 15, 2015 6:21:04 PM org.ccnx.ccn.impl.sync.SliceComparator doComparison
O MAIS DETALHADO: name X (expanded) is /ccnx.org/test/SyncTestRepo-15-01-15-18.20.23/ccnSyncTest/slice3/randomFile/=FD054B82F3B225/=003E/%C83%3Cum=3AE392933294C4CE45C464650DD340EB503857D6974A50171C73B6, name Y (expanded) is /ccnx.org/test/SyncTestRepo-15-01-15-18.20.23/ccnSyncTest/slice3/randomFile/=FD054B82F3B225/=003E/%C83%3Cum=3AE392933294C4CE45C464650DD340EB503857D6974A50171C73B6
Jan 15, 2015 6:21:04 PM org.ccnx.ccn.impl.sync.SliceComparator doComparison
O MAIS DETALHADO: Compare LEAF %05G=1EEBAD671C9BDBA4083E403C21791FF3CBC944F3C11D934DE7F8C846D1A0B1 to LEAF =07921E88BBF4F97CA057D7EFBE8B24A0B38E40AFB4DE3ACF75DA4B747B2C8D4F26
Jan 15, 2015 6:21:04 PM org.ccnx.ccn.impl.sync.SliceComparator doComparison
O MAIS DETALHADO: name X is 63, pos X is 5, name Y is 63, pos Y is 13 comp is 0
Jan 15, 2015 6:21:04 PM org.ccnx.ccn.impl.sync.SliceComparator doComparison
O MAIS DETALHADO: name X (expanded) is /ccnx.org/test/SyncTestRepo-15-01-15-18.20.23/ccnSyncTest/slice3/randomFile/=FD054B82F3B225/=003F/=3CF868667F4B48B932C1BE75E0FAD89CB3A5D69B422104BA1DCD04B5B6287F57, name Y (expanded) is /ccnx.org/test/SyncTestRepo-15-01-15-18.20.23/ccnSyncTest/slice3/randomFile/=FD054B82F3B225/=003F/=3CF868667F4B48B932C1BE75E0FAD89CB3A5D69B422104BA1DCD04B5B6287F57
Jan 15, 2015 6:21:04 PM org.ccnx.ccn.impl.sync.SliceComparator doComparison
O MAIS DETALHADO: Compare LEAF %05G=1EEBAD671C9BDBA4083E403C21791FF3CBC944F3C11D934DE7F8C846D1A0B1 to LEAF =07921E88BBF4F97CA057D7EFBE8B24A0B38E40AFB4DE3ACF75DA4B747B2C8D4F26
Jan 15, 2015 6:21:04 PM org.ccnx.ccn.impl.sync.SliceComparator doComparison
O MAIS DETALHADO: name X is 64, pos X is 6, name Y is 64, pos Y is 14 comp is 0
Jan 15, 2015 6:21:04 PM org.ccnx.ccn.impl.sync.SliceComparator doComparison
O MAIS DETALHADO: name X (expanded) is /ccnx.org/test/SyncTestRepo-15-01-15-18.20.23/ccnSyncTest/slice3/randomFile/=FD054B82F3B225/=0040/%8AK=13A3DCF5B69294A0B4F5F727550149457A699B087099AAF4B3DEF18E1AA6, name Y (expanded) is /ccnx.org/test/SyncTestRepo-15-01-15-18.20.23/ccnSyncTest/slice3/randomFile/=FD054B82F3B225/=0040/%8AK=13A3DCF5B69294A0B4F5F727550149457A699B087099AAF4B3DEF18E1AA6
Jan 15, 2015 6:21:04 PM org.ccnx.ccn.impl.sync.SliceComparator doComparison
O MAIS DETALHADO: Compare LEAF %05G=1EEBAD671C9BDBA4083E403C21791FF3CBC944F3C11D934DE7F8C846D1A0B1 to LEAF =07921E88BBF4F97CA057D7EFBE8B24A0B38E40AFB4DE3ACF75DA4B747B2C8D4F26
Jan 15, 2015 6:21:04 PM org.ccnx.ccn.impl.sync.SliceComparator doComparison
O MAIS DETALHADO: name X is 65, pos X is 7, name Y is 65, pos Y is 15 comp is 0
Jan 15, 2015 6:21:04 PM org.ccnx.ccn.impl.sync.SliceComparator doComparison
O MAIS DETALHADO: name X (expanded) is /ccnx.org/test/SyncTestRepo-15-01-15-18.20.23/ccnSyncTest/slice3/randomFile/=FD054B82F3B225/=0041/=27C7168339E413975455F420E0BBA3B9F84948188413ECDA5B8CD33F9A333C4B, name Y (expanded) is /ccnx.org/test/SyncTestRepo-15-01-15-18.20.23/ccnSyncTest/slice3/randomFile/=FD054B82F3B225/=0041/=27C7168339E413975455F420E0BBA3B9F84948188413ECDA5B8CD33F9A333C4B
Jan 15, 2015 6:21:04 PM org.ccnx.ccn.impl.sync.SliceComparator doComparison
O MAIS DETALHADO: Compare LEAF %05G=1EEBAD671C9BDBA4083E403C21791FF3CBC944F3C11D934DE7F8C846D1A0B1 to LEAF =07921E88BBF4F97CA057D7EFBE8B24A0B38E40AFB4DE3ACF75DA4B747B2C8D4F26
Jan 15, 2015 6:21:04 PM org.ccnx.ccn.impl.sync.SliceComparator doComparison
O MAIS DETALHADO: name X is 66, pos X is 8, name Y is 66, pos Y is 16 comp is 0
Jan 15, 2015 6:21:04 PM org.ccnx.ccn.impl.sync.SliceComparator doComparison
O MAIS DETALHADO: name X (expanded) is /ccnx.org/test/SyncTestRepo-15-01-15-18.20.23/ccnSyncTest/slice3/randomFile/=FD054B82F3B225/=0042/=248F085007E81D4425604A519EBD79D82B0BDDA913AE015543250A4DC7024AF9, name Y (expanded) is /ccnx.org/test/SyncTestRepo-15-01-15-18.20.23/ccnSyncTest/slice3/randomFile/=FD054B82F3B225/=0042/=248F085007E81D4425604A519EBD79D82B0BDDA913AE015543250A4DC7024AF9
Jan 15, 2015 6:21:04 PM org.ccnx.ccn.impl.sync.SliceComparator doComparison
O MAIS DETALHADO: Compare LEAF %05G=1EEBAD671C9BDBA4083E403C21791FF3CBC944F3C11D934DE7F8C846D1A0B1 to NODE 0=E1F82252CF60E91F9F9B9EDADC9BD45879B35A1B43F476FF6A15AEF79915196C
Jan 15, 2015 6:21:04 PM org.ccnx.ccn.impl.sync.SliceComparator doComparison
O MAIS DETALHADO: minname is 0, maxname is 0, X name is 67, pos X is 9, pos Y is 4
Jan 15, 2015 6:21:04 PM org.ccnx.ccn.impl.sync.SliceComparator doComparison
O MAIS DETALHADO: minname (expanded) is /ccnx.org/test/SyncTestRepo-15-01-15-18.20.23/ccnSyncTest/slice3/round2/randomFile/=FD054B82F3FFE7/=00/qb%F0W=1CEA55BE455DCD975BFAC9C75D94F543F36000DEE0EB51EFFFBE0E3D, maxname (expanded) is /ccnx.org/test/SyncTestRepo-15-01-15-18.20.23/ccnSyncTest/slice3/randomFile/=FD054B82F3B225/%C1.META.M/.header/=FD054B82F3B36D/=00/E=EDEFC6E114911303846ED7067B432E4E0456C57094EC6245ADEE1E502CEEB5
Jan 15, 2015 6:21:04 PM org.ccnx.ccn.impl.sync.SliceComparator doComparison
O MAIS DETALHADO: sneX (expanded) is /ccnx.org/test/SyncTestRepo-15-01-15-18.20.23/ccnSyncTest/slice3/randomFile/=FD054B82F3B225/=0043/.s%0904%F4n=A9DF1D741A29C84851B7B4E807A47E295515003D5F35A47E91, comp is 1
Jan 15, 2015 6:21:04 PM org.ccnx.ccn.io.content.SyncNodeComposite decodeLogging
O MAIS DETALHADO: decode node for =0786F7A52C4845E594AC690AC73625527300B67773DB6B3827744CBDFE84C801BE depth = 1 refs = 15
Jan 15, 2015 6:21:04 PM org.ccnx.ccn.io.content.SyncNodeComposite decodeLogging
O MAIS DETALHADO: min is 67, max is 81, expanded min is /ccnx.org/test/SyncTestRepo-15-01-15-18.20.23/ccnSyncTest/slice3/randomFile/=FD054B82F3B225/=0043/.s%0904%F4n=A9DF1D741A29C84851B7B4E807A47E295515003D5F35A47E91, expanded max is /ccnx.org/test/SyncTestRepo-15-01-15-18.20.23/ccnSyncTest/slice3/randomFile/=FD054B82F3B225/=0051/=A08760363D9254CD9F2C307A791199380EC04E41C7366B065FEDB745C5466AFC
Jan 15, 2015 6:21:04 PM org.ccnx.ccn.impl.sync.SliceComparator doComparison
O MAIS DETALHADO: Compare LEAF %05G=1EEBAD671C9BDBA4083E403C21791FF3CBC944F3C11D934DE7F8C846D1A0B1 to LEAF =0786F7A52C4845E594AC690AC73625527300B67773DB6B3827744CBDFE84C801BE
Jan 15, 2015 6:21:04 PM org.ccnx.ccn.impl.sync.SliceComparator doComparison
O MAIS DETALHADO: name X is 67, pos X is 9, name Y is 67, pos Y is 0 comp is 0
Jan 15, 2015 6:21:04 PM org.ccnx.ccn.impl.sync.SliceComparator doComparison
O MAIS DETALHADO: name X (expanded) is /ccnx.org/test/SyncTestRepo-15-01-15-18.20.23/ccnSyncTest/slice3/randomFile/=FD054B82F3B225/=0043/.s%0904%F4n=A9DF1D741A29C84851B7B4E807A47E295515003D5F35A47E91, name Y (expanded) is /ccnx.org/test/SyncTestRepo-15-01-15-18.20.23/ccnSyncTest/slice3/randomFile/=FD054B82F3B225/=0043/.s%0904%F4n=A9DF1D741A29C84851B7B4E807A47E295515003D5F35A47E91
Jan 15, 2015 6:21:04 PM org.ccnx.ccn.impl.sync.SliceComparator doComparison
O MAIS DETALHADO: Compare LEAF %05G=1EEBAD671C9BDBA4083E403C21791FF3CBC944F3C11D934DE7F8C846D1A0B1 to LEAF =0786F7A52C4845E594AC690AC73625527300B67773DB6B3827744CBDFE84C801BE
Jan 15, 2015 6:21:04 PM org.ccnx.ccn.impl.sync.SliceComparator doComparison
O MAIS DETALHADO: name X is 68, pos X is 10, name Y is 68, pos Y is 1 comp is 0
Jan 15, 2015 6:21:04 PM org.ccnx.ccn.impl.sync.SliceComparator doComparison
O MAIS DETALHADO: name X (expanded) is /ccnx.org/test/SyncTestRepo-15-01-15-18.20.23/ccnSyncTest/slice3/randomFile/=FD054B82F3B225/=0044/=3DD1FEB6FB1D3F7E0546EA024C02423A2A81FCCE9FA552420E6DEC6B30F9018E, name Y (expanded) is /ccnx.org/test/SyncTestRepo-15-01-15-18.20.23/ccnSyncTest/slice3/randomFile/=FD054B82F3B225/=0044/=3DD1FEB6FB1D3F7E0546EA024C02423A2A81FCCE9FA552420E6DEC6B30F9018E
Jan 15, 2015 6:21:04 PM org.ccnx.ccn.impl.sync.SliceComparator doComparison
O MAIS DETALHADO: Compare LEAF %05G=1EEBAD671C9BDBA4083E403C21791FF3CBC944F3C11D934DE7F8C846D1A0B1 to LEAF =0786F7A52C4845E594AC690AC73625527300B67773DB6B3827744CBDFE84C801BE
Jan 15, 2015 6:21:04 PM org.ccnx.ccn.impl.sync.SliceComparator doComparison
O MAIS DETALHADO: name X is 69, pos X is 11, name Y is 69, pos Y is 2 comp is 0
Jan 15, 2015 6:21:04 PM org.ccnx.ccn.impl.sync.SliceComparator doComparison
O MAIS DETALHADO: name X (expanded) is /ccnx.org/test/SyncTestRepo-15-01-15-18.20.23/ccnSyncTest/slice3/randomFile/=FD054B82F3B225/=0045/m1mzB=88F974B1727EFC80DDB64338C258EEB81EC4E47D5F07A4FB4B088B, name Y (expanded) is /ccnx.org/test/SyncTestRepo-15-01-15-18.20.23/ccnSyncTest/slice3/randomFile/=FD054B82F3B225/=0045/m1mzB=88F974B1727EFC80DDB64338C258EEB81EC4E47D5F07A4FB4B088B
Jan 15, 2015 6:21:04 PM org.ccnx.ccn.impl.sync.SliceComparator doComparison
O MAIS DETALHADO: Compare LEAF %05G=1EEBAD671C9BDBA4083E403C21791FF3CBC944F3C11D934DE7F8C846D1A0B1 to LEAF =0786F7A52C4845E594AC690AC73625527300B67773DB6B3827744CBDFE84C801BE
Jan 15, 2015 6:21:04 PM org.ccnx.ccn.impl.sync.SliceComparator doComparison
O MAIS DETALHADO: name X is 70, pos X is 12, name Y is 70, pos Y is 3 comp is 0
Jan 15, 2015 6:21:04 PM org.ccnx.ccn.impl.sync.SliceComparator doComparison
O MAIS DETALHADO: name X (expanded) is /ccnx.org/test/SyncTestRepo-15-01-15-18.20.23/ccnSyncTest/slice3/randomFile/=FD054B82F3B225/=0046/%C9t5%D9f=19D15DE27F16EDEA9048EA3C2B2CFCDFAC3E4FC7B06DE234F200FA, name Y (expanded) is /ccnx.org/test/SyncTestRepo-15-01-15-18.20.23/ccnSyncTest/slice3/randomFile/=FD054B82F3B225/=0046/%C9t5%D9f=19D15DE27F16EDEA9048EA3C2B2CFCDFAC3E4FC7B06DE234F200FA
Jan 15, 2015 6:21:04 PM org.ccnx.ccn.impl.sync.SliceComparator doComparison
O MAIS DETALHADO: Compare LEAF %05G=1EEBAD671C9BDBA4083E403C21791FF3CBC944F3C11D934DE7F8C846D1A0B1 to LEAF =0786F7A52C4845E594AC690AC73625527300B67773DB6B3827744CBDFE84C801BE
Jan 15, 2015 6:21:04 PM org.ccnx.ccn.impl.sync.SliceComparator doComparison
O MAIS DETALHADO: name X is 71, pos X is 13, name Y is 71, pos Y is 4 comp is 0
Jan 15, 2015 6:21:04 PM org.ccnx.ccn.impl.sync.SliceComparator doComparison
O MAIS DETALHADO: name X (expanded) is /ccnx.org/test/SyncTestRepo-15-01-15-18.20.23/ccnSyncTest/slice3/randomFile/=FD054B82F3B225/=0047/=3CFFDA883D07759505ADE5B9ED45950BC83C135846F9A1E14D2AB3540EE58BA4, name Y (expanded) is /ccnx.org/test/SyncTestRepo-15-01-15-18.20.23/ccnSyncTest/slice3/randomFile/=FD054B82F3B225/=0047/=3CFFDA883D07759505ADE5B9ED45950BC83C135846F9A1E14D2AB3540EE58BA4
Jan 15, 2015 6:21:04 PM org.ccnx.ccn.impl.sync.SliceComparator doComparison
O MAIS DETALHADO: Compare NODE %2FF7=E6EB966225D258A954B043A50BE6B83BF9F9178767374E5D84682466CE28 to LEAF =0786F7A52C4845E594AC690AC73625527300B67773DB6B3827744CBDFE84C801BE, resMin is 1, resMax is -1
Jan 15, 2015 6:21:04 PM org.ccnx.ccn.impl.sync.SliceComparator doComparison
O MAIS DETALHADO: minname is 0, maxname is 0, pos X is 4, pos Y is 5
Jan 15, 2015 6:21:04 PM org.ccnx.ccn.impl.sync.SliceComparator doComparison
O MAIS DETALHADO: Compare LEAF =0A2B153DDE3A609648586331EBC57860C04142A06F60B2B49354C98915D65B8559 to LEAF =0786F7A52C4845E594AC690AC73625527300B67773DB6B3827744CBDFE84C801BE
Jan 15, 2015 6:21:04 PM org.ccnx.ccn.impl.sync.SliceComparator doComparison
O MAIS DETALHADO: name X is 72, pos X is 0, name Y is 72, pos Y is 5 comp is 0
Jan 15, 2015 6:21:04 PM org.ccnx.ccn.impl.sync.SliceComparator doComparison
O MAIS DETALHADO: name X (expanded) is /ccnx.org/test/SyncTestRepo-15-01-15-18.20.23/ccnSyncTest/slice3/randomFile/=FD054B82F3B225/=0048/y=D4CABA5D076FF69F0904293D53397EF4419F17897E8E97680784B16DFD630C, name Y (expanded) is /ccnx.org/test/SyncTestRepo-15-01-15-18.20.23/ccnSyncTest/slice3/randomFile/=FD054B82F3B225/=0048/y=D4CABA5D076FF69F0904293D53397EF4419F17897E8E97680784B16DFD630C
Jan 15, 2015 6:21:04 PM org.ccnx.ccn.impl.sync.SliceComparator doComparison
O MAIS DETALHADO: Compare LEAF =0A2B153DDE3A609648586331EBC57860C04142A06F60B2B49354C98915D65B8559 to LEAF =0786F7A52C4845E594AC690AC73625527300B67773DB6B3827744CBDFE84C801BE
Jan 15, 2015 6:21:04 PM org.ccnx.ccn.impl.sync.SliceComparator doComparison
O MAIS DETALHADO: name X is 73, pos X is 1, name Y is 73, pos Y is 6 comp is 0
Jan 15, 2015 6:21:04 PM org.ccnx.ccn.impl.sync.SliceComparator doComparison
O MAIS DETALHADO: name X (expanded) is /ccnx.org/test/SyncTestRepo-15-01-15-18.20.23/ccnSyncTest/slice3/randomFile/=FD054B82F3B225/=0049/=062925B2C8C9B954208E5713DD0339CC8E492C1BF79B598F1EC26B678620A03C, name Y (expanded) is /ccnx.org/test/SyncTestRepo-15-01-15-18.20.23/ccnSyncTest/slice3/randomFile/=FD054B82F3B225/=0049/=062925B2C8C9B954208E5713DD0339CC8E492C1BF79B598F1EC26B678620A03C
Jan 15, 2015 6:21:04 PM org.ccnx.ccn.impl.sync.SliceComparator doComparison
O MAIS DETALHADO: Compare LEAF =0A2B153DDE3A609648586331EBC57860C04142A06F60B2B49354C98915D65B8559 to LEAF =0786F7A52C4845E594AC690AC73625527300B67773DB6B3827744CBDFE84C801BE
Jan 15, 2015 6:21:04 PM org.ccnx.ccn.impl.sync.SliceComparator doComparison
O MAIS DETALHADO: name X is 74, pos X is 2, name Y is 74, pos Y is 7 comp is 0
Jan 15, 2015 6:21:04 PM org.ccnx.ccn.impl.sync.SliceComparator doComparison
O MAIS DETALHADO: name X (expanded) is /ccnx.org/test/SyncTestRepo-15-01-15-18.20.23/ccnSyncTest/slice3/randomFile/=FD054B82F3B225/=004A/=E8B9E3E6FD15976CE259D89D860E0AF789D9E547015E7610250FFA7DA7D15E35, name Y (expanded) is /ccnx.org/test/SyncTestRepo-15-01-15-18.20.23/ccnSyncTest/slice3/randomFile/=FD054B82F3B225/=004A/=E8B9E3E6FD15976CE259D89D860E0AF789D9E547015E7610250FFA7DA7D15E35
Jan 15, 2015 6:21:04 PM org.ccnx.ccn.impl.sync.SliceComparator doComparison
O MAIS DETALHADO: Compare LEAF =0A2B153DDE3A609648586331EBC57860C04142A06F60B2B49354C98915D65B8559 to LEAF =0786F7A52C4845E594AC690AC73625527300B67773DB6B3827744CBDFE84C801BE
Jan 15, 2015 6:21:04 PM org.ccnx.ccn.impl.sync.SliceComparator doComparison
O MAIS DETALHADO: name X is 75, pos X is 3, name Y is 75, pos Y is 8 comp is 0
Jan 15, 2015 6:21:04 PM org.ccnx.ccn.impl.sync.SliceComparator doComparison
O MAIS DETALHADO: name X (expanded) is /ccnx.org/test/SyncTestRepo-15-01-15-18.20.23/ccnSyncTest/slice3/randomFile/=FD054B82F3B225/=004B/=DC3C828BAA0DE6994ED970C3C5A493C0F01B4D8E69535D268A829BB63B43E2FA, name Y (expanded) is /ccnx.org/test/SyncTestRepo-15-01-15-18.20.23/ccnSyncTest/slice3/randomFile/=FD054B82F3B225/=004B/=DC3C828BAA0DE6994ED970C3C5A493C0F01B4D8E69535D268A829BB63B43E2FA
Jan 15, 2015 6:21:04 PM org.ccnx.ccn.impl.sync.SliceComparator doComparison
O MAIS DETALHADO: Compare LEAF =0A2B153DDE3A609648586331EBC57860C04142A06F60B2B49354C98915D65B8559 to LEAF =0786F7A52C4845E594AC690AC73625527300B67773DB6B3827744CBDFE84C801BE
Jan 15, 2015 6:21:04 PM org.ccnx.ccn.impl.sync.SliceComparator doComparison
O MAIS DETALHADO: name X is 76, pos X is 4, name Y is 76, pos Y is 9 comp is 0
Jan 15, 2015 6:21:04 PM org.ccnx.ccn.impl.sync.SliceComparator doComparison
O MAIS DETALHADO: name X (expanded) is /ccnx.org/test/SyncTestRepo-15-01-15-18.20.23/ccnSyncTest/slice3/randomFile/=FD054B82F3B225/=004C/=F2E22A3F7B9D8EE9264BE30290E486F3CE47F64C7530264E24851F6F8B1E663A, name Y (expanded) is /ccnx.org/test/SyncTestRepo-15-01-15-18.20.23/ccnSyncTest/slice3/randomFile/=FD054B82F3B225/=004C/=F2E22A3F7B9D8EE9264BE30290E486F3CE47F64C7530264E24851F6F8B1E663A
Jan 15, 2015 6:21:04 PM org.ccnx.ccn.impl.sync.SliceComparator doComparison
O MAIS DETALHADO: Compare LEAF =0A2B153DDE3A609648586331EBC57860C04142A06F60B2B49354C98915D65B8559 to LEAF =0786F7A52C4845E594AC690AC73625527300B67773DB6B3827744CBDFE84C801BE
Jan 15, 2015 6:21:04 PM org.ccnx.ccn.impl.sync.SliceComparator doComparison
O MAIS DETALHADO: name X is 77, pos X is 5, name Y is 77, pos Y is 10 comp is 0
Jan 15, 2015 6:21:04 PM org.ccnx.ccn.impl.sync.SliceComparator doComparison
O MAIS DETALHADO: name X (expanded) is /ccnx.org/test/SyncTestRepo-15-01-15-18.20.23/ccnSyncTest/slice3/randomFile/=FD054B82F3B225/=004D/=03F33B5645C84023EB1F0EA4F81EDDDF84FDF1376FDA26006D033FFE07E8F2EE, name Y (expanded) is /ccnx.org/test/SyncTestRepo-15-01-15-18.20.23/ccnSyncTest/slice3/randomFile/=FD054B82F3B225/=004D/=03F33B5645C84023EB1F0EA4F81EDDDF84FDF1376FDA26006D033FFE07E8F2EE
Jan 15, 2015 6:21:04 PM org.ccnx.ccn.impl.sync.SliceComparator doComparison
O MAIS DETALHADO: Compare LEAF =0A2B153DDE3A609648586331EBC57860C04142A06F60B2B49354C98915D65B8559 to LEAF =0786F7A52C4845E594AC690AC73625527300B67773DB6B3827744CBDFE84C801BE
Jan 15, 2015 6:21:04 PM org.ccnx.ccn.impl.sync.SliceComparator doComparison
O MAIS DETALHADO: name X is 78, pos X is 6, name Y is 78, pos Y is 11 comp is 0
Jan 15, 2015 6:21:04 PM org.ccnx.ccn.impl.sync.SliceComparator doComparison
O MAIS DETALHADO: name X (expanded) is /ccnx.org/test/SyncTestRepo-15-01-15-18.20.23/ccnSyncTest/slice3/randomFile/=FD054B82F3B225/=004E/=1A1FD3D3FBF976BCF6F88A1AF4959068AE13C73C8A25A3A62646C8544D5DAFD4, name Y (expanded) is /ccnx.org/test/SyncTestRepo-15-01-15-18.20.23/ccnSyncTest/slice3/randomFile/=FD054B82F3B225/=004E/=1A1FD3D3FBF976BCF6F88A1AF4959068AE13C73C8A25A3A62646C8544D5DAFD4
Jan 15, 2015 6:21:04 PM org.ccnx.ccn.impl.sync.SliceComparator doComparison
O MAIS DETALHADO: Compare LEAF =0A2B153DDE3A609648586331EBC57860C04142A06F60B2B49354C98915D65B8559 to LEAF =0786F7A52C4845E594AC690AC73625527300B67773DB6B3827744CBDFE84C801BE
Jan 15, 2015 6:21:04 PM org.ccnx.ccn.impl.sync.SliceComparator doComparison
O MAIS DETALHADO: name X is 79, pos X is 7, name Y is 79, pos Y is 12 comp is 0
Jan 15, 2015 6:21:04 PM org.ccnx.ccn.impl.sync.SliceComparator doComparison
O MAIS DETALHADO: name X (expanded) is /ccnx.org/test/SyncTestRepo-15-01-15-18.20.23/ccnSyncTest/slice3/randomFile/=FD054B82F3B225/=004F/=B3D649696CCB2CD5E52637EE37B151044EF49EC47B5F5B036DC9477BD208CE2D, name Y (expanded) is /ccnx.org/test/SyncTestRepo-15-01-15-18.20.23/ccnSyncTest/slice3/randomFile/=FD054B82F3B225/=004F/=B3D649696CCB2CD5E52637EE37B151044EF49EC47B5F5B036DC9477BD208CE2D
Jan 15, 2015 6:21:04 PM org.ccnx.ccn.impl.sync.SliceComparator doComparison
O MAIS DETALHADO: Compare LEAF =0A2B153DDE3A609648586331EBC57860C04142A06F60B2B49354C98915D65B8559 to LEAF =0786F7A52C4845E594AC690AC73625527300B67773DB6B3827744CBDFE84C801BE
Jan 15, 2015 6:21:04 PM org.ccnx.ccn.impl.sync.SliceComparator doComparison
O MAIS DETALHADO: name X is 80, pos X is 8, name Y is 80, pos Y is 13 comp is 0
Jan 15, 2015 6:21:04 PM org.ccnx.ccn.impl.sync.SliceComparator doComparison
O MAIS DETALHADO: name X (expanded) is /ccnx.org/test/SyncTestRepo-15-01-15-18.20.23/ccnSyncTest/slice3/randomFile/=FD054B82F3B225/=0050/=FCC5E57FFDD88846B0E4A83CD342423185C75F8A1AF1A61F02C1BE88902065DA, name Y (expanded) is /ccnx.org/test/SyncTestRepo-15-01-15-18.20.23/ccnSyncTest/slice3/randomFile/=FD054B82F3B225/=0050/=FCC5E57FFDD88846B0E4A83CD342423185C75F8A1AF1A61F02C1BE88902065DA
Jan 15, 2015 6:21:04 PM org.ccnx.ccn.impl.sync.SliceComparator doComparison
O MAIS DETALHADO: Compare LEAF =0A2B153DDE3A609648586331EBC57860C04142A06F60B2B49354C98915D65B8559 to LEAF =0786F7A52C4845E594AC690AC73625527300B67773DB6B3827744CBDFE84C801BE
Jan 15, 2015 6:21:04 PM org.ccnx.ccn.impl.sync.ProtocolBasedSyncMonitor handleContent
INFORMAÇÕES: Saw new content from sync: /ccnx.org/test/SyncTestRepo-15-01-15-18.20.23/topoPrefix/%C1.S.ra/%BE0%12oa.=600BF662D2F4E2A3332DE1C78E7F036BFCDBCA9D03829E388D66/0=E1F82252CF60E91F9F9B9EDADC9BD45879B35A1B43F476FF6A15AEF79915196C/1=83D60ADA95D36217C1C84EFFE5613F2DB0E8C43A325258B7EAA575668484E519
Jan 15, 2015 6:21:04 PM org.ccnx.ccn.impl.sync.SliceComparator doComparison
O MAIS DETALHADO: name X is 81, pos X is 9, name Y is 81, pos Y is 14 comp is 0
Jan 15, 2015 6:21:04 PM org.ccnx.ccn.impl.sync.SliceComparator doComparison
O MAIS DETALHADO: name X (expanded) is /ccnx.org/test/SyncTestRepo-15-01-15-18.20.23/ccnSyncTest/slice3/randomFile/=FD054B82F3B225/=0051/=A08760363D9254CD9F2C307A791199380EC04E41C7366B065FEDB745C5466AFC, name Y (expanded) is /ccnx.org/test/SyncTestRepo-15-01-15-18.20.23/ccnSyncTest/slice3/randomFile/=FD054B82F3B225/=0051/=A08760363D9254CD9F2C307A791199380EC04E41C7366B065FEDB745C5466AFC
Jan 15, 2015 6:21:04 PM org.ccnx.ccn.impl.sync.SliceComparator doComparison
O MAIS DETALHADO: Compare LEAF =0A2B153DDE3A609648586331EBC57860C04142A06F60B2B49354C98915D65B8559 to NODE 0=E1F82252CF60E91F9F9B9EDADC9BD45879B35A1B43F476FF6A15AEF79915196C
Jan 15, 2015 6:21:04 PM org.ccnx.ccn.impl.sync.SliceComparator doComparison
O MAIS DETALHADO: minname is 0, maxname is 0, X name is 82, pos X is 10, pos Y is 5
Jan 15, 2015 6:21:04 PM org.ccnx.ccn.impl.sync.SliceComparator doComparison
O MAIS DETALHADO: minname (expanded) is /ccnx.org/test/SyncTestRepo-15-01-15-18.20.23/ccnSyncTest/slice3/round2/randomFile/=FD054B82F3FFE7/=00/qb%F0W=1CEA55BE455DCD975BFAC9C75D94F543F36000DEE0EB51EFFFBE0E3D, maxname (expanded) is /ccnx.org/test/SyncTestRepo-15-01-15-18.20.23/ccnSyncTest/slice3/randomFile/=FD054B82F3B225/%C1.META.M/.header/=FD054B82F3B36D/=00/E=EDEFC6E114911303846ED7067B432E4E0456C57094EC6245ADEE1E502CEEB5
Jan 15, 2015 6:21:04 PM org.ccnx.ccn.impl.sync.SliceComparator doComparison
O MAIS DETALHADO: sneX (expanded) is /ccnx.org/test/SyncTestRepo-15-01-15-18.20.23/ccnSyncTest/slice3/randomFile/=FD054B82F3B225/=0052/=E35D927F40DDA16A509409922305EA62C3C735EAF31F30ACEE065EF4180C125B, comp is 1
Jan 15, 2015 6:21:04 PM org.ccnx.ccn.io.content.SyncNodeComposite decodeLogging
O MAIS DETALHADO: decode node for =085DA7B82EF9DE3188939B5A1B9C371135CB31DB43FE499B571F45B3F900409DAD depth = 1 refs = 19
Jan 15, 2015 6:21:04 PM org.ccnx.ccn.io.content.SyncNodeComposite decodeLogging
O MAIS DETALHADO: min is 82, max is 0, expanded min is /ccnx.org/test/SyncTestRepo-15-01-15-18.20.23/ccnSyncTest/slice3/randomFile/=FD054B82F3B225/=0052/=E35D927F40DDA16A509409922305EA62C3C735EAF31F30ACEE065EF4180C125B, expanded max is /ccnx.org/test/SyncTestRepo-15-01-15-18.20.23/ccnSyncTest/slice3/randomFile/=FD054B82F3B225/%C1.META.M/.header/=FD054B82F3B36D/=00/E=EDEFC6E114911303846ED7067B432E4E0456C57094EC6245ADEE1E502CEEB5
Jan 15, 2015 6:21:04 PM org.ccnx.ccn.impl.sync.SliceComparator doComparison
O MAIS DETALHADO: Compare LEAF =0A2B153DDE3A609648586331EBC57860C04142A06F60B2B49354C98915D65B8559 to LEAF =085DA7B82EF9DE3188939B5A1B9C371135CB31DB43FE499B571F45B3F900409DAD
Jan 15, 2015 6:21:04 PM org.ccnx.ccn.impl.sync.SliceComparator doComparison
O MAIS DETALHADO: name X is 82, pos X is 10, name Y is 82, pos Y is 0 comp is 0
Jan 15, 2015 6:21:04 PM org.ccnx.ccn.impl.sync.SliceComparator doComparison
O MAIS DETALHADO: name X (expanded) is /ccnx.org/test/SyncTestRepo-15-01-15-18.20.23/ccnSyncTest/slice3/randomFile/=FD054B82F3B225/=0052/=E35D927F40DDA16A509409922305EA62C3C735EAF31F30ACEE065EF4180C125B, name Y (expanded) is /ccnx.org/test/SyncTestRepo-15-01-15-18.20.23/ccnSyncTest/slice3/randomFile/=FD054B82F3B225/=0052/=E35D927F40DDA16A509409922305EA62C3C735EAF31F30ACEE065EF4180C125B
Jan 15, 2015 6:21:04 PM org.ccnx.ccn.impl.sync.SliceComparator doComparison
O MAIS DETALHADO: Compare LEAF =0A2B153DDE3A609648586331EBC57860C04142A06F60B2B49354C98915D65B8559 to LEAF =085DA7B82EF9DE3188939B5A1B9C371135CB31DB43FE499B571F45B3F900409DAD
Jan 15, 2015 6:21:04 PM org.ccnx.ccn.impl.sync.SliceComparator doComparison
O MAIS DETALHADO: name X is 83, pos X is 11, name Y is 83, pos Y is 1 comp is 0
Jan 15, 2015 6:21:04 PM org.ccnx.ccn.impl.sync.SliceComparator doComparison
O MAIS DETALHADO: name X (expanded) is /ccnx.org/test/SyncTestRepo-15-01-15-18.20.23/ccnSyncTest/slice3/randomFile/=FD054B82F3B225/=0053/=7C986A5AAA73FC698B93D5AB15F55E87AE19012A8B8E1533B5EF2B0CD5CB9187, name Y (expanded) is /ccnx.org/test/SyncTestRepo-15-01-15-18.20.23/ccnSyncTest/slice3/randomFile/=FD054B82F3B225/=0053/=7C986A5AAA73FC698B93D5AB15F55E87AE19012A8B8E1533B5EF2B0CD5CB9187
Jan 15, 2015 6:21:04 PM org.ccnx.ccn.impl.sync.SliceComparator doComparison
O MAIS DETALHADO: Compare LEAF =0A2B153DDE3A609648586331EBC57860C04142A06F60B2B49354C98915D65B8559 to LEAF =085DA7B82EF9DE3188939B5A1B9C371135CB31DB43FE499B571F45B3F900409DAD
Jan 15, 2015 6:21:04 PM org.ccnx.ccn.impl.sync.SliceComparator doComparison
O MAIS DETALHADO: name X is 84, pos X is 12, name Y is 84, pos Y is 2 comp is 0
Jan 15, 2015 6:21:04 PM org.ccnx.ccn.impl.sync.SliceComparator doComparison
O MAIS DETALHADO: name X (expanded) is /ccnx.org/test/SyncTestRepo-15-01-15-18.20.23/ccnSyncTest/slice3/randomFile/=FD054B82F3B225/=0054/=E08D607D3155BD361430ABAEE5404D7A19FB0ECEBA937E25E66A05CFE623D605, name Y (expanded) is /ccnx.org/test/SyncTestRepo-15-01-15-18.20.23/ccnSyncTest/slice3/randomFile/=FD054B82F3B225/=0054/=E08D607D3155BD361430ABAEE5404D7A19FB0ECEBA937E25E66A05CFE623D605
Jan 15, 2015 6:21:04 PM org.ccnx.ccn.impl.sync.SliceComparator doComparison
O MAIS DETALHADO: Compare LEAF =0A2B153DDE3A609648586331EBC57860C04142A06F60B2B49354C98915D65B8559 to LEAF =085DA7B82EF9DE3188939B5A1B9C371135CB31DB43FE499B571F45B3F900409DAD
Jan 15, 2015 6:21:04 PM org.ccnx.ccn.impl.sync.SliceComparator doComparison
O MAIS DETALHADO: name X is 85, pos X is 13, name Y is 85, pos Y is 3 comp is 0
Jan 15, 2015 6:21:04 PM org.ccnx.ccn.impl.sync.SliceComparator doComparison
O MAIS DETALHADO: name X (expanded) is /ccnx.org/test/SyncTestRepo-15-01-15-18.20.23/ccnSyncTest/slice3/randomFile/=FD054B82F3B225/=0055/=ADAA8B1BACECDB2A712D55E8D0EB0D3C0A92CA5F10FF0087658DE5A8CFA3A915, name Y (expanded) is /ccnx.org/test/SyncTestRepo-15-01-15-18.20.23/ccnSyncTest/slice3/randomFile/=FD054B82F3B225/=0055/=ADAA8B1BACECDB2A712D55E8D0EB0D3C0A92CA5F10FF0087658DE5A8CFA3A915
Jan 15, 2015 6:21:04 PM org.ccnx.ccn.impl.sync.SliceComparator doComparison
O MAIS DETALHADO: Compare LEAF =0A2B153DDE3A609648586331EBC57860C04142A06F60B2B49354C98915D65B8559 to LEAF =085DA7B82EF9DE3188939B5A1B9C371135CB31DB43FE499B571F45B3F900409DAD
Jan 15, 2015 6:21:04 PM org.ccnx.ccn.impl.sync.SliceComparator doComparison
O MAIS DETALHADO: name X is 86, pos X is 14, name Y is 86, pos Y is 4 comp is 0
Jan 15, 2015 6:21:04 PM org.ccnx.ccn.impl.sync.SliceComparator doComparison
O MAIS DETALHADO: name X (expanded) is /ccnx.org/test/SyncTestRepo-15-01-15-18.20.23/ccnSyncTest/slice3/randomFile/=FD054B82F3B225/=0056/=9EEB53116DF3F5C22A218ECDCBBCE7EDB48D8BF7140CBA0B1ABAB6AC2B3A386F, name Y (expanded) is /ccnx.org/test/SyncTestRepo-15-01-15-18.20.23/ccnSyncTest/slice3/randomFile/=FD054B82F3B225/=0056/=9EEB53116DF3F5C22A218ECDCBBCE7EDB48D8BF7140CBA0B1ABAB6AC2B3A386F
Jan 15, 2015 6:21:04 PM org.ccnx.ccn.impl.sync.SliceComparator doComparison
O MAIS DETALHADO: Compare LEAF =0A2B153DDE3A609648586331EBC57860C04142A06F60B2B49354C98915D65B8559 to LEAF =085DA7B82EF9DE3188939B5A1B9C371135CB31DB43FE499B571F45B3F900409DAD
Jan 15, 2015 6:21:04 PM org.ccnx.ccn.impl.sync.SliceComparator doComparison
O MAIS DETALHADO: name X is 87, pos X is 15, name Y is 87, pos Y is 5 comp is 0
Jan 15, 2015 6:21:04 PM org.ccnx.ccn.impl.sync.SliceComparator doComparison
O MAIS DETALHADO: name X (expanded) is /ccnx.org/test/SyncTestRepo-15-01-15-18.20.23/ccnSyncTest/slice3/randomFile/=FD054B82F3B225/=0057/%1D8=2BDB4E50EB18B88B23941CB1D0F7473D9C9F6DA3F613E895B09F97F4D58A, name Y (expanded) is /ccnx.org/test/SyncTestRepo-15-01-15-18.20.23/ccnSyncTest/slice3/randomFile/=FD054B82F3B225/=0057/%1D8=2BDB4E50EB18B88B23941CB1D0F7473D9C9F6DA3F613E895B09F97F4D58A
Jan 15, 2015 6:21:04 PM org.ccnx.ccn.impl.sync.SliceComparator doComparison
O MAIS DETALHADO: Compare LEAF =0A2B153DDE3A609648586331EBC57860C04142A06F60B2B49354C98915D65B8559 to LEAF =085DA7B82EF9DE3188939B5A1B9C371135CB31DB43FE499B571F45B3F900409DAD
Jan 15, 2015 6:21:04 PM org.ccnx.ccn.impl.sync.SliceComparator doComparison
O MAIS DETALHADO: name X is 88, pos X is 16, name Y is 88, pos Y is 6 comp is 0
Jan 15, 2015 6:21:04 PM org.ccnx.ccn.impl.sync.SliceComparator doComparison
O MAIS DETALHADO: name X (expanded) is /ccnx.org/test/SyncTestRepo-15-01-15-18.20.23/ccnSyncTest/slice3/randomFile/=FD054B82F3B225/=0058/f=927FAD8E68A15F747E9C917A134E7A11DE5451C0CDAE707127EA1147117277, name Y (expanded) is /ccnx.org/test/SyncTestRepo-15-01-15-18.20.23/ccnSyncTest/slice3/randomFile/=FD054B82F3B225/=0058/f=927FAD8E68A15F747E9C917A134E7A11DE5451C0CDAE707127EA1147117277
Jan 15, 2015 6:21:04 PM org.ccnx.ccn.impl.sync.SliceComparator doComparison
O MAIS DETALHADO: Compare LEAF =0A2B153DDE3A609648586331EBC57860C04142A06F60B2B49354C98915D65B8559 to LEAF =085DA7B82EF9DE3188939B5A1B9C371135CB31DB43FE499B571F45B3F900409DAD
Jan 15, 2015 6:21:04 PM org.ccnx.ccn.impl.sync.SliceComparator doComparison
O MAIS DETALHADO: name X is 89, pos X is 17, name Y is 89, pos Y is 7 comp is 0
Jan 15, 2015 6:21:04 PM org.ccnx.ccn.impl.sync.SliceComparator doComparison
O MAIS DETALHADO: name X (expanded) is /ccnx.org/test/SyncTestRepo-15-01-15-18.20.23/ccnSyncTest/slice3/randomFile/=FD054B82F3B225/=0059/s%247g=F394E6D4714CD11D0C288212BBD519EA1B7179FB31BF56E64973F577, name Y (expanded) is /ccnx.org/test/SyncTestRepo-15-01-15-18.20.23/ccnSyncTest/slice3/randomFile/=FD054B82F3B225/=0059/s%247g=F394E6D4714CD11D0C288212BBD519EA1B7179FB31BF56E64973F577
Jan 15, 2015 6:21:04 PM org.ccnx.ccn.impl.sync.SliceComparator doComparison
O MAIS DETALHADO: Compare NODE %2FF7=E6EB966225D258A954B043A50BE6B83BF9F9178767374E5D84682466CE28 to LEAF =085DA7B82EF9DE3188939B5A1B9C371135CB31DB43FE499B571F45B3F900409DAD, resMin is 1, resMax is -1
Jan 15, 2015 6:21:04 PM org.ccnx.ccn.impl.sync.SliceComparator doComparison
O MAIS DETALHADO: minname is 0, maxname is 0, pos X is 5, pos Y is 8
Jan 15, 2015 6:21:04 PM org.ccnx.ccn.impl.sync.SliceComparator doComparison
O MAIS DETALHADO: Compare LEAF =03D99F99B9F2079245699D59363E65E4236B45342E5619FE3E8920963C08ED04CA to LEAF =085DA7B82EF9DE3188939B5A1B9C371135CB31DB43FE499B571F45B3F900409DAD
Jan 15, 2015 6:21:04 PM org.ccnx.ccn.impl.sync.SliceComparator doComparison
O MAIS DETALHADO: name X is 90, pos X is 0, name Y is 90, pos Y is 8 comp is 0
Jan 15, 2015 6:21:04 PM org.ccnx.ccn.impl.sync.SliceComparator doComparison
O MAIS DETALHADO: name X (expanded) is /ccnx.org/test/SyncTestRepo-15-01-15-18.20.23/ccnSyncTest/slice3/randomFile/=FD054B82F3B225/=005A/7=AFCD34E1F738512529EA659AB14A6E388454CA72CDD4005A0600AD7343C415, name Y (expanded) is /ccnx.org/test/SyncTestRepo-15-01-15-18.20.23/ccnSyncTest/slice3/randomFile/=FD054B82F3B225/=005A/7=AFCD34E1F738512529EA659AB14A6E388454CA72CDD4005A0600AD7343C415
Jan 15, 2015 6:21:04 PM org.ccnx.ccn.impl.sync.SliceComparator doComparison
O MAIS DETALHADO: Compare LEAF =03D99F99B9F2079245699D59363E65E4236B45342E5619FE3E8920963C08ED04CA to LEAF =085DA7B82EF9DE3188939B5A1B9C371135CB31DB43FE499B571F45B3F900409DAD
Jan 15, 2015 6:21:04 PM org.ccnx.ccn.impl.sync.SliceComparator doComparison
O MAIS DETALHADO: name X is 91, pos X is 1, name Y is 91, pos Y is 9 comp is 0
Jan 15, 2015 6:21:04 PM org.ccnx.ccn.impl.sync.SliceComparator doComparison
O MAIS DETALHADO: name X (expanded) is /ccnx.org/test/SyncTestRepo-15-01-15-18.20.23/ccnSyncTest/slice3/randomFile/=FD054B82F3B225/=005B/b%F5M=3C250BD3FC754D4CDE7C5013907FC0BE7F20FD5BBF43B01B06B6851B92, name Y (expanded) is /ccnx.org/test/SyncTestRepo-15-01-15-18.20.23/ccnSyncTest/slice3/randomFile/=FD054B82F3B225/=005B/b%F5M=3C250BD3FC754D4CDE7C5013907FC0BE7F20FD5BBF43B01B06B6851B92
Jan 15, 2015 6:21:04 PM org.ccnx.ccn.impl.sync.SliceComparator doComparison
O MAIS DETALHADO: Compare LEAF =03D99F99B9F2079245699D59363E65E4236B45342E5619FE3E8920963C08ED04CA to LEAF =085DA7B82EF9DE3188939B5A1B9C371135CB31DB43FE499B571F45B3F900409DAD
Jan 15, 2015 6:21:04 PM org.ccnx.ccn.impl.sync.SliceComparator doComparison
O MAIS DETALHADO: name X is 92, pos X is 2, name Y is 92, pos Y is 10 comp is 0
Jan 15, 2015 6:21:04 PM org.ccnx.ccn.impl.sync.SliceComparator doComparison
O MAIS DETALHADO: name X (expanded) is /ccnx.org/test/SyncTestRepo-15-01-15-18.20.23/ccnSyncTest/slice3/randomFile/=FD054B82F3B225/=005C/=EF3AFC680C3210BB527C055E974B6DC2C8E8E9F54A57A770476DF6C368641344, name Y (expanded) is /ccnx.org/test/SyncTestRepo-15-01-15-18.20.23/ccnSyncTest/slice3/randomFile/=FD054B82F3B225/=005C/=EF3AFC680C3210BB527C055E974B6DC2C8E8E9F54A57A770476DF6C368641344
Jan 15, 2015 6:21:04 PM org.ccnx.ccn.impl.sync.SliceComparator doComparison
O MAIS DETALHADO: Compare LEAF =03D99F99B9F2079245699D59363E65E4236B45342E5619FE3E8920963C08ED04CA to LEAF =085DA7B82EF9DE3188939B5A1B9C371135CB31DB43FE499B571F45B3F900409DAD
Jan 15, 2015 6:21:04 PM org.ccnx.ccn.impl.sync.SliceComparator doComparison
O MAIS DETALHADO: name X is 93, pos X is 3, name Y is 93, pos Y is 11 comp is 0
Jan 15, 2015 6:21:04 PM org.ccnx.ccn.impl.sync.SliceComparator doComparison
O MAIS DETALHADO: name X (expanded) is /ccnx.org/test/SyncTestRepo-15-01-15-18.20.23/ccnSyncTest/slice3/randomFile/=FD054B82F3B225/=005D/%0Fu=B3190C00B7DB6ADB43DDF324A6D99DDE6E61CE039BAC553CEF137597BC6E, name Y (expanded) is /ccnx.org/test/SyncTestRepo-15-01-15-18.20.23/ccnSyncTest/slice3/randomFile/=FD054B82F3B225/=005D/%0Fu=B3190C00B7DB6ADB43DDF324A6D99DDE6E61CE039BAC553CEF137597BC6E
Jan 15, 2015 6:21:04 PM org.ccnx.ccn.impl.sync.SliceComparator doComparison
O MAIS DETALHADO: Compare LEAF =03D99F99B9F2079245699D59363E65E4236B45342E5619FE3E8920963C08ED04CA to LEAF =085DA7B82EF9DE3188939B5A1B9C371135CB31DB43FE499B571F45B3F900409DAD
Jan 15, 2015 6:21:04 PM org.ccnx.ccn.impl.sync.SliceComparator doComparison
O MAIS DETALHADO: name X is 94, pos X is 4, name Y is 94, pos Y is 12 comp is 0
Jan 15, 2015 6:21:04 PM org.ccnx.ccn.impl.sync.SliceComparator doComparison
O MAIS DETALHADO: name X (expanded) is /ccnx.org/test/SyncTestRepo-15-01-15-18.20.23/ccnSyncTest/slice3/randomFile/=FD054B82F3B225/=005E/=00F786268E84422B977305BC3448233833B8690F1C6268F3FCFB525CAA064071, name Y (expanded) is /ccnx.org/test/SyncTestRepo-15-01-15-18.20.23/ccnSyncTest/slice3/randomFile/=FD054B82F3B225/=005E/=00F786268E84422B977305BC3448233833B8690F1C6268F3FCFB525CAA064071
Jan 15, 2015 6:21:04 PM org.ccnx.ccn.impl.sync.SliceComparator doComparison
O MAIS DETALHADO: Compare LEAF =03D99F99B9F2079245699D59363E65E4236B45342E5619FE3E8920963C08ED04CA to LEAF =085DA7B82EF9DE3188939B5A1B9C371135CB31DB43FE499B571F45B3F900409DAD
Jan 15, 2015 6:21:04 PM org.ccnx.ccn.impl.sync.SliceComparator doComparison
O MAIS DETALHADO: name X is 95, pos X is 5, name Y is 95, pos Y is 13 comp is 0
Jan 15, 2015 6:21:04 PM org.ccnx.ccn.impl.sync.SliceComparator doComparison
O MAIS DETALHADO: name X (expanded) is /ccnx.org/test/SyncTestRepo-15-01-15-18.20.23/ccnSyncTest/slice3/randomFile/=FD054B82F3B225/=005F/=E69A3A931BB6C4EEB31C020754FB15419F273E6D115AD92BCD3A0B6BF7ADC8EC, name Y (expanded) is /ccnx.org/test/SyncTestRepo-15-01-15-18.20.23/ccnSyncTest/slice3/randomFile/=FD054B82F3B225/=005F/=E69A3A931BB6C4EEB31C020754FB15419F273E6D115AD92BCD3A0B6BF7ADC8EC
Jan 15, 2015 6:21:04 PM org.ccnx.ccn.impl.sync.SliceComparator doComparison
O MAIS DETALHADO: Compare LEAF =03D99F99B9F2079245699D59363E65E4236B45342E5619FE3E8920963C08ED04CA to LEAF =085DA7B82EF9DE3188939B5A1B9C371135CB31DB43FE499B571F45B3F900409DAD
Jan 15, 2015 6:21:04 PM org.ccnx.ccn.impl.sync.SliceComparator doComparison
O MAIS DETALHADO: name X is 96, pos X is 6, name Y is 96, pos Y is 14 comp is 0
Jan 15, 2015 6:21:04 PM org.ccnx.ccn.impl.sync.SliceComparator doComparison
O MAIS DETALHADO: name X (expanded) is /ccnx.org/test/SyncTestRepo-15-01-15-18.20.23/ccnSyncTest/slice3/randomFile/=FD054B82F3B225/=0060/M=203D7B31BBDE46DDF79119BDFB3DEB4D9E0CC60E57CCDFE722554B904E9B80, name Y (expanded) is /ccnx.org/test/SyncTestRepo-15-01-15-18.20.23/ccnSyncTest/slice3/randomFile/=FD054B82F3B225/=0060/M=203D7B31BBDE46DDF79119BDFB3DEB4D9E0CC60E57CCDFE722554B904E9B80
Jan 15, 2015 6:21:04 PM org.ccnx.ccn.impl.sync.SliceComparator doComparison
O MAIS DETALHADO: Compare LEAF =03D99F99B9F2079245699D59363E65E4236B45342E5619FE3E8920963C08ED04CA to LEAF =085DA7B82EF9DE3188939B5A1B9C371135CB31DB43FE499B571F45B3F900409DAD
Jan 15, 2015 6:21:04 PM org.ccnx.ccn.impl.sync.SliceComparator doComparison
O MAIS DETALHADO: name X is 97, pos X is 7, name Y is 97, pos Y is 15 comp is 0
Jan 15, 2015 6:21:04 PM org.ccnx.ccn.impl.sync.SliceComparator doComparison
O MAIS DETALHADO: name X (expanded) is /ccnx.org/test/SyncTestRepo-15-01-15-18.20.23/ccnSyncTest/slice3/randomFile/=FD054B82F3B225/=0061/=A6A95C94700F4D4AAE333D099EE81B220D1A4A6687F3BEA1787257E039D4FE48, name Y (expanded) is /ccnx.org/test/SyncTestRepo-15-01-15-18.20.23/ccnSyncTest/slice3/randomFile/=FD054B82F3B225/=0061/=A6A95C94700F4D4AAE333D099EE81B220D1A4A6687F3BEA1787257E039D4FE48
Jan 15, 2015 6:21:04 PM org.ccnx.ccn.impl.sync.SliceComparator doComparison
O MAIS DETALHADO: Compare LEAF =03D99F99B9F2079245699D59363E65E4236B45342E5619FE3E8920963C08ED04CA to LEAF =085DA7B82EF9DE3188939B5A1B9C371135CB31DB43FE499B571F45B3F900409DAD
Jan 15, 2015 6:21:04 PM org.ccnx.ccn.impl.sync.SliceComparator doComparison
O MAIS DETALHADO: name X is 98, pos X is 8, name Y is 98, pos Y is 16 comp is 0
Jan 15, 2015 6:21:04 PM org.ccnx.ccn.impl.sync.SliceComparator doComparison
O MAIS DETALHADO: name X (expanded) is /ccnx.org/test/SyncTestRepo-15-01-15-18.20.23/ccnSyncTest/slice3/randomFile/=FD054B82F3B225/=0062/%11p=C2F0E6957D7E39EAFD9A8337228E99F043065A9E978E936F122DF8D65AB7, name Y (expanded) is /ccnx.org/test/SyncTestRepo-15-01-15-18.20.23/ccnSyncTest/slice3/randomFile/=FD054B82F3B225/=0062/%11p=C2F0E6957D7E39EAFD9A8337228E99F043065A9E978E936F122DF8D65AB7
Jan 15, 2015 6:21:04 PM org.ccnx.ccn.impl.sync.SliceComparator doComparison
O MAIS DETALHADO: Compare LEAF =03D99F99B9F2079245699D59363E65E4236B45342E5619FE3E8920963C08ED04CA to LEAF =085DA7B82EF9DE3188939B5A1B9C371135CB31DB43FE499B571F45B3F900409DAD
Jan 15, 2015 6:21:04 PM org.ccnx.ccn.impl.sync.SliceComparator doComparison
O MAIS DETALHADO: name X is 99, pos X is 9, name Y is 99, pos Y is 17 comp is 0
Jan 15, 2015 6:21:04 PM org.ccnx.ccn.impl.sync.SliceComparator doComparison
O MAIS DETALHADO: name X (expanded) is /ccnx.org/test/SyncTestRepo-15-01-15-18.20.23/ccnSyncTest/slice3/randomFile/=FD054B82F3B225/=0063/=0D8FC246BF217C23FDA5965D2D1B7A4436AC30191AB739D04BD889704C4D68E0, name Y (expanded) is /ccnx.org/test/SyncTestRepo-15-01-15-18.20.23/ccnSyncTest/slice3/randomFile/=FD054B82F3B225/=0063/=0D8FC246BF217C23FDA5965D2D1B7A4436AC30191AB739D04BD889704C4D68E0
Jan 15, 2015 6:21:04 PM org.ccnx.ccn.impl.sync.SliceComparator doComparison
O MAIS DETALHADO: Compare LEAF =03D99F99B9F2079245699D59363E65E4236B45342E5619FE3E8920963C08ED04CA to LEAF =085DA7B82EF9DE3188939B5A1B9C371135CB31DB43FE499B571F45B3F900409DAD
Jan 15, 2015 6:21:04 PM org.ccnx.ccn.impl.sync.SliceComparator doComparison
O MAIS DETALHADO: name X is 0, pos X is 10, name Y is 0, pos Y is 18 comp is 0
Jan 15, 2015 6:21:04 PM org.ccnx.ccn.impl.sync.SliceComparator doComparison
O MAIS DETALHADO: name X (expanded) is /ccnx.org/test/SyncTestRepo-15-01-15-18.20.23/ccnSyncTest/slice3/randomFile/=FD054B82F3B225/%C1.META.M/.header/=FD054B82F3B36D/=00/E=EDEFC6E114911303846ED7067B432E4E0456C57094EC6245ADEE1E502CEEB5, name Y (expanded) is /ccnx.org/test/SyncTestRepo-15-01-15-18.20.23/ccnSyncTest/slice3/randomFile/=FD054B82F3B225/%C1.META.M/.header/=FD054B82F3B36D/=00/E=EDEFC6E114911303846ED7067B432E4E0456C57094EC6245ADEE1E502CEEB5
Jan 15, 2015 6:21:04 PM org.ccnx.ccn.impl.sync.SliceComparator updateCurrent
O MAIS DETALHADO: Starting update from hash %2FF7=E6EB966225D258A954B043A50BE6B83BF9F9178767374E5D84682466CE28
Jan 15, 2015 6:21:04 PM org.ccnx.ccn.impl.sync.SliceComparator updateCurrent
O MAIS DETALHADO: Update compare - moving to: =08EB3DFF6AC3FA572AE1FF33212936EFB7448A4CCFB9A7DB4A9F231E91682438DD
Jan 15, 2015 6:21:04 PM org.ccnx.ccn.impl.sync.SliceComparator updateCurrent
O MAIS DETALHADO: Update compare: name from tree (expanded) is /ccnx.org/test/SyncTestRepo-15-01-15-18.20.23/ccnSyncTest/slice3/randomFile/=FD054B82F3B225/=00/%CC6=27CD78FECD5D9D365054A2FA385E67AC9D17380C55A460FEEFAF0524BDD5, name  is /ccnx.org/test/SyncTestRepo-15-01-15-18.20.23/ccnSyncTest/slice3/round2/randomFile/=FD054B82F3FFE7/=00/qb%F0W=1CEA55BE455DCD975BFAC9C75D94F543F36000DEE0EB51EFFFBE0E3D, comp is 1
Jan 15, 2015 6:21:04 PM org.ccnx.ccn.impl.sync.SliceComparator updateCurrent
O MAIS DETALHADO: Update: starting redo of names because of /ccnx.org/test/SyncTestRepo-15-01-15-18.20.23/ccnSyncTest/slice3/round2/randomFile/=FD054B82F3FFE7/=00/qb%F0W=1CEA55BE455DCD975BFAC9C75D94F543F36000DEE0EB51EFFFBE0E3D at /ccnx.org/test/SyncTestRepo-15-01-15-18.20.23/ccnSyncTest/slice3/randomFile/=FD054B82F3B225/=00/%CC6=27CD78FECD5D9D365054A2FA385E67AC9D17380C55A460FEEFAF0524BDD5
Jan 15, 2015 6:21:04 PM org.ccnx.ccn.impl.sync.SliceComparator updateCurrent
O MAIS DETALHADO: Update compare - moving to: %0Cd=27F202B76EE65F4C8504D00EFB5DC8E36B6F289DECA7879E8CD492202F5D75
Jan 15, 2015 6:21:04 PM org.ccnx.ccn.impl.sync.SliceComparator addNeededNames
O MAIS DETALHADO: Update: subsuming node
Jan 15, 2015 6:21:04 PM org.ccnx.ccn.impl.sync.SliceComparator updateCurrent
O MAIS DETALHADO: Update compare - moving to: =06AAFE3238877423DEC41C535CCB730062EFF2A01E156513FFE4DB792A75F90D02
Jan 15, 2015 6:21:04 PM org.ccnx.ccn.impl.sync.SliceComparator addNeededNames
O MAIS DETALHADO: Update: subsuming node
Jan 15, 2015 6:21:04 PM org.ccnx.ccn.impl.sync.SliceComparator updateCurrent
O MAIS DETALHADO: Update compare - moving to: %05G=1EEBAD671C9BDBA4083E403C21791FF3CBC944F3C11D934DE7F8C846D1A0B1
Jan 15, 2015 6:21:04 PM org.ccnx.ccn.impl.sync.SliceComparator addNeededNames
O MAIS DETALHADO: Update: subsuming node
Jan 15, 2015 6:21:04 PM org.ccnx.ccn.impl.sync.SliceComparator updateCurrent
O MAIS DETALHADO: Update compare - moving to: =0A2B153DDE3A609648586331EBC57860C04142A06F60B2B49354C98915D65B8559
Jan 15, 2015 6:21:04 PM org.ccnx.ccn.impl.sync.SliceComparator addNeededNames
O MAIS DETALHADO: Update: subsuming node
Jan 15, 2015 6:21:04 PM org.ccnx.ccn.impl.sync.SliceComparator updateCurrent
O MAIS DETALHADO: Update compare - moving to: =03D99F99B9F2079245699D59363E65E4236B45342E5619FE3E8920963C08ED04CA
Jan 15, 2015 6:21:04 PM org.ccnx.ccn.impl.sync.SliceComparator addNeededNames
O MAIS DETALHADO: Update: subsuming node
Jan 15, 2015 6:21:04 PM ccnx.Sync
DETALHADO: Node split due to hash split - nbytes 2488, val 0
Jan 15, 2015 6:21:04 PM org.ccnx.ccn.io.content.SyncNodeComposite decodeLogging
O MAIS DETALHADO: decode node for =07CDD5E318C16162ACB6695B07238D6D0B57346DB7FD130197AFE3BDE78CD26FB7 depth = 1 refs = 15
Jan 15, 2015 6:21:04 PM org.ccnx.ccn.io.content.SyncNodeComposite decodeLogging
O MAIS DETALHADO: min is 0, max is 11, expanded min is /ccnx.org/test/SyncTestRepo-15-01-15-18.20.23/ccnSyncTest/slice3/round2/randomFile/=FD054B82F3FFE7/=00/qb%F0W=1CEA55BE455DCD975BFAC9C75D94F543F36000DEE0EB51EFFFBE0E3D, expanded max is /ccnx.org/test/SyncTestRepo-15-01-15-18.20.23/ccnSyncTest/slice3/randomFile/=FD054B82F3B225/=000B/=CF988588E9832BD17CADB8117C6088F19B532A4EA6E7BD749C00D99728F5DC5B
Jan 15, 2015 6:21:04 PM ccnx.Sync
DETALHADO: Node split due to hash split - nbytes 2533, val 5
Jan 15, 2015 6:21:04 PM org.ccnx.ccn.io.content.SyncNodeComposite decodeLogging
O MAIS DETALHADO: decode node for =0714FB2D4AF067D38F269BC69A774D784D492512695315F9E41B07CB7EB8923AB9 depth = 1 refs = 17
Jan 15, 2015 6:21:04 PM org.ccnx.ccn.io.content.SyncNodeComposite decodeLogging
O MAIS DETALHADO: min is 12, max is 28, expanded min is /ccnx.org/test/SyncTestRepo-15-01-15-18.20.23/ccnSyncTest/slice3/randomFile/=FD054B82F3B225/=000C/B=A10A24FD86B0C333A8CB178EE3D49500E943C679ADB1C80C5BE31CDEC7CC58, expanded max is /ccnx.org/test/SyncTestRepo-15-01-15-18.20.23/ccnSyncTest/slice3/randomFile/=FD054B82F3B225/=001C/%CD-%8EY=02FBD5D231C259DBE6687633F0A981FD26E2B82B7E05F0D43CD68951
Jan 15, 2015 6:21:04 PM ccnx.Sync
DETALHADO: Node split due to hash split - nbytes 3278, val 8
Jan 15, 2015 6:21:04 PM org.ccnx.ccn.io.content.SyncNodeComposite decodeLogging
O MAIS DETALHADO: decode node for =0AD883EF1F08587A7E7FBC9BC87E252782387AC478FB5307FE15552C45C1D810EA depth = 1 refs = 22
Jan 15, 2015 6:21:04 PM org.ccnx.ccn.io.content.SyncNodeComposite decodeLogging
O MAIS DETALHADO: min is 29, max is 50, expanded min is /ccnx.org/test/SyncTestRepo-15-01-15-18.20.23/ccnSyncTest/slice3/randomFile/=FD054B82F3B225/=001D/=2B7B31B4A165E03951D5E8C3C0D1127E14C2EB836B882DE9BAE66880ECBAA676, expanded max is /ccnx.org/test/SyncTestRepo-15-01-15-18.20.23/ccnSyncTest/slice3/randomFile/=FD054B82F3B225/=0032/P=1AC34721DE5B585502733099E53CDEB949ECEBBF772F6EE408ED271FBD907F
Jan 15, 2015 6:21:04 PM ccnx.Sync
DETALHADO: Node split due to hash split - nbytes 2533, val 0
Jan 15, 2015 6:21:04 PM org.ccnx.ccn.io.content.SyncNodeComposite decodeLogging
O MAIS DETALHADO: decode node for %07pv=CEA5080F8FF1E1F2F0A81B07AC268CABAAD0C341C95C0B42C4B342743D38 depth = 1 refs = 17
Jan 15, 2015 6:21:04 PM org.ccnx.ccn.io.content.SyncNodeComposite decodeLogging
O MAIS DETALHADO: min is 51, max is 67, expanded min is /ccnx.org/test/SyncTestRepo-15-01-15-18.20.23/ccnSyncTest/slice3/randomFile/=FD054B82F3B225/=0033/=ECE814B0586B585E313C5B9D8C8AA833B11516123F84918047229A515F57712D, expanded max is /ccnx.org/test/SyncTestRepo-15-01-15-18.20.23/ccnSyncTest/slice3/randomFile/=FD054B82F3B225/=0043/.s%0904%F4n=A9DF1D741A29C84851B7B4E807A47E295515003D5F35A47E91
Jan 15, 2015 6:21:04 PM ccnx.Sync
DETALHADO: Node split due to hash split - nbytes 2235, val 6
Jan 15, 2015 6:21:04 PM org.ccnx.ccn.io.content.SyncNodeComposite decodeLogging
O MAIS DETALHADO: decode node for =083BE22E7B542F18551DDFA03F2F62F4840CC8C5572A0C3F7F4D52DF93672F9588 depth = 1 refs = 15
Jan 15, 2015 6:21:04 PM org.ccnx.ccn.io.content.SyncNodeComposite decodeLogging
O MAIS DETALHADO: min is 68, max is 82, expanded min is /ccnx.org/test/SyncTestRepo-15-01-15-18.20.23/ccnSyncTest/slice3/randomFile/=FD054B82F3B225/=0044/=3DD1FEB6FB1D3F7E0546EA024C02423A2A81FCCE9FA552420E6DEC6B30F9018E, expanded max is /ccnx.org/test/SyncTestRepo-15-01-15-18.20.23/ccnSyncTest/slice3/randomFile/=FD054B82F3B225/=0052/=E35D927F40DDA16A509409922305EA62C3C735EAF31F30ACEE065EF4180C125B
Jan 15, 2015 6:21:04 PM org.ccnx.ccn.io.content.SyncNodeComposite decodeLogging
O MAIS DETALHADO: decode node for %07zJ=25AFB900901E43075089793126D3076AA5590B2A6AAA313F5504E8348B52 depth = 1 refs = 18
Jan 15, 2015 6:21:04 PM org.ccnx.ccn.io.content.SyncNodeComposite decodeLogging
O MAIS DETALHADO: min is 83, max is 0, expanded min is /ccnx.org/test/SyncTestRepo-15-01-15-18.20.23/ccnSyncTest/slice3/randomFile/=FD054B82F3B225/=0053/=7C986A5AAA73FC698B93D5AB15F55E87AE19012A8B8E1533B5EF2B0CD5CB9187, expanded max is /ccnx.org/test/SyncTestRepo-15-01-15-18.20.23/ccnSyncTest/slice3/randomFile/=FD054B82F3B225/%C1.META.M/.header/=FD054B82F3B36D/=00/E=EDEFC6E114911303846ED7067B432E4E0456C57094EC6245ADEE1E502CEEB5
Jan 15, 2015 6:21:04 PM org.ccnx.ccn.impl.sync.SyncTreeEntry <init>
O MAIS DETALHADO: Found existing node: 0=E1F82252CF60E91F9F9B9EDADC9BD45879B35A1B43F476FF6A15AEF79915196C
Jan 15, 2015 6:21:04 PM org.ccnx.ccn.io.content.SyncNodeComposite decodeLogging
O MAIS DETALHADO: decode node for 0=E1F82252CF60E91F9F9B9EDADC9BD45879B35A1B43F476FF6A15AEF79915196C depth = 2 refs = 6
Jan 15, 2015 6:21:04 PM org.ccnx.ccn.io.content.SyncNodeComposite decodeLogging
O MAIS DETALHADO: min is 0, max is 0, expanded min is /ccnx.org/test/SyncTestRepo-15-01-15-18.20.23/ccnSyncTest/slice3/round2/randomFile/=FD054B82F3FFE7/=00/qb%F0W=1CEA55BE455DCD975BFAC9C75D94F543F36000DEE0EB51EFFFBE0E3D, expanded max is /ccnx.org/test/SyncTestRepo-15-01-15-18.20.23/ccnSyncTest/slice3/randomFile/=FD054B82F3B225/%C1.META.M/.header/=FD054B82F3B36D/=00/E=EDEFC6E114911303846ED7067B432E4E0456C57094EC6245ADEE1E502CEEB5
Jan 15, 2015 6:21:04 PM org.ccnx.ccn.impl.sync.NodeBuilder createHeadRecursive
O MAIS DETALHADO: Creating new compound node - with first element =07CDD5E318C16162ACB6695B07238D6D0B57346DB7FD130197AFE3BDE78CD26FB7 and last element %07zJ=25AFB900901E43075089793126D3076AA5590B2A6AAA313F5504E8348B52
Jan 15, 2015 6:21:04 PM org.ccnx.ccn.impl.sync.SliceComparator updateCurrent
INFORMAÇÕES: Resetting current to created head: 0=E1F82252CF60E91F9F9B9EDADC9BD45879B35A1B43F476FF6A15AEF79915196C
Jan 15, 2015 6:21:04 PM org.ccnx.ccn.impl.encoding.BinaryXMLDecoder setElement
INFORMAÇÕES: Reset decode array sizes to 150
Jan 15, 2015 6:21:04 PM org.ccnx.ccn.io.content.SyncNodeComposite decodeLogging
O MAIS DETALHADO: decode node for 1=83D60ADA95D36217C1C84EFFE5613F2DB0E8C43A325258B7EAA575668484E519 depth = 2 refs = 7
Jan 15, 2015 6:21:04 PM org.ccnx.ccn.io.content.SyncNodeComposite decodeLogging
O MAIS DETALHADO: min is 0, max is 0, expanded min is /ccnx.org/test/SyncTestRepo-15-01-15-18.20.23/ccnSyncTest/slice3/round2/randomFile/=FD054B82F3FFE7/=00/qb%F0W=1CEA55BE455DCD975BFAC9C75D94F543F36000DEE0EB51EFFFBE0E3D, expanded max is /ccnx.org/test/SyncTestRepo-15-01-15-18.20.23/ccnSyncTest/slice3/randomFile/=FD054B82F3B225/%C1.META.M/.header/=FD054B82F3B36D/=00/E=EDEFC6E114911303846ED7067B432E4E0456C57094EC6245ADEE1E502CEEB5
Jan 15, 2015 6:21:04 PM org.ccnx.ccn.impl.sync.SliceComparator run
INFORMAÇÕES: Starting new round with X = 0=E1F82252CF60E91F9F9B9EDADC9BD45879B35A1B43F476FF6A15AEF79915196C and Y = 1=83D60ADA95D36217C1C84EFFE5613F2DB0E8C43A325258B7EAA575668484E519
Jan 15, 2015 6:21:04 PM org.ccnx.ccn.impl.sync.ProtocolBasedSyncMonitor requestNode
DETALHADO: Requesting node for hash: /ccnx.org/test/SyncTestRepo-15-01-15-18.20.23/topoPrefix/%C1.S.nf/%BE0%12oa.=600BF662D2F4E2A3332DE1C78E7F036BFCDBCA9D03829E388D66/=059B38980A32B941F12C5720A989981AA883B926C210A99C2F47E79275F9B81463
Jan 15, 2015 6:21:04 PM org.ccnx.ccn.impl.sync.ProtocolBasedSyncMonitor requestNode
DETALHADO: Requesting node for hash: /ccnx.org/test/SyncTestRepo-15-01-15-18.20.23/topoPrefix/%C1.S.nf/%BE0%12oa.=600BF662D2F4E2A3332DE1C78E7F036BFCDBCA9D03829E388D66/=058DA38B4F90B2517F1EC70CC7415B0855B97DF04EC3C9309BF3837D19CE8A3B6B
Jan 15, 2015 6:21:04 PM org.ccnx.ccn.impl.sync.SliceComparator doComparison
O MAIS DETALHADO: Compare NODE 0=E1F82252CF60E91F9F9B9EDADC9BD45879B35A1B43F476FF6A15AEF79915196C to NODE 1=83D60ADA95D36217C1C84EFFE5613F2DB0E8C43A325258B7EAA575668484E519
Jan 15, 2015 6:21:04 PM org.ccnx.ccn.impl.sync.SliceComparator doComparison
O MAIS DETALHADO: pos X is 0, pos Y is 0
Jan 15, 2015 6:21:04 PM org.ccnx.ccn.impl.sync.SliceComparator.NodeFetchHandler handleContent
DETALHADO: Saw data from nodefind: hash: =059B38980A32B941F12C5720A989981AA883B926C210A99C2F47E79275F9B81463
Jan 15, 2015 6:21:04 PM org.ccnx.ccn.io.content.SyncNodeComposite decodeLogging
O MAIS DETALHADO: decode node for =059B38980A32B941F12C5720A989981AA883B926C210A99C2F47E79275F9B81463 depth = 1 refs = 9
Jan 15, 2015 6:21:04 PM org.ccnx.ccn.io.content.SyncNodeComposite decodeLogging
O MAIS DETALHADO: min is 0, max is 4, expanded min is /ccnx.org/test/SyncTestRepo-15-01-15-18.20.23/ccnSyncTest/slice3/round2/randomFile/=FD054B82F3FFE7/=00/qb%F0W=1CEA55BE455DCD975BFAC9C75D94F543F36000DEE0EB51EFFFBE0E3D, expanded max is /ccnx.org/test/SyncTestRepo-15-01-15-18.20.23/ccnSyncTest/slice3/randomFile/=FD054B82F3B225/=0004/=DC11764D84DD7EBD30D8BA82C0A1205F88A6F6CEE9DDDCA7DA9CDEA2452D494B
Jan 15, 2015 6:21:04 PM org.ccnx.ccn.impl.sync.SliceComparator doComparison
O MAIS DETALHADO: Pushing X entry =07CDD5E318C16162ACB6695B07238D6D0B57346DB7FD130197AFE3BDE78CD26FB7 and Y entry =059B38980A32B941F12C5720A989981AA883B926C210A99C2F47E79275F9B81463
Jan 15, 2015 6:21:04 PM org.ccnx.ccn.impl.sync.SliceComparator doComparison
O MAIS DETALHADO: Compare LEAF =07CDD5E318C16162ACB6695B07238D6D0B57346DB7FD130197AFE3BDE78CD26FB7 to LEAF =059B38980A32B941F12C5720A989981AA883B926C210A99C2F47E79275F9B81463
Jan 15, 2015 6:21:04 PM org.ccnx.ccn.impl.sync.SliceComparator doComparison
O MAIS DETALHADO: name X is 0, pos X is 0, name Y is 0, pos Y is 0 comp is 0
Jan 15, 2015 6:21:04 PM org.ccnx.ccn.impl.sync.SliceComparator doComparison
O MAIS DETALHADO: name X (expanded) is /ccnx.org/test/SyncTestRepo-15-01-15-18.20.23/ccnSyncTest/slice3/round2/randomFile/=FD054B82F3FFE7/=00/qb%F0W=1CEA55BE455DCD975BFAC9C75D94F543F36000DEE0EB51EFFFBE0E3D, name Y (expanded) is /ccnx.org/test/SyncTestRepo-15-01-15-18.20.23/ccnSyncTest/slice3/round2/randomFile/=FD054B82F3FFE7/=00/qb%F0W=1CEA55BE455DCD975BFAC9C75D94F543F36000DEE0EB51EFFFBE0E3D
Jan 15, 2015 6:21:04 PM org.ccnx.ccn.impl.sync.SliceComparator doComparison
O MAIS DETALHADO: Compare LEAF =07CDD5E318C16162ACB6695B07238D6D0B57346DB7FD130197AFE3BDE78CD26FB7 to LEAF =059B38980A32B941F12C5720A989981AA883B926C210A99C2F47E79275F9B81463
Jan 15, 2015 6:21:04 PM org.ccnx.ccn.impl.sync.SliceComparator doComparison
O MAIS DETALHADO: name X is 1, pos X is 1, name Y is 1, pos Y is 1 comp is 0
Jan 15, 2015 6:21:04 PM org.ccnx.ccn.impl.sync.SliceComparator doComparison
O MAIS DETALHADO: name X (expanded) is /ccnx.org/test/SyncTestRepo-15-01-15-18.20.23/ccnSyncTest/slice3/round2/randomFile/=FD054B82F3FFE7/=0001/p=1ED480033021ABC5365682806AA44BEF392C247E8BEB8C9E9CAC4CC3314CF5, name Y (expanded) is /ccnx.org/test/SyncTestRepo-15-01-15-18.20.23/ccnSyncTest/slice3/round2/randomFile/=FD054B82F3FFE7/=0001/p=1ED480033021ABC5365682806AA44BEF392C247E8BEB8C9E9CAC4CC3314CF5
Jan 15, 2015 6:21:04 PM org.ccnx.ccn.impl.sync.SliceComparator doComparison
O MAIS DETALHADO: Compare LEAF =07CDD5E318C16162ACB6695B07238D6D0B57346DB7FD130197AFE3BDE78CD26FB7 to LEAF =059B38980A32B941F12C5720A989981AA883B926C210A99C2F47E79275F9B81463
Jan 15, 2015 6:21:04 PM org.ccnx.ccn.impl.sync.SliceComparator doComparison
O MAIS DETALHADO: name X is 2, pos X is 2, name Y is 2, pos Y is 2 comp is 0
Jan 15, 2015 6:21:04 PM org.ccnx.ccn.impl.sync.SliceComparator doComparison
O MAIS DETALHADO: name X (expanded) is /ccnx.org/test/SyncTestRepo-15-01-15-18.20.23/ccnSyncTest/slice3/round2/randomFile/=FD054B82F3FFE7/=0002/=BA3E769018E44BE33C5E2610BC915A5E74A93EB9BA81235C9C302C52B1BEF012, name Y (expanded) is /ccnx.org/test/SyncTestRepo-15-01-15-18.20.23/ccnSyncTest/slice3/round2/randomFile/=FD054B82F3FFE7/=0002/=BA3E769018E44BE33C5E2610BC915A5E74A93EB9BA81235C9C302C52B1BEF012
Jan 15, 2015 6:21:04 PM org.ccnx.ccn.impl.sync.SliceComparator doComparison
O MAIS DETALHADO: Compare LEAF =07CDD5E318C16162ACB6695B07238D6D0B57346DB7FD130197AFE3BDE78CD26FB7 to LEAF =059B38980A32B941F12C5720A989981AA883B926C210A99C2F47E79275F9B81463
Jan 15, 2015 6:21:04 PM org.ccnx.ccn.impl.sync.SliceComparator doComparison
O MAIS DETALHADO: name X is 0, pos X is 3, name Y is 0, pos Y is 3 comp is 1
Jan 15, 2015 6:21:04 PM org.ccnx.ccn.impl.sync.SliceComparator doComparison
O MAIS DETALHADO: name X (expanded) is /ccnx.org/test/SyncTestRepo-15-01-15-18.20.23/ccnSyncTest/slice3/randomFile/=FD054B82F3B225/=00/%CC6=27CD78FECD5D9D365054A2FA385E67AC9D17380C55A460FEEFAF0524BDD5, name Y (expanded) is /ccnx.org/test/SyncTestRepo-15-01-15-18.20.23/ccnSyncTest/slice3/round2/randomFile/=FD054B82F3FFE7/%C1.META.M/.header/=FD054B82F40029/=00/=A1DDE887C67278F8222CB02508C56AD537356A1EEE5DE1B8808FC66EEB6FCBAD
Jan 15, 2015 6:21:04 PM org.ccnx.ccn.impl.sync.SliceComparator doComparison
O MAIS DETALHADO: Compare LEAF =07CDD5E318C16162ACB6695B07238D6D0B57346DB7FD130197AFE3BDE78CD26FB7 to LEAF =059B38980A32B941F12C5720A989981AA883B926C210A99C2F47E79275F9B81463
Jan 15, 2015 6:21:04 PM org.ccnx.ccn.impl.sync.SliceComparator doComparison
O MAIS DETALHADO: name X is 0, pos X is 3, name Y is 0, pos Y is 4 comp is 0
Jan 15, 2015 6:21:04 PM org.ccnx.ccn.impl.sync.SliceComparator doComparison
O MAIS DETALHADO: name X (expanded) is /ccnx.org/test/SyncTestRepo-15-01-15-18.20.23/ccnSyncTest/slice3/randomFile/=FD054B82F3B225/=00/%CC6=27CD78FECD5D9D365054A2FA385E67AC9D17380C55A460FEEFAF0524BDD5, name Y (expanded) is /ccnx.org/test/SyncTestRepo-15-01-15-18.20.23/ccnSyncTest/slice3/randomFile/=FD054B82F3B225/=00/%CC6=27CD78FECD5D9D365054A2FA385E67AC9D17380C55A460FEEFAF0524BDD5
Jan 15, 2015 6:21:04 PM org.ccnx.ccn.impl.sync.SliceComparator doComparison
O MAIS DETALHADO: Compare LEAF =07CDD5E318C16162ACB6695B07238D6D0B57346DB7FD130197AFE3BDE78CD26FB7 to LEAF =059B38980A32B941F12C5720A989981AA883B926C210A99C2F47E79275F9B81463
Jan 15, 2015 6:21:04 PM org.ccnx.ccn.impl.sync.SliceComparator doComparison
O MAIS DETALHADO: name X is 1, pos X is 4, name Y is 1, pos Y is 5 comp is 0
Jan 15, 2015 6:21:04 PM org.ccnx.ccn.impl.sync.SliceComparator doComparison
O MAIS DETALHADO: name X (expanded) is /ccnx.org/test/SyncTestRepo-15-01-15-18.20.23/ccnSyncTest/slice3/randomFile/=FD054B82F3B225/=0001/=980384DC9615F2D5E4C166CE7CB1192F131D5B4585406C0784C0386155909569, name Y (expanded) is /ccnx.org/test/SyncTestRepo-15-01-15-18.20.23/ccnSyncTest/slice3/randomFile/=FD054B82F3B225/=0001/=980384DC9615F2D5E4C166CE7CB1192F131D5B4585406C0784C0386155909569
Jan 15, 2015 6:21:04 PM org.ccnx.ccn.impl.sync.SliceComparator doComparison
O MAIS DETALHADO: Compare LEAF =07CDD5E318C16162ACB6695B07238D6D0B57346DB7FD130197AFE3BDE78CD26FB7 to LEAF =059B38980A32B941F12C5720A989981AA883B926C210A99C2F47E79275F9B81463
Jan 15, 2015 6:21:04 PM org.ccnx.ccn.impl.sync.SliceComparator doComparison
O MAIS DETALHADO: name X is 2, pos X is 5, name Y is 2, pos Y is 6 comp is 0
Jan 15, 2015 6:21:04 PM org.ccnx.ccn.impl.sync.SliceComparator doComparison
O MAIS DETALHADO: name X (expanded) is /ccnx.org/test/SyncTestRepo-15-01-15-18.20.23/ccnSyncTest/slice3/randomFile/=FD054B82F3B225/=0002/=88A8466ED1BE7075D7A1598686C3002FB174F79713C6A0BCD674EB27C51F3C51, name Y (expanded) is /ccnx.org/test/SyncTestRepo-15-01-15-18.20.23/ccnSyncTest/slice3/randomFile/=FD054B82F3B225/=0002/=88A8466ED1BE7075D7A1598686C3002FB174F79713C6A0BCD674EB27C51F3C51
Jan 15, 2015 6:21:04 PM org.ccnx.ccn.impl.sync.SliceComparator doComparison
O MAIS DETALHADO: Compare LEAF =07CDD5E318C16162ACB6695B07238D6D0B57346DB7FD130197AFE3BDE78CD26FB7 to LEAF =059B38980A32B941F12C5720A989981AA883B926C210A99C2F47E79275F9B81463
Jan 15, 2015 6:21:04 PM org.ccnx.ccn.impl.sync.SliceComparator doComparison
O MAIS DETALHADO: name X is 3, pos X is 6, name Y is 3, pos Y is 7 comp is 0
Jan 15, 2015 6:21:04 PM org.ccnx.ccn.impl.sync.SliceComparator doComparison
O MAIS DETALHADO: name X (expanded) is /ccnx.org/test/SyncTestRepo-15-01-15-18.20.23/ccnSyncTest/slice3/randomFile/=FD054B82F3B225/=0003/=94A70AB4CD97564538C65B2D80CC7544D62675BE3AED6B9E14CEAF9D34982498, name Y (expanded) is /ccnx.org/test/SyncTestRepo-15-01-15-18.20.23/ccnSyncTest/slice3/randomFile/=FD054B82F3B225/=0003/=94A70AB4CD97564538C65B2D80CC7544D62675BE3AED6B9E14CEAF9D34982498
Jan 15, 2015 6:21:04 PM org.ccnx.ccn.impl.sync.SliceComparator doComparison
O MAIS DETALHADO: Compare LEAF =07CDD5E318C16162ACB6695B07238D6D0B57346DB7FD130197AFE3BDE78CD26FB7 to LEAF =059B38980A32B941F12C5720A989981AA883B926C210A99C2F47E79275F9B81463
Jan 15, 2015 6:21:04 PM org.ccnx.ccn.impl.sync.SliceComparator doComparison
O MAIS DETALHADO: name X is 4, pos X is 7, name Y is 4, pos Y is 8 comp is 0
Jan 15, 2015 6:21:04 PM org.ccnx.ccn.impl.sync.SliceComparator doComparison
O MAIS DETALHADO: name X (expanded) is /ccnx.org/test/SyncTestRepo-15-01-15-18.20.23/ccnSyncTest/slice3/randomFile/=FD054B82F3B225/=0004/=DC11764D84DD7EBD30D8BA82C0A1205F88A6F6CEE9DDDCA7DA9CDEA2452D494B, name Y (expanded) is /ccnx.org/test/SyncTestRepo-15-01-15-18.20.23/ccnSyncTest/slice3/randomFile/=FD054B82F3B225/=0004/=DC11764D84DD7EBD30D8BA82C0A1205F88A6F6CEE9DDDCA7DA9CDEA2452D494B
Jan 15, 2015 6:21:04 PM org.ccnx.ccn.impl.sync.SliceComparator doComparison
O MAIS DETALHADO: Compare LEAF =07CDD5E318C16162ACB6695B07238D6D0B57346DB7FD130197AFE3BDE78CD26FB7 to NODE 1=83D60ADA95D36217C1C84EFFE5613F2DB0E8C43A325258B7EAA575668484E519
Jan 15, 2015 6:21:04 PM org.ccnx.ccn.impl.sync.SliceComparator doComparison
O MAIS DETALHADO: minname is 0, maxname is 0, X name is 5, pos X is 8, pos Y is 1
Jan 15, 2015 6:21:04 PM org.ccnx.ccn.impl.sync.SliceComparator doComparison
O MAIS DETALHADO: minname (expanded) is /ccnx.org/test/SyncTestRepo-15-01-15-18.20.23/ccnSyncTest/slice3/round2/randomFile/=FD054B82F3FFE7/=00/qb%F0W=1CEA55BE455DCD975BFAC9C75D94F543F36000DEE0EB51EFFFBE0E3D, maxname (expanded) is /ccnx.org/test/SyncTestRepo-15-01-15-18.20.23/ccnSyncTest/slice3/randomFile/=FD054B82F3B225/%C1.META.M/.header/=FD054B82F3B36D/=00/E=EDEFC6E114911303846ED7067B432E4E0456C57094EC6245ADEE1E502CEEB5
Jan 15, 2015 6:21:04 PM org.ccnx.ccn.impl.sync.SliceComparator doComparison
O MAIS DETALHADO: sneX (expanded) is /ccnx.org/test/SyncTestRepo-15-01-15-18.20.23/ccnSyncTest/slice3/randomFile/=FD054B82F3B225/=0005/=3BC5A371954B9EB2C7C3632CE381272604EEC49F0C50D58A180463CB2639B159, comp is 1
Jan 15, 2015 6:21:04 PM org.ccnx.ccn.impl.sync.SliceComparator.NodeFetchHandler handleContent
DETALHADO: Saw data from nodefind: hash: =058DA38B4F90B2517F1EC70CC7415B0855B97DF04EC3C9309BF3837D19CE8A3B6B
Jan 15, 2015 6:21:04 PM org.ccnx.ccn.io.content.SyncNodeComposite decodeLogging
O MAIS DETALHADO: decode node for =058DA38B4F90B2517F1EC70CC7415B0855B97DF04EC3C9309BF3837D19CE8A3B6B depth = 1 refs = 14
Jan 15, 2015 6:21:04 PM org.ccnx.ccn.io.content.SyncNodeComposite decodeLogging
O MAIS DETALHADO: min is 5, max is 18, expanded min is /ccnx.org/test/SyncTestRepo-15-01-15-18.20.23/ccnSyncTest/slice3/randomFile/=FD054B82F3B225/=0005/=3BC5A371954B9EB2C7C3632CE381272604EEC49F0C50D58A180463CB2639B159, expanded max is /ccnx.org/test/SyncTestRepo-15-01-15-18.20.23/ccnSyncTest/slice3/randomFile/=FD054B82F3B225/=0012/q=B689B5193BA5263290B78ABEFEEDDEE8EDFE5FC7CAB6D25C6065D958C3351E
Jan 15, 2015 6:21:04 PM org.ccnx.ccn.impl.sync.SliceComparator doComparison
O MAIS DETALHADO: Compare LEAF =07CDD5E318C16162ACB6695B07238D6D0B57346DB7FD130197AFE3BDE78CD26FB7 to LEAF =058DA38B4F90B2517F1EC70CC7415B0855B97DF04EC3C9309BF3837D19CE8A3B6B
Jan 15, 2015 6:21:04 PM org.ccnx.ccn.impl.sync.SliceComparator doComparison
O MAIS DETALHADO: name X is 5, pos X is 8, name Y is 5, pos Y is 0 comp is 0
Jan 15, 2015 6:21:04 PM org.ccnx.ccn.impl.sync.SliceComparator doComparison
O MAIS DETALHADO: name X (expanded) is /ccnx.org/test/SyncTestRepo-15-01-15-18.20.23/ccnSyncTest/slice3/randomFile/=FD054B82F3B225/=0005/=3BC5A371954B9EB2C7C3632CE381272604EEC49F0C50D58A180463CB2639B159, name Y (expanded) is /ccnx.org/test/SyncTestRepo-15-01-15-18.20.23/ccnSyncTest/slice3/randomFile/=FD054B82F3B225/=0005/=3BC5A371954B9EB2C7C3632CE381272604EEC49F0C50D58A180463CB2639B159
Jan 15, 2015 6:21:04 PM org.ccnx.ccn.impl.sync.SliceComparator doComparison
O MAIS DETALHADO: Compare LEAF =07CDD5E318C16162ACB6695B07238D6D0B57346DB7FD130197AFE3BDE78CD26FB7 to LEAF =058DA38B4F90B2517F1EC70CC7415B0855B97DF04EC3C9309BF3837D19CE8A3B6B
Jan 15, 2015 6:21:04 PM org.ccnx.ccn.impl.sync.SliceComparator doComparison
O MAIS DETALHADO: name X is 6, pos X is 9, name Y is 6, pos Y is 1 comp is 0
Jan 15, 2015 6:21:04 PM org.ccnx.ccn.impl.sync.SliceComparator doComparison
O MAIS DETALHADO: name X (expanded) is /ccnx.org/test/SyncTestRepo-15-01-15-18.20.23/ccnSyncTest/slice3/randomFile/=FD054B82F3B225/=0006/mf=F1FEC1E25D565EA5C9E82692E8ABEA8C72FC2179A8A1F9A262A2ABD4F721, name Y (expanded) is /ccnx.org/test/SyncTestRepo-15-01-15-18.20.23/ccnSyncTest/slice3/randomFile/=FD054B82F3B225/=0006/mf=F1FEC1E25D565EA5C9E82692E8ABEA8C72FC2179A8A1F9A262A2ABD4F721
Jan 15, 2015 6:21:04 PM org.ccnx.ccn.impl.sync.SliceComparator doComparison
O MAIS DETALHADO: Compare LEAF =07CDD5E318C16162ACB6695B07238D6D0B57346DB7FD130197AFE3BDE78CD26FB7 to LEAF =058DA38B4F90B2517F1EC70CC7415B0855B97DF04EC3C9309BF3837D19CE8A3B6B
Jan 15, 2015 6:21:04 PM org.ccnx.ccn.impl.sync.SliceComparator doComparison
O MAIS DETALHADO: name X is 7, pos X is 10, name Y is 7, pos Y is 2 comp is 0
Jan 15, 2015 6:21:04 PM org.ccnx.ccn.impl.sync.SliceComparator doComparison
O MAIS DETALHADO: name X (expanded) is /ccnx.org/test/SyncTestRepo-15-01-15-18.20.23/ccnSyncTest/slice3/randomFile/=FD054B82F3B225/=0007/1uh=3D8316B883D9C79A9E29A13CDC217A6B112C23DC00A14BCE2415F083C3, name Y (expanded) is /ccnx.org/test/SyncTestRepo-15-01-15-18.20.23/ccnSyncTest/slice3/randomFile/=FD054B82F3B225/=0007/1uh=3D8316B883D9C79A9E29A13CDC217A6B112C23DC00A14BCE2415F083C3
Jan 15, 2015 6:21:04 PM org.ccnx.ccn.impl.sync.SliceComparator doComparison
O MAIS DETALHADO: Compare LEAF =07CDD5E318C16162ACB6695B07238D6D0B57346DB7FD130197AFE3BDE78CD26FB7 to LEAF =058DA38B4F90B2517F1EC70CC7415B0855B97DF04EC3C9309BF3837D19CE8A3B6B
Jan 15, 2015 6:21:04 PM org.ccnx.ccn.impl.sync.SliceComparator doComparison
O MAIS DETALHADO: name X is 8, pos X is 11, name Y is 8, pos Y is 3 comp is 0
Jan 15, 2015 6:21:04 PM org.ccnx.ccn.impl.sync.SliceComparator doComparison
O MAIS DETALHADO: name X (expanded) is /ccnx.org/test/SyncTestRepo-15-01-15-18.20.23/ccnSyncTest/slice3/randomFile/=FD054B82F3B225/=0008/=A8B512520A2EFD07ACBE2564AA6DD9AF42667BD4913854A161DB3A03E89862A4, name Y (expanded) is /ccnx.org/test/SyncTestRepo-15-01-15-18.20.23/ccnSyncTest/slice3/randomFile/=FD054B82F3B225/=0008/=A8B512520A2EFD07ACBE2564AA6DD9AF42667BD4913854A161DB3A03E89862A4
Jan 15, 2015 6:21:04 PM org.ccnx.ccn.impl.sync.SliceComparator doComparison
O MAIS DETALHADO: Compare LEAF =07CDD5E318C16162ACB6695B07238D6D0B57346DB7FD130197AFE3BDE78CD26FB7 to LEAF =058DA38B4F90B2517F1EC70CC7415B0855B97DF04EC3C9309BF3837D19CE8A3B6B
Jan 15, 2015 6:21:04 PM org.ccnx.ccn.impl.sync.SliceComparator doComparison
O MAIS DETALHADO: name X is 9, pos X is 12, name Y is 9, pos Y is 4 comp is 0
Jan 15, 2015 6:21:04 PM org.ccnx.ccn.impl.sync.SliceComparator doComparison
O MAIS DETALHADO: name X (expanded) is /ccnx.org/test/SyncTestRepo-15-01-15-18.20.23/ccnSyncTest/slice3/randomFile/=FD054B82F3B225/=0009/g4=F0A9039D8866FEAB5AA66E05D611283DEF54B5B320D65A190B048A9C3D71, name Y (expanded) is /ccnx.org/test/SyncTestRepo-15-01-15-18.20.23/ccnSyncTest/slice3/randomFile/=FD054B82F3B225/=0009/g4=F0A9039D8866FEAB5AA66E05D611283DEF54B5B320D65A190B048A9C3D71
Jan 15, 2015 6:21:04 PM org.ccnx.ccn.impl.sync.SliceComparator doComparison
O MAIS DETALHADO: Compare LEAF =07CDD5E318C16162ACB6695B07238D6D0B57346DB7FD130197AFE3BDE78CD26FB7 to LEAF =058DA38B4F90B2517F1EC70CC7415B0855B97DF04EC3C9309BF3837D19CE8A3B6B
Jan 15, 2015 6:21:04 PM org.ccnx.ccn.impl.sync.SliceComparator doComparison
O MAIS DETALHADO: name X is 10, pos X is 13, name Y is 10, pos Y is 5 comp is 0
Jan 15, 2015 6:21:04 PM org.ccnx.ccn.impl.sync.SliceComparator doComparison
O MAIS DETALHADO: name X (expanded) is /ccnx.org/test/SyncTestRepo-15-01-15-18.20.23/ccnSyncTest/slice3/randomFile/=FD054B82F3B225/=000A/%1AV%ADd=838633E683F6EAB2DA3137D7F3C378F09305BA07DDA43EAEFA607E54, name Y (expanded) is /ccnx.org/test/SyncTestRepo-15-01-15-18.20.23/ccnSyncTest/slice3/randomFile/=FD054B82F3B225/=000A/%1AV%ADd=838633E683F6EAB2DA3137D7F3C378F09305BA07DDA43EAEFA607E54
Jan 15, 2015 6:21:04 PM org.ccnx.ccn.impl.sync.SliceComparator doComparison
O MAIS DETALHADO: Compare LEAF =07CDD5E318C16162ACB6695B07238D6D0B57346DB7FD130197AFE3BDE78CD26FB7 to LEAF =058DA38B4F90B2517F1EC70CC7415B0855B97DF04EC3C9309BF3837D19CE8A3B6B
Jan 15, 2015 6:21:04 PM org.ccnx.ccn.impl.sync.SliceComparator doComparison
O MAIS DETALHADO: name X is 11, pos X is 14, name Y is 11, pos Y is 6 comp is 0
Jan 15, 2015 6:21:04 PM org.ccnx.ccn.impl.sync.SliceComparator doComparison
O MAIS DETALHADO: name X (expanded) is /ccnx.org/test/SyncTestRepo-15-01-15-18.20.23/ccnSyncTest/slice3/randomFile/=FD054B82F3B225/=000B/=CF988588E9832BD17CADB8117C6088F19B532A4EA6E7BD749C00D99728F5DC5B, name Y (expanded) is /ccnx.org/test/SyncTestRepo-15-01-15-18.20.23/ccnSyncTest/slice3/randomFile/=FD054B82F3B225/=000B/=CF988588E9832BD17CADB8117C6088F19B532A4EA6E7BD749C00D99728F5DC5B
Jan 15, 2015 6:21:04 PM org.ccnx.ccn.impl.sync.SliceComparator doComparison
O MAIS DETALHADO: Compare NODE 0=E1F82252CF60E91F9F9B9EDADC9BD45879B35A1B43F476FF6A15AEF79915196C to LEAF =058DA38B4F90B2517F1EC70CC7415B0855B97DF04EC3C9309BF3837D19CE8A3B6B, resMin is 1, resMax is -1
Jan 15, 2015 6:21:04 PM org.ccnx.ccn.impl.sync.SliceComparator doComparison
O MAIS DETALHADO: minname is 0, maxname is 0, pos X is 1, pos Y is 7
Jan 15, 2015 6:21:04 PM org.ccnx.ccn.impl.sync.SliceComparator doComparison
O MAIS DETALHADO: Compare LEAF =0714FB2D4AF067D38F269BC69A774D784D492512695315F9E41B07CB7EB8923AB9 to LEAF =058DA38B4F90B2517F1EC70CC7415B0855B97DF04EC3C9309BF3837D19CE8A3B6B
Jan 15, 2015 6:21:04 PM org.ccnx.ccn.impl.sync.SliceComparator doComparison
O MAIS DETALHADO: name X is 12, pos X is 0, name Y is 12, pos Y is 7 comp is 0
Jan 15, 2015 6:21:04 PM org.ccnx.ccn.impl.sync.SliceComparator doComparison
O MAIS DETALHADO: name X (expanded) is /ccnx.org/test/SyncTestRepo-15-01-15-18.20.23/ccnSyncTest/slice3/randomFile/=FD054B82F3B225/=000C/B=A10A24FD86B0C333A8CB178EE3D49500E943C679ADB1C80C5BE31CDEC7CC58, name Y (expanded) is /ccnx.org/test/SyncTestRepo-15-01-15-18.20.23/ccnSyncTest/slice3/randomFile/=FD054B82F3B225/=000C/B=A10A24FD86B0C333A8CB178EE3D49500E943C679ADB1C80C5BE31CDEC7CC58
Jan 15, 2015 6:21:04 PM org.ccnx.ccn.impl.sync.SliceComparator doComparison
O MAIS DETALHADO: Compare LEAF =0714FB2D4AF067D38F269BC69A774D784D492512695315F9E41B07CB7EB8923AB9 to LEAF =058DA38B4F90B2517F1EC70CC7415B0855B97DF04EC3C9309BF3837D19CE8A3B6B
Jan 15, 2015 6:21:04 PM org.ccnx.ccn.impl.sync.SliceComparator doComparison
O MAIS DETALHADO: name X is 13, pos X is 1, name Y is 13, pos Y is 8 comp is 0
Jan 15, 2015 6:21:04 PM org.ccnx.ccn.impl.sync.SliceComparator doComparison
O MAIS DETALHADO: name X (expanded) is /ccnx.org/test/SyncTestRepo-15-01-15-18.20.23/ccnSyncTest/slice3/randomFile/=FD054B82F3B225/=000D/=A0E2FEEC35F2407A9EE6BF0BE076AAC09D35BD2FC37184753337055506FB0C61, name Y (expanded) is /ccnx.org/test/SyncTestRepo-15-01-15-18.20.23/ccnSyncTest/slice3/randomFile/=FD054B82F3B225/=000D/=A0E2FEEC35F2407A9EE6BF0BE076AAC09D35BD2FC37184753337055506FB0C61
Jan 15, 2015 6:21:04 PM org.ccnx.ccn.impl.sync.SliceComparator doComparison
O MAIS DETALHADO: Compare LEAF =0714FB2D4AF067D38F269BC69A774D784D492512695315F9E41B07CB7EB8923AB9 to LEAF =058DA38B4F90B2517F1EC70CC7415B0855B97DF04EC3C9309BF3837D19CE8A3B6B
Jan 15, 2015 6:21:04 PM org.ccnx.ccn.impl.sync.SliceComparator doComparison
O MAIS DETALHADO: name X is 14, pos X is 2, name Y is 14, pos Y is 9 comp is 0
Jan 15, 2015 6:21:04 PM org.ccnx.ccn.impl.sync.SliceComparator doComparison
O MAIS DETALHADO: name X (expanded) is /ccnx.org/test/SyncTestRepo-15-01-15-18.20.23/ccnSyncTest/slice3/randomFile/=FD054B82F3B225/=000E/=A71893C60F4DB0A70805DB17AC57A90F3F78B73CBC4AF105E75C2B3933A1466C, name Y (expanded) is /ccnx.org/test/SyncTestRepo-15-01-15-18.20.23/ccnSyncTest/slice3/randomFile/=FD054B82F3B225/=000E/=A71893C60F4DB0A70805DB17AC57A90F3F78B73CBC4AF105E75C2B3933A1466C
Jan 15, 2015 6:21:04 PM org.ccnx.ccn.impl.sync.SliceComparator doComparison
O MAIS DETALHADO: Compare LEAF =0714FB2D4AF067D38F269BC69A774D784D492512695315F9E41B07CB7EB8923AB9 to LEAF =058DA38B4F90B2517F1EC70CC7415B0855B97DF04EC3C9309BF3837D19CE8A3B6B
Jan 15, 2015 6:21:04 PM org.ccnx.ccn.impl.sync.SliceComparator doComparison
O MAIS DETALHADO: name X is 15, pos X is 3, name Y is 15, pos Y is 10 comp is 0
Jan 15, 2015 6:21:04 PM org.ccnx.ccn.impl.sync.SliceComparator doComparison
O MAIS DETALHADO: name X (expanded) is /ccnx.org/test/SyncTestRepo-15-01-15-18.20.23/ccnSyncTest/slice3/randomFile/=FD054B82F3B225/=000F/=008424A0581C122A00CF58EAB2EB04B704BF676AF9E3B2BCAEDE43E3CD1D4514, name Y (expanded) is /ccnx.org/test/SyncTestRepo-15-01-15-18.20.23/ccnSyncTest/slice3/randomFile/=FD054B82F3B225/=000F/=008424A0581C122A00CF58EAB2EB04B704BF676AF9E3B2BCAEDE43E3CD1D4514
Jan 15, 2015 6:21:04 PM org.ccnx.ccn.impl.sync.SliceComparator doComparison
O MAIS DETALHADO: Compare LEAF =0714FB2D4AF067D38F269BC69A774D784D492512695315F9E41B07CB7EB8923AB9 to LEAF =058DA38B4F90B2517F1EC70CC7415B0855B97DF04EC3C9309BF3837D19CE8A3B6B
Jan 15, 2015 6:21:04 PM org.ccnx.ccn.impl.sync.SliceComparator doComparison
O MAIS DETALHADO: name X is 16, pos X is 4, name Y is 16, pos Y is 11 comp is 0
Jan 15, 2015 6:21:04 PM org.ccnx.ccn.impl.sync.SliceComparator doComparison
O MAIS DETALHADO: name X (expanded) is /ccnx.org/test/SyncTestRepo-15-01-15-18.20.23/ccnSyncTest/slice3/randomFile/=FD054B82F3B225/=0010/%9505%C4q=E3902CAF6C67D4E7F1EAD87D7A56C9E850685609A59CC9370D718D, name Y (expanded) is /ccnx.org/test/SyncTestRepo-15-01-15-18.20.23/ccnSyncTest/slice3/randomFile/=FD054B82F3B225/=0010/%9505%C4q=E3902CAF6C67D4E7F1EAD87D7A56C9E850685609A59CC9370D718D
Jan 15, 2015 6:21:04 PM org.ccnx.ccn.impl.sync.SliceComparator doComparison
O MAIS DETALHADO: Compare LEAF =0714FB2D4AF067D38F269BC69A774D784D492512695315F9E41B07CB7EB8923AB9 to LEAF =058DA38B4F90B2517F1EC70CC7415B0855B97DF04EC3C9309BF3837D19CE8A3B6B
Jan 15, 2015 6:21:04 PM org.ccnx.ccn.impl.sync.SliceComparator doComparison
O MAIS DETALHADO: name X is 17, pos X is 5, name Y is 17, pos Y is 12 comp is 0
Jan 15, 2015 6:21:04 PM org.ccnx.ccn.impl.sync.SliceComparator doComparison
O MAIS DETALHADO: name X (expanded) is /ccnx.org/test/SyncTestRepo-15-01-15-18.20.23/ccnSyncTest/slice3/randomFile/=FD054B82F3B225/=0011/=2720D6C81595CE69B52644BF2912454A660DCA724598F052CF243107D9AE0986, name Y (expanded) is /ccnx.org/test/SyncTestRepo-15-01-15-18.20.23/ccnSyncTest/slice3/randomFile/=FD054B82F3B225/=0011/=2720D6C81595CE69B52644BF2912454A660DCA724598F052CF243107D9AE0986
Jan 15, 2015 6:21:04 PM org.ccnx.ccn.impl.sync.SliceComparator doComparison
O MAIS DETALHADO: Compare LEAF =0714FB2D4AF067D38F269BC69A774D784D492512695315F9E41B07CB7EB8923AB9 to LEAF =058DA38B4F90B2517F1EC70CC7415B0855B97DF04EC3C9309BF3837D19CE8A3B6B
Jan 15, 2015 6:21:04 PM org.ccnx.ccn.impl.sync.SliceComparator doComparison
O MAIS DETALHADO: name X is 18, pos X is 6, name Y is 18, pos Y is 13 comp is 0
Jan 15, 2015 6:21:04 PM org.ccnx.ccn.impl.sync.SliceComparator doComparison
O MAIS DETALHADO: name X (expanded) is /ccnx.org/test/SyncTestRepo-15-01-15-18.20.23/ccnSyncTest/slice3/randomFile/=FD054B82F3B225/=0012/q=B689B5193BA5263290B78ABEFEEDDEE8EDFE5FC7CAB6D25C6065D958C3351E, name Y (expanded) is /ccnx.org/test/SyncTestRepo-15-01-15-18.20.23/ccnSyncTest/slice3/randomFile/=FD054B82F3B225/=0012/q=B689B5193BA5263290B78ABEFEEDDEE8EDFE5FC7CAB6D25C6065D958C3351E
Jan 15, 2015 6:21:04 PM org.ccnx.ccn.impl.sync.SliceComparator doComparison
O MAIS DETALHADO: Skipping covered subentry %0Cd=27F202B76EE65F4C8504D00EFB5DC8E36B6F289DECA7879E8CD492202F5D75
Jan 15, 2015 6:21:04 PM org.ccnx.ccn.impl.sync.SliceComparator doComparison
O MAIS DETALHADO: Skipping covered subentry =06AAFE3238877423DEC41C535CCB730062EFF2A01E156513FFE4DB792A75F90D02
Jan 15, 2015 6:21:04 PM org.ccnx.ccn.impl.sync.SliceComparator doComparison
O MAIS DETALHADO: Skipping covered subentry %05G=1EEBAD671C9BDBA4083E403C21791FF3CBC944F3C11D934DE7F8C846D1A0B1
Jan 15, 2015 6:21:04 PM org.ccnx.ccn.impl.sync.SliceComparator doComparison
O MAIS DETALHADO: Skipping covered subentry =0A2B153DDE3A609648586331EBC57860C04142A06F60B2B49354C98915D65B8559
Jan 15, 2015 6:21:04 PM org.ccnx.ccn.impl.sync.SliceComparator doComparison
O MAIS DETALHADO: Skipping covered subentry =03D99F99B9F2079245699D59363E65E4236B45342E5619FE3E8920963C08ED04CA
Jan 15, 2015 6:21:04 PM org.ccnx.ccn.impl.sync.SliceComparator updateCurrent
O MAIS DETALHADO: Starting update from hash 0=E1F82252CF60E91F9F9B9EDADC9BD45879B35A1B43F476FF6A15AEF79915196C
Jan 15, 2015 6:21:04 PM org.ccnx.ccn.impl.sync.SliceComparator updateCurrent
O MAIS DETALHADO: Update compare - moving to: =07CDD5E318C16162ACB6695B07238D6D0B57346DB7FD130197AFE3BDE78CD26FB7
Jan 15, 2015 6:21:04 PM org.ccnx.ccn.impl.sync.SliceComparator updateCurrent
O MAIS DETALHADO: Update compare: name from tree (expanded) is /ccnx.org/test/SyncTestRepo-15-01-15-18.20.23/ccnSyncTest/slice3/round2/randomFile/=FD054B82F3FFE7/=00/qb%F0W=1CEA55BE455DCD975BFAC9C75D94F543F36000DEE0EB51EFFFBE0E3D, name  is /ccnx.org/test/SyncTestRepo-15-01-15-18.20.23/ccnSyncTest/slice3/round2/randomFile/=FD054B82F3FFE7/%C1.META.M/.header/=FD054B82F40029/=00/=A1DDE887C67278F8222CB02508C56AD537356A1EEE5DE1B8808FC66EEB6FCBAD, comp is -1
Jan 15, 2015 6:21:04 PM org.ccnx.ccn.impl.sync.SliceComparator updateCurrent
O MAIS DETALHADO: Update compare: name from tree (expanded) is /ccnx.org/test/SyncTestRepo-15-01-15-18.20.23/ccnSyncTest/slice3/round2/randomFile/=FD054B82F3FFE7/=0001/p=1ED480033021ABC5365682806AA44BEF392C247E8BEB8C9E9CAC4CC3314CF5, name  is /ccnx.org/test/SyncTestRepo-15-01-15-18.20.23/ccnSyncTest/slice3/round2/randomFile/=FD054B82F3FFE7/%C1.META.M/.header/=FD054B82F40029/=00/=A1DDE887C67278F8222CB02508C56AD537356A1EEE5DE1B8808FC66EEB6FCBAD, comp is -1
Jan 15, 2015 6:21:04 PM org.ccnx.ccn.impl.sync.SliceComparator updateCurrent
O MAIS DETALHADO: Update compare: name from tree (expanded) is /ccnx.org/test/SyncTestRepo-15-01-15-18.20.23/ccnSyncTest/slice3/round2/randomFile/=FD054B82F3FFE7/=0002/=BA3E769018E44BE33C5E2610BC915A5E74A93EB9BA81235C9C302C52B1BEF012, name  is /ccnx.org/test/SyncTestRepo-15-01-15-18.20.23/ccnSyncTest/slice3/round2/randomFile/=FD054B82F3FFE7/%C1.META.M/.header/=FD054B82F40029/=00/=A1DDE887C67278F8222CB02508C56AD537356A1EEE5DE1B8808FC66EEB6FCBAD, comp is -1
Jan 15, 2015 6:21:04 PM org.ccnx.ccn.impl.sync.SliceComparator updateCurrent
O MAIS DETALHADO: Update compare: name from tree (expanded) is /ccnx.org/test/SyncTestRepo-15-01-15-18.20.23/ccnSyncTest/slice3/randomFile/=FD054B82F3B225/=00/%CC6=27CD78FECD5D9D365054A2FA385E67AC9D17380C55A460FEEFAF0524BDD5, name  is /ccnx.org/test/SyncTestRepo-15-01-15-18.20.23/ccnSyncTest/slice3/round2/randomFile/=FD054B82F3FFE7/%C1.META.M/.header/=FD054B82F40029/=00/=A1DDE887C67278F8222CB02508C56AD537356A1EEE5DE1B8808FC66EEB6FCBAD, comp is 1
Jan 15, 2015 6:21:04 PM org.ccnx.ccn.impl.sync.SliceComparator updateCurrent
O MAIS DETALHADO: Update: starting redo of names because of /ccnx.org/test/SyncTestRepo-15-01-15-18.20.23/ccnSyncTest/slice3/round2/randomFile/=FD054B82F3FFE7/%C1.META.M/.header/=FD054B82F40029/=00/=A1DDE887C67278F8222CB02508C56AD537356A1EEE5DE1B8808FC66EEB6FCBAD at /ccnx.org/test/SyncTestRepo-15-01-15-18.20.23/ccnSyncTest/slice3/round2/randomFile/=FD054B82F3FFE7/=00/qb%F0W=1CEA55BE455DCD975BFAC9C75D94F543F36000DEE0EB51EFFFBE0E3D
Jan 15, 2015 6:21:04 PM org.ccnx.ccn.impl.sync.SliceComparator updateCurrent
O MAIS DETALHADO: Update compare - moving to: =0714FB2D4AF067D38F269BC69A774D784D492512695315F9E41B07CB7EB8923AB9
Jan 15, 2015 6:21:04 PM org.ccnx.ccn.impl.sync.SliceComparator addNeededNames
O MAIS DETALHADO: Update: subsuming node
Jan 15, 2015 6:21:04 PM org.ccnx.ccn.impl.sync.SliceComparator updateCurrent
O MAIS DETALHADO: Update compare - moving to: =0AD883EF1F08587A7E7FBC9BC87E252782387AC478FB5307FE15552C45C1D810EA
Jan 15, 2015 6:21:04 PM org.ccnx.ccn.impl.sync.SliceComparator addNeededNames
O MAIS DETALHADO: Update: subsuming node
Jan 15, 2015 6:21:04 PM org.ccnx.ccn.impl.sync.SliceComparator updateCurrent
O MAIS DETALHADO: Update compare - moving to: %07pv=CEA5080F8FF1E1F2F0A81B07AC268CABAAD0C341C95C0B42C4B342743D38
Jan 15, 2015 6:21:04 PM org.ccnx.ccn.impl.sync.SliceComparator addNeededNames
O MAIS DETALHADO: Update: subsuming node
Jan 15, 2015 6:21:04 PM org.ccnx.ccn.impl.sync.SliceComparator updateCurrent
O MAIS DETALHADO: Update compare - moving to: =083BE22E7B542F18551DDFA03F2F62F4840CC8C5572A0C3F7F4D52DF93672F9588
Jan 15, 2015 6:21:04 PM org.ccnx.ccn.impl.sync.SliceComparator addNeededNames
O MAIS DETALHADO: Update: subsuming node
Jan 15, 2015 6:21:04 PM org.ccnx.ccn.impl.sync.SliceComparator updateCurrent
O MAIS DETALHADO: Update compare - moving to: %07zJ=25AFB900901E43075089793126D3076AA5590B2A6AAA313F5504E8348B52
Jan 15, 2015 6:21:04 PM org.ccnx.ccn.impl.sync.SliceComparator addNeededNames
O MAIS DETALHADO: Update: subsuming node
Jan 15, 2015 6:21:04 PM ccnx.Sync
DETALHADO: Node split due to hash split - nbytes 2094, val 4
Jan 15, 2015 6:21:04 PM org.ccnx.ccn.io.content.SyncNodeComposite decodeLogging
O MAIS DETALHADO: decode node for =05D6FE3B7BC804E0A3F41A83D66D1941CE88A7EB611CFA71B95FEBF6411FF1C5BC depth = 1 refs = 10
Jan 15, 2015 6:21:04 PM org.ccnx.ccn.io.content.SyncNodeComposite decodeLogging
O MAIS DETALHADO: min is 0, max is 5, expanded min is /ccnx.org/test/SyncTestRepo-15-01-15-18.20.23/ccnSyncTest/slice3/round2/randomFile/=FD054B82F3FFE7/=00/qb%F0W=1CEA55BE455DCD975BFAC9C75D94F543F36000DEE0EB51EFFFBE0E3D, expanded max is /ccnx.org/test/SyncTestRepo-15-01-15-18.20.23/ccnSyncTest/slice3/randomFile/=FD054B82F3B225/=0005/=3BC5A371954B9EB2C7C3632CE381272604EEC49F0C50D58A180463CB2639B159
Jan 15, 2015 6:21:04 PM ccnx.Sync
DETALHADO: Node split due to hash split - nbytes 2086, val 1
Jan 15, 2015 6:21:04 PM org.ccnx.ccn.io.content.SyncNodeComposite decodeLogging
O MAIS DETALHADO: decode node for %05l=96E94D1238F57C14075C3D19F35460F1BB6253CF711BFC6E80DBDD2CC23B0B depth = 1 refs = 14
Jan 15, 2015 6:21:04 PM org.ccnx.ccn.io.content.SyncNodeComposite decodeLogging
O MAIS DETALHADO: min is 6, max is 19, expanded min is /ccnx.org/test/SyncTestRepo-15-01-15-18.20.23/ccnSyncTest/slice3/randomFile/=FD054B82F3B225/=0006/mf=F1FEC1E25D565EA5C9E82692E8ABEA8C72FC2179A8A1F9A262A2ABD4F721, expanded max is /ccnx.org/test/SyncTestRepo-15-01-15-18.20.23/ccnSyncTest/slice3/randomFile/=FD054B82F3B225/=0013/=1AB9016F16D242AFBD03B2A2BC1973313D2C36A417F8C0EA9301C28E8471B0F9
Jan 15, 2015 6:21:04 PM org.ccnx.ccn.io.content.SyncNodeComposite decodeLogging
O MAIS DETALHADO: decode node for =0CDD69C36D348ED8533BE73E3BB57FAD9915E510A85D1F9ADA7D5FA13C63F79D58 depth = 1 refs = 24
Jan 15, 2015 6:21:04 PM org.ccnx.ccn.io.content.SyncNodeComposite decodeLogging
O MAIS DETALHADO: min is 20, max is 43, expanded min is /ccnx.org/test/SyncTestRepo-15-01-15-18.20.23/ccnSyncTest/slice3/randomFile/=FD054B82F3B225/=0014/%9D2=C5CD43326FD85A1A7DCA9E90337124B3E041BB3CE645816074E2FFCC68DC, expanded max is /ccnx.org/test/SyncTestRepo-15-01-15-18.20.23/ccnSyncTest/slice3/randomFile/=FD054B82F3B225/=002B/Q=B41C992ADB5E506E56761F31415459092636B21BA7C0F512F57E6997E7C180
Jan 15, 2015 6:21:04 PM ccnx.Sync
DETALHADO: Node split due to hash split - nbytes 2235, val 7
Jan 15, 2015 6:21:04 PM org.ccnx.ccn.io.content.SyncNodeComposite decodeLogging
O MAIS DETALHADO: decode node for =06FC02251D9C9B364D2CDC10D5C073D380C31A62B7DB4A65920D0E60EE29DCDE88 depth = 1 refs = 15
Jan 15, 2015 6:21:04 PM org.ccnx.ccn.io.content.SyncNodeComposite decodeLogging
O MAIS DETALHADO: min is 44, max is 58, expanded min is /ccnx.org/test/SyncTestRepo-15-01-15-18.20.23/ccnSyncTest/slice3/randomFile/=FD054B82F3B225/=002C/=0DEA15EEB7624D141CDE9E54FED395CADA185F1D5D15B8C75926FBF2C7CDE823, expanded max is /ccnx.org/test/SyncTestRepo-15-01-15-18.20.23/ccnSyncTest/slice3/randomFile/=FD054B82F3B225/=003A/=E4FEC5BEA91947121525A987579E961F42CD9ABD9D1105CF9A0776FC7C1DC262
Jan 15, 2015 6:21:04 PM ccnx.Sync
DETALHADO: Node split due to hash split - nbytes 2086, val 7
Jan 15, 2015 6:21:04 PM org.ccnx.ccn.io.content.SyncNodeComposite decodeLogging
O MAIS DETALHADO: decode node for =04DBF4F0A91B0AC4C02DEB98E221D61C7FA53FCD9EE02EA65B1BE8067D38B1415B depth = 1 refs = 14
Jan 15, 2015 6:21:04 PM org.ccnx.ccn.io.content.SyncNodeComposite decodeLogging
O MAIS DETALHADO: min is 59, max is 72, expanded min is /ccnx.org/test/SyncTestRepo-15-01-15-18.20.23/ccnSyncTest/slice3/randomFile/=FD054B82F3B225/=003B/4=24F305589ADA9D841433B909B0AD158630BB7F6513AC574298391988F9E7A1, expanded max is /ccnx.org/test/SyncTestRepo-15-01-15-18.20.23/ccnSyncTest/slice3/randomFile/=FD054B82F3B225/=0048/y=D4CABA5D076FF69F0904293D53397EF4419F17897E8E97680784B16DFD630C
Jan 15, 2015 6:21:04 PM ccnx.Sync
DETALHADO: Node split due to hash split - nbytes 2682, val 6
Jan 15, 2015 6:21:04 PM org.ccnx.ccn.io.content.SyncNodeComposite decodeLogging
O MAIS DETALHADO: decode node for =09E8F04058BF505EA2DE84182822D671AF858556224A01F9FC46C80511DBA1E662 depth = 1 refs = 18
Jan 15, 2015 6:21:04 PM org.ccnx.ccn.io.content.SyncNodeComposite decodeLogging
O MAIS DETALHADO: min is 73, max is 90, expanded min is /ccnx.org/test/SyncTestRepo-15-01-15-18.20.23/ccnSyncTest/slice3/randomFile/=FD054B82F3B225/=0049/=062925B2C8C9B954208E5713DD0339CC8E492C1BF79B598F1EC26B678620A03C, expanded max is /ccnx.org/test/SyncTestRepo-15-01-15-18.20.23/ccnSyncTest/slice3/randomFile/=FD054B82F3B225/=005A/7=AFCD34E1F738512529EA659AB14A6E388454CA72CDD4005A0600AD7343C415
Jan 15, 2015 6:21:04 PM org.ccnx.ccn.io.content.SyncNodeComposite decodeLogging
O MAIS DETALHADO: decode node for =03A1EFCC85101059F444736ED0A3B499B532C0DF63E34C2A3E2F1A958E95A940B5 depth = 1 refs = 10
Jan 15, 2015 6:21:04 PM org.ccnx.ccn.io.content.SyncNodeComposite decodeLogging
O MAIS DETALHADO: min is 91, max is 0, expanded min is /ccnx.org/test/SyncTestRepo-15-01-15-18.20.23/ccnSyncTest/slice3/randomFile/=FD054B82F3B225/=005B/b%F5M=3C250BD3FC754D4CDE7C5013907FC0BE7F20FD5BBF43B01B06B6851B92, expanded max is /ccnx.org/test/SyncTestRepo-15-01-15-18.20.23/ccnSyncTest/slice3/randomFile/=FD054B82F3B225/%C1.META.M/.header/=FD054B82F3B36D/=00/E=EDEFC6E114911303846ED7067B432E4E0456C57094EC6245ADEE1E502CEEB5
Jan 15, 2015 6:21:04 PM org.ccnx.ccn.impl.sync.SyncTreeEntry <init>
O MAIS DETALHADO: Found existing node: 1=83D60ADA95D36217C1C84EFFE5613F2DB0E8C43A325258B7EAA575668484E519
Jan 15, 2015 6:21:04 PM org.ccnx.ccn.io.content.SyncNodeComposite decodeLogging
O MAIS DETALHADO: decode node for 1=83D60ADA95D36217C1C84EFFE5613F2DB0E8C43A325258B7EAA575668484E519 depth = 2 refs = 7
Jan 15, 2015 6:21:04 PM org.ccnx.ccn.io.content.SyncNodeComposite decodeLogging
O MAIS DETALHADO: min is 0, max is 0, expanded min is /ccnx.org/test/SyncTestRepo-15-01-15-18.20.23/ccnSyncTest/slice3/round2/randomFile/=FD054B82F3FFE7/=00/qb%F0W=1CEA55BE455DCD975BFAC9C75D94F543F36000DEE0EB51EFFFBE0E3D, expanded max is /ccnx.org/test/SyncTestRepo-15-01-15-18.20.23/ccnSyncTest/slice3/randomFile/=FD054B82F3B225/%C1.META.M/.header/=FD054B82F3B36D/=00/E=EDEFC6E114911303846ED7067B432E4E0456C57094EC6245ADEE1E502CEEB5
Jan 15, 2015 6:21:04 PM org.ccnx.ccn.impl.sync.NodeBuilder createHeadRecursive
O MAIS DETALHADO: Creating new compound node - with first element =05D6FE3B7BC804E0A3F41A83D66D1941CE88A7EB611CFA71B95FEBF6411FF1C5BC and last element =03A1EFCC85101059F444736ED0A3B499B532C0DF63E34C2A3E2F1A958E95A940B5
Jan 15, 2015 6:21:04 PM org.ccnx.ccn.impl.sync.SliceComparator updateCurrent
INFORMAÇÕES: Resetting current to created head: 1=83D60ADA95D36217C1C84EFFE5613F2DB0E8C43A325258B7EAA575668484E519
Jan 15, 2015 6:21:04 PM org.ccnx.ccn.profiles.sync.SyncTestRepo checkCallbacks
DETALHADO: trying to loop again looking for segments
Jan 15, 2015 6:21:05 PM org.ccnx.ccn.profiles.sync.SyncTestRepo checkCallbacks
DETALHADO: trying to loop again looking for segments
Jan 15, 2015 6:21:05 PM org.ccnx.ccn.profiles.sync.SyncTestRepo checkCallbacks
DETALHADO: trying to loop again looking for segments
Jan 15, 2015 6:21:06 PM org.ccnx.ccn.profiles.sync.SyncTestRepo checkCallbacks
DETALHADO: trying to loop again looking for segments
Jan 15, 2015 6:21:06 PM org.ccnx.ccn.profiles.sync.SyncTestRepo checkCallbacks
DETALHADO: trying to loop again looking for segments
Jan 15, 2015 6:21:07 PM org.ccnx.ccn.profiles.sync.SyncTestRepo checkCallbacks
DETALHADO: trying to loop again looking for segments
Jan 15, 2015 6:21:07 PM org.ccnx.ccn.profiles.sync.SyncTestRepo checkCallbacks
DETALHADO: trying to loop again looking for segments
Jan 15, 2015 6:21:08 PM org.ccnx.ccn.profiles.sync.SyncTestRepo checkCallbacks
DETALHADO: trying to loop again looking for segments
Jan 15, 2015 6:21:08 PM org.ccnx.ccn.profiles.sync.SyncTestRepo checkCallbacks
DETALHADO: trying to loop again looking for segments
Jan 15, 2015 6:21:09 PM org.ccnx.ccn.profiles.sync.SyncTestRepo checkCallbacks
DETALHADO: trying to loop again looking for segments
Jan 15, 2015 6:21:09 PM org.ccnx.ccn.profiles.sync.SyncTestRepo checkCallbacks
DETALHADO: trying to loop again looking for segments
Jan 15, 2015 6:21:10 PM org.ccnx.ccn.profiles.sync.SyncTestRepo checkCallbacks
DETALHADO: trying to loop again looking for segments
Jan 15, 2015 6:21:10 PM org.ccnx.ccn.profiles.sync.SyncTestRepo checkCallbacks
DETALHADO: trying to loop again looking for segments
Jan 15, 2015 6:21:11 PM org.ccnx.ccn.profiles.sync.SyncTestRepo checkCallbacks
DETALHADO: trying to loop again looking for segments
Jan 15, 2015 6:21:11 PM org.ccnx.ccn.profiles.sync.SyncTestRepo checkCallbacks
DETALHADO: trying to loop again looking for segments
Jan 15, 2015 6:21:12 PM org.ccnx.ccn.profiles.sync.SyncTestRepo checkCallbacks
DETALHADO: trying to loop again looking for segments
Jan 15, 2015 6:21:12 PM org.ccnx.ccn.profiles.sync.SyncTestRepo checkCallbacks
DETALHADO: trying to loop again looking for segments
Jan 15, 2015 6:21:13 PM org.ccnx.ccn.profiles.sync.SyncTestRepo checkCallbacks
DETALHADO: trying to loop again looking for segments
Jan 15, 2015 6:21:13 PM org.ccnx.ccn.profiles.sync.SyncTestRepo checkCallbacks
DETALHADO: trying to loop again looking for segments
Jan 15, 2015 6:21:14 PM org.ccnx.ccn.profiles.sync.SyncTestRepo checkCallbacks
DETALHADO: trying to loop again looking for segments
Jan 15, 2015 6:21:14 PM org.ccnx.ccn.profiles.sync.SyncTestRepo checkCallbacks
DETALHADO: trying to loop again looking for segments
Jan 15, 2015 6:21:15 PM org.ccnx.ccn.profiles.sync.SyncTestRepo checkCallbacks
DETALHADO: trying to loop again looking for segments
Jan 15, 2015 6:21:15 PM org.ccnx.ccn.profiles.sync.SyncTestRepo checkCallbacks
DETALHADO: trying to loop again looking for segments
Jan 15, 2015 6:21:16 PM org.ccnx.ccn.profiles.sync.SyncTestRepo checkCallbacks
DETALHADO: trying to loop again looking for segments
Jan 15, 2015 6:21:16 PM org.ccnx.ccn.profiles.sync.SyncTestRepo checkCallbacks
DETALHADO: trying to loop again looking for segments
Jan 15, 2015 6:21:17 PM org.ccnx.ccn.profiles.sync.SyncTestRepo checkCallbacks
DETALHADO: trying to loop again looking for segments
Jan 15, 2015 6:21:17 PM org.ccnx.ccn.profiles.sync.SyncTestRepo checkCallbacks
DETALHADO: trying to loop again looking for segments
Jan 15, 2015 6:21:18 PM org.ccnx.ccn.profiles.sync.SyncTestRepo checkCallbacks
DETALHADO: trying to loop again looking for segments
Jan 15, 2015 6:21:18 PM org.ccnx.ccn.profiles.sync.SyncTestRepo checkCallbacks
DETALHADO: done looping, returning.
Jan 15, 2015 6:21:18 PM org.ccnx.ccn.profiles.sync.SyncTestRepo checkCallbacks
INFORMAÇÕES: 4 outstanding segments = 0, 1, 2, header 
Jan 15, 2015 6:21:18 PM org.ccnx.ccn.impl.sync.ProtocolBasedSyncMonitor shutdown
INFORMAÇÕES: Shutting down sync on slice: /ccnx.org/test/SyncTestRepo-15-01-15-18.20.23/ccnSyncTest/slice3
Jan 15, 2015 6:21:18 PM org.ccnx.ccn.profiles.sync.SyncTestRepo testSyncClose
DETALHADO: I didn't get callbacks after I stopped sync for myself!
Jan 15, 2015 6:21:18 PM org.ccnx.ccn.profiles.sync.SyncTestRepo testSyncClose
INFORMAÇÕES: Finished running testSyncStop
Jan 15, 2015 6:21:18 PM org.ccnx.ccn.profiles.sync.SyncTestRepo setUpNameSpace
DETALHADO: setting up namespace for sync test  data: /ccnx.org/test/SyncTestRepo-15-01-15-18.20.23/ccnSyncTest syncControlTraffic: /ccnx.org/test/SyncTestRepo-15-01-15-18.20.23/topoPrefix
Jan 15, 2015 6:21:18 PM org.ccnx.ccn.profiles.sync.SyncTestRepo testCallbackRegistration
INFORMAÇÕES: Starting testCallbackRegistration
Jan 15, 2015 6:21:18 PM org.ccnx.ccn.io.content.CCNNetworkObject createFlowController
INFORMAÇÕES: Created LOCALREPOSITORY flow controller, for prefix /%C1.M.S.localhost/%C1.S.cs/%B4zy=A5D8C9B70B2D8C81577F9C55936E0325CCC671465CFC00E6E151FB3562, save type LOCALREPOSITORY
Jan 15, 2015 6:21:18 PM org.ccnx.ccn.profiles.VersioningProfile getLatestVersion
INFORMAÇÕES: getFirstBlockOfLatestVersion: no block available for later version of /%C1.M.S.localhost/%C1.S.cs/%B4zy=A5D8C9B70B2D8C81577F9C55936E0325CCC671465CFC00E6E151FB3562
Jan 15, 2015 6:21:18 PM org.ccnx.ccn.io.content.ConfigSlice checkAndCreate
DETALHADO: didn't find a slice in my repo.
Jan 15, 2015 6:21:18 PM org.ccnx.ccn.io.content.ConfigSlice checkAndCreate
DETALHADO: need to save my data to create the slice for the repo!
Jan 15, 2015 6:21:18 PM org.ccnx.ccn.impl.CCNFlowControl addNameSpace
INFORMAÇÕES: Flow controller addNameSpace: added namespace: /%C1.M.S.localhost/%C1.S.cs/%B4zy=A5D8C9B70B2D8C81577F9C55936E0325CCC671465CFC00E6E151FB3562
Jan 15, 2015 6:21:18 PM org.ccnx.ccn.impl.security.keys.BasicKeyManager getKeyLocator
INFORMAÇÕES: getKeyLocator: returning locator NAME: /ccnx.org/Users/root/Keys/%C1.M.K=009234ADEC47D19E3E6A2AF362D44E09AB6B71F43B1900BA0622FB45F2A5B7D9F6/=FD054AE7DE1000 KEY:-reba89rgbj1o6ata34t5eovcl4kho5s9pnv8nstq15q1ld4g9ga for key kjSt7EfRnj5qKvNi1E4Jq2tx9DsZALoGIvtF8qW32fY=
Jan 15, 2015 6:21:18 PM org.ccnx.ccn.io.CCNAbstractOutputStream <init>
INFORMAÇÕES: CCNAbstractOutputStream: /%C1.M.S.localhost/%C1.S.cs/%B4zy=A5D8C9B70B2D8C81577F9C55936E0325CCC671465CFC00E6E151FB3562/=FD054B82F4E64A blocksize is 4096
Jan 15, 2015 6:21:18 PM org.ccnx.ccn.io.CCNAbstractOutputStream startWrite
INFORMAÇÕES: CCNAbstractOutputStream: startWrite -- searching for keys.
Jan 15, 2015 6:21:18 PM org.ccnx.ccn.profiles.security.access.AccessControlManager keysForOutput
INFORMAÇÕES: keysForOutput: found an acm: (null)
Jan 15, 2015 6:21:18 PM org.ccnx.ccn.impl.repo.RepositoryFlowControl startWrite
INFORMAÇÕES: RepositoryFlowControl.startWrite called for name /%C1.M.S.localhost/%C1.S.cs/%B4zy=A5D8C9B70B2D8C81577F9C55936E0325CCC671465CFC00E6E151FB3562/=FD054B82F4E64A, shape STREAM
Jan 15, 2015 6:21:18 PM org.ccnx.ccn.impl.repo.RepositoryFlowControl handleContent
INFORMAÇÕES: handleContent: got potential repo message: /%C1.M.S.localhost/%C1.S.cs/%B4zy=A5D8C9B70B2D8C81577F9C55936E0325CCC671465CFC00E6E151FB3562/=FD054B82F4E64A/%C1.R.sw/%C1.N%00u=907F0A9F876654
Jan 15, 2015 6:21:18 PM org.ccnx.ccn.io.CCNOutputStream flushToNetwork
INFORMAÇÕES: flush: outputting to the segmenter, baseName /%C1.M.S.localhost/%C1.S.cs/%B4zy=A5D8C9B70B2D8C81577F9C55936E0325CCC671465CFC00E6E151FB3562/=FD054B82F4E64A basenameindex =00; 162 bytes written, holding back 162 flushing final blocks? false.
Jan 15, 2015 6:21:18 PM org.ccnx.ccn.io.CCNOutputStream flushToNetwork
INFORMAÇÕES: HEADER: CCNOutputStream: flushToNetwork: new _baseNameIndex 0
Jan 15, 2015 6:21:18 PM org.ccnx.ccn.io.CCNOutputStream flushToNetwork
INFORMAÇÕES: flush: outputting to the segmenter, baseName /%C1.M.S.localhost/%C1.S.cs/%B4zy=A5D8C9B70B2D8C81577F9C55936E0325CCC671465CFC00E6E151FB3562/=FD054B82F4E64A basenameindex =00; 162 bytes written, holding back 0 flushing final blocks? true.
Jan 15, 2015 6:21:18 PM org.ccnx.ccn.io.CCNOutputStream flushToNetwork
INFORMAÇÕES: HEADER: CCNOutputStream: flushToNetwork: new _baseNameIndex 1
Jan 15, 2015 6:21:18 PM org.ccnx.ccn.io.CCNOutputStream close
INFORMAÇÕES: CCNOutputStream close: /%C1.M.S.localhost/%C1.S.cs/%B4zy=A5D8C9B70B2D8C81577F9C55936E0325CCC671465CFC00E6E151FB3562/=FD054B82F4E64A
Jan 15, 2015 6:21:18 PM org.ccnx.ccn.impl.sync.SliceComparator <init>
INFORMAÇÕES: Beginning sync monitoring from start
Jan 15, 2015 6:21:18 PM org.ccnx.ccn.impl.sync.SliceComparator setTimeout
DETALHADO: Sync timeout changed to 3000
Jan 15, 2015 6:21:18 PM org.ccnx.ccn.impl.sync.ProtocolBasedSyncMonitor registerCallback
DETALHADO: Starting a new comparator - it is the lead.
Jan 15, 2015 6:21:18 PM org.ccnx.ccn.CCNSync startSync
INFORMAÇÕES: Started sync with topo: /ccnx.org/test/SyncTestRepo-15-01-15-18.20.23/topoPrefix and prefix: /ccnx.org/test/SyncTestRepo-15-01-15-18.20.23/ccnSyncTest/slice4
Jan 15, 2015 6:21:18 PM org.ccnx.ccn.io.content.CCNNetworkObject createFlowController
INFORMAÇÕES: Created LOCALREPOSITORY flow controller, for prefix /%C1.M.S.localhost/%C1.S.cs/u=A914E4A1CFD9AC4A20CC7894E5972156F8F3B34A40DAFE8C0B160643B7F73B, save type LOCALREPOSITORY
Jan 15, 2015 6:21:18 PM org.ccnx.ccn.profiles.VersioningProfile getLatestVersion
INFORMAÇÕES: getFirstBlockOfLatestVersion: no block available for later version of /%C1.M.S.localhost/%C1.S.cs/u=A914E4A1CFD9AC4A20CC7894E5972156F8F3B34A40DAFE8C0B160643B7F73B
Jan 15, 2015 6:21:18 PM org.ccnx.ccn.io.content.ConfigSlice checkAndCreate
DETALHADO: didn't find a slice in my repo.
Jan 15, 2015 6:21:18 PM org.ccnx.ccn.io.content.ConfigSlice checkAndCreate
DETALHADO: need to save my data to create the slice for the repo!
Jan 15, 2015 6:21:18 PM org.ccnx.ccn.impl.CCNFlowControl addNameSpace
INFORMAÇÕES: Flow controller addNameSpace: added namespace: /%C1.M.S.localhost/%C1.S.cs/u=A914E4A1CFD9AC4A20CC7894E5972156F8F3B34A40DAFE8C0B160643B7F73B
Jan 15, 2015 6:21:18 PM org.ccnx.ccn.impl.security.keys.BasicKeyManager getKeyLocator
INFORMAÇÕES: getKeyLocator: returning locator NAME: /ccnx.org/Users/root/Keys/%C1.M.K=009234ADEC47D19E3E6A2AF362D44E09AB6B71F43B1900BA0622FB45F2A5B7D9F6/=FD054AE7DE1000 KEY:-reba89rgbj1o6ata34t5eovcl4kho5s9pnv8nstq15q1ld4g9ga for key kjSt7EfRnj5qKvNi1E4Jq2tx9DsZALoGIvtF8qW32fY=
Jan 15, 2015 6:21:18 PM org.ccnx.ccn.io.CCNAbstractOutputStream <init>
INFORMAÇÕES: CCNAbstractOutputStream: /%C1.M.S.localhost/%C1.S.cs/u=A914E4A1CFD9AC4A20CC7894E5972156F8F3B34A40DAFE8C0B160643B7F73B/=FD054B82F4ED27 blocksize is 4096
Jan 15, 2015 6:21:18 PM org.ccnx.ccn.io.CCNAbstractOutputStream startWrite
INFORMAÇÕES: CCNAbstractOutputStream: startWrite -- searching for keys.
Jan 15, 2015 6:21:18 PM org.ccnx.ccn.profiles.security.access.AccessControlManager keysForOutput
INFORMAÇÕES: keysForOutput: found an acm: (null)
Jan 15, 2015 6:21:18 PM org.ccnx.ccn.impl.repo.RepositoryFlowControl startWrite
INFORMAÇÕES: RepositoryFlowControl.startWrite called for name /%C1.M.S.localhost/%C1.S.cs/u=A914E4A1CFD9AC4A20CC7894E5972156F8F3B34A40DAFE8C0B160643B7F73B/=FD054B82F4ED27, shape STREAM
Jan 15, 2015 6:21:18 PM org.ccnx.ccn.impl.repo.RepositoryFlowControl handleContent
INFORMAÇÕES: handleContent: got potential repo message: /%C1.M.S.localhost/%C1.S.cs/u=A914E4A1CFD9AC4A20CC7894E5972156F8F3B34A40DAFE8C0B160643B7F73B/=FD054B82F4ED27/%C1.R.sw/%C1.N=00EF19EE91C57FA185
Jan 15, 2015 6:21:18 PM org.ccnx.ccn.io.CCNOutputStream flushToNetwork
INFORMAÇÕES: flush: outputting to the segmenter, baseName /%C1.M.S.localhost/%C1.S.cs/u=A914E4A1CFD9AC4A20CC7894E5972156F8F3B34A40DAFE8C0B160643B7F73B/=FD054B82F4ED27 basenameindex =00; 162 bytes written, holding back 162 flushing final blocks? false.
Jan 15, 2015 6:21:18 PM org.ccnx.ccn.io.CCNOutputStream flushToNetwork
INFORMAÇÕES: HEADER: CCNOutputStream: flushToNetwork: new _baseNameIndex 0
Jan 15, 2015 6:21:18 PM org.ccnx.ccn.io.CCNOutputStream flushToNetwork
INFORMAÇÕES: flush: outputting to the segmenter, baseName /%C1.M.S.localhost/%C1.S.cs/u=A914E4A1CFD9AC4A20CC7894E5972156F8F3B34A40DAFE8C0B160643B7F73B/=FD054B82F4ED27 basenameindex =00; 162 bytes written, holding back 0 flushing final blocks? true.
Jan 15, 2015 6:21:18 PM org.ccnx.ccn.io.CCNOutputStream flushToNetwork
INFORMAÇÕES: HEADER: CCNOutputStream: flushToNetwork: new _baseNameIndex 1
Jan 15, 2015 6:21:18 PM org.ccnx.ccn.io.CCNOutputStream close
INFORMAÇÕES: CCNOutputStream close: /%C1.M.S.localhost/%C1.S.cs/u=A914E4A1CFD9AC4A20CC7894E5972156F8F3B34A40DAFE8C0B160643B7F73B/=FD054B82F4ED27
Jan 15, 2015 6:21:18 PM org.ccnx.ccn.impl.sync.SliceComparator <init>
INFORMAÇÕES: Beginning sync monitoring from start
Jan 15, 2015 6:21:18 PM org.ccnx.ccn.impl.sync.SliceComparator setTimeout
DETALHADO: Sync timeout changed to 3000
Jan 15, 2015 6:21:18 PM org.ccnx.ccn.impl.sync.ProtocolBasedSyncMonitor registerCallback
DETALHADO: Starting a new comparator - it is the lead.
Jan 15, 2015 6:21:18 PM org.ccnx.ccn.CCNSync startSync
INFORMAÇÕES: Started sync with topo: /ccnx.org/test/SyncTestRepo-15-01-15-18.20.23/topoPrefix and prefix: /ccnx.org/test/SyncTestRepo-15-01-15-18.20.23/ccnSyncTest/slice5
Jan 15, 2015 6:21:18 PM org.ccnx.ccn.profiles.sync.SyncTestRepo testCallbackRegistration
DETALHADO: writing out file: /ccnx.org/test/SyncTestRepo-15-01-15-18.20.23/ccnSyncTest/slice4
Jan 15, 2015 6:21:18 PM org.ccnx.ccn.impl.CCNFlowControl <init>
INFORMAÇÕES: adding namespace: /ccnx.org/test/SyncTestRepo-15-01-15-18.20.23/ccnSyncTest/slice4/randomFile
Jan 15, 2015 6:21:18 PM org.ccnx.ccn.impl.security.keys.BasicKeyManager getKeyLocator
INFORMAÇÕES: getKeyLocator: returning locator NAME: /ccnx.org/Users/root/Keys/%C1.M.K=009234ADEC47D19E3E6A2AF362D44E09AB6B71F43B1900BA0622FB45F2A5B7D9F6/=FD054AE7DE1000 KEY:-reba89rgbj1o6ata34t5eovcl4kho5s9pnv8nstq15q1ld4g9ga for key kjSt7EfRnj5qKvNi1E4Jq2tx9DsZALoGIvtF8qW32fY=
Jan 15, 2015 6:21:18 PM org.ccnx.ccn.io.CCNAbstractOutputStream <init>
INFORMAÇÕES: CCNAbstractOutputStream: /ccnx.org/test/SyncTestRepo-15-01-15-18.20.23/ccnSyncTest/slice4/randomFile/=FD054B82F4EE6A blocksize is 4096
Jan 15, 2015 6:21:18 PM org.ccnx.ccn.io.CCNAbstractOutputStream startWrite
INFORMAÇÕES: CCNAbstractOutputStream: startWrite -- searching for keys.
Jan 15, 2015 6:21:18 PM org.ccnx.ccn.profiles.security.access.AccessControlManager keysForOutput
INFORMAÇÕES: keysForOutput: found an acm: (null)
Jan 15, 2015 6:21:18 PM org.ccnx.ccn.impl.repo.RepositoryFlowControl startWrite
INFORMAÇÕES: RepositoryFlowControl.startWrite called for name /ccnx.org/test/SyncTestRepo-15-01-15-18.20.23/ccnSyncTest/slice4/randomFile/=FD054B82F4EE6A, shape STREAM
Jan 15, 2015 6:21:18 PM org.ccnx.ccn.impl.repo.RepositoryFlowControl handleContent
INFORMAÇÕES: handleContent: got potential repo message: /ccnx.org/test/SyncTestRepo-15-01-15-18.20.23/ccnSyncTest/slice4/randomFile/=FD054B82F4EE6A/%C1.R.sw/%C1.N=00B6F6626DEA5BBA92
Jan 15, 2015 6:21:18 PM org.ccnx.ccn.profiles.sync.SyncTestCommon writeFile
DETALHADO: bytes: 1827 block size: 4096 div: 0.446044921875 ceil: 1
Jan 15, 2015 6:21:18 PM org.ccnx.ccn.profiles.sync.SyncTestCommon writeFile
DETALHADO: will write out a 1827 byte file, will have 2 segments (1 is a header)
Jan 15, 2015 6:21:18 PM org.ccnx.ccn.io.CCNOutputStream flushToNetwork
INFORMAÇÕES: flush: outputting to the segmenter, baseName /ccnx.org/test/SyncTestRepo-15-01-15-18.20.23/ccnSyncTest/slice4/randomFile/=FD054B82F4EE6A basenameindex =00; 1827 bytes written, holding back 1827 flushing final blocks? false.
Jan 15, 2015 6:21:18 PM org.ccnx.ccn.io.CCNOutputStream flushToNetwork
INFORMAÇÕES: HEADER: CCNOutputStream: flushToNetwork: new _baseNameIndex 0
Jan 15, 2015 6:21:18 PM org.ccnx.ccn.io.CCNOutputStream flushToNetwork
INFORMAÇÕES: flush: outputting to the segmenter, baseName /ccnx.org/test/SyncTestRepo-15-01-15-18.20.23/ccnSyncTest/slice4/randomFile/=FD054B82F4EE6A basenameindex =00; 1827 bytes written, holding back 1827 flushing final blocks? false.
Jan 15, 2015 6:21:18 PM org.ccnx.ccn.io.CCNOutputStream flushToNetwork
INFORMAÇÕES: HEADER: CCNOutputStream: flushToNetwork: new _baseNameIndex 0
Jan 15, 2015 6:21:18 PM org.ccnx.ccn.io.CCNOutputStream flushToNetwork
INFORMAÇÕES: flush: outputting to the segmenter, baseName /ccnx.org/test/SyncTestRepo-15-01-15-18.20.23/ccnSyncTest/slice4/randomFile/=FD054B82F4EE6A basenameindex =00; 1827 bytes written, holding back 0 flushing final blocks? true.
Jan 15, 2015 6:21:18 PM org.ccnx.ccn.io.CCNOutputStream flushToNetwork
INFORMAÇÕES: HEADER: CCNOutputStream: flushToNetwork: new _baseNameIndex 1
Jan 15, 2015 6:21:18 PM org.ccnx.ccn.io.CCNAbstractOutputStream <init>
INFORMAÇÕES: CCNAbstractOutputStream: /ccnx.org/test/SyncTestRepo-15-01-15-18.20.23/ccnSyncTest/slice4/randomFile/=FD054B82F4EE6A/%C1.META.M/.header/=FD054B82F4EEA0 blocksize is 4096
Jan 15, 2015 6:21:18 PM org.ccnx.ccn.io.CCNAbstractOutputStream startWrite
INFORMAÇÕES: CCNAbstractOutputStream: startWrite -- searching for keys.
Jan 15, 2015 6:21:18 PM org.ccnx.ccn.profiles.security.access.AccessControlManager keysForOutput
INFORMAÇÕES: keysForOutput: found an acm: (null)
Jan 15, 2015 6:21:18 PM org.ccnx.ccn.impl.repo.RepositoryFlowControl startWrite
INFORMAÇÕES: RepositoryFlowControl.startWrite called for name /ccnx.org/test/SyncTestRepo-15-01-15-18.20.23/ccnSyncTest/slice4/randomFile/=FD054B82F4EE6A/%C1.META.M/.header/=FD054B82F4EEA0, shape STREAM
Jan 15, 2015 6:21:18 PM org.ccnx.ccn.impl.repo.RepositoryFlowControl handleContent
INFORMAÇÕES: handleContent: got potential repo message: /ccnx.org/test/SyncTestRepo-15-01-15-18.20.23/ccnSyncTest/slice4/randomFile/=FD054B82F4EE6A/%C1.META.M/.header/=FD054B82F4EEA0/%C1.R.sw/%C1.N=00AE168D99057D6AD3
Jan 15, 2015 6:21:18 PM org.ccnx.ccn.io.CCNOutputStream flushToNetwork
INFORMAÇÕES: flush: outputting to the segmenter, baseName /ccnx.org/test/SyncTestRepo-15-01-15-18.20.23/ccnSyncTest/slice4/randomFile/=FD054B82F4EE6A/%C1.META.M/.header/=FD054B82F4EEA0 basenameindex =00; 66 bytes written, holding back 66 flushing final blocks? false.
Jan 15, 2015 6:21:18 PM org.ccnx.ccn.io.CCNOutputStream flushToNetwork
INFORMAÇÕES: HEADER: CCNOutputStream: flushToNetwork: new _baseNameIndex 0
Jan 15, 2015 6:21:18 PM org.ccnx.ccn.io.CCNOutputStream flushToNetwork
INFORMAÇÕES: flush: outputting to the segmenter, baseName /ccnx.org/test/SyncTestRepo-15-01-15-18.20.23/ccnSyncTest/slice4/randomFile/=FD054B82F4EE6A/%C1.META.M/.header/=FD054B82F4EEA0 basenameindex =00; 66 bytes written, holding back 66 flushing final blocks? false.
Jan 15, 2015 6:21:18 PM org.ccnx.ccn.io.CCNOutputStream flushToNetwork
INFORMAÇÕES: HEADER: CCNOutputStream: flushToNetwork: new _baseNameIndex 0
Jan 15, 2015 6:21:18 PM org.ccnx.ccn.io.CCNOutputStream flushToNetwork
INFORMAÇÕES: flush: outputting to the segmenter, baseName /ccnx.org/test/SyncTestRepo-15-01-15-18.20.23/ccnSyncTest/slice4/randomFile/=FD054B82F4EE6A/%C1.META.M/.header/=FD054B82F4EEA0 basenameindex =00; 66 bytes written, holding back 0 flushing final blocks? true.
Jan 15, 2015 6:21:18 PM org.ccnx.ccn.io.CCNOutputStream flushToNetwork
INFORMAÇÕES: HEADER: CCNOutputStream: flushToNetwork: new _baseNameIndex 1
Jan 15, 2015 6:21:18 PM org.ccnx.ccn.io.CCNOutputStream close
INFORMAÇÕES: CCNOutputStream close: /ccnx.org/test/SyncTestRepo-15-01-15-18.20.23/ccnSyncTest/slice4/randomFile/=FD054B82F4EE6A/%C1.META.M/.header/=FD054B82F4EEA0
Jan 15, 2015 6:21:18 PM org.ccnx.ccn.io.CCNOutputStream close
INFORMAÇÕES: CCNOutputStream close: /ccnx.org/test/SyncTestRepo-15-01-15-18.20.23/ccnSyncTest/slice4/randomFile/=FD054B82F4EE6A
Jan 15, 2015 6:21:18 PM org.ccnx.ccn.profiles.sync.SyncTestCommon writeFile
INFORMAÇÕES: Wrote file to repository: /ccnx.org/test/SyncTestRepo-15-01-15-18.20.23/ccnSyncTest/slice4/randomFile/=FD054B82F4EE6A with 2 segments
Jan 15, 2015 6:21:18 PM org.ccnx.ccn.impl.CCNFlowControl <init>
INFORMAÇÕES: adding namespace: /ccnx.org/test/SyncTestRepo-15-01-15-18.20.23/ccnSyncTest/slice5/randomFile
Jan 15, 2015 6:21:19 PM org.ccnx.ccn.impl.security.keys.BasicKeyManager getKeyLocator
INFORMAÇÕES: getKeyLocator: returning locator NAME: /ccnx.org/Users/root/Keys/%C1.M.K=009234ADEC47D19E3E6A2AF362D44E09AB6B71F43B1900BA0622FB45F2A5B7D9F6/=FD054AE7DE1000 KEY:-reba89rgbj1o6ata34t5eovcl4kho5s9pnv8nstq15q1ld4g9ga for key kjSt7EfRnj5qKvNi1E4Jq2tx9DsZALoGIvtF8qW32fY=
Jan 15, 2015 6:21:19 PM org.ccnx.ccn.io.CCNAbstractOutputStream <init>
INFORMAÇÕES: CCNAbstractOutputStream: /ccnx.org/test/SyncTestRepo-15-01-15-18.20.23/ccnSyncTest/slice5/randomFile/=FD054B82F4F004 blocksize is 4096
Jan 15, 2015 6:21:19 PM org.ccnx.ccn.io.CCNAbstractOutputStream startWrite
INFORMAÇÕES: CCNAbstractOutputStream: startWrite -- searching for keys.
Jan 15, 2015 6:21:19 PM org.ccnx.ccn.profiles.security.access.AccessControlManager keysForOutput
INFORMAÇÕES: keysForOutput: found an acm: (null)
Jan 15, 2015 6:21:19 PM org.ccnx.ccn.impl.repo.RepositoryFlowControl startWrite
INFORMAÇÕES: RepositoryFlowControl.startWrite called for name /ccnx.org/test/SyncTestRepo-15-01-15-18.20.23/ccnSyncTest/slice5/randomFile/=FD054B82F4F004, shape STREAM
Jan 15, 2015 6:21:19 PM org.ccnx.ccn.impl.repo.RepositoryFlowControl handleContent
INFORMAÇÕES: handleContent: got potential repo message: /ccnx.org/test/SyncTestRepo-15-01-15-18.20.23/ccnSyncTest/slice5/randomFile/=FD054B82F4F004/%C1.R.sw/%C1.N=000B042452DAB67056
Jan 15, 2015 6:21:19 PM org.ccnx.ccn.profiles.sync.SyncTestCommon writeFile
DETALHADO: bytes: 3586 block size: 4096 div: 0.87548828125 ceil: 1
Jan 15, 2015 6:21:19 PM org.ccnx.ccn.profiles.sync.SyncTestCommon writeFile
DETALHADO: will write out a 3586 byte file, will have 2 segments (1 is a header)
Jan 15, 2015 6:21:19 PM org.ccnx.ccn.io.CCNOutputStream flushToNetwork
INFORMAÇÕES: flush: outputting to the segmenter, baseName /ccnx.org/test/SyncTestRepo-15-01-15-18.20.23/ccnSyncTest/slice5/randomFile/=FD054B82F4F004 basenameindex =00; 3586 bytes written, holding back 3586 flushing final blocks? false.
Jan 15, 2015 6:21:19 PM org.ccnx.ccn.io.CCNOutputStream flushToNetwork
INFORMAÇÕES: HEADER: CCNOutputStream: flushToNetwork: new _baseNameIndex 0
Jan 15, 2015 6:21:19 PM org.ccnx.ccn.io.CCNOutputStream flushToNetwork
INFORMAÇÕES: flush: outputting to the segmenter, baseName /ccnx.org/test/SyncTestRepo-15-01-15-18.20.23/ccnSyncTest/slice5/randomFile/=FD054B82F4F004 basenameindex =00; 3586 bytes written, holding back 3586 flushing final blocks? false.
Jan 15, 2015 6:21:19 PM org.ccnx.ccn.io.CCNOutputStream flushToNetwork
INFORMAÇÕES: HEADER: CCNOutputStream: flushToNetwork: new _baseNameIndex 0
Jan 15, 2015 6:21:19 PM org.ccnx.ccn.io.CCNOutputStream flushToNetwork
INFORMAÇÕES: flush: outputting to the segmenter, baseName /ccnx.org/test/SyncTestRepo-15-01-15-18.20.23/ccnSyncTest/slice5/randomFile/=FD054B82F4F004 basenameindex =00; 3586 bytes written, holding back 0 flushing final blocks? true.
Jan 15, 2015 6:21:19 PM org.ccnx.ccn.io.CCNOutputStream flushToNetwork
INFORMAÇÕES: HEADER: CCNOutputStream: flushToNetwork: new _baseNameIndex 1
Jan 15, 2015 6:21:19 PM org.ccnx.ccn.io.CCNAbstractOutputStream <init>
INFORMAÇÕES: CCNAbstractOutputStream: /ccnx.org/test/SyncTestRepo-15-01-15-18.20.23/ccnSyncTest/slice5/randomFile/=FD054B82F4F004/%C1.META.M/.header/=FD054B82F4F042 blocksize is 4096
Jan 15, 2015 6:21:19 PM org.ccnx.ccn.io.CCNAbstractOutputStream startWrite
INFORMAÇÕES: CCNAbstractOutputStream: startWrite -- searching for keys.
Jan 15, 2015 6:21:19 PM org.ccnx.ccn.profiles.security.access.AccessControlManager keysForOutput
INFORMAÇÕES: keysForOutput: found an acm: (null)
Jan 15, 2015 6:21:19 PM org.ccnx.ccn.impl.repo.RepositoryFlowControl startWrite
INFORMAÇÕES: RepositoryFlowControl.startWrite called for name /ccnx.org/test/SyncTestRepo-15-01-15-18.20.23/ccnSyncTest/slice5/randomFile/=FD054B82F4F004/%C1.META.M/.header/=FD054B82F4F042, shape STREAM
Jan 15, 2015 6:21:19 PM org.ccnx.ccn.impl.repo.RepositoryFlowControl handleContent
INFORMAÇÕES: handleContent: got potential repo message: /ccnx.org/test/SyncTestRepo-15-01-15-18.20.23/ccnSyncTest/slice5/randomFile/=FD054B82F4F004/%C1.META.M/.header/=FD054B82F4F042/%C1.R.sw/%C1.N=00E61B2103EC7BB196
Jan 15, 2015 6:21:19 PM org.ccnx.ccn.io.CCNOutputStream flushToNetwork
INFORMAÇÕES: flush: outputting to the segmenter, baseName /ccnx.org/test/SyncTestRepo-15-01-15-18.20.23/ccnSyncTest/slice5/randomFile/=FD054B82F4F004/%C1.META.M/.header/=FD054B82F4F042 basenameindex =00; 66 bytes written, holding back 66 flushing final blocks? false.
Jan 15, 2015 6:21:19 PM org.ccnx.ccn.io.CCNOutputStream flushToNetwork
INFORMAÇÕES: HEADER: CCNOutputStream: flushToNetwork: new _baseNameIndex 0
Jan 15, 2015 6:21:19 PM org.ccnx.ccn.io.CCNOutputStream flushToNetwork
INFORMAÇÕES: flush: outputting to the segmenter, baseName /ccnx.org/test/SyncTestRepo-15-01-15-18.20.23/ccnSyncTest/slice5/randomFile/=FD054B82F4F004/%C1.META.M/.header/=FD054B82F4F042 basenameindex =00; 66 bytes written, holding back 66 flushing final blocks? false.
Jan 15, 2015 6:21:19 PM org.ccnx.ccn.io.CCNOutputStream flushToNetwork
INFORMAÇÕES: HEADER: CCNOutputStream: flushToNetwork: new _baseNameIndex 0
Jan 15, 2015 6:21:19 PM org.ccnx.ccn.io.CCNOutputStream flushToNetwork
INFORMAÇÕES: flush: outputting to the segmenter, baseName /ccnx.org/test/SyncTestRepo-15-01-15-18.20.23/ccnSyncTest/slice5/randomFile/=FD054B82F4F004/%C1.META.M/.header/=FD054B82F4F042 basenameindex =00; 66 bytes written, holding back 0 flushing final blocks? true.
Jan 15, 2015 6:21:19 PM org.ccnx.ccn.io.CCNOutputStream flushToNetwork
INFORMAÇÕES: HEADER: CCNOutputStream: flushToNetwork: new _baseNameIndex 1
Jan 15, 2015 6:21:19 PM org.ccnx.ccn.io.CCNOutputStream close
INFORMAÇÕES: CCNOutputStream close: /ccnx.org/test/SyncTestRepo-15-01-15-18.20.23/ccnSyncTest/slice5/randomFile/=FD054B82F4F004/%C1.META.M/.header/=FD054B82F4F042
Jan 15, 2015 6:21:19 PM org.ccnx.ccn.io.CCNOutputStream close
INFORMAÇÕES: CCNOutputStream close: /ccnx.org/test/SyncTestRepo-15-01-15-18.20.23/ccnSyncTest/slice5/randomFile/=FD054B82F4F004
Jan 15, 2015 6:21:19 PM org.ccnx.ccn.profiles.sync.SyncTestCommon writeFile
INFORMAÇÕES: Wrote file to repository: /ccnx.org/test/SyncTestRepo-15-01-15-18.20.23/ccnSyncTest/slice5/randomFile/=FD054B82F4F004 with 2 segments
Jan 15, 2015 6:21:19 PM org.ccnx.ccn.profiles.sync.SyncTestRepo checkCallbacks
DETALHADO: checking for callbacks:  /ccnx.org/test/SyncTestRepo-15-01-15-18.20.23/ccnSyncTest/slice4 segments: 2
Jan 15, 2015 6:21:19 PM org.ccnx.ccn.profiles.sync.SyncTestRepo checkCallbacks
DETALHADO: trying to loop again looking for segments
Jan 15, 2015 6:21:20 PM org.ccnx.ccn.profiles.sync.SyncTestRepo checkCallbacks
DETALHADO: trying to loop again looking for segments
Jan 15, 2015 6:21:20 PM org.ccnx.ccn.profiles.sync.SyncTestRepo checkCallbacks
DETALHADO: trying to loop again looking for segments
Jan 15, 2015 6:21:21 PM org.ccnx.ccn.profiles.sync.SyncTestRepo checkCallbacks
DETALHADO: trying to loop again looking for segments
Jan 15, 2015 6:21:21 PM org.ccnx.ccn.profiles.sync.SyncTestRepo checkCallbacks
DETALHADO: trying to loop again looking for segments
Jan 15, 2015 6:21:22 PM org.ccnx.ccn.profiles.sync.SyncTestRepo checkCallbacks
DETALHADO: trying to loop again looking for segments
Jan 15, 2015 6:21:22 PM org.ccnx.ccn.impl.sync.ProtocolBasedSyncMonitor handleContent
INFORMAÇÕES: Saw new content from sync: /ccnx.org/test/SyncTestRepo-15-01-15-18.20.23/topoPrefix/%C1.S.ra/%B4zy=A5D8C9B70B2D8C81577F9C55936E0325CCC671465CFC00E6E151FB3562/.../=01ADE0CC4F4C313262FCFF2D5A0D4369F58CEFB87702320640E87AD829BEBD76F2
Jan 15, 2015 6:21:22 PM org.ccnx.ccn.profiles.sync.SyncTestRepo checkCallbacks
DETALHADO: trying to loop again looking for segments
Jan 15, 2015 6:21:22 PM org.ccnx.ccn.impl.sync.SliceComparator run
DETALHADO: Starting comparator run - state is INIT, sc is org.ccnx.ccn.impl.sync.SliceComparator@580760d7, this is the lead
Jan 15, 2015 6:21:22 PM org.ccnx.ccn.impl.encoding.BinaryXMLDecoder setElement
INFORMAÇÕES: Reset decode array sizes to 150
Jan 15, 2015 6:21:22 PM org.ccnx.ccn.impl.encoding.BinaryXMLDecoder setElement
INFORMAÇÕES: Reset decode array sizes to 225
Jan 15, 2015 6:21:22 PM org.ccnx.ccn.io.content.SyncNodeComposite decodeLogging
O MAIS DETALHADO: decode node for =01ADE0CC4F4C313262FCFF2D5A0D4369F58CEFB87702320640E87AD829BEBD76F2 depth = 1 refs = 2
Jan 15, 2015 6:21:22 PM org.ccnx.ccn.io.content.SyncNodeComposite decodeLogging
O MAIS DETALHADO: min is 0, max is 0, expanded min is /ccnx.org/test/SyncTestRepo-15-01-15-18.20.23/ccnSyncTest/slice4/randomFile/=FD054B82F4EE6A/=00/=CE99619C2E4082ED0EE5B5BFE9A02BCA182B2816DF1CFB802C9597447EF9CCA5, expanded max is /ccnx.org/test/SyncTestRepo-15-01-15-18.20.23/ccnSyncTest/slice4/randomFile/=FD054B82F4EE6A/%C1.META.M/.header/=FD054B82F4EEA0/=00/%DFGj=B31DF0AF75EE19779A23A33E2B74C4906023150AC0BBE540E53FC3AA4D
Jan 15, 2015 6:21:22 PM org.ccnx.ccn.impl.sync.SliceComparator run
INFORMAÇÕES: Starting new round with X = null and Y = =01ADE0CC4F4C313262FCFF2D5A0D4369F58CEFB87702320640E87AD829BEBD76F2
Jan 15, 2015 6:21:22 PM org.ccnx.ccn.impl.sync.SliceComparator doComparison
O MAIS DETALHADO: Y hash only for =01ADE0CC4F4C313262FCFF2D5A0D4369F58CEFB87702320640E87AD829BEBD76F2, type is LEAF, pos is 0
Jan 15, 2015 6:21:22 PM org.ccnx.ccn.profiles.sync.SyncTestRepo doHandleContentName
INFORMAÇÕES: Number 1: Callback for name: /ccnx.org/test/SyncTestRepo-15-01-15-18.20.23/ccnSyncTest/slice4/randomFile/=FD054B82F4EE6A/=00 - number is 0
Jan 15, 2015 6:21:22 PM org.ccnx.ccn.impl.sync.SliceComparator doComparison
O MAIS DETALHADO: Y hash only for =01ADE0CC4F4C313262FCFF2D5A0D4369F58CEFB87702320640E87AD829BEBD76F2, type is LEAF, pos is 1
Jan 15, 2015 6:21:22 PM org.ccnx.ccn.profiles.sync.SyncTestRepo doHandleContentName
INFORMAÇÕES: Number 1: Callback for name: /ccnx.org/test/SyncTestRepo-15-01-15-18.20.23/ccnSyncTest/slice4/randomFile/=FD054B82F4EE6A/%C1.META.M/.header/=FD054B82F4EEA0/=00 - number is header
Jan 15, 2015 6:21:22 PM org.ccnx.ccn.impl.sync.SliceComparator updateCurrent
O MAIS DETALHADO: Starting update from hash =01ADE0CC4F4C313262FCFF2D5A0D4369F58CEFB87702320640E87AD829BEBD76F2
Jan 15, 2015 6:21:22 PM org.ccnx.ccn.impl.sync.SliceComparator updateCurrent
O MAIS DETALHADO: Update compare: name from tree (expanded) is /ccnx.org/test/SyncTestRepo-15-01-15-18.20.23/ccnSyncTest/slice4/randomFile/=FD054B82F4EE6A/=00/=CE99619C2E4082ED0EE5B5BFE9A02BCA182B2816DF1CFB802C9597447EF9CCA5, name  is /ccnx.org/test/SyncTestRepo-15-01-15-18.20.23/ccnSyncTest/slice4/randomFile/=FD054B82F4EE6A/=00/=CE99619C2E4082ED0EE5B5BFE9A02BCA182B2816DF1CFB802C9597447EF9CCA5, comp is 0
Jan 15, 2015 6:21:22 PM org.ccnx.ccn.impl.sync.SliceComparator updateCurrent
O MAIS DETALHADO: Update compare: name from tree (expanded) is /ccnx.org/test/SyncTestRepo-15-01-15-18.20.23/ccnSyncTest/slice4/randomFile/=FD054B82F4EE6A/%C1.META.M/.header/=FD054B82F4EEA0/=00/%DFGj=B31DF0AF75EE19779A23A33E2B74C4906023150AC0BBE540E53FC3AA4D, name  is /ccnx.org/test/SyncTestRepo-15-01-15-18.20.23/ccnSyncTest/slice4/randomFile/=FD054B82F4EE6A/%C1.META.M/.header/=FD054B82F4EEA0/=00/%DFGj=B31DF0AF75EE19779A23A33E2B74C4906023150AC0BBE540E53FC3AA4D, comp is 0
Jan 15, 2015 6:21:22 PM org.ccnx.ccn.impl.sync.ProtocolBasedSyncMonitor handleContent
INFORMAÇÕES: Saw new content from sync: /ccnx.org/test/SyncTestRepo-15-01-15-18.20.23/topoPrefix/%C1.S.ra/u=A914E4A1CFD9AC4A20CC7894E5972156F8F3B34A40DAFE8C0B160643B7F73B/.../%D56%EAud=AC073C3A92340E13E3A4026C0D21F6B794998AD49090647122176C
Jan 15, 2015 6:21:23 PM org.ccnx.ccn.impl.sync.SliceComparator run
DETALHADO: Starting comparator run - state is INIT, sc is org.ccnx.ccn.impl.sync.SliceComparator@4e05faa7, this is the lead
Jan 15, 2015 6:21:23 PM org.ccnx.ccn.impl.encoding.BinaryXMLDecoder setElement
INFORMAÇÕES: Reset decode array sizes to 150
Jan 15, 2015 6:21:23 PM org.ccnx.ccn.impl.encoding.BinaryXMLDecoder setElement
INFORMAÇÕES: Reset decode array sizes to 225
Jan 15, 2015 6:21:23 PM org.ccnx.ccn.io.content.SyncNodeComposite decodeLogging
O MAIS DETALHADO: decode node for %D56%EAud=AC073C3A92340E13E3A4026C0D21F6B794998AD49090647122176C depth = 1 refs = 2
Jan 15, 2015 6:21:23 PM org.ccnx.ccn.io.content.SyncNodeComposite decodeLogging
O MAIS DETALHADO: min is 0, max is 0, expanded min is /ccnx.org/test/SyncTestRepo-15-01-15-18.20.23/ccnSyncTest/slice5/randomFile/=FD054B82F4F004/=00/jC4b=C32BFE104FA0C2D2E286D19D3F444C43A9FF8F78E317295851591B97, expanded max is /ccnx.org/test/SyncTestRepo-15-01-15-18.20.23/ccnSyncTest/slice5/randomFile/=FD054B82F4F004/%C1.META.M/.header/=FD054B82F4F042/=00/j=F3B612A180092BEAF1713B315CD2652CC8D5B30D950A11F179670C1FC8FBD5
Jan 15, 2015 6:21:23 PM org.ccnx.ccn.impl.sync.SliceComparator run
INFORMAÇÕES: Starting new round with X = null and Y = %D56%EAud=AC073C3A92340E13E3A4026C0D21F6B794998AD49090647122176C
Jan 15, 2015 6:21:23 PM org.ccnx.ccn.impl.sync.SliceComparator doComparison
O MAIS DETALHADO: Y hash only for %D56%EAud=AC073C3A92340E13E3A4026C0D21F6B794998AD49090647122176C, type is LEAF, pos is 0
Jan 15, 2015 6:21:23 PM org.ccnx.ccn.profiles.sync.SyncTestRepo doHandleContentName
INFORMAÇÕES: Number 1: Callback for name: /ccnx.org/test/SyncTestRepo-15-01-15-18.20.23/ccnSyncTest/slice5/randomFile/=FD054B82F4F004/=00 - number is 0
Jan 15, 2015 6:21:23 PM org.ccnx.ccn.impl.sync.SliceComparator doComparison
O MAIS DETALHADO: Y hash only for %D56%EAud=AC073C3A92340E13E3A4026C0D21F6B794998AD49090647122176C, type is LEAF, pos is 1
Jan 15, 2015 6:21:23 PM org.ccnx.ccn.profiles.sync.SyncTestRepo doHandleContentName
INFORMAÇÕES: Number 1: Callback for name: /ccnx.org/test/SyncTestRepo-15-01-15-18.20.23/ccnSyncTest/slice5/randomFile/=FD054B82F4F004/%C1.META.M/.header/=FD054B82F4F042/=00 - number is header
Jan 15, 2015 6:21:23 PM org.ccnx.ccn.impl.sync.SliceComparator updateCurrent
O MAIS DETALHADO: Starting update from hash %D56%EAud=AC073C3A92340E13E3A4026C0D21F6B794998AD49090647122176C
Jan 15, 2015 6:21:23 PM org.ccnx.ccn.impl.sync.SliceComparator updateCurrent
O MAIS DETALHADO: Update compare: name from tree (expanded) is /ccnx.org/test/SyncTestRepo-15-01-15-18.20.23/ccnSyncTest/slice5/randomFile/=FD054B82F4F004/=00/jC4b=C32BFE104FA0C2D2E286D19D3F444C43A9FF8F78E317295851591B97, name  is /ccnx.org/test/SyncTestRepo-15-01-15-18.20.23/ccnSyncTest/slice5/randomFile/=FD054B82F4F004/=00/jC4b=C32BFE104FA0C2D2E286D19D3F444C43A9FF8F78E317295851591B97, comp is 0
Jan 15, 2015 6:21:23 PM org.ccnx.ccn.impl.sync.SliceComparator updateCurrent
O MAIS DETALHADO: Update compare: name from tree (expanded) is /ccnx.org/test/SyncTestRepo-15-01-15-18.20.23/ccnSyncTest/slice5/randomFile/=FD054B82F4F004/%C1.META.M/.header/=FD054B82F4F042/=00/j=F3B612A180092BEAF1713B315CD2652CC8D5B30D950A11F179670C1FC8FBD5, name  is /ccnx.org/test/SyncTestRepo-15-01-15-18.20.23/ccnSyncTest/slice5/randomFile/=FD054B82F4F004/%C1.META.M/.header/=FD054B82F4F042/=00/j=F3B612A180092BEAF1713B315CD2652CC8D5B30D950A11F179670C1FC8FBD5, comp is 0
Jan 15, 2015 6:21:23 PM org.ccnx.ccn.profiles.sync.SyncTestRepo checkCallbacks
DETALHADO: got segment 0
Jan 15, 2015 6:21:23 PM org.ccnx.ccn.profiles.sync.SyncTestRepo checkCallbacks
DETALHADO: received: [true, false] finished: [true, true]
Jan 15, 2015 6:21:23 PM org.ccnx.ccn.profiles.sync.SyncTestRepo checkCallbacks
DETALHADO: got the header
Jan 15, 2015 6:21:23 PM org.ccnx.ccn.profiles.sync.SyncTestRepo checkCallbacks
DETALHADO: received: [true, true] finished: [true, true]
Jan 15, 2015 6:21:23 PM org.ccnx.ccn.profiles.sync.SyncTestRepo checkCallbacks
DETALHADO: got all the segments!
Jan 15, 2015 6:21:23 PM org.ccnx.ccn.profiles.sync.SyncTestRepo checkCallbacks
DETALHADO: trying to loop again looking for segments
Jan 15, 2015 6:21:23 PM org.ccnx.ccn.profiles.sync.SyncTestRepo checkCallbacks
DETALHADO: done looping, returning.
Jan 15, 2015 6:21:23 PM org.ccnx.ccn.profiles.sync.SyncTestRepo checkCallbacks
DETALHADO: checking for callbacks:  /ccnx.org/test/SyncTestRepo-15-01-15-18.20.23/ccnSyncTest/slice5 segments: 2
Jan 15, 2015 6:21:23 PM org.ccnx.ccn.profiles.sync.SyncTestRepo checkCallbacks
DETALHADO: got segment 0
Jan 15, 2015 6:21:23 PM org.ccnx.ccn.profiles.sync.SyncTestRepo checkCallbacks
DETALHADO: received: [true, false] finished: [true, true]
Jan 15, 2015 6:21:23 PM org.ccnx.ccn.profiles.sync.SyncTestRepo checkCallbacks
DETALHADO: got the header
Jan 15, 2015 6:21:23 PM org.ccnx.ccn.profiles.sync.SyncTestRepo checkCallbacks
DETALHADO: received: [true, true] finished: [true, true]
Jan 15, 2015 6:21:23 PM org.ccnx.ccn.profiles.sync.SyncTestRepo checkCallbacks
DETALHADO: got all the segments!
Jan 15, 2015 6:21:23 PM org.ccnx.ccn.profiles.sync.SyncTestRepo checkCallbacks
DETALHADO: trying to loop again looking for segments
Jan 15, 2015 6:21:23 PM org.ccnx.ccn.profiles.sync.SyncTestRepo checkCallbacks
DETALHADO: done looping, returning.
Jan 15, 2015 6:21:23 PM org.ccnx.ccn.impl.sync.ProtocolBasedSyncMonitor shutdown
INFORMAÇÕES: Shutting down sync on slice: /ccnx.org/test/SyncTestRepo-15-01-15-18.20.23/ccnSyncTest/slice4
Jan 15, 2015 6:21:23 PM org.ccnx.ccn.impl.sync.ProtocolBasedSyncMonitor shutdown
INFORMAÇÕES: Shutting down sync on slice: /ccnx.org/test/SyncTestRepo-15-01-15-18.20.23/ccnSyncTest/slice5
Jan 15, 2015 6:21:23 PM org.ccnx.ccn.profiles.sync.SyncTestRepo testCallbackRegistration
INFORMAÇÕES: Finished running testSyncStop
Jan 15, 2015 6:21:23 PM org.ccnx.ccn.profiles.sync.SyncTestRepo setUpNameSpace
DETALHADO: setting up namespace for sync test  data: /ccnx.org/test/SyncTestRepo-15-01-15-18.20.23/ccnSyncTest syncControlTraffic: /ccnx.org/test/SyncTestRepo-15-01-15-18.20.23/topoPrefix
Jan 15, 2015 6:21:23 PM org.ccnx.ccn.profiles.sync.SyncTestRepo testSyncRecovery
INFORMAÇÕES: Starting testSyncRecovery
Jan 15, 2015 6:21:23 PM org.ccnx.ccn.io.content.CCNNetworkObject createFlowController
INFORMAÇÕES: Created LOCALREPOSITORY flow controller, for prefix /%C1.M.S.localhost/%C1.S.cs/x%E7U.=86853EF050D99AC7B6E19C29B7AECFA1B2568CAD74E733BCB2443F63, save type LOCALREPOSITORY
Jan 15, 2015 6:21:23 PM org.ccnx.ccn.profiles.VersioningProfile getLatestVersion
INFORMAÇÕES: getFirstBlockOfLatestVersion: no block available for later version of /%C1.M.S.localhost/%C1.S.cs/x%E7U.=86853EF050D99AC7B6E19C29B7AECFA1B2568CAD74E733BCB2443F63
Jan 15, 2015 6:21:23 PM org.ccnx.ccn.io.content.ConfigSlice checkAndCreate
DETALHADO: didn't find a slice in my repo.
Jan 15, 2015 6:21:23 PM org.ccnx.ccn.io.content.ConfigSlice checkAndCreate
DETALHADO: need to save my data to create the slice for the repo!
Jan 15, 2015 6:21:23 PM org.ccnx.ccn.impl.CCNFlowControl addNameSpace
INFORMAÇÕES: Flow controller addNameSpace: added namespace: /%C1.M.S.localhost/%C1.S.cs/x%E7U.=86853EF050D99AC7B6E19C29B7AECFA1B2568CAD74E733BCB2443F63
Jan 15, 2015 6:21:23 PM org.ccnx.ccn.impl.security.keys.BasicKeyManager getKeyLocator
INFORMAÇÕES: getKeyLocator: returning locator NAME: /ccnx.org/Users/root/Keys/%C1.M.K=009234ADEC47D19E3E6A2AF362D44E09AB6B71F43B1900BA0622FB45F2A5B7D9F6/=FD054AE7DE1000 KEY:-reba89rgbj1o6ata34t5eovcl4kho5s9pnv8nstq15q1ld4g9ga for key kjSt7EfRnj5qKvNi1E4Jq2tx9DsZALoGIvtF8qW32fY=
Jan 15, 2015 6:21:23 PM org.ccnx.ccn.io.CCNAbstractOutputStream <init>
INFORMAÇÕES: CCNAbstractOutputStream: /%C1.M.S.localhost/%C1.S.cs/x%E7U.=86853EF050D99AC7B6E19C29B7AECFA1B2568CAD74E733BCB2443F63/=FD054B82F53E25 blocksize is 4096
Jan 15, 2015 6:21:23 PM org.ccnx.ccn.io.CCNAbstractOutputStream startWrite
INFORMAÇÕES: CCNAbstractOutputStream: startWrite -- searching for keys.
Jan 15, 2015 6:21:23 PM org.ccnx.ccn.profiles.security.access.AccessControlManager keysForOutput
INFORMAÇÕES: keysForOutput: found an acm: (null)
Jan 15, 2015 6:21:23 PM org.ccnx.ccn.impl.repo.RepositoryFlowControl startWrite
INFORMAÇÕES: RepositoryFlowControl.startWrite called for name /%C1.M.S.localhost/%C1.S.cs/x%E7U.=86853EF050D99AC7B6E19C29B7AECFA1B2568CAD74E733BCB2443F63/=FD054B82F53E25, shape STREAM
Jan 15, 2015 6:21:23 PM org.ccnx.ccn.impl.repo.RepositoryFlowControl handleContent
INFORMAÇÕES: handleContent: got potential repo message: /%C1.M.S.localhost/%C1.S.cs/x%E7U.=86853EF050D99AC7B6E19C29B7AECFA1B2568CAD74E733BCB2443F63/=FD054B82F53E25/%C1.R.sw/%C1.N%00O%C0YYE=5E9C1A
Jan 15, 2015 6:21:23 PM org.ccnx.ccn.io.CCNOutputStream flushToNetwork
INFORMAÇÕES: flush: outputting to the segmenter, baseName /%C1.M.S.localhost/%C1.S.cs/x%E7U.=86853EF050D99AC7B6E19C29B7AECFA1B2568CAD74E733BCB2443F63/=FD054B82F53E25 basenameindex =00; 163 bytes written, holding back 163 flushing final blocks? false.
Jan 15, 2015 6:21:23 PM org.ccnx.ccn.io.CCNOutputStream flushToNetwork
INFORMAÇÕES: HEADER: CCNOutputStream: flushToNetwork: new _baseNameIndex 0
Jan 15, 2015 6:21:23 PM org.ccnx.ccn.io.CCNOutputStream flushToNetwork
INFORMAÇÕES: flush: outputting to the segmenter, baseName /%C1.M.S.localhost/%C1.S.cs/x%E7U.=86853EF050D99AC7B6E19C29B7AECFA1B2568CAD74E733BCB2443F63/=FD054B82F53E25 basenameindex =00; 163 bytes written, holding back 0 flushing final blocks? true.
Jan 15, 2015 6:21:23 PM org.ccnx.ccn.io.CCNOutputStream flushToNetwork
INFORMAÇÕES: HEADER: CCNOutputStream: flushToNetwork: new _baseNameIndex 1
Jan 15, 2015 6:21:23 PM org.ccnx.ccn.io.CCNOutputStream close
INFORMAÇÕES: CCNOutputStream close: /%C1.M.S.localhost/%C1.S.cs/x%E7U.=86853EF050D99AC7B6E19C29B7AECFA1B2568CAD74E733BCB2443F63/=FD054B82F53E25
Jan 15, 2015 6:21:23 PM org.ccnx.ccn.impl.sync.SliceComparator <init>
INFORMAÇÕES: Beginning sync monitoring from start
Jan 15, 2015 6:21:23 PM org.ccnx.ccn.impl.sync.SliceComparator setTimeout
DETALHADO: Sync timeout changed to 3000
Jan 15, 2015 6:21:23 PM org.ccnx.ccn.impl.sync.ProtocolBasedSyncMonitor registerCallback
DETALHADO: Starting a new comparator - it is the lead.
Jan 15, 2015 6:21:23 PM org.ccnx.ccn.CCNSync startSync
INFORMAÇÕES: Started sync with topo: /ccnx.org/test/SyncTestRepo-15-01-15-18.20.23/topoPrefix and prefix: /ccnx.org/test/SyncTestRepo-15-01-15-18.20.23/ccnSyncTest/slice10
Jan 15, 2015 6:21:23 PM org.ccnx.ccn.profiles.sync.SyncTestRepo testSyncRecovery
DETALHADO: writing out file: /ccnx.org/test/SyncTestRepo-15-01-15-18.20.23/ccnSyncTest/slice10
Jan 15, 2015 6:21:23 PM org.ccnx.ccn.impl.CCNFlowControl <init>
INFORMAÇÕES: adding namespace: /ccnx.org/test/SyncTestRepo-15-01-15-18.20.23/ccnSyncTest/slice10/randomFile
Jan 15, 2015 6:21:23 PM org.ccnx.ccn.impl.security.keys.BasicKeyManager getKeyLocator
INFORMAÇÕES: getKeyLocator: returning locator NAME: /ccnx.org/Users/root/Keys/%C1.M.K=009234ADEC47D19E3E6A2AF362D44E09AB6B71F43B1900BA0622FB45F2A5B7D9F6/=FD054AE7DE1000 KEY:-reba89rgbj1o6ata34t5eovcl4kho5s9pnv8nstq15q1ld4g9ga for key kjSt7EfRnj5qKvNi1E4Jq2tx9DsZALoGIvtF8qW32fY=
Jan 15, 2015 6:21:23 PM org.ccnx.ccn.io.CCNAbstractOutputStream <init>
INFORMAÇÕES: CCNAbstractOutputStream: /ccnx.org/test/SyncTestRepo-15-01-15-18.20.23/ccnSyncTest/slice10/randomFile/=FD054B82F53F79 blocksize is 4096
Jan 15, 2015 6:21:23 PM org.ccnx.ccn.io.CCNAbstractOutputStream startWrite
INFORMAÇÕES: CCNAbstractOutputStream: startWrite -- searching for keys.
Jan 15, 2015 6:21:23 PM org.ccnx.ccn.profiles.security.access.AccessControlManager keysForOutput
INFORMAÇÕES: keysForOutput: found an acm: (null)
Jan 15, 2015 6:21:23 PM org.ccnx.ccn.impl.repo.RepositoryFlowControl startWrite
INFORMAÇÕES: RepositoryFlowControl.startWrite called for name /ccnx.org/test/SyncTestRepo-15-01-15-18.20.23/ccnSyncTest/slice10/randomFile/=FD054B82F53F79, shape STREAM
Jan 15, 2015 6:21:23 PM org.ccnx.ccn.impl.repo.RepositoryFlowControl handleContent
INFORMAÇÕES: handleContent: got potential repo message: /ccnx.org/test/SyncTestRepo-15-01-15-18.20.23/ccnSyncTest/slice10/randomFile/=FD054B82F53F79/%C1.R.sw/%C1.N%00Sm~=CBEC83B1A1
Jan 15, 2015 6:21:23 PM org.ccnx.ccn.profiles.sync.SyncTestCommon writeFile
DETALHADO: bytes: 4096 block size: 4096 div: 1.0 ceil: 1
Jan 15, 2015 6:21:23 PM org.ccnx.ccn.profiles.sync.SyncTestCommon writeFile
DETALHADO: will write out a 4096 byte file, will have 2 segments (1 is a header)
Jan 15, 2015 6:21:23 PM org.ccnx.ccn.io.CCNOutputStream flushToNetwork
INFORMAÇÕES: flush: outputting to the segmenter, baseName /ccnx.org/test/SyncTestRepo-15-01-15-18.20.23/ccnSyncTest/slice10/randomFile/=FD054B82F53F79 basenameindex =00; 4096 bytes written, holding back 4096 flushing final blocks? false.
Jan 15, 2015 6:21:23 PM org.ccnx.ccn.io.CCNOutputStream flushToNetwork
INFORMAÇÕES: HEADER: CCNOutputStream: flushToNetwork: new _baseNameIndex 0
Jan 15, 2015 6:21:23 PM org.ccnx.ccn.io.CCNOutputStream flushToNetwork
INFORMAÇÕES: flush: outputting to the segmenter, baseName /ccnx.org/test/SyncTestRepo-15-01-15-18.20.23/ccnSyncTest/slice10/randomFile/=FD054B82F53F79 basenameindex =00; 4096 bytes written, holding back 4096 flushing final blocks? false.
Jan 15, 2015 6:21:23 PM org.ccnx.ccn.io.CCNOutputStream flushToNetwork
INFORMAÇÕES: HEADER: CCNOutputStream: flushToNetwork: new _baseNameIndex 0
Jan 15, 2015 6:21:23 PM org.ccnx.ccn.io.CCNOutputStream flushToNetwork
INFORMAÇÕES: flush: outputting to the segmenter, baseName /ccnx.org/test/SyncTestRepo-15-01-15-18.20.23/ccnSyncTest/slice10/randomFile/=FD054B82F53F79 basenameindex =00; 4096 bytes written, holding back 0 flushing final blocks? true.
Jan 15, 2015 6:21:23 PM org.ccnx.ccn.io.CCNOutputStream flushToNetwork
INFORMAÇÕES: HEADER: CCNOutputStream: flushToNetwork: new _baseNameIndex 1
Jan 15, 2015 6:21:23 PM org.ccnx.ccn.io.CCNAbstractOutputStream <init>
INFORMAÇÕES: CCNAbstractOutputStream: /ccnx.org/test/SyncTestRepo-15-01-15-18.20.23/ccnSyncTest/slice10/randomFile/=FD054B82F53F79/%C1.META.M/.header/=FD054B82F53FB2 blocksize is 4096
Jan 15, 2015 6:21:23 PM org.ccnx.ccn.io.CCNAbstractOutputStream startWrite
INFORMAÇÕES: CCNAbstractOutputStream: startWrite -- searching for keys.
Jan 15, 2015 6:21:23 PM org.ccnx.ccn.profiles.security.access.AccessControlManager keysForOutput
INFORMAÇÕES: keysForOutput: found an acm: (null)
Jan 15, 2015 6:21:23 PM org.ccnx.ccn.impl.repo.RepositoryFlowControl startWrite
INFORMAÇÕES: RepositoryFlowControl.startWrite called for name /ccnx.org/test/SyncTestRepo-15-01-15-18.20.23/ccnSyncTest/slice10/randomFile/=FD054B82F53F79/%C1.META.M/.header/=FD054B82F53FB2, shape STREAM
Jan 15, 2015 6:21:23 PM org.ccnx.ccn.impl.repo.RepositoryFlowControl handleContent
INFORMAÇÕES: handleContent: got potential repo message: /ccnx.org/test/SyncTestRepo-15-01-15-18.20.23/ccnSyncTest/slice10/randomFile/=FD054B82F53F79/%C1.META.M/.header/=FD054B82F53FB2/%C1.R.sw/%C1.N=00D3C93878484C0756
Jan 15, 2015 6:21:23 PM org.ccnx.ccn.io.CCNOutputStream flushToNetwork
INFORMAÇÕES: flush: outputting to the segmenter, baseName /ccnx.org/test/SyncTestRepo-15-01-15-18.20.23/ccnSyncTest/slice10/randomFile/=FD054B82F53F79/%C1.META.M/.header/=FD054B82F53FB2 basenameindex =00; 66 bytes written, holding back 66 flushing final blocks? false.
Jan 15, 2015 6:21:23 PM org.ccnx.ccn.io.CCNOutputStream flushToNetwork
INFORMAÇÕES: HEADER: CCNOutputStream: flushToNetwork: new _baseNameIndex 0
Jan 15, 2015 6:21:23 PM org.ccnx.ccn.io.CCNOutputStream flushToNetwork
INFORMAÇÕES: flush: outputting to the segmenter, baseName /ccnx.org/test/SyncTestRepo-15-01-15-18.20.23/ccnSyncTest/slice10/randomFile/=FD054B82F53F79/%C1.META.M/.header/=FD054B82F53FB2 basenameindex =00; 66 bytes written, holding back 66 flushing final blocks? false.
Jan 15, 2015 6:21:23 PM org.ccnx.ccn.io.CCNOutputStream flushToNetwork
INFORMAÇÕES: HEADER: CCNOutputStream: flushToNetwork: new _baseNameIndex 0
Jan 15, 2015 6:21:23 PM org.ccnx.ccn.io.CCNOutputStream flushToNetwork
INFORMAÇÕES: flush: outputting to the segmenter, baseName /ccnx.org/test/SyncTestRepo-15-01-15-18.20.23/ccnSyncTest/slice10/randomFile/=FD054B82F53F79/%C1.META.M/.header/=FD054B82F53FB2 basenameindex =00; 66 bytes written, holding back 0 flushing final blocks? true.
Jan 15, 2015 6:21:23 PM org.ccnx.ccn.io.CCNOutputStream flushToNetwork
INFORMAÇÕES: HEADER: CCNOutputStream: flushToNetwork: new _baseNameIndex 1
Jan 15, 2015 6:21:24 PM org.ccnx.ccn.io.CCNOutputStream close
INFORMAÇÕES: CCNOutputStream close: /ccnx.org/test/SyncTestRepo-15-01-15-18.20.23/ccnSyncTest/slice10/randomFile/=FD054B82F53F79/%C1.META.M/.header/=FD054B82F53FB2
Jan 15, 2015 6:21:24 PM org.ccnx.ccn.io.CCNOutputStream close
INFORMAÇÕES: CCNOutputStream close: /ccnx.org/test/SyncTestRepo-15-01-15-18.20.23/ccnSyncTest/slice10/randomFile/=FD054B82F53F79
Jan 15, 2015 6:21:24 PM org.ccnx.ccn.profiles.sync.SyncTestCommon writeFile
INFORMAÇÕES: Wrote file to repository: /ccnx.org/test/SyncTestRepo-15-01-15-18.20.23/ccnSyncTest/slice10/randomFile/=FD054B82F53F79 with 2 segments
Jan 15, 2015 6:21:24 PM org.ccnx.ccn.profiles.sync.SyncTestRepo checkCallbacks
DETALHADO: checking for callbacks:  /ccnx.org/test/SyncTestRepo-15-01-15-18.20.23/ccnSyncTest/slice10 segments: 2
Jan 15, 2015 6:21:24 PM org.ccnx.ccn.profiles.sync.SyncTestRepo checkCallbacks
DETALHADO: trying to loop again looking for segments
Jan 15, 2015 6:21:25 PM org.ccnx.ccn.profiles.sync.SyncTestRepo checkCallbacks
DETALHADO: trying to loop again looking for segments
Jan 15, 2015 6:21:25 PM org.ccnx.ccn.profiles.sync.SyncTestRepo checkCallbacks
DETALHADO: trying to loop again looking for segments
Jan 15, 2015 6:21:26 PM org.ccnx.ccn.profiles.sync.SyncTestRepo checkCallbacks
DETALHADO: trying to loop again looking for segments
Jan 15, 2015 6:21:26 PM org.ccnx.ccn.profiles.sync.SyncTestRepo checkCallbacks
DETALHADO: trying to loop again looking for segments
Jan 15, 2015 6:21:27 PM org.ccnx.ccn.profiles.sync.SyncTestRepo checkCallbacks
DETALHADO: trying to loop again looking for segments
Jan 15, 2015 6:21:27 PM org.ccnx.ccn.profiles.sync.SyncTestRepo checkCallbacks
DETALHADO: trying to loop again looking for segments
Jan 15, 2015 6:21:27 PM org.ccnx.ccn.impl.sync.ProtocolBasedSyncMonitor handleContent
INFORMAÇÕES: Saw new content from sync: /ccnx.org/test/SyncTestRepo-15-01-15-18.20.23/topoPrefix/%C1.S.ra/x%E7U.=86853EF050D99AC7B6E19C29B7AECFA1B2568CAD74E733BCB2443F63/.../U=B65BF82BB7BDFA3AE7733582BED945B0D8A7F07ED225475984B19637201B2F
Jan 15, 2015 6:21:28 PM org.ccnx.ccn.profiles.sync.SyncTestRepo checkCallbacks
DETALHADO: trying to loop again looking for segments
Jan 15, 2015 6:21:28 PM org.ccnx.ccn.impl.sync.SliceComparator run
DETALHADO: Starting comparator run - state is INIT, sc is org.ccnx.ccn.impl.sync.SliceComparator@ca0898b, this is the lead
Jan 15, 2015 6:21:28 PM org.ccnx.ccn.impl.encoding.BinaryXMLDecoder setElement
INFORMAÇÕES: Reset decode array sizes to 150
Jan 15, 2015 6:21:28 PM org.ccnx.ccn.impl.encoding.BinaryXMLDecoder setElement
INFORMAÇÕES: Reset decode array sizes to 225
Jan 15, 2015 6:21:28 PM org.ccnx.ccn.io.content.SyncNodeComposite decodeLogging
O MAIS DETALHADO: decode node for U=B65BF82BB7BDFA3AE7733582BED945B0D8A7F07ED225475984B19637201B2F depth = 1 refs = 2
Jan 15, 2015 6:21:28 PM org.ccnx.ccn.io.content.SyncNodeComposite decodeLogging
O MAIS DETALHADO: min is 0, max is 0, expanded min is /ccnx.org/test/SyncTestRepo-15-01-15-18.20.23/ccnSyncTest/slice10/randomFile/=FD054B82F53F79/=00/=3CBEB0282FE72CD7F7CF0696455493A1CE4F4E488F469319834E10584FC5C583, expanded max is /ccnx.org/test/SyncTestRepo-15-01-15-18.20.23/ccnSyncTest/slice10/randomFile/=FD054B82F53F79/%C1.META.M/.header/=FD054B82F53FB2/=00/=18F7ABCFFBD0912243186C9F3D6A45A3E28959A7EF8B922DD636A13DE75A55AC
Jan 15, 2015 6:21:28 PM org.ccnx.ccn.impl.sync.SliceComparator run
INFORMAÇÕES: Starting new round with X = null and Y = U=B65BF82BB7BDFA3AE7733582BED945B0D8A7F07ED225475984B19637201B2F
Jan 15, 2015 6:21:28 PM org.ccnx.ccn.impl.sync.SliceComparator doComparison
O MAIS DETALHADO: Y hash only for U=B65BF82BB7BDFA3AE7733582BED945B0D8A7F07ED225475984B19637201B2F, type is LEAF, pos is 0
Jan 15, 2015 6:21:28 PM org.ccnx.ccn.profiles.sync.SyncTestRepo doHandleContentName
INFORMAÇÕES: Number 1: Callback for name: /ccnx.org/test/SyncTestRepo-15-01-15-18.20.23/ccnSyncTest/slice10/randomFile/=FD054B82F53F79/=00 - number is 0
Jan 15, 2015 6:21:28 PM org.ccnx.ccn.impl.sync.SliceComparator doComparison
O MAIS DETALHADO: Y hash only for U=B65BF82BB7BDFA3AE7733582BED945B0D8A7F07ED225475984B19637201B2F, type is LEAF, pos is 1
Jan 15, 2015 6:21:28 PM org.ccnx.ccn.profiles.sync.SyncTestRepo doHandleContentName
INFORMAÇÕES: Number 1: Callback for name: /ccnx.org/test/SyncTestRepo-15-01-15-18.20.23/ccnSyncTest/slice10/randomFile/=FD054B82F53F79/%C1.META.M/.header/=FD054B82F53FB2/=00 - number is header
Jan 15, 2015 6:21:28 PM org.ccnx.ccn.impl.sync.SliceComparator updateCurrent
O MAIS DETALHADO: Starting update from hash U=B65BF82BB7BDFA3AE7733582BED945B0D8A7F07ED225475984B19637201B2F
Jan 15, 2015 6:21:28 PM org.ccnx.ccn.impl.sync.SliceComparator updateCurrent
O MAIS DETALHADO: Update compare: name from tree (expanded) is /ccnx.org/test/SyncTestRepo-15-01-15-18.20.23/ccnSyncTest/slice10/randomFile/=FD054B82F53F79/=00/=3CBEB0282FE72CD7F7CF0696455493A1CE4F4E488F469319834E10584FC5C583, name  is /ccnx.org/test/SyncTestRepo-15-01-15-18.20.23/ccnSyncTest/slice10/randomFile/=FD054B82F53F79/=00/=3CBEB0282FE72CD7F7CF0696455493A1CE4F4E488F469319834E10584FC5C583, comp is 0
Jan 15, 2015 6:21:28 PM org.ccnx.ccn.impl.sync.SliceComparator updateCurrent
O MAIS DETALHADO: Update compare: name from tree (expanded) is /ccnx.org/test/SyncTestRepo-15-01-15-18.20.23/ccnSyncTest/slice10/randomFile/=FD054B82F53F79/%C1.META.M/.header/=FD054B82F53FB2/=00/=18F7ABCFFBD0912243186C9F3D6A45A3E28959A7EF8B922DD636A13DE75A55AC, name  is /ccnx.org/test/SyncTestRepo-15-01-15-18.20.23/ccnSyncTest/slice10/randomFile/=FD054B82F53F79/%C1.META.M/.header/=FD054B82F53FB2/=00/=18F7ABCFFBD0912243186C9F3D6A45A3E28959A7EF8B922DD636A13DE75A55AC, comp is 0
Jan 15, 2015 6:21:28 PM org.ccnx.ccn.profiles.sync.SyncTestRepo checkCallbacks
DETALHADO: got segment 0
Jan 15, 2015 6:21:28 PM org.ccnx.ccn.profiles.sync.SyncTestRepo checkCallbacks
DETALHADO: received: [true, false] finished: [true, true]
Jan 15, 2015 6:21:28 PM org.ccnx.ccn.profiles.sync.SyncTestRepo checkCallbacks
DETALHADO: got the header
Jan 15, 2015 6:21:28 PM org.ccnx.ccn.profiles.sync.SyncTestRepo checkCallbacks
DETALHADO: received: [true, true] finished: [true, true]
Jan 15, 2015 6:21:28 PM org.ccnx.ccn.profiles.sync.SyncTestRepo checkCallbacks
DETALHADO: got all the segments!
Jan 15, 2015 6:21:28 PM org.ccnx.ccn.profiles.sync.SyncTestRepo checkCallbacks
DETALHADO: trying to loop again looking for segments
Jan 15, 2015 6:21:28 PM org.ccnx.ccn.profiles.sync.SyncTestRepo checkCallbacks
DETALHADO: done looping, returning.
Jan 15, 2015 6:21:28 PM org.ccnx.ccn.profiles.sync.SyncTestRepo testSyncRecovery
DETALHADO: I got all the callbacks for part 1 of testSyncRecovery!
Jan 15, 2015 6:21:28 PM org.ccnx.ccn.impl.sync.SliceComparator setTimeout
DETALHADO: Sync timeout changed to 1
Jan 15, 2015 6:21:28 PM org.ccnx.ccn.impl.CCNFlowControl <init>
INFORMAÇÕES: adding namespace: /ccnx.org/test/SyncTestRepo-15-01-15-18.20.23/ccnSyncTest/slice10/round11/randomFile
Jan 15, 2015 6:21:28 PM org.ccnx.ccn.impl.security.keys.BasicKeyManager getKeyLocator
INFORMAÇÕES: getKeyLocator: returning locator NAME: /ccnx.org/Users/root/Keys/%C1.M.K=009234ADEC47D19E3E6A2AF362D44E09AB6B71F43B1900BA0622FB45F2A5B7D9F6/=FD054AE7DE1000 KEY:-reba89rgbj1o6ata34t5eovcl4kho5s9pnv8nstq15q1ld4g9ga for key kjSt7EfRnj5qKvNi1E4Jq2tx9DsZALoGIvtF8qW32fY=
Jan 15, 2015 6:21:28 PM org.ccnx.ccn.io.CCNAbstractOutputStream <init>
INFORMAÇÕES: CCNAbstractOutputStream: /ccnx.org/test/SyncTestRepo-15-01-15-18.20.23/ccnSyncTest/slice10/round11/randomFile/=FD054B82F588B4 blocksize is 4096
Jan 15, 2015 6:21:28 PM org.ccnx.ccn.io.CCNAbstractOutputStream startWrite
INFORMAÇÕES: CCNAbstractOutputStream: startWrite -- searching for keys.
Jan 15, 2015 6:21:28 PM org.ccnx.ccn.profiles.security.access.AccessControlManager keysForOutput
INFORMAÇÕES: keysForOutput: found an acm: (null)
Jan 15, 2015 6:21:28 PM org.ccnx.ccn.impl.repo.RepositoryFlowControl startWrite
INFORMAÇÕES: RepositoryFlowControl.startWrite called for name /ccnx.org/test/SyncTestRepo-15-01-15-18.20.23/ccnSyncTest/slice10/round11/randomFile/=FD054B82F588B4, shape STREAM
Jan 15, 2015 6:21:28 PM org.ccnx.ccn.impl.repo.RepositoryFlowControl handleContent
INFORMAÇÕES: handleContent: got potential repo message: /ccnx.org/test/SyncTestRepo-15-01-15-18.20.23/ccnSyncTest/slice10/round11/randomFile/=FD054B82F588B4/%C1.R.sw/%C1.N=001BAEB411C5CB2C2C
Jan 15, 2015 6:21:28 PM org.ccnx.ccn.profiles.sync.SyncTestCommon writeFile
DETALHADO: bytes: 4096 block size: 4096 div: 1.0 ceil: 1
Jan 15, 2015 6:21:28 PM org.ccnx.ccn.profiles.sync.SyncTestCommon writeFile
DETALHADO: will write out a 4096 byte file, will have 2 segments (1 is a header)
Jan 15, 2015 6:21:28 PM org.ccnx.ccn.io.CCNOutputStream flushToNetwork
INFORMAÇÕES: flush: outputting to the segmenter, baseName /ccnx.org/test/SyncTestRepo-15-01-15-18.20.23/ccnSyncTest/slice10/round11/randomFile/=FD054B82F588B4 basenameindex =00; 4096 bytes written, holding back 4096 flushing final blocks? false.
Jan 15, 2015 6:21:28 PM org.ccnx.ccn.io.CCNOutputStream flushToNetwork
INFORMAÇÕES: HEADER: CCNOutputStream: flushToNetwork: new _baseNameIndex 0
Jan 15, 2015 6:21:28 PM org.ccnx.ccn.io.CCNOutputStream flushToNetwork
INFORMAÇÕES: flush: outputting to the segmenter, baseName /ccnx.org/test/SyncTestRepo-15-01-15-18.20.23/ccnSyncTest/slice10/round11/randomFile/=FD054B82F588B4 basenameindex =00; 4096 bytes written, holding back 4096 flushing final blocks? false.
Jan 15, 2015 6:21:28 PM org.ccnx.ccn.io.CCNOutputStream flushToNetwork
INFORMAÇÕES: HEADER: CCNOutputStream: flushToNetwork: new _baseNameIndex 0
Jan 15, 2015 6:21:28 PM org.ccnx.ccn.io.CCNOutputStream flushToNetwork
INFORMAÇÕES: flush: outputting to the segmenter, baseName /ccnx.org/test/SyncTestRepo-15-01-15-18.20.23/ccnSyncTest/slice10/round11/randomFile/=FD054B82F588B4 basenameindex =00; 4096 bytes written, holding back 0 flushing final blocks? true.
Jan 15, 2015 6:21:28 PM org.ccnx.ccn.io.CCNOutputStream flushToNetwork
INFORMAÇÕES: HEADER: CCNOutputStream: flushToNetwork: new _baseNameIndex 1
Jan 15, 2015 6:21:28 PM org.ccnx.ccn.io.CCNAbstractOutputStream <init>
INFORMAÇÕES: CCNAbstractOutputStream: /ccnx.org/test/SyncTestRepo-15-01-15-18.20.23/ccnSyncTest/slice10/round11/randomFile/=FD054B82F588B4/%C1.META.M/.header/=FD054B82F588F2 blocksize is 4096
Jan 15, 2015 6:21:28 PM org.ccnx.ccn.io.CCNAbstractOutputStream startWrite
INFORMAÇÕES: CCNAbstractOutputStream: startWrite -- searching for keys.
Jan 15, 2015 6:21:28 PM org.ccnx.ccn.profiles.security.access.AccessControlManager keysForOutput
INFORMAÇÕES: keysForOutput: found an acm: (null)
Jan 15, 2015 6:21:28 PM org.ccnx.ccn.impl.repo.RepositoryFlowControl startWrite
INFORMAÇÕES: RepositoryFlowControl.startWrite called for name /ccnx.org/test/SyncTestRepo-15-01-15-18.20.23/ccnSyncTest/slice10/round11/randomFile/=FD054B82F588B4/%C1.META.M/.header/=FD054B82F588F2, shape STREAM
Jan 15, 2015 6:21:28 PM org.ccnx.ccn.impl.repo.RepositoryFlowControl handleContent
INFORMAÇÕES: handleContent: got potential repo message: /ccnx.org/test/SyncTestRepo-15-01-15-18.20.23/ccnSyncTest/slice10/round11/randomFile/=FD054B82F588B4/%C1.META.M/.header/=FD054B82F588F2/%C1.R.sw/%C1.N=0096FD81C86B05DF96
Jan 15, 2015 6:21:28 PM org.ccnx.ccn.io.CCNOutputStream flushToNetwork
INFORMAÇÕES: flush: outputting to the segmenter, baseName /ccnx.org/test/SyncTestRepo-15-01-15-18.20.23/ccnSyncTest/slice10/round11/randomFile/=FD054B82F588B4/%C1.META.M/.header/=FD054B82F588F2 basenameindex =00; 66 bytes written, holding back 66 flushing final blocks? false.
Jan 15, 2015 6:21:28 PM org.ccnx.ccn.io.CCNOutputStream flushToNetwork
INFORMAÇÕES: HEADER: CCNOutputStream: flushToNetwork: new _baseNameIndex 0
Jan 15, 2015 6:21:28 PM org.ccnx.ccn.io.CCNOutputStream flushToNetwork
INFORMAÇÕES: flush: outputting to the segmenter, baseName /ccnx.org/test/SyncTestRepo-15-01-15-18.20.23/ccnSyncTest/slice10/round11/randomFile/=FD054B82F588B4/%C1.META.M/.header/=FD054B82F588F2 basenameindex =00; 66 bytes written, holding back 66 flushing final blocks? false.
Jan 15, 2015 6:21:28 PM org.ccnx.ccn.io.CCNOutputStream flushToNetwork
INFORMAÇÕES: HEADER: CCNOutputStream: flushToNetwork: new _baseNameIndex 0
Jan 15, 2015 6:21:28 PM org.ccnx.ccn.io.CCNOutputStream flushToNetwork
INFORMAÇÕES: flush: outputting to the segmenter, baseName /ccnx.org/test/SyncTestRepo-15-01-15-18.20.23/ccnSyncTest/slice10/round11/randomFile/=FD054B82F588B4/%C1.META.M/.header/=FD054B82F588F2 basenameindex =00; 66 bytes written, holding back 0 flushing final blocks? true.
Jan 15, 2015 6:21:28 PM org.ccnx.ccn.io.CCNOutputStream flushToNetwork
INFORMAÇÕES: HEADER: CCNOutputStream: flushToNetwork: new _baseNameIndex 1
Jan 15, 2015 6:21:28 PM org.ccnx.ccn.io.CCNOutputStream close
INFORMAÇÕES: CCNOutputStream close: /ccnx.org/test/SyncTestRepo-15-01-15-18.20.23/ccnSyncTest/slice10/round11/randomFile/=FD054B82F588B4/%C1.META.M/.header/=FD054B82F588F2
Jan 15, 2015 6:21:28 PM org.ccnx.ccn.io.CCNOutputStream close
INFORMAÇÕES: CCNOutputStream close: /ccnx.org/test/SyncTestRepo-15-01-15-18.20.23/ccnSyncTest/slice10/round11/randomFile/=FD054B82F588B4
Jan 15, 2015 6:21:28 PM org.ccnx.ccn.profiles.sync.SyncTestCommon writeFile
INFORMAÇÕES: Wrote file to repository: /ccnx.org/test/SyncTestRepo-15-01-15-18.20.23/ccnSyncTest/slice10/round11/randomFile/=FD054B82F588B4 with 2 segments
Jan 15, 2015 6:21:28 PM org.ccnx.ccn.profiles.sync.SyncTestRepo checkCallbacks
DETALHADO: checking for callbacks:  /ccnx.org/test/SyncTestRepo-15-01-15-18.20.23/ccnSyncTest/slice10/round11 segments: 2
Jan 15, 2015 6:21:28 PM org.ccnx.ccn.impl.sync.ProtocolBasedSyncMonitor handleContent
INFORMAÇÕES: Saw new content from sync: /ccnx.org/test/SyncTestRepo-15-01-15-18.20.23/topoPrefix/%C1.S.ra/x%E7U.=86853EF050D99AC7B6E19C29B7AECFA1B2568CAD74E733BCB2443F63/U=B65BF82BB7BDFA3AE7733582BED945B0D8A7F07ED225475984B19637201B2F/=01B7A538EF6F7AA2B0FB2CBEF087CC1C12FFCA236CDA84288037EC44A236295005
Jan 15, 2015 6:21:28 PM org.ccnx.ccn.impl.sync.SliceComparator run
DETALHADO: Starting comparator run - state is INIT, sc is org.ccnx.ccn.impl.sync.SliceComparator@ca0898b, this is the lead
Jan 15, 2015 6:21:28 PM org.ccnx.ccn.impl.encoding.BinaryXMLDecoder setElement
INFORMAÇÕES: Reset decode array sizes to 150
Jan 15, 2015 6:21:28 PM org.ccnx.ccn.impl.encoding.BinaryXMLDecoder setElement
INFORMAÇÕES: Reset decode array sizes to 225
Jan 15, 2015 6:21:28 PM org.ccnx.ccn.impl.encoding.BinaryXMLDecoder setElement
INFORMAÇÕES: Reset decode array sizes to 337
Jan 15, 2015 6:21:28 PM org.ccnx.ccn.io.content.SyncNodeComposite decodeLogging
O MAIS DETALHADO: decode node for =01B7A538EF6F7AA2B0FB2CBEF087CC1C12FFCA236CDA84288037EC44A236295005 depth = 1 refs = 4
Jan 15, 2015 6:21:28 PM org.ccnx.ccn.io.content.SyncNodeComposite decodeLogging
O MAIS DETALHADO: min is 0, max is 0, expanded min is /ccnx.org/test/SyncTestRepo-15-01-15-18.20.23/ccnSyncTest/slice10/round11/randomFile/=FD054B82F588B4/=00/=862C3C8C527D6B204E7FCD4EAF121546BFBA9E26B978EC9010B0DB73EDD734F0, expanded max is /ccnx.org/test/SyncTestRepo-15-01-15-18.20.23/ccnSyncTest/slice10/randomFile/=FD054B82F53F79/%C1.META.M/.header/=FD054B82F53FB2/=00/=18F7ABCFFBD0912243186C9F3D6A45A3E28959A7EF8B922DD636A13DE75A55AC
Jan 15, 2015 6:21:28 PM org.ccnx.ccn.impl.sync.SliceComparator run
INFORMAÇÕES: Starting new round with X = U=B65BF82BB7BDFA3AE7733582BED945B0D8A7F07ED225475984B19637201B2F and Y = =01B7A538EF6F7AA2B0FB2CBEF087CC1C12FFCA236CDA84288037EC44A236295005
Jan 15, 2015 6:21:28 PM org.ccnx.ccn.impl.sync.SliceComparator doComparison
O MAIS DETALHADO: Compare LEAF U=B65BF82BB7BDFA3AE7733582BED945B0D8A7F07ED225475984B19637201B2F to LEAF =01B7A538EF6F7AA2B0FB2CBEF087CC1C12FFCA236CDA84288037EC44A236295005
Jan 15, 2015 6:21:28 PM org.ccnx.ccn.impl.sync.SliceComparator doComparison
O MAIS DETALHADO: name X is 0, pos X is 0, name Y is 0, pos Y is 0 comp is 1
Jan 15, 2015 6:21:28 PM org.ccnx.ccn.impl.sync.SliceComparator doComparison
O MAIS DETALHADO: name X (expanded) is /ccnx.org/test/SyncTestRepo-15-01-15-18.20.23/ccnSyncTest/slice10/randomFile/=FD054B82F53F79/=00/=3CBEB0282FE72CD7F7CF0696455493A1CE4F4E488F469319834E10584FC5C583, name Y (expanded) is /ccnx.org/test/SyncTestRepo-15-01-15-18.20.23/ccnSyncTest/slice10/round11/randomFile/=FD054B82F588B4/=00/=862C3C8C527D6B204E7FCD4EAF121546BFBA9E26B978EC9010B0DB73EDD734F0
Jan 15, 2015 6:21:28 PM org.ccnx.ccn.profiles.sync.SyncTestRepo doHandleContentName
INFORMAÇÕES: Number 1: Callback for name: /ccnx.org/test/SyncTestRepo-15-01-15-18.20.23/ccnSyncTest/slice10/round11/randomFile/=FD054B82F588B4/=00 - number is 0
Jan 15, 2015 6:21:28 PM org.ccnx.ccn.impl.sync.SliceComparator doComparison
O MAIS DETALHADO: Compare LEAF U=B65BF82BB7BDFA3AE7733582BED945B0D8A7F07ED225475984B19637201B2F to LEAF =01B7A538EF6F7AA2B0FB2CBEF087CC1C12FFCA236CDA84288037EC44A236295005
Jan 15, 2015 6:21:28 PM org.ccnx.ccn.impl.sync.SliceComparator doComparison
O MAIS DETALHADO: name X is 0, pos X is 0, name Y is 0, pos Y is 1 comp is 1
Jan 15, 2015 6:21:28 PM org.ccnx.ccn.impl.sync.SliceComparator doComparison
O MAIS DETALHADO: name X (expanded) is /ccnx.org/test/SyncTestRepo-15-01-15-18.20.23/ccnSyncTest/slice10/randomFile/=FD054B82F53F79/=00/=3CBEB0282FE72CD7F7CF0696455493A1CE4F4E488F469319834E10584FC5C583, name Y (expanded) is /ccnx.org/test/SyncTestRepo-15-01-15-18.20.23/ccnSyncTest/slice10/round11/randomFile/=FD054B82F588B4/%C1.META.M/.header/=FD054B82F588F2/=00/=DBC2A06AF145799671C57E6C55FB2D868F36DD55A23916A8CDB6B7981131FFE6
Jan 15, 2015 6:21:28 PM org.ccnx.ccn.profiles.sync.SyncTestRepo doHandleContentName
INFORMAÇÕES: Number 1: Callback for name: /ccnx.org/test/SyncTestRepo-15-01-15-18.20.23/ccnSyncTest/slice10/round11/randomFile/=FD054B82F588B4/%C1.META.M/.header/=FD054B82F588F2/=00 - number is header
Jan 15, 2015 6:21:28 PM org.ccnx.ccn.impl.sync.SliceComparator doComparison
O MAIS DETALHADO: Compare LEAF U=B65BF82BB7BDFA3AE7733582BED945B0D8A7F07ED225475984B19637201B2F to LEAF =01B7A538EF6F7AA2B0FB2CBEF087CC1C12FFCA236CDA84288037EC44A236295005
Jan 15, 2015 6:21:28 PM org.ccnx.ccn.impl.sync.SliceComparator doComparison
O MAIS DETALHADO: name X is 0, pos X is 0, name Y is 0, pos Y is 2 comp is 0
Jan 15, 2015 6:21:28 PM org.ccnx.ccn.impl.sync.SliceComparator doComparison
O MAIS DETALHADO: name X (expanded) is /ccnx.org/test/SyncTestRepo-15-01-15-18.20.23/ccnSyncTest/slice10/randomFile/=FD054B82F53F79/=00/=3CBEB0282FE72CD7F7CF0696455493A1CE4F4E488F469319834E10584FC5C583, name Y (expanded) is /ccnx.org/test/SyncTestRepo-15-01-15-18.20.23/ccnSyncTest/slice10/randomFile/=FD054B82F53F79/=00/=3CBEB0282FE72CD7F7CF0696455493A1CE4F4E488F469319834E10584FC5C583
Jan 15, 2015 6:21:28 PM org.ccnx.ccn.impl.sync.SliceComparator doComparison
O MAIS DETALHADO: Compare LEAF U=B65BF82BB7BDFA3AE7733582BED945B0D8A7F07ED225475984B19637201B2F to LEAF =01B7A538EF6F7AA2B0FB2CBEF087CC1C12FFCA236CDA84288037EC44A236295005
Jan 15, 2015 6:21:28 PM org.ccnx.ccn.impl.sync.SliceComparator doComparison
O MAIS DETALHADO: name X is 0, pos X is 1, name Y is 0, pos Y is 3 comp is 0
Jan 15, 2015 6:21:28 PM org.ccnx.ccn.impl.sync.SliceComparator doComparison
O MAIS DETALHADO: name X (expanded) is /ccnx.org/test/SyncTestRepo-15-01-15-18.20.23/ccnSyncTest/slice10/randomFile/=FD054B82F53F79/%C1.META.M/.header/=FD054B82F53FB2/=00/=18F7ABCFFBD0912243186C9F3D6A45A3E28959A7EF8B922DD636A13DE75A55AC, name Y (expanded) is /ccnx.org/test/SyncTestRepo-15-01-15-18.20.23/ccnSyncTest/slice10/randomFile/=FD054B82F53F79/%C1.META.M/.header/=FD054B82F53FB2/=00/=18F7ABCFFBD0912243186C9F3D6A45A3E28959A7EF8B922DD636A13DE75A55AC
Jan 15, 2015 6:21:28 PM org.ccnx.ccn.impl.sync.SliceComparator updateCurrent
O MAIS DETALHADO: Starting update from hash U=B65BF82BB7BDFA3AE7733582BED945B0D8A7F07ED225475984B19637201B2F
Jan 15, 2015 6:21:28 PM org.ccnx.ccn.impl.sync.SliceComparator updateCurrent
O MAIS DETALHADO: Update compare: name from tree (expanded) is /ccnx.org/test/SyncTestRepo-15-01-15-18.20.23/ccnSyncTest/slice10/randomFile/=FD054B82F53F79/=00/=3CBEB0282FE72CD7F7CF0696455493A1CE4F4E488F469319834E10584FC5C583, name  is /ccnx.org/test/SyncTestRepo-15-01-15-18.20.23/ccnSyncTest/slice10/round11/randomFile/=FD054B82F588B4/=00/=862C3C8C527D6B204E7FCD4EAF121546BFBA9E26B978EC9010B0DB73EDD734F0, comp is 1
Jan 15, 2015 6:21:28 PM org.ccnx.ccn.impl.sync.SliceComparator updateCurrent
O MAIS DETALHADO: Update: starting redo of names because of /ccnx.org/test/SyncTestRepo-15-01-15-18.20.23/ccnSyncTest/slice10/round11/randomFile/=FD054B82F588B4/=00/=862C3C8C527D6B204E7FCD4EAF121546BFBA9E26B978EC9010B0DB73EDD734F0 at /ccnx.org/test/SyncTestRepo-15-01-15-18.20.23/ccnSyncTest/slice10/randomFile/=FD054B82F53F79/=00/=3CBEB0282FE72CD7F7CF0696455493A1CE4F4E488F469319834E10584FC5C583
Jan 15, 2015 6:21:28 PM org.ccnx.ccn.impl.sync.SyncTreeEntry <init>
O MAIS DETALHADO: Found existing node: =01B7A538EF6F7AA2B0FB2CBEF087CC1C12FFCA236CDA84288037EC44A236295005
Jan 15, 2015 6:21:28 PM org.ccnx.ccn.io.content.SyncNodeComposite decodeLogging
O MAIS DETALHADO: decode node for =01B7A538EF6F7AA2B0FB2CBEF087CC1C12FFCA236CDA84288037EC44A236295005 depth = 1 refs = 4
Jan 15, 2015 6:21:28 PM org.ccnx.ccn.io.content.SyncNodeComposite decodeLogging
O MAIS DETALHADO: min is 0, max is 0, expanded min is /ccnx.org/test/SyncTestRepo-15-01-15-18.20.23/ccnSyncTest/slice10/round11/randomFile/=FD054B82F588B4/=00/=862C3C8C527D6B204E7FCD4EAF121546BFBA9E26B978EC9010B0DB73EDD734F0, expanded max is /ccnx.org/test/SyncTestRepo-15-01-15-18.20.23/ccnSyncTest/slice10/randomFile/=FD054B82F53F79/%C1.META.M/.header/=FD054B82F53FB2/=00/=18F7ABCFFBD0912243186C9F3D6A45A3E28959A7EF8B922DD636A13DE75A55AC
Jan 15, 2015 6:21:28 PM org.ccnx.ccn.impl.sync.SliceComparator updateCurrent
INFORMAÇÕES: Resetting current to created head: =01B7A538EF6F7AA2B0FB2CBEF087CC1C12FFCA236CDA84288037EC44A236295005
Jan 15, 2015 6:21:29 PM org.ccnx.ccn.profiles.sync.SyncTestRepo checkCallbacks
DETALHADO: got segment 0
Jan 15, 2015 6:21:29 PM org.ccnx.ccn.profiles.sync.SyncTestRepo checkCallbacks
DETALHADO: received: [true, false] finished: [true, true]
Jan 15, 2015 6:21:29 PM org.ccnx.ccn.profiles.sync.SyncTestRepo checkCallbacks
DETALHADO: got the header
Jan 15, 2015 6:21:29 PM org.ccnx.ccn.profiles.sync.SyncTestRepo checkCallbacks
DETALHADO: received: [true, true] finished: [true, true]
Jan 15, 2015 6:21:29 PM org.ccnx.ccn.profiles.sync.SyncTestRepo checkCallbacks
DETALHADO: got all the segments!
Jan 15, 2015 6:21:29 PM org.ccnx.ccn.profiles.sync.SyncTestRepo checkCallbacks
DETALHADO: trying to loop again looking for segments
Jan 15, 2015 6:21:29 PM org.ccnx.ccn.profiles.sync.SyncTestRepo checkCallbacks
DETALHADO: done looping, returning.
Jan 15, 2015 6:21:29 PM org.ccnx.ccn.impl.CCNFlowControl <init>
INFORMAÇÕES: adding namespace: /ccnx.org/test/SyncTestRepo-15-01-15-18.20.23/ccnSyncTest/slice10/round12/randomFile
Jan 15, 2015 6:21:29 PM org.ccnx.ccn.impl.security.keys.BasicKeyManager getKeyLocator
INFORMAÇÕES: getKeyLocator: returning locator NAME: /ccnx.org/Users/root/Keys/%C1.M.K=009234ADEC47D19E3E6A2AF362D44E09AB6B71F43B1900BA0622FB45F2A5B7D9F6/=FD054AE7DE1000 KEY:-reba89rgbj1o6ata34t5eovcl4kho5s9pnv8nstq15q1ld4g9ga for key kjSt7EfRnj5qKvNi1E4Jq2tx9DsZALoGIvtF8qW32fY=
Jan 15, 2015 6:21:29 PM org.ccnx.ccn.io.CCNAbstractOutputStream <init>
INFORMAÇÕES: CCNAbstractOutputStream: /ccnx.org/test/SyncTestRepo-15-01-15-18.20.23/ccnSyncTest/slice10/round12/randomFile/=FD054B82F591DF blocksize is 4096
Jan 15, 2015 6:21:29 PM org.ccnx.ccn.io.CCNAbstractOutputStream startWrite
INFORMAÇÕES: CCNAbstractOutputStream: startWrite -- searching for keys.
Jan 15, 2015 6:21:29 PM org.ccnx.ccn.profiles.security.access.AccessControlManager keysForOutput
INFORMAÇÕES: keysForOutput: found an acm: (null)
Jan 15, 2015 6:21:29 PM org.ccnx.ccn.impl.repo.RepositoryFlowControl startWrite
INFORMAÇÕES: RepositoryFlowControl.startWrite called for name /ccnx.org/test/SyncTestRepo-15-01-15-18.20.23/ccnSyncTest/slice10/round12/randomFile/=FD054B82F591DF, shape STREAM
Jan 15, 2015 6:21:29 PM org.ccnx.ccn.impl.repo.RepositoryFlowControl handleContent
INFORMAÇÕES: handleContent: got potential repo message: /ccnx.org/test/SyncTestRepo-15-01-15-18.20.23/ccnSyncTest/slice10/round12/randomFile/=FD054B82F591DF/%C1.R.sw/%C1.N=001FE603564F76F985
Jan 15, 2015 6:21:29 PM org.ccnx.ccn.profiles.sync.SyncTestCommon writeFile
DETALHADO: bytes: 4096 block size: 4096 div: 1.0 ceil: 1
Jan 15, 2015 6:21:29 PM org.ccnx.ccn.profiles.sync.SyncTestCommon writeFile
DETALHADO: will write out a 4096 byte file, will have 2 segments (1 is a header)
Jan 15, 2015 6:21:29 PM org.ccnx.ccn.io.CCNOutputStream flushToNetwork
INFORMAÇÕES: flush: outputting to the segmenter, baseName /ccnx.org/test/SyncTestRepo-15-01-15-18.20.23/ccnSyncTest/slice10/round12/randomFile/=FD054B82F591DF basenameindex =00; 4096 bytes written, holding back 4096 flushing final blocks? false.
Jan 15, 2015 6:21:29 PM org.ccnx.ccn.io.CCNOutputStream flushToNetwork
INFORMAÇÕES: HEADER: CCNOutputStream: flushToNetwork: new _baseNameIndex 0
Jan 15, 2015 6:21:29 PM org.ccnx.ccn.io.CCNOutputStream flushToNetwork
INFORMAÇÕES: flush: outputting to the segmenter, baseName /ccnx.org/test/SyncTestRepo-15-01-15-18.20.23/ccnSyncTest/slice10/round12/randomFile/=FD054B82F591DF basenameindex =00; 4096 bytes written, holding back 4096 flushing final blocks? false.
Jan 15, 2015 6:21:29 PM org.ccnx.ccn.io.CCNOutputStream flushToNetwork
INFORMAÇÕES: HEADER: CCNOutputStream: flushToNetwork: new _baseNameIndex 0
Jan 15, 2015 6:21:29 PM org.ccnx.ccn.io.CCNOutputStream flushToNetwork
INFORMAÇÕES: flush: outputting to the segmenter, baseName /ccnx.org/test/SyncTestRepo-15-01-15-18.20.23/ccnSyncTest/slice10/round12/randomFile/=FD054B82F591DF basenameindex =00; 4096 bytes written, holding back 0 flushing final blocks? true.
Jan 15, 2015 6:21:29 PM org.ccnx.ccn.io.CCNOutputStream flushToNetwork
INFORMAÇÕES: HEADER: CCNOutputStream: flushToNetwork: new _baseNameIndex 1
Jan 15, 2015 6:21:29 PM org.ccnx.ccn.io.CCNAbstractOutputStream <init>
INFORMAÇÕES: CCNAbstractOutputStream: /ccnx.org/test/SyncTestRepo-15-01-15-18.20.23/ccnSyncTest/slice10/round12/randomFile/=FD054B82F591DF/%C1.META.M/.header/=FD054B82F5921D blocksize is 4096
Jan 15, 2015 6:21:29 PM org.ccnx.ccn.io.CCNAbstractOutputStream startWrite
INFORMAÇÕES: CCNAbstractOutputStream: startWrite -- searching for keys.
Jan 15, 2015 6:21:29 PM org.ccnx.ccn.profiles.security.access.AccessControlManager keysForOutput
INFORMAÇÕES: keysForOutput: found an acm: (null)
Jan 15, 2015 6:21:29 PM org.ccnx.ccn.impl.repo.RepositoryFlowControl startWrite
INFORMAÇÕES: RepositoryFlowControl.startWrite called for name /ccnx.org/test/SyncTestRepo-15-01-15-18.20.23/ccnSyncTest/slice10/round12/randomFile/=FD054B82F591DF/%C1.META.M/.header/=FD054B82F5921D, shape STREAM
Jan 15, 2015 6:21:29 PM org.ccnx.ccn.impl.repo.RepositoryFlowControl handleContent
INFORMAÇÕES: handleContent: got potential repo message: /ccnx.org/test/SyncTestRepo-15-01-15-18.20.23/ccnSyncTest/slice10/round12/randomFile/=FD054B82F591DF/%C1.META.M/.header/=FD054B82F5921D/%C1.R.sw/%C1.N=00B3EEB6FC03AD4DD7
Jan 15, 2015 6:21:29 PM org.ccnx.ccn.io.CCNOutputStream flushToNetwork
INFORMAÇÕES: flush: outputting to the segmenter, baseName /ccnx.org/test/SyncTestRepo-15-01-15-18.20.23/ccnSyncTest/slice10/round12/randomFile/=FD054B82F591DF/%C1.META.M/.header/=FD054B82F5921D basenameindex =00; 66 bytes written, holding back 66 flushing final blocks? false.
Jan 15, 2015 6:21:29 PM org.ccnx.ccn.io.CCNOutputStream flushToNetwork
INFORMAÇÕES: HEADER: CCNOutputStream: flushToNetwork: new _baseNameIndex 0
Jan 15, 2015 6:21:29 PM org.ccnx.ccn.io.CCNOutputStream flushToNetwork
INFORMAÇÕES: flush: outputting to the segmenter, baseName /ccnx.org/test/SyncTestRepo-15-01-15-18.20.23/ccnSyncTest/slice10/round12/randomFile/=FD054B82F591DF/%C1.META.M/.header/=FD054B82F5921D basenameindex =00; 66 bytes written, holding back 66 flushing final blocks? false.
Jan 15, 2015 6:21:29 PM org.ccnx.ccn.io.CCNOutputStream flushToNetwork
INFORMAÇÕES: HEADER: CCNOutputStream: flushToNetwork: new _baseNameIndex 0
Jan 15, 2015 6:21:29 PM org.ccnx.ccn.io.CCNOutputStream flushToNetwork
INFORMAÇÕES: flush: outputting to the segmenter, baseName /ccnx.org/test/SyncTestRepo-15-01-15-18.20.23/ccnSyncTest/slice10/round12/randomFile/=FD054B82F591DF/%C1.META.M/.header/=FD054B82F5921D basenameindex =00; 66 bytes written, holding back 0 flushing final blocks? true.
Jan 15, 2015 6:21:29 PM org.ccnx.ccn.io.CCNOutputStream flushToNetwork
INFORMAÇÕES: HEADER: CCNOutputStream: flushToNetwork: new _baseNameIndex 1
Jan 15, 2015 6:21:29 PM org.ccnx.ccn.io.CCNOutputStream close
INFORMAÇÕES: CCNOutputStream close: /ccnx.org/test/SyncTestRepo-15-01-15-18.20.23/ccnSyncTest/slice10/round12/randomFile/=FD054B82F591DF/%C1.META.M/.header/=FD054B82F5921D
Jan 15, 2015 6:21:29 PM org.ccnx.ccn.io.CCNOutputStream close
INFORMAÇÕES: CCNOutputStream close: /ccnx.org/test/SyncTestRepo-15-01-15-18.20.23/ccnSyncTest/slice10/round12/randomFile/=FD054B82F591DF
Jan 15, 2015 6:21:29 PM org.ccnx.ccn.profiles.sync.SyncTestCommon writeFile
INFORMAÇÕES: Wrote file to repository: /ccnx.org/test/SyncTestRepo-15-01-15-18.20.23/ccnSyncTest/slice10/round12/randomFile/=FD054B82F591DF with 2 segments
Jan 15, 2015 6:21:29 PM org.ccnx.ccn.profiles.sync.SyncTestRepo checkCallbacks
DETALHADO: checking for callbacks:  /ccnx.org/test/SyncTestRepo-15-01-15-18.20.23/ccnSyncTest/slice10/round12 segments: 2
Jan 15, 2015 6:21:29 PM org.ccnx.ccn.impl.sync.ProtocolBasedSyncMonitor handleContent
INFORMAÇÕES: Saw new content from sync: /ccnx.org/test/SyncTestRepo-15-01-15-18.20.23/topoPrefix/%C1.S.ra/x%E7U.=86853EF050D99AC7B6E19C29B7AECFA1B2568CAD74E733BCB2443F63/=01B7A538EF6F7AA2B0FB2CBEF087CC1C12FFCA236CDA84288037EC44A236295005/=02F02036B815DE5E1B1959162CECCA07421D025DD63EE007FBA43B28C091BAD943
Jan 15, 2015 6:21:29 PM org.ccnx.ccn.impl.sync.SliceComparator run
DETALHADO: Starting comparator run - state is INIT, sc is org.ccnx.ccn.impl.sync.SliceComparator@ca0898b, this is the lead
Jan 15, 2015 6:21:29 PM org.ccnx.ccn.impl.encoding.BinaryXMLDecoder setElement
INFORMAÇÕES: Reset decode array sizes to 150
Jan 15, 2015 6:21:29 PM org.ccnx.ccn.impl.encoding.BinaryXMLDecoder setElement
INFORMAÇÕES: Reset decode array sizes to 225
Jan 15, 2015 6:21:29 PM org.ccnx.ccn.impl.encoding.BinaryXMLDecoder setElement
INFORMAÇÕES: Reset decode array sizes to 337
Jan 15, 2015 6:21:29 PM org.ccnx.ccn.io.content.SyncNodeComposite decodeLogging
O MAIS DETALHADO: decode node for =02F02036B815DE5E1B1959162CECCA07421D025DD63EE007FBA43B28C091BAD943 depth = 1 refs = 6
Jan 15, 2015 6:21:29 PM org.ccnx.ccn.io.content.SyncNodeComposite decodeLogging
O MAIS DETALHADO: min is 0, max is 0, expanded min is /ccnx.org/test/SyncTestRepo-15-01-15-18.20.23/ccnSyncTest/slice10/round11/randomFile/=FD054B82F588B4/=00/=862C3C8C527D6B204E7FCD4EAF121546BFBA9E26B978EC9010B0DB73EDD734F0, expanded max is /ccnx.org/test/SyncTestRepo-15-01-15-18.20.23/ccnSyncTest/slice10/randomFile/=FD054B82F53F79/%C1.META.M/.header/=FD054B82F53FB2/=00/=18F7ABCFFBD0912243186C9F3D6A45A3E28959A7EF8B922DD636A13DE75A55AC
Jan 15, 2015 6:21:29 PM org.ccnx.ccn.impl.sync.SliceComparator run
INFORMAÇÕES: Starting new round with X = =01B7A538EF6F7AA2B0FB2CBEF087CC1C12FFCA236CDA84288037EC44A236295005 and Y = =02F02036B815DE5E1B1959162CECCA07421D025DD63EE007FBA43B28C091BAD943
Jan 15, 2015 6:21:29 PM org.ccnx.ccn.impl.sync.SliceComparator doComparison
O MAIS DETALHADO: Compare LEAF =01B7A538EF6F7AA2B0FB2CBEF087CC1C12FFCA236CDA84288037EC44A236295005 to LEAF =02F02036B815DE5E1B1959162CECCA07421D025DD63EE007FBA43B28C091BAD943
Jan 15, 2015 6:21:29 PM org.ccnx.ccn.impl.sync.SliceComparator doComparison
O MAIS DETALHADO: name X is 0, pos X is 0, name Y is 0, pos Y is 0 comp is 0
Jan 15, 2015 6:21:29 PM org.ccnx.ccn.impl.sync.SliceComparator doComparison
O MAIS DETALHADO: name X (expanded) is /ccnx.org/test/SyncTestRepo-15-01-15-18.20.23/ccnSyncTest/slice10/round11/randomFile/=FD054B82F588B4/=00/=862C3C8C527D6B204E7FCD4EAF121546BFBA9E26B978EC9010B0DB73EDD734F0, name Y (expanded) is /ccnx.org/test/SyncTestRepo-15-01-15-18.20.23/ccnSyncTest/slice10/round11/randomFile/=FD054B82F588B4/=00/=862C3C8C527D6B204E7FCD4EAF121546BFBA9E26B978EC9010B0DB73EDD734F0
Jan 15, 2015 6:21:29 PM org.ccnx.ccn.impl.sync.SliceComparator doComparison
O MAIS DETALHADO: Compare LEAF =01B7A538EF6F7AA2B0FB2CBEF087CC1C12FFCA236CDA84288037EC44A236295005 to LEAF =02F02036B815DE5E1B1959162CECCA07421D025DD63EE007FBA43B28C091BAD943
Jan 15, 2015 6:21:29 PM org.ccnx.ccn.impl.sync.SliceComparator doComparison
O MAIS DETALHADO: name X is 0, pos X is 1, name Y is 0, pos Y is 1 comp is 0
Jan 15, 2015 6:21:29 PM org.ccnx.ccn.impl.sync.SliceComparator doComparison
O MAIS DETALHADO: name X (expanded) is /ccnx.org/test/SyncTestRepo-15-01-15-18.20.23/ccnSyncTest/slice10/round11/randomFile/=FD054B82F588B4/%C1.META.M/.header/=FD054B82F588F2/=00/=DBC2A06AF145799671C57E6C55FB2D868F36DD55A23916A8CDB6B7981131FFE6, name Y (expanded) is /ccnx.org/test/SyncTestRepo-15-01-15-18.20.23/ccnSyncTest/slice10/round11/randomFile/=FD054B82F588B4/%C1.META.M/.header/=FD054B82F588F2/=00/=DBC2A06AF145799671C57E6C55FB2D868F36DD55A23916A8CDB6B7981131FFE6
Jan 15, 2015 6:21:29 PM org.ccnx.ccn.impl.sync.SliceComparator doComparison
O MAIS DETALHADO: Compare LEAF =01B7A538EF6F7AA2B0FB2CBEF087CC1C12FFCA236CDA84288037EC44A236295005 to LEAF =02F02036B815DE5E1B1959162CECCA07421D025DD63EE007FBA43B28C091BAD943
Jan 15, 2015 6:21:29 PM org.ccnx.ccn.impl.sync.SliceComparator doComparison
O MAIS DETALHADO: name X is 0, pos X is 2, name Y is 0, pos Y is 2 comp is 1
Jan 15, 2015 6:21:29 PM org.ccnx.ccn.impl.sync.SliceComparator doComparison
O MAIS DETALHADO: name X (expanded) is /ccnx.org/test/SyncTestRepo-15-01-15-18.20.23/ccnSyncTest/slice10/randomFile/=FD054B82F53F79/=00/=3CBEB0282FE72CD7F7CF0696455493A1CE4F4E488F469319834E10584FC5C583, name Y (expanded) is /ccnx.org/test/SyncTestRepo-15-01-15-18.20.23/ccnSyncTest/slice10/round12/randomFile/=FD054B82F591DF/=00/p=DE2BB2F625C0B42DC3D4800957F955C01267E921712139BC9BB1702DCF20EE
Jan 15, 2015 6:21:29 PM org.ccnx.ccn.profiles.sync.SyncTestRepo doHandleContentName
INFORMAÇÕES: Number 1: Callback for name: /ccnx.org/test/SyncTestRepo-15-01-15-18.20.23/ccnSyncTest/slice10/round12/randomFile/=FD054B82F591DF/=00 - number is 0
Jan 15, 2015 6:21:29 PM org.ccnx.ccn.impl.sync.SliceComparator doComparison
O MAIS DETALHADO: Compare LEAF =01B7A538EF6F7AA2B0FB2CBEF087CC1C12FFCA236CDA84288037EC44A236295005 to LEAF =02F02036B815DE5E1B1959162CECCA07421D025DD63EE007FBA43B28C091BAD943
Jan 15, 2015 6:21:29 PM org.ccnx.ccn.impl.sync.SliceComparator doComparison
O MAIS DETALHADO: name X is 0, pos X is 2, name Y is 0, pos Y is 3 comp is 1
Jan 15, 2015 6:21:29 PM org.ccnx.ccn.impl.sync.SliceComparator doComparison
O MAIS DETALHADO: name X (expanded) is /ccnx.org/test/SyncTestRepo-15-01-15-18.20.23/ccnSyncTest/slice10/randomFile/=FD054B82F53F79/=00/=3CBEB0282FE72CD7F7CF0696455493A1CE4F4E488F469319834E10584FC5C583, name Y (expanded) is /ccnx.org/test/SyncTestRepo-15-01-15-18.20.23/ccnSyncTest/slice10/round12/randomFile/=FD054B82F591DF/%C1.META.M/.header/=FD054B82F5921D/=00/=C79CD215B03DFAB5F06882BC5BA5F1D95D25D28042EABE41AFB332AE2DC26850
Jan 15, 2015 6:21:29 PM org.ccnx.ccn.profiles.sync.SyncTestRepo doHandleContentName
INFORMAÇÕES: Number 1: Callback for name: /ccnx.org/test/SyncTestRepo-15-01-15-18.20.23/ccnSyncTest/slice10/round12/randomFile/=FD054B82F591DF/%C1.META.M/.header/=FD054B82F5921D/=00 - number is header
Jan 15, 2015 6:21:29 PM org.ccnx.ccn.impl.sync.SliceComparator doComparison
O MAIS DETALHADO: Compare LEAF =01B7A538EF6F7AA2B0FB2CBEF087CC1C12FFCA236CDA84288037EC44A236295005 to LEAF =02F02036B815DE5E1B1959162CECCA07421D025DD63EE007FBA43B28C091BAD943
Jan 15, 2015 6:21:29 PM org.ccnx.ccn.impl.sync.SliceComparator doComparison
O MAIS DETALHADO: name X is 0, pos X is 2, name Y is 0, pos Y is 4 comp is 0
Jan 15, 2015 6:21:29 PM org.ccnx.ccn.impl.sync.SliceComparator doComparison
O MAIS DETALHADO: name X (expanded) is /ccnx.org/test/SyncTestRepo-15-01-15-18.20.23/ccnSyncTest/slice10/randomFile/=FD054B82F53F79/=00/=3CBEB0282FE72CD7F7CF0696455493A1CE4F4E488F469319834E10584FC5C583, name Y (expanded) is /ccnx.org/test/SyncTestRepo-15-01-15-18.20.23/ccnSyncTest/slice10/randomFile/=FD054B82F53F79/=00/=3CBEB0282FE72CD7F7CF0696455493A1CE4F4E488F469319834E10584FC5C583
Jan 15, 2015 6:21:29 PM org.ccnx.ccn.impl.sync.SliceComparator doComparison
O MAIS DETALHADO: Compare LEAF =01B7A538EF6F7AA2B0FB2CBEF087CC1C12FFCA236CDA84288037EC44A236295005 to LEAF =02F02036B815DE5E1B1959162CECCA07421D025DD63EE007FBA43B28C091BAD943
Jan 15, 2015 6:21:29 PM org.ccnx.ccn.impl.sync.SliceComparator doComparison
O MAIS DETALHADO: name X is 0, pos X is 3, name Y is 0, pos Y is 5 comp is 0
Jan 15, 2015 6:21:29 PM org.ccnx.ccn.impl.sync.SliceComparator doComparison
O MAIS DETALHADO: name X (expanded) is /ccnx.org/test/SyncTestRepo-15-01-15-18.20.23/ccnSyncTest/slice10/randomFile/=FD054B82F53F79/%C1.META.M/.header/=FD054B82F53FB2/=00/=18F7ABCFFBD0912243186C9F3D6A45A3E28959A7EF8B922DD636A13DE75A55AC, name Y (expanded) is /ccnx.org/test/SyncTestRepo-15-01-15-18.20.23/ccnSyncTest/slice10/randomFile/=FD054B82F53F79/%C1.META.M/.header/=FD054B82F53FB2/=00/=18F7ABCFFBD0912243186C9F3D6A45A3E28959A7EF8B922DD636A13DE75A55AC
Jan 15, 2015 6:21:29 PM org.ccnx.ccn.impl.sync.SliceComparator updateCurrent
O MAIS DETALHADO: Starting update from hash =01B7A538EF6F7AA2B0FB2CBEF087CC1C12FFCA236CDA84288037EC44A236295005
Jan 15, 2015 6:21:29 PM org.ccnx.ccn.impl.sync.SliceComparator updateCurrent
O MAIS DETALHADO: Update compare: name from tree (expanded) is /ccnx.org/test/SyncTestRepo-15-01-15-18.20.23/ccnSyncTest/slice10/round11/randomFile/=FD054B82F588B4/=00/=862C3C8C527D6B204E7FCD4EAF121546BFBA9E26B978EC9010B0DB73EDD734F0, name  is /ccnx.org/test/SyncTestRepo-15-01-15-18.20.23/ccnSyncTest/slice10/round12/randomFile/=FD054B82F591DF/=00/p=DE2BB2F625C0B42DC3D4800957F955C01267E921712139BC9BB1702DCF20EE, comp is -1
Jan 15, 2015 6:21:29 PM org.ccnx.ccn.impl.sync.SliceComparator updateCurrent
O MAIS DETALHADO: Update compare: name from tree (expanded) is /ccnx.org/test/SyncTestRepo-15-01-15-18.20.23/ccnSyncTest/slice10/round11/randomFile/=FD054B82F588B4/%C1.META.M/.header/=FD054B82F588F2/=00/=DBC2A06AF145799671C57E6C55FB2D868F36DD55A23916A8CDB6B7981131FFE6, name  is /ccnx.org/test/SyncTestRepo-15-01-15-18.20.23/ccnSyncTest/slice10/round12/randomFile/=FD054B82F591DF/=00/p=DE2BB2F625C0B42DC3D4800957F955C01267E921712139BC9BB1702DCF20EE, comp is -1
Jan 15, 2015 6:21:29 PM org.ccnx.ccn.impl.sync.SliceComparator updateCurrent
O MAIS DETALHADO: Update compare: name from tree (expanded) is /ccnx.org/test/SyncTestRepo-15-01-15-18.20.23/ccnSyncTest/slice10/randomFile/=FD054B82F53F79/=00/=3CBEB0282FE72CD7F7CF0696455493A1CE4F4E488F469319834E10584FC5C583, name  is /ccnx.org/test/SyncTestRepo-15-01-15-18.20.23/ccnSyncTest/slice10/round12/randomFile/=FD054B82F591DF/=00/p=DE2BB2F625C0B42DC3D4800957F955C01267E921712139BC9BB1702DCF20EE, comp is 1
Jan 15, 2015 6:21:29 PM org.ccnx.ccn.impl.sync.SliceComparator updateCurrent
O MAIS DETALHADO: Update: starting redo of names because of /ccnx.org/test/SyncTestRepo-15-01-15-18.20.23/ccnSyncTest/slice10/round12/randomFile/=FD054B82F591DF/=00/p=DE2BB2F625C0B42DC3D4800957F955C01267E921712139BC9BB1702DCF20EE at /ccnx.org/test/SyncTestRepo-15-01-15-18.20.23/ccnSyncTest/slice10/round11/randomFile/=FD054B82F588B4/=00/=862C3C8C527D6B204E7FCD4EAF121546BFBA9E26B978EC9010B0DB73EDD734F0
Jan 15, 2015 6:21:29 PM org.ccnx.ccn.impl.sync.SyncTreeEntry <init>
O MAIS DETALHADO: Found existing node: =02F02036B815DE5E1B1959162CECCA07421D025DD63EE007FBA43B28C091BAD943
Jan 15, 2015 6:21:29 PM org.ccnx.ccn.io.content.SyncNodeComposite decodeLogging
O MAIS DETALHADO: decode node for =02F02036B815DE5E1B1959162CECCA07421D025DD63EE007FBA43B28C091BAD943 depth = 1 refs = 6
Jan 15, 2015 6:21:29 PM org.ccnx.ccn.io.content.SyncNodeComposite decodeLogging
O MAIS DETALHADO: min is 0, max is 0, expanded min is /ccnx.org/test/SyncTestRepo-15-01-15-18.20.23/ccnSyncTest/slice10/round11/randomFile/=FD054B82F588B4/=00/=862C3C8C527D6B204E7FCD4EAF121546BFBA9E26B978EC9010B0DB73EDD734F0, expanded max is /ccnx.org/test/SyncTestRepo-15-01-15-18.20.23/ccnSyncTest/slice10/randomFile/=FD054B82F53F79/%C1.META.M/.header/=FD054B82F53FB2/=00/=18F7ABCFFBD0912243186C9F3D6A45A3E28959A7EF8B922DD636A13DE75A55AC
Jan 15, 2015 6:21:29 PM org.ccnx.ccn.impl.sync.SliceComparator updateCurrent
INFORMAÇÕES: Resetting current to created head: =02F02036B815DE5E1B1959162CECCA07421D025DD63EE007FBA43B28C091BAD943
Jan 15, 2015 6:21:29 PM org.ccnx.ccn.profiles.sync.SyncTestRepo checkCallbacks
DETALHADO: got segment 0
Jan 15, 2015 6:21:29 PM org.ccnx.ccn.profiles.sync.SyncTestRepo checkCallbacks
DETALHADO: received: [true, false] finished: [true, true]
Jan 15, 2015 6:21:29 PM org.ccnx.ccn.profiles.sync.SyncTestRepo checkCallbacks
DETALHADO: got the header
Jan 15, 2015 6:21:29 PM org.ccnx.ccn.profiles.sync.SyncTestRepo checkCallbacks
DETALHADO: received: [true, true] finished: [true, true]
Jan 15, 2015 6:21:29 PM org.ccnx.ccn.profiles.sync.SyncTestRepo checkCallbacks
DETALHADO: got all the segments!
Jan 15, 2015 6:21:29 PM org.ccnx.ccn.profiles.sync.SyncTestRepo checkCallbacks
DETALHADO: trying to loop again looking for segments
Jan 15, 2015 6:21:29 PM org.ccnx.ccn.profiles.sync.SyncTestRepo checkCallbacks
DETALHADO: done looping, returning.
Jan 15, 2015 6:21:29 PM org.ccnx.ccn.impl.CCNFlowControl <init>
INFORMAÇÕES: adding namespace: /ccnx.org/test/SyncTestRepo-15-01-15-18.20.23/ccnSyncTest/slice10/round13/randomFile
Jan 15, 2015 6:21:29 PM org.ccnx.ccn.impl.security.keys.BasicKeyManager getKeyLocator
INFORMAÇÕES: getKeyLocator: returning locator NAME: /ccnx.org/Users/root/Keys/%C1.M.K=009234ADEC47D19E3E6A2AF362D44E09AB6B71F43B1900BA0622FB45F2A5B7D9F6/=FD054AE7DE1000 KEY:-reba89rgbj1o6ata34t5eovcl4kho5s9pnv8nstq15q1ld4g9ga for key kjSt7EfRnj5qKvNi1E4Jq2tx9DsZALoGIvtF8qW32fY=
Jan 15, 2015 6:21:29 PM org.ccnx.ccn.io.CCNAbstractOutputStream <init>
INFORMAÇÕES: CCNAbstractOutputStream: /ccnx.org/test/SyncTestRepo-15-01-15-18.20.23/ccnSyncTest/slice10/round13/randomFile/=FD054B82F59B1B blocksize is 4096
Jan 15, 2015 6:21:29 PM org.ccnx.ccn.io.CCNAbstractOutputStream startWrite
INFORMAÇÕES: CCNAbstractOutputStream: startWrite -- searching for keys.
Jan 15, 2015 6:21:29 PM org.ccnx.ccn.profiles.security.access.AccessControlManager keysForOutput
INFORMAÇÕES: keysForOutput: found an acm: (null)
Jan 15, 2015 6:21:29 PM org.ccnx.ccn.impl.repo.RepositoryFlowControl startWrite
INFORMAÇÕES: RepositoryFlowControl.startWrite called for name /ccnx.org/test/SyncTestRepo-15-01-15-18.20.23/ccnSyncTest/slice10/round13/randomFile/=FD054B82F59B1B, shape STREAM
Jan 15, 2015 6:21:29 PM org.ccnx.ccn.impl.repo.RepositoryFlowControl handleContent
INFORMAÇÕES: handleContent: got potential repo message: /ccnx.org/test/SyncTestRepo-15-01-15-18.20.23/ccnSyncTest/slice10/round13/randomFile/=FD054B82F59B1B/%C1.R.sw/%C1.N=0093088C8B75D716BA
Jan 15, 2015 6:21:29 PM org.ccnx.ccn.profiles.sync.SyncTestCommon writeFile
DETALHADO: bytes: 4096 block size: 4096 div: 1.0 ceil: 1
Jan 15, 2015 6:21:29 PM org.ccnx.ccn.profiles.sync.SyncTestCommon writeFile
DETALHADO: will write out a 4096 byte file, will have 2 segments (1 is a header)
Jan 15, 2015 6:21:29 PM org.ccnx.ccn.io.CCNOutputStream flushToNetwork
INFORMAÇÕES: flush: outputting to the segmenter, baseName /ccnx.org/test/SyncTestRepo-15-01-15-18.20.23/ccnSyncTest/slice10/round13/randomFile/=FD054B82F59B1B basenameindex =00; 4096 bytes written, holding back 4096 flushing final blocks? false.
Jan 15, 2015 6:21:29 PM org.ccnx.ccn.io.CCNOutputStream flushToNetwork
INFORMAÇÕES: HEADER: CCNOutputStream: flushToNetwork: new _baseNameIndex 0
Jan 15, 2015 6:21:29 PM org.ccnx.ccn.io.CCNOutputStream flushToNetwork
INFORMAÇÕES: flush: outputting to the segmenter, baseName /ccnx.org/test/SyncTestRepo-15-01-15-18.20.23/ccnSyncTest/slice10/round13/randomFile/=FD054B82F59B1B basenameindex =00; 4096 bytes written, holding back 4096 flushing final blocks? false.
Jan 15, 2015 6:21:29 PM org.ccnx.ccn.io.CCNOutputStream flushToNetwork
INFORMAÇÕES: HEADER: CCNOutputStream: flushToNetwork: new _baseNameIndex 0
Jan 15, 2015 6:21:29 PM org.ccnx.ccn.io.CCNOutputStream flushToNetwork
INFORMAÇÕES: flush: outputting to the segmenter, baseName /ccnx.org/test/SyncTestRepo-15-01-15-18.20.23/ccnSyncTest/slice10/round13/randomFile/=FD054B82F59B1B basenameindex =00; 4096 bytes written, holding back 0 flushing final blocks? true.
Jan 15, 2015 6:21:29 PM org.ccnx.ccn.io.CCNOutputStream flushToNetwork
INFORMAÇÕES: HEADER: CCNOutputStream: flushToNetwork: new _baseNameIndex 1
Jan 15, 2015 6:21:29 PM org.ccnx.ccn.io.CCNAbstractOutputStream <init>
INFORMAÇÕES: CCNAbstractOutputStream: /ccnx.org/test/SyncTestRepo-15-01-15-18.20.23/ccnSyncTest/slice10/round13/randomFile/=FD054B82F59B1B/%C1.META.M/.header/=FD054B82F59B54 blocksize is 4096
Jan 15, 2015 6:21:29 PM org.ccnx.ccn.io.CCNAbstractOutputStream startWrite
INFORMAÇÕES: CCNAbstractOutputStream: startWrite -- searching for keys.
Jan 15, 2015 6:21:29 PM org.ccnx.ccn.profiles.security.access.AccessControlManager keysForOutput
INFORMAÇÕES: keysForOutput: found an acm: (null)
Jan 15, 2015 6:21:29 PM org.ccnx.ccn.impl.repo.RepositoryFlowControl startWrite
INFORMAÇÕES: RepositoryFlowControl.startWrite called for name /ccnx.org/test/SyncTestRepo-15-01-15-18.20.23/ccnSyncTest/slice10/round13/randomFile/=FD054B82F59B1B/%C1.META.M/.header/=FD054B82F59B54, shape STREAM
Jan 15, 2015 6:21:29 PM org.ccnx.ccn.impl.repo.RepositoryFlowControl handleContent
INFORMAÇÕES: handleContent: got potential repo message: /ccnx.org/test/SyncTestRepo-15-01-15-18.20.23/ccnSyncTest/slice10/round13/randomFile/=FD054B82F59B1B/%C1.META.M/.header/=FD054B82F59B54/%C1.R.sw/%C1.N=001AE1D903D77B65E7
Jan 15, 2015 6:21:29 PM org.ccnx.ccn.io.CCNOutputStream flushToNetwork
INFORMAÇÕES: flush: outputting to the segmenter, baseName /ccnx.org/test/SyncTestRepo-15-01-15-18.20.23/ccnSyncTest/slice10/round13/randomFile/=FD054B82F59B1B/%C1.META.M/.header/=FD054B82F59B54 basenameindex =00; 66 bytes written, holding back 66 flushing final blocks? false.
Jan 15, 2015 6:21:29 PM org.ccnx.ccn.io.CCNOutputStream flushToNetwork
INFORMAÇÕES: HEADER: CCNOutputStream: flushToNetwork: new _baseNameIndex 0
Jan 15, 2015 6:21:29 PM org.ccnx.ccn.io.CCNOutputStream flushToNetwork
INFORMAÇÕES: flush: outputting to the segmenter, baseName /ccnx.org/test/SyncTestRepo-15-01-15-18.20.23/ccnSyncTest/slice10/round13/randomFile/=FD054B82F59B1B/%C1.META.M/.header/=FD054B82F59B54 basenameindex =00; 66 bytes written, holding back 66 flushing final blocks? false.
Jan 15, 2015 6:21:29 PM org.ccnx.ccn.io.CCNOutputStream flushToNetwork
INFORMAÇÕES: HEADER: CCNOutputStream: flushToNetwork: new _baseNameIndex 0
Jan 15, 2015 6:21:29 PM org.ccnx.ccn.io.CCNOutputStream flushToNetwork
INFORMAÇÕES: flush: outputting to the segmenter, baseName /ccnx.org/test/SyncTestRepo-15-01-15-18.20.23/ccnSyncTest/slice10/round13/randomFile/=FD054B82F59B1B/%C1.META.M/.header/=FD054B82F59B54 basenameindex =00; 66 bytes written, holding back 0 flushing final blocks? true.
Jan 15, 2015 6:21:29 PM org.ccnx.ccn.io.CCNOutputStream flushToNetwork
INFORMAÇÕES: HEADER: CCNOutputStream: flushToNetwork: new _baseNameIndex 1
Jan 15, 2015 6:21:29 PM org.ccnx.ccn.io.CCNOutputStream close
INFORMAÇÕES: CCNOutputStream close: /ccnx.org/test/SyncTestRepo-15-01-15-18.20.23/ccnSyncTest/slice10/round13/randomFile/=FD054B82F59B1B/%C1.META.M/.header/=FD054B82F59B54
Jan 15, 2015 6:21:29 PM org.ccnx.ccn.io.CCNOutputStream close
INFORMAÇÕES: CCNOutputStream close: /ccnx.org/test/SyncTestRepo-15-01-15-18.20.23/ccnSyncTest/slice10/round13/randomFile/=FD054B82F59B1B
Jan 15, 2015 6:21:29 PM org.ccnx.ccn.profiles.sync.SyncTestCommon writeFile
INFORMAÇÕES: Wrote file to repository: /ccnx.org/test/SyncTestRepo-15-01-15-18.20.23/ccnSyncTest/slice10/round13/randomFile/=FD054B82F59B1B with 2 segments
Jan 15, 2015 6:21:29 PM org.ccnx.ccn.profiles.sync.SyncTestRepo checkCallbacks
DETALHADO: checking for callbacks:  /ccnx.org/test/SyncTestRepo-15-01-15-18.20.23/ccnSyncTest/slice10/round13 segments: 2
Jan 15, 2015 6:21:29 PM org.ccnx.ccn.impl.sync.ProtocolBasedSyncMonitor handleContent
INFORMAÇÕES: Saw new content from sync: /ccnx.org/test/SyncTestRepo-15-01-15-18.20.23/topoPrefix/%C1.S.ra/x%E7U.=86853EF050D99AC7B6E19C29B7AECFA1B2568CAD74E733BCB2443F63/=02F02036B815DE5E1B1959162CECCA07421D025DD63EE007FBA43B28C091BAD943/=03B35134A889227976C3994ADB368C013072939DD8961AC4717C1E0F90A37EFB0C
Jan 15, 2015 6:21:29 PM org.ccnx.ccn.impl.sync.SliceComparator run
DETALHADO: Starting comparator run - state is INIT, sc is org.ccnx.ccn.impl.sync.SliceComparator@ca0898b, this is the lead
Jan 15, 2015 6:21:29 PM org.ccnx.ccn.impl.encoding.BinaryXMLDecoder setElement
INFORMAÇÕES: Reset decode array sizes to 150
Jan 15, 2015 6:21:29 PM org.ccnx.ccn.impl.encoding.BinaryXMLDecoder setElement
INFORMAÇÕES: Reset decode array sizes to 225
Jan 15, 2015 6:21:29 PM org.ccnx.ccn.impl.encoding.BinaryXMLDecoder setElement
INFORMAÇÕES: Reset decode array sizes to 337
Jan 15, 2015 6:21:29 PM org.ccnx.ccn.impl.encoding.BinaryXMLDecoder setElement
INFORMAÇÕES: Reset decode array sizes to 505
Jan 15, 2015 6:21:29 PM org.ccnx.ccn.io.content.SyncNodeComposite decodeLogging
O MAIS DETALHADO: decode node for =03B35134A889227976C3994ADB368C013072939DD8961AC4717C1E0F90A37EFB0C depth = 1 refs = 8
Jan 15, 2015 6:21:29 PM org.ccnx.ccn.io.content.SyncNodeComposite decodeLogging
O MAIS DETALHADO: min is 0, max is 0, expanded min is /ccnx.org/test/SyncTestRepo-15-01-15-18.20.23/ccnSyncTest/slice10/round11/randomFile/=FD054B82F588B4/=00/=862C3C8C527D6B204E7FCD4EAF121546BFBA9E26B978EC9010B0DB73EDD734F0, expanded max is /ccnx.org/test/SyncTestRepo-15-01-15-18.20.23/ccnSyncTest/slice10/randomFile/=FD054B82F53F79/%C1.META.M/.header/=FD054B82F53FB2/=00/=18F7ABCFFBD0912243186C9F3D6A45A3E28959A7EF8B922DD636A13DE75A55AC
Jan 15, 2015 6:21:29 PM org.ccnx.ccn.impl.sync.SliceComparator run
INFORMAÇÕES: Starting new round with X = =02F02036B815DE5E1B1959162CECCA07421D025DD63EE007FBA43B28C091BAD943 and Y = =03B35134A889227976C3994ADB368C013072939DD8961AC4717C1E0F90A37EFB0C
Jan 15, 2015 6:21:29 PM org.ccnx.ccn.impl.sync.SliceComparator doComparison
O MAIS DETALHADO: Compare LEAF =02F02036B815DE5E1B1959162CECCA07421D025DD63EE007FBA43B28C091BAD943 to LEAF =03B35134A889227976C3994ADB368C013072939DD8961AC4717C1E0F90A37EFB0C
Jan 15, 2015 6:21:29 PM org.ccnx.ccn.impl.sync.SliceComparator doComparison
O MAIS DETALHADO: name X is 0, pos X is 0, name Y is 0, pos Y is 0 comp is 0
Jan 15, 2015 6:21:29 PM org.ccnx.ccn.impl.sync.SliceComparator doComparison
O MAIS DETALHADO: name X (expanded) is /ccnx.org/test/SyncTestRepo-15-01-15-18.20.23/ccnSyncTest/slice10/round11/randomFile/=FD054B82F588B4/=00/=862C3C8C527D6B204E7FCD4EAF121546BFBA9E26B978EC9010B0DB73EDD734F0, name Y (expanded) is /ccnx.org/test/SyncTestRepo-15-01-15-18.20.23/ccnSyncTest/slice10/round11/randomFile/=FD054B82F588B4/=00/=862C3C8C527D6B204E7FCD4EAF121546BFBA9E26B978EC9010B0DB73EDD734F0
Jan 15, 2015 6:21:29 PM org.ccnx.ccn.impl.sync.SliceComparator doComparison
O MAIS DETALHADO: Compare LEAF =02F02036B815DE5E1B1959162CECCA07421D025DD63EE007FBA43B28C091BAD943 to LEAF =03B35134A889227976C3994ADB368C013072939DD8961AC4717C1E0F90A37EFB0C
Jan 15, 2015 6:21:29 PM org.ccnx.ccn.impl.sync.SliceComparator doComparison
O MAIS DETALHADO: name X is 0, pos X is 1, name Y is 0, pos Y is 1 comp is 0
Jan 15, 2015 6:21:29 PM org.ccnx.ccn.impl.sync.SliceComparator doComparison
O MAIS DETALHADO: name X (expanded) is /ccnx.org/test/SyncTestRepo-15-01-15-18.20.23/ccnSyncTest/slice10/round11/randomFile/=FD054B82F588B4/%C1.META.M/.header/=FD054B82F588F2/=00/=DBC2A06AF145799671C57E6C55FB2D868F36DD55A23916A8CDB6B7981131FFE6, name Y (expanded) is /ccnx.org/test/SyncTestRepo-15-01-15-18.20.23/ccnSyncTest/slice10/round11/randomFile/=FD054B82F588B4/%C1.META.M/.header/=FD054B82F588F2/=00/=DBC2A06AF145799671C57E6C55FB2D868F36DD55A23916A8CDB6B7981131FFE6
Jan 15, 2015 6:21:29 PM org.ccnx.ccn.impl.sync.SliceComparator doComparison
O MAIS DETALHADO: Compare LEAF =02F02036B815DE5E1B1959162CECCA07421D025DD63EE007FBA43B28C091BAD943 to LEAF =03B35134A889227976C3994ADB368C013072939DD8961AC4717C1E0F90A37EFB0C
Jan 15, 2015 6:21:29 PM org.ccnx.ccn.impl.sync.SliceComparator doComparison
O MAIS DETALHADO: name X is 0, pos X is 2, name Y is 0, pos Y is 2 comp is 0
Jan 15, 2015 6:21:29 PM org.ccnx.ccn.impl.sync.SliceComparator doComparison
O MAIS DETALHADO: name X (expanded) is /ccnx.org/test/SyncTestRepo-15-01-15-18.20.23/ccnSyncTest/slice10/round12/randomFile/=FD054B82F591DF/=00/p=DE2BB2F625C0B42DC3D4800957F955C01267E921712139BC9BB1702DCF20EE, name Y (expanded) is /ccnx.org/test/SyncTestRepo-15-01-15-18.20.23/ccnSyncTest/slice10/round12/randomFile/=FD054B82F591DF/=00/p=DE2BB2F625C0B42DC3D4800957F955C01267E921712139BC9BB1702DCF20EE
Jan 15, 2015 6:21:29 PM org.ccnx.ccn.impl.sync.SliceComparator doComparison
O MAIS DETALHADO: Compare LEAF =02F02036B815DE5E1B1959162CECCA07421D025DD63EE007FBA43B28C091BAD943 to LEAF =03B35134A889227976C3994ADB368C013072939DD8961AC4717C1E0F90A37EFB0C
Jan 15, 2015 6:21:29 PM org.ccnx.ccn.impl.sync.SliceComparator doComparison
O MAIS DETALHADO: name X is 0, pos X is 3, name Y is 0, pos Y is 3 comp is 0
Jan 15, 2015 6:21:29 PM org.ccnx.ccn.impl.sync.SliceComparator doComparison
O MAIS DETALHADO: name X (expanded) is /ccnx.org/test/SyncTestRepo-15-01-15-18.20.23/ccnSyncTest/slice10/round12/randomFile/=FD054B82F591DF/%C1.META.M/.header/=FD054B82F5921D/=00/=C79CD215B03DFAB5F06882BC5BA5F1D95D25D28042EABE41AFB332AE2DC26850, name Y (expanded) is /ccnx.org/test/SyncTestRepo-15-01-15-18.20.23/ccnSyncTest/slice10/round12/randomFile/=FD054B82F591DF/%C1.META.M/.header/=FD054B82F5921D/=00/=C79CD215B03DFAB5F06882BC5BA5F1D95D25D28042EABE41AFB332AE2DC26850
Jan 15, 2015 6:21:29 PM org.ccnx.ccn.impl.sync.SliceComparator doComparison
O MAIS DETALHADO: Compare LEAF =02F02036B815DE5E1B1959162CECCA07421D025DD63EE007FBA43B28C091BAD943 to LEAF =03B35134A889227976C3994ADB368C013072939DD8961AC4717C1E0F90A37EFB0C
Jan 15, 2015 6:21:29 PM org.ccnx.ccn.impl.sync.SliceComparator doComparison
O MAIS DETALHADO: name X is 0, pos X is 4, name Y is 0, pos Y is 4 comp is 1
Jan 15, 2015 6:21:29 PM org.ccnx.ccn.impl.sync.SliceComparator doComparison
O MAIS DETALHADO: name X (expanded) is /ccnx.org/test/SyncTestRepo-15-01-15-18.20.23/ccnSyncTest/slice10/randomFile/=FD054B82F53F79/=00/=3CBEB0282FE72CD7F7CF0696455493A1CE4F4E488F469319834E10584FC5C583, name Y (expanded) is /ccnx.org/test/SyncTestRepo-15-01-15-18.20.23/ccnSyncTest/slice10/round13/randomFile/=FD054B82F59B1B/=00/=0A14D94BE374A45E49DA2BC4C06FA4AA8D141E487AECE98ECC199C7D9D5FF867
Jan 15, 2015 6:21:29 PM org.ccnx.ccn.profiles.sync.SyncTestRepo doHandleContentName
INFORMAÇÕES: Number 1: Callback for name: /ccnx.org/test/SyncTestRepo-15-01-15-18.20.23/ccnSyncTest/slice10/round13/randomFile/=FD054B82F59B1B/=00 - number is 0
Jan 15, 2015 6:21:29 PM org.ccnx.ccn.impl.sync.SliceComparator doComparison
O MAIS DETALHADO: Compare LEAF =02F02036B815DE5E1B1959162CECCA07421D025DD63EE007FBA43B28C091BAD943 to LEAF =03B35134A889227976C3994ADB368C013072939DD8961AC4717C1E0F90A37EFB0C
Jan 15, 2015 6:21:29 PM org.ccnx.ccn.impl.sync.SliceComparator doComparison
O MAIS DETALHADO: name X is 0, pos X is 4, name Y is 0, pos Y is 5 comp is 1
Jan 15, 2015 6:21:29 PM org.ccnx.ccn.impl.sync.SliceComparator doComparison
O MAIS DETALHADO: name X (expanded) is /ccnx.org/test/SyncTestRepo-15-01-15-18.20.23/ccnSyncTest/slice10/randomFile/=FD054B82F53F79/=00/=3CBEB0282FE72CD7F7CF0696455493A1CE4F4E488F469319834E10584FC5C583, name Y (expanded) is /ccnx.org/test/SyncTestRepo-15-01-15-18.20.23/ccnSyncTest/slice10/round13/randomFile/=FD054B82F59B1B/%C1.META.M/.header/=FD054B82F59B54/=00/=B91C24A48FCF76FD606608E989525543C87D21B9DC4DD2E70BC94A5274642962
Jan 15, 2015 6:21:29 PM org.ccnx.ccn.profiles.sync.SyncTestRepo doHandleContentName
INFORMAÇÕES: Number 1: Callback for name: /ccnx.org/test/SyncTestRepo-15-01-15-18.20.23/ccnSyncTest/slice10/round13/randomFile/=FD054B82F59B1B/%C1.META.M/.header/=FD054B82F59B54/=00 - number is header
Jan 15, 2015 6:21:29 PM org.ccnx.ccn.impl.sync.SliceComparator doComparison
O MAIS DETALHADO: Compare LEAF =02F02036B815DE5E1B1959162CECCA07421D025DD63EE007FBA43B28C091BAD943 to LEAF =03B35134A889227976C3994ADB368C013072939DD8961AC4717C1E0F90A37EFB0C
Jan 15, 2015 6:21:29 PM org.ccnx.ccn.impl.sync.SliceComparator doComparison
O MAIS DETALHADO: name X is 0, pos X is 4, name Y is 0, pos Y is 6 comp is 0
Jan 15, 2015 6:21:29 PM org.ccnx.ccn.impl.sync.SliceComparator doComparison
O MAIS DETALHADO: name X (expanded) is /ccnx.org/test/SyncTestRepo-15-01-15-18.20.23/ccnSyncTest/slice10/randomFile/=FD054B82F53F79/=00/=3CBEB0282FE72CD7F7CF0696455493A1CE4F4E488F469319834E10584FC5C583, name Y (expanded) is /ccnx.org/test/SyncTestRepo-15-01-15-18.20.23/ccnSyncTest/slice10/randomFile/=FD054B82F53F79/=00/=3CBEB0282FE72CD7F7CF0696455493A1CE4F4E488F469319834E10584FC5C583
Jan 15, 2015 6:21:29 PM org.ccnx.ccn.impl.sync.SliceComparator doComparison
O MAIS DETALHADO: Compare LEAF =02F02036B815DE5E1B1959162CECCA07421D025DD63EE007FBA43B28C091BAD943 to LEAF =03B35134A889227976C3994ADB368C013072939DD8961AC4717C1E0F90A37EFB0C
Jan 15, 2015 6:21:29 PM org.ccnx.ccn.impl.sync.SliceComparator doComparison
O MAIS DETALHADO: name X is 0, pos X is 5, name Y is 0, pos Y is 7 comp is 0
Jan 15, 2015 6:21:29 PM org.ccnx.ccn.impl.sync.SliceComparator doComparison
O MAIS DETALHADO: name X (expanded) is /ccnx.org/test/SyncTestRepo-15-01-15-18.20.23/ccnSyncTest/slice10/randomFile/=FD054B82F53F79/%C1.META.M/.header/=FD054B82F53FB2/=00/=18F7ABCFFBD0912243186C9F3D6A45A3E28959A7EF8B922DD636A13DE75A55AC, name Y (expanded) is /ccnx.org/test/SyncTestRepo-15-01-15-18.20.23/ccnSyncTest/slice10/randomFile/=FD054B82F53F79/%C1.META.M/.header/=FD054B82F53FB2/=00/=18F7ABCFFBD0912243186C9F3D6A45A3E28959A7EF8B922DD636A13DE75A55AC
Jan 15, 2015 6:21:29 PM org.ccnx.ccn.impl.sync.SliceComparator updateCurrent
O MAIS DETALHADO: Starting update from hash =02F02036B815DE5E1B1959162CECCA07421D025DD63EE007FBA43B28C091BAD943
Jan 15, 2015 6:21:29 PM org.ccnx.ccn.impl.sync.SliceComparator updateCurrent
O MAIS DETALHADO: Update compare: name from tree (expanded) is /ccnx.org/test/SyncTestRepo-15-01-15-18.20.23/ccnSyncTest/slice10/round11/randomFile/=FD054B82F588B4/=00/=862C3C8C527D6B204E7FCD4EAF121546BFBA9E26B978EC9010B0DB73EDD734F0, name  is /ccnx.org/test/SyncTestRepo-15-01-15-18.20.23/ccnSyncTest/slice10/round13/randomFile/=FD054B82F59B1B/=00/=0A14D94BE374A45E49DA2BC4C06FA4AA8D141E487AECE98ECC199C7D9D5FF867, comp is -1
Jan 15, 2015 6:21:29 PM org.ccnx.ccn.impl.sync.SliceComparator updateCurrent
O MAIS DETALHADO: Update compare: name from tree (expanded) is /ccnx.org/test/SyncTestRepo-15-01-15-18.20.23/ccnSyncTest/slice10/round11/randomFile/=FD054B82F588B4/%C1.META.M/.header/=FD054B82F588F2/=00/=DBC2A06AF145799671C57E6C55FB2D868F36DD55A23916A8CDB6B7981131FFE6, name  is /ccnx.org/test/SyncTestRepo-15-01-15-18.20.23/ccnSyncTest/slice10/round13/randomFile/=FD054B82F59B1B/=00/=0A14D94BE374A45E49DA2BC4C06FA4AA8D141E487AECE98ECC199C7D9D5FF867, comp is -1
Jan 15, 2015 6:21:29 PM org.ccnx.ccn.impl.sync.SliceComparator updateCurrent
O MAIS DETALHADO: Update compare: name from tree (expanded) is /ccnx.org/test/SyncTestRepo-15-01-15-18.20.23/ccnSyncTest/slice10/round12/randomFile/=FD054B82F591DF/=00/p=DE2BB2F625C0B42DC3D4800957F955C01267E921712139BC9BB1702DCF20EE, name  is /ccnx.org/test/SyncTestRepo-15-01-15-18.20.23/ccnSyncTest/slice10/round13/randomFile/=FD054B82F59B1B/=00/=0A14D94BE374A45E49DA2BC4C06FA4AA8D141E487AECE98ECC199C7D9D5FF867, comp is -1
Jan 15, 2015 6:21:29 PM org.ccnx.ccn.impl.sync.SliceComparator updateCurrent
O MAIS DETALHADO: Update compare: name from tree (expanded) is /ccnx.org/test/SyncTestRepo-15-01-15-18.20.23/ccnSyncTest/slice10/round12/randomFile/=FD054B82F591DF/%C1.META.M/.header/=FD054B82F5921D/=00/=C79CD215B03DFAB5F06882BC5BA5F1D95D25D28042EABE41AFB332AE2DC26850, name  is /ccnx.org/test/SyncTestRepo-15-01-15-18.20.23/ccnSyncTest/slice10/round13/randomFile/=FD054B82F59B1B/=00/=0A14D94BE374A45E49DA2BC4C06FA4AA8D141E487AECE98ECC199C7D9D5FF867, comp is -1
Jan 15, 2015 6:21:29 PM org.ccnx.ccn.impl.sync.SliceComparator updateCurrent
O MAIS DETALHADO: Update compare: name from tree (expanded) is /ccnx.org/test/SyncTestRepo-15-01-15-18.20.23/ccnSyncTest/slice10/randomFile/=FD054B82F53F79/=00/=3CBEB0282FE72CD7F7CF0696455493A1CE4F4E488F469319834E10584FC5C583, name  is /ccnx.org/test/SyncTestRepo-15-01-15-18.20.23/ccnSyncTest/slice10/round13/randomFile/=FD054B82F59B1B/=00/=0A14D94BE374A45E49DA2BC4C06FA4AA8D141E487AECE98ECC199C7D9D5FF867, comp is 1
Jan 15, 2015 6:21:29 PM org.ccnx.ccn.impl.sync.SliceComparator updateCurrent
O MAIS DETALHADO: Update: starting redo of names because of /ccnx.org/test/SyncTestRepo-15-01-15-18.20.23/ccnSyncTest/slice10/round13/randomFile/=FD054B82F59B1B/=00/=0A14D94BE374A45E49DA2BC4C06FA4AA8D141E487AECE98ECC199C7D9D5FF867 at /ccnx.org/test/SyncTestRepo-15-01-15-18.20.23/ccnSyncTest/slice10/round11/randomFile/=FD054B82F588B4/=00/=862C3C8C527D6B204E7FCD4EAF121546BFBA9E26B978EC9010B0DB73EDD734F0
Jan 15, 2015 6:21:29 PM org.ccnx.ccn.impl.sync.SyncTreeEntry <init>
O MAIS DETALHADO: Found existing node: =03B35134A889227976C3994ADB368C013072939DD8961AC4717C1E0F90A37EFB0C
Jan 15, 2015 6:21:29 PM org.ccnx.ccn.io.content.SyncNodeComposite decodeLogging
O MAIS DETALHADO: decode node for =03B35134A889227976C3994ADB368C013072939DD8961AC4717C1E0F90A37EFB0C depth = 1 refs = 8
Jan 15, 2015 6:21:29 PM org.ccnx.ccn.io.content.SyncNodeComposite decodeLogging
O MAIS DETALHADO: min is 0, max is 0, expanded min is /ccnx.org/test/SyncTestRepo-15-01-15-18.20.23/ccnSyncTest/slice10/round11/randomFile/=FD054B82F588B4/=00/=862C3C8C527D6B204E7FCD4EAF121546BFBA9E26B978EC9010B0DB73EDD734F0, expanded max is /ccnx.org/test/SyncTestRepo-15-01-15-18.20.23/ccnSyncTest/slice10/randomFile/=FD054B82F53F79/%C1.META.M/.header/=FD054B82F53FB2/=00/=18F7ABCFFBD0912243186C9F3D6A45A3E28959A7EF8B922DD636A13DE75A55AC
Jan 15, 2015 6:21:29 PM org.ccnx.ccn.impl.sync.SliceComparator updateCurrent
INFORMAÇÕES: Resetting current to created head: =03B35134A889227976C3994ADB368C013072939DD8961AC4717C1E0F90A37EFB0C
Jan 15, 2015 6:21:30 PM org.ccnx.ccn.profiles.sync.SyncTestRepo checkCallbacks
DETALHADO: got segment 0
Jan 15, 2015 6:21:30 PM org.ccnx.ccn.profiles.sync.SyncTestRepo checkCallbacks
DETALHADO: received: [true, false] finished: [true, true]
Jan 15, 2015 6:21:30 PM org.ccnx.ccn.profiles.sync.SyncTestRepo checkCallbacks
DETALHADO: got the header
Jan 15, 2015 6:21:30 PM org.ccnx.ccn.profiles.sync.SyncTestRepo checkCallbacks
DETALHADO: received: [true, true] finished: [true, true]
Jan 15, 2015 6:21:30 PM org.ccnx.ccn.profiles.sync.SyncTestRepo checkCallbacks
DETALHADO: got all the segments!
Jan 15, 2015 6:21:30 PM org.ccnx.ccn.profiles.sync.SyncTestRepo checkCallbacks
DETALHADO: trying to loop again looking for segments
Jan 15, 2015 6:21:30 PM org.ccnx.ccn.profiles.sync.SyncTestRepo checkCallbacks
DETALHADO: done looping, returning.
Jan 15, 2015 6:21:30 PM org.ccnx.ccn.impl.CCNFlowControl <init>
INFORMAÇÕES: adding namespace: /ccnx.org/test/SyncTestRepo-15-01-15-18.20.23/ccnSyncTest/slice10/round14/randomFile
Jan 15, 2015 6:21:30 PM org.ccnx.ccn.impl.security.keys.BasicKeyManager getKeyLocator
INFORMAÇÕES: getKeyLocator: returning locator NAME: /ccnx.org/Users/root/Keys/%C1.M.K=009234ADEC47D19E3E6A2AF362D44E09AB6B71F43B1900BA0622FB45F2A5B7D9F6/=FD054AE7DE1000 KEY:-reba89rgbj1o6ata34t5eovcl4kho5s9pnv8nstq15q1ld4g9ga for key kjSt7EfRnj5qKvNi1E4Jq2tx9DsZALoGIvtF8qW32fY=
Jan 15, 2015 6:21:30 PM org.ccnx.ccn.io.CCNAbstractOutputStream <init>
INFORMAÇÕES: CCNAbstractOutputStream: /ccnx.org/test/SyncTestRepo-15-01-15-18.20.23/ccnSyncTest/slice10/round14/randomFile/=FD054B82F5A43D blocksize is 4096
Jan 15, 2015 6:21:30 PM org.ccnx.ccn.io.CCNAbstractOutputStream startWrite
INFORMAÇÕES: CCNAbstractOutputStream: startWrite -- searching for keys.
Jan 15, 2015 6:21:30 PM org.ccnx.ccn.profiles.security.access.AccessControlManager keysForOutput
INFORMAÇÕES: keysForOutput: found an acm: (null)
Jan 15, 2015 6:21:30 PM org.ccnx.ccn.impl.repo.RepositoryFlowControl startWrite
INFORMAÇÕES: RepositoryFlowControl.startWrite called for name /ccnx.org/test/SyncTestRepo-15-01-15-18.20.23/ccnSyncTest/slice10/round14/randomFile/=FD054B82F5A43D, shape STREAM
Jan 15, 2015 6:21:30 PM org.ccnx.ccn.impl.repo.RepositoryFlowControl handleContent
INFORMAÇÕES: handleContent: got potential repo message: /ccnx.org/test/SyncTestRepo-15-01-15-18.20.23/ccnSyncTest/slice10/round14/randomFile/=FD054B82F5A43D/%C1.R.sw/%C1.N=00D0CF555584856300
Jan 15, 2015 6:21:30 PM org.ccnx.ccn.profiles.sync.SyncTestCommon writeFile
DETALHADO: bytes: 4096 block size: 4096 div: 1.0 ceil: 1
Jan 15, 2015 6:21:30 PM org.ccnx.ccn.profiles.sync.SyncTestCommon writeFile
DETALHADO: will write out a 4096 byte file, will have 2 segments (1 is a header)
Jan 15, 2015 6:21:30 PM org.ccnx.ccn.io.CCNOutputStream flushToNetwork
INFORMAÇÕES: flush: outputting to the segmenter, baseName /ccnx.org/test/SyncTestRepo-15-01-15-18.20.23/ccnSyncTest/slice10/round14/randomFile/=FD054B82F5A43D basenameindex =00; 4096 bytes written, holding back 4096 flushing final blocks? false.
Jan 15, 2015 6:21:30 PM org.ccnx.ccn.io.CCNOutputStream flushToNetwork
INFORMAÇÕES: HEADER: CCNOutputStream: flushToNetwork: new _baseNameIndex 0
Jan 15, 2015 6:21:30 PM org.ccnx.ccn.io.CCNOutputStream flushToNetwork
INFORMAÇÕES: flush: outputting to the segmenter, baseName /ccnx.org/test/SyncTestRepo-15-01-15-18.20.23/ccnSyncTest/slice10/round14/randomFile/=FD054B82F5A43D basenameindex =00; 4096 bytes written, holding back 4096 flushing final blocks? false.
Jan 15, 2015 6:21:30 PM org.ccnx.ccn.io.CCNOutputStream flushToNetwork
INFORMAÇÕES: HEADER: CCNOutputStream: flushToNetwork: new _baseNameIndex 0
Jan 15, 2015 6:21:30 PM org.ccnx.ccn.io.CCNOutputStream flushToNetwork
INFORMAÇÕES: flush: outputting to the segmenter, baseName /ccnx.org/test/SyncTestRepo-15-01-15-18.20.23/ccnSyncTest/slice10/round14/randomFile/=FD054B82F5A43D basenameindex =00; 4096 bytes written, holding back 0 flushing final blocks? true.
Jan 15, 2015 6:21:30 PM org.ccnx.ccn.io.CCNOutputStream flushToNetwork
INFORMAÇÕES: HEADER: CCNOutputStream: flushToNetwork: new _baseNameIndex 1
Jan 15, 2015 6:21:30 PM org.ccnx.ccn.io.CCNAbstractOutputStream <init>
INFORMAÇÕES: CCNAbstractOutputStream: /ccnx.org/test/SyncTestRepo-15-01-15-18.20.23/ccnSyncTest/slice10/round14/randomFile/=FD054B82F5A43D/%C1.META.M/.header/=FD054B82F5A47B blocksize is 4096
Jan 15, 2015 6:21:30 PM org.ccnx.ccn.io.CCNAbstractOutputStream startWrite
INFORMAÇÕES: CCNAbstractOutputStream: startWrite -- searching for keys.
Jan 15, 2015 6:21:30 PM org.ccnx.ccn.profiles.security.access.AccessControlManager keysForOutput
INFORMAÇÕES: keysForOutput: found an acm: (null)
Jan 15, 2015 6:21:30 PM org.ccnx.ccn.impl.repo.RepositoryFlowControl startWrite
INFORMAÇÕES: RepositoryFlowControl.startWrite called for name /ccnx.org/test/SyncTestRepo-15-01-15-18.20.23/ccnSyncTest/slice10/round14/randomFile/=FD054B82F5A43D/%C1.META.M/.header/=FD054B82F5A47B, shape STREAM
Jan 15, 2015 6:21:30 PM org.ccnx.ccn.impl.repo.RepositoryFlowControl handleContent
INFORMAÇÕES: handleContent: got potential repo message: /ccnx.org/test/SyncTestRepo-15-01-15-18.20.23/ccnSyncTest/slice10/round14/randomFile/=FD054B82F5A43D/%C1.META.M/.header/=FD054B82F5A47B/%C1.R.sw/%C1.N=00823B26EA067DFA76
Jan 15, 2015 6:21:30 PM org.ccnx.ccn.io.CCNOutputStream flushToNetwork
INFORMAÇÕES: flush: outputting to the segmenter, baseName /ccnx.org/test/SyncTestRepo-15-01-15-18.20.23/ccnSyncTest/slice10/round14/randomFile/=FD054B82F5A43D/%C1.META.M/.header/=FD054B82F5A47B basenameindex =00; 66 bytes written, holding back 66 flushing final blocks? false.
Jan 15, 2015 6:21:30 PM org.ccnx.ccn.io.CCNOutputStream flushToNetwork
INFORMAÇÕES: HEADER: CCNOutputStream: flushToNetwork: new _baseNameIndex 0
Jan 15, 2015 6:21:30 PM org.ccnx.ccn.io.CCNOutputStream flushToNetwork
INFORMAÇÕES: flush: outputting to the segmenter, baseName /ccnx.org/test/SyncTestRepo-15-01-15-18.20.23/ccnSyncTest/slice10/round14/randomFile/=FD054B82F5A43D/%C1.META.M/.header/=FD054B82F5A47B basenameindex =00; 66 bytes written, holding back 66 flushing final blocks? false.
Jan 15, 2015 6:21:30 PM org.ccnx.ccn.io.CCNOutputStream flushToNetwork
INFORMAÇÕES: HEADER: CCNOutputStream: flushToNetwork: new _baseNameIndex 0
Jan 15, 2015 6:21:30 PM org.ccnx.ccn.io.CCNOutputStream flushToNetwork
INFORMAÇÕES: flush: outputting to the segmenter, baseName /ccnx.org/test/SyncTestRepo-15-01-15-18.20.23/ccnSyncTest/slice10/round14/randomFile/=FD054B82F5A43D/%C1.META.M/.header/=FD054B82F5A47B basenameindex =00; 66 bytes written, holding back 0 flushing final blocks? true.
Jan 15, 2015 6:21:30 PM org.ccnx.ccn.io.CCNOutputStream flushToNetwork
INFORMAÇÕES: HEADER: CCNOutputStream: flushToNetwork: new _baseNameIndex 1
Jan 15, 2015 6:21:30 PM org.ccnx.ccn.io.CCNOutputStream close
INFORMAÇÕES: CCNOutputStream close: /ccnx.org/test/SyncTestRepo-15-01-15-18.20.23/ccnSyncTest/slice10/round14/randomFile/=FD054B82F5A43D/%C1.META.M/.header/=FD054B82F5A47B
Jan 15, 2015 6:21:30 PM org.ccnx.ccn.io.CCNOutputStream close
INFORMAÇÕES: CCNOutputStream close: /ccnx.org/test/SyncTestRepo-15-01-15-18.20.23/ccnSyncTest/slice10/round14/randomFile/=FD054B82F5A43D
Jan 15, 2015 6:21:30 PM org.ccnx.ccn.profiles.sync.SyncTestCommon writeFile
INFORMAÇÕES: Wrote file to repository: /ccnx.org/test/SyncTestRepo-15-01-15-18.20.23/ccnSyncTest/slice10/round14/randomFile/=FD054B82F5A43D with 2 segments
Jan 15, 2015 6:21:30 PM org.ccnx.ccn.profiles.sync.SyncTestRepo checkCallbacks
DETALHADO: checking for callbacks:  /ccnx.org/test/SyncTestRepo-15-01-15-18.20.23/ccnSyncTest/slice10/round14 segments: 2
Jan 15, 2015 6:21:30 PM org.ccnx.ccn.impl.sync.ProtocolBasedSyncMonitor handleContent
INFORMAÇÕES: Saw new content from sync: /ccnx.org/test/SyncTestRepo-15-01-15-18.20.23/topoPrefix/%C1.S.ra/x%E7U.=86853EF050D99AC7B6E19C29B7AECFA1B2568CAD74E733BCB2443F63/=03B35134A889227976C3994ADB368C013072939DD8961AC4717C1E0F90A37EFB0C/=04D01D6D8CA263C062DD74984D8CDD5E7CCA345BC2204E11AB083F6C44B6B1CB27
Jan 15, 2015 6:21:30 PM org.ccnx.ccn.impl.sync.SliceComparator run
DETALHADO: Starting comparator run - state is INIT, sc is org.ccnx.ccn.impl.sync.SliceComparator@ca0898b, this is the lead
Jan 15, 2015 6:21:30 PM org.ccnx.ccn.impl.encoding.BinaryXMLDecoder setElement
INFORMAÇÕES: Reset decode array sizes to 150
Jan 15, 2015 6:21:30 PM org.ccnx.ccn.impl.encoding.BinaryXMLDecoder setElement
INFORMAÇÕES: Reset decode array sizes to 225
Jan 15, 2015 6:21:30 PM org.ccnx.ccn.impl.encoding.BinaryXMLDecoder setElement
INFORMAÇÕES: Reset decode array sizes to 337
Jan 15, 2015 6:21:30 PM org.ccnx.ccn.impl.encoding.BinaryXMLDecoder setElement
INFORMAÇÕES: Reset decode array sizes to 505
Jan 15, 2015 6:21:30 PM org.ccnx.ccn.io.content.SyncNodeComposite decodeLogging
O MAIS DETALHADO: decode node for =04D01D6D8CA263C062DD74984D8CDD5E7CCA345BC2204E11AB083F6C44B6B1CB27 depth = 1 refs = 10
Jan 15, 2015 6:21:30 PM org.ccnx.ccn.io.content.SyncNodeComposite decodeLogging
O MAIS DETALHADO: min is 0, max is 0, expanded min is /ccnx.org/test/SyncTestRepo-15-01-15-18.20.23/ccnSyncTest/slice10/round11/randomFile/=FD054B82F588B4/=00/=862C3C8C527D6B204E7FCD4EAF121546BFBA9E26B978EC9010B0DB73EDD734F0, expanded max is /ccnx.org/test/SyncTestRepo-15-01-15-18.20.23/ccnSyncTest/slice10/randomFile/=FD054B82F53F79/%C1.META.M/.header/=FD054B82F53FB2/=00/=18F7ABCFFBD0912243186C9F3D6A45A3E28959A7EF8B922DD636A13DE75A55AC
Jan 15, 2015 6:21:30 PM org.ccnx.ccn.impl.sync.SliceComparator run
INFORMAÇÕES: Starting new round with X = =03B35134A889227976C3994ADB368C013072939DD8961AC4717C1E0F90A37EFB0C and Y = =04D01D6D8CA263C062DD74984D8CDD5E7CCA345BC2204E11AB083F6C44B6B1CB27
Jan 15, 2015 6:21:30 PM org.ccnx.ccn.impl.sync.SliceComparator doComparison
O MAIS DETALHADO: Compare LEAF =03B35134A889227976C3994ADB368C013072939DD8961AC4717C1E0F90A37EFB0C to LEAF =04D01D6D8CA263C062DD74984D8CDD5E7CCA345BC2204E11AB083F6C44B6B1CB27
Jan 15, 2015 6:21:30 PM org.ccnx.ccn.impl.sync.SliceComparator doComparison
O MAIS DETALHADO: name X is 0, pos X is 0, name Y is 0, pos Y is 0 comp is 0
Jan 15, 2015 6:21:30 PM org.ccnx.ccn.impl.sync.SliceComparator doComparison
O MAIS DETALHADO: name X (expanded) is /ccnx.org/test/SyncTestRepo-15-01-15-18.20.23/ccnSyncTest/slice10/round11/randomFile/=FD054B82F588B4/=00/=862C3C8C527D6B204E7FCD4EAF121546BFBA9E26B978EC9010B0DB73EDD734F0, name Y (expanded) is /ccnx.org/test/SyncTestRepo-15-01-15-18.20.23/ccnSyncTest/slice10/round11/randomFile/=FD054B82F588B4/=00/=862C3C8C527D6B204E7FCD4EAF121546BFBA9E26B978EC9010B0DB73EDD734F0
Jan 15, 2015 6:21:30 PM org.ccnx.ccn.impl.sync.SliceComparator doComparison
O MAIS DETALHADO: Compare LEAF =03B35134A889227976C3994ADB368C013072939DD8961AC4717C1E0F90A37EFB0C to LEAF =04D01D6D8CA263C062DD74984D8CDD5E7CCA345BC2204E11AB083F6C44B6B1CB27
Jan 15, 2015 6:21:30 PM org.ccnx.ccn.impl.sync.SliceComparator doComparison
O MAIS DETALHADO: name X is 0, pos X is 1, name Y is 0, pos Y is 1 comp is 0
Jan 15, 2015 6:21:30 PM org.ccnx.ccn.impl.sync.SliceComparator doComparison
O MAIS DETALHADO: name X (expanded) is /ccnx.org/test/SyncTestRepo-15-01-15-18.20.23/ccnSyncTest/slice10/round11/randomFile/=FD054B82F588B4/%C1.META.M/.header/=FD054B82F588F2/=00/=DBC2A06AF145799671C57E6C55FB2D868F36DD55A23916A8CDB6B7981131FFE6, name Y (expanded) is /ccnx.org/test/SyncTestRepo-15-01-15-18.20.23/ccnSyncTest/slice10/round11/randomFile/=FD054B82F588B4/%C1.META.M/.header/=FD054B82F588F2/=00/=DBC2A06AF145799671C57E6C55FB2D868F36DD55A23916A8CDB6B7981131FFE6
Jan 15, 2015 6:21:30 PM org.ccnx.ccn.impl.sync.SliceComparator doComparison
O MAIS DETALHADO: Compare LEAF =03B35134A889227976C3994ADB368C013072939DD8961AC4717C1E0F90A37EFB0C to LEAF =04D01D6D8CA263C062DD74984D8CDD5E7CCA345BC2204E11AB083F6C44B6B1CB27
Jan 15, 2015 6:21:30 PM org.ccnx.ccn.impl.sync.SliceComparator doComparison
O MAIS DETALHADO: name X is 0, pos X is 2, name Y is 0, pos Y is 2 comp is 0
Jan 15, 2015 6:21:30 PM org.ccnx.ccn.impl.sync.SliceComparator doComparison
O MAIS DETALHADO: name X (expanded) is /ccnx.org/test/SyncTestRepo-15-01-15-18.20.23/ccnSyncTest/slice10/round12/randomFile/=FD054B82F591DF/=00/p=DE2BB2F625C0B42DC3D4800957F955C01267E921712139BC9BB1702DCF20EE, name Y (expanded) is /ccnx.org/test/SyncTestRepo-15-01-15-18.20.23/ccnSyncTest/slice10/round12/randomFile/=FD054B82F591DF/=00/p=DE2BB2F625C0B42DC3D4800957F955C01267E921712139BC9BB1702DCF20EE
Jan 15, 2015 6:21:30 PM org.ccnx.ccn.impl.sync.SliceComparator doComparison
O MAIS DETALHADO: Compare LEAF =03B35134A889227976C3994ADB368C013072939DD8961AC4717C1E0F90A37EFB0C to LEAF =04D01D6D8CA263C062DD74984D8CDD5E7CCA345BC2204E11AB083F6C44B6B1CB27
Jan 15, 2015 6:21:30 PM org.ccnx.ccn.impl.sync.SliceComparator doComparison
O MAIS DETALHADO: name X is 0, pos X is 3, name Y is 0, pos Y is 3 comp is 0
Jan 15, 2015 6:21:30 PM org.ccnx.ccn.impl.sync.SliceComparator doComparison
O MAIS DETALHADO: name X (expanded) is /ccnx.org/test/SyncTestRepo-15-01-15-18.20.23/ccnSyncTest/slice10/round12/randomFile/=FD054B82F591DF/%C1.META.M/.header/=FD054B82F5921D/=00/=C79CD215B03DFAB5F06882BC5BA5F1D95D25D28042EABE41AFB332AE2DC26850, name Y (expanded) is /ccnx.org/test/SyncTestRepo-15-01-15-18.20.23/ccnSyncTest/slice10/round12/randomFile/=FD054B82F591DF/%C1.META.M/.header/=FD054B82F5921D/=00/=C79CD215B03DFAB5F06882BC5BA5F1D95D25D28042EABE41AFB332AE2DC26850
Jan 15, 2015 6:21:30 PM org.ccnx.ccn.impl.sync.SliceComparator doComparison
O MAIS DETALHADO: Compare LEAF =03B35134A889227976C3994ADB368C013072939DD8961AC4717C1E0F90A37EFB0C to LEAF =04D01D6D8CA263C062DD74984D8CDD5E7CCA345BC2204E11AB083F6C44B6B1CB27
Jan 15, 2015 6:21:30 PM org.ccnx.ccn.impl.sync.SliceComparator doComparison
O MAIS DETALHADO: name X is 0, pos X is 4, name Y is 0, pos Y is 4 comp is 0
Jan 15, 2015 6:21:30 PM org.ccnx.ccn.impl.sync.SliceComparator doComparison
O MAIS DETALHADO: name X (expanded) is /ccnx.org/test/SyncTestRepo-15-01-15-18.20.23/ccnSyncTest/slice10/round13/randomFile/=FD054B82F59B1B/=00/=0A14D94BE374A45E49DA2BC4C06FA4AA8D141E487AECE98ECC199C7D9D5FF867, name Y (expanded) is /ccnx.org/test/SyncTestRepo-15-01-15-18.20.23/ccnSyncTest/slice10/round13/randomFile/=FD054B82F59B1B/=00/=0A14D94BE374A45E49DA2BC4C06FA4AA8D141E487AECE98ECC199C7D9D5FF867
Jan 15, 2015 6:21:30 PM org.ccnx.ccn.impl.sync.SliceComparator doComparison
O MAIS DETALHADO: Compare LEAF =03B35134A889227976C3994ADB368C013072939DD8961AC4717C1E0F90A37EFB0C to LEAF =04D01D6D8CA263C062DD74984D8CDD5E7CCA345BC2204E11AB083F6C44B6B1CB27
Jan 15, 2015 6:21:30 PM org.ccnx.ccn.impl.sync.SliceComparator doComparison
O MAIS DETALHADO: name X is 0, pos X is 5, name Y is 0, pos Y is 5 comp is 0
Jan 15, 2015 6:21:30 PM org.ccnx.ccn.impl.sync.SliceComparator doComparison
O MAIS DETALHADO: name X (expanded) is /ccnx.org/test/SyncTestRepo-15-01-15-18.20.23/ccnSyncTest/slice10/round13/randomFile/=FD054B82F59B1B/%C1.META.M/.header/=FD054B82F59B54/=00/=B91C24A48FCF76FD606608E989525543C87D21B9DC4DD2E70BC94A5274642962, name Y (expanded) is /ccnx.org/test/SyncTestRepo-15-01-15-18.20.23/ccnSyncTest/slice10/round13/randomFile/=FD054B82F59B1B/%C1.META.M/.header/=FD054B82F59B54/=00/=B91C24A48FCF76FD606608E989525543C87D21B9DC4DD2E70BC94A5274642962
Jan 15, 2015 6:21:30 PM org.ccnx.ccn.impl.sync.SliceComparator doComparison
O MAIS DETALHADO: Compare LEAF =03B35134A889227976C3994ADB368C013072939DD8961AC4717C1E0F90A37EFB0C to LEAF =04D01D6D8CA263C062DD74984D8CDD5E7CCA345BC2204E11AB083F6C44B6B1CB27
Jan 15, 2015 6:21:30 PM org.ccnx.ccn.impl.sync.SliceComparator doComparison
O MAIS DETALHADO: name X is 0, pos X is 6, name Y is 0, pos Y is 6 comp is 1
Jan 15, 2015 6:21:30 PM org.ccnx.ccn.impl.sync.SliceComparator doComparison
O MAIS DETALHADO: name X (expanded) is /ccnx.org/test/SyncTestRepo-15-01-15-18.20.23/ccnSyncTest/slice10/randomFile/=FD054B82F53F79/=00/=3CBEB0282FE72CD7F7CF0696455493A1CE4F4E488F469319834E10584FC5C583, name Y (expanded) is /ccnx.org/test/SyncTestRepo-15-01-15-18.20.23/ccnSyncTest/slice10/round14/randomFile/=FD054B82F5A43D/=00/I%E4R=9CC526867C0C399103DB98ED9A10FE2536FB15A7B685B5137937133A96
Jan 15, 2015 6:21:30 PM org.ccnx.ccn.profiles.sync.SyncTestRepo doHandleContentName
INFORMAÇÕES: Number 1: Callback for name: /ccnx.org/test/SyncTestRepo-15-01-15-18.20.23/ccnSyncTest/slice10/round14/randomFile/=FD054B82F5A43D/=00 - number is 0
Jan 15, 2015 6:21:30 PM org.ccnx.ccn.impl.sync.SliceComparator doComparison
O MAIS DETALHADO: Compare LEAF =03B35134A889227976C3994ADB368C013072939DD8961AC4717C1E0F90A37EFB0C to LEAF =04D01D6D8CA263C062DD74984D8CDD5E7CCA345BC2204E11AB083F6C44B6B1CB27
Jan 15, 2015 6:21:30 PM org.ccnx.ccn.impl.sync.SliceComparator doComparison
O MAIS DETALHADO: name X is 0, pos X is 6, name Y is 0, pos Y is 7 comp is 1
Jan 15, 2015 6:21:30 PM org.ccnx.ccn.impl.sync.SliceComparator doComparison
O MAIS DETALHADO: name X (expanded) is /ccnx.org/test/SyncTestRepo-15-01-15-18.20.23/ccnSyncTest/slice10/randomFile/=FD054B82F53F79/=00/=3CBEB0282FE72CD7F7CF0696455493A1CE4F4E488F469319834E10584FC5C583, name Y (expanded) is /ccnx.org/test/SyncTestRepo-15-01-15-18.20.23/ccnSyncTest/slice10/round14/randomFile/=FD054B82F5A43D/%C1.META.M/.header/=FD054B82F5A47B/=00/=D2E7E647541AC0700DA1BC6E7AB86FB246A298B28F1DA583066C493ADC1F9585
Jan 15, 2015 6:21:30 PM org.ccnx.ccn.profiles.sync.SyncTestRepo doHandleContentName
INFORMAÇÕES: Number 1: Callback for name: /ccnx.org/test/SyncTestRepo-15-01-15-18.20.23/ccnSyncTest/slice10/round14/randomFile/=FD054B82F5A43D/%C1.META.M/.header/=FD054B82F5A47B/=00 - number is header
Jan 15, 2015 6:21:30 PM org.ccnx.ccn.impl.sync.SliceComparator doComparison
O MAIS DETALHADO: Compare LEAF =03B35134A889227976C3994ADB368C013072939DD8961AC4717C1E0F90A37EFB0C to LEAF =04D01D6D8CA263C062DD74984D8CDD5E7CCA345BC2204E11AB083F6C44B6B1CB27
Jan 15, 2015 6:21:30 PM org.ccnx.ccn.impl.sync.SliceComparator doComparison
O MAIS DETALHADO: name X is 0, pos X is 6, name Y is 0, pos Y is 8 comp is 0
Jan 15, 2015 6:21:30 PM org.ccnx.ccn.impl.sync.SliceComparator doComparison
O MAIS DETALHADO: name X (expanded) is /ccnx.org/test/SyncTestRepo-15-01-15-18.20.23/ccnSyncTest/slice10/randomFile/=FD054B82F53F79/=00/=3CBEB0282FE72CD7F7CF0696455493A1CE4F4E488F469319834E10584FC5C583, name Y (expanded) is /ccnx.org/test/SyncTestRepo-15-01-15-18.20.23/ccnSyncTest/slice10/randomFile/=FD054B82F53F79/=00/=3CBEB0282FE72CD7F7CF0696455493A1CE4F4E488F469319834E10584FC5C583
Jan 15, 2015 6:21:30 PM org.ccnx.ccn.impl.sync.SliceComparator doComparison
O MAIS DETALHADO: Compare LEAF =03B35134A889227976C3994ADB368C013072939DD8961AC4717C1E0F90A37EFB0C to LEAF =04D01D6D8CA263C062DD74984D8CDD5E7CCA345BC2204E11AB083F6C44B6B1CB27
Jan 15, 2015 6:21:30 PM org.ccnx.ccn.impl.sync.SliceComparator doComparison
O MAIS DETALHADO: name X is 0, pos X is 7, name Y is 0, pos Y is 9 comp is 0
Jan 15, 2015 6:21:30 PM org.ccnx.ccn.impl.sync.SliceComparator doComparison
O MAIS DETALHADO: name X (expanded) is /ccnx.org/test/SyncTestRepo-15-01-15-18.20.23/ccnSyncTest/slice10/randomFile/=FD054B82F53F79/%C1.META.M/.header/=FD054B82F53FB2/=00/=18F7ABCFFBD0912243186C9F3D6A45A3E28959A7EF8B922DD636A13DE75A55AC, name Y (expanded) is /ccnx.org/test/SyncTestRepo-15-01-15-18.20.23/ccnSyncTest/slice10/randomFile/=FD054B82F53F79/%C1.META.M/.header/=FD054B82F53FB2/=00/=18F7ABCFFBD0912243186C9F3D6A45A3E28959A7EF8B922DD636A13DE75A55AC
Jan 15, 2015 6:21:30 PM org.ccnx.ccn.impl.sync.SliceComparator updateCurrent
O MAIS DETALHADO: Starting update from hash =03B35134A889227976C3994ADB368C013072939DD8961AC4717C1E0F90A37EFB0C
Jan 15, 2015 6:21:30 PM org.ccnx.ccn.impl.sync.SliceComparator updateCurrent
O MAIS DETALHADO: Update compare: name from tree (expanded) is /ccnx.org/test/SyncTestRepo-15-01-15-18.20.23/ccnSyncTest/slice10/round11/randomFile/=FD054B82F588B4/=00/=862C3C8C527D6B204E7FCD4EAF121546BFBA9E26B978EC9010B0DB73EDD734F0, name  is /ccnx.org/test/SyncTestRepo-15-01-15-18.20.23/ccnSyncTest/slice10/round14/randomFile/=FD054B82F5A43D/=00/I%E4R=9CC526867C0C399103DB98ED9A10FE2536FB15A7B685B5137937133A96, comp is -1
Jan 15, 2015 6:21:30 PM org.ccnx.ccn.impl.sync.SliceComparator updateCurrent
O MAIS DETALHADO: Update compare: name from tree (expanded) is /ccnx.org/test/SyncTestRepo-15-01-15-18.20.23/ccnSyncTest/slice10/round11/randomFile/=FD054B82F588B4/%C1.META.M/.header/=FD054B82F588F2/=00/=DBC2A06AF145799671C57E6C55FB2D868F36DD55A23916A8CDB6B7981131FFE6, name  is /ccnx.org/test/SyncTestRepo-15-01-15-18.20.23/ccnSyncTest/slice10/round14/randomFile/=FD054B82F5A43D/=00/I%E4R=9CC526867C0C399103DB98ED9A10FE2536FB15A7B685B5137937133A96, comp is -1
Jan 15, 2015 6:21:30 PM org.ccnx.ccn.impl.sync.SliceComparator updateCurrent
O MAIS DETALHADO: Update compare: name from tree (expanded) is /ccnx.org/test/SyncTestRepo-15-01-15-18.20.23/ccnSyncTest/slice10/round12/randomFile/=FD054B82F591DF/=00/p=DE2BB2F625C0B42DC3D4800957F955C01267E921712139BC9BB1702DCF20EE, name  is /ccnx.org/test/SyncTestRepo-15-01-15-18.20.23/ccnSyncTest/slice10/round14/randomFile/=FD054B82F5A43D/=00/I%E4R=9CC526867C0C399103DB98ED9A10FE2536FB15A7B685B5137937133A96, comp is -1
Jan 15, 2015 6:21:30 PM org.ccnx.ccn.impl.sync.SliceComparator updateCurrent
O MAIS DETALHADO: Update compare: name from tree (expanded) is /ccnx.org/test/SyncTestRepo-15-01-15-18.20.23/ccnSyncTest/slice10/round12/randomFile/=FD054B82F591DF/%C1.META.M/.header/=FD054B82F5921D/=00/=C79CD215B03DFAB5F06882BC5BA5F1D95D25D28042EABE41AFB332AE2DC26850, name  is /ccnx.org/test/SyncTestRepo-15-01-15-18.20.23/ccnSyncTest/slice10/round14/randomFile/=FD054B82F5A43D/=00/I%E4R=9CC526867C0C399103DB98ED9A10FE2536FB15A7B685B5137937133A96, comp is -1
Jan 15, 2015 6:21:30 PM org.ccnx.ccn.impl.sync.SliceComparator updateCurrent
O MAIS DETALHADO: Update compare: name from tree (expanded) is /ccnx.org/test/SyncTestRepo-15-01-15-18.20.23/ccnSyncTest/slice10/round13/randomFile/=FD054B82F59B1B/=00/=0A14D94BE374A45E49DA2BC4C06FA4AA8D141E487AECE98ECC199C7D9D5FF867, name  is /ccnx.org/test/SyncTestRepo-15-01-15-18.20.23/ccnSyncTest/slice10/round14/randomFile/=FD054B82F5A43D/=00/I%E4R=9CC526867C0C399103DB98ED9A10FE2536FB15A7B685B5137937133A96, comp is -1
Jan 15, 2015 6:21:30 PM org.ccnx.ccn.impl.sync.SliceComparator updateCurrent
O MAIS DETALHADO: Update compare: name from tree (expanded) is /ccnx.org/test/SyncTestRepo-15-01-15-18.20.23/ccnSyncTest/slice10/round13/randomFile/=FD054B82F59B1B/%C1.META.M/.header/=FD054B82F59B54/=00/=B91C24A48FCF76FD606608E989525543C87D21B9DC4DD2E70BC94A5274642962, name  is /ccnx.org/test/SyncTestRepo-15-01-15-18.20.23/ccnSyncTest/slice10/round14/randomFile/=FD054B82F5A43D/=00/I%E4R=9CC526867C0C399103DB98ED9A10FE2536FB15A7B685B5137937133A96, comp is -1
Jan 15, 2015 6:21:30 PM org.ccnx.ccn.impl.sync.SliceComparator updateCurrent
O MAIS DETALHADO: Update compare: name from tree (expanded) is /ccnx.org/test/SyncTestRepo-15-01-15-18.20.23/ccnSyncTest/slice10/randomFile/=FD054B82F53F79/=00/=3CBEB0282FE72CD7F7CF0696455493A1CE4F4E488F469319834E10584FC5C583, name  is /ccnx.org/test/SyncTestRepo-15-01-15-18.20.23/ccnSyncTest/slice10/round14/randomFile/=FD054B82F5A43D/=00/I%E4R=9CC526867C0C399103DB98ED9A10FE2536FB15A7B685B5137937133A96, comp is 1
Jan 15, 2015 6:21:30 PM org.ccnx.ccn.impl.sync.SliceComparator updateCurrent
O MAIS DETALHADO: Update: starting redo of names because of /ccnx.org/test/SyncTestRepo-15-01-15-18.20.23/ccnSyncTest/slice10/round14/randomFile/=FD054B82F5A43D/=00/I%E4R=9CC526867C0C399103DB98ED9A10FE2536FB15A7B685B5137937133A96 at /ccnx.org/test/SyncTestRepo-15-01-15-18.20.23/ccnSyncTest/slice10/round11/randomFile/=FD054B82F588B4/=00/=862C3C8C527D6B204E7FCD4EAF121546BFBA9E26B978EC9010B0DB73EDD734F0
Jan 15, 2015 6:21:30 PM org.ccnx.ccn.impl.sync.SyncTreeEntry <init>
O MAIS DETALHADO: Found existing node: =04D01D6D8CA263C062DD74984D8CDD5E7CCA345BC2204E11AB083F6C44B6B1CB27
Jan 15, 2015 6:21:30 PM org.ccnx.ccn.io.content.SyncNodeComposite decodeLogging
O MAIS DETALHADO: decode node for =04D01D6D8CA263C062DD74984D8CDD5E7CCA345BC2204E11AB083F6C44B6B1CB27 depth = 1 refs = 10
Jan 15, 2015 6:21:30 PM org.ccnx.ccn.io.content.SyncNodeComposite decodeLogging
O MAIS DETALHADO: min is 0, max is 0, expanded min is /ccnx.org/test/SyncTestRepo-15-01-15-18.20.23/ccnSyncTest/slice10/round11/randomFile/=FD054B82F588B4/=00/=862C3C8C527D6B204E7FCD4EAF121546BFBA9E26B978EC9010B0DB73EDD734F0, expanded max is /ccnx.org/test/SyncTestRepo-15-01-15-18.20.23/ccnSyncTest/slice10/randomFile/=FD054B82F53F79/%C1.META.M/.header/=FD054B82F53FB2/=00/=18F7ABCFFBD0912243186C9F3D6A45A3E28959A7EF8B922DD636A13DE75A55AC
Jan 15, 2015 6:21:30 PM org.ccnx.ccn.impl.sync.SliceComparator updateCurrent
INFORMAÇÕES: Resetting current to created head: =04D01D6D8CA263C062DD74984D8CDD5E7CCA345BC2204E11AB083F6C44B6B1CB27
Jan 15, 2015 6:21:30 PM org.ccnx.ccn.profiles.sync.SyncTestRepo checkCallbacks
DETALHADO: got segment 0
Jan 15, 2015 6:21:30 PM org.ccnx.ccn.profiles.sync.SyncTestRepo checkCallbacks
DETALHADO: received: [true, false] finished: [true, true]
Jan 15, 2015 6:21:30 PM org.ccnx.ccn.profiles.sync.SyncTestRepo checkCallbacks
DETALHADO: got the header
Jan 15, 2015 6:21:30 PM org.ccnx.ccn.profiles.sync.SyncTestRepo checkCallbacks
DETALHADO: received: [true, true] finished: [true, true]
Jan 15, 2015 6:21:30 PM org.ccnx.ccn.profiles.sync.SyncTestRepo checkCallbacks
DETALHADO: got all the segments!
Jan 15, 2015 6:21:30 PM org.ccnx.ccn.profiles.sync.SyncTestRepo checkCallbacks
DETALHADO: trying to loop again looking for segments
Jan 15, 2015 6:21:30 PM org.ccnx.ccn.profiles.sync.SyncTestRepo checkCallbacks
DETALHADO: done looping, returning.
Jan 15, 2015 6:21:30 PM org.ccnx.ccn.impl.CCNFlowControl <init>
INFORMAÇÕES: adding namespace: /ccnx.org/test/SyncTestRepo-15-01-15-18.20.23/ccnSyncTest/slice10/round15/randomFile
Jan 15, 2015 6:21:30 PM org.ccnx.ccn.impl.security.keys.BasicKeyManager getKeyLocator
INFORMAÇÕES: getKeyLocator: returning locator NAME: /ccnx.org/Users/root/Keys/%C1.M.K=009234ADEC47D19E3E6A2AF362D44E09AB6B71F43B1900BA0622FB45F2A5B7D9F6/=FD054AE7DE1000 KEY:-reba89rgbj1o6ata34t5eovcl4kho5s9pnv8nstq15q1ld4g9ga for key kjSt7EfRnj5qKvNi1E4Jq2tx9DsZALoGIvtF8qW32fY=
Jan 15, 2015 6:21:30 PM org.ccnx.ccn.io.CCNAbstractOutputStream <init>
INFORMAÇÕES: CCNAbstractOutputStream: /ccnx.org/test/SyncTestRepo-15-01-15-18.20.23/ccnSyncTest/slice10/round15/randomFile/=FD054B82F5AD71 blocksize is 4096
Jan 15, 2015 6:21:30 PM org.ccnx.ccn.io.CCNAbstractOutputStream startWrite
INFORMAÇÕES: CCNAbstractOutputStream: startWrite -- searching for keys.
Jan 15, 2015 6:21:30 PM org.ccnx.ccn.profiles.security.access.AccessControlManager keysForOutput
INFORMAÇÕES: keysForOutput: found an acm: (null)
Jan 15, 2015 6:21:30 PM org.ccnx.ccn.impl.repo.RepositoryFlowControl startWrite
INFORMAÇÕES: RepositoryFlowControl.startWrite called for name /ccnx.org/test/SyncTestRepo-15-01-15-18.20.23/ccnSyncTest/slice10/round15/randomFile/=FD054B82F5AD71, shape STREAM
Jan 15, 2015 6:21:30 PM org.ccnx.ccn.impl.repo.RepositoryFlowControl handleContent
INFORMAÇÕES: handleContent: got potential repo message: /ccnx.org/test/SyncTestRepo-15-01-15-18.20.23/ccnSyncTest/slice10/round15/randomFile/=FD054B82F5AD71/%C1.R.sw/%C1.N%00h=02EDB1A5BACC6E
Jan 15, 2015 6:21:30 PM org.ccnx.ccn.profiles.sync.SyncTestCommon writeFile
DETALHADO: bytes: 4096 block size: 4096 div: 1.0 ceil: 1
Jan 15, 2015 6:21:30 PM org.ccnx.ccn.profiles.sync.SyncTestCommon writeFile
DETALHADO: will write out a 4096 byte file, will have 2 segments (1 is a header)
Jan 15, 2015 6:21:30 PM org.ccnx.ccn.io.CCNOutputStream flushToNetwork
INFORMAÇÕES: flush: outputting to the segmenter, baseName /ccnx.org/test/SyncTestRepo-15-01-15-18.20.23/ccnSyncTest/slice10/round15/randomFile/=FD054B82F5AD71 basenameindex =00; 4096 bytes written, holding back 4096 flushing final blocks? false.
Jan 15, 2015 6:21:30 PM org.ccnx.ccn.io.CCNOutputStream flushToNetwork
INFORMAÇÕES: HEADER: CCNOutputStream: flushToNetwork: new _baseNameIndex 0
Jan 15, 2015 6:21:30 PM org.ccnx.ccn.io.CCNOutputStream flushToNetwork
INFORMAÇÕES: flush: outputting to the segmenter, baseName /ccnx.org/test/SyncTestRepo-15-01-15-18.20.23/ccnSyncTest/slice10/round15/randomFile/=FD054B82F5AD71 basenameindex =00; 4096 bytes written, holding back 4096 flushing final blocks? false.
Jan 15, 2015 6:21:30 PM org.ccnx.ccn.io.CCNOutputStream flushToNetwork
INFORMAÇÕES: HEADER: CCNOutputStream: flushToNetwork: new _baseNameIndex 0
Jan 15, 2015 6:21:30 PM org.ccnx.ccn.io.CCNOutputStream flushToNetwork
INFORMAÇÕES: flush: outputting to the segmenter, baseName /ccnx.org/test/SyncTestRepo-15-01-15-18.20.23/ccnSyncTest/slice10/round15/randomFile/=FD054B82F5AD71 basenameindex =00; 4096 bytes written, holding back 0 flushing final blocks? true.
Jan 15, 2015 6:21:30 PM org.ccnx.ccn.io.CCNOutputStream flushToNetwork
INFORMAÇÕES: HEADER: CCNOutputStream: flushToNetwork: new _baseNameIndex 1
Jan 15, 2015 6:21:30 PM org.ccnx.ccn.io.CCNAbstractOutputStream <init>
INFORMAÇÕES: CCNAbstractOutputStream: /ccnx.org/test/SyncTestRepo-15-01-15-18.20.23/ccnSyncTest/slice10/round15/randomFile/=FD054B82F5AD71/%C1.META.M/.header/=FD054B82F5ADFC blocksize is 4096
Jan 15, 2015 6:21:30 PM org.ccnx.ccn.io.CCNAbstractOutputStream startWrite
INFORMAÇÕES: CCNAbstractOutputStream: startWrite -- searching for keys.
Jan 15, 2015 6:21:30 PM org.ccnx.ccn.profiles.security.access.AccessControlManager keysForOutput
INFORMAÇÕES: keysForOutput: found an acm: (null)
Jan 15, 2015 6:21:30 PM org.ccnx.ccn.impl.repo.RepositoryFlowControl startWrite
INFORMAÇÕES: RepositoryFlowControl.startWrite called for name /ccnx.org/test/SyncTestRepo-15-01-15-18.20.23/ccnSyncTest/slice10/round15/randomFile/=FD054B82F5AD71/%C1.META.M/.header/=FD054B82F5ADFC, shape STREAM
Jan 15, 2015 6:21:30 PM org.ccnx.ccn.impl.repo.RepositoryFlowControl handleContent
INFORMAÇÕES: handleContent: got potential repo message: /ccnx.org/test/SyncTestRepo-15-01-15-18.20.23/ccnSyncTest/slice10/round15/randomFile/=FD054B82F5AD71/%C1.META.M/.header/=FD054B82F5ADFC/%C1.R.sw/%C1.N=009EA4893927B560FD
Jan 15, 2015 6:21:30 PM org.ccnx.ccn.io.CCNOutputStream flushToNetwork
INFORMAÇÕES: flush: outputting to the segmenter, baseName /ccnx.org/test/SyncTestRepo-15-01-15-18.20.23/ccnSyncTest/slice10/round15/randomFile/=FD054B82F5AD71/%C1.META.M/.header/=FD054B82F5ADFC basenameindex =00; 66 bytes written, holding back 66 flushing final blocks? false.
Jan 15, 2015 6:21:30 PM org.ccnx.ccn.io.CCNOutputStream flushToNetwork
INFORMAÇÕES: HEADER: CCNOutputStream: flushToNetwork: new _baseNameIndex 0
Jan 15, 2015 6:21:30 PM org.ccnx.ccn.io.CCNOutputStream flushToNetwork
INFORMAÇÕES: flush: outputting to the segmenter, baseName /ccnx.org/test/SyncTestRepo-15-01-15-18.20.23/ccnSyncTest/slice10/round15/randomFile/=FD054B82F5AD71/%C1.META.M/.header/=FD054B82F5ADFC basenameindex =00; 66 bytes written, holding back 66 flushing final blocks? false.
Jan 15, 2015 6:21:30 PM org.ccnx.ccn.io.CCNOutputStream flushToNetwork
INFORMAÇÕES: HEADER: CCNOutputStream: flushToNetwork: new _baseNameIndex 0
Jan 15, 2015 6:21:30 PM org.ccnx.ccn.io.CCNOutputStream flushToNetwork
INFORMAÇÕES: flush: outputting to the segmenter, baseName /ccnx.org/test/SyncTestRepo-15-01-15-18.20.23/ccnSyncTest/slice10/round15/randomFile/=FD054B82F5AD71/%C1.META.M/.header/=FD054B82F5ADFC basenameindex =00; 66 bytes written, holding back 0 flushing final blocks? true.
Jan 15, 2015 6:21:30 PM org.ccnx.ccn.io.CCNOutputStream flushToNetwork
INFORMAÇÕES: HEADER: CCNOutputStream: flushToNetwork: new _baseNameIndex 1
Jan 15, 2015 6:21:30 PM org.ccnx.ccn.io.CCNOutputStream close
INFORMAÇÕES: CCNOutputStream close: /ccnx.org/test/SyncTestRepo-15-01-15-18.20.23/ccnSyncTest/slice10/round15/randomFile/=FD054B82F5AD71/%C1.META.M/.header/=FD054B82F5ADFC
Jan 15, 2015 6:21:30 PM org.ccnx.ccn.io.CCNOutputStream close
INFORMAÇÕES: CCNOutputStream close: /ccnx.org/test/SyncTestRepo-15-01-15-18.20.23/ccnSyncTest/slice10/round15/randomFile/=FD054B82F5AD71
Jan 15, 2015 6:21:30 PM org.ccnx.ccn.profiles.sync.SyncTestCommon writeFile
INFORMAÇÕES: Wrote file to repository: /ccnx.org/test/SyncTestRepo-15-01-15-18.20.23/ccnSyncTest/slice10/round15/randomFile/=FD054B82F5AD71 with 2 segments
Jan 15, 2015 6:21:30 PM org.ccnx.ccn.profiles.sync.SyncTestRepo checkCallbacks
DETALHADO: checking for callbacks:  /ccnx.org/test/SyncTestRepo-15-01-15-18.20.23/ccnSyncTest/slice10/round15 segments: 2
Jan 15, 2015 6:21:31 PM org.ccnx.ccn.impl.sync.ProtocolBasedSyncMonitor handleContent
INFORMAÇÕES: Saw new content from sync: /ccnx.org/test/SyncTestRepo-15-01-15-18.20.23/topoPrefix/%C1.S.ra/x%E7U.=86853EF050D99AC7B6E19C29B7AECFA1B2568CAD74E733BCB2443F63/=04D01D6D8CA263C062DD74984D8CDD5E7CCA345BC2204E11AB083F6C44B6B1CB27/=062F09A4AB8959315D9FF7EF104F8D2193598F493E4BC5A872706253A91AD0DB61
Jan 15, 2015 6:21:31 PM org.ccnx.ccn.impl.sync.SliceComparator run
DETALHADO: Starting comparator run - state is INIT, sc is org.ccnx.ccn.impl.sync.SliceComparator@ca0898b, this is the lead
Jan 15, 2015 6:21:31 PM org.ccnx.ccn.impl.encoding.BinaryXMLDecoder setElement
INFORMAÇÕES: Reset decode array sizes to 150
Jan 15, 2015 6:21:31 PM org.ccnx.ccn.impl.encoding.BinaryXMLDecoder setElement
INFORMAÇÕES: Reset decode array sizes to 225
Jan 15, 2015 6:21:31 PM org.ccnx.ccn.impl.encoding.BinaryXMLDecoder setElement
INFORMAÇÕES: Reset decode array sizes to 337
Jan 15, 2015 6:21:31 PM org.ccnx.ccn.impl.encoding.BinaryXMLDecoder setElement
INFORMAÇÕES: Reset decode array sizes to 505
Jan 15, 2015 6:21:31 PM org.ccnx.ccn.impl.encoding.BinaryXMLDecoder setElement
INFORMAÇÕES: Reset decode array sizes to 757
Jan 15, 2015 6:21:31 PM org.ccnx.ccn.io.content.SyncNodeComposite decodeLogging
O MAIS DETALHADO: decode node for =062F09A4AB8959315D9FF7EF104F8D2193598F493E4BC5A872706253A91AD0DB61 depth = 1 refs = 12
Jan 15, 2015 6:21:31 PM org.ccnx.ccn.io.content.SyncNodeComposite decodeLogging
O MAIS DETALHADO: min is 0, max is 0, expanded min is /ccnx.org/test/SyncTestRepo-15-01-15-18.20.23/ccnSyncTest/slice10/round11/randomFile/=FD054B82F588B4/=00/=862C3C8C527D6B204E7FCD4EAF121546BFBA9E26B978EC9010B0DB73EDD734F0, expanded max is /ccnx.org/test/SyncTestRepo-15-01-15-18.20.23/ccnSyncTest/slice10/randomFile/=FD054B82F53F79/%C1.META.M/.header/=FD054B82F53FB2/=00/=18F7ABCFFBD0912243186C9F3D6A45A3E28959A7EF8B922DD636A13DE75A55AC
Jan 15, 2015 6:21:31 PM org.ccnx.ccn.impl.sync.SliceComparator run
INFORMAÇÕES: Starting new round with X = =04D01D6D8CA263C062DD74984D8CDD5E7CCA345BC2204E11AB083F6C44B6B1CB27 and Y = =062F09A4AB8959315D9FF7EF104F8D2193598F493E4BC5A872706253A91AD0DB61
Jan 15, 2015 6:21:31 PM org.ccnx.ccn.impl.sync.SliceComparator doComparison
O MAIS DETALHADO: Compare LEAF =04D01D6D8CA263C062DD74984D8CDD5E7CCA345BC2204E11AB083F6C44B6B1CB27 to LEAF =062F09A4AB8959315D9FF7EF104F8D2193598F493E4BC5A872706253A91AD0DB61
Jan 15, 2015 6:21:31 PM org.ccnx.ccn.impl.sync.SliceComparator doComparison
O MAIS DETALHADO: name X is 0, pos X is 0, name Y is 0, pos Y is 0 comp is 0
Jan 15, 2015 6:21:31 PM org.ccnx.ccn.impl.sync.SliceComparator doComparison
O MAIS DETALHADO: name X (expanded) is /ccnx.org/test/SyncTestRepo-15-01-15-18.20.23/ccnSyncTest/slice10/round11/randomFile/=FD054B82F588B4/=00/=862C3C8C527D6B204E7FCD4EAF121546BFBA9E26B978EC9010B0DB73EDD734F0, name Y (expanded) is /ccnx.org/test/SyncTestRepo-15-01-15-18.20.23/ccnSyncTest/slice10/round11/randomFile/=FD054B82F588B4/=00/=862C3C8C527D6B204E7FCD4EAF121546BFBA9E26B978EC9010B0DB73EDD734F0
Jan 15, 2015 6:21:31 PM org.ccnx.ccn.impl.sync.SliceComparator doComparison
O MAIS DETALHADO: Compare LEAF =04D01D6D8CA263C062DD74984D8CDD5E7CCA345BC2204E11AB083F6C44B6B1CB27 to LEAF =062F09A4AB8959315D9FF7EF104F8D2193598F493E4BC5A872706253A91AD0DB61
Jan 15, 2015 6:21:31 PM org.ccnx.ccn.impl.sync.SliceComparator doComparison
O MAIS DETALHADO: name X is 0, pos X is 1, name Y is 0, pos Y is 1 comp is 0
Jan 15, 2015 6:21:31 PM org.ccnx.ccn.impl.sync.SliceComparator doComparison
O MAIS DETALHADO: name X (expanded) is /ccnx.org/test/SyncTestRepo-15-01-15-18.20.23/ccnSyncTest/slice10/round11/randomFile/=FD054B82F588B4/%C1.META.M/.header/=FD054B82F588F2/=00/=DBC2A06AF145799671C57E6C55FB2D868F36DD55A23916A8CDB6B7981131FFE6, name Y (expanded) is /ccnx.org/test/SyncTestRepo-15-01-15-18.20.23/ccnSyncTest/slice10/round11/randomFile/=FD054B82F588B4/%C1.META.M/.header/=FD054B82F588F2/=00/=DBC2A06AF145799671C57E6C55FB2D868F36DD55A23916A8CDB6B7981131FFE6
Jan 15, 2015 6:21:31 PM org.ccnx.ccn.impl.sync.SliceComparator doComparison
O MAIS DETALHADO: Compare LEAF =04D01D6D8CA263C062DD74984D8CDD5E7CCA345BC2204E11AB083F6C44B6B1CB27 to LEAF =062F09A4AB8959315D9FF7EF104F8D2193598F493E4BC5A872706253A91AD0DB61
Jan 15, 2015 6:21:31 PM org.ccnx.ccn.impl.sync.SliceComparator doComparison
O MAIS DETALHADO: name X is 0, pos X is 2, name Y is 0, pos Y is 2 comp is 0
Jan 15, 2015 6:21:31 PM org.ccnx.ccn.impl.sync.SliceComparator doComparison
O MAIS DETALHADO: name X (expanded) is /ccnx.org/test/SyncTestRepo-15-01-15-18.20.23/ccnSyncTest/slice10/round12/randomFile/=FD054B82F591DF/=00/p=DE2BB2F625C0B42DC3D4800957F955C01267E921712139BC9BB1702DCF20EE, name Y (expanded) is /ccnx.org/test/SyncTestRepo-15-01-15-18.20.23/ccnSyncTest/slice10/round12/randomFile/=FD054B82F591DF/=00/p=DE2BB2F625C0B42DC3D4800957F955C01267E921712139BC9BB1702DCF20EE
Jan 15, 2015 6:21:31 PM org.ccnx.ccn.impl.sync.SliceComparator doComparison
O MAIS DETALHADO: Compare LEAF =04D01D6D8CA263C062DD74984D8CDD5E7CCA345BC2204E11AB083F6C44B6B1CB27 to LEAF =062F09A4AB8959315D9FF7EF104F8D2193598F493E4BC5A872706253A91AD0DB61
Jan 15, 2015 6:21:31 PM org.ccnx.ccn.impl.sync.SliceComparator doComparison
O MAIS DETALHADO: name X is 0, pos X is 3, name Y is 0, pos Y is 3 comp is 0
Jan 15, 2015 6:21:31 PM org.ccnx.ccn.impl.sync.SliceComparator doComparison
O MAIS DETALHADO: name X (expanded) is /ccnx.org/test/SyncTestRepo-15-01-15-18.20.23/ccnSyncTest/slice10/round12/randomFile/=FD054B82F591DF/%C1.META.M/.header/=FD054B82F5921D/=00/=C79CD215B03DFAB5F06882BC5BA5F1D95D25D28042EABE41AFB332AE2DC26850, name Y (expanded) is /ccnx.org/test/SyncTestRepo-15-01-15-18.20.23/ccnSyncTest/slice10/round12/randomFile/=FD054B82F591DF/%C1.META.M/.header/=FD054B82F5921D/=00/=C79CD215B03DFAB5F06882BC5BA5F1D95D25D28042EABE41AFB332AE2DC26850
Jan 15, 2015 6:21:31 PM org.ccnx.ccn.impl.sync.SliceComparator doComparison
O MAIS DETALHADO: Compare LEAF =04D01D6D8CA263C062DD74984D8CDD5E7CCA345BC2204E11AB083F6C44B6B1CB27 to LEAF =062F09A4AB8959315D9FF7EF104F8D2193598F493E4BC5A872706253A91AD0DB61
Jan 15, 2015 6:21:31 PM org.ccnx.ccn.impl.sync.SliceComparator doComparison
O MAIS DETALHADO: name X is 0, pos X is 4, name Y is 0, pos Y is 4 comp is 0
Jan 15, 2015 6:21:31 PM org.ccnx.ccn.impl.sync.SliceComparator doComparison
O MAIS DETALHADO: name X (expanded) is /ccnx.org/test/SyncTestRepo-15-01-15-18.20.23/ccnSyncTest/slice10/round13/randomFile/=FD054B82F59B1B/=00/=0A14D94BE374A45E49DA2BC4C06FA4AA8D141E487AECE98ECC199C7D9D5FF867, name Y (expanded) is /ccnx.org/test/SyncTestRepo-15-01-15-18.20.23/ccnSyncTest/slice10/round13/randomFile/=FD054B82F59B1B/=00/=0A14D94BE374A45E49DA2BC4C06FA4AA8D141E487AECE98ECC199C7D9D5FF867
Jan 15, 2015 6:21:31 PM org.ccnx.ccn.impl.sync.SliceComparator doComparison
O MAIS DETALHADO: Compare LEAF =04D01D6D8CA263C062DD74984D8CDD5E7CCA345BC2204E11AB083F6C44B6B1CB27 to LEAF =062F09A4AB8959315D9FF7EF104F8D2193598F493E4BC5A872706253A91AD0DB61
Jan 15, 2015 6:21:31 PM org.ccnx.ccn.impl.sync.SliceComparator doComparison
O MAIS DETALHADO: name X is 0, pos X is 5, name Y is 0, pos Y is 5 comp is 0
Jan 15, 2015 6:21:31 PM org.ccnx.ccn.impl.sync.SliceComparator doComparison
O MAIS DETALHADO: name X (expanded) is /ccnx.org/test/SyncTestRepo-15-01-15-18.20.23/ccnSyncTest/slice10/round13/randomFile/=FD054B82F59B1B/%C1.META.M/.header/=FD054B82F59B54/=00/=B91C24A48FCF76FD606608E989525543C87D21B9DC4DD2E70BC94A5274642962, name Y (expanded) is /ccnx.org/test/SyncTestRepo-15-01-15-18.20.23/ccnSyncTest/slice10/round13/randomFile/=FD054B82F59B1B/%C1.META.M/.header/=FD054B82F59B54/=00/=B91C24A48FCF76FD606608E989525543C87D21B9DC4DD2E70BC94A5274642962
Jan 15, 2015 6:21:31 PM org.ccnx.ccn.impl.sync.SliceComparator doComparison
O MAIS DETALHADO: Compare LEAF =04D01D6D8CA263C062DD74984D8CDD5E7CCA345BC2204E11AB083F6C44B6B1CB27 to LEAF =062F09A4AB8959315D9FF7EF104F8D2193598F493E4BC5A872706253A91AD0DB61
Jan 15, 2015 6:21:31 PM org.ccnx.ccn.impl.sync.SliceComparator doComparison
O MAIS DETALHADO: name X is 0, pos X is 6, name Y is 0, pos Y is 6 comp is 0
Jan 15, 2015 6:21:31 PM org.ccnx.ccn.impl.sync.SliceComparator doComparison
O MAIS DETALHADO: name X (expanded) is /ccnx.org/test/SyncTestRepo-15-01-15-18.20.23/ccnSyncTest/slice10/round14/randomFile/=FD054B82F5A43D/=00/I%E4R=9CC526867C0C399103DB98ED9A10FE2536FB15A7B685B5137937133A96, name Y (expanded) is /ccnx.org/test/SyncTestRepo-15-01-15-18.20.23/ccnSyncTest/slice10/round14/randomFile/=FD054B82F5A43D/=00/I%E4R=9CC526867C0C399103DB98ED9A10FE2536FB15A7B685B5137937133A96
Jan 15, 2015 6:21:31 PM org.ccnx.ccn.impl.sync.SliceComparator doComparison
O MAIS DETALHADO: Compare LEAF =04D01D6D8CA263C062DD74984D8CDD5E7CCA345BC2204E11AB083F6C44B6B1CB27 to LEAF =062F09A4AB8959315D9FF7EF104F8D2193598F493E4BC5A872706253A91AD0DB61
Jan 15, 2015 6:21:31 PM org.ccnx.ccn.impl.sync.SliceComparator doComparison
O MAIS DETALHADO: name X is 0, pos X is 7, name Y is 0, pos Y is 7 comp is 0
Jan 15, 2015 6:21:31 PM org.ccnx.ccn.impl.sync.SliceComparator doComparison
O MAIS DETALHADO: name X (expanded) is /ccnx.org/test/SyncTestRepo-15-01-15-18.20.23/ccnSyncTest/slice10/round14/randomFile/=FD054B82F5A43D/%C1.META.M/.header/=FD054B82F5A47B/=00/=D2E7E647541AC0700DA1BC6E7AB86FB246A298B28F1DA583066C493ADC1F9585, name Y (expanded) is /ccnx.org/test/SyncTestRepo-15-01-15-18.20.23/ccnSyncTest/slice10/round14/randomFile/=FD054B82F5A43D/%C1.META.M/.header/=FD054B82F5A47B/=00/=D2E7E647541AC0700DA1BC6E7AB86FB246A298B28F1DA583066C493ADC1F9585
Jan 15, 2015 6:21:31 PM org.ccnx.ccn.impl.sync.SliceComparator doComparison
O MAIS DETALHADO: Compare LEAF =04D01D6D8CA263C062DD74984D8CDD5E7CCA345BC2204E11AB083F6C44B6B1CB27 to LEAF =062F09A4AB8959315D9FF7EF104F8D2193598F493E4BC5A872706253A91AD0DB61
Jan 15, 2015 6:21:31 PM org.ccnx.ccn.impl.sync.SliceComparator doComparison
O MAIS DETALHADO: name X is 0, pos X is 8, name Y is 0, pos Y is 8 comp is 1
Jan 15, 2015 6:21:31 PM org.ccnx.ccn.impl.sync.SliceComparator doComparison
O MAIS DETALHADO: name X (expanded) is /ccnx.org/test/SyncTestRepo-15-01-15-18.20.23/ccnSyncTest/slice10/randomFile/=FD054B82F53F79/=00/=3CBEB0282FE72CD7F7CF0696455493A1CE4F4E488F469319834E10584FC5C583, name Y (expanded) is /ccnx.org/test/SyncTestRepo-15-01-15-18.20.23/ccnSyncTest/slice10/round15/randomFile/=FD054B82F5AD71/=00/c%C2G=2AB3ADCC7888BA202C1647CD19F89481ADC8136697669E316D86E62FBD
Jan 15, 2015 6:21:31 PM org.ccnx.ccn.profiles.sync.SyncTestRepo doHandleContentName
INFORMAÇÕES: Number 1: Callback for name: /ccnx.org/test/SyncTestRepo-15-01-15-18.20.23/ccnSyncTest/slice10/round15/randomFile/=FD054B82F5AD71/=00 - number is 0
Jan 15, 2015 6:21:31 PM org.ccnx.ccn.impl.sync.SliceComparator doComparison
O MAIS DETALHADO: Compare LEAF =04D01D6D8CA263C062DD74984D8CDD5E7CCA345BC2204E11AB083F6C44B6B1CB27 to LEAF =062F09A4AB8959315D9FF7EF104F8D2193598F493E4BC5A872706253A91AD0DB61
Jan 15, 2015 6:21:31 PM org.ccnx.ccn.impl.sync.SliceComparator doComparison
O MAIS DETALHADO: name X is 0, pos X is 8, name Y is 0, pos Y is 9 comp is 1
Jan 15, 2015 6:21:31 PM org.ccnx.ccn.impl.sync.SliceComparator doComparison
O MAIS DETALHADO: name X (expanded) is /ccnx.org/test/SyncTestRepo-15-01-15-18.20.23/ccnSyncTest/slice10/randomFile/=FD054B82F53F79/=00/=3CBEB0282FE72CD7F7CF0696455493A1CE4F4E488F469319834E10584FC5C583, name Y (expanded) is /ccnx.org/test/SyncTestRepo-15-01-15-18.20.23/ccnSyncTest/slice10/round15/randomFile/=FD054B82F5AD71/%C1.META.M/.header/=FD054B82F5ADFC/=00/=FB29EFF43347A48239C93696AC67F5FC96C66BCE636430300184B5F6DD38E07D
Jan 15, 2015 6:21:31 PM org.ccnx.ccn.profiles.sync.SyncTestRepo doHandleContentName
INFORMAÇÕES: Number 1: Callback for name: /ccnx.org/test/SyncTestRepo-15-01-15-18.20.23/ccnSyncTest/slice10/round15/randomFile/=FD054B82F5AD71/%C1.META.M/.header/=FD054B82F5ADFC/=00 - number is header
Jan 15, 2015 6:21:31 PM org.ccnx.ccn.impl.sync.SliceComparator doComparison
O MAIS DETALHADO: Compare LEAF =04D01D6D8CA263C062DD74984D8CDD5E7CCA345BC2204E11AB083F6C44B6B1CB27 to LEAF =062F09A4AB8959315D9FF7EF104F8D2193598F493E4BC5A872706253A91AD0DB61
Jan 15, 2015 6:21:31 PM org.ccnx.ccn.impl.sync.SliceComparator doComparison
O MAIS DETALHADO: name X is 0, pos X is 8, name Y is 0, pos Y is 10 comp is 0
Jan 15, 2015 6:21:31 PM org.ccnx.ccn.impl.sync.SliceComparator doComparison
O MAIS DETALHADO: name X (expanded) is /ccnx.org/test/SyncTestRepo-15-01-15-18.20.23/ccnSyncTest/slice10/randomFile/=FD054B82F53F79/=00/=3CBEB0282FE72CD7F7CF0696455493A1CE4F4E488F469319834E10584FC5C583, name Y (expanded) is /ccnx.org/test/SyncTestRepo-15-01-15-18.20.23/ccnSyncTest/slice10/randomFile/=FD054B82F53F79/=00/=3CBEB0282FE72CD7F7CF0696455493A1CE4F4E488F469319834E10584FC5C583
Jan 15, 2015 6:21:31 PM org.ccnx.ccn.impl.sync.SliceComparator doComparison
O MAIS DETALHADO: Compare LEAF =04D01D6D8CA263C062DD74984D8CDD5E7CCA345BC2204E11AB083F6C44B6B1CB27 to LEAF =062F09A4AB8959315D9FF7EF104F8D2193598F493E4BC5A872706253A91AD0DB61
Jan 15, 2015 6:21:31 PM org.ccnx.ccn.impl.sync.SliceComparator doComparison
O MAIS DETALHADO: name X is 0, pos X is 9, name Y is 0, pos Y is 11 comp is 0
Jan 15, 2015 6:21:31 PM org.ccnx.ccn.impl.sync.SliceComparator doComparison
O MAIS DETALHADO: name X (expanded) is /ccnx.org/test/SyncTestRepo-15-01-15-18.20.23/ccnSyncTest/slice10/randomFile/=FD054B82F53F79/%C1.META.M/.header/=FD054B82F53FB2/=00/=18F7ABCFFBD0912243186C9F3D6A45A3E28959A7EF8B922DD636A13DE75A55AC, name Y (expanded) is /ccnx.org/test/SyncTestRepo-15-01-15-18.20.23/ccnSyncTest/slice10/randomFile/=FD054B82F53F79/%C1.META.M/.header/=FD054B82F53FB2/=00/=18F7ABCFFBD0912243186C9F3D6A45A3E28959A7EF8B922DD636A13DE75A55AC
Jan 15, 2015 6:21:31 PM org.ccnx.ccn.impl.sync.SliceComparator updateCurrent
O MAIS DETALHADO: Starting update from hash =04D01D6D8CA263C062DD74984D8CDD5E7CCA345BC2204E11AB083F6C44B6B1CB27
Jan 15, 2015 6:21:31 PM org.ccnx.ccn.impl.sync.SliceComparator updateCurrent
O MAIS DETALHADO: Update compare: name from tree (expanded) is /ccnx.org/test/SyncTestRepo-15-01-15-18.20.23/ccnSyncTest/slice10/round11/randomFile/=FD054B82F588B4/=00/=862C3C8C527D6B204E7FCD4EAF121546BFBA9E26B978EC9010B0DB73EDD734F0, name  is /ccnx.org/test/SyncTestRepo-15-01-15-18.20.23/ccnSyncTest/slice10/round15/randomFile/=FD054B82F5AD71/=00/c%C2G=2AB3ADCC7888BA202C1647CD19F89481ADC8136697669E316D86E62FBD, comp is -1
Jan 15, 2015 6:21:31 PM org.ccnx.ccn.impl.sync.SliceComparator updateCurrent
O MAIS DETALHADO: Update compare: name from tree (expanded) is /ccnx.org/test/SyncTestRepo-15-01-15-18.20.23/ccnSyncTest/slice10/round11/randomFile/=FD054B82F588B4/%C1.META.M/.header/=FD054B82F588F2/=00/=DBC2A06AF145799671C57E6C55FB2D868F36DD55A23916A8CDB6B7981131FFE6, name  is /ccnx.org/test/SyncTestRepo-15-01-15-18.20.23/ccnSyncTest/slice10/round15/randomFile/=FD054B82F5AD71/=00/c%C2G=2AB3ADCC7888BA202C1647CD19F89481ADC8136697669E316D86E62FBD, comp is -1
Jan 15, 2015 6:21:31 PM org.ccnx.ccn.impl.sync.SliceComparator updateCurrent
O MAIS DETALHADO: Update compare: name from tree (expanded) is /ccnx.org/test/SyncTestRepo-15-01-15-18.20.23/ccnSyncTest/slice10/round12/randomFile/=FD054B82F591DF/=00/p=DE2BB2F625C0B42DC3D4800957F955C01267E921712139BC9BB1702DCF20EE, name  is /ccnx.org/test/SyncTestRepo-15-01-15-18.20.23/ccnSyncTest/slice10/round15/randomFile/=FD054B82F5AD71/=00/c%C2G=2AB3ADCC7888BA202C1647CD19F89481ADC8136697669E316D86E62FBD, comp is -1
Jan 15, 2015 6:21:31 PM org.ccnx.ccn.impl.sync.SliceComparator updateCurrent
O MAIS DETALHADO: Update compare: name from tree (expanded) is /ccnx.org/test/SyncTestRepo-15-01-15-18.20.23/ccnSyncTest/slice10/round12/randomFile/=FD054B82F591DF/%C1.META.M/.header/=FD054B82F5921D/=00/=C79CD215B03DFAB5F06882BC5BA5F1D95D25D28042EABE41AFB332AE2DC26850, name  is /ccnx.org/test/SyncTestRepo-15-01-15-18.20.23/ccnSyncTest/slice10/round15/randomFile/=FD054B82F5AD71/=00/c%C2G=2AB3ADCC7888BA202C1647CD19F89481ADC8136697669E316D86E62FBD, comp is -1
Jan 15, 2015 6:21:31 PM org.ccnx.ccn.impl.sync.SliceComparator updateCurrent
O MAIS DETALHADO: Update compare: name from tree (expanded) is /ccnx.org/test/SyncTestRepo-15-01-15-18.20.23/ccnSyncTest/slice10/round13/randomFile/=FD054B82F59B1B/=00/=0A14D94BE374A45E49DA2BC4C06FA4AA8D141E487AECE98ECC199C7D9D5FF867, name  is /ccnx.org/test/SyncTestRepo-15-01-15-18.20.23/ccnSyncTest/slice10/round15/randomFile/=FD054B82F5AD71/=00/c%C2G=2AB3ADCC7888BA202C1647CD19F89481ADC8136697669E316D86E62FBD, comp is -1
Jan 15, 2015 6:21:31 PM org.ccnx.ccn.impl.sync.SliceComparator updateCurrent
O MAIS DETALHADO: Update compare: name from tree (expanded) is /ccnx.org/test/SyncTestRepo-15-01-15-18.20.23/ccnSyncTest/slice10/round13/randomFile/=FD054B82F59B1B/%C1.META.M/.header/=FD054B82F59B54/=00/=B91C24A48FCF76FD606608E989525543C87D21B9DC4DD2E70BC94A5274642962, name  is /ccnx.org/test/SyncTestRepo-15-01-15-18.20.23/ccnSyncTest/slice10/round15/randomFile/=FD054B82F5AD71/=00/c%C2G=2AB3ADCC7888BA202C1647CD19F89481ADC8136697669E316D86E62FBD, comp is -1
Jan 15, 2015 6:21:31 PM org.ccnx.ccn.impl.sync.SliceComparator updateCurrent
O MAIS DETALHADO: Update compare: name from tree (expanded) is /ccnx.org/test/SyncTestRepo-15-01-15-18.20.23/ccnSyncTest/slice10/round14/randomFile/=FD054B82F5A43D/=00/I%E4R=9CC526867C0C399103DB98ED9A10FE2536FB15A7B685B5137937133A96, name  is /ccnx.org/test/SyncTestRepo-15-01-15-18.20.23/ccnSyncTest/slice10/round15/randomFile/=FD054B82F5AD71/=00/c%C2G=2AB3ADCC7888BA202C1647CD19F89481ADC8136697669E316D86E62FBD, comp is -1
Jan 15, 2015 6:21:31 PM org.ccnx.ccn.impl.sync.SliceComparator updateCurrent
O MAIS DETALHADO: Update compare: name from tree (expanded) is /ccnx.org/test/SyncTestRepo-15-01-15-18.20.23/ccnSyncTest/slice10/round14/randomFile/=FD054B82F5A43D/%C1.META.M/.header/=FD054B82F5A47B/=00/=D2E7E647541AC0700DA1BC6E7AB86FB246A298B28F1DA583066C493ADC1F9585, name  is /ccnx.org/test/SyncTestRepo-15-01-15-18.20.23/ccnSyncTest/slice10/round15/randomFile/=FD054B82F5AD71/=00/c%C2G=2AB3ADCC7888BA202C1647CD19F89481ADC8136697669E316D86E62FBD, comp is -1
Jan 15, 2015 6:21:31 PM org.ccnx.ccn.impl.sync.SliceComparator updateCurrent
O MAIS DETALHADO: Update compare: name from tree (expanded) is /ccnx.org/test/SyncTestRepo-15-01-15-18.20.23/ccnSyncTest/slice10/randomFile/=FD054B82F53F79/=00/=3CBEB0282FE72CD7F7CF0696455493A1CE4F4E488F469319834E10584FC5C583, name  is /ccnx.org/test/SyncTestRepo-15-01-15-18.20.23/ccnSyncTest/slice10/round15/randomFile/=FD054B82F5AD71/=00/c%C2G=2AB3ADCC7888BA202C1647CD19F89481ADC8136697669E316D86E62FBD, comp is 1
Jan 15, 2015 6:21:31 PM org.ccnx.ccn.impl.sync.SliceComparator updateCurrent
O MAIS DETALHADO: Update: starting redo of names because of /ccnx.org/test/SyncTestRepo-15-01-15-18.20.23/ccnSyncTest/slice10/round15/randomFile/=FD054B82F5AD71/=00/c%C2G=2AB3ADCC7888BA202C1647CD19F89481ADC8136697669E316D86E62FBD at /ccnx.org/test/SyncTestRepo-15-01-15-18.20.23/ccnSyncTest/slice10/round11/randomFile/=FD054B82F588B4/=00/=862C3C8C527D6B204E7FCD4EAF121546BFBA9E26B978EC9010B0DB73EDD734F0
Jan 15, 2015 6:21:31 PM ccnx.Sync
DETALHADO: Node split due to level change - nbytes 2065, match 5, prev 8
Jan 15, 2015 6:21:31 PM org.ccnx.ccn.io.content.SyncNodeComposite decodeLogging
O MAIS DETALHADO: decode node for =05D95348B35DA1736365107BDACCCE484DA8B6A14DCCF3832B16DDA212E3B0C032 depth = 1 refs = 10
Jan 15, 2015 6:21:31 PM org.ccnx.ccn.io.content.SyncNodeComposite decodeLogging
O MAIS DETALHADO: min is 0, max is 0, expanded min is /ccnx.org/test/SyncTestRepo-15-01-15-18.20.23/ccnSyncTest/slice10/round11/randomFile/=FD054B82F588B4/=00/=862C3C8C527D6B204E7FCD4EAF121546BFBA9E26B978EC9010B0DB73EDD734F0, expanded max is /ccnx.org/test/SyncTestRepo-15-01-15-18.20.23/ccnSyncTest/slice10/round15/randomFile/=FD054B82F5AD71/%C1.META.M/.header/=FD054B82F5ADFC/=00/=FB29EFF43347A48239C93696AC67F5FC96C66BCE636430300184B5F6DD38E07D
Jan 15, 2015 6:21:31 PM org.ccnx.ccn.impl.sync.SyncTreeEntry <init>
O MAIS DETALHADO: Found existing node: U=B65BF82BB7BDFA3AE7733582BED945B0D8A7F07ED225475984B19637201B2F
Jan 15, 2015 6:21:31 PM org.ccnx.ccn.io.content.SyncNodeComposite decodeLogging
O MAIS DETALHADO: decode node for U=B65BF82BB7BDFA3AE7733582BED945B0D8A7F07ED225475984B19637201B2F depth = 1 refs = 2
Jan 15, 2015 6:21:31 PM org.ccnx.ccn.io.content.SyncNodeComposite decodeLogging
O MAIS DETALHADO: min is 0, max is 0, expanded min is /ccnx.org/test/SyncTestRepo-15-01-15-18.20.23/ccnSyncTest/slice10/randomFile/=FD054B82F53F79/=00/=3CBEB0282FE72CD7F7CF0696455493A1CE4F4E488F469319834E10584FC5C583, expanded max is /ccnx.org/test/SyncTestRepo-15-01-15-18.20.23/ccnSyncTest/slice10/randomFile/=FD054B82F53F79/%C1.META.M/.header/=FD054B82F53FB2/=00/=18F7ABCFFBD0912243186C9F3D6A45A3E28959A7EF8B922DD636A13DE75A55AC
Jan 15, 2015 6:21:31 PM org.ccnx.ccn.impl.sync.SyncTreeEntry <init>
O MAIS DETALHADO: Found existing node: =062F09A4AB8959315D9FF7EF104F8D2193598F493E4BC5A872706253A91AD0DB61
Jan 15, 2015 6:21:31 PM org.ccnx.ccn.io.content.SyncNodeComposite decodeLogging
O MAIS DETALHADO: decode node for =062F09A4AB8959315D9FF7EF104F8D2193598F493E4BC5A872706253A91AD0DB61 depth = 2 refs = 2
Jan 15, 2015 6:21:31 PM org.ccnx.ccn.io.content.SyncNodeComposite decodeLogging
O MAIS DETALHADO: min is 0, max is 0, expanded min is /ccnx.org/test/SyncTestRepo-15-01-15-18.20.23/ccnSyncTest/slice10/round11/randomFile/=FD054B82F588B4/=00/=862C3C8C527D6B204E7FCD4EAF121546BFBA9E26B978EC9010B0DB73EDD734F0, expanded max is /ccnx.org/test/SyncTestRepo-15-01-15-18.20.23/ccnSyncTest/slice10/randomFile/=FD054B82F53F79/%C1.META.M/.header/=FD054B82F53FB2/=00/=18F7ABCFFBD0912243186C9F3D6A45A3E28959A7EF8B922DD636A13DE75A55AC
Jan 15, 2015 6:21:31 PM org.ccnx.ccn.impl.sync.NodeBuilder createHeadRecursive
O MAIS DETALHADO: Creating new compound node - with first element =05D95348B35DA1736365107BDACCCE484DA8B6A14DCCF3832B16DDA212E3B0C032 and last element U=B65BF82BB7BDFA3AE7733582BED945B0D8A7F07ED225475984B19637201B2F
Jan 15, 2015 6:21:31 PM org.ccnx.ccn.impl.sync.SliceComparator updateCurrent
INFORMAÇÕES: Resetting current to created head: =062F09A4AB8959315D9FF7EF104F8D2193598F493E4BC5A872706253A91AD0DB61
Jan 15, 2015 6:21:31 PM org.ccnx.ccn.profiles.sync.SyncTestRepo checkCallbacks
DETALHADO: got segment 0
Jan 15, 2015 6:21:31 PM org.ccnx.ccn.profiles.sync.SyncTestRepo checkCallbacks
DETALHADO: received: [true, false] finished: [true, true]
Jan 15, 2015 6:21:31 PM org.ccnx.ccn.profiles.sync.SyncTestRepo checkCallbacks
DETALHADO: got the header
Jan 15, 2015 6:21:31 PM org.ccnx.ccn.profiles.sync.SyncTestRepo checkCallbacks
DETALHADO: received: [true, true] finished: [true, true]
Jan 15, 2015 6:21:31 PM org.ccnx.ccn.profiles.sync.SyncTestRepo checkCallbacks
DETALHADO: got all the segments!
Jan 15, 2015 6:21:31 PM org.ccnx.ccn.profiles.sync.SyncTestRepo checkCallbacks
DETALHADO: trying to loop again looking for segments
Jan 15, 2015 6:21:31 PM org.ccnx.ccn.profiles.sync.SyncTestRepo checkCallbacks
DETALHADO: done looping, returning.
Jan 15, 2015 6:21:31 PM org.ccnx.ccn.impl.CCNFlowControl <init>
INFORMAÇÕES: adding namespace: /ccnx.org/test/SyncTestRepo-15-01-15-18.20.23/ccnSyncTest/slice10/round16/randomFile
Jan 15, 2015 6:21:31 PM org.ccnx.ccn.impl.security.keys.BasicKeyManager getKeyLocator
INFORMAÇÕES: getKeyLocator: returning locator NAME: /ccnx.org/Users/root/Keys/%C1.M.K=009234ADEC47D19E3E6A2AF362D44E09AB6B71F43B1900BA0622FB45F2A5B7D9F6/=FD054AE7DE1000 KEY:-reba89rgbj1o6ata34t5eovcl4kho5s9pnv8nstq15q1ld4g9ga for key kjSt7EfRnj5qKvNi1E4Jq2tx9DsZALoGIvtF8qW32fY=
Jan 15, 2015 6:21:31 PM org.ccnx.ccn.io.CCNAbstractOutputStream <init>
INFORMAÇÕES: CCNAbstractOutputStream: /ccnx.org/test/SyncTestRepo-15-01-15-18.20.23/ccnSyncTest/slice10/round16/randomFile/=FD054B82F5B673 blocksize is 4096
Jan 15, 2015 6:21:31 PM org.ccnx.ccn.io.CCNAbstractOutputStream startWrite
INFORMAÇÕES: CCNAbstractOutputStream: startWrite -- searching for keys.
Jan 15, 2015 6:21:31 PM org.ccnx.ccn.profiles.security.access.AccessControlManager keysForOutput
INFORMAÇÕES: keysForOutput: found an acm: (null)
Jan 15, 2015 6:21:31 PM org.ccnx.ccn.impl.repo.RepositoryFlowControl startWrite
INFORMAÇÕES: RepositoryFlowControl.startWrite called for name /ccnx.org/test/SyncTestRepo-15-01-15-18.20.23/ccnSyncTest/slice10/round16/randomFile/=FD054B82F5B673, shape STREAM
Jan 15, 2015 6:21:31 PM org.ccnx.ccn.impl.repo.RepositoryFlowControl handleContent
INFORMAÇÕES: handleContent: got potential repo message: /ccnx.org/test/SyncTestRepo-15-01-15-18.20.23/ccnSyncTest/slice10/round16/randomFile/=FD054B82F5B673/%C1.R.sw/%C1.N=007B75B1CBA8CA5371
Jan 15, 2015 6:21:31 PM org.ccnx.ccn.profiles.sync.SyncTestCommon writeFile
DETALHADO: bytes: 4096 block size: 4096 div: 1.0 ceil: 1
Jan 15, 2015 6:21:31 PM org.ccnx.ccn.profiles.sync.SyncTestCommon writeFile
DETALHADO: will write out a 4096 byte file, will have 2 segments (1 is a header)
Jan 15, 2015 6:21:31 PM org.ccnx.ccn.io.CCNOutputStream flushToNetwork
INFORMAÇÕES: flush: outputting to the segmenter, baseName /ccnx.org/test/SyncTestRepo-15-01-15-18.20.23/ccnSyncTest/slice10/round16/randomFile/=FD054B82F5B673 basenameindex =00; 4096 bytes written, holding back 4096 flushing final blocks? false.
Jan 15, 2015 6:21:31 PM org.ccnx.ccn.io.CCNOutputStream flushToNetwork
INFORMAÇÕES: HEADER: CCNOutputStream: flushToNetwork: new _baseNameIndex 0
Jan 15, 2015 6:21:31 PM org.ccnx.ccn.io.CCNOutputStream flushToNetwork
INFORMAÇÕES: flush: outputting to the segmenter, baseName /ccnx.org/test/SyncTestRepo-15-01-15-18.20.23/ccnSyncTest/slice10/round16/randomFile/=FD054B82F5B673 basenameindex =00; 4096 bytes written, holding back 4096 flushing final blocks? false.
Jan 15, 2015 6:21:31 PM org.ccnx.ccn.io.CCNOutputStream flushToNetwork
INFORMAÇÕES: HEADER: CCNOutputStream: flushToNetwork: new _baseNameIndex 0
Jan 15, 2015 6:21:31 PM org.ccnx.ccn.io.CCNOutputStream flushToNetwork
INFORMAÇÕES: flush: outputting to the segmenter, baseName /ccnx.org/test/SyncTestRepo-15-01-15-18.20.23/ccnSyncTest/slice10/round16/randomFile/=FD054B82F5B673 basenameindex =00; 4096 bytes written, holding back 0 flushing final blocks? true.
Jan 15, 2015 6:21:31 PM org.ccnx.ccn.io.CCNOutputStream flushToNetwork
INFORMAÇÕES: HEADER: CCNOutputStream: flushToNetwork: new _baseNameIndex 1
Jan 15, 2015 6:21:31 PM org.ccnx.ccn.io.CCNAbstractOutputStream <init>
INFORMAÇÕES: CCNAbstractOutputStream: /ccnx.org/test/SyncTestRepo-15-01-15-18.20.23/ccnSyncTest/slice10/round16/randomFile/=FD054B82F5B673/%C1.META.M/.header/=FD054B82F5B6B0 blocksize is 4096
Jan 15, 2015 6:21:31 PM org.ccnx.ccn.io.CCNAbstractOutputStream startWrite
INFORMAÇÕES: CCNAbstractOutputStream: startWrite -- searching for keys.
Jan 15, 2015 6:21:31 PM org.ccnx.ccn.profiles.security.access.AccessControlManager keysForOutput
INFORMAÇÕES: keysForOutput: found an acm: (null)
Jan 15, 2015 6:21:31 PM org.ccnx.ccn.impl.repo.RepositoryFlowControl startWrite
INFORMAÇÕES: RepositoryFlowControl.startWrite called for name /ccnx.org/test/SyncTestRepo-15-01-15-18.20.23/ccnSyncTest/slice10/round16/randomFile/=FD054B82F5B673/%C1.META.M/.header/=FD054B82F5B6B0, shape STREAM
Jan 15, 2015 6:21:31 PM org.ccnx.ccn.impl.repo.RepositoryFlowControl handleContent
INFORMAÇÕES: handleContent: got potential repo message: /ccnx.org/test/SyncTestRepo-15-01-15-18.20.23/ccnSyncTest/slice10/round16/randomFile/=FD054B82F5B673/%C1.META.M/.header/=FD054B82F5B6B0/%C1.R.sw/%C1.N=008E3F7584B217C323
Jan 15, 2015 6:21:31 PM org.ccnx.ccn.io.CCNOutputStream flushToNetwork
INFORMAÇÕES: flush: outputting to the segmenter, baseName /ccnx.org/test/SyncTestRepo-15-01-15-18.20.23/ccnSyncTest/slice10/round16/randomFile/=FD054B82F5B673/%C1.META.M/.header/=FD054B82F5B6B0 basenameindex =00; 66 bytes written, holding back 66 flushing final blocks? false.
Jan 15, 2015 6:21:31 PM org.ccnx.ccn.io.CCNOutputStream flushToNetwork
INFORMAÇÕES: HEADER: CCNOutputStream: flushToNetwork: new _baseNameIndex 0
Jan 15, 2015 6:21:31 PM org.ccnx.ccn.io.CCNOutputStream flushToNetwork
INFORMAÇÕES: flush: outputting to the segmenter, baseName /ccnx.org/test/SyncTestRepo-15-01-15-18.20.23/ccnSyncTest/slice10/round16/randomFile/=FD054B82F5B673/%C1.META.M/.header/=FD054B82F5B6B0 basenameindex =00; 66 bytes written, holding back 66 flushing final blocks? false.
Jan 15, 2015 6:21:31 PM org.ccnx.ccn.io.CCNOutputStream flushToNetwork
INFORMAÇÕES: HEADER: CCNOutputStream: flushToNetwork: new _baseNameIndex 0
Jan 15, 2015 6:21:31 PM org.ccnx.ccn.io.CCNOutputStream flushToNetwork
INFORMAÇÕES: flush: outputting to the segmenter, baseName /ccnx.org/test/SyncTestRepo-15-01-15-18.20.23/ccnSyncTest/slice10/round16/randomFile/=FD054B82F5B673/%C1.META.M/.header/=FD054B82F5B6B0 basenameindex =00; 66 bytes written, holding back 0 flushing final blocks? true.
Jan 15, 2015 6:21:31 PM org.ccnx.ccn.io.CCNOutputStream flushToNetwork
INFORMAÇÕES: HEADER: CCNOutputStream: flushToNetwork: new _baseNameIndex 1
Jan 15, 2015 6:21:31 PM org.ccnx.ccn.impl.sync.ProtocolBasedSyncMonitor handleContent
INFORMAÇÕES: Saw new content from sync: /ccnx.org/test/SyncTestRepo-15-01-15-18.20.23/topoPrefix/%C1.S.ra/x%E7U.=86853EF050D99AC7B6E19C29B7AECFA1B2568CAD74E733BCB2443F63/=062F09A4AB8959315D9FF7EF104F8D2193598F493E4BC5A872706253A91AD0DB61/=069F5F4B4DAE9F49C93FA43DC8F009414EF2EECC187C820B96B7233080FFF28658
Jan 15, 2015 6:21:31 PM org.ccnx.ccn.io.CCNOutputStream close
INFORMAÇÕES: CCNOutputStream close: /ccnx.org/test/SyncTestRepo-15-01-15-18.20.23/ccnSyncTest/slice10/round16/randomFile/=FD054B82F5B673/%C1.META.M/.header/=FD054B82F5B6B0
Jan 15, 2015 6:21:31 PM org.ccnx.ccn.io.CCNOutputStream close
INFORMAÇÕES: CCNOutputStream close: /ccnx.org/test/SyncTestRepo-15-01-15-18.20.23/ccnSyncTest/slice10/round16/randomFile/=FD054B82F5B673
Jan 15, 2015 6:21:31 PM org.ccnx.ccn.profiles.sync.SyncTestCommon writeFile
INFORMAÇÕES: Wrote file to repository: /ccnx.org/test/SyncTestRepo-15-01-15-18.20.23/ccnSyncTest/slice10/round16/randomFile/=FD054B82F5B673 with 2 segments
Jan 15, 2015 6:21:31 PM org.ccnx.ccn.profiles.sync.SyncTestRepo checkCallbacks
DETALHADO: checking for callbacks:  /ccnx.org/test/SyncTestRepo-15-01-15-18.20.23/ccnSyncTest/slice10/round16 segments: 2
Jan 15, 2015 6:21:31 PM org.ccnx.ccn.impl.sync.SliceComparator run
DETALHADO: Starting comparator run - state is INIT, sc is org.ccnx.ccn.impl.sync.SliceComparator@ca0898b, this is the lead
Jan 15, 2015 6:21:31 PM org.ccnx.ccn.impl.encoding.BinaryXMLDecoder setElement
INFORMAÇÕES: Reset decode array sizes to 150
Jan 15, 2015 6:21:31 PM org.ccnx.ccn.impl.encoding.BinaryXMLDecoder setElement
INFORMAÇÕES: Reset decode array sizes to 225
Jan 15, 2015 6:21:31 PM org.ccnx.ccn.impl.encoding.BinaryXMLDecoder setElement
INFORMAÇÕES: Reset decode array sizes to 337
Jan 15, 2015 6:21:31 PM org.ccnx.ccn.impl.encoding.BinaryXMLDecoder setElement
INFORMAÇÕES: Reset decode array sizes to 505
Jan 15, 2015 6:21:31 PM org.ccnx.ccn.impl.encoding.BinaryXMLDecoder setElement
INFORMAÇÕES: Reset decode array sizes to 757
Jan 15, 2015 6:21:31 PM org.ccnx.ccn.io.content.SyncNodeComposite decodeLogging
O MAIS DETALHADO: decode node for =069F5F4B4DAE9F49C93FA43DC8F009414EF2EECC187C820B96B7233080FFF28658 depth = 1 refs = 13
Jan 15, 2015 6:21:31 PM org.ccnx.ccn.io.content.SyncNodeComposite decodeLogging
O MAIS DETALHADO: min is 0, max is 0, expanded min is /ccnx.org/test/SyncTestRepo-15-01-15-18.20.23/ccnSyncTest/slice10/round11/randomFile/=FD054B82F588B4/=00/=862C3C8C527D6B204E7FCD4EAF121546BFBA9E26B978EC9010B0DB73EDD734F0, expanded max is /ccnx.org/test/SyncTestRepo-15-01-15-18.20.23/ccnSyncTest/slice10/randomFile/=FD054B82F53F79/%C1.META.M/.header/=FD054B82F53FB2/=00/=18F7ABCFFBD0912243186C9F3D6A45A3E28959A7EF8B922DD636A13DE75A55AC
Jan 15, 2015 6:21:31 PM org.ccnx.ccn.impl.sync.SliceComparator run
INFORMAÇÕES: Starting new round with X = =062F09A4AB8959315D9FF7EF104F8D2193598F493E4BC5A872706253A91AD0DB61 and Y = =069F5F4B4DAE9F49C93FA43DC8F009414EF2EECC187C820B96B7233080FFF28658
Jan 15, 2015 6:21:31 PM org.ccnx.ccn.impl.sync.SliceComparator doComparison
O MAIS DETALHADO: Compare NODE =062F09A4AB8959315D9FF7EF104F8D2193598F493E4BC5A872706253A91AD0DB61 to LEAF =069F5F4B4DAE9F49C93FA43DC8F009414EF2EECC187C820B96B7233080FFF28658, resMin is 0, resMax is -1
Jan 15, 2015 6:21:31 PM org.ccnx.ccn.impl.sync.SliceComparator doComparison
O MAIS DETALHADO: minname is 0, maxname is 0, pos X is 0, pos Y is 0
Jan 15, 2015 6:21:31 PM org.ccnx.ccn.impl.sync.SliceComparator doComparison
O MAIS DETALHADO: Compare NODE =062F09A4AB8959315D9FF7EF104F8D2193598F493E4BC5A872706253A91AD0DB61 to LEAF =069F5F4B4DAE9F49C93FA43DC8F009414EF2EECC187C820B96B7233080FFF28658, resMin is 1, resMax is -1
Jan 15, 2015 6:21:31 PM org.ccnx.ccn.impl.sync.SliceComparator doComparison
O MAIS DETALHADO: minname is 0, maxname is 0, pos X is 0, pos Y is 1
Jan 15, 2015 6:21:31 PM org.ccnx.ccn.impl.sync.SliceComparator doComparison
O MAIS DETALHADO: Compare LEAF =05D95348B35DA1736365107BDACCCE484DA8B6A14DCCF3832B16DDA212E3B0C032 to LEAF =069F5F4B4DAE9F49C93FA43DC8F009414EF2EECC187C820B96B7233080FFF28658
Jan 15, 2015 6:21:31 PM org.ccnx.ccn.impl.sync.SliceComparator doComparison
O MAIS DETALHADO: name X is 0, pos X is 0, name Y is 0, pos Y is 1 comp is -1
Jan 15, 2015 6:21:31 PM org.ccnx.ccn.impl.sync.SliceComparator doComparison
O MAIS DETALHADO: name X (expanded) is /ccnx.org/test/SyncTestRepo-15-01-15-18.20.23/ccnSyncTest/slice10/round11/randomFile/=FD054B82F588B4/=00/=862C3C8C527D6B204E7FCD4EAF121546BFBA9E26B978EC9010B0DB73EDD734F0, name Y (expanded) is /ccnx.org/test/SyncTestRepo-15-01-15-18.20.23/ccnSyncTest/slice10/round11/randomFile/=FD054B82F588B4/%C1.META.M/.header/=FD054B82F588F2/=00/=DBC2A06AF145799671C57E6C55FB2D868F36DD55A23916A8CDB6B7981131FFE6
Jan 15, 2015 6:21:31 PM org.ccnx.ccn.impl.sync.SliceComparator doComparison
O MAIS DETALHADO: Compare LEAF =05D95348B35DA1736365107BDACCCE484DA8B6A14DCCF3832B16DDA212E3B0C032 to LEAF =069F5F4B4DAE9F49C93FA43DC8F009414EF2EECC187C820B96B7233080FFF28658
Jan 15, 2015 6:21:31 PM org.ccnx.ccn.impl.sync.SliceComparator doComparison
O MAIS DETALHADO: name X is 0, pos X is 1, name Y is 0, pos Y is 1 comp is 0
Jan 15, 2015 6:21:31 PM org.ccnx.ccn.impl.sync.SliceComparator doComparison
O MAIS DETALHADO: name X (expanded) is /ccnx.org/test/SyncTestRepo-15-01-15-18.20.23/ccnSyncTest/slice10/round11/randomFile/=FD054B82F588B4/%C1.META.M/.header/=FD054B82F588F2/=00/=DBC2A06AF145799671C57E6C55FB2D868F36DD55A23916A8CDB6B7981131FFE6, name Y (expanded) is /ccnx.org/test/SyncTestRepo-15-01-15-18.20.23/ccnSyncTest/slice10/round11/randomFile/=FD054B82F588B4/%C1.META.M/.header/=FD054B82F588F2/=00/=DBC2A06AF145799671C57E6C55FB2D868F36DD55A23916A8CDB6B7981131FFE6
Jan 15, 2015 6:21:31 PM org.ccnx.ccn.impl.sync.SliceComparator doComparison
O MAIS DETALHADO: Compare LEAF =05D95348B35DA1736365107BDACCCE484DA8B6A14DCCF3832B16DDA212E3B0C032 to LEAF =069F5F4B4DAE9F49C93FA43DC8F009414EF2EECC187C820B96B7233080FFF28658
Jan 15, 2015 6:21:31 PM org.ccnx.ccn.impl.sync.SliceComparator doComparison
O MAIS DETALHADO: name X is 0, pos X is 2, name Y is 0, pos Y is 2 comp is 0
Jan 15, 2015 6:21:31 PM org.ccnx.ccn.impl.sync.SliceComparator doComparison
O MAIS DETALHADO: name X (expanded) is /ccnx.org/test/SyncTestRepo-15-01-15-18.20.23/ccnSyncTest/slice10/round12/randomFile/=FD054B82F591DF/=00/p=DE2BB2F625C0B42DC3D4800957F955C01267E921712139BC9BB1702DCF20EE, name Y (expanded) is /ccnx.org/test/SyncTestRepo-15-01-15-18.20.23/ccnSyncTest/slice10/round12/randomFile/=FD054B82F591DF/=00/p=DE2BB2F625C0B42DC3D4800957F955C01267E921712139BC9BB1702DCF20EE
Jan 15, 2015 6:21:31 PM org.ccnx.ccn.impl.sync.SliceComparator doComparison
O MAIS DETALHADO: Compare LEAF =05D95348B35DA1736365107BDACCCE484DA8B6A14DCCF3832B16DDA212E3B0C032 to LEAF =069F5F4B4DAE9F49C93FA43DC8F009414EF2EECC187C820B96B7233080FFF28658
Jan 15, 2015 6:21:31 PM org.ccnx.ccn.impl.sync.SliceComparator doComparison
O MAIS DETALHADO: name X is 0, pos X is 3, name Y is 0, pos Y is 3 comp is 0
Jan 15, 2015 6:21:31 PM org.ccnx.ccn.impl.sync.SliceComparator doComparison
O MAIS DETALHADO: name X (expanded) is /ccnx.org/test/SyncTestRepo-15-01-15-18.20.23/ccnSyncTest/slice10/round12/randomFile/=FD054B82F591DF/%C1.META.M/.header/=FD054B82F5921D/=00/=C79CD215B03DFAB5F06882BC5BA5F1D95D25D28042EABE41AFB332AE2DC26850, name Y (expanded) is /ccnx.org/test/SyncTestRepo-15-01-15-18.20.23/ccnSyncTest/slice10/round12/randomFile/=FD054B82F591DF/%C1.META.M/.header/=FD054B82F5921D/=00/=C79CD215B03DFAB5F06882BC5BA5F1D95D25D28042EABE41AFB332AE2DC26850
Jan 15, 2015 6:21:31 PM org.ccnx.ccn.impl.sync.SliceComparator doComparison
O MAIS DETALHADO: Compare LEAF =05D95348B35DA1736365107BDACCCE484DA8B6A14DCCF3832B16DDA212E3B0C032 to LEAF =069F5F4B4DAE9F49C93FA43DC8F009414EF2EECC187C820B96B7233080FFF28658
Jan 15, 2015 6:21:31 PM org.ccnx.ccn.impl.sync.SliceComparator doComparison
O MAIS DETALHADO: name X is 0, pos X is 4, name Y is 0, pos Y is 4 comp is 0
Jan 15, 2015 6:21:31 PM org.ccnx.ccn.impl.sync.SliceComparator doComparison
O MAIS DETALHADO: name X (expanded) is /ccnx.org/test/SyncTestRepo-15-01-15-18.20.23/ccnSyncTest/slice10/round13/randomFile/=FD054B82F59B1B/=00/=0A14D94BE374A45E49DA2BC4C06FA4AA8D141E487AECE98ECC199C7D9D5FF867, name Y (expanded) is /ccnx.org/test/SyncTestRepo-15-01-15-18.20.23/ccnSyncTest/slice10/round13/randomFile/=FD054B82F59B1B/=00/=0A14D94BE374A45E49DA2BC4C06FA4AA8D141E487AECE98ECC199C7D9D5FF867
Jan 15, 2015 6:21:31 PM org.ccnx.ccn.impl.sync.SliceComparator doComparison
O MAIS DETALHADO: Compare LEAF =05D95348B35DA1736365107BDACCCE484DA8B6A14DCCF3832B16DDA212E3B0C032 to LEAF =069F5F4B4DAE9F49C93FA43DC8F009414EF2EECC187C820B96B7233080FFF28658
Jan 15, 2015 6:21:31 PM org.ccnx.ccn.impl.sync.SliceComparator doComparison
O MAIS DETALHADO: name X is 0, pos X is 5, name Y is 0, pos Y is 5 comp is 0
Jan 15, 2015 6:21:31 PM org.ccnx.ccn.impl.sync.SliceComparator doComparison
O MAIS DETALHADO: name X (expanded) is /ccnx.org/test/SyncTestRepo-15-01-15-18.20.23/ccnSyncTest/slice10/round13/randomFile/=FD054B82F59B1B/%C1.META.M/.header/=FD054B82F59B54/=00/=B91C24A48FCF76FD606608E989525543C87D21B9DC4DD2E70BC94A5274642962, name Y (expanded) is /ccnx.org/test/SyncTestRepo-15-01-15-18.20.23/ccnSyncTest/slice10/round13/randomFile/=FD054B82F59B1B/%C1.META.M/.header/=FD054B82F59B54/=00/=B91C24A48FCF76FD606608E989525543C87D21B9DC4DD2E70BC94A5274642962
Jan 15, 2015 6:21:31 PM org.ccnx.ccn.impl.sync.SliceComparator doComparison
O MAIS DETALHADO: Compare LEAF =05D95348B35DA1736365107BDACCCE484DA8B6A14DCCF3832B16DDA212E3B0C032 to LEAF =069F5F4B4DAE9F49C93FA43DC8F009414EF2EECC187C820B96B7233080FFF28658
Jan 15, 2015 6:21:31 PM org.ccnx.ccn.impl.sync.SliceComparator doComparison
O MAIS DETALHADO: name X is 0, pos X is 6, name Y is 0, pos Y is 6 comp is 0
Jan 15, 2015 6:21:31 PM org.ccnx.ccn.impl.sync.SliceComparator doComparison
O MAIS DETALHADO: name X (expanded) is /ccnx.org/test/SyncTestRepo-15-01-15-18.20.23/ccnSyncTest/slice10/round14/randomFile/=FD054B82F5A43D/=00/I%E4R=9CC526867C0C399103DB98ED9A10FE2536FB15A7B685B5137937133A96, name Y (expanded) is /ccnx.org/test/SyncTestRepo-15-01-15-18.20.23/ccnSyncTest/slice10/round14/randomFile/=FD054B82F5A43D/=00/I%E4R=9CC526867C0C399103DB98ED9A10FE2536FB15A7B685B5137937133A96
Jan 15, 2015 6:21:31 PM org.ccnx.ccn.impl.sync.SliceComparator doComparison
O MAIS DETALHADO: Compare LEAF =05D95348B35DA1736365107BDACCCE484DA8B6A14DCCF3832B16DDA212E3B0C032 to LEAF =069F5F4B4DAE9F49C93FA43DC8F009414EF2EECC187C820B96B7233080FFF28658
Jan 15, 2015 6:21:31 PM org.ccnx.ccn.impl.sync.SliceComparator doComparison
O MAIS DETALHADO: name X is 0, pos X is 7, name Y is 0, pos Y is 7 comp is 0
Jan 15, 2015 6:21:31 PM org.ccnx.ccn.impl.sync.SliceComparator doComparison
O MAIS DETALHADO: name X (expanded) is /ccnx.org/test/SyncTestRepo-15-01-15-18.20.23/ccnSyncTest/slice10/round14/randomFile/=FD054B82F5A43D/%C1.META.M/.header/=FD054B82F5A47B/=00/=D2E7E647541AC0700DA1BC6E7AB86FB246A298B28F1DA583066C493ADC1F9585, name Y (expanded) is /ccnx.org/test/SyncTestRepo-15-01-15-18.20.23/ccnSyncTest/slice10/round14/randomFile/=FD054B82F5A43D/%C1.META.M/.header/=FD054B82F5A47B/=00/=D2E7E647541AC0700DA1BC6E7AB86FB246A298B28F1DA583066C493ADC1F9585
Jan 15, 2015 6:21:31 PM org.ccnx.ccn.impl.sync.SliceComparator doComparison
O MAIS DETALHADO: Compare LEAF =05D95348B35DA1736365107BDACCCE484DA8B6A14DCCF3832B16DDA212E3B0C032 to LEAF =069F5F4B4DAE9F49C93FA43DC8F009414EF2EECC187C820B96B7233080FFF28658
Jan 15, 2015 6:21:31 PM org.ccnx.ccn.impl.sync.SliceComparator doComparison
O MAIS DETALHADO: name X is 0, pos X is 8, name Y is 0, pos Y is 8 comp is 0
Jan 15, 2015 6:21:31 PM org.ccnx.ccn.impl.sync.SliceComparator doComparison
O MAIS DETALHADO: name X (expanded) is /ccnx.org/test/SyncTestRepo-15-01-15-18.20.23/ccnSyncTest/slice10/round15/randomFile/=FD054B82F5AD71/=00/c%C2G=2AB3ADCC7888BA202C1647CD19F89481ADC8136697669E316D86E62FBD, name Y (expanded) is /ccnx.org/test/SyncTestRepo-15-01-15-18.20.23/ccnSyncTest/slice10/round15/randomFile/=FD054B82F5AD71/=00/c%C2G=2AB3ADCC7888BA202C1647CD19F89481ADC8136697669E316D86E62FBD
Jan 15, 2015 6:21:31 PM org.ccnx.ccn.impl.sync.SliceComparator doComparison
O MAIS DETALHADO: Compare LEAF =05D95348B35DA1736365107BDACCCE484DA8B6A14DCCF3832B16DDA212E3B0C032 to LEAF =069F5F4B4DAE9F49C93FA43DC8F009414EF2EECC187C820B96B7233080FFF28658
Jan 15, 2015 6:21:31 PM org.ccnx.ccn.impl.sync.SliceComparator doComparison
O MAIS DETALHADO: name X is 0, pos X is 9, name Y is 0, pos Y is 9 comp is 0
Jan 15, 2015 6:21:31 PM org.ccnx.ccn.impl.sync.SliceComparator doComparison
O MAIS DETALHADO: name X (expanded) is /ccnx.org/test/SyncTestRepo-15-01-15-18.20.23/ccnSyncTest/slice10/round15/randomFile/=FD054B82F5AD71/%C1.META.M/.header/=FD054B82F5ADFC/=00/=FB29EFF43347A48239C93696AC67F5FC96C66BCE636430300184B5F6DD38E07D, name Y (expanded) is /ccnx.org/test/SyncTestRepo-15-01-15-18.20.23/ccnSyncTest/slice10/round15/randomFile/=FD054B82F5AD71/%C1.META.M/.header/=FD054B82F5ADFC/=00/=FB29EFF43347A48239C93696AC67F5FC96C66BCE636430300184B5F6DD38E07D
Jan 15, 2015 6:21:31 PM org.ccnx.ccn.impl.sync.SliceComparator doComparison
O MAIS DETALHADO: Compare NODE =062F09A4AB8959315D9FF7EF104F8D2193598F493E4BC5A872706253A91AD0DB61 to LEAF =069F5F4B4DAE9F49C93FA43DC8F009414EF2EECC187C820B96B7233080FFF28658, resMin is 1, resMax is -1
Jan 15, 2015 6:21:31 PM org.ccnx.ccn.impl.sync.SliceComparator doComparison
O MAIS DETALHADO: minname is 0, maxname is 0, pos X is 1, pos Y is 10
Jan 15, 2015 6:21:31 PM org.ccnx.ccn.impl.sync.SliceComparator doComparison
O MAIS DETALHADO: Compare LEAF U=B65BF82BB7BDFA3AE7733582BED945B0D8A7F07ED225475984B19637201B2F to LEAF =069F5F4B4DAE9F49C93FA43DC8F009414EF2EECC187C820B96B7233080FFF28658
Jan 15, 2015 6:21:31 PM org.ccnx.ccn.impl.sync.SliceComparator doComparison
O MAIS DETALHADO: name X is 0, pos X is 0, name Y is 0, pos Y is 10 comp is 1
Jan 15, 2015 6:21:31 PM org.ccnx.ccn.impl.sync.SliceComparator doComparison
O MAIS DETALHADO: name X (expanded) is /ccnx.org/test/SyncTestRepo-15-01-15-18.20.23/ccnSyncTest/slice10/randomFile/=FD054B82F53F79/=00/=3CBEB0282FE72CD7F7CF0696455493A1CE4F4E488F469319834E10584FC5C583, name Y (expanded) is /ccnx.org/test/SyncTestRepo-15-01-15-18.20.23/ccnSyncTest/slice10/round16/randomFile/=FD054B82F5B673/=00/pU=A6A22546186B9FAC4EB8A07C1FBB995F82DA30BC632446C0DCD7E521AAF7
Jan 15, 2015 6:21:31 PM org.ccnx.ccn.profiles.sync.SyncTestRepo doHandleContentName
INFORMAÇÕES: Number 1: Callback for name: /ccnx.org/test/SyncTestRepo-15-01-15-18.20.23/ccnSyncTest/slice10/round16/randomFile/=FD054B82F5B673/=00 - number is 0
Jan 15, 2015 6:21:31 PM org.ccnx.ccn.impl.sync.SliceComparator doComparison
O MAIS DETALHADO: Compare LEAF U=B65BF82BB7BDFA3AE7733582BED945B0D8A7F07ED225475984B19637201B2F to LEAF =069F5F4B4DAE9F49C93FA43DC8F009414EF2EECC187C820B96B7233080FFF28658
Jan 15, 2015 6:21:31 PM org.ccnx.ccn.impl.sync.SliceComparator doComparison
O MAIS DETALHADO: name X is 0, pos X is 0, name Y is 0, pos Y is 11 comp is 0
Jan 15, 2015 6:21:31 PM org.ccnx.ccn.impl.sync.SliceComparator doComparison
O MAIS DETALHADO: name X (expanded) is /ccnx.org/test/SyncTestRepo-15-01-15-18.20.23/ccnSyncTest/slice10/randomFile/=FD054B82F53F79/=00/=3CBEB0282FE72CD7F7CF0696455493A1CE4F4E488F469319834E10584FC5C583, name Y (expanded) is /ccnx.org/test/SyncTestRepo-15-01-15-18.20.23/ccnSyncTest/slice10/randomFile/=FD054B82F53F79/=00/=3CBEB0282FE72CD7F7CF0696455493A1CE4F4E488F469319834E10584FC5C583
Jan 15, 2015 6:21:31 PM org.ccnx.ccn.impl.sync.SliceComparator doComparison
O MAIS DETALHADO: Compare LEAF U=B65BF82BB7BDFA3AE7733582BED945B0D8A7F07ED225475984B19637201B2F to LEAF =069F5F4B4DAE9F49C93FA43DC8F009414EF2EECC187C820B96B7233080FFF28658
Jan 15, 2015 6:21:31 PM org.ccnx.ccn.impl.sync.SliceComparator doComparison
O MAIS DETALHADO: name X is 0, pos X is 1, name Y is 0, pos Y is 12 comp is 0
Jan 15, 2015 6:21:31 PM org.ccnx.ccn.impl.sync.SliceComparator doComparison
O MAIS DETALHADO: name X (expanded) is /ccnx.org/test/SyncTestRepo-15-01-15-18.20.23/ccnSyncTest/slice10/randomFile/=FD054B82F53F79/%C1.META.M/.header/=FD054B82F53FB2/=00/=18F7ABCFFBD0912243186C9F3D6A45A3E28959A7EF8B922DD636A13DE75A55AC, name Y (expanded) is /ccnx.org/test/SyncTestRepo-15-01-15-18.20.23/ccnSyncTest/slice10/randomFile/=FD054B82F53F79/%C1.META.M/.header/=FD054B82F53FB2/=00/=18F7ABCFFBD0912243186C9F3D6A45A3E28959A7EF8B922DD636A13DE75A55AC
Jan 15, 2015 6:21:31 PM org.ccnx.ccn.impl.sync.SliceComparator updateCurrent
O MAIS DETALHADO: Starting update from hash =062F09A4AB8959315D9FF7EF104F8D2193598F493E4BC5A872706253A91AD0DB61
Jan 15, 2015 6:21:31 PM org.ccnx.ccn.impl.sync.SliceComparator updateCurrent
O MAIS DETALHADO: Update compare - moving to: =05D95348B35DA1736365107BDACCCE484DA8B6A14DCCF3832B16DDA212E3B0C032
Jan 15, 2015 6:21:31 PM org.ccnx.ccn.impl.sync.SliceComparator updateCurrent
O MAIS DETALHADO: Shortcut in update - popping back to =062F09A4AB8959315D9FF7EF104F8D2193598F493E4BC5A872706253A91AD0DB61, pos 1
Jan 15, 2015 6:21:31 PM org.ccnx.ccn.impl.sync.SliceComparator updateCurrent
O MAIS DETALHADO: Update compare - moving to: U=B65BF82BB7BDFA3AE7733582BED945B0D8A7F07ED225475984B19637201B2F
Jan 15, 2015 6:21:31 PM org.ccnx.ccn.impl.sync.SliceComparator updateCurrent
O MAIS DETALHADO: Update compare: name from tree (expanded) is /ccnx.org/test/SyncTestRepo-15-01-15-18.20.23/ccnSyncTest/slice10/randomFile/=FD054B82F53F79/=00/=3CBEB0282FE72CD7F7CF0696455493A1CE4F4E488F469319834E10584FC5C583, name  is /ccnx.org/test/SyncTestRepo-15-01-15-18.20.23/ccnSyncTest/slice10/round16/randomFile/=FD054B82F5B673/=00/pU=A6A22546186B9FAC4EB8A07C1FBB995F82DA30BC632446C0DCD7E521AAF7, comp is 1
Jan 15, 2015 6:21:31 PM org.ccnx.ccn.impl.sync.SliceComparator updateCurrent
O MAIS DETALHADO: Update: starting redo of names because of /ccnx.org/test/SyncTestRepo-15-01-15-18.20.23/ccnSyncTest/slice10/round16/randomFile/=FD054B82F5B673/=00/pU=A6A22546186B9FAC4EB8A07C1FBB995F82DA30BC632446C0DCD7E521AAF7 at /ccnx.org/test/SyncTestRepo-15-01-15-18.20.23/ccnSyncTest/slice10/randomFile/=FD054B82F53F79/=00/=3CBEB0282FE72CD7F7CF0696455493A1CE4F4E488F469319834E10584FC5C583
Jan 15, 2015 6:21:31 PM org.ccnx.ccn.io.content.SyncNodeComposite decodeLogging
O MAIS DETALHADO: decode node for =C60C029A50FDD665DA93C1EE233AF9014A382ACAAF8E886BA0458E6E1C41C626 depth = 1 refs = 3
Jan 15, 2015 6:21:31 PM org.ccnx.ccn.io.content.SyncNodeComposite decodeLogging
O MAIS DETALHADO: min is 0, max is 0, expanded min is /ccnx.org/test/SyncTestRepo-15-01-15-18.20.23/ccnSyncTest/slice10/round16/randomFile/=FD054B82F5B673/=00/pU=A6A22546186B9FAC4EB8A07C1FBB995F82DA30BC632446C0DCD7E521AAF7, expanded max is /ccnx.org/test/SyncTestRepo-15-01-15-18.20.23/ccnSyncTest/slice10/randomFile/=FD054B82F53F79/%C1.META.M/.header/=FD054B82F53FB2/=00/=18F7ABCFFBD0912243186C9F3D6A45A3E28959A7EF8B922DD636A13DE75A55AC
Jan 15, 2015 6:21:31 PM org.ccnx.ccn.impl.sync.SyncTreeEntry <init>
O MAIS DETALHADO: Found existing node: =069F5F4B4DAE9F49C93FA43DC8F009414EF2EECC187C820B96B7233080FFF28658
Jan 15, 2015 6:21:31 PM org.ccnx.ccn.io.content.SyncNodeComposite decodeLogging
O MAIS DETALHADO: decode node for =069F5F4B4DAE9F49C93FA43DC8F009414EF2EECC187C820B96B7233080FFF28658 depth = 2 refs = 2
Jan 15, 2015 6:21:31 PM org.ccnx.ccn.io.content.SyncNodeComposite decodeLogging
O MAIS DETALHADO: min is 0, max is 0, expanded min is /ccnx.org/test/SyncTestRepo-15-01-15-18.20.23/ccnSyncTest/slice10/round11/randomFile/=FD054B82F588B4/=00/=862C3C8C527D6B204E7FCD4EAF121546BFBA9E26B978EC9010B0DB73EDD734F0, expanded max is /ccnx.org/test/SyncTestRepo-15-01-15-18.20.23/ccnSyncTest/slice10/randomFile/=FD054B82F53F79/%C1.META.M/.header/=FD054B82F53FB2/=00/=18F7ABCFFBD0912243186C9F3D6A45A3E28959A7EF8B922DD636A13DE75A55AC
Jan 15, 2015 6:21:31 PM org.ccnx.ccn.impl.sync.NodeBuilder createHeadRecursive
O MAIS DETALHADO: Creating new compound node - with first element =05D95348B35DA1736365107BDACCCE484DA8B6A14DCCF3832B16DDA212E3B0C032 and last element =C60C029A50FDD665DA93C1EE233AF9014A382ACAAF8E886BA0458E6E1C41C626
Jan 15, 2015 6:21:31 PM org.ccnx.ccn.impl.sync.SliceComparator updateCurrent
INFORMAÇÕES: Resetting current to created head: =069F5F4B4DAE9F49C93FA43DC8F009414EF2EECC187C820B96B7233080FFF28658
Jan 15, 2015 6:21:31 PM org.ccnx.ccn.impl.sync.ProtocolBasedSyncMonitor handleContent
INFORMAÇÕES: Saw new content from sync: /ccnx.org/test/SyncTestRepo-15-01-15-18.20.23/topoPrefix/%C1.S.ra/x%E7U.=86853EF050D99AC7B6E19C29B7AECFA1B2568CAD74E733BCB2443F63/=069F5F4B4DAE9F49C93FA43DC8F009414EF2EECC187C820B96B7233080FFF28658/=06B72214B4F0FF47802F3091EC20E387C45584092AEB5CEC12282E688C4D0D4DAA
Jan 15, 2015 6:21:31 PM org.ccnx.ccn.impl.sync.SliceComparator run
DETALHADO: Starting comparator run - state is INIT, sc is org.ccnx.ccn.impl.sync.SliceComparator@ca0898b, this is the lead
Jan 15, 2015 6:21:31 PM org.ccnx.ccn.impl.encoding.BinaryXMLDecoder setElement
INFORMAÇÕES: Reset decode array sizes to 150
Jan 15, 2015 6:21:31 PM org.ccnx.ccn.impl.encoding.BinaryXMLDecoder setElement
INFORMAÇÕES: Reset decode array sizes to 225
Jan 15, 2015 6:21:31 PM org.ccnx.ccn.impl.encoding.BinaryXMLDecoder setElement
INFORMAÇÕES: Reset decode array sizes to 337
Jan 15, 2015 6:21:31 PM org.ccnx.ccn.impl.encoding.BinaryXMLDecoder setElement
INFORMAÇÕES: Reset decode array sizes to 505
Jan 15, 2015 6:21:31 PM org.ccnx.ccn.impl.encoding.BinaryXMLDecoder setElement
INFORMAÇÕES: Reset decode array sizes to 757
Jan 15, 2015 6:21:31 PM org.ccnx.ccn.io.content.SyncNodeComposite decodeLogging
O MAIS DETALHADO: decode node for =06B72214B4F0FF47802F3091EC20E387C45584092AEB5CEC12282E688C4D0D4DAA depth = 1 refs = 14
Jan 15, 2015 6:21:31 PM org.ccnx.ccn.io.content.SyncNodeComposite decodeLogging
O MAIS DETALHADO: min is 0, max is 0, expanded min is /ccnx.org/test/SyncTestRepo-15-01-15-18.20.23/ccnSyncTest/slice10/round11/randomFile/=FD054B82F588B4/=00/=862C3C8C527D6B204E7FCD4EAF121546BFBA9E26B978EC9010B0DB73EDD734F0, expanded max is /ccnx.org/test/SyncTestRepo-15-01-15-18.20.23/ccnSyncTest/slice10/randomFile/=FD054B82F53F79/%C1.META.M/.header/=FD054B82F53FB2/=00/=18F7ABCFFBD0912243186C9F3D6A45A3E28959A7EF8B922DD636A13DE75A55AC
Jan 15, 2015 6:21:31 PM org.ccnx.ccn.impl.sync.SliceComparator run
INFORMAÇÕES: Starting new round with X = =069F5F4B4DAE9F49C93FA43DC8F009414EF2EECC187C820B96B7233080FFF28658 and Y = =06B72214B4F0FF47802F3091EC20E387C45584092AEB5CEC12282E688C4D0D4DAA
Jan 15, 2015 6:21:31 PM org.ccnx.ccn.impl.sync.SliceComparator doComparison
O MAIS DETALHADO: Compare NODE =069F5F4B4DAE9F49C93FA43DC8F009414EF2EECC187C820B96B7233080FFF28658 to LEAF =06B72214B4F0FF47802F3091EC20E387C45584092AEB5CEC12282E688C4D0D4DAA, resMin is 0, resMax is -1
Jan 15, 2015 6:21:31 PM org.ccnx.ccn.impl.sync.SliceComparator doComparison
O MAIS DETALHADO: minname is 0, maxname is 0, pos X is 0, pos Y is 0
Jan 15, 2015 6:21:31 PM org.ccnx.ccn.impl.sync.SliceComparator doComparison
O MAIS DETALHADO: Compare NODE =069F5F4B4DAE9F49C93FA43DC8F009414EF2EECC187C820B96B7233080FFF28658 to LEAF =06B72214B4F0FF47802F3091EC20E387C45584092AEB5CEC12282E688C4D0D4DAA, resMin is 1, resMax is -1
Jan 15, 2015 6:21:31 PM org.ccnx.ccn.impl.sync.SliceComparator doComparison
O MAIS DETALHADO: minname is 0, maxname is 0, pos X is 0, pos Y is 1
Jan 15, 2015 6:21:31 PM org.ccnx.ccn.impl.sync.SliceComparator doComparison
O MAIS DETALHADO: Compare LEAF =05D95348B35DA1736365107BDACCCE484DA8B6A14DCCF3832B16DDA212E3B0C032 to LEAF =06B72214B4F0FF47802F3091EC20E387C45584092AEB5CEC12282E688C4D0D4DAA
Jan 15, 2015 6:21:31 PM org.ccnx.ccn.impl.sync.SliceComparator doComparison
O MAIS DETALHADO: name X is 0, pos X is 0, name Y is 0, pos Y is 1 comp is -1
Jan 15, 2015 6:21:31 PM org.ccnx.ccn.impl.sync.SliceComparator doComparison
O MAIS DETALHADO: name X (expanded) is /ccnx.org/test/SyncTestRepo-15-01-15-18.20.23/ccnSyncTest/slice10/round11/randomFile/=FD054B82F588B4/=00/=862C3C8C527D6B204E7FCD4EAF121546BFBA9E26B978EC9010B0DB73EDD734F0, name Y (expanded) is /ccnx.org/test/SyncTestRepo-15-01-15-18.20.23/ccnSyncTest/slice10/round11/randomFile/=FD054B82F588B4/%C1.META.M/.header/=FD054B82F588F2/=00/=DBC2A06AF145799671C57E6C55FB2D868F36DD55A23916A8CDB6B7981131FFE6
Jan 15, 2015 6:21:31 PM org.ccnx.ccn.impl.sync.SliceComparator doComparison
O MAIS DETALHADO: Compare LEAF =05D95348B35DA1736365107BDACCCE484DA8B6A14DCCF3832B16DDA212E3B0C032 to LEAF =06B72214B4F0FF47802F3091EC20E387C45584092AEB5CEC12282E688C4D0D4DAA
Jan 15, 2015 6:21:31 PM org.ccnx.ccn.impl.sync.SliceComparator doComparison
O MAIS DETALHADO: name X is 0, pos X is 1, name Y is 0, pos Y is 1 comp is 0
Jan 15, 2015 6:21:31 PM org.ccnx.ccn.impl.sync.SliceComparator doComparison
O MAIS DETALHADO: name X (expanded) is /ccnx.org/test/SyncTestRepo-15-01-15-18.20.23/ccnSyncTest/slice10/round11/randomFile/=FD054B82F588B4/%C1.META.M/.header/=FD054B82F588F2/=00/=DBC2A06AF145799671C57E6C55FB2D868F36DD55A23916A8CDB6B7981131FFE6, name Y (expanded) is /ccnx.org/test/SyncTestRepo-15-01-15-18.20.23/ccnSyncTest/slice10/round11/randomFile/=FD054B82F588B4/%C1.META.M/.header/=FD054B82F588F2/=00/=DBC2A06AF145799671C57E6C55FB2D868F36DD55A23916A8CDB6B7981131FFE6
Jan 15, 2015 6:21:31 PM org.ccnx.ccn.impl.sync.SliceComparator doComparison
O MAIS DETALHADO: Compare LEAF =05D95348B35DA1736365107BDACCCE484DA8B6A14DCCF3832B16DDA212E3B0C032 to LEAF =06B72214B4F0FF47802F3091EC20E387C45584092AEB5CEC12282E688C4D0D4DAA
Jan 15, 2015 6:21:31 PM org.ccnx.ccn.impl.sync.SliceComparator doComparison
O MAIS DETALHADO: name X is 0, pos X is 2, name Y is 0, pos Y is 2 comp is 0
Jan 15, 2015 6:21:31 PM org.ccnx.ccn.impl.sync.SliceComparator doComparison
O MAIS DETALHADO: name X (expanded) is /ccnx.org/test/SyncTestRepo-15-01-15-18.20.23/ccnSyncTest/slice10/round12/randomFile/=FD054B82F591DF/=00/p=DE2BB2F625C0B42DC3D4800957F955C01267E921712139BC9BB1702DCF20EE, name Y (expanded) is /ccnx.org/test/SyncTestRepo-15-01-15-18.20.23/ccnSyncTest/slice10/round12/randomFile/=FD054B82F591DF/=00/p=DE2BB2F625C0B42DC3D4800957F955C01267E921712139BC9BB1702DCF20EE
Jan 15, 2015 6:21:31 PM org.ccnx.ccn.impl.sync.SliceComparator doComparison
O MAIS DETALHADO: Compare LEAF =05D95348B35DA1736365107BDACCCE484DA8B6A14DCCF3832B16DDA212E3B0C032 to LEAF =06B72214B4F0FF47802F3091EC20E387C45584092AEB5CEC12282E688C4D0D4DAA
Jan 15, 2015 6:21:31 PM org.ccnx.ccn.impl.sync.SliceComparator doComparison
O MAIS DETALHADO: name X is 0, pos X is 3, name Y is 0, pos Y is 3 comp is 0
Jan 15, 2015 6:21:31 PM org.ccnx.ccn.impl.sync.SliceComparator doComparison
O MAIS DETALHADO: name X (expanded) is /ccnx.org/test/SyncTestRepo-15-01-15-18.20.23/ccnSyncTest/slice10/round12/randomFile/=FD054B82F591DF/%C1.META.M/.header/=FD054B82F5921D/=00/=C79CD215B03DFAB5F06882BC5BA5F1D95D25D28042EABE41AFB332AE2DC26850, name Y (expanded) is /ccnx.org/test/SyncTestRepo-15-01-15-18.20.23/ccnSyncTest/slice10/round12/randomFile/=FD054B82F591DF/%C1.META.M/.header/=FD054B82F5921D/=00/=C79CD215B03DFAB5F06882BC5BA5F1D95D25D28042EABE41AFB332AE2DC26850
Jan 15, 2015 6:21:31 PM org.ccnx.ccn.impl.sync.SliceComparator doComparison
O MAIS DETALHADO: Compare LEAF =05D95348B35DA1736365107BDACCCE484DA8B6A14DCCF3832B16DDA212E3B0C032 to LEAF =06B72214B4F0FF47802F3091EC20E387C45584092AEB5CEC12282E688C4D0D4DAA
Jan 15, 2015 6:21:31 PM org.ccnx.ccn.impl.sync.SliceComparator doComparison
O MAIS DETALHADO: name X is 0, pos X is 4, name Y is 0, pos Y is 4 comp is 0
Jan 15, 2015 6:21:31 PM org.ccnx.ccn.impl.sync.SliceComparator doComparison
O MAIS DETALHADO: name X (expanded) is /ccnx.org/test/SyncTestRepo-15-01-15-18.20.23/ccnSyncTest/slice10/round13/randomFile/=FD054B82F59B1B/=00/=0A14D94BE374A45E49DA2BC4C06FA4AA8D141E487AECE98ECC199C7D9D5FF867, name Y (expanded) is /ccnx.org/test/SyncTestRepo-15-01-15-18.20.23/ccnSyncTest/slice10/round13/randomFile/=FD054B82F59B1B/=00/=0A14D94BE374A45E49DA2BC4C06FA4AA8D141E487AECE98ECC199C7D9D5FF867
Jan 15, 2015 6:21:31 PM org.ccnx.ccn.impl.sync.SliceComparator doComparison
O MAIS DETALHADO: Compare LEAF =05D95348B35DA1736365107BDACCCE484DA8B6A14DCCF3832B16DDA212E3B0C032 to LEAF =06B72214B4F0FF47802F3091EC20E387C45584092AEB5CEC12282E688C4D0D4DAA
Jan 15, 2015 6:21:31 PM org.ccnx.ccn.impl.sync.SliceComparator doComparison
O MAIS DETALHADO: name X is 0, pos X is 5, name Y is 0, pos Y is 5 comp is 0
Jan 15, 2015 6:21:31 PM org.ccnx.ccn.impl.sync.SliceComparator doComparison
O MAIS DETALHADO: name X (expanded) is /ccnx.org/test/SyncTestRepo-15-01-15-18.20.23/ccnSyncTest/slice10/round13/randomFile/=FD054B82F59B1B/%C1.META.M/.header/=FD054B82F59B54/=00/=B91C24A48FCF76FD606608E989525543C87D21B9DC4DD2E70BC94A5274642962, name Y (expanded) is /ccnx.org/test/SyncTestRepo-15-01-15-18.20.23/ccnSyncTest/slice10/round13/randomFile/=FD054B82F59B1B/%C1.META.M/.header/=FD054B82F59B54/=00/=B91C24A48FCF76FD606608E989525543C87D21B9DC4DD2E70BC94A5274642962
Jan 15, 2015 6:21:31 PM org.ccnx.ccn.impl.sync.SliceComparator doComparison
O MAIS DETALHADO: Compare LEAF =05D95348B35DA1736365107BDACCCE484DA8B6A14DCCF3832B16DDA212E3B0C032 to LEAF =06B72214B4F0FF47802F3091EC20E387C45584092AEB5CEC12282E688C4D0D4DAA
Jan 15, 2015 6:21:31 PM org.ccnx.ccn.impl.sync.SliceComparator doComparison
O MAIS DETALHADO: name X is 0, pos X is 6, name Y is 0, pos Y is 6 comp is 0
Jan 15, 2015 6:21:31 PM org.ccnx.ccn.impl.sync.SliceComparator doComparison
O MAIS DETALHADO: name X (expanded) is /ccnx.org/test/SyncTestRepo-15-01-15-18.20.23/ccnSyncTest/slice10/round14/randomFile/=FD054B82F5A43D/=00/I%E4R=9CC526867C0C399103DB98ED9A10FE2536FB15A7B685B5137937133A96, name Y (expanded) is /ccnx.org/test/SyncTestRepo-15-01-15-18.20.23/ccnSyncTest/slice10/round14/randomFile/=FD054B82F5A43D/=00/I%E4R=9CC526867C0C399103DB98ED9A10FE2536FB15A7B685B5137937133A96
Jan 15, 2015 6:21:31 PM org.ccnx.ccn.impl.sync.SliceComparator doComparison
O MAIS DETALHADO: Compare LEAF =05D95348B35DA1736365107BDACCCE484DA8B6A14DCCF3832B16DDA212E3B0C032 to LEAF =06B72214B4F0FF47802F3091EC20E387C45584092AEB5CEC12282E688C4D0D4DAA
Jan 15, 2015 6:21:31 PM org.ccnx.ccn.impl.sync.SliceComparator doComparison
O MAIS DETALHADO: name X is 0, pos X is 7, name Y is 0, pos Y is 7 comp is 0
Jan 15, 2015 6:21:31 PM org.ccnx.ccn.impl.sync.SliceComparator doComparison
O MAIS DETALHADO: name X (expanded) is /ccnx.org/test/SyncTestRepo-15-01-15-18.20.23/ccnSyncTest/slice10/round14/randomFile/=FD054B82F5A43D/%C1.META.M/.header/=FD054B82F5A47B/=00/=D2E7E647541AC0700DA1BC6E7AB86FB246A298B28F1DA583066C493ADC1F9585, name Y (expanded) is /ccnx.org/test/SyncTestRepo-15-01-15-18.20.23/ccnSyncTest/slice10/round14/randomFile/=FD054B82F5A43D/%C1.META.M/.header/=FD054B82F5A47B/=00/=D2E7E647541AC0700DA1BC6E7AB86FB246A298B28F1DA583066C493ADC1F9585
Jan 15, 2015 6:21:31 PM org.ccnx.ccn.impl.sync.SliceComparator doComparison
O MAIS DETALHADO: Compare LEAF =05D95348B35DA1736365107BDACCCE484DA8B6A14DCCF3832B16DDA212E3B0C032 to LEAF =06B72214B4F0FF47802F3091EC20E387C45584092AEB5CEC12282E688C4D0D4DAA
Jan 15, 2015 6:21:31 PM org.ccnx.ccn.impl.sync.SliceComparator doComparison
O MAIS DETALHADO: name X is 0, pos X is 8, name Y is 0, pos Y is 8 comp is 0
Jan 15, 2015 6:21:31 PM org.ccnx.ccn.impl.sync.SliceComparator doComparison
O MAIS DETALHADO: name X (expanded) is /ccnx.org/test/SyncTestRepo-15-01-15-18.20.23/ccnSyncTest/slice10/round15/randomFile/=FD054B82F5AD71/=00/c%C2G=2AB3ADCC7888BA202C1647CD19F89481ADC8136697669E316D86E62FBD, name Y (expanded) is /ccnx.org/test/SyncTestRepo-15-01-15-18.20.23/ccnSyncTest/slice10/round15/randomFile/=FD054B82F5AD71/=00/c%C2G=2AB3ADCC7888BA202C1647CD19F89481ADC8136697669E316D86E62FBD
Jan 15, 2015 6:21:31 PM org.ccnx.ccn.impl.sync.SliceComparator doComparison
O MAIS DETALHADO: Compare LEAF =05D95348B35DA1736365107BDACCCE484DA8B6A14DCCF3832B16DDA212E3B0C032 to LEAF =06B72214B4F0FF47802F3091EC20E387C45584092AEB5CEC12282E688C4D0D4DAA
Jan 15, 2015 6:21:31 PM org.ccnx.ccn.impl.sync.SliceComparator doComparison
O MAIS DETALHADO: name X is 0, pos X is 9, name Y is 0, pos Y is 9 comp is 0
Jan 15, 2015 6:21:31 PM org.ccnx.ccn.impl.sync.SliceComparator doComparison
O MAIS DETALHADO: name X (expanded) is /ccnx.org/test/SyncTestRepo-15-01-15-18.20.23/ccnSyncTest/slice10/round15/randomFile/=FD054B82F5AD71/%C1.META.M/.header/=FD054B82F5ADFC/=00/=FB29EFF43347A48239C93696AC67F5FC96C66BCE636430300184B5F6DD38E07D, name Y (expanded) is /ccnx.org/test/SyncTestRepo-15-01-15-18.20.23/ccnSyncTest/slice10/round15/randomFile/=FD054B82F5AD71/%C1.META.M/.header/=FD054B82F5ADFC/=00/=FB29EFF43347A48239C93696AC67F5FC96C66BCE636430300184B5F6DD38E07D
Jan 15, 2015 6:21:31 PM org.ccnx.ccn.impl.sync.SliceComparator doComparison
O MAIS DETALHADO: Compare NODE =069F5F4B4DAE9F49C93FA43DC8F009414EF2EECC187C820B96B7233080FFF28658 to LEAF =06B72214B4F0FF47802F3091EC20E387C45584092AEB5CEC12282E688C4D0D4DAA, resMin is 1, resMax is -1
Jan 15, 2015 6:21:31 PM org.ccnx.ccn.impl.sync.SliceComparator doComparison
O MAIS DETALHADO: minname is 0, maxname is 0, pos X is 1, pos Y is 10
Jan 15, 2015 6:21:31 PM org.ccnx.ccn.impl.sync.SliceComparator doComparison
O MAIS DETALHADO: Compare LEAF =C60C029A50FDD665DA93C1EE233AF9014A382ACAAF8E886BA0458E6E1C41C626 to LEAF =06B72214B4F0FF47802F3091EC20E387C45584092AEB5CEC12282E688C4D0D4DAA
Jan 15, 2015 6:21:31 PM org.ccnx.ccn.impl.sync.SliceComparator doComparison
O MAIS DETALHADO: name X is 0, pos X is 0, name Y is 0, pos Y is 10 comp is 0
Jan 15, 2015 6:21:31 PM org.ccnx.ccn.impl.sync.SliceComparator doComparison
O MAIS DETALHADO: name X (expanded) is /ccnx.org/test/SyncTestRepo-15-01-15-18.20.23/ccnSyncTest/slice10/round16/randomFile/=FD054B82F5B673/=00/pU=A6A22546186B9FAC4EB8A07C1FBB995F82DA30BC632446C0DCD7E521AAF7, name Y (expanded) is /ccnx.org/test/SyncTestRepo-15-01-15-18.20.23/ccnSyncTest/slice10/round16/randomFile/=FD054B82F5B673/=00/pU=A6A22546186B9FAC4EB8A07C1FBB995F82DA30BC632446C0DCD7E521AAF7
Jan 15, 2015 6:21:31 PM org.ccnx.ccn.impl.sync.SliceComparator doComparison
O MAIS DETALHADO: Compare LEAF =C60C029A50FDD665DA93C1EE233AF9014A382ACAAF8E886BA0458E6E1C41C626 to LEAF =06B72214B4F0FF47802F3091EC20E387C45584092AEB5CEC12282E688C4D0D4DAA
Jan 15, 2015 6:21:31 PM org.ccnx.ccn.impl.sync.SliceComparator doComparison
O MAIS DETALHADO: name X is 0, pos X is 1, name Y is 0, pos Y is 11 comp is 1
Jan 15, 2015 6:21:31 PM org.ccnx.ccn.impl.sync.SliceComparator doComparison
O MAIS DETALHADO: name X (expanded) is /ccnx.org/test/SyncTestRepo-15-01-15-18.20.23/ccnSyncTest/slice10/randomFile/=FD054B82F53F79/=00/=3CBEB0282FE72CD7F7CF0696455493A1CE4F4E488F469319834E10584FC5C583, name Y (expanded) is /ccnx.org/test/SyncTestRepo-15-01-15-18.20.23/ccnSyncTest/slice10/round16/randomFile/=FD054B82F5B673/%C1.META.M/.header/=FD054B82F5B6B0/=00/=17C2C967425FFDB6EF8C542330DA467562953D126EDAE07B710B380B4D1AC752
Jan 15, 2015 6:21:31 PM org.ccnx.ccn.profiles.sync.SyncTestRepo doHandleContentName
INFORMAÇÕES: Number 1: Callback for name: /ccnx.org/test/SyncTestRepo-15-01-15-18.20.23/ccnSyncTest/slice10/round16/randomFile/=FD054B82F5B673/%C1.META.M/.header/=FD054B82F5B6B0/=00 - number is header
Jan 15, 2015 6:21:31 PM org.ccnx.ccn.impl.sync.SliceComparator doComparison
O MAIS DETALHADO: Compare LEAF =C60C029A50FDD665DA93C1EE233AF9014A382ACAAF8E886BA0458E6E1C41C626 to LEAF =06B72214B4F0FF47802F3091EC20E387C45584092AEB5CEC12282E688C4D0D4DAA
Jan 15, 2015 6:21:31 PM org.ccnx.ccn.impl.sync.SliceComparator doComparison
O MAIS DETALHADO: name X is 0, pos X is 1, name Y is 0, pos Y is 12 comp is 0
Jan 15, 2015 6:21:31 PM org.ccnx.ccn.impl.sync.SliceComparator doComparison
O MAIS DETALHADO: name X (expanded) is /ccnx.org/test/SyncTestRepo-15-01-15-18.20.23/ccnSyncTest/slice10/randomFile/=FD054B82F53F79/=00/=3CBEB0282FE72CD7F7CF0696455493A1CE4F4E488F469319834E10584FC5C583, name Y (expanded) is /ccnx.org/test/SyncTestRepo-15-01-15-18.20.23/ccnSyncTest/slice10/randomFile/=FD054B82F53F79/=00/=3CBEB0282FE72CD7F7CF0696455493A1CE4F4E488F469319834E10584FC5C583
Jan 15, 2015 6:21:31 PM org.ccnx.ccn.impl.sync.SliceComparator doComparison
O MAIS DETALHADO: Compare LEAF =C60C029A50FDD665DA93C1EE233AF9014A382ACAAF8E886BA0458E6E1C41C626 to LEAF =06B72214B4F0FF47802F3091EC20E387C45584092AEB5CEC12282E688C4D0D4DAA
Jan 15, 2015 6:21:31 PM org.ccnx.ccn.impl.sync.SliceComparator doComparison
O MAIS DETALHADO: name X is 0, pos X is 2, name Y is 0, pos Y is 13 comp is 0
Jan 15, 2015 6:21:31 PM org.ccnx.ccn.impl.sync.SliceComparator doComparison
O MAIS DETALHADO: name X (expanded) is /ccnx.org/test/SyncTestRepo-15-01-15-18.20.23/ccnSyncTest/slice10/randomFile/=FD054B82F53F79/%C1.META.M/.header/=FD054B82F53FB2/=00/=18F7ABCFFBD0912243186C9F3D6A45A3E28959A7EF8B922DD636A13DE75A55AC, name Y (expanded) is /ccnx.org/test/SyncTestRepo-15-01-15-18.20.23/ccnSyncTest/slice10/randomFile/=FD054B82F53F79/%C1.META.M/.header/=FD054B82F53FB2/=00/=18F7ABCFFBD0912243186C9F3D6A45A3E28959A7EF8B922DD636A13DE75A55AC
Jan 15, 2015 6:21:31 PM org.ccnx.ccn.impl.sync.SliceComparator updateCurrent
O MAIS DETALHADO: Starting update from hash =069F5F4B4DAE9F49C93FA43DC8F009414EF2EECC187C820B96B7233080FFF28658
Jan 15, 2015 6:21:31 PM org.ccnx.ccn.impl.sync.SliceComparator updateCurrent
O MAIS DETALHADO: Update compare - moving to: =05D95348B35DA1736365107BDACCCE484DA8B6A14DCCF3832B16DDA212E3B0C032
Jan 15, 2015 6:21:31 PM org.ccnx.ccn.impl.sync.SliceComparator updateCurrent
O MAIS DETALHADO: Shortcut in update - popping back to =069F5F4B4DAE9F49C93FA43DC8F009414EF2EECC187C820B96B7233080FFF28658, pos 1
Jan 15, 2015 6:21:31 PM org.ccnx.ccn.impl.sync.SliceComparator updateCurrent
O MAIS DETALHADO: Update compare - moving to: =C60C029A50FDD665DA93C1EE233AF9014A382ACAAF8E886BA0458E6E1C41C626
Jan 15, 2015 6:21:31 PM org.ccnx.ccn.impl.sync.SliceComparator updateCurrent
O MAIS DETALHADO: Update compare: name from tree (expanded) is /ccnx.org/test/SyncTestRepo-15-01-15-18.20.23/ccnSyncTest/slice10/round16/randomFile/=FD054B82F5B673/=00/pU=A6A22546186B9FAC4EB8A07C1FBB995F82DA30BC632446C0DCD7E521AAF7, name  is /ccnx.org/test/SyncTestRepo-15-01-15-18.20.23/ccnSyncTest/slice10/round16/randomFile/=FD054B82F5B673/%C1.META.M/.header/=FD054B82F5B6B0/=00/=17C2C967425FFDB6EF8C542330DA467562953D126EDAE07B710B380B4D1AC752, comp is -1
Jan 15, 2015 6:21:31 PM org.ccnx.ccn.impl.sync.SliceComparator updateCurrent
O MAIS DETALHADO: Update compare: name from tree (expanded) is /ccnx.org/test/SyncTestRepo-15-01-15-18.20.23/ccnSyncTest/slice10/randomFile/=FD054B82F53F79/=00/=3CBEB0282FE72CD7F7CF0696455493A1CE4F4E488F469319834E10584FC5C583, name  is /ccnx.org/test/SyncTestRepo-15-01-15-18.20.23/ccnSyncTest/slice10/round16/randomFile/=FD054B82F5B673/%C1.META.M/.header/=FD054B82F5B6B0/=00/=17C2C967425FFDB6EF8C542330DA467562953D126EDAE07B710B380B4D1AC752, comp is 1
Jan 15, 2015 6:21:31 PM org.ccnx.ccn.impl.sync.SliceComparator updateCurrent
O MAIS DETALHADO: Update: starting redo of names because of /ccnx.org/test/SyncTestRepo-15-01-15-18.20.23/ccnSyncTest/slice10/round16/randomFile/=FD054B82F5B673/%C1.META.M/.header/=FD054B82F5B6B0/=00/=17C2C967425FFDB6EF8C542330DA467562953D126EDAE07B710B380B4D1AC752 at /ccnx.org/test/SyncTestRepo-15-01-15-18.20.23/ccnSyncTest/slice10/round16/randomFile/=FD054B82F5B673/=00/pU=A6A22546186B9FAC4EB8A07C1FBB995F82DA30BC632446C0DCD7E521AAF7
Jan 15, 2015 6:21:31 PM org.ccnx.ccn.io.content.SyncNodeComposite decodeLogging
O MAIS DETALHADO: decode node for =DDCECC01935DD41CCA20161154153F76ACCD67DD1E6968E71150C679695C8D78 depth = 1 refs = 4
Jan 15, 2015 6:21:31 PM org.ccnx.ccn.io.content.SyncNodeComposite decodeLogging
O MAIS DETALHADO: min is 0, max is 0, expanded min is /ccnx.org/test/SyncTestRepo-15-01-15-18.20.23/ccnSyncTest/slice10/round16/randomFile/=FD054B82F5B673/=00/pU=A6A22546186B9FAC4EB8A07C1FBB995F82DA30BC632446C0DCD7E521AAF7, expanded max is /ccnx.org/test/SyncTestRepo-15-01-15-18.20.23/ccnSyncTest/slice10/randomFile/=FD054B82F53F79/%C1.META.M/.header/=FD054B82F53FB2/=00/=18F7ABCFFBD0912243186C9F3D6A45A3E28959A7EF8B922DD636A13DE75A55AC
Jan 15, 2015 6:21:31 PM org.ccnx.ccn.impl.sync.SyncTreeEntry <init>
O MAIS DETALHADO: Found existing node: =06B72214B4F0FF47802F3091EC20E387C45584092AEB5CEC12282E688C4D0D4DAA
Jan 15, 2015 6:21:31 PM org.ccnx.ccn.io.content.SyncNodeComposite decodeLogging
O MAIS DETALHADO: decode node for =06B72214B4F0FF47802F3091EC20E387C45584092AEB5CEC12282E688C4D0D4DAA depth = 2 refs = 2
Jan 15, 2015 6:21:31 PM org.ccnx.ccn.io.content.SyncNodeComposite decodeLogging
O MAIS DETALHADO: min is 0, max is 0, expanded min is /ccnx.org/test/SyncTestRepo-15-01-15-18.20.23/ccnSyncTest/slice10/round11/randomFile/=FD054B82F588B4/=00/=862C3C8C527D6B204E7FCD4EAF121546BFBA9E26B978EC9010B0DB73EDD734F0, expanded max is /ccnx.org/test/SyncTestRepo-15-01-15-18.20.23/ccnSyncTest/slice10/randomFile/=FD054B82F53F79/%C1.META.M/.header/=FD054B82F53FB2/=00/=18F7ABCFFBD0912243186C9F3D6A45A3E28959A7EF8B922DD636A13DE75A55AC
Jan 15, 2015 6:21:31 PM org.ccnx.ccn.impl.sync.NodeBuilder createHeadRecursive
O MAIS DETALHADO: Creating new compound node - with first element =05D95348B35DA1736365107BDACCCE484DA8B6A14DCCF3832B16DDA212E3B0C032 and last element =DDCECC01935DD41CCA20161154153F76ACCD67DD1E6968E71150C679695C8D78
Jan 15, 2015 6:21:31 PM org.ccnx.ccn.impl.sync.SliceComparator updateCurrent
INFORMAÇÕES: Resetting current to created head: =06B72214B4F0FF47802F3091EC20E387C45584092AEB5CEC12282E688C4D0D4DAA
Jan 15, 2015 6:21:31 PM org.ccnx.ccn.profiles.sync.SyncTestRepo checkCallbacks
DETALHADO: got segment 0
Jan 15, 2015 6:21:31 PM org.ccnx.ccn.profiles.sync.SyncTestRepo checkCallbacks
DETALHADO: received: [true, false] finished: [true, true]
Jan 15, 2015 6:21:31 PM org.ccnx.ccn.profiles.sync.SyncTestRepo checkCallbacks
DETALHADO: got the header
Jan 15, 2015 6:21:31 PM org.ccnx.ccn.profiles.sync.SyncTestRepo checkCallbacks
DETALHADO: received: [true, true] finished: [true, true]
Jan 15, 2015 6:21:31 PM org.ccnx.ccn.profiles.sync.SyncTestRepo checkCallbacks
DETALHADO: got all the segments!
Jan 15, 2015 6:21:31 PM org.ccnx.ccn.profiles.sync.SyncTestRepo checkCallbacks
DETALHADO: trying to loop again looking for segments
Jan 15, 2015 6:21:31 PM org.ccnx.ccn.profiles.sync.SyncTestRepo checkCallbacks
DETALHADO: done looping, returning.
Jan 15, 2015 6:21:31 PM org.ccnx.ccn.impl.CCNFlowControl <init>
INFORMAÇÕES: adding namespace: /ccnx.org/test/SyncTestRepo-15-01-15-18.20.23/ccnSyncTest/slice10/round17/randomFile
Jan 15, 2015 6:21:31 PM org.ccnx.ccn.impl.security.keys.BasicKeyManager getKeyLocator
INFORMAÇÕES: getKeyLocator: returning locator NAME: /ccnx.org/Users/root/Keys/%C1.M.K=009234ADEC47D19E3E6A2AF362D44E09AB6B71F43B1900BA0622FB45F2A5B7D9F6/=FD054AE7DE1000 KEY:-reba89rgbj1o6ata34t5eovcl4kho5s9pnv8nstq15q1ld4g9ga for key kjSt7EfRnj5qKvNi1E4Jq2tx9DsZALoGIvtF8qW32fY=
Jan 15, 2015 6:21:31 PM org.ccnx.ccn.io.CCNAbstractOutputStream <init>
INFORMAÇÕES: CCNAbstractOutputStream: /ccnx.org/test/SyncTestRepo-15-01-15-18.20.23/ccnSyncTest/slice10/round17/randomFile/=FD054B82F5BF96 blocksize is 4096
Jan 15, 2015 6:21:31 PM org.ccnx.ccn.io.CCNAbstractOutputStream startWrite
INFORMAÇÕES: CCNAbstractOutputStream: startWrite -- searching for keys.
Jan 15, 2015 6:21:31 PM org.ccnx.ccn.profiles.security.access.AccessControlManager keysForOutput
INFORMAÇÕES: keysForOutput: found an acm: (null)
Jan 15, 2015 6:21:31 PM org.ccnx.ccn.impl.repo.RepositoryFlowControl startWrite
INFORMAÇÕES: RepositoryFlowControl.startWrite called for name /ccnx.org/test/SyncTestRepo-15-01-15-18.20.23/ccnSyncTest/slice10/round17/randomFile/=FD054B82F5BF96, shape STREAM
Jan 15, 2015 6:21:31 PM org.ccnx.ccn.impl.repo.RepositoryFlowControl handleContent
INFORMAÇÕES: handleContent: got potential repo message: /ccnx.org/test/SyncTestRepo-15-01-15-18.20.23/ccnSyncTest/slice10/round17/randomFile/=FD054B82F5BF96/%C1.R.sw/%C1.N%00H=60855002B1CE22
Jan 15, 2015 6:21:31 PM org.ccnx.ccn.profiles.sync.SyncTestCommon writeFile
DETALHADO: bytes: 4096 block size: 4096 div: 1.0 ceil: 1
Jan 15, 2015 6:21:31 PM org.ccnx.ccn.profiles.sync.SyncTestCommon writeFile
DETALHADO: will write out a 4096 byte file, will have 2 segments (1 is a header)
Jan 15, 2015 6:21:31 PM org.ccnx.ccn.io.CCNOutputStream flushToNetwork
INFORMAÇÕES: flush: outputting to the segmenter, baseName /ccnx.org/test/SyncTestRepo-15-01-15-18.20.23/ccnSyncTest/slice10/round17/randomFile/=FD054B82F5BF96 basenameindex =00; 4096 bytes written, holding back 4096 flushing final blocks? false.
Jan 15, 2015 6:21:31 PM org.ccnx.ccn.io.CCNOutputStream flushToNetwork
INFORMAÇÕES: HEADER: CCNOutputStream: flushToNetwork: new _baseNameIndex 0
Jan 15, 2015 6:21:31 PM org.ccnx.ccn.io.CCNOutputStream flushToNetwork
INFORMAÇÕES: flush: outputting to the segmenter, baseName /ccnx.org/test/SyncTestRepo-15-01-15-18.20.23/ccnSyncTest/slice10/round17/randomFile/=FD054B82F5BF96 basenameindex =00; 4096 bytes written, holding back 4096 flushing final blocks? false.
Jan 15, 2015 6:21:31 PM org.ccnx.ccn.io.CCNOutputStream flushToNetwork
INFORMAÇÕES: HEADER: CCNOutputStream: flushToNetwork: new _baseNameIndex 0
Jan 15, 2015 6:21:31 PM org.ccnx.ccn.io.CCNOutputStream flushToNetwork
INFORMAÇÕES: flush: outputting to the segmenter, baseName /ccnx.org/test/SyncTestRepo-15-01-15-18.20.23/ccnSyncTest/slice10/round17/randomFile/=FD054B82F5BF96 basenameindex =00; 4096 bytes written, holding back 0 flushing final blocks? true.
Jan 15, 2015 6:21:31 PM org.ccnx.ccn.io.CCNOutputStream flushToNetwork
INFORMAÇÕES: HEADER: CCNOutputStream: flushToNetwork: new _baseNameIndex 1
Jan 15, 2015 6:21:31 PM org.ccnx.ccn.io.CCNAbstractOutputStream <init>
INFORMAÇÕES: CCNAbstractOutputStream: /ccnx.org/test/SyncTestRepo-15-01-15-18.20.23/ccnSyncTest/slice10/round17/randomFile/=FD054B82F5BF96/%C1.META.M/.header/=FD054B82F5BFCF blocksize is 4096
Jan 15, 2015 6:21:31 PM org.ccnx.ccn.io.CCNAbstractOutputStream startWrite
INFORMAÇÕES: CCNAbstractOutputStream: startWrite -- searching for keys.
Jan 15, 2015 6:21:31 PM org.ccnx.ccn.profiles.security.access.AccessControlManager keysForOutput
INFORMAÇÕES: keysForOutput: found an acm: (null)
Jan 15, 2015 6:21:31 PM org.ccnx.ccn.impl.repo.RepositoryFlowControl startWrite
INFORMAÇÕES: RepositoryFlowControl.startWrite called for name /ccnx.org/test/SyncTestRepo-15-01-15-18.20.23/ccnSyncTest/slice10/round17/randomFile/=FD054B82F5BF96/%C1.META.M/.header/=FD054B82F5BFCF, shape STREAM
Jan 15, 2015 6:21:31 PM org.ccnx.ccn.impl.repo.RepositoryFlowControl handleContent
INFORMAÇÕES: handleContent: got potential repo message: /ccnx.org/test/SyncTestRepo-15-01-15-18.20.23/ccnSyncTest/slice10/round17/randomFile/=FD054B82F5BF96/%C1.META.M/.header/=FD054B82F5BFCF/%C1.R.sw/%C1.N=0098BB21939DEE29C3
Jan 15, 2015 6:21:31 PM org.ccnx.ccn.io.CCNOutputStream flushToNetwork
INFORMAÇÕES: flush: outputting to the segmenter, baseName /ccnx.org/test/SyncTestRepo-15-01-15-18.20.23/ccnSyncTest/slice10/round17/randomFile/=FD054B82F5BF96/%C1.META.M/.header/=FD054B82F5BFCF basenameindex =00; 66 bytes written, holding back 66 flushing final blocks? false.
Jan 15, 2015 6:21:31 PM org.ccnx.ccn.io.CCNOutputStream flushToNetwork
INFORMAÇÕES: HEADER: CCNOutputStream: flushToNetwork: new _baseNameIndex 0
Jan 15, 2015 6:21:31 PM org.ccnx.ccn.io.CCNOutputStream flushToNetwork
INFORMAÇÕES: flush: outputting to the segmenter, baseName /ccnx.org/test/SyncTestRepo-15-01-15-18.20.23/ccnSyncTest/slice10/round17/randomFile/=FD054B82F5BF96/%C1.META.M/.header/=FD054B82F5BFCF basenameindex =00; 66 bytes written, holding back 66 flushing final blocks? false.
Jan 15, 2015 6:21:31 PM org.ccnx.ccn.io.CCNOutputStream flushToNetwork
INFORMAÇÕES: HEADER: CCNOutputStream: flushToNetwork: new _baseNameIndex 0
Jan 15, 2015 6:21:31 PM org.ccnx.ccn.io.CCNOutputStream flushToNetwork
INFORMAÇÕES: flush: outputting to the segmenter, baseName /ccnx.org/test/SyncTestRepo-15-01-15-18.20.23/ccnSyncTest/slice10/round17/randomFile/=FD054B82F5BF96/%C1.META.M/.header/=FD054B82F5BFCF basenameindex =00; 66 bytes written, holding back 0 flushing final blocks? true.
Jan 15, 2015 6:21:32 PM org.ccnx.ccn.io.CCNOutputStream flushToNetwork
INFORMAÇÕES: HEADER: CCNOutputStream: flushToNetwork: new _baseNameIndex 1
Jan 15, 2015 6:21:32 PM org.ccnx.ccn.io.CCNOutputStream close
INFORMAÇÕES: CCNOutputStream close: /ccnx.org/test/SyncTestRepo-15-01-15-18.20.23/ccnSyncTest/slice10/round17/randomFile/=FD054B82F5BF96/%C1.META.M/.header/=FD054B82F5BFCF
Jan 15, 2015 6:21:32 PM org.ccnx.ccn.io.CCNOutputStream close
INFORMAÇÕES: CCNOutputStream close: /ccnx.org/test/SyncTestRepo-15-01-15-18.20.23/ccnSyncTest/slice10/round17/randomFile/=FD054B82F5BF96
Jan 15, 2015 6:21:32 PM org.ccnx.ccn.profiles.sync.SyncTestCommon writeFile
INFORMAÇÕES: Wrote file to repository: /ccnx.org/test/SyncTestRepo-15-01-15-18.20.23/ccnSyncTest/slice10/round17/randomFile/=FD054B82F5BF96 with 2 segments
Jan 15, 2015 6:21:32 PM org.ccnx.ccn.profiles.sync.SyncTestRepo checkCallbacks
DETALHADO: checking for callbacks:  /ccnx.org/test/SyncTestRepo-15-01-15-18.20.23/ccnSyncTest/slice10/round17 segments: 2
Jan 15, 2015 6:21:32 PM org.ccnx.ccn.impl.sync.ProtocolBasedSyncMonitor handleContent
INFORMAÇÕES: Saw new content from sync: /ccnx.org/test/SyncTestRepo-15-01-15-18.20.23/topoPrefix/%C1.S.ra/x%E7U.=86853EF050D99AC7B6E19C29B7AECFA1B2568CAD74E733BCB2443F63/=06B72214B4F0FF47802F3091EC20E387C45584092AEB5CEC12282E688C4D0D4DAA/=087BBA14313AA31672CE9CB08F3B6359274F2E6A200A63280F082B1BF6A776BC11
Jan 15, 2015 6:21:32 PM org.ccnx.ccn.impl.sync.SliceComparator run
DETALHADO: Starting comparator run - state is INIT, sc is org.ccnx.ccn.impl.sync.SliceComparator@ca0898b, this is the lead
Jan 15, 2015 6:21:32 PM org.ccnx.ccn.impl.encoding.BinaryXMLDecoder setElement
INFORMAÇÕES: Reset decode array sizes to 150
Jan 15, 2015 6:21:32 PM org.ccnx.ccn.impl.encoding.BinaryXMLDecoder setElement
INFORMAÇÕES: Reset decode array sizes to 225
Jan 15, 2015 6:21:32 PM org.ccnx.ccn.impl.encoding.BinaryXMLDecoder setElement
INFORMAÇÕES: Reset decode array sizes to 337
Jan 15, 2015 6:21:32 PM org.ccnx.ccn.impl.encoding.BinaryXMLDecoder setElement
INFORMAÇÕES: Reset decode array sizes to 505
Jan 15, 2015 6:21:32 PM org.ccnx.ccn.impl.encoding.BinaryXMLDecoder setElement
INFORMAÇÕES: Reset decode array sizes to 757
Jan 15, 2015 6:21:32 PM org.ccnx.ccn.io.content.SyncNodeComposite decodeLogging
O MAIS DETALHADO: decode node for =087BBA14313AA31672CE9CB08F3B6359274F2E6A200A63280F082B1BF6A776BC11 depth = 1 refs = 16
Jan 15, 2015 6:21:32 PM org.ccnx.ccn.io.content.SyncNodeComposite decodeLogging
O MAIS DETALHADO: min is 0, max is 0, expanded min is /ccnx.org/test/SyncTestRepo-15-01-15-18.20.23/ccnSyncTest/slice10/round11/randomFile/=FD054B82F588B4/=00/=862C3C8C527D6B204E7FCD4EAF121546BFBA9E26B978EC9010B0DB73EDD734F0, expanded max is /ccnx.org/test/SyncTestRepo-15-01-15-18.20.23/ccnSyncTest/slice10/randomFile/=FD054B82F53F79/%C1.META.M/.header/=FD054B82F53FB2/=00/=18F7ABCFFBD0912243186C9F3D6A45A3E28959A7EF8B922DD636A13DE75A55AC
Jan 15, 2015 6:21:32 PM org.ccnx.ccn.impl.sync.SliceComparator run
INFORMAÇÕES: Starting new round with X = =06B72214B4F0FF47802F3091EC20E387C45584092AEB5CEC12282E688C4D0D4DAA and Y = =087BBA14313AA31672CE9CB08F3B6359274F2E6A200A63280F082B1BF6A776BC11
Jan 15, 2015 6:21:32 PM org.ccnx.ccn.impl.sync.SliceComparator doComparison
O MAIS DETALHADO: Compare NODE =06B72214B4F0FF47802F3091EC20E387C45584092AEB5CEC12282E688C4D0D4DAA to LEAF =087BBA14313AA31672CE9CB08F3B6359274F2E6A200A63280F082B1BF6A776BC11, resMin is 0, resMax is -1
Jan 15, 2015 6:21:32 PM org.ccnx.ccn.impl.sync.SliceComparator doComparison
O MAIS DETALHADO: minname is 0, maxname is 0, pos X is 0, pos Y is 0
Jan 15, 2015 6:21:32 PM org.ccnx.ccn.impl.sync.SliceComparator doComparison
O MAIS DETALHADO: Compare NODE =06B72214B4F0FF47802F3091EC20E387C45584092AEB5CEC12282E688C4D0D4DAA to LEAF =087BBA14313AA31672CE9CB08F3B6359274F2E6A200A63280F082B1BF6A776BC11, resMin is 1, resMax is -1
Jan 15, 2015 6:21:32 PM org.ccnx.ccn.impl.sync.SliceComparator doComparison
O MAIS DETALHADO: minname is 0, maxname is 0, pos X is 0, pos Y is 1
Jan 15, 2015 6:21:32 PM org.ccnx.ccn.impl.sync.SliceComparator doComparison
O MAIS DETALHADO: Compare LEAF =05D95348B35DA1736365107BDACCCE484DA8B6A14DCCF3832B16DDA212E3B0C032 to LEAF =087BBA14313AA31672CE9CB08F3B6359274F2E6A200A63280F082B1BF6A776BC11
Jan 15, 2015 6:21:32 PM org.ccnx.ccn.impl.sync.SliceComparator doComparison
O MAIS DETALHADO: name X is 0, pos X is 0, name Y is 0, pos Y is 1 comp is -1
Jan 15, 2015 6:21:32 PM org.ccnx.ccn.impl.sync.SliceComparator doComparison
O MAIS DETALHADO: name X (expanded) is /ccnx.org/test/SyncTestRepo-15-01-15-18.20.23/ccnSyncTest/slice10/round11/randomFile/=FD054B82F588B4/=00/=862C3C8C527D6B204E7FCD4EAF121546BFBA9E26B978EC9010B0DB73EDD734F0, name Y (expanded) is /ccnx.org/test/SyncTestRepo-15-01-15-18.20.23/ccnSyncTest/slice10/round11/randomFile/=FD054B82F588B4/%C1.META.M/.header/=FD054B82F588F2/=00/=DBC2A06AF145799671C57E6C55FB2D868F36DD55A23916A8CDB6B7981131FFE6
Jan 15, 2015 6:21:32 PM org.ccnx.ccn.impl.sync.SliceComparator doComparison
O MAIS DETALHADO: Compare LEAF =05D95348B35DA1736365107BDACCCE484DA8B6A14DCCF3832B16DDA212E3B0C032 to LEAF =087BBA14313AA31672CE9CB08F3B6359274F2E6A200A63280F082B1BF6A776BC11
Jan 15, 2015 6:21:32 PM org.ccnx.ccn.impl.sync.SliceComparator doComparison
O MAIS DETALHADO: name X is 0, pos X is 1, name Y is 0, pos Y is 1 comp is 0
Jan 15, 2015 6:21:32 PM org.ccnx.ccn.impl.sync.SliceComparator doComparison
O MAIS DETALHADO: name X (expanded) is /ccnx.org/test/SyncTestRepo-15-01-15-18.20.23/ccnSyncTest/slice10/round11/randomFile/=FD054B82F588B4/%C1.META.M/.header/=FD054B82F588F2/=00/=DBC2A06AF145799671C57E6C55FB2D868F36DD55A23916A8CDB6B7981131FFE6, name Y (expanded) is /ccnx.org/test/SyncTestRepo-15-01-15-18.20.23/ccnSyncTest/slice10/round11/randomFile/=FD054B82F588B4/%C1.META.M/.header/=FD054B82F588F2/=00/=DBC2A06AF145799671C57E6C55FB2D868F36DD55A23916A8CDB6B7981131FFE6
Jan 15, 2015 6:21:32 PM org.ccnx.ccn.impl.sync.SliceComparator doComparison
O MAIS DETALHADO: Compare LEAF =05D95348B35DA1736365107BDACCCE484DA8B6A14DCCF3832B16DDA212E3B0C032 to LEAF =087BBA14313AA31672CE9CB08F3B6359274F2E6A200A63280F082B1BF6A776BC11
Jan 15, 2015 6:21:32 PM org.ccnx.ccn.impl.sync.SliceComparator doComparison
O MAIS DETALHADO: name X is 0, pos X is 2, name Y is 0, pos Y is 2 comp is 0
Jan 15, 2015 6:21:32 PM org.ccnx.ccn.impl.sync.SliceComparator doComparison
O MAIS DETALHADO: name X (expanded) is /ccnx.org/test/SyncTestRepo-15-01-15-18.20.23/ccnSyncTest/slice10/round12/randomFile/=FD054B82F591DF/=00/p=DE2BB2F625C0B42DC3D4800957F955C01267E921712139BC9BB1702DCF20EE, name Y (expanded) is /ccnx.org/test/SyncTestRepo-15-01-15-18.20.23/ccnSyncTest/slice10/round12/randomFile/=FD054B82F591DF/=00/p=DE2BB2F625C0B42DC3D4800957F955C01267E921712139BC9BB1702DCF20EE
Jan 15, 2015 6:21:32 PM org.ccnx.ccn.impl.sync.SliceComparator doComparison
O MAIS DETALHADO: Compare LEAF =05D95348B35DA1736365107BDACCCE484DA8B6A14DCCF3832B16DDA212E3B0C032 to LEAF =087BBA14313AA31672CE9CB08F3B6359274F2E6A200A63280F082B1BF6A776BC11
Jan 15, 2015 6:21:32 PM org.ccnx.ccn.impl.sync.SliceComparator doComparison
O MAIS DETALHADO: name X is 0, pos X is 3, name Y is 0, pos Y is 3 comp is 0
Jan 15, 2015 6:21:32 PM org.ccnx.ccn.impl.sync.SliceComparator doComparison
O MAIS DETALHADO: name X (expanded) is /ccnx.org/test/SyncTestRepo-15-01-15-18.20.23/ccnSyncTest/slice10/round12/randomFile/=FD054B82F591DF/%C1.META.M/.header/=FD054B82F5921D/=00/=C79CD215B03DFAB5F06882BC5BA5F1D95D25D28042EABE41AFB332AE2DC26850, name Y (expanded) is /ccnx.org/test/SyncTestRepo-15-01-15-18.20.23/ccnSyncTest/slice10/round12/randomFile/=FD054B82F591DF/%C1.META.M/.header/=FD054B82F5921D/=00/=C79CD215B03DFAB5F06882BC5BA5F1D95D25D28042EABE41AFB332AE2DC26850
Jan 15, 2015 6:21:32 PM org.ccnx.ccn.impl.sync.SliceComparator doComparison
O MAIS DETALHADO: Compare LEAF =05D95348B35DA1736365107BDACCCE484DA8B6A14DCCF3832B16DDA212E3B0C032 to LEAF =087BBA14313AA31672CE9CB08F3B6359274F2E6A200A63280F082B1BF6A776BC11
Jan 15, 2015 6:21:32 PM org.ccnx.ccn.impl.sync.SliceComparator doComparison
O MAIS DETALHADO: name X is 0, pos X is 4, name Y is 0, pos Y is 4 comp is 0
Jan 15, 2015 6:21:32 PM org.ccnx.ccn.impl.sync.SliceComparator doComparison
O MAIS DETALHADO: name X (expanded) is /ccnx.org/test/SyncTestRepo-15-01-15-18.20.23/ccnSyncTest/slice10/round13/randomFile/=FD054B82F59B1B/=00/=0A14D94BE374A45E49DA2BC4C06FA4AA8D141E487AECE98ECC199C7D9D5FF867, name Y (expanded) is /ccnx.org/test/SyncTestRepo-15-01-15-18.20.23/ccnSyncTest/slice10/round13/randomFile/=FD054B82F59B1B/=00/=0A14D94BE374A45E49DA2BC4C06FA4AA8D141E487AECE98ECC199C7D9D5FF867
Jan 15, 2015 6:21:32 PM org.ccnx.ccn.impl.sync.SliceComparator doComparison
O MAIS DETALHADO: Compare LEAF =05D95348B35DA1736365107BDACCCE484DA8B6A14DCCF3832B16DDA212E3B0C032 to LEAF =087BBA14313AA31672CE9CB08F3B6359274F2E6A200A63280F082B1BF6A776BC11
Jan 15, 2015 6:21:32 PM org.ccnx.ccn.impl.sync.SliceComparator doComparison
O MAIS DETALHADO: name X is 0, pos X is 5, name Y is 0, pos Y is 5 comp is 0
Jan 15, 2015 6:21:32 PM org.ccnx.ccn.impl.sync.SliceComparator doComparison
O MAIS DETALHADO: name X (expanded) is /ccnx.org/test/SyncTestRepo-15-01-15-18.20.23/ccnSyncTest/slice10/round13/randomFile/=FD054B82F59B1B/%C1.META.M/.header/=FD054B82F59B54/=00/=B91C24A48FCF76FD606608E989525543C87D21B9DC4DD2E70BC94A5274642962, name Y (expanded) is /ccnx.org/test/SyncTestRepo-15-01-15-18.20.23/ccnSyncTest/slice10/round13/randomFile/=FD054B82F59B1B/%C1.META.M/.header/=FD054B82F59B54/=00/=B91C24A48FCF76FD606608E989525543C87D21B9DC4DD2E70BC94A5274642962
Jan 15, 2015 6:21:32 PM org.ccnx.ccn.impl.sync.SliceComparator doComparison
O MAIS DETALHADO: Compare LEAF =05D95348B35DA1736365107BDACCCE484DA8B6A14DCCF3832B16DDA212E3B0C032 to LEAF =087BBA14313AA31672CE9CB08F3B6359274F2E6A200A63280F082B1BF6A776BC11
Jan 15, 2015 6:21:32 PM org.ccnx.ccn.impl.sync.SliceComparator doComparison
O MAIS DETALHADO: name X is 0, pos X is 6, name Y is 0, pos Y is 6 comp is 0
Jan 15, 2015 6:21:32 PM org.ccnx.ccn.impl.sync.SliceComparator doComparison
O MAIS DETALHADO: name X (expanded) is /ccnx.org/test/SyncTestRepo-15-01-15-18.20.23/ccnSyncTest/slice10/round14/randomFile/=FD054B82F5A43D/=00/I%E4R=9CC526867C0C399103DB98ED9A10FE2536FB15A7B685B5137937133A96, name Y (expanded) is /ccnx.org/test/SyncTestRepo-15-01-15-18.20.23/ccnSyncTest/slice10/round14/randomFile/=FD054B82F5A43D/=00/I%E4R=9CC526867C0C399103DB98ED9A10FE2536FB15A7B685B5137937133A96
Jan 15, 2015 6:21:32 PM org.ccnx.ccn.impl.sync.SliceComparator doComparison
O MAIS DETALHADO: Compare LEAF =05D95348B35DA1736365107BDACCCE484DA8B6A14DCCF3832B16DDA212E3B0C032 to LEAF =087BBA14313AA31672CE9CB08F3B6359274F2E6A200A63280F082B1BF6A776BC11
Jan 15, 2015 6:21:32 PM org.ccnx.ccn.impl.sync.SliceComparator doComparison
O MAIS DETALHADO: name X is 0, pos X is 7, name Y is 0, pos Y is 7 comp is 0
Jan 15, 2015 6:21:32 PM org.ccnx.ccn.impl.sync.SliceComparator doComparison
O MAIS DETALHADO: name X (expanded) is /ccnx.org/test/SyncTestRepo-15-01-15-18.20.23/ccnSyncTest/slice10/round14/randomFile/=FD054B82F5A43D/%C1.META.M/.header/=FD054B82F5A47B/=00/=D2E7E647541AC0700DA1BC6E7AB86FB246A298B28F1DA583066C493ADC1F9585, name Y (expanded) is /ccnx.org/test/SyncTestRepo-15-01-15-18.20.23/ccnSyncTest/slice10/round14/randomFile/=FD054B82F5A43D/%C1.META.M/.header/=FD054B82F5A47B/=00/=D2E7E647541AC0700DA1BC6E7AB86FB246A298B28F1DA583066C493ADC1F9585
Jan 15, 2015 6:21:32 PM org.ccnx.ccn.impl.sync.SliceComparator doComparison
O MAIS DETALHADO: Compare LEAF =05D95348B35DA1736365107BDACCCE484DA8B6A14DCCF3832B16DDA212E3B0C032 to LEAF =087BBA14313AA31672CE9CB08F3B6359274F2E6A200A63280F082B1BF6A776BC11
Jan 15, 2015 6:21:32 PM org.ccnx.ccn.impl.sync.SliceComparator doComparison
O MAIS DETALHADO: name X is 0, pos X is 8, name Y is 0, pos Y is 8 comp is 0
Jan 15, 2015 6:21:32 PM org.ccnx.ccn.impl.sync.SliceComparator doComparison
O MAIS DETALHADO: name X (expanded) is /ccnx.org/test/SyncTestRepo-15-01-15-18.20.23/ccnSyncTest/slice10/round15/randomFile/=FD054B82F5AD71/=00/c%C2G=2AB3ADCC7888BA202C1647CD19F89481ADC8136697669E316D86E62FBD, name Y (expanded) is /ccnx.org/test/SyncTestRepo-15-01-15-18.20.23/ccnSyncTest/slice10/round15/randomFile/=FD054B82F5AD71/=00/c%C2G=2AB3ADCC7888BA202C1647CD19F89481ADC8136697669E316D86E62FBD
Jan 15, 2015 6:21:32 PM org.ccnx.ccn.impl.sync.SliceComparator doComparison
O MAIS DETALHADO: Compare LEAF =05D95348B35DA1736365107BDACCCE484DA8B6A14DCCF3832B16DDA212E3B0C032 to LEAF =087BBA14313AA31672CE9CB08F3B6359274F2E6A200A63280F082B1BF6A776BC11
Jan 15, 2015 6:21:32 PM org.ccnx.ccn.impl.sync.SliceComparator doComparison
O MAIS DETALHADO: name X is 0, pos X is 9, name Y is 0, pos Y is 9 comp is 0
Jan 15, 2015 6:21:32 PM org.ccnx.ccn.impl.sync.SliceComparator doComparison
O MAIS DETALHADO: name X (expanded) is /ccnx.org/test/SyncTestRepo-15-01-15-18.20.23/ccnSyncTest/slice10/round15/randomFile/=FD054B82F5AD71/%C1.META.M/.header/=FD054B82F5ADFC/=00/=FB29EFF43347A48239C93696AC67F5FC96C66BCE636430300184B5F6DD38E07D, name Y (expanded) is /ccnx.org/test/SyncTestRepo-15-01-15-18.20.23/ccnSyncTest/slice10/round15/randomFile/=FD054B82F5AD71/%C1.META.M/.header/=FD054B82F5ADFC/=00/=FB29EFF43347A48239C93696AC67F5FC96C66BCE636430300184B5F6DD38E07D
Jan 15, 2015 6:21:32 PM org.ccnx.ccn.impl.sync.SliceComparator doComparison
O MAIS DETALHADO: Compare NODE =06B72214B4F0FF47802F3091EC20E387C45584092AEB5CEC12282E688C4D0D4DAA to LEAF =087BBA14313AA31672CE9CB08F3B6359274F2E6A200A63280F082B1BF6A776BC11, resMin is 1, resMax is -1
Jan 15, 2015 6:21:32 PM org.ccnx.ccn.impl.sync.SliceComparator doComparison
O MAIS DETALHADO: minname is 0, maxname is 0, pos X is 1, pos Y is 10
Jan 15, 2015 6:21:32 PM org.ccnx.ccn.impl.sync.SliceComparator doComparison
O MAIS DETALHADO: Compare LEAF =DDCECC01935DD41CCA20161154153F76ACCD67DD1E6968E71150C679695C8D78 to LEAF =087BBA14313AA31672CE9CB08F3B6359274F2E6A200A63280F082B1BF6A776BC11
Jan 15, 2015 6:21:32 PM org.ccnx.ccn.impl.sync.SliceComparator doComparison
O MAIS DETALHADO: name X is 0, pos X is 0, name Y is 0, pos Y is 10 comp is 0
Jan 15, 2015 6:21:32 PM org.ccnx.ccn.impl.sync.SliceComparator doComparison
O MAIS DETALHADO: name X (expanded) is /ccnx.org/test/SyncTestRepo-15-01-15-18.20.23/ccnSyncTest/slice10/round16/randomFile/=FD054B82F5B673/=00/pU=A6A22546186B9FAC4EB8A07C1FBB995F82DA30BC632446C0DCD7E521AAF7, name Y (expanded) is /ccnx.org/test/SyncTestRepo-15-01-15-18.20.23/ccnSyncTest/slice10/round16/randomFile/=FD054B82F5B673/=00/pU=A6A22546186B9FAC4EB8A07C1FBB995F82DA30BC632446C0DCD7E521AAF7
Jan 15, 2015 6:21:32 PM org.ccnx.ccn.impl.sync.SliceComparator doComparison
O MAIS DETALHADO: Compare LEAF =DDCECC01935DD41CCA20161154153F76ACCD67DD1E6968E71150C679695C8D78 to LEAF =087BBA14313AA31672CE9CB08F3B6359274F2E6A200A63280F082B1BF6A776BC11
Jan 15, 2015 6:21:32 PM org.ccnx.ccn.impl.sync.SliceComparator doComparison
O MAIS DETALHADO: name X is 0, pos X is 1, name Y is 0, pos Y is 11 comp is 0
Jan 15, 2015 6:21:32 PM org.ccnx.ccn.impl.sync.SliceComparator doComparison
O MAIS DETALHADO: name X (expanded) is /ccnx.org/test/SyncTestRepo-15-01-15-18.20.23/ccnSyncTest/slice10/round16/randomFile/=FD054B82F5B673/%C1.META.M/.header/=FD054B82F5B6B0/=00/=17C2C967425FFDB6EF8C542330DA467562953D126EDAE07B710B380B4D1AC752, name Y (expanded) is /ccnx.org/test/SyncTestRepo-15-01-15-18.20.23/ccnSyncTest/slice10/round16/randomFile/=FD054B82F5B673/%C1.META.M/.header/=FD054B82F5B6B0/=00/=17C2C967425FFDB6EF8C542330DA467562953D126EDAE07B710B380B4D1AC752
Jan 15, 2015 6:21:32 PM org.ccnx.ccn.impl.sync.SliceComparator doComparison
O MAIS DETALHADO: Compare LEAF =DDCECC01935DD41CCA20161154153F76ACCD67DD1E6968E71150C679695C8D78 to LEAF =087BBA14313AA31672CE9CB08F3B6359274F2E6A200A63280F082B1BF6A776BC11
Jan 15, 2015 6:21:32 PM org.ccnx.ccn.impl.sync.SliceComparator doComparison
O MAIS DETALHADO: name X is 0, pos X is 2, name Y is 0, pos Y is 12 comp is 1
Jan 15, 2015 6:21:32 PM org.ccnx.ccn.impl.sync.SliceComparator doComparison
O MAIS DETALHADO: name X (expanded) is /ccnx.org/test/SyncTestRepo-15-01-15-18.20.23/ccnSyncTest/slice10/randomFile/=FD054B82F53F79/=00/=3CBEB0282FE72CD7F7CF0696455493A1CE4F4E488F469319834E10584FC5C583, name Y (expanded) is /ccnx.org/test/SyncTestRepo-15-01-15-18.20.23/ccnSyncTest/slice10/round17/randomFile/=FD054B82F5BF96/=00/=E4BD59CD3D2193F901F55648B2921C3A07BF4E0D1E47354154CD91CFAB4A836B
Jan 15, 2015 6:21:32 PM org.ccnx.ccn.profiles.sync.SyncTestRepo doHandleContentName
INFORMAÇÕES: Number 1: Callback for name: /ccnx.org/test/SyncTestRepo-15-01-15-18.20.23/ccnSyncTest/slice10/round17/randomFile/=FD054B82F5BF96/=00 - number is 0
Jan 15, 2015 6:21:32 PM org.ccnx.ccn.impl.sync.SliceComparator doComparison
O MAIS DETALHADO: Compare LEAF =DDCECC01935DD41CCA20161154153F76ACCD67DD1E6968E71150C679695C8D78 to LEAF =087BBA14313AA31672CE9CB08F3B6359274F2E6A200A63280F082B1BF6A776BC11
Jan 15, 2015 6:21:32 PM org.ccnx.ccn.impl.sync.SliceComparator doComparison
O MAIS DETALHADO: name X is 0, pos X is 2, name Y is 0, pos Y is 13 comp is 1
Jan 15, 2015 6:21:32 PM org.ccnx.ccn.impl.sync.SliceComparator doComparison
O MAIS DETALHADO: name X (expanded) is /ccnx.org/test/SyncTestRepo-15-01-15-18.20.23/ccnSyncTest/slice10/randomFile/=FD054B82F53F79/=00/=3CBEB0282FE72CD7F7CF0696455493A1CE4F4E488F469319834E10584FC5C583, name Y (expanded) is /ccnx.org/test/SyncTestRepo-15-01-15-18.20.23/ccnSyncTest/slice10/round17/randomFile/=FD054B82F5BF96/%C1.META.M/.header/=FD054B82F5BFCF/=00/=DFDAA5AF0C823AF99D76C85A67EDB528F1EB12E800BF06BB8B2F219AAF1EEAFC
Jan 15, 2015 6:21:32 PM org.ccnx.ccn.profiles.sync.SyncTestRepo doHandleContentName
INFORMAÇÕES: Number 1: Callback for name: /ccnx.org/test/SyncTestRepo-15-01-15-18.20.23/ccnSyncTest/slice10/round17/randomFile/=FD054B82F5BF96/%C1.META.M/.header/=FD054B82F5BFCF/=00 - number is header
Jan 15, 2015 6:21:32 PM org.ccnx.ccn.impl.sync.SliceComparator doComparison
O MAIS DETALHADO: Compare LEAF =DDCECC01935DD41CCA20161154153F76ACCD67DD1E6968E71150C679695C8D78 to LEAF =087BBA14313AA31672CE9CB08F3B6359274F2E6A200A63280F082B1BF6A776BC11
Jan 15, 2015 6:21:32 PM org.ccnx.ccn.impl.sync.SliceComparator doComparison
O MAIS DETALHADO: name X is 0, pos X is 2, name Y is 0, pos Y is 14 comp is 0
Jan 15, 2015 6:21:32 PM org.ccnx.ccn.impl.sync.SliceComparator doComparison
O MAIS DETALHADO: name X (expanded) is /ccnx.org/test/SyncTestRepo-15-01-15-18.20.23/ccnSyncTest/slice10/randomFile/=FD054B82F53F79/=00/=3CBEB0282FE72CD7F7CF0696455493A1CE4F4E488F469319834E10584FC5C583, name Y (expanded) is /ccnx.org/test/SyncTestRepo-15-01-15-18.20.23/ccnSyncTest/slice10/randomFile/=FD054B82F53F79/=00/=3CBEB0282FE72CD7F7CF0696455493A1CE4F4E488F469319834E10584FC5C583
Jan 15, 2015 6:21:32 PM org.ccnx.ccn.impl.sync.SliceComparator doComparison
O MAIS DETALHADO: Compare LEAF =DDCECC01935DD41CCA20161154153F76ACCD67DD1E6968E71150C679695C8D78 to LEAF =087BBA14313AA31672CE9CB08F3B6359274F2E6A200A63280F082B1BF6A776BC11
Jan 15, 2015 6:21:32 PM org.ccnx.ccn.impl.sync.SliceComparator doComparison
O MAIS DETALHADO: name X is 0, pos X is 3, name Y is 0, pos Y is 15 comp is 0
Jan 15, 2015 6:21:32 PM org.ccnx.ccn.impl.sync.SliceComparator doComparison
O MAIS DETALHADO: name X (expanded) is /ccnx.org/test/SyncTestRepo-15-01-15-18.20.23/ccnSyncTest/slice10/randomFile/=FD054B82F53F79/%C1.META.M/.header/=FD054B82F53FB2/=00/=18F7ABCFFBD0912243186C9F3D6A45A3E28959A7EF8B922DD636A13DE75A55AC, name Y (expanded) is /ccnx.org/test/SyncTestRepo-15-01-15-18.20.23/ccnSyncTest/slice10/randomFile/=FD054B82F53F79/%C1.META.M/.header/=FD054B82F53FB2/=00/=18F7ABCFFBD0912243186C9F3D6A45A3E28959A7EF8B922DD636A13DE75A55AC
Jan 15, 2015 6:21:32 PM org.ccnx.ccn.impl.sync.SliceComparator updateCurrent
O MAIS DETALHADO: Starting update from hash =06B72214B4F0FF47802F3091EC20E387C45584092AEB5CEC12282E688C4D0D4DAA
Jan 15, 2015 6:21:32 PM org.ccnx.ccn.impl.sync.SliceComparator updateCurrent
O MAIS DETALHADO: Update compare - moving to: =05D95348B35DA1736365107BDACCCE484DA8B6A14DCCF3832B16DDA212E3B0C032
Jan 15, 2015 6:21:32 PM org.ccnx.ccn.impl.sync.SliceComparator updateCurrent
O MAIS DETALHADO: Shortcut in update - popping back to =06B72214B4F0FF47802F3091EC20E387C45584092AEB5CEC12282E688C4D0D4DAA, pos 1
Jan 15, 2015 6:21:32 PM org.ccnx.ccn.impl.sync.SliceComparator updateCurrent
O MAIS DETALHADO: Update compare - moving to: =DDCECC01935DD41CCA20161154153F76ACCD67DD1E6968E71150C679695C8D78
Jan 15, 2015 6:21:32 PM org.ccnx.ccn.impl.sync.SliceComparator updateCurrent
O MAIS DETALHADO: Update compare: name from tree (expanded) is /ccnx.org/test/SyncTestRepo-15-01-15-18.20.23/ccnSyncTest/slice10/round16/randomFile/=FD054B82F5B673/=00/pU=A6A22546186B9FAC4EB8A07C1FBB995F82DA30BC632446C0DCD7E521AAF7, name  is /ccnx.org/test/SyncTestRepo-15-01-15-18.20.23/ccnSyncTest/slice10/round17/randomFile/=FD054B82F5BF96/=00/=E4BD59CD3D2193F901F55648B2921C3A07BF4E0D1E47354154CD91CFAB4A836B, comp is -1
Jan 15, 2015 6:21:32 PM org.ccnx.ccn.impl.sync.SliceComparator updateCurrent
O MAIS DETALHADO: Update compare: name from tree (expanded) is /ccnx.org/test/SyncTestRepo-15-01-15-18.20.23/ccnSyncTest/slice10/round16/randomFile/=FD054B82F5B673/%C1.META.M/.header/=FD054B82F5B6B0/=00/=17C2C967425FFDB6EF8C542330DA467562953D126EDAE07B710B380B4D1AC752, name  is /ccnx.org/test/SyncTestRepo-15-01-15-18.20.23/ccnSyncTest/slice10/round17/randomFile/=FD054B82F5BF96/=00/=E4BD59CD3D2193F901F55648B2921C3A07BF4E0D1E47354154CD91CFAB4A836B, comp is -1
Jan 15, 2015 6:21:32 PM org.ccnx.ccn.impl.sync.SliceComparator updateCurrent
O MAIS DETALHADO: Update compare: name from tree (expanded) is /ccnx.org/test/SyncTestRepo-15-01-15-18.20.23/ccnSyncTest/slice10/randomFile/=FD054B82F53F79/=00/=3CBEB0282FE72CD7F7CF0696455493A1CE4F4E488F469319834E10584FC5C583, name  is /ccnx.org/test/SyncTestRepo-15-01-15-18.20.23/ccnSyncTest/slice10/round17/randomFile/=FD054B82F5BF96/=00/=E4BD59CD3D2193F901F55648B2921C3A07BF4E0D1E47354154CD91CFAB4A836B, comp is 1
Jan 15, 2015 6:21:32 PM org.ccnx.ccn.impl.sync.SliceComparator updateCurrent
O MAIS DETALHADO: Update: starting redo of names because of /ccnx.org/test/SyncTestRepo-15-01-15-18.20.23/ccnSyncTest/slice10/round17/randomFile/=FD054B82F5BF96/=00/=E4BD59CD3D2193F901F55648B2921C3A07BF4E0D1E47354154CD91CFAB4A836B at /ccnx.org/test/SyncTestRepo-15-01-15-18.20.23/ccnSyncTest/slice10/round16/randomFile/=FD054B82F5B673/=00/pU=A6A22546186B9FAC4EB8A07C1FBB995F82DA30BC632446C0DCD7E521AAF7
Jan 15, 2015 6:21:32 PM org.ccnx.ccn.io.content.SyncNodeComposite decodeLogging
O MAIS DETALHADO: decode node for =02A266CB7DDD01A30F698C34B46E9510D9A677C8D23D6FA4E3F14D79E3C3C5FBDF depth = 1 refs = 6
Jan 15, 2015 6:21:32 PM org.ccnx.ccn.io.content.SyncNodeComposite decodeLogging
O MAIS DETALHADO: min is 0, max is 0, expanded min is /ccnx.org/test/SyncTestRepo-15-01-15-18.20.23/ccnSyncTest/slice10/round16/randomFile/=FD054B82F5B673/=00/pU=A6A22546186B9FAC4EB8A07C1FBB995F82DA30BC632446C0DCD7E521AAF7, expanded max is /ccnx.org/test/SyncTestRepo-15-01-15-18.20.23/ccnSyncTest/slice10/randomFile/=FD054B82F53F79/%C1.META.M/.header/=FD054B82F53FB2/=00/=18F7ABCFFBD0912243186C9F3D6A45A3E28959A7EF8B922DD636A13DE75A55AC
Jan 15, 2015 6:21:32 PM org.ccnx.ccn.impl.sync.SyncTreeEntry <init>
O MAIS DETALHADO: Found existing node: =087BBA14313AA31672CE9CB08F3B6359274F2E6A200A63280F082B1BF6A776BC11
Jan 15, 2015 6:21:32 PM org.ccnx.ccn.io.content.SyncNodeComposite decodeLogging
O MAIS DETALHADO: decode node for =087BBA14313AA31672CE9CB08F3B6359274F2E6A200A63280F082B1BF6A776BC11 depth = 2 refs = 2
Jan 15, 2015 6:21:32 PM org.ccnx.ccn.io.content.SyncNodeComposite decodeLogging
O MAIS DETALHADO: min is 0, max is 0, expanded min is /ccnx.org/test/SyncTestRepo-15-01-15-18.20.23/ccnSyncTest/slice10/round11/randomFile/=FD054B82F588B4/=00/=862C3C8C527D6B204E7FCD4EAF121546BFBA9E26B978EC9010B0DB73EDD734F0, expanded max is /ccnx.org/test/SyncTestRepo-15-01-15-18.20.23/ccnSyncTest/slice10/randomFile/=FD054B82F53F79/%C1.META.M/.header/=FD054B82F53FB2/=00/=18F7ABCFFBD0912243186C9F3D6A45A3E28959A7EF8B922DD636A13DE75A55AC
Jan 15, 2015 6:21:32 PM org.ccnx.ccn.impl.sync.NodeBuilder createHeadRecursive
O MAIS DETALHADO: Creating new compound node - with first element =05D95348B35DA1736365107BDACCCE484DA8B6A14DCCF3832B16DDA212E3B0C032 and last element =02A266CB7DDD01A30F698C34B46E9510D9A677C8D23D6FA4E3F14D79E3C3C5FBDF
Jan 15, 2015 6:21:32 PM org.ccnx.ccn.impl.sync.SliceComparator updateCurrent
INFORMAÇÕES: Resetting current to created head: =087BBA14313AA31672CE9CB08F3B6359274F2E6A200A63280F082B1BF6A776BC11
Jan 15, 2015 6:21:32 PM org.ccnx.ccn.profiles.sync.SyncTestRepo checkCallbacks
DETALHADO: got segment 0
Jan 15, 2015 6:21:32 PM org.ccnx.ccn.profiles.sync.SyncTestRepo checkCallbacks
DETALHADO: received: [true, false] finished: [true, true]
Jan 15, 2015 6:21:32 PM org.ccnx.ccn.profiles.sync.SyncTestRepo checkCallbacks
DETALHADO: got the header
Jan 15, 2015 6:21:32 PM org.ccnx.ccn.profiles.sync.SyncTestRepo checkCallbacks
DETALHADO: received: [true, true] finished: [true, true]
Jan 15, 2015 6:21:32 PM org.ccnx.ccn.profiles.sync.SyncTestRepo checkCallbacks
DETALHADO: got all the segments!
Jan 15, 2015 6:21:32 PM org.ccnx.ccn.profiles.sync.SyncTestRepo checkCallbacks
DETALHADO: trying to loop again looking for segments
Jan 15, 2015 6:21:32 PM org.ccnx.ccn.profiles.sync.SyncTestRepo checkCallbacks
DETALHADO: done looping, returning.
Jan 15, 2015 6:21:32 PM org.ccnx.ccn.impl.CCNFlowControl <init>
INFORMAÇÕES: adding namespace: /ccnx.org/test/SyncTestRepo-15-01-15-18.20.23/ccnSyncTest/slice10/round18/randomFile
Jan 15, 2015 6:21:32 PM org.ccnx.ccn.impl.security.keys.BasicKeyManager getKeyLocator
INFORMAÇÕES: getKeyLocator: returning locator NAME: /ccnx.org/Users/root/Keys/%C1.M.K=009234ADEC47D19E3E6A2AF362D44E09AB6B71F43B1900BA0622FB45F2A5B7D9F6/=FD054AE7DE1000 KEY:-reba89rgbj1o6ata34t5eovcl4kho5s9pnv8nstq15q1ld4g9ga for key kjSt7EfRnj5qKvNi1E4Jq2tx9DsZALoGIvtF8qW32fY=
Jan 15, 2015 6:21:32 PM org.ccnx.ccn.io.CCNAbstractOutputStream <init>
INFORMAÇÕES: CCNAbstractOutputStream: /ccnx.org/test/SyncTestRepo-15-01-15-18.20.23/ccnSyncTest/slice10/round18/randomFile/=FD054B82F5C8BC blocksize is 4096
Jan 15, 2015 6:21:32 PM org.ccnx.ccn.io.CCNAbstractOutputStream startWrite
INFORMAÇÕES: CCNAbstractOutputStream: startWrite -- searching for keys.
Jan 15, 2015 6:21:32 PM org.ccnx.ccn.profiles.security.access.AccessControlManager keysForOutput
INFORMAÇÕES: keysForOutput: found an acm: (null)
Jan 15, 2015 6:21:32 PM org.ccnx.ccn.impl.repo.RepositoryFlowControl startWrite
INFORMAÇÕES: RepositoryFlowControl.startWrite called for name /ccnx.org/test/SyncTestRepo-15-01-15-18.20.23/ccnSyncTest/slice10/round18/randomFile/=FD054B82F5C8BC, shape STREAM
Jan 15, 2015 6:21:32 PM org.ccnx.ccn.impl.repo.RepositoryFlowControl handleContent
INFORMAÇÕES: handleContent: got potential repo message: /ccnx.org/test/SyncTestRepo-15-01-15-18.20.23/ccnSyncTest/slice10/round18/randomFile/=FD054B82F5C8BC/%C1.R.sw/%C1.N=0006D5D41E18FB14EB
Jan 15, 2015 6:21:32 PM org.ccnx.ccn.profiles.sync.SyncTestCommon writeFile
DETALHADO: bytes: 4096 block size: 4096 div: 1.0 ceil: 1
Jan 15, 2015 6:21:32 PM org.ccnx.ccn.profiles.sync.SyncTestCommon writeFile
DETALHADO: will write out a 4096 byte file, will have 2 segments (1 is a header)
Jan 15, 2015 6:21:32 PM org.ccnx.ccn.io.CCNOutputStream flushToNetwork
INFORMAÇÕES: flush: outputting to the segmenter, baseName /ccnx.org/test/SyncTestRepo-15-01-15-18.20.23/ccnSyncTest/slice10/round18/randomFile/=FD054B82F5C8BC basenameindex =00; 4096 bytes written, holding back 4096 flushing final blocks? false.
Jan 15, 2015 6:21:32 PM org.ccnx.ccn.io.CCNOutputStream flushToNetwork
INFORMAÇÕES: HEADER: CCNOutputStream: flushToNetwork: new _baseNameIndex 0
Jan 15, 2015 6:21:32 PM org.ccnx.ccn.io.CCNOutputStream flushToNetwork
INFORMAÇÕES: flush: outputting to the segmenter, baseName /ccnx.org/test/SyncTestRepo-15-01-15-18.20.23/ccnSyncTest/slice10/round18/randomFile/=FD054B82F5C8BC basenameindex =00; 4096 bytes written, holding back 4096 flushing final blocks? false.
Jan 15, 2015 6:21:32 PM org.ccnx.ccn.io.CCNOutputStream flushToNetwork
INFORMAÇÕES: HEADER: CCNOutputStream: flushToNetwork: new _baseNameIndex 0
Jan 15, 2015 6:21:32 PM org.ccnx.ccn.io.CCNOutputStream flushToNetwork
INFORMAÇÕES: flush: outputting to the segmenter, baseName /ccnx.org/test/SyncTestRepo-15-01-15-18.20.23/ccnSyncTest/slice10/round18/randomFile/=FD054B82F5C8BC basenameindex =00; 4096 bytes written, holding back 0 flushing final blocks? true.
Jan 15, 2015 6:21:32 PM org.ccnx.ccn.io.CCNOutputStream flushToNetwork
INFORMAÇÕES: HEADER: CCNOutputStream: flushToNetwork: new _baseNameIndex 1
Jan 15, 2015 6:21:32 PM org.ccnx.ccn.io.CCNAbstractOutputStream <init>
INFORMAÇÕES: CCNAbstractOutputStream: /ccnx.org/test/SyncTestRepo-15-01-15-18.20.23/ccnSyncTest/slice10/round18/randomFile/=FD054B82F5C8BC/%C1.META.M/.header/=FD054B82F5C8FA blocksize is 4096
Jan 15, 2015 6:21:32 PM org.ccnx.ccn.io.CCNAbstractOutputStream startWrite
INFORMAÇÕES: CCNAbstractOutputStream: startWrite -- searching for keys.
Jan 15, 2015 6:21:32 PM org.ccnx.ccn.profiles.security.access.AccessControlManager keysForOutput
INFORMAÇÕES: keysForOutput: found an acm: (null)
Jan 15, 2015 6:21:32 PM org.ccnx.ccn.impl.repo.RepositoryFlowControl startWrite
INFORMAÇÕES: RepositoryFlowControl.startWrite called for name /ccnx.org/test/SyncTestRepo-15-01-15-18.20.23/ccnSyncTest/slice10/round18/randomFile/=FD054B82F5C8BC/%C1.META.M/.header/=FD054B82F5C8FA, shape STREAM
Jan 15, 2015 6:21:32 PM org.ccnx.ccn.impl.repo.RepositoryFlowControl handleContent
INFORMAÇÕES: handleContent: got potential repo message: /ccnx.org/test/SyncTestRepo-15-01-15-18.20.23/ccnSyncTest/slice10/round18/randomFile/=FD054B82F5C8BC/%C1.META.M/.header/=FD054B82F5C8FA/%C1.R.sw/%C1.N=00172BD8054A988D2F
Jan 15, 2015 6:21:32 PM org.ccnx.ccn.io.CCNOutputStream flushToNetwork
INFORMAÇÕES: flush: outputting to the segmenter, baseName /ccnx.org/test/SyncTestRepo-15-01-15-18.20.23/ccnSyncTest/slice10/round18/randomFile/=FD054B82F5C8BC/%C1.META.M/.header/=FD054B82F5C8FA basenameindex =00; 66 bytes written, holding back 66 flushing final blocks? false.
Jan 15, 2015 6:21:32 PM org.ccnx.ccn.io.CCNOutputStream flushToNetwork
INFORMAÇÕES: HEADER: CCNOutputStream: flushToNetwork: new _baseNameIndex 0
Jan 15, 2015 6:21:32 PM org.ccnx.ccn.io.CCNOutputStream flushToNetwork
INFORMAÇÕES: flush: outputting to the segmenter, baseName /ccnx.org/test/SyncTestRepo-15-01-15-18.20.23/ccnSyncTest/slice10/round18/randomFile/=FD054B82F5C8BC/%C1.META.M/.header/=FD054B82F5C8FA basenameindex =00; 66 bytes written, holding back 66 flushing final blocks? false.
Jan 15, 2015 6:21:32 PM org.ccnx.ccn.io.CCNOutputStream flushToNetwork
INFORMAÇÕES: HEADER: CCNOutputStream: flushToNetwork: new _baseNameIndex 0
Jan 15, 2015 6:21:32 PM org.ccnx.ccn.io.CCNOutputStream flushToNetwork
INFORMAÇÕES: flush: outputting to the segmenter, baseName /ccnx.org/test/SyncTestRepo-15-01-15-18.20.23/ccnSyncTest/slice10/round18/randomFile/=FD054B82F5C8BC/%C1.META.M/.header/=FD054B82F5C8FA basenameindex =00; 66 bytes written, holding back 0 flushing final blocks? true.
Jan 15, 2015 6:21:32 PM org.ccnx.ccn.io.CCNOutputStream flushToNetwork
INFORMAÇÕES: HEADER: CCNOutputStream: flushToNetwork: new _baseNameIndex 1
Jan 15, 2015 6:21:32 PM org.ccnx.ccn.io.CCNOutputStream close
INFORMAÇÕES: CCNOutputStream close: /ccnx.org/test/SyncTestRepo-15-01-15-18.20.23/ccnSyncTest/slice10/round18/randomFile/=FD054B82F5C8BC/%C1.META.M/.header/=FD054B82F5C8FA
Jan 15, 2015 6:21:32 PM org.ccnx.ccn.io.CCNOutputStream close
INFORMAÇÕES: CCNOutputStream close: /ccnx.org/test/SyncTestRepo-15-01-15-18.20.23/ccnSyncTest/slice10/round18/randomFile/=FD054B82F5C8BC
Jan 15, 2015 6:21:32 PM org.ccnx.ccn.profiles.sync.SyncTestCommon writeFile
INFORMAÇÕES: Wrote file to repository: /ccnx.org/test/SyncTestRepo-15-01-15-18.20.23/ccnSyncTest/slice10/round18/randomFile/=FD054B82F5C8BC with 2 segments
Jan 15, 2015 6:21:32 PM org.ccnx.ccn.profiles.sync.SyncTestRepo checkCallbacks
DETALHADO: checking for callbacks:  /ccnx.org/test/SyncTestRepo-15-01-15-18.20.23/ccnSyncTest/slice10/round18 segments: 2
Jan 15, 2015 6:21:32 PM org.ccnx.ccn.impl.sync.ProtocolBasedSyncMonitor handleContent
INFORMAÇÕES: Saw new content from sync: /ccnx.org/test/SyncTestRepo-15-01-15-18.20.23/topoPrefix/%C1.S.ra/x%E7U.=86853EF050D99AC7B6E19C29B7AECFA1B2568CAD74E733BCB2443F63/=087BBA14313AA31672CE9CB08F3B6359274F2E6A200A63280F082B1BF6A776BC11/=099842F5F8D1F3845F54D19DDF661D11AAF69FC8D23BCB516DC7D76171834E65C4
Jan 15, 2015 6:21:32 PM org.ccnx.ccn.impl.sync.SliceComparator run
DETALHADO: Starting comparator run - state is INIT, sc is org.ccnx.ccn.impl.sync.SliceComparator@ca0898b, this is the lead
Jan 15, 2015 6:21:32 PM org.ccnx.ccn.impl.encoding.BinaryXMLDecoder setElement
INFORMAÇÕES: Reset decode array sizes to 150
Jan 15, 2015 6:21:32 PM org.ccnx.ccn.impl.encoding.BinaryXMLDecoder setElement
INFORMAÇÕES: Reset decode array sizes to 225
Jan 15, 2015 6:21:32 PM org.ccnx.ccn.impl.encoding.BinaryXMLDecoder setElement
INFORMAÇÕES: Reset decode array sizes to 337
Jan 15, 2015 6:21:32 PM org.ccnx.ccn.impl.encoding.BinaryXMLDecoder setElement
INFORMAÇÕES: Reset decode array sizes to 505
Jan 15, 2015 6:21:32 PM org.ccnx.ccn.impl.encoding.BinaryXMLDecoder setElement
INFORMAÇÕES: Reset decode array sizes to 757
Jan 15, 2015 6:21:32 PM org.ccnx.ccn.io.content.SyncNodeComposite decodeLogging
O MAIS DETALHADO: decode node for =099842F5F8D1F3845F54D19DDF661D11AAF69FC8D23BCB516DC7D76171834E65C4 depth = 1 refs = 18
Jan 15, 2015 6:21:32 PM org.ccnx.ccn.io.content.SyncNodeComposite decodeLogging
O MAIS DETALHADO: min is 0, max is 0, expanded min is /ccnx.org/test/SyncTestRepo-15-01-15-18.20.23/ccnSyncTest/slice10/round11/randomFile/=FD054B82F588B4/=00/=862C3C8C527D6B204E7FCD4EAF121546BFBA9E26B978EC9010B0DB73EDD734F0, expanded max is /ccnx.org/test/SyncTestRepo-15-01-15-18.20.23/ccnSyncTest/slice10/randomFile/=FD054B82F53F79/%C1.META.M/.header/=FD054B82F53FB2/=00/=18F7ABCFFBD0912243186C9F3D6A45A3E28959A7EF8B922DD636A13DE75A55AC
Jan 15, 2015 6:21:32 PM org.ccnx.ccn.impl.sync.SliceComparator run
INFORMAÇÕES: Starting new round with X = =087BBA14313AA31672CE9CB08F3B6359274F2E6A200A63280F082B1BF6A776BC11 and Y = =099842F5F8D1F3845F54D19DDF661D11AAF69FC8D23BCB516DC7D76171834E65C4
Jan 15, 2015 6:21:32 PM org.ccnx.ccn.impl.sync.SliceComparator doComparison
O MAIS DETALHADO: Compare NODE =087BBA14313AA31672CE9CB08F3B6359274F2E6A200A63280F082B1BF6A776BC11 to LEAF =099842F5F8D1F3845F54D19DDF661D11AAF69FC8D23BCB516DC7D76171834E65C4, resMin is 0, resMax is -1
Jan 15, 2015 6:21:32 PM org.ccnx.ccn.impl.sync.SliceComparator doComparison
O MAIS DETALHADO: minname is 0, maxname is 0, pos X is 0, pos Y is 0
Jan 15, 2015 6:21:32 PM org.ccnx.ccn.impl.sync.SliceComparator doComparison
O MAIS DETALHADO: Compare NODE =087BBA14313AA31672CE9CB08F3B6359274F2E6A200A63280F082B1BF6A776BC11 to LEAF =099842F5F8D1F3845F54D19DDF661D11AAF69FC8D23BCB516DC7D76171834E65C4, resMin is 1, resMax is -1
Jan 15, 2015 6:21:32 PM org.ccnx.ccn.impl.sync.SliceComparator doComparison
O MAIS DETALHADO: minname is 0, maxname is 0, pos X is 0, pos Y is 1
Jan 15, 2015 6:21:32 PM org.ccnx.ccn.impl.sync.SliceComparator doComparison
O MAIS DETALHADO: Compare LEAF =05D95348B35DA1736365107BDACCCE484DA8B6A14DCCF3832B16DDA212E3B0C032 to LEAF =099842F5F8D1F3845F54D19DDF661D11AAF69FC8D23BCB516DC7D76171834E65C4
Jan 15, 2015 6:21:32 PM org.ccnx.ccn.impl.sync.SliceComparator doComparison
O MAIS DETALHADO: name X is 0, pos X is 0, name Y is 0, pos Y is 1 comp is -1
Jan 15, 2015 6:21:32 PM org.ccnx.ccn.impl.sync.SliceComparator doComparison
O MAIS DETALHADO: name X (expanded) is /ccnx.org/test/SyncTestRepo-15-01-15-18.20.23/ccnSyncTest/slice10/round11/randomFile/=FD054B82F588B4/=00/=862C3C8C527D6B204E7FCD4EAF121546BFBA9E26B978EC9010B0DB73EDD734F0, name Y (expanded) is /ccnx.org/test/SyncTestRepo-15-01-15-18.20.23/ccnSyncTest/slice10/round11/randomFile/=FD054B82F588B4/%C1.META.M/.header/=FD054B82F588F2/=00/=DBC2A06AF145799671C57E6C55FB2D868F36DD55A23916A8CDB6B7981131FFE6
Jan 15, 2015 6:21:32 PM org.ccnx.ccn.impl.sync.SliceComparator doComparison
O MAIS DETALHADO: Compare LEAF =05D95348B35DA1736365107BDACCCE484DA8B6A14DCCF3832B16DDA212E3B0C032 to LEAF =099842F5F8D1F3845F54D19DDF661D11AAF69FC8D23BCB516DC7D76171834E65C4
Jan 15, 2015 6:21:32 PM org.ccnx.ccn.impl.sync.SliceComparator doComparison
O MAIS DETALHADO: name X is 0, pos X is 1, name Y is 0, pos Y is 1 comp is 0
Jan 15, 2015 6:21:32 PM org.ccnx.ccn.impl.sync.SliceComparator doComparison
O MAIS DETALHADO: name X (expanded) is /ccnx.org/test/SyncTestRepo-15-01-15-18.20.23/ccnSyncTest/slice10/round11/randomFile/=FD054B82F588B4/%C1.META.M/.header/=FD054B82F588F2/=00/=DBC2A06AF145799671C57E6C55FB2D868F36DD55A23916A8CDB6B7981131FFE6, name Y (expanded) is /ccnx.org/test/SyncTestRepo-15-01-15-18.20.23/ccnSyncTest/slice10/round11/randomFile/=FD054B82F588B4/%C1.META.M/.header/=FD054B82F588F2/=00/=DBC2A06AF145799671C57E6C55FB2D868F36DD55A23916A8CDB6B7981131FFE6
Jan 15, 2015 6:21:32 PM org.ccnx.ccn.impl.sync.SliceComparator doComparison
O MAIS DETALHADO: Compare LEAF =05D95348B35DA1736365107BDACCCE484DA8B6A14DCCF3832B16DDA212E3B0C032 to LEAF =099842F5F8D1F3845F54D19DDF661D11AAF69FC8D23BCB516DC7D76171834E65C4
Jan 15, 2015 6:21:32 PM org.ccnx.ccn.impl.sync.SliceComparator doComparison
O MAIS DETALHADO: name X is 0, pos X is 2, name Y is 0, pos Y is 2 comp is 0
Jan 15, 2015 6:21:32 PM org.ccnx.ccn.impl.sync.SliceComparator doComparison
O MAIS DETALHADO: name X (expanded) is /ccnx.org/test/SyncTestRepo-15-01-15-18.20.23/ccnSyncTest/slice10/round12/randomFile/=FD054B82F591DF/=00/p=DE2BB2F625C0B42DC3D4800957F955C01267E921712139BC9BB1702DCF20EE, name Y (expanded) is /ccnx.org/test/SyncTestRepo-15-01-15-18.20.23/ccnSyncTest/slice10/round12/randomFile/=FD054B82F591DF/=00/p=DE2BB2F625C0B42DC3D4800957F955C01267E921712139BC9BB1702DCF20EE
Jan 15, 2015 6:21:32 PM org.ccnx.ccn.impl.sync.SliceComparator doComparison
O MAIS DETALHADO: Compare LEAF =05D95348B35DA1736365107BDACCCE484DA8B6A14DCCF3832B16DDA212E3B0C032 to LEAF =099842F5F8D1F3845F54D19DDF661D11AAF69FC8D23BCB516DC7D76171834E65C4
Jan 15, 2015 6:21:32 PM org.ccnx.ccn.impl.sync.SliceComparator doComparison
O MAIS DETALHADO: name X is 0, pos X is 3, name Y is 0, pos Y is 3 comp is 0
Jan 15, 2015 6:21:32 PM org.ccnx.ccn.impl.sync.SliceComparator doComparison
O MAIS DETALHADO: name X (expanded) is /ccnx.org/test/SyncTestRepo-15-01-15-18.20.23/ccnSyncTest/slice10/round12/randomFile/=FD054B82F591DF/%C1.META.M/.header/=FD054B82F5921D/=00/=C79CD215B03DFAB5F06882BC5BA5F1D95D25D28042EABE41AFB332AE2DC26850, name Y (expanded) is /ccnx.org/test/SyncTestRepo-15-01-15-18.20.23/ccnSyncTest/slice10/round12/randomFile/=FD054B82F591DF/%C1.META.M/.header/=FD054B82F5921D/=00/=C79CD215B03DFAB5F06882BC5BA5F1D95D25D28042EABE41AFB332AE2DC26850
Jan 15, 2015 6:21:32 PM org.ccnx.ccn.impl.sync.SliceComparator doComparison
O MAIS DETALHADO: Compare LEAF =05D95348B35DA1736365107BDACCCE484DA8B6A14DCCF3832B16DDA212E3B0C032 to LEAF =099842F5F8D1F3845F54D19DDF661D11AAF69FC8D23BCB516DC7D76171834E65C4
Jan 15, 2015 6:21:32 PM org.ccnx.ccn.impl.sync.SliceComparator doComparison
O MAIS DETALHADO: name X is 0, pos X is 4, name Y is 0, pos Y is 4 comp is 0
Jan 15, 2015 6:21:32 PM org.ccnx.ccn.impl.sync.SliceComparator doComparison
O MAIS DETALHADO: name X (expanded) is /ccnx.org/test/SyncTestRepo-15-01-15-18.20.23/ccnSyncTest/slice10/round13/randomFile/=FD054B82F59B1B/=00/=0A14D94BE374A45E49DA2BC4C06FA4AA8D141E487AECE98ECC199C7D9D5FF867, name Y (expanded) is /ccnx.org/test/SyncTestRepo-15-01-15-18.20.23/ccnSyncTest/slice10/round13/randomFile/=FD054B82F59B1B/=00/=0A14D94BE374A45E49DA2BC4C06FA4AA8D141E487AECE98ECC199C7D9D5FF867
Jan 15, 2015 6:21:32 PM org.ccnx.ccn.impl.sync.SliceComparator doComparison
O MAIS DETALHADO: Compare LEAF =05D95348B35DA1736365107BDACCCE484DA8B6A14DCCF3832B16DDA212E3B0C032 to LEAF =099842F5F8D1F3845F54D19DDF661D11AAF69FC8D23BCB516DC7D76171834E65C4
Jan 15, 2015 6:21:32 PM org.ccnx.ccn.impl.sync.SliceComparator doComparison
O MAIS DETALHADO: name X is 0, pos X is 5, name Y is 0, pos Y is 5 comp is 0
Jan 15, 2015 6:21:32 PM org.ccnx.ccn.impl.sync.SliceComparator doComparison
O MAIS DETALHADO: name X (expanded) is /ccnx.org/test/SyncTestRepo-15-01-15-18.20.23/ccnSyncTest/slice10/round13/randomFile/=FD054B82F59B1B/%C1.META.M/.header/=FD054B82F59B54/=00/=B91C24A48FCF76FD606608E989525543C87D21B9DC4DD2E70BC94A5274642962, name Y (expanded) is /ccnx.org/test/SyncTestRepo-15-01-15-18.20.23/ccnSyncTest/slice10/round13/randomFile/=FD054B82F59B1B/%C1.META.M/.header/=FD054B82F59B54/=00/=B91C24A48FCF76FD606608E989525543C87D21B9DC4DD2E70BC94A5274642962
Jan 15, 2015 6:21:32 PM org.ccnx.ccn.impl.sync.SliceComparator doComparison
O MAIS DETALHADO: Compare LEAF =05D95348B35DA1736365107BDACCCE484DA8B6A14DCCF3832B16DDA212E3B0C032 to LEAF =099842F5F8D1F3845F54D19DDF661D11AAF69FC8D23BCB516DC7D76171834E65C4
Jan 15, 2015 6:21:32 PM org.ccnx.ccn.impl.sync.SliceComparator doComparison
O MAIS DETALHADO: name X is 0, pos X is 6, name Y is 0, pos Y is 6 comp is 0
Jan 15, 2015 6:21:32 PM org.ccnx.ccn.impl.sync.SliceComparator doComparison
O MAIS DETALHADO: name X (expanded) is /ccnx.org/test/SyncTestRepo-15-01-15-18.20.23/ccnSyncTest/slice10/round14/randomFile/=FD054B82F5A43D/=00/I%E4R=9CC526867C0C399103DB98ED9A10FE2536FB15A7B685B5137937133A96, name Y (expanded) is /ccnx.org/test/SyncTestRepo-15-01-15-18.20.23/ccnSyncTest/slice10/round14/randomFile/=FD054B82F5A43D/=00/I%E4R=9CC526867C0C399103DB98ED9A10FE2536FB15A7B685B5137937133A96
Jan 15, 2015 6:21:32 PM org.ccnx.ccn.impl.sync.SliceComparator doComparison
O MAIS DETALHADO: Compare LEAF =05D95348B35DA1736365107BDACCCE484DA8B6A14DCCF3832B16DDA212E3B0C032 to LEAF =099842F5F8D1F3845F54D19DDF661D11AAF69FC8D23BCB516DC7D76171834E65C4
Jan 15, 2015 6:21:32 PM org.ccnx.ccn.impl.sync.SliceComparator doComparison
O MAIS DETALHADO: name X is 0, pos X is 7, name Y is 0, pos Y is 7 comp is 0
Jan 15, 2015 6:21:32 PM org.ccnx.ccn.impl.sync.SliceComparator doComparison
O MAIS DETALHADO: name X (expanded) is /ccnx.org/test/SyncTestRepo-15-01-15-18.20.23/ccnSyncTest/slice10/round14/randomFile/=FD054B82F5A43D/%C1.META.M/.header/=FD054B82F5A47B/=00/=D2E7E647541AC0700DA1BC6E7AB86FB246A298B28F1DA583066C493ADC1F9585, name Y (expanded) is /ccnx.org/test/SyncTestRepo-15-01-15-18.20.23/ccnSyncTest/slice10/round14/randomFile/=FD054B82F5A43D/%C1.META.M/.header/=FD054B82F5A47B/=00/=D2E7E647541AC0700DA1BC6E7AB86FB246A298B28F1DA583066C493ADC1F9585
Jan 15, 2015 6:21:32 PM org.ccnx.ccn.impl.sync.SliceComparator doComparison
O MAIS DETALHADO: Compare LEAF =05D95348B35DA1736365107BDACCCE484DA8B6A14DCCF3832B16DDA212E3B0C032 to LEAF =099842F5F8D1F3845F54D19DDF661D11AAF69FC8D23BCB516DC7D76171834E65C4
Jan 15, 2015 6:21:32 PM org.ccnx.ccn.impl.sync.SliceComparator doComparison
O MAIS DETALHADO: name X is 0, pos X is 8, name Y is 0, pos Y is 8 comp is 0
Jan 15, 2015 6:21:32 PM org.ccnx.ccn.impl.sync.SliceComparator doComparison
O MAIS DETALHADO: name X (expanded) is /ccnx.org/test/SyncTestRepo-15-01-15-18.20.23/ccnSyncTest/slice10/round15/randomFile/=FD054B82F5AD71/=00/c%C2G=2AB3ADCC7888BA202C1647CD19F89481ADC8136697669E316D86E62FBD, name Y (expanded) is /ccnx.org/test/SyncTestRepo-15-01-15-18.20.23/ccnSyncTest/slice10/round15/randomFile/=FD054B82F5AD71/=00/c%C2G=2AB3ADCC7888BA202C1647CD19F89481ADC8136697669E316D86E62FBD
Jan 15, 2015 6:21:32 PM org.ccnx.ccn.impl.sync.SliceComparator doComparison
O MAIS DETALHADO: Compare LEAF =05D95348B35DA1736365107BDACCCE484DA8B6A14DCCF3832B16DDA212E3B0C032 to LEAF =099842F5F8D1F3845F54D19DDF661D11AAF69FC8D23BCB516DC7D76171834E65C4
Jan 15, 2015 6:21:32 PM org.ccnx.ccn.impl.sync.SliceComparator doComparison
O MAIS DETALHADO: name X is 0, pos X is 9, name Y is 0, pos Y is 9 comp is 0
Jan 15, 2015 6:21:32 PM org.ccnx.ccn.impl.sync.SliceComparator doComparison
O MAIS DETALHADO: name X (expanded) is /ccnx.org/test/SyncTestRepo-15-01-15-18.20.23/ccnSyncTest/slice10/round15/randomFile/=FD054B82F5AD71/%C1.META.M/.header/=FD054B82F5ADFC/=00/=FB29EFF43347A48239C93696AC67F5FC96C66BCE636430300184B5F6DD38E07D, name Y (expanded) is /ccnx.org/test/SyncTestRepo-15-01-15-18.20.23/ccnSyncTest/slice10/round15/randomFile/=FD054B82F5AD71/%C1.META.M/.header/=FD054B82F5ADFC/=00/=FB29EFF43347A48239C93696AC67F5FC96C66BCE636430300184B5F6DD38E07D
Jan 15, 2015 6:21:32 PM org.ccnx.ccn.impl.sync.SliceComparator doComparison
O MAIS DETALHADO: Compare NODE =087BBA14313AA31672CE9CB08F3B6359274F2E6A200A63280F082B1BF6A776BC11 to LEAF =099842F5F8D1F3845F54D19DDF661D11AAF69FC8D23BCB516DC7D76171834E65C4, resMin is 1, resMax is -1
Jan 15, 2015 6:21:32 PM org.ccnx.ccn.impl.sync.SliceComparator doComparison
O MAIS DETALHADO: minname is 0, maxname is 0, pos X is 1, pos Y is 10
Jan 15, 2015 6:21:32 PM org.ccnx.ccn.impl.sync.SliceComparator doComparison
O MAIS DETALHADO: Compare LEAF =02A266CB7DDD01A30F698C34B46E9510D9A677C8D23D6FA4E3F14D79E3C3C5FBDF to LEAF =099842F5F8D1F3845F54D19DDF661D11AAF69FC8D23BCB516DC7D76171834E65C4
Jan 15, 2015 6:21:32 PM org.ccnx.ccn.impl.sync.SliceComparator doComparison
O MAIS DETALHADO: name X is 0, pos X is 0, name Y is 0, pos Y is 10 comp is 0
Jan 15, 2015 6:21:32 PM org.ccnx.ccn.impl.sync.SliceComparator doComparison
O MAIS DETALHADO: name X (expanded) is /ccnx.org/test/SyncTestRepo-15-01-15-18.20.23/ccnSyncTest/slice10/round16/randomFile/=FD054B82F5B673/=00/pU=A6A22546186B9FAC4EB8A07C1FBB995F82DA30BC632446C0DCD7E521AAF7, name Y (expanded) is /ccnx.org/test/SyncTestRepo-15-01-15-18.20.23/ccnSyncTest/slice10/round16/randomFile/=FD054B82F5B673/=00/pU=A6A22546186B9FAC4EB8A07C1FBB995F82DA30BC632446C0DCD7E521AAF7
Jan 15, 2015 6:21:32 PM org.ccnx.ccn.impl.sync.SliceComparator doComparison
O MAIS DETALHADO: Compare LEAF =02A266CB7DDD01A30F698C34B46E9510D9A677C8D23D6FA4E3F14D79E3C3C5FBDF to LEAF =099842F5F8D1F3845F54D19DDF661D11AAF69FC8D23BCB516DC7D76171834E65C4
Jan 15, 2015 6:21:32 PM org.ccnx.ccn.impl.sync.SliceComparator doComparison
O MAIS DETALHADO: name X is 0, pos X is 1, name Y is 0, pos Y is 11 comp is 0
Jan 15, 2015 6:21:32 PM org.ccnx.ccn.impl.sync.SliceComparator doComparison
O MAIS DETALHADO: name X (expanded) is /ccnx.org/test/SyncTestRepo-15-01-15-18.20.23/ccnSyncTest/slice10/round16/randomFile/=FD054B82F5B673/%C1.META.M/.header/=FD054B82F5B6B0/=00/=17C2C967425FFDB6EF8C542330DA467562953D126EDAE07B710B380B4D1AC752, name Y (expanded) is /ccnx.org/test/SyncTestRepo-15-01-15-18.20.23/ccnSyncTest/slice10/round16/randomFile/=FD054B82F5B673/%C1.META.M/.header/=FD054B82F5B6B0/=00/=17C2C967425FFDB6EF8C542330DA467562953D126EDAE07B710B380B4D1AC752
Jan 15, 2015 6:21:32 PM org.ccnx.ccn.impl.sync.SliceComparator doComparison
O MAIS DETALHADO: Compare LEAF =02A266CB7DDD01A30F698C34B46E9510D9A677C8D23D6FA4E3F14D79E3C3C5FBDF to LEAF =099842F5F8D1F3845F54D19DDF661D11AAF69FC8D23BCB516DC7D76171834E65C4
Jan 15, 2015 6:21:32 PM org.ccnx.ccn.impl.sync.SliceComparator doComparison
O MAIS DETALHADO: name X is 0, pos X is 2, name Y is 0, pos Y is 12 comp is 0
Jan 15, 2015 6:21:32 PM org.ccnx.ccn.impl.sync.SliceComparator doComparison
O MAIS DETALHADO: name X (expanded) is /ccnx.org/test/SyncTestRepo-15-01-15-18.20.23/ccnSyncTest/slice10/round17/randomFile/=FD054B82F5BF96/=00/=E4BD59CD3D2193F901F55648B2921C3A07BF4E0D1E47354154CD91CFAB4A836B, name Y (expanded) is /ccnx.org/test/SyncTestRepo-15-01-15-18.20.23/ccnSyncTest/slice10/round17/randomFile/=FD054B82F5BF96/=00/=E4BD59CD3D2193F901F55648B2921C3A07BF4E0D1E47354154CD91CFAB4A836B
Jan 15, 2015 6:21:32 PM org.ccnx.ccn.impl.sync.SliceComparator doComparison
O MAIS DETALHADO: Compare LEAF =02A266CB7DDD01A30F698C34B46E9510D9A677C8D23D6FA4E3F14D79E3C3C5FBDF to LEAF =099842F5F8D1F3845F54D19DDF661D11AAF69FC8D23BCB516DC7D76171834E65C4
Jan 15, 2015 6:21:32 PM org.ccnx.ccn.impl.sync.SliceComparator doComparison
O MAIS DETALHADO: name X is 0, pos X is 3, name Y is 0, pos Y is 13 comp is 0
Jan 15, 2015 6:21:32 PM org.ccnx.ccn.impl.sync.SliceComparator doComparison
O MAIS DETALHADO: name X (expanded) is /ccnx.org/test/SyncTestRepo-15-01-15-18.20.23/ccnSyncTest/slice10/round17/randomFile/=FD054B82F5BF96/%C1.META.M/.header/=FD054B82F5BFCF/=00/=DFDAA5AF0C823AF99D76C85A67EDB528F1EB12E800BF06BB8B2F219AAF1EEAFC, name Y (expanded) is /ccnx.org/test/SyncTestRepo-15-01-15-18.20.23/ccnSyncTest/slice10/round17/randomFile/=FD054B82F5BF96/%C1.META.M/.header/=FD054B82F5BFCF/=00/=DFDAA5AF0C823AF99D76C85A67EDB528F1EB12E800BF06BB8B2F219AAF1EEAFC
Jan 15, 2015 6:21:32 PM org.ccnx.ccn.impl.sync.SliceComparator doComparison
O MAIS DETALHADO: Compare LEAF =02A266CB7DDD01A30F698C34B46E9510D9A677C8D23D6FA4E3F14D79E3C3C5FBDF to LEAF =099842F5F8D1F3845F54D19DDF661D11AAF69FC8D23BCB516DC7D76171834E65C4
Jan 15, 2015 6:21:32 PM org.ccnx.ccn.impl.sync.SliceComparator doComparison
O MAIS DETALHADO: name X is 0, pos X is 4, name Y is 0, pos Y is 14 comp is 1
Jan 15, 2015 6:21:32 PM org.ccnx.ccn.impl.sync.SliceComparator doComparison
O MAIS DETALHADO: name X (expanded) is /ccnx.org/test/SyncTestRepo-15-01-15-18.20.23/ccnSyncTest/slice10/randomFile/=FD054B82F53F79/=00/=3CBEB0282FE72CD7F7CF0696455493A1CE4F4E488F469319834E10584FC5C583, name Y (expanded) is /ccnx.org/test/SyncTestRepo-15-01-15-18.20.23/ccnSyncTest/slice10/round18/randomFile/=FD054B82F5C8BC/=00/=2BFB388768C7032EF8F8F3569B818A10CF99BB73C2192F5E83ED88B5585C6EF3
Jan 15, 2015 6:21:32 PM org.ccnx.ccn.profiles.sync.SyncTestRepo doHandleContentName
INFORMAÇÕES: Number 1: Callback for name: /ccnx.org/test/SyncTestRepo-15-01-15-18.20.23/ccnSyncTest/slice10/round18/randomFile/=FD054B82F5C8BC/=00 - number is 0
Jan 15, 2015 6:21:32 PM org.ccnx.ccn.impl.sync.SliceComparator doComparison
O MAIS DETALHADO: Compare LEAF =02A266CB7DDD01A30F698C34B46E9510D9A677C8D23D6FA4E3F14D79E3C3C5FBDF to LEAF =099842F5F8D1F3845F54D19DDF661D11AAF69FC8D23BCB516DC7D76171834E65C4
Jan 15, 2015 6:21:32 PM org.ccnx.ccn.impl.sync.SliceComparator doComparison
O MAIS DETALHADO: name X is 0, pos X is 4, name Y is 0, pos Y is 15 comp is 1
Jan 15, 2015 6:21:32 PM org.ccnx.ccn.impl.sync.SliceComparator doComparison
O MAIS DETALHADO: name X (expanded) is /ccnx.org/test/SyncTestRepo-15-01-15-18.20.23/ccnSyncTest/slice10/randomFile/=FD054B82F53F79/=00/=3CBEB0282FE72CD7F7CF0696455493A1CE4F4E488F469319834E10584FC5C583, name Y (expanded) is /ccnx.org/test/SyncTestRepo-15-01-15-18.20.23/ccnSyncTest/slice10/round18/randomFile/=FD054B82F5C8BC/%C1.META.M/.header/=FD054B82F5C8FA/=00/=F08DA9402E896ABD8D3BF9F98F382E72D7D7A33E6F4EFA003BBEBCC5837B3AC0
Jan 15, 2015 6:21:32 PM org.ccnx.ccn.profiles.sync.SyncTestRepo doHandleContentName
INFORMAÇÕES: Number 1: Callback for name: /ccnx.org/test/SyncTestRepo-15-01-15-18.20.23/ccnSyncTest/slice10/round18/randomFile/=FD054B82F5C8BC/%C1.META.M/.header/=FD054B82F5C8FA/=00 - number is header
Jan 15, 2015 6:21:32 PM org.ccnx.ccn.impl.sync.SliceComparator doComparison
O MAIS DETALHADO: Compare LEAF =02A266CB7DDD01A30F698C34B46E9510D9A677C8D23D6FA4E3F14D79E3C3C5FBDF to LEAF =099842F5F8D1F3845F54D19DDF661D11AAF69FC8D23BCB516DC7D76171834E65C4
Jan 15, 2015 6:21:32 PM org.ccnx.ccn.impl.sync.SliceComparator doComparison
O MAIS DETALHADO: name X is 0, pos X is 4, name Y is 0, pos Y is 16 comp is 0
Jan 15, 2015 6:21:32 PM org.ccnx.ccn.impl.sync.SliceComparator doComparison
O MAIS DETALHADO: name X (expanded) is /ccnx.org/test/SyncTestRepo-15-01-15-18.20.23/ccnSyncTest/slice10/randomFile/=FD054B82F53F79/=00/=3CBEB0282FE72CD7F7CF0696455493A1CE4F4E488F469319834E10584FC5C583, name Y (expanded) is /ccnx.org/test/SyncTestRepo-15-01-15-18.20.23/ccnSyncTest/slice10/randomFile/=FD054B82F53F79/=00/=3CBEB0282FE72CD7F7CF0696455493A1CE4F4E488F469319834E10584FC5C583
Jan 15, 2015 6:21:32 PM org.ccnx.ccn.impl.sync.SliceComparator doComparison
O MAIS DETALHADO: Compare LEAF =02A266CB7DDD01A30F698C34B46E9510D9A677C8D23D6FA4E3F14D79E3C3C5FBDF to LEAF =099842F5F8D1F3845F54D19DDF661D11AAF69FC8D23BCB516DC7D76171834E65C4
Jan 15, 2015 6:21:32 PM org.ccnx.ccn.impl.sync.SliceComparator doComparison
O MAIS DETALHADO: name X is 0, pos X is 5, name Y is 0, pos Y is 17 comp is 0
Jan 15, 2015 6:21:32 PM org.ccnx.ccn.impl.sync.SliceComparator doComparison
O MAIS DETALHADO: name X (expanded) is /ccnx.org/test/SyncTestRepo-15-01-15-18.20.23/ccnSyncTest/slice10/randomFile/=FD054B82F53F79/%C1.META.M/.header/=FD054B82F53FB2/=00/=18F7ABCFFBD0912243186C9F3D6A45A3E28959A7EF8B922DD636A13DE75A55AC, name Y (expanded) is /ccnx.org/test/SyncTestRepo-15-01-15-18.20.23/ccnSyncTest/slice10/randomFile/=FD054B82F53F79/%C1.META.M/.header/=FD054B82F53FB2/=00/=18F7ABCFFBD0912243186C9F3D6A45A3E28959A7EF8B922DD636A13DE75A55AC
Jan 15, 2015 6:21:32 PM org.ccnx.ccn.impl.sync.SliceComparator updateCurrent
O MAIS DETALHADO: Starting update from hash =087BBA14313AA31672CE9CB08F3B6359274F2E6A200A63280F082B1BF6A776BC11
Jan 15, 2015 6:21:32 PM org.ccnx.ccn.impl.sync.SliceComparator updateCurrent
O MAIS DETALHADO: Update compare - moving to: =05D95348B35DA1736365107BDACCCE484DA8B6A14DCCF3832B16DDA212E3B0C032
Jan 15, 2015 6:21:32 PM org.ccnx.ccn.impl.sync.SliceComparator updateCurrent
O MAIS DETALHADO: Shortcut in update - popping back to =087BBA14313AA31672CE9CB08F3B6359274F2E6A200A63280F082B1BF6A776BC11, pos 1
Jan 15, 2015 6:21:32 PM org.ccnx.ccn.impl.sync.SliceComparator updateCurrent
O MAIS DETALHADO: Update compare - moving to: =02A266CB7DDD01A30F698C34B46E9510D9A677C8D23D6FA4E3F14D79E3C3C5FBDF
Jan 15, 2015 6:21:32 PM org.ccnx.ccn.impl.sync.SliceComparator updateCurrent
O MAIS DETALHADO: Update compare: name from tree (expanded) is /ccnx.org/test/SyncTestRepo-15-01-15-18.20.23/ccnSyncTest/slice10/round16/randomFile/=FD054B82F5B673/=00/pU=A6A22546186B9FAC4EB8A07C1FBB995F82DA30BC632446C0DCD7E521AAF7, name  is /ccnx.org/test/SyncTestRepo-15-01-15-18.20.23/ccnSyncTest/slice10/round18/randomFile/=FD054B82F5C8BC/=00/=2BFB388768C7032EF8F8F3569B818A10CF99BB73C2192F5E83ED88B5585C6EF3, comp is -1
Jan 15, 2015 6:21:32 PM org.ccnx.ccn.impl.sync.SliceComparator updateCurrent
O MAIS DETALHADO: Update compare: name from tree (expanded) is /ccnx.org/test/SyncTestRepo-15-01-15-18.20.23/ccnSyncTest/slice10/round16/randomFile/=FD054B82F5B673/%C1.META.M/.header/=FD054B82F5B6B0/=00/=17C2C967425FFDB6EF8C542330DA467562953D126EDAE07B710B380B4D1AC752, name  is /ccnx.org/test/SyncTestRepo-15-01-15-18.20.23/ccnSyncTest/slice10/round18/randomFile/=FD054B82F5C8BC/=00/=2BFB388768C7032EF8F8F3569B818A10CF99BB73C2192F5E83ED88B5585C6EF3, comp is -1
Jan 15, 2015 6:21:32 PM org.ccnx.ccn.impl.sync.SliceComparator updateCurrent
O MAIS DETALHADO: Update compare: name from tree (expanded) is /ccnx.org/test/SyncTestRepo-15-01-15-18.20.23/ccnSyncTest/slice10/round17/randomFile/=FD054B82F5BF96/=00/=E4BD59CD3D2193F901F55648B2921C3A07BF4E0D1E47354154CD91CFAB4A836B, name  is /ccnx.org/test/SyncTestRepo-15-01-15-18.20.23/ccnSyncTest/slice10/round18/randomFile/=FD054B82F5C8BC/=00/=2BFB388768C7032EF8F8F3569B818A10CF99BB73C2192F5E83ED88B5585C6EF3, comp is -1
Jan 15, 2015 6:21:32 PM org.ccnx.ccn.impl.sync.SliceComparator updateCurrent
O MAIS DETALHADO: Update compare: name from tree (expanded) is /ccnx.org/test/SyncTestRepo-15-01-15-18.20.23/ccnSyncTest/slice10/round17/randomFile/=FD054B82F5BF96/%C1.META.M/.header/=FD054B82F5BFCF/=00/=DFDAA5AF0C823AF99D76C85A67EDB528F1EB12E800BF06BB8B2F219AAF1EEAFC, name  is /ccnx.org/test/SyncTestRepo-15-01-15-18.20.23/ccnSyncTest/slice10/round18/randomFile/=FD054B82F5C8BC/=00/=2BFB388768C7032EF8F8F3569B818A10CF99BB73C2192F5E83ED88B5585C6EF3, comp is -1
Jan 15, 2015 6:21:32 PM org.ccnx.ccn.impl.sync.SliceComparator updateCurrent
O MAIS DETALHADO: Update compare: name from tree (expanded) is /ccnx.org/test/SyncTestRepo-15-01-15-18.20.23/ccnSyncTest/slice10/randomFile/=FD054B82F53F79/=00/=3CBEB0282FE72CD7F7CF0696455493A1CE4F4E488F469319834E10584FC5C583, name  is /ccnx.org/test/SyncTestRepo-15-01-15-18.20.23/ccnSyncTest/slice10/round18/randomFile/=FD054B82F5C8BC/=00/=2BFB388768C7032EF8F8F3569B818A10CF99BB73C2192F5E83ED88B5585C6EF3, comp is 1
Jan 15, 2015 6:21:32 PM org.ccnx.ccn.impl.sync.SliceComparator updateCurrent
O MAIS DETALHADO: Update: starting redo of names because of /ccnx.org/test/SyncTestRepo-15-01-15-18.20.23/ccnSyncTest/slice10/round18/randomFile/=FD054B82F5C8BC/=00/=2BFB388768C7032EF8F8F3569B818A10CF99BB73C2192F5E83ED88B5585C6EF3 at /ccnx.org/test/SyncTestRepo-15-01-15-18.20.23/ccnSyncTest/slice10/round16/randomFile/=FD054B82F5B673/=00/pU=A6A22546186B9FAC4EB8A07C1FBB995F82DA30BC632446C0DCD7E521AAF7
Jan 15, 2015 6:21:32 PM org.ccnx.ccn.io.content.SyncNodeComposite decodeLogging
O MAIS DETALHADO: decode node for =03BEEFAD45745210FBEFC12204994EC95D4DE927846ED7CE42B0F9BF5E9F9DA592 depth = 1 refs = 8
Jan 15, 2015 6:21:32 PM org.ccnx.ccn.io.content.SyncNodeComposite decodeLogging
O MAIS DETALHADO: min is 0, max is 0, expanded min is /ccnx.org/test/SyncTestRepo-15-01-15-18.20.23/ccnSyncTest/slice10/round16/randomFile/=FD054B82F5B673/=00/pU=A6A22546186B9FAC4EB8A07C1FBB995F82DA30BC632446C0DCD7E521AAF7, expanded max is /ccnx.org/test/SyncTestRepo-15-01-15-18.20.23/ccnSyncTest/slice10/randomFile/=FD054B82F53F79/%C1.META.M/.header/=FD054B82F53FB2/=00/=18F7ABCFFBD0912243186C9F3D6A45A3E28959A7EF8B922DD636A13DE75A55AC
Jan 15, 2015 6:21:32 PM org.ccnx.ccn.impl.sync.SyncTreeEntry <init>
O MAIS DETALHADO: Found existing node: =099842F5F8D1F3845F54D19DDF661D11AAF69FC8D23BCB516DC7D76171834E65C4
Jan 15, 2015 6:21:32 PM org.ccnx.ccn.io.content.SyncNodeComposite decodeLogging
O MAIS DETALHADO: decode node for =099842F5F8D1F3845F54D19DDF661D11AAF69FC8D23BCB516DC7D76171834E65C4 depth = 2 refs = 2
Jan 15, 2015 6:21:32 PM org.ccnx.ccn.io.content.SyncNodeComposite decodeLogging
O MAIS DETALHADO: min is 0, max is 0, expanded min is /ccnx.org/test/SyncTestRepo-15-01-15-18.20.23/ccnSyncTest/slice10/round11/randomFile/=FD054B82F588B4/=00/=862C3C8C527D6B204E7FCD4EAF121546BFBA9E26B978EC9010B0DB73EDD734F0, expanded max is /ccnx.org/test/SyncTestRepo-15-01-15-18.20.23/ccnSyncTest/slice10/randomFile/=FD054B82F53F79/%C1.META.M/.header/=FD054B82F53FB2/=00/=18F7ABCFFBD0912243186C9F3D6A45A3E28959A7EF8B922DD636A13DE75A55AC
Jan 15, 2015 6:21:32 PM org.ccnx.ccn.impl.sync.NodeBuilder createHeadRecursive
O MAIS DETALHADO: Creating new compound node - with first element =05D95348B35DA1736365107BDACCCE484DA8B6A14DCCF3832B16DDA212E3B0C032 and last element =03BEEFAD45745210FBEFC12204994EC95D4DE927846ED7CE42B0F9BF5E9F9DA592
Jan 15, 2015 6:21:32 PM org.ccnx.ccn.impl.sync.SliceComparator updateCurrent
INFORMAÇÕES: Resetting current to created head: =099842F5F8D1F3845F54D19DDF661D11AAF69FC8D23BCB516DC7D76171834E65C4
Jan 15, 2015 6:21:33 PM org.ccnx.ccn.profiles.sync.SyncTestRepo checkCallbacks
DETALHADO: got segment 0
Jan 15, 2015 6:21:33 PM org.ccnx.ccn.profiles.sync.SyncTestRepo checkCallbacks
DETALHADO: received: [true, false] finished: [true, true]
Jan 15, 2015 6:21:33 PM org.ccnx.ccn.profiles.sync.SyncTestRepo checkCallbacks
DETALHADO: got the header
Jan 15, 2015 6:21:33 PM org.ccnx.ccn.profiles.sync.SyncTestRepo checkCallbacks
DETALHADO: received: [true, true] finished: [true, true]
Jan 15, 2015 6:21:33 PM org.ccnx.ccn.profiles.sync.SyncTestRepo checkCallbacks
DETALHADO: got all the segments!
Jan 15, 2015 6:21:33 PM org.ccnx.ccn.profiles.sync.SyncTestRepo checkCallbacks
DETALHADO: trying to loop again looking for segments
Jan 15, 2015 6:21:33 PM org.ccnx.ccn.profiles.sync.SyncTestRepo checkCallbacks
DETALHADO: done looping, returning.
Jan 15, 2015 6:21:33 PM org.ccnx.ccn.impl.CCNFlowControl <init>
INFORMAÇÕES: adding namespace: /ccnx.org/test/SyncTestRepo-15-01-15-18.20.23/ccnSyncTest/slice10/round19/randomFile
Jan 15, 2015 6:21:33 PM org.ccnx.ccn.impl.security.keys.BasicKeyManager getKeyLocator
INFORMAÇÕES: getKeyLocator: returning locator NAME: /ccnx.org/Users/root/Keys/%C1.M.K=009234ADEC47D19E3E6A2AF362D44E09AB6B71F43B1900BA0622FB45F2A5B7D9F6/=FD054AE7DE1000 KEY:-reba89rgbj1o6ata34t5eovcl4kho5s9pnv8nstq15q1ld4g9ga for key kjSt7EfRnj5qKvNi1E4Jq2tx9DsZALoGIvtF8qW32fY=
Jan 15, 2015 6:21:33 PM org.ccnx.ccn.io.CCNAbstractOutputStream <init>
INFORMAÇÕES: CCNAbstractOutputStream: /ccnx.org/test/SyncTestRepo-15-01-15-18.20.23/ccnSyncTest/slice10/round19/randomFile/=FD054B82F5D1E7 blocksize is 4096
Jan 15, 2015 6:21:33 PM org.ccnx.ccn.io.CCNAbstractOutputStream startWrite
INFORMAÇÕES: CCNAbstractOutputStream: startWrite -- searching for keys.
Jan 15, 2015 6:21:33 PM org.ccnx.ccn.profiles.security.access.AccessControlManager keysForOutput
INFORMAÇÕES: keysForOutput: found an acm: (null)
Jan 15, 2015 6:21:33 PM org.ccnx.ccn.impl.repo.RepositoryFlowControl startWrite
INFORMAÇÕES: RepositoryFlowControl.startWrite called for name /ccnx.org/test/SyncTestRepo-15-01-15-18.20.23/ccnSyncTest/slice10/round19/randomFile/=FD054B82F5D1E7, shape STREAM
Jan 15, 2015 6:21:33 PM org.ccnx.ccn.impl.repo.RepositoryFlowControl handleContent
INFORMAÇÕES: handleContent: got potential repo message: /ccnx.org/test/SyncTestRepo-15-01-15-18.20.23/ccnSyncTest/slice10/round19/randomFile/=FD054B82F5D1E7/%C1.R.sw/%C1.N=00F4725BD9BE929A8A
Jan 15, 2015 6:21:33 PM org.ccnx.ccn.profiles.sync.SyncTestCommon writeFile
DETALHADO: bytes: 4096 block size: 4096 div: 1.0 ceil: 1
Jan 15, 2015 6:21:33 PM org.ccnx.ccn.profiles.sync.SyncTestCommon writeFile
DETALHADO: will write out a 4096 byte file, will have 2 segments (1 is a header)
Jan 15, 2015 6:21:33 PM org.ccnx.ccn.io.CCNOutputStream flushToNetwork
INFORMAÇÕES: flush: outputting to the segmenter, baseName /ccnx.org/test/SyncTestRepo-15-01-15-18.20.23/ccnSyncTest/slice10/round19/randomFile/=FD054B82F5D1E7 basenameindex =00; 4096 bytes written, holding back 4096 flushing final blocks? false.
Jan 15, 2015 6:21:33 PM org.ccnx.ccn.io.CCNOutputStream flushToNetwork
INFORMAÇÕES: HEADER: CCNOutputStream: flushToNetwork: new _baseNameIndex 0
Jan 15, 2015 6:21:33 PM org.ccnx.ccn.io.CCNOutputStream flushToNetwork
INFORMAÇÕES: flush: outputting to the segmenter, baseName /ccnx.org/test/SyncTestRepo-15-01-15-18.20.23/ccnSyncTest/slice10/round19/randomFile/=FD054B82F5D1E7 basenameindex =00; 4096 bytes written, holding back 4096 flushing final blocks? false.
Jan 15, 2015 6:21:33 PM org.ccnx.ccn.io.CCNOutputStream flushToNetwork
INFORMAÇÕES: HEADER: CCNOutputStream: flushToNetwork: new _baseNameIndex 0
Jan 15, 2015 6:21:33 PM org.ccnx.ccn.io.CCNOutputStream flushToNetwork
INFORMAÇÕES: flush: outputting to the segmenter, baseName /ccnx.org/test/SyncTestRepo-15-01-15-18.20.23/ccnSyncTest/slice10/round19/randomFile/=FD054B82F5D1E7 basenameindex =00; 4096 bytes written, holding back 0 flushing final blocks? true.
Jan 15, 2015 6:21:33 PM org.ccnx.ccn.io.CCNOutputStream flushToNetwork
INFORMAÇÕES: HEADER: CCNOutputStream: flushToNetwork: new _baseNameIndex 1
Jan 15, 2015 6:21:33 PM org.ccnx.ccn.io.CCNAbstractOutputStream <init>
INFORMAÇÕES: CCNAbstractOutputStream: /ccnx.org/test/SyncTestRepo-15-01-15-18.20.23/ccnSyncTest/slice10/round19/randomFile/=FD054B82F5D1E7/%C1.META.M/.header/=FD054B82F5D221 blocksize is 4096
Jan 15, 2015 6:21:33 PM org.ccnx.ccn.io.CCNAbstractOutputStream startWrite
INFORMAÇÕES: CCNAbstractOutputStream: startWrite -- searching for keys.
Jan 15, 2015 6:21:33 PM org.ccnx.ccn.profiles.security.access.AccessControlManager keysForOutput
INFORMAÇÕES: keysForOutput: found an acm: (null)
Jan 15, 2015 6:21:33 PM org.ccnx.ccn.impl.repo.RepositoryFlowControl startWrite
INFORMAÇÕES: RepositoryFlowControl.startWrite called for name /ccnx.org/test/SyncTestRepo-15-01-15-18.20.23/ccnSyncTest/slice10/round19/randomFile/=FD054B82F5D1E7/%C1.META.M/.header/=FD054B82F5D221, shape STREAM
Jan 15, 2015 6:21:33 PM org.ccnx.ccn.impl.repo.RepositoryFlowControl handleContent
INFORMAÇÕES: handleContent: got potential repo message: /ccnx.org/test/SyncTestRepo-15-01-15-18.20.23/ccnSyncTest/slice10/round19/randomFile/=FD054B82F5D1E7/%C1.META.M/.header/=FD054B82F5D221/%C1.R.sw/%C1.N=00B3D57C819FBFBCC7
Jan 15, 2015 6:21:33 PM org.ccnx.ccn.io.CCNOutputStream flushToNetwork
INFORMAÇÕES: flush: outputting to the segmenter, baseName /ccnx.org/test/SyncTestRepo-15-01-15-18.20.23/ccnSyncTest/slice10/round19/randomFile/=FD054B82F5D1E7/%C1.META.M/.header/=FD054B82F5D221 basenameindex =00; 66 bytes written, holding back 66 flushing final blocks? false.
Jan 15, 2015 6:21:33 PM org.ccnx.ccn.io.CCNOutputStream flushToNetwork
INFORMAÇÕES: HEADER: CCNOutputStream: flushToNetwork: new _baseNameIndex 0
Jan 15, 2015 6:21:33 PM org.ccnx.ccn.io.CCNOutputStream flushToNetwork
INFORMAÇÕES: flush: outputting to the segmenter, baseName /ccnx.org/test/SyncTestRepo-15-01-15-18.20.23/ccnSyncTest/slice10/round19/randomFile/=FD054B82F5D1E7/%C1.META.M/.header/=FD054B82F5D221 basenameindex =00; 66 bytes written, holding back 66 flushing final blocks? false.
Jan 15, 2015 6:21:33 PM org.ccnx.ccn.io.CCNOutputStream flushToNetwork
INFORMAÇÕES: HEADER: CCNOutputStream: flushToNetwork: new _baseNameIndex 0
Jan 15, 2015 6:21:33 PM org.ccnx.ccn.io.CCNOutputStream flushToNetwork
INFORMAÇÕES: flush: outputting to the segmenter, baseName /ccnx.org/test/SyncTestRepo-15-01-15-18.20.23/ccnSyncTest/slice10/round19/randomFile/=FD054B82F5D1E7/%C1.META.M/.header/=FD054B82F5D221 basenameindex =00; 66 bytes written, holding back 0 flushing final blocks? true.
Jan 15, 2015 6:21:33 PM org.ccnx.ccn.io.CCNOutputStream flushToNetwork
INFORMAÇÕES: HEADER: CCNOutputStream: flushToNetwork: new _baseNameIndex 1
Jan 15, 2015 6:21:33 PM org.ccnx.ccn.io.CCNOutputStream close
INFORMAÇÕES: CCNOutputStream close: /ccnx.org/test/SyncTestRepo-15-01-15-18.20.23/ccnSyncTest/slice10/round19/randomFile/=FD054B82F5D1E7/%C1.META.M/.header/=FD054B82F5D221
Jan 15, 2015 6:21:33 PM org.ccnx.ccn.io.CCNOutputStream close
INFORMAÇÕES: CCNOutputStream close: /ccnx.org/test/SyncTestRepo-15-01-15-18.20.23/ccnSyncTest/slice10/round19/randomFile/=FD054B82F5D1E7
Jan 15, 2015 6:21:33 PM org.ccnx.ccn.profiles.sync.SyncTestCommon writeFile
INFORMAÇÕES: Wrote file to repository: /ccnx.org/test/SyncTestRepo-15-01-15-18.20.23/ccnSyncTest/slice10/round19/randomFile/=FD054B82F5D1E7 with 2 segments
Jan 15, 2015 6:21:33 PM org.ccnx.ccn.profiles.sync.SyncTestRepo checkCallbacks
DETALHADO: checking for callbacks:  /ccnx.org/test/SyncTestRepo-15-01-15-18.20.23/ccnSyncTest/slice10/round19 segments: 2
Jan 15, 2015 6:21:33 PM org.ccnx.ccn.impl.sync.ProtocolBasedSyncMonitor handleContent
INFORMAÇÕES: Saw new content from sync: /ccnx.org/test/SyncTestRepo-15-01-15-18.20.23/topoPrefix/%C1.S.ra/x%E7U.=86853EF050D99AC7B6E19C29B7AECFA1B2568CAD74E733BCB2443F63/=099842F5F8D1F3845F54D19DDF661D11AAF69FC8D23BCB516DC7D76171834E65C4/=0A8E904220C7741D734CF98D80C9C1E4729EDF3949DD78A459076DBD179330E62F
Jan 15, 2015 6:21:33 PM org.ccnx.ccn.impl.sync.SliceComparator run
DETALHADO: Starting comparator run - state is INIT, sc is org.ccnx.ccn.impl.sync.SliceComparator@ca0898b, this is the lead
Jan 15, 2015 6:21:33 PM org.ccnx.ccn.impl.encoding.BinaryXMLDecoder setElement
INFORMAÇÕES: Reset decode array sizes to 150
Jan 15, 2015 6:21:33 PM org.ccnx.ccn.impl.encoding.BinaryXMLDecoder setElement
INFORMAÇÕES: Reset decode array sizes to 225
Jan 15, 2015 6:21:33 PM org.ccnx.ccn.impl.encoding.BinaryXMLDecoder setElement
INFORMAÇÕES: Reset decode array sizes to 337
Jan 15, 2015 6:21:33 PM org.ccnx.ccn.impl.encoding.BinaryXMLDecoder setElement
INFORMAÇÕES: Reset decode array sizes to 505
Jan 15, 2015 6:21:33 PM org.ccnx.ccn.impl.encoding.BinaryXMLDecoder setElement
INFORMAÇÕES: Reset decode array sizes to 757
Jan 15, 2015 6:21:33 PM org.ccnx.ccn.impl.encoding.BinaryXMLDecoder setElement
INFORMAÇÕES: Reset decode array sizes to 1135
Jan 15, 2015 6:21:33 PM org.ccnx.ccn.io.content.SyncNodeComposite decodeLogging
O MAIS DETALHADO: decode node for =0A8E904220C7741D734CF98D80C9C1E4729EDF3949DD78A459076DBD179330E62F depth = 1 refs = 20
Jan 15, 2015 6:21:33 PM org.ccnx.ccn.io.content.SyncNodeComposite decodeLogging
O MAIS DETALHADO: min is 0, max is 0, expanded min is /ccnx.org/test/SyncTestRepo-15-01-15-18.20.23/ccnSyncTest/slice10/round11/randomFile/=FD054B82F588B4/=00/=862C3C8C527D6B204E7FCD4EAF121546BFBA9E26B978EC9010B0DB73EDD734F0, expanded max is /ccnx.org/test/SyncTestRepo-15-01-15-18.20.23/ccnSyncTest/slice10/randomFile/=FD054B82F53F79/%C1.META.M/.header/=FD054B82F53FB2/=00/=18F7ABCFFBD0912243186C9F3D6A45A3E28959A7EF8B922DD636A13DE75A55AC
Jan 15, 2015 6:21:33 PM org.ccnx.ccn.impl.sync.SliceComparator run
INFORMAÇÕES: Starting new round with X = =099842F5F8D1F3845F54D19DDF661D11AAF69FC8D23BCB516DC7D76171834E65C4 and Y = =0A8E904220C7741D734CF98D80C9C1E4729EDF3949DD78A459076DBD179330E62F
Jan 15, 2015 6:21:33 PM org.ccnx.ccn.impl.sync.SliceComparator doComparison
O MAIS DETALHADO: Compare NODE =099842F5F8D1F3845F54D19DDF661D11AAF69FC8D23BCB516DC7D76171834E65C4 to LEAF =0A8E904220C7741D734CF98D80C9C1E4729EDF3949DD78A459076DBD179330E62F, resMin is 0, resMax is -1
Jan 15, 2015 6:21:33 PM org.ccnx.ccn.impl.sync.SliceComparator doComparison
O MAIS DETALHADO: minname is 0, maxname is 0, pos X is 0, pos Y is 0
Jan 15, 2015 6:21:33 PM org.ccnx.ccn.impl.sync.SliceComparator doComparison
O MAIS DETALHADO: Compare NODE =099842F5F8D1F3845F54D19DDF661D11AAF69FC8D23BCB516DC7D76171834E65C4 to LEAF =0A8E904220C7741D734CF98D80C9C1E4729EDF3949DD78A459076DBD179330E62F, resMin is 1, resMax is -1
Jan 15, 2015 6:21:33 PM org.ccnx.ccn.impl.sync.SliceComparator doComparison
O MAIS DETALHADO: minname is 0, maxname is 0, pos X is 0, pos Y is 1
Jan 15, 2015 6:21:33 PM org.ccnx.ccn.impl.sync.SliceComparator doComparison
O MAIS DETALHADO: Compare LEAF =05D95348B35DA1736365107BDACCCE484DA8B6A14DCCF3832B16DDA212E3B0C032 to LEAF =0A8E904220C7741D734CF98D80C9C1E4729EDF3949DD78A459076DBD179330E62F
Jan 15, 2015 6:21:33 PM org.ccnx.ccn.impl.sync.SliceComparator doComparison
O MAIS DETALHADO: name X is 0, pos X is 0, name Y is 0, pos Y is 1 comp is -1
Jan 15, 2015 6:21:33 PM org.ccnx.ccn.impl.sync.SliceComparator doComparison
O MAIS DETALHADO: name X (expanded) is /ccnx.org/test/SyncTestRepo-15-01-15-18.20.23/ccnSyncTest/slice10/round11/randomFile/=FD054B82F588B4/=00/=862C3C8C527D6B204E7FCD4EAF121546BFBA9E26B978EC9010B0DB73EDD734F0, name Y (expanded) is /ccnx.org/test/SyncTestRepo-15-01-15-18.20.23/ccnSyncTest/slice10/round11/randomFile/=FD054B82F588B4/%C1.META.M/.header/=FD054B82F588F2/=00/=DBC2A06AF145799671C57E6C55FB2D868F36DD55A23916A8CDB6B7981131FFE6
Jan 15, 2015 6:21:33 PM org.ccnx.ccn.impl.sync.SliceComparator doComparison
O MAIS DETALHADO: Compare LEAF =05D95348B35DA1736365107BDACCCE484DA8B6A14DCCF3832B16DDA212E3B0C032 to LEAF =0A8E904220C7741D734CF98D80C9C1E4729EDF3949DD78A459076DBD179330E62F
Jan 15, 2015 6:21:33 PM org.ccnx.ccn.impl.sync.SliceComparator doComparison
O MAIS DETALHADO: name X is 0, pos X is 1, name Y is 0, pos Y is 1 comp is 0
Jan 15, 2015 6:21:33 PM org.ccnx.ccn.impl.sync.SliceComparator doComparison
O MAIS DETALHADO: name X (expanded) is /ccnx.org/test/SyncTestRepo-15-01-15-18.20.23/ccnSyncTest/slice10/round11/randomFile/=FD054B82F588B4/%C1.META.M/.header/=FD054B82F588F2/=00/=DBC2A06AF145799671C57E6C55FB2D868F36DD55A23916A8CDB6B7981131FFE6, name Y (expanded) is /ccnx.org/test/SyncTestRepo-15-01-15-18.20.23/ccnSyncTest/slice10/round11/randomFile/=FD054B82F588B4/%C1.META.M/.header/=FD054B82F588F2/=00/=DBC2A06AF145799671C57E6C55FB2D868F36DD55A23916A8CDB6B7981131FFE6
Jan 15, 2015 6:21:33 PM org.ccnx.ccn.impl.sync.SliceComparator doComparison
O MAIS DETALHADO: Compare LEAF =05D95348B35DA1736365107BDACCCE484DA8B6A14DCCF3832B16DDA212E3B0C032 to LEAF =0A8E904220C7741D734CF98D80C9C1E4729EDF3949DD78A459076DBD179330E62F
Jan 15, 2015 6:21:33 PM org.ccnx.ccn.impl.sync.SliceComparator doComparison
O MAIS DETALHADO: name X is 0, pos X is 2, name Y is 0, pos Y is 2 comp is 0
Jan 15, 2015 6:21:33 PM org.ccnx.ccn.impl.sync.SliceComparator doComparison
O MAIS DETALHADO: name X (expanded) is /ccnx.org/test/SyncTestRepo-15-01-15-18.20.23/ccnSyncTest/slice10/round12/randomFile/=FD054B82F591DF/=00/p=DE2BB2F625C0B42DC3D4800957F955C01267E921712139BC9BB1702DCF20EE, name Y (expanded) is /ccnx.org/test/SyncTestRepo-15-01-15-18.20.23/ccnSyncTest/slice10/round12/randomFile/=FD054B82F591DF/=00/p=DE2BB2F625C0B42DC3D4800957F955C01267E921712139BC9BB1702DCF20EE
Jan 15, 2015 6:21:33 PM org.ccnx.ccn.impl.sync.SliceComparator doComparison
O MAIS DETALHADO: Compare LEAF =05D95348B35DA1736365107BDACCCE484DA8B6A14DCCF3832B16DDA212E3B0C032 to LEAF =0A8E904220C7741D734CF98D80C9C1E4729EDF3949DD78A459076DBD179330E62F
Jan 15, 2015 6:21:33 PM org.ccnx.ccn.impl.sync.SliceComparator doComparison
O MAIS DETALHADO: name X is 0, pos X is 3, name Y is 0, pos Y is 3 comp is 0
Jan 15, 2015 6:21:33 PM org.ccnx.ccn.impl.sync.SliceComparator doComparison
O MAIS DETALHADO: name X (expanded) is /ccnx.org/test/SyncTestRepo-15-01-15-18.20.23/ccnSyncTest/slice10/round12/randomFile/=FD054B82F591DF/%C1.META.M/.header/=FD054B82F5921D/=00/=C79CD215B03DFAB5F06882BC5BA5F1D95D25D28042EABE41AFB332AE2DC26850, name Y (expanded) is /ccnx.org/test/SyncTestRepo-15-01-15-18.20.23/ccnSyncTest/slice10/round12/randomFile/=FD054B82F591DF/%C1.META.M/.header/=FD054B82F5921D/=00/=C79CD215B03DFAB5F06882BC5BA5F1D95D25D28042EABE41AFB332AE2DC26850
Jan 15, 2015 6:21:33 PM org.ccnx.ccn.impl.sync.SliceComparator doComparison
O MAIS DETALHADO: Compare LEAF =05D95348B35DA1736365107BDACCCE484DA8B6A14DCCF3832B16DDA212E3B0C032 to LEAF =0A8E904220C7741D734CF98D80C9C1E4729EDF3949DD78A459076DBD179330E62F
Jan 15, 2015 6:21:33 PM org.ccnx.ccn.impl.sync.SliceComparator doComparison
O MAIS DETALHADO: name X is 0, pos X is 4, name Y is 0, pos Y is 4 comp is 0
Jan 15, 2015 6:21:33 PM org.ccnx.ccn.impl.sync.SliceComparator doComparison
O MAIS DETALHADO: name X (expanded) is /ccnx.org/test/SyncTestRepo-15-01-15-18.20.23/ccnSyncTest/slice10/round13/randomFile/=FD054B82F59B1B/=00/=0A14D94BE374A45E49DA2BC4C06FA4AA8D141E487AECE98ECC199C7D9D5FF867, name Y (expanded) is /ccnx.org/test/SyncTestRepo-15-01-15-18.20.23/ccnSyncTest/slice10/round13/randomFile/=FD054B82F59B1B/=00/=0A14D94BE374A45E49DA2BC4C06FA4AA8D141E487AECE98ECC199C7D9D5FF867
Jan 15, 2015 6:21:33 PM org.ccnx.ccn.impl.sync.SliceComparator doComparison
O MAIS DETALHADO: Compare LEAF =05D95348B35DA1736365107BDACCCE484DA8B6A14DCCF3832B16DDA212E3B0C032 to LEAF =0A8E904220C7741D734CF98D80C9C1E4729EDF3949DD78A459076DBD179330E62F
Jan 15, 2015 6:21:33 PM org.ccnx.ccn.impl.sync.SliceComparator doComparison
O MAIS DETALHADO: name X is 0, pos X is 5, name Y is 0, pos Y is 5 comp is 0
Jan 15, 2015 6:21:33 PM org.ccnx.ccn.impl.sync.SliceComparator doComparison
O MAIS DETALHADO: name X (expanded) is /ccnx.org/test/SyncTestRepo-15-01-15-18.20.23/ccnSyncTest/slice10/round13/randomFile/=FD054B82F59B1B/%C1.META.M/.header/=FD054B82F59B54/=00/=B91C24A48FCF76FD606608E989525543C87D21B9DC4DD2E70BC94A5274642962, name Y (expanded) is /ccnx.org/test/SyncTestRepo-15-01-15-18.20.23/ccnSyncTest/slice10/round13/randomFile/=FD054B82F59B1B/%C1.META.M/.header/=FD054B82F59B54/=00/=B91C24A48FCF76FD606608E989525543C87D21B9DC4DD2E70BC94A5274642962
Jan 15, 2015 6:21:33 PM org.ccnx.ccn.impl.sync.SliceComparator doComparison
O MAIS DETALHADO: Compare LEAF =05D95348B35DA1736365107BDACCCE484DA8B6A14DCCF3832B16DDA212E3B0C032 to LEAF =0A8E904220C7741D734CF98D80C9C1E4729EDF3949DD78A459076DBD179330E62F
Jan 15, 2015 6:21:33 PM org.ccnx.ccn.impl.sync.SliceComparator doComparison
O MAIS DETALHADO: name X is 0, pos X is 6, name Y is 0, pos Y is 6 comp is 0
Jan 15, 2015 6:21:33 PM org.ccnx.ccn.impl.sync.SliceComparator doComparison
O MAIS DETALHADO: name X (expanded) is /ccnx.org/test/SyncTestRepo-15-01-15-18.20.23/ccnSyncTest/slice10/round14/randomFile/=FD054B82F5A43D/=00/I%E4R=9CC526867C0C399103DB98ED9A10FE2536FB15A7B685B5137937133A96, name Y (expanded) is /ccnx.org/test/SyncTestRepo-15-01-15-18.20.23/ccnSyncTest/slice10/round14/randomFile/=FD054B82F5A43D/=00/I%E4R=9CC526867C0C399103DB98ED9A10FE2536FB15A7B685B5137937133A96
Jan 15, 2015 6:21:33 PM org.ccnx.ccn.impl.sync.SliceComparator doComparison
O MAIS DETALHADO: Compare LEAF =05D95348B35DA1736365107BDACCCE484DA8B6A14DCCF3832B16DDA212E3B0C032 to LEAF =0A8E904220C7741D734CF98D80C9C1E4729EDF3949DD78A459076DBD179330E62F
Jan 15, 2015 6:21:33 PM org.ccnx.ccn.impl.sync.SliceComparator doComparison
O MAIS DETALHADO: name X is 0, pos X is 7, name Y is 0, pos Y is 7 comp is 0
Jan 15, 2015 6:21:33 PM org.ccnx.ccn.impl.sync.SliceComparator doComparison
O MAIS DETALHADO: name X (expanded) is /ccnx.org/test/SyncTestRepo-15-01-15-18.20.23/ccnSyncTest/slice10/round14/randomFile/=FD054B82F5A43D/%C1.META.M/.header/=FD054B82F5A47B/=00/=D2E7E647541AC0700DA1BC6E7AB86FB246A298B28F1DA583066C493ADC1F9585, name Y (expanded) is /ccnx.org/test/SyncTestRepo-15-01-15-18.20.23/ccnSyncTest/slice10/round14/randomFile/=FD054B82F5A43D/%C1.META.M/.header/=FD054B82F5A47B/=00/=D2E7E647541AC0700DA1BC6E7AB86FB246A298B28F1DA583066C493ADC1F9585
Jan 15, 2015 6:21:33 PM org.ccnx.ccn.impl.sync.SliceComparator doComparison
O MAIS DETALHADO: Compare LEAF =05D95348B35DA1736365107BDACCCE484DA8B6A14DCCF3832B16DDA212E3B0C032 to LEAF =0A8E904220C7741D734CF98D80C9C1E4729EDF3949DD78A459076DBD179330E62F
Jan 15, 2015 6:21:33 PM org.ccnx.ccn.impl.sync.SliceComparator doComparison
O MAIS DETALHADO: name X is 0, pos X is 8, name Y is 0, pos Y is 8 comp is 0
Jan 15, 2015 6:21:33 PM org.ccnx.ccn.impl.sync.SliceComparator doComparison
O MAIS DETALHADO: name X (expanded) is /ccnx.org/test/SyncTestRepo-15-01-15-18.20.23/ccnSyncTest/slice10/round15/randomFile/=FD054B82F5AD71/=00/c%C2G=2AB3ADCC7888BA202C1647CD19F89481ADC8136697669E316D86E62FBD, name Y (expanded) is /ccnx.org/test/SyncTestRepo-15-01-15-18.20.23/ccnSyncTest/slice10/round15/randomFile/=FD054B82F5AD71/=00/c%C2G=2AB3ADCC7888BA202C1647CD19F89481ADC8136697669E316D86E62FBD
Jan 15, 2015 6:21:33 PM org.ccnx.ccn.impl.sync.SliceComparator doComparison
O MAIS DETALHADO: Compare LEAF =05D95348B35DA1736365107BDACCCE484DA8B6A14DCCF3832B16DDA212E3B0C032 to LEAF =0A8E904220C7741D734CF98D80C9C1E4729EDF3949DD78A459076DBD179330E62F
Jan 15, 2015 6:21:33 PM org.ccnx.ccn.impl.sync.SliceComparator doComparison
O MAIS DETALHADO: name X is 0, pos X is 9, name Y is 0, pos Y is 9 comp is 0
Jan 15, 2015 6:21:33 PM org.ccnx.ccn.impl.sync.SliceComparator doComparison
O MAIS DETALHADO: name X (expanded) is /ccnx.org/test/SyncTestRepo-15-01-15-18.20.23/ccnSyncTest/slice10/round15/randomFile/=FD054B82F5AD71/%C1.META.M/.header/=FD054B82F5ADFC/=00/=FB29EFF43347A48239C93696AC67F5FC96C66BCE636430300184B5F6DD38E07D, name Y (expanded) is /ccnx.org/test/SyncTestRepo-15-01-15-18.20.23/ccnSyncTest/slice10/round15/randomFile/=FD054B82F5AD71/%C1.META.M/.header/=FD054B82F5ADFC/=00/=FB29EFF43347A48239C93696AC67F5FC96C66BCE636430300184B5F6DD38E07D
Jan 15, 2015 6:21:33 PM org.ccnx.ccn.impl.sync.SliceComparator doComparison
O MAIS DETALHADO: Compare NODE =099842F5F8D1F3845F54D19DDF661D11AAF69FC8D23BCB516DC7D76171834E65C4 to LEAF =0A8E904220C7741D734CF98D80C9C1E4729EDF3949DD78A459076DBD179330E62F, resMin is 1, resMax is -1
Jan 15, 2015 6:21:33 PM org.ccnx.ccn.impl.sync.SliceComparator doComparison
O MAIS DETALHADO: minname is 0, maxname is 0, pos X is 1, pos Y is 10
Jan 15, 2015 6:21:33 PM org.ccnx.ccn.impl.sync.SliceComparator doComparison
O MAIS DETALHADO: Compare LEAF =03BEEFAD45745210FBEFC12204994EC95D4DE927846ED7CE42B0F9BF5E9F9DA592 to LEAF =0A8E904220C7741D734CF98D80C9C1E4729EDF3949DD78A459076DBD179330E62F
Jan 15, 2015 6:21:33 PM org.ccnx.ccn.impl.sync.SliceComparator doComparison
O MAIS DETALHADO: name X is 0, pos X is 0, name Y is 0, pos Y is 10 comp is 0
Jan 15, 2015 6:21:33 PM org.ccnx.ccn.impl.sync.SliceComparator doComparison
O MAIS DETALHADO: name X (expanded) is /ccnx.org/test/SyncTestRepo-15-01-15-18.20.23/ccnSyncTest/slice10/round16/randomFile/=FD054B82F5B673/=00/pU=A6A22546186B9FAC4EB8A07C1FBB995F82DA30BC632446C0DCD7E521AAF7, name Y (expanded) is /ccnx.org/test/SyncTestRepo-15-01-15-18.20.23/ccnSyncTest/slice10/round16/randomFile/=FD054B82F5B673/=00/pU=A6A22546186B9FAC4EB8A07C1FBB995F82DA30BC632446C0DCD7E521AAF7
Jan 15, 2015 6:21:33 PM org.ccnx.ccn.impl.sync.SliceComparator doComparison
O MAIS DETALHADO: Compare LEAF =03BEEFAD45745210FBEFC12204994EC95D4DE927846ED7CE42B0F9BF5E9F9DA592 to LEAF =0A8E904220C7741D734CF98D80C9C1E4729EDF3949DD78A459076DBD179330E62F
Jan 15, 2015 6:21:33 PM org.ccnx.ccn.impl.sync.SliceComparator doComparison
O MAIS DETALHADO: name X is 0, pos X is 1, name Y is 0, pos Y is 11 comp is 0
Jan 15, 2015 6:21:33 PM org.ccnx.ccn.impl.sync.SliceComparator doComparison
O MAIS DETALHADO: name X (expanded) is /ccnx.org/test/SyncTestRepo-15-01-15-18.20.23/ccnSyncTest/slice10/round16/randomFile/=FD054B82F5B673/%C1.META.M/.header/=FD054B82F5B6B0/=00/=17C2C967425FFDB6EF8C542330DA467562953D126EDAE07B710B380B4D1AC752, name Y (expanded) is /ccnx.org/test/SyncTestRepo-15-01-15-18.20.23/ccnSyncTest/slice10/round16/randomFile/=FD054B82F5B673/%C1.META.M/.header/=FD054B82F5B6B0/=00/=17C2C967425FFDB6EF8C542330DA467562953D126EDAE07B710B380B4D1AC752
Jan 15, 2015 6:21:33 PM org.ccnx.ccn.impl.sync.SliceComparator doComparison
O MAIS DETALHADO: Compare LEAF =03BEEFAD45745210FBEFC12204994EC95D4DE927846ED7CE42B0F9BF5E9F9DA592 to LEAF =0A8E904220C7741D734CF98D80C9C1E4729EDF3949DD78A459076DBD179330E62F
Jan 15, 2015 6:21:33 PM org.ccnx.ccn.impl.sync.SliceComparator doComparison
O MAIS DETALHADO: name X is 0, pos X is 2, name Y is 0, pos Y is 12 comp is 0
Jan 15, 2015 6:21:33 PM org.ccnx.ccn.impl.sync.SliceComparator doComparison
O MAIS DETALHADO: name X (expanded) is /ccnx.org/test/SyncTestRepo-15-01-15-18.20.23/ccnSyncTest/slice10/round17/randomFile/=FD054B82F5BF96/=00/=E4BD59CD3D2193F901F55648B2921C3A07BF4E0D1E47354154CD91CFAB4A836B, name Y (expanded) is /ccnx.org/test/SyncTestRepo-15-01-15-18.20.23/ccnSyncTest/slice10/round17/randomFile/=FD054B82F5BF96/=00/=E4BD59CD3D2193F901F55648B2921C3A07BF4E0D1E47354154CD91CFAB4A836B
Jan 15, 2015 6:21:33 PM org.ccnx.ccn.impl.sync.SliceComparator doComparison
O MAIS DETALHADO: Compare LEAF =03BEEFAD45745210FBEFC12204994EC95D4DE927846ED7CE42B0F9BF5E9F9DA592 to LEAF =0A8E904220C7741D734CF98D80C9C1E4729EDF3949DD78A459076DBD179330E62F
Jan 15, 2015 6:21:33 PM org.ccnx.ccn.impl.sync.SliceComparator doComparison
O MAIS DETALHADO: name X is 0, pos X is 3, name Y is 0, pos Y is 13 comp is 0
Jan 15, 2015 6:21:33 PM org.ccnx.ccn.impl.sync.SliceComparator doComparison
O MAIS DETALHADO: name X (expanded) is /ccnx.org/test/SyncTestRepo-15-01-15-18.20.23/ccnSyncTest/slice10/round17/randomFile/=FD054B82F5BF96/%C1.META.M/.header/=FD054B82F5BFCF/=00/=DFDAA5AF0C823AF99D76C85A67EDB528F1EB12E800BF06BB8B2F219AAF1EEAFC, name Y (expanded) is /ccnx.org/test/SyncTestRepo-15-01-15-18.20.23/ccnSyncTest/slice10/round17/randomFile/=FD054B82F5BF96/%C1.META.M/.header/=FD054B82F5BFCF/=00/=DFDAA5AF0C823AF99D76C85A67EDB528F1EB12E800BF06BB8B2F219AAF1EEAFC
Jan 15, 2015 6:21:33 PM org.ccnx.ccn.impl.sync.SliceComparator doComparison
O MAIS DETALHADO: Compare LEAF =03BEEFAD45745210FBEFC12204994EC95D4DE927846ED7CE42B0F9BF5E9F9DA592 to LEAF =0A8E904220C7741D734CF98D80C9C1E4729EDF3949DD78A459076DBD179330E62F
Jan 15, 2015 6:21:33 PM org.ccnx.ccn.impl.sync.SliceComparator doComparison
O MAIS DETALHADO: name X is 0, pos X is 4, name Y is 0, pos Y is 14 comp is 0
Jan 15, 2015 6:21:33 PM org.ccnx.ccn.impl.sync.SliceComparator doComparison
O MAIS DETALHADO: name X (expanded) is /ccnx.org/test/SyncTestRepo-15-01-15-18.20.23/ccnSyncTest/slice10/round18/randomFile/=FD054B82F5C8BC/=00/=2BFB388768C7032EF8F8F3569B818A10CF99BB73C2192F5E83ED88B5585C6EF3, name Y (expanded) is /ccnx.org/test/SyncTestRepo-15-01-15-18.20.23/ccnSyncTest/slice10/round18/randomFile/=FD054B82F5C8BC/=00/=2BFB388768C7032EF8F8F3569B818A10CF99BB73C2192F5E83ED88B5585C6EF3
Jan 15, 2015 6:21:33 PM org.ccnx.ccn.impl.sync.SliceComparator doComparison
O MAIS DETALHADO: Compare LEAF =03BEEFAD45745210FBEFC12204994EC95D4DE927846ED7CE42B0F9BF5E9F9DA592 to LEAF =0A8E904220C7741D734CF98D80C9C1E4729EDF3949DD78A459076DBD179330E62F
Jan 15, 2015 6:21:33 PM org.ccnx.ccn.impl.sync.SliceComparator doComparison
O MAIS DETALHADO: name X is 0, pos X is 5, name Y is 0, pos Y is 15 comp is 0
Jan 15, 2015 6:21:33 PM org.ccnx.ccn.impl.sync.SliceComparator doComparison
O MAIS DETALHADO: name X (expanded) is /ccnx.org/test/SyncTestRepo-15-01-15-18.20.23/ccnSyncTest/slice10/round18/randomFile/=FD054B82F5C8BC/%C1.META.M/.header/=FD054B82F5C8FA/=00/=F08DA9402E896ABD8D3BF9F98F382E72D7D7A33E6F4EFA003BBEBCC5837B3AC0, name Y (expanded) is /ccnx.org/test/SyncTestRepo-15-01-15-18.20.23/ccnSyncTest/slice10/round18/randomFile/=FD054B82F5C8BC/%C1.META.M/.header/=FD054B82F5C8FA/=00/=F08DA9402E896ABD8D3BF9F98F382E72D7D7A33E6F4EFA003BBEBCC5837B3AC0
Jan 15, 2015 6:21:33 PM org.ccnx.ccn.impl.sync.SliceComparator doComparison
O MAIS DETALHADO: Compare LEAF =03BEEFAD45745210FBEFC12204994EC95D4DE927846ED7CE42B0F9BF5E9F9DA592 to LEAF =0A8E904220C7741D734CF98D80C9C1E4729EDF3949DD78A459076DBD179330E62F
Jan 15, 2015 6:21:33 PM org.ccnx.ccn.impl.sync.SliceComparator doComparison
O MAIS DETALHADO: name X is 0, pos X is 6, name Y is 0, pos Y is 16 comp is 1
Jan 15, 2015 6:21:33 PM org.ccnx.ccn.impl.sync.SliceComparator doComparison
O MAIS DETALHADO: name X (expanded) is /ccnx.org/test/SyncTestRepo-15-01-15-18.20.23/ccnSyncTest/slice10/randomFile/=FD054B82F53F79/=00/=3CBEB0282FE72CD7F7CF0696455493A1CE4F4E488F469319834E10584FC5C583, name Y (expanded) is /ccnx.org/test/SyncTestRepo-15-01-15-18.20.23/ccnSyncTest/slice10/round19/randomFile/=FD054B82F5D1E7/=00/nzg3P=C327F6FF20CFA7F2E409B8852A560054756EA06B6705234B587505
Jan 15, 2015 6:21:33 PM org.ccnx.ccn.profiles.sync.SyncTestRepo doHandleContentName
INFORMAÇÕES: Number 1: Callback for name: /ccnx.org/test/SyncTestRepo-15-01-15-18.20.23/ccnSyncTest/slice10/round19/randomFile/=FD054B82F5D1E7/=00 - number is 0
Jan 15, 2015 6:21:33 PM org.ccnx.ccn.impl.sync.SliceComparator doComparison
O MAIS DETALHADO: Compare LEAF =03BEEFAD45745210FBEFC12204994EC95D4DE927846ED7CE42B0F9BF5E9F9DA592 to LEAF =0A8E904220C7741D734CF98D80C9C1E4729EDF3949DD78A459076DBD179330E62F
Jan 15, 2015 6:21:33 PM org.ccnx.ccn.impl.sync.SliceComparator doComparison
O MAIS DETALHADO: name X is 0, pos X is 6, name Y is 0, pos Y is 17 comp is 1
Jan 15, 2015 6:21:33 PM org.ccnx.ccn.impl.sync.SliceComparator doComparison
O MAIS DETALHADO: name X (expanded) is /ccnx.org/test/SyncTestRepo-15-01-15-18.20.23/ccnSyncTest/slice10/randomFile/=FD054B82F53F79/=00/=3CBEB0282FE72CD7F7CF0696455493A1CE4F4E488F469319834E10584FC5C583, name Y (expanded) is /ccnx.org/test/SyncTestRepo-15-01-15-18.20.23/ccnSyncTest/slice10/round19/randomFile/=FD054B82F5D1E7/%C1.META.M/.header/=FD054B82F5D221/=00/=87D2E4F4A4BD711CF9071FF970C0C90F23151A774D37E44AD42F5682C48A0B66
Jan 15, 2015 6:21:33 PM org.ccnx.ccn.profiles.sync.SyncTestRepo doHandleContentName
INFORMAÇÕES: Number 1: Callback for name: /ccnx.org/test/SyncTestRepo-15-01-15-18.20.23/ccnSyncTest/slice10/round19/randomFile/=FD054B82F5D1E7/%C1.META.M/.header/=FD054B82F5D221/=00 - number is header
Jan 15, 2015 6:21:33 PM org.ccnx.ccn.impl.sync.SliceComparator doComparison
O MAIS DETALHADO: Compare LEAF =03BEEFAD45745210FBEFC12204994EC95D4DE927846ED7CE42B0F9BF5E9F9DA592 to LEAF =0A8E904220C7741D734CF98D80C9C1E4729EDF3949DD78A459076DBD179330E62F
Jan 15, 2015 6:21:33 PM org.ccnx.ccn.impl.sync.SliceComparator doComparison
O MAIS DETALHADO: name X is 0, pos X is 6, name Y is 0, pos Y is 18 comp is 0
Jan 15, 2015 6:21:33 PM org.ccnx.ccn.impl.sync.SliceComparator doComparison
O MAIS DETALHADO: name X (expanded) is /ccnx.org/test/SyncTestRepo-15-01-15-18.20.23/ccnSyncTest/slice10/randomFile/=FD054B82F53F79/=00/=3CBEB0282FE72CD7F7CF0696455493A1CE4F4E488F469319834E10584FC5C583, name Y (expanded) is /ccnx.org/test/SyncTestRepo-15-01-15-18.20.23/ccnSyncTest/slice10/randomFile/=FD054B82F53F79/=00/=3CBEB0282FE72CD7F7CF0696455493A1CE4F4E488F469319834E10584FC5C583
Jan 15, 2015 6:21:33 PM org.ccnx.ccn.impl.sync.SliceComparator doComparison
O MAIS DETALHADO: Compare LEAF =03BEEFAD45745210FBEFC12204994EC95D4DE927846ED7CE42B0F9BF5E9F9DA592 to LEAF =0A8E904220C7741D734CF98D80C9C1E4729EDF3949DD78A459076DBD179330E62F
Jan 15, 2015 6:21:33 PM org.ccnx.ccn.impl.sync.SliceComparator doComparison
O MAIS DETALHADO: name X is 0, pos X is 7, name Y is 0, pos Y is 19 comp is 0
Jan 15, 2015 6:21:33 PM org.ccnx.ccn.impl.sync.SliceComparator doComparison
O MAIS DETALHADO: name X (expanded) is /ccnx.org/test/SyncTestRepo-15-01-15-18.20.23/ccnSyncTest/slice10/randomFile/=FD054B82F53F79/%C1.META.M/.header/=FD054B82F53FB2/=00/=18F7ABCFFBD0912243186C9F3D6A45A3E28959A7EF8B922DD636A13DE75A55AC, name Y (expanded) is /ccnx.org/test/SyncTestRepo-15-01-15-18.20.23/ccnSyncTest/slice10/randomFile/=FD054B82F53F79/%C1.META.M/.header/=FD054B82F53FB2/=00/=18F7ABCFFBD0912243186C9F3D6A45A3E28959A7EF8B922DD636A13DE75A55AC
Jan 15, 2015 6:21:33 PM org.ccnx.ccn.impl.sync.SliceComparator updateCurrent
O MAIS DETALHADO: Starting update from hash =099842F5F8D1F3845F54D19DDF661D11AAF69FC8D23BCB516DC7D76171834E65C4
Jan 15, 2015 6:21:33 PM org.ccnx.ccn.impl.sync.SliceComparator updateCurrent
O MAIS DETALHADO: Update compare - moving to: =05D95348B35DA1736365107BDACCCE484DA8B6A14DCCF3832B16DDA212E3B0C032
Jan 15, 2015 6:21:33 PM org.ccnx.ccn.impl.sync.SliceComparator updateCurrent
O MAIS DETALHADO: Shortcut in update - popping back to =099842F5F8D1F3845F54D19DDF661D11AAF69FC8D23BCB516DC7D76171834E65C4, pos 1
Jan 15, 2015 6:21:33 PM org.ccnx.ccn.impl.sync.SliceComparator updateCurrent
O MAIS DETALHADO: Update compare - moving to: =03BEEFAD45745210FBEFC12204994EC95D4DE927846ED7CE42B0F9BF5E9F9DA592
Jan 15, 2015 6:21:33 PM org.ccnx.ccn.impl.sync.SliceComparator updateCurrent
O MAIS DETALHADO: Update compare: name from tree (expanded) is /ccnx.org/test/SyncTestRepo-15-01-15-18.20.23/ccnSyncTest/slice10/round16/randomFile/=FD054B82F5B673/=00/pU=A6A22546186B9FAC4EB8A07C1FBB995F82DA30BC632446C0DCD7E521AAF7, name  is /ccnx.org/test/SyncTestRepo-15-01-15-18.20.23/ccnSyncTest/slice10/round19/randomFile/=FD054B82F5D1E7/=00/nzg3P=C327F6FF20CFA7F2E409B8852A560054756EA06B6705234B587505, comp is -1
Jan 15, 2015 6:21:33 PM org.ccnx.ccn.impl.sync.SliceComparator updateCurrent
O MAIS DETALHADO: Update compare: name from tree (expanded) is /ccnx.org/test/SyncTestRepo-15-01-15-18.20.23/ccnSyncTest/slice10/round16/randomFile/=FD054B82F5B673/%C1.META.M/.header/=FD054B82F5B6B0/=00/=17C2C967425FFDB6EF8C542330DA467562953D126EDAE07B710B380B4D1AC752, name  is /ccnx.org/test/SyncTestRepo-15-01-15-18.20.23/ccnSyncTest/slice10/round19/randomFile/=FD054B82F5D1E7/=00/nzg3P=C327F6FF20CFA7F2E409B8852A560054756EA06B6705234B587505, comp is -1
Jan 15, 2015 6:21:33 PM org.ccnx.ccn.impl.sync.SliceComparator updateCurrent
O MAIS DETALHADO: Update compare: name from tree (expanded) is /ccnx.org/test/SyncTestRepo-15-01-15-18.20.23/ccnSyncTest/slice10/round17/randomFile/=FD054B82F5BF96/=00/=E4BD59CD3D2193F901F55648B2921C3A07BF4E0D1E47354154CD91CFAB4A836B, name  is /ccnx.org/test/SyncTestRepo-15-01-15-18.20.23/ccnSyncTest/slice10/round19/randomFile/=FD054B82F5D1E7/=00/nzg3P=C327F6FF20CFA7F2E409B8852A560054756EA06B6705234B587505, comp is -1
Jan 15, 2015 6:21:33 PM org.ccnx.ccn.impl.sync.SliceComparator updateCurrent
O MAIS DETALHADO: Update compare: name from tree (expanded) is /ccnx.org/test/SyncTestRepo-15-01-15-18.20.23/ccnSyncTest/slice10/round17/randomFile/=FD054B82F5BF96/%C1.META.M/.header/=FD054B82F5BFCF/=00/=DFDAA5AF0C823AF99D76C85A67EDB528F1EB12E800BF06BB8B2F219AAF1EEAFC, name  is /ccnx.org/test/SyncTestRepo-15-01-15-18.20.23/ccnSyncTest/slice10/round19/randomFile/=FD054B82F5D1E7/=00/nzg3P=C327F6FF20CFA7F2E409B8852A560054756EA06B6705234B587505, comp is -1
Jan 15, 2015 6:21:33 PM org.ccnx.ccn.impl.sync.SliceComparator updateCurrent
O MAIS DETALHADO: Update compare: name from tree (expanded) is /ccnx.org/test/SyncTestRepo-15-01-15-18.20.23/ccnSyncTest/slice10/round18/randomFile/=FD054B82F5C8BC/=00/=2BFB388768C7032EF8F8F3569B818A10CF99BB73C2192F5E83ED88B5585C6EF3, name  is /ccnx.org/test/SyncTestRepo-15-01-15-18.20.23/ccnSyncTest/slice10/round19/randomFile/=FD054B82F5D1E7/=00/nzg3P=C327F6FF20CFA7F2E409B8852A560054756EA06B6705234B587505, comp is -1
Jan 15, 2015 6:21:33 PM org.ccnx.ccn.impl.sync.SliceComparator updateCurrent
O MAIS DETALHADO: Update compare: name from tree (expanded) is /ccnx.org/test/SyncTestRepo-15-01-15-18.20.23/ccnSyncTest/slice10/round18/randomFile/=FD054B82F5C8BC/%C1.META.M/.header/=FD054B82F5C8FA/=00/=F08DA9402E896ABD8D3BF9F98F382E72D7D7A33E6F4EFA003BBEBCC5837B3AC0, name  is /ccnx.org/test/SyncTestRepo-15-01-15-18.20.23/ccnSyncTest/slice10/round19/randomFile/=FD054B82F5D1E7/=00/nzg3P=C327F6FF20CFA7F2E409B8852A560054756EA06B6705234B587505, comp is -1
Jan 15, 2015 6:21:33 PM org.ccnx.ccn.impl.sync.SliceComparator updateCurrent
O MAIS DETALHADO: Update compare: name from tree (expanded) is /ccnx.org/test/SyncTestRepo-15-01-15-18.20.23/ccnSyncTest/slice10/randomFile/=FD054B82F53F79/=00/=3CBEB0282FE72CD7F7CF0696455493A1CE4F4E488F469319834E10584FC5C583, name  is /ccnx.org/test/SyncTestRepo-15-01-15-18.20.23/ccnSyncTest/slice10/round19/randomFile/=FD054B82F5D1E7/=00/nzg3P=C327F6FF20CFA7F2E409B8852A560054756EA06B6705234B587505, comp is 1
Jan 15, 2015 6:21:33 PM org.ccnx.ccn.impl.sync.SliceComparator updateCurrent
O MAIS DETALHADO: Update: starting redo of names because of /ccnx.org/test/SyncTestRepo-15-01-15-18.20.23/ccnSyncTest/slice10/round19/randomFile/=FD054B82F5D1E7/=00/nzg3P=C327F6FF20CFA7F2E409B8852A560054756EA06B6705234B587505 at /ccnx.org/test/SyncTestRepo-15-01-15-18.20.23/ccnSyncTest/slice10/round16/randomFile/=FD054B82F5B673/=00/pU=A6A22546186B9FAC4EB8A07C1FBB995F82DA30BC632446C0DCD7E521AAF7
Jan 15, 2015 6:21:33 PM org.ccnx.ccn.io.content.SyncNodeComposite decodeLogging
O MAIS DETALHADO: decode node for =04B53CF96D69D2AA0FE7E911A5FCF39C24F62897FC1085212DF0901B04AF8025FD depth = 1 refs = 10
Jan 15, 2015 6:21:33 PM org.ccnx.ccn.io.content.SyncNodeComposite decodeLogging
O MAIS DETALHADO: min is 0, max is 0, expanded min is /ccnx.org/test/SyncTestRepo-15-01-15-18.20.23/ccnSyncTest/slice10/round16/randomFile/=FD054B82F5B673/=00/pU=A6A22546186B9FAC4EB8A07C1FBB995F82DA30BC632446C0DCD7E521AAF7, expanded max is /ccnx.org/test/SyncTestRepo-15-01-15-18.20.23/ccnSyncTest/slice10/randomFile/=FD054B82F53F79/%C1.META.M/.header/=FD054B82F53FB2/=00/=18F7ABCFFBD0912243186C9F3D6A45A3E28959A7EF8B922DD636A13DE75A55AC
Jan 15, 2015 6:21:33 PM org.ccnx.ccn.impl.sync.SyncTreeEntry <init>
O MAIS DETALHADO: Found existing node: =0A8E904220C7741D734CF98D80C9C1E4729EDF3949DD78A459076DBD179330E62F
Jan 15, 2015 6:21:33 PM org.ccnx.ccn.io.content.SyncNodeComposite decodeLogging
O MAIS DETALHADO: decode node for =0A8E904220C7741D734CF98D80C9C1E4729EDF3949DD78A459076DBD179330E62F depth = 2 refs = 2
Jan 15, 2015 6:21:33 PM org.ccnx.ccn.io.content.SyncNodeComposite decodeLogging
O MAIS DETALHADO: min is 0, max is 0, expanded min is /ccnx.org/test/SyncTestRepo-15-01-15-18.20.23/ccnSyncTest/slice10/round11/randomFile/=FD054B82F588B4/=00/=862C3C8C527D6B204E7FCD4EAF121546BFBA9E26B978EC9010B0DB73EDD734F0, expanded max is /ccnx.org/test/SyncTestRepo-15-01-15-18.20.23/ccnSyncTest/slice10/randomFile/=FD054B82F53F79/%C1.META.M/.header/=FD054B82F53FB2/=00/=18F7ABCFFBD0912243186C9F3D6A45A3E28959A7EF8B922DD636A13DE75A55AC
Jan 15, 2015 6:21:33 PM org.ccnx.ccn.impl.sync.NodeBuilder createHeadRecursive
O MAIS DETALHADO: Creating new compound node - with first element =05D95348B35DA1736365107BDACCCE484DA8B6A14DCCF3832B16DDA212E3B0C032 and last element =04B53CF96D69D2AA0FE7E911A5FCF39C24F62897FC1085212DF0901B04AF8025FD
Jan 15, 2015 6:21:33 PM org.ccnx.ccn.impl.sync.SliceComparator updateCurrent
INFORMAÇÕES: Resetting current to created head: =0A8E904220C7741D734CF98D80C9C1E4729EDF3949DD78A459076DBD179330E62F
Jan 15, 2015 6:21:33 PM org.ccnx.ccn.profiles.sync.SyncTestRepo checkCallbacks
DETALHADO: got segment 0
Jan 15, 2015 6:21:33 PM org.ccnx.ccn.profiles.sync.SyncTestRepo checkCallbacks
DETALHADO: received: [true, false] finished: [true, true]
Jan 15, 2015 6:21:33 PM org.ccnx.ccn.profiles.sync.SyncTestRepo checkCallbacks
DETALHADO: got the header
Jan 15, 2015 6:21:33 PM org.ccnx.ccn.profiles.sync.SyncTestRepo checkCallbacks
DETALHADO: received: [true, true] finished: [true, true]
Jan 15, 2015 6:21:33 PM org.ccnx.ccn.profiles.sync.SyncTestRepo checkCallbacks
DETALHADO: got all the segments!
Jan 15, 2015 6:21:33 PM org.ccnx.ccn.profiles.sync.SyncTestRepo checkCallbacks
DETALHADO: trying to loop again looking for segments
Jan 15, 2015 6:21:33 PM org.ccnx.ccn.profiles.sync.SyncTestRepo checkCallbacks
DETALHADO: done looping, returning.
Jan 15, 2015 6:21:33 PM org.ccnx.ccn.impl.CCNFlowControl <init>
INFORMAÇÕES: adding namespace: /ccnx.org/test/SyncTestRepo-15-01-15-18.20.23/ccnSyncTest/slice10/round20/randomFile
Jan 15, 2015 6:21:33 PM org.ccnx.ccn.impl.security.keys.BasicKeyManager getKeyLocator
INFORMAÇÕES: getKeyLocator: returning locator NAME: /ccnx.org/Users/root/Keys/%C1.M.K=009234ADEC47D19E3E6A2AF362D44E09AB6B71F43B1900BA0622FB45F2A5B7D9F6/=FD054AE7DE1000 KEY:-reba89rgbj1o6ata34t5eovcl4kho5s9pnv8nstq15q1ld4g9ga for key kjSt7EfRnj5qKvNi1E4Jq2tx9DsZALoGIvtF8qW32fY=
Jan 15, 2015 6:21:33 PM org.ccnx.ccn.io.CCNAbstractOutputStream <init>
INFORMAÇÕES: CCNAbstractOutputStream: /ccnx.org/test/SyncTestRepo-15-01-15-18.20.23/ccnSyncTest/slice10/round20/randomFile/=FD054B82F5DB06 blocksize is 4096
Jan 15, 2015 6:21:33 PM org.ccnx.ccn.io.CCNAbstractOutputStream startWrite
INFORMAÇÕES: CCNAbstractOutputStream: startWrite -- searching for keys.
Jan 15, 2015 6:21:33 PM org.ccnx.ccn.profiles.security.access.AccessControlManager keysForOutput
INFORMAÇÕES: keysForOutput: found an acm: (null)
Jan 15, 2015 6:21:33 PM org.ccnx.ccn.impl.repo.RepositoryFlowControl startWrite
INFORMAÇÕES: RepositoryFlowControl.startWrite called for name /ccnx.org/test/SyncTestRepo-15-01-15-18.20.23/ccnSyncTest/slice10/round20/randomFile/=FD054B82F5DB06, shape STREAM
Jan 15, 2015 6:21:33 PM org.ccnx.ccn.impl.repo.RepositoryFlowControl handleContent
INFORMAÇÕES: handleContent: got potential repo message: /ccnx.org/test/SyncTestRepo-15-01-15-18.20.23/ccnSyncTest/slice10/round20/randomFile/=FD054B82F5DB06/%C1.R.sw/%C1.N=00AEA5CAFBF92C8E7B
Jan 15, 2015 6:21:33 PM org.ccnx.ccn.profiles.sync.SyncTestCommon writeFile
DETALHADO: bytes: 4096 block size: 4096 div: 1.0 ceil: 1
Jan 15, 2015 6:21:33 PM org.ccnx.ccn.profiles.sync.SyncTestCommon writeFile
DETALHADO: will write out a 4096 byte file, will have 2 segments (1 is a header)
Jan 15, 2015 6:21:33 PM org.ccnx.ccn.io.CCNOutputStream flushToNetwork
INFORMAÇÕES: flush: outputting to the segmenter, baseName /ccnx.org/test/SyncTestRepo-15-01-15-18.20.23/ccnSyncTest/slice10/round20/randomFile/=FD054B82F5DB06 basenameindex =00; 4096 bytes written, holding back 4096 flushing final blocks? false.
Jan 15, 2015 6:21:33 PM org.ccnx.ccn.io.CCNOutputStream flushToNetwork
INFORMAÇÕES: HEADER: CCNOutputStream: flushToNetwork: new _baseNameIndex 0
Jan 15, 2015 6:21:33 PM org.ccnx.ccn.io.CCNOutputStream flushToNetwork
INFORMAÇÕES: flush: outputting to the segmenter, baseName /ccnx.org/test/SyncTestRepo-15-01-15-18.20.23/ccnSyncTest/slice10/round20/randomFile/=FD054B82F5DB06 basenameindex =00; 4096 bytes written, holding back 4096 flushing final blocks? false.
Jan 15, 2015 6:21:33 PM org.ccnx.ccn.io.CCNOutputStream flushToNetwork
INFORMAÇÕES: HEADER: CCNOutputStream: flushToNetwork: new _baseNameIndex 0
Jan 15, 2015 6:21:33 PM org.ccnx.ccn.io.CCNOutputStream flushToNetwork
INFORMAÇÕES: flush: outputting to the segmenter, baseName /ccnx.org/test/SyncTestRepo-15-01-15-18.20.23/ccnSyncTest/slice10/round20/randomFile/=FD054B82F5DB06 basenameindex =00; 4096 bytes written, holding back 0 flushing final blocks? true.
Jan 15, 2015 6:21:33 PM org.ccnx.ccn.io.CCNOutputStream flushToNetwork
INFORMAÇÕES: HEADER: CCNOutputStream: flushToNetwork: new _baseNameIndex 1
Jan 15, 2015 6:21:33 PM org.ccnx.ccn.io.CCNAbstractOutputStream <init>
INFORMAÇÕES: CCNAbstractOutputStream: /ccnx.org/test/SyncTestRepo-15-01-15-18.20.23/ccnSyncTest/slice10/round20/randomFile/=FD054B82F5DB06/%C1.META.M/.header/=FD054B82F5DB3F blocksize is 4096
Jan 15, 2015 6:21:33 PM org.ccnx.ccn.io.CCNAbstractOutputStream startWrite
INFORMAÇÕES: CCNAbstractOutputStream: startWrite -- searching for keys.
Jan 15, 2015 6:21:33 PM org.ccnx.ccn.profiles.security.access.AccessControlManager keysForOutput
INFORMAÇÕES: keysForOutput: found an acm: (null)
Jan 15, 2015 6:21:33 PM org.ccnx.ccn.impl.repo.RepositoryFlowControl startWrite
INFORMAÇÕES: RepositoryFlowControl.startWrite called for name /ccnx.org/test/SyncTestRepo-15-01-15-18.20.23/ccnSyncTest/slice10/round20/randomFile/=FD054B82F5DB06/%C1.META.M/.header/=FD054B82F5DB3F, shape STREAM
Jan 15, 2015 6:21:33 PM org.ccnx.ccn.impl.repo.RepositoryFlowControl handleContent
INFORMAÇÕES: handleContent: got potential repo message: /ccnx.org/test/SyncTestRepo-15-01-15-18.20.23/ccnSyncTest/slice10/round20/randomFile/=FD054B82F5DB06/%C1.META.M/.header/=FD054B82F5DB3F/%C1.R.sw/%C1.N=00D179B8757672AB54
Jan 15, 2015 6:21:33 PM org.ccnx.ccn.io.CCNOutputStream flushToNetwork
INFORMAÇÕES: flush: outputting to the segmenter, baseName /ccnx.org/test/SyncTestRepo-15-01-15-18.20.23/ccnSyncTest/slice10/round20/randomFile/=FD054B82F5DB06/%C1.META.M/.header/=FD054B82F5DB3F basenameindex =00; 66 bytes written, holding back 66 flushing final blocks? false.
Jan 15, 2015 6:21:33 PM org.ccnx.ccn.io.CCNOutputStream flushToNetwork
INFORMAÇÕES: HEADER: CCNOutputStream: flushToNetwork: new _baseNameIndex 0
Jan 15, 2015 6:21:33 PM org.ccnx.ccn.io.CCNOutputStream flushToNetwork
INFORMAÇÕES: flush: outputting to the segmenter, baseName /ccnx.org/test/SyncTestRepo-15-01-15-18.20.23/ccnSyncTest/slice10/round20/randomFile/=FD054B82F5DB06/%C1.META.M/.header/=FD054B82F5DB3F basenameindex =00; 66 bytes written, holding back 66 flushing final blocks? false.
Jan 15, 2015 6:21:33 PM org.ccnx.ccn.io.CCNOutputStream flushToNetwork
INFORMAÇÕES: HEADER: CCNOutputStream: flushToNetwork: new _baseNameIndex 0
Jan 15, 2015 6:21:33 PM org.ccnx.ccn.io.CCNOutputStream flushToNetwork
INFORMAÇÕES: flush: outputting to the segmenter, baseName /ccnx.org/test/SyncTestRepo-15-01-15-18.20.23/ccnSyncTest/slice10/round20/randomFile/=FD054B82F5DB06/%C1.META.M/.header/=FD054B82F5DB3F basenameindex =00; 66 bytes written, holding back 0 flushing final blocks? true.
Jan 15, 2015 6:21:33 PM org.ccnx.ccn.io.CCNOutputStream flushToNetwork
INFORMAÇÕES: HEADER: CCNOutputStream: flushToNetwork: new _baseNameIndex 1
Jan 15, 2015 6:21:33 PM org.ccnx.ccn.io.CCNOutputStream close
INFORMAÇÕES: CCNOutputStream close: /ccnx.org/test/SyncTestRepo-15-01-15-18.20.23/ccnSyncTest/slice10/round20/randomFile/=FD054B82F5DB06/%C1.META.M/.header/=FD054B82F5DB3F
Jan 15, 2015 6:21:33 PM org.ccnx.ccn.io.CCNOutputStream close
INFORMAÇÕES: CCNOutputStream close: /ccnx.org/test/SyncTestRepo-15-01-15-18.20.23/ccnSyncTest/slice10/round20/randomFile/=FD054B82F5DB06
Jan 15, 2015 6:21:33 PM org.ccnx.ccn.profiles.sync.SyncTestCommon writeFile
INFORMAÇÕES: Wrote file to repository: /ccnx.org/test/SyncTestRepo-15-01-15-18.20.23/ccnSyncTest/slice10/round20/randomFile/=FD054B82F5DB06 with 2 segments
Jan 15, 2015 6:21:33 PM org.ccnx.ccn.profiles.sync.SyncTestRepo checkCallbacks
DETALHADO: checking for callbacks:  /ccnx.org/test/SyncTestRepo-15-01-15-18.20.23/ccnSyncTest/slice10/round20 segments: 2
Jan 15, 2015 6:21:33 PM org.ccnx.ccn.impl.sync.ProtocolBasedSyncMonitor handleContent
INFORMAÇÕES: Saw new content from sync: /ccnx.org/test/SyncTestRepo-15-01-15-18.20.23/topoPrefix/%C1.S.ra/x%E7U.=86853EF050D99AC7B6E19C29B7AECFA1B2568CAD74E733BCB2443F63/=0A8E904220C7741D734CF98D80C9C1E4729EDF3949DD78A459076DBD179330E62F/=0B26AAE81208B280D256AFB7D876435F310169F3A86DD0CD3A6B777BB482BA61EE
Jan 15, 2015 6:21:33 PM org.ccnx.ccn.impl.sync.SliceComparator run
DETALHADO: Starting comparator run - state is INIT, sc is org.ccnx.ccn.impl.sync.SliceComparator@ca0898b, this is the lead
Jan 15, 2015 6:21:33 PM org.ccnx.ccn.io.content.SyncNodeComposite decodeLogging
O MAIS DETALHADO: decode node for =0B26AAE81208B280D256AFB7D876435F310169F3A86DD0CD3A6B777BB482BA61EE depth = 2 refs = 2
Jan 15, 2015 6:21:33 PM org.ccnx.ccn.io.content.SyncNodeComposite decodeLogging
O MAIS DETALHADO: min is 0, max is 0, expanded min is /ccnx.org/test/SyncTestRepo-15-01-15-18.20.23/ccnSyncTest/slice10/round11/randomFile/=FD054B82F588B4/=00/=862C3C8C527D6B204E7FCD4EAF121546BFBA9E26B978EC9010B0DB73EDD734F0, expanded max is /ccnx.org/test/SyncTestRepo-15-01-15-18.20.23/ccnSyncTest/slice10/randomFile/=FD054B82F53F79/%C1.META.M/.header/=FD054B82F53FB2/=00/=18F7ABCFFBD0912243186C9F3D6A45A3E28959A7EF8B922DD636A13DE75A55AC
Jan 15, 2015 6:21:33 PM org.ccnx.ccn.impl.sync.SliceComparator run
INFORMAÇÕES: Starting new round with X = =0A8E904220C7741D734CF98D80C9C1E4729EDF3949DD78A459076DBD179330E62F and Y = =0B26AAE81208B280D256AFB7D876435F310169F3A86DD0CD3A6B777BB482BA61EE
Jan 15, 2015 6:21:33 PM org.ccnx.ccn.impl.sync.ProtocolBasedSyncMonitor requestNode
DETALHADO: Requesting node for hash: /ccnx.org/test/SyncTestRepo-15-01-15-18.20.23/topoPrefix/%C1.S.nf/x%E7U.=86853EF050D99AC7B6E19C29B7AECFA1B2568CAD74E733BCB2443F63/%05MW=9F5EAB110D6EF19F3BFDA97516E358B3525AA0DD4A0F5499D9A19F09A1BC
Jan 15, 2015 6:21:33 PM org.ccnx.ccn.impl.sync.SliceComparator doComparison
O MAIS DETALHADO: Compare NODE =0A8E904220C7741D734CF98D80C9C1E4729EDF3949DD78A459076DBD179330E62F to NODE =0B26AAE81208B280D256AFB7D876435F310169F3A86DD0CD3A6B777BB482BA61EE
Jan 15, 2015 6:21:33 PM org.ccnx.ccn.impl.sync.SliceComparator doComparison
O MAIS DETALHADO: pos X is 0, pos Y is 0
Jan 15, 2015 6:21:33 PM org.ccnx.ccn.impl.sync.SliceComparator doComparison
O MAIS DETALHADO: Pushing X entry =05D95348B35DA1736365107BDACCCE484DA8B6A14DCCF3832B16DDA212E3B0C032 and Y entry =05D95348B35DA1736365107BDACCCE484DA8B6A14DCCF3832B16DDA212E3B0C032
Jan 15, 2015 6:21:33 PM org.ccnx.ccn.impl.sync.SliceComparator doComparison
O MAIS DETALHADO: Compare LEAF =05D95348B35DA1736365107BDACCCE484DA8B6A14DCCF3832B16DDA212E3B0C032 to LEAF =05D95348B35DA1736365107BDACCCE484DA8B6A14DCCF3832B16DDA212E3B0C032
Jan 15, 2015 6:21:33 PM org.ccnx.ccn.impl.sync.SliceComparator doComparison
O MAIS DETALHADO: name X is 0, pos X is 0, name Y is 0, pos Y is 0 comp is 0
Jan 15, 2015 6:21:33 PM org.ccnx.ccn.impl.sync.SliceComparator doComparison
O MAIS DETALHADO: name X (expanded) is /ccnx.org/test/SyncTestRepo-15-01-15-18.20.23/ccnSyncTest/slice10/round11/randomFile/=FD054B82F588B4/=00/=862C3C8C527D6B204E7FCD4EAF121546BFBA9E26B978EC9010B0DB73EDD734F0, name Y (expanded) is /ccnx.org/test/SyncTestRepo-15-01-15-18.20.23/ccnSyncTest/slice10/round11/randomFile/=FD054B82F588B4/=00/=862C3C8C527D6B204E7FCD4EAF121546BFBA9E26B978EC9010B0DB73EDD734F0
Jan 15, 2015 6:21:33 PM org.ccnx.ccn.impl.sync.SliceComparator doComparison
O MAIS DETALHADO: Compare LEAF =05D95348B35DA1736365107BDACCCE484DA8B6A14DCCF3832B16DDA212E3B0C032 to LEAF =05D95348B35DA1736365107BDACCCE484DA8B6A14DCCF3832B16DDA212E3B0C032
Jan 15, 2015 6:21:33 PM org.ccnx.ccn.impl.sync.SliceComparator doComparison
O MAIS DETALHADO: name X is 0, pos X is 2, name Y is 0, pos Y is 2 comp is 0
Jan 15, 2015 6:21:33 PM org.ccnx.ccn.impl.sync.SliceComparator doComparison
O MAIS DETALHADO: name X (expanded) is /ccnx.org/test/SyncTestRepo-15-01-15-18.20.23/ccnSyncTest/slice10/round12/randomFile/=FD054B82F591DF/=00/p=DE2BB2F625C0B42DC3D4800957F955C01267E921712139BC9BB1702DCF20EE, name Y (expanded) is /ccnx.org/test/SyncTestRepo-15-01-15-18.20.23/ccnSyncTest/slice10/round12/randomFile/=FD054B82F591DF/=00/p=DE2BB2F625C0B42DC3D4800957F955C01267E921712139BC9BB1702DCF20EE
Jan 15, 2015 6:21:33 PM org.ccnx.ccn.impl.sync.SliceComparator doComparison
O MAIS DETALHADO: Compare LEAF =05D95348B35DA1736365107BDACCCE484DA8B6A14DCCF3832B16DDA212E3B0C032 to LEAF =05D95348B35DA1736365107BDACCCE484DA8B6A14DCCF3832B16DDA212E3B0C032
Jan 15, 2015 6:21:33 PM org.ccnx.ccn.impl.sync.SliceComparator doComparison
O MAIS DETALHADO: name X is 0, pos X is 4, name Y is 0, pos Y is 4 comp is 0
Jan 15, 2015 6:21:33 PM org.ccnx.ccn.impl.sync.SliceComparator doComparison
O MAIS DETALHADO: name X (expanded) is /ccnx.org/test/SyncTestRepo-15-01-15-18.20.23/ccnSyncTest/slice10/round13/randomFile/=FD054B82F59B1B/=00/=0A14D94BE374A45E49DA2BC4C06FA4AA8D141E487AECE98ECC199C7D9D5FF867, name Y (expanded) is /ccnx.org/test/SyncTestRepo-15-01-15-18.20.23/ccnSyncTest/slice10/round13/randomFile/=FD054B82F59B1B/=00/=0A14D94BE374A45E49DA2BC4C06FA4AA8D141E487AECE98ECC199C7D9D5FF867
Jan 15, 2015 6:21:33 PM org.ccnx.ccn.impl.sync.SliceComparator doComparison
O MAIS DETALHADO: Compare LEAF =05D95348B35DA1736365107BDACCCE484DA8B6A14DCCF3832B16DDA212E3B0C032 to LEAF =05D95348B35DA1736365107BDACCCE484DA8B6A14DCCF3832B16DDA212E3B0C032
Jan 15, 2015 6:21:33 PM org.ccnx.ccn.impl.sync.SliceComparator doComparison
O MAIS DETALHADO: name X is 0, pos X is 6, name Y is 0, pos Y is 6 comp is 0
Jan 15, 2015 6:21:33 PM org.ccnx.ccn.impl.sync.SliceComparator doComparison
O MAIS DETALHADO: name X (expanded) is /ccnx.org/test/SyncTestRepo-15-01-15-18.20.23/ccnSyncTest/slice10/round14/randomFile/=FD054B82F5A43D/=00/I%E4R=9CC526867C0C399103DB98ED9A10FE2536FB15A7B685B5137937133A96, name Y (expanded) is /ccnx.org/test/SyncTestRepo-15-01-15-18.20.23/ccnSyncTest/slice10/round14/randomFile/=FD054B82F5A43D/=00/I%E4R=9CC526867C0C399103DB98ED9A10FE2536FB15A7B685B5137937133A96
Jan 15, 2015 6:21:33 PM org.ccnx.ccn.impl.sync.SliceComparator doComparison
O MAIS DETALHADO: Compare LEAF =05D95348B35DA1736365107BDACCCE484DA8B6A14DCCF3832B16DDA212E3B0C032 to LEAF =05D95348B35DA1736365107BDACCCE484DA8B6A14DCCF3832B16DDA212E3B0C032
Jan 15, 2015 6:21:33 PM org.ccnx.ccn.impl.sync.SliceComparator doComparison
O MAIS DETALHADO: name X is 0, pos X is 8, name Y is 0, pos Y is 8 comp is 0
Jan 15, 2015 6:21:33 PM org.ccnx.ccn.impl.sync.SliceComparator doComparison
O MAIS DETALHADO: name X (expanded) is /ccnx.org/test/SyncTestRepo-15-01-15-18.20.23/ccnSyncTest/slice10/round15/randomFile/=FD054B82F5AD71/=00/c%C2G=2AB3ADCC7888BA202C1647CD19F89481ADC8136697669E316D86E62FBD, name Y (expanded) is /ccnx.org/test/SyncTestRepo-15-01-15-18.20.23/ccnSyncTest/slice10/round15/randomFile/=FD054B82F5AD71/=00/c%C2G=2AB3ADCC7888BA202C1647CD19F89481ADC8136697669E316D86E62FBD
Jan 15, 2015 6:21:33 PM org.ccnx.ccn.impl.sync.SliceComparator doComparison
O MAIS DETALHADO: Compare NODE =0A8E904220C7741D734CF98D80C9C1E4729EDF3949DD78A459076DBD179330E62F to NODE =0B26AAE81208B280D256AFB7D876435F310169F3A86DD0CD3A6B777BB482BA61EE
Jan 15, 2015 6:21:33 PM org.ccnx.ccn.impl.sync.SliceComparator doComparison
O MAIS DETALHADO: pos X is 1, pos Y is 1
Jan 15, 2015 6:21:33 PM org.ccnx.ccn.impl.sync.SliceComparator.NodeFetchHandler handleContent
DETALHADO: Saw data from nodefind: hash: %05MW=9F5EAB110D6EF19F3BFDA97516E358B3525AA0DD4A0F5499D9A19F09A1BC
Jan 15, 2015 6:21:33 PM org.ccnx.ccn.impl.sync.SliceComparator handleHashNode
O MAIS DETALHADO: Couldn't get entry %05MW=9F5EAB110D6EF19F3BFDA97516E358B3525AA0DD4A0F5499D9A19F09A1BC setting it to missing
Jan 15, 2015 6:21:33 PM org.ccnx.ccn.impl.sync.SliceComparator doComparison
O MAIS DETALHADO: Compare NODE =0A8E904220C7741D734CF98D80C9C1E4729EDF3949DD78A459076DBD179330E62F to NODE =0B26AAE81208B280D256AFB7D876435F310169F3A86DD0CD3A6B777BB482BA61EE
Jan 15, 2015 6:21:33 PM org.ccnx.ccn.impl.sync.SliceComparator doComparison
O MAIS DETALHADO: pos X is 1, pos Y is 1
Jan 15, 2015 6:21:33 PM org.ccnx.ccn.io.content.SyncNodeComposite decodeLogging
O MAIS DETALHADO: decode node for %05MW=9F5EAB110D6EF19F3BFDA97516E358B3525AA0DD4A0F5499D9A19F09A1BC depth = 1 refs = 12
Jan 15, 2015 6:21:33 PM org.ccnx.ccn.io.content.SyncNodeComposite decodeLogging
O MAIS DETALHADO: min is 0, max is 0, expanded min is /ccnx.org/test/SyncTestRepo-15-01-15-18.20.23/ccnSyncTest/slice10/round16/randomFile/=FD054B82F5B673/=00/pU=A6A22546186B9FAC4EB8A07C1FBB995F82DA30BC632446C0DCD7E521AAF7, expanded max is /ccnx.org/test/SyncTestRepo-15-01-15-18.20.23/ccnSyncTest/slice10/randomFile/=FD054B82F53F79/%C1.META.M/.header/=FD054B82F53FB2/=00/=18F7ABCFFBD0912243186C9F3D6A45A3E28959A7EF8B922DD636A13DE75A55AC
Jan 15, 2015 6:21:33 PM org.ccnx.ccn.impl.sync.SliceComparator doComparison
O MAIS DETALHADO: Pushing X entry =04B53CF96D69D2AA0FE7E911A5FCF39C24F62897FC1085212DF0901B04AF8025FD and Y entry %05MW=9F5EAB110D6EF19F3BFDA97516E358B3525AA0DD4A0F5499D9A19F09A1BC
Jan 15, 2015 6:21:33 PM org.ccnx.ccn.impl.sync.SliceComparator doComparison
O MAIS DETALHADO: Compare LEAF =04B53CF96D69D2AA0FE7E911A5FCF39C24F62897FC1085212DF0901B04AF8025FD to LEAF %05MW=9F5EAB110D6EF19F3BFDA97516E358B3525AA0DD4A0F5499D9A19F09A1BC
Jan 15, 2015 6:21:33 PM org.ccnx.ccn.impl.sync.SliceComparator doComparison
O MAIS DETALHADO: name X is 0, pos X is 0, name Y is 0, pos Y is 0 comp is 0
Jan 15, 2015 6:21:33 PM org.ccnx.ccn.impl.sync.SliceComparator doComparison
O MAIS DETALHADO: name X (expanded) is /ccnx.org/test/SyncTestRepo-15-01-15-18.20.23/ccnSyncTest/slice10/round16/randomFile/=FD054B82F5B673/=00/pU=A6A22546186B9FAC4EB8A07C1FBB995F82DA30BC632446C0DCD7E521AAF7, name Y (expanded) is /ccnx.org/test/SyncTestRepo-15-01-15-18.20.23/ccnSyncTest/slice10/round16/randomFile/=FD054B82F5B673/=00/pU=A6A22546186B9FAC4EB8A07C1FBB995F82DA30BC632446C0DCD7E521AAF7
Jan 15, 2015 6:21:33 PM org.ccnx.ccn.impl.sync.SliceComparator doComparison
O MAIS DETALHADO: Compare LEAF =04B53CF96D69D2AA0FE7E911A5FCF39C24F62897FC1085212DF0901B04AF8025FD to LEAF %05MW=9F5EAB110D6EF19F3BFDA97516E358B3525AA0DD4A0F5499D9A19F09A1BC
Jan 15, 2015 6:21:33 PM org.ccnx.ccn.impl.sync.SliceComparator doComparison
O MAIS DETALHADO: name X is 0, pos X is 1, name Y is 0, pos Y is 1 comp is 0
Jan 15, 2015 6:21:33 PM org.ccnx.ccn.impl.sync.SliceComparator doComparison
O MAIS DETALHADO: name X (expanded) is /ccnx.org/test/SyncTestRepo-15-01-15-18.20.23/ccnSyncTest/slice10/round16/randomFile/=FD054B82F5B673/%C1.META.M/.header/=FD054B82F5B6B0/=00/=17C2C967425FFDB6EF8C542330DA467562953D126EDAE07B710B380B4D1AC752, name Y (expanded) is /ccnx.org/test/SyncTestRepo-15-01-15-18.20.23/ccnSyncTest/slice10/round16/randomFile/=FD054B82F5B673/%C1.META.M/.header/=FD054B82F5B6B0/=00/=17C2C967425FFDB6EF8C542330DA467562953D126EDAE07B710B380B4D1AC752
Jan 15, 2015 6:21:33 PM org.ccnx.ccn.impl.sync.SliceComparator doComparison
O MAIS DETALHADO: Compare LEAF =04B53CF96D69D2AA0FE7E911A5FCF39C24F62897FC1085212DF0901B04AF8025FD to LEAF %05MW=9F5EAB110D6EF19F3BFDA97516E358B3525AA0DD4A0F5499D9A19F09A1BC
Jan 15, 2015 6:21:33 PM org.ccnx.ccn.impl.sync.SliceComparator doComparison
O MAIS DETALHADO: name X is 0, pos X is 2, name Y is 0, pos Y is 2 comp is 0
Jan 15, 2015 6:21:33 PM org.ccnx.ccn.impl.sync.SliceComparator doComparison
O MAIS DETALHADO: name X (expanded) is /ccnx.org/test/SyncTestRepo-15-01-15-18.20.23/ccnSyncTest/slice10/round17/randomFile/=FD054B82F5BF96/=00/=E4BD59CD3D2193F901F55648B2921C3A07BF4E0D1E47354154CD91CFAB4A836B, name Y (expanded) is /ccnx.org/test/SyncTestRepo-15-01-15-18.20.23/ccnSyncTest/slice10/round17/randomFile/=FD054B82F5BF96/=00/=E4BD59CD3D2193F901F55648B2921C3A07BF4E0D1E47354154CD91CFAB4A836B
Jan 15, 2015 6:21:33 PM org.ccnx.ccn.impl.sync.SliceComparator doComparison
O MAIS DETALHADO: Compare LEAF =04B53CF96D69D2AA0FE7E911A5FCF39C24F62897FC1085212DF0901B04AF8025FD to LEAF %05MW=9F5EAB110D6EF19F3BFDA97516E358B3525AA0DD4A0F5499D9A19F09A1BC
Jan 15, 2015 6:21:33 PM org.ccnx.ccn.impl.sync.SliceComparator doComparison
O MAIS DETALHADO: name X is 0, pos X is 3, name Y is 0, pos Y is 3 comp is 0
Jan 15, 2015 6:21:33 PM org.ccnx.ccn.impl.sync.SliceComparator doComparison
O MAIS DETALHADO: name X (expanded) is /ccnx.org/test/SyncTestRepo-15-01-15-18.20.23/ccnSyncTest/slice10/round17/randomFile/=FD054B82F5BF96/%C1.META.M/.header/=FD054B82F5BFCF/=00/=DFDAA5AF0C823AF99D76C85A67EDB528F1EB12E800BF06BB8B2F219AAF1EEAFC, name Y (expanded) is /ccnx.org/test/SyncTestRepo-15-01-15-18.20.23/ccnSyncTest/slice10/round17/randomFile/=FD054B82F5BF96/%C1.META.M/.header/=FD054B82F5BFCF/=00/=DFDAA5AF0C823AF99D76C85A67EDB528F1EB12E800BF06BB8B2F219AAF1EEAFC
Jan 15, 2015 6:21:33 PM org.ccnx.ccn.impl.sync.SliceComparator doComparison
O MAIS DETALHADO: Compare LEAF =04B53CF96D69D2AA0FE7E911A5FCF39C24F62897FC1085212DF0901B04AF8025FD to LEAF %05MW=9F5EAB110D6EF19F3BFDA97516E358B3525AA0DD4A0F5499D9A19F09A1BC
Jan 15, 2015 6:21:33 PM org.ccnx.ccn.impl.sync.SliceComparator doComparison
O MAIS DETALHADO: name X is 0, pos X is 4, name Y is 0, pos Y is 4 comp is 0
Jan 15, 2015 6:21:33 PM org.ccnx.ccn.impl.sync.SliceComparator doComparison
O MAIS DETALHADO: name X (expanded) is /ccnx.org/test/SyncTestRepo-15-01-15-18.20.23/ccnSyncTest/slice10/round18/randomFile/=FD054B82F5C8BC/=00/=2BFB388768C7032EF8F8F3569B818A10CF99BB73C2192F5E83ED88B5585C6EF3, name Y (expanded) is /ccnx.org/test/SyncTestRepo-15-01-15-18.20.23/ccnSyncTest/slice10/round18/randomFile/=FD054B82F5C8BC/=00/=2BFB388768C7032EF8F8F3569B818A10CF99BB73C2192F5E83ED88B5585C6EF3
Jan 15, 2015 6:21:33 PM org.ccnx.ccn.impl.sync.SliceComparator doComparison
O MAIS DETALHADO: Compare LEAF =04B53CF96D69D2AA0FE7E911A5FCF39C24F62897FC1085212DF0901B04AF8025FD to LEAF %05MW=9F5EAB110D6EF19F3BFDA97516E358B3525AA0DD4A0F5499D9A19F09A1BC
Jan 15, 2015 6:21:33 PM org.ccnx.ccn.impl.sync.SliceComparator doComparison
O MAIS DETALHADO: name X is 0, pos X is 5, name Y is 0, pos Y is 5 comp is 0
Jan 15, 2015 6:21:33 PM org.ccnx.ccn.impl.sync.SliceComparator doComparison
O MAIS DETALHADO: name X (expanded) is /ccnx.org/test/SyncTestRepo-15-01-15-18.20.23/ccnSyncTest/slice10/round18/randomFile/=FD054B82F5C8BC/%C1.META.M/.header/=FD054B82F5C8FA/=00/=F08DA9402E896ABD8D3BF9F98F382E72D7D7A33E6F4EFA003BBEBCC5837B3AC0, name Y (expanded) is /ccnx.org/test/SyncTestRepo-15-01-15-18.20.23/ccnSyncTest/slice10/round18/randomFile/=FD054B82F5C8BC/%C1.META.M/.header/=FD054B82F5C8FA/=00/=F08DA9402E896ABD8D3BF9F98F382E72D7D7A33E6F4EFA003BBEBCC5837B3AC0
Jan 15, 2015 6:21:33 PM org.ccnx.ccn.impl.sync.SliceComparator doComparison
O MAIS DETALHADO: Compare LEAF =04B53CF96D69D2AA0FE7E911A5FCF39C24F62897FC1085212DF0901B04AF8025FD to LEAF %05MW=9F5EAB110D6EF19F3BFDA97516E358B3525AA0DD4A0F5499D9A19F09A1BC
Jan 15, 2015 6:21:33 PM org.ccnx.ccn.impl.sync.SliceComparator doComparison
O MAIS DETALHADO: name X is 0, pos X is 6, name Y is 0, pos Y is 6 comp is 0
Jan 15, 2015 6:21:33 PM org.ccnx.ccn.impl.sync.SliceComparator doComparison
O MAIS DETALHADO: name X (expanded) is /ccnx.org/test/SyncTestRepo-15-01-15-18.20.23/ccnSyncTest/slice10/round19/randomFile/=FD054B82F5D1E7/=00/nzg3P=C327F6FF20CFA7F2E409B8852A560054756EA06B6705234B587505, name Y (expanded) is /ccnx.org/test/SyncTestRepo-15-01-15-18.20.23/ccnSyncTest/slice10/round19/randomFile/=FD054B82F5D1E7/=00/nzg3P=C327F6FF20CFA7F2E409B8852A560054756EA06B6705234B587505
Jan 15, 2015 6:21:33 PM org.ccnx.ccn.impl.sync.SliceComparator doComparison
O MAIS DETALHADO: Compare LEAF =04B53CF96D69D2AA0FE7E911A5FCF39C24F62897FC1085212DF0901B04AF8025FD to LEAF %05MW=9F5EAB110D6EF19F3BFDA97516E358B3525AA0DD4A0F5499D9A19F09A1BC
Jan 15, 2015 6:21:33 PM org.ccnx.ccn.impl.sync.SliceComparator doComparison
O MAIS DETALHADO: name X is 0, pos X is 7, name Y is 0, pos Y is 7 comp is 0
Jan 15, 2015 6:21:33 PM org.ccnx.ccn.impl.sync.SliceComparator doComparison
O MAIS DETALHADO: name X (expanded) is /ccnx.org/test/SyncTestRepo-15-01-15-18.20.23/ccnSyncTest/slice10/round19/randomFile/=FD054B82F5D1E7/%C1.META.M/.header/=FD054B82F5D221/=00/=87D2E4F4A4BD711CF9071FF970C0C90F23151A774D37E44AD42F5682C48A0B66, name Y (expanded) is /ccnx.org/test/SyncTestRepo-15-01-15-18.20.23/ccnSyncTest/slice10/round19/randomFile/=FD054B82F5D1E7/%C1.META.M/.header/=FD054B82F5D221/=00/=87D2E4F4A4BD711CF9071FF970C0C90F23151A774D37E44AD42F5682C48A0B66
Jan 15, 2015 6:21:33 PM org.ccnx.ccn.impl.sync.SliceComparator doComparison
O MAIS DETALHADO: Compare LEAF =04B53CF96D69D2AA0FE7E911A5FCF39C24F62897FC1085212DF0901B04AF8025FD to LEAF %05MW=9F5EAB110D6EF19F3BFDA97516E358B3525AA0DD4A0F5499D9A19F09A1BC
Jan 15, 2015 6:21:33 PM org.ccnx.ccn.impl.sync.SliceComparator doComparison
O MAIS DETALHADO: name X is 0, pos X is 8, name Y is 0, pos Y is 8 comp is 1
Jan 15, 2015 6:21:33 PM org.ccnx.ccn.impl.sync.SliceComparator doComparison
O MAIS DETALHADO: name X (expanded) is /ccnx.org/test/SyncTestRepo-15-01-15-18.20.23/ccnSyncTest/slice10/randomFile/=FD054B82F53F79/=00/=3CBEB0282FE72CD7F7CF0696455493A1CE4F4E488F469319834E10584FC5C583, name Y (expanded) is /ccnx.org/test/SyncTestRepo-15-01-15-18.20.23/ccnSyncTest/slice10/round20/randomFile/=FD054B82F5DB06/=00/=94F2D2AAD95E14E9EB32A11ED21A8CA6272D6744E3330853151F7F9F9E019BE5
Jan 15, 2015 6:21:33 PM org.ccnx.ccn.profiles.sync.SyncTestRepo doHandleContentName
INFORMAÇÕES: Number 1: Callback for name: /ccnx.org/test/SyncTestRepo-15-01-15-18.20.23/ccnSyncTest/slice10/round20/randomFile/=FD054B82F5DB06/=00 - number is 0
Jan 15, 2015 6:21:33 PM org.ccnx.ccn.impl.sync.SliceComparator doComparison
O MAIS DETALHADO: Compare LEAF =04B53CF96D69D2AA0FE7E911A5FCF39C24F62897FC1085212DF0901B04AF8025FD to LEAF %05MW=9F5EAB110D6EF19F3BFDA97516E358B3525AA0DD4A0F5499D9A19F09A1BC
Jan 15, 2015 6:21:33 PM org.ccnx.ccn.impl.sync.SliceComparator doComparison
O MAIS DETALHADO: name X is 0, pos X is 8, name Y is 0, pos Y is 9 comp is 1
Jan 15, 2015 6:21:33 PM org.ccnx.ccn.impl.sync.SliceComparator doComparison
O MAIS DETALHADO: name X (expanded) is /ccnx.org/test/SyncTestRepo-15-01-15-18.20.23/ccnSyncTest/slice10/randomFile/=FD054B82F53F79/=00/=3CBEB0282FE72CD7F7CF0696455493A1CE4F4E488F469319834E10584FC5C583, name Y (expanded) is /ccnx.org/test/SyncTestRepo-15-01-15-18.20.23/ccnSyncTest/slice10/round20/randomFile/=FD054B82F5DB06/%C1.META.M/.header/=FD054B82F5DB3F/=00/=0327D34667E04E751E838938DA66EE183B5D5319AD25208E4EEA3EFD5187DFDA
Jan 15, 2015 6:21:33 PM org.ccnx.ccn.profiles.sync.SyncTestRepo doHandleContentName
INFORMAÇÕES: Number 1: Callback for name: /ccnx.org/test/SyncTestRepo-15-01-15-18.20.23/ccnSyncTest/slice10/round20/randomFile/=FD054B82F5DB06/%C1.META.M/.header/=FD054B82F5DB3F/=00 - number is header
Jan 15, 2015 6:21:33 PM org.ccnx.ccn.impl.sync.SliceComparator doComparison
O MAIS DETALHADO: Compare LEAF =04B53CF96D69D2AA0FE7E911A5FCF39C24F62897FC1085212DF0901B04AF8025FD to LEAF %05MW=9F5EAB110D6EF19F3BFDA97516E358B3525AA0DD4A0F5499D9A19F09A1BC
Jan 15, 2015 6:21:33 PM org.ccnx.ccn.impl.sync.SliceComparator doComparison
O MAIS DETALHADO: name X is 0, pos X is 8, name Y is 0, pos Y is 10 comp is 0
Jan 15, 2015 6:21:33 PM org.ccnx.ccn.impl.sync.SliceComparator doComparison
O MAIS DETALHADO: name X (expanded) is /ccnx.org/test/SyncTestRepo-15-01-15-18.20.23/ccnSyncTest/slice10/randomFile/=FD054B82F53F79/=00/=3CBEB0282FE72CD7F7CF0696455493A1CE4F4E488F469319834E10584FC5C583, name Y (expanded) is /ccnx.org/test/SyncTestRepo-15-01-15-18.20.23/ccnSyncTest/slice10/randomFile/=FD054B82F53F79/=00/=3CBEB0282FE72CD7F7CF0696455493A1CE4F4E488F469319834E10584FC5C583
Jan 15, 2015 6:21:33 PM org.ccnx.ccn.impl.sync.SliceComparator doComparison
O MAIS DETALHADO: Compare LEAF =04B53CF96D69D2AA0FE7E911A5FCF39C24F62897FC1085212DF0901B04AF8025FD to LEAF %05MW=9F5EAB110D6EF19F3BFDA97516E358B3525AA0DD4A0F5499D9A19F09A1BC
Jan 15, 2015 6:21:33 PM org.ccnx.ccn.impl.sync.SliceComparator doComparison
O MAIS DETALHADO: name X is 0, pos X is 9, name Y is 0, pos Y is 11 comp is 0
Jan 15, 2015 6:21:33 PM org.ccnx.ccn.impl.sync.SliceComparator doComparison
O MAIS DETALHADO: name X (expanded) is /ccnx.org/test/SyncTestRepo-15-01-15-18.20.23/ccnSyncTest/slice10/randomFile/=FD054B82F53F79/%C1.META.M/.header/=FD054B82F53FB2/=00/=18F7ABCFFBD0912243186C9F3D6A45A3E28959A7EF8B922DD636A13DE75A55AC, name Y (expanded) is /ccnx.org/test/SyncTestRepo-15-01-15-18.20.23/ccnSyncTest/slice10/randomFile/=FD054B82F53F79/%C1.META.M/.header/=FD054B82F53FB2/=00/=18F7ABCFFBD0912243186C9F3D6A45A3E28959A7EF8B922DD636A13DE75A55AC
Jan 15, 2015 6:21:33 PM org.ccnx.ccn.impl.sync.SliceComparator updateCurrent
O MAIS DETALHADO: Starting update from hash =0A8E904220C7741D734CF98D80C9C1E4729EDF3949DD78A459076DBD179330E62F
Jan 15, 2015 6:21:33 PM org.ccnx.ccn.impl.sync.SliceComparator updateCurrent
O MAIS DETALHADO: Update compare - moving to: =05D95348B35DA1736365107BDACCCE484DA8B6A14DCCF3832B16DDA212E3B0C032
Jan 15, 2015 6:21:33 PM org.ccnx.ccn.impl.sync.SliceComparator updateCurrent
O MAIS DETALHADO: Shortcut in update - popping back to =0A8E904220C7741D734CF98D80C9C1E4729EDF3949DD78A459076DBD179330E62F, pos 1
Jan 15, 2015 6:21:33 PM org.ccnx.ccn.impl.sync.SliceComparator updateCurrent
O MAIS DETALHADO: Update compare - moving to: =04B53CF96D69D2AA0FE7E911A5FCF39C24F62897FC1085212DF0901B04AF8025FD
Jan 15, 2015 6:21:33 PM org.ccnx.ccn.impl.sync.SliceComparator updateCurrent
O MAIS DETALHADO: Update compare: name from tree (expanded) is /ccnx.org/test/SyncTestRepo-15-01-15-18.20.23/ccnSyncTest/slice10/round16/randomFile/=FD054B82F5B673/=00/pU=A6A22546186B9FAC4EB8A07C1FBB995F82DA30BC632446C0DCD7E521AAF7, name  is /ccnx.org/test/SyncTestRepo-15-01-15-18.20.23/ccnSyncTest/slice10/round20/randomFile/=FD054B82F5DB06/=00/=94F2D2AAD95E14E9EB32A11ED21A8CA6272D6744E3330853151F7F9F9E019BE5, comp is -1
Jan 15, 2015 6:21:33 PM org.ccnx.ccn.impl.sync.SliceComparator updateCurrent
O MAIS DETALHADO: Update compare: name from tree (expanded) is /ccnx.org/test/SyncTestRepo-15-01-15-18.20.23/ccnSyncTest/slice10/round16/randomFile/=FD054B82F5B673/%C1.META.M/.header/=FD054B82F5B6B0/=00/=17C2C967425FFDB6EF8C542330DA467562953D126EDAE07B710B380B4D1AC752, name  is /ccnx.org/test/SyncTestRepo-15-01-15-18.20.23/ccnSyncTest/slice10/round20/randomFile/=FD054B82F5DB06/=00/=94F2D2AAD95E14E9EB32A11ED21A8CA6272D6744E3330853151F7F9F9E019BE5, comp is -1
Jan 15, 2015 6:21:33 PM org.ccnx.ccn.impl.sync.SliceComparator updateCurrent
O MAIS DETALHADO: Update compare: name from tree (expanded) is /ccnx.org/test/SyncTestRepo-15-01-15-18.20.23/ccnSyncTest/slice10/round17/randomFile/=FD054B82F5BF96/=00/=E4BD59CD3D2193F901F55648B2921C3A07BF4E0D1E47354154CD91CFAB4A836B, name  is /ccnx.org/test/SyncTestRepo-15-01-15-18.20.23/ccnSyncTest/slice10/round20/randomFile/=FD054B82F5DB06/=00/=94F2D2AAD95E14E9EB32A11ED21A8CA6272D6744E3330853151F7F9F9E019BE5, comp is -1
Jan 15, 2015 6:21:33 PM org.ccnx.ccn.impl.sync.SliceComparator updateCurrent
O MAIS DETALHADO: Update compare: name from tree (expanded) is /ccnx.org/test/SyncTestRepo-15-01-15-18.20.23/ccnSyncTest/slice10/round17/randomFile/=FD054B82F5BF96/%C1.META.M/.header/=FD054B82F5BFCF/=00/=DFDAA5AF0C823AF99D76C85A67EDB528F1EB12E800BF06BB8B2F219AAF1EEAFC, name  is /ccnx.org/test/SyncTestRepo-15-01-15-18.20.23/ccnSyncTest/slice10/round20/randomFile/=FD054B82F5DB06/=00/=94F2D2AAD95E14E9EB32A11ED21A8CA6272D6744E3330853151F7F9F9E019BE5, comp is -1
Jan 15, 2015 6:21:33 PM org.ccnx.ccn.impl.sync.SliceComparator updateCurrent
O MAIS DETALHADO: Update compare: name from tree (expanded) is /ccnx.org/test/SyncTestRepo-15-01-15-18.20.23/ccnSyncTest/slice10/round18/randomFile/=FD054B82F5C8BC/=00/=2BFB388768C7032EF8F8F3569B818A10CF99BB73C2192F5E83ED88B5585C6EF3, name  is /ccnx.org/test/SyncTestRepo-15-01-15-18.20.23/ccnSyncTest/slice10/round20/randomFile/=FD054B82F5DB06/=00/=94F2D2AAD95E14E9EB32A11ED21A8CA6272D6744E3330853151F7F9F9E019BE5, comp is -1
Jan 15, 2015 6:21:33 PM org.ccnx.ccn.impl.sync.SliceComparator updateCurrent
O MAIS DETALHADO: Update compare: name from tree (expanded) is /ccnx.org/test/SyncTestRepo-15-01-15-18.20.23/ccnSyncTest/slice10/round18/randomFile/=FD054B82F5C8BC/%C1.META.M/.header/=FD054B82F5C8FA/=00/=F08DA9402E896ABD8D3BF9F98F382E72D7D7A33E6F4EFA003BBEBCC5837B3AC0, name  is /ccnx.org/test/SyncTestRepo-15-01-15-18.20.23/ccnSyncTest/slice10/round20/randomFile/=FD054B82F5DB06/=00/=94F2D2AAD95E14E9EB32A11ED21A8CA6272D6744E3330853151F7F9F9E019BE5, comp is -1
Jan 15, 2015 6:21:33 PM org.ccnx.ccn.impl.sync.SliceComparator updateCurrent
O MAIS DETALHADO: Update compare: name from tree (expanded) is /ccnx.org/test/SyncTestRepo-15-01-15-18.20.23/ccnSyncTest/slice10/round19/randomFile/=FD054B82F5D1E7/=00/nzg3P=C327F6FF20CFA7F2E409B8852A560054756EA06B6705234B587505, name  is /ccnx.org/test/SyncTestRepo-15-01-15-18.20.23/ccnSyncTest/slice10/round20/randomFile/=FD054B82F5DB06/=00/=94F2D2AAD95E14E9EB32A11ED21A8CA6272D6744E3330853151F7F9F9E019BE5, comp is -1
Jan 15, 2015 6:21:33 PM org.ccnx.ccn.impl.sync.SliceComparator updateCurrent
O MAIS DETALHADO: Update compare: name from tree (expanded) is /ccnx.org/test/SyncTestRepo-15-01-15-18.20.23/ccnSyncTest/slice10/round19/randomFile/=FD054B82F5D1E7/%C1.META.M/.header/=FD054B82F5D221/=00/=87D2E4F4A4BD711CF9071FF970C0C90F23151A774D37E44AD42F5682C48A0B66, name  is /ccnx.org/test/SyncTestRepo-15-01-15-18.20.23/ccnSyncTest/slice10/round20/randomFile/=FD054B82F5DB06/=00/=94F2D2AAD95E14E9EB32A11ED21A8CA6272D6744E3330853151F7F9F9E019BE5, comp is -1
Jan 15, 2015 6:21:33 PM org.ccnx.ccn.impl.sync.SliceComparator updateCurrent
O MAIS DETALHADO: Update compare: name from tree (expanded) is /ccnx.org/test/SyncTestRepo-15-01-15-18.20.23/ccnSyncTest/slice10/randomFile/=FD054B82F53F79/=00/=3CBEB0282FE72CD7F7CF0696455493A1CE4F4E488F469319834E10584FC5C583, name  is /ccnx.org/test/SyncTestRepo-15-01-15-18.20.23/ccnSyncTest/slice10/round20/randomFile/=FD054B82F5DB06/=00/=94F2D2AAD95E14E9EB32A11ED21A8CA6272D6744E3330853151F7F9F9E019BE5, comp is 1
Jan 15, 2015 6:21:33 PM org.ccnx.ccn.impl.sync.SliceComparator updateCurrent
O MAIS DETALHADO: Update: starting redo of names because of /ccnx.org/test/SyncTestRepo-15-01-15-18.20.23/ccnSyncTest/slice10/round20/randomFile/=FD054B82F5DB06/=00/=94F2D2AAD95E14E9EB32A11ED21A8CA6272D6744E3330853151F7F9F9E019BE5 at /ccnx.org/test/SyncTestRepo-15-01-15-18.20.23/ccnSyncTest/slice10/round16/randomFile/=FD054B82F5B673/=00/pU=A6A22546186B9FAC4EB8A07C1FBB995F82DA30BC632446C0DCD7E521AAF7
Jan 15, 2015 6:21:33 PM ccnx.Sync
DETALHADO: Node split due to level change - nbytes 2065, match 5, prev 8
Jan 15, 2015 6:21:33 PM org.ccnx.ccn.io.content.SyncNodeComposite decodeLogging
O MAIS DETALHADO: decode node for =04F7A143667F594F74B6B7C8C826B63D9DA7DAAA6A220B24C7FB15280B67E9868D depth = 1 refs = 10
Jan 15, 2015 6:21:33 PM org.ccnx.ccn.io.content.SyncNodeComposite decodeLogging
O MAIS DETALHADO: min is 0, max is 0, expanded min is /ccnx.org/test/SyncTestRepo-15-01-15-18.20.23/ccnSyncTest/slice10/round16/randomFile/=FD054B82F5B673/=00/pU=A6A22546186B9FAC4EB8A07C1FBB995F82DA30BC632446C0DCD7E521AAF7, expanded max is /ccnx.org/test/SyncTestRepo-15-01-15-18.20.23/ccnSyncTest/slice10/round20/randomFile/=FD054B82F5DB06/%C1.META.M/.header/=FD054B82F5DB3F/=00/=0327D34667E04E751E838938DA66EE183B5D5319AD25208E4EEA3EFD5187DFDA
Jan 15, 2015 6:21:33 PM org.ccnx.ccn.impl.sync.SyncTreeEntry <init>
O MAIS DETALHADO: Found existing node: U=B65BF82BB7BDFA3AE7733582BED945B0D8A7F07ED225475984B19637201B2F
Jan 15, 2015 6:21:33 PM org.ccnx.ccn.impl.sync.SyncTreeEntry <init>
O MAIS DETALHADO: Found existing node: =0B26AAE81208B280D256AFB7D876435F310169F3A86DD0CD3A6B777BB482BA61EE
Jan 15, 2015 6:21:33 PM org.ccnx.ccn.io.content.SyncNodeComposite decodeLogging
O MAIS DETALHADO: decode node for =0B26AAE81208B280D256AFB7D876435F310169F3A86DD0CD3A6B777BB482BA61EE depth = 2 refs = 3
Jan 15, 2015 6:21:33 PM org.ccnx.ccn.io.content.SyncNodeComposite decodeLogging
O MAIS DETALHADO: min is 0, max is 0, expanded min is /ccnx.org/test/SyncTestRepo-15-01-15-18.20.23/ccnSyncTest/slice10/round11/randomFile/=FD054B82F588B4/=00/=862C3C8C527D6B204E7FCD4EAF121546BFBA9E26B978EC9010B0DB73EDD734F0, expanded max is /ccnx.org/test/SyncTestRepo-15-01-15-18.20.23/ccnSyncTest/slice10/randomFile/=FD054B82F53F79/%C1.META.M/.header/=FD054B82F53FB2/=00/=18F7ABCFFBD0912243186C9F3D6A45A3E28959A7EF8B922DD636A13DE75A55AC
Jan 15, 2015 6:21:33 PM org.ccnx.ccn.impl.sync.NodeBuilder createHeadRecursive
O MAIS DETALHADO: Creating new compound node - with first element =05D95348B35DA1736365107BDACCCE484DA8B6A14DCCF3832B16DDA212E3B0C032 and last element U=B65BF82BB7BDFA3AE7733582BED945B0D8A7F07ED225475984B19637201B2F
Jan 15, 2015 6:21:33 PM org.ccnx.ccn.impl.sync.SliceComparator updateCurrent
INFORMAÇÕES: Resetting current to created head: =0B26AAE81208B280D256AFB7D876435F310169F3A86DD0CD3A6B777BB482BA61EE
Jan 15, 2015 6:21:34 PM org.ccnx.ccn.profiles.sync.SyncTestRepo checkCallbacks
DETALHADO: got segment 0
Jan 15, 2015 6:21:34 PM org.ccnx.ccn.profiles.sync.SyncTestRepo checkCallbacks
DETALHADO: received: [true, false] finished: [true, true]
Jan 15, 2015 6:21:34 PM org.ccnx.ccn.profiles.sync.SyncTestRepo checkCallbacks
DETALHADO: got the header
Jan 15, 2015 6:21:34 PM org.ccnx.ccn.profiles.sync.SyncTestRepo checkCallbacks
DETALHADO: received: [true, true] finished: [true, true]
Jan 15, 2015 6:21:34 PM org.ccnx.ccn.profiles.sync.SyncTestRepo checkCallbacks
DETALHADO: got all the segments!
Jan 15, 2015 6:21:34 PM org.ccnx.ccn.profiles.sync.SyncTestRepo checkCallbacks
DETALHADO: trying to loop again looking for segments
Jan 15, 2015 6:21:34 PM org.ccnx.ccn.profiles.sync.SyncTestRepo checkCallbacks
DETALHADO: done looping, returning.
Jan 15, 2015 6:21:34 PM org.ccnx.ccn.impl.CCNFlowControl <init>
INFORMAÇÕES: adding namespace: /ccnx.org/test/SyncTestRepo-15-01-15-18.20.23/ccnSyncTest/slice10/round21/randomFile
Jan 15, 2015 6:21:34 PM org.ccnx.ccn.impl.security.keys.BasicKeyManager getKeyLocator
INFORMAÇÕES: getKeyLocator: returning locator NAME: /ccnx.org/Users/root/Keys/%C1.M.K=009234ADEC47D19E3E6A2AF362D44E09AB6B71F43B1900BA0622FB45F2A5B7D9F6/=FD054AE7DE1000 KEY:-reba89rgbj1o6ata34t5eovcl4kho5s9pnv8nstq15q1ld4g9ga for key kjSt7EfRnj5qKvNi1E4Jq2tx9DsZALoGIvtF8qW32fY=
Jan 15, 2015 6:21:34 PM org.ccnx.ccn.io.CCNAbstractOutputStream <init>
INFORMAÇÕES: CCNAbstractOutputStream: /ccnx.org/test/SyncTestRepo-15-01-15-18.20.23/ccnSyncTest/slice10/round21/randomFile/=FD054B82F5E41D blocksize is 4096
Jan 15, 2015 6:21:34 PM org.ccnx.ccn.io.CCNAbstractOutputStream startWrite
INFORMAÇÕES: CCNAbstractOutputStream: startWrite -- searching for keys.
Jan 15, 2015 6:21:34 PM org.ccnx.ccn.profiles.security.access.AccessControlManager keysForOutput
INFORMAÇÕES: keysForOutput: found an acm: (null)
Jan 15, 2015 6:21:34 PM org.ccnx.ccn.impl.repo.RepositoryFlowControl startWrite
INFORMAÇÕES: RepositoryFlowControl.startWrite called for name /ccnx.org/test/SyncTestRepo-15-01-15-18.20.23/ccnSyncTest/slice10/round21/randomFile/=FD054B82F5E41D, shape STREAM
Jan 15, 2015 6:21:34 PM org.ccnx.ccn.impl.repo.RepositoryFlowControl handleContent
INFORMAÇÕES: handleContent: got potential repo message: /ccnx.org/test/SyncTestRepo-15-01-15-18.20.23/ccnSyncTest/slice10/round21/randomFile/=FD054B82F5E41D/%C1.R.sw/%C1.N=00C205C4D90C61A9D5
Jan 15, 2015 6:21:34 PM org.ccnx.ccn.profiles.sync.SyncTestCommon writeFile
DETALHADO: bytes: 4096 block size: 4096 div: 1.0 ceil: 1
Jan 15, 2015 6:21:34 PM org.ccnx.ccn.profiles.sync.SyncTestCommon writeFile
DETALHADO: will write out a 4096 byte file, will have 2 segments (1 is a header)
Jan 15, 2015 6:21:34 PM org.ccnx.ccn.io.CCNOutputStream flushToNetwork
INFORMAÇÕES: flush: outputting to the segmenter, baseName /ccnx.org/test/SyncTestRepo-15-01-15-18.20.23/ccnSyncTest/slice10/round21/randomFile/=FD054B82F5E41D basenameindex =00; 4096 bytes written, holding back 4096 flushing final blocks? false.
Jan 15, 2015 6:21:34 PM org.ccnx.ccn.io.CCNOutputStream flushToNetwork
INFORMAÇÕES: HEADER: CCNOutputStream: flushToNetwork: new _baseNameIndex 0
Jan 15, 2015 6:21:34 PM org.ccnx.ccn.io.CCNOutputStream flushToNetwork
INFORMAÇÕES: flush: outputting to the segmenter, baseName /ccnx.org/test/SyncTestRepo-15-01-15-18.20.23/ccnSyncTest/slice10/round21/randomFile/=FD054B82F5E41D basenameindex =00; 4096 bytes written, holding back 4096 flushing final blocks? false.
Jan 15, 2015 6:21:34 PM org.ccnx.ccn.io.CCNOutputStream flushToNetwork
INFORMAÇÕES: HEADER: CCNOutputStream: flushToNetwork: new _baseNameIndex 0
Jan 15, 2015 6:21:34 PM org.ccnx.ccn.io.CCNOutputStream flushToNetwork
INFORMAÇÕES: flush: outputting to the segmenter, baseName /ccnx.org/test/SyncTestRepo-15-01-15-18.20.23/ccnSyncTest/slice10/round21/randomFile/=FD054B82F5E41D basenameindex =00; 4096 bytes written, holding back 0 flushing final blocks? true.
Jan 15, 2015 6:21:34 PM org.ccnx.ccn.io.CCNOutputStream flushToNetwork
INFORMAÇÕES: HEADER: CCNOutputStream: flushToNetwork: new _baseNameIndex 1
Jan 15, 2015 6:21:34 PM org.ccnx.ccn.io.CCNAbstractOutputStream <init>
INFORMAÇÕES: CCNAbstractOutputStream: /ccnx.org/test/SyncTestRepo-15-01-15-18.20.23/ccnSyncTest/slice10/round21/randomFile/=FD054B82F5E41D/%C1.META.M/.header/=FD054B82F5E48B blocksize is 4096
Jan 15, 2015 6:21:34 PM org.ccnx.ccn.io.CCNAbstractOutputStream startWrite
INFORMAÇÕES: CCNAbstractOutputStream: startWrite -- searching for keys.
Jan 15, 2015 6:21:34 PM org.ccnx.ccn.profiles.security.access.AccessControlManager keysForOutput
INFORMAÇÕES: keysForOutput: found an acm: (null)
Jan 15, 2015 6:21:34 PM org.ccnx.ccn.impl.repo.RepositoryFlowControl startWrite
INFORMAÇÕES: RepositoryFlowControl.startWrite called for name /ccnx.org/test/SyncTestRepo-15-01-15-18.20.23/ccnSyncTest/slice10/round21/randomFile/=FD054B82F5E41D/%C1.META.M/.header/=FD054B82F5E48B, shape STREAM
Jan 15, 2015 6:21:34 PM org.ccnx.ccn.impl.repo.RepositoryFlowControl handleContent
INFORMAÇÕES: handleContent: got potential repo message: /ccnx.org/test/SyncTestRepo-15-01-15-18.20.23/ccnSyncTest/slice10/round21/randomFile/=FD054B82F5E41D/%C1.META.M/.header/=FD054B82F5E48B/%C1.R.sw/%C1.N%00M=B1EFC038BA320C
Jan 15, 2015 6:21:34 PM org.ccnx.ccn.io.CCNOutputStream flushToNetwork
INFORMAÇÕES: flush: outputting to the segmenter, baseName /ccnx.org/test/SyncTestRepo-15-01-15-18.20.23/ccnSyncTest/slice10/round21/randomFile/=FD054B82F5E41D/%C1.META.M/.header/=FD054B82F5E48B basenameindex =00; 66 bytes written, holding back 66 flushing final blocks? false.
Jan 15, 2015 6:21:34 PM org.ccnx.ccn.io.CCNOutputStream flushToNetwork
INFORMAÇÕES: HEADER: CCNOutputStream: flushToNetwork: new _baseNameIndex 0
Jan 15, 2015 6:21:34 PM org.ccnx.ccn.io.CCNOutputStream flushToNetwork
INFORMAÇÕES: flush: outputting to the segmenter, baseName /ccnx.org/test/SyncTestRepo-15-01-15-18.20.23/ccnSyncTest/slice10/round21/randomFile/=FD054B82F5E41D/%C1.META.M/.header/=FD054B82F5E48B basenameindex =00; 66 bytes written, holding back 66 flushing final blocks? false.
Jan 15, 2015 6:21:34 PM org.ccnx.ccn.io.CCNOutputStream flushToNetwork
INFORMAÇÕES: HEADER: CCNOutputStream: flushToNetwork: new _baseNameIndex 0
Jan 15, 2015 6:21:34 PM org.ccnx.ccn.io.CCNOutputStream flushToNetwork
INFORMAÇÕES: flush: outputting to the segmenter, baseName /ccnx.org/test/SyncTestRepo-15-01-15-18.20.23/ccnSyncTest/slice10/round21/randomFile/=FD054B82F5E41D/%C1.META.M/.header/=FD054B82F5E48B basenameindex =00; 66 bytes written, holding back 0 flushing final blocks? true.
Jan 15, 2015 6:21:34 PM org.ccnx.ccn.io.CCNOutputStream flushToNetwork
INFORMAÇÕES: HEADER: CCNOutputStream: flushToNetwork: new _baseNameIndex 1
Jan 15, 2015 6:21:34 PM org.ccnx.ccn.io.CCNOutputStream close
INFORMAÇÕES: CCNOutputStream close: /ccnx.org/test/SyncTestRepo-15-01-15-18.20.23/ccnSyncTest/slice10/round21/randomFile/=FD054B82F5E41D/%C1.META.M/.header/=FD054B82F5E48B
Jan 15, 2015 6:21:34 PM org.ccnx.ccn.io.CCNOutputStream close
INFORMAÇÕES: CCNOutputStream close: /ccnx.org/test/SyncTestRepo-15-01-15-18.20.23/ccnSyncTest/slice10/round21/randomFile/=FD054B82F5E41D
Jan 15, 2015 6:21:34 PM org.ccnx.ccn.profiles.sync.SyncTestCommon writeFile
INFORMAÇÕES: Wrote file to repository: /ccnx.org/test/SyncTestRepo-15-01-15-18.20.23/ccnSyncTest/slice10/round21/randomFile/=FD054B82F5E41D with 2 segments
Jan 15, 2015 6:21:34 PM org.ccnx.ccn.profiles.sync.SyncTestRepo checkCallbacks
DETALHADO: checking for callbacks:  /ccnx.org/test/SyncTestRepo-15-01-15-18.20.23/ccnSyncTest/slice10/round21 segments: 2
Jan 15, 2015 6:21:34 PM org.ccnx.ccn.impl.sync.ProtocolBasedSyncMonitor handleContent
INFORMAÇÕES: Saw new content from sync: /ccnx.org/test/SyncTestRepo-15-01-15-18.20.23/topoPrefix/%C1.S.ra/x%E7U.=86853EF050D99AC7B6E19C29B7AECFA1B2568CAD74E733BCB2443F63/=0B26AAE81208B280D256AFB7D876435F310169F3A86DD0CD3A6B777BB482BA61EE/=0BFD4CD6C6C44FB1AAA4B1F1C2B9379B5FEA769FFA503A2AF8A4F0BB88D334F0B3
Jan 15, 2015 6:21:34 PM org.ccnx.ccn.impl.sync.SliceComparator run
DETALHADO: Starting comparator run - state is INIT, sc is org.ccnx.ccn.impl.sync.SliceComparator@ca0898b, this is the lead
Jan 15, 2015 6:21:34 PM org.ccnx.ccn.io.content.SyncNodeComposite decodeLogging
O MAIS DETALHADO: decode node for =0BFD4CD6C6C44FB1AAA4B1F1C2B9379B5FEA769FFA503A2AF8A4F0BB88D334F0B3 depth = 2 refs = 2
Jan 15, 2015 6:21:34 PM org.ccnx.ccn.io.content.SyncNodeComposite decodeLogging
O MAIS DETALHADO: min is 0, max is 0, expanded min is /ccnx.org/test/SyncTestRepo-15-01-15-18.20.23/ccnSyncTest/slice10/round11/randomFile/=FD054B82F588B4/=00/=862C3C8C527D6B204E7FCD4EAF121546BFBA9E26B978EC9010B0DB73EDD734F0, expanded max is /ccnx.org/test/SyncTestRepo-15-01-15-18.20.23/ccnSyncTest/slice10/randomFile/=FD054B82F53F79/%C1.META.M/.header/=FD054B82F53FB2/=00/=18F7ABCFFBD0912243186C9F3D6A45A3E28959A7EF8B922DD636A13DE75A55AC
Jan 15, 2015 6:21:34 PM org.ccnx.ccn.impl.sync.SliceComparator run
INFORMAÇÕES: Starting new round with X = =0B26AAE81208B280D256AFB7D876435F310169F3A86DD0CD3A6B777BB482BA61EE and Y = =0BFD4CD6C6C44FB1AAA4B1F1C2B9379B5FEA769FFA503A2AF8A4F0BB88D334F0B3
Jan 15, 2015 6:21:34 PM org.ccnx.ccn.impl.sync.ProtocolBasedSyncMonitor requestNode
DETALHADO: Requesting node for hash: /ccnx.org/test/SyncTestRepo-15-01-15-18.20.23/topoPrefix/%C1.S.nf/x%E7U.=86853EF050D99AC7B6E19C29B7AECFA1B2568CAD74E733BCB2443F63/=0623F98E1366AE3E473FA175E7EC69531241BFFEAC8346A7CD8E131975EF843081
Jan 15, 2015 6:21:34 PM org.ccnx.ccn.impl.sync.SliceComparator doComparison
O MAIS DETALHADO: Skipping covered subentry =05D95348B35DA1736365107BDACCCE484DA8B6A14DCCF3832B16DDA212E3B0C032
Jan 15, 2015 6:21:34 PM org.ccnx.ccn.impl.sync.SliceComparator doComparison
O MAIS DETALHADO: Compare NODE =0B26AAE81208B280D256AFB7D876435F310169F3A86DD0CD3A6B777BB482BA61EE to NODE =0BFD4CD6C6C44FB1AAA4B1F1C2B9379B5FEA769FFA503A2AF8A4F0BB88D334F0B3
Jan 15, 2015 6:21:34 PM org.ccnx.ccn.impl.sync.SliceComparator doComparison
O MAIS DETALHADO: pos X is 0, pos Y is 1
Jan 15, 2015 6:21:34 PM org.ccnx.ccn.impl.sync.SliceComparator handleHashNode
O MAIS DETALHADO: Couldn't get entry =0623F98E1366AE3E473FA175E7EC69531241BFFEAC8346A7CD8E131975EF843081 setting it to missing
Jan 15, 2015 6:21:34 PM org.ccnx.ccn.impl.sync.SliceComparator.NodeFetchHandler handleContent
DETALHADO: Saw data from nodefind: hash: =0623F98E1366AE3E473FA175E7EC69531241BFFEAC8346A7CD8E131975EF843081
Jan 15, 2015 6:21:34 PM org.ccnx.ccn.impl.sync.SliceComparator doComparison
O MAIS DETALHADO: Compare NODE =0B26AAE81208B280D256AFB7D876435F310169F3A86DD0CD3A6B777BB482BA61EE to NODE =0BFD4CD6C6C44FB1AAA4B1F1C2B9379B5FEA769FFA503A2AF8A4F0BB88D334F0B3
Jan 15, 2015 6:21:34 PM org.ccnx.ccn.impl.sync.SliceComparator doComparison
O MAIS DETALHADO: pos X is 0, pos Y is 1
Jan 15, 2015 6:21:34 PM org.ccnx.ccn.io.content.SyncNodeComposite decodeLogging
O MAIS DETALHADO: decode node for =0623F98E1366AE3E473FA175E7EC69531241BFFEAC8346A7CD8E131975EF843081 depth = 1 refs = 14
Jan 15, 2015 6:21:34 PM org.ccnx.ccn.io.content.SyncNodeComposite decodeLogging
O MAIS DETALHADO: min is 0, max is 0, expanded min is /ccnx.org/test/SyncTestRepo-15-01-15-18.20.23/ccnSyncTest/slice10/round16/randomFile/=FD054B82F5B673/=00/pU=A6A22546186B9FAC4EB8A07C1FBB995F82DA30BC632446C0DCD7E521AAF7, expanded max is /ccnx.org/test/SyncTestRepo-15-01-15-18.20.23/ccnSyncTest/slice10/randomFile/=FD054B82F53F79/%C1.META.M/.header/=FD054B82F53FB2/=00/=18F7ABCFFBD0912243186C9F3D6A45A3E28959A7EF8B922DD636A13DE75A55AC
Jan 15, 2015 6:21:34 PM org.ccnx.ccn.impl.sync.SliceComparator doComparison
O MAIS DETALHADO: Pushing X entry =05D95348B35DA1736365107BDACCCE484DA8B6A14DCCF3832B16DDA212E3B0C032 and Y entry =0623F98E1366AE3E473FA175E7EC69531241BFFEAC8346A7CD8E131975EF843081
Jan 15, 2015 6:21:34 PM org.ccnx.ccn.impl.sync.SliceComparator doComparison
O MAIS DETALHADO: Compare LEAF =05D95348B35DA1736365107BDACCCE484DA8B6A14DCCF3832B16DDA212E3B0C032 to LEAF =0623F98E1366AE3E473FA175E7EC69531241BFFEAC8346A7CD8E131975EF843081
Jan 15, 2015 6:21:34 PM org.ccnx.ccn.impl.sync.SliceComparator doComparison
O MAIS DETALHADO: name X is 0, pos X is 0, name Y is 0, pos Y is 0 comp is -1
Jan 15, 2015 6:21:34 PM org.ccnx.ccn.impl.sync.SliceComparator doComparison
O MAIS DETALHADO: name X (expanded) is /ccnx.org/test/SyncTestRepo-15-01-15-18.20.23/ccnSyncTest/slice10/round11/randomFile/=FD054B82F588B4/=00/=862C3C8C527D6B204E7FCD4EAF121546BFBA9E26B978EC9010B0DB73EDD734F0, name Y (expanded) is /ccnx.org/test/SyncTestRepo-15-01-15-18.20.23/ccnSyncTest/slice10/round16/randomFile/=FD054B82F5B673/=00/pU=A6A22546186B9FAC4EB8A07C1FBB995F82DA30BC632446C0DCD7E521AAF7
Jan 15, 2015 6:21:34 PM org.ccnx.ccn.impl.sync.SliceComparator doComparison
O MAIS DETALHADO: Shortcut - popping X back to =0B26AAE81208B280D256AFB7D876435F310169F3A86DD0CD3A6B777BB482BA61EE, pos 1
Jan 15, 2015 6:21:34 PM org.ccnx.ccn.impl.sync.SliceComparator doComparison
O MAIS DETALHADO: Compare NODE =0B26AAE81208B280D256AFB7D876435F310169F3A86DD0CD3A6B777BB482BA61EE to LEAF =0623F98E1366AE3E473FA175E7EC69531241BFFEAC8346A7CD8E131975EF843081, resMin is 1, resMax is -1
Jan 15, 2015 6:21:34 PM org.ccnx.ccn.impl.sync.SliceComparator doComparison
O MAIS DETALHADO: minname is 0, maxname is 0, pos X is 1, pos Y is 0
Jan 15, 2015 6:21:34 PM org.ccnx.ccn.impl.sync.SliceComparator doComparison
O MAIS DETALHADO: Compare LEAF =04F7A143667F594F74B6B7C8C826B63D9DA7DAAA6A220B24C7FB15280B67E9868D to LEAF =0623F98E1366AE3E473FA175E7EC69531241BFFEAC8346A7CD8E131975EF843081
Jan 15, 2015 6:21:34 PM org.ccnx.ccn.impl.sync.SliceComparator doComparison
O MAIS DETALHADO: name X is 0, pos X is 0, name Y is 0, pos Y is 0 comp is 0
Jan 15, 2015 6:21:34 PM org.ccnx.ccn.impl.sync.SliceComparator doComparison
O MAIS DETALHADO: name X (expanded) is /ccnx.org/test/SyncTestRepo-15-01-15-18.20.23/ccnSyncTest/slice10/round16/randomFile/=FD054B82F5B673/=00/pU=A6A22546186B9FAC4EB8A07C1FBB995F82DA30BC632446C0DCD7E521AAF7, name Y (expanded) is /ccnx.org/test/SyncTestRepo-15-01-15-18.20.23/ccnSyncTest/slice10/round16/randomFile/=FD054B82F5B673/=00/pU=A6A22546186B9FAC4EB8A07C1FBB995F82DA30BC632446C0DCD7E521AAF7
Jan 15, 2015 6:21:34 PM org.ccnx.ccn.impl.sync.SliceComparator doComparison
O MAIS DETALHADO: Compare LEAF =04F7A143667F594F74B6B7C8C826B63D9DA7DAAA6A220B24C7FB15280B67E9868D to LEAF =0623F98E1366AE3E473FA175E7EC69531241BFFEAC8346A7CD8E131975EF843081
Jan 15, 2015 6:21:34 PM org.ccnx.ccn.impl.sync.SliceComparator doComparison
O MAIS DETALHADO: name X is 0, pos X is 1, name Y is 0, pos Y is 1 comp is 0
Jan 15, 2015 6:21:34 PM org.ccnx.ccn.impl.sync.SliceComparator doComparison
O MAIS DETALHADO: name X (expanded) is /ccnx.org/test/SyncTestRepo-15-01-15-18.20.23/ccnSyncTest/slice10/round16/randomFile/=FD054B82F5B673/%C1.META.M/.header/=FD054B82F5B6B0/=00/=17C2C967425FFDB6EF8C542330DA467562953D126EDAE07B710B380B4D1AC752, name Y (expanded) is /ccnx.org/test/SyncTestRepo-15-01-15-18.20.23/ccnSyncTest/slice10/round16/randomFile/=FD054B82F5B673/%C1.META.M/.header/=FD054B82F5B6B0/=00/=17C2C967425FFDB6EF8C542330DA467562953D126EDAE07B710B380B4D1AC752
Jan 15, 2015 6:21:34 PM org.ccnx.ccn.impl.sync.SliceComparator doComparison
O MAIS DETALHADO: Compare LEAF =04F7A143667F594F74B6B7C8C826B63D9DA7DAAA6A220B24C7FB15280B67E9868D to LEAF =0623F98E1366AE3E473FA175E7EC69531241BFFEAC8346A7CD8E131975EF843081
Jan 15, 2015 6:21:34 PM org.ccnx.ccn.impl.sync.SliceComparator doComparison
O MAIS DETALHADO: name X is 0, pos X is 2, name Y is 0, pos Y is 2 comp is 0
Jan 15, 2015 6:21:34 PM org.ccnx.ccn.impl.sync.SliceComparator doComparison
O MAIS DETALHADO: name X (expanded) is /ccnx.org/test/SyncTestRepo-15-01-15-18.20.23/ccnSyncTest/slice10/round17/randomFile/=FD054B82F5BF96/=00/=E4BD59CD3D2193F901F55648B2921C3A07BF4E0D1E47354154CD91CFAB4A836B, name Y (expanded) is /ccnx.org/test/SyncTestRepo-15-01-15-18.20.23/ccnSyncTest/slice10/round17/randomFile/=FD054B82F5BF96/=00/=E4BD59CD3D2193F901F55648B2921C3A07BF4E0D1E47354154CD91CFAB4A836B
Jan 15, 2015 6:21:34 PM org.ccnx.ccn.impl.sync.SliceComparator doComparison
O MAIS DETALHADO: Compare LEAF =04F7A143667F594F74B6B7C8C826B63D9DA7DAAA6A220B24C7FB15280B67E9868D to LEAF =0623F98E1366AE3E473FA175E7EC69531241BFFEAC8346A7CD8E131975EF843081
Jan 15, 2015 6:21:34 PM org.ccnx.ccn.impl.sync.SliceComparator doComparison
O MAIS DETALHADO: name X is 0, pos X is 3, name Y is 0, pos Y is 3 comp is 0
Jan 15, 2015 6:21:34 PM org.ccnx.ccn.impl.sync.SliceComparator doComparison
O MAIS DETALHADO: name X (expanded) is /ccnx.org/test/SyncTestRepo-15-01-15-18.20.23/ccnSyncTest/slice10/round17/randomFile/=FD054B82F5BF96/%C1.META.M/.header/=FD054B82F5BFCF/=00/=DFDAA5AF0C823AF99D76C85A67EDB528F1EB12E800BF06BB8B2F219AAF1EEAFC, name Y (expanded) is /ccnx.org/test/SyncTestRepo-15-01-15-18.20.23/ccnSyncTest/slice10/round17/randomFile/=FD054B82F5BF96/%C1.META.M/.header/=FD054B82F5BFCF/=00/=DFDAA5AF0C823AF99D76C85A67EDB528F1EB12E800BF06BB8B2F219AAF1EEAFC
Jan 15, 2015 6:21:34 PM org.ccnx.ccn.impl.sync.SliceComparator doComparison
O MAIS DETALHADO: Compare LEAF =04F7A143667F594F74B6B7C8C826B63D9DA7DAAA6A220B24C7FB15280B67E9868D to LEAF =0623F98E1366AE3E473FA175E7EC69531241BFFEAC8346A7CD8E131975EF843081
Jan 15, 2015 6:21:34 PM org.ccnx.ccn.impl.sync.SliceComparator doComparison
O MAIS DETALHADO: name X is 0, pos X is 4, name Y is 0, pos Y is 4 comp is 0
Jan 15, 2015 6:21:34 PM org.ccnx.ccn.impl.sync.SliceComparator doComparison
O MAIS DETALHADO: name X (expanded) is /ccnx.org/test/SyncTestRepo-15-01-15-18.20.23/ccnSyncTest/slice10/round18/randomFile/=FD054B82F5C8BC/=00/=2BFB388768C7032EF8F8F3569B818A10CF99BB73C2192F5E83ED88B5585C6EF3, name Y (expanded) is /ccnx.org/test/SyncTestRepo-15-01-15-18.20.23/ccnSyncTest/slice10/round18/randomFile/=FD054B82F5C8BC/=00/=2BFB388768C7032EF8F8F3569B818A10CF99BB73C2192F5E83ED88B5585C6EF3
Jan 15, 2015 6:21:34 PM org.ccnx.ccn.impl.sync.SliceComparator doComparison
O MAIS DETALHADO: Compare LEAF =04F7A143667F594F74B6B7C8C826B63D9DA7DAAA6A220B24C7FB15280B67E9868D to LEAF =0623F98E1366AE3E473FA175E7EC69531241BFFEAC8346A7CD8E131975EF843081
Jan 15, 2015 6:21:34 PM org.ccnx.ccn.impl.sync.SliceComparator doComparison
O MAIS DETALHADO: name X is 0, pos X is 5, name Y is 0, pos Y is 5 comp is 0
Jan 15, 2015 6:21:34 PM org.ccnx.ccn.impl.sync.SliceComparator doComparison
O MAIS DETALHADO: name X (expanded) is /ccnx.org/test/SyncTestRepo-15-01-15-18.20.23/ccnSyncTest/slice10/round18/randomFile/=FD054B82F5C8BC/%C1.META.M/.header/=FD054B82F5C8FA/=00/=F08DA9402E896ABD8D3BF9F98F382E72D7D7A33E6F4EFA003BBEBCC5837B3AC0, name Y (expanded) is /ccnx.org/test/SyncTestRepo-15-01-15-18.20.23/ccnSyncTest/slice10/round18/randomFile/=FD054B82F5C8BC/%C1.META.M/.header/=FD054B82F5C8FA/=00/=F08DA9402E896ABD8D3BF9F98F382E72D7D7A33E6F4EFA003BBEBCC5837B3AC0
Jan 15, 2015 6:21:34 PM org.ccnx.ccn.impl.sync.SliceComparator doComparison
O MAIS DETALHADO: Compare LEAF =04F7A143667F594F74B6B7C8C826B63D9DA7DAAA6A220B24C7FB15280B67E9868D to LEAF =0623F98E1366AE3E473FA175E7EC69531241BFFEAC8346A7CD8E131975EF843081
Jan 15, 2015 6:21:34 PM org.ccnx.ccn.impl.sync.SliceComparator doComparison
O MAIS DETALHADO: name X is 0, pos X is 6, name Y is 0, pos Y is 6 comp is 0
Jan 15, 2015 6:21:34 PM org.ccnx.ccn.impl.sync.SliceComparator doComparison
O MAIS DETALHADO: name X (expanded) is /ccnx.org/test/SyncTestRepo-15-01-15-18.20.23/ccnSyncTest/slice10/round19/randomFile/=FD054B82F5D1E7/=00/nzg3P=C327F6FF20CFA7F2E409B8852A560054756EA06B6705234B587505, name Y (expanded) is /ccnx.org/test/SyncTestRepo-15-01-15-18.20.23/ccnSyncTest/slice10/round19/randomFile/=FD054B82F5D1E7/=00/nzg3P=C327F6FF20CFA7F2E409B8852A560054756EA06B6705234B587505
Jan 15, 2015 6:21:34 PM org.ccnx.ccn.impl.sync.SliceComparator doComparison
O MAIS DETALHADO: Compare LEAF =04F7A143667F594F74B6B7C8C826B63D9DA7DAAA6A220B24C7FB15280B67E9868D to LEAF =0623F98E1366AE3E473FA175E7EC69531241BFFEAC8346A7CD8E131975EF843081
Jan 15, 2015 6:21:34 PM org.ccnx.ccn.impl.sync.SliceComparator doComparison
O MAIS DETALHADO: name X is 0, pos X is 7, name Y is 0, pos Y is 7 comp is 0
Jan 15, 2015 6:21:34 PM org.ccnx.ccn.impl.sync.SliceComparator doComparison
O MAIS DETALHADO: name X (expanded) is /ccnx.org/test/SyncTestRepo-15-01-15-18.20.23/ccnSyncTest/slice10/round19/randomFile/=FD054B82F5D1E7/%C1.META.M/.header/=FD054B82F5D221/=00/=87D2E4F4A4BD711CF9071FF970C0C90F23151A774D37E44AD42F5682C48A0B66, name Y (expanded) is /ccnx.org/test/SyncTestRepo-15-01-15-18.20.23/ccnSyncTest/slice10/round19/randomFile/=FD054B82F5D1E7/%C1.META.M/.header/=FD054B82F5D221/=00/=87D2E4F4A4BD711CF9071FF970C0C90F23151A774D37E44AD42F5682C48A0B66
Jan 15, 2015 6:21:34 PM org.ccnx.ccn.impl.sync.SliceComparator doComparison
O MAIS DETALHADO: Compare LEAF =04F7A143667F594F74B6B7C8C826B63D9DA7DAAA6A220B24C7FB15280B67E9868D to LEAF =0623F98E1366AE3E473FA175E7EC69531241BFFEAC8346A7CD8E131975EF843081
Jan 15, 2015 6:21:34 PM org.ccnx.ccn.impl.sync.SliceComparator doComparison
O MAIS DETALHADO: name X is 0, pos X is 8, name Y is 0, pos Y is 8 comp is 0
Jan 15, 2015 6:21:34 PM org.ccnx.ccn.impl.sync.SliceComparator doComparison
O MAIS DETALHADO: name X (expanded) is /ccnx.org/test/SyncTestRepo-15-01-15-18.20.23/ccnSyncTest/slice10/round20/randomFile/=FD054B82F5DB06/=00/=94F2D2AAD95E14E9EB32A11ED21A8CA6272D6744E3330853151F7F9F9E019BE5, name Y (expanded) is /ccnx.org/test/SyncTestRepo-15-01-15-18.20.23/ccnSyncTest/slice10/round20/randomFile/=FD054B82F5DB06/=00/=94F2D2AAD95E14E9EB32A11ED21A8CA6272D6744E3330853151F7F9F9E019BE5
Jan 15, 2015 6:21:34 PM org.ccnx.ccn.impl.sync.SliceComparator doComparison
O MAIS DETALHADO: Compare LEAF =04F7A143667F594F74B6B7C8C826B63D9DA7DAAA6A220B24C7FB15280B67E9868D to LEAF =0623F98E1366AE3E473FA175E7EC69531241BFFEAC8346A7CD8E131975EF843081
Jan 15, 2015 6:21:34 PM org.ccnx.ccn.impl.sync.SliceComparator doComparison
O MAIS DETALHADO: name X is 0, pos X is 9, name Y is 0, pos Y is 9 comp is 0
Jan 15, 2015 6:21:34 PM org.ccnx.ccn.impl.sync.SliceComparator doComparison
O MAIS DETALHADO: name X (expanded) is /ccnx.org/test/SyncTestRepo-15-01-15-18.20.23/ccnSyncTest/slice10/round20/randomFile/=FD054B82F5DB06/%C1.META.M/.header/=FD054B82F5DB3F/=00/=0327D34667E04E751E838938DA66EE183B5D5319AD25208E4EEA3EFD5187DFDA, name Y (expanded) is /ccnx.org/test/SyncTestRepo-15-01-15-18.20.23/ccnSyncTest/slice10/round20/randomFile/=FD054B82F5DB06/%C1.META.M/.header/=FD054B82F5DB3F/=00/=0327D34667E04E751E838938DA66EE183B5D5319AD25208E4EEA3EFD5187DFDA
Jan 15, 2015 6:21:34 PM org.ccnx.ccn.impl.sync.SliceComparator doComparison
O MAIS DETALHADO: Compare NODE =0B26AAE81208B280D256AFB7D876435F310169F3A86DD0CD3A6B777BB482BA61EE to LEAF =0623F98E1366AE3E473FA175E7EC69531241BFFEAC8346A7CD8E131975EF843081, resMin is 1, resMax is -1
Jan 15, 2015 6:21:34 PM org.ccnx.ccn.impl.sync.SliceComparator doComparison
O MAIS DETALHADO: minname is 0, maxname is 0, pos X is 2, pos Y is 10
Jan 15, 2015 6:21:34 PM org.ccnx.ccn.impl.sync.SliceComparator doComparison
O MAIS DETALHADO: Compare LEAF U=B65BF82BB7BDFA3AE7733582BED945B0D8A7F07ED225475984B19637201B2F to LEAF =0623F98E1366AE3E473FA175E7EC69531241BFFEAC8346A7CD8E131975EF843081
Jan 15, 2015 6:21:34 PM org.ccnx.ccn.impl.sync.SliceComparator doComparison
O MAIS DETALHADO: name X is 0, pos X is 0, name Y is 0, pos Y is 10 comp is 1
Jan 15, 2015 6:21:34 PM org.ccnx.ccn.impl.sync.SliceComparator doComparison
O MAIS DETALHADO: name X (expanded) is /ccnx.org/test/SyncTestRepo-15-01-15-18.20.23/ccnSyncTest/slice10/randomFile/=FD054B82F53F79/=00/=3CBEB0282FE72CD7F7CF0696455493A1CE4F4E488F469319834E10584FC5C583, name Y (expanded) is /ccnx.org/test/SyncTestRepo-15-01-15-18.20.23/ccnSyncTest/slice10/round21/randomFile/=FD054B82F5E41D/=00/%81v=11100BD1950F5228760141B55709E0A91045B40720DAB0782DCC6F0256FF
Jan 15, 2015 6:21:34 PM org.ccnx.ccn.profiles.sync.SyncTestRepo doHandleContentName
INFORMAÇÕES: Number 1: Callback for name: /ccnx.org/test/SyncTestRepo-15-01-15-18.20.23/ccnSyncTest/slice10/round21/randomFile/=FD054B82F5E41D/=00 - number is 0
Jan 15, 2015 6:21:34 PM org.ccnx.ccn.impl.sync.SliceComparator doComparison
O MAIS DETALHADO: Compare LEAF U=B65BF82BB7BDFA3AE7733582BED945B0D8A7F07ED225475984B19637201B2F to LEAF =0623F98E1366AE3E473FA175E7EC69531241BFFEAC8346A7CD8E131975EF843081
Jan 15, 2015 6:21:34 PM org.ccnx.ccn.impl.sync.SliceComparator doComparison
O MAIS DETALHADO: name X is 0, pos X is 0, name Y is 0, pos Y is 11 comp is 1
Jan 15, 2015 6:21:34 PM org.ccnx.ccn.impl.sync.SliceComparator doComparison
O MAIS DETALHADO: name X (expanded) is /ccnx.org/test/SyncTestRepo-15-01-15-18.20.23/ccnSyncTest/slice10/randomFile/=FD054B82F53F79/=00/=3CBEB0282FE72CD7F7CF0696455493A1CE4F4E488F469319834E10584FC5C583, name Y (expanded) is /ccnx.org/test/SyncTestRepo-15-01-15-18.20.23/ccnSyncTest/slice10/round21/randomFile/=FD054B82F5E41D/%C1.META.M/.header/=FD054B82F5E48B/=00/U=2BDDA4AFCB9BC8FBD9C3E9013EE52508639C0C2E623CE389011207E17837C6
Jan 15, 2015 6:21:34 PM org.ccnx.ccn.profiles.sync.SyncTestRepo doHandleContentName
INFORMAÇÕES: Number 1: Callback for name: /ccnx.org/test/SyncTestRepo-15-01-15-18.20.23/ccnSyncTest/slice10/round21/randomFile/=FD054B82F5E41D/%C1.META.M/.header/=FD054B82F5E48B/=00 - number is header
Jan 15, 2015 6:21:34 PM org.ccnx.ccn.impl.sync.SliceComparator doComparison
O MAIS DETALHADO: Compare LEAF U=B65BF82BB7BDFA3AE7733582BED945B0D8A7F07ED225475984B19637201B2F to LEAF =0623F98E1366AE3E473FA175E7EC69531241BFFEAC8346A7CD8E131975EF843081
Jan 15, 2015 6:21:34 PM org.ccnx.ccn.impl.sync.SliceComparator doComparison
O MAIS DETALHADO: name X is 0, pos X is 0, name Y is 0, pos Y is 12 comp is 0
Jan 15, 2015 6:21:34 PM org.ccnx.ccn.impl.sync.SliceComparator doComparison
O MAIS DETALHADO: name X (expanded) is /ccnx.org/test/SyncTestRepo-15-01-15-18.20.23/ccnSyncTest/slice10/randomFile/=FD054B82F53F79/=00/=3CBEB0282FE72CD7F7CF0696455493A1CE4F4E488F469319834E10584FC5C583, name Y (expanded) is /ccnx.org/test/SyncTestRepo-15-01-15-18.20.23/ccnSyncTest/slice10/randomFile/=FD054B82F53F79/=00/=3CBEB0282FE72CD7F7CF0696455493A1CE4F4E488F469319834E10584FC5C583
Jan 15, 2015 6:21:34 PM org.ccnx.ccn.impl.sync.SliceComparator doComparison
O MAIS DETALHADO: Compare LEAF U=B65BF82BB7BDFA3AE7733582BED945B0D8A7F07ED225475984B19637201B2F to LEAF =0623F98E1366AE3E473FA175E7EC69531241BFFEAC8346A7CD8E131975EF843081
Jan 15, 2015 6:21:34 PM org.ccnx.ccn.impl.sync.SliceComparator doComparison
O MAIS DETALHADO: name X is 0, pos X is 1, name Y is 0, pos Y is 13 comp is 0
Jan 15, 2015 6:21:34 PM org.ccnx.ccn.impl.sync.SliceComparator doComparison
O MAIS DETALHADO: name X (expanded) is /ccnx.org/test/SyncTestRepo-15-01-15-18.20.23/ccnSyncTest/slice10/randomFile/=FD054B82F53F79/%C1.META.M/.header/=FD054B82F53FB2/=00/=18F7ABCFFBD0912243186C9F3D6A45A3E28959A7EF8B922DD636A13DE75A55AC, name Y (expanded) is /ccnx.org/test/SyncTestRepo-15-01-15-18.20.23/ccnSyncTest/slice10/randomFile/=FD054B82F53F79/%C1.META.M/.header/=FD054B82F53FB2/=00/=18F7ABCFFBD0912243186C9F3D6A45A3E28959A7EF8B922DD636A13DE75A55AC
Jan 15, 2015 6:21:34 PM org.ccnx.ccn.impl.sync.SliceComparator updateCurrent
O MAIS DETALHADO: Starting update from hash =0B26AAE81208B280D256AFB7D876435F310169F3A86DD0CD3A6B777BB482BA61EE
Jan 15, 2015 6:21:34 PM org.ccnx.ccn.impl.sync.SliceComparator updateCurrent
O MAIS DETALHADO: Update compare - moving to: =05D95348B35DA1736365107BDACCCE484DA8B6A14DCCF3832B16DDA212E3B0C032
Jan 15, 2015 6:21:34 PM org.ccnx.ccn.impl.sync.SliceComparator updateCurrent
O MAIS DETALHADO: Shortcut in update - popping back to =0B26AAE81208B280D256AFB7D876435F310169F3A86DD0CD3A6B777BB482BA61EE, pos 1
Jan 15, 2015 6:21:34 PM org.ccnx.ccn.impl.sync.SliceComparator updateCurrent
O MAIS DETALHADO: Update compare - moving to: =04F7A143667F594F74B6B7C8C826B63D9DA7DAAA6A220B24C7FB15280B67E9868D
Jan 15, 2015 6:21:34 PM org.ccnx.ccn.impl.sync.SliceComparator updateCurrent
O MAIS DETALHADO: Shortcut in update - popping back to =0B26AAE81208B280D256AFB7D876435F310169F3A86DD0CD3A6B777BB482BA61EE, pos 2
Jan 15, 2015 6:21:34 PM org.ccnx.ccn.impl.sync.SliceComparator updateCurrent
O MAIS DETALHADO: Update compare - moving to: U=B65BF82BB7BDFA3AE7733582BED945B0D8A7F07ED225475984B19637201B2F
Jan 15, 2015 6:21:34 PM org.ccnx.ccn.impl.sync.SliceComparator updateCurrent
O MAIS DETALHADO: Update compare: name from tree (expanded) is /ccnx.org/test/SyncTestRepo-15-01-15-18.20.23/ccnSyncTest/slice10/randomFile/=FD054B82F53F79/=00/=3CBEB0282FE72CD7F7CF0696455493A1CE4F4E488F469319834E10584FC5C583, name  is /ccnx.org/test/SyncTestRepo-15-01-15-18.20.23/ccnSyncTest/slice10/round21/randomFile/=FD054B82F5E41D/=00/%81v=11100BD1950F5228760141B55709E0A91045B40720DAB0782DCC6F0256FF, comp is 1
Jan 15, 2015 6:21:34 PM org.ccnx.ccn.impl.sync.SliceComparator updateCurrent
O MAIS DETALHADO: Update: starting redo of names because of /ccnx.org/test/SyncTestRepo-15-01-15-18.20.23/ccnSyncTest/slice10/round21/randomFile/=FD054B82F5E41D/=00/%81v=11100BD1950F5228760141B55709E0A91045B40720DAB0782DCC6F0256FF at /ccnx.org/test/SyncTestRepo-15-01-15-18.20.23/ccnSyncTest/slice10/randomFile/=FD054B82F53F79/=00/=3CBEB0282FE72CD7F7CF0696455493A1CE4F4E488F469319834E10584FC5C583
Jan 15, 2015 6:21:34 PM org.ccnx.ccn.io.content.SyncNodeComposite decodeLogging
O MAIS DETALHADO: decode node for =012C584AACE754EED288E9AD1FC5B3157499E55442613B830592FDF16A879AA9F4 depth = 1 refs = 4
Jan 15, 2015 6:21:34 PM org.ccnx.ccn.io.content.SyncNodeComposite decodeLogging
O MAIS DETALHADO: min is 0, max is 0, expanded min is /ccnx.org/test/SyncTestRepo-15-01-15-18.20.23/ccnSyncTest/slice10/round21/randomFile/=FD054B82F5E41D/=00/%81v=11100BD1950F5228760141B55709E0A91045B40720DAB0782DCC6F0256FF, expanded max is /ccnx.org/test/SyncTestRepo-15-01-15-18.20.23/ccnSyncTest/slice10/randomFile/=FD054B82F53F79/%C1.META.M/.header/=FD054B82F53FB2/=00/=18F7ABCFFBD0912243186C9F3D6A45A3E28959A7EF8B922DD636A13DE75A55AC
Jan 15, 2015 6:21:34 PM org.ccnx.ccn.impl.sync.SyncTreeEntry <init>
O MAIS DETALHADO: Found existing node: =0BFD4CD6C6C44FB1AAA4B1F1C2B9379B5FEA769FFA503A2AF8A4F0BB88D334F0B3
Jan 15, 2015 6:21:34 PM org.ccnx.ccn.io.content.SyncNodeComposite decodeLogging
O MAIS DETALHADO: decode node for =0BFD4CD6C6C44FB1AAA4B1F1C2B9379B5FEA769FFA503A2AF8A4F0BB88D334F0B3 depth = 2 refs = 3
Jan 15, 2015 6:21:34 PM org.ccnx.ccn.io.content.SyncNodeComposite decodeLogging
O MAIS DETALHADO: min is 0, max is 0, expanded min is /ccnx.org/test/SyncTestRepo-15-01-15-18.20.23/ccnSyncTest/slice10/round11/randomFile/=FD054B82F588B4/=00/=862C3C8C527D6B204E7FCD4EAF121546BFBA9E26B978EC9010B0DB73EDD734F0, expanded max is /ccnx.org/test/SyncTestRepo-15-01-15-18.20.23/ccnSyncTest/slice10/randomFile/=FD054B82F53F79/%C1.META.M/.header/=FD054B82F53FB2/=00/=18F7ABCFFBD0912243186C9F3D6A45A3E28959A7EF8B922DD636A13DE75A55AC
Jan 15, 2015 6:21:34 PM org.ccnx.ccn.impl.sync.NodeBuilder createHeadRecursive
O MAIS DETALHADO: Creating new compound node - with first element =05D95348B35DA1736365107BDACCCE484DA8B6A14DCCF3832B16DDA212E3B0C032 and last element =012C584AACE754EED288E9AD1FC5B3157499E55442613B830592FDF16A879AA9F4
Jan 15, 2015 6:21:34 PM org.ccnx.ccn.impl.sync.SliceComparator updateCurrent
INFORMAÇÕES: Resetting current to created head: =0BFD4CD6C6C44FB1AAA4B1F1C2B9379B5FEA769FFA503A2AF8A4F0BB88D334F0B3
Jan 15, 2015 6:21:34 PM org.ccnx.ccn.profiles.sync.SyncTestRepo checkCallbacks
DETALHADO: got segment 0
Jan 15, 2015 6:21:34 PM org.ccnx.ccn.profiles.sync.SyncTestRepo checkCallbacks
DETALHADO: received: [true, false] finished: [true, true]
Jan 15, 2015 6:21:34 PM org.ccnx.ccn.profiles.sync.SyncTestRepo checkCallbacks
DETALHADO: got the header
Jan 15, 2015 6:21:34 PM org.ccnx.ccn.profiles.sync.SyncTestRepo checkCallbacks
DETALHADO: received: [true, true] finished: [true, true]
Jan 15, 2015 6:21:34 PM org.ccnx.ccn.profiles.sync.SyncTestRepo checkCallbacks
DETALHADO: got all the segments!
Jan 15, 2015 6:21:34 PM org.ccnx.ccn.profiles.sync.SyncTestRepo checkCallbacks
DETALHADO: trying to loop again looking for segments
Jan 15, 2015 6:21:34 PM org.ccnx.ccn.profiles.sync.SyncTestRepo checkCallbacks
DETALHADO: done looping, returning.
Jan 15, 2015 6:21:34 PM org.ccnx.ccn.impl.CCNFlowControl <init>
INFORMAÇÕES: adding namespace: /ccnx.org/test/SyncTestRepo-15-01-15-18.20.23/ccnSyncTest/slice10/round22/randomFile
Jan 15, 2015 6:21:34 PM org.ccnx.ccn.impl.security.keys.BasicKeyManager getKeyLocator
INFORMAÇÕES: getKeyLocator: returning locator NAME: /ccnx.org/Users/root/Keys/%C1.M.K=009234ADEC47D19E3E6A2AF362D44E09AB6B71F43B1900BA0622FB45F2A5B7D9F6/=FD054AE7DE1000 KEY:-reba89rgbj1o6ata34t5eovcl4kho5s9pnv8nstq15q1ld4g9ga for key kjSt7EfRnj5qKvNi1E4Jq2tx9DsZALoGIvtF8qW32fY=
Jan 15, 2015 6:21:34 PM org.ccnx.ccn.io.CCNAbstractOutputStream <init>
INFORMAÇÕES: CCNAbstractOutputStream: /ccnx.org/test/SyncTestRepo-15-01-15-18.20.23/ccnSyncTest/slice10/round22/randomFile/=FD054B82F5ED0E blocksize is 4096
Jan 15, 2015 6:21:34 PM org.ccnx.ccn.io.CCNAbstractOutputStream startWrite
INFORMAÇÕES: CCNAbstractOutputStream: startWrite -- searching for keys.
Jan 15, 2015 6:21:34 PM org.ccnx.ccn.profiles.security.access.AccessControlManager keysForOutput
INFORMAÇÕES: keysForOutput: found an acm: (null)
Jan 15, 2015 6:21:34 PM org.ccnx.ccn.impl.repo.RepositoryFlowControl startWrite
INFORMAÇÕES: RepositoryFlowControl.startWrite called for name /ccnx.org/test/SyncTestRepo-15-01-15-18.20.23/ccnSyncTest/slice10/round22/randomFile/=FD054B82F5ED0E, shape STREAM
Jan 15, 2015 6:21:34 PM org.ccnx.ccn.impl.repo.RepositoryFlowControl handleContent
INFORMAÇÕES: handleContent: got potential repo message: /ccnx.org/test/SyncTestRepo-15-01-15-18.20.23/ccnSyncTest/slice10/round22/randomFile/=FD054B82F5ED0E/%C1.R.sw/%C1.N=0083AEC0DCB2AB3C78
Jan 15, 2015 6:21:34 PM org.ccnx.ccn.profiles.sync.SyncTestCommon writeFile
DETALHADO: bytes: 4096 block size: 4096 div: 1.0 ceil: 1
Jan 15, 2015 6:21:34 PM org.ccnx.ccn.profiles.sync.SyncTestCommon writeFile
DETALHADO: will write out a 4096 byte file, will have 2 segments (1 is a header)
Jan 15, 2015 6:21:34 PM org.ccnx.ccn.io.CCNOutputStream flushToNetwork
INFORMAÇÕES: flush: outputting to the segmenter, baseName /ccnx.org/test/SyncTestRepo-15-01-15-18.20.23/ccnSyncTest/slice10/round22/randomFile/=FD054B82F5ED0E basenameindex =00; 4096 bytes written, holding back 4096 flushing final blocks? false.
Jan 15, 2015 6:21:34 PM org.ccnx.ccn.io.CCNOutputStream flushToNetwork
INFORMAÇÕES: HEADER: CCNOutputStream: flushToNetwork: new _baseNameIndex 0
Jan 15, 2015 6:21:34 PM org.ccnx.ccn.io.CCNOutputStream flushToNetwork
INFORMAÇÕES: flush: outputting to the segmenter, baseName /ccnx.org/test/SyncTestRepo-15-01-15-18.20.23/ccnSyncTest/slice10/round22/randomFile/=FD054B82F5ED0E basenameindex =00; 4096 bytes written, holding back 4096 flushing final blocks? false.
Jan 15, 2015 6:21:34 PM org.ccnx.ccn.io.CCNOutputStream flushToNetwork
INFORMAÇÕES: HEADER: CCNOutputStream: flushToNetwork: new _baseNameIndex 0
Jan 15, 2015 6:21:34 PM org.ccnx.ccn.io.CCNOutputStream flushToNetwork
INFORMAÇÕES: flush: outputting to the segmenter, baseName /ccnx.org/test/SyncTestRepo-15-01-15-18.20.23/ccnSyncTest/slice10/round22/randomFile/=FD054B82F5ED0E basenameindex =00; 4096 bytes written, holding back 0 flushing final blocks? true.
Jan 15, 2015 6:21:34 PM org.ccnx.ccn.io.CCNOutputStream flushToNetwork
INFORMAÇÕES: HEADER: CCNOutputStream: flushToNetwork: new _baseNameIndex 1
Jan 15, 2015 6:21:34 PM org.ccnx.ccn.io.CCNAbstractOutputStream <init>
INFORMAÇÕES: CCNAbstractOutputStream: /ccnx.org/test/SyncTestRepo-15-01-15-18.20.23/ccnSyncTest/slice10/round22/randomFile/=FD054B82F5ED0E/%C1.META.M/.header/=FD054B82F5ED48 blocksize is 4096
Jan 15, 2015 6:21:34 PM org.ccnx.ccn.io.CCNAbstractOutputStream startWrite
INFORMAÇÕES: CCNAbstractOutputStream: startWrite -- searching for keys.
Jan 15, 2015 6:21:34 PM org.ccnx.ccn.profiles.security.access.AccessControlManager keysForOutput
INFORMAÇÕES: keysForOutput: found an acm: (null)
Jan 15, 2015 6:21:34 PM org.ccnx.ccn.impl.repo.RepositoryFlowControl startWrite
INFORMAÇÕES: RepositoryFlowControl.startWrite called for name /ccnx.org/test/SyncTestRepo-15-01-15-18.20.23/ccnSyncTest/slice10/round22/randomFile/=FD054B82F5ED0E/%C1.META.M/.header/=FD054B82F5ED48, shape STREAM
Jan 15, 2015 6:21:34 PM org.ccnx.ccn.impl.sync.ProtocolBasedSyncMonitor handleContent
INFORMAÇÕES: Saw new content from sync: /ccnx.org/test/SyncTestRepo-15-01-15-18.20.23/topoPrefix/%C1.S.ra/x%E7U.=86853EF050D99AC7B6E19C29B7AECFA1B2568CAD74E733BCB2443F63/=0BFD4CD6C6C44FB1AAA4B1F1C2B9379B5FEA769FFA503A2AF8A4F0BB88D334F0B3/%0Cw%04F=A8C2D80F6F077B601C89672D8A877CD9DF4CECC32441AC1626F9A3B4B2
Jan 15, 2015 6:21:34 PM org.ccnx.ccn.impl.repo.RepositoryFlowControl handleContent
INFORMAÇÕES: handleContent: got potential repo message: /ccnx.org/test/SyncTestRepo-15-01-15-18.20.23/ccnSyncTest/slice10/round22/randomFile/=FD054B82F5ED0E/%C1.META.M/.header/=FD054B82F5ED48/%C1.R.sw/%C1.N%00fm=FF5CC49A9E51
Jan 15, 2015 6:21:34 PM org.ccnx.ccn.io.CCNOutputStream flushToNetwork
INFORMAÇÕES: flush: outputting to the segmenter, baseName /ccnx.org/test/SyncTestRepo-15-01-15-18.20.23/ccnSyncTest/slice10/round22/randomFile/=FD054B82F5ED0E/%C1.META.M/.header/=FD054B82F5ED48 basenameindex =00; 66 bytes written, holding back 66 flushing final blocks? false.
Jan 15, 2015 6:21:34 PM org.ccnx.ccn.io.CCNOutputStream flushToNetwork
INFORMAÇÕES: HEADER: CCNOutputStream: flushToNetwork: new _baseNameIndex 0
Jan 15, 2015 6:21:34 PM org.ccnx.ccn.io.CCNOutputStream flushToNetwork
INFORMAÇÕES: flush: outputting to the segmenter, baseName /ccnx.org/test/SyncTestRepo-15-01-15-18.20.23/ccnSyncTest/slice10/round22/randomFile/=FD054B82F5ED0E/%C1.META.M/.header/=FD054B82F5ED48 basenameindex =00; 66 bytes written, holding back 66 flushing final blocks? false.
Jan 15, 2015 6:21:34 PM org.ccnx.ccn.io.CCNOutputStream flushToNetwork
INFORMAÇÕES: HEADER: CCNOutputStream: flushToNetwork: new _baseNameIndex 0
Jan 15, 2015 6:21:34 PM org.ccnx.ccn.io.CCNOutputStream flushToNetwork
INFORMAÇÕES: flush: outputting to the segmenter, baseName /ccnx.org/test/SyncTestRepo-15-01-15-18.20.23/ccnSyncTest/slice10/round22/randomFile/=FD054B82F5ED0E/%C1.META.M/.header/=FD054B82F5ED48 basenameindex =00; 66 bytes written, holding back 0 flushing final blocks? true.
Jan 15, 2015 6:21:34 PM org.ccnx.ccn.io.CCNOutputStream flushToNetwork
INFORMAÇÕES: HEADER: CCNOutputStream: flushToNetwork: new _baseNameIndex 1
Jan 15, 2015 6:21:34 PM org.ccnx.ccn.io.CCNOutputStream close
INFORMAÇÕES: CCNOutputStream close: /ccnx.org/test/SyncTestRepo-15-01-15-18.20.23/ccnSyncTest/slice10/round22/randomFile/=FD054B82F5ED0E/%C1.META.M/.header/=FD054B82F5ED48
Jan 15, 2015 6:21:34 PM org.ccnx.ccn.io.CCNOutputStream close
INFORMAÇÕES: CCNOutputStream close: /ccnx.org/test/SyncTestRepo-15-01-15-18.20.23/ccnSyncTest/slice10/round22/randomFile/=FD054B82F5ED0E
Jan 15, 2015 6:21:34 PM org.ccnx.ccn.profiles.sync.SyncTestCommon writeFile
INFORMAÇÕES: Wrote file to repository: /ccnx.org/test/SyncTestRepo-15-01-15-18.20.23/ccnSyncTest/slice10/round22/randomFile/=FD054B82F5ED0E with 2 segments
Jan 15, 2015 6:21:34 PM org.ccnx.ccn.profiles.sync.SyncTestRepo checkCallbacks
DETALHADO: checking for callbacks:  /ccnx.org/test/SyncTestRepo-15-01-15-18.20.23/ccnSyncTest/slice10/round22 segments: 2
Jan 15, 2015 6:21:34 PM org.ccnx.ccn.impl.sync.SliceComparator run
DETALHADO: Starting comparator run - state is INIT, sc is org.ccnx.ccn.impl.sync.SliceComparator@ca0898b, this is the lead
Jan 15, 2015 6:21:34 PM org.ccnx.ccn.io.content.SyncNodeComposite decodeLogging
O MAIS DETALHADO: decode node for %0Cw%04F=A8C2D80F6F077B601C89672D8A877CD9DF4CECC32441AC1626F9A3B4B2 depth = 2 refs = 2
Jan 15, 2015 6:21:34 PM org.ccnx.ccn.io.content.SyncNodeComposite decodeLogging
O MAIS DETALHADO: min is 0, max is 0, expanded min is /ccnx.org/test/SyncTestRepo-15-01-15-18.20.23/ccnSyncTest/slice10/round11/randomFile/=FD054B82F588B4/=00/=862C3C8C527D6B204E7FCD4EAF121546BFBA9E26B978EC9010B0DB73EDD734F0, expanded max is /ccnx.org/test/SyncTestRepo-15-01-15-18.20.23/ccnSyncTest/slice10/randomFile/=FD054B82F53F79/%C1.META.M/.header/=FD054B82F53FB2/=00/=18F7ABCFFBD0912243186C9F3D6A45A3E28959A7EF8B922DD636A13DE75A55AC
Jan 15, 2015 6:21:34 PM org.ccnx.ccn.impl.sync.SliceComparator run
INFORMAÇÕES: Starting new round with X = =0BFD4CD6C6C44FB1AAA4B1F1C2B9379B5FEA769FFA503A2AF8A4F0BB88D334F0B3 and Y = %0Cw%04F=A8C2D80F6F077B601C89672D8A877CD9DF4CECC32441AC1626F9A3B4B2
Jan 15, 2015 6:21:34 PM org.ccnx.ccn.impl.sync.ProtocolBasedSyncMonitor requestNode
DETALHADO: Requesting node for hash: /ccnx.org/test/SyncTestRepo-15-01-15-18.20.23/topoPrefix/%C1.S.nf/x%E7U.=86853EF050D99AC7B6E19C29B7AECFA1B2568CAD74E733BCB2443F63/=069DB0FDF565369C0BA26AE441BC98E53CDEC638917FF93FF92ACE741415F2F480
Jan 15, 2015 6:21:34 PM org.ccnx.ccn.impl.sync.SliceComparator doComparison
O MAIS DETALHADO: Skipping covered subentry =05D95348B35DA1736365107BDACCCE484DA8B6A14DCCF3832B16DDA212E3B0C032
Jan 15, 2015 6:21:34 PM org.ccnx.ccn.impl.sync.SliceComparator doComparison
O MAIS DETALHADO: Compare NODE =0BFD4CD6C6C44FB1AAA4B1F1C2B9379B5FEA769FFA503A2AF8A4F0BB88D334F0B3 to NODE %0Cw%04F=A8C2D80F6F077B601C89672D8A877CD9DF4CECC32441AC1626F9A3B4B2
Jan 15, 2015 6:21:34 PM org.ccnx.ccn.impl.sync.SliceComparator doComparison
O MAIS DETALHADO: pos X is 0, pos Y is 1
Jan 15, 2015 6:21:34 PM org.ccnx.ccn.impl.sync.SliceComparator.NodeFetchHandler handleContent
DETALHADO: Saw data from nodefind: hash: =069DB0FDF565369C0BA26AE441BC98E53CDEC638917FF93FF92ACE741415F2F480
Jan 15, 2015 6:21:34 PM org.ccnx.ccn.io.content.SyncNodeComposite decodeLogging
O MAIS DETALHADO: decode node for =069DB0FDF565369C0BA26AE441BC98E53CDEC638917FF93FF92ACE741415F2F480 depth = 1 refs = 15
Jan 15, 2015 6:21:34 PM org.ccnx.ccn.io.content.SyncNodeComposite decodeLogging
O MAIS DETALHADO: min is 0, max is 0, expanded min is /ccnx.org/test/SyncTestRepo-15-01-15-18.20.23/ccnSyncTest/slice10/round16/randomFile/=FD054B82F5B673/=00/pU=A6A22546186B9FAC4EB8A07C1FBB995F82DA30BC632446C0DCD7E521AAF7, expanded max is /ccnx.org/test/SyncTestRepo-15-01-15-18.20.23/ccnSyncTest/slice10/randomFile/=FD054B82F53F79/%C1.META.M/.header/=FD054B82F53FB2/=00/=18F7ABCFFBD0912243186C9F3D6A45A3E28959A7EF8B922DD636A13DE75A55AC
Jan 15, 2015 6:21:34 PM org.ccnx.ccn.impl.sync.SliceComparator doComparison
O MAIS DETALHADO: Pushing X entry =05D95348B35DA1736365107BDACCCE484DA8B6A14DCCF3832B16DDA212E3B0C032 and Y entry =069DB0FDF565369C0BA26AE441BC98E53CDEC638917FF93FF92ACE741415F2F480
Jan 15, 2015 6:21:34 PM org.ccnx.ccn.impl.sync.SliceComparator doComparison
O MAIS DETALHADO: Compare LEAF =05D95348B35DA1736365107BDACCCE484DA8B6A14DCCF3832B16DDA212E3B0C032 to LEAF =069DB0FDF565369C0BA26AE441BC98E53CDEC638917FF93FF92ACE741415F2F480
Jan 15, 2015 6:21:34 PM org.ccnx.ccn.impl.sync.SliceComparator doComparison
O MAIS DETALHADO: name X is 0, pos X is 0, name Y is 0, pos Y is 0 comp is -1
Jan 15, 2015 6:21:34 PM org.ccnx.ccn.impl.sync.SliceComparator doComparison
O MAIS DETALHADO: name X (expanded) is /ccnx.org/test/SyncTestRepo-15-01-15-18.20.23/ccnSyncTest/slice10/round11/randomFile/=FD054B82F588B4/=00/=862C3C8C527D6B204E7FCD4EAF121546BFBA9E26B978EC9010B0DB73EDD734F0, name Y (expanded) is /ccnx.org/test/SyncTestRepo-15-01-15-18.20.23/ccnSyncTest/slice10/round16/randomFile/=FD054B82F5B673/=00/pU=A6A22546186B9FAC4EB8A07C1FBB995F82DA30BC632446C0DCD7E521AAF7
Jan 15, 2015 6:21:34 PM org.ccnx.ccn.impl.sync.SliceComparator doComparison
O MAIS DETALHADO: Shortcut - popping X back to =0BFD4CD6C6C44FB1AAA4B1F1C2B9379B5FEA769FFA503A2AF8A4F0BB88D334F0B3, pos 1
Jan 15, 2015 6:21:34 PM org.ccnx.ccn.impl.sync.SliceComparator doComparison
O MAIS DETALHADO: Compare NODE =0BFD4CD6C6C44FB1AAA4B1F1C2B9379B5FEA769FFA503A2AF8A4F0BB88D334F0B3 to LEAF =069DB0FDF565369C0BA26AE441BC98E53CDEC638917FF93FF92ACE741415F2F480, resMin is 1, resMax is -1
Jan 15, 2015 6:21:34 PM org.ccnx.ccn.impl.sync.SliceComparator doComparison
O MAIS DETALHADO: minname is 0, maxname is 0, pos X is 1, pos Y is 0
Jan 15, 2015 6:21:34 PM org.ccnx.ccn.impl.sync.SliceComparator doComparison
O MAIS DETALHADO: Compare LEAF =04F7A143667F594F74B6B7C8C826B63D9DA7DAAA6A220B24C7FB15280B67E9868D to LEAF =069DB0FDF565369C0BA26AE441BC98E53CDEC638917FF93FF92ACE741415F2F480
Jan 15, 2015 6:21:34 PM org.ccnx.ccn.impl.sync.SliceComparator doComparison
O MAIS DETALHADO: name X is 0, pos X is 0, name Y is 0, pos Y is 0 comp is 0
Jan 15, 2015 6:21:34 PM org.ccnx.ccn.impl.sync.SliceComparator doComparison
O MAIS DETALHADO: name X (expanded) is /ccnx.org/test/SyncTestRepo-15-01-15-18.20.23/ccnSyncTest/slice10/round16/randomFile/=FD054B82F5B673/=00/pU=A6A22546186B9FAC4EB8A07C1FBB995F82DA30BC632446C0DCD7E521AAF7, name Y (expanded) is /ccnx.org/test/SyncTestRepo-15-01-15-18.20.23/ccnSyncTest/slice10/round16/randomFile/=FD054B82F5B673/=00/pU=A6A22546186B9FAC4EB8A07C1FBB995F82DA30BC632446C0DCD7E521AAF7
Jan 15, 2015 6:21:34 PM org.ccnx.ccn.impl.sync.SliceComparator doComparison
O MAIS DETALHADO: Compare LEAF =04F7A143667F594F74B6B7C8C826B63D9DA7DAAA6A220B24C7FB15280B67E9868D to LEAF =069DB0FDF565369C0BA26AE441BC98E53CDEC638917FF93FF92ACE741415F2F480
Jan 15, 2015 6:21:34 PM org.ccnx.ccn.impl.sync.SliceComparator doComparison
O MAIS DETALHADO: name X is 0, pos X is 1, name Y is 0, pos Y is 1 comp is 0
Jan 15, 2015 6:21:34 PM org.ccnx.ccn.impl.sync.SliceComparator doComparison
O MAIS DETALHADO: name X (expanded) is /ccnx.org/test/SyncTestRepo-15-01-15-18.20.23/ccnSyncTest/slice10/round16/randomFile/=FD054B82F5B673/%C1.META.M/.header/=FD054B82F5B6B0/=00/=17C2C967425FFDB6EF8C542330DA467562953D126EDAE07B710B380B4D1AC752, name Y (expanded) is /ccnx.org/test/SyncTestRepo-15-01-15-18.20.23/ccnSyncTest/slice10/round16/randomFile/=FD054B82F5B673/%C1.META.M/.header/=FD054B82F5B6B0/=00/=17C2C967425FFDB6EF8C542330DA467562953D126EDAE07B710B380B4D1AC752
Jan 15, 2015 6:21:34 PM org.ccnx.ccn.impl.sync.SliceComparator doComparison
O MAIS DETALHADO: Compare LEAF =04F7A143667F594F74B6B7C8C826B63D9DA7DAAA6A220B24C7FB15280B67E9868D to LEAF =069DB0FDF565369C0BA26AE441BC98E53CDEC638917FF93FF92ACE741415F2F480
Jan 15, 2015 6:21:34 PM org.ccnx.ccn.impl.sync.SliceComparator doComparison
O MAIS DETALHADO: name X is 0, pos X is 2, name Y is 0, pos Y is 2 comp is 0
Jan 15, 2015 6:21:34 PM org.ccnx.ccn.impl.sync.SliceComparator doComparison
O MAIS DETALHADO: name X (expanded) is /ccnx.org/test/SyncTestRepo-15-01-15-18.20.23/ccnSyncTest/slice10/round17/randomFile/=FD054B82F5BF96/=00/=E4BD59CD3D2193F901F55648B2921C3A07BF4E0D1E47354154CD91CFAB4A836B, name Y (expanded) is /ccnx.org/test/SyncTestRepo-15-01-15-18.20.23/ccnSyncTest/slice10/round17/randomFile/=FD054B82F5BF96/=00/=E4BD59CD3D2193F901F55648B2921C3A07BF4E0D1E47354154CD91CFAB4A836B
Jan 15, 2015 6:21:34 PM org.ccnx.ccn.impl.sync.SliceComparator doComparison
O MAIS DETALHADO: Compare LEAF =04F7A143667F594F74B6B7C8C826B63D9DA7DAAA6A220B24C7FB15280B67E9868D to LEAF =069DB0FDF565369C0BA26AE441BC98E53CDEC638917FF93FF92ACE741415F2F480
Jan 15, 2015 6:21:34 PM org.ccnx.ccn.impl.sync.SliceComparator doComparison
O MAIS DETALHADO: name X is 0, pos X is 3, name Y is 0, pos Y is 3 comp is 0
Jan 15, 2015 6:21:34 PM org.ccnx.ccn.impl.sync.SliceComparator doComparison
O MAIS DETALHADO: name X (expanded) is /ccnx.org/test/SyncTestRepo-15-01-15-18.20.23/ccnSyncTest/slice10/round17/randomFile/=FD054B82F5BF96/%C1.META.M/.header/=FD054B82F5BFCF/=00/=DFDAA5AF0C823AF99D76C85A67EDB528F1EB12E800BF06BB8B2F219AAF1EEAFC, name Y (expanded) is /ccnx.org/test/SyncTestRepo-15-01-15-18.20.23/ccnSyncTest/slice10/round17/randomFile/=FD054B82F5BF96/%C1.META.M/.header/=FD054B82F5BFCF/=00/=DFDAA5AF0C823AF99D76C85A67EDB528F1EB12E800BF06BB8B2F219AAF1EEAFC
Jan 15, 2015 6:21:34 PM org.ccnx.ccn.impl.sync.SliceComparator doComparison
O MAIS DETALHADO: Compare LEAF =04F7A143667F594F74B6B7C8C826B63D9DA7DAAA6A220B24C7FB15280B67E9868D to LEAF =069DB0FDF565369C0BA26AE441BC98E53CDEC638917FF93FF92ACE741415F2F480
Jan 15, 2015 6:21:34 PM org.ccnx.ccn.impl.sync.SliceComparator doComparison
O MAIS DETALHADO: name X is 0, pos X is 4, name Y is 0, pos Y is 4 comp is 0
Jan 15, 2015 6:21:34 PM org.ccnx.ccn.impl.sync.SliceComparator doComparison
O MAIS DETALHADO: name X (expanded) is /ccnx.org/test/SyncTestRepo-15-01-15-18.20.23/ccnSyncTest/slice10/round18/randomFile/=FD054B82F5C8BC/=00/=2BFB388768C7032EF8F8F3569B818A10CF99BB73C2192F5E83ED88B5585C6EF3, name Y (expanded) is /ccnx.org/test/SyncTestRepo-15-01-15-18.20.23/ccnSyncTest/slice10/round18/randomFile/=FD054B82F5C8BC/=00/=2BFB388768C7032EF8F8F3569B818A10CF99BB73C2192F5E83ED88B5585C6EF3
Jan 15, 2015 6:21:34 PM org.ccnx.ccn.impl.sync.SliceComparator doComparison
O MAIS DETALHADO: Compare LEAF =04F7A143667F594F74B6B7C8C826B63D9DA7DAAA6A220B24C7FB15280B67E9868D to LEAF =069DB0FDF565369C0BA26AE441BC98E53CDEC638917FF93FF92ACE741415F2F480
Jan 15, 2015 6:21:34 PM org.ccnx.ccn.impl.sync.SliceComparator doComparison
O MAIS DETALHADO: name X is 0, pos X is 5, name Y is 0, pos Y is 5 comp is 0
Jan 15, 2015 6:21:34 PM org.ccnx.ccn.impl.sync.SliceComparator doComparison
O MAIS DETALHADO: name X (expanded) is /ccnx.org/test/SyncTestRepo-15-01-15-18.20.23/ccnSyncTest/slice10/round18/randomFile/=FD054B82F5C8BC/%C1.META.M/.header/=FD054B82F5C8FA/=00/=F08DA9402E896ABD8D3BF9F98F382E72D7D7A33E6F4EFA003BBEBCC5837B3AC0, name Y (expanded) is /ccnx.org/test/SyncTestRepo-15-01-15-18.20.23/ccnSyncTest/slice10/round18/randomFile/=FD054B82F5C8BC/%C1.META.M/.header/=FD054B82F5C8FA/=00/=F08DA9402E896ABD8D3BF9F98F382E72D7D7A33E6F4EFA003BBEBCC5837B3AC0
Jan 15, 2015 6:21:34 PM org.ccnx.ccn.impl.sync.SliceComparator doComparison
O MAIS DETALHADO: Compare LEAF =04F7A143667F594F74B6B7C8C826B63D9DA7DAAA6A220B24C7FB15280B67E9868D to LEAF =069DB0FDF565369C0BA26AE441BC98E53CDEC638917FF93FF92ACE741415F2F480
Jan 15, 2015 6:21:34 PM org.ccnx.ccn.impl.sync.SliceComparator doComparison
O MAIS DETALHADO: name X is 0, pos X is 6, name Y is 0, pos Y is 6 comp is 0
Jan 15, 2015 6:21:34 PM org.ccnx.ccn.impl.sync.SliceComparator doComparison
O MAIS DETALHADO: name X (expanded) is /ccnx.org/test/SyncTestRepo-15-01-15-18.20.23/ccnSyncTest/slice10/round19/randomFile/=FD054B82F5D1E7/=00/nzg3P=C327F6FF20CFA7F2E409B8852A560054756EA06B6705234B587505, name Y (expanded) is /ccnx.org/test/SyncTestRepo-15-01-15-18.20.23/ccnSyncTest/slice10/round19/randomFile/=FD054B82F5D1E7/=00/nzg3P=C327F6FF20CFA7F2E409B8852A560054756EA06B6705234B587505
Jan 15, 2015 6:21:34 PM org.ccnx.ccn.impl.sync.SliceComparator doComparison
O MAIS DETALHADO: Compare LEAF =04F7A143667F594F74B6B7C8C826B63D9DA7DAAA6A220B24C7FB15280B67E9868D to LEAF =069DB0FDF565369C0BA26AE441BC98E53CDEC638917FF93FF92ACE741415F2F480
Jan 15, 2015 6:21:34 PM org.ccnx.ccn.impl.sync.SliceComparator doComparison
O MAIS DETALHADO: name X is 0, pos X is 7, name Y is 0, pos Y is 7 comp is 0
Jan 15, 2015 6:21:34 PM org.ccnx.ccn.impl.sync.SliceComparator doComparison
O MAIS DETALHADO: name X (expanded) is /ccnx.org/test/SyncTestRepo-15-01-15-18.20.23/ccnSyncTest/slice10/round19/randomFile/=FD054B82F5D1E7/%C1.META.M/.header/=FD054B82F5D221/=00/=87D2E4F4A4BD711CF9071FF970C0C90F23151A774D37E44AD42F5682C48A0B66, name Y (expanded) is /ccnx.org/test/SyncTestRepo-15-01-15-18.20.23/ccnSyncTest/slice10/round19/randomFile/=FD054B82F5D1E7/%C1.META.M/.header/=FD054B82F5D221/=00/=87D2E4F4A4BD711CF9071FF970C0C90F23151A774D37E44AD42F5682C48A0B66
Jan 15, 2015 6:21:34 PM org.ccnx.ccn.impl.sync.SliceComparator doComparison
O MAIS DETALHADO: Compare LEAF =04F7A143667F594F74B6B7C8C826B63D9DA7DAAA6A220B24C7FB15280B67E9868D to LEAF =069DB0FDF565369C0BA26AE441BC98E53CDEC638917FF93FF92ACE741415F2F480
Jan 15, 2015 6:21:34 PM org.ccnx.ccn.impl.sync.SliceComparator doComparison
O MAIS DETALHADO: name X is 0, pos X is 8, name Y is 0, pos Y is 8 comp is 0
Jan 15, 2015 6:21:34 PM org.ccnx.ccn.impl.sync.SliceComparator doComparison
O MAIS DETALHADO: name X (expanded) is /ccnx.org/test/SyncTestRepo-15-01-15-18.20.23/ccnSyncTest/slice10/round20/randomFile/=FD054B82F5DB06/=00/=94F2D2AAD95E14E9EB32A11ED21A8CA6272D6744E3330853151F7F9F9E019BE5, name Y (expanded) is /ccnx.org/test/SyncTestRepo-15-01-15-18.20.23/ccnSyncTest/slice10/round20/randomFile/=FD054B82F5DB06/=00/=94F2D2AAD95E14E9EB32A11ED21A8CA6272D6744E3330853151F7F9F9E019BE5
Jan 15, 2015 6:21:34 PM org.ccnx.ccn.impl.sync.SliceComparator doComparison
O MAIS DETALHADO: Compare LEAF =04F7A143667F594F74B6B7C8C826B63D9DA7DAAA6A220B24C7FB15280B67E9868D to LEAF =069DB0FDF565369C0BA26AE441BC98E53CDEC638917FF93FF92ACE741415F2F480
Jan 15, 2015 6:21:34 PM org.ccnx.ccn.impl.sync.SliceComparator doComparison
O MAIS DETALHADO: name X is 0, pos X is 9, name Y is 0, pos Y is 9 comp is 0
Jan 15, 2015 6:21:34 PM org.ccnx.ccn.impl.sync.SliceComparator doComparison
O MAIS DETALHADO: name X (expanded) is /ccnx.org/test/SyncTestRepo-15-01-15-18.20.23/ccnSyncTest/slice10/round20/randomFile/=FD054B82F5DB06/%C1.META.M/.header/=FD054B82F5DB3F/=00/=0327D34667E04E751E838938DA66EE183B5D5319AD25208E4EEA3EFD5187DFDA, name Y (expanded) is /ccnx.org/test/SyncTestRepo-15-01-15-18.20.23/ccnSyncTest/slice10/round20/randomFile/=FD054B82F5DB06/%C1.META.M/.header/=FD054B82F5DB3F/=00/=0327D34667E04E751E838938DA66EE183B5D5319AD25208E4EEA3EFD5187DFDA
Jan 15, 2015 6:21:34 PM org.ccnx.ccn.impl.sync.SliceComparator doComparison
O MAIS DETALHADO: Compare NODE =0BFD4CD6C6C44FB1AAA4B1F1C2B9379B5FEA769FFA503A2AF8A4F0BB88D334F0B3 to LEAF =069DB0FDF565369C0BA26AE441BC98E53CDEC638917FF93FF92ACE741415F2F480, resMin is 1, resMax is -1
Jan 15, 2015 6:21:34 PM org.ccnx.ccn.impl.sync.SliceComparator doComparison
O MAIS DETALHADO: minname is 0, maxname is 0, pos X is 2, pos Y is 10
Jan 15, 2015 6:21:34 PM org.ccnx.ccn.impl.sync.SliceComparator doComparison
O MAIS DETALHADO: Compare LEAF =012C584AACE754EED288E9AD1FC5B3157499E55442613B830592FDF16A879AA9F4 to LEAF =069DB0FDF565369C0BA26AE441BC98E53CDEC638917FF93FF92ACE741415F2F480
Jan 15, 2015 6:21:34 PM org.ccnx.ccn.impl.sync.SliceComparator doComparison
O MAIS DETALHADO: name X is 0, pos X is 0, name Y is 0, pos Y is 10 comp is 0
Jan 15, 2015 6:21:34 PM org.ccnx.ccn.impl.sync.SliceComparator doComparison
O MAIS DETALHADO: name X (expanded) is /ccnx.org/test/SyncTestRepo-15-01-15-18.20.23/ccnSyncTest/slice10/round21/randomFile/=FD054B82F5E41D/=00/%81v=11100BD1950F5228760141B55709E0A91045B40720DAB0782DCC6F0256FF, name Y (expanded) is /ccnx.org/test/SyncTestRepo-15-01-15-18.20.23/ccnSyncTest/slice10/round21/randomFile/=FD054B82F5E41D/=00/%81v=11100BD1950F5228760141B55709E0A91045B40720DAB0782DCC6F0256FF
Jan 15, 2015 6:21:34 PM org.ccnx.ccn.impl.sync.SliceComparator doComparison
O MAIS DETALHADO: Compare LEAF =012C584AACE754EED288E9AD1FC5B3157499E55442613B830592FDF16A879AA9F4 to LEAF =069DB0FDF565369C0BA26AE441BC98E53CDEC638917FF93FF92ACE741415F2F480
Jan 15, 2015 6:21:34 PM org.ccnx.ccn.impl.sync.SliceComparator doComparison
O MAIS DETALHADO: name X is 0, pos X is 1, name Y is 0, pos Y is 11 comp is 0
Jan 15, 2015 6:21:34 PM org.ccnx.ccn.impl.sync.SliceComparator doComparison
O MAIS DETALHADO: name X (expanded) is /ccnx.org/test/SyncTestRepo-15-01-15-18.20.23/ccnSyncTest/slice10/round21/randomFile/=FD054B82F5E41D/%C1.META.M/.header/=FD054B82F5E48B/=00/U=2BDDA4AFCB9BC8FBD9C3E9013EE52508639C0C2E623CE389011207E17837C6, name Y (expanded) is /ccnx.org/test/SyncTestRepo-15-01-15-18.20.23/ccnSyncTest/slice10/round21/randomFile/=FD054B82F5E41D/%C1.META.M/.header/=FD054B82F5E48B/=00/U=2BDDA4AFCB9BC8FBD9C3E9013EE52508639C0C2E623CE389011207E17837C6
Jan 15, 2015 6:21:34 PM org.ccnx.ccn.impl.sync.SliceComparator doComparison
O MAIS DETALHADO: Compare LEAF =012C584AACE754EED288E9AD1FC5B3157499E55442613B830592FDF16A879AA9F4 to LEAF =069DB0FDF565369C0BA26AE441BC98E53CDEC638917FF93FF92ACE741415F2F480
Jan 15, 2015 6:21:34 PM org.ccnx.ccn.impl.sync.SliceComparator doComparison
O MAIS DETALHADO: name X is 0, pos X is 2, name Y is 0, pos Y is 12 comp is 1
Jan 15, 2015 6:21:34 PM org.ccnx.ccn.impl.sync.SliceComparator doComparison
O MAIS DETALHADO: name X (expanded) is /ccnx.org/test/SyncTestRepo-15-01-15-18.20.23/ccnSyncTest/slice10/randomFile/=FD054B82F53F79/=00/=3CBEB0282FE72CD7F7CF0696455493A1CE4F4E488F469319834E10584FC5C583, name Y (expanded) is /ccnx.org/test/SyncTestRepo-15-01-15-18.20.23/ccnSyncTest/slice10/round22/randomFile/=FD054B82F5ED0E/=00/y%B7o=E1FE885DC462C96E59D02F922A9D0639E4FCB2982B9CBB5A9E266EC3FF
Jan 15, 2015 6:21:34 PM org.ccnx.ccn.profiles.sync.SyncTestRepo doHandleContentName
INFORMAÇÕES: Number 1: Callback for name: /ccnx.org/test/SyncTestRepo-15-01-15-18.20.23/ccnSyncTest/slice10/round22/randomFile/=FD054B82F5ED0E/=00 - number is 0
Jan 15, 2015 6:21:34 PM org.ccnx.ccn.impl.sync.SliceComparator doComparison
O MAIS DETALHADO: Compare LEAF =012C584AACE754EED288E9AD1FC5B3157499E55442613B830592FDF16A879AA9F4 to LEAF =069DB0FDF565369C0BA26AE441BC98E53CDEC638917FF93FF92ACE741415F2F480
Jan 15, 2015 6:21:34 PM org.ccnx.ccn.impl.sync.SliceComparator doComparison
O MAIS DETALHADO: name X is 0, pos X is 2, name Y is 0, pos Y is 13 comp is 0
Jan 15, 2015 6:21:34 PM org.ccnx.ccn.impl.sync.SliceComparator doComparison
O MAIS DETALHADO: name X (expanded) is /ccnx.org/test/SyncTestRepo-15-01-15-18.20.23/ccnSyncTest/slice10/randomFile/=FD054B82F53F79/=00/=3CBEB0282FE72CD7F7CF0696455493A1CE4F4E488F469319834E10584FC5C583, name Y (expanded) is /ccnx.org/test/SyncTestRepo-15-01-15-18.20.23/ccnSyncTest/slice10/randomFile/=FD054B82F53F79/=00/=3CBEB0282FE72CD7F7CF0696455493A1CE4F4E488F469319834E10584FC5C583
Jan 15, 2015 6:21:34 PM org.ccnx.ccn.impl.sync.SliceComparator doComparison
O MAIS DETALHADO: Compare LEAF =012C584AACE754EED288E9AD1FC5B3157499E55442613B830592FDF16A879AA9F4 to LEAF =069DB0FDF565369C0BA26AE441BC98E53CDEC638917FF93FF92ACE741415F2F480
Jan 15, 2015 6:21:34 PM org.ccnx.ccn.impl.sync.SliceComparator doComparison
O MAIS DETALHADO: name X is 0, pos X is 3, name Y is 0, pos Y is 14 comp is 0
Jan 15, 2015 6:21:34 PM org.ccnx.ccn.impl.sync.SliceComparator doComparison
O MAIS DETALHADO: name X (expanded) is /ccnx.org/test/SyncTestRepo-15-01-15-18.20.23/ccnSyncTest/slice10/randomFile/=FD054B82F53F79/%C1.META.M/.header/=FD054B82F53FB2/=00/=18F7ABCFFBD0912243186C9F3D6A45A3E28959A7EF8B922DD636A13DE75A55AC, name Y (expanded) is /ccnx.org/test/SyncTestRepo-15-01-15-18.20.23/ccnSyncTest/slice10/randomFile/=FD054B82F53F79/%C1.META.M/.header/=FD054B82F53FB2/=00/=18F7ABCFFBD0912243186C9F3D6A45A3E28959A7EF8B922DD636A13DE75A55AC
Jan 15, 2015 6:21:34 PM org.ccnx.ccn.impl.sync.SliceComparator updateCurrent
O MAIS DETALHADO: Starting update from hash =0BFD4CD6C6C44FB1AAA4B1F1C2B9379B5FEA769FFA503A2AF8A4F0BB88D334F0B3
Jan 15, 2015 6:21:34 PM org.ccnx.ccn.impl.sync.SliceComparator updateCurrent
O MAIS DETALHADO: Update compare - moving to: =05D95348B35DA1736365107BDACCCE484DA8B6A14DCCF3832B16DDA212E3B0C032
Jan 15, 2015 6:21:34 PM org.ccnx.ccn.impl.sync.SliceComparator updateCurrent
O MAIS DETALHADO: Shortcut in update - popping back to =0BFD4CD6C6C44FB1AAA4B1F1C2B9379B5FEA769FFA503A2AF8A4F0BB88D334F0B3, pos 1
Jan 15, 2015 6:21:34 PM org.ccnx.ccn.impl.sync.SliceComparator updateCurrent
O MAIS DETALHADO: Update compare - moving to: =04F7A143667F594F74B6B7C8C826B63D9DA7DAAA6A220B24C7FB15280B67E9868D
Jan 15, 2015 6:21:34 PM org.ccnx.ccn.impl.sync.SliceComparator updateCurrent
O MAIS DETALHADO: Shortcut in update - popping back to =0BFD4CD6C6C44FB1AAA4B1F1C2B9379B5FEA769FFA503A2AF8A4F0BB88D334F0B3, pos 2
Jan 15, 2015 6:21:34 PM org.ccnx.ccn.impl.sync.SliceComparator updateCurrent
O MAIS DETALHADO: Update compare - moving to: =012C584AACE754EED288E9AD1FC5B3157499E55442613B830592FDF16A879AA9F4
Jan 15, 2015 6:21:34 PM org.ccnx.ccn.impl.sync.SliceComparator updateCurrent
O MAIS DETALHADO: Update compare: name from tree (expanded) is /ccnx.org/test/SyncTestRepo-15-01-15-18.20.23/ccnSyncTest/slice10/round21/randomFile/=FD054B82F5E41D/=00/%81v=11100BD1950F5228760141B55709E0A91045B40720DAB0782DCC6F0256FF, name  is /ccnx.org/test/SyncTestRepo-15-01-15-18.20.23/ccnSyncTest/slice10/round22/randomFile/=FD054B82F5ED0E/=00/y%B7o=E1FE885DC462C96E59D02F922A9D0639E4FCB2982B9CBB5A9E266EC3FF, comp is -1
Jan 15, 2015 6:21:34 PM org.ccnx.ccn.impl.sync.SliceComparator updateCurrent
O MAIS DETALHADO: Update compare: name from tree (expanded) is /ccnx.org/test/SyncTestRepo-15-01-15-18.20.23/ccnSyncTest/slice10/round21/randomFile/=FD054B82F5E41D/%C1.META.M/.header/=FD054B82F5E48B/=00/U=2BDDA4AFCB9BC8FBD9C3E9013EE52508639C0C2E623CE389011207E17837C6, name  is /ccnx.org/test/SyncTestRepo-15-01-15-18.20.23/ccnSyncTest/slice10/round22/randomFile/=FD054B82F5ED0E/=00/y%B7o=E1FE885DC462C96E59D02F922A9D0639E4FCB2982B9CBB5A9E266EC3FF, comp is -1
Jan 15, 2015 6:21:34 PM org.ccnx.ccn.impl.sync.SliceComparator updateCurrent
O MAIS DETALHADO: Update compare: name from tree (expanded) is /ccnx.org/test/SyncTestRepo-15-01-15-18.20.23/ccnSyncTest/slice10/randomFile/=FD054B82F53F79/=00/=3CBEB0282FE72CD7F7CF0696455493A1CE4F4E488F469319834E10584FC5C583, name  is /ccnx.org/test/SyncTestRepo-15-01-15-18.20.23/ccnSyncTest/slice10/round22/randomFile/=FD054B82F5ED0E/=00/y%B7o=E1FE885DC462C96E59D02F922A9D0639E4FCB2982B9CBB5A9E266EC3FF, comp is 1
Jan 15, 2015 6:21:34 PM org.ccnx.ccn.impl.sync.SliceComparator updateCurrent
O MAIS DETALHADO: Update: starting redo of names because of /ccnx.org/test/SyncTestRepo-15-01-15-18.20.23/ccnSyncTest/slice10/round22/randomFile/=FD054B82F5ED0E/=00/y%B7o=E1FE885DC462C96E59D02F922A9D0639E4FCB2982B9CBB5A9E266EC3FF at /ccnx.org/test/SyncTestRepo-15-01-15-18.20.23/ccnSyncTest/slice10/round21/randomFile/=FD054B82F5E41D/=00/%81v=11100BD1950F5228760141B55709E0A91045B40720DAB0782DCC6F0256FF
Jan 15, 2015 6:21:34 PM org.ccnx.ccn.io.content.SyncNodeComposite decodeLogging
O MAIS DETALHADO: decode node for =01A60FBA8EE5DD4C96EBB31B7995E2A79F36EB8E275DEE1B312FB94C08AE096DF3 depth = 1 refs = 5
Jan 15, 2015 6:21:34 PM org.ccnx.ccn.io.content.SyncNodeComposite decodeLogging
O MAIS DETALHADO: min is 0, max is 0, expanded min is /ccnx.org/test/SyncTestRepo-15-01-15-18.20.23/ccnSyncTest/slice10/round21/randomFile/=FD054B82F5E41D/=00/%81v=11100BD1950F5228760141B55709E0A91045B40720DAB0782DCC6F0256FF, expanded max is /ccnx.org/test/SyncTestRepo-15-01-15-18.20.23/ccnSyncTest/slice10/randomFile/=FD054B82F53F79/%C1.META.M/.header/=FD054B82F53FB2/=00/=18F7ABCFFBD0912243186C9F3D6A45A3E28959A7EF8B922DD636A13DE75A55AC
Jan 15, 2015 6:21:34 PM org.ccnx.ccn.impl.sync.SyncTreeEntry <init>
O MAIS DETALHADO: Found existing node: %0Cw%04F=A8C2D80F6F077B601C89672D8A877CD9DF4CECC32441AC1626F9A3B4B2
Jan 15, 2015 6:21:34 PM org.ccnx.ccn.io.content.SyncNodeComposite decodeLogging
O MAIS DETALHADO: decode node for %0Cw%04F=A8C2D80F6F077B601C89672D8A877CD9DF4CECC32441AC1626F9A3B4B2 depth = 2 refs = 3
Jan 15, 2015 6:21:34 PM org.ccnx.ccn.io.content.SyncNodeComposite decodeLogging
O MAIS DETALHADO: min is 0, max is 0, expanded min is /ccnx.org/test/SyncTestRepo-15-01-15-18.20.23/ccnSyncTest/slice10/round11/randomFile/=FD054B82F588B4/=00/=862C3C8C527D6B204E7FCD4EAF121546BFBA9E26B978EC9010B0DB73EDD734F0, expanded max is /ccnx.org/test/SyncTestRepo-15-01-15-18.20.23/ccnSyncTest/slice10/randomFile/=FD054B82F53F79/%C1.META.M/.header/=FD054B82F53FB2/=00/=18F7ABCFFBD0912243186C9F3D6A45A3E28959A7EF8B922DD636A13DE75A55AC
Jan 15, 2015 6:21:34 PM org.ccnx.ccn.impl.sync.NodeBuilder createHeadRecursive
O MAIS DETALHADO: Creating new compound node - with first element =05D95348B35DA1736365107BDACCCE484DA8B6A14DCCF3832B16DDA212E3B0C032 and last element =01A60FBA8EE5DD4C96EBB31B7995E2A79F36EB8E275DEE1B312FB94C08AE096DF3
Jan 15, 2015 6:21:34 PM org.ccnx.ccn.impl.sync.SliceComparator updateCurrent
INFORMAÇÕES: Resetting current to created head: %0Cw%04F=A8C2D80F6F077B601C89672D8A877CD9DF4CECC32441AC1626F9A3B4B2
Jan 15, 2015 6:21:35 PM org.ccnx.ccn.impl.sync.ProtocolBasedSyncMonitor handleContent
INFORMAÇÕES: Saw new content from sync: /ccnx.org/test/SyncTestRepo-15-01-15-18.20.23/topoPrefix/%C1.S.ra/x%E7U.=86853EF050D99AC7B6E19C29B7AECFA1B2568CAD74E733BCB2443F63/%0Cw%04F=A8C2D80F6F077B601C89672D8A877CD9DF4CECC32441AC1626F9A3B4B2/=0D268959D51A698CE313578FAED94D31388D234EB60BBBCA3494F129753B0899DB
Jan 15, 2015 6:21:35 PM org.ccnx.ccn.impl.sync.SliceComparator run
DETALHADO: Starting comparator run - state is INIT, sc is org.ccnx.ccn.impl.sync.SliceComparator@ca0898b, this is the lead
Jan 15, 2015 6:21:35 PM org.ccnx.ccn.io.content.SyncNodeComposite decodeLogging
O MAIS DETALHADO: decode node for =0D268959D51A698CE313578FAED94D31388D234EB60BBBCA3494F129753B0899DB depth = 2 refs = 2
Jan 15, 2015 6:21:35 PM org.ccnx.ccn.io.content.SyncNodeComposite decodeLogging
O MAIS DETALHADO: min is 0, max is 0, expanded min is /ccnx.org/test/SyncTestRepo-15-01-15-18.20.23/ccnSyncTest/slice10/round11/randomFile/=FD054B82F588B4/=00/=862C3C8C527D6B204E7FCD4EAF121546BFBA9E26B978EC9010B0DB73EDD734F0, expanded max is /ccnx.org/test/SyncTestRepo-15-01-15-18.20.23/ccnSyncTest/slice10/randomFile/=FD054B82F53F79/%C1.META.M/.header/=FD054B82F53FB2/=00/=18F7ABCFFBD0912243186C9F3D6A45A3E28959A7EF8B922DD636A13DE75A55AC
Jan 15, 2015 6:21:35 PM org.ccnx.ccn.impl.sync.SliceComparator run
INFORMAÇÕES: Starting new round with X = %0Cw%04F=A8C2D80F6F077B601C89672D8A877CD9DF4CECC32441AC1626F9A3B4B2 and Y = =0D268959D51A698CE313578FAED94D31388D234EB60BBBCA3494F129753B0899DB
Jan 15, 2015 6:21:35 PM org.ccnx.ccn.impl.sync.ProtocolBasedSyncMonitor requestNode
DETALHADO: Requesting node for hash: /ccnx.org/test/SyncTestRepo-15-01-15-18.20.23/topoPrefix/%C1.S.nf/x%E7U.=86853EF050D99AC7B6E19C29B7AECFA1B2568CAD74E733BCB2443F63/%07M6=1121BCC8197FAE4713D40C7EE8EAE46CAD683EC847097E1387625757D9A9
Jan 15, 2015 6:21:35 PM org.ccnx.ccn.impl.sync.SliceComparator doComparison
O MAIS DETALHADO: Skipping covered subentry =05D95348B35DA1736365107BDACCCE484DA8B6A14DCCF3832B16DDA212E3B0C032
Jan 15, 2015 6:21:35 PM org.ccnx.ccn.impl.sync.SliceComparator doComparison
O MAIS DETALHADO: Compare NODE %0Cw%04F=A8C2D80F6F077B601C89672D8A877CD9DF4CECC32441AC1626F9A3B4B2 to NODE =0D268959D51A698CE313578FAED94D31388D234EB60BBBCA3494F129753B0899DB
Jan 15, 2015 6:21:35 PM org.ccnx.ccn.impl.sync.SliceComparator doComparison
O MAIS DETALHADO: pos X is 0, pos Y is 1
Jan 15, 2015 6:21:35 PM org.ccnx.ccn.impl.sync.SliceComparator handleHashNode
O MAIS DETALHADO: Couldn't get entry %07M6=1121BCC8197FAE4713D40C7EE8EAE46CAD683EC847097E1387625757D9A9 setting it to missing
Jan 15, 2015 6:21:35 PM org.ccnx.ccn.impl.sync.SliceComparator doComparison
O MAIS DETALHADO: Compare NODE %0Cw%04F=A8C2D80F6F077B601C89672D8A877CD9DF4CECC32441AC1626F9A3B4B2 to NODE =0D268959D51A698CE313578FAED94D31388D234EB60BBBCA3494F129753B0899DB
Jan 15, 2015 6:21:35 PM org.ccnx.ccn.impl.sync.SliceComparator.NodeFetchHandler handleContent
DETALHADO: Saw data from nodefind: hash: %07M6=1121BCC8197FAE4713D40C7EE8EAE46CAD683EC847097E1387625757D9A9
Jan 15, 2015 6:21:35 PM org.ccnx.ccn.impl.sync.SliceComparator doComparison
O MAIS DETALHADO: pos X is 0, pos Y is 1
Jan 15, 2015 6:21:35 PM org.ccnx.ccn.io.content.SyncNodeComposite decodeLogging
O MAIS DETALHADO: decode node for %07M6=1121BCC8197FAE4713D40C7EE8EAE46CAD683EC847097E1387625757D9A9 depth = 1 refs = 16
Jan 15, 2015 6:21:35 PM org.ccnx.ccn.io.content.SyncNodeComposite decodeLogging
O MAIS DETALHADO: min is 0, max is 0, expanded min is /ccnx.org/test/SyncTestRepo-15-01-15-18.20.23/ccnSyncTest/slice10/round16/randomFile/=FD054B82F5B673/=00/pU=A6A22546186B9FAC4EB8A07C1FBB995F82DA30BC632446C0DCD7E521AAF7, expanded max is /ccnx.org/test/SyncTestRepo-15-01-15-18.20.23/ccnSyncTest/slice10/randomFile/=FD054B82F53F79/%C1.META.M/.header/=FD054B82F53FB2/=00/=18F7ABCFFBD0912243186C9F3D6A45A3E28959A7EF8B922DD636A13DE75A55AC
Jan 15, 2015 6:21:35 PM org.ccnx.ccn.impl.sync.SliceComparator doComparison
O MAIS DETALHADO: Pushing X entry =05D95348B35DA1736365107BDACCCE484DA8B6A14DCCF3832B16DDA212E3B0C032 and Y entry %07M6=1121BCC8197FAE4713D40C7EE8EAE46CAD683EC847097E1387625757D9A9
Jan 15, 2015 6:21:35 PM org.ccnx.ccn.impl.sync.SliceComparator doComparison
O MAIS DETALHADO: Compare LEAF =05D95348B35DA1736365107BDACCCE484DA8B6A14DCCF3832B16DDA212E3B0C032 to LEAF %07M6=1121BCC8197FAE4713D40C7EE8EAE46CAD683EC847097E1387625757D9A9
Jan 15, 2015 6:21:35 PM org.ccnx.ccn.impl.sync.SliceComparator doComparison
O MAIS DETALHADO: name X is 0, pos X is 0, name Y is 0, pos Y is 0 comp is -1
Jan 15, 2015 6:21:35 PM org.ccnx.ccn.impl.sync.SliceComparator doComparison
O MAIS DETALHADO: name X (expanded) is /ccnx.org/test/SyncTestRepo-15-01-15-18.20.23/ccnSyncTest/slice10/round11/randomFile/=FD054B82F588B4/=00/=862C3C8C527D6B204E7FCD4EAF121546BFBA9E26B978EC9010B0DB73EDD734F0, name Y (expanded) is /ccnx.org/test/SyncTestRepo-15-01-15-18.20.23/ccnSyncTest/slice10/round16/randomFile/=FD054B82F5B673/=00/pU=A6A22546186B9FAC4EB8A07C1FBB995F82DA30BC632446C0DCD7E521AAF7
Jan 15, 2015 6:21:35 PM org.ccnx.ccn.impl.sync.SliceComparator doComparison
O MAIS DETALHADO: Shortcut - popping X back to %0Cw%04F=A8C2D80F6F077B601C89672D8A877CD9DF4CECC32441AC1626F9A3B4B2, pos 1
Jan 15, 2015 6:21:35 PM org.ccnx.ccn.impl.sync.SliceComparator doComparison
O MAIS DETALHADO: Compare NODE %0Cw%04F=A8C2D80F6F077B601C89672D8A877CD9DF4CECC32441AC1626F9A3B4B2 to LEAF %07M6=1121BCC8197FAE4713D40C7EE8EAE46CAD683EC847097E1387625757D9A9, resMin is 1, resMax is -1
Jan 15, 2015 6:21:35 PM org.ccnx.ccn.impl.sync.SliceComparator doComparison
O MAIS DETALHADO: minname is 0, maxname is 0, pos X is 1, pos Y is 0
Jan 15, 2015 6:21:35 PM org.ccnx.ccn.impl.sync.SliceComparator doComparison
O MAIS DETALHADO: Compare LEAF =04F7A143667F594F74B6B7C8C826B63D9DA7DAAA6A220B24C7FB15280B67E9868D to LEAF %07M6=1121BCC8197FAE4713D40C7EE8EAE46CAD683EC847097E1387625757D9A9
Jan 15, 2015 6:21:35 PM org.ccnx.ccn.impl.sync.SliceComparator doComparison
O MAIS DETALHADO: name X is 0, pos X is 0, name Y is 0, pos Y is 0 comp is 0
Jan 15, 2015 6:21:35 PM org.ccnx.ccn.impl.sync.SliceComparator doComparison
O MAIS DETALHADO: name X (expanded) is /ccnx.org/test/SyncTestRepo-15-01-15-18.20.23/ccnSyncTest/slice10/round16/randomFile/=FD054B82F5B673/=00/pU=A6A22546186B9FAC4EB8A07C1FBB995F82DA30BC632446C0DCD7E521AAF7, name Y (expanded) is /ccnx.org/test/SyncTestRepo-15-01-15-18.20.23/ccnSyncTest/slice10/round16/randomFile/=FD054B82F5B673/=00/pU=A6A22546186B9FAC4EB8A07C1FBB995F82DA30BC632446C0DCD7E521AAF7
Jan 15, 2015 6:21:35 PM org.ccnx.ccn.impl.sync.SliceComparator doComparison
O MAIS DETALHADO: Compare LEAF =04F7A143667F594F74B6B7C8C826B63D9DA7DAAA6A220B24C7FB15280B67E9868D to LEAF %07M6=1121BCC8197FAE4713D40C7EE8EAE46CAD683EC847097E1387625757D9A9
Jan 15, 2015 6:21:35 PM org.ccnx.ccn.impl.sync.SliceComparator doComparison
O MAIS DETALHADO: name X is 0, pos X is 1, name Y is 0, pos Y is 1 comp is 0
Jan 15, 2015 6:21:35 PM org.ccnx.ccn.impl.sync.SliceComparator doComparison
O MAIS DETALHADO: name X (expanded) is /ccnx.org/test/SyncTestRepo-15-01-15-18.20.23/ccnSyncTest/slice10/round16/randomFile/=FD054B82F5B673/%C1.META.M/.header/=FD054B82F5B6B0/=00/=17C2C967425FFDB6EF8C542330DA467562953D126EDAE07B710B380B4D1AC752, name Y (expanded) is /ccnx.org/test/SyncTestRepo-15-01-15-18.20.23/ccnSyncTest/slice10/round16/randomFile/=FD054B82F5B673/%C1.META.M/.header/=FD054B82F5B6B0/=00/=17C2C967425FFDB6EF8C542330DA467562953D126EDAE07B710B380B4D1AC752
Jan 15, 2015 6:21:35 PM org.ccnx.ccn.impl.sync.SliceComparator doComparison
O MAIS DETALHADO: Compare LEAF =04F7A143667F594F74B6B7C8C826B63D9DA7DAAA6A220B24C7FB15280B67E9868D to LEAF %07M6=1121BCC8197FAE4713D40C7EE8EAE46CAD683EC847097E1387625757D9A9
Jan 15, 2015 6:21:35 PM org.ccnx.ccn.impl.sync.SliceComparator doComparison
O MAIS DETALHADO: name X is 0, pos X is 2, name Y is 0, pos Y is 2 comp is 0
Jan 15, 2015 6:21:35 PM org.ccnx.ccn.impl.sync.SliceComparator doComparison
O MAIS DETALHADO: name X (expanded) is /ccnx.org/test/SyncTestRepo-15-01-15-18.20.23/ccnSyncTest/slice10/round17/randomFile/=FD054B82F5BF96/=00/=E4BD59CD3D2193F901F55648B2921C3A07BF4E0D1E47354154CD91CFAB4A836B, name Y (expanded) is /ccnx.org/test/SyncTestRepo-15-01-15-18.20.23/ccnSyncTest/slice10/round17/randomFile/=FD054B82F5BF96/=00/=E4BD59CD3D2193F901F55648B2921C3A07BF4E0D1E47354154CD91CFAB4A836B
Jan 15, 2015 6:21:35 PM org.ccnx.ccn.impl.sync.SliceComparator doComparison
O MAIS DETALHADO: Compare LEAF =04F7A143667F594F74B6B7C8C826B63D9DA7DAAA6A220B24C7FB15280B67E9868D to LEAF %07M6=1121BCC8197FAE4713D40C7EE8EAE46CAD683EC847097E1387625757D9A9
Jan 15, 2015 6:21:35 PM org.ccnx.ccn.impl.sync.SliceComparator doComparison
O MAIS DETALHADO: name X is 0, pos X is 3, name Y is 0, pos Y is 3 comp is 0
Jan 15, 2015 6:21:35 PM org.ccnx.ccn.impl.sync.SliceComparator doComparison
O MAIS DETALHADO: name X (expanded) is /ccnx.org/test/SyncTestRepo-15-01-15-18.20.23/ccnSyncTest/slice10/round17/randomFile/=FD054B82F5BF96/%C1.META.M/.header/=FD054B82F5BFCF/=00/=DFDAA5AF0C823AF99D76C85A67EDB528F1EB12E800BF06BB8B2F219AAF1EEAFC, name Y (expanded) is /ccnx.org/test/SyncTestRepo-15-01-15-18.20.23/ccnSyncTest/slice10/round17/randomFile/=FD054B82F5BF96/%C1.META.M/.header/=FD054B82F5BFCF/=00/=DFDAA5AF0C823AF99D76C85A67EDB528F1EB12E800BF06BB8B2F219AAF1EEAFC
Jan 15, 2015 6:21:35 PM org.ccnx.ccn.impl.sync.SliceComparator doComparison
O MAIS DETALHADO: Compare LEAF =04F7A143667F594F74B6B7C8C826B63D9DA7DAAA6A220B24C7FB15280B67E9868D to LEAF %07M6=1121BCC8197FAE4713D40C7EE8EAE46CAD683EC847097E1387625757D9A9
Jan 15, 2015 6:21:35 PM org.ccnx.ccn.impl.sync.SliceComparator doComparison
O MAIS DETALHADO: name X is 0, pos X is 4, name Y is 0, pos Y is 4 comp is 0
Jan 15, 2015 6:21:35 PM org.ccnx.ccn.impl.sync.SliceComparator doComparison
O MAIS DETALHADO: name X (expanded) is /ccnx.org/test/SyncTestRepo-15-01-15-18.20.23/ccnSyncTest/slice10/round18/randomFile/=FD054B82F5C8BC/=00/=2BFB388768C7032EF8F8F3569B818A10CF99BB73C2192F5E83ED88B5585C6EF3, name Y (expanded) is /ccnx.org/test/SyncTestRepo-15-01-15-18.20.23/ccnSyncTest/slice10/round18/randomFile/=FD054B82F5C8BC/=00/=2BFB388768C7032EF8F8F3569B818A10CF99BB73C2192F5E83ED88B5585C6EF3
Jan 15, 2015 6:21:35 PM org.ccnx.ccn.impl.sync.SliceComparator doComparison
O MAIS DETALHADO: Compare LEAF =04F7A143667F594F74B6B7C8C826B63D9DA7DAAA6A220B24C7FB15280B67E9868D to LEAF %07M6=1121BCC8197FAE4713D40C7EE8EAE46CAD683EC847097E1387625757D9A9
Jan 15, 2015 6:21:35 PM org.ccnx.ccn.impl.sync.SliceComparator doComparison
O MAIS DETALHADO: name X is 0, pos X is 5, name Y is 0, pos Y is 5 comp is 0
Jan 15, 2015 6:21:35 PM org.ccnx.ccn.impl.sync.SliceComparator doComparison
O MAIS DETALHADO: name X (expanded) is /ccnx.org/test/SyncTestRepo-15-01-15-18.20.23/ccnSyncTest/slice10/round18/randomFile/=FD054B82F5C8BC/%C1.META.M/.header/=FD054B82F5C8FA/=00/=F08DA9402E896ABD8D3BF9F98F382E72D7D7A33E6F4EFA003BBEBCC5837B3AC0, name Y (expanded) is /ccnx.org/test/SyncTestRepo-15-01-15-18.20.23/ccnSyncTest/slice10/round18/randomFile/=FD054B82F5C8BC/%C1.META.M/.header/=FD054B82F5C8FA/=00/=F08DA9402E896ABD8D3BF9F98F382E72D7D7A33E6F4EFA003BBEBCC5837B3AC0
Jan 15, 2015 6:21:35 PM org.ccnx.ccn.impl.sync.SliceComparator doComparison
O MAIS DETALHADO: Compare LEAF =04F7A143667F594F74B6B7C8C826B63D9DA7DAAA6A220B24C7FB15280B67E9868D to LEAF %07M6=1121BCC8197FAE4713D40C7EE8EAE46CAD683EC847097E1387625757D9A9
Jan 15, 2015 6:21:35 PM org.ccnx.ccn.impl.sync.SliceComparator doComparison
O MAIS DETALHADO: name X is 0, pos X is 6, name Y is 0, pos Y is 6 comp is 0
Jan 15, 2015 6:21:35 PM org.ccnx.ccn.impl.sync.SliceComparator doComparison
O MAIS DETALHADO: name X (expanded) is /ccnx.org/test/SyncTestRepo-15-01-15-18.20.23/ccnSyncTest/slice10/round19/randomFile/=FD054B82F5D1E7/=00/nzg3P=C327F6FF20CFA7F2E409B8852A560054756EA06B6705234B587505, name Y (expanded) is /ccnx.org/test/SyncTestRepo-15-01-15-18.20.23/ccnSyncTest/slice10/round19/randomFile/=FD054B82F5D1E7/=00/nzg3P=C327F6FF20CFA7F2E409B8852A560054756EA06B6705234B587505
Jan 15, 2015 6:21:35 PM org.ccnx.ccn.impl.sync.SliceComparator doComparison
O MAIS DETALHADO: Compare LEAF =04F7A143667F594F74B6B7C8C826B63D9DA7DAAA6A220B24C7FB15280B67E9868D to LEAF %07M6=1121BCC8197FAE4713D40C7EE8EAE46CAD683EC847097E1387625757D9A9
Jan 15, 2015 6:21:35 PM org.ccnx.ccn.impl.sync.SliceComparator doComparison
O MAIS DETALHADO: name X is 0, pos X is 7, name Y is 0, pos Y is 7 comp is 0
Jan 15, 2015 6:21:35 PM org.ccnx.ccn.impl.sync.SliceComparator doComparison
O MAIS DETALHADO: name X (expanded) is /ccnx.org/test/SyncTestRepo-15-01-15-18.20.23/ccnSyncTest/slice10/round19/randomFile/=FD054B82F5D1E7/%C1.META.M/.header/=FD054B82F5D221/=00/=87D2E4F4A4BD711CF9071FF970C0C90F23151A774D37E44AD42F5682C48A0B66, name Y (expanded) is /ccnx.org/test/SyncTestRepo-15-01-15-18.20.23/ccnSyncTest/slice10/round19/randomFile/=FD054B82F5D1E7/%C1.META.M/.header/=FD054B82F5D221/=00/=87D2E4F4A4BD711CF9071FF970C0C90F23151A774D37E44AD42F5682C48A0B66
Jan 15, 2015 6:21:35 PM org.ccnx.ccn.impl.sync.SliceComparator doComparison
O MAIS DETALHADO: Compare LEAF =04F7A143667F594F74B6B7C8C826B63D9DA7DAAA6A220B24C7FB15280B67E9868D to LEAF %07M6=1121BCC8197FAE4713D40C7EE8EAE46CAD683EC847097E1387625757D9A9
Jan 15, 2015 6:21:35 PM org.ccnx.ccn.impl.sync.SliceComparator doComparison
O MAIS DETALHADO: name X is 0, pos X is 8, name Y is 0, pos Y is 8 comp is 0
Jan 15, 2015 6:21:35 PM org.ccnx.ccn.impl.sync.SliceComparator doComparison
O MAIS DETALHADO: name X (expanded) is /ccnx.org/test/SyncTestRepo-15-01-15-18.20.23/ccnSyncTest/slice10/round20/randomFile/=FD054B82F5DB06/=00/=94F2D2AAD95E14E9EB32A11ED21A8CA6272D6744E3330853151F7F9F9E019BE5, name Y (expanded) is /ccnx.org/test/SyncTestRepo-15-01-15-18.20.23/ccnSyncTest/slice10/round20/randomFile/=FD054B82F5DB06/=00/=94F2D2AAD95E14E9EB32A11ED21A8CA6272D6744E3330853151F7F9F9E019BE5
Jan 15, 2015 6:21:35 PM org.ccnx.ccn.impl.sync.SliceComparator doComparison
O MAIS DETALHADO: Compare LEAF =04F7A143667F594F74B6B7C8C826B63D9DA7DAAA6A220B24C7FB15280B67E9868D to LEAF %07M6=1121BCC8197FAE4713D40C7EE8EAE46CAD683EC847097E1387625757D9A9
Jan 15, 2015 6:21:35 PM org.ccnx.ccn.impl.sync.SliceComparator doComparison
O MAIS DETALHADO: name X is 0, pos X is 9, name Y is 0, pos Y is 9 comp is 0
Jan 15, 2015 6:21:35 PM org.ccnx.ccn.impl.sync.SliceComparator doComparison
O MAIS DETALHADO: name X (expanded) is /ccnx.org/test/SyncTestRepo-15-01-15-18.20.23/ccnSyncTest/slice10/round20/randomFile/=FD054B82F5DB06/%C1.META.M/.header/=FD054B82F5DB3F/=00/=0327D34667E04E751E838938DA66EE183B5D5319AD25208E4EEA3EFD5187DFDA, name Y (expanded) is /ccnx.org/test/SyncTestRepo-15-01-15-18.20.23/ccnSyncTest/slice10/round20/randomFile/=FD054B82F5DB06/%C1.META.M/.header/=FD054B82F5DB3F/=00/=0327D34667E04E751E838938DA66EE183B5D5319AD25208E4EEA3EFD5187DFDA
Jan 15, 2015 6:21:35 PM org.ccnx.ccn.impl.sync.SliceComparator doComparison
O MAIS DETALHADO: Compare NODE %0Cw%04F=A8C2D80F6F077B601C89672D8A877CD9DF4CECC32441AC1626F9A3B4B2 to LEAF %07M6=1121BCC8197FAE4713D40C7EE8EAE46CAD683EC847097E1387625757D9A9, resMin is 1, resMax is -1
Jan 15, 2015 6:21:35 PM org.ccnx.ccn.impl.sync.SliceComparator doComparison
O MAIS DETALHADO: minname is 0, maxname is 0, pos X is 2, pos Y is 10
Jan 15, 2015 6:21:35 PM org.ccnx.ccn.impl.sync.SliceComparator doComparison
O MAIS DETALHADO: Compare LEAF =01A60FBA8EE5DD4C96EBB31B7995E2A79F36EB8E275DEE1B312FB94C08AE096DF3 to LEAF %07M6=1121BCC8197FAE4713D40C7EE8EAE46CAD683EC847097E1387625757D9A9
Jan 15, 2015 6:21:35 PM org.ccnx.ccn.impl.sync.SliceComparator doComparison
O MAIS DETALHADO: name X is 0, pos X is 0, name Y is 0, pos Y is 10 comp is 0
Jan 15, 2015 6:21:35 PM org.ccnx.ccn.impl.sync.SliceComparator doComparison
O MAIS DETALHADO: name X (expanded) is /ccnx.org/test/SyncTestRepo-15-01-15-18.20.23/ccnSyncTest/slice10/round21/randomFile/=FD054B82F5E41D/=00/%81v=11100BD1950F5228760141B55709E0A91045B40720DAB0782DCC6F0256FF, name Y (expanded) is /ccnx.org/test/SyncTestRepo-15-01-15-18.20.23/ccnSyncTest/slice10/round21/randomFile/=FD054B82F5E41D/=00/%81v=11100BD1950F5228760141B55709E0A91045B40720DAB0782DCC6F0256FF
Jan 15, 2015 6:21:35 PM org.ccnx.ccn.impl.sync.SliceComparator doComparison
O MAIS DETALHADO: Compare LEAF =01A60FBA8EE5DD4C96EBB31B7995E2A79F36EB8E275DEE1B312FB94C08AE096DF3 to LEAF %07M6=1121BCC8197FAE4713D40C7EE8EAE46CAD683EC847097E1387625757D9A9
Jan 15, 2015 6:21:35 PM org.ccnx.ccn.impl.sync.SliceComparator doComparison
O MAIS DETALHADO: name X is 0, pos X is 1, name Y is 0, pos Y is 11 comp is 0
Jan 15, 2015 6:21:35 PM org.ccnx.ccn.impl.sync.SliceComparator doComparison
O MAIS DETALHADO: name X (expanded) is /ccnx.org/test/SyncTestRepo-15-01-15-18.20.23/ccnSyncTest/slice10/round21/randomFile/=FD054B82F5E41D/%C1.META.M/.header/=FD054B82F5E48B/=00/U=2BDDA4AFCB9BC8FBD9C3E9013EE52508639C0C2E623CE389011207E17837C6, name Y (expanded) is /ccnx.org/test/SyncTestRepo-15-01-15-18.20.23/ccnSyncTest/slice10/round21/randomFile/=FD054B82F5E41D/%C1.META.M/.header/=FD054B82F5E48B/=00/U=2BDDA4AFCB9BC8FBD9C3E9013EE52508639C0C2E623CE389011207E17837C6
Jan 15, 2015 6:21:35 PM org.ccnx.ccn.impl.sync.SliceComparator doComparison
O MAIS DETALHADO: Compare LEAF =01A60FBA8EE5DD4C96EBB31B7995E2A79F36EB8E275DEE1B312FB94C08AE096DF3 to LEAF %07M6=1121BCC8197FAE4713D40C7EE8EAE46CAD683EC847097E1387625757D9A9
Jan 15, 2015 6:21:35 PM org.ccnx.ccn.impl.sync.SliceComparator doComparison
O MAIS DETALHADO: name X is 0, pos X is 2, name Y is 0, pos Y is 12 comp is 0
Jan 15, 2015 6:21:35 PM org.ccnx.ccn.impl.sync.SliceComparator doComparison
O MAIS DETALHADO: name X (expanded) is /ccnx.org/test/SyncTestRepo-15-01-15-18.20.23/ccnSyncTest/slice10/round22/randomFile/=FD054B82F5ED0E/=00/y%B7o=E1FE885DC462C96E59D02F922A9D0639E4FCB2982B9CBB5A9E266EC3FF, name Y (expanded) is /ccnx.org/test/SyncTestRepo-15-01-15-18.20.23/ccnSyncTest/slice10/round22/randomFile/=FD054B82F5ED0E/=00/y%B7o=E1FE885DC462C96E59D02F922A9D0639E4FCB2982B9CBB5A9E266EC3FF
Jan 15, 2015 6:21:35 PM org.ccnx.ccn.impl.sync.SliceComparator doComparison
O MAIS DETALHADO: Compare LEAF =01A60FBA8EE5DD4C96EBB31B7995E2A79F36EB8E275DEE1B312FB94C08AE096DF3 to LEAF %07M6=1121BCC8197FAE4713D40C7EE8EAE46CAD683EC847097E1387625757D9A9
Jan 15, 2015 6:21:35 PM org.ccnx.ccn.impl.sync.SliceComparator doComparison
O MAIS DETALHADO: name X is 0, pos X is 3, name Y is 0, pos Y is 13 comp is 1
Jan 15, 2015 6:21:35 PM org.ccnx.ccn.impl.sync.SliceComparator doComparison
O MAIS DETALHADO: name X (expanded) is /ccnx.org/test/SyncTestRepo-15-01-15-18.20.23/ccnSyncTest/slice10/randomFile/=FD054B82F53F79/=00/=3CBEB0282FE72CD7F7CF0696455493A1CE4F4E488F469319834E10584FC5C583, name Y (expanded) is /ccnx.org/test/SyncTestRepo-15-01-15-18.20.23/ccnSyncTest/slice10/round22/randomFile/=FD054B82F5ED0E/%C1.META.M/.header/=FD054B82F5ED48/=00/=AF85132C57917D740BDC2F924FE603AE05A674D6BECF07105345134E4164E529
Jan 15, 2015 6:21:35 PM org.ccnx.ccn.profiles.sync.SyncTestRepo doHandleContentName
INFORMAÇÕES: Number 1: Callback for name: /ccnx.org/test/SyncTestRepo-15-01-15-18.20.23/ccnSyncTest/slice10/round22/randomFile/=FD054B82F5ED0E/%C1.META.M/.header/=FD054B82F5ED48/=00 - number is header
Jan 15, 2015 6:21:35 PM org.ccnx.ccn.impl.sync.SliceComparator doComparison
O MAIS DETALHADO: Compare LEAF =01A60FBA8EE5DD4C96EBB31B7995E2A79F36EB8E275DEE1B312FB94C08AE096DF3 to LEAF %07M6=1121BCC8197FAE4713D40C7EE8EAE46CAD683EC847097E1387625757D9A9
Jan 15, 2015 6:21:35 PM org.ccnx.ccn.impl.sync.SliceComparator doComparison
O MAIS DETALHADO: name X is 0, pos X is 3, name Y is 0, pos Y is 14 comp is 0
Jan 15, 2015 6:21:35 PM org.ccnx.ccn.impl.sync.SliceComparator doComparison
O MAIS DETALHADO: name X (expanded) is /ccnx.org/test/SyncTestRepo-15-01-15-18.20.23/ccnSyncTest/slice10/randomFile/=FD054B82F53F79/=00/=3CBEB0282FE72CD7F7CF0696455493A1CE4F4E488F469319834E10584FC5C583, name Y (expanded) is /ccnx.org/test/SyncTestRepo-15-01-15-18.20.23/ccnSyncTest/slice10/randomFile/=FD054B82F53F79/=00/=3CBEB0282FE72CD7F7CF0696455493A1CE4F4E488F469319834E10584FC5C583
Jan 15, 2015 6:21:35 PM org.ccnx.ccn.impl.sync.SliceComparator doComparison
O MAIS DETALHADO: Compare LEAF =01A60FBA8EE5DD4C96EBB31B7995E2A79F36EB8E275DEE1B312FB94C08AE096DF3 to LEAF %07M6=1121BCC8197FAE4713D40C7EE8EAE46CAD683EC847097E1387625757D9A9
Jan 15, 2015 6:21:35 PM org.ccnx.ccn.impl.sync.SliceComparator doComparison
O MAIS DETALHADO: name X is 0, pos X is 4, name Y is 0, pos Y is 15 comp is 0
Jan 15, 2015 6:21:35 PM org.ccnx.ccn.impl.sync.SliceComparator doComparison
O MAIS DETALHADO: name X (expanded) is /ccnx.org/test/SyncTestRepo-15-01-15-18.20.23/ccnSyncTest/slice10/randomFile/=FD054B82F53F79/%C1.META.M/.header/=FD054B82F53FB2/=00/=18F7ABCFFBD0912243186C9F3D6A45A3E28959A7EF8B922DD636A13DE75A55AC, name Y (expanded) is /ccnx.org/test/SyncTestRepo-15-01-15-18.20.23/ccnSyncTest/slice10/randomFile/=FD054B82F53F79/%C1.META.M/.header/=FD054B82F53FB2/=00/=18F7ABCFFBD0912243186C9F3D6A45A3E28959A7EF8B922DD636A13DE75A55AC
Jan 15, 2015 6:21:35 PM org.ccnx.ccn.impl.sync.SliceComparator updateCurrent
O MAIS DETALHADO: Starting update from hash %0Cw%04F=A8C2D80F6F077B601C89672D8A877CD9DF4CECC32441AC1626F9A3B4B2
Jan 15, 2015 6:21:35 PM org.ccnx.ccn.impl.sync.SliceComparator updateCurrent
O MAIS DETALHADO: Update compare - moving to: =05D95348B35DA1736365107BDACCCE484DA8B6A14DCCF3832B16DDA212E3B0C032
Jan 15, 2015 6:21:35 PM org.ccnx.ccn.impl.sync.SliceComparator updateCurrent
O MAIS DETALHADO: Shortcut in update - popping back to %0Cw%04F=A8C2D80F6F077B601C89672D8A877CD9DF4CECC32441AC1626F9A3B4B2, pos 1
Jan 15, 2015 6:21:35 PM org.ccnx.ccn.impl.sync.SliceComparator updateCurrent
O MAIS DETALHADO: Update compare - moving to: =04F7A143667F594F74B6B7C8C826B63D9DA7DAAA6A220B24C7FB15280B67E9868D
Jan 15, 2015 6:21:35 PM org.ccnx.ccn.impl.sync.SliceComparator updateCurrent
O MAIS DETALHADO: Shortcut in update - popping back to %0Cw%04F=A8C2D80F6F077B601C89672D8A877CD9DF4CECC32441AC1626F9A3B4B2, pos 2
Jan 15, 2015 6:21:35 PM org.ccnx.ccn.impl.sync.SliceComparator updateCurrent
O MAIS DETALHADO: Update compare - moving to: =01A60FBA8EE5DD4C96EBB31B7995E2A79F36EB8E275DEE1B312FB94C08AE096DF3
Jan 15, 2015 6:21:35 PM org.ccnx.ccn.impl.sync.SliceComparator updateCurrent
O MAIS DETALHADO: Update compare: name from tree (expanded) is /ccnx.org/test/SyncTestRepo-15-01-15-18.20.23/ccnSyncTest/slice10/round21/randomFile/=FD054B82F5E41D/=00/%81v=11100BD1950F5228760141B55709E0A91045B40720DAB0782DCC6F0256FF, name  is /ccnx.org/test/SyncTestRepo-15-01-15-18.20.23/ccnSyncTest/slice10/round22/randomFile/=FD054B82F5ED0E/%C1.META.M/.header/=FD054B82F5ED48/=00/=AF85132C57917D740BDC2F924FE603AE05A674D6BECF07105345134E4164E529, comp is -1
Jan 15, 2015 6:21:35 PM org.ccnx.ccn.impl.sync.SliceComparator updateCurrent
O MAIS DETALHADO: Update compare: name from tree (expanded) is /ccnx.org/test/SyncTestRepo-15-01-15-18.20.23/ccnSyncTest/slice10/round21/randomFile/=FD054B82F5E41D/%C1.META.M/.header/=FD054B82F5E48B/=00/U=2BDDA4AFCB9BC8FBD9C3E9013EE52508639C0C2E623CE389011207E17837C6, name  is /ccnx.org/test/SyncTestRepo-15-01-15-18.20.23/ccnSyncTest/slice10/round22/randomFile/=FD054B82F5ED0E/%C1.META.M/.header/=FD054B82F5ED48/=00/=AF85132C57917D740BDC2F924FE603AE05A674D6BECF07105345134E4164E529, comp is -1
Jan 15, 2015 6:21:35 PM org.ccnx.ccn.impl.sync.SliceComparator updateCurrent
O MAIS DETALHADO: Update compare: name from tree (expanded) is /ccnx.org/test/SyncTestRepo-15-01-15-18.20.23/ccnSyncTest/slice10/round22/randomFile/=FD054B82F5ED0E/=00/y%B7o=E1FE885DC462C96E59D02F922A9D0639E4FCB2982B9CBB5A9E266EC3FF, name  is /ccnx.org/test/SyncTestRepo-15-01-15-18.20.23/ccnSyncTest/slice10/round22/randomFile/=FD054B82F5ED0E/%C1.META.M/.header/=FD054B82F5ED48/=00/=AF85132C57917D740BDC2F924FE603AE05A674D6BECF07105345134E4164E529, comp is -1
Jan 15, 2015 6:21:35 PM org.ccnx.ccn.impl.sync.SliceComparator updateCurrent
O MAIS DETALHADO: Update compare: name from tree (expanded) is /ccnx.org/test/SyncTestRepo-15-01-15-18.20.23/ccnSyncTest/slice10/randomFile/=FD054B82F53F79/=00/=3CBEB0282FE72CD7F7CF0696455493A1CE4F4E488F469319834E10584FC5C583, name  is /ccnx.org/test/SyncTestRepo-15-01-15-18.20.23/ccnSyncTest/slice10/round22/randomFile/=FD054B82F5ED0E/%C1.META.M/.header/=FD054B82F5ED48/=00/=AF85132C57917D740BDC2F924FE603AE05A674D6BECF07105345134E4164E529, comp is 1
Jan 15, 2015 6:21:35 PM org.ccnx.ccn.impl.sync.SliceComparator updateCurrent
O MAIS DETALHADO: Update: starting redo of names because of /ccnx.org/test/SyncTestRepo-15-01-15-18.20.23/ccnSyncTest/slice10/round22/randomFile/=FD054B82F5ED0E/%C1.META.M/.header/=FD054B82F5ED48/=00/=AF85132C57917D740BDC2F924FE603AE05A674D6BECF07105345134E4164E529 at /ccnx.org/test/SyncTestRepo-15-01-15-18.20.23/ccnSyncTest/slice10/round21/randomFile/=FD054B82F5E41D/=00/%81v=11100BD1950F5228760141B55709E0A91045B40720DAB0782DCC6F0256FF
Jan 15, 2015 6:21:35 PM org.ccnx.ccn.io.content.SyncNodeComposite decodeLogging
O MAIS DETALHADO: decode node for %02U=94CDBB3D6ECA0AF78F4B0BE5C8AB4D3C9202FE1CBD224182FE5F56EF6E531C depth = 1 refs = 6
Jan 15, 2015 6:21:35 PM org.ccnx.ccn.io.content.SyncNodeComposite decodeLogging
O MAIS DETALHADO: min is 0, max is 0, expanded min is /ccnx.org/test/SyncTestRepo-15-01-15-18.20.23/ccnSyncTest/slice10/round21/randomFile/=FD054B82F5E41D/=00/%81v=11100BD1950F5228760141B55709E0A91045B40720DAB0782DCC6F0256FF, expanded max is /ccnx.org/test/SyncTestRepo-15-01-15-18.20.23/ccnSyncTest/slice10/randomFile/=FD054B82F53F79/%C1.META.M/.header/=FD054B82F53FB2/=00/=18F7ABCFFBD0912243186C9F3D6A45A3E28959A7EF8B922DD636A13DE75A55AC
Jan 15, 2015 6:21:35 PM org.ccnx.ccn.impl.sync.SyncTreeEntry <init>
O MAIS DETALHADO: Found existing node: =0D268959D51A698CE313578FAED94D31388D234EB60BBBCA3494F129753B0899DB
Jan 15, 2015 6:21:35 PM org.ccnx.ccn.io.content.SyncNodeComposite decodeLogging
O MAIS DETALHADO: decode node for =0D268959D51A698CE313578FAED94D31388D234EB60BBBCA3494F129753B0899DB depth = 2 refs = 3
Jan 15, 2015 6:21:35 PM org.ccnx.ccn.io.content.SyncNodeComposite decodeLogging
O MAIS DETALHADO: min is 0, max is 0, expanded min is /ccnx.org/test/SyncTestRepo-15-01-15-18.20.23/ccnSyncTest/slice10/round11/randomFile/=FD054B82F588B4/=00/=862C3C8C527D6B204E7FCD4EAF121546BFBA9E26B978EC9010B0DB73EDD734F0, expanded max is /ccnx.org/test/SyncTestRepo-15-01-15-18.20.23/ccnSyncTest/slice10/randomFile/=FD054B82F53F79/%C1.META.M/.header/=FD054B82F53FB2/=00/=18F7ABCFFBD0912243186C9F3D6A45A3E28959A7EF8B922DD636A13DE75A55AC
Jan 15, 2015 6:21:35 PM org.ccnx.ccn.impl.sync.NodeBuilder createHeadRecursive
O MAIS DETALHADO: Creating new compound node - with first element =05D95348B35DA1736365107BDACCCE484DA8B6A14DCCF3832B16DDA212E3B0C032 and last element %02U=94CDBB3D6ECA0AF78F4B0BE5C8AB4D3C9202FE1CBD224182FE5F56EF6E531C
Jan 15, 2015 6:21:35 PM org.ccnx.ccn.impl.sync.SliceComparator updateCurrent
INFORMAÇÕES: Resetting current to created head: =0D268959D51A698CE313578FAED94D31388D234EB60BBBCA3494F129753B0899DB
Jan 15, 2015 6:21:35 PM org.ccnx.ccn.profiles.sync.SyncTestRepo checkCallbacks
DETALHADO: got segment 0
Jan 15, 2015 6:21:35 PM org.ccnx.ccn.profiles.sync.SyncTestRepo checkCallbacks
DETALHADO: received: [true, false] finished: [true, true]
Jan 15, 2015 6:21:35 PM org.ccnx.ccn.profiles.sync.SyncTestRepo checkCallbacks
DETALHADO: got the header
Jan 15, 2015 6:21:35 PM org.ccnx.ccn.profiles.sync.SyncTestRepo checkCallbacks
DETALHADO: received: [true, true] finished: [true, true]
Jan 15, 2015 6:21:35 PM org.ccnx.ccn.profiles.sync.SyncTestRepo checkCallbacks
DETALHADO: got all the segments!
Jan 15, 2015 6:21:35 PM org.ccnx.ccn.profiles.sync.SyncTestRepo checkCallbacks
DETALHADO: trying to loop again looking for segments
Jan 15, 2015 6:21:35 PM org.ccnx.ccn.profiles.sync.SyncTestRepo checkCallbacks
DETALHADO: done looping, returning.
Jan 15, 2015 6:21:35 PM org.ccnx.ccn.impl.CCNFlowControl <init>
INFORMAÇÕES: adding namespace: /ccnx.org/test/SyncTestRepo-15-01-15-18.20.23/ccnSyncTest/slice10/round23/randomFile
Jan 15, 2015 6:21:35 PM org.ccnx.ccn.impl.security.keys.BasicKeyManager getKeyLocator
INFORMAÇÕES: getKeyLocator: returning locator NAME: /ccnx.org/Users/root/Keys/%C1.M.K=009234ADEC47D19E3E6A2AF362D44E09AB6B71F43B1900BA0622FB45F2A5B7D9F6/=FD054AE7DE1000 KEY:-reba89rgbj1o6ata34t5eovcl4kho5s9pnv8nstq15q1ld4g9ga for key kjSt7EfRnj5qKvNi1E4Jq2tx9DsZALoGIvtF8qW32fY=
Jan 15, 2015 6:21:35 PM org.ccnx.ccn.io.CCNAbstractOutputStream <init>
INFORMAÇÕES: CCNAbstractOutputStream: /ccnx.org/test/SyncTestRepo-15-01-15-18.20.23/ccnSyncTest/slice10/round23/randomFile/=FD054B82F5F639 blocksize is 4096
Jan 15, 2015 6:21:35 PM org.ccnx.ccn.io.CCNAbstractOutputStream startWrite
INFORMAÇÕES: CCNAbstractOutputStream: startWrite -- searching for keys.
Jan 15, 2015 6:21:35 PM org.ccnx.ccn.profiles.security.access.AccessControlManager keysForOutput
INFORMAÇÕES: keysForOutput: found an acm: (null)
Jan 15, 2015 6:21:35 PM org.ccnx.ccn.impl.repo.RepositoryFlowControl startWrite
INFORMAÇÕES: RepositoryFlowControl.startWrite called for name /ccnx.org/test/SyncTestRepo-15-01-15-18.20.23/ccnSyncTest/slice10/round23/randomFile/=FD054B82F5F639, shape STREAM
Jan 15, 2015 6:21:35 PM org.ccnx.ccn.impl.repo.RepositoryFlowControl handleContent
INFORMAÇÕES: handleContent: got potential repo message: /ccnx.org/test/SyncTestRepo-15-01-15-18.20.23/ccnSyncTest/slice10/round23/randomFile/=FD054B82F5F639/%C1.R.sw/%C1.N=001C9DB7C5A7E2E175
Jan 15, 2015 6:21:35 PM org.ccnx.ccn.profiles.sync.SyncTestCommon writeFile
DETALHADO: bytes: 4096 block size: 4096 div: 1.0 ceil: 1
Jan 15, 2015 6:21:35 PM org.ccnx.ccn.profiles.sync.SyncTestCommon writeFile
DETALHADO: will write out a 4096 byte file, will have 2 segments (1 is a header)
Jan 15, 2015 6:21:35 PM org.ccnx.ccn.io.CCNOutputStream flushToNetwork
INFORMAÇÕES: flush: outputting to the segmenter, baseName /ccnx.org/test/SyncTestRepo-15-01-15-18.20.23/ccnSyncTest/slice10/round23/randomFile/=FD054B82F5F639 basenameindex =00; 4096 bytes written, holding back 4096 flushing final blocks? false.
Jan 15, 2015 6:21:35 PM org.ccnx.ccn.io.CCNOutputStream flushToNetwork
INFORMAÇÕES: HEADER: CCNOutputStream: flushToNetwork: new _baseNameIndex 0
Jan 15, 2015 6:21:35 PM org.ccnx.ccn.io.CCNOutputStream flushToNetwork
INFORMAÇÕES: flush: outputting to the segmenter, baseName /ccnx.org/test/SyncTestRepo-15-01-15-18.20.23/ccnSyncTest/slice10/round23/randomFile/=FD054B82F5F639 basenameindex =00; 4096 bytes written, holding back 4096 flushing final blocks? false.
Jan 15, 2015 6:21:35 PM org.ccnx.ccn.io.CCNOutputStream flushToNetwork
INFORMAÇÕES: HEADER: CCNOutputStream: flushToNetwork: new _baseNameIndex 0
Jan 15, 2015 6:21:35 PM org.ccnx.ccn.io.CCNOutputStream flushToNetwork
INFORMAÇÕES: flush: outputting to the segmenter, baseName /ccnx.org/test/SyncTestRepo-15-01-15-18.20.23/ccnSyncTest/slice10/round23/randomFile/=FD054B82F5F639 basenameindex =00; 4096 bytes written, holding back 0 flushing final blocks? true.
Jan 15, 2015 6:21:35 PM org.ccnx.ccn.io.CCNOutputStream flushToNetwork
INFORMAÇÕES: HEADER: CCNOutputStream: flushToNetwork: new _baseNameIndex 1
Jan 15, 2015 6:21:35 PM org.ccnx.ccn.io.CCNAbstractOutputStream <init>
INFORMAÇÕES: CCNAbstractOutputStream: /ccnx.org/test/SyncTestRepo-15-01-15-18.20.23/ccnSyncTest/slice10/round23/randomFile/=FD054B82F5F639/%C1.META.M/.header/=FD054B82F5F67B blocksize is 4096
Jan 15, 2015 6:21:35 PM org.ccnx.ccn.io.CCNAbstractOutputStream startWrite
INFORMAÇÕES: CCNAbstractOutputStream: startWrite -- searching for keys.
Jan 15, 2015 6:21:35 PM org.ccnx.ccn.profiles.security.access.AccessControlManager keysForOutput
INFORMAÇÕES: keysForOutput: found an acm: (null)
Jan 15, 2015 6:21:35 PM org.ccnx.ccn.impl.repo.RepositoryFlowControl startWrite
INFORMAÇÕES: RepositoryFlowControl.startWrite called for name /ccnx.org/test/SyncTestRepo-15-01-15-18.20.23/ccnSyncTest/slice10/round23/randomFile/=FD054B82F5F639/%C1.META.M/.header/=FD054B82F5F67B, shape STREAM
Jan 15, 2015 6:21:35 PM org.ccnx.ccn.impl.repo.RepositoryFlowControl handleContent
INFORMAÇÕES: handleContent: got potential repo message: /ccnx.org/test/SyncTestRepo-15-01-15-18.20.23/ccnSyncTest/slice10/round23/randomFile/=FD054B82F5F639/%C1.META.M/.header/=FD054B82F5F67B/%C1.R.sw/%C1.N=00F9BDB083949BE2FB
Jan 15, 2015 6:21:35 PM org.ccnx.ccn.io.CCNOutputStream flushToNetwork
INFORMAÇÕES: flush: outputting to the segmenter, baseName /ccnx.org/test/SyncTestRepo-15-01-15-18.20.23/ccnSyncTest/slice10/round23/randomFile/=FD054B82F5F639/%C1.META.M/.header/=FD054B82F5F67B basenameindex =00; 66 bytes written, holding back 66 flushing final blocks? false.
Jan 15, 2015 6:21:35 PM org.ccnx.ccn.io.CCNOutputStream flushToNetwork
INFORMAÇÕES: HEADER: CCNOutputStream: flushToNetwork: new _baseNameIndex 0
Jan 15, 2015 6:21:35 PM org.ccnx.ccn.io.CCNOutputStream flushToNetwork
INFORMAÇÕES: flush: outputting to the segmenter, baseName /ccnx.org/test/SyncTestRepo-15-01-15-18.20.23/ccnSyncTest/slice10/round23/randomFile/=FD054B82F5F639/%C1.META.M/.header/=FD054B82F5F67B basenameindex =00; 66 bytes written, holding back 66 flushing final blocks? false.
Jan 15, 2015 6:21:35 PM org.ccnx.ccn.io.CCNOutputStream flushToNetwork
INFORMAÇÕES: HEADER: CCNOutputStream: flushToNetwork: new _baseNameIndex 0
Jan 15, 2015 6:21:35 PM org.ccnx.ccn.io.CCNOutputStream flushToNetwork
INFORMAÇÕES: flush: outputting to the segmenter, baseName /ccnx.org/test/SyncTestRepo-15-01-15-18.20.23/ccnSyncTest/slice10/round23/randomFile/=FD054B82F5F639/%C1.META.M/.header/=FD054B82F5F67B basenameindex =00; 66 bytes written, holding back 0 flushing final blocks? true.
Jan 15, 2015 6:21:35 PM org.ccnx.ccn.io.CCNOutputStream flushToNetwork
INFORMAÇÕES: HEADER: CCNOutputStream: flushToNetwork: new _baseNameIndex 1
Jan 15, 2015 6:21:35 PM org.ccnx.ccn.impl.sync.ProtocolBasedSyncMonitor handleContent
INFORMAÇÕES: Saw new content from sync: /ccnx.org/test/SyncTestRepo-15-01-15-18.20.23/topoPrefix/%C1.S.ra/x%E7U.=86853EF050D99AC7B6E19C29B7AECFA1B2568CAD74E733BCB2443F63/=0D268959D51A698CE313578FAED94D31388D234EB60BBBCA3494F129753B0899DB/=0DB71A98D55053A283022F74B92992BC6F6B0AE0456B351FF5F8BECF3C53BE0E92
Jan 15, 2015 6:21:35 PM org.ccnx.ccn.io.CCNOutputStream close
INFORMAÇÕES: CCNOutputStream close: /ccnx.org/test/SyncTestRepo-15-01-15-18.20.23/ccnSyncTest/slice10/round23/randomFile/=FD054B82F5F639/%C1.META.M/.header/=FD054B82F5F67B
Jan 15, 2015 6:21:35 PM org.ccnx.ccn.io.CCNOutputStream close
INFORMAÇÕES: CCNOutputStream close: /ccnx.org/test/SyncTestRepo-15-01-15-18.20.23/ccnSyncTest/slice10/round23/randomFile/=FD054B82F5F639
Jan 15, 2015 6:21:35 PM org.ccnx.ccn.profiles.sync.SyncTestCommon writeFile
INFORMAÇÕES: Wrote file to repository: /ccnx.org/test/SyncTestRepo-15-01-15-18.20.23/ccnSyncTest/slice10/round23/randomFile/=FD054B82F5F639 with 2 segments
Jan 15, 2015 6:21:35 PM org.ccnx.ccn.profiles.sync.SyncTestRepo checkCallbacks
DETALHADO: checking for callbacks:  /ccnx.org/test/SyncTestRepo-15-01-15-18.20.23/ccnSyncTest/slice10/round23 segments: 2
Jan 15, 2015 6:21:35 PM org.ccnx.ccn.impl.sync.SliceComparator run
DETALHADO: Starting comparator run - state is INIT, sc is org.ccnx.ccn.impl.sync.SliceComparator@ca0898b, this is the lead
Jan 15, 2015 6:21:35 PM org.ccnx.ccn.io.content.SyncNodeComposite decodeLogging
O MAIS DETALHADO: decode node for =0DB71A98D55053A283022F74B92992BC6F6B0AE0456B351FF5F8BECF3C53BE0E92 depth = 2 refs = 2
Jan 15, 2015 6:21:35 PM org.ccnx.ccn.io.content.SyncNodeComposite decodeLogging
O MAIS DETALHADO: min is 0, max is 0, expanded min is /ccnx.org/test/SyncTestRepo-15-01-15-18.20.23/ccnSyncTest/slice10/round11/randomFile/=FD054B82F588B4/=00/=862C3C8C527D6B204E7FCD4EAF121546BFBA9E26B978EC9010B0DB73EDD734F0, expanded max is /ccnx.org/test/SyncTestRepo-15-01-15-18.20.23/ccnSyncTest/slice10/randomFile/=FD054B82F53F79/%C1.META.M/.header/=FD054B82F53FB2/=00/=18F7ABCFFBD0912243186C9F3D6A45A3E28959A7EF8B922DD636A13DE75A55AC
Jan 15, 2015 6:21:35 PM org.ccnx.ccn.impl.sync.SliceComparator run
INFORMAÇÕES: Starting new round with X = =0D268959D51A698CE313578FAED94D31388D234EB60BBBCA3494F129753B0899DB and Y = =0DB71A98D55053A283022F74B92992BC6F6B0AE0456B351FF5F8BECF3C53BE0E92
Jan 15, 2015 6:21:35 PM org.ccnx.ccn.impl.sync.ProtocolBasedSyncMonitor requestNode
DETALHADO: Requesting node for hash: /ccnx.org/test/SyncTestRepo-15-01-15-18.20.23/topoPrefix/%C1.S.nf/x%E7U.=86853EF050D99AC7B6E19C29B7AECFA1B2568CAD74E733BCB2443F63/=07DDC75021F2B22F1F9D1EF8DE5CC47421C2543EF79E419CCAE1E12D29700D4E60
Jan 15, 2015 6:21:35 PM org.ccnx.ccn.impl.sync.SliceComparator doComparison
O MAIS DETALHADO: Skipping covered subentry =05D95348B35DA1736365107BDACCCE484DA8B6A14DCCF3832B16DDA212E3B0C032
Jan 15, 2015 6:21:35 PM org.ccnx.ccn.impl.sync.SliceComparator doComparison
O MAIS DETALHADO: Compare NODE =0D268959D51A698CE313578FAED94D31388D234EB60BBBCA3494F129753B0899DB to NODE =0DB71A98D55053A283022F74B92992BC6F6B0AE0456B351FF5F8BECF3C53BE0E92
Jan 15, 2015 6:21:35 PM org.ccnx.ccn.impl.sync.SliceComparator doComparison
O MAIS DETALHADO: pos X is 0, pos Y is 1
Jan 15, 2015 6:21:35 PM org.ccnx.ccn.impl.sync.SliceComparator.NodeFetchHandler handleContent
DETALHADO: Saw data from nodefind: hash: =07DDC75021F2B22F1F9D1EF8DE5CC47421C2543EF79E419CCAE1E12D29700D4E60
Jan 15, 2015 6:21:35 PM org.ccnx.ccn.io.content.SyncNodeComposite decodeLogging
O MAIS DETALHADO: decode node for =07DDC75021F2B22F1F9D1EF8DE5CC47421C2543EF79E419CCAE1E12D29700D4E60 depth = 1 refs = 17
Jan 15, 2015 6:21:35 PM org.ccnx.ccn.io.content.SyncNodeComposite decodeLogging
O MAIS DETALHADO: min is 0, max is 0, expanded min is /ccnx.org/test/SyncTestRepo-15-01-15-18.20.23/ccnSyncTest/slice10/round16/randomFile/=FD054B82F5B673/=00/pU=A6A22546186B9FAC4EB8A07C1FBB995F82DA30BC632446C0DCD7E521AAF7, expanded max is /ccnx.org/test/SyncTestRepo-15-01-15-18.20.23/ccnSyncTest/slice10/randomFile/=FD054B82F53F79/%C1.META.M/.header/=FD054B82F53FB2/=00/=18F7ABCFFBD0912243186C9F3D6A45A3E28959A7EF8B922DD636A13DE75A55AC
Jan 15, 2015 6:21:35 PM org.ccnx.ccn.impl.sync.SliceComparator doComparison
O MAIS DETALHADO: Pushing X entry =05D95348B35DA1736365107BDACCCE484DA8B6A14DCCF3832B16DDA212E3B0C032 and Y entry =07DDC75021F2B22F1F9D1EF8DE5CC47421C2543EF79E419CCAE1E12D29700D4E60
Jan 15, 2015 6:21:35 PM org.ccnx.ccn.impl.sync.SliceComparator doComparison
O MAIS DETALHADO: Compare LEAF =05D95348B35DA1736365107BDACCCE484DA8B6A14DCCF3832B16DDA212E3B0C032 to LEAF =07DDC75021F2B22F1F9D1EF8DE5CC47421C2543EF79E419CCAE1E12D29700D4E60
Jan 15, 2015 6:21:35 PM org.ccnx.ccn.impl.sync.SliceComparator doComparison
O MAIS DETALHADO: name X is 0, pos X is 0, name Y is 0, pos Y is 0 comp is -1
Jan 15, 2015 6:21:35 PM org.ccnx.ccn.impl.sync.SliceComparator doComparison
O MAIS DETALHADO: name X (expanded) is /ccnx.org/test/SyncTestRepo-15-01-15-18.20.23/ccnSyncTest/slice10/round11/randomFile/=FD054B82F588B4/=00/=862C3C8C527D6B204E7FCD4EAF121546BFBA9E26B978EC9010B0DB73EDD734F0, name Y (expanded) is /ccnx.org/test/SyncTestRepo-15-01-15-18.20.23/ccnSyncTest/slice10/round16/randomFile/=FD054B82F5B673/=00/pU=A6A22546186B9FAC4EB8A07C1FBB995F82DA30BC632446C0DCD7E521AAF7
Jan 15, 2015 6:21:35 PM org.ccnx.ccn.impl.sync.SliceComparator doComparison
O MAIS DETALHADO: Shortcut - popping X back to =0D268959D51A698CE313578FAED94D31388D234EB60BBBCA3494F129753B0899DB, pos 1
Jan 15, 2015 6:21:35 PM org.ccnx.ccn.impl.sync.SliceComparator doComparison
O MAIS DETALHADO: Compare NODE =0D268959D51A698CE313578FAED94D31388D234EB60BBBCA3494F129753B0899DB to LEAF =07DDC75021F2B22F1F9D1EF8DE5CC47421C2543EF79E419CCAE1E12D29700D4E60, resMin is 1, resMax is -1
Jan 15, 2015 6:21:35 PM org.ccnx.ccn.impl.sync.SliceComparator doComparison
O MAIS DETALHADO: minname is 0, maxname is 0, pos X is 1, pos Y is 0
Jan 15, 2015 6:21:35 PM org.ccnx.ccn.impl.sync.SliceComparator doComparison
O MAIS DETALHADO: Compare LEAF =04F7A143667F594F74B6B7C8C826B63D9DA7DAAA6A220B24C7FB15280B67E9868D to LEAF =07DDC75021F2B22F1F9D1EF8DE5CC47421C2543EF79E419CCAE1E12D29700D4E60
Jan 15, 2015 6:21:35 PM org.ccnx.ccn.impl.sync.SliceComparator doComparison
O MAIS DETALHADO: name X is 0, pos X is 0, name Y is 0, pos Y is 0 comp is 0
Jan 15, 2015 6:21:35 PM org.ccnx.ccn.impl.sync.SliceComparator doComparison
O MAIS DETALHADO: name X (expanded) is /ccnx.org/test/SyncTestRepo-15-01-15-18.20.23/ccnSyncTest/slice10/round16/randomFile/=FD054B82F5B673/=00/pU=A6A22546186B9FAC4EB8A07C1FBB995F82DA30BC632446C0DCD7E521AAF7, name Y (expanded) is /ccnx.org/test/SyncTestRepo-15-01-15-18.20.23/ccnSyncTest/slice10/round16/randomFile/=FD054B82F5B673/=00/pU=A6A22546186B9FAC4EB8A07C1FBB995F82DA30BC632446C0DCD7E521AAF7
Jan 15, 2015 6:21:35 PM org.ccnx.ccn.impl.sync.SliceComparator doComparison
O MAIS DETALHADO: Compare LEAF =04F7A143667F594F74B6B7C8C826B63D9DA7DAAA6A220B24C7FB15280B67E9868D to LEAF =07DDC75021F2B22F1F9D1EF8DE5CC47421C2543EF79E419CCAE1E12D29700D4E60
Jan 15, 2015 6:21:35 PM org.ccnx.ccn.impl.sync.SliceComparator doComparison
O MAIS DETALHADO: name X is 0, pos X is 1, name Y is 0, pos Y is 1 comp is 0
Jan 15, 2015 6:21:35 PM org.ccnx.ccn.impl.sync.SliceComparator doComparison
O MAIS DETALHADO: name X (expanded) is /ccnx.org/test/SyncTestRepo-15-01-15-18.20.23/ccnSyncTest/slice10/round16/randomFile/=FD054B82F5B673/%C1.META.M/.header/=FD054B82F5B6B0/=00/=17C2C967425FFDB6EF8C542330DA467562953D126EDAE07B710B380B4D1AC752, name Y (expanded) is /ccnx.org/test/SyncTestRepo-15-01-15-18.20.23/ccnSyncTest/slice10/round16/randomFile/=FD054B82F5B673/%C1.META.M/.header/=FD054B82F5B6B0/=00/=17C2C967425FFDB6EF8C542330DA467562953D126EDAE07B710B380B4D1AC752
Jan 15, 2015 6:21:35 PM org.ccnx.ccn.impl.sync.SliceComparator doComparison
O MAIS DETALHADO: Compare LEAF =04F7A143667F594F74B6B7C8C826B63D9DA7DAAA6A220B24C7FB15280B67E9868D to LEAF =07DDC75021F2B22F1F9D1EF8DE5CC47421C2543EF79E419CCAE1E12D29700D4E60
Jan 15, 2015 6:21:35 PM org.ccnx.ccn.impl.sync.SliceComparator doComparison
O MAIS DETALHADO: name X is 0, pos X is 2, name Y is 0, pos Y is 2 comp is 0
Jan 15, 2015 6:21:35 PM org.ccnx.ccn.impl.sync.SliceComparator doComparison
O MAIS DETALHADO: name X (expanded) is /ccnx.org/test/SyncTestRepo-15-01-15-18.20.23/ccnSyncTest/slice10/round17/randomFile/=FD054B82F5BF96/=00/=E4BD59CD3D2193F901F55648B2921C3A07BF4E0D1E47354154CD91CFAB4A836B, name Y (expanded) is /ccnx.org/test/SyncTestRepo-15-01-15-18.20.23/ccnSyncTest/slice10/round17/randomFile/=FD054B82F5BF96/=00/=E4BD59CD3D2193F901F55648B2921C3A07BF4E0D1E47354154CD91CFAB4A836B
Jan 15, 2015 6:21:35 PM org.ccnx.ccn.impl.sync.SliceComparator doComparison
O MAIS DETALHADO: Compare LEAF =04F7A143667F594F74B6B7C8C826B63D9DA7DAAA6A220B24C7FB15280B67E9868D to LEAF =07DDC75021F2B22F1F9D1EF8DE5CC47421C2543EF79E419CCAE1E12D29700D4E60
Jan 15, 2015 6:21:35 PM org.ccnx.ccn.impl.sync.SliceComparator doComparison
O MAIS DETALHADO: name X is 0, pos X is 3, name Y is 0, pos Y is 3 comp is 0
Jan 15, 2015 6:21:35 PM org.ccnx.ccn.impl.sync.SliceComparator doComparison
O MAIS DETALHADO: name X (expanded) is /ccnx.org/test/SyncTestRepo-15-01-15-18.20.23/ccnSyncTest/slice10/round17/randomFile/=FD054B82F5BF96/%C1.META.M/.header/=FD054B82F5BFCF/=00/=DFDAA5AF0C823AF99D76C85A67EDB528F1EB12E800BF06BB8B2F219AAF1EEAFC, name Y (expanded) is /ccnx.org/test/SyncTestRepo-15-01-15-18.20.23/ccnSyncTest/slice10/round17/randomFile/=FD054B82F5BF96/%C1.META.M/.header/=FD054B82F5BFCF/=00/=DFDAA5AF0C823AF99D76C85A67EDB528F1EB12E800BF06BB8B2F219AAF1EEAFC
Jan 15, 2015 6:21:35 PM org.ccnx.ccn.impl.sync.SliceComparator doComparison
O MAIS DETALHADO: Compare LEAF =04F7A143667F594F74B6B7C8C826B63D9DA7DAAA6A220B24C7FB15280B67E9868D to LEAF =07DDC75021F2B22F1F9D1EF8DE5CC47421C2543EF79E419CCAE1E12D29700D4E60
Jan 15, 2015 6:21:35 PM org.ccnx.ccn.impl.sync.SliceComparator doComparison
O MAIS DETALHADO: name X is 0, pos X is 4, name Y is 0, pos Y is 4 comp is 0
Jan 15, 2015 6:21:35 PM org.ccnx.ccn.impl.sync.SliceComparator doComparison
O MAIS DETALHADO: name X (expanded) is /ccnx.org/test/SyncTestRepo-15-01-15-18.20.23/ccnSyncTest/slice10/round18/randomFile/=FD054B82F5C8BC/=00/=2BFB388768C7032EF8F8F3569B818A10CF99BB73C2192F5E83ED88B5585C6EF3, name Y (expanded) is /ccnx.org/test/SyncTestRepo-15-01-15-18.20.23/ccnSyncTest/slice10/round18/randomFile/=FD054B82F5C8BC/=00/=2BFB388768C7032EF8F8F3569B818A10CF99BB73C2192F5E83ED88B5585C6EF3
Jan 15, 2015 6:21:35 PM org.ccnx.ccn.impl.sync.SliceComparator doComparison
O MAIS DETALHADO: Compare LEAF =04F7A143667F594F74B6B7C8C826B63D9DA7DAAA6A220B24C7FB15280B67E9868D to LEAF =07DDC75021F2B22F1F9D1EF8DE5CC47421C2543EF79E419CCAE1E12D29700D4E60
Jan 15, 2015 6:21:35 PM org.ccnx.ccn.impl.sync.SliceComparator doComparison
O MAIS DETALHADO: name X is 0, pos X is 5, name Y is 0, pos Y is 5 comp is 0
Jan 15, 2015 6:21:35 PM org.ccnx.ccn.impl.sync.SliceComparator doComparison
O MAIS DETALHADO: name X (expanded) is /ccnx.org/test/SyncTestRepo-15-01-15-18.20.23/ccnSyncTest/slice10/round18/randomFile/=FD054B82F5C8BC/%C1.META.M/.header/=FD054B82F5C8FA/=00/=F08DA9402E896ABD8D3BF9F98F382E72D7D7A33E6F4EFA003BBEBCC5837B3AC0, name Y (expanded) is /ccnx.org/test/SyncTestRepo-15-01-15-18.20.23/ccnSyncTest/slice10/round18/randomFile/=FD054B82F5C8BC/%C1.META.M/.header/=FD054B82F5C8FA/=00/=F08DA9402E896ABD8D3BF9F98F382E72D7D7A33E6F4EFA003BBEBCC5837B3AC0
Jan 15, 2015 6:21:35 PM org.ccnx.ccn.impl.sync.SliceComparator doComparison
O MAIS DETALHADO: Compare LEAF =04F7A143667F594F74B6B7C8C826B63D9DA7DAAA6A220B24C7FB15280B67E9868D to LEAF =07DDC75021F2B22F1F9D1EF8DE5CC47421C2543EF79E419CCAE1E12D29700D4E60
Jan 15, 2015 6:21:35 PM org.ccnx.ccn.impl.sync.SliceComparator doComparison
O MAIS DETALHADO: name X is 0, pos X is 6, name Y is 0, pos Y is 6 comp is 0
Jan 15, 2015 6:21:35 PM org.ccnx.ccn.impl.sync.SliceComparator doComparison
O MAIS DETALHADO: name X (expanded) is /ccnx.org/test/SyncTestRepo-15-01-15-18.20.23/ccnSyncTest/slice10/round19/randomFile/=FD054B82F5D1E7/=00/nzg3P=C327F6FF20CFA7F2E409B8852A560054756EA06B6705234B587505, name Y (expanded) is /ccnx.org/test/SyncTestRepo-15-01-15-18.20.23/ccnSyncTest/slice10/round19/randomFile/=FD054B82F5D1E7/=00/nzg3P=C327F6FF20CFA7F2E409B8852A560054756EA06B6705234B587505
Jan 15, 2015 6:21:35 PM org.ccnx.ccn.impl.sync.SliceComparator doComparison
O MAIS DETALHADO: Compare LEAF =04F7A143667F594F74B6B7C8C826B63D9DA7DAAA6A220B24C7FB15280B67E9868D to LEAF =07DDC75021F2B22F1F9D1EF8DE5CC47421C2543EF79E419CCAE1E12D29700D4E60
Jan 15, 2015 6:21:35 PM org.ccnx.ccn.impl.sync.SliceComparator doComparison
O MAIS DETALHADO: name X is 0, pos X is 7, name Y is 0, pos Y is 7 comp is 0
Jan 15, 2015 6:21:35 PM org.ccnx.ccn.impl.sync.SliceComparator doComparison
O MAIS DETALHADO: name X (expanded) is /ccnx.org/test/SyncTestRepo-15-01-15-18.20.23/ccnSyncTest/slice10/round19/randomFile/=FD054B82F5D1E7/%C1.META.M/.header/=FD054B82F5D221/=00/=87D2E4F4A4BD711CF9071FF970C0C90F23151A774D37E44AD42F5682C48A0B66, name Y (expanded) is /ccnx.org/test/SyncTestRepo-15-01-15-18.20.23/ccnSyncTest/slice10/round19/randomFile/=FD054B82F5D1E7/%C1.META.M/.header/=FD054B82F5D221/=00/=87D2E4F4A4BD711CF9071FF970C0C90F23151A774D37E44AD42F5682C48A0B66
Jan 15, 2015 6:21:35 PM org.ccnx.ccn.impl.sync.SliceComparator doComparison
O MAIS DETALHADO: Compare LEAF =04F7A143667F594F74B6B7C8C826B63D9DA7DAAA6A220B24C7FB15280B67E9868D to LEAF =07DDC75021F2B22F1F9D1EF8DE5CC47421C2543EF79E419CCAE1E12D29700D4E60
Jan 15, 2015 6:21:35 PM org.ccnx.ccn.impl.sync.SliceComparator doComparison
O MAIS DETALHADO: name X is 0, pos X is 8, name Y is 0, pos Y is 8 comp is 0
Jan 15, 2015 6:21:35 PM org.ccnx.ccn.impl.sync.SliceComparator doComparison
O MAIS DETALHADO: name X (expanded) is /ccnx.org/test/SyncTestRepo-15-01-15-18.20.23/ccnSyncTest/slice10/round20/randomFile/=FD054B82F5DB06/=00/=94F2D2AAD95E14E9EB32A11ED21A8CA6272D6744E3330853151F7F9F9E019BE5, name Y (expanded) is /ccnx.org/test/SyncTestRepo-15-01-15-18.20.23/ccnSyncTest/slice10/round20/randomFile/=FD054B82F5DB06/=00/=94F2D2AAD95E14E9EB32A11ED21A8CA6272D6744E3330853151F7F9F9E019BE5
Jan 15, 2015 6:21:35 PM org.ccnx.ccn.impl.sync.SliceComparator doComparison
O MAIS DETALHADO: Compare LEAF =04F7A143667F594F74B6B7C8C826B63D9DA7DAAA6A220B24C7FB15280B67E9868D to LEAF =07DDC75021F2B22F1F9D1EF8DE5CC47421C2543EF79E419CCAE1E12D29700D4E60
Jan 15, 2015 6:21:35 PM org.ccnx.ccn.impl.sync.SliceComparator doComparison
O MAIS DETALHADO: name X is 0, pos X is 9, name Y is 0, pos Y is 9 comp is 0
Jan 15, 2015 6:21:35 PM org.ccnx.ccn.impl.sync.SliceComparator doComparison
O MAIS DETALHADO: name X (expanded) is /ccnx.org/test/SyncTestRepo-15-01-15-18.20.23/ccnSyncTest/slice10/round20/randomFile/=FD054B82F5DB06/%C1.META.M/.header/=FD054B82F5DB3F/=00/=0327D34667E04E751E838938DA66EE183B5D5319AD25208E4EEA3EFD5187DFDA, name Y (expanded) is /ccnx.org/test/SyncTestRepo-15-01-15-18.20.23/ccnSyncTest/slice10/round20/randomFile/=FD054B82F5DB06/%C1.META.M/.header/=FD054B82F5DB3F/=00/=0327D34667E04E751E838938DA66EE183B5D5319AD25208E4EEA3EFD5187DFDA
Jan 15, 2015 6:21:35 PM org.ccnx.ccn.impl.sync.SliceComparator doComparison
O MAIS DETALHADO: Compare NODE =0D268959D51A698CE313578FAED94D31388D234EB60BBBCA3494F129753B0899DB to LEAF =07DDC75021F2B22F1F9D1EF8DE5CC47421C2543EF79E419CCAE1E12D29700D4E60, resMin is 1, resMax is -1
Jan 15, 2015 6:21:35 PM org.ccnx.ccn.impl.sync.SliceComparator doComparison
O MAIS DETALHADO: minname is 0, maxname is 0, pos X is 2, pos Y is 10
Jan 15, 2015 6:21:35 PM org.ccnx.ccn.impl.sync.SliceComparator doComparison
O MAIS DETALHADO: Compare LEAF %02U=94CDBB3D6ECA0AF78F4B0BE5C8AB4D3C9202FE1CBD224182FE5F56EF6E531C to LEAF =07DDC75021F2B22F1F9D1EF8DE5CC47421C2543EF79E419CCAE1E12D29700D4E60
Jan 15, 2015 6:21:35 PM org.ccnx.ccn.impl.sync.SliceComparator doComparison
O MAIS DETALHADO: name X is 0, pos X is 0, name Y is 0, pos Y is 10 comp is 0
Jan 15, 2015 6:21:35 PM org.ccnx.ccn.impl.sync.SliceComparator doComparison
O MAIS DETALHADO: name X (expanded) is /ccnx.org/test/SyncTestRepo-15-01-15-18.20.23/ccnSyncTest/slice10/round21/randomFile/=FD054B82F5E41D/=00/%81v=11100BD1950F5228760141B55709E0A91045B40720DAB0782DCC6F0256FF, name Y (expanded) is /ccnx.org/test/SyncTestRepo-15-01-15-18.20.23/ccnSyncTest/slice10/round21/randomFile/=FD054B82F5E41D/=00/%81v=11100BD1950F5228760141B55709E0A91045B40720DAB0782DCC6F0256FF
Jan 15, 2015 6:21:35 PM org.ccnx.ccn.impl.sync.SliceComparator doComparison
O MAIS DETALHADO: Compare LEAF %02U=94CDBB3D6ECA0AF78F4B0BE5C8AB4D3C9202FE1CBD224182FE5F56EF6E531C to LEAF =07DDC75021F2B22F1F9D1EF8DE5CC47421C2543EF79E419CCAE1E12D29700D4E60
Jan 15, 2015 6:21:35 PM org.ccnx.ccn.impl.sync.SliceComparator doComparison
O MAIS DETALHADO: name X is 0, pos X is 1, name Y is 0, pos Y is 11 comp is 0
Jan 15, 2015 6:21:35 PM org.ccnx.ccn.impl.sync.SliceComparator doComparison
O MAIS DETALHADO: name X (expanded) is /ccnx.org/test/SyncTestRepo-15-01-15-18.20.23/ccnSyncTest/slice10/round21/randomFile/=FD054B82F5E41D/%C1.META.M/.header/=FD054B82F5E48B/=00/U=2BDDA4AFCB9BC8FBD9C3E9013EE52508639C0C2E623CE389011207E17837C6, name Y (expanded) is /ccnx.org/test/SyncTestRepo-15-01-15-18.20.23/ccnSyncTest/slice10/round21/randomFile/=FD054B82F5E41D/%C1.META.M/.header/=FD054B82F5E48B/=00/U=2BDDA4AFCB9BC8FBD9C3E9013EE52508639C0C2E623CE389011207E17837C6
Jan 15, 2015 6:21:35 PM org.ccnx.ccn.impl.sync.SliceComparator doComparison
O MAIS DETALHADO: Compare LEAF %02U=94CDBB3D6ECA0AF78F4B0BE5C8AB4D3C9202FE1CBD224182FE5F56EF6E531C to LEAF =07DDC75021F2B22F1F9D1EF8DE5CC47421C2543EF79E419CCAE1E12D29700D4E60
Jan 15, 2015 6:21:35 PM org.ccnx.ccn.impl.sync.SliceComparator doComparison
O MAIS DETALHADO: name X is 0, pos X is 2, name Y is 0, pos Y is 12 comp is 0
Jan 15, 2015 6:21:35 PM org.ccnx.ccn.impl.sync.SliceComparator doComparison
O MAIS DETALHADO: name X (expanded) is /ccnx.org/test/SyncTestRepo-15-01-15-18.20.23/ccnSyncTest/slice10/round22/randomFile/=FD054B82F5ED0E/=00/y%B7o=E1FE885DC462C96E59D02F922A9D0639E4FCB2982B9CBB5A9E266EC3FF, name Y (expanded) is /ccnx.org/test/SyncTestRepo-15-01-15-18.20.23/ccnSyncTest/slice10/round22/randomFile/=FD054B82F5ED0E/=00/y%B7o=E1FE885DC462C96E59D02F922A9D0639E4FCB2982B9CBB5A9E266EC3FF
Jan 15, 2015 6:21:35 PM org.ccnx.ccn.impl.sync.SliceComparator doComparison
O MAIS DETALHADO: Compare LEAF %02U=94CDBB3D6ECA0AF78F4B0BE5C8AB4D3C9202FE1CBD224182FE5F56EF6E531C to LEAF =07DDC75021F2B22F1F9D1EF8DE5CC47421C2543EF79E419CCAE1E12D29700D4E60
Jan 15, 2015 6:21:35 PM org.ccnx.ccn.impl.sync.SliceComparator doComparison
O MAIS DETALHADO: name X is 0, pos X is 3, name Y is 0, pos Y is 13 comp is 0
Jan 15, 2015 6:21:35 PM org.ccnx.ccn.impl.sync.SliceComparator doComparison
O MAIS DETALHADO: name X (expanded) is /ccnx.org/test/SyncTestRepo-15-01-15-18.20.23/ccnSyncTest/slice10/round22/randomFile/=FD054B82F5ED0E/%C1.META.M/.header/=FD054B82F5ED48/=00/=AF85132C57917D740BDC2F924FE603AE05A674D6BECF07105345134E4164E529, name Y (expanded) is /ccnx.org/test/SyncTestRepo-15-01-15-18.20.23/ccnSyncTest/slice10/round22/randomFile/=FD054B82F5ED0E/%C1.META.M/.header/=FD054B82F5ED48/=00/=AF85132C57917D740BDC2F924FE603AE05A674D6BECF07105345134E4164E529
Jan 15, 2015 6:21:35 PM org.ccnx.ccn.impl.sync.SliceComparator doComparison
O MAIS DETALHADO: Compare LEAF %02U=94CDBB3D6ECA0AF78F4B0BE5C8AB4D3C9202FE1CBD224182FE5F56EF6E531C to LEAF =07DDC75021F2B22F1F9D1EF8DE5CC47421C2543EF79E419CCAE1E12D29700D4E60
Jan 15, 2015 6:21:35 PM org.ccnx.ccn.impl.sync.SliceComparator doComparison
O MAIS DETALHADO: name X is 0, pos X is 4, name Y is 0, pos Y is 14 comp is 1
Jan 15, 2015 6:21:35 PM org.ccnx.ccn.impl.sync.SliceComparator doComparison
O MAIS DETALHADO: name X (expanded) is /ccnx.org/test/SyncTestRepo-15-01-15-18.20.23/ccnSyncTest/slice10/randomFile/=FD054B82F53F79/=00/=3CBEB0282FE72CD7F7CF0696455493A1CE4F4E488F469319834E10584FC5C583, name Y (expanded) is /ccnx.org/test/SyncTestRepo-15-01-15-18.20.23/ccnSyncTest/slice10/round23/randomFile/=FD054B82F5F639/=00/=90913F0035EA159FEED7E50A50458B36DDE7918F5F7955C163CDA5C718B574B7
Jan 15, 2015 6:21:35 PM org.ccnx.ccn.profiles.sync.SyncTestRepo doHandleContentName
INFORMAÇÕES: Number 1: Callback for name: /ccnx.org/test/SyncTestRepo-15-01-15-18.20.23/ccnSyncTest/slice10/round23/randomFile/=FD054B82F5F639/=00 - number is 0
Jan 15, 2015 6:21:35 PM org.ccnx.ccn.impl.sync.SliceComparator doComparison
O MAIS DETALHADO: Compare LEAF %02U=94CDBB3D6ECA0AF78F4B0BE5C8AB4D3C9202FE1CBD224182FE5F56EF6E531C to LEAF =07DDC75021F2B22F1F9D1EF8DE5CC47421C2543EF79E419CCAE1E12D29700D4E60
Jan 15, 2015 6:21:35 PM org.ccnx.ccn.impl.sync.SliceComparator doComparison
O MAIS DETALHADO: name X is 0, pos X is 4, name Y is 0, pos Y is 15 comp is 0
Jan 15, 2015 6:21:35 PM org.ccnx.ccn.impl.sync.SliceComparator doComparison
O MAIS DETALHADO: name X (expanded) is /ccnx.org/test/SyncTestRepo-15-01-15-18.20.23/ccnSyncTest/slice10/randomFile/=FD054B82F53F79/=00/=3CBEB0282FE72CD7F7CF0696455493A1CE4F4E488F469319834E10584FC5C583, name Y (expanded) is /ccnx.org/test/SyncTestRepo-15-01-15-18.20.23/ccnSyncTest/slice10/randomFile/=FD054B82F53F79/=00/=3CBEB0282FE72CD7F7CF0696455493A1CE4F4E488F469319834E10584FC5C583
Jan 15, 2015 6:21:35 PM org.ccnx.ccn.impl.sync.SliceComparator doComparison
O MAIS DETALHADO: Compare LEAF %02U=94CDBB3D6ECA0AF78F4B0BE5C8AB4D3C9202FE1CBD224182FE5F56EF6E531C to LEAF =07DDC75021F2B22F1F9D1EF8DE5CC47421C2543EF79E419CCAE1E12D29700D4E60
Jan 15, 2015 6:21:35 PM org.ccnx.ccn.impl.sync.SliceComparator doComparison
O MAIS DETALHADO: name X is 0, pos X is 5, name Y is 0, pos Y is 16 comp is 0
Jan 15, 2015 6:21:35 PM org.ccnx.ccn.impl.sync.SliceComparator doComparison
O MAIS DETALHADO: name X (expanded) is /ccnx.org/test/SyncTestRepo-15-01-15-18.20.23/ccnSyncTest/slice10/randomFile/=FD054B82F53F79/%C1.META.M/.header/=FD054B82F53FB2/=00/=18F7ABCFFBD0912243186C9F3D6A45A3E28959A7EF8B922DD636A13DE75A55AC, name Y (expanded) is /ccnx.org/test/SyncTestRepo-15-01-15-18.20.23/ccnSyncTest/slice10/randomFile/=FD054B82F53F79/%C1.META.M/.header/=FD054B82F53FB2/=00/=18F7ABCFFBD0912243186C9F3D6A45A3E28959A7EF8B922DD636A13DE75A55AC
Jan 15, 2015 6:21:35 PM org.ccnx.ccn.impl.sync.SliceComparator updateCurrent
O MAIS DETALHADO: Starting update from hash =0D268959D51A698CE313578FAED94D31388D234EB60BBBCA3494F129753B0899DB
Jan 15, 2015 6:21:35 PM org.ccnx.ccn.impl.sync.SliceComparator updateCurrent
O MAIS DETALHADO: Update compare - moving to: =05D95348B35DA1736365107BDACCCE484DA8B6A14DCCF3832B16DDA212E3B0C032
Jan 15, 2015 6:21:35 PM org.ccnx.ccn.impl.sync.SliceComparator updateCurrent
O MAIS DETALHADO: Shortcut in update - popping back to =0D268959D51A698CE313578FAED94D31388D234EB60BBBCA3494F129753B0899DB, pos 1
Jan 15, 2015 6:21:35 PM org.ccnx.ccn.impl.sync.SliceComparator updateCurrent
O MAIS DETALHADO: Update compare - moving to: =04F7A143667F594F74B6B7C8C826B63D9DA7DAAA6A220B24C7FB15280B67E9868D
Jan 15, 2015 6:21:35 PM org.ccnx.ccn.impl.sync.SliceComparator updateCurrent
O MAIS DETALHADO: Shortcut in update - popping back to =0D268959D51A698CE313578FAED94D31388D234EB60BBBCA3494F129753B0899DB, pos 2
Jan 15, 2015 6:21:35 PM org.ccnx.ccn.impl.sync.SliceComparator updateCurrent
O MAIS DETALHADO: Update compare - moving to: %02U=94CDBB3D6ECA0AF78F4B0BE5C8AB4D3C9202FE1CBD224182FE5F56EF6E531C
Jan 15, 2015 6:21:35 PM org.ccnx.ccn.impl.sync.SliceComparator updateCurrent
O MAIS DETALHADO: Update compare: name from tree (expanded) is /ccnx.org/test/SyncTestRepo-15-01-15-18.20.23/ccnSyncTest/slice10/round21/randomFile/=FD054B82F5E41D/=00/%81v=11100BD1950F5228760141B55709E0A91045B40720DAB0782DCC6F0256FF, name  is /ccnx.org/test/SyncTestRepo-15-01-15-18.20.23/ccnSyncTest/slice10/round23/randomFile/=FD054B82F5F639/=00/=90913F0035EA159FEED7E50A50458B36DDE7918F5F7955C163CDA5C718B574B7, comp is -1
Jan 15, 2015 6:21:35 PM org.ccnx.ccn.impl.sync.SliceComparator updateCurrent
O MAIS DETALHADO: Update compare: name from tree (expanded) is /ccnx.org/test/SyncTestRepo-15-01-15-18.20.23/ccnSyncTest/slice10/round21/randomFile/=FD054B82F5E41D/%C1.META.M/.header/=FD054B82F5E48B/=00/U=2BDDA4AFCB9BC8FBD9C3E9013EE52508639C0C2E623CE389011207E17837C6, name  is /ccnx.org/test/SyncTestRepo-15-01-15-18.20.23/ccnSyncTest/slice10/round23/randomFile/=FD054B82F5F639/=00/=90913F0035EA159FEED7E50A50458B36DDE7918F5F7955C163CDA5C718B574B7, comp is -1
Jan 15, 2015 6:21:35 PM org.ccnx.ccn.impl.sync.SliceComparator updateCurrent
O MAIS DETALHADO: Update compare: name from tree (expanded) is /ccnx.org/test/SyncTestRepo-15-01-15-18.20.23/ccnSyncTest/slice10/round22/randomFile/=FD054B82F5ED0E/=00/y%B7o=E1FE885DC462C96E59D02F922A9D0639E4FCB2982B9CBB5A9E266EC3FF, name  is /ccnx.org/test/SyncTestRepo-15-01-15-18.20.23/ccnSyncTest/slice10/round23/randomFile/=FD054B82F5F639/=00/=90913F0035EA159FEED7E50A50458B36DDE7918F5F7955C163CDA5C718B574B7, comp is -1
Jan 15, 2015 6:21:35 PM org.ccnx.ccn.impl.sync.SliceComparator updateCurrent
O MAIS DETALHADO: Update compare: name from tree (expanded) is /ccnx.org/test/SyncTestRepo-15-01-15-18.20.23/ccnSyncTest/slice10/round22/randomFile/=FD054B82F5ED0E/%C1.META.M/.header/=FD054B82F5ED48/=00/=AF85132C57917D740BDC2F924FE603AE05A674D6BECF07105345134E4164E529, name  is /ccnx.org/test/SyncTestRepo-15-01-15-18.20.23/ccnSyncTest/slice10/round23/randomFile/=FD054B82F5F639/=00/=90913F0035EA159FEED7E50A50458B36DDE7918F5F7955C163CDA5C718B574B7, comp is -1
Jan 15, 2015 6:21:35 PM org.ccnx.ccn.impl.sync.SliceComparator updateCurrent
O MAIS DETALHADO: Update compare: name from tree (expanded) is /ccnx.org/test/SyncTestRepo-15-01-15-18.20.23/ccnSyncTest/slice10/randomFile/=FD054B82F53F79/=00/=3CBEB0282FE72CD7F7CF0696455493A1CE4F4E488F469319834E10584FC5C583, name  is /ccnx.org/test/SyncTestRepo-15-01-15-18.20.23/ccnSyncTest/slice10/round23/randomFile/=FD054B82F5F639/=00/=90913F0035EA159FEED7E50A50458B36DDE7918F5F7955C163CDA5C718B574B7, comp is 1
Jan 15, 2015 6:21:35 PM org.ccnx.ccn.impl.sync.SliceComparator updateCurrent
O MAIS DETALHADO: Update: starting redo of names because of /ccnx.org/test/SyncTestRepo-15-01-15-18.20.23/ccnSyncTest/slice10/round23/randomFile/=FD054B82F5F639/=00/=90913F0035EA159FEED7E50A50458B36DDE7918F5F7955C163CDA5C718B574B7 at /ccnx.org/test/SyncTestRepo-15-01-15-18.20.23/ccnSyncTest/slice10/round21/randomFile/=FD054B82F5E41D/=00/%81v=11100BD1950F5228760141B55709E0A91045B40720DAB0782DCC6F0256FF
Jan 15, 2015 6:21:35 PM org.ccnx.ccn.io.content.SyncNodeComposite decodeLogging
O MAIS DETALHADO: decode node for =02E6260CBB7358DFAAE6673016360E36841A79948D7C367802E6CC051E0823C7D3 depth = 1 refs = 7
Jan 15, 2015 6:21:35 PM org.ccnx.ccn.io.content.SyncNodeComposite decodeLogging
O MAIS DETALHADO: min is 0, max is 0, expanded min is /ccnx.org/test/SyncTestRepo-15-01-15-18.20.23/ccnSyncTest/slice10/round21/randomFile/=FD054B82F5E41D/=00/%81v=11100BD1950F5228760141B55709E0A91045B40720DAB0782DCC6F0256FF, expanded max is /ccnx.org/test/SyncTestRepo-15-01-15-18.20.23/ccnSyncTest/slice10/randomFile/=FD054B82F53F79/%C1.META.M/.header/=FD054B82F53FB2/=00/=18F7ABCFFBD0912243186C9F3D6A45A3E28959A7EF8B922DD636A13DE75A55AC
Jan 15, 2015 6:21:35 PM org.ccnx.ccn.impl.sync.SyncTreeEntry <init>
O MAIS DETALHADO: Found existing node: =0DB71A98D55053A283022F74B92992BC6F6B0AE0456B351FF5F8BECF3C53BE0E92
Jan 15, 2015 6:21:35 PM org.ccnx.ccn.io.content.SyncNodeComposite decodeLogging
O MAIS DETALHADO: decode node for =0DB71A98D55053A283022F74B92992BC6F6B0AE0456B351FF5F8BECF3C53BE0E92 depth = 2 refs = 3
Jan 15, 2015 6:21:35 PM org.ccnx.ccn.io.content.SyncNodeComposite decodeLogging
O MAIS DETALHADO: min is 0, max is 0, expanded min is /ccnx.org/test/SyncTestRepo-15-01-15-18.20.23/ccnSyncTest/slice10/round11/randomFile/=FD054B82F588B4/=00/=862C3C8C527D6B204E7FCD4EAF121546BFBA9E26B978EC9010B0DB73EDD734F0, expanded max is /ccnx.org/test/SyncTestRepo-15-01-15-18.20.23/ccnSyncTest/slice10/randomFile/=FD054B82F53F79/%C1.META.M/.header/=FD054B82F53FB2/=00/=18F7ABCFFBD0912243186C9F3D6A45A3E28959A7EF8B922DD636A13DE75A55AC
Jan 15, 2015 6:21:35 PM org.ccnx.ccn.impl.sync.NodeBuilder createHeadRecursive
O MAIS DETALHADO: Creating new compound node - with first element =05D95348B35DA1736365107BDACCCE484DA8B6A14DCCF3832B16DDA212E3B0C032 and last element =02E6260CBB7358DFAAE6673016360E36841A79948D7C367802E6CC051E0823C7D3
Jan 15, 2015 6:21:35 PM org.ccnx.ccn.impl.sync.SliceComparator updateCurrent
INFORMAÇÕES: Resetting current to created head: =0DB71A98D55053A283022F74B92992BC6F6B0AE0456B351FF5F8BECF3C53BE0E92
Jan 15, 2015 6:21:35 PM org.ccnx.ccn.impl.sync.ProtocolBasedSyncMonitor handleContent
INFORMAÇÕES: Saw new content from sync: /ccnx.org/test/SyncTestRepo-15-01-15-18.20.23/topoPrefix/%C1.S.ra/x%E7U.=86853EF050D99AC7B6E19C29B7AECFA1B2568CAD74E733BCB2443F63/=0DB71A98D55053A283022F74B92992BC6F6B0AE0456B351FF5F8BECF3C53BE0E92/=0DE93C8117333D78BD02199C9284FD6C4194122DDEDDD957318934FF5B29180856
Jan 15, 2015 6:21:35 PM org.ccnx.ccn.impl.sync.SliceComparator run
DETALHADO: Starting comparator run - state is INIT, sc is org.ccnx.ccn.impl.sync.SliceComparator@ca0898b, this is the lead
Jan 15, 2015 6:21:35 PM org.ccnx.ccn.io.content.SyncNodeComposite decodeLogging
O MAIS DETALHADO: decode node for =0DE93C8117333D78BD02199C9284FD6C4194122DDEDDD957318934FF5B29180856 depth = 2 refs = 2
Jan 15, 2015 6:21:35 PM org.ccnx.ccn.io.content.SyncNodeComposite decodeLogging
O MAIS DETALHADO: min is 0, max is 0, expanded min is /ccnx.org/test/SyncTestRepo-15-01-15-18.20.23/ccnSyncTest/slice10/round11/randomFile/=FD054B82F588B4/=00/=862C3C8C527D6B204E7FCD4EAF121546BFBA9E26B978EC9010B0DB73EDD734F0, expanded max is /ccnx.org/test/SyncTestRepo-15-01-15-18.20.23/ccnSyncTest/slice10/randomFile/=FD054B82F53F79/%C1.META.M/.header/=FD054B82F53FB2/=00/=18F7ABCFFBD0912243186C9F3D6A45A3E28959A7EF8B922DD636A13DE75A55AC
Jan 15, 2015 6:21:35 PM org.ccnx.ccn.impl.sync.SliceComparator run
INFORMAÇÕES: Starting new round with X = =0DB71A98D55053A283022F74B92992BC6F6B0AE0456B351FF5F8BECF3C53BE0E92 and Y = =0DE93C8117333D78BD02199C9284FD6C4194122DDEDDD957318934FF5B29180856
Jan 15, 2015 6:21:35 PM org.ccnx.ccn.impl.sync.ProtocolBasedSyncMonitor requestNode
DETALHADO: Requesting node for hash: /ccnx.org/test/SyncTestRepo-15-01-15-18.20.23/topoPrefix/%C1.S.nf/x%E7U.=86853EF050D99AC7B6E19C29B7AECFA1B2568CAD74E733BCB2443F63/=080FE93863D59C05599D0920B7B82F23F3EB5B8C9110E5D40672575D4845674824
Jan 15, 2015 6:21:35 PM org.ccnx.ccn.impl.sync.SliceComparator doComparison
O MAIS DETALHADO: Skipping covered subentry =05D95348B35DA1736365107BDACCCE484DA8B6A14DCCF3832B16DDA212E3B0C032
Jan 15, 2015 6:21:35 PM org.ccnx.ccn.impl.sync.SliceComparator doComparison
O MAIS DETALHADO: Compare NODE =0DB71A98D55053A283022F74B92992BC6F6B0AE0456B351FF5F8BECF3C53BE0E92 to NODE =0DE93C8117333D78BD02199C9284FD6C4194122DDEDDD957318934FF5B29180856
Jan 15, 2015 6:21:35 PM org.ccnx.ccn.impl.sync.SliceComparator doComparison
O MAIS DETALHADO: pos X is 0, pos Y is 1
Jan 15, 2015 6:21:35 PM org.ccnx.ccn.impl.sync.SliceComparator.NodeFetchHandler handleContent
DETALHADO: Saw data from nodefind: hash: =080FE93863D59C05599D0920B7B82F23F3EB5B8C9110E5D40672575D4845674824
Jan 15, 2015 6:21:35 PM org.ccnx.ccn.io.content.SyncNodeComposite decodeLogging
O MAIS DETALHADO: decode node for =080FE93863D59C05599D0920B7B82F23F3EB5B8C9110E5D40672575D4845674824 depth = 1 refs = 18
Jan 15, 2015 6:21:35 PM org.ccnx.ccn.io.content.SyncNodeComposite decodeLogging
O MAIS DETALHADO: min is 0, max is 0, expanded min is /ccnx.org/test/SyncTestRepo-15-01-15-18.20.23/ccnSyncTest/slice10/round16/randomFile/=FD054B82F5B673/=00/pU=A6A22546186B9FAC4EB8A07C1FBB995F82DA30BC632446C0DCD7E521AAF7, expanded max is /ccnx.org/test/SyncTestRepo-15-01-15-18.20.23/ccnSyncTest/slice10/randomFile/=FD054B82F53F79/%C1.META.M/.header/=FD054B82F53FB2/=00/=18F7ABCFFBD0912243186C9F3D6A45A3E28959A7EF8B922DD636A13DE75A55AC
Jan 15, 2015 6:21:35 PM org.ccnx.ccn.impl.sync.SliceComparator doComparison
O MAIS DETALHADO: Pushing X entry =05D95348B35DA1736365107BDACCCE484DA8B6A14DCCF3832B16DDA212E3B0C032 and Y entry =080FE93863D59C05599D0920B7B82F23F3EB5B8C9110E5D40672575D4845674824
Jan 15, 2015 6:21:35 PM org.ccnx.ccn.impl.sync.SliceComparator doComparison
O MAIS DETALHADO: Compare LEAF =05D95348B35DA1736365107BDACCCE484DA8B6A14DCCF3832B16DDA212E3B0C032 to LEAF =080FE93863D59C05599D0920B7B82F23F3EB5B8C9110E5D40672575D4845674824
Jan 15, 2015 6:21:35 PM org.ccnx.ccn.impl.sync.SliceComparator doComparison
O MAIS DETALHADO: name X is 0, pos X is 0, name Y is 0, pos Y is 0 comp is -1
Jan 15, 2015 6:21:35 PM org.ccnx.ccn.impl.sync.SliceComparator doComparison
O MAIS DETALHADO: name X (expanded) is /ccnx.org/test/SyncTestRepo-15-01-15-18.20.23/ccnSyncTest/slice10/round11/randomFile/=FD054B82F588B4/=00/=862C3C8C527D6B204E7FCD4EAF121546BFBA9E26B978EC9010B0DB73EDD734F0, name Y (expanded) is /ccnx.org/test/SyncTestRepo-15-01-15-18.20.23/ccnSyncTest/slice10/round16/randomFile/=FD054B82F5B673/=00/pU=A6A22546186B9FAC4EB8A07C1FBB995F82DA30BC632446C0DCD7E521AAF7
Jan 15, 2015 6:21:35 PM org.ccnx.ccn.impl.sync.SliceComparator doComparison
O MAIS DETALHADO: Shortcut - popping X back to =0DB71A98D55053A283022F74B92992BC6F6B0AE0456B351FF5F8BECF3C53BE0E92, pos 1
Jan 15, 2015 6:21:35 PM org.ccnx.ccn.impl.sync.SliceComparator doComparison
O MAIS DETALHADO: Compare NODE =0DB71A98D55053A283022F74B92992BC6F6B0AE0456B351FF5F8BECF3C53BE0E92 to LEAF =080FE93863D59C05599D0920B7B82F23F3EB5B8C9110E5D40672575D4845674824, resMin is 1, resMax is -1
Jan 15, 2015 6:21:35 PM org.ccnx.ccn.impl.sync.SliceComparator doComparison
O MAIS DETALHADO: minname is 0, maxname is 0, pos X is 1, pos Y is 0
Jan 15, 2015 6:21:35 PM org.ccnx.ccn.impl.sync.SliceComparator doComparison
O MAIS DETALHADO: Compare LEAF =04F7A143667F594F74B6B7C8C826B63D9DA7DAAA6A220B24C7FB15280B67E9868D to LEAF =080FE93863D59C05599D0920B7B82F23F3EB5B8C9110E5D40672575D4845674824
Jan 15, 2015 6:21:35 PM org.ccnx.ccn.impl.sync.SliceComparator doComparison
O MAIS DETALHADO: name X is 0, pos X is 0, name Y is 0, pos Y is 0 comp is 0
Jan 15, 2015 6:21:35 PM org.ccnx.ccn.impl.sync.SliceComparator doComparison
O MAIS DETALHADO: name X (expanded) is /ccnx.org/test/SyncTestRepo-15-01-15-18.20.23/ccnSyncTest/slice10/round16/randomFile/=FD054B82F5B673/=00/pU=A6A22546186B9FAC4EB8A07C1FBB995F82DA30BC632446C0DCD7E521AAF7, name Y (expanded) is /ccnx.org/test/SyncTestRepo-15-01-15-18.20.23/ccnSyncTest/slice10/round16/randomFile/=FD054B82F5B673/=00/pU=A6A22546186B9FAC4EB8A07C1FBB995F82DA30BC632446C0DCD7E521AAF7
Jan 15, 2015 6:21:35 PM org.ccnx.ccn.impl.sync.SliceComparator doComparison
O MAIS DETALHADO: Compare LEAF =04F7A143667F594F74B6B7C8C826B63D9DA7DAAA6A220B24C7FB15280B67E9868D to LEAF =080FE93863D59C05599D0920B7B82F23F3EB5B8C9110E5D40672575D4845674824
Jan 15, 2015 6:21:35 PM org.ccnx.ccn.impl.sync.SliceComparator doComparison
O MAIS DETALHADO: name X is 0, pos X is 1, name Y is 0, pos Y is 1 comp is 0
Jan 15, 2015 6:21:35 PM org.ccnx.ccn.impl.sync.SliceComparator doComparison
O MAIS DETALHADO: name X (expanded) is /ccnx.org/test/SyncTestRepo-15-01-15-18.20.23/ccnSyncTest/slice10/round16/randomFile/=FD054B82F5B673/%C1.META.M/.header/=FD054B82F5B6B0/=00/=17C2C967425FFDB6EF8C542330DA467562953D126EDAE07B710B380B4D1AC752, name Y (expanded) is /ccnx.org/test/SyncTestRepo-15-01-15-18.20.23/ccnSyncTest/slice10/round16/randomFile/=FD054B82F5B673/%C1.META.M/.header/=FD054B82F5B6B0/=00/=17C2C967425FFDB6EF8C542330DA467562953D126EDAE07B710B380B4D1AC752
Jan 15, 2015 6:21:35 PM org.ccnx.ccn.impl.sync.SliceComparator doComparison
O MAIS DETALHADO: Compare LEAF =04F7A143667F594F74B6B7C8C826B63D9DA7DAAA6A220B24C7FB15280B67E9868D to LEAF =080FE93863D59C05599D0920B7B82F23F3EB5B8C9110E5D40672575D4845674824
Jan 15, 2015 6:21:35 PM org.ccnx.ccn.impl.sync.SliceComparator doComparison
O MAIS DETALHADO: name X is 0, pos X is 2, name Y is 0, pos Y is 2 comp is 0
Jan 15, 2015 6:21:35 PM org.ccnx.ccn.impl.sync.SliceComparator doComparison
O MAIS DETALHADO: name X (expanded) is /ccnx.org/test/SyncTestRepo-15-01-15-18.20.23/ccnSyncTest/slice10/round17/randomFile/=FD054B82F5BF96/=00/=E4BD59CD3D2193F901F55648B2921C3A07BF4E0D1E47354154CD91CFAB4A836B, name Y (expanded) is /ccnx.org/test/SyncTestRepo-15-01-15-18.20.23/ccnSyncTest/slice10/round17/randomFile/=FD054B82F5BF96/=00/=E4BD59CD3D2193F901F55648B2921C3A07BF4E0D1E47354154CD91CFAB4A836B
Jan 15, 2015 6:21:35 PM org.ccnx.ccn.impl.sync.SliceComparator doComparison
O MAIS DETALHADO: Compare LEAF =04F7A143667F594F74B6B7C8C826B63D9DA7DAAA6A220B24C7FB15280B67E9868D to LEAF =080FE93863D59C05599D0920B7B82F23F3EB5B8C9110E5D40672575D4845674824
Jan 15, 2015 6:21:35 PM org.ccnx.ccn.impl.sync.SliceComparator doComparison
O MAIS DETALHADO: name X is 0, pos X is 3, name Y is 0, pos Y is 3 comp is 0
Jan 15, 2015 6:21:35 PM org.ccnx.ccn.impl.sync.SliceComparator doComparison
O MAIS DETALHADO: name X (expanded) is /ccnx.org/test/SyncTestRepo-15-01-15-18.20.23/ccnSyncTest/slice10/round17/randomFile/=FD054B82F5BF96/%C1.META.M/.header/=FD054B82F5BFCF/=00/=DFDAA5AF0C823AF99D76C85A67EDB528F1EB12E800BF06BB8B2F219AAF1EEAFC, name Y (expanded) is /ccnx.org/test/SyncTestRepo-15-01-15-18.20.23/ccnSyncTest/slice10/round17/randomFile/=FD054B82F5BF96/%C1.META.M/.header/=FD054B82F5BFCF/=00/=DFDAA5AF0C823AF99D76C85A67EDB528F1EB12E800BF06BB8B2F219AAF1EEAFC
Jan 15, 2015 6:21:35 PM org.ccnx.ccn.impl.sync.SliceComparator doComparison
O MAIS DETALHADO: Compare LEAF =04F7A143667F594F74B6B7C8C826B63D9DA7DAAA6A220B24C7FB15280B67E9868D to LEAF =080FE93863D59C05599D0920B7B82F23F3EB5B8C9110E5D40672575D4845674824
Jan 15, 2015 6:21:35 PM org.ccnx.ccn.impl.sync.SliceComparator doComparison
O MAIS DETALHADO: name X is 0, pos X is 4, name Y is 0, pos Y is 4 comp is 0
Jan 15, 2015 6:21:35 PM org.ccnx.ccn.impl.sync.SliceComparator doComparison
O MAIS DETALHADO: name X (expanded) is /ccnx.org/test/SyncTestRepo-15-01-15-18.20.23/ccnSyncTest/slice10/round18/randomFile/=FD054B82F5C8BC/=00/=2BFB388768C7032EF8F8F3569B818A10CF99BB73C2192F5E83ED88B5585C6EF3, name Y (expanded) is /ccnx.org/test/SyncTestRepo-15-01-15-18.20.23/ccnSyncTest/slice10/round18/randomFile/=FD054B82F5C8BC/=00/=2BFB388768C7032EF8F8F3569B818A10CF99BB73C2192F5E83ED88B5585C6EF3
Jan 15, 2015 6:21:35 PM org.ccnx.ccn.impl.sync.SliceComparator doComparison
O MAIS DETALHADO: Compare LEAF =04F7A143667F594F74B6B7C8C826B63D9DA7DAAA6A220B24C7FB15280B67E9868D to LEAF =080FE93863D59C05599D0920B7B82F23F3EB5B8C9110E5D40672575D4845674824
Jan 15, 2015 6:21:35 PM org.ccnx.ccn.impl.sync.SliceComparator doComparison
O MAIS DETALHADO: name X is 0, pos X is 5, name Y is 0, pos Y is 5 comp is 0
Jan 15, 2015 6:21:35 PM org.ccnx.ccn.impl.sync.SliceComparator doComparison
O MAIS DETALHADO: name X (expanded) is /ccnx.org/test/SyncTestRepo-15-01-15-18.20.23/ccnSyncTest/slice10/round18/randomFile/=FD054B82F5C8BC/%C1.META.M/.header/=FD054B82F5C8FA/=00/=F08DA9402E896ABD8D3BF9F98F382E72D7D7A33E6F4EFA003BBEBCC5837B3AC0, name Y (expanded) is /ccnx.org/test/SyncTestRepo-15-01-15-18.20.23/ccnSyncTest/slice10/round18/randomFile/=FD054B82F5C8BC/%C1.META.M/.header/=FD054B82F5C8FA/=00/=F08DA9402E896ABD8D3BF9F98F382E72D7D7A33E6F4EFA003BBEBCC5837B3AC0
Jan 15, 2015 6:21:35 PM org.ccnx.ccn.impl.sync.SliceComparator doComparison
O MAIS DETALHADO: Compare LEAF =04F7A143667F594F74B6B7C8C826B63D9DA7DAAA6A220B24C7FB15280B67E9868D to LEAF =080FE93863D59C05599D0920B7B82F23F3EB5B8C9110E5D40672575D4845674824
Jan 15, 2015 6:21:35 PM org.ccnx.ccn.impl.sync.SliceComparator doComparison
O MAIS DETALHADO: name X is 0, pos X is 6, name Y is 0, pos Y is 6 comp is 0
Jan 15, 2015 6:21:35 PM org.ccnx.ccn.impl.sync.SliceComparator doComparison
O MAIS DETALHADO: name X (expanded) is /ccnx.org/test/SyncTestRepo-15-01-15-18.20.23/ccnSyncTest/slice10/round19/randomFile/=FD054B82F5D1E7/=00/nzg3P=C327F6FF20CFA7F2E409B8852A560054756EA06B6705234B587505, name Y (expanded) is /ccnx.org/test/SyncTestRepo-15-01-15-18.20.23/ccnSyncTest/slice10/round19/randomFile/=FD054B82F5D1E7/=00/nzg3P=C327F6FF20CFA7F2E409B8852A560054756EA06B6705234B587505
Jan 15, 2015 6:21:35 PM org.ccnx.ccn.impl.sync.SliceComparator doComparison
O MAIS DETALHADO: Compare LEAF =04F7A143667F594F74B6B7C8C826B63D9DA7DAAA6A220B24C7FB15280B67E9868D to LEAF =080FE93863D59C05599D0920B7B82F23F3EB5B8C9110E5D40672575D4845674824
Jan 15, 2015 6:21:35 PM org.ccnx.ccn.impl.sync.SliceComparator doComparison
O MAIS DETALHADO: name X is 0, pos X is 7, name Y is 0, pos Y is 7 comp is 0
Jan 15, 2015 6:21:35 PM org.ccnx.ccn.impl.sync.SliceComparator doComparison
O MAIS DETALHADO: name X (expanded) is /ccnx.org/test/SyncTestRepo-15-01-15-18.20.23/ccnSyncTest/slice10/round19/randomFile/=FD054B82F5D1E7/%C1.META.M/.header/=FD054B82F5D221/=00/=87D2E4F4A4BD711CF9071FF970C0C90F23151A774D37E44AD42F5682C48A0B66, name Y (expanded) is /ccnx.org/test/SyncTestRepo-15-01-15-18.20.23/ccnSyncTest/slice10/round19/randomFile/=FD054B82F5D1E7/%C1.META.M/.header/=FD054B82F5D221/=00/=87D2E4F4A4BD711CF9071FF970C0C90F23151A774D37E44AD42F5682C48A0B66
Jan 15, 2015 6:21:35 PM org.ccnx.ccn.impl.sync.SliceComparator doComparison
O MAIS DETALHADO: Compare LEAF =04F7A143667F594F74B6B7C8C826B63D9DA7DAAA6A220B24C7FB15280B67E9868D to LEAF =080FE93863D59C05599D0920B7B82F23F3EB5B8C9110E5D40672575D4845674824
Jan 15, 2015 6:21:35 PM org.ccnx.ccn.impl.sync.SliceComparator doComparison
O MAIS DETALHADO: name X is 0, pos X is 8, name Y is 0, pos Y is 8 comp is 0
Jan 15, 2015 6:21:35 PM org.ccnx.ccn.impl.sync.SliceComparator doComparison
O MAIS DETALHADO: name X (expanded) is /ccnx.org/test/SyncTestRepo-15-01-15-18.20.23/ccnSyncTest/slice10/round20/randomFile/=FD054B82F5DB06/=00/=94F2D2AAD95E14E9EB32A11ED21A8CA6272D6744E3330853151F7F9F9E019BE5, name Y (expanded) is /ccnx.org/test/SyncTestRepo-15-01-15-18.20.23/ccnSyncTest/slice10/round20/randomFile/=FD054B82F5DB06/=00/=94F2D2AAD95E14E9EB32A11ED21A8CA6272D6744E3330853151F7F9F9E019BE5
Jan 15, 2015 6:21:35 PM org.ccnx.ccn.impl.sync.SliceComparator doComparison
O MAIS DETALHADO: Compare LEAF =04F7A143667F594F74B6B7C8C826B63D9DA7DAAA6A220B24C7FB15280B67E9868D to LEAF =080FE93863D59C05599D0920B7B82F23F3EB5B8C9110E5D40672575D4845674824
Jan 15, 2015 6:21:35 PM org.ccnx.ccn.impl.sync.SliceComparator doComparison
O MAIS DETALHADO: name X is 0, pos X is 9, name Y is 0, pos Y is 9 comp is 0
Jan 15, 2015 6:21:35 PM org.ccnx.ccn.impl.sync.SliceComparator doComparison
O MAIS DETALHADO: name X (expanded) is /ccnx.org/test/SyncTestRepo-15-01-15-18.20.23/ccnSyncTest/slice10/round20/randomFile/=FD054B82F5DB06/%C1.META.M/.header/=FD054B82F5DB3F/=00/=0327D34667E04E751E838938DA66EE183B5D5319AD25208E4EEA3EFD5187DFDA, name Y (expanded) is /ccnx.org/test/SyncTestRepo-15-01-15-18.20.23/ccnSyncTest/slice10/round20/randomFile/=FD054B82F5DB06/%C1.META.M/.header/=FD054B82F5DB3F/=00/=0327D34667E04E751E838938DA66EE183B5D5319AD25208E4EEA3EFD5187DFDA
Jan 15, 2015 6:21:35 PM org.ccnx.ccn.impl.sync.SliceComparator doComparison
O MAIS DETALHADO: Compare NODE =0DB71A98D55053A283022F74B92992BC6F6B0AE0456B351FF5F8BECF3C53BE0E92 to LEAF =080FE93863D59C05599D0920B7B82F23F3EB5B8C9110E5D40672575D4845674824, resMin is 1, resMax is -1
Jan 15, 2015 6:21:35 PM org.ccnx.ccn.impl.sync.SliceComparator doComparison
O MAIS DETALHADO: minname is 0, maxname is 0, pos X is 2, pos Y is 10
Jan 15, 2015 6:21:35 PM org.ccnx.ccn.impl.sync.SliceComparator doComparison
O MAIS DETALHADO: Compare LEAF =02E6260CBB7358DFAAE6673016360E36841A79948D7C367802E6CC051E0823C7D3 to LEAF =080FE93863D59C05599D0920B7B82F23F3EB5B8C9110E5D40672575D4845674824
Jan 15, 2015 6:21:35 PM org.ccnx.ccn.impl.sync.SliceComparator doComparison
O MAIS DETALHADO: name X is 0, pos X is 0, name Y is 0, pos Y is 10 comp is 0
Jan 15, 2015 6:21:35 PM org.ccnx.ccn.impl.sync.SliceComparator doComparison
O MAIS DETALHADO: name X (expanded) is /ccnx.org/test/SyncTestRepo-15-01-15-18.20.23/ccnSyncTest/slice10/round21/randomFile/=FD054B82F5E41D/=00/%81v=11100BD1950F5228760141B55709E0A91045B40720DAB0782DCC6F0256FF, name Y (expanded) is /ccnx.org/test/SyncTestRepo-15-01-15-18.20.23/ccnSyncTest/slice10/round21/randomFile/=FD054B82F5E41D/=00/%81v=11100BD1950F5228760141B55709E0A91045B40720DAB0782DCC6F0256FF
Jan 15, 2015 6:21:35 PM org.ccnx.ccn.impl.sync.SliceComparator doComparison
O MAIS DETALHADO: Compare LEAF =02E6260CBB7358DFAAE6673016360E36841A79948D7C367802E6CC051E0823C7D3 to LEAF =080FE93863D59C05599D0920B7B82F23F3EB5B8C9110E5D40672575D4845674824
Jan 15, 2015 6:21:35 PM org.ccnx.ccn.impl.sync.SliceComparator doComparison
O MAIS DETALHADO: name X is 0, pos X is 1, name Y is 0, pos Y is 11 comp is 0
Jan 15, 2015 6:21:35 PM org.ccnx.ccn.impl.sync.SliceComparator doComparison
O MAIS DETALHADO: name X (expanded) is /ccnx.org/test/SyncTestRepo-15-01-15-18.20.23/ccnSyncTest/slice10/round21/randomFile/=FD054B82F5E41D/%C1.META.M/.header/=FD054B82F5E48B/=00/U=2BDDA4AFCB9BC8FBD9C3E9013EE52508639C0C2E623CE389011207E17837C6, name Y (expanded) is /ccnx.org/test/SyncTestRepo-15-01-15-18.20.23/ccnSyncTest/slice10/round21/randomFile/=FD054B82F5E41D/%C1.META.M/.header/=FD054B82F5E48B/=00/U=2BDDA4AFCB9BC8FBD9C3E9013EE52508639C0C2E623CE389011207E17837C6
Jan 15, 2015 6:21:35 PM org.ccnx.ccn.impl.sync.SliceComparator doComparison
O MAIS DETALHADO: Compare LEAF =02E6260CBB7358DFAAE6673016360E36841A79948D7C367802E6CC051E0823C7D3 to LEAF =080FE93863D59C05599D0920B7B82F23F3EB5B8C9110E5D40672575D4845674824
Jan 15, 2015 6:21:35 PM org.ccnx.ccn.impl.sync.SliceComparator doComparison
O MAIS DETALHADO: name X is 0, pos X is 2, name Y is 0, pos Y is 12 comp is 0
Jan 15, 2015 6:21:35 PM org.ccnx.ccn.impl.sync.SliceComparator doComparison
O MAIS DETALHADO: name X (expanded) is /ccnx.org/test/SyncTestRepo-15-01-15-18.20.23/ccnSyncTest/slice10/round22/randomFile/=FD054B82F5ED0E/=00/y%B7o=E1FE885DC462C96E59D02F922A9D0639E4FCB2982B9CBB5A9E266EC3FF, name Y (expanded) is /ccnx.org/test/SyncTestRepo-15-01-15-18.20.23/ccnSyncTest/slice10/round22/randomFile/=FD054B82F5ED0E/=00/y%B7o=E1FE885DC462C96E59D02F922A9D0639E4FCB2982B9CBB5A9E266EC3FF
Jan 15, 2015 6:21:35 PM org.ccnx.ccn.impl.sync.SliceComparator doComparison
O MAIS DETALHADO: Compare LEAF =02E6260CBB7358DFAAE6673016360E36841A79948D7C367802E6CC051E0823C7D3 to LEAF =080FE93863D59C05599D0920B7B82F23F3EB5B8C9110E5D40672575D4845674824
Jan 15, 2015 6:21:35 PM org.ccnx.ccn.impl.sync.SliceComparator doComparison
O MAIS DETALHADO: name X is 0, pos X is 3, name Y is 0, pos Y is 13 comp is 0
Jan 15, 2015 6:21:35 PM org.ccnx.ccn.impl.sync.SliceComparator doComparison
O MAIS DETALHADO: name X (expanded) is /ccnx.org/test/SyncTestRepo-15-01-15-18.20.23/ccnSyncTest/slice10/round22/randomFile/=FD054B82F5ED0E/%C1.META.M/.header/=FD054B82F5ED48/=00/=AF85132C57917D740BDC2F924FE603AE05A674D6BECF07105345134E4164E529, name Y (expanded) is /ccnx.org/test/SyncTestRepo-15-01-15-18.20.23/ccnSyncTest/slice10/round22/randomFile/=FD054B82F5ED0E/%C1.META.M/.header/=FD054B82F5ED48/=00/=AF85132C57917D740BDC2F924FE603AE05A674D6BECF07105345134E4164E529
Jan 15, 2015 6:21:35 PM org.ccnx.ccn.impl.sync.SliceComparator doComparison
O MAIS DETALHADO: Compare LEAF =02E6260CBB7358DFAAE6673016360E36841A79948D7C367802E6CC051E0823C7D3 to LEAF =080FE93863D59C05599D0920B7B82F23F3EB5B8C9110E5D40672575D4845674824
Jan 15, 2015 6:21:35 PM org.ccnx.ccn.impl.sync.SliceComparator doComparison
O MAIS DETALHADO: name X is 0, pos X is 4, name Y is 0, pos Y is 14 comp is 0
Jan 15, 2015 6:21:35 PM org.ccnx.ccn.impl.sync.SliceComparator doComparison
O MAIS DETALHADO: name X (expanded) is /ccnx.org/test/SyncTestRepo-15-01-15-18.20.23/ccnSyncTest/slice10/round23/randomFile/=FD054B82F5F639/=00/=90913F0035EA159FEED7E50A50458B36DDE7918F5F7955C163CDA5C718B574B7, name Y (expanded) is /ccnx.org/test/SyncTestRepo-15-01-15-18.20.23/ccnSyncTest/slice10/round23/randomFile/=FD054B82F5F639/=00/=90913F0035EA159FEED7E50A50458B36DDE7918F5F7955C163CDA5C718B574B7
Jan 15, 2015 6:21:35 PM org.ccnx.ccn.impl.sync.SliceComparator doComparison
O MAIS DETALHADO: Compare LEAF =02E6260CBB7358DFAAE6673016360E36841A79948D7C367802E6CC051E0823C7D3 to LEAF =080FE93863D59C05599D0920B7B82F23F3EB5B8C9110E5D40672575D4845674824
Jan 15, 2015 6:21:35 PM org.ccnx.ccn.impl.sync.SliceComparator doComparison
O MAIS DETALHADO: name X is 0, pos X is 5, name Y is 0, pos Y is 15 comp is 1
Jan 15, 2015 6:21:35 PM org.ccnx.ccn.impl.sync.SliceComparator doComparison
O MAIS DETALHADO: name X (expanded) is /ccnx.org/test/SyncTestRepo-15-01-15-18.20.23/ccnSyncTest/slice10/randomFile/=FD054B82F53F79/=00/=3CBEB0282FE72CD7F7CF0696455493A1CE4F4E488F469319834E10584FC5C583, name Y (expanded) is /ccnx.org/test/SyncTestRepo-15-01-15-18.20.23/ccnSyncTest/slice10/round23/randomFile/=FD054B82F5F639/%C1.META.M/.header/=FD054B82F5F67B/=00/2=21E841E2E9D639FFEA27D95B6AAFD229074D9972A4373B9076301ED559F9C4
Jan 15, 2015 6:21:35 PM org.ccnx.ccn.profiles.sync.SyncTestRepo doHandleContentName
INFORMAÇÕES: Number 1: Callback for name: /ccnx.org/test/SyncTestRepo-15-01-15-18.20.23/ccnSyncTest/slice10/round23/randomFile/=FD054B82F5F639/%C1.META.M/.header/=FD054B82F5F67B/=00 - number is header
Jan 15, 2015 6:21:35 PM org.ccnx.ccn.impl.sync.SliceComparator doComparison
O MAIS DETALHADO: Compare LEAF =02E6260CBB7358DFAAE6673016360E36841A79948D7C367802E6CC051E0823C7D3 to LEAF =080FE93863D59C05599D0920B7B82F23F3EB5B8C9110E5D40672575D4845674824
Jan 15, 2015 6:21:35 PM org.ccnx.ccn.impl.sync.SliceComparator doComparison
O MAIS DETALHADO: name X is 0, pos X is 5, name Y is 0, pos Y is 16 comp is 0
Jan 15, 2015 6:21:35 PM org.ccnx.ccn.impl.sync.SliceComparator doComparison
O MAIS DETALHADO: name X (expanded) is /ccnx.org/test/SyncTestRepo-15-01-15-18.20.23/ccnSyncTest/slice10/randomFile/=FD054B82F53F79/=00/=3CBEB0282FE72CD7F7CF0696455493A1CE4F4E488F469319834E10584FC5C583, name Y (expanded) is /ccnx.org/test/SyncTestRepo-15-01-15-18.20.23/ccnSyncTest/slice10/randomFile/=FD054B82F53F79/=00/=3CBEB0282FE72CD7F7CF0696455493A1CE4F4E488F469319834E10584FC5C583
Jan 15, 2015 6:21:35 PM org.ccnx.ccn.impl.sync.SliceComparator doComparison
O MAIS DETALHADO: Compare LEAF =02E6260CBB7358DFAAE6673016360E36841A79948D7C367802E6CC051E0823C7D3 to LEAF =080FE93863D59C05599D0920B7B82F23F3EB5B8C9110E5D40672575D4845674824
Jan 15, 2015 6:21:35 PM org.ccnx.ccn.impl.sync.SliceComparator doComparison
O MAIS DETALHADO: name X is 0, pos X is 6, name Y is 0, pos Y is 17 comp is 0
Jan 15, 2015 6:21:35 PM org.ccnx.ccn.impl.sync.SliceComparator doComparison
O MAIS DETALHADO: name X (expanded) is /ccnx.org/test/SyncTestRepo-15-01-15-18.20.23/ccnSyncTest/slice10/randomFile/=FD054B82F53F79/%C1.META.M/.header/=FD054B82F53FB2/=00/=18F7ABCFFBD0912243186C9F3D6A45A3E28959A7EF8B922DD636A13DE75A55AC, name Y (expanded) is /ccnx.org/test/SyncTestRepo-15-01-15-18.20.23/ccnSyncTest/slice10/randomFile/=FD054B82F53F79/%C1.META.M/.header/=FD054B82F53FB2/=00/=18F7ABCFFBD0912243186C9F3D6A45A3E28959A7EF8B922DD636A13DE75A55AC
Jan 15, 2015 6:21:35 PM org.ccnx.ccn.impl.sync.SliceComparator updateCurrent
O MAIS DETALHADO: Starting update from hash =0DB71A98D55053A283022F74B92992BC6F6B0AE0456B351FF5F8BECF3C53BE0E92
Jan 15, 2015 6:21:35 PM org.ccnx.ccn.impl.sync.SliceComparator updateCurrent
O MAIS DETALHADO: Update compare - moving to: =05D95348B35DA1736365107BDACCCE484DA8B6A14DCCF3832B16DDA212E3B0C032
Jan 15, 2015 6:21:35 PM org.ccnx.ccn.impl.sync.SliceComparator updateCurrent
O MAIS DETALHADO: Shortcut in update - popping back to =0DB71A98D55053A283022F74B92992BC6F6B0AE0456B351FF5F8BECF3C53BE0E92, pos 1
Jan 15, 2015 6:21:35 PM org.ccnx.ccn.impl.sync.SliceComparator updateCurrent
O MAIS DETALHADO: Update compare - moving to: =04F7A143667F594F74B6B7C8C826B63D9DA7DAAA6A220B24C7FB15280B67E9868D
Jan 15, 2015 6:21:35 PM org.ccnx.ccn.impl.sync.SliceComparator updateCurrent
O MAIS DETALHADO: Shortcut in update - popping back to =0DB71A98D55053A283022F74B92992BC6F6B0AE0456B351FF5F8BECF3C53BE0E92, pos 2
Jan 15, 2015 6:21:35 PM org.ccnx.ccn.impl.sync.SliceComparator updateCurrent
O MAIS DETALHADO: Update compare - moving to: =02E6260CBB7358DFAAE6673016360E36841A79948D7C367802E6CC051E0823C7D3
Jan 15, 2015 6:21:35 PM org.ccnx.ccn.impl.sync.SliceComparator updateCurrent
O MAIS DETALHADO: Update compare: name from tree (expanded) is /ccnx.org/test/SyncTestRepo-15-01-15-18.20.23/ccnSyncTest/slice10/round21/randomFile/=FD054B82F5E41D/=00/%81v=11100BD1950F5228760141B55709E0A91045B40720DAB0782DCC6F0256FF, name  is /ccnx.org/test/SyncTestRepo-15-01-15-18.20.23/ccnSyncTest/slice10/round23/randomFile/=FD054B82F5F639/%C1.META.M/.header/=FD054B82F5F67B/=00/2=21E841E2E9D639FFEA27D95B6AAFD229074D9972A4373B9076301ED559F9C4, comp is -1
Jan 15, 2015 6:21:35 PM org.ccnx.ccn.impl.sync.SliceComparator updateCurrent
O MAIS DETALHADO: Update compare: name from tree (expanded) is /ccnx.org/test/SyncTestRepo-15-01-15-18.20.23/ccnSyncTest/slice10/round21/randomFile/=FD054B82F5E41D/%C1.META.M/.header/=FD054B82F5E48B/=00/U=2BDDA4AFCB9BC8FBD9C3E9013EE52508639C0C2E623CE389011207E17837C6, name  is /ccnx.org/test/SyncTestRepo-15-01-15-18.20.23/ccnSyncTest/slice10/round23/randomFile/=FD054B82F5F639/%C1.META.M/.header/=FD054B82F5F67B/=00/2=21E841E2E9D639FFEA27D95B6AAFD229074D9972A4373B9076301ED559F9C4, comp is -1
Jan 15, 2015 6:21:35 PM org.ccnx.ccn.impl.sync.SliceComparator updateCurrent
O MAIS DETALHADO: Update compare: name from tree (expanded) is /ccnx.org/test/SyncTestRepo-15-01-15-18.20.23/ccnSyncTest/slice10/round22/randomFile/=FD054B82F5ED0E/=00/y%B7o=E1FE885DC462C96E59D02F922A9D0639E4FCB2982B9CBB5A9E266EC3FF, name  is /ccnx.org/test/SyncTestRepo-15-01-15-18.20.23/ccnSyncTest/slice10/round23/randomFile/=FD054B82F5F639/%C1.META.M/.header/=FD054B82F5F67B/=00/2=21E841E2E9D639FFEA27D95B6AAFD229074D9972A4373B9076301ED559F9C4, comp is -1
Jan 15, 2015 6:21:35 PM org.ccnx.ccn.impl.sync.SliceComparator updateCurrent
O MAIS DETALHADO: Update compare: name from tree (expanded) is /ccnx.org/test/SyncTestRepo-15-01-15-18.20.23/ccnSyncTest/slice10/round22/randomFile/=FD054B82F5ED0E/%C1.META.M/.header/=FD054B82F5ED48/=00/=AF85132C57917D740BDC2F924FE603AE05A674D6BECF07105345134E4164E529, name  is /ccnx.org/test/SyncTestRepo-15-01-15-18.20.23/ccnSyncTest/slice10/round23/randomFile/=FD054B82F5F639/%C1.META.M/.header/=FD054B82F5F67B/=00/2=21E841E2E9D639FFEA27D95B6AAFD229074D9972A4373B9076301ED559F9C4, comp is -1
Jan 15, 2015 6:21:35 PM org.ccnx.ccn.impl.sync.SliceComparator updateCurrent
O MAIS DETALHADO: Update compare: name from tree (expanded) is /ccnx.org/test/SyncTestRepo-15-01-15-18.20.23/ccnSyncTest/slice10/round23/randomFile/=FD054B82F5F639/=00/=90913F0035EA159FEED7E50A50458B36DDE7918F5F7955C163CDA5C718B574B7, name  is /ccnx.org/test/SyncTestRepo-15-01-15-18.20.23/ccnSyncTest/slice10/round23/randomFile/=FD054B82F5F639/%C1.META.M/.header/=FD054B82F5F67B/=00/2=21E841E2E9D639FFEA27D95B6AAFD229074D9972A4373B9076301ED559F9C4, comp is -1
Jan 15, 2015 6:21:35 PM org.ccnx.ccn.impl.sync.SliceComparator updateCurrent
O MAIS DETALHADO: Update compare: name from tree (expanded) is /ccnx.org/test/SyncTestRepo-15-01-15-18.20.23/ccnSyncTest/slice10/randomFile/=FD054B82F53F79/=00/=3CBEB0282FE72CD7F7CF0696455493A1CE4F4E488F469319834E10584FC5C583, name  is /ccnx.org/test/SyncTestRepo-15-01-15-18.20.23/ccnSyncTest/slice10/round23/randomFile/=FD054B82F5F639/%C1.META.M/.header/=FD054B82F5F67B/=00/2=21E841E2E9D639FFEA27D95B6AAFD229074D9972A4373B9076301ED559F9C4, comp is 1
Jan 15, 2015 6:21:35 PM org.ccnx.ccn.impl.sync.SliceComparator updateCurrent
O MAIS DETALHADO: Update: starting redo of names because of /ccnx.org/test/SyncTestRepo-15-01-15-18.20.23/ccnSyncTest/slice10/round23/randomFile/=FD054B82F5F639/%C1.META.M/.header/=FD054B82F5F67B/=00/2=21E841E2E9D639FFEA27D95B6AAFD229074D9972A4373B9076301ED559F9C4 at /ccnx.org/test/SyncTestRepo-15-01-15-18.20.23/ccnSyncTest/slice10/round21/randomFile/=FD054B82F5E41D/=00/%81v=11100BD1950F5228760141B55709E0A91045B40720DAB0782DCC6F0256FF
Jan 15, 2015 6:21:35 PM org.ccnx.ccn.io.content.SyncNodeComposite decodeLogging
O MAIS DETALHADO: decode node for =031847F4FD5642B5E4E65157EF9178E6564380E226EEDAAF3E7742353CDD7DC197 depth = 1 refs = 8
Jan 15, 2015 6:21:35 PM org.ccnx.ccn.io.content.SyncNodeComposite decodeLogging
O MAIS DETALHADO: min is 0, max is 0, expanded min is /ccnx.org/test/SyncTestRepo-15-01-15-18.20.23/ccnSyncTest/slice10/round21/randomFile/=FD054B82F5E41D/=00/%81v=11100BD1950F5228760141B55709E0A91045B40720DAB0782DCC6F0256FF, expanded max is /ccnx.org/test/SyncTestRepo-15-01-15-18.20.23/ccnSyncTest/slice10/randomFile/=FD054B82F53F79/%C1.META.M/.header/=FD054B82F53FB2/=00/=18F7ABCFFBD0912243186C9F3D6A45A3E28959A7EF8B922DD636A13DE75A55AC
Jan 15, 2015 6:21:35 PM org.ccnx.ccn.impl.sync.SyncTreeEntry <init>
O MAIS DETALHADO: Found existing node: =0DE93C8117333D78BD02199C9284FD6C4194122DDEDDD957318934FF5B29180856
Jan 15, 2015 6:21:35 PM org.ccnx.ccn.io.content.SyncNodeComposite decodeLogging
O MAIS DETALHADO: decode node for =0DE93C8117333D78BD02199C9284FD6C4194122DDEDDD957318934FF5B29180856 depth = 2 refs = 3
Jan 15, 2015 6:21:35 PM org.ccnx.ccn.io.content.SyncNodeComposite decodeLogging
O MAIS DETALHADO: min is 0, max is 0, expanded min is /ccnx.org/test/SyncTestRepo-15-01-15-18.20.23/ccnSyncTest/slice10/round11/randomFile/=FD054B82F588B4/=00/=862C3C8C527D6B204E7FCD4EAF121546BFBA9E26B978EC9010B0DB73EDD734F0, expanded max is /ccnx.org/test/SyncTestRepo-15-01-15-18.20.23/ccnSyncTest/slice10/randomFile/=FD054B82F53F79/%C1.META.M/.header/=FD054B82F53FB2/=00/=18F7ABCFFBD0912243186C9F3D6A45A3E28959A7EF8B922DD636A13DE75A55AC
Jan 15, 2015 6:21:35 PM org.ccnx.ccn.impl.sync.NodeBuilder createHeadRecursive
O MAIS DETALHADO: Creating new compound node - with first element =05D95348B35DA1736365107BDACCCE484DA8B6A14DCCF3832B16DDA212E3B0C032 and last element =031847F4FD5642B5E4E65157EF9178E6564380E226EEDAAF3E7742353CDD7DC197
Jan 15, 2015 6:21:35 PM org.ccnx.ccn.impl.sync.SliceComparator updateCurrent
INFORMAÇÕES: Resetting current to created head: =0DE93C8117333D78BD02199C9284FD6C4194122DDEDDD957318934FF5B29180856
Jan 15, 2015 6:21:35 PM org.ccnx.ccn.profiles.sync.SyncTestRepo checkCallbacks
DETALHADO: got segment 0
Jan 15, 2015 6:21:35 PM org.ccnx.ccn.profiles.sync.SyncTestRepo checkCallbacks
DETALHADO: received: [true, false] finished: [true, true]
Jan 15, 2015 6:21:35 PM org.ccnx.ccn.profiles.sync.SyncTestRepo checkCallbacks
DETALHADO: got the header
Jan 15, 2015 6:21:35 PM org.ccnx.ccn.profiles.sync.SyncTestRepo checkCallbacks
DETALHADO: received: [true, true] finished: [true, true]
Jan 15, 2015 6:21:35 PM org.ccnx.ccn.profiles.sync.SyncTestRepo checkCallbacks
DETALHADO: got all the segments!
Jan 15, 2015 6:21:35 PM org.ccnx.ccn.profiles.sync.SyncTestRepo checkCallbacks
DETALHADO: trying to loop again looking for segments
Jan 15, 2015 6:21:35 PM org.ccnx.ccn.profiles.sync.SyncTestRepo checkCallbacks
DETALHADO: done looping, returning.
Jan 15, 2015 6:21:35 PM org.ccnx.ccn.impl.CCNFlowControl <init>
INFORMAÇÕES: adding namespace: /ccnx.org/test/SyncTestRepo-15-01-15-18.20.23/ccnSyncTest/slice10/round24/randomFile
Jan 15, 2015 6:21:35 PM org.ccnx.ccn.impl.security.keys.BasicKeyManager getKeyLocator
INFORMAÇÕES: getKeyLocator: returning locator NAME: /ccnx.org/Users/root/Keys/%C1.M.K=009234ADEC47D19E3E6A2AF362D44E09AB6B71F43B1900BA0622FB45F2A5B7D9F6/=FD054AE7DE1000 KEY:-reba89rgbj1o6ata34t5eovcl4kho5s9pnv8nstq15q1ld4g9ga for key kjSt7EfRnj5qKvNi1E4Jq2tx9DsZALoGIvtF8qW32fY=
Jan 15, 2015 6:21:35 PM org.ccnx.ccn.io.CCNAbstractOutputStream <init>
INFORMAÇÕES: CCNAbstractOutputStream: /ccnx.org/test/SyncTestRepo-15-01-15-18.20.23/ccnSyncTest/slice10/round24/randomFile/=FD054B82F5FF64 blocksize is 4096
Jan 15, 2015 6:21:35 PM org.ccnx.ccn.io.CCNAbstractOutputStream startWrite
INFORMAÇÕES: CCNAbstractOutputStream: startWrite -- searching for keys.
Jan 15, 2015 6:21:35 PM org.ccnx.ccn.profiles.security.access.AccessControlManager keysForOutput
INFORMAÇÕES: keysForOutput: found an acm: (null)
Jan 15, 2015 6:21:35 PM org.ccnx.ccn.impl.repo.RepositoryFlowControl startWrite
INFORMAÇÕES: RepositoryFlowControl.startWrite called for name /ccnx.org/test/SyncTestRepo-15-01-15-18.20.23/ccnSyncTest/slice10/round24/randomFile/=FD054B82F5FF64, shape STREAM
Jan 15, 2015 6:21:35 PM org.ccnx.ccn.impl.repo.RepositoryFlowControl handleContent
INFORMAÇÕES: handleContent: got potential repo message: /ccnx.org/test/SyncTestRepo-15-01-15-18.20.23/ccnSyncTest/slice10/round24/randomFile/=FD054B82F5FF64/%C1.R.sw/%C1.N=00E76CE2696DDCE3AA
Jan 15, 2015 6:21:35 PM org.ccnx.ccn.profiles.sync.SyncTestCommon writeFile
DETALHADO: bytes: 4096 block size: 4096 div: 1.0 ceil: 1
Jan 15, 2015 6:21:35 PM org.ccnx.ccn.profiles.sync.SyncTestCommon writeFile
DETALHADO: will write out a 4096 byte file, will have 2 segments (1 is a header)
Jan 15, 2015 6:21:35 PM org.ccnx.ccn.io.CCNOutputStream flushToNetwork
INFORMAÇÕES: flush: outputting to the segmenter, baseName /ccnx.org/test/SyncTestRepo-15-01-15-18.20.23/ccnSyncTest/slice10/round24/randomFile/=FD054B82F5FF64 basenameindex =00; 4096 bytes written, holding back 4096 flushing final blocks? false.
Jan 15, 2015 6:21:35 PM org.ccnx.ccn.io.CCNOutputStream flushToNetwork
INFORMAÇÕES: HEADER: CCNOutputStream: flushToNetwork: new _baseNameIndex 0
Jan 15, 2015 6:21:35 PM org.ccnx.ccn.io.CCNOutputStream flushToNetwork
INFORMAÇÕES: flush: outputting to the segmenter, baseName /ccnx.org/test/SyncTestRepo-15-01-15-18.20.23/ccnSyncTest/slice10/round24/randomFile/=FD054B82F5FF64 basenameindex =00; 4096 bytes written, holding back 4096 flushing final blocks? false.
Jan 15, 2015 6:21:35 PM org.ccnx.ccn.io.CCNOutputStream flushToNetwork
INFORMAÇÕES: HEADER: CCNOutputStream: flushToNetwork: new _baseNameIndex 0
Jan 15, 2015 6:21:35 PM org.ccnx.ccn.io.CCNOutputStream flushToNetwork
INFORMAÇÕES: flush: outputting to the segmenter, baseName /ccnx.org/test/SyncTestRepo-15-01-15-18.20.23/ccnSyncTest/slice10/round24/randomFile/=FD054B82F5FF64 basenameindex =00; 4096 bytes written, holding back 0 flushing final blocks? true.
Jan 15, 2015 6:21:35 PM org.ccnx.ccn.io.CCNOutputStream flushToNetwork
INFORMAÇÕES: HEADER: CCNOutputStream: flushToNetwork: new _baseNameIndex 1
Jan 15, 2015 6:21:35 PM org.ccnx.ccn.io.CCNAbstractOutputStream <init>
INFORMAÇÕES: CCNAbstractOutputStream: /ccnx.org/test/SyncTestRepo-15-01-15-18.20.23/ccnSyncTest/slice10/round24/randomFile/=FD054B82F5FF64/%C1.META.M/.header/=FD054B82F5FF9E blocksize is 4096
Jan 15, 2015 6:21:35 PM org.ccnx.ccn.io.CCNAbstractOutputStream startWrite
INFORMAÇÕES: CCNAbstractOutputStream: startWrite -- searching for keys.
Jan 15, 2015 6:21:35 PM org.ccnx.ccn.profiles.security.access.AccessControlManager keysForOutput
INFORMAÇÕES: keysForOutput: found an acm: (null)
Jan 15, 2015 6:21:35 PM org.ccnx.ccn.impl.repo.RepositoryFlowControl startWrite
INFORMAÇÕES: RepositoryFlowControl.startWrite called for name /ccnx.org/test/SyncTestRepo-15-01-15-18.20.23/ccnSyncTest/slice10/round24/randomFile/=FD054B82F5FF64/%C1.META.M/.header/=FD054B82F5FF9E, shape STREAM
Jan 15, 2015 6:21:35 PM org.ccnx.ccn.impl.repo.RepositoryFlowControl handleContent
INFORMAÇÕES: handleContent: got potential repo message: /ccnx.org/test/SyncTestRepo-15-01-15-18.20.23/ccnSyncTest/slice10/round24/randomFile/=FD054B82F5FF64/%C1.META.M/.header/=FD054B82F5FF9E/%C1.R.sw/%C1.N=00F257457A223F2BCC
Jan 15, 2015 6:21:35 PM org.ccnx.ccn.io.CCNOutputStream flushToNetwork
INFORMAÇÕES: flush: outputting to the segmenter, baseName /ccnx.org/test/SyncTestRepo-15-01-15-18.20.23/ccnSyncTest/slice10/round24/randomFile/=FD054B82F5FF64/%C1.META.M/.header/=FD054B82F5FF9E basenameindex =00; 66 bytes written, holding back 66 flushing final blocks? false.
Jan 15, 2015 6:21:35 PM org.ccnx.ccn.io.CCNOutputStream flushToNetwork
INFORMAÇÕES: HEADER: CCNOutputStream: flushToNetwork: new _baseNameIndex 0
Jan 15, 2015 6:21:35 PM org.ccnx.ccn.io.CCNOutputStream flushToNetwork
INFORMAÇÕES: flush: outputting to the segmenter, baseName /ccnx.org/test/SyncTestRepo-15-01-15-18.20.23/ccnSyncTest/slice10/round24/randomFile/=FD054B82F5FF64/%C1.META.M/.header/=FD054B82F5FF9E basenameindex =00; 66 bytes written, holding back 66 flushing final blocks? false.
Jan 15, 2015 6:21:35 PM org.ccnx.ccn.io.CCNOutputStream flushToNetwork
INFORMAÇÕES: HEADER: CCNOutputStream: flushToNetwork: new _baseNameIndex 0
Jan 15, 2015 6:21:35 PM org.ccnx.ccn.io.CCNOutputStream flushToNetwork
INFORMAÇÕES: flush: outputting to the segmenter, baseName /ccnx.org/test/SyncTestRepo-15-01-15-18.20.23/ccnSyncTest/slice10/round24/randomFile/=FD054B82F5FF64/%C1.META.M/.header/=FD054B82F5FF9E basenameindex =00; 66 bytes written, holding back 0 flushing final blocks? true.
Jan 15, 2015 6:21:35 PM org.ccnx.ccn.io.CCNOutputStream flushToNetwork
INFORMAÇÕES: HEADER: CCNOutputStream: flushToNetwork: new _baseNameIndex 1
Jan 15, 2015 6:21:36 PM org.ccnx.ccn.io.CCNOutputStream close
INFORMAÇÕES: CCNOutputStream close: /ccnx.org/test/SyncTestRepo-15-01-15-18.20.23/ccnSyncTest/slice10/round24/randomFile/=FD054B82F5FF64/%C1.META.M/.header/=FD054B82F5FF9E
Jan 15, 2015 6:21:36 PM org.ccnx.ccn.io.CCNOutputStream close
INFORMAÇÕES: CCNOutputStream close: /ccnx.org/test/SyncTestRepo-15-01-15-18.20.23/ccnSyncTest/slice10/round24/randomFile/=FD054B82F5FF64
Jan 15, 2015 6:21:36 PM org.ccnx.ccn.profiles.sync.SyncTestCommon writeFile
INFORMAÇÕES: Wrote file to repository: /ccnx.org/test/SyncTestRepo-15-01-15-18.20.23/ccnSyncTest/slice10/round24/randomFile/=FD054B82F5FF64 with 2 segments
Jan 15, 2015 6:21:36 PM org.ccnx.ccn.profiles.sync.SyncTestRepo checkCallbacks
DETALHADO: checking for callbacks:  /ccnx.org/test/SyncTestRepo-15-01-15-18.20.23/ccnSyncTest/slice10/round24 segments: 2
Jan 15, 2015 6:21:36 PM org.ccnx.ccn.impl.sync.ProtocolBasedSyncMonitor handleContent
INFORMAÇÕES: Saw new content from sync: /ccnx.org/test/SyncTestRepo-15-01-15-18.20.23/topoPrefix/%C1.S.ra/x%E7U.=86853EF050D99AC7B6E19C29B7AECFA1B2568CAD74E733BCB2443F63/=0DE93C8117333D78BD02199C9284FD6C4194122DDEDDD957318934FF5B29180856/=0EFF8E1758B47CDBEC5C87EE7F3AB7357DED9E652CF41DF9ACBF5FC6EBB11D5F1D
Jan 15, 2015 6:21:36 PM org.ccnx.ccn.impl.sync.SliceComparator run
DETALHADO: Starting comparator run - state is INIT, sc is org.ccnx.ccn.impl.sync.SliceComparator@ca0898b, this is the lead
Jan 15, 2015 6:21:36 PM org.ccnx.ccn.io.content.SyncNodeComposite decodeLogging
O MAIS DETALHADO: decode node for =0EFF8E1758B47CDBEC5C87EE7F3AB7357DED9E652CF41DF9ACBF5FC6EBB11D5F1D depth = 2 refs = 2
Jan 15, 2015 6:21:36 PM org.ccnx.ccn.io.content.SyncNodeComposite decodeLogging
O MAIS DETALHADO: min is 0, max is 0, expanded min is /ccnx.org/test/SyncTestRepo-15-01-15-18.20.23/ccnSyncTest/slice10/round11/randomFile/=FD054B82F588B4/=00/=862C3C8C527D6B204E7FCD4EAF121546BFBA9E26B978EC9010B0DB73EDD734F0, expanded max is /ccnx.org/test/SyncTestRepo-15-01-15-18.20.23/ccnSyncTest/slice10/randomFile/=FD054B82F53F79/%C1.META.M/.header/=FD054B82F53FB2/=00/=18F7ABCFFBD0912243186C9F3D6A45A3E28959A7EF8B922DD636A13DE75A55AC
Jan 15, 2015 6:21:36 PM org.ccnx.ccn.impl.sync.SliceComparator run
INFORMAÇÕES: Starting new round with X = =0DE93C8117333D78BD02199C9284FD6C4194122DDEDDD957318934FF5B29180856 and Y = =0EFF8E1758B47CDBEC5C87EE7F3AB7357DED9E652CF41DF9ACBF5FC6EBB11D5F1D
Jan 15, 2015 6:21:36 PM org.ccnx.ccn.impl.sync.ProtocolBasedSyncMonitor requestNode
DETALHADO: Requesting node for hash: /ccnx.org/test/SyncTestRepo-15-01-15-18.20.23/topoPrefix/%C1.S.nf/x%E7U.=86853EF050D99AC7B6E19C29B7AECFA1B2568CAD74E733BCB2443F63/=09263ACEA556DB6888F77772A46DE8ED3044E7C3DF272A7681A88224D8CD6C9EEB
Jan 15, 2015 6:21:36 PM org.ccnx.ccn.impl.sync.SliceComparator doComparison
O MAIS DETALHADO: Skipping covered subentry =05D95348B35DA1736365107BDACCCE484DA8B6A14DCCF3832B16DDA212E3B0C032
Jan 15, 2015 6:21:36 PM org.ccnx.ccn.impl.sync.SliceComparator doComparison
O MAIS DETALHADO: Compare NODE =0DE93C8117333D78BD02199C9284FD6C4194122DDEDDD957318934FF5B29180856 to NODE =0EFF8E1758B47CDBEC5C87EE7F3AB7357DED9E652CF41DF9ACBF5FC6EBB11D5F1D
Jan 15, 2015 6:21:36 PM org.ccnx.ccn.impl.sync.SliceComparator doComparison
O MAIS DETALHADO: pos X is 0, pos Y is 1
Jan 15, 2015 6:21:36 PM org.ccnx.ccn.impl.sync.SliceComparator.NodeFetchHandler handleContent
DETALHADO: Saw data from nodefind: hash: =09263ACEA556DB6888F77772A46DE8ED3044E7C3DF272A7681A88224D8CD6C9EEB
Jan 15, 2015 6:21:36 PM org.ccnx.ccn.impl.encoding.BinaryXMLDecoder setElement
INFORMAÇÕES: Reset decode array sizes to 1134
Jan 15, 2015 6:21:36 PM org.ccnx.ccn.io.content.SyncNodeComposite decodeLogging
O MAIS DETALHADO: decode node for =09263ACEA556DB6888F77772A46DE8ED3044E7C3DF272A7681A88224D8CD6C9EEB depth = 1 refs = 20
Jan 15, 2015 6:21:36 PM org.ccnx.ccn.io.content.SyncNodeComposite decodeLogging
O MAIS DETALHADO: min is 0, max is 0, expanded min is /ccnx.org/test/SyncTestRepo-15-01-15-18.20.23/ccnSyncTest/slice10/round16/randomFile/=FD054B82F5B673/=00/pU=A6A22546186B9FAC4EB8A07C1FBB995F82DA30BC632446C0DCD7E521AAF7, expanded max is /ccnx.org/test/SyncTestRepo-15-01-15-18.20.23/ccnSyncTest/slice10/randomFile/=FD054B82F53F79/%C1.META.M/.header/=FD054B82F53FB2/=00/=18F7ABCFFBD0912243186C9F3D6A45A3E28959A7EF8B922DD636A13DE75A55AC
Jan 15, 2015 6:21:36 PM org.ccnx.ccn.impl.sync.SliceComparator doComparison
O MAIS DETALHADO: Pushing X entry =05D95348B35DA1736365107BDACCCE484DA8B6A14DCCF3832B16DDA212E3B0C032 and Y entry =09263ACEA556DB6888F77772A46DE8ED3044E7C3DF272A7681A88224D8CD6C9EEB
Jan 15, 2015 6:21:36 PM org.ccnx.ccn.impl.sync.SliceComparator doComparison
O MAIS DETALHADO: Compare LEAF =05D95348B35DA1736365107BDACCCE484DA8B6A14DCCF3832B16DDA212E3B0C032 to LEAF =09263ACEA556DB6888F77772A46DE8ED3044E7C3DF272A7681A88224D8CD6C9EEB
Jan 15, 2015 6:21:36 PM org.ccnx.ccn.impl.sync.SliceComparator doComparison
O MAIS DETALHADO: name X is 0, pos X is 0, name Y is 0, pos Y is 0 comp is -1
Jan 15, 2015 6:21:36 PM org.ccnx.ccn.impl.sync.SliceComparator doComparison
O MAIS DETALHADO: name X (expanded) is /ccnx.org/test/SyncTestRepo-15-01-15-18.20.23/ccnSyncTest/slice10/round11/randomFile/=FD054B82F588B4/=00/=862C3C8C527D6B204E7FCD4EAF121546BFBA9E26B978EC9010B0DB73EDD734F0, name Y (expanded) is /ccnx.org/test/SyncTestRepo-15-01-15-18.20.23/ccnSyncTest/slice10/round16/randomFile/=FD054B82F5B673/=00/pU=A6A22546186B9FAC4EB8A07C1FBB995F82DA30BC632446C0DCD7E521AAF7
Jan 15, 2015 6:21:36 PM org.ccnx.ccn.impl.sync.SliceComparator doComparison
O MAIS DETALHADO: Shortcut - popping X back to =0DE93C8117333D78BD02199C9284FD6C4194122DDEDDD957318934FF5B29180856, pos 1
Jan 15, 2015 6:21:36 PM org.ccnx.ccn.impl.sync.SliceComparator doComparison
O MAIS DETALHADO: Compare NODE =0DE93C8117333D78BD02199C9284FD6C4194122DDEDDD957318934FF5B29180856 to LEAF =09263ACEA556DB6888F77772A46DE8ED3044E7C3DF272A7681A88224D8CD6C9EEB, resMin is 1, resMax is -1
Jan 15, 2015 6:21:36 PM org.ccnx.ccn.impl.sync.SliceComparator doComparison
O MAIS DETALHADO: minname is 0, maxname is 0, pos X is 1, pos Y is 0
Jan 15, 2015 6:21:36 PM org.ccnx.ccn.impl.sync.SliceComparator doComparison
O MAIS DETALHADO: Compare LEAF =04F7A143667F594F74B6B7C8C826B63D9DA7DAAA6A220B24C7FB15280B67E9868D to LEAF =09263ACEA556DB6888F77772A46DE8ED3044E7C3DF272A7681A88224D8CD6C9EEB
Jan 15, 2015 6:21:36 PM org.ccnx.ccn.impl.sync.SliceComparator doComparison
O MAIS DETALHADO: name X is 0, pos X is 0, name Y is 0, pos Y is 0 comp is 0
Jan 15, 2015 6:21:36 PM org.ccnx.ccn.impl.sync.SliceComparator doComparison
O MAIS DETALHADO: name X (expanded) is /ccnx.org/test/SyncTestRepo-15-01-15-18.20.23/ccnSyncTest/slice10/round16/randomFile/=FD054B82F5B673/=00/pU=A6A22546186B9FAC4EB8A07C1FBB995F82DA30BC632446C0DCD7E521AAF7, name Y (expanded) is /ccnx.org/test/SyncTestRepo-15-01-15-18.20.23/ccnSyncTest/slice10/round16/randomFile/=FD054B82F5B673/=00/pU=A6A22546186B9FAC4EB8A07C1FBB995F82DA30BC632446C0DCD7E521AAF7
Jan 15, 2015 6:21:36 PM org.ccnx.ccn.impl.sync.SliceComparator doComparison
O MAIS DETALHADO: Compare LEAF =04F7A143667F594F74B6B7C8C826B63D9DA7DAAA6A220B24C7FB15280B67E9868D to LEAF =09263ACEA556DB6888F77772A46DE8ED3044E7C3DF272A7681A88224D8CD6C9EEB
Jan 15, 2015 6:21:36 PM org.ccnx.ccn.impl.sync.SliceComparator doComparison
O MAIS DETALHADO: name X is 0, pos X is 1, name Y is 0, pos Y is 1 comp is 0
Jan 15, 2015 6:21:36 PM org.ccnx.ccn.impl.sync.SliceComparator doComparison
O MAIS DETALHADO: name X (expanded) is /ccnx.org/test/SyncTestRepo-15-01-15-18.20.23/ccnSyncTest/slice10/round16/randomFile/=FD054B82F5B673/%C1.META.M/.header/=FD054B82F5B6B0/=00/=17C2C967425FFDB6EF8C542330DA467562953D126EDAE07B710B380B4D1AC752, name Y (expanded) is /ccnx.org/test/SyncTestRepo-15-01-15-18.20.23/ccnSyncTest/slice10/round16/randomFile/=FD054B82F5B673/%C1.META.M/.header/=FD054B82F5B6B0/=00/=17C2C967425FFDB6EF8C542330DA467562953D126EDAE07B710B380B4D1AC752
Jan 15, 2015 6:21:36 PM org.ccnx.ccn.impl.sync.SliceComparator doComparison
O MAIS DETALHADO: Compare LEAF =04F7A143667F594F74B6B7C8C826B63D9DA7DAAA6A220B24C7FB15280B67E9868D to LEAF =09263ACEA556DB6888F77772A46DE8ED3044E7C3DF272A7681A88224D8CD6C9EEB
Jan 15, 2015 6:21:36 PM org.ccnx.ccn.impl.sync.SliceComparator doComparison
O MAIS DETALHADO: name X is 0, pos X is 2, name Y is 0, pos Y is 2 comp is 0
Jan 15, 2015 6:21:36 PM org.ccnx.ccn.impl.sync.SliceComparator doComparison
O MAIS DETALHADO: name X (expanded) is /ccnx.org/test/SyncTestRepo-15-01-15-18.20.23/ccnSyncTest/slice10/round17/randomFile/=FD054B82F5BF96/=00/=E4BD59CD3D2193F901F55648B2921C3A07BF4E0D1E47354154CD91CFAB4A836B, name Y (expanded) is /ccnx.org/test/SyncTestRepo-15-01-15-18.20.23/ccnSyncTest/slice10/round17/randomFile/=FD054B82F5BF96/=00/=E4BD59CD3D2193F901F55648B2921C3A07BF4E0D1E47354154CD91CFAB4A836B
Jan 15, 2015 6:21:36 PM org.ccnx.ccn.impl.sync.SliceComparator doComparison
O MAIS DETALHADO: Compare LEAF =04F7A143667F594F74B6B7C8C826B63D9DA7DAAA6A220B24C7FB15280B67E9868D to LEAF =09263ACEA556DB6888F77772A46DE8ED3044E7C3DF272A7681A88224D8CD6C9EEB
Jan 15, 2015 6:21:36 PM org.ccnx.ccn.impl.sync.SliceComparator doComparison
O MAIS DETALHADO: name X is 0, pos X is 3, name Y is 0, pos Y is 3 comp is 0
Jan 15, 2015 6:21:36 PM org.ccnx.ccn.impl.sync.SliceComparator doComparison
O MAIS DETALHADO: name X (expanded) is /ccnx.org/test/SyncTestRepo-15-01-15-18.20.23/ccnSyncTest/slice10/round17/randomFile/=FD054B82F5BF96/%C1.META.M/.header/=FD054B82F5BFCF/=00/=DFDAA5AF0C823AF99D76C85A67EDB528F1EB12E800BF06BB8B2F219AAF1EEAFC, name Y (expanded) is /ccnx.org/test/SyncTestRepo-15-01-15-18.20.23/ccnSyncTest/slice10/round17/randomFile/=FD054B82F5BF96/%C1.META.M/.header/=FD054B82F5BFCF/=00/=DFDAA5AF0C823AF99D76C85A67EDB528F1EB12E800BF06BB8B2F219AAF1EEAFC
Jan 15, 2015 6:21:36 PM org.ccnx.ccn.impl.sync.SliceComparator doComparison
O MAIS DETALHADO: Compare LEAF =04F7A143667F594F74B6B7C8C826B63D9DA7DAAA6A220B24C7FB15280B67E9868D to LEAF =09263ACEA556DB6888F77772A46DE8ED3044E7C3DF272A7681A88224D8CD6C9EEB
Jan 15, 2015 6:21:36 PM org.ccnx.ccn.impl.sync.SliceComparator doComparison
O MAIS DETALHADO: name X is 0, pos X is 4, name Y is 0, pos Y is 4 comp is 0
Jan 15, 2015 6:21:36 PM org.ccnx.ccn.impl.sync.SliceComparator doComparison
O MAIS DETALHADO: name X (expanded) is /ccnx.org/test/SyncTestRepo-15-01-15-18.20.23/ccnSyncTest/slice10/round18/randomFile/=FD054B82F5C8BC/=00/=2BFB388768C7032EF8F8F3569B818A10CF99BB73C2192F5E83ED88B5585C6EF3, name Y (expanded) is /ccnx.org/test/SyncTestRepo-15-01-15-18.20.23/ccnSyncTest/slice10/round18/randomFile/=FD054B82F5C8BC/=00/=2BFB388768C7032EF8F8F3569B818A10CF99BB73C2192F5E83ED88B5585C6EF3
Jan 15, 2015 6:21:36 PM org.ccnx.ccn.impl.sync.SliceComparator doComparison
O MAIS DETALHADO: Compare LEAF =04F7A143667F594F74B6B7C8C826B63D9DA7DAAA6A220B24C7FB15280B67E9868D to LEAF =09263ACEA556DB6888F77772A46DE8ED3044E7C3DF272A7681A88224D8CD6C9EEB
Jan 15, 2015 6:21:36 PM org.ccnx.ccn.impl.sync.SliceComparator doComparison
O MAIS DETALHADO: name X is 0, pos X is 5, name Y is 0, pos Y is 5 comp is 0
Jan 15, 2015 6:21:36 PM org.ccnx.ccn.impl.sync.SliceComparator doComparison
O MAIS DETALHADO: name X (expanded) is /ccnx.org/test/SyncTestRepo-15-01-15-18.20.23/ccnSyncTest/slice10/round18/randomFile/=FD054B82F5C8BC/%C1.META.M/.header/=FD054B82F5C8FA/=00/=F08DA9402E896ABD8D3BF9F98F382E72D7D7A33E6F4EFA003BBEBCC5837B3AC0, name Y (expanded) is /ccnx.org/test/SyncTestRepo-15-01-15-18.20.23/ccnSyncTest/slice10/round18/randomFile/=FD054B82F5C8BC/%C1.META.M/.header/=FD054B82F5C8FA/=00/=F08DA9402E896ABD8D3BF9F98F382E72D7D7A33E6F4EFA003BBEBCC5837B3AC0
Jan 15, 2015 6:21:36 PM org.ccnx.ccn.impl.sync.SliceComparator doComparison
O MAIS DETALHADO: Compare LEAF =04F7A143667F594F74B6B7C8C826B63D9DA7DAAA6A220B24C7FB15280B67E9868D to LEAF =09263ACEA556DB6888F77772A46DE8ED3044E7C3DF272A7681A88224D8CD6C9EEB
Jan 15, 2015 6:21:36 PM org.ccnx.ccn.impl.sync.SliceComparator doComparison
O MAIS DETALHADO: name X is 0, pos X is 6, name Y is 0, pos Y is 6 comp is 0
Jan 15, 2015 6:21:36 PM org.ccnx.ccn.impl.sync.SliceComparator doComparison
O MAIS DETALHADO: name X (expanded) is /ccnx.org/test/SyncTestRepo-15-01-15-18.20.23/ccnSyncTest/slice10/round19/randomFile/=FD054B82F5D1E7/=00/nzg3P=C327F6FF20CFA7F2E409B8852A560054756EA06B6705234B587505, name Y (expanded) is /ccnx.org/test/SyncTestRepo-15-01-15-18.20.23/ccnSyncTest/slice10/round19/randomFile/=FD054B82F5D1E7/=00/nzg3P=C327F6FF20CFA7F2E409B8852A560054756EA06B6705234B587505
Jan 15, 2015 6:21:36 PM org.ccnx.ccn.impl.sync.SliceComparator doComparison
O MAIS DETALHADO: Compare LEAF =04F7A143667F594F74B6B7C8C826B63D9DA7DAAA6A220B24C7FB15280B67E9868D to LEAF =09263ACEA556DB6888F77772A46DE8ED3044E7C3DF272A7681A88224D8CD6C9EEB
Jan 15, 2015 6:21:36 PM org.ccnx.ccn.impl.sync.SliceComparator doComparison
O MAIS DETALHADO: name X is 0, pos X is 7, name Y is 0, pos Y is 7 comp is 0
Jan 15, 2015 6:21:36 PM org.ccnx.ccn.impl.sync.SliceComparator doComparison
O MAIS DETALHADO: name X (expanded) is /ccnx.org/test/SyncTestRepo-15-01-15-18.20.23/ccnSyncTest/slice10/round19/randomFile/=FD054B82F5D1E7/%C1.META.M/.header/=FD054B82F5D221/=00/=87D2E4F4A4BD711CF9071FF970C0C90F23151A774D37E44AD42F5682C48A0B66, name Y (expanded) is /ccnx.org/test/SyncTestRepo-15-01-15-18.20.23/ccnSyncTest/slice10/round19/randomFile/=FD054B82F5D1E7/%C1.META.M/.header/=FD054B82F5D221/=00/=87D2E4F4A4BD711CF9071FF970C0C90F23151A774D37E44AD42F5682C48A0B66
Jan 15, 2015 6:21:36 PM org.ccnx.ccn.impl.sync.SliceComparator doComparison
O MAIS DETALHADO: Compare LEAF =04F7A143667F594F74B6B7C8C826B63D9DA7DAAA6A220B24C7FB15280B67E9868D to LEAF =09263ACEA556DB6888F77772A46DE8ED3044E7C3DF272A7681A88224D8CD6C9EEB
Jan 15, 2015 6:21:36 PM org.ccnx.ccn.impl.sync.SliceComparator doComparison
O MAIS DETALHADO: name X is 0, pos X is 8, name Y is 0, pos Y is 8 comp is 0
Jan 15, 2015 6:21:36 PM org.ccnx.ccn.impl.sync.SliceComparator doComparison
O MAIS DETALHADO: name X (expanded) is /ccnx.org/test/SyncTestRepo-15-01-15-18.20.23/ccnSyncTest/slice10/round20/randomFile/=FD054B82F5DB06/=00/=94F2D2AAD95E14E9EB32A11ED21A8CA6272D6744E3330853151F7F9F9E019BE5, name Y (expanded) is /ccnx.org/test/SyncTestRepo-15-01-15-18.20.23/ccnSyncTest/slice10/round20/randomFile/=FD054B82F5DB06/=00/=94F2D2AAD95E14E9EB32A11ED21A8CA6272D6744E3330853151F7F9F9E019BE5
Jan 15, 2015 6:21:36 PM org.ccnx.ccn.impl.sync.SliceComparator doComparison
O MAIS DETALHADO: Compare LEAF =04F7A143667F594F74B6B7C8C826B63D9DA7DAAA6A220B24C7FB15280B67E9868D to LEAF =09263ACEA556DB6888F77772A46DE8ED3044E7C3DF272A7681A88224D8CD6C9EEB
Jan 15, 2015 6:21:36 PM org.ccnx.ccn.impl.sync.SliceComparator doComparison
O MAIS DETALHADO: name X is 0, pos X is 9, name Y is 0, pos Y is 9 comp is 0
Jan 15, 2015 6:21:36 PM org.ccnx.ccn.impl.sync.SliceComparator doComparison
O MAIS DETALHADO: name X (expanded) is /ccnx.org/test/SyncTestRepo-15-01-15-18.20.23/ccnSyncTest/slice10/round20/randomFile/=FD054B82F5DB06/%C1.META.M/.header/=FD054B82F5DB3F/=00/=0327D34667E04E751E838938DA66EE183B5D5319AD25208E4EEA3EFD5187DFDA, name Y (expanded) is /ccnx.org/test/SyncTestRepo-15-01-15-18.20.23/ccnSyncTest/slice10/round20/randomFile/=FD054B82F5DB06/%C1.META.M/.header/=FD054B82F5DB3F/=00/=0327D34667E04E751E838938DA66EE183B5D5319AD25208E4EEA3EFD5187DFDA
Jan 15, 2015 6:21:36 PM org.ccnx.ccn.impl.sync.SliceComparator doComparison
O MAIS DETALHADO: Compare NODE =0DE93C8117333D78BD02199C9284FD6C4194122DDEDDD957318934FF5B29180856 to LEAF =09263ACEA556DB6888F77772A46DE8ED3044E7C3DF272A7681A88224D8CD6C9EEB, resMin is 1, resMax is -1
Jan 15, 2015 6:21:36 PM org.ccnx.ccn.impl.sync.SliceComparator doComparison
O MAIS DETALHADO: minname is 0, maxname is 0, pos X is 2, pos Y is 10
Jan 15, 2015 6:21:36 PM org.ccnx.ccn.impl.sync.SliceComparator doComparison
O MAIS DETALHADO: Compare LEAF =031847F4FD5642B5E4E65157EF9178E6564380E226EEDAAF3E7742353CDD7DC197 to LEAF =09263ACEA556DB6888F77772A46DE8ED3044E7C3DF272A7681A88224D8CD6C9EEB
Jan 15, 2015 6:21:36 PM org.ccnx.ccn.impl.sync.SliceComparator doComparison
O MAIS DETALHADO: name X is 0, pos X is 0, name Y is 0, pos Y is 10 comp is 0
Jan 15, 2015 6:21:36 PM org.ccnx.ccn.impl.sync.SliceComparator doComparison
O MAIS DETALHADO: name X (expanded) is /ccnx.org/test/SyncTestRepo-15-01-15-18.20.23/ccnSyncTest/slice10/round21/randomFile/=FD054B82F5E41D/=00/%81v=11100BD1950F5228760141B55709E0A91045B40720DAB0782DCC6F0256FF, name Y (expanded) is /ccnx.org/test/SyncTestRepo-15-01-15-18.20.23/ccnSyncTest/slice10/round21/randomFile/=FD054B82F5E41D/=00/%81v=11100BD1950F5228760141B55709E0A91045B40720DAB0782DCC6F0256FF
Jan 15, 2015 6:21:36 PM org.ccnx.ccn.impl.sync.SliceComparator doComparison
O MAIS DETALHADO: Compare LEAF =031847F4FD5642B5E4E65157EF9178E6564380E226EEDAAF3E7742353CDD7DC197 to LEAF =09263ACEA556DB6888F77772A46DE8ED3044E7C3DF272A7681A88224D8CD6C9EEB
Jan 15, 2015 6:21:36 PM org.ccnx.ccn.impl.sync.SliceComparator doComparison
O MAIS DETALHADO: name X is 0, pos X is 1, name Y is 0, pos Y is 11 comp is 0
Jan 15, 2015 6:21:36 PM org.ccnx.ccn.impl.sync.SliceComparator doComparison
O MAIS DETALHADO: name X (expanded) is /ccnx.org/test/SyncTestRepo-15-01-15-18.20.23/ccnSyncTest/slice10/round21/randomFile/=FD054B82F5E41D/%C1.META.M/.header/=FD054B82F5E48B/=00/U=2BDDA4AFCB9BC8FBD9C3E9013EE52508639C0C2E623CE389011207E17837C6, name Y (expanded) is /ccnx.org/test/SyncTestRepo-15-01-15-18.20.23/ccnSyncTest/slice10/round21/randomFile/=FD054B82F5E41D/%C1.META.M/.header/=FD054B82F5E48B/=00/U=2BDDA4AFCB9BC8FBD9C3E9013EE52508639C0C2E623CE389011207E17837C6
Jan 15, 2015 6:21:36 PM org.ccnx.ccn.impl.sync.SliceComparator doComparison
O MAIS DETALHADO: Compare LEAF =031847F4FD5642B5E4E65157EF9178E6564380E226EEDAAF3E7742353CDD7DC197 to LEAF =09263ACEA556DB6888F77772A46DE8ED3044E7C3DF272A7681A88224D8CD6C9EEB
Jan 15, 2015 6:21:36 PM org.ccnx.ccn.impl.sync.SliceComparator doComparison
O MAIS DETALHADO: name X is 0, pos X is 2, name Y is 0, pos Y is 12 comp is 0
Jan 15, 2015 6:21:36 PM org.ccnx.ccn.impl.sync.SliceComparator doComparison
O MAIS DETALHADO: name X (expanded) is /ccnx.org/test/SyncTestRepo-15-01-15-18.20.23/ccnSyncTest/slice10/round22/randomFile/=FD054B82F5ED0E/=00/y%B7o=E1FE885DC462C96E59D02F922A9D0639E4FCB2982B9CBB5A9E266EC3FF, name Y (expanded) is /ccnx.org/test/SyncTestRepo-15-01-15-18.20.23/ccnSyncTest/slice10/round22/randomFile/=FD054B82F5ED0E/=00/y%B7o=E1FE885DC462C96E59D02F922A9D0639E4FCB2982B9CBB5A9E266EC3FF
Jan 15, 2015 6:21:36 PM org.ccnx.ccn.impl.sync.SliceComparator doComparison
O MAIS DETALHADO: Compare LEAF =031847F4FD5642B5E4E65157EF9178E6564380E226EEDAAF3E7742353CDD7DC197 to LEAF =09263ACEA556DB6888F77772A46DE8ED3044E7C3DF272A7681A88224D8CD6C9EEB
Jan 15, 2015 6:21:36 PM org.ccnx.ccn.impl.sync.SliceComparator doComparison
O MAIS DETALHADO: name X is 0, pos X is 3, name Y is 0, pos Y is 13 comp is 0
Jan 15, 2015 6:21:36 PM org.ccnx.ccn.impl.sync.SliceComparator doComparison
O MAIS DETALHADO: name X (expanded) is /ccnx.org/test/SyncTestRepo-15-01-15-18.20.23/ccnSyncTest/slice10/round22/randomFile/=FD054B82F5ED0E/%C1.META.M/.header/=FD054B82F5ED48/=00/=AF85132C57917D740BDC2F924FE603AE05A674D6BECF07105345134E4164E529, name Y (expanded) is /ccnx.org/test/SyncTestRepo-15-01-15-18.20.23/ccnSyncTest/slice10/round22/randomFile/=FD054B82F5ED0E/%C1.META.M/.header/=FD054B82F5ED48/=00/=AF85132C57917D740BDC2F924FE603AE05A674D6BECF07105345134E4164E529
Jan 15, 2015 6:21:36 PM org.ccnx.ccn.impl.sync.SliceComparator doComparison
O MAIS DETALHADO: Compare LEAF =031847F4FD5642B5E4E65157EF9178E6564380E226EEDAAF3E7742353CDD7DC197 to LEAF =09263ACEA556DB6888F77772A46DE8ED3044E7C3DF272A7681A88224D8CD6C9EEB
Jan 15, 2015 6:21:36 PM org.ccnx.ccn.impl.sync.SliceComparator doComparison
O MAIS DETALHADO: name X is 0, pos X is 4, name Y is 0, pos Y is 14 comp is 0
Jan 15, 2015 6:21:36 PM org.ccnx.ccn.impl.sync.SliceComparator doComparison
O MAIS DETALHADO: name X (expanded) is /ccnx.org/test/SyncTestRepo-15-01-15-18.20.23/ccnSyncTest/slice10/round23/randomFile/=FD054B82F5F639/=00/=90913F0035EA159FEED7E50A50458B36DDE7918F5F7955C163CDA5C718B574B7, name Y (expanded) is /ccnx.org/test/SyncTestRepo-15-01-15-18.20.23/ccnSyncTest/slice10/round23/randomFile/=FD054B82F5F639/=00/=90913F0035EA159FEED7E50A50458B36DDE7918F5F7955C163CDA5C718B574B7
Jan 15, 2015 6:21:36 PM org.ccnx.ccn.impl.sync.SliceComparator doComparison
O MAIS DETALHADO: Compare LEAF =031847F4FD5642B5E4E65157EF9178E6564380E226EEDAAF3E7742353CDD7DC197 to LEAF =09263ACEA556DB6888F77772A46DE8ED3044E7C3DF272A7681A88224D8CD6C9EEB
Jan 15, 2015 6:21:36 PM org.ccnx.ccn.impl.sync.SliceComparator doComparison
O MAIS DETALHADO: name X is 0, pos X is 5, name Y is 0, pos Y is 15 comp is 0
Jan 15, 2015 6:21:36 PM org.ccnx.ccn.impl.sync.SliceComparator doComparison
O MAIS DETALHADO: name X (expanded) is /ccnx.org/test/SyncTestRepo-15-01-15-18.20.23/ccnSyncTest/slice10/round23/randomFile/=FD054B82F5F639/%C1.META.M/.header/=FD054B82F5F67B/=00/2=21E841E2E9D639FFEA27D95B6AAFD229074D9972A4373B9076301ED559F9C4, name Y (expanded) is /ccnx.org/test/SyncTestRepo-15-01-15-18.20.23/ccnSyncTest/slice10/round23/randomFile/=FD054B82F5F639/%C1.META.M/.header/=FD054B82F5F67B/=00/2=21E841E2E9D639FFEA27D95B6AAFD229074D9972A4373B9076301ED559F9C4
Jan 15, 2015 6:21:36 PM org.ccnx.ccn.impl.sync.SliceComparator doComparison
O MAIS DETALHADO: Compare LEAF =031847F4FD5642B5E4E65157EF9178E6564380E226EEDAAF3E7742353CDD7DC197 to LEAF =09263ACEA556DB6888F77772A46DE8ED3044E7C3DF272A7681A88224D8CD6C9EEB
Jan 15, 2015 6:21:36 PM org.ccnx.ccn.impl.sync.SliceComparator doComparison
O MAIS DETALHADO: name X is 0, pos X is 6, name Y is 0, pos Y is 16 comp is 1
Jan 15, 2015 6:21:36 PM org.ccnx.ccn.impl.sync.SliceComparator doComparison
O MAIS DETALHADO: name X (expanded) is /ccnx.org/test/SyncTestRepo-15-01-15-18.20.23/ccnSyncTest/slice10/randomFile/=FD054B82F53F79/=00/=3CBEB0282FE72CD7F7CF0696455493A1CE4F4E488F469319834E10584FC5C583, name Y (expanded) is /ccnx.org/test/SyncTestRepo-15-01-15-18.20.23/ccnSyncTest/slice10/round24/randomFile/=FD054B82F5FF64/=00/=EAE3BE028BED84466DD9599174AEF02EF195603635C62DBC39ABA1C11E44AF4A
Jan 15, 2015 6:21:36 PM org.ccnx.ccn.profiles.sync.SyncTestRepo doHandleContentName
INFORMAÇÕES: Number 1: Callback for name: /ccnx.org/test/SyncTestRepo-15-01-15-18.20.23/ccnSyncTest/slice10/round24/randomFile/=FD054B82F5FF64/=00 - number is 0
Jan 15, 2015 6:21:36 PM org.ccnx.ccn.impl.sync.SliceComparator doComparison
O MAIS DETALHADO: Compare LEAF =031847F4FD5642B5E4E65157EF9178E6564380E226EEDAAF3E7742353CDD7DC197 to LEAF =09263ACEA556DB6888F77772A46DE8ED3044E7C3DF272A7681A88224D8CD6C9EEB
Jan 15, 2015 6:21:36 PM org.ccnx.ccn.impl.sync.SliceComparator doComparison
O MAIS DETALHADO: name X is 0, pos X is 6, name Y is 0, pos Y is 17 comp is 1
Jan 15, 2015 6:21:36 PM org.ccnx.ccn.impl.sync.SliceComparator doComparison
O MAIS DETALHADO: name X (expanded) is /ccnx.org/test/SyncTestRepo-15-01-15-18.20.23/ccnSyncTest/slice10/randomFile/=FD054B82F53F79/=00/=3CBEB0282FE72CD7F7CF0696455493A1CE4F4E488F469319834E10584FC5C583, name Y (expanded) is /ccnx.org/test/SyncTestRepo-15-01-15-18.20.23/ccnSyncTest/slice10/round24/randomFile/=FD054B82F5FF64/%C1.META.M/.header/=FD054B82F5FF9E/=00/%2Bm=D83EF551DEE8EC94F85B410AD90D67F6D717E07E74BEFC7F25CF69C0A77D
Jan 15, 2015 6:21:36 PM org.ccnx.ccn.profiles.sync.SyncTestRepo doHandleContentName
INFORMAÇÕES: Number 1: Callback for name: /ccnx.org/test/SyncTestRepo-15-01-15-18.20.23/ccnSyncTest/slice10/round24/randomFile/=FD054B82F5FF64/%C1.META.M/.header/=FD054B82F5FF9E/=00 - number is header
Jan 15, 2015 6:21:36 PM org.ccnx.ccn.impl.sync.SliceComparator doComparison
O MAIS DETALHADO: Compare LEAF =031847F4FD5642B5E4E65157EF9178E6564380E226EEDAAF3E7742353CDD7DC197 to LEAF =09263ACEA556DB6888F77772A46DE8ED3044E7C3DF272A7681A88224D8CD6C9EEB
Jan 15, 2015 6:21:36 PM org.ccnx.ccn.impl.sync.SliceComparator doComparison
O MAIS DETALHADO: name X is 0, pos X is 6, name Y is 0, pos Y is 18 comp is 0
Jan 15, 2015 6:21:36 PM org.ccnx.ccn.impl.sync.SliceComparator doComparison
O MAIS DETALHADO: name X (expanded) is /ccnx.org/test/SyncTestRepo-15-01-15-18.20.23/ccnSyncTest/slice10/randomFile/=FD054B82F53F79/=00/=3CBEB0282FE72CD7F7CF0696455493A1CE4F4E488F469319834E10584FC5C583, name Y (expanded) is /ccnx.org/test/SyncTestRepo-15-01-15-18.20.23/ccnSyncTest/slice10/randomFile/=FD054B82F53F79/=00/=3CBEB0282FE72CD7F7CF0696455493A1CE4F4E488F469319834E10584FC5C583
Jan 15, 2015 6:21:36 PM org.ccnx.ccn.impl.sync.SliceComparator doComparison
O MAIS DETALHADO: Compare LEAF =031847F4FD5642B5E4E65157EF9178E6564380E226EEDAAF3E7742353CDD7DC197 to LEAF =09263ACEA556DB6888F77772A46DE8ED3044E7C3DF272A7681A88224D8CD6C9EEB
Jan 15, 2015 6:21:36 PM org.ccnx.ccn.impl.sync.SliceComparator doComparison
O MAIS DETALHADO: name X is 0, pos X is 7, name Y is 0, pos Y is 19 comp is 0
Jan 15, 2015 6:21:36 PM org.ccnx.ccn.impl.sync.SliceComparator doComparison
O MAIS DETALHADO: name X (expanded) is /ccnx.org/test/SyncTestRepo-15-01-15-18.20.23/ccnSyncTest/slice10/randomFile/=FD054B82F53F79/%C1.META.M/.header/=FD054B82F53FB2/=00/=18F7ABCFFBD0912243186C9F3D6A45A3E28959A7EF8B922DD636A13DE75A55AC, name Y (expanded) is /ccnx.org/test/SyncTestRepo-15-01-15-18.20.23/ccnSyncTest/slice10/randomFile/=FD054B82F53F79/%C1.META.M/.header/=FD054B82F53FB2/=00/=18F7ABCFFBD0912243186C9F3D6A45A3E28959A7EF8B922DD636A13DE75A55AC
Jan 15, 2015 6:21:36 PM org.ccnx.ccn.impl.sync.SliceComparator updateCurrent
O MAIS DETALHADO: Starting update from hash =0DE93C8117333D78BD02199C9284FD6C4194122DDEDDD957318934FF5B29180856
Jan 15, 2015 6:21:36 PM org.ccnx.ccn.impl.sync.SliceComparator updateCurrent
O MAIS DETALHADO: Update compare - moving to: =05D95348B35DA1736365107BDACCCE484DA8B6A14DCCF3832B16DDA212E3B0C032
Jan 15, 2015 6:21:36 PM org.ccnx.ccn.impl.sync.SliceComparator updateCurrent
O MAIS DETALHADO: Shortcut in update - popping back to =0DE93C8117333D78BD02199C9284FD6C4194122DDEDDD957318934FF5B29180856, pos 1
Jan 15, 2015 6:21:36 PM org.ccnx.ccn.impl.sync.SliceComparator updateCurrent
O MAIS DETALHADO: Update compare - moving to: =04F7A143667F594F74B6B7C8C826B63D9DA7DAAA6A220B24C7FB15280B67E9868D
Jan 15, 2015 6:21:36 PM org.ccnx.ccn.impl.sync.SliceComparator updateCurrent
O MAIS DETALHADO: Shortcut in update - popping back to =0DE93C8117333D78BD02199C9284FD6C4194122DDEDDD957318934FF5B29180856, pos 2
Jan 15, 2015 6:21:36 PM org.ccnx.ccn.impl.sync.SliceComparator updateCurrent
O MAIS DETALHADO: Update compare - moving to: =031847F4FD5642B5E4E65157EF9178E6564380E226EEDAAF3E7742353CDD7DC197
Jan 15, 2015 6:21:36 PM org.ccnx.ccn.impl.sync.SliceComparator updateCurrent
O MAIS DETALHADO: Update compare: name from tree (expanded) is /ccnx.org/test/SyncTestRepo-15-01-15-18.20.23/ccnSyncTest/slice10/round21/randomFile/=FD054B82F5E41D/=00/%81v=11100BD1950F5228760141B55709E0A91045B40720DAB0782DCC6F0256FF, name  is /ccnx.org/test/SyncTestRepo-15-01-15-18.20.23/ccnSyncTest/slice10/round24/randomFile/=FD054B82F5FF64/=00/=EAE3BE028BED84466DD9599174AEF02EF195603635C62DBC39ABA1C11E44AF4A, comp is -1
Jan 15, 2015 6:21:36 PM org.ccnx.ccn.impl.sync.SliceComparator updateCurrent
O MAIS DETALHADO: Update compare: name from tree (expanded) is /ccnx.org/test/SyncTestRepo-15-01-15-18.20.23/ccnSyncTest/slice10/round21/randomFile/=FD054B82F5E41D/%C1.META.M/.header/=FD054B82F5E48B/=00/U=2BDDA4AFCB9BC8FBD9C3E9013EE52508639C0C2E623CE389011207E17837C6, name  is /ccnx.org/test/SyncTestRepo-15-01-15-18.20.23/ccnSyncTest/slice10/round24/randomFile/=FD054B82F5FF64/=00/=EAE3BE028BED84466DD9599174AEF02EF195603635C62DBC39ABA1C11E44AF4A, comp is -1
Jan 15, 2015 6:21:36 PM org.ccnx.ccn.impl.sync.SliceComparator updateCurrent
O MAIS DETALHADO: Update compare: name from tree (expanded) is /ccnx.org/test/SyncTestRepo-15-01-15-18.20.23/ccnSyncTest/slice10/round22/randomFile/=FD054B82F5ED0E/=00/y%B7o=E1FE885DC462C96E59D02F922A9D0639E4FCB2982B9CBB5A9E266EC3FF, name  is /ccnx.org/test/SyncTestRepo-15-01-15-18.20.23/ccnSyncTest/slice10/round24/randomFile/=FD054B82F5FF64/=00/=EAE3BE028BED84466DD9599174AEF02EF195603635C62DBC39ABA1C11E44AF4A, comp is -1
Jan 15, 2015 6:21:36 PM org.ccnx.ccn.impl.sync.SliceComparator updateCurrent
O MAIS DETALHADO: Update compare: name from tree (expanded) is /ccnx.org/test/SyncTestRepo-15-01-15-18.20.23/ccnSyncTest/slice10/round22/randomFile/=FD054B82F5ED0E/%C1.META.M/.header/=FD054B82F5ED48/=00/=AF85132C57917D740BDC2F924FE603AE05A674D6BECF07105345134E4164E529, name  is /ccnx.org/test/SyncTestRepo-15-01-15-18.20.23/ccnSyncTest/slice10/round24/randomFile/=FD054B82F5FF64/=00/=EAE3BE028BED84466DD9599174AEF02EF195603635C62DBC39ABA1C11E44AF4A, comp is -1
Jan 15, 2015 6:21:36 PM org.ccnx.ccn.impl.sync.SliceComparator updateCurrent
O MAIS DETALHADO: Update compare: name from tree (expanded) is /ccnx.org/test/SyncTestRepo-15-01-15-18.20.23/ccnSyncTest/slice10/round23/randomFile/=FD054B82F5F639/=00/=90913F0035EA159FEED7E50A50458B36DDE7918F5F7955C163CDA5C718B574B7, name  is /ccnx.org/test/SyncTestRepo-15-01-15-18.20.23/ccnSyncTest/slice10/round24/randomFile/=FD054B82F5FF64/=00/=EAE3BE028BED84466DD9599174AEF02EF195603635C62DBC39ABA1C11E44AF4A, comp is -1
Jan 15, 2015 6:21:36 PM org.ccnx.ccn.impl.sync.SliceComparator updateCurrent
O MAIS DETALHADO: Update compare: name from tree (expanded) is /ccnx.org/test/SyncTestRepo-15-01-15-18.20.23/ccnSyncTest/slice10/round23/randomFile/=FD054B82F5F639/%C1.META.M/.header/=FD054B82F5F67B/=00/2=21E841E2E9D639FFEA27D95B6AAFD229074D9972A4373B9076301ED559F9C4, name  is /ccnx.org/test/SyncTestRepo-15-01-15-18.20.23/ccnSyncTest/slice10/round24/randomFile/=FD054B82F5FF64/=00/=EAE3BE028BED84466DD9599174AEF02EF195603635C62DBC39ABA1C11E44AF4A, comp is -1
Jan 15, 2015 6:21:36 PM org.ccnx.ccn.impl.sync.SliceComparator updateCurrent
O MAIS DETALHADO: Update compare: name from tree (expanded) is /ccnx.org/test/SyncTestRepo-15-01-15-18.20.23/ccnSyncTest/slice10/randomFile/=FD054B82F53F79/=00/=3CBEB0282FE72CD7F7CF0696455493A1CE4F4E488F469319834E10584FC5C583, name  is /ccnx.org/test/SyncTestRepo-15-01-15-18.20.23/ccnSyncTest/slice10/round24/randomFile/=FD054B82F5FF64/=00/=EAE3BE028BED84466DD9599174AEF02EF195603635C62DBC39ABA1C11E44AF4A, comp is 1
Jan 15, 2015 6:21:36 PM org.ccnx.ccn.impl.sync.SliceComparator updateCurrent
O MAIS DETALHADO: Update: starting redo of names because of /ccnx.org/test/SyncTestRepo-15-01-15-18.20.23/ccnSyncTest/slice10/round24/randomFile/=FD054B82F5FF64/=00/=EAE3BE028BED84466DD9599174AEF02EF195603635C62DBC39ABA1C11E44AF4A at /ccnx.org/test/SyncTestRepo-15-01-15-18.20.23/ccnSyncTest/slice10/round21/randomFile/=FD054B82F5E41D/=00/%81v=11100BD1950F5228760141B55709E0A91045B40720DAB0782DCC6F0256FF
Jan 15, 2015 6:21:36 PM org.ccnx.ccn.io.content.SyncNodeComposite decodeLogging
O MAIS DETALHADO: decode node for %04.=998B3ED782191440BFA9DC4732AF929D0D1975051F51B9AD6CFCCD6583185E depth = 1 refs = 10
Jan 15, 2015 6:21:36 PM org.ccnx.ccn.io.content.SyncNodeComposite decodeLogging
O MAIS DETALHADO: min is 0, max is 0, expanded min is /ccnx.org/test/SyncTestRepo-15-01-15-18.20.23/ccnSyncTest/slice10/round21/randomFile/=FD054B82F5E41D/=00/%81v=11100BD1950F5228760141B55709E0A91045B40720DAB0782DCC6F0256FF, expanded max is /ccnx.org/test/SyncTestRepo-15-01-15-18.20.23/ccnSyncTest/slice10/randomFile/=FD054B82F53F79/%C1.META.M/.header/=FD054B82F53FB2/=00/=18F7ABCFFBD0912243186C9F3D6A45A3E28959A7EF8B922DD636A13DE75A55AC
Jan 15, 2015 6:21:36 PM org.ccnx.ccn.impl.sync.SyncTreeEntry <init>
O MAIS DETALHADO: Found existing node: =0EFF8E1758B47CDBEC5C87EE7F3AB7357DED9E652CF41DF9ACBF5FC6EBB11D5F1D
Jan 15, 2015 6:21:36 PM org.ccnx.ccn.io.content.SyncNodeComposite decodeLogging
O MAIS DETALHADO: decode node for =0EFF8E1758B47CDBEC5C87EE7F3AB7357DED9E652CF41DF9ACBF5FC6EBB11D5F1D depth = 2 refs = 3
Jan 15, 2015 6:21:36 PM org.ccnx.ccn.io.content.SyncNodeComposite decodeLogging
O MAIS DETALHADO: min is 0, max is 0, expanded min is /ccnx.org/test/SyncTestRepo-15-01-15-18.20.23/ccnSyncTest/slice10/round11/randomFile/=FD054B82F588B4/=00/=862C3C8C527D6B204E7FCD4EAF121546BFBA9E26B978EC9010B0DB73EDD734F0, expanded max is /ccnx.org/test/SyncTestRepo-15-01-15-18.20.23/ccnSyncTest/slice10/randomFile/=FD054B82F53F79/%C1.META.M/.header/=FD054B82F53FB2/=00/=18F7ABCFFBD0912243186C9F3D6A45A3E28959A7EF8B922DD636A13DE75A55AC
Jan 15, 2015 6:21:36 PM org.ccnx.ccn.impl.sync.NodeBuilder createHeadRecursive
O MAIS DETALHADO: Creating new compound node - with first element =05D95348B35DA1736365107BDACCCE484DA8B6A14DCCF3832B16DDA212E3B0C032 and last element %04.=998B3ED782191440BFA9DC4732AF929D0D1975051F51B9AD6CFCCD6583185E
Jan 15, 2015 6:21:36 PM org.ccnx.ccn.impl.sync.SliceComparator updateCurrent
INFORMAÇÕES: Resetting current to created head: =0EFF8E1758B47CDBEC5C87EE7F3AB7357DED9E652CF41DF9ACBF5FC6EBB11D5F1D
Jan 15, 2015 6:21:36 PM org.ccnx.ccn.profiles.sync.SyncTestRepo checkCallbacks
DETALHADO: got segment 0
Jan 15, 2015 6:21:36 PM org.ccnx.ccn.profiles.sync.SyncTestRepo checkCallbacks
DETALHADO: received: [true, false] finished: [true, true]
Jan 15, 2015 6:21:36 PM org.ccnx.ccn.profiles.sync.SyncTestRepo checkCallbacks
DETALHADO: got the header
Jan 15, 2015 6:21:36 PM org.ccnx.ccn.profiles.sync.SyncTestRepo checkCallbacks
DETALHADO: received: [true, true] finished: [true, true]
Jan 15, 2015 6:21:36 PM org.ccnx.ccn.profiles.sync.SyncTestRepo checkCallbacks
DETALHADO: got all the segments!
Jan 15, 2015 6:21:36 PM org.ccnx.ccn.profiles.sync.SyncTestRepo checkCallbacks
DETALHADO: trying to loop again looking for segments
Jan 15, 2015 6:21:36 PM org.ccnx.ccn.profiles.sync.SyncTestRepo checkCallbacks
DETALHADO: done looping, returning.
Jan 15, 2015 6:21:36 PM org.ccnx.ccn.impl.CCNFlowControl <init>
INFORMAÇÕES: adding namespace: /ccnx.org/test/SyncTestRepo-15-01-15-18.20.23/ccnSyncTest/slice10/round25/randomFile
Jan 15, 2015 6:21:36 PM org.ccnx.ccn.impl.security.keys.BasicKeyManager getKeyLocator
INFORMAÇÕES: getKeyLocator: returning locator NAME: /ccnx.org/Users/root/Keys/%C1.M.K=009234ADEC47D19E3E6A2AF362D44E09AB6B71F43B1900BA0622FB45F2A5B7D9F6/=FD054AE7DE1000 KEY:-reba89rgbj1o6ata34t5eovcl4kho5s9pnv8nstq15q1ld4g9ga for key kjSt7EfRnj5qKvNi1E4Jq2tx9DsZALoGIvtF8qW32fY=
Jan 15, 2015 6:21:36 PM org.ccnx.ccn.io.CCNAbstractOutputStream <init>
INFORMAÇÕES: CCNAbstractOutputStream: /ccnx.org/test/SyncTestRepo-15-01-15-18.20.23/ccnSyncTest/slice10/round25/randomFile/=FD054B82F60887 blocksize is 4096
Jan 15, 2015 6:21:36 PM org.ccnx.ccn.io.CCNAbstractOutputStream startWrite
INFORMAÇÕES: CCNAbstractOutputStream: startWrite -- searching for keys.
Jan 15, 2015 6:21:36 PM org.ccnx.ccn.profiles.security.access.AccessControlManager keysForOutput
INFORMAÇÕES: keysForOutput: found an acm: (null)
Jan 15, 2015 6:21:36 PM org.ccnx.ccn.impl.repo.RepositoryFlowControl startWrite
INFORMAÇÕES: RepositoryFlowControl.startWrite called for name /ccnx.org/test/SyncTestRepo-15-01-15-18.20.23/ccnSyncTest/slice10/round25/randomFile/=FD054B82F60887, shape STREAM
Jan 15, 2015 6:21:36 PM org.ccnx.ccn.impl.repo.RepositoryFlowControl handleContent
INFORMAÇÕES: handleContent: got potential repo message: /ccnx.org/test/SyncTestRepo-15-01-15-18.20.23/ccnSyncTest/slice10/round25/randomFile/=FD054B82F60887/%C1.R.sw/%C1.N=00FF0421A84C501223
Jan 15, 2015 6:21:36 PM org.ccnx.ccn.profiles.sync.SyncTestCommon writeFile
DETALHADO: bytes: 4096 block size: 4096 div: 1.0 ceil: 1
Jan 15, 2015 6:21:36 PM org.ccnx.ccn.profiles.sync.SyncTestCommon writeFile
DETALHADO: will write out a 4096 byte file, will have 2 segments (1 is a header)
Jan 15, 2015 6:21:36 PM org.ccnx.ccn.io.CCNOutputStream flushToNetwork
INFORMAÇÕES: flush: outputting to the segmenter, baseName /ccnx.org/test/SyncTestRepo-15-01-15-18.20.23/ccnSyncTest/slice10/round25/randomFile/=FD054B82F60887 basenameindex =00; 4096 bytes written, holding back 4096 flushing final blocks? false.
Jan 15, 2015 6:21:36 PM org.ccnx.ccn.io.CCNOutputStream flushToNetwork
INFORMAÇÕES: HEADER: CCNOutputStream: flushToNetwork: new _baseNameIndex 0
Jan 15, 2015 6:21:36 PM org.ccnx.ccn.io.CCNOutputStream flushToNetwork
INFORMAÇÕES: flush: outputting to the segmenter, baseName /ccnx.org/test/SyncTestRepo-15-01-15-18.20.23/ccnSyncTest/slice10/round25/randomFile/=FD054B82F60887 basenameindex =00; 4096 bytes written, holding back 4096 flushing final blocks? false.
Jan 15, 2015 6:21:36 PM org.ccnx.ccn.io.CCNOutputStream flushToNetwork
INFORMAÇÕES: HEADER: CCNOutputStream: flushToNetwork: new _baseNameIndex 0
Jan 15, 2015 6:21:36 PM org.ccnx.ccn.io.CCNOutputStream flushToNetwork
INFORMAÇÕES: flush: outputting to the segmenter, baseName /ccnx.org/test/SyncTestRepo-15-01-15-18.20.23/ccnSyncTest/slice10/round25/randomFile/=FD054B82F60887 basenameindex =00; 4096 bytes written, holding back 0 flushing final blocks? true.
Jan 15, 2015 6:21:36 PM org.ccnx.ccn.io.CCNOutputStream flushToNetwork
INFORMAÇÕES: HEADER: CCNOutputStream: flushToNetwork: new _baseNameIndex 1
Jan 15, 2015 6:21:36 PM org.ccnx.ccn.io.CCNAbstractOutputStream <init>
INFORMAÇÕES: CCNAbstractOutputStream: /ccnx.org/test/SyncTestRepo-15-01-15-18.20.23/ccnSyncTest/slice10/round25/randomFile/=FD054B82F60887/%C1.META.M/.header/=FD054B82F608C5 blocksize is 4096
Jan 15, 2015 6:21:36 PM org.ccnx.ccn.io.CCNAbstractOutputStream startWrite
INFORMAÇÕES: CCNAbstractOutputStream: startWrite -- searching for keys.
Jan 15, 2015 6:21:36 PM org.ccnx.ccn.profiles.security.access.AccessControlManager keysForOutput
INFORMAÇÕES: keysForOutput: found an acm: (null)
Jan 15, 2015 6:21:36 PM org.ccnx.ccn.impl.repo.RepositoryFlowControl startWrite
INFORMAÇÕES: RepositoryFlowControl.startWrite called for name /ccnx.org/test/SyncTestRepo-15-01-15-18.20.23/ccnSyncTest/slice10/round25/randomFile/=FD054B82F60887/%C1.META.M/.header/=FD054B82F608C5, shape STREAM
Jan 15, 2015 6:21:36 PM org.ccnx.ccn.impl.repo.RepositoryFlowControl handleContent
INFORMAÇÕES: handleContent: got potential repo message: /ccnx.org/test/SyncTestRepo-15-01-15-18.20.23/ccnSyncTest/slice10/round25/randomFile/=FD054B82F60887/%C1.META.M/.header/=FD054B82F608C5/%C1.R.sw/%C1.N=00FF8EA143880C054A
Jan 15, 2015 6:21:36 PM org.ccnx.ccn.io.CCNOutputStream flushToNetwork
INFORMAÇÕES: flush: outputting to the segmenter, baseName /ccnx.org/test/SyncTestRepo-15-01-15-18.20.23/ccnSyncTest/slice10/round25/randomFile/=FD054B82F60887/%C1.META.M/.header/=FD054B82F608C5 basenameindex =00; 66 bytes written, holding back 66 flushing final blocks? false.
Jan 15, 2015 6:21:36 PM org.ccnx.ccn.io.CCNOutputStream flushToNetwork
INFORMAÇÕES: HEADER: CCNOutputStream: flushToNetwork: new _baseNameIndex 0
Jan 15, 2015 6:21:36 PM org.ccnx.ccn.io.CCNOutputStream flushToNetwork
INFORMAÇÕES: flush: outputting to the segmenter, baseName /ccnx.org/test/SyncTestRepo-15-01-15-18.20.23/ccnSyncTest/slice10/round25/randomFile/=FD054B82F60887/%C1.META.M/.header/=FD054B82F608C5 basenameindex =00; 66 bytes written, holding back 66 flushing final blocks? false.
Jan 15, 2015 6:21:36 PM org.ccnx.ccn.io.CCNOutputStream flushToNetwork
INFORMAÇÕES: HEADER: CCNOutputStream: flushToNetwork: new _baseNameIndex 0
Jan 15, 2015 6:21:36 PM org.ccnx.ccn.io.CCNOutputStream flushToNetwork
INFORMAÇÕES: flush: outputting to the segmenter, baseName /ccnx.org/test/SyncTestRepo-15-01-15-18.20.23/ccnSyncTest/slice10/round25/randomFile/=FD054B82F60887/%C1.META.M/.header/=FD054B82F608C5 basenameindex =00; 66 bytes written, holding back 0 flushing final blocks? true.
Jan 15, 2015 6:21:36 PM org.ccnx.ccn.io.CCNOutputStream flushToNetwork
INFORMAÇÕES: HEADER: CCNOutputStream: flushToNetwork: new _baseNameIndex 1
Jan 15, 2015 6:21:36 PM org.ccnx.ccn.io.CCNOutputStream close
INFORMAÇÕES: CCNOutputStream close: /ccnx.org/test/SyncTestRepo-15-01-15-18.20.23/ccnSyncTest/slice10/round25/randomFile/=FD054B82F60887/%C1.META.M/.header/=FD054B82F608C5
Jan 15, 2015 6:21:36 PM org.ccnx.ccn.io.CCNOutputStream close
INFORMAÇÕES: CCNOutputStream close: /ccnx.org/test/SyncTestRepo-15-01-15-18.20.23/ccnSyncTest/slice10/round25/randomFile/=FD054B82F60887
Jan 15, 2015 6:21:36 PM org.ccnx.ccn.profiles.sync.SyncTestCommon writeFile
INFORMAÇÕES: Wrote file to repository: /ccnx.org/test/SyncTestRepo-15-01-15-18.20.23/ccnSyncTest/slice10/round25/randomFile/=FD054B82F60887 with 2 segments
Jan 15, 2015 6:21:36 PM org.ccnx.ccn.profiles.sync.SyncTestRepo checkCallbacks
DETALHADO: checking for callbacks:  /ccnx.org/test/SyncTestRepo-15-01-15-18.20.23/ccnSyncTest/slice10/round25 segments: 2
Jan 15, 2015 6:21:36 PM org.ccnx.ccn.impl.sync.ProtocolBasedSyncMonitor handleContent
INFORMAÇÕES: Saw new content from sync: /ccnx.org/test/SyncTestRepo-15-01-15-18.20.23/topoPrefix/%C1.S.ra/x%E7U.=86853EF050D99AC7B6E19C29B7AECFA1B2568CAD74E733BCB2443F63/=0EFF8E1758B47CDBEC5C87EE7F3AB7357DED9E652CF41DF9ACBF5FC6EBB11D5F1D/%10VQh=12E2754028D2668B42584BA277C143E0470AD6EC42126D621BBB22309E
Jan 15, 2015 6:21:36 PM org.ccnx.ccn.impl.sync.SliceComparator run
DETALHADO: Starting comparator run - state is INIT, sc is org.ccnx.ccn.impl.sync.SliceComparator@ca0898b, this is the lead
Jan 15, 2015 6:21:36 PM org.ccnx.ccn.impl.encoding.BinaryXMLDecoder setElement
INFORMAÇÕES: Reset decode array sizes to 150
Jan 15, 2015 6:21:36 PM org.ccnx.ccn.io.content.SyncNodeComposite decodeLogging
O MAIS DETALHADO: decode node for %10VQh=12E2754028D2668B42584BA277C143E0470AD6EC42126D621BBB22309E depth = 2 refs = 3
Jan 15, 2015 6:21:36 PM org.ccnx.ccn.io.content.SyncNodeComposite decodeLogging
O MAIS DETALHADO: min is 0, max is 0, expanded min is /ccnx.org/test/SyncTestRepo-15-01-15-18.20.23/ccnSyncTest/slice10/round11/randomFile/=FD054B82F588B4/=00/=862C3C8C527D6B204E7FCD4EAF121546BFBA9E26B978EC9010B0DB73EDD734F0, expanded max is /ccnx.org/test/SyncTestRepo-15-01-15-18.20.23/ccnSyncTest/slice10/randomFile/=FD054B82F53F79/%C1.META.M/.header/=FD054B82F53FB2/=00/=18F7ABCFFBD0912243186C9F3D6A45A3E28959A7EF8B922DD636A13DE75A55AC
Jan 15, 2015 6:21:36 PM org.ccnx.ccn.impl.sync.SliceComparator run
INFORMAÇÕES: Starting new round with X = =0EFF8E1758B47CDBEC5C87EE7F3AB7357DED9E652CF41DF9ACBF5FC6EBB11D5F1D and Y = %10VQh=12E2754028D2668B42584BA277C143E0470AD6EC42126D621BBB22309E
Jan 15, 2015 6:21:36 PM org.ccnx.ccn.impl.sync.ProtocolBasedSyncMonitor requestNode
DETALHADO: Requesting node for hash: /ccnx.org/test/SyncTestRepo-15-01-15-18.20.23/topoPrefix/%C1.S.nf/x%E7U.=86853EF050D99AC7B6E19C29B7AECFA1B2568CAD74E733BCB2443F63/=05855CDBF9057A7D50B69E469F64C71C8C70B2948F1BD8444F007A97FD6F87E9DF
Jan 15, 2015 6:21:36 PM org.ccnx.ccn.impl.sync.SliceComparator doComparison
O MAIS DETALHADO: Skipping covered subentry =05D95348B35DA1736365107BDACCCE484DA8B6A14DCCF3832B16DDA212E3B0C032
Jan 15, 2015 6:21:36 PM org.ccnx.ccn.impl.sync.SliceComparator doComparison
O MAIS DETALHADO: Compare NODE =0EFF8E1758B47CDBEC5C87EE7F3AB7357DED9E652CF41DF9ACBF5FC6EBB11D5F1D to NODE %10VQh=12E2754028D2668B42584BA277C143E0470AD6EC42126D621BBB22309E
Jan 15, 2015 6:21:36 PM org.ccnx.ccn.impl.sync.SliceComparator doComparison
O MAIS DETALHADO: pos X is 0, pos Y is 1
Jan 15, 2015 6:21:36 PM org.ccnx.ccn.impl.sync.SliceComparator doComparison
O MAIS DETALHADO: Pushing X entry =05D95348B35DA1736365107BDACCCE484DA8B6A14DCCF3832B16DDA212E3B0C032 and Y entry =04F7A143667F594F74B6B7C8C826B63D9DA7DAAA6A220B24C7FB15280B67E9868D
Jan 15, 2015 6:21:36 PM org.ccnx.ccn.impl.sync.SliceComparator doComparison
O MAIS DETALHADO: Compare LEAF =05D95348B35DA1736365107BDACCCE484DA8B6A14DCCF3832B16DDA212E3B0C032 to LEAF =04F7A143667F594F74B6B7C8C826B63D9DA7DAAA6A220B24C7FB15280B67E9868D
Jan 15, 2015 6:21:36 PM org.ccnx.ccn.impl.sync.SliceComparator doComparison
O MAIS DETALHADO: name X is 0, pos X is 0, name Y is 0, pos Y is 0 comp is -1
Jan 15, 2015 6:21:36 PM org.ccnx.ccn.impl.sync.SliceComparator doComparison
O MAIS DETALHADO: name X (expanded) is /ccnx.org/test/SyncTestRepo-15-01-15-18.20.23/ccnSyncTest/slice10/round11/randomFile/=FD054B82F588B4/=00/=862C3C8C527D6B204E7FCD4EAF121546BFBA9E26B978EC9010B0DB73EDD734F0, name Y (expanded) is /ccnx.org/test/SyncTestRepo-15-01-15-18.20.23/ccnSyncTest/slice10/round16/randomFile/=FD054B82F5B673/=00/pU=A6A22546186B9FAC4EB8A07C1FBB995F82DA30BC632446C0DCD7E521AAF7
Jan 15, 2015 6:21:36 PM org.ccnx.ccn.impl.sync.SliceComparator doComparison
O MAIS DETALHADO: Shortcut - popping X back to =0EFF8E1758B47CDBEC5C87EE7F3AB7357DED9E652CF41DF9ACBF5FC6EBB11D5F1D, pos 1
Jan 15, 2015 6:21:36 PM org.ccnx.ccn.impl.sync.SliceComparator doComparison
O MAIS DETALHADO: Compare NODE =0EFF8E1758B47CDBEC5C87EE7F3AB7357DED9E652CF41DF9ACBF5FC6EBB11D5F1D to LEAF =04F7A143667F594F74B6B7C8C826B63D9DA7DAAA6A220B24C7FB15280B67E9868D, resMin is 1, resMax is -1
Jan 15, 2015 6:21:36 PM org.ccnx.ccn.impl.sync.SliceComparator doComparison
O MAIS DETALHADO: minname is 0, maxname is 0, pos X is 1, pos Y is 0
Jan 15, 2015 6:21:36 PM org.ccnx.ccn.impl.sync.SliceComparator.NodeFetchHandler handleContent
DETALHADO: Saw data from nodefind: hash: =05855CDBF9057A7D50B69E469F64C71C8C70B2948F1BD8444F007A97FD6F87E9DF
Jan 15, 2015 6:21:36 PM org.ccnx.ccn.impl.sync.SliceComparator doComparison
O MAIS DETALHADO: Compare LEAF =04F7A143667F594F74B6B7C8C826B63D9DA7DAAA6A220B24C7FB15280B67E9868D to LEAF =04F7A143667F594F74B6B7C8C826B63D9DA7DAAA6A220B24C7FB15280B67E9868D
Jan 15, 2015 6:21:36 PM org.ccnx.ccn.impl.sync.SliceComparator doComparison
O MAIS DETALHADO: name X is 0, pos X is 0, name Y is 0, pos Y is 0 comp is 0
Jan 15, 2015 6:21:36 PM org.ccnx.ccn.impl.sync.SliceComparator doComparison
O MAIS DETALHADO: name X (expanded) is /ccnx.org/test/SyncTestRepo-15-01-15-18.20.23/ccnSyncTest/slice10/round16/randomFile/=FD054B82F5B673/=00/pU=A6A22546186B9FAC4EB8A07C1FBB995F82DA30BC632446C0DCD7E521AAF7, name Y (expanded) is /ccnx.org/test/SyncTestRepo-15-01-15-18.20.23/ccnSyncTest/slice10/round16/randomFile/=FD054B82F5B673/=00/pU=A6A22546186B9FAC4EB8A07C1FBB995F82DA30BC632446C0DCD7E521AAF7
Jan 15, 2015 6:21:36 PM org.ccnx.ccn.impl.sync.SliceComparator doComparison
O MAIS DETALHADO: Compare LEAF =04F7A143667F594F74B6B7C8C826B63D9DA7DAAA6A220B24C7FB15280B67E9868D to LEAF =04F7A143667F594F74B6B7C8C826B63D9DA7DAAA6A220B24C7FB15280B67E9868D
Jan 15, 2015 6:21:36 PM org.ccnx.ccn.impl.sync.SliceComparator doComparison
O MAIS DETALHADO: name X is 0, pos X is 2, name Y is 0, pos Y is 2 comp is 0
Jan 15, 2015 6:21:36 PM org.ccnx.ccn.impl.sync.SliceComparator doComparison
O MAIS DETALHADO: name X (expanded) is /ccnx.org/test/SyncTestRepo-15-01-15-18.20.23/ccnSyncTest/slice10/round17/randomFile/=FD054B82F5BF96/=00/=E4BD59CD3D2193F901F55648B2921C3A07BF4E0D1E47354154CD91CFAB4A836B, name Y (expanded) is /ccnx.org/test/SyncTestRepo-15-01-15-18.20.23/ccnSyncTest/slice10/round17/randomFile/=FD054B82F5BF96/=00/=E4BD59CD3D2193F901F55648B2921C3A07BF4E0D1E47354154CD91CFAB4A836B
Jan 15, 2015 6:21:36 PM org.ccnx.ccn.impl.sync.SliceComparator doComparison
O MAIS DETALHADO: Compare LEAF =04F7A143667F594F74B6B7C8C826B63D9DA7DAAA6A220B24C7FB15280B67E9868D to LEAF =04F7A143667F594F74B6B7C8C826B63D9DA7DAAA6A220B24C7FB15280B67E9868D
Jan 15, 2015 6:21:36 PM org.ccnx.ccn.impl.sync.SliceComparator doComparison
O MAIS DETALHADO: name X is 0, pos X is 4, name Y is 0, pos Y is 4 comp is 0
Jan 15, 2015 6:21:36 PM org.ccnx.ccn.impl.sync.SliceComparator doComparison
O MAIS DETALHADO: name X (expanded) is /ccnx.org/test/SyncTestRepo-15-01-15-18.20.23/ccnSyncTest/slice10/round18/randomFile/=FD054B82F5C8BC/=00/=2BFB388768C7032EF8F8F3569B818A10CF99BB73C2192F5E83ED88B5585C6EF3, name Y (expanded) is /ccnx.org/test/SyncTestRepo-15-01-15-18.20.23/ccnSyncTest/slice10/round18/randomFile/=FD054B82F5C8BC/=00/=2BFB388768C7032EF8F8F3569B818A10CF99BB73C2192F5E83ED88B5585C6EF3
Jan 15, 2015 6:21:36 PM org.ccnx.ccn.impl.sync.SliceComparator doComparison
O MAIS DETALHADO: Compare LEAF =04F7A143667F594F74B6B7C8C826B63D9DA7DAAA6A220B24C7FB15280B67E9868D to LEAF =04F7A143667F594F74B6B7C8C826B63D9DA7DAAA6A220B24C7FB15280B67E9868D
Jan 15, 2015 6:21:36 PM org.ccnx.ccn.impl.sync.SliceComparator doComparison
O MAIS DETALHADO: name X is 0, pos X is 6, name Y is 0, pos Y is 6 comp is 0
Jan 15, 2015 6:21:36 PM org.ccnx.ccn.impl.sync.SliceComparator doComparison
O MAIS DETALHADO: name X (expanded) is /ccnx.org/test/SyncTestRepo-15-01-15-18.20.23/ccnSyncTest/slice10/round19/randomFile/=FD054B82F5D1E7/=00/nzg3P=C327F6FF20CFA7F2E409B8852A560054756EA06B6705234B587505, name Y (expanded) is /ccnx.org/test/SyncTestRepo-15-01-15-18.20.23/ccnSyncTest/slice10/round19/randomFile/=FD054B82F5D1E7/=00/nzg3P=C327F6FF20CFA7F2E409B8852A560054756EA06B6705234B587505
Jan 15, 2015 6:21:36 PM org.ccnx.ccn.impl.sync.SliceComparator doComparison
O MAIS DETALHADO: Compare LEAF =04F7A143667F594F74B6B7C8C826B63D9DA7DAAA6A220B24C7FB15280B67E9868D to LEAF =04F7A143667F594F74B6B7C8C826B63D9DA7DAAA6A220B24C7FB15280B67E9868D
Jan 15, 2015 6:21:36 PM org.ccnx.ccn.impl.sync.SliceComparator doComparison
O MAIS DETALHADO: name X is 0, pos X is 8, name Y is 0, pos Y is 8 comp is 0
Jan 15, 2015 6:21:36 PM org.ccnx.ccn.impl.sync.SliceComparator doComparison
O MAIS DETALHADO: name X (expanded) is /ccnx.org/test/SyncTestRepo-15-01-15-18.20.23/ccnSyncTest/slice10/round20/randomFile/=FD054B82F5DB06/=00/=94F2D2AAD95E14E9EB32A11ED21A8CA6272D6744E3330853151F7F9F9E019BE5, name Y (expanded) is /ccnx.org/test/SyncTestRepo-15-01-15-18.20.23/ccnSyncTest/slice10/round20/randomFile/=FD054B82F5DB06/=00/=94F2D2AAD95E14E9EB32A11ED21A8CA6272D6744E3330853151F7F9F9E019BE5
Jan 15, 2015 6:21:36 PM org.ccnx.ccn.impl.sync.SliceComparator doComparison
O MAIS DETALHADO: Compare NODE =0EFF8E1758B47CDBEC5C87EE7F3AB7357DED9E652CF41DF9ACBF5FC6EBB11D5F1D to NODE %10VQh=12E2754028D2668B42584BA277C143E0470AD6EC42126D621BBB22309E
Jan 15, 2015 6:21:36 PM org.ccnx.ccn.impl.sync.SliceComparator doComparison
O MAIS DETALHADO: pos X is 2, pos Y is 2
Jan 15, 2015 6:21:36 PM org.ccnx.ccn.io.content.SyncNodeComposite decodeLogging
O MAIS DETALHADO: decode node for =05855CDBF9057A7D50B69E469F64C71C8C70B2948F1BD8444F007A97FD6F87E9DF depth = 1 refs = 12
Jan 15, 2015 6:21:36 PM org.ccnx.ccn.io.content.SyncNodeComposite decodeLogging
O MAIS DETALHADO: min is 0, max is 0, expanded min is /ccnx.org/test/SyncTestRepo-15-01-15-18.20.23/ccnSyncTest/slice10/round21/randomFile/=FD054B82F5E41D/=00/%81v=11100BD1950F5228760141B55709E0A91045B40720DAB0782DCC6F0256FF, expanded max is /ccnx.org/test/SyncTestRepo-15-01-15-18.20.23/ccnSyncTest/slice10/randomFile/=FD054B82F53F79/%C1.META.M/.header/=FD054B82F53FB2/=00/=18F7ABCFFBD0912243186C9F3D6A45A3E28959A7EF8B922DD636A13DE75A55AC
Jan 15, 2015 6:21:36 PM org.ccnx.ccn.impl.sync.SliceComparator doComparison
O MAIS DETALHADO: Pushing X entry %04.=998B3ED782191440BFA9DC4732AF929D0D1975051F51B9AD6CFCCD6583185E and Y entry =05855CDBF9057A7D50B69E469F64C71C8C70B2948F1BD8444F007A97FD6F87E9DF
Jan 15, 2015 6:21:36 PM org.ccnx.ccn.impl.sync.SliceComparator doComparison
O MAIS DETALHADO: Compare LEAF %04.=998B3ED782191440BFA9DC4732AF929D0D1975051F51B9AD6CFCCD6583185E to LEAF =05855CDBF9057A7D50B69E469F64C71C8C70B2948F1BD8444F007A97FD6F87E9DF
Jan 15, 2015 6:21:36 PM org.ccnx.ccn.impl.sync.SliceComparator doComparison
O MAIS DETALHADO: name X is 0, pos X is 0, name Y is 0, pos Y is 0 comp is 0
Jan 15, 2015 6:21:36 PM org.ccnx.ccn.impl.sync.SliceComparator doComparison
O MAIS DETALHADO: name X (expanded) is /ccnx.org/test/SyncTestRepo-15-01-15-18.20.23/ccnSyncTest/slice10/round21/randomFile/=FD054B82F5E41D/=00/%81v=11100BD1950F5228760141B55709E0A91045B40720DAB0782DCC6F0256FF, name Y (expanded) is /ccnx.org/test/SyncTestRepo-15-01-15-18.20.23/ccnSyncTest/slice10/round21/randomFile/=FD054B82F5E41D/=00/%81v=11100BD1950F5228760141B55709E0A91045B40720DAB0782DCC6F0256FF
Jan 15, 2015 6:21:36 PM org.ccnx.ccn.impl.sync.SliceComparator doComparison
O MAIS DETALHADO: Compare LEAF %04.=998B3ED782191440BFA9DC4732AF929D0D1975051F51B9AD6CFCCD6583185E to LEAF =05855CDBF9057A7D50B69E469F64C71C8C70B2948F1BD8444F007A97FD6F87E9DF
Jan 15, 2015 6:21:36 PM org.ccnx.ccn.impl.sync.SliceComparator doComparison
O MAIS DETALHADO: name X is 0, pos X is 1, name Y is 0, pos Y is 1 comp is 0
Jan 15, 2015 6:21:36 PM org.ccnx.ccn.impl.sync.SliceComparator doComparison
O MAIS DETALHADO: name X (expanded) is /ccnx.org/test/SyncTestRepo-15-01-15-18.20.23/ccnSyncTest/slice10/round21/randomFile/=FD054B82F5E41D/%C1.META.M/.header/=FD054B82F5E48B/=00/U=2BDDA4AFCB9BC8FBD9C3E9013EE52508639C0C2E623CE389011207E17837C6, name Y (expanded) is /ccnx.org/test/SyncTestRepo-15-01-15-18.20.23/ccnSyncTest/slice10/round21/randomFile/=FD054B82F5E41D/%C1.META.M/.header/=FD054B82F5E48B/=00/U=2BDDA4AFCB9BC8FBD9C3E9013EE52508639C0C2E623CE389011207E17837C6
Jan 15, 2015 6:21:36 PM org.ccnx.ccn.impl.sync.SliceComparator doComparison
O MAIS DETALHADO: Compare LEAF %04.=998B3ED782191440BFA9DC4732AF929D0D1975051F51B9AD6CFCCD6583185E to LEAF =05855CDBF9057A7D50B69E469F64C71C8C70B2948F1BD8444F007A97FD6F87E9DF
Jan 15, 2015 6:21:36 PM org.ccnx.ccn.impl.sync.SliceComparator doComparison
O MAIS DETALHADO: name X is 0, pos X is 2, name Y is 0, pos Y is 2 comp is 0
Jan 15, 2015 6:21:36 PM org.ccnx.ccn.impl.sync.SliceComparator doComparison
O MAIS DETALHADO: name X (expanded) is /ccnx.org/test/SyncTestRepo-15-01-15-18.20.23/ccnSyncTest/slice10/round22/randomFile/=FD054B82F5ED0E/=00/y%B7o=E1FE885DC462C96E59D02F922A9D0639E4FCB2982B9CBB5A9E266EC3FF, name Y (expanded) is /ccnx.org/test/SyncTestRepo-15-01-15-18.20.23/ccnSyncTest/slice10/round22/randomFile/=FD054B82F5ED0E/=00/y%B7o=E1FE885DC462C96E59D02F922A9D0639E4FCB2982B9CBB5A9E266EC3FF
Jan 15, 2015 6:21:36 PM org.ccnx.ccn.impl.sync.SliceComparator doComparison
O MAIS DETALHADO: Compare LEAF %04.=998B3ED782191440BFA9DC4732AF929D0D1975051F51B9AD6CFCCD6583185E to LEAF =05855CDBF9057A7D50B69E469F64C71C8C70B2948F1BD8444F007A97FD6F87E9DF
Jan 15, 2015 6:21:36 PM org.ccnx.ccn.impl.sync.SliceComparator doComparison
O MAIS DETALHADO: name X is 0, pos X is 3, name Y is 0, pos Y is 3 comp is 0
Jan 15, 2015 6:21:36 PM org.ccnx.ccn.impl.sync.SliceComparator doComparison
O MAIS DETALHADO: name X (expanded) is /ccnx.org/test/SyncTestRepo-15-01-15-18.20.23/ccnSyncTest/slice10/round22/randomFile/=FD054B82F5ED0E/%C1.META.M/.header/=FD054B82F5ED48/=00/=AF85132C57917D740BDC2F924FE603AE05A674D6BECF07105345134E4164E529, name Y (expanded) is /ccnx.org/test/SyncTestRepo-15-01-15-18.20.23/ccnSyncTest/slice10/round22/randomFile/=FD054B82F5ED0E/%C1.META.M/.header/=FD054B82F5ED48/=00/=AF85132C57917D740BDC2F924FE603AE05A674D6BECF07105345134E4164E529
Jan 15, 2015 6:21:36 PM org.ccnx.ccn.impl.sync.SliceComparator doComparison
O MAIS DETALHADO: Compare LEAF %04.=998B3ED782191440BFA9DC4732AF929D0D1975051F51B9AD6CFCCD6583185E to LEAF =05855CDBF9057A7D50B69E469F64C71C8C70B2948F1BD8444F007A97FD6F87E9DF
Jan 15, 2015 6:21:36 PM org.ccnx.ccn.impl.sync.SliceComparator doComparison
O MAIS DETALHADO: name X is 0, pos X is 4, name Y is 0, pos Y is 4 comp is 0
Jan 15, 2015 6:21:36 PM org.ccnx.ccn.impl.sync.SliceComparator doComparison
O MAIS DETALHADO: name X (expanded) is /ccnx.org/test/SyncTestRepo-15-01-15-18.20.23/ccnSyncTest/slice10/round23/randomFile/=FD054B82F5F639/=00/=90913F0035EA159FEED7E50A50458B36DDE7918F5F7955C163CDA5C718B574B7, name Y (expanded) is /ccnx.org/test/SyncTestRepo-15-01-15-18.20.23/ccnSyncTest/slice10/round23/randomFile/=FD054B82F5F639/=00/=90913F0035EA159FEED7E50A50458B36DDE7918F5F7955C163CDA5C718B574B7
Jan 15, 2015 6:21:36 PM org.ccnx.ccn.impl.sync.SliceComparator doComparison
O MAIS DETALHADO: Compare LEAF %04.=998B3ED782191440BFA9DC4732AF929D0D1975051F51B9AD6CFCCD6583185E to LEAF =05855CDBF9057A7D50B69E469F64C71C8C70B2948F1BD8444F007A97FD6F87E9DF
Jan 15, 2015 6:21:36 PM org.ccnx.ccn.impl.sync.SliceComparator doComparison
O MAIS DETALHADO: name X is 0, pos X is 5, name Y is 0, pos Y is 5 comp is 0
Jan 15, 2015 6:21:36 PM org.ccnx.ccn.impl.sync.SliceComparator doComparison
O MAIS DETALHADO: name X (expanded) is /ccnx.org/test/SyncTestRepo-15-01-15-18.20.23/ccnSyncTest/slice10/round23/randomFile/=FD054B82F5F639/%C1.META.M/.header/=FD054B82F5F67B/=00/2=21E841E2E9D639FFEA27D95B6AAFD229074D9972A4373B9076301ED559F9C4, name Y (expanded) is /ccnx.org/test/SyncTestRepo-15-01-15-18.20.23/ccnSyncTest/slice10/round23/randomFile/=FD054B82F5F639/%C1.META.M/.header/=FD054B82F5F67B/=00/2=21E841E2E9D639FFEA27D95B6AAFD229074D9972A4373B9076301ED559F9C4
Jan 15, 2015 6:21:36 PM org.ccnx.ccn.impl.sync.SliceComparator doComparison
O MAIS DETALHADO: Compare LEAF %04.=998B3ED782191440BFA9DC4732AF929D0D1975051F51B9AD6CFCCD6583185E to LEAF =05855CDBF9057A7D50B69E469F64C71C8C70B2948F1BD8444F007A97FD6F87E9DF
Jan 15, 2015 6:21:36 PM org.ccnx.ccn.impl.sync.SliceComparator doComparison
O MAIS DETALHADO: name X is 0, pos X is 6, name Y is 0, pos Y is 6 comp is 0
Jan 15, 2015 6:21:36 PM org.ccnx.ccn.impl.sync.SliceComparator doComparison
O MAIS DETALHADO: name X (expanded) is /ccnx.org/test/SyncTestRepo-15-01-15-18.20.23/ccnSyncTest/slice10/round24/randomFile/=FD054B82F5FF64/=00/=EAE3BE028BED84466DD9599174AEF02EF195603635C62DBC39ABA1C11E44AF4A, name Y (expanded) is /ccnx.org/test/SyncTestRepo-15-01-15-18.20.23/ccnSyncTest/slice10/round24/randomFile/=FD054B82F5FF64/=00/=EAE3BE028BED84466DD9599174AEF02EF195603635C62DBC39ABA1C11E44AF4A
Jan 15, 2015 6:21:36 PM org.ccnx.ccn.impl.sync.SliceComparator doComparison
O MAIS DETALHADO: Compare LEAF %04.=998B3ED782191440BFA9DC4732AF929D0D1975051F51B9AD6CFCCD6583185E to LEAF =05855CDBF9057A7D50B69E469F64C71C8C70B2948F1BD8444F007A97FD6F87E9DF
Jan 15, 2015 6:21:36 PM org.ccnx.ccn.impl.sync.SliceComparator doComparison
O MAIS DETALHADO: name X is 0, pos X is 7, name Y is 0, pos Y is 7 comp is 0
Jan 15, 2015 6:21:36 PM org.ccnx.ccn.impl.sync.SliceComparator doComparison
O MAIS DETALHADO: name X (expanded) is /ccnx.org/test/SyncTestRepo-15-01-15-18.20.23/ccnSyncTest/slice10/round24/randomFile/=FD054B82F5FF64/%C1.META.M/.header/=FD054B82F5FF9E/=00/%2Bm=D83EF551DEE8EC94F85B410AD90D67F6D717E07E74BEFC7F25CF69C0A77D, name Y (expanded) is /ccnx.org/test/SyncTestRepo-15-01-15-18.20.23/ccnSyncTest/slice10/round24/randomFile/=FD054B82F5FF64/%C1.META.M/.header/=FD054B82F5FF9E/=00/%2Bm=D83EF551DEE8EC94F85B410AD90D67F6D717E07E74BEFC7F25CF69C0A77D
Jan 15, 2015 6:21:36 PM org.ccnx.ccn.impl.sync.SliceComparator doComparison
O MAIS DETALHADO: Compare LEAF %04.=998B3ED782191440BFA9DC4732AF929D0D1975051F51B9AD6CFCCD6583185E to LEAF =05855CDBF9057A7D50B69E469F64C71C8C70B2948F1BD8444F007A97FD6F87E9DF
Jan 15, 2015 6:21:36 PM org.ccnx.ccn.impl.sync.SliceComparator doComparison
O MAIS DETALHADO: name X is 0, pos X is 8, name Y is 0, pos Y is 8 comp is 1
Jan 15, 2015 6:21:36 PM org.ccnx.ccn.impl.sync.SliceComparator doComparison
O MAIS DETALHADO: name X (expanded) is /ccnx.org/test/SyncTestRepo-15-01-15-18.20.23/ccnSyncTest/slice10/randomFile/=FD054B82F53F79/=00/=3CBEB0282FE72CD7F7CF0696455493A1CE4F4E488F469319834E10584FC5C583, name Y (expanded) is /ccnx.org/test/SyncTestRepo-15-01-15-18.20.23/ccnSyncTest/slice10/round25/randomFile/=FD054B82F60887/=00/=D401258329B8D5F501388F7775E35E1196A2B7D8DD50C6549F804F87D7CCE5E4
Jan 15, 2015 6:21:36 PM org.ccnx.ccn.profiles.sync.SyncTestRepo doHandleContentName
INFORMAÇÕES: Number 1: Callback for name: /ccnx.org/test/SyncTestRepo-15-01-15-18.20.23/ccnSyncTest/slice10/round25/randomFile/=FD054B82F60887/=00 - number is 0
Jan 15, 2015 6:21:36 PM org.ccnx.ccn.impl.sync.SliceComparator doComparison
O MAIS DETALHADO: Compare LEAF %04.=998B3ED782191440BFA9DC4732AF929D0D1975051F51B9AD6CFCCD6583185E to LEAF =05855CDBF9057A7D50B69E469F64C71C8C70B2948F1BD8444F007A97FD6F87E9DF
Jan 15, 2015 6:21:36 PM org.ccnx.ccn.impl.sync.SliceComparator doComparison
O MAIS DETALHADO: name X is 0, pos X is 8, name Y is 0, pos Y is 9 comp is 1
Jan 15, 2015 6:21:36 PM org.ccnx.ccn.impl.sync.SliceComparator doComparison
O MAIS DETALHADO: name X (expanded) is /ccnx.org/test/SyncTestRepo-15-01-15-18.20.23/ccnSyncTest/slice10/randomFile/=FD054B82F53F79/=00/=3CBEB0282FE72CD7F7CF0696455493A1CE4F4E488F469319834E10584FC5C583, name Y (expanded) is /ccnx.org/test/SyncTestRepo-15-01-15-18.20.23/ccnSyncTest/slice10/round25/randomFile/=FD054B82F60887/%C1.META.M/.header/=FD054B82F608C5/=00/=82C22B37043F8E4774A60D4BA7B10EE83D02C34139682C40B38D4BA83237EB9D
Jan 15, 2015 6:21:36 PM org.ccnx.ccn.profiles.sync.SyncTestRepo doHandleContentName
INFORMAÇÕES: Number 1: Callback for name: /ccnx.org/test/SyncTestRepo-15-01-15-18.20.23/ccnSyncTest/slice10/round25/randomFile/=FD054B82F60887/%C1.META.M/.header/=FD054B82F608C5/=00 - number is header
Jan 15, 2015 6:21:36 PM org.ccnx.ccn.impl.sync.SliceComparator doComparison
O MAIS DETALHADO: Compare LEAF %04.=998B3ED782191440BFA9DC4732AF929D0D1975051F51B9AD6CFCCD6583185E to LEAF =05855CDBF9057A7D50B69E469F64C71C8C70B2948F1BD8444F007A97FD6F87E9DF
Jan 15, 2015 6:21:36 PM org.ccnx.ccn.impl.sync.SliceComparator doComparison
O MAIS DETALHADO: name X is 0, pos X is 8, name Y is 0, pos Y is 10 comp is 0
Jan 15, 2015 6:21:36 PM org.ccnx.ccn.impl.sync.SliceComparator doComparison
O MAIS DETALHADO: name X (expanded) is /ccnx.org/test/SyncTestRepo-15-01-15-18.20.23/ccnSyncTest/slice10/randomFile/=FD054B82F53F79/=00/=3CBEB0282FE72CD7F7CF0696455493A1CE4F4E488F469319834E10584FC5C583, name Y (expanded) is /ccnx.org/test/SyncTestRepo-15-01-15-18.20.23/ccnSyncTest/slice10/randomFile/=FD054B82F53F79/=00/=3CBEB0282FE72CD7F7CF0696455493A1CE4F4E488F469319834E10584FC5C583
Jan 15, 2015 6:21:36 PM org.ccnx.ccn.impl.sync.SliceComparator doComparison
O MAIS DETALHADO: Compare LEAF %04.=998B3ED782191440BFA9DC4732AF929D0D1975051F51B9AD6CFCCD6583185E to LEAF =05855CDBF9057A7D50B69E469F64C71C8C70B2948F1BD8444F007A97FD6F87E9DF
Jan 15, 2015 6:21:36 PM org.ccnx.ccn.impl.sync.SliceComparator doComparison
O MAIS DETALHADO: name X is 0, pos X is 9, name Y is 0, pos Y is 11 comp is 0
Jan 15, 2015 6:21:36 PM org.ccnx.ccn.impl.sync.SliceComparator doComparison
O MAIS DETALHADO: name X (expanded) is /ccnx.org/test/SyncTestRepo-15-01-15-18.20.23/ccnSyncTest/slice10/randomFile/=FD054B82F53F79/%C1.META.M/.header/=FD054B82F53FB2/=00/=18F7ABCFFBD0912243186C9F3D6A45A3E28959A7EF8B922DD636A13DE75A55AC, name Y (expanded) is /ccnx.org/test/SyncTestRepo-15-01-15-18.20.23/ccnSyncTest/slice10/randomFile/=FD054B82F53F79/%C1.META.M/.header/=FD054B82F53FB2/=00/=18F7ABCFFBD0912243186C9F3D6A45A3E28959A7EF8B922DD636A13DE75A55AC
Jan 15, 2015 6:21:36 PM org.ccnx.ccn.impl.sync.SliceComparator updateCurrent
O MAIS DETALHADO: Starting update from hash =0EFF8E1758B47CDBEC5C87EE7F3AB7357DED9E652CF41DF9ACBF5FC6EBB11D5F1D
Jan 15, 2015 6:21:36 PM org.ccnx.ccn.impl.sync.SliceComparator updateCurrent
O MAIS DETALHADO: Update compare - moving to: =05D95348B35DA1736365107BDACCCE484DA8B6A14DCCF3832B16DDA212E3B0C032
Jan 15, 2015 6:21:36 PM org.ccnx.ccn.impl.sync.SliceComparator updateCurrent
O MAIS DETALHADO: Shortcut in update - popping back to =0EFF8E1758B47CDBEC5C87EE7F3AB7357DED9E652CF41DF9ACBF5FC6EBB11D5F1D, pos 1
Jan 15, 2015 6:21:36 PM org.ccnx.ccn.impl.sync.SliceComparator updateCurrent
O MAIS DETALHADO: Update compare - moving to: =04F7A143667F594F74B6B7C8C826B63D9DA7DAAA6A220B24C7FB15280B67E9868D
Jan 15, 2015 6:21:36 PM org.ccnx.ccn.impl.sync.SliceComparator updateCurrent
O MAIS DETALHADO: Shortcut in update - popping back to =0EFF8E1758B47CDBEC5C87EE7F3AB7357DED9E652CF41DF9ACBF5FC6EBB11D5F1D, pos 2
Jan 15, 2015 6:21:36 PM org.ccnx.ccn.impl.sync.SliceComparator updateCurrent
O MAIS DETALHADO: Update compare - moving to: %04.=998B3ED782191440BFA9DC4732AF929D0D1975051F51B9AD6CFCCD6583185E
Jan 15, 2015 6:21:36 PM org.ccnx.ccn.impl.sync.SliceComparator updateCurrent
O MAIS DETALHADO: Update compare: name from tree (expanded) is /ccnx.org/test/SyncTestRepo-15-01-15-18.20.23/ccnSyncTest/slice10/round21/randomFile/=FD054B82F5E41D/=00/%81v=11100BD1950F5228760141B55709E0A91045B40720DAB0782DCC6F0256FF, name  is /ccnx.org/test/SyncTestRepo-15-01-15-18.20.23/ccnSyncTest/slice10/round25/randomFile/=FD054B82F60887/=00/=D401258329B8D5F501388F7775E35E1196A2B7D8DD50C6549F804F87D7CCE5E4, comp is -1
Jan 15, 2015 6:21:36 PM org.ccnx.ccn.impl.sync.SliceComparator updateCurrent
O MAIS DETALHADO: Update compare: name from tree (expanded) is /ccnx.org/test/SyncTestRepo-15-01-15-18.20.23/ccnSyncTest/slice10/round21/randomFile/=FD054B82F5E41D/%C1.META.M/.header/=FD054B82F5E48B/=00/U=2BDDA4AFCB9BC8FBD9C3E9013EE52508639C0C2E623CE389011207E17837C6, name  is /ccnx.org/test/SyncTestRepo-15-01-15-18.20.23/ccnSyncTest/slice10/round25/randomFile/=FD054B82F60887/=00/=D401258329B8D5F501388F7775E35E1196A2B7D8DD50C6549F804F87D7CCE5E4, comp is -1
Jan 15, 2015 6:21:36 PM org.ccnx.ccn.impl.sync.SliceComparator updateCurrent
O MAIS DETALHADO: Update compare: name from tree (expanded) is /ccnx.org/test/SyncTestRepo-15-01-15-18.20.23/ccnSyncTest/slice10/round22/randomFile/=FD054B82F5ED0E/=00/y%B7o=E1FE885DC462C96E59D02F922A9D0639E4FCB2982B9CBB5A9E266EC3FF, name  is /ccnx.org/test/SyncTestRepo-15-01-15-18.20.23/ccnSyncTest/slice10/round25/randomFile/=FD054B82F60887/=00/=D401258329B8D5F501388F7775E35E1196A2B7D8DD50C6549F804F87D7CCE5E4, comp is -1
Jan 15, 2015 6:21:36 PM org.ccnx.ccn.impl.sync.SliceComparator updateCurrent
O MAIS DETALHADO: Update compare: name from tree (expanded) is /ccnx.org/test/SyncTestRepo-15-01-15-18.20.23/ccnSyncTest/slice10/round22/randomFile/=FD054B82F5ED0E/%C1.META.M/.header/=FD054B82F5ED48/=00/=AF85132C57917D740BDC2F924FE603AE05A674D6BECF07105345134E4164E529, name  is /ccnx.org/test/SyncTestRepo-15-01-15-18.20.23/ccnSyncTest/slice10/round25/randomFile/=FD054B82F60887/=00/=D401258329B8D5F501388F7775E35E1196A2B7D8DD50C6549F804F87D7CCE5E4, comp is -1
Jan 15, 2015 6:21:36 PM org.ccnx.ccn.impl.sync.SliceComparator updateCurrent
O MAIS DETALHADO: Update compare: name from tree (expanded) is /ccnx.org/test/SyncTestRepo-15-01-15-18.20.23/ccnSyncTest/slice10/round23/randomFile/=FD054B82F5F639/=00/=90913F0035EA159FEED7E50A50458B36DDE7918F5F7955C163CDA5C718B574B7, name  is /ccnx.org/test/SyncTestRepo-15-01-15-18.20.23/ccnSyncTest/slice10/round25/randomFile/=FD054B82F60887/=00/=D401258329B8D5F501388F7775E35E1196A2B7D8DD50C6549F804F87D7CCE5E4, comp is -1
Jan 15, 2015 6:21:36 PM org.ccnx.ccn.impl.sync.SliceComparator updateCurrent
O MAIS DETALHADO: Update compare: name from tree (expanded) is /ccnx.org/test/SyncTestRepo-15-01-15-18.20.23/ccnSyncTest/slice10/round23/randomFile/=FD054B82F5F639/%C1.META.M/.header/=FD054B82F5F67B/=00/2=21E841E2E9D639FFEA27D95B6AAFD229074D9972A4373B9076301ED559F9C4, name  is /ccnx.org/test/SyncTestRepo-15-01-15-18.20.23/ccnSyncTest/slice10/round25/randomFile/=FD054B82F60887/=00/=D401258329B8D5F501388F7775E35E1196A2B7D8DD50C6549F804F87D7CCE5E4, comp is -1
Jan 15, 2015 6:21:36 PM org.ccnx.ccn.impl.sync.SliceComparator updateCurrent
O MAIS DETALHADO: Update compare: name from tree (expanded) is /ccnx.org/test/SyncTestRepo-15-01-15-18.20.23/ccnSyncTest/slice10/round24/randomFile/=FD054B82F5FF64/=00/=EAE3BE028BED84466DD9599174AEF02EF195603635C62DBC39ABA1C11E44AF4A, name  is /ccnx.org/test/SyncTestRepo-15-01-15-18.20.23/ccnSyncTest/slice10/round25/randomFile/=FD054B82F60887/=00/=D401258329B8D5F501388F7775E35E1196A2B7D8DD50C6549F804F87D7CCE5E4, comp is -1
Jan 15, 2015 6:21:36 PM org.ccnx.ccn.impl.sync.SliceComparator updateCurrent
O MAIS DETALHADO: Update compare: name from tree (expanded) is /ccnx.org/test/SyncTestRepo-15-01-15-18.20.23/ccnSyncTest/slice10/round24/randomFile/=FD054B82F5FF64/%C1.META.M/.header/=FD054B82F5FF9E/=00/%2Bm=D83EF551DEE8EC94F85B410AD90D67F6D717E07E74BEFC7F25CF69C0A77D, name  is /ccnx.org/test/SyncTestRepo-15-01-15-18.20.23/ccnSyncTest/slice10/round25/randomFile/=FD054B82F60887/=00/=D401258329B8D5F501388F7775E35E1196A2B7D8DD50C6549F804F87D7CCE5E4, comp is -1
Jan 15, 2015 6:21:36 PM org.ccnx.ccn.impl.sync.SliceComparator updateCurrent
O MAIS DETALHADO: Update compare: name from tree (expanded) is /ccnx.org/test/SyncTestRepo-15-01-15-18.20.23/ccnSyncTest/slice10/randomFile/=FD054B82F53F79/=00/=3CBEB0282FE72CD7F7CF0696455493A1CE4F4E488F469319834E10584FC5C583, name  is /ccnx.org/test/SyncTestRepo-15-01-15-18.20.23/ccnSyncTest/slice10/round25/randomFile/=FD054B82F60887/=00/=D401258329B8D5F501388F7775E35E1196A2B7D8DD50C6549F804F87D7CCE5E4, comp is 1
Jan 15, 2015 6:21:36 PM org.ccnx.ccn.impl.sync.SliceComparator updateCurrent
O MAIS DETALHADO: Update: starting redo of names because of /ccnx.org/test/SyncTestRepo-15-01-15-18.20.23/ccnSyncTest/slice10/round25/randomFile/=FD054B82F60887/=00/=D401258329B8D5F501388F7775E35E1196A2B7D8DD50C6549F804F87D7CCE5E4 at /ccnx.org/test/SyncTestRepo-15-01-15-18.20.23/ccnSyncTest/slice10/round21/randomFile/=FD054B82F5E41D/=00/%81v=11100BD1950F5228760141B55709E0A91045B40720DAB0782DCC6F0256FF
Jan 15, 2015 6:21:36 PM ccnx.Sync
DETALHADO: Node split due to level change - nbytes 2065, match 5, prev 8
Jan 15, 2015 6:21:36 PM org.ccnx.ccn.io.content.SyncNodeComposite decodeLogging
O MAIS DETALHADO: decode node for =052FA68000D9C2BF567BB6D369E2084346BFD9EC9E9D061F07A6F5E6673867CEB0 depth = 1 refs = 10
Jan 15, 2015 6:21:36 PM org.ccnx.ccn.io.content.SyncNodeComposite decodeLogging
O MAIS DETALHADO: min is 0, max is 0, expanded min is /ccnx.org/test/SyncTestRepo-15-01-15-18.20.23/ccnSyncTest/slice10/round21/randomFile/=FD054B82F5E41D/=00/%81v=11100BD1950F5228760141B55709E0A91045B40720DAB0782DCC6F0256FF, expanded max is /ccnx.org/test/SyncTestRepo-15-01-15-18.20.23/ccnSyncTest/slice10/round25/randomFile/=FD054B82F60887/%C1.META.M/.header/=FD054B82F608C5/=00/=82C22B37043F8E4774A60D4BA7B10EE83D02C34139682C40B38D4BA83237EB9D
Jan 15, 2015 6:21:36 PM org.ccnx.ccn.impl.sync.SyncTreeEntry <init>
O MAIS DETALHADO: Found existing node: U=B65BF82BB7BDFA3AE7733582BED945B0D8A7F07ED225475984B19637201B2F
Jan 15, 2015 6:21:36 PM org.ccnx.ccn.impl.sync.SyncTreeEntry <init>
O MAIS DETALHADO: Found existing node: %10VQh=12E2754028D2668B42584BA277C143E0470AD6EC42126D621BBB22309E
Jan 15, 2015 6:21:36 PM org.ccnx.ccn.io.content.SyncNodeComposite decodeLogging
O MAIS DETALHADO: decode node for %10VQh=12E2754028D2668B42584BA277C143E0470AD6EC42126D621BBB22309E depth = 2 refs = 4
Jan 15, 2015 6:21:36 PM org.ccnx.ccn.io.content.SyncNodeComposite decodeLogging
O MAIS DETALHADO: min is 0, max is 0, expanded min is /ccnx.org/test/SyncTestRepo-15-01-15-18.20.23/ccnSyncTest/slice10/round11/randomFile/=FD054B82F588B4/=00/=862C3C8C527D6B204E7FCD4EAF121546BFBA9E26B978EC9010B0DB73EDD734F0, expanded max is /ccnx.org/test/SyncTestRepo-15-01-15-18.20.23/ccnSyncTest/slice10/randomFile/=FD054B82F53F79/%C1.META.M/.header/=FD054B82F53FB2/=00/=18F7ABCFFBD0912243186C9F3D6A45A3E28959A7EF8B922DD636A13DE75A55AC
Jan 15, 2015 6:21:36 PM org.ccnx.ccn.impl.sync.NodeBuilder createHeadRecursive
O MAIS DETALHADO: Creating new compound node - with first element =05D95348B35DA1736365107BDACCCE484DA8B6A14DCCF3832B16DDA212E3B0C032 and last element U=B65BF82BB7BDFA3AE7733582BED945B0D8A7F07ED225475984B19637201B2F
Jan 15, 2015 6:21:36 PM org.ccnx.ccn.impl.sync.SliceComparator updateCurrent
INFORMAÇÕES: Resetting current to created head: %10VQh=12E2754028D2668B42584BA277C143E0470AD6EC42126D621BBB22309E
Jan 15, 2015 6:21:37 PM org.ccnx.ccn.profiles.sync.SyncTestRepo checkCallbacks
DETALHADO: got segment 0
Jan 15, 2015 6:21:37 PM org.ccnx.ccn.profiles.sync.SyncTestRepo checkCallbacks
DETALHADO: received: [true, false] finished: [true, true]
Jan 15, 2015 6:21:37 PM org.ccnx.ccn.profiles.sync.SyncTestRepo checkCallbacks
DETALHADO: got the header
Jan 15, 2015 6:21:37 PM org.ccnx.ccn.profiles.sync.SyncTestRepo checkCallbacks
DETALHADO: received: [true, true] finished: [true, true]
Jan 15, 2015 6:21:37 PM org.ccnx.ccn.profiles.sync.SyncTestRepo checkCallbacks
DETALHADO: got all the segments!
Jan 15, 2015 6:21:37 PM org.ccnx.ccn.profiles.sync.SyncTestRepo checkCallbacks
DETALHADO: trying to loop again looking for segments
Jan 15, 2015 6:21:37 PM org.ccnx.ccn.profiles.sync.SyncTestRepo checkCallbacks
DETALHADO: done looping, returning.
Jan 15, 2015 6:21:37 PM org.ccnx.ccn.impl.CCNFlowControl <init>
INFORMAÇÕES: adding namespace: /ccnx.org/test/SyncTestRepo-15-01-15-18.20.23/ccnSyncTest/slice10/round26/randomFile
Jan 15, 2015 6:21:37 PM org.ccnx.ccn.impl.security.keys.BasicKeyManager getKeyLocator
INFORMAÇÕES: getKeyLocator: returning locator NAME: /ccnx.org/Users/root/Keys/%C1.M.K=009234ADEC47D19E3E6A2AF362D44E09AB6B71F43B1900BA0622FB45F2A5B7D9F6/=FD054AE7DE1000 KEY:-reba89rgbj1o6ata34t5eovcl4kho5s9pnv8nstq15q1ld4g9ga for key kjSt7EfRnj5qKvNi1E4Jq2tx9DsZALoGIvtF8qW32fY=
Jan 15, 2015 6:21:37 PM org.ccnx.ccn.io.CCNAbstractOutputStream <init>
INFORMAÇÕES: CCNAbstractOutputStream: /ccnx.org/test/SyncTestRepo-15-01-15-18.20.23/ccnSyncTest/slice10/round26/randomFile/=FD054B82F611AE blocksize is 4096
Jan 15, 2015 6:21:37 PM org.ccnx.ccn.io.CCNAbstractOutputStream startWrite
INFORMAÇÕES: CCNAbstractOutputStream: startWrite -- searching for keys.
Jan 15, 2015 6:21:37 PM org.ccnx.ccn.profiles.security.access.AccessControlManager keysForOutput
INFORMAÇÕES: keysForOutput: found an acm: (null)
Jan 15, 2015 6:21:37 PM org.ccnx.ccn.impl.repo.RepositoryFlowControl startWrite
INFORMAÇÕES: RepositoryFlowControl.startWrite called for name /ccnx.org/test/SyncTestRepo-15-01-15-18.20.23/ccnSyncTest/slice10/round26/randomFile/=FD054B82F611AE, shape STREAM
Jan 15, 2015 6:21:37 PM org.ccnx.ccn.impl.repo.RepositoryFlowControl handleContent
INFORMAÇÕES: handleContent: got potential repo message: /ccnx.org/test/SyncTestRepo-15-01-15-18.20.23/ccnSyncTest/slice10/round26/randomFile/=FD054B82F611AE/%C1.R.sw/%C1.N=00130B72539932A5D9
Jan 15, 2015 6:21:37 PM org.ccnx.ccn.profiles.sync.SyncTestCommon writeFile
DETALHADO: bytes: 4096 block size: 4096 div: 1.0 ceil: 1
Jan 15, 2015 6:21:37 PM org.ccnx.ccn.profiles.sync.SyncTestCommon writeFile
DETALHADO: will write out a 4096 byte file, will have 2 segments (1 is a header)
Jan 15, 2015 6:21:37 PM org.ccnx.ccn.io.CCNOutputStream flushToNetwork
INFORMAÇÕES: flush: outputting to the segmenter, baseName /ccnx.org/test/SyncTestRepo-15-01-15-18.20.23/ccnSyncTest/slice10/round26/randomFile/=FD054B82F611AE basenameindex =00; 4096 bytes written, holding back 4096 flushing final blocks? false.
Jan 15, 2015 6:21:37 PM org.ccnx.ccn.io.CCNOutputStream flushToNetwork
INFORMAÇÕES: HEADER: CCNOutputStream: flushToNetwork: new _baseNameIndex 0
Jan 15, 2015 6:21:37 PM org.ccnx.ccn.io.CCNOutputStream flushToNetwork
INFORMAÇÕES: flush: outputting to the segmenter, baseName /ccnx.org/test/SyncTestRepo-15-01-15-18.20.23/ccnSyncTest/slice10/round26/randomFile/=FD054B82F611AE basenameindex =00; 4096 bytes written, holding back 4096 flushing final blocks? false.
Jan 15, 2015 6:21:37 PM org.ccnx.ccn.io.CCNOutputStream flushToNetwork
INFORMAÇÕES: HEADER: CCNOutputStream: flushToNetwork: new _baseNameIndex 0
Jan 15, 2015 6:21:37 PM org.ccnx.ccn.io.CCNOutputStream flushToNetwork
INFORMAÇÕES: flush: outputting to the segmenter, baseName /ccnx.org/test/SyncTestRepo-15-01-15-18.20.23/ccnSyncTest/slice10/round26/randomFile/=FD054B82F611AE basenameindex =00; 4096 bytes written, holding back 0 flushing final blocks? true.
Jan 15, 2015 6:21:37 PM org.ccnx.ccn.io.CCNOutputStream flushToNetwork
INFORMAÇÕES: HEADER: CCNOutputStream: flushToNetwork: new _baseNameIndex 1
Jan 15, 2015 6:21:37 PM org.ccnx.ccn.io.CCNAbstractOutputStream <init>
INFORMAÇÕES: CCNAbstractOutputStream: /ccnx.org/test/SyncTestRepo-15-01-15-18.20.23/ccnSyncTest/slice10/round26/randomFile/=FD054B82F611AE/%C1.META.M/.header/=FD054B82F611E7 blocksize is 4096
Jan 15, 2015 6:21:37 PM org.ccnx.ccn.io.CCNAbstractOutputStream startWrite
INFORMAÇÕES: CCNAbstractOutputStream: startWrite -- searching for keys.
Jan 15, 2015 6:21:37 PM org.ccnx.ccn.profiles.security.access.AccessControlManager keysForOutput
INFORMAÇÕES: keysForOutput: found an acm: (null)
Jan 15, 2015 6:21:37 PM org.ccnx.ccn.impl.repo.RepositoryFlowControl startWrite
INFORMAÇÕES: RepositoryFlowControl.startWrite called for name /ccnx.org/test/SyncTestRepo-15-01-15-18.20.23/ccnSyncTest/slice10/round26/randomFile/=FD054B82F611AE/%C1.META.M/.header/=FD054B82F611E7, shape STREAM
Jan 15, 2015 6:21:37 PM org.ccnx.ccn.impl.repo.RepositoryFlowControl handleContent
INFORMAÇÕES: handleContent: got potential repo message: /ccnx.org/test/SyncTestRepo-15-01-15-18.20.23/ccnSyncTest/slice10/round26/randomFile/=FD054B82F611AE/%C1.META.M/.header/=FD054B82F611E7/%C1.R.sw/%C1.N=0085B6AF9F660FB8C2
Jan 15, 2015 6:21:37 PM org.ccnx.ccn.io.CCNOutputStream flushToNetwork
INFORMAÇÕES: flush: outputting to the segmenter, baseName /ccnx.org/test/SyncTestRepo-15-01-15-18.20.23/ccnSyncTest/slice10/round26/randomFile/=FD054B82F611AE/%C1.META.M/.header/=FD054B82F611E7 basenameindex =00; 66 bytes written, holding back 66 flushing final blocks? false.
Jan 15, 2015 6:21:37 PM org.ccnx.ccn.io.CCNOutputStream flushToNetwork
INFORMAÇÕES: HEADER: CCNOutputStream: flushToNetwork: new _baseNameIndex 0
Jan 15, 2015 6:21:37 PM org.ccnx.ccn.io.CCNOutputStream flushToNetwork
INFORMAÇÕES: flush: outputting to the segmenter, baseName /ccnx.org/test/SyncTestRepo-15-01-15-18.20.23/ccnSyncTest/slice10/round26/randomFile/=FD054B82F611AE/%C1.META.M/.header/=FD054B82F611E7 basenameindex =00; 66 bytes written, holding back 66 flushing final blocks? false.
Jan 15, 2015 6:21:37 PM org.ccnx.ccn.io.CCNOutputStream flushToNetwork
INFORMAÇÕES: HEADER: CCNOutputStream: flushToNetwork: new _baseNameIndex 0
Jan 15, 2015 6:21:37 PM org.ccnx.ccn.io.CCNOutputStream flushToNetwork
INFORMAÇÕES: flush: outputting to the segmenter, baseName /ccnx.org/test/SyncTestRepo-15-01-15-18.20.23/ccnSyncTest/slice10/round26/randomFile/=FD054B82F611AE/%C1.META.M/.header/=FD054B82F611E7 basenameindex =00; 66 bytes written, holding back 0 flushing final blocks? true.
Jan 15, 2015 6:21:37 PM org.ccnx.ccn.io.CCNOutputStream flushToNetwork
INFORMAÇÕES: HEADER: CCNOutputStream: flushToNetwork: new _baseNameIndex 1
Jan 15, 2015 6:21:37 PM org.ccnx.ccn.io.CCNOutputStream close
INFORMAÇÕES: CCNOutputStream close: /ccnx.org/test/SyncTestRepo-15-01-15-18.20.23/ccnSyncTest/slice10/round26/randomFile/=FD054B82F611AE/%C1.META.M/.header/=FD054B82F611E7
Jan 15, 2015 6:21:37 PM org.ccnx.ccn.io.CCNOutputStream close
INFORMAÇÕES: CCNOutputStream close: /ccnx.org/test/SyncTestRepo-15-01-15-18.20.23/ccnSyncTest/slice10/round26/randomFile/=FD054B82F611AE
Jan 15, 2015 6:21:37 PM org.ccnx.ccn.profiles.sync.SyncTestCommon writeFile
INFORMAÇÕES: Wrote file to repository: /ccnx.org/test/SyncTestRepo-15-01-15-18.20.23/ccnSyncTest/slice10/round26/randomFile/=FD054B82F611AE with 2 segments
Jan 15, 2015 6:21:37 PM org.ccnx.ccn.profiles.sync.SyncTestRepo checkCallbacks
DETALHADO: checking for callbacks:  /ccnx.org/test/SyncTestRepo-15-01-15-18.20.23/ccnSyncTest/slice10/round26 segments: 2
Jan 15, 2015 6:21:37 PM org.ccnx.ccn.impl.sync.ProtocolBasedSyncMonitor handleContent
INFORMAÇÕES: Saw new content from sync: /ccnx.org/test/SyncTestRepo-15-01-15-18.20.23/topoPrefix/%C1.S.ra/x%E7U.=86853EF050D99AC7B6E19C29B7AECFA1B2568CAD74E733BCB2443F63/%10VQh=12E2754028D2668B42584BA277C143E0470AD6EC42126D621BBB22309E/=119AAB2572179071243337CE9992B56C5B1183921FFC07ECA6B2E63C347F8643C7
Jan 15, 2015 6:21:37 PM org.ccnx.ccn.impl.sync.SliceComparator run
DETALHADO: Starting comparator run - state is INIT, sc is org.ccnx.ccn.impl.sync.SliceComparator@ca0898b, this is the lead
Jan 15, 2015 6:21:37 PM org.ccnx.ccn.impl.encoding.BinaryXMLDecoder setElement
INFORMAÇÕES: Reset decode array sizes to 150
Jan 15, 2015 6:21:37 PM org.ccnx.ccn.io.content.SyncNodeComposite decodeLogging
O MAIS DETALHADO: decode node for =119AAB2572179071243337CE9992B56C5B1183921FFC07ECA6B2E63C347F8643C7 depth = 2 refs = 3
Jan 15, 2015 6:21:37 PM org.ccnx.ccn.io.content.SyncNodeComposite decodeLogging
O MAIS DETALHADO: min is 0, max is 0, expanded min is /ccnx.org/test/SyncTestRepo-15-01-15-18.20.23/ccnSyncTest/slice10/round11/randomFile/=FD054B82F588B4/=00/=862C3C8C527D6B204E7FCD4EAF121546BFBA9E26B978EC9010B0DB73EDD734F0, expanded max is /ccnx.org/test/SyncTestRepo-15-01-15-18.20.23/ccnSyncTest/slice10/randomFile/=FD054B82F53F79/%C1.META.M/.header/=FD054B82F53FB2/=00/=18F7ABCFFBD0912243186C9F3D6A45A3E28959A7EF8B922DD636A13DE75A55AC
Jan 15, 2015 6:21:37 PM org.ccnx.ccn.impl.sync.SliceComparator run
INFORMAÇÕES: Starting new round with X = %10VQh=12E2754028D2668B42584BA277C143E0470AD6EC42126D621BBB22309E and Y = =119AAB2572179071243337CE9992B56C5B1183921FFC07ECA6B2E63C347F8643C7
Jan 15, 2015 6:21:37 PM org.ccnx.ccn.impl.sync.ProtocolBasedSyncMonitor requestNode
DETALHADO: Requesting node for hash: /ccnx.org/test/SyncTestRepo-15-01-15-18.20.23/topoPrefix/%C1.S.nf/x%E7U.=86853EF050D99AC7B6E19C29B7AECFA1B2568CAD74E733BCB2443F63/=06C9B699583A95AE4C176F89F69F30E66FC0F246680D0944B3A0F3721633EBFD08
Jan 15, 2015 6:21:37 PM org.ccnx.ccn.impl.sync.SliceComparator doComparison
O MAIS DETALHADO: Skipping covered subentry =05D95348B35DA1736365107BDACCCE484DA8B6A14DCCF3832B16DDA212E3B0C032
Jan 15, 2015 6:21:37 PM org.ccnx.ccn.impl.sync.SliceComparator doComparison
O MAIS DETALHADO: Skipping covered subentry =04F7A143667F594F74B6B7C8C826B63D9DA7DAAA6A220B24C7FB15280B67E9868D
Jan 15, 2015 6:21:37 PM org.ccnx.ccn.impl.sync.SliceComparator doComparison
O MAIS DETALHADO: Compare NODE %10VQh=12E2754028D2668B42584BA277C143E0470AD6EC42126D621BBB22309E to NODE =119AAB2572179071243337CE9992B56C5B1183921FFC07ECA6B2E63C347F8643C7
Jan 15, 2015 6:21:37 PM org.ccnx.ccn.impl.sync.SliceComparator doComparison
O MAIS DETALHADO: pos X is 0, pos Y is 2
Jan 15, 2015 6:21:37 PM org.ccnx.ccn.impl.sync.SliceComparator.NodeFetchHandler handleContent
DETALHADO: Saw data from nodefind: hash: =06C9B699583A95AE4C176F89F69F30E66FC0F246680D0944B3A0F3721633EBFD08
Jan 15, 2015 6:21:37 PM org.ccnx.ccn.io.content.SyncNodeComposite decodeLogging
O MAIS DETALHADO: decode node for =06C9B699583A95AE4C176F89F69F30E66FC0F246680D0944B3A0F3721633EBFD08 depth = 1 refs = 14
Jan 15, 2015 6:21:37 PM org.ccnx.ccn.io.content.SyncNodeComposite decodeLogging
O MAIS DETALHADO: min is 0, max is 0, expanded min is /ccnx.org/test/SyncTestRepo-15-01-15-18.20.23/ccnSyncTest/slice10/round21/randomFile/=FD054B82F5E41D/=00/%81v=11100BD1950F5228760141B55709E0A91045B40720DAB0782DCC6F0256FF, expanded max is /ccnx.org/test/SyncTestRepo-15-01-15-18.20.23/ccnSyncTest/slice10/randomFile/=FD054B82F53F79/%C1.META.M/.header/=FD054B82F53FB2/=00/=18F7ABCFFBD0912243186C9F3D6A45A3E28959A7EF8B922DD636A13DE75A55AC
Jan 15, 2015 6:21:37 PM org.ccnx.ccn.impl.sync.SliceComparator doComparison
O MAIS DETALHADO: Pushing X entry =05D95348B35DA1736365107BDACCCE484DA8B6A14DCCF3832B16DDA212E3B0C032 and Y entry =06C9B699583A95AE4C176F89F69F30E66FC0F246680D0944B3A0F3721633EBFD08
Jan 15, 2015 6:21:37 PM org.ccnx.ccn.impl.sync.SliceComparator doComparison
O MAIS DETALHADO: Compare LEAF =05D95348B35DA1736365107BDACCCE484DA8B6A14DCCF3832B16DDA212E3B0C032 to LEAF =06C9B699583A95AE4C176F89F69F30E66FC0F246680D0944B3A0F3721633EBFD08
Jan 15, 2015 6:21:37 PM org.ccnx.ccn.impl.sync.SliceComparator doComparison
O MAIS DETALHADO: name X is 0, pos X is 0, name Y is 0, pos Y is 0 comp is -1
Jan 15, 2015 6:21:37 PM org.ccnx.ccn.impl.sync.SliceComparator doComparison
O MAIS DETALHADO: name X (expanded) is /ccnx.org/test/SyncTestRepo-15-01-15-18.20.23/ccnSyncTest/slice10/round11/randomFile/=FD054B82F588B4/=00/=862C3C8C527D6B204E7FCD4EAF121546BFBA9E26B978EC9010B0DB73EDD734F0, name Y (expanded) is /ccnx.org/test/SyncTestRepo-15-01-15-18.20.23/ccnSyncTest/slice10/round21/randomFile/=FD054B82F5E41D/=00/%81v=11100BD1950F5228760141B55709E0A91045B40720DAB0782DCC6F0256FF
Jan 15, 2015 6:21:37 PM org.ccnx.ccn.impl.sync.SliceComparator doComparison
O MAIS DETALHADO: Shortcut - popping X back to %10VQh=12E2754028D2668B42584BA277C143E0470AD6EC42126D621BBB22309E, pos 1
Jan 15, 2015 6:21:37 PM org.ccnx.ccn.impl.sync.SliceComparator doComparison
O MAIS DETALHADO: Compare NODE %10VQh=12E2754028D2668B42584BA277C143E0470AD6EC42126D621BBB22309E to LEAF =06C9B699583A95AE4C176F89F69F30E66FC0F246680D0944B3A0F3721633EBFD08, resMin is 1, resMax is -1
Jan 15, 2015 6:21:37 PM org.ccnx.ccn.impl.sync.SliceComparator doComparison
O MAIS DETALHADO: minname is 0, maxname is 0, pos X is 1, pos Y is 0
Jan 15, 2015 6:21:37 PM org.ccnx.ccn.impl.sync.SliceComparator doComparison
O MAIS DETALHADO: Compare LEAF =04F7A143667F594F74B6B7C8C826B63D9DA7DAAA6A220B24C7FB15280B67E9868D to LEAF =06C9B699583A95AE4C176F89F69F30E66FC0F246680D0944B3A0F3721633EBFD08
Jan 15, 2015 6:21:37 PM org.ccnx.ccn.impl.sync.SliceComparator doComparison
O MAIS DETALHADO: name X is 0, pos X is 0, name Y is 0, pos Y is 0 comp is -1
Jan 15, 2015 6:21:37 PM org.ccnx.ccn.impl.sync.SliceComparator doComparison
O MAIS DETALHADO: name X (expanded) is /ccnx.org/test/SyncTestRepo-15-01-15-18.20.23/ccnSyncTest/slice10/round16/randomFile/=FD054B82F5B673/=00/pU=A6A22546186B9FAC4EB8A07C1FBB995F82DA30BC632446C0DCD7E521AAF7, name Y (expanded) is /ccnx.org/test/SyncTestRepo-15-01-15-18.20.23/ccnSyncTest/slice10/round21/randomFile/=FD054B82F5E41D/=00/%81v=11100BD1950F5228760141B55709E0A91045B40720DAB0782DCC6F0256FF
Jan 15, 2015 6:21:37 PM org.ccnx.ccn.impl.sync.SliceComparator doComparison
O MAIS DETALHADO: Shortcut - popping X back to %10VQh=12E2754028D2668B42584BA277C143E0470AD6EC42126D621BBB22309E, pos 2
Jan 15, 2015 6:21:37 PM org.ccnx.ccn.impl.sync.SliceComparator doComparison
O MAIS DETALHADO: Compare NODE %10VQh=12E2754028D2668B42584BA277C143E0470AD6EC42126D621BBB22309E to LEAF =06C9B699583A95AE4C176F89F69F30E66FC0F246680D0944B3A0F3721633EBFD08, resMin is 1, resMax is -1
Jan 15, 2015 6:21:37 PM org.ccnx.ccn.impl.sync.SliceComparator doComparison
O MAIS DETALHADO: minname is 0, maxname is 0, pos X is 2, pos Y is 0
Jan 15, 2015 6:21:37 PM org.ccnx.ccn.impl.sync.SliceComparator doComparison
O MAIS DETALHADO: Compare LEAF =052FA68000D9C2BF567BB6D369E2084346BFD9EC9E9D061F07A6F5E6673867CEB0 to LEAF =06C9B699583A95AE4C176F89F69F30E66FC0F246680D0944B3A0F3721633EBFD08
Jan 15, 2015 6:21:37 PM org.ccnx.ccn.impl.sync.SliceComparator doComparison
O MAIS DETALHADO: name X is 0, pos X is 0, name Y is 0, pos Y is 0 comp is 0
Jan 15, 2015 6:21:37 PM org.ccnx.ccn.impl.sync.SliceComparator doComparison
O MAIS DETALHADO: name X (expanded) is /ccnx.org/test/SyncTestRepo-15-01-15-18.20.23/ccnSyncTest/slice10/round21/randomFile/=FD054B82F5E41D/=00/%81v=11100BD1950F5228760141B55709E0A91045B40720DAB0782DCC6F0256FF, name Y (expanded) is /ccnx.org/test/SyncTestRepo-15-01-15-18.20.23/ccnSyncTest/slice10/round21/randomFile/=FD054B82F5E41D/=00/%81v=11100BD1950F5228760141B55709E0A91045B40720DAB0782DCC6F0256FF
Jan 15, 2015 6:21:37 PM org.ccnx.ccn.impl.sync.SliceComparator doComparison
O MAIS DETALHADO: Compare LEAF =052FA68000D9C2BF567BB6D369E2084346BFD9EC9E9D061F07A6F5E6673867CEB0 to LEAF =06C9B699583A95AE4C176F89F69F30E66FC0F246680D0944B3A0F3721633EBFD08
Jan 15, 2015 6:21:37 PM org.ccnx.ccn.impl.sync.SliceComparator doComparison
O MAIS DETALHADO: name X is 0, pos X is 1, name Y is 0, pos Y is 1 comp is 0
Jan 15, 2015 6:21:37 PM org.ccnx.ccn.impl.sync.SliceComparator doComparison
O MAIS DETALHADO: name X (expanded) is /ccnx.org/test/SyncTestRepo-15-01-15-18.20.23/ccnSyncTest/slice10/round21/randomFile/=FD054B82F5E41D/%C1.META.M/.header/=FD054B82F5E48B/=00/U=2BDDA4AFCB9BC8FBD9C3E9013EE52508639C0C2E623CE389011207E17837C6, name Y (expanded) is /ccnx.org/test/SyncTestRepo-15-01-15-18.20.23/ccnSyncTest/slice10/round21/randomFile/=FD054B82F5E41D/%C1.META.M/.header/=FD054B82F5E48B/=00/U=2BDDA4AFCB9BC8FBD9C3E9013EE52508639C0C2E623CE389011207E17837C6
Jan 15, 2015 6:21:37 PM org.ccnx.ccn.impl.sync.SliceComparator doComparison
O MAIS DETALHADO: Compare LEAF =052FA68000D9C2BF567BB6D369E2084346BFD9EC9E9D061F07A6F5E6673867CEB0 to LEAF =06C9B699583A95AE4C176F89F69F30E66FC0F246680D0944B3A0F3721633EBFD08
Jan 15, 2015 6:21:37 PM org.ccnx.ccn.impl.sync.SliceComparator doComparison
O MAIS DETALHADO: name X is 0, pos X is 2, name Y is 0, pos Y is 2 comp is 0
Jan 15, 2015 6:21:37 PM org.ccnx.ccn.impl.sync.SliceComparator doComparison
O MAIS DETALHADO: name X (expanded) is /ccnx.org/test/SyncTestRepo-15-01-15-18.20.23/ccnSyncTest/slice10/round22/randomFile/=FD054B82F5ED0E/=00/y%B7o=E1FE885DC462C96E59D02F922A9D0639E4FCB2982B9CBB5A9E266EC3FF, name Y (expanded) is /ccnx.org/test/SyncTestRepo-15-01-15-18.20.23/ccnSyncTest/slice10/round22/randomFile/=FD054B82F5ED0E/=00/y%B7o=E1FE885DC462C96E59D02F922A9D0639E4FCB2982B9CBB5A9E266EC3FF
Jan 15, 2015 6:21:37 PM org.ccnx.ccn.impl.sync.SliceComparator doComparison
O MAIS DETALHADO: Compare LEAF =052FA68000D9C2BF567BB6D369E2084346BFD9EC9E9D061F07A6F5E6673867CEB0 to LEAF =06C9B699583A95AE4C176F89F69F30E66FC0F246680D0944B3A0F3721633EBFD08
Jan 15, 2015 6:21:37 PM org.ccnx.ccn.impl.sync.SliceComparator doComparison
O MAIS DETALHADO: name X is 0, pos X is 3, name Y is 0, pos Y is 3 comp is 0
Jan 15, 2015 6:21:37 PM org.ccnx.ccn.impl.sync.SliceComparator doComparison
O MAIS DETALHADO: name X (expanded) is /ccnx.org/test/SyncTestRepo-15-01-15-18.20.23/ccnSyncTest/slice10/round22/randomFile/=FD054B82F5ED0E/%C1.META.M/.header/=FD054B82F5ED48/=00/=AF85132C57917D740BDC2F924FE603AE05A674D6BECF07105345134E4164E529, name Y (expanded) is /ccnx.org/test/SyncTestRepo-15-01-15-18.20.23/ccnSyncTest/slice10/round22/randomFile/=FD054B82F5ED0E/%C1.META.M/.header/=FD054B82F5ED48/=00/=AF85132C57917D740BDC2F924FE603AE05A674D6BECF07105345134E4164E529
Jan 15, 2015 6:21:37 PM org.ccnx.ccn.impl.sync.SliceComparator doComparison
O MAIS DETALHADO: Compare LEAF =052FA68000D9C2BF567BB6D369E2084346BFD9EC9E9D061F07A6F5E6673867CEB0 to LEAF =06C9B699583A95AE4C176F89F69F30E66FC0F246680D0944B3A0F3721633EBFD08
Jan 15, 2015 6:21:37 PM org.ccnx.ccn.impl.sync.SliceComparator doComparison
O MAIS DETALHADO: name X is 0, pos X is 4, name Y is 0, pos Y is 4 comp is 0
Jan 15, 2015 6:21:37 PM org.ccnx.ccn.impl.sync.SliceComparator doComparison
O MAIS DETALHADO: name X (expanded) is /ccnx.org/test/SyncTestRepo-15-01-15-18.20.23/ccnSyncTest/slice10/round23/randomFile/=FD054B82F5F639/=00/=90913F0035EA159FEED7E50A50458B36DDE7918F5F7955C163CDA5C718B574B7, name Y (expanded) is /ccnx.org/test/SyncTestRepo-15-01-15-18.20.23/ccnSyncTest/slice10/round23/randomFile/=FD054B82F5F639/=00/=90913F0035EA159FEED7E50A50458B36DDE7918F5F7955C163CDA5C718B574B7
Jan 15, 2015 6:21:37 PM org.ccnx.ccn.impl.sync.SliceComparator doComparison
O MAIS DETALHADO: Compare LEAF =052FA68000D9C2BF567BB6D369E2084346BFD9EC9E9D061F07A6F5E6673867CEB0 to LEAF =06C9B699583A95AE4C176F89F69F30E66FC0F246680D0944B3A0F3721633EBFD08
Jan 15, 2015 6:21:37 PM org.ccnx.ccn.impl.sync.SliceComparator doComparison
O MAIS DETALHADO: name X is 0, pos X is 5, name Y is 0, pos Y is 5 comp is 0
Jan 15, 2015 6:21:37 PM org.ccnx.ccn.impl.sync.SliceComparator doComparison
O MAIS DETALHADO: name X (expanded) is /ccnx.org/test/SyncTestRepo-15-01-15-18.20.23/ccnSyncTest/slice10/round23/randomFile/=FD054B82F5F639/%C1.META.M/.header/=FD054B82F5F67B/=00/2=21E841E2E9D639FFEA27D95B6AAFD229074D9972A4373B9076301ED559F9C4, name Y (expanded) is /ccnx.org/test/SyncTestRepo-15-01-15-18.20.23/ccnSyncTest/slice10/round23/randomFile/=FD054B82F5F639/%C1.META.M/.header/=FD054B82F5F67B/=00/2=21E841E2E9D639FFEA27D95B6AAFD229074D9972A4373B9076301ED559F9C4
Jan 15, 2015 6:21:37 PM org.ccnx.ccn.impl.sync.SliceComparator doComparison
O MAIS DETALHADO: Compare LEAF =052FA68000D9C2BF567BB6D369E2084346BFD9EC9E9D061F07A6F5E6673867CEB0 to LEAF =06C9B699583A95AE4C176F89F69F30E66FC0F246680D0944B3A0F3721633EBFD08
Jan 15, 2015 6:21:37 PM org.ccnx.ccn.impl.sync.SliceComparator doComparison
O MAIS DETALHADO: name X is 0, pos X is 6, name Y is 0, pos Y is 6 comp is 0
Jan 15, 2015 6:21:37 PM org.ccnx.ccn.impl.sync.SliceComparator doComparison
O MAIS DETALHADO: name X (expanded) is /ccnx.org/test/SyncTestRepo-15-01-15-18.20.23/ccnSyncTest/slice10/round24/randomFile/=FD054B82F5FF64/=00/=EAE3BE028BED84466DD9599174AEF02EF195603635C62DBC39ABA1C11E44AF4A, name Y (expanded) is /ccnx.org/test/SyncTestRepo-15-01-15-18.20.23/ccnSyncTest/slice10/round24/randomFile/=FD054B82F5FF64/=00/=EAE3BE028BED84466DD9599174AEF02EF195603635C62DBC39ABA1C11E44AF4A
Jan 15, 2015 6:21:37 PM org.ccnx.ccn.impl.sync.SliceComparator doComparison
O MAIS DETALHADO: Compare LEAF =052FA68000D9C2BF567BB6D369E2084346BFD9EC9E9D061F07A6F5E6673867CEB0 to LEAF =06C9B699583A95AE4C176F89F69F30E66FC0F246680D0944B3A0F3721633EBFD08
Jan 15, 2015 6:21:37 PM org.ccnx.ccn.impl.sync.SliceComparator doComparison
O MAIS DETALHADO: name X is 0, pos X is 7, name Y is 0, pos Y is 7 comp is 0
Jan 15, 2015 6:21:37 PM org.ccnx.ccn.impl.sync.SliceComparator doComparison
O MAIS DETALHADO: name X (expanded) is /ccnx.org/test/SyncTestRepo-15-01-15-18.20.23/ccnSyncTest/slice10/round24/randomFile/=FD054B82F5FF64/%C1.META.M/.header/=FD054B82F5FF9E/=00/%2Bm=D83EF551DEE8EC94F85B410AD90D67F6D717E07E74BEFC7F25CF69C0A77D, name Y (expanded) is /ccnx.org/test/SyncTestRepo-15-01-15-18.20.23/ccnSyncTest/slice10/round24/randomFile/=FD054B82F5FF64/%C1.META.M/.header/=FD054B82F5FF9E/=00/%2Bm=D83EF551DEE8EC94F85B410AD90D67F6D717E07E74BEFC7F25CF69C0A77D
Jan 15, 2015 6:21:37 PM org.ccnx.ccn.impl.sync.SliceComparator doComparison
O MAIS DETALHADO: Compare LEAF =052FA68000D9C2BF567BB6D369E2084346BFD9EC9E9D061F07A6F5E6673867CEB0 to LEAF =06C9B699583A95AE4C176F89F69F30E66FC0F246680D0944B3A0F3721633EBFD08
Jan 15, 2015 6:21:37 PM org.ccnx.ccn.impl.sync.SliceComparator doComparison
O MAIS DETALHADO: name X is 0, pos X is 8, name Y is 0, pos Y is 8 comp is 0
Jan 15, 2015 6:21:37 PM org.ccnx.ccn.impl.sync.SliceComparator doComparison
O MAIS DETALHADO: name X (expanded) is /ccnx.org/test/SyncTestRepo-15-01-15-18.20.23/ccnSyncTest/slice10/round25/randomFile/=FD054B82F60887/=00/=D401258329B8D5F501388F7775E35E1196A2B7D8DD50C6549F804F87D7CCE5E4, name Y (expanded) is /ccnx.org/test/SyncTestRepo-15-01-15-18.20.23/ccnSyncTest/slice10/round25/randomFile/=FD054B82F60887/=00/=D401258329B8D5F501388F7775E35E1196A2B7D8DD50C6549F804F87D7CCE5E4
Jan 15, 2015 6:21:37 PM org.ccnx.ccn.impl.sync.SliceComparator doComparison
O MAIS DETALHADO: Compare LEAF =052FA68000D9C2BF567BB6D369E2084346BFD9EC9E9D061F07A6F5E6673867CEB0 to LEAF =06C9B699583A95AE4C176F89F69F30E66FC0F246680D0944B3A0F3721633EBFD08
Jan 15, 2015 6:21:37 PM org.ccnx.ccn.impl.sync.SliceComparator doComparison
O MAIS DETALHADO: name X is 0, pos X is 9, name Y is 0, pos Y is 9 comp is 0
Jan 15, 2015 6:21:37 PM org.ccnx.ccn.impl.sync.SliceComparator doComparison
O MAIS DETALHADO: name X (expanded) is /ccnx.org/test/SyncTestRepo-15-01-15-18.20.23/ccnSyncTest/slice10/round25/randomFile/=FD054B82F60887/%C1.META.M/.header/=FD054B82F608C5/=00/=82C22B37043F8E4774A60D4BA7B10EE83D02C34139682C40B38D4BA83237EB9D, name Y (expanded) is /ccnx.org/test/SyncTestRepo-15-01-15-18.20.23/ccnSyncTest/slice10/round25/randomFile/=FD054B82F60887/%C1.META.M/.header/=FD054B82F608C5/=00/=82C22B37043F8E4774A60D4BA7B10EE83D02C34139682C40B38D4BA83237EB9D
Jan 15, 2015 6:21:37 PM org.ccnx.ccn.impl.sync.SliceComparator doComparison
O MAIS DETALHADO: Compare NODE %10VQh=12E2754028D2668B42584BA277C143E0470AD6EC42126D621BBB22309E to LEAF =06C9B699583A95AE4C176F89F69F30E66FC0F246680D0944B3A0F3721633EBFD08, resMin is 1, resMax is -1
Jan 15, 2015 6:21:37 PM org.ccnx.ccn.impl.sync.SliceComparator doComparison
O MAIS DETALHADO: minname is 0, maxname is 0, pos X is 3, pos Y is 10
Jan 15, 2015 6:21:37 PM org.ccnx.ccn.impl.sync.SliceComparator doComparison
O MAIS DETALHADO: Compare LEAF U=B65BF82BB7BDFA3AE7733582BED945B0D8A7F07ED225475984B19637201B2F to LEAF =06C9B699583A95AE4C176F89F69F30E66FC0F246680D0944B3A0F3721633EBFD08
Jan 15, 2015 6:21:37 PM org.ccnx.ccn.impl.sync.SliceComparator doComparison
O MAIS DETALHADO: name X is 0, pos X is 0, name Y is 0, pos Y is 10 comp is 1
Jan 15, 2015 6:21:37 PM org.ccnx.ccn.impl.sync.SliceComparator doComparison
O MAIS DETALHADO: name X (expanded) is /ccnx.org/test/SyncTestRepo-15-01-15-18.20.23/ccnSyncTest/slice10/randomFile/=FD054B82F53F79/=00/=3CBEB0282FE72CD7F7CF0696455493A1CE4F4E488F469319834E10584FC5C583, name Y (expanded) is /ccnx.org/test/SyncTestRepo-15-01-15-18.20.23/ccnSyncTest/slice10/round26/randomFile/=FD054B82F611AE/=00/=A59ED751E0429923E44E0411791301D0EAD05D219F65D4C0877CB9C9BAE5F22C
Jan 15, 2015 6:21:37 PM org.ccnx.ccn.profiles.sync.SyncTestRepo doHandleContentName
INFORMAÇÕES: Number 1: Callback for name: /ccnx.org/test/SyncTestRepo-15-01-15-18.20.23/ccnSyncTest/slice10/round26/randomFile/=FD054B82F611AE/=00 - number is 0
Jan 15, 2015 6:21:37 PM org.ccnx.ccn.impl.sync.SliceComparator doComparison
O MAIS DETALHADO: Compare LEAF U=B65BF82BB7BDFA3AE7733582BED945B0D8A7F07ED225475984B19637201B2F to LEAF =06C9B699583A95AE4C176F89F69F30E66FC0F246680D0944B3A0F3721633EBFD08
Jan 15, 2015 6:21:37 PM org.ccnx.ccn.impl.sync.SliceComparator doComparison
O MAIS DETALHADO: name X is 0, pos X is 0, name Y is 0, pos Y is 11 comp is 1
Jan 15, 2015 6:21:37 PM org.ccnx.ccn.impl.sync.SliceComparator doComparison
O MAIS DETALHADO: name X (expanded) is /ccnx.org/test/SyncTestRepo-15-01-15-18.20.23/ccnSyncTest/slice10/randomFile/=FD054B82F53F79/=00/=3CBEB0282FE72CD7F7CF0696455493A1CE4F4E488F469319834E10584FC5C583, name Y (expanded) is /ccnx.org/test/SyncTestRepo-15-01-15-18.20.23/ccnSyncTest/slice10/round26/randomFile/=FD054B82F611AE/%C1.META.M/.header/=FD054B82F611E7/=00/=9EBAE60D54D897D77C833F45C156C812656F54B751CB2BA418FC204F097E20FD
Jan 15, 2015 6:21:37 PM org.ccnx.ccn.profiles.sync.SyncTestRepo doHandleContentName
INFORMAÇÕES: Number 1: Callback for name: /ccnx.org/test/SyncTestRepo-15-01-15-18.20.23/ccnSyncTest/slice10/round26/randomFile/=FD054B82F611AE/%C1.META.M/.header/=FD054B82F611E7/=00 - number is header
Jan 15, 2015 6:21:37 PM org.ccnx.ccn.impl.sync.SliceComparator doComparison
O MAIS DETALHADO: Compare LEAF U=B65BF82BB7BDFA3AE7733582BED945B0D8A7F07ED225475984B19637201B2F to LEAF =06C9B699583A95AE4C176F89F69F30E66FC0F246680D0944B3A0F3721633EBFD08
Jan 15, 2015 6:21:37 PM org.ccnx.ccn.impl.sync.SliceComparator doComparison
O MAIS DETALHADO: name X is 0, pos X is 0, name Y is 0, pos Y is 12 comp is 0
Jan 15, 2015 6:21:37 PM org.ccnx.ccn.impl.sync.SliceComparator doComparison
O MAIS DETALHADO: name X (expanded) is /ccnx.org/test/SyncTestRepo-15-01-15-18.20.23/ccnSyncTest/slice10/randomFile/=FD054B82F53F79/=00/=3CBEB0282FE72CD7F7CF0696455493A1CE4F4E488F469319834E10584FC5C583, name Y (expanded) is /ccnx.org/test/SyncTestRepo-15-01-15-18.20.23/ccnSyncTest/slice10/randomFile/=FD054B82F53F79/=00/=3CBEB0282FE72CD7F7CF0696455493A1CE4F4E488F469319834E10584FC5C583
Jan 15, 2015 6:21:37 PM org.ccnx.ccn.impl.sync.SliceComparator doComparison
O MAIS DETALHADO: Compare LEAF U=B65BF82BB7BDFA3AE7733582BED945B0D8A7F07ED225475984B19637201B2F to LEAF =06C9B699583A95AE4C176F89F69F30E66FC0F246680D0944B3A0F3721633EBFD08
Jan 15, 2015 6:21:37 PM org.ccnx.ccn.impl.sync.SliceComparator doComparison
O MAIS DETALHADO: name X is 0, pos X is 1, name Y is 0, pos Y is 13 comp is 0
Jan 15, 2015 6:21:37 PM org.ccnx.ccn.impl.sync.SliceComparator doComparison
O MAIS DETALHADO: name X (expanded) is /ccnx.org/test/SyncTestRepo-15-01-15-18.20.23/ccnSyncTest/slice10/randomFile/=FD054B82F53F79/%C1.META.M/.header/=FD054B82F53FB2/=00/=18F7ABCFFBD0912243186C9F3D6A45A3E28959A7EF8B922DD636A13DE75A55AC, name Y (expanded) is /ccnx.org/test/SyncTestRepo-15-01-15-18.20.23/ccnSyncTest/slice10/randomFile/=FD054B82F53F79/%C1.META.M/.header/=FD054B82F53FB2/=00/=18F7ABCFFBD0912243186C9F3D6A45A3E28959A7EF8B922DD636A13DE75A55AC
Jan 15, 2015 6:21:37 PM org.ccnx.ccn.impl.sync.SliceComparator updateCurrent
O MAIS DETALHADO: Starting update from hash %10VQh=12E2754028D2668B42584BA277C143E0470AD6EC42126D621BBB22309E
Jan 15, 2015 6:21:37 PM org.ccnx.ccn.impl.sync.SliceComparator updateCurrent
O MAIS DETALHADO: Update compare - moving to: =05D95348B35DA1736365107BDACCCE484DA8B6A14DCCF3832B16DDA212E3B0C032
Jan 15, 2015 6:21:37 PM org.ccnx.ccn.impl.sync.SliceComparator updateCurrent
O MAIS DETALHADO: Shortcut in update - popping back to %10VQh=12E2754028D2668B42584BA277C143E0470AD6EC42126D621BBB22309E, pos 1
Jan 15, 2015 6:21:37 PM org.ccnx.ccn.impl.sync.SliceComparator updateCurrent
O MAIS DETALHADO: Update compare - moving to: =04F7A143667F594F74B6B7C8C826B63D9DA7DAAA6A220B24C7FB15280B67E9868D
Jan 15, 2015 6:21:37 PM org.ccnx.ccn.impl.sync.SliceComparator updateCurrent
O MAIS DETALHADO: Shortcut in update - popping back to %10VQh=12E2754028D2668B42584BA277C143E0470AD6EC42126D621BBB22309E, pos 2
Jan 15, 2015 6:21:37 PM org.ccnx.ccn.impl.sync.SliceComparator updateCurrent
O MAIS DETALHADO: Update compare - moving to: =052FA68000D9C2BF567BB6D369E2084346BFD9EC9E9D061F07A6F5E6673867CEB0
Jan 15, 2015 6:21:37 PM org.ccnx.ccn.impl.sync.SliceComparator updateCurrent
O MAIS DETALHADO: Shortcut in update - popping back to %10VQh=12E2754028D2668B42584BA277C143E0470AD6EC42126D621BBB22309E, pos 3
Jan 15, 2015 6:21:37 PM org.ccnx.ccn.impl.sync.SliceComparator updateCurrent
O MAIS DETALHADO: Update compare - moving to: U=B65BF82BB7BDFA3AE7733582BED945B0D8A7F07ED225475984B19637201B2F
Jan 15, 2015 6:21:37 PM org.ccnx.ccn.impl.sync.SliceComparator updateCurrent
O MAIS DETALHADO: Update compare: name from tree (expanded) is /ccnx.org/test/SyncTestRepo-15-01-15-18.20.23/ccnSyncTest/slice10/randomFile/=FD054B82F53F79/=00/=3CBEB0282FE72CD7F7CF0696455493A1CE4F4E488F469319834E10584FC5C583, name  is /ccnx.org/test/SyncTestRepo-15-01-15-18.20.23/ccnSyncTest/slice10/round26/randomFile/=FD054B82F611AE/=00/=A59ED751E0429923E44E0411791301D0EAD05D219F65D4C0877CB9C9BAE5F22C, comp is 1
Jan 15, 2015 6:21:37 PM org.ccnx.ccn.impl.sync.SliceComparator updateCurrent
O MAIS DETALHADO: Update: starting redo of names because of /ccnx.org/test/SyncTestRepo-15-01-15-18.20.23/ccnSyncTest/slice10/round26/randomFile/=FD054B82F611AE/=00/=A59ED751E0429923E44E0411791301D0EAD05D219F65D4C0877CB9C9BAE5F22C at /ccnx.org/test/SyncTestRepo-15-01-15-18.20.23/ccnSyncTest/slice10/randomFile/=FD054B82F53F79/=00/=3CBEB0282FE72CD7F7CF0696455493A1CE4F4E488F469319834E10584FC5C583
Jan 15, 2015 6:21:37 PM org.ccnx.ccn.io.content.SyncNodeComposite decodeLogging
O MAIS DETALHADO: decode node for =019A10195760D2EEF59BB8B68CBD28A329011859C9700325ABF9FD8BAEFB842E58 depth = 1 refs = 4
Jan 15, 2015 6:21:37 PM org.ccnx.ccn.io.content.SyncNodeComposite decodeLogging
O MAIS DETALHADO: min is 0, max is 0, expanded min is /ccnx.org/test/SyncTestRepo-15-01-15-18.20.23/ccnSyncTest/slice10/round26/randomFile/=FD054B82F611AE/=00/=A59ED751E0429923E44E0411791301D0EAD05D219F65D4C0877CB9C9BAE5F22C, expanded max is /ccnx.org/test/SyncTestRepo-15-01-15-18.20.23/ccnSyncTest/slice10/randomFile/=FD054B82F53F79/%C1.META.M/.header/=FD054B82F53FB2/=00/=18F7ABCFFBD0912243186C9F3D6A45A3E28959A7EF8B922DD636A13DE75A55AC
Jan 15, 2015 6:21:37 PM org.ccnx.ccn.impl.sync.SyncTreeEntry <init>
O MAIS DETALHADO: Found existing node: =119AAB2572179071243337CE9992B56C5B1183921FFC07ECA6B2E63C347F8643C7
Jan 15, 2015 6:21:37 PM org.ccnx.ccn.io.content.SyncNodeComposite decodeLogging
O MAIS DETALHADO: decode node for =119AAB2572179071243337CE9992B56C5B1183921FFC07ECA6B2E63C347F8643C7 depth = 2 refs = 4
Jan 15, 2015 6:21:37 PM org.ccnx.ccn.io.content.SyncNodeComposite decodeLogging
O MAIS DETALHADO: min is 0, max is 0, expanded min is /ccnx.org/test/SyncTestRepo-15-01-15-18.20.23/ccnSyncTest/slice10/round11/randomFile/=FD054B82F588B4/=00/=862C3C8C527D6B204E7FCD4EAF121546BFBA9E26B978EC9010B0DB73EDD734F0, expanded max is /ccnx.org/test/SyncTestRepo-15-01-15-18.20.23/ccnSyncTest/slice10/randomFile/=FD054B82F53F79/%C1.META.M/.header/=FD054B82F53FB2/=00/=18F7ABCFFBD0912243186C9F3D6A45A3E28959A7EF8B922DD636A13DE75A55AC
Jan 15, 2015 6:21:37 PM org.ccnx.ccn.impl.sync.NodeBuilder createHeadRecursive
O MAIS DETALHADO: Creating new compound node - with first element =05D95348B35DA1736365107BDACCCE484DA8B6A14DCCF3832B16DDA212E3B0C032 and last element =019A10195760D2EEF59BB8B68CBD28A329011859C9700325ABF9FD8BAEFB842E58
Jan 15, 2015 6:21:37 PM org.ccnx.ccn.impl.sync.SliceComparator updateCurrent
INFORMAÇÕES: Resetting current to created head: =119AAB2572179071243337CE9992B56C5B1183921FFC07ECA6B2E63C347F8643C7
Jan 15, 2015 6:21:37 PM org.ccnx.ccn.profiles.sync.SyncTestRepo checkCallbacks
DETALHADO: got segment 0
Jan 15, 2015 6:21:37 PM org.ccnx.ccn.profiles.sync.SyncTestRepo checkCallbacks
DETALHADO: received: [true, false] finished: [true, true]
Jan 15, 2015 6:21:37 PM org.ccnx.ccn.profiles.sync.SyncTestRepo checkCallbacks
DETALHADO: got the header
Jan 15, 2015 6:21:37 PM org.ccnx.ccn.profiles.sync.SyncTestRepo checkCallbacks
DETALHADO: received: [true, true] finished: [true, true]
Jan 15, 2015 6:21:37 PM org.ccnx.ccn.profiles.sync.SyncTestRepo checkCallbacks
DETALHADO: got all the segments!
Jan 15, 2015 6:21:37 PM org.ccnx.ccn.profiles.sync.SyncTestRepo checkCallbacks
DETALHADO: trying to loop again looking for segments
Jan 15, 2015 6:21:37 PM org.ccnx.ccn.profiles.sync.SyncTestRepo checkCallbacks
DETALHADO: done looping, returning.
Jan 15, 2015 6:21:37 PM org.ccnx.ccn.impl.CCNFlowControl <init>
INFORMAÇÕES: adding namespace: /ccnx.org/test/SyncTestRepo-15-01-15-18.20.23/ccnSyncTest/slice10/round27/randomFile
Jan 15, 2015 6:21:37 PM org.ccnx.ccn.impl.security.keys.BasicKeyManager getKeyLocator
INFORMAÇÕES: getKeyLocator: returning locator NAME: /ccnx.org/Users/root/Keys/%C1.M.K=009234ADEC47D19E3E6A2AF362D44E09AB6B71F43B1900BA0622FB45F2A5B7D9F6/=FD054AE7DE1000 KEY:-reba89rgbj1o6ata34t5eovcl4kho5s9pnv8nstq15q1ld4g9ga for key kjSt7EfRnj5qKvNi1E4Jq2tx9DsZALoGIvtF8qW32fY=
Jan 15, 2015 6:21:37 PM org.ccnx.ccn.io.CCNAbstractOutputStream <init>
INFORMAÇÕES: CCNAbstractOutputStream: /ccnx.org/test/SyncTestRepo-15-01-15-18.20.23/ccnSyncTest/slice10/round27/randomFile/=FD054B82F61ADD blocksize is 4096
Jan 15, 2015 6:21:37 PM org.ccnx.ccn.io.CCNAbstractOutputStream startWrite
INFORMAÇÕES: CCNAbstractOutputStream: startWrite -- searching for keys.
Jan 15, 2015 6:21:37 PM org.ccnx.ccn.profiles.security.access.AccessControlManager keysForOutput
INFORMAÇÕES: keysForOutput: found an acm: (null)
Jan 15, 2015 6:21:37 PM org.ccnx.ccn.impl.repo.RepositoryFlowControl startWrite
INFORMAÇÕES: RepositoryFlowControl.startWrite called for name /ccnx.org/test/SyncTestRepo-15-01-15-18.20.23/ccnSyncTest/slice10/round27/randomFile/=FD054B82F61ADD, shape STREAM
Jan 15, 2015 6:21:37 PM org.ccnx.ccn.impl.repo.RepositoryFlowControl handleContent
INFORMAÇÕES: handleContent: got potential repo message: /ccnx.org/test/SyncTestRepo-15-01-15-18.20.23/ccnSyncTest/slice10/round27/randomFile/=FD054B82F61ADD/%C1.R.sw/%C1.N=007D2FFFBF3B11434E
Jan 15, 2015 6:21:37 PM org.ccnx.ccn.profiles.sync.SyncTestCommon writeFile
DETALHADO: bytes: 4096 block size: 4096 div: 1.0 ceil: 1
Jan 15, 2015 6:21:37 PM org.ccnx.ccn.profiles.sync.SyncTestCommon writeFile
DETALHADO: will write out a 4096 byte file, will have 2 segments (1 is a header)
Jan 15, 2015 6:21:37 PM org.ccnx.ccn.io.CCNOutputStream flushToNetwork
INFORMAÇÕES: flush: outputting to the segmenter, baseName /ccnx.org/test/SyncTestRepo-15-01-15-18.20.23/ccnSyncTest/slice10/round27/randomFile/=FD054B82F61ADD basenameindex =00; 4096 bytes written, holding back 4096 flushing final blocks? false.
Jan 15, 2015 6:21:37 PM org.ccnx.ccn.io.CCNOutputStream flushToNetwork
INFORMAÇÕES: HEADER: CCNOutputStream: flushToNetwork: new _baseNameIndex 0
Jan 15, 2015 6:21:37 PM org.ccnx.ccn.io.CCNOutputStream flushToNetwork
INFORMAÇÕES: flush: outputting to the segmenter, baseName /ccnx.org/test/SyncTestRepo-15-01-15-18.20.23/ccnSyncTest/slice10/round27/randomFile/=FD054B82F61ADD basenameindex =00; 4096 bytes written, holding back 4096 flushing final blocks? false.
Jan 15, 2015 6:21:37 PM org.ccnx.ccn.io.CCNOutputStream flushToNetwork
INFORMAÇÕES: HEADER: CCNOutputStream: flushToNetwork: new _baseNameIndex 0
Jan 15, 2015 6:21:37 PM org.ccnx.ccn.io.CCNOutputStream flushToNetwork
INFORMAÇÕES: flush: outputting to the segmenter, baseName /ccnx.org/test/SyncTestRepo-15-01-15-18.20.23/ccnSyncTest/slice10/round27/randomFile/=FD054B82F61ADD basenameindex =00; 4096 bytes written, holding back 0 flushing final blocks? true.
Jan 15, 2015 6:21:37 PM org.ccnx.ccn.io.CCNOutputStream flushToNetwork
INFORMAÇÕES: HEADER: CCNOutputStream: flushToNetwork: new _baseNameIndex 1
Jan 15, 2015 6:21:37 PM org.ccnx.ccn.io.CCNAbstractOutputStream <init>
INFORMAÇÕES: CCNAbstractOutputStream: /ccnx.org/test/SyncTestRepo-15-01-15-18.20.23/ccnSyncTest/slice10/round27/randomFile/=FD054B82F61ADD/%C1.META.M/.header/=FD054B82F61B1B blocksize is 4096
Jan 15, 2015 6:21:37 PM org.ccnx.ccn.io.CCNAbstractOutputStream startWrite
INFORMAÇÕES: CCNAbstractOutputStream: startWrite -- searching for keys.
Jan 15, 2015 6:21:37 PM org.ccnx.ccn.profiles.security.access.AccessControlManager keysForOutput
INFORMAÇÕES: keysForOutput: found an acm: (null)
Jan 15, 2015 6:21:37 PM org.ccnx.ccn.impl.repo.RepositoryFlowControl startWrite
INFORMAÇÕES: RepositoryFlowControl.startWrite called for name /ccnx.org/test/SyncTestRepo-15-01-15-18.20.23/ccnSyncTest/slice10/round27/randomFile/=FD054B82F61ADD/%C1.META.M/.header/=FD054B82F61B1B, shape STREAM
Jan 15, 2015 6:21:37 PM org.ccnx.ccn.impl.repo.RepositoryFlowControl handleContent
INFORMAÇÕES: handleContent: got potential repo message: /ccnx.org/test/SyncTestRepo-15-01-15-18.20.23/ccnSyncTest/slice10/round27/randomFile/=FD054B82F61ADD/%C1.META.M/.header/=FD054B82F61B1B/%C1.R.sw/%C1.N=00D71DE4F707F2002A
Jan 15, 2015 6:21:37 PM org.ccnx.ccn.io.CCNOutputStream flushToNetwork
INFORMAÇÕES: flush: outputting to the segmenter, baseName /ccnx.org/test/SyncTestRepo-15-01-15-18.20.23/ccnSyncTest/slice10/round27/randomFile/=FD054B82F61ADD/%C1.META.M/.header/=FD054B82F61B1B basenameindex =00; 66 bytes written, holding back 66 flushing final blocks? false.
Jan 15, 2015 6:21:37 PM org.ccnx.ccn.io.CCNOutputStream flushToNetwork
INFORMAÇÕES: HEADER: CCNOutputStream: flushToNetwork: new _baseNameIndex 0
Jan 15, 2015 6:21:37 PM org.ccnx.ccn.io.CCNOutputStream flushToNetwork
INFORMAÇÕES: flush: outputting to the segmenter, baseName /ccnx.org/test/SyncTestRepo-15-01-15-18.20.23/ccnSyncTest/slice10/round27/randomFile/=FD054B82F61ADD/%C1.META.M/.header/=FD054B82F61B1B basenameindex =00; 66 bytes written, holding back 66 flushing final blocks? false.
Jan 15, 2015 6:21:37 PM org.ccnx.ccn.io.CCNOutputStream flushToNetwork
INFORMAÇÕES: HEADER: CCNOutputStream: flushToNetwork: new _baseNameIndex 0
Jan 15, 2015 6:21:37 PM org.ccnx.ccn.io.CCNOutputStream flushToNetwork
INFORMAÇÕES: flush: outputting to the segmenter, baseName /ccnx.org/test/SyncTestRepo-15-01-15-18.20.23/ccnSyncTest/slice10/round27/randomFile/=FD054B82F61ADD/%C1.META.M/.header/=FD054B82F61B1B basenameindex =00; 66 bytes written, holding back 0 flushing final blocks? true.
Jan 15, 2015 6:21:37 PM org.ccnx.ccn.io.CCNOutputStream flushToNetwork
INFORMAÇÕES: HEADER: CCNOutputStream: flushToNetwork: new _baseNameIndex 1
Jan 15, 2015 6:21:37 PM org.ccnx.ccn.io.CCNOutputStream close
INFORMAÇÕES: CCNOutputStream close: /ccnx.org/test/SyncTestRepo-15-01-15-18.20.23/ccnSyncTest/slice10/round27/randomFile/=FD054B82F61ADD/%C1.META.M/.header/=FD054B82F61B1B
Jan 15, 2015 6:21:37 PM org.ccnx.ccn.io.CCNOutputStream close
INFORMAÇÕES: CCNOutputStream close: /ccnx.org/test/SyncTestRepo-15-01-15-18.20.23/ccnSyncTest/slice10/round27/randomFile/=FD054B82F61ADD
Jan 15, 2015 6:21:37 PM org.ccnx.ccn.profiles.sync.SyncTestCommon writeFile
INFORMAÇÕES: Wrote file to repository: /ccnx.org/test/SyncTestRepo-15-01-15-18.20.23/ccnSyncTest/slice10/round27/randomFile/=FD054B82F61ADD with 2 segments
Jan 15, 2015 6:21:37 PM org.ccnx.ccn.profiles.sync.SyncTestRepo checkCallbacks
DETALHADO: checking for callbacks:  /ccnx.org/test/SyncTestRepo-15-01-15-18.20.23/ccnSyncTest/slice10/round27 segments: 2
Jan 15, 2015 6:21:37 PM org.ccnx.ccn.impl.sync.ProtocolBasedSyncMonitor handleContent
INFORMAÇÕES: Saw new content from sync: /ccnx.org/test/SyncTestRepo-15-01-15-18.20.23/topoPrefix/%C1.S.ra/x%E7U.=86853EF050D99AC7B6E19C29B7AECFA1B2568CAD74E733BCB2443F63/=119AAB2572179071243337CE9992B56C5B1183921FFC07ECA6B2E63C347F8643C7/=11E49B95F88A9B5B2871C059D7A09DB3E6E2444FFA6CCC752841C0D053F78AA722
Jan 15, 2015 6:21:37 PM org.ccnx.ccn.impl.sync.SliceComparator run
DETALHADO: Starting comparator run - state is INIT, sc is org.ccnx.ccn.impl.sync.SliceComparator@ca0898b, this is the lead
Jan 15, 2015 6:21:37 PM org.ccnx.ccn.impl.encoding.BinaryXMLDecoder setElement
INFORMAÇÕES: Reset decode array sizes to 150
Jan 15, 2015 6:21:37 PM org.ccnx.ccn.io.content.SyncNodeComposite decodeLogging
O MAIS DETALHADO: decode node for =11E49B95F88A9B5B2871C059D7A09DB3E6E2444FFA6CCC752841C0D053F78AA722 depth = 2 refs = 3
Jan 15, 2015 6:21:37 PM org.ccnx.ccn.io.content.SyncNodeComposite decodeLogging
O MAIS DETALHADO: min is 0, max is 0, expanded min is /ccnx.org/test/SyncTestRepo-15-01-15-18.20.23/ccnSyncTest/slice10/round11/randomFile/=FD054B82F588B4/=00/=862C3C8C527D6B204E7FCD4EAF121546BFBA9E26B978EC9010B0DB73EDD734F0, expanded max is /ccnx.org/test/SyncTestRepo-15-01-15-18.20.23/ccnSyncTest/slice10/randomFile/=FD054B82F53F79/%C1.META.M/.header/=FD054B82F53FB2/=00/=18F7ABCFFBD0912243186C9F3D6A45A3E28959A7EF8B922DD636A13DE75A55AC
Jan 15, 2015 6:21:37 PM org.ccnx.ccn.impl.sync.SliceComparator run
INFORMAÇÕES: Starting new round with X = =119AAB2572179071243337CE9992B56C5B1183921FFC07ECA6B2E63C347F8643C7 and Y = =11E49B95F88A9B5B2871C059D7A09DB3E6E2444FFA6CCC752841C0D053F78AA722
Jan 15, 2015 6:21:37 PM org.ccnx.ccn.impl.sync.ProtocolBasedSyncMonitor requestNode
DETALHADO: Requesting node for hash: /ccnx.org/test/SyncTestRepo-15-01-15-18.20.23/topoPrefix/%C1.S.nf/x%E7U.=86853EF050D99AC7B6E19C29B7AECFA1B2568CAD74E733BCB2443F63/=0713A709DEADA0985055F81534AD192DFB91B304427DCDCD352FCE0635ABF06063
Jan 15, 2015 6:21:37 PM org.ccnx.ccn.impl.sync.SliceComparator doComparison
O MAIS DETALHADO: Skipping covered subentry =05D95348B35DA1736365107BDACCCE484DA8B6A14DCCF3832B16DDA212E3B0C032
Jan 15, 2015 6:21:37 PM org.ccnx.ccn.impl.sync.SliceComparator doComparison
O MAIS DETALHADO: Skipping covered subentry =04F7A143667F594F74B6B7C8C826B63D9DA7DAAA6A220B24C7FB15280B67E9868D
Jan 15, 2015 6:21:37 PM org.ccnx.ccn.impl.sync.SliceComparator doComparison
O MAIS DETALHADO: Compare NODE =119AAB2572179071243337CE9992B56C5B1183921FFC07ECA6B2E63C347F8643C7 to NODE =11E49B95F88A9B5B2871C059D7A09DB3E6E2444FFA6CCC752841C0D053F78AA722
Jan 15, 2015 6:21:37 PM org.ccnx.ccn.impl.sync.SliceComparator doComparison
O MAIS DETALHADO: pos X is 0, pos Y is 2
Jan 15, 2015 6:21:37 PM org.ccnx.ccn.impl.sync.SliceComparator.NodeFetchHandler handleContent
DETALHADO: Saw data from nodefind: hash: =0713A709DEADA0985055F81534AD192DFB91B304427DCDCD352FCE0635ABF06063
Jan 15, 2015 6:21:37 PM org.ccnx.ccn.io.content.SyncNodeComposite decodeLogging
O MAIS DETALHADO: decode node for =0713A709DEADA0985055F81534AD192DFB91B304427DCDCD352FCE0635ABF06063 depth = 1 refs = 16
Jan 15, 2015 6:21:37 PM org.ccnx.ccn.io.content.SyncNodeComposite decodeLogging
O MAIS DETALHADO: min is 0, max is 0, expanded min is /ccnx.org/test/SyncTestRepo-15-01-15-18.20.23/ccnSyncTest/slice10/round21/randomFile/=FD054B82F5E41D/=00/%81v=11100BD1950F5228760141B55709E0A91045B40720DAB0782DCC6F0256FF, expanded max is /ccnx.org/test/SyncTestRepo-15-01-15-18.20.23/ccnSyncTest/slice10/randomFile/=FD054B82F53F79/%C1.META.M/.header/=FD054B82F53FB2/=00/=18F7ABCFFBD0912243186C9F3D6A45A3E28959A7EF8B922DD636A13DE75A55AC
Jan 15, 2015 6:21:37 PM org.ccnx.ccn.impl.sync.SliceComparator doComparison
O MAIS DETALHADO: Pushing X entry =05D95348B35DA1736365107BDACCCE484DA8B6A14DCCF3832B16DDA212E3B0C032 and Y entry =0713A709DEADA0985055F81534AD192DFB91B304427DCDCD352FCE0635ABF06063
Jan 15, 2015 6:21:37 PM org.ccnx.ccn.impl.sync.SliceComparator doComparison
O MAIS DETALHADO: Compare LEAF =05D95348B35DA1736365107BDACCCE484DA8B6A14DCCF3832B16DDA212E3B0C032 to LEAF =0713A709DEADA0985055F81534AD192DFB91B304427DCDCD352FCE0635ABF06063
Jan 15, 2015 6:21:37 PM org.ccnx.ccn.impl.sync.SliceComparator doComparison
O MAIS DETALHADO: name X is 0, pos X is 0, name Y is 0, pos Y is 0 comp is -1
Jan 15, 2015 6:21:37 PM org.ccnx.ccn.impl.sync.SliceComparator doComparison
O MAIS DETALHADO: name X (expanded) is /ccnx.org/test/SyncTestRepo-15-01-15-18.20.23/ccnSyncTest/slice10/round11/randomFile/=FD054B82F588B4/=00/=862C3C8C527D6B204E7FCD4EAF121546BFBA9E26B978EC9010B0DB73EDD734F0, name Y (expanded) is /ccnx.org/test/SyncTestRepo-15-01-15-18.20.23/ccnSyncTest/slice10/round21/randomFile/=FD054B82F5E41D/=00/%81v=11100BD1950F5228760141B55709E0A91045B40720DAB0782DCC6F0256FF
Jan 15, 2015 6:21:37 PM org.ccnx.ccn.impl.sync.SliceComparator doComparison
O MAIS DETALHADO: Shortcut - popping X back to =119AAB2572179071243337CE9992B56C5B1183921FFC07ECA6B2E63C347F8643C7, pos 1
Jan 15, 2015 6:21:37 PM org.ccnx.ccn.impl.sync.SliceComparator doComparison
O MAIS DETALHADO: Compare NODE =119AAB2572179071243337CE9992B56C5B1183921FFC07ECA6B2E63C347F8643C7 to LEAF =0713A709DEADA0985055F81534AD192DFB91B304427DCDCD352FCE0635ABF06063, resMin is 1, resMax is -1
Jan 15, 2015 6:21:37 PM org.ccnx.ccn.impl.sync.SliceComparator doComparison
O MAIS DETALHADO: minname is 0, maxname is 0, pos X is 1, pos Y is 0
Jan 15, 2015 6:21:37 PM org.ccnx.ccn.impl.sync.SliceComparator doComparison
O MAIS DETALHADO: Compare LEAF =04F7A143667F594F74B6B7C8C826B63D9DA7DAAA6A220B24C7FB15280B67E9868D to LEAF =0713A709DEADA0985055F81534AD192DFB91B304427DCDCD352FCE0635ABF06063
Jan 15, 2015 6:21:37 PM org.ccnx.ccn.impl.sync.SliceComparator doComparison
O MAIS DETALHADO: name X is 0, pos X is 0, name Y is 0, pos Y is 0 comp is -1
Jan 15, 2015 6:21:37 PM org.ccnx.ccn.impl.sync.SliceComparator doComparison
O MAIS DETALHADO: name X (expanded) is /ccnx.org/test/SyncTestRepo-15-01-15-18.20.23/ccnSyncTest/slice10/round16/randomFile/=FD054B82F5B673/=00/pU=A6A22546186B9FAC4EB8A07C1FBB995F82DA30BC632446C0DCD7E521AAF7, name Y (expanded) is /ccnx.org/test/SyncTestRepo-15-01-15-18.20.23/ccnSyncTest/slice10/round21/randomFile/=FD054B82F5E41D/=00/%81v=11100BD1950F5228760141B55709E0A91045B40720DAB0782DCC6F0256FF
Jan 15, 2015 6:21:37 PM org.ccnx.ccn.impl.sync.SliceComparator doComparison
O MAIS DETALHADO: Shortcut - popping X back to =119AAB2572179071243337CE9992B56C5B1183921FFC07ECA6B2E63C347F8643C7, pos 2
Jan 15, 2015 6:21:37 PM org.ccnx.ccn.impl.sync.SliceComparator doComparison
O MAIS DETALHADO: Compare NODE =119AAB2572179071243337CE9992B56C5B1183921FFC07ECA6B2E63C347F8643C7 to LEAF =0713A709DEADA0985055F81534AD192DFB91B304427DCDCD352FCE0635ABF06063, resMin is 1, resMax is -1
Jan 15, 2015 6:21:37 PM org.ccnx.ccn.impl.sync.SliceComparator doComparison
O MAIS DETALHADO: minname is 0, maxname is 0, pos X is 2, pos Y is 0
Jan 15, 2015 6:21:37 PM org.ccnx.ccn.impl.sync.SliceComparator doComparison
O MAIS DETALHADO: Compare LEAF =052FA68000D9C2BF567BB6D369E2084346BFD9EC9E9D061F07A6F5E6673867CEB0 to LEAF =0713A709DEADA0985055F81534AD192DFB91B304427DCDCD352FCE0635ABF06063
Jan 15, 2015 6:21:37 PM org.ccnx.ccn.impl.sync.SliceComparator doComparison
O MAIS DETALHADO: name X is 0, pos X is 0, name Y is 0, pos Y is 0 comp is 0
Jan 15, 2015 6:21:37 PM org.ccnx.ccn.impl.sync.SliceComparator doComparison
O MAIS DETALHADO: name X (expanded) is /ccnx.org/test/SyncTestRepo-15-01-15-18.20.23/ccnSyncTest/slice10/round21/randomFile/=FD054B82F5E41D/=00/%81v=11100BD1950F5228760141B55709E0A91045B40720DAB0782DCC6F0256FF, name Y (expanded) is /ccnx.org/test/SyncTestRepo-15-01-15-18.20.23/ccnSyncTest/slice10/round21/randomFile/=FD054B82F5E41D/=00/%81v=11100BD1950F5228760141B55709E0A91045B40720DAB0782DCC6F0256FF
Jan 15, 2015 6:21:37 PM org.ccnx.ccn.impl.sync.SliceComparator doComparison
O MAIS DETALHADO: Compare LEAF =052FA68000D9C2BF567BB6D369E2084346BFD9EC9E9D061F07A6F5E6673867CEB0 to LEAF =0713A709DEADA0985055F81534AD192DFB91B304427DCDCD352FCE0635ABF06063
Jan 15, 2015 6:21:37 PM org.ccnx.ccn.impl.sync.SliceComparator doComparison
O MAIS DETALHADO: name X is 0, pos X is 1, name Y is 0, pos Y is 1 comp is 0
Jan 15, 2015 6:21:37 PM org.ccnx.ccn.impl.sync.SliceComparator doComparison
O MAIS DETALHADO: name X (expanded) is /ccnx.org/test/SyncTestRepo-15-01-15-18.20.23/ccnSyncTest/slice10/round21/randomFile/=FD054B82F5E41D/%C1.META.M/.header/=FD054B82F5E48B/=00/U=2BDDA4AFCB9BC8FBD9C3E9013EE52508639C0C2E623CE389011207E17837C6, name Y (expanded) is /ccnx.org/test/SyncTestRepo-15-01-15-18.20.23/ccnSyncTest/slice10/round21/randomFile/=FD054B82F5E41D/%C1.META.M/.header/=FD054B82F5E48B/=00/U=2BDDA4AFCB9BC8FBD9C3E9013EE52508639C0C2E623CE389011207E17837C6
Jan 15, 2015 6:21:37 PM org.ccnx.ccn.impl.sync.SliceComparator doComparison
O MAIS DETALHADO: Compare LEAF =052FA68000D9C2BF567BB6D369E2084346BFD9EC9E9D061F07A6F5E6673867CEB0 to LEAF =0713A709DEADA0985055F81534AD192DFB91B304427DCDCD352FCE0635ABF06063
Jan 15, 2015 6:21:37 PM org.ccnx.ccn.impl.sync.SliceComparator doComparison
O MAIS DETALHADO: name X is 0, pos X is 2, name Y is 0, pos Y is 2 comp is 0
Jan 15, 2015 6:21:37 PM org.ccnx.ccn.impl.sync.SliceComparator doComparison
O MAIS DETALHADO: name X (expanded) is /ccnx.org/test/SyncTestRepo-15-01-15-18.20.23/ccnSyncTest/slice10/round22/randomFile/=FD054B82F5ED0E/=00/y%B7o=E1FE885DC462C96E59D02F922A9D0639E4FCB2982B9CBB5A9E266EC3FF, name Y (expanded) is /ccnx.org/test/SyncTestRepo-15-01-15-18.20.23/ccnSyncTest/slice10/round22/randomFile/=FD054B82F5ED0E/=00/y%B7o=E1FE885DC462C96E59D02F922A9D0639E4FCB2982B9CBB5A9E266EC3FF
Jan 15, 2015 6:21:37 PM org.ccnx.ccn.impl.sync.SliceComparator doComparison
O MAIS DETALHADO: Compare LEAF =052FA68000D9C2BF567BB6D369E2084346BFD9EC9E9D061F07A6F5E6673867CEB0 to LEAF =0713A709DEADA0985055F81534AD192DFB91B304427DCDCD352FCE0635ABF06063
Jan 15, 2015 6:21:37 PM org.ccnx.ccn.impl.sync.SliceComparator doComparison
O MAIS DETALHADO: name X is 0, pos X is 3, name Y is 0, pos Y is 3 comp is 0
Jan 15, 2015 6:21:37 PM org.ccnx.ccn.impl.sync.SliceComparator doComparison
O MAIS DETALHADO: name X (expanded) is /ccnx.org/test/SyncTestRepo-15-01-15-18.20.23/ccnSyncTest/slice10/round22/randomFile/=FD054B82F5ED0E/%C1.META.M/.header/=FD054B82F5ED48/=00/=AF85132C57917D740BDC2F924FE603AE05A674D6BECF07105345134E4164E529, name Y (expanded) is /ccnx.org/test/SyncTestRepo-15-01-15-18.20.23/ccnSyncTest/slice10/round22/randomFile/=FD054B82F5ED0E/%C1.META.M/.header/=FD054B82F5ED48/=00/=AF85132C57917D740BDC2F924FE603AE05A674D6BECF07105345134E4164E529
Jan 15, 2015 6:21:37 PM org.ccnx.ccn.impl.sync.SliceComparator doComparison
O MAIS DETALHADO: Compare LEAF =052FA68000D9C2BF567BB6D369E2084346BFD9EC9E9D061F07A6F5E6673867CEB0 to LEAF =0713A709DEADA0985055F81534AD192DFB91B304427DCDCD352FCE0635ABF06063
Jan 15, 2015 6:21:37 PM org.ccnx.ccn.impl.sync.SliceComparator doComparison
O MAIS DETALHADO: name X is 0, pos X is 4, name Y is 0, pos Y is 4 comp is 0
Jan 15, 2015 6:21:37 PM org.ccnx.ccn.impl.sync.SliceComparator doComparison
O MAIS DETALHADO: name X (expanded) is /ccnx.org/test/SyncTestRepo-15-01-15-18.20.23/ccnSyncTest/slice10/round23/randomFile/=FD054B82F5F639/=00/=90913F0035EA159FEED7E50A50458B36DDE7918F5F7955C163CDA5C718B574B7, name Y (expanded) is /ccnx.org/test/SyncTestRepo-15-01-15-18.20.23/ccnSyncTest/slice10/round23/randomFile/=FD054B82F5F639/=00/=90913F0035EA159FEED7E50A50458B36DDE7918F5F7955C163CDA5C718B574B7
Jan 15, 2015 6:21:37 PM org.ccnx.ccn.impl.sync.SliceComparator doComparison
O MAIS DETALHADO: Compare LEAF =052FA68000D9C2BF567BB6D369E2084346BFD9EC9E9D061F07A6F5E6673867CEB0 to LEAF =0713A709DEADA0985055F81534AD192DFB91B304427DCDCD352FCE0635ABF06063
Jan 15, 2015 6:21:37 PM org.ccnx.ccn.impl.sync.SliceComparator doComparison
O MAIS DETALHADO: name X is 0, pos X is 5, name Y is 0, pos Y is 5 comp is 0
Jan 15, 2015 6:21:37 PM org.ccnx.ccn.impl.sync.SliceComparator doComparison
O MAIS DETALHADO: name X (expanded) is /ccnx.org/test/SyncTestRepo-15-01-15-18.20.23/ccnSyncTest/slice10/round23/randomFile/=FD054B82F5F639/%C1.META.M/.header/=FD054B82F5F67B/=00/2=21E841E2E9D639FFEA27D95B6AAFD229074D9972A4373B9076301ED559F9C4, name Y (expanded) is /ccnx.org/test/SyncTestRepo-15-01-15-18.20.23/ccnSyncTest/slice10/round23/randomFile/=FD054B82F5F639/%C1.META.M/.header/=FD054B82F5F67B/=00/2=21E841E2E9D639FFEA27D95B6AAFD229074D9972A4373B9076301ED559F9C4
Jan 15, 2015 6:21:37 PM org.ccnx.ccn.impl.sync.SliceComparator doComparison
O MAIS DETALHADO: Compare LEAF =052FA68000D9C2BF567BB6D369E2084346BFD9EC9E9D061F07A6F5E6673867CEB0 to LEAF =0713A709DEADA0985055F81534AD192DFB91B304427DCDCD352FCE0635ABF06063
Jan 15, 2015 6:21:37 PM org.ccnx.ccn.impl.sync.SliceComparator doComparison
O MAIS DETALHADO: name X is 0, pos X is 6, name Y is 0, pos Y is 6 comp is 0
Jan 15, 2015 6:21:37 PM org.ccnx.ccn.impl.sync.SliceComparator doComparison
O MAIS DETALHADO: name X (expanded) is /ccnx.org/test/SyncTestRepo-15-01-15-18.20.23/ccnSyncTest/slice10/round24/randomFile/=FD054B82F5FF64/=00/=EAE3BE028BED84466DD9599174AEF02EF195603635C62DBC39ABA1C11E44AF4A, name Y (expanded) is /ccnx.org/test/SyncTestRepo-15-01-15-18.20.23/ccnSyncTest/slice10/round24/randomFile/=FD054B82F5FF64/=00/=EAE3BE028BED84466DD9599174AEF02EF195603635C62DBC39ABA1C11E44AF4A
Jan 15, 2015 6:21:37 PM org.ccnx.ccn.impl.sync.SliceComparator doComparison
O MAIS DETALHADO: Compare LEAF =052FA68000D9C2BF567BB6D369E2084346BFD9EC9E9D061F07A6F5E6673867CEB0 to LEAF =0713A709DEADA0985055F81534AD192DFB91B304427DCDCD352FCE0635ABF06063
Jan 15, 2015 6:21:37 PM org.ccnx.ccn.impl.sync.SliceComparator doComparison
O MAIS DETALHADO: name X is 0, pos X is 7, name Y is 0, pos Y is 7 comp is 0
Jan 15, 2015 6:21:37 PM org.ccnx.ccn.impl.sync.SliceComparator doComparison
O MAIS DETALHADO: name X (expanded) is /ccnx.org/test/SyncTestRepo-15-01-15-18.20.23/ccnSyncTest/slice10/round24/randomFile/=FD054B82F5FF64/%C1.META.M/.header/=FD054B82F5FF9E/=00/%2Bm=D83EF551DEE8EC94F85B410AD90D67F6D717E07E74BEFC7F25CF69C0A77D, name Y (expanded) is /ccnx.org/test/SyncTestRepo-15-01-15-18.20.23/ccnSyncTest/slice10/round24/randomFile/=FD054B82F5FF64/%C1.META.M/.header/=FD054B82F5FF9E/=00/%2Bm=D83EF551DEE8EC94F85B410AD90D67F6D717E07E74BEFC7F25CF69C0A77D
Jan 15, 2015 6:21:37 PM org.ccnx.ccn.impl.sync.SliceComparator doComparison
O MAIS DETALHADO: Compare LEAF =052FA68000D9C2BF567BB6D369E2084346BFD9EC9E9D061F07A6F5E6673867CEB0 to LEAF =0713A709DEADA0985055F81534AD192DFB91B304427DCDCD352FCE0635ABF06063
Jan 15, 2015 6:21:37 PM org.ccnx.ccn.impl.sync.SliceComparator doComparison
O MAIS DETALHADO: name X is 0, pos X is 8, name Y is 0, pos Y is 8 comp is 0
Jan 15, 2015 6:21:37 PM org.ccnx.ccn.impl.sync.SliceComparator doComparison
O MAIS DETALHADO: name X (expanded) is /ccnx.org/test/SyncTestRepo-15-01-15-18.20.23/ccnSyncTest/slice10/round25/randomFile/=FD054B82F60887/=00/=D401258329B8D5F501388F7775E35E1196A2B7D8DD50C6549F804F87D7CCE5E4, name Y (expanded) is /ccnx.org/test/SyncTestRepo-15-01-15-18.20.23/ccnSyncTest/slice10/round25/randomFile/=FD054B82F60887/=00/=D401258329B8D5F501388F7775E35E1196A2B7D8DD50C6549F804F87D7CCE5E4
Jan 15, 2015 6:21:37 PM org.ccnx.ccn.impl.sync.SliceComparator doComparison
O MAIS DETALHADO: Compare LEAF =052FA68000D9C2BF567BB6D369E2084346BFD9EC9E9D061F07A6F5E6673867CEB0 to LEAF =0713A709DEADA0985055F81534AD192DFB91B304427DCDCD352FCE0635ABF06063
Jan 15, 2015 6:21:37 PM org.ccnx.ccn.impl.sync.SliceComparator doComparison
O MAIS DETALHADO: name X is 0, pos X is 9, name Y is 0, pos Y is 9 comp is 0
Jan 15, 2015 6:21:37 PM org.ccnx.ccn.impl.sync.SliceComparator doComparison
O MAIS DETALHADO: name X (expanded) is /ccnx.org/test/SyncTestRepo-15-01-15-18.20.23/ccnSyncTest/slice10/round25/randomFile/=FD054B82F60887/%C1.META.M/.header/=FD054B82F608C5/=00/=82C22B37043F8E4774A60D4BA7B10EE83D02C34139682C40B38D4BA83237EB9D, name Y (expanded) is /ccnx.org/test/SyncTestRepo-15-01-15-18.20.23/ccnSyncTest/slice10/round25/randomFile/=FD054B82F60887/%C1.META.M/.header/=FD054B82F608C5/=00/=82C22B37043F8E4774A60D4BA7B10EE83D02C34139682C40B38D4BA83237EB9D
Jan 15, 2015 6:21:37 PM org.ccnx.ccn.impl.sync.SliceComparator doComparison
O MAIS DETALHADO: Compare NODE =119AAB2572179071243337CE9992B56C5B1183921FFC07ECA6B2E63C347F8643C7 to LEAF =0713A709DEADA0985055F81534AD192DFB91B304427DCDCD352FCE0635ABF06063, resMin is 1, resMax is -1
Jan 15, 2015 6:21:37 PM org.ccnx.ccn.impl.sync.SliceComparator doComparison
O MAIS DETALHADO: minname is 0, maxname is 0, pos X is 3, pos Y is 10
Jan 15, 2015 6:21:37 PM org.ccnx.ccn.impl.sync.SliceComparator doComparison
O MAIS DETALHADO: Compare LEAF =019A10195760D2EEF59BB8B68CBD28A329011859C9700325ABF9FD8BAEFB842E58 to LEAF =0713A709DEADA0985055F81534AD192DFB91B304427DCDCD352FCE0635ABF06063
Jan 15, 2015 6:21:37 PM org.ccnx.ccn.impl.sync.SliceComparator doComparison
O MAIS DETALHADO: name X is 0, pos X is 0, name Y is 0, pos Y is 10 comp is 0
Jan 15, 2015 6:21:37 PM org.ccnx.ccn.impl.sync.SliceComparator doComparison
O MAIS DETALHADO: name X (expanded) is /ccnx.org/test/SyncTestRepo-15-01-15-18.20.23/ccnSyncTest/slice10/round26/randomFile/=FD054B82F611AE/=00/=A59ED751E0429923E44E0411791301D0EAD05D219F65D4C0877CB9C9BAE5F22C, name Y (expanded) is /ccnx.org/test/SyncTestRepo-15-01-15-18.20.23/ccnSyncTest/slice10/round26/randomFile/=FD054B82F611AE/=00/=A59ED751E0429923E44E0411791301D0EAD05D219F65D4C0877CB9C9BAE5F22C
Jan 15, 2015 6:21:37 PM org.ccnx.ccn.impl.sync.SliceComparator doComparison
O MAIS DETALHADO: Compare LEAF =019A10195760D2EEF59BB8B68CBD28A329011859C9700325ABF9FD8BAEFB842E58 to LEAF =0713A709DEADA0985055F81534AD192DFB91B304427DCDCD352FCE0635ABF06063
Jan 15, 2015 6:21:37 PM org.ccnx.ccn.impl.sync.SliceComparator doComparison
O MAIS DETALHADO: name X is 0, pos X is 1, name Y is 0, pos Y is 11 comp is 0
Jan 15, 2015 6:21:37 PM org.ccnx.ccn.impl.sync.SliceComparator doComparison
O MAIS DETALHADO: name X (expanded) is /ccnx.org/test/SyncTestRepo-15-01-15-18.20.23/ccnSyncTest/slice10/round26/randomFile/=FD054B82F611AE/%C1.META.M/.header/=FD054B82F611E7/=00/=9EBAE60D54D897D77C833F45C156C812656F54B751CB2BA418FC204F097E20FD, name Y (expanded) is /ccnx.org/test/SyncTestRepo-15-01-15-18.20.23/ccnSyncTest/slice10/round26/randomFile/=FD054B82F611AE/%C1.META.M/.header/=FD054B82F611E7/=00/=9EBAE60D54D897D77C833F45C156C812656F54B751CB2BA418FC204F097E20FD
Jan 15, 2015 6:21:37 PM org.ccnx.ccn.impl.sync.SliceComparator doComparison
O MAIS DETALHADO: Compare LEAF =019A10195760D2EEF59BB8B68CBD28A329011859C9700325ABF9FD8BAEFB842E58 to LEAF =0713A709DEADA0985055F81534AD192DFB91B304427DCDCD352FCE0635ABF06063
Jan 15, 2015 6:21:37 PM org.ccnx.ccn.impl.sync.SliceComparator doComparison
O MAIS DETALHADO: name X is 0, pos X is 2, name Y is 0, pos Y is 12 comp is 1
Jan 15, 2015 6:21:37 PM org.ccnx.ccn.impl.sync.SliceComparator doComparison
O MAIS DETALHADO: name X (expanded) is /ccnx.org/test/SyncTestRepo-15-01-15-18.20.23/ccnSyncTest/slice10/randomFile/=FD054B82F53F79/=00/=3CBEB0282FE72CD7F7CF0696455493A1CE4F4E488F469319834E10584FC5C583, name Y (expanded) is /ccnx.org/test/SyncTestRepo-15-01-15-18.20.23/ccnSyncTest/slice10/round27/randomFile/=FD054B82F61ADD/=00/-=8DD4FE13275029C1DBB2816F77D6FA6E6A2158729CC8A05E0A94EECE41F4C4
Jan 15, 2015 6:21:37 PM org.ccnx.ccn.profiles.sync.SyncTestRepo doHandleContentName
INFORMAÇÕES: Number 1: Callback for name: /ccnx.org/test/SyncTestRepo-15-01-15-18.20.23/ccnSyncTest/slice10/round27/randomFile/=FD054B82F61ADD/=00 - number is 0
Jan 15, 2015 6:21:37 PM org.ccnx.ccn.impl.sync.SliceComparator doComparison
O MAIS DETALHADO: Compare LEAF =019A10195760D2EEF59BB8B68CBD28A329011859C9700325ABF9FD8BAEFB842E58 to LEAF =0713A709DEADA0985055F81534AD192DFB91B304427DCDCD352FCE0635ABF06063
Jan 15, 2015 6:21:37 PM org.ccnx.ccn.impl.sync.SliceComparator doComparison
O MAIS DETALHADO: name X is 0, pos X is 2, name Y is 0, pos Y is 13 comp is 1
Jan 15, 2015 6:21:37 PM org.ccnx.ccn.impl.sync.SliceComparator doComparison
O MAIS DETALHADO: name X (expanded) is /ccnx.org/test/SyncTestRepo-15-01-15-18.20.23/ccnSyncTest/slice10/randomFile/=FD054B82F53F79/=00/=3CBEB0282FE72CD7F7CF0696455493A1CE4F4E488F469319834E10584FC5C583, name Y (expanded) is /ccnx.org/test/SyncTestRepo-15-01-15-18.20.23/ccnSyncTest/slice10/round27/randomFile/=FD054B82F61ADD/%C1.META.M/.header/=FD054B82F61B1B/=00/%1Cb=9B885FE399DA7CACD8BC9E70709162569C81FE27BFE130CFFF30A9C26E97
Jan 15, 2015 6:21:37 PM org.ccnx.ccn.profiles.sync.SyncTestRepo doHandleContentName
INFORMAÇÕES: Number 1: Callback for name: /ccnx.org/test/SyncTestRepo-15-01-15-18.20.23/ccnSyncTest/slice10/round27/randomFile/=FD054B82F61ADD/%C1.META.M/.header/=FD054B82F61B1B/=00 - number is header
Jan 15, 2015 6:21:37 PM org.ccnx.ccn.impl.sync.SliceComparator doComparison
O MAIS DETALHADO: Compare LEAF =019A10195760D2EEF59BB8B68CBD28A329011859C9700325ABF9FD8BAEFB842E58 to LEAF =0713A709DEADA0985055F81534AD192DFB91B304427DCDCD352FCE0635ABF06063
Jan 15, 2015 6:21:37 PM org.ccnx.ccn.impl.sync.SliceComparator doComparison
O MAIS DETALHADO: name X is 0, pos X is 2, name Y is 0, pos Y is 14 comp is 0
Jan 15, 2015 6:21:37 PM org.ccnx.ccn.impl.sync.SliceComparator doComparison
O MAIS DETALHADO: name X (expanded) is /ccnx.org/test/SyncTestRepo-15-01-15-18.20.23/ccnSyncTest/slice10/randomFile/=FD054B82F53F79/=00/=3CBEB0282FE72CD7F7CF0696455493A1CE4F4E488F469319834E10584FC5C583, name Y (expanded) is /ccnx.org/test/SyncTestRepo-15-01-15-18.20.23/ccnSyncTest/slice10/randomFile/=FD054B82F53F79/=00/=3CBEB0282FE72CD7F7CF0696455493A1CE4F4E488F469319834E10584FC5C583
Jan 15, 2015 6:21:37 PM org.ccnx.ccn.impl.sync.SliceComparator doComparison
O MAIS DETALHADO: Compare LEAF =019A10195760D2EEF59BB8B68CBD28A329011859C9700325ABF9FD8BAEFB842E58 to LEAF =0713A709DEADA0985055F81534AD192DFB91B304427DCDCD352FCE0635ABF06063
Jan 15, 2015 6:21:37 PM org.ccnx.ccn.impl.sync.SliceComparator doComparison
O MAIS DETALHADO: name X is 0, pos X is 3, name Y is 0, pos Y is 15 comp is 0
Jan 15, 2015 6:21:37 PM org.ccnx.ccn.impl.sync.SliceComparator doComparison
O MAIS DETALHADO: name X (expanded) is /ccnx.org/test/SyncTestRepo-15-01-15-18.20.23/ccnSyncTest/slice10/randomFile/=FD054B82F53F79/%C1.META.M/.header/=FD054B82F53FB2/=00/=18F7ABCFFBD0912243186C9F3D6A45A3E28959A7EF8B922DD636A13DE75A55AC, name Y (expanded) is /ccnx.org/test/SyncTestRepo-15-01-15-18.20.23/ccnSyncTest/slice10/randomFile/=FD054B82F53F79/%C1.META.M/.header/=FD054B82F53FB2/=00/=18F7ABCFFBD0912243186C9F3D6A45A3E28959A7EF8B922DD636A13DE75A55AC
Jan 15, 2015 6:21:37 PM org.ccnx.ccn.impl.sync.SliceComparator updateCurrent
O MAIS DETALHADO: Starting update from hash =119AAB2572179071243337CE9992B56C5B1183921FFC07ECA6B2E63C347F8643C7
Jan 15, 2015 6:21:37 PM org.ccnx.ccn.impl.sync.SliceComparator updateCurrent
O MAIS DETALHADO: Update compare - moving to: =05D95348B35DA1736365107BDACCCE484DA8B6A14DCCF3832B16DDA212E3B0C032
Jan 15, 2015 6:21:37 PM org.ccnx.ccn.impl.sync.SliceComparator updateCurrent
O MAIS DETALHADO: Shortcut in update - popping back to =119AAB2572179071243337CE9992B56C5B1183921FFC07ECA6B2E63C347F8643C7, pos 1
Jan 15, 2015 6:21:37 PM org.ccnx.ccn.impl.sync.SliceComparator updateCurrent
O MAIS DETALHADO: Update compare - moving to: =04F7A143667F594F74B6B7C8C826B63D9DA7DAAA6A220B24C7FB15280B67E9868D
Jan 15, 2015 6:21:37 PM org.ccnx.ccn.impl.sync.SliceComparator updateCurrent
O MAIS DETALHADO: Shortcut in update - popping back to =119AAB2572179071243337CE9992B56C5B1183921FFC07ECA6B2E63C347F8643C7, pos 2
Jan 15, 2015 6:21:37 PM org.ccnx.ccn.impl.sync.SliceComparator updateCurrent
O MAIS DETALHADO: Update compare - moving to: =052FA68000D9C2BF567BB6D369E2084346BFD9EC9E9D061F07A6F5E6673867CEB0
Jan 15, 2015 6:21:37 PM org.ccnx.ccn.impl.sync.SliceComparator updateCurrent
O MAIS DETALHADO: Shortcut in update - popping back to =119AAB2572179071243337CE9992B56C5B1183921FFC07ECA6B2E63C347F8643C7, pos 3
Jan 15, 2015 6:21:37 PM org.ccnx.ccn.impl.sync.SliceComparator updateCurrent
O MAIS DETALHADO: Update compare - moving to: =019A10195760D2EEF59BB8B68CBD28A329011859C9700325ABF9FD8BAEFB842E58
Jan 15, 2015 6:21:37 PM org.ccnx.ccn.impl.sync.SliceComparator updateCurrent
O MAIS DETALHADO: Update compare: name from tree (expanded) is /ccnx.org/test/SyncTestRepo-15-01-15-18.20.23/ccnSyncTest/slice10/round26/randomFile/=FD054B82F611AE/=00/=A59ED751E0429923E44E0411791301D0EAD05D219F65D4C0877CB9C9BAE5F22C, name  is /ccnx.org/test/SyncTestRepo-15-01-15-18.20.23/ccnSyncTest/slice10/round27/randomFile/=FD054B82F61ADD/=00/-=8DD4FE13275029C1DBB2816F77D6FA6E6A2158729CC8A05E0A94EECE41F4C4, comp is -1
Jan 15, 2015 6:21:37 PM org.ccnx.ccn.impl.sync.SliceComparator updateCurrent
O MAIS DETALHADO: Update compare: name from tree (expanded) is /ccnx.org/test/SyncTestRepo-15-01-15-18.20.23/ccnSyncTest/slice10/round26/randomFile/=FD054B82F611AE/%C1.META.M/.header/=FD054B82F611E7/=00/=9EBAE60D54D897D77C833F45C156C812656F54B751CB2BA418FC204F097E20FD, name  is /ccnx.org/test/SyncTestRepo-15-01-15-18.20.23/ccnSyncTest/slice10/round27/randomFile/=FD054B82F61ADD/=00/-=8DD4FE13275029C1DBB2816F77D6FA6E6A2158729CC8A05E0A94EECE41F4C4, comp is -1
Jan 15, 2015 6:21:37 PM org.ccnx.ccn.impl.sync.SliceComparator updateCurrent
O MAIS DETALHADO: Update compare: name from tree (expanded) is /ccnx.org/test/SyncTestRepo-15-01-15-18.20.23/ccnSyncTest/slice10/randomFile/=FD054B82F53F79/=00/=3CBEB0282FE72CD7F7CF0696455493A1CE4F4E488F469319834E10584FC5C583, name  is /ccnx.org/test/SyncTestRepo-15-01-15-18.20.23/ccnSyncTest/slice10/round27/randomFile/=FD054B82F61ADD/=00/-=8DD4FE13275029C1DBB2816F77D6FA6E6A2158729CC8A05E0A94EECE41F4C4, comp is 1
Jan 15, 2015 6:21:37 PM org.ccnx.ccn.impl.sync.SliceComparator updateCurrent
O MAIS DETALHADO: Update: starting redo of names because of /ccnx.org/test/SyncTestRepo-15-01-15-18.20.23/ccnSyncTest/slice10/round27/randomFile/=FD054B82F61ADD/=00/-=8DD4FE13275029C1DBB2816F77D6FA6E6A2158729CC8A05E0A94EECE41F4C4 at /ccnx.org/test/SyncTestRepo-15-01-15-18.20.23/ccnSyncTest/slice10/round26/randomFile/=FD054B82F611AE/=00/=A59ED751E0429923E44E0411791301D0EAD05D219F65D4C0877CB9C9BAE5F22C
Jan 15, 2015 6:21:37 PM org.ccnx.ccn.io.content.SyncNodeComposite decodeLogging
O MAIS DETALHADO: decode node for =01E40089DDD3DDD8F9DA4141CACB10EAB4D1D917A3E0C7AE2D88D81FCE738891B3 depth = 1 refs = 6
Jan 15, 2015 6:21:37 PM org.ccnx.ccn.io.content.SyncNodeComposite decodeLogging
O MAIS DETALHADO: min is 0, max is 0, expanded min is /ccnx.org/test/SyncTestRepo-15-01-15-18.20.23/ccnSyncTest/slice10/round26/randomFile/=FD054B82F611AE/=00/=A59ED751E0429923E44E0411791301D0EAD05D219F65D4C0877CB9C9BAE5F22C, expanded max is /ccnx.org/test/SyncTestRepo-15-01-15-18.20.23/ccnSyncTest/slice10/randomFile/=FD054B82F53F79/%C1.META.M/.header/=FD054B82F53FB2/=00/=18F7ABCFFBD0912243186C9F3D6A45A3E28959A7EF8B922DD636A13DE75A55AC
Jan 15, 2015 6:21:37 PM org.ccnx.ccn.impl.sync.SyncTreeEntry <init>
O MAIS DETALHADO: Found existing node: =11E49B95F88A9B5B2871C059D7A09DB3E6E2444FFA6CCC752841C0D053F78AA722
Jan 15, 2015 6:21:37 PM org.ccnx.ccn.io.content.SyncNodeComposite decodeLogging
O MAIS DETALHADO: decode node for =11E49B95F88A9B5B2871C059D7A09DB3E6E2444FFA6CCC752841C0D053F78AA722 depth = 2 refs = 4
Jan 15, 2015 6:21:37 PM org.ccnx.ccn.io.content.SyncNodeComposite decodeLogging
O MAIS DETALHADO: min is 0, max is 0, expanded min is /ccnx.org/test/SyncTestRepo-15-01-15-18.20.23/ccnSyncTest/slice10/round11/randomFile/=FD054B82F588B4/=00/=862C3C8C527D6B204E7FCD4EAF121546BFBA9E26B978EC9010B0DB73EDD734F0, expanded max is /ccnx.org/test/SyncTestRepo-15-01-15-18.20.23/ccnSyncTest/slice10/randomFile/=FD054B82F53F79/%C1.META.M/.header/=FD054B82F53FB2/=00/=18F7ABCFFBD0912243186C9F3D6A45A3E28959A7EF8B922DD636A13DE75A55AC
Jan 15, 2015 6:21:37 PM org.ccnx.ccn.impl.sync.NodeBuilder createHeadRecursive
O MAIS DETALHADO: Creating new compound node - with first element =05D95348B35DA1736365107BDACCCE484DA8B6A14DCCF3832B16DDA212E3B0C032 and last element =01E40089DDD3DDD8F9DA4141CACB10EAB4D1D917A3E0C7AE2D88D81FCE738891B3
Jan 15, 2015 6:21:37 PM org.ccnx.ccn.impl.sync.SliceComparator updateCurrent
INFORMAÇÕES: Resetting current to created head: =11E49B95F88A9B5B2871C059D7A09DB3E6E2444FFA6CCC752841C0D053F78AA722
Jan 15, 2015 6:21:38 PM org.ccnx.ccn.profiles.sync.SyncTestRepo checkCallbacks
DETALHADO: got segment 0
Jan 15, 2015 6:21:38 PM org.ccnx.ccn.profiles.sync.SyncTestRepo checkCallbacks
DETALHADO: received: [true, false] finished: [true, true]
Jan 15, 2015 6:21:38 PM org.ccnx.ccn.profiles.sync.SyncTestRepo checkCallbacks
DETALHADO: got the header
Jan 15, 2015 6:21:38 PM org.ccnx.ccn.profiles.sync.SyncTestRepo checkCallbacks
DETALHADO: received: [true, true] finished: [true, true]
Jan 15, 2015 6:21:38 PM org.ccnx.ccn.profiles.sync.SyncTestRepo checkCallbacks
DETALHADO: got all the segments!
Jan 15, 2015 6:21:38 PM org.ccnx.ccn.profiles.sync.SyncTestRepo checkCallbacks
DETALHADO: trying to loop again looking for segments
Jan 15, 2015 6:21:38 PM org.ccnx.ccn.profiles.sync.SyncTestRepo checkCallbacks
DETALHADO: done looping, returning.
Jan 15, 2015 6:21:38 PM org.ccnx.ccn.impl.CCNFlowControl <init>
INFORMAÇÕES: adding namespace: /ccnx.org/test/SyncTestRepo-15-01-15-18.20.23/ccnSyncTest/slice10/round28/randomFile
Jan 15, 2015 6:21:38 PM org.ccnx.ccn.impl.security.keys.BasicKeyManager getKeyLocator
INFORMAÇÕES: getKeyLocator: returning locator NAME: /ccnx.org/Users/root/Keys/%C1.M.K=009234ADEC47D19E3E6A2AF362D44E09AB6B71F43B1900BA0622FB45F2A5B7D9F6/=FD054AE7DE1000 KEY:-reba89rgbj1o6ata34t5eovcl4kho5s9pnv8nstq15q1ld4g9ga for key kjSt7EfRnj5qKvNi1E4Jq2tx9DsZALoGIvtF8qW32fY=
Jan 15, 2015 6:21:38 PM org.ccnx.ccn.io.CCNAbstractOutputStream <init>
INFORMAÇÕES: CCNAbstractOutputStream: /ccnx.org/test/SyncTestRepo-15-01-15-18.20.23/ccnSyncTest/slice10/round28/randomFile/=FD054B82F62400 blocksize is 4096
Jan 15, 2015 6:21:38 PM org.ccnx.ccn.io.CCNAbstractOutputStream startWrite
INFORMAÇÕES: CCNAbstractOutputStream: startWrite -- searching for keys.
Jan 15, 2015 6:21:38 PM org.ccnx.ccn.profiles.security.access.AccessControlManager keysForOutput
INFORMAÇÕES: keysForOutput: found an acm: (null)
Jan 15, 2015 6:21:38 PM org.ccnx.ccn.impl.repo.RepositoryFlowControl startWrite
INFORMAÇÕES: RepositoryFlowControl.startWrite called for name /ccnx.org/test/SyncTestRepo-15-01-15-18.20.23/ccnSyncTest/slice10/round28/randomFile/=FD054B82F62400, shape STREAM
Jan 15, 2015 6:21:38 PM org.ccnx.ccn.impl.repo.RepositoryFlowControl handleContent
INFORMAÇÕES: handleContent: got potential repo message: /ccnx.org/test/SyncTestRepo-15-01-15-18.20.23/ccnSyncTest/slice10/round28/randomFile/=FD054B82F62400/%C1.R.sw/%C1.N=0092A699106A347209
Jan 15, 2015 6:21:38 PM org.ccnx.ccn.profiles.sync.SyncTestCommon writeFile
DETALHADO: bytes: 4096 block size: 4096 div: 1.0 ceil: 1
Jan 15, 2015 6:21:38 PM org.ccnx.ccn.profiles.sync.SyncTestCommon writeFile
DETALHADO: will write out a 4096 byte file, will have 2 segments (1 is a header)
Jan 15, 2015 6:21:38 PM org.ccnx.ccn.io.CCNOutputStream flushToNetwork
INFORMAÇÕES: flush: outputting to the segmenter, baseName /ccnx.org/test/SyncTestRepo-15-01-15-18.20.23/ccnSyncTest/slice10/round28/randomFile/=FD054B82F62400 basenameindex =00; 4096 bytes written, holding back 4096 flushing final blocks? false.
Jan 15, 2015 6:21:38 PM org.ccnx.ccn.io.CCNOutputStream flushToNetwork
INFORMAÇÕES: HEADER: CCNOutputStream: flushToNetwork: new _baseNameIndex 0
Jan 15, 2015 6:21:38 PM org.ccnx.ccn.io.CCNOutputStream flushToNetwork
INFORMAÇÕES: flush: outputting to the segmenter, baseName /ccnx.org/test/SyncTestRepo-15-01-15-18.20.23/ccnSyncTest/slice10/round28/randomFile/=FD054B82F62400 basenameindex =00; 4096 bytes written, holding back 4096 flushing final blocks? false.
Jan 15, 2015 6:21:38 PM org.ccnx.ccn.io.CCNOutputStream flushToNetwork
INFORMAÇÕES: HEADER: CCNOutputStream: flushToNetwork: new _baseNameIndex 0
Jan 15, 2015 6:21:38 PM org.ccnx.ccn.io.CCNOutputStream flushToNetwork
INFORMAÇÕES: flush: outputting to the segmenter, baseName /ccnx.org/test/SyncTestRepo-15-01-15-18.20.23/ccnSyncTest/slice10/round28/randomFile/=FD054B82F62400 basenameindex =00; 4096 bytes written, holding back 0 flushing final blocks? true.
Jan 15, 2015 6:21:38 PM org.ccnx.ccn.io.CCNOutputStream flushToNetwork
INFORMAÇÕES: HEADER: CCNOutputStream: flushToNetwork: new _baseNameIndex 1
Jan 15, 2015 6:21:38 PM org.ccnx.ccn.io.CCNAbstractOutputStream <init>
INFORMAÇÕES: CCNAbstractOutputStream: /ccnx.org/test/SyncTestRepo-15-01-15-18.20.23/ccnSyncTest/slice10/round28/randomFile/=FD054B82F62400/%C1.META.M/.header/=FD054B82F62435 blocksize is 4096
Jan 15, 2015 6:21:38 PM org.ccnx.ccn.io.CCNAbstractOutputStream startWrite
INFORMAÇÕES: CCNAbstractOutputStream: startWrite -- searching for keys.
Jan 15, 2015 6:21:38 PM org.ccnx.ccn.profiles.security.access.AccessControlManager keysForOutput
INFORMAÇÕES: keysForOutput: found an acm: (null)
Jan 15, 2015 6:21:38 PM org.ccnx.ccn.impl.repo.RepositoryFlowControl startWrite
INFORMAÇÕES: RepositoryFlowControl.startWrite called for name /ccnx.org/test/SyncTestRepo-15-01-15-18.20.23/ccnSyncTest/slice10/round28/randomFile/=FD054B82F62400/%C1.META.M/.header/=FD054B82F62435, shape STREAM
Jan 15, 2015 6:21:38 PM org.ccnx.ccn.impl.repo.RepositoryFlowControl handleContent
INFORMAÇÕES: handleContent: got potential repo message: /ccnx.org/test/SyncTestRepo-15-01-15-18.20.23/ccnSyncTest/slice10/round28/randomFile/=FD054B82F62400/%C1.META.M/.header/=FD054B82F62435/%C1.R.sw/%C1.N=00A51B8893C6153FF1
Jan 15, 2015 6:21:38 PM org.ccnx.ccn.io.CCNOutputStream flushToNetwork
INFORMAÇÕES: flush: outputting to the segmenter, baseName /ccnx.org/test/SyncTestRepo-15-01-15-18.20.23/ccnSyncTest/slice10/round28/randomFile/=FD054B82F62400/%C1.META.M/.header/=FD054B82F62435 basenameindex =00; 66 bytes written, holding back 66 flushing final blocks? false.
Jan 15, 2015 6:21:38 PM org.ccnx.ccn.io.CCNOutputStream flushToNetwork
INFORMAÇÕES: HEADER: CCNOutputStream: flushToNetwork: new _baseNameIndex 0
Jan 15, 2015 6:21:38 PM org.ccnx.ccn.io.CCNOutputStream flushToNetwork
INFORMAÇÕES: flush: outputting to the segmenter, baseName /ccnx.org/test/SyncTestRepo-15-01-15-18.20.23/ccnSyncTest/slice10/round28/randomFile/=FD054B82F62400/%C1.META.M/.header/=FD054B82F62435 basenameindex =00; 66 bytes written, holding back 66 flushing final blocks? false.
Jan 15, 2015 6:21:38 PM org.ccnx.ccn.io.CCNOutputStream flushToNetwork
INFORMAÇÕES: HEADER: CCNOutputStream: flushToNetwork: new _baseNameIndex 0
Jan 15, 2015 6:21:38 PM org.ccnx.ccn.io.CCNOutputStream flushToNetwork
INFORMAÇÕES: flush: outputting to the segmenter, baseName /ccnx.org/test/SyncTestRepo-15-01-15-18.20.23/ccnSyncTest/slice10/round28/randomFile/=FD054B82F62400/%C1.META.M/.header/=FD054B82F62435 basenameindex =00; 66 bytes written, holding back 0 flushing final blocks? true.
Jan 15, 2015 6:21:38 PM org.ccnx.ccn.io.CCNOutputStream flushToNetwork
INFORMAÇÕES: HEADER: CCNOutputStream: flushToNetwork: new _baseNameIndex 1
Jan 15, 2015 6:21:38 PM org.ccnx.ccn.io.CCNOutputStream close
INFORMAÇÕES: CCNOutputStream close: /ccnx.org/test/SyncTestRepo-15-01-15-18.20.23/ccnSyncTest/slice10/round28/randomFile/=FD054B82F62400/%C1.META.M/.header/=FD054B82F62435
Jan 15, 2015 6:21:38 PM org.ccnx.ccn.io.CCNOutputStream close
INFORMAÇÕES: CCNOutputStream close: /ccnx.org/test/SyncTestRepo-15-01-15-18.20.23/ccnSyncTest/slice10/round28/randomFile/=FD054B82F62400
Jan 15, 2015 6:21:38 PM org.ccnx.ccn.profiles.sync.SyncTestCommon writeFile
INFORMAÇÕES: Wrote file to repository: /ccnx.org/test/SyncTestRepo-15-01-15-18.20.23/ccnSyncTest/slice10/round28/randomFile/=FD054B82F62400 with 2 segments
Jan 15, 2015 6:21:38 PM org.ccnx.ccn.profiles.sync.SyncTestRepo checkCallbacks
DETALHADO: checking for callbacks:  /ccnx.org/test/SyncTestRepo-15-01-15-18.20.23/ccnSyncTest/slice10/round28 segments: 2
Jan 15, 2015 6:21:38 PM org.ccnx.ccn.impl.sync.ProtocolBasedSyncMonitor handleContent
INFORMAÇÕES: Saw new content from sync: /ccnx.org/test/SyncTestRepo-15-01-15-18.20.23/topoPrefix/%C1.S.ra/x%E7U.=86853EF050D99AC7B6E19C29B7AECFA1B2568CAD74E733BCB2443F63/=11E49B95F88A9B5B2871C059D7A09DB3E6E2444FFA6CCC752841C0D053F78AA722/=12FE7E689D595577C0851B5C9B36C08DB3F84502401290DE59FF348E6B0A5F1272
Jan 15, 2015 6:21:38 PM org.ccnx.ccn.impl.sync.SliceComparator run
DETALHADO: Starting comparator run - state is INIT, sc is org.ccnx.ccn.impl.sync.SliceComparator@ca0898b, this is the lead
Jan 15, 2015 6:21:38 PM org.ccnx.ccn.impl.encoding.BinaryXMLDecoder setElement
INFORMAÇÕES: Reset decode array sizes to 150
Jan 15, 2015 6:21:38 PM org.ccnx.ccn.io.content.SyncNodeComposite decodeLogging
O MAIS DETALHADO: decode node for =12FE7E689D595577C0851B5C9B36C08DB3F84502401290DE59FF348E6B0A5F1272 depth = 2 refs = 3
Jan 15, 2015 6:21:38 PM org.ccnx.ccn.io.content.SyncNodeComposite decodeLogging
O MAIS DETALHADO: min is 0, max is 0, expanded min is /ccnx.org/test/SyncTestRepo-15-01-15-18.20.23/ccnSyncTest/slice10/round11/randomFile/=FD054B82F588B4/=00/=862C3C8C527D6B204E7FCD4EAF121546BFBA9E26B978EC9010B0DB73EDD734F0, expanded max is /ccnx.org/test/SyncTestRepo-15-01-15-18.20.23/ccnSyncTest/slice10/randomFile/=FD054B82F53F79/%C1.META.M/.header/=FD054B82F53FB2/=00/=18F7ABCFFBD0912243186C9F3D6A45A3E28959A7EF8B922DD636A13DE75A55AC
Jan 15, 2015 6:21:38 PM org.ccnx.ccn.impl.sync.SliceComparator run
INFORMAÇÕES: Starting new round with X = =11E49B95F88A9B5B2871C059D7A09DB3E6E2444FFA6CCC752841C0D053F78AA722 and Y = =12FE7E689D595577C0851B5C9B36C08DB3F84502401290DE59FF348E6B0A5F1272
Jan 15, 2015 6:21:38 PM org.ccnx.ccn.impl.sync.ProtocolBasedSyncMonitor requestNode
DETALHADO: Requesting node for hash: /ccnx.org/test/SyncTestRepo-15-01-15-18.20.23/topoPrefix/%C1.S.nf/x%E7U.=86853EF050D99AC7B6E19C29B7AECFA1B2568CAD74E733BCB2443F63/%08-=89DC837C5AB4E8695317F8433C07C8A7B3B68823923666ED41C44CBEC4CBB3
Jan 15, 2015 6:21:38 PM org.ccnx.ccn.impl.sync.SliceComparator doComparison
O MAIS DETALHADO: Skipping covered subentry =05D95348B35DA1736365107BDACCCE484DA8B6A14DCCF3832B16DDA212E3B0C032
Jan 15, 2015 6:21:38 PM org.ccnx.ccn.impl.sync.SliceComparator doComparison
O MAIS DETALHADO: Skipping covered subentry =04F7A143667F594F74B6B7C8C826B63D9DA7DAAA6A220B24C7FB15280B67E9868D
Jan 15, 2015 6:21:38 PM org.ccnx.ccn.impl.sync.SliceComparator doComparison
O MAIS DETALHADO: Compare NODE =11E49B95F88A9B5B2871C059D7A09DB3E6E2444FFA6CCC752841C0D053F78AA722 to NODE =12FE7E689D595577C0851B5C9B36C08DB3F84502401290DE59FF348E6B0A5F1272
Jan 15, 2015 6:21:38 PM org.ccnx.ccn.impl.sync.SliceComparator doComparison
O MAIS DETALHADO: pos X is 0, pos Y is 2
Jan 15, 2015 6:21:38 PM org.ccnx.ccn.impl.sync.SliceComparator.NodeFetchHandler handleContent
DETALHADO: Saw data from nodefind: hash: %08-=89DC837C5AB4E8695317F8433C07C8A7B3B68823923666ED41C44CBEC4CBB3
Jan 15, 2015 6:21:38 PM org.ccnx.ccn.io.content.SyncNodeComposite decodeLogging
O MAIS DETALHADO: decode node for %08-=89DC837C5AB4E8695317F8433C07C8A7B3B68823923666ED41C44CBEC4CBB3 depth = 1 refs = 18
Jan 15, 2015 6:21:38 PM org.ccnx.ccn.io.content.SyncNodeComposite decodeLogging
O MAIS DETALHADO: min is 0, max is 0, expanded min is /ccnx.org/test/SyncTestRepo-15-01-15-18.20.23/ccnSyncTest/slice10/round21/randomFile/=FD054B82F5E41D/=00/%81v=11100BD1950F5228760141B55709E0A91045B40720DAB0782DCC6F0256FF, expanded max is /ccnx.org/test/SyncTestRepo-15-01-15-18.20.23/ccnSyncTest/slice10/randomFile/=FD054B82F53F79/%C1.META.M/.header/=FD054B82F53FB2/=00/=18F7ABCFFBD0912243186C9F3D6A45A3E28959A7EF8B922DD636A13DE75A55AC
Jan 15, 2015 6:21:38 PM org.ccnx.ccn.impl.sync.SliceComparator doComparison
O MAIS DETALHADO: Pushing X entry =05D95348B35DA1736365107BDACCCE484DA8B6A14DCCF3832B16DDA212E3B0C032 and Y entry %08-=89DC837C5AB4E8695317F8433C07C8A7B3B68823923666ED41C44CBEC4CBB3
Jan 15, 2015 6:21:38 PM org.ccnx.ccn.impl.sync.SliceComparator doComparison
O MAIS DETALHADO: Compare LEAF =05D95348B35DA1736365107BDACCCE484DA8B6A14DCCF3832B16DDA212E3B0C032 to LEAF %08-=89DC837C5AB4E8695317F8433C07C8A7B3B68823923666ED41C44CBEC4CBB3
Jan 15, 2015 6:21:38 PM org.ccnx.ccn.impl.sync.SliceComparator doComparison
O MAIS DETALHADO: name X is 0, pos X is 0, name Y is 0, pos Y is 0 comp is -1
Jan 15, 2015 6:21:38 PM org.ccnx.ccn.impl.sync.SliceComparator doComparison
O MAIS DETALHADO: name X (expanded) is /ccnx.org/test/SyncTestRepo-15-01-15-18.20.23/ccnSyncTest/slice10/round11/randomFile/=FD054B82F588B4/=00/=862C3C8C527D6B204E7FCD4EAF121546BFBA9E26B978EC9010B0DB73EDD734F0, name Y (expanded) is /ccnx.org/test/SyncTestRepo-15-01-15-18.20.23/ccnSyncTest/slice10/round21/randomFile/=FD054B82F5E41D/=00/%81v=11100BD1950F5228760141B55709E0A91045B40720DAB0782DCC6F0256FF
Jan 15, 2015 6:21:38 PM org.ccnx.ccn.impl.sync.SliceComparator doComparison
O MAIS DETALHADO: Shortcut - popping X back to =11E49B95F88A9B5B2871C059D7A09DB3E6E2444FFA6CCC752841C0D053F78AA722, pos 1
Jan 15, 2015 6:21:38 PM org.ccnx.ccn.impl.sync.SliceComparator doComparison
O MAIS DETALHADO: Compare NODE =11E49B95F88A9B5B2871C059D7A09DB3E6E2444FFA6CCC752841C0D053F78AA722 to LEAF %08-=89DC837C5AB4E8695317F8433C07C8A7B3B68823923666ED41C44CBEC4CBB3, resMin is 1, resMax is -1
Jan 15, 2015 6:21:38 PM org.ccnx.ccn.impl.sync.SliceComparator doComparison
O MAIS DETALHADO: minname is 0, maxname is 0, pos X is 1, pos Y is 0
Jan 15, 2015 6:21:38 PM org.ccnx.ccn.impl.sync.SliceComparator doComparison
O MAIS DETALHADO: Compare LEAF =04F7A143667F594F74B6B7C8C826B63D9DA7DAAA6A220B24C7FB15280B67E9868D to LEAF %08-=89DC837C5AB4E8695317F8433C07C8A7B3B68823923666ED41C44CBEC4CBB3
Jan 15, 2015 6:21:38 PM org.ccnx.ccn.impl.sync.SliceComparator doComparison
O MAIS DETALHADO: name X is 0, pos X is 0, name Y is 0, pos Y is 0 comp is -1
Jan 15, 2015 6:21:38 PM org.ccnx.ccn.impl.sync.SliceComparator doComparison
O MAIS DETALHADO: name X (expanded) is /ccnx.org/test/SyncTestRepo-15-01-15-18.20.23/ccnSyncTest/slice10/round16/randomFile/=FD054B82F5B673/=00/pU=A6A22546186B9FAC4EB8A07C1FBB995F82DA30BC632446C0DCD7E521AAF7, name Y (expanded) is /ccnx.org/test/SyncTestRepo-15-01-15-18.20.23/ccnSyncTest/slice10/round21/randomFile/=FD054B82F5E41D/=00/%81v=11100BD1950F5228760141B55709E0A91045B40720DAB0782DCC6F0256FF
Jan 15, 2015 6:21:38 PM org.ccnx.ccn.impl.sync.SliceComparator doComparison
O MAIS DETALHADO: Shortcut - popping X back to =11E49B95F88A9B5B2871C059D7A09DB3E6E2444FFA6CCC752841C0D053F78AA722, pos 2
Jan 15, 2015 6:21:38 PM org.ccnx.ccn.impl.sync.SliceComparator doComparison
O MAIS DETALHADO: Compare NODE =11E49B95F88A9B5B2871C059D7A09DB3E6E2444FFA6CCC752841C0D053F78AA722 to LEAF %08-=89DC837C5AB4E8695317F8433C07C8A7B3B68823923666ED41C44CBEC4CBB3, resMin is 1, resMax is -1
Jan 15, 2015 6:21:38 PM org.ccnx.ccn.impl.sync.SliceComparator doComparison
O MAIS DETALHADO: minname is 0, maxname is 0, pos X is 2, pos Y is 0
Jan 15, 2015 6:21:38 PM org.ccnx.ccn.impl.sync.SliceComparator doComparison
O MAIS DETALHADO: Compare LEAF =052FA68000D9C2BF567BB6D369E2084346BFD9EC9E9D061F07A6F5E6673867CEB0 to LEAF %08-=89DC837C5AB4E8695317F8433C07C8A7B3B68823923666ED41C44CBEC4CBB3
Jan 15, 2015 6:21:38 PM org.ccnx.ccn.impl.sync.SliceComparator doComparison
O MAIS DETALHADO: name X is 0, pos X is 0, name Y is 0, pos Y is 0 comp is 0
Jan 15, 2015 6:21:38 PM org.ccnx.ccn.impl.sync.SliceComparator doComparison
O MAIS DETALHADO: name X (expanded) is /ccnx.org/test/SyncTestRepo-15-01-15-18.20.23/ccnSyncTest/slice10/round21/randomFile/=FD054B82F5E41D/=00/%81v=11100BD1950F5228760141B55709E0A91045B40720DAB0782DCC6F0256FF, name Y (expanded) is /ccnx.org/test/SyncTestRepo-15-01-15-18.20.23/ccnSyncTest/slice10/round21/randomFile/=FD054B82F5E41D/=00/%81v=11100BD1950F5228760141B55709E0A91045B40720DAB0782DCC6F0256FF
Jan 15, 2015 6:21:38 PM org.ccnx.ccn.impl.sync.SliceComparator doComparison
O MAIS DETALHADO: Compare LEAF =052FA68000D9C2BF567BB6D369E2084346BFD9EC9E9D061F07A6F5E6673867CEB0 to LEAF %08-=89DC837C5AB4E8695317F8433C07C8A7B3B68823923666ED41C44CBEC4CBB3
Jan 15, 2015 6:21:38 PM org.ccnx.ccn.impl.sync.SliceComparator doComparison
O MAIS DETALHADO: name X is 0, pos X is 1, name Y is 0, pos Y is 1 comp is 0
Jan 15, 2015 6:21:38 PM org.ccnx.ccn.impl.sync.SliceComparator doComparison
O MAIS DETALHADO: name X (expanded) is /ccnx.org/test/SyncTestRepo-15-01-15-18.20.23/ccnSyncTest/slice10/round21/randomFile/=FD054B82F5E41D/%C1.META.M/.header/=FD054B82F5E48B/=00/U=2BDDA4AFCB9BC8FBD9C3E9013EE52508639C0C2E623CE389011207E17837C6, name Y (expanded) is /ccnx.org/test/SyncTestRepo-15-01-15-18.20.23/ccnSyncTest/slice10/round21/randomFile/=FD054B82F5E41D/%C1.META.M/.header/=FD054B82F5E48B/=00/U=2BDDA4AFCB9BC8FBD9C3E9013EE52508639C0C2E623CE389011207E17837C6
Jan 15, 2015 6:21:38 PM org.ccnx.ccn.impl.sync.SliceComparator doComparison
O MAIS DETALHADO: Compare LEAF =052FA68000D9C2BF567BB6D369E2084346BFD9EC9E9D061F07A6F5E6673867CEB0 to LEAF %08-=89DC837C5AB4E8695317F8433C07C8A7B3B68823923666ED41C44CBEC4CBB3
Jan 15, 2015 6:21:38 PM org.ccnx.ccn.impl.sync.SliceComparator doComparison
O MAIS DETALHADO: name X is 0, pos X is 2, name Y is 0, pos Y is 2 comp is 0
Jan 15, 2015 6:21:38 PM org.ccnx.ccn.impl.sync.SliceComparator doComparison
O MAIS DETALHADO: name X (expanded) is /ccnx.org/test/SyncTestRepo-15-01-15-18.20.23/ccnSyncTest/slice10/round22/randomFile/=FD054B82F5ED0E/=00/y%B7o=E1FE885DC462C96E59D02F922A9D0639E4FCB2982B9CBB5A9E266EC3FF, name Y (expanded) is /ccnx.org/test/SyncTestRepo-15-01-15-18.20.23/ccnSyncTest/slice10/round22/randomFile/=FD054B82F5ED0E/=00/y%B7o=E1FE885DC462C96E59D02F922A9D0639E4FCB2982B9CBB5A9E266EC3FF
Jan 15, 2015 6:21:38 PM org.ccnx.ccn.impl.sync.SliceComparator doComparison
O MAIS DETALHADO: Compare LEAF =052FA68000D9C2BF567BB6D369E2084346BFD9EC9E9D061F07A6F5E6673867CEB0 to LEAF %08-=89DC837C5AB4E8695317F8433C07C8A7B3B68823923666ED41C44CBEC4CBB3
Jan 15, 2015 6:21:38 PM org.ccnx.ccn.impl.sync.SliceComparator doComparison
O MAIS DETALHADO: name X is 0, pos X is 3, name Y is 0, pos Y is 3 comp is 0
Jan 15, 2015 6:21:38 PM org.ccnx.ccn.impl.sync.SliceComparator doComparison
O MAIS DETALHADO: name X (expanded) is /ccnx.org/test/SyncTestRepo-15-01-15-18.20.23/ccnSyncTest/slice10/round22/randomFile/=FD054B82F5ED0E/%C1.META.M/.header/=FD054B82F5ED48/=00/=AF85132C57917D740BDC2F924FE603AE05A674D6BECF07105345134E4164E529, name Y (expanded) is /ccnx.org/test/SyncTestRepo-15-01-15-18.20.23/ccnSyncTest/slice10/round22/randomFile/=FD054B82F5ED0E/%C1.META.M/.header/=FD054B82F5ED48/=00/=AF85132C57917D740BDC2F924FE603AE05A674D6BECF07105345134E4164E529
Jan 15, 2015 6:21:38 PM org.ccnx.ccn.impl.sync.SliceComparator doComparison
O MAIS DETALHADO: Compare LEAF =052FA68000D9C2BF567BB6D369E2084346BFD9EC9E9D061F07A6F5E6673867CEB0 to LEAF %08-=89DC837C5AB4E8695317F8433C07C8A7B3B68823923666ED41C44CBEC4CBB3
Jan 15, 2015 6:21:38 PM org.ccnx.ccn.impl.sync.SliceComparator doComparison
O MAIS DETALHADO: name X is 0, pos X is 4, name Y is 0, pos Y is 4 comp is 0
Jan 15, 2015 6:21:38 PM org.ccnx.ccn.impl.sync.SliceComparator doComparison
O MAIS DETALHADO: name X (expanded) is /ccnx.org/test/SyncTestRepo-15-01-15-18.20.23/ccnSyncTest/slice10/round23/randomFile/=FD054B82F5F639/=00/=90913F0035EA159FEED7E50A50458B36DDE7918F5F7955C163CDA5C718B574B7, name Y (expanded) is /ccnx.org/test/SyncTestRepo-15-01-15-18.20.23/ccnSyncTest/slice10/round23/randomFile/=FD054B82F5F639/=00/=90913F0035EA159FEED7E50A50458B36DDE7918F5F7955C163CDA5C718B574B7
Jan 15, 2015 6:21:38 PM org.ccnx.ccn.impl.sync.SliceComparator doComparison
O MAIS DETALHADO: Compare LEAF =052FA68000D9C2BF567BB6D369E2084346BFD9EC9E9D061F07A6F5E6673867CEB0 to LEAF %08-=89DC837C5AB4E8695317F8433C07C8A7B3B68823923666ED41C44CBEC4CBB3
Jan 15, 2015 6:21:38 PM org.ccnx.ccn.impl.sync.SliceComparator doComparison
O MAIS DETALHADO: name X is 0, pos X is 5, name Y is 0, pos Y is 5 comp is 0
Jan 15, 2015 6:21:38 PM org.ccnx.ccn.impl.sync.SliceComparator doComparison
O MAIS DETALHADO: name X (expanded) is /ccnx.org/test/SyncTestRepo-15-01-15-18.20.23/ccnSyncTest/slice10/round23/randomFile/=FD054B82F5F639/%C1.META.M/.header/=FD054B82F5F67B/=00/2=21E841E2E9D639FFEA27D95B6AAFD229074D9972A4373B9076301ED559F9C4, name Y (expanded) is /ccnx.org/test/SyncTestRepo-15-01-15-18.20.23/ccnSyncTest/slice10/round23/randomFile/=FD054B82F5F639/%C1.META.M/.header/=FD054B82F5F67B/=00/2=21E841E2E9D639FFEA27D95B6AAFD229074D9972A4373B9076301ED559F9C4
Jan 15, 2015 6:21:38 PM org.ccnx.ccn.impl.sync.SliceComparator doComparison
O MAIS DETALHADO: Compare LEAF =052FA68000D9C2BF567BB6D369E2084346BFD9EC9E9D061F07A6F5E6673867CEB0 to LEAF %08-=89DC837C5AB4E8695317F8433C07C8A7B3B68823923666ED41C44CBEC4CBB3
Jan 15, 2015 6:21:38 PM org.ccnx.ccn.impl.sync.SliceComparator doComparison
O MAIS DETALHADO: name X is 0, pos X is 6, name Y is 0, pos Y is 6 comp is 0
Jan 15, 2015 6:21:38 PM org.ccnx.ccn.impl.sync.SliceComparator doComparison
O MAIS DETALHADO: name X (expanded) is /ccnx.org/test/SyncTestRepo-15-01-15-18.20.23/ccnSyncTest/slice10/round24/randomFile/=FD054B82F5FF64/=00/=EAE3BE028BED84466DD9599174AEF02EF195603635C62DBC39ABA1C11E44AF4A, name Y (expanded) is /ccnx.org/test/SyncTestRepo-15-01-15-18.20.23/ccnSyncTest/slice10/round24/randomFile/=FD054B82F5FF64/=00/=EAE3BE028BED84466DD9599174AEF02EF195603635C62DBC39ABA1C11E44AF4A
Jan 15, 2015 6:21:38 PM org.ccnx.ccn.impl.sync.SliceComparator doComparison
O MAIS DETALHADO: Compare LEAF =052FA68000D9C2BF567BB6D369E2084346BFD9EC9E9D061F07A6F5E6673867CEB0 to LEAF %08-=89DC837C5AB4E8695317F8433C07C8A7B3B68823923666ED41C44CBEC4CBB3
Jan 15, 2015 6:21:38 PM org.ccnx.ccn.impl.sync.SliceComparator doComparison
O MAIS DETALHADO: name X is 0, pos X is 7, name Y is 0, pos Y is 7 comp is 0
Jan 15, 2015 6:21:38 PM org.ccnx.ccn.impl.sync.SliceComparator doComparison
O MAIS DETALHADO: name X (expanded) is /ccnx.org/test/SyncTestRepo-15-01-15-18.20.23/ccnSyncTest/slice10/round24/randomFile/=FD054B82F5FF64/%C1.META.M/.header/=FD054B82F5FF9E/=00/%2Bm=D83EF551DEE8EC94F85B410AD90D67F6D717E07E74BEFC7F25CF69C0A77D, name Y (expanded) is /ccnx.org/test/SyncTestRepo-15-01-15-18.20.23/ccnSyncTest/slice10/round24/randomFile/=FD054B82F5FF64/%C1.META.M/.header/=FD054B82F5FF9E/=00/%2Bm=D83EF551DEE8EC94F85B410AD90D67F6D717E07E74BEFC7F25CF69C0A77D
Jan 15, 2015 6:21:38 PM org.ccnx.ccn.impl.sync.SliceComparator doComparison
O MAIS DETALHADO: Compare LEAF =052FA68000D9C2BF567BB6D369E2084346BFD9EC9E9D061F07A6F5E6673867CEB0 to LEAF %08-=89DC837C5AB4E8695317F8433C07C8A7B3B68823923666ED41C44CBEC4CBB3
Jan 15, 2015 6:21:38 PM org.ccnx.ccn.impl.sync.SliceComparator doComparison
O MAIS DETALHADO: name X is 0, pos X is 8, name Y is 0, pos Y is 8 comp is 0
Jan 15, 2015 6:21:38 PM org.ccnx.ccn.impl.sync.SliceComparator doComparison
O MAIS DETALHADO: name X (expanded) is /ccnx.org/test/SyncTestRepo-15-01-15-18.20.23/ccnSyncTest/slice10/round25/randomFile/=FD054B82F60887/=00/=D401258329B8D5F501388F7775E35E1196A2B7D8DD50C6549F804F87D7CCE5E4, name Y (expanded) is /ccnx.org/test/SyncTestRepo-15-01-15-18.20.23/ccnSyncTest/slice10/round25/randomFile/=FD054B82F60887/=00/=D401258329B8D5F501388F7775E35E1196A2B7D8DD50C6549F804F87D7CCE5E4
Jan 15, 2015 6:21:38 PM org.ccnx.ccn.impl.sync.SliceComparator doComparison
O MAIS DETALHADO: Compare LEAF =052FA68000D9C2BF567BB6D369E2084346BFD9EC9E9D061F07A6F5E6673867CEB0 to LEAF %08-=89DC837C5AB4E8695317F8433C07C8A7B3B68823923666ED41C44CBEC4CBB3
Jan 15, 2015 6:21:38 PM org.ccnx.ccn.impl.sync.SliceComparator doComparison
O MAIS DETALHADO: name X is 0, pos X is 9, name Y is 0, pos Y is 9 comp is 0
Jan 15, 2015 6:21:38 PM org.ccnx.ccn.impl.sync.SliceComparator doComparison
O MAIS DETALHADO: name X (expanded) is /ccnx.org/test/SyncTestRepo-15-01-15-18.20.23/ccnSyncTest/slice10/round25/randomFile/=FD054B82F60887/%C1.META.M/.header/=FD054B82F608C5/=00/=82C22B37043F8E4774A60D4BA7B10EE83D02C34139682C40B38D4BA83237EB9D, name Y (expanded) is /ccnx.org/test/SyncTestRepo-15-01-15-18.20.23/ccnSyncTest/slice10/round25/randomFile/=FD054B82F60887/%C1.META.M/.header/=FD054B82F608C5/=00/=82C22B37043F8E4774A60D4BA7B10EE83D02C34139682C40B38D4BA83237EB9D
Jan 15, 2015 6:21:38 PM org.ccnx.ccn.impl.sync.SliceComparator doComparison
O MAIS DETALHADO: Compare NODE =11E49B95F88A9B5B2871C059D7A09DB3E6E2444FFA6CCC752841C0D053F78AA722 to LEAF %08-=89DC837C5AB4E8695317F8433C07C8A7B3B68823923666ED41C44CBEC4CBB3, resMin is 1, resMax is -1
Jan 15, 2015 6:21:38 PM org.ccnx.ccn.impl.sync.SliceComparator doComparison
O MAIS DETALHADO: minname is 0, maxname is 0, pos X is 3, pos Y is 10
Jan 15, 2015 6:21:38 PM org.ccnx.ccn.impl.sync.SliceComparator doComparison
O MAIS DETALHADO: Compare LEAF =01E40089DDD3DDD8F9DA4141CACB10EAB4D1D917A3E0C7AE2D88D81FCE738891B3 to LEAF %08-=89DC837C5AB4E8695317F8433C07C8A7B3B68823923666ED41C44CBEC4CBB3
Jan 15, 2015 6:21:38 PM org.ccnx.ccn.impl.sync.SliceComparator doComparison
O MAIS DETALHADO: name X is 0, pos X is 0, name Y is 0, pos Y is 10 comp is 0
Jan 15, 2015 6:21:38 PM org.ccnx.ccn.impl.sync.SliceComparator doComparison
O MAIS DETALHADO: name X (expanded) is /ccnx.org/test/SyncTestRepo-15-01-15-18.20.23/ccnSyncTest/slice10/round26/randomFile/=FD054B82F611AE/=00/=A59ED751E0429923E44E0411791301D0EAD05D219F65D4C0877CB9C9BAE5F22C, name Y (expanded) is /ccnx.org/test/SyncTestRepo-15-01-15-18.20.23/ccnSyncTest/slice10/round26/randomFile/=FD054B82F611AE/=00/=A59ED751E0429923E44E0411791301D0EAD05D219F65D4C0877CB9C9BAE5F22C
Jan 15, 2015 6:21:38 PM org.ccnx.ccn.impl.sync.SliceComparator doComparison
O MAIS DETALHADO: Compare LEAF =01E40089DDD3DDD8F9DA4141CACB10EAB4D1D917A3E0C7AE2D88D81FCE738891B3 to LEAF %08-=89DC837C5AB4E8695317F8433C07C8A7B3B68823923666ED41C44CBEC4CBB3
Jan 15, 2015 6:21:38 PM org.ccnx.ccn.impl.sync.SliceComparator doComparison
O MAIS DETALHADO: name X is 0, pos X is 1, name Y is 0, pos Y is 11 comp is 0
Jan 15, 2015 6:21:38 PM org.ccnx.ccn.impl.sync.SliceComparator doComparison
O MAIS DETALHADO: name X (expanded) is /ccnx.org/test/SyncTestRepo-15-01-15-18.20.23/ccnSyncTest/slice10/round26/randomFile/=FD054B82F611AE/%C1.META.M/.header/=FD054B82F611E7/=00/=9EBAE60D54D897D77C833F45C156C812656F54B751CB2BA418FC204F097E20FD, name Y (expanded) is /ccnx.org/test/SyncTestRepo-15-01-15-18.20.23/ccnSyncTest/slice10/round26/randomFile/=FD054B82F611AE/%C1.META.M/.header/=FD054B82F611E7/=00/=9EBAE60D54D897D77C833F45C156C812656F54B751CB2BA418FC204F097E20FD
Jan 15, 2015 6:21:38 PM org.ccnx.ccn.impl.sync.SliceComparator doComparison
O MAIS DETALHADO: Compare LEAF =01E40089DDD3DDD8F9DA4141CACB10EAB4D1D917A3E0C7AE2D88D81FCE738891B3 to LEAF %08-=89DC837C5AB4E8695317F8433C07C8A7B3B68823923666ED41C44CBEC4CBB3
Jan 15, 2015 6:21:38 PM org.ccnx.ccn.impl.sync.SliceComparator doComparison
O MAIS DETALHADO: name X is 0, pos X is 2, name Y is 0, pos Y is 12 comp is 0
Jan 15, 2015 6:21:38 PM org.ccnx.ccn.impl.sync.SliceComparator doComparison
O MAIS DETALHADO: name X (expanded) is /ccnx.org/test/SyncTestRepo-15-01-15-18.20.23/ccnSyncTest/slice10/round27/randomFile/=FD054B82F61ADD/=00/-=8DD4FE13275029C1DBB2816F77D6FA6E6A2158729CC8A05E0A94EECE41F4C4, name Y (expanded) is /ccnx.org/test/SyncTestRepo-15-01-15-18.20.23/ccnSyncTest/slice10/round27/randomFile/=FD054B82F61ADD/=00/-=8DD4FE13275029C1DBB2816F77D6FA6E6A2158729CC8A05E0A94EECE41F4C4
Jan 15, 2015 6:21:38 PM org.ccnx.ccn.impl.sync.SliceComparator doComparison
O MAIS DETALHADO: Compare LEAF =01E40089DDD3DDD8F9DA4141CACB10EAB4D1D917A3E0C7AE2D88D81FCE738891B3 to LEAF %08-=89DC837C5AB4E8695317F8433C07C8A7B3B68823923666ED41C44CBEC4CBB3
Jan 15, 2015 6:21:38 PM org.ccnx.ccn.impl.sync.SliceComparator doComparison
O MAIS DETALHADO: name X is 0, pos X is 3, name Y is 0, pos Y is 13 comp is 0
Jan 15, 2015 6:21:38 PM org.ccnx.ccn.impl.sync.SliceComparator doComparison
O MAIS DETALHADO: name X (expanded) is /ccnx.org/test/SyncTestRepo-15-01-15-18.20.23/ccnSyncTest/slice10/round27/randomFile/=FD054B82F61ADD/%C1.META.M/.header/=FD054B82F61B1B/=00/%1Cb=9B885FE399DA7CACD8BC9E70709162569C81FE27BFE130CFFF30A9C26E97, name Y (expanded) is /ccnx.org/test/SyncTestRepo-15-01-15-18.20.23/ccnSyncTest/slice10/round27/randomFile/=FD054B82F61ADD/%C1.META.M/.header/=FD054B82F61B1B/=00/%1Cb=9B885FE399DA7CACD8BC9E70709162569C81FE27BFE130CFFF30A9C26E97
Jan 15, 2015 6:21:38 PM org.ccnx.ccn.impl.sync.SliceComparator doComparison
O MAIS DETALHADO: Compare LEAF =01E40089DDD3DDD8F9DA4141CACB10EAB4D1D917A3E0C7AE2D88D81FCE738891B3 to LEAF %08-=89DC837C5AB4E8695317F8433C07C8A7B3B68823923666ED41C44CBEC4CBB3
Jan 15, 2015 6:21:38 PM org.ccnx.ccn.impl.sync.SliceComparator doComparison
O MAIS DETALHADO: name X is 0, pos X is 4, name Y is 0, pos Y is 14 comp is 1
Jan 15, 2015 6:21:38 PM org.ccnx.ccn.impl.sync.SliceComparator doComparison
O MAIS DETALHADO: name X (expanded) is /ccnx.org/test/SyncTestRepo-15-01-15-18.20.23/ccnSyncTest/slice10/randomFile/=FD054B82F53F79/=00/=3CBEB0282FE72CD7F7CF0696455493A1CE4F4E488F469319834E10584FC5C583, name Y (expanded) is /ccnx.org/test/SyncTestRepo-15-01-15-18.20.23/ccnSyncTest/slice10/round28/randomFile/=FD054B82F62400/=00/=DF1EE0EB7C07C0545762A11F61243819C7197462A801936587E57454752CE720
Jan 15, 2015 6:21:38 PM org.ccnx.ccn.profiles.sync.SyncTestRepo doHandleContentName
INFORMAÇÕES: Number 1: Callback for name: /ccnx.org/test/SyncTestRepo-15-01-15-18.20.23/ccnSyncTest/slice10/round28/randomFile/=FD054B82F62400/=00 - number is 0
Jan 15, 2015 6:21:38 PM org.ccnx.ccn.impl.sync.SliceComparator doComparison
O MAIS DETALHADO: Compare LEAF =01E40089DDD3DDD8F9DA4141CACB10EAB4D1D917A3E0C7AE2D88D81FCE738891B3 to LEAF %08-=89DC837C5AB4E8695317F8433C07C8A7B3B68823923666ED41C44CBEC4CBB3
Jan 15, 2015 6:21:38 PM org.ccnx.ccn.impl.sync.SliceComparator doComparison
O MAIS DETALHADO: name X is 0, pos X is 4, name Y is 0, pos Y is 15 comp is 1
Jan 15, 2015 6:21:38 PM org.ccnx.ccn.impl.sync.SliceComparator doComparison
O MAIS DETALHADO: name X (expanded) is /ccnx.org/test/SyncTestRepo-15-01-15-18.20.23/ccnSyncTest/slice10/randomFile/=FD054B82F53F79/=00/=3CBEB0282FE72CD7F7CF0696455493A1CE4F4E488F469319834E10584FC5C583, name Y (expanded) is /ccnx.org/test/SyncTestRepo-15-01-15-18.20.23/ccnSyncTest/slice10/round28/randomFile/=FD054B82F62400/%C1.META.M/.header/=FD054B82F62435/=00/=3AC3F1B952B25C43BBF861A434FEA1B34EE73DE2FDC2D5CC358E49C29DA78430
Jan 15, 2015 6:21:38 PM org.ccnx.ccn.profiles.sync.SyncTestRepo doHandleContentName
INFORMAÇÕES: Number 1: Callback for name: /ccnx.org/test/SyncTestRepo-15-01-15-18.20.23/ccnSyncTest/slice10/round28/randomFile/=FD054B82F62400/%C1.META.M/.header/=FD054B82F62435/=00 - number is header
Jan 15, 2015 6:21:38 PM org.ccnx.ccn.impl.sync.SliceComparator doComparison
O MAIS DETALHADO: Compare LEAF =01E40089DDD3DDD8F9DA4141CACB10EAB4D1D917A3E0C7AE2D88D81FCE738891B3 to LEAF %08-=89DC837C5AB4E8695317F8433C07C8A7B3B68823923666ED41C44CBEC4CBB3
Jan 15, 2015 6:21:38 PM org.ccnx.ccn.impl.sync.SliceComparator doComparison
O MAIS DETALHADO: name X is 0, pos X is 4, name Y is 0, pos Y is 16 comp is 0
Jan 15, 2015 6:21:38 PM org.ccnx.ccn.impl.sync.SliceComparator doComparison
O MAIS DETALHADO: name X (expanded) is /ccnx.org/test/SyncTestRepo-15-01-15-18.20.23/ccnSyncTest/slice10/randomFile/=FD054B82F53F79/=00/=3CBEB0282FE72CD7F7CF0696455493A1CE4F4E488F469319834E10584FC5C583, name Y (expanded) is /ccnx.org/test/SyncTestRepo-15-01-15-18.20.23/ccnSyncTest/slice10/randomFile/=FD054B82F53F79/=00/=3CBEB0282FE72CD7F7CF0696455493A1CE4F4E488F469319834E10584FC5C583
Jan 15, 2015 6:21:38 PM org.ccnx.ccn.impl.sync.SliceComparator doComparison
O MAIS DETALHADO: Compare LEAF =01E40089DDD3DDD8F9DA4141CACB10EAB4D1D917A3E0C7AE2D88D81FCE738891B3 to LEAF %08-=89DC837C5AB4E8695317F8433C07C8A7B3B68823923666ED41C44CBEC4CBB3
Jan 15, 2015 6:21:38 PM org.ccnx.ccn.impl.sync.SliceComparator doComparison
O MAIS DETALHADO: name X is 0, pos X is 5, name Y is 0, pos Y is 17 comp is 0
Jan 15, 2015 6:21:38 PM org.ccnx.ccn.impl.sync.SliceComparator doComparison
O MAIS DETALHADO: name X (expanded) is /ccnx.org/test/SyncTestRepo-15-01-15-18.20.23/ccnSyncTest/slice10/randomFile/=FD054B82F53F79/%C1.META.M/.header/=FD054B82F53FB2/=00/=18F7ABCFFBD0912243186C9F3D6A45A3E28959A7EF8B922DD636A13DE75A55AC, name Y (expanded) is /ccnx.org/test/SyncTestRepo-15-01-15-18.20.23/ccnSyncTest/slice10/randomFile/=FD054B82F53F79/%C1.META.M/.header/=FD054B82F53FB2/=00/=18F7ABCFFBD0912243186C9F3D6A45A3E28959A7EF8B922DD636A13DE75A55AC
Jan 15, 2015 6:21:38 PM org.ccnx.ccn.impl.sync.SliceComparator updateCurrent
O MAIS DETALHADO: Starting update from hash =11E49B95F88A9B5B2871C059D7A09DB3E6E2444FFA6CCC752841C0D053F78AA722
Jan 15, 2015 6:21:38 PM org.ccnx.ccn.impl.sync.SliceComparator updateCurrent
O MAIS DETALHADO: Update compare - moving to: =05D95348B35DA1736365107BDACCCE484DA8B6A14DCCF3832B16DDA212E3B0C032
Jan 15, 2015 6:21:38 PM org.ccnx.ccn.impl.sync.SliceComparator updateCurrent
O MAIS DETALHADO: Shortcut in update - popping back to =11E49B95F88A9B5B2871C059D7A09DB3E6E2444FFA6CCC752841C0D053F78AA722, pos 1
Jan 15, 2015 6:21:38 PM org.ccnx.ccn.impl.sync.SliceComparator updateCurrent
O MAIS DETALHADO: Update compare - moving to: =04F7A143667F594F74B6B7C8C826B63D9DA7DAAA6A220B24C7FB15280B67E9868D
Jan 15, 2015 6:21:38 PM org.ccnx.ccn.impl.sync.SliceComparator updateCurrent
O MAIS DETALHADO: Shortcut in update - popping back to =11E49B95F88A9B5B2871C059D7A09DB3E6E2444FFA6CCC752841C0D053F78AA722, pos 2
Jan 15, 2015 6:21:38 PM org.ccnx.ccn.impl.sync.SliceComparator updateCurrent
O MAIS DETALHADO: Update compare - moving to: =052FA68000D9C2BF567BB6D369E2084346BFD9EC9E9D061F07A6F5E6673867CEB0
Jan 15, 2015 6:21:38 PM org.ccnx.ccn.impl.sync.SliceComparator updateCurrent
O MAIS DETALHADO: Shortcut in update - popping back to =11E49B95F88A9B5B2871C059D7A09DB3E6E2444FFA6CCC752841C0D053F78AA722, pos 3
Jan 15, 2015 6:21:38 PM org.ccnx.ccn.impl.sync.SliceComparator updateCurrent
O MAIS DETALHADO: Update compare - moving to: =01E40089DDD3DDD8F9DA4141CACB10EAB4D1D917A3E0C7AE2D88D81FCE738891B3
Jan 15, 2015 6:21:38 PM org.ccnx.ccn.impl.sync.SliceComparator updateCurrent
O MAIS DETALHADO: Update compare: name from tree (expanded) is /ccnx.org/test/SyncTestRepo-15-01-15-18.20.23/ccnSyncTest/slice10/round26/randomFile/=FD054B82F611AE/=00/=A59ED751E0429923E44E0411791301D0EAD05D219F65D4C0877CB9C9BAE5F22C, name  is /ccnx.org/test/SyncTestRepo-15-01-15-18.20.23/ccnSyncTest/slice10/round28/randomFile/=FD054B82F62400/=00/=DF1EE0EB7C07C0545762A11F61243819C7197462A801936587E57454752CE720, comp is -1
Jan 15, 2015 6:21:38 PM org.ccnx.ccn.impl.sync.SliceComparator updateCurrent
O MAIS DETALHADO: Update compare: name from tree (expanded) is /ccnx.org/test/SyncTestRepo-15-01-15-18.20.23/ccnSyncTest/slice10/round26/randomFile/=FD054B82F611AE/%C1.META.M/.header/=FD054B82F611E7/=00/=9EBAE60D54D897D77C833F45C156C812656F54B751CB2BA418FC204F097E20FD, name  is /ccnx.org/test/SyncTestRepo-15-01-15-18.20.23/ccnSyncTest/slice10/round28/randomFile/=FD054B82F62400/=00/=DF1EE0EB7C07C0545762A11F61243819C7197462A801936587E57454752CE720, comp is -1
Jan 15, 2015 6:21:38 PM org.ccnx.ccn.impl.sync.SliceComparator updateCurrent
O MAIS DETALHADO: Update compare: name from tree (expanded) is /ccnx.org/test/SyncTestRepo-15-01-15-18.20.23/ccnSyncTest/slice10/round27/randomFile/=FD054B82F61ADD/=00/-=8DD4FE13275029C1DBB2816F77D6FA6E6A2158729CC8A05E0A94EECE41F4C4, name  is /ccnx.org/test/SyncTestRepo-15-01-15-18.20.23/ccnSyncTest/slice10/round28/randomFile/=FD054B82F62400/=00/=DF1EE0EB7C07C0545762A11F61243819C7197462A801936587E57454752CE720, comp is -1
Jan 15, 2015 6:21:38 PM org.ccnx.ccn.impl.sync.SliceComparator updateCurrent
O MAIS DETALHADO: Update compare: name from tree (expanded) is /ccnx.org/test/SyncTestRepo-15-01-15-18.20.23/ccnSyncTest/slice10/round27/randomFile/=FD054B82F61ADD/%C1.META.M/.header/=FD054B82F61B1B/=00/%1Cb=9B885FE399DA7CACD8BC9E70709162569C81FE27BFE130CFFF30A9C26E97, name  is /ccnx.org/test/SyncTestRepo-15-01-15-18.20.23/ccnSyncTest/slice10/round28/randomFile/=FD054B82F62400/=00/=DF1EE0EB7C07C0545762A11F61243819C7197462A801936587E57454752CE720, comp is -1
Jan 15, 2015 6:21:38 PM org.ccnx.ccn.impl.sync.SliceComparator updateCurrent
O MAIS DETALHADO: Update compare: name from tree (expanded) is /ccnx.org/test/SyncTestRepo-15-01-15-18.20.23/ccnSyncTest/slice10/randomFile/=FD054B82F53F79/=00/=3CBEB0282FE72CD7F7CF0696455493A1CE4F4E488F469319834E10584FC5C583, name  is /ccnx.org/test/SyncTestRepo-15-01-15-18.20.23/ccnSyncTest/slice10/round28/randomFile/=FD054B82F62400/=00/=DF1EE0EB7C07C0545762A11F61243819C7197462A801936587E57454752CE720, comp is 1
Jan 15, 2015 6:21:38 PM org.ccnx.ccn.impl.sync.SliceComparator updateCurrent
O MAIS DETALHADO: Update: starting redo of names because of /ccnx.org/test/SyncTestRepo-15-01-15-18.20.23/ccnSyncTest/slice10/round28/randomFile/=FD054B82F62400/=00/=DF1EE0EB7C07C0545762A11F61243819C7197462A801936587E57454752CE720 at /ccnx.org/test/SyncTestRepo-15-01-15-18.20.23/ccnSyncTest/slice10/round26/randomFile/=FD054B82F611AE/=00/=A59ED751E0429923E44E0411791301D0EAD05D219F65D4C0877CB9C9BAE5F22C
Jan 15, 2015 6:21:38 PM org.ccnx.ccn.io.content.SyncNodeComposite decodeLogging
O MAIS DETALHADO: decode node for =02FDE35C82A297F591ED9C448E6133C481E7D9C9E9868C175F464BDDE5865CFD03 depth = 1 refs = 8
Jan 15, 2015 6:21:38 PM org.ccnx.ccn.io.content.SyncNodeComposite decodeLogging
O MAIS DETALHADO: min is 0, max is 0, expanded min is /ccnx.org/test/SyncTestRepo-15-01-15-18.20.23/ccnSyncTest/slice10/round26/randomFile/=FD054B82F611AE/=00/=A59ED751E0429923E44E0411791301D0EAD05D219F65D4C0877CB9C9BAE5F22C, expanded max is /ccnx.org/test/SyncTestRepo-15-01-15-18.20.23/ccnSyncTest/slice10/randomFile/=FD054B82F53F79/%C1.META.M/.header/=FD054B82F53FB2/=00/=18F7ABCFFBD0912243186C9F3D6A45A3E28959A7EF8B922DD636A13DE75A55AC
Jan 15, 2015 6:21:38 PM org.ccnx.ccn.impl.sync.SyncTreeEntry <init>
O MAIS DETALHADO: Found existing node: =12FE7E689D595577C0851B5C9B36C08DB3F84502401290DE59FF348E6B0A5F1272
Jan 15, 2015 6:21:38 PM org.ccnx.ccn.io.content.SyncNodeComposite decodeLogging
O MAIS DETALHADO: decode node for =12FE7E689D595577C0851B5C9B36C08DB3F84502401290DE59FF348E6B0A5F1272 depth = 2 refs = 4
Jan 15, 2015 6:21:38 PM org.ccnx.ccn.io.content.SyncNodeComposite decodeLogging
O MAIS DETALHADO: min is 0, max is 0, expanded min is /ccnx.org/test/SyncTestRepo-15-01-15-18.20.23/ccnSyncTest/slice10/round11/randomFile/=FD054B82F588B4/=00/=862C3C8C527D6B204E7FCD4EAF121546BFBA9E26B978EC9010B0DB73EDD734F0, expanded max is /ccnx.org/test/SyncTestRepo-15-01-15-18.20.23/ccnSyncTest/slice10/randomFile/=FD054B82F53F79/%C1.META.M/.header/=FD054B82F53FB2/=00/=18F7ABCFFBD0912243186C9F3D6A45A3E28959A7EF8B922DD636A13DE75A55AC
Jan 15, 2015 6:21:38 PM org.ccnx.ccn.impl.sync.NodeBuilder createHeadRecursive
O MAIS DETALHADO: Creating new compound node - with first element =05D95348B35DA1736365107BDACCCE484DA8B6A14DCCF3832B16DDA212E3B0C032 and last element =02FDE35C82A297F591ED9C448E6133C481E7D9C9E9868C175F464BDDE5865CFD03
Jan 15, 2015 6:21:38 PM org.ccnx.ccn.impl.sync.SliceComparator updateCurrent
INFORMAÇÕES: Resetting current to created head: =12FE7E689D595577C0851B5C9B36C08DB3F84502401290DE59FF348E6B0A5F1272
Jan 15, 2015 6:21:38 PM org.ccnx.ccn.profiles.sync.SyncTestRepo checkCallbacks
DETALHADO: got segment 0
Jan 15, 2015 6:21:38 PM org.ccnx.ccn.profiles.sync.SyncTestRepo checkCallbacks
DETALHADO: received: [true, false] finished: [true, true]
Jan 15, 2015 6:21:38 PM org.ccnx.ccn.profiles.sync.SyncTestRepo checkCallbacks
DETALHADO: got the header
Jan 15, 2015 6:21:38 PM org.ccnx.ccn.profiles.sync.SyncTestRepo checkCallbacks
DETALHADO: received: [true, true] finished: [true, true]
Jan 15, 2015 6:21:38 PM org.ccnx.ccn.profiles.sync.SyncTestRepo checkCallbacks
DETALHADO: got all the segments!
Jan 15, 2015 6:21:38 PM org.ccnx.ccn.profiles.sync.SyncTestRepo checkCallbacks
DETALHADO: trying to loop again looking for segments
Jan 15, 2015 6:21:38 PM org.ccnx.ccn.profiles.sync.SyncTestRepo checkCallbacks
DETALHADO: done looping, returning.
Jan 15, 2015 6:21:38 PM org.ccnx.ccn.impl.CCNFlowControl <init>
INFORMAÇÕES: adding namespace: /ccnx.org/test/SyncTestRepo-15-01-15-18.20.23/ccnSyncTest/slice10/round29/randomFile
Jan 15, 2015 6:21:38 PM org.ccnx.ccn.impl.security.keys.BasicKeyManager getKeyLocator
INFORMAÇÕES: getKeyLocator: returning locator NAME: /ccnx.org/Users/root/Keys/%C1.M.K=009234ADEC47D19E3E6A2AF362D44E09AB6B71F43B1900BA0622FB45F2A5B7D9F6/=FD054AE7DE1000 KEY:-reba89rgbj1o6ata34t5eovcl4kho5s9pnv8nstq15q1ld4g9ga for key kjSt7EfRnj5qKvNi1E4Jq2tx9DsZALoGIvtF8qW32fY=
Jan 15, 2015 6:21:38 PM org.ccnx.ccn.io.CCNAbstractOutputStream <init>
INFORMAÇÕES: CCNAbstractOutputStream: /ccnx.org/test/SyncTestRepo-15-01-15-18.20.23/ccnSyncTest/slice10/round29/randomFile/=FD054B82F62D23 blocksize is 4096
Jan 15, 2015 6:21:38 PM org.ccnx.ccn.io.CCNAbstractOutputStream startWrite
INFORMAÇÕES: CCNAbstractOutputStream: startWrite -- searching for keys.
Jan 15, 2015 6:21:38 PM org.ccnx.ccn.profiles.security.access.AccessControlManager keysForOutput
INFORMAÇÕES: keysForOutput: found an acm: (null)
Jan 15, 2015 6:21:38 PM org.ccnx.ccn.impl.repo.RepositoryFlowControl startWrite
INFORMAÇÕES: RepositoryFlowControl.startWrite called for name /ccnx.org/test/SyncTestRepo-15-01-15-18.20.23/ccnSyncTest/slice10/round29/randomFile/=FD054B82F62D23, shape STREAM
Jan 15, 2015 6:21:38 PM org.ccnx.ccn.impl.repo.RepositoryFlowControl handleContent
INFORMAÇÕES: handleContent: got potential repo message: /ccnx.org/test/SyncTestRepo-15-01-15-18.20.23/ccnSyncTest/slice10/round29/randomFile/=FD054B82F62D23/%C1.R.sw/%C1.N=003B637473BA87F420
Jan 15, 2015 6:21:38 PM org.ccnx.ccn.profiles.sync.SyncTestCommon writeFile
DETALHADO: bytes: 4096 block size: 4096 div: 1.0 ceil: 1
Jan 15, 2015 6:21:38 PM org.ccnx.ccn.profiles.sync.SyncTestCommon writeFile
DETALHADO: will write out a 4096 byte file, will have 2 segments (1 is a header)
Jan 15, 2015 6:21:38 PM org.ccnx.ccn.io.CCNOutputStream flushToNetwork
INFORMAÇÕES: flush: outputting to the segmenter, baseName /ccnx.org/test/SyncTestRepo-15-01-15-18.20.23/ccnSyncTest/slice10/round29/randomFile/=FD054B82F62D23 basenameindex =00; 4096 bytes written, holding back 4096 flushing final blocks? false.
Jan 15, 2015 6:21:38 PM org.ccnx.ccn.io.CCNOutputStream flushToNetwork
INFORMAÇÕES: HEADER: CCNOutputStream: flushToNetwork: new _baseNameIndex 0
Jan 15, 2015 6:21:38 PM org.ccnx.ccn.io.CCNOutputStream flushToNetwork
INFORMAÇÕES: flush: outputting to the segmenter, baseName /ccnx.org/test/SyncTestRepo-15-01-15-18.20.23/ccnSyncTest/slice10/round29/randomFile/=FD054B82F62D23 basenameindex =00; 4096 bytes written, holding back 4096 flushing final blocks? false.
Jan 15, 2015 6:21:38 PM org.ccnx.ccn.io.CCNOutputStream flushToNetwork
INFORMAÇÕES: HEADER: CCNOutputStream: flushToNetwork: new _baseNameIndex 0
Jan 15, 2015 6:21:38 PM org.ccnx.ccn.io.CCNOutputStream flushToNetwork
INFORMAÇÕES: flush: outputting to the segmenter, baseName /ccnx.org/test/SyncTestRepo-15-01-15-18.20.23/ccnSyncTest/slice10/round29/randomFile/=FD054B82F62D23 basenameindex =00; 4096 bytes written, holding back 0 flushing final blocks? true.
Jan 15, 2015 6:21:38 PM org.ccnx.ccn.io.CCNOutputStream flushToNetwork
INFORMAÇÕES: HEADER: CCNOutputStream: flushToNetwork: new _baseNameIndex 1
Jan 15, 2015 6:21:38 PM org.ccnx.ccn.io.CCNAbstractOutputStream <init>
INFORMAÇÕES: CCNAbstractOutputStream: /ccnx.org/test/SyncTestRepo-15-01-15-18.20.23/ccnSyncTest/slice10/round29/randomFile/=FD054B82F62D23/%C1.META.M/.header/=FD054B82F62D5C blocksize is 4096
Jan 15, 2015 6:21:38 PM org.ccnx.ccn.io.CCNAbstractOutputStream startWrite
INFORMAÇÕES: CCNAbstractOutputStream: startWrite -- searching for keys.
Jan 15, 2015 6:21:38 PM org.ccnx.ccn.profiles.security.access.AccessControlManager keysForOutput
INFORMAÇÕES: keysForOutput: found an acm: (null)
Jan 15, 2015 6:21:38 PM org.ccnx.ccn.impl.repo.RepositoryFlowControl startWrite
INFORMAÇÕES: RepositoryFlowControl.startWrite called for name /ccnx.org/test/SyncTestRepo-15-01-15-18.20.23/ccnSyncTest/slice10/round29/randomFile/=FD054B82F62D23/%C1.META.M/.header/=FD054B82F62D5C, shape STREAM
Jan 15, 2015 6:21:38 PM org.ccnx.ccn.impl.sync.ProtocolBasedSyncMonitor handleContent
INFORMAÇÕES: Saw new content from sync: /ccnx.org/test/SyncTestRepo-15-01-15-18.20.23/topoPrefix/%C1.S.ra/x%E7U.=86853EF050D99AC7B6E19C29B7AECFA1B2568CAD74E733BCB2443F63/=12FE7E689D595577C0851B5C9B36C08DB3F84502401290DE59FF348E6B0A5F1272/=1302657D867E255E173DA433BCB43EF6AEFB1296C665803D7B481E25B7DB9DA4FC
Jan 15, 2015 6:21:38 PM org.ccnx.ccn.impl.repo.RepositoryFlowControl handleContent
INFORMAÇÕES: handleContent: got potential repo message: /ccnx.org/test/SyncTestRepo-15-01-15-18.20.23/ccnSyncTest/slice10/round29/randomFile/=FD054B82F62D23/%C1.META.M/.header/=FD054B82F62D5C/%C1.R.sw/%C1.N=00B2DCE5CDAE4DC119
Jan 15, 2015 6:21:38 PM org.ccnx.ccn.io.CCNOutputStream flushToNetwork
INFORMAÇÕES: flush: outputting to the segmenter, baseName /ccnx.org/test/SyncTestRepo-15-01-15-18.20.23/ccnSyncTest/slice10/round29/randomFile/=FD054B82F62D23/%C1.META.M/.header/=FD054B82F62D5C basenameindex =00; 66 bytes written, holding back 66 flushing final blocks? false.
Jan 15, 2015 6:21:38 PM org.ccnx.ccn.io.CCNOutputStream flushToNetwork
INFORMAÇÕES: HEADER: CCNOutputStream: flushToNetwork: new _baseNameIndex 0
Jan 15, 2015 6:21:38 PM org.ccnx.ccn.io.CCNOutputStream flushToNetwork
INFORMAÇÕES: flush: outputting to the segmenter, baseName /ccnx.org/test/SyncTestRepo-15-01-15-18.20.23/ccnSyncTest/slice10/round29/randomFile/=FD054B82F62D23/%C1.META.M/.header/=FD054B82F62D5C basenameindex =00; 66 bytes written, holding back 66 flushing final blocks? false.
Jan 15, 2015 6:21:38 PM org.ccnx.ccn.io.CCNOutputStream flushToNetwork
INFORMAÇÕES: HEADER: CCNOutputStream: flushToNetwork: new _baseNameIndex 0
Jan 15, 2015 6:21:38 PM org.ccnx.ccn.io.CCNOutputStream flushToNetwork
INFORMAÇÕES: flush: outputting to the segmenter, baseName /ccnx.org/test/SyncTestRepo-15-01-15-18.20.23/ccnSyncTest/slice10/round29/randomFile/=FD054B82F62D23/%C1.META.M/.header/=FD054B82F62D5C basenameindex =00; 66 bytes written, holding back 0 flushing final blocks? true.
Jan 15, 2015 6:21:38 PM org.ccnx.ccn.io.CCNOutputStream flushToNetwork
INFORMAÇÕES: HEADER: CCNOutputStream: flushToNetwork: new _baseNameIndex 1
Jan 15, 2015 6:21:38 PM org.ccnx.ccn.io.CCNOutputStream close
INFORMAÇÕES: CCNOutputStream close: /ccnx.org/test/SyncTestRepo-15-01-15-18.20.23/ccnSyncTest/slice10/round29/randomFile/=FD054B82F62D23/%C1.META.M/.header/=FD054B82F62D5C
Jan 15, 2015 6:21:38 PM org.ccnx.ccn.io.CCNOutputStream close
INFORMAÇÕES: CCNOutputStream close: /ccnx.org/test/SyncTestRepo-15-01-15-18.20.23/ccnSyncTest/slice10/round29/randomFile/=FD054B82F62D23
Jan 15, 2015 6:21:38 PM org.ccnx.ccn.profiles.sync.SyncTestCommon writeFile
INFORMAÇÕES: Wrote file to repository: /ccnx.org/test/SyncTestRepo-15-01-15-18.20.23/ccnSyncTest/slice10/round29/randomFile/=FD054B82F62D23 with 2 segments
Jan 15, 2015 6:21:38 PM org.ccnx.ccn.profiles.sync.SyncTestRepo checkCallbacks
DETALHADO: checking for callbacks:  /ccnx.org/test/SyncTestRepo-15-01-15-18.20.23/ccnSyncTest/slice10/round29 segments: 2
Jan 15, 2015 6:21:38 PM org.ccnx.ccn.impl.sync.SliceComparator run
DETALHADO: Starting comparator run - state is INIT, sc is org.ccnx.ccn.impl.sync.SliceComparator@ca0898b, this is the lead
Jan 15, 2015 6:21:38 PM org.ccnx.ccn.impl.encoding.BinaryXMLDecoder setElement
INFORMAÇÕES: Reset decode array sizes to 150
Jan 15, 2015 6:21:38 PM org.ccnx.ccn.io.content.SyncNodeComposite decodeLogging
O MAIS DETALHADO: decode node for =1302657D867E255E173DA433BCB43EF6AEFB1296C665803D7B481E25B7DB9DA4FC depth = 2 refs = 3
Jan 15, 2015 6:21:38 PM org.ccnx.ccn.io.content.SyncNodeComposite decodeLogging
O MAIS DETALHADO: min is 0, max is 0, expanded min is /ccnx.org/test/SyncTestRepo-15-01-15-18.20.23/ccnSyncTest/slice10/round11/randomFile/=FD054B82F588B4/=00/=862C3C8C527D6B204E7FCD4EAF121546BFBA9E26B978EC9010B0DB73EDD734F0, expanded max is /ccnx.org/test/SyncTestRepo-15-01-15-18.20.23/ccnSyncTest/slice10/randomFile/=FD054B82F53F79/%C1.META.M/.header/=FD054B82F53FB2/=00/=18F7ABCFFBD0912243186C9F3D6A45A3E28959A7EF8B922DD636A13DE75A55AC
Jan 15, 2015 6:21:38 PM org.ccnx.ccn.impl.sync.SliceComparator run
INFORMAÇÕES: Starting new round with X = =12FE7E689D595577C0851B5C9B36C08DB3F84502401290DE59FF348E6B0A5F1272 and Y = =1302657D867E255E173DA433BCB43EF6AEFB1296C665803D7B481E25B7DB9DA4FC
Jan 15, 2015 6:21:38 PM org.ccnx.ccn.impl.sync.ProtocolBasedSyncMonitor requestNode
DETALHADO: Requesting node for hash: /ccnx.org/test/SyncTestRepo-15-01-15-18.20.23/topoPrefix/%C1.S.nf/x%E7U.=86853EF050D99AC7B6E19C29B7AECFA1B2568CAD74E733BCB2443F63/%081p%F1l=A12A9B3F21DBEF19C0BA70C3AA814B0E76819588362B5B9990035E3D
Jan 15, 2015 6:21:38 PM org.ccnx.ccn.impl.sync.SliceComparator doComparison
O MAIS DETALHADO: Skipping covered subentry =05D95348B35DA1736365107BDACCCE484DA8B6A14DCCF3832B16DDA212E3B0C032
Jan 15, 2015 6:21:38 PM org.ccnx.ccn.impl.sync.SliceComparator doComparison
O MAIS DETALHADO: Skipping covered subentry =04F7A143667F594F74B6B7C8C826B63D9DA7DAAA6A220B24C7FB15280B67E9868D
Jan 15, 2015 6:21:38 PM org.ccnx.ccn.impl.sync.SliceComparator doComparison
O MAIS DETALHADO: Compare NODE =12FE7E689D595577C0851B5C9B36C08DB3F84502401290DE59FF348E6B0A5F1272 to NODE =1302657D867E255E173DA433BCB43EF6AEFB1296C665803D7B481E25B7DB9DA4FC
Jan 15, 2015 6:21:38 PM org.ccnx.ccn.impl.sync.SliceComparator doComparison
O MAIS DETALHADO: pos X is 0, pos Y is 2
Jan 15, 2015 6:21:38 PM org.ccnx.ccn.impl.sync.SliceComparator.NodeFetchHandler handleContent
DETALHADO: Saw data from nodefind: hash: %081p%F1l=A12A9B3F21DBEF19C0BA70C3AA814B0E76819588362B5B9990035E3D
Jan 15, 2015 6:21:38 PM org.ccnx.ccn.io.content.SyncNodeComposite decodeLogging
O MAIS DETALHADO: decode node for %081p%F1l=A12A9B3F21DBEF19C0BA70C3AA814B0E76819588362B5B9990035E3D depth = 1 refs = 19
Jan 15, 2015 6:21:38 PM org.ccnx.ccn.io.content.SyncNodeComposite decodeLogging
O MAIS DETALHADO: min is 0, max is 0, expanded min is /ccnx.org/test/SyncTestRepo-15-01-15-18.20.23/ccnSyncTest/slice10/round21/randomFile/=FD054B82F5E41D/=00/%81v=11100BD1950F5228760141B55709E0A91045B40720DAB0782DCC6F0256FF, expanded max is /ccnx.org/test/SyncTestRepo-15-01-15-18.20.23/ccnSyncTest/slice10/randomFile/=FD054B82F53F79/%C1.META.M/.header/=FD054B82F53FB2/=00/=18F7ABCFFBD0912243186C9F3D6A45A3E28959A7EF8B922DD636A13DE75A55AC
Jan 15, 2015 6:21:38 PM org.ccnx.ccn.impl.sync.SliceComparator doComparison
O MAIS DETALHADO: Pushing X entry =05D95348B35DA1736365107BDACCCE484DA8B6A14DCCF3832B16DDA212E3B0C032 and Y entry %081p%F1l=A12A9B3F21DBEF19C0BA70C3AA814B0E76819588362B5B9990035E3D
Jan 15, 2015 6:21:38 PM org.ccnx.ccn.impl.sync.SliceComparator doComparison
O MAIS DETALHADO: Compare LEAF =05D95348B35DA1736365107BDACCCE484DA8B6A14DCCF3832B16DDA212E3B0C032 to LEAF %081p%F1l=A12A9B3F21DBEF19C0BA70C3AA814B0E76819588362B5B9990035E3D
Jan 15, 2015 6:21:38 PM org.ccnx.ccn.impl.sync.SliceComparator doComparison
O MAIS DETALHADO: name X is 0, pos X is 0, name Y is 0, pos Y is 0 comp is -1
Jan 15, 2015 6:21:38 PM org.ccnx.ccn.impl.sync.SliceComparator doComparison
O MAIS DETALHADO: name X (expanded) is /ccnx.org/test/SyncTestRepo-15-01-15-18.20.23/ccnSyncTest/slice10/round11/randomFile/=FD054B82F588B4/=00/=862C3C8C527D6B204E7FCD4EAF121546BFBA9E26B978EC9010B0DB73EDD734F0, name Y (expanded) is /ccnx.org/test/SyncTestRepo-15-01-15-18.20.23/ccnSyncTest/slice10/round21/randomFile/=FD054B82F5E41D/=00/%81v=11100BD1950F5228760141B55709E0A91045B40720DAB0782DCC6F0256FF
Jan 15, 2015 6:21:38 PM org.ccnx.ccn.impl.sync.SliceComparator doComparison
O MAIS DETALHADO: Shortcut - popping X back to =12FE7E689D595577C0851B5C9B36C08DB3F84502401290DE59FF348E6B0A5F1272, pos 1
Jan 15, 2015 6:21:38 PM org.ccnx.ccn.impl.sync.SliceComparator doComparison
O MAIS DETALHADO: Compare NODE =12FE7E689D595577C0851B5C9B36C08DB3F84502401290DE59FF348E6B0A5F1272 to LEAF %081p%F1l=A12A9B3F21DBEF19C0BA70C3AA814B0E76819588362B5B9990035E3D, resMin is 1, resMax is -1
Jan 15, 2015 6:21:38 PM org.ccnx.ccn.impl.sync.SliceComparator doComparison
O MAIS DETALHADO: minname is 0, maxname is 0, pos X is 1, pos Y is 0
Jan 15, 2015 6:21:38 PM org.ccnx.ccn.impl.sync.SliceComparator doComparison
O MAIS DETALHADO: Compare LEAF =04F7A143667F594F74B6B7C8C826B63D9DA7DAAA6A220B24C7FB15280B67E9868D to LEAF %081p%F1l=A12A9B3F21DBEF19C0BA70C3AA814B0E76819588362B5B9990035E3D
Jan 15, 2015 6:21:38 PM org.ccnx.ccn.impl.sync.SliceComparator doComparison
O MAIS DETALHADO: name X is 0, pos X is 0, name Y is 0, pos Y is 0 comp is -1
Jan 15, 2015 6:21:38 PM org.ccnx.ccn.impl.sync.SliceComparator doComparison
O MAIS DETALHADO: name X (expanded) is /ccnx.org/test/SyncTestRepo-15-01-15-18.20.23/ccnSyncTest/slice10/round16/randomFile/=FD054B82F5B673/=00/pU=A6A22546186B9FAC4EB8A07C1FBB995F82DA30BC632446C0DCD7E521AAF7, name Y (expanded) is /ccnx.org/test/SyncTestRepo-15-01-15-18.20.23/ccnSyncTest/slice10/round21/randomFile/=FD054B82F5E41D/=00/%81v=11100BD1950F5228760141B55709E0A91045B40720DAB0782DCC6F0256FF
Jan 15, 2015 6:21:38 PM org.ccnx.ccn.impl.sync.SliceComparator doComparison
O MAIS DETALHADO: Shortcut - popping X back to =12FE7E689D595577C0851B5C9B36C08DB3F84502401290DE59FF348E6B0A5F1272, pos 2
Jan 15, 2015 6:21:38 PM org.ccnx.ccn.impl.sync.SliceComparator doComparison
O MAIS DETALHADO: Compare NODE =12FE7E689D595577C0851B5C9B36C08DB3F84502401290DE59FF348E6B0A5F1272 to LEAF %081p%F1l=A12A9B3F21DBEF19C0BA70C3AA814B0E76819588362B5B9990035E3D, resMin is 1, resMax is -1
Jan 15, 2015 6:21:38 PM org.ccnx.ccn.impl.sync.SliceComparator doComparison
O MAIS DETALHADO: minname is 0, maxname is 0, pos X is 2, pos Y is 0
Jan 15, 2015 6:21:38 PM org.ccnx.ccn.impl.sync.SliceComparator doComparison
O MAIS DETALHADO: Compare LEAF =052FA68000D9C2BF567BB6D369E2084346BFD9EC9E9D061F07A6F5E6673867CEB0 to LEAF %081p%F1l=A12A9B3F21DBEF19C0BA70C3AA814B0E76819588362B5B9990035E3D
Jan 15, 2015 6:21:38 PM org.ccnx.ccn.impl.sync.SliceComparator doComparison
O MAIS DETALHADO: name X is 0, pos X is 0, name Y is 0, pos Y is 0 comp is 0
Jan 15, 2015 6:21:38 PM org.ccnx.ccn.impl.sync.SliceComparator doComparison
O MAIS DETALHADO: name X (expanded) is /ccnx.org/test/SyncTestRepo-15-01-15-18.20.23/ccnSyncTest/slice10/round21/randomFile/=FD054B82F5E41D/=00/%81v=11100BD1950F5228760141B55709E0A91045B40720DAB0782DCC6F0256FF, name Y (expanded) is /ccnx.org/test/SyncTestRepo-15-01-15-18.20.23/ccnSyncTest/slice10/round21/randomFile/=FD054B82F5E41D/=00/%81v=11100BD1950F5228760141B55709E0A91045B40720DAB0782DCC6F0256FF
Jan 15, 2015 6:21:38 PM org.ccnx.ccn.impl.sync.SliceComparator doComparison
O MAIS DETALHADO: Compare LEAF =052FA68000D9C2BF567BB6D369E2084346BFD9EC9E9D061F07A6F5E6673867CEB0 to LEAF %081p%F1l=A12A9B3F21DBEF19C0BA70C3AA814B0E76819588362B5B9990035E3D
Jan 15, 2015 6:21:38 PM org.ccnx.ccn.impl.sync.SliceComparator doComparison
O MAIS DETALHADO: name X is 0, pos X is 1, name Y is 0, pos Y is 1 comp is 0
Jan 15, 2015 6:21:38 PM org.ccnx.ccn.impl.sync.SliceComparator doComparison
O MAIS DETALHADO: name X (expanded) is /ccnx.org/test/SyncTestRepo-15-01-15-18.20.23/ccnSyncTest/slice10/round21/randomFile/=FD054B82F5E41D/%C1.META.M/.header/=FD054B82F5E48B/=00/U=2BDDA4AFCB9BC8FBD9C3E9013EE52508639C0C2E623CE389011207E17837C6, name Y (expanded) is /ccnx.org/test/SyncTestRepo-15-01-15-18.20.23/ccnSyncTest/slice10/round21/randomFile/=FD054B82F5E41D/%C1.META.M/.header/=FD054B82F5E48B/=00/U=2BDDA4AFCB9BC8FBD9C3E9013EE52508639C0C2E623CE389011207E17837C6
Jan 15, 2015 6:21:38 PM org.ccnx.ccn.impl.sync.SliceComparator doComparison
O MAIS DETALHADO: Compare LEAF =052FA68000D9C2BF567BB6D369E2084346BFD9EC9E9D061F07A6F5E6673867CEB0 to LEAF %081p%F1l=A12A9B3F21DBEF19C0BA70C3AA814B0E76819588362B5B9990035E3D
Jan 15, 2015 6:21:38 PM org.ccnx.ccn.impl.sync.SliceComparator doComparison
O MAIS DETALHADO: name X is 0, pos X is 2, name Y is 0, pos Y is 2 comp is 0
Jan 15, 2015 6:21:38 PM org.ccnx.ccn.impl.sync.SliceComparator doComparison
O MAIS DETALHADO: name X (expanded) is /ccnx.org/test/SyncTestRepo-15-01-15-18.20.23/ccnSyncTest/slice10/round22/randomFile/=FD054B82F5ED0E/=00/y%B7o=E1FE885DC462C96E59D02F922A9D0639E4FCB2982B9CBB5A9E266EC3FF, name Y (expanded) is /ccnx.org/test/SyncTestRepo-15-01-15-18.20.23/ccnSyncTest/slice10/round22/randomFile/=FD054B82F5ED0E/=00/y%B7o=E1FE885DC462C96E59D02F922A9D0639E4FCB2982B9CBB5A9E266EC3FF
Jan 15, 2015 6:21:38 PM org.ccnx.ccn.impl.sync.SliceComparator doComparison
O MAIS DETALHADO: Compare LEAF =052FA68000D9C2BF567BB6D369E2084346BFD9EC9E9D061F07A6F5E6673867CEB0 to LEAF %081p%F1l=A12A9B3F21DBEF19C0BA70C3AA814B0E76819588362B5B9990035E3D
Jan 15, 2015 6:21:38 PM org.ccnx.ccn.impl.sync.SliceComparator doComparison
O MAIS DETALHADO: name X is 0, pos X is 3, name Y is 0, pos Y is 3 comp is 0
Jan 15, 2015 6:21:38 PM org.ccnx.ccn.impl.sync.SliceComparator doComparison
O MAIS DETALHADO: name X (expanded) is /ccnx.org/test/SyncTestRepo-15-01-15-18.20.23/ccnSyncTest/slice10/round22/randomFile/=FD054B82F5ED0E/%C1.META.M/.header/=FD054B82F5ED48/=00/=AF85132C57917D740BDC2F924FE603AE05A674D6BECF07105345134E4164E529, name Y (expanded) is /ccnx.org/test/SyncTestRepo-15-01-15-18.20.23/ccnSyncTest/slice10/round22/randomFile/=FD054B82F5ED0E/%C1.META.M/.header/=FD054B82F5ED48/=00/=AF85132C57917D740BDC2F924FE603AE05A674D6BECF07105345134E4164E529
Jan 15, 2015 6:21:38 PM org.ccnx.ccn.impl.sync.SliceComparator doComparison
O MAIS DETALHADO: Compare LEAF =052FA68000D9C2BF567BB6D369E2084346BFD9EC9E9D061F07A6F5E6673867CEB0 to LEAF %081p%F1l=A12A9B3F21DBEF19C0BA70C3AA814B0E76819588362B5B9990035E3D
Jan 15, 2015 6:21:38 PM org.ccnx.ccn.impl.sync.SliceComparator doComparison
O MAIS DETALHADO: name X is 0, pos X is 4, name Y is 0, pos Y is 4 comp is 0
Jan 15, 2015 6:21:38 PM org.ccnx.ccn.impl.sync.SliceComparator doComparison
O MAIS DETALHADO: name X (expanded) is /ccnx.org/test/SyncTestRepo-15-01-15-18.20.23/ccnSyncTest/slice10/round23/randomFile/=FD054B82F5F639/=00/=90913F0035EA159FEED7E50A50458B36DDE7918F5F7955C163CDA5C718B574B7, name Y (expanded) is /ccnx.org/test/SyncTestRepo-15-01-15-18.20.23/ccnSyncTest/slice10/round23/randomFile/=FD054B82F5F639/=00/=90913F0035EA159FEED7E50A50458B36DDE7918F5F7955C163CDA5C718B574B7
Jan 15, 2015 6:21:38 PM org.ccnx.ccn.impl.sync.SliceComparator doComparison
O MAIS DETALHADO: Compare LEAF =052FA68000D9C2BF567BB6D369E2084346BFD9EC9E9D061F07A6F5E6673867CEB0 to LEAF %081p%F1l=A12A9B3F21DBEF19C0BA70C3AA814B0E76819588362B5B9990035E3D
Jan 15, 2015 6:21:38 PM org.ccnx.ccn.impl.sync.SliceComparator doComparison
O MAIS DETALHADO: name X is 0, pos X is 5, name Y is 0, pos Y is 5 comp is 0
Jan 15, 2015 6:21:38 PM org.ccnx.ccn.impl.sync.SliceComparator doComparison
O MAIS DETALHADO: name X (expanded) is /ccnx.org/test/SyncTestRepo-15-01-15-18.20.23/ccnSyncTest/slice10/round23/randomFile/=FD054B82F5F639/%C1.META.M/.header/=FD054B82F5F67B/=00/2=21E841E2E9D639FFEA27D95B6AAFD229074D9972A4373B9076301ED559F9C4, name Y (expanded) is /ccnx.org/test/SyncTestRepo-15-01-15-18.20.23/ccnSyncTest/slice10/round23/randomFile/=FD054B82F5F639/%C1.META.M/.header/=FD054B82F5F67B/=00/2=21E841E2E9D639FFEA27D95B6AAFD229074D9972A4373B9076301ED559F9C4
Jan 15, 2015 6:21:38 PM org.ccnx.ccn.impl.sync.SliceComparator doComparison
O MAIS DETALHADO: Compare LEAF =052FA68000D9C2BF567BB6D369E2084346BFD9EC9E9D061F07A6F5E6673867CEB0 to LEAF %081p%F1l=A12A9B3F21DBEF19C0BA70C3AA814B0E76819588362B5B9990035E3D
Jan 15, 2015 6:21:38 PM org.ccnx.ccn.impl.sync.SliceComparator doComparison
O MAIS DETALHADO: name X is 0, pos X is 6, name Y is 0, pos Y is 6 comp is 0
Jan 15, 2015 6:21:38 PM org.ccnx.ccn.impl.sync.SliceComparator doComparison
O MAIS DETALHADO: name X (expanded) is /ccnx.org/test/SyncTestRepo-15-01-15-18.20.23/ccnSyncTest/slice10/round24/randomFile/=FD054B82F5FF64/=00/=EAE3BE028BED84466DD9599174AEF02EF195603635C62DBC39ABA1C11E44AF4A, name Y (expanded) is /ccnx.org/test/SyncTestRepo-15-01-15-18.20.23/ccnSyncTest/slice10/round24/randomFile/=FD054B82F5FF64/=00/=EAE3BE028BED84466DD9599174AEF02EF195603635C62DBC39ABA1C11E44AF4A
Jan 15, 2015 6:21:38 PM org.ccnx.ccn.impl.sync.SliceComparator doComparison
O MAIS DETALHADO: Compare LEAF =052FA68000D9C2BF567BB6D369E2084346BFD9EC9E9D061F07A6F5E6673867CEB0 to LEAF %081p%F1l=A12A9B3F21DBEF19C0BA70C3AA814B0E76819588362B5B9990035E3D
Jan 15, 2015 6:21:38 PM org.ccnx.ccn.impl.sync.SliceComparator doComparison
O MAIS DETALHADO: name X is 0, pos X is 7, name Y is 0, pos Y is 7 comp is 0
Jan 15, 2015 6:21:38 PM org.ccnx.ccn.impl.sync.SliceComparator doComparison
O MAIS DETALHADO: name X (expanded) is /ccnx.org/test/SyncTestRepo-15-01-15-18.20.23/ccnSyncTest/slice10/round24/randomFile/=FD054B82F5FF64/%C1.META.M/.header/=FD054B82F5FF9E/=00/%2Bm=D83EF551DEE8EC94F85B410AD90D67F6D717E07E74BEFC7F25CF69C0A77D, name Y (expanded) is /ccnx.org/test/SyncTestRepo-15-01-15-18.20.23/ccnSyncTest/slice10/round24/randomFile/=FD054B82F5FF64/%C1.META.M/.header/=FD054B82F5FF9E/=00/%2Bm=D83EF551DEE8EC94F85B410AD90D67F6D717E07E74BEFC7F25CF69C0A77D
Jan 15, 2015 6:21:38 PM org.ccnx.ccn.impl.sync.SliceComparator doComparison
O MAIS DETALHADO: Compare LEAF =052FA68000D9C2BF567BB6D369E2084346BFD9EC9E9D061F07A6F5E6673867CEB0 to LEAF %081p%F1l=A12A9B3F21DBEF19C0BA70C3AA814B0E76819588362B5B9990035E3D
Jan 15, 2015 6:21:38 PM org.ccnx.ccn.impl.sync.SliceComparator doComparison
O MAIS DETALHADO: name X is 0, pos X is 8, name Y is 0, pos Y is 8 comp is 0
Jan 15, 2015 6:21:38 PM org.ccnx.ccn.impl.sync.SliceComparator doComparison
O MAIS DETALHADO: name X (expanded) is /ccnx.org/test/SyncTestRepo-15-01-15-18.20.23/ccnSyncTest/slice10/round25/randomFile/=FD054B82F60887/=00/=D401258329B8D5F501388F7775E35E1196A2B7D8DD50C6549F804F87D7CCE5E4, name Y (expanded) is /ccnx.org/test/SyncTestRepo-15-01-15-18.20.23/ccnSyncTest/slice10/round25/randomFile/=FD054B82F60887/=00/=D401258329B8D5F501388F7775E35E1196A2B7D8DD50C6549F804F87D7CCE5E4
Jan 15, 2015 6:21:38 PM org.ccnx.ccn.impl.sync.SliceComparator doComparison
O MAIS DETALHADO: Compare LEAF =052FA68000D9C2BF567BB6D369E2084346BFD9EC9E9D061F07A6F5E6673867CEB0 to LEAF %081p%F1l=A12A9B3F21DBEF19C0BA70C3AA814B0E76819588362B5B9990035E3D
Jan 15, 2015 6:21:38 PM org.ccnx.ccn.impl.sync.SliceComparator doComparison
O MAIS DETALHADO: name X is 0, pos X is 9, name Y is 0, pos Y is 9 comp is 0
Jan 15, 2015 6:21:38 PM org.ccnx.ccn.impl.sync.SliceComparator doComparison
O MAIS DETALHADO: name X (expanded) is /ccnx.org/test/SyncTestRepo-15-01-15-18.20.23/ccnSyncTest/slice10/round25/randomFile/=FD054B82F60887/%C1.META.M/.header/=FD054B82F608C5/=00/=82C22B37043F8E4774A60D4BA7B10EE83D02C34139682C40B38D4BA83237EB9D, name Y (expanded) is /ccnx.org/test/SyncTestRepo-15-01-15-18.20.23/ccnSyncTest/slice10/round25/randomFile/=FD054B82F60887/%C1.META.M/.header/=FD054B82F608C5/=00/=82C22B37043F8E4774A60D4BA7B10EE83D02C34139682C40B38D4BA83237EB9D
Jan 15, 2015 6:21:38 PM org.ccnx.ccn.impl.sync.SliceComparator doComparison
O MAIS DETALHADO: Compare NODE =12FE7E689D595577C0851B5C9B36C08DB3F84502401290DE59FF348E6B0A5F1272 to LEAF %081p%F1l=A12A9B3F21DBEF19C0BA70C3AA814B0E76819588362B5B9990035E3D, resMin is 1, resMax is -1
Jan 15, 2015 6:21:38 PM org.ccnx.ccn.impl.sync.SliceComparator doComparison
O MAIS DETALHADO: minname is 0, maxname is 0, pos X is 3, pos Y is 10
Jan 15, 2015 6:21:38 PM org.ccnx.ccn.impl.sync.SliceComparator doComparison
O MAIS DETALHADO: Compare LEAF =02FDE35C82A297F591ED9C448E6133C481E7D9C9E9868C175F464BDDE5865CFD03 to LEAF %081p%F1l=A12A9B3F21DBEF19C0BA70C3AA814B0E76819588362B5B9990035E3D
Jan 15, 2015 6:21:38 PM org.ccnx.ccn.impl.sync.SliceComparator doComparison
O MAIS DETALHADO: name X is 0, pos X is 0, name Y is 0, pos Y is 10 comp is 0
Jan 15, 2015 6:21:38 PM org.ccnx.ccn.impl.sync.SliceComparator doComparison
O MAIS DETALHADO: name X (expanded) is /ccnx.org/test/SyncTestRepo-15-01-15-18.20.23/ccnSyncTest/slice10/round26/randomFile/=FD054B82F611AE/=00/=A59ED751E0429923E44E0411791301D0EAD05D219F65D4C0877CB9C9BAE5F22C, name Y (expanded) is /ccnx.org/test/SyncTestRepo-15-01-15-18.20.23/ccnSyncTest/slice10/round26/randomFile/=FD054B82F611AE/=00/=A59ED751E0429923E44E0411791301D0EAD05D219F65D4C0877CB9C9BAE5F22C
Jan 15, 2015 6:21:38 PM org.ccnx.ccn.impl.sync.SliceComparator doComparison
O MAIS DETALHADO: Compare LEAF =02FDE35C82A297F591ED9C448E6133C481E7D9C9E9868C175F464BDDE5865CFD03 to LEAF %081p%F1l=A12A9B3F21DBEF19C0BA70C3AA814B0E76819588362B5B9990035E3D
Jan 15, 2015 6:21:38 PM org.ccnx.ccn.impl.sync.SliceComparator doComparison
O MAIS DETALHADO: name X is 0, pos X is 1, name Y is 0, pos Y is 11 comp is 0
Jan 15, 2015 6:21:38 PM org.ccnx.ccn.impl.sync.SliceComparator doComparison
O MAIS DETALHADO: name X (expanded) is /ccnx.org/test/SyncTestRepo-15-01-15-18.20.23/ccnSyncTest/slice10/round26/randomFile/=FD054B82F611AE/%C1.META.M/.header/=FD054B82F611E7/=00/=9EBAE60D54D897D77C833F45C156C812656F54B751CB2BA418FC204F097E20FD, name Y (expanded) is /ccnx.org/test/SyncTestRepo-15-01-15-18.20.23/ccnSyncTest/slice10/round26/randomFile/=FD054B82F611AE/%C1.META.M/.header/=FD054B82F611E7/=00/=9EBAE60D54D897D77C833F45C156C812656F54B751CB2BA418FC204F097E20FD
Jan 15, 2015 6:21:38 PM org.ccnx.ccn.impl.sync.SliceComparator doComparison
O MAIS DETALHADO: Compare LEAF =02FDE35C82A297F591ED9C448E6133C481E7D9C9E9868C175F464BDDE5865CFD03 to LEAF %081p%F1l=A12A9B3F21DBEF19C0BA70C3AA814B0E76819588362B5B9990035E3D
Jan 15, 2015 6:21:38 PM org.ccnx.ccn.impl.sync.SliceComparator doComparison
O MAIS DETALHADO: name X is 0, pos X is 2, name Y is 0, pos Y is 12 comp is 0
Jan 15, 2015 6:21:38 PM org.ccnx.ccn.impl.sync.SliceComparator doComparison
O MAIS DETALHADO: name X (expanded) is /ccnx.org/test/SyncTestRepo-15-01-15-18.20.23/ccnSyncTest/slice10/round27/randomFile/=FD054B82F61ADD/=00/-=8DD4FE13275029C1DBB2816F77D6FA6E6A2158729CC8A05E0A94EECE41F4C4, name Y (expanded) is /ccnx.org/test/SyncTestRepo-15-01-15-18.20.23/ccnSyncTest/slice10/round27/randomFile/=FD054B82F61ADD/=00/-=8DD4FE13275029C1DBB2816F77D6FA6E6A2158729CC8A05E0A94EECE41F4C4
Jan 15, 2015 6:21:38 PM org.ccnx.ccn.impl.sync.SliceComparator doComparison
O MAIS DETALHADO: Compare LEAF =02FDE35C82A297F591ED9C448E6133C481E7D9C9E9868C175F464BDDE5865CFD03 to LEAF %081p%F1l=A12A9B3F21DBEF19C0BA70C3AA814B0E76819588362B5B9990035E3D
Jan 15, 2015 6:21:38 PM org.ccnx.ccn.impl.sync.SliceComparator doComparison
O MAIS DETALHADO: name X is 0, pos X is 3, name Y is 0, pos Y is 13 comp is 0
Jan 15, 2015 6:21:38 PM org.ccnx.ccn.impl.sync.SliceComparator doComparison
O MAIS DETALHADO: name X (expanded) is /ccnx.org/test/SyncTestRepo-15-01-15-18.20.23/ccnSyncTest/slice10/round27/randomFile/=FD054B82F61ADD/%C1.META.M/.header/=FD054B82F61B1B/=00/%1Cb=9B885FE399DA7CACD8BC9E70709162569C81FE27BFE130CFFF30A9C26E97, name Y (expanded) is /ccnx.org/test/SyncTestRepo-15-01-15-18.20.23/ccnSyncTest/slice10/round27/randomFile/=FD054B82F61ADD/%C1.META.M/.header/=FD054B82F61B1B/=00/%1Cb=9B885FE399DA7CACD8BC9E70709162569C81FE27BFE130CFFF30A9C26E97
Jan 15, 2015 6:21:38 PM org.ccnx.ccn.impl.sync.SliceComparator doComparison
O MAIS DETALHADO: Compare LEAF =02FDE35C82A297F591ED9C448E6133C481E7D9C9E9868C175F464BDDE5865CFD03 to LEAF %081p%F1l=A12A9B3F21DBEF19C0BA70C3AA814B0E76819588362B5B9990035E3D
Jan 15, 2015 6:21:38 PM org.ccnx.ccn.impl.sync.SliceComparator doComparison
O MAIS DETALHADO: name X is 0, pos X is 4, name Y is 0, pos Y is 14 comp is 0
Jan 15, 2015 6:21:38 PM org.ccnx.ccn.impl.sync.SliceComparator doComparison
O MAIS DETALHADO: name X (expanded) is /ccnx.org/test/SyncTestRepo-15-01-15-18.20.23/ccnSyncTest/slice10/round28/randomFile/=FD054B82F62400/=00/=DF1EE0EB7C07C0545762A11F61243819C7197462A801936587E57454752CE720, name Y (expanded) is /ccnx.org/test/SyncTestRepo-15-01-15-18.20.23/ccnSyncTest/slice10/round28/randomFile/=FD054B82F62400/=00/=DF1EE0EB7C07C0545762A11F61243819C7197462A801936587E57454752CE720
Jan 15, 2015 6:21:38 PM org.ccnx.ccn.impl.sync.SliceComparator doComparison
O MAIS DETALHADO: Compare LEAF =02FDE35C82A297F591ED9C448E6133C481E7D9C9E9868C175F464BDDE5865CFD03 to LEAF %081p%F1l=A12A9B3F21DBEF19C0BA70C3AA814B0E76819588362B5B9990035E3D
Jan 15, 2015 6:21:38 PM org.ccnx.ccn.impl.sync.SliceComparator doComparison
O MAIS DETALHADO: name X is 0, pos X is 5, name Y is 0, pos Y is 15 comp is 0
Jan 15, 2015 6:21:38 PM org.ccnx.ccn.impl.sync.SliceComparator doComparison
O MAIS DETALHADO: name X (expanded) is /ccnx.org/test/SyncTestRepo-15-01-15-18.20.23/ccnSyncTest/slice10/round28/randomFile/=FD054B82F62400/%C1.META.M/.header/=FD054B82F62435/=00/=3AC3F1B952B25C43BBF861A434FEA1B34EE73DE2FDC2D5CC358E49C29DA78430, name Y (expanded) is /ccnx.org/test/SyncTestRepo-15-01-15-18.20.23/ccnSyncTest/slice10/round28/randomFile/=FD054B82F62400/%C1.META.M/.header/=FD054B82F62435/=00/=3AC3F1B952B25C43BBF861A434FEA1B34EE73DE2FDC2D5CC358E49C29DA78430
Jan 15, 2015 6:21:38 PM org.ccnx.ccn.impl.sync.SliceComparator doComparison
O MAIS DETALHADO: Compare LEAF =02FDE35C82A297F591ED9C448E6133C481E7D9C9E9868C175F464BDDE5865CFD03 to LEAF %081p%F1l=A12A9B3F21DBEF19C0BA70C3AA814B0E76819588362B5B9990035E3D
Jan 15, 2015 6:21:38 PM org.ccnx.ccn.impl.sync.SliceComparator doComparison
O MAIS DETALHADO: name X is 0, pos X is 6, name Y is 0, pos Y is 16 comp is 1
Jan 15, 2015 6:21:38 PM org.ccnx.ccn.impl.sync.SliceComparator doComparison
O MAIS DETALHADO: name X (expanded) is /ccnx.org/test/SyncTestRepo-15-01-15-18.20.23/ccnSyncTest/slice10/randomFile/=FD054B82F53F79/=00/=3CBEB0282FE72CD7F7CF0696455493A1CE4F4E488F469319834E10584FC5C583, name Y (expanded) is /ccnx.org/test/SyncTestRepo-15-01-15-18.20.23/ccnSyncTest/slice10/round29/randomFile/=FD054B82F62D23/=00/=03E714E924CFE656B888D7217D7E68FB02CD948652EF5F2148E9974CD13E928A
Jan 15, 2015 6:21:38 PM org.ccnx.ccn.profiles.sync.SyncTestRepo doHandleContentName
INFORMAÇÕES: Number 1: Callback for name: /ccnx.org/test/SyncTestRepo-15-01-15-18.20.23/ccnSyncTest/slice10/round29/randomFile/=FD054B82F62D23/=00 - number is 0
Jan 15, 2015 6:21:38 PM org.ccnx.ccn.impl.sync.SliceComparator doComparison
O MAIS DETALHADO: Compare LEAF =02FDE35C82A297F591ED9C448E6133C481E7D9C9E9868C175F464BDDE5865CFD03 to LEAF %081p%F1l=A12A9B3F21DBEF19C0BA70C3AA814B0E76819588362B5B9990035E3D
Jan 15, 2015 6:21:38 PM org.ccnx.ccn.impl.sync.SliceComparator doComparison
O MAIS DETALHADO: name X is 0, pos X is 6, name Y is 0, pos Y is 17 comp is 0
Jan 15, 2015 6:21:38 PM org.ccnx.ccn.impl.sync.SliceComparator doComparison
O MAIS DETALHADO: name X (expanded) is /ccnx.org/test/SyncTestRepo-15-01-15-18.20.23/ccnSyncTest/slice10/randomFile/=FD054B82F53F79/=00/=3CBEB0282FE72CD7F7CF0696455493A1CE4F4E488F469319834E10584FC5C583, name Y (expanded) is /ccnx.org/test/SyncTestRepo-15-01-15-18.20.23/ccnSyncTest/slice10/randomFile/=FD054B82F53F79/=00/=3CBEB0282FE72CD7F7CF0696455493A1CE4F4E488F469319834E10584FC5C583
Jan 15, 2015 6:21:38 PM org.ccnx.ccn.impl.sync.SliceComparator doComparison
O MAIS DETALHADO: Compare LEAF =02FDE35C82A297F591ED9C448E6133C481E7D9C9E9868C175F464BDDE5865CFD03 to LEAF %081p%F1l=A12A9B3F21DBEF19C0BA70C3AA814B0E76819588362B5B9990035E3D
Jan 15, 2015 6:21:38 PM org.ccnx.ccn.impl.sync.SliceComparator doComparison
O MAIS DETALHADO: name X is 0, pos X is 7, name Y is 0, pos Y is 18 comp is 0
Jan 15, 2015 6:21:38 PM org.ccnx.ccn.impl.sync.SliceComparator doComparison
O MAIS DETALHADO: name X (expanded) is /ccnx.org/test/SyncTestRepo-15-01-15-18.20.23/ccnSyncTest/slice10/randomFile/=FD054B82F53F79/%C1.META.M/.header/=FD054B82F53FB2/=00/=18F7ABCFFBD0912243186C9F3D6A45A3E28959A7EF8B922DD636A13DE75A55AC, name Y (expanded) is /ccnx.org/test/SyncTestRepo-15-01-15-18.20.23/ccnSyncTest/slice10/randomFile/=FD054B82F53F79/%C1.META.M/.header/=FD054B82F53FB2/=00/=18F7ABCFFBD0912243186C9F3D6A45A3E28959A7EF8B922DD636A13DE75A55AC
Jan 15, 2015 6:21:38 PM org.ccnx.ccn.impl.sync.SliceComparator updateCurrent
O MAIS DETALHADO: Starting update from hash =12FE7E689D595577C0851B5C9B36C08DB3F84502401290DE59FF348E6B0A5F1272
Jan 15, 2015 6:21:38 PM org.ccnx.ccn.impl.sync.SliceComparator updateCurrent
O MAIS DETALHADO: Update compare - moving to: =05D95348B35DA1736365107BDACCCE484DA8B6A14DCCF3832B16DDA212E3B0C032
Jan 15, 2015 6:21:38 PM org.ccnx.ccn.impl.sync.SliceComparator updateCurrent
O MAIS DETALHADO: Shortcut in update - popping back to =12FE7E689D595577C0851B5C9B36C08DB3F84502401290DE59FF348E6B0A5F1272, pos 1
Jan 15, 2015 6:21:38 PM org.ccnx.ccn.impl.sync.SliceComparator updateCurrent
O MAIS DETALHADO: Update compare - moving to: =04F7A143667F594F74B6B7C8C826B63D9DA7DAAA6A220B24C7FB15280B67E9868D
Jan 15, 2015 6:21:38 PM org.ccnx.ccn.impl.sync.SliceComparator updateCurrent
O MAIS DETALHADO: Shortcut in update - popping back to =12FE7E689D595577C0851B5C9B36C08DB3F84502401290DE59FF348E6B0A5F1272, pos 2
Jan 15, 2015 6:21:38 PM org.ccnx.ccn.impl.sync.SliceComparator updateCurrent
O MAIS DETALHADO: Update compare - moving to: =052FA68000D9C2BF567BB6D369E2084346BFD9EC9E9D061F07A6F5E6673867CEB0
Jan 15, 2015 6:21:38 PM org.ccnx.ccn.impl.sync.SliceComparator updateCurrent
O MAIS DETALHADO: Shortcut in update - popping back to =12FE7E689D595577C0851B5C9B36C08DB3F84502401290DE59FF348E6B0A5F1272, pos 3
Jan 15, 2015 6:21:38 PM org.ccnx.ccn.impl.sync.SliceComparator updateCurrent
O MAIS DETALHADO: Update compare - moving to: =02FDE35C82A297F591ED9C448E6133C481E7D9C9E9868C175F464BDDE5865CFD03
Jan 15, 2015 6:21:38 PM org.ccnx.ccn.impl.sync.SliceComparator updateCurrent
O MAIS DETALHADO: Update compare: name from tree (expanded) is /ccnx.org/test/SyncTestRepo-15-01-15-18.20.23/ccnSyncTest/slice10/round26/randomFile/=FD054B82F611AE/=00/=A59ED751E0429923E44E0411791301D0EAD05D219F65D4C0877CB9C9BAE5F22C, name  is /ccnx.org/test/SyncTestRepo-15-01-15-18.20.23/ccnSyncTest/slice10/round29/randomFile/=FD054B82F62D23/=00/=03E714E924CFE656B888D7217D7E68FB02CD948652EF5F2148E9974CD13E928A, comp is -1
Jan 15, 2015 6:21:38 PM org.ccnx.ccn.impl.sync.SliceComparator updateCurrent
O MAIS DETALHADO: Update compare: name from tree (expanded) is /ccnx.org/test/SyncTestRepo-15-01-15-18.20.23/ccnSyncTest/slice10/round26/randomFile/=FD054B82F611AE/%C1.META.M/.header/=FD054B82F611E7/=00/=9EBAE60D54D897D77C833F45C156C812656F54B751CB2BA418FC204F097E20FD, name  is /ccnx.org/test/SyncTestRepo-15-01-15-18.20.23/ccnSyncTest/slice10/round29/randomFile/=FD054B82F62D23/=00/=03E714E924CFE656B888D7217D7E68FB02CD948652EF5F2148E9974CD13E928A, comp is -1
Jan 15, 2015 6:21:38 PM org.ccnx.ccn.impl.sync.SliceComparator updateCurrent
O MAIS DETALHADO: Update compare: name from tree (expanded) is /ccnx.org/test/SyncTestRepo-15-01-15-18.20.23/ccnSyncTest/slice10/round27/randomFile/=FD054B82F61ADD/=00/-=8DD4FE13275029C1DBB2816F77D6FA6E6A2158729CC8A05E0A94EECE41F4C4, name  is /ccnx.org/test/SyncTestRepo-15-01-15-18.20.23/ccnSyncTest/slice10/round29/randomFile/=FD054B82F62D23/=00/=03E714E924CFE656B888D7217D7E68FB02CD948652EF5F2148E9974CD13E928A, comp is -1
Jan 15, 2015 6:21:38 PM org.ccnx.ccn.impl.sync.SliceComparator updateCurrent
O MAIS DETALHADO: Update compare: name from tree (expanded) is /ccnx.org/test/SyncTestRepo-15-01-15-18.20.23/ccnSyncTest/slice10/round27/randomFile/=FD054B82F61ADD/%C1.META.M/.header/=FD054B82F61B1B/=00/%1Cb=9B885FE399DA7CACD8BC9E70709162569C81FE27BFE130CFFF30A9C26E97, name  is /ccnx.org/test/SyncTestRepo-15-01-15-18.20.23/ccnSyncTest/slice10/round29/randomFile/=FD054B82F62D23/=00/=03E714E924CFE656B888D7217D7E68FB02CD948652EF5F2148E9974CD13E928A, comp is -1
Jan 15, 2015 6:21:38 PM org.ccnx.ccn.impl.sync.SliceComparator updateCurrent
O MAIS DETALHADO: Update compare: name from tree (expanded) is /ccnx.org/test/SyncTestRepo-15-01-15-18.20.23/ccnSyncTest/slice10/round28/randomFile/=FD054B82F62400/=00/=DF1EE0EB7C07C0545762A11F61243819C7197462A801936587E57454752CE720, name  is /ccnx.org/test/SyncTestRepo-15-01-15-18.20.23/ccnSyncTest/slice10/round29/randomFile/=FD054B82F62D23/=00/=03E714E924CFE656B888D7217D7E68FB02CD948652EF5F2148E9974CD13E928A, comp is -1
Jan 15, 2015 6:21:38 PM org.ccnx.ccn.impl.sync.SliceComparator updateCurrent
O MAIS DETALHADO: Update compare: name from tree (expanded) is /ccnx.org/test/SyncTestRepo-15-01-15-18.20.23/ccnSyncTest/slice10/round28/randomFile/=FD054B82F62400/%C1.META.M/.header/=FD054B82F62435/=00/=3AC3F1B952B25C43BBF861A434FEA1B34EE73DE2FDC2D5CC358E49C29DA78430, name  is /ccnx.org/test/SyncTestRepo-15-01-15-18.20.23/ccnSyncTest/slice10/round29/randomFile/=FD054B82F62D23/=00/=03E714E924CFE656B888D7217D7E68FB02CD948652EF5F2148E9974CD13E928A, comp is -1
Jan 15, 2015 6:21:38 PM org.ccnx.ccn.impl.sync.SliceComparator updateCurrent
O MAIS DETALHADO: Update compare: name from tree (expanded) is /ccnx.org/test/SyncTestRepo-15-01-15-18.20.23/ccnSyncTest/slice10/randomFile/=FD054B82F53F79/=00/=3CBEB0282FE72CD7F7CF0696455493A1CE4F4E488F469319834E10584FC5C583, name  is /ccnx.org/test/SyncTestRepo-15-01-15-18.20.23/ccnSyncTest/slice10/round29/randomFile/=FD054B82F62D23/=00/=03E714E924CFE656B888D7217D7E68FB02CD948652EF5F2148E9974CD13E928A, comp is 1
Jan 15, 2015 6:21:38 PM org.ccnx.ccn.impl.sync.SliceComparator updateCurrent
O MAIS DETALHADO: Update: starting redo of names because of /ccnx.org/test/SyncTestRepo-15-01-15-18.20.23/ccnSyncTest/slice10/round29/randomFile/=FD054B82F62D23/=00/=03E714E924CFE656B888D7217D7E68FB02CD948652EF5F2148E9974CD13E928A at /ccnx.org/test/SyncTestRepo-15-01-15-18.20.23/ccnSyncTest/slice10/round26/randomFile/=FD054B82F611AE/=00/=A59ED751E0429923E44E0411791301D0EAD05D219F65D4C0877CB9C9BAE5F22C
Jan 15, 2015 6:21:38 PM org.ccnx.ccn.io.content.SyncNodeComposite decodeLogging
O MAIS DETALHADO: decode node for =0301CA716BC767DBE8A6251BAFDEB22D7CEAA75E6FD97B76808F357532579B8F8D depth = 1 refs = 9
Jan 15, 2015 6:21:38 PM org.ccnx.ccn.io.content.SyncNodeComposite decodeLogging
O MAIS DETALHADO: min is 0, max is 0, expanded min is /ccnx.org/test/SyncTestRepo-15-01-15-18.20.23/ccnSyncTest/slice10/round26/randomFile/=FD054B82F611AE/=00/=A59ED751E0429923E44E0411791301D0EAD05D219F65D4C0877CB9C9BAE5F22C, expanded max is /ccnx.org/test/SyncTestRepo-15-01-15-18.20.23/ccnSyncTest/slice10/randomFile/=FD054B82F53F79/%C1.META.M/.header/=FD054B82F53FB2/=00/=18F7ABCFFBD0912243186C9F3D6A45A3E28959A7EF8B922DD636A13DE75A55AC
Jan 15, 2015 6:21:38 PM org.ccnx.ccn.impl.sync.SyncTreeEntry <init>
O MAIS DETALHADO: Found existing node: =1302657D867E255E173DA433BCB43EF6AEFB1296C665803D7B481E25B7DB9DA4FC
Jan 15, 2015 6:21:38 PM org.ccnx.ccn.io.content.SyncNodeComposite decodeLogging
O MAIS DETALHADO: decode node for =1302657D867E255E173DA433BCB43EF6AEFB1296C665803D7B481E25B7DB9DA4FC depth = 2 refs = 4
Jan 15, 2015 6:21:38 PM org.ccnx.ccn.io.content.SyncNodeComposite decodeLogging
O MAIS DETALHADO: min is 0, max is 0, expanded min is /ccnx.org/test/SyncTestRepo-15-01-15-18.20.23/ccnSyncTest/slice10/round11/randomFile/=FD054B82F588B4/=00/=862C3C8C527D6B204E7FCD4EAF121546BFBA9E26B978EC9010B0DB73EDD734F0, expanded max is /ccnx.org/test/SyncTestRepo-15-01-15-18.20.23/ccnSyncTest/slice10/randomFile/=FD054B82F53F79/%C1.META.M/.header/=FD054B82F53FB2/=00/=18F7ABCFFBD0912243186C9F3D6A45A3E28959A7EF8B922DD636A13DE75A55AC
Jan 15, 2015 6:21:38 PM org.ccnx.ccn.impl.sync.NodeBuilder createHeadRecursive
O MAIS DETALHADO: Creating new compound node - with first element =05D95348B35DA1736365107BDACCCE484DA8B6A14DCCF3832B16DDA212E3B0C032 and last element =0301CA716BC767DBE8A6251BAFDEB22D7CEAA75E6FD97B76808F357532579B8F8D
Jan 15, 2015 6:21:38 PM org.ccnx.ccn.impl.sync.SliceComparator updateCurrent
INFORMAÇÕES: Resetting current to created head: =1302657D867E255E173DA433BCB43EF6AEFB1296C665803D7B481E25B7DB9DA4FC
Jan 15, 2015 6:21:39 PM org.ccnx.ccn.impl.sync.ProtocolBasedSyncMonitor handleContent
INFORMAÇÕES: Saw new content from sync: /ccnx.org/test/SyncTestRepo-15-01-15-18.20.23/topoPrefix/%C1.S.ra/x%E7U.=86853EF050D99AC7B6E19C29B7AECFA1B2568CAD74E733BCB2443F63/=1302657D867E255E173DA433BCB43EF6AEFB1296C665803D7B481E25B7DB9DA4FC/%139=F702DD6CCF102C7E9438018921FEDD875B121A9CF2B538D550508B32048E62
Jan 15, 2015 6:21:39 PM org.ccnx.ccn.impl.sync.SliceComparator run
DETALHADO: Starting comparator run - state is INIT, sc is org.ccnx.ccn.impl.sync.SliceComparator@ca0898b, this is the lead
Jan 15, 2015 6:21:39 PM org.ccnx.ccn.impl.encoding.BinaryXMLDecoder setElement
INFORMAÇÕES: Reset decode array sizes to 150
Jan 15, 2015 6:21:39 PM org.ccnx.ccn.io.content.SyncNodeComposite decodeLogging
O MAIS DETALHADO: decode node for %139=F702DD6CCF102C7E9438018921FEDD875B121A9CF2B538D550508B32048E62 depth = 2 refs = 3
Jan 15, 2015 6:21:39 PM org.ccnx.ccn.io.content.SyncNodeComposite decodeLogging
O MAIS DETALHADO: min is 0, max is 0, expanded min is /ccnx.org/test/SyncTestRepo-15-01-15-18.20.23/ccnSyncTest/slice10/round11/randomFile/=FD054B82F588B4/=00/=862C3C8C527D6B204E7FCD4EAF121546BFBA9E26B978EC9010B0DB73EDD734F0, expanded max is /ccnx.org/test/SyncTestRepo-15-01-15-18.20.23/ccnSyncTest/slice10/randomFile/=FD054B82F53F79/%C1.META.M/.header/=FD054B82F53FB2/=00/=18F7ABCFFBD0912243186C9F3D6A45A3E28959A7EF8B922DD636A13DE75A55AC
Jan 15, 2015 6:21:39 PM org.ccnx.ccn.impl.sync.SliceComparator run
INFORMAÇÕES: Starting new round with X = =1302657D867E255E173DA433BCB43EF6AEFB1296C665803D7B481E25B7DB9DA4FC and Y = %139=F702DD6CCF102C7E9438018921FEDD875B121A9CF2B538D550508B32048E62
Jan 15, 2015 6:21:39 PM org.ccnx.ccn.impl.sync.ProtocolBasedSyncMonitor requestNode
DETALHADO: Requesting node for hash: /ccnx.org/test/SyncTestRepo-15-01-15-18.20.23/topoPrefix/%C1.S.nf/x%E7U.=86853EF050D99AC7B6E19C29B7AECFA1B2568CAD74E733BCB2443F63/%08i%02v=C38FD44D5462CBF35E959D78F236C9C662ADF40D45C35D866CE66A47A3
Jan 15, 2015 6:21:39 PM org.ccnx.ccn.impl.sync.SliceComparator doComparison
O MAIS DETALHADO: Skipping covered subentry =05D95348B35DA1736365107BDACCCE484DA8B6A14DCCF3832B16DDA212E3B0C032
Jan 15, 2015 6:21:39 PM org.ccnx.ccn.impl.sync.SliceComparator doComparison
O MAIS DETALHADO: Skipping covered subentry =04F7A143667F594F74B6B7C8C826B63D9DA7DAAA6A220B24C7FB15280B67E9868D
Jan 15, 2015 6:21:39 PM org.ccnx.ccn.impl.sync.SliceComparator doComparison
O MAIS DETALHADO: Compare NODE =1302657D867E255E173DA433BCB43EF6AEFB1296C665803D7B481E25B7DB9DA4FC to NODE %139=F702DD6CCF102C7E9438018921FEDD875B121A9CF2B538D550508B32048E62
Jan 15, 2015 6:21:39 PM org.ccnx.ccn.impl.sync.SliceComparator doComparison
O MAIS DETALHADO: pos X is 0, pos Y is 2
Jan 15, 2015 6:21:39 PM org.ccnx.ccn.impl.sync.SliceComparator.NodeFetchHandler handleContent
DETALHADO: Saw data from nodefind: hash: %08i%02v=C38FD44D5462CBF35E959D78F236C9C662ADF40D45C35D866CE66A47A3
Jan 15, 2015 6:21:39 PM org.ccnx.ccn.io.content.SyncNodeComposite decodeLogging
O MAIS DETALHADO: decode node for %08i%02v=C38FD44D5462CBF35E959D78F236C9C662ADF40D45C35D866CE66A47A3 depth = 1 refs = 20
Jan 15, 2015 6:21:39 PM org.ccnx.ccn.io.content.SyncNodeComposite decodeLogging
O MAIS DETALHADO: min is 0, max is 0, expanded min is /ccnx.org/test/SyncTestRepo-15-01-15-18.20.23/ccnSyncTest/slice10/round21/randomFile/=FD054B82F5E41D/=00/%81v=11100BD1950F5228760141B55709E0A91045B40720DAB0782DCC6F0256FF, expanded max is /ccnx.org/test/SyncTestRepo-15-01-15-18.20.23/ccnSyncTest/slice10/randomFile/=FD054B82F53F79/%C1.META.M/.header/=FD054B82F53FB2/=00/=18F7ABCFFBD0912243186C9F3D6A45A3E28959A7EF8B922DD636A13DE75A55AC
Jan 15, 2015 6:21:39 PM org.ccnx.ccn.impl.sync.SliceComparator doComparison
O MAIS DETALHADO: Pushing X entry =05D95348B35DA1736365107BDACCCE484DA8B6A14DCCF3832B16DDA212E3B0C032 and Y entry %08i%02v=C38FD44D5462CBF35E959D78F236C9C662ADF40D45C35D866CE66A47A3
Jan 15, 2015 6:21:39 PM org.ccnx.ccn.impl.sync.SliceComparator doComparison
O MAIS DETALHADO: Compare LEAF =05D95348B35DA1736365107BDACCCE484DA8B6A14DCCF3832B16DDA212E3B0C032 to LEAF %08i%02v=C38FD44D5462CBF35E959D78F236C9C662ADF40D45C35D866CE66A47A3
Jan 15, 2015 6:21:39 PM org.ccnx.ccn.impl.sync.SliceComparator doComparison
O MAIS DETALHADO: name X is 0, pos X is 0, name Y is 0, pos Y is 0 comp is -1
Jan 15, 2015 6:21:39 PM org.ccnx.ccn.impl.sync.SliceComparator doComparison
O MAIS DETALHADO: name X (expanded) is /ccnx.org/test/SyncTestRepo-15-01-15-18.20.23/ccnSyncTest/slice10/round11/randomFile/=FD054B82F588B4/=00/=862C3C8C527D6B204E7FCD4EAF121546BFBA9E26B978EC9010B0DB73EDD734F0, name Y (expanded) is /ccnx.org/test/SyncTestRepo-15-01-15-18.20.23/ccnSyncTest/slice10/round21/randomFile/=FD054B82F5E41D/=00/%81v=11100BD1950F5228760141B55709E0A91045B40720DAB0782DCC6F0256FF
Jan 15, 2015 6:21:39 PM org.ccnx.ccn.impl.sync.SliceComparator doComparison
O MAIS DETALHADO: Shortcut - popping X back to =1302657D867E255E173DA433BCB43EF6AEFB1296C665803D7B481E25B7DB9DA4FC, pos 1
Jan 15, 2015 6:21:39 PM org.ccnx.ccn.impl.sync.SliceComparator doComparison
O MAIS DETALHADO: Compare NODE =1302657D867E255E173DA433BCB43EF6AEFB1296C665803D7B481E25B7DB9DA4FC to LEAF %08i%02v=C38FD44D5462CBF35E959D78F236C9C662ADF40D45C35D866CE66A47A3, resMin is 1, resMax is -1
Jan 15, 2015 6:21:39 PM org.ccnx.ccn.impl.sync.SliceComparator doComparison
O MAIS DETALHADO: minname is 0, maxname is 0, pos X is 1, pos Y is 0
Jan 15, 2015 6:21:39 PM org.ccnx.ccn.impl.sync.SliceComparator doComparison
O MAIS DETALHADO: Compare LEAF =04F7A143667F594F74B6B7C8C826B63D9DA7DAAA6A220B24C7FB15280B67E9868D to LEAF %08i%02v=C38FD44D5462CBF35E959D78F236C9C662ADF40D45C35D866CE66A47A3
Jan 15, 2015 6:21:39 PM org.ccnx.ccn.impl.sync.SliceComparator doComparison
O MAIS DETALHADO: name X is 0, pos X is 0, name Y is 0, pos Y is 0 comp is -1
Jan 15, 2015 6:21:39 PM org.ccnx.ccn.impl.sync.SliceComparator doComparison
O MAIS DETALHADO: name X (expanded) is /ccnx.org/test/SyncTestRepo-15-01-15-18.20.23/ccnSyncTest/slice10/round16/randomFile/=FD054B82F5B673/=00/pU=A6A22546186B9FAC4EB8A07C1FBB995F82DA30BC632446C0DCD7E521AAF7, name Y (expanded) is /ccnx.org/test/SyncTestRepo-15-01-15-18.20.23/ccnSyncTest/slice10/round21/randomFile/=FD054B82F5E41D/=00/%81v=11100BD1950F5228760141B55709E0A91045B40720DAB0782DCC6F0256FF
Jan 15, 2015 6:21:39 PM org.ccnx.ccn.impl.sync.SliceComparator doComparison
O MAIS DETALHADO: Shortcut - popping X back to =1302657D867E255E173DA433BCB43EF6AEFB1296C665803D7B481E25B7DB9DA4FC, pos 2
Jan 15, 2015 6:21:39 PM org.ccnx.ccn.impl.sync.SliceComparator doComparison
O MAIS DETALHADO: Compare NODE =1302657D867E255E173DA433BCB43EF6AEFB1296C665803D7B481E25B7DB9DA4FC to LEAF %08i%02v=C38FD44D5462CBF35E959D78F236C9C662ADF40D45C35D866CE66A47A3, resMin is 1, resMax is -1
Jan 15, 2015 6:21:39 PM org.ccnx.ccn.impl.sync.SliceComparator doComparison
O MAIS DETALHADO: minname is 0, maxname is 0, pos X is 2, pos Y is 0
Jan 15, 2015 6:21:39 PM org.ccnx.ccn.impl.sync.SliceComparator doComparison
O MAIS DETALHADO: Compare LEAF =052FA68000D9C2BF567BB6D369E2084346BFD9EC9E9D061F07A6F5E6673867CEB0 to LEAF %08i%02v=C38FD44D5462CBF35E959D78F236C9C662ADF40D45C35D866CE66A47A3
Jan 15, 2015 6:21:39 PM org.ccnx.ccn.impl.sync.SliceComparator doComparison
O MAIS DETALHADO: name X is 0, pos X is 0, name Y is 0, pos Y is 0 comp is 0
Jan 15, 2015 6:21:39 PM org.ccnx.ccn.impl.sync.SliceComparator doComparison
O MAIS DETALHADO: name X (expanded) is /ccnx.org/test/SyncTestRepo-15-01-15-18.20.23/ccnSyncTest/slice10/round21/randomFile/=FD054B82F5E41D/=00/%81v=11100BD1950F5228760141B55709E0A91045B40720DAB0782DCC6F0256FF, name Y (expanded) is /ccnx.org/test/SyncTestRepo-15-01-15-18.20.23/ccnSyncTest/slice10/round21/randomFile/=FD054B82F5E41D/=00/%81v=11100BD1950F5228760141B55709E0A91045B40720DAB0782DCC6F0256FF
Jan 15, 2015 6:21:39 PM org.ccnx.ccn.impl.sync.SliceComparator doComparison
O MAIS DETALHADO: Compare LEAF =052FA68000D9C2BF567BB6D369E2084346BFD9EC9E9D061F07A6F5E6673867CEB0 to LEAF %08i%02v=C38FD44D5462CBF35E959D78F236C9C662ADF40D45C35D866CE66A47A3
Jan 15, 2015 6:21:39 PM org.ccnx.ccn.impl.sync.SliceComparator doComparison
O MAIS DETALHADO: name X is 0, pos X is 1, name Y is 0, pos Y is 1 comp is 0
Jan 15, 2015 6:21:39 PM org.ccnx.ccn.impl.sync.SliceComparator doComparison
O MAIS DETALHADO: name X (expanded) is /ccnx.org/test/SyncTestRepo-15-01-15-18.20.23/ccnSyncTest/slice10/round21/randomFile/=FD054B82F5E41D/%C1.META.M/.header/=FD054B82F5E48B/=00/U=2BDDA4AFCB9BC8FBD9C3E9013EE52508639C0C2E623CE389011207E17837C6, name Y (expanded) is /ccnx.org/test/SyncTestRepo-15-01-15-18.20.23/ccnSyncTest/slice10/round21/randomFile/=FD054B82F5E41D/%C1.META.M/.header/=FD054B82F5E48B/=00/U=2BDDA4AFCB9BC8FBD9C3E9013EE52508639C0C2E623CE389011207E17837C6
Jan 15, 2015 6:21:39 PM org.ccnx.ccn.impl.sync.SliceComparator doComparison
O MAIS DETALHADO: Compare LEAF =052FA68000D9C2BF567BB6D369E2084346BFD9EC9E9D061F07A6F5E6673867CEB0 to LEAF %08i%02v=C38FD44D5462CBF35E959D78F236C9C662ADF40D45C35D866CE66A47A3
Jan 15, 2015 6:21:39 PM org.ccnx.ccn.impl.sync.SliceComparator doComparison
O MAIS DETALHADO: name X is 0, pos X is 2, name Y is 0, pos Y is 2 comp is 0
Jan 15, 2015 6:21:39 PM org.ccnx.ccn.impl.sync.SliceComparator doComparison
O MAIS DETALHADO: name X (expanded) is /ccnx.org/test/SyncTestRepo-15-01-15-18.20.23/ccnSyncTest/slice10/round22/randomFile/=FD054B82F5ED0E/=00/y%B7o=E1FE885DC462C96E59D02F922A9D0639E4FCB2982B9CBB5A9E266EC3FF, name Y (expanded) is /ccnx.org/test/SyncTestRepo-15-01-15-18.20.23/ccnSyncTest/slice10/round22/randomFile/=FD054B82F5ED0E/=00/y%B7o=E1FE885DC462C96E59D02F922A9D0639E4FCB2982B9CBB5A9E266EC3FF
Jan 15, 2015 6:21:39 PM org.ccnx.ccn.impl.sync.SliceComparator doComparison
O MAIS DETALHADO: Compare LEAF =052FA68000D9C2BF567BB6D369E2084346BFD9EC9E9D061F07A6F5E6673867CEB0 to LEAF %08i%02v=C38FD44D5462CBF35E959D78F236C9C662ADF40D45C35D866CE66A47A3
Jan 15, 2015 6:21:39 PM org.ccnx.ccn.impl.sync.SliceComparator doComparison
O MAIS DETALHADO: name X is 0, pos X is 3, name Y is 0, pos Y is 3 comp is 0
Jan 15, 2015 6:21:39 PM org.ccnx.ccn.impl.sync.SliceComparator doComparison
O MAIS DETALHADO: name X (expanded) is /ccnx.org/test/SyncTestRepo-15-01-15-18.20.23/ccnSyncTest/slice10/round22/randomFile/=FD054B82F5ED0E/%C1.META.M/.header/=FD054B82F5ED48/=00/=AF85132C57917D740BDC2F924FE603AE05A674D6BECF07105345134E4164E529, name Y (expanded) is /ccnx.org/test/SyncTestRepo-15-01-15-18.20.23/ccnSyncTest/slice10/round22/randomFile/=FD054B82F5ED0E/%C1.META.M/.header/=FD054B82F5ED48/=00/=AF85132C57917D740BDC2F924FE603AE05A674D6BECF07105345134E4164E529
Jan 15, 2015 6:21:39 PM org.ccnx.ccn.impl.sync.SliceComparator doComparison
O MAIS DETALHADO: Compare LEAF =052FA68000D9C2BF567BB6D369E2084346BFD9EC9E9D061F07A6F5E6673867CEB0 to LEAF %08i%02v=C38FD44D5462CBF35E959D78F236C9C662ADF40D45C35D866CE66A47A3
Jan 15, 2015 6:21:39 PM org.ccnx.ccn.impl.sync.SliceComparator doComparison
O MAIS DETALHADO: name X is 0, pos X is 4, name Y is 0, pos Y is 4 comp is 0
Jan 15, 2015 6:21:39 PM org.ccnx.ccn.impl.sync.SliceComparator doComparison
O MAIS DETALHADO: name X (expanded) is /ccnx.org/test/SyncTestRepo-15-01-15-18.20.23/ccnSyncTest/slice10/round23/randomFile/=FD054B82F5F639/=00/=90913F0035EA159FEED7E50A50458B36DDE7918F5F7955C163CDA5C718B574B7, name Y (expanded) is /ccnx.org/test/SyncTestRepo-15-01-15-18.20.23/ccnSyncTest/slice10/round23/randomFile/=FD054B82F5F639/=00/=90913F0035EA159FEED7E50A50458B36DDE7918F5F7955C163CDA5C718B574B7
Jan 15, 2015 6:21:39 PM org.ccnx.ccn.impl.sync.SliceComparator doComparison
O MAIS DETALHADO: Compare LEAF =052FA68000D9C2BF567BB6D369E2084346BFD9EC9E9D061F07A6F5E6673867CEB0 to LEAF %08i%02v=C38FD44D5462CBF35E959D78F236C9C662ADF40D45C35D866CE66A47A3
Jan 15, 2015 6:21:39 PM org.ccnx.ccn.impl.sync.SliceComparator doComparison
O MAIS DETALHADO: name X is 0, pos X is 5, name Y is 0, pos Y is 5 comp is 0
Jan 15, 2015 6:21:39 PM org.ccnx.ccn.impl.sync.SliceComparator doComparison
O MAIS DETALHADO: name X (expanded) is /ccnx.org/test/SyncTestRepo-15-01-15-18.20.23/ccnSyncTest/slice10/round23/randomFile/=FD054B82F5F639/%C1.META.M/.header/=FD054B82F5F67B/=00/2=21E841E2E9D639FFEA27D95B6AAFD229074D9972A4373B9076301ED559F9C4, name Y (expanded) is /ccnx.org/test/SyncTestRepo-15-01-15-18.20.23/ccnSyncTest/slice10/round23/randomFile/=FD054B82F5F639/%C1.META.M/.header/=FD054B82F5F67B/=00/2=21E841E2E9D639FFEA27D95B6AAFD229074D9972A4373B9076301ED559F9C4
Jan 15, 2015 6:21:39 PM org.ccnx.ccn.impl.sync.SliceComparator doComparison
O MAIS DETALHADO: Compare LEAF =052FA68000D9C2BF567BB6D369E2084346BFD9EC9E9D061F07A6F5E6673867CEB0 to LEAF %08i%02v=C38FD44D5462CBF35E959D78F236C9C662ADF40D45C35D866CE66A47A3
Jan 15, 2015 6:21:39 PM org.ccnx.ccn.impl.sync.SliceComparator doComparison
O MAIS DETALHADO: name X is 0, pos X is 6, name Y is 0, pos Y is 6 comp is 0
Jan 15, 2015 6:21:39 PM org.ccnx.ccn.impl.sync.SliceComparator doComparison
O MAIS DETALHADO: name X (expanded) is /ccnx.org/test/SyncTestRepo-15-01-15-18.20.23/ccnSyncTest/slice10/round24/randomFile/=FD054B82F5FF64/=00/=EAE3BE028BED84466DD9599174AEF02EF195603635C62DBC39ABA1C11E44AF4A, name Y (expanded) is /ccnx.org/test/SyncTestRepo-15-01-15-18.20.23/ccnSyncTest/slice10/round24/randomFile/=FD054B82F5FF64/=00/=EAE3BE028BED84466DD9599174AEF02EF195603635C62DBC39ABA1C11E44AF4A
Jan 15, 2015 6:21:39 PM org.ccnx.ccn.impl.sync.SliceComparator doComparison
O MAIS DETALHADO: Compare LEAF =052FA68000D9C2BF567BB6D369E2084346BFD9EC9E9D061F07A6F5E6673867CEB0 to LEAF %08i%02v=C38FD44D5462CBF35E959D78F236C9C662ADF40D45C35D866CE66A47A3
Jan 15, 2015 6:21:39 PM org.ccnx.ccn.impl.sync.SliceComparator doComparison
O MAIS DETALHADO: name X is 0, pos X is 7, name Y is 0, pos Y is 7 comp is 0
Jan 15, 2015 6:21:39 PM org.ccnx.ccn.impl.sync.SliceComparator doComparison
O MAIS DETALHADO: name X (expanded) is /ccnx.org/test/SyncTestRepo-15-01-15-18.20.23/ccnSyncTest/slice10/round24/randomFile/=FD054B82F5FF64/%C1.META.M/.header/=FD054B82F5FF9E/=00/%2Bm=D83EF551DEE8EC94F85B410AD90D67F6D717E07E74BEFC7F25CF69C0A77D, name Y (expanded) is /ccnx.org/test/SyncTestRepo-15-01-15-18.20.23/ccnSyncTest/slice10/round24/randomFile/=FD054B82F5FF64/%C1.META.M/.header/=FD054B82F5FF9E/=00/%2Bm=D83EF551DEE8EC94F85B410AD90D67F6D717E07E74BEFC7F25CF69C0A77D
Jan 15, 2015 6:21:39 PM org.ccnx.ccn.impl.sync.SliceComparator doComparison
O MAIS DETALHADO: Compare LEAF =052FA68000D9C2BF567BB6D369E2084346BFD9EC9E9D061F07A6F5E6673867CEB0 to LEAF %08i%02v=C38FD44D5462CBF35E959D78F236C9C662ADF40D45C35D866CE66A47A3
Jan 15, 2015 6:21:39 PM org.ccnx.ccn.impl.sync.SliceComparator doComparison
O MAIS DETALHADO: name X is 0, pos X is 8, name Y is 0, pos Y is 8 comp is 0
Jan 15, 2015 6:21:39 PM org.ccnx.ccn.impl.sync.SliceComparator doComparison
O MAIS DETALHADO: name X (expanded) is /ccnx.org/test/SyncTestRepo-15-01-15-18.20.23/ccnSyncTest/slice10/round25/randomFile/=FD054B82F60887/=00/=D401258329B8D5F501388F7775E35E1196A2B7D8DD50C6549F804F87D7CCE5E4, name Y (expanded) is /ccnx.org/test/SyncTestRepo-15-01-15-18.20.23/ccnSyncTest/slice10/round25/randomFile/=FD054B82F60887/=00/=D401258329B8D5F501388F7775E35E1196A2B7D8DD50C6549F804F87D7CCE5E4
Jan 15, 2015 6:21:39 PM org.ccnx.ccn.impl.sync.SliceComparator doComparison
O MAIS DETALHADO: Compare LEAF =052FA68000D9C2BF567BB6D369E2084346BFD9EC9E9D061F07A6F5E6673867CEB0 to LEAF %08i%02v=C38FD44D5462CBF35E959D78F236C9C662ADF40D45C35D866CE66A47A3
Jan 15, 2015 6:21:39 PM org.ccnx.ccn.impl.sync.SliceComparator doComparison
O MAIS DETALHADO: name X is 0, pos X is 9, name Y is 0, pos Y is 9 comp is 0
Jan 15, 2015 6:21:39 PM org.ccnx.ccn.impl.sync.SliceComparator doComparison
O MAIS DETALHADO: name X (expanded) is /ccnx.org/test/SyncTestRepo-15-01-15-18.20.23/ccnSyncTest/slice10/round25/randomFile/=FD054B82F60887/%C1.META.M/.header/=FD054B82F608C5/=00/=82C22B37043F8E4774A60D4BA7B10EE83D02C34139682C40B38D4BA83237EB9D, name Y (expanded) is /ccnx.org/test/SyncTestRepo-15-01-15-18.20.23/ccnSyncTest/slice10/round25/randomFile/=FD054B82F60887/%C1.META.M/.header/=FD054B82F608C5/=00/=82C22B37043F8E4774A60D4BA7B10EE83D02C34139682C40B38D4BA83237EB9D
Jan 15, 2015 6:21:39 PM org.ccnx.ccn.impl.sync.SliceComparator doComparison
O MAIS DETALHADO: Compare NODE =1302657D867E255E173DA433BCB43EF6AEFB1296C665803D7B481E25B7DB9DA4FC to LEAF %08i%02v=C38FD44D5462CBF35E959D78F236C9C662ADF40D45C35D866CE66A47A3, resMin is 1, resMax is -1
Jan 15, 2015 6:21:39 PM org.ccnx.ccn.impl.sync.SliceComparator doComparison
O MAIS DETALHADO: minname is 0, maxname is 0, pos X is 3, pos Y is 10
Jan 15, 2015 6:21:39 PM org.ccnx.ccn.impl.sync.SliceComparator doComparison
O MAIS DETALHADO: Compare LEAF =0301CA716BC767DBE8A6251BAFDEB22D7CEAA75E6FD97B76808F357532579B8F8D to LEAF %08i%02v=C38FD44D5462CBF35E959D78F236C9C662ADF40D45C35D866CE66A47A3
Jan 15, 2015 6:21:39 PM org.ccnx.ccn.impl.sync.SliceComparator doComparison
O MAIS DETALHADO: name X is 0, pos X is 0, name Y is 0, pos Y is 10 comp is 0
Jan 15, 2015 6:21:39 PM org.ccnx.ccn.impl.sync.SliceComparator doComparison
O MAIS DETALHADO: name X (expanded) is /ccnx.org/test/SyncTestRepo-15-01-15-18.20.23/ccnSyncTest/slice10/round26/randomFile/=FD054B82F611AE/=00/=A59ED751E0429923E44E0411791301D0EAD05D219F65D4C0877CB9C9BAE5F22C, name Y (expanded) is /ccnx.org/test/SyncTestRepo-15-01-15-18.20.23/ccnSyncTest/slice10/round26/randomFile/=FD054B82F611AE/=00/=A59ED751E0429923E44E0411791301D0EAD05D219F65D4C0877CB9C9BAE5F22C
Jan 15, 2015 6:21:39 PM org.ccnx.ccn.impl.sync.SliceComparator doComparison
O MAIS DETALHADO: Compare LEAF =0301CA716BC767DBE8A6251BAFDEB22D7CEAA75E6FD97B76808F357532579B8F8D to LEAF %08i%02v=C38FD44D5462CBF35E959D78F236C9C662ADF40D45C35D866CE66A47A3
Jan 15, 2015 6:21:39 PM org.ccnx.ccn.impl.sync.SliceComparator doComparison
O MAIS DETALHADO: name X is 0, pos X is 1, name Y is 0, pos Y is 11 comp is 0
Jan 15, 2015 6:21:39 PM org.ccnx.ccn.impl.sync.SliceComparator doComparison
O MAIS DETALHADO: name X (expanded) is /ccnx.org/test/SyncTestRepo-15-01-15-18.20.23/ccnSyncTest/slice10/round26/randomFile/=FD054B82F611AE/%C1.META.M/.header/=FD054B82F611E7/=00/=9EBAE60D54D897D77C833F45C156C812656F54B751CB2BA418FC204F097E20FD, name Y (expanded) is /ccnx.org/test/SyncTestRepo-15-01-15-18.20.23/ccnSyncTest/slice10/round26/randomFile/=FD054B82F611AE/%C1.META.M/.header/=FD054B82F611E7/=00/=9EBAE60D54D897D77C833F45C156C812656F54B751CB2BA418FC204F097E20FD
Jan 15, 2015 6:21:39 PM org.ccnx.ccn.impl.sync.SliceComparator doComparison
O MAIS DETALHADO: Compare LEAF =0301CA716BC767DBE8A6251BAFDEB22D7CEAA75E6FD97B76808F357532579B8F8D to LEAF %08i%02v=C38FD44D5462CBF35E959D78F236C9C662ADF40D45C35D866CE66A47A3
Jan 15, 2015 6:21:39 PM org.ccnx.ccn.impl.sync.SliceComparator doComparison
O MAIS DETALHADO: name X is 0, pos X is 2, name Y is 0, pos Y is 12 comp is 0
Jan 15, 2015 6:21:39 PM org.ccnx.ccn.impl.sync.SliceComparator doComparison
O MAIS DETALHADO: name X (expanded) is /ccnx.org/test/SyncTestRepo-15-01-15-18.20.23/ccnSyncTest/slice10/round27/randomFile/=FD054B82F61ADD/=00/-=8DD4FE13275029C1DBB2816F77D6FA6E6A2158729CC8A05E0A94EECE41F4C4, name Y (expanded) is /ccnx.org/test/SyncTestRepo-15-01-15-18.20.23/ccnSyncTest/slice10/round27/randomFile/=FD054B82F61ADD/=00/-=8DD4FE13275029C1DBB2816F77D6FA6E6A2158729CC8A05E0A94EECE41F4C4
Jan 15, 2015 6:21:39 PM org.ccnx.ccn.impl.sync.SliceComparator doComparison
O MAIS DETALHADO: Compare LEAF =0301CA716BC767DBE8A6251BAFDEB22D7CEAA75E6FD97B76808F357532579B8F8D to LEAF %08i%02v=C38FD44D5462CBF35E959D78F236C9C662ADF40D45C35D866CE66A47A3
Jan 15, 2015 6:21:39 PM org.ccnx.ccn.impl.sync.SliceComparator doComparison
O MAIS DETALHADO: name X is 0, pos X is 3, name Y is 0, pos Y is 13 comp is 0
Jan 15, 2015 6:21:39 PM org.ccnx.ccn.impl.sync.SliceComparator doComparison
O MAIS DETALHADO: name X (expanded) is /ccnx.org/test/SyncTestRepo-15-01-15-18.20.23/ccnSyncTest/slice10/round27/randomFile/=FD054B82F61ADD/%C1.META.M/.header/=FD054B82F61B1B/=00/%1Cb=9B885FE399DA7CACD8BC9E70709162569C81FE27BFE130CFFF30A9C26E97, name Y (expanded) is /ccnx.org/test/SyncTestRepo-15-01-15-18.20.23/ccnSyncTest/slice10/round27/randomFile/=FD054B82F61ADD/%C1.META.M/.header/=FD054B82F61B1B/=00/%1Cb=9B885FE399DA7CACD8BC9E70709162569C81FE27BFE130CFFF30A9C26E97
Jan 15, 2015 6:21:39 PM org.ccnx.ccn.impl.sync.SliceComparator doComparison
O MAIS DETALHADO: Compare LEAF =0301CA716BC767DBE8A6251BAFDEB22D7CEAA75E6FD97B76808F357532579B8F8D to LEAF %08i%02v=C38FD44D5462CBF35E959D78F236C9C662ADF40D45C35D866CE66A47A3
Jan 15, 2015 6:21:39 PM org.ccnx.ccn.impl.sync.SliceComparator doComparison
O MAIS DETALHADO: name X is 0, pos X is 4, name Y is 0, pos Y is 14 comp is 0
Jan 15, 2015 6:21:39 PM org.ccnx.ccn.impl.sync.SliceComparator doComparison
O MAIS DETALHADO: name X (expanded) is /ccnx.org/test/SyncTestRepo-15-01-15-18.20.23/ccnSyncTest/slice10/round28/randomFile/=FD054B82F62400/=00/=DF1EE0EB7C07C0545762A11F61243819C7197462A801936587E57454752CE720, name Y (expanded) is /ccnx.org/test/SyncTestRepo-15-01-15-18.20.23/ccnSyncTest/slice10/round28/randomFile/=FD054B82F62400/=00/=DF1EE0EB7C07C0545762A11F61243819C7197462A801936587E57454752CE720
Jan 15, 2015 6:21:39 PM org.ccnx.ccn.impl.sync.SliceComparator doComparison
O MAIS DETALHADO: Compare LEAF =0301CA716BC767DBE8A6251BAFDEB22D7CEAA75E6FD97B76808F357532579B8F8D to LEAF %08i%02v=C38FD44D5462CBF35E959D78F236C9C662ADF40D45C35D866CE66A47A3
Jan 15, 2015 6:21:39 PM org.ccnx.ccn.impl.sync.SliceComparator doComparison
O MAIS DETALHADO: name X is 0, pos X is 5, name Y is 0, pos Y is 15 comp is 0
Jan 15, 2015 6:21:39 PM org.ccnx.ccn.impl.sync.SliceComparator doComparison
O MAIS DETALHADO: name X (expanded) is /ccnx.org/test/SyncTestRepo-15-01-15-18.20.23/ccnSyncTest/slice10/round28/randomFile/=FD054B82F62400/%C1.META.M/.header/=FD054B82F62435/=00/=3AC3F1B952B25C43BBF861A434FEA1B34EE73DE2FDC2D5CC358E49C29DA78430, name Y (expanded) is /ccnx.org/test/SyncTestRepo-15-01-15-18.20.23/ccnSyncTest/slice10/round28/randomFile/=FD054B82F62400/%C1.META.M/.header/=FD054B82F62435/=00/=3AC3F1B952B25C43BBF861A434FEA1B34EE73DE2FDC2D5CC358E49C29DA78430
Jan 15, 2015 6:21:39 PM org.ccnx.ccn.impl.sync.SliceComparator doComparison
O MAIS DETALHADO: Compare LEAF =0301CA716BC767DBE8A6251BAFDEB22D7CEAA75E6FD97B76808F357532579B8F8D to LEAF %08i%02v=C38FD44D5462CBF35E959D78F236C9C662ADF40D45C35D866CE66A47A3
Jan 15, 2015 6:21:39 PM org.ccnx.ccn.impl.sync.SliceComparator doComparison
O MAIS DETALHADO: name X is 0, pos X is 6, name Y is 0, pos Y is 16 comp is 0
Jan 15, 2015 6:21:39 PM org.ccnx.ccn.impl.sync.SliceComparator doComparison
O MAIS DETALHADO: name X (expanded) is /ccnx.org/test/SyncTestRepo-15-01-15-18.20.23/ccnSyncTest/slice10/round29/randomFile/=FD054B82F62D23/=00/=03E714E924CFE656B888D7217D7E68FB02CD948652EF5F2148E9974CD13E928A, name Y (expanded) is /ccnx.org/test/SyncTestRepo-15-01-15-18.20.23/ccnSyncTest/slice10/round29/randomFile/=FD054B82F62D23/=00/=03E714E924CFE656B888D7217D7E68FB02CD948652EF5F2148E9974CD13E928A
Jan 15, 2015 6:21:39 PM org.ccnx.ccn.impl.sync.SliceComparator doComparison
O MAIS DETALHADO: Compare LEAF =0301CA716BC767DBE8A6251BAFDEB22D7CEAA75E6FD97B76808F357532579B8F8D to LEAF %08i%02v=C38FD44D5462CBF35E959D78F236C9C662ADF40D45C35D866CE66A47A3
Jan 15, 2015 6:21:39 PM org.ccnx.ccn.impl.sync.SliceComparator doComparison
O MAIS DETALHADO: name X is 0, pos X is 7, name Y is 0, pos Y is 17 comp is 1
Jan 15, 2015 6:21:39 PM org.ccnx.ccn.impl.sync.SliceComparator doComparison
O MAIS DETALHADO: name X (expanded) is /ccnx.org/test/SyncTestRepo-15-01-15-18.20.23/ccnSyncTest/slice10/randomFile/=FD054B82F53F79/=00/=3CBEB0282FE72CD7F7CF0696455493A1CE4F4E488F469319834E10584FC5C583, name Y (expanded) is /ccnx.org/test/SyncTestRepo-15-01-15-18.20.23/ccnSyncTest/slice10/round29/randomFile/=FD054B82F62D23/%C1.META.M/.header/=FD054B82F62D5C/=00/7=918556EEA9B21540F00444D4E3082E8C487B54377277BD8D322AD35666E966
Jan 15, 2015 6:21:39 PM org.ccnx.ccn.profiles.sync.SyncTestRepo doHandleContentName
INFORMAÇÕES: Number 1: Callback for name: /ccnx.org/test/SyncTestRepo-15-01-15-18.20.23/ccnSyncTest/slice10/round29/randomFile/=FD054B82F62D23/%C1.META.M/.header/=FD054B82F62D5C/=00 - number is header
Jan 15, 2015 6:21:39 PM org.ccnx.ccn.impl.sync.SliceComparator doComparison
O MAIS DETALHADO: Compare LEAF =0301CA716BC767DBE8A6251BAFDEB22D7CEAA75E6FD97B76808F357532579B8F8D to LEAF %08i%02v=C38FD44D5462CBF35E959D78F236C9C662ADF40D45C35D866CE66A47A3
Jan 15, 2015 6:21:39 PM org.ccnx.ccn.impl.sync.SliceComparator doComparison
O MAIS DETALHADO: name X is 0, pos X is 7, name Y is 0, pos Y is 18 comp is 0
Jan 15, 2015 6:21:39 PM org.ccnx.ccn.impl.sync.SliceComparator doComparison
O MAIS DETALHADO: name X (expanded) is /ccnx.org/test/SyncTestRepo-15-01-15-18.20.23/ccnSyncTest/slice10/randomFile/=FD054B82F53F79/=00/=3CBEB0282FE72CD7F7CF0696455493A1CE4F4E488F469319834E10584FC5C583, name Y (expanded) is /ccnx.org/test/SyncTestRepo-15-01-15-18.20.23/ccnSyncTest/slice10/randomFile/=FD054B82F53F79/=00/=3CBEB0282FE72CD7F7CF0696455493A1CE4F4E488F469319834E10584FC5C583
Jan 15, 2015 6:21:39 PM org.ccnx.ccn.impl.sync.SliceComparator doComparison
O MAIS DETALHADO: Compare LEAF =0301CA716BC767DBE8A6251BAFDEB22D7CEAA75E6FD97B76808F357532579B8F8D to LEAF %08i%02v=C38FD44D5462CBF35E959D78F236C9C662ADF40D45C35D866CE66A47A3
Jan 15, 2015 6:21:39 PM org.ccnx.ccn.impl.sync.SliceComparator doComparison
O MAIS DETALHADO: name X is 0, pos X is 8, name Y is 0, pos Y is 19 comp is 0
Jan 15, 2015 6:21:39 PM org.ccnx.ccn.impl.sync.SliceComparator doComparison
O MAIS DETALHADO: name X (expanded) is /ccnx.org/test/SyncTestRepo-15-01-15-18.20.23/ccnSyncTest/slice10/randomFile/=FD054B82F53F79/%C1.META.M/.header/=FD054B82F53FB2/=00/=18F7ABCFFBD0912243186C9F3D6A45A3E28959A7EF8B922DD636A13DE75A55AC, name Y (expanded) is /ccnx.org/test/SyncTestRepo-15-01-15-18.20.23/ccnSyncTest/slice10/randomFile/=FD054B82F53F79/%C1.META.M/.header/=FD054B82F53FB2/=00/=18F7ABCFFBD0912243186C9F3D6A45A3E28959A7EF8B922DD636A13DE75A55AC
Jan 15, 2015 6:21:39 PM org.ccnx.ccn.impl.sync.SliceComparator updateCurrent
O MAIS DETALHADO: Starting update from hash =1302657D867E255E173DA433BCB43EF6AEFB1296C665803D7B481E25B7DB9DA4FC
Jan 15, 2015 6:21:39 PM org.ccnx.ccn.impl.sync.SliceComparator updateCurrent
O MAIS DETALHADO: Update compare - moving to: =05D95348B35DA1736365107BDACCCE484DA8B6A14DCCF3832B16DDA212E3B0C032
Jan 15, 2015 6:21:39 PM org.ccnx.ccn.impl.sync.SliceComparator updateCurrent
O MAIS DETALHADO: Shortcut in update - popping back to =1302657D867E255E173DA433BCB43EF6AEFB1296C665803D7B481E25B7DB9DA4FC, pos 1
Jan 15, 2015 6:21:39 PM org.ccnx.ccn.impl.sync.SliceComparator updateCurrent
O MAIS DETALHADO: Update compare - moving to: =04F7A143667F594F74B6B7C8C826B63D9DA7DAAA6A220B24C7FB15280B67E9868D
Jan 15, 2015 6:21:39 PM org.ccnx.ccn.impl.sync.SliceComparator updateCurrent
O MAIS DETALHADO: Shortcut in update - popping back to =1302657D867E255E173DA433BCB43EF6AEFB1296C665803D7B481E25B7DB9DA4FC, pos 2
Jan 15, 2015 6:21:39 PM org.ccnx.ccn.impl.sync.SliceComparator updateCurrent
O MAIS DETALHADO: Update compare - moving to: =052FA68000D9C2BF567BB6D369E2084346BFD9EC9E9D061F07A6F5E6673867CEB0
Jan 15, 2015 6:21:39 PM org.ccnx.ccn.impl.sync.SliceComparator updateCurrent
O MAIS DETALHADO: Shortcut in update - popping back to =1302657D867E255E173DA433BCB43EF6AEFB1296C665803D7B481E25B7DB9DA4FC, pos 3
Jan 15, 2015 6:21:39 PM org.ccnx.ccn.impl.sync.SliceComparator updateCurrent
O MAIS DETALHADO: Update compare - moving to: =0301CA716BC767DBE8A6251BAFDEB22D7CEAA75E6FD97B76808F357532579B8F8D
Jan 15, 2015 6:21:39 PM org.ccnx.ccn.impl.sync.SliceComparator updateCurrent
O MAIS DETALHADO: Update compare: name from tree (expanded) is /ccnx.org/test/SyncTestRepo-15-01-15-18.20.23/ccnSyncTest/slice10/round26/randomFile/=FD054B82F611AE/=00/=A59ED751E0429923E44E0411791301D0EAD05D219F65D4C0877CB9C9BAE5F22C, name  is /ccnx.org/test/SyncTestRepo-15-01-15-18.20.23/ccnSyncTest/slice10/round29/randomFile/=FD054B82F62D23/%C1.META.M/.header/=FD054B82F62D5C/=00/7=918556EEA9B21540F00444D4E3082E8C487B54377277BD8D322AD35666E966, comp is -1
Jan 15, 2015 6:21:39 PM org.ccnx.ccn.impl.sync.SliceComparator updateCurrent
O MAIS DETALHADO: Update compare: name from tree (expanded) is /ccnx.org/test/SyncTestRepo-15-01-15-18.20.23/ccnSyncTest/slice10/round26/randomFile/=FD054B82F611AE/%C1.META.M/.header/=FD054B82F611E7/=00/=9EBAE60D54D897D77C833F45C156C812656F54B751CB2BA418FC204F097E20FD, name  is /ccnx.org/test/SyncTestRepo-15-01-15-18.20.23/ccnSyncTest/slice10/round29/randomFile/=FD054B82F62D23/%C1.META.M/.header/=FD054B82F62D5C/=00/7=918556EEA9B21540F00444D4E3082E8C487B54377277BD8D322AD35666E966, comp is -1
Jan 15, 2015 6:21:39 PM org.ccnx.ccn.impl.sync.SliceComparator updateCurrent
O MAIS DETALHADO: Update compare: name from tree (expanded) is /ccnx.org/test/SyncTestRepo-15-01-15-18.20.23/ccnSyncTest/slice10/round27/randomFile/=FD054B82F61ADD/=00/-=8DD4FE13275029C1DBB2816F77D6FA6E6A2158729CC8A05E0A94EECE41F4C4, name  is /ccnx.org/test/SyncTestRepo-15-01-15-18.20.23/ccnSyncTest/slice10/round29/randomFile/=FD054B82F62D23/%C1.META.M/.header/=FD054B82F62D5C/=00/7=918556EEA9B21540F00444D4E3082E8C487B54377277BD8D322AD35666E966, comp is -1
Jan 15, 2015 6:21:39 PM org.ccnx.ccn.impl.sync.SliceComparator updateCurrent
O MAIS DETALHADO: Update compare: name from tree (expanded) is /ccnx.org/test/SyncTestRepo-15-01-15-18.20.23/ccnSyncTest/slice10/round27/randomFile/=FD054B82F61ADD/%C1.META.M/.header/=FD054B82F61B1B/=00/%1Cb=9B885FE399DA7CACD8BC9E70709162569C81FE27BFE130CFFF30A9C26E97, name  is /ccnx.org/test/SyncTestRepo-15-01-15-18.20.23/ccnSyncTest/slice10/round29/randomFile/=FD054B82F62D23/%C1.META.M/.header/=FD054B82F62D5C/=00/7=918556EEA9B21540F00444D4E3082E8C487B54377277BD8D322AD35666E966, comp is -1
Jan 15, 2015 6:21:39 PM org.ccnx.ccn.impl.sync.SliceComparator updateCurrent
O MAIS DETALHADO: Update compare: name from tree (expanded) is /ccnx.org/test/SyncTestRepo-15-01-15-18.20.23/ccnSyncTest/slice10/round28/randomFile/=FD054B82F62400/=00/=DF1EE0EB7C07C0545762A11F61243819C7197462A801936587E57454752CE720, name  is /ccnx.org/test/SyncTestRepo-15-01-15-18.20.23/ccnSyncTest/slice10/round29/randomFile/=FD054B82F62D23/%C1.META.M/.header/=FD054B82F62D5C/=00/7=918556EEA9B21540F00444D4E3082E8C487B54377277BD8D322AD35666E966, comp is -1
Jan 15, 2015 6:21:39 PM org.ccnx.ccn.impl.sync.SliceComparator updateCurrent
O MAIS DETALHADO: Update compare: name from tree (expanded) is /ccnx.org/test/SyncTestRepo-15-01-15-18.20.23/ccnSyncTest/slice10/round28/randomFile/=FD054B82F62400/%C1.META.M/.header/=FD054B82F62435/=00/=3AC3F1B952B25C43BBF861A434FEA1B34EE73DE2FDC2D5CC358E49C29DA78430, name  is /ccnx.org/test/SyncTestRepo-15-01-15-18.20.23/ccnSyncTest/slice10/round29/randomFile/=FD054B82F62D23/%C1.META.M/.header/=FD054B82F62D5C/=00/7=918556EEA9B21540F00444D4E3082E8C487B54377277BD8D322AD35666E966, comp is -1
Jan 15, 2015 6:21:39 PM org.ccnx.ccn.impl.sync.SliceComparator updateCurrent
O MAIS DETALHADO: Update compare: name from tree (expanded) is /ccnx.org/test/SyncTestRepo-15-01-15-18.20.23/ccnSyncTest/slice10/round29/randomFile/=FD054B82F62D23/=00/=03E714E924CFE656B888D7217D7E68FB02CD948652EF5F2148E9974CD13E928A, name  is /ccnx.org/test/SyncTestRepo-15-01-15-18.20.23/ccnSyncTest/slice10/round29/randomFile/=FD054B82F62D23/%C1.META.M/.header/=FD054B82F62D5C/=00/7=918556EEA9B21540F00444D4E3082E8C487B54377277BD8D322AD35666E966, comp is -1
Jan 15, 2015 6:21:39 PM org.ccnx.ccn.impl.sync.SliceComparator updateCurrent
O MAIS DETALHADO: Update compare: name from tree (expanded) is /ccnx.org/test/SyncTestRepo-15-01-15-18.20.23/ccnSyncTest/slice10/randomFile/=FD054B82F53F79/=00/=3CBEB0282FE72CD7F7CF0696455493A1CE4F4E488F469319834E10584FC5C583, name  is /ccnx.org/test/SyncTestRepo-15-01-15-18.20.23/ccnSyncTest/slice10/round29/randomFile/=FD054B82F62D23/%C1.META.M/.header/=FD054B82F62D5C/=00/7=918556EEA9B21540F00444D4E3082E8C487B54377277BD8D322AD35666E966, comp is 1
Jan 15, 2015 6:21:39 PM org.ccnx.ccn.impl.sync.SliceComparator updateCurrent
O MAIS DETALHADO: Update: starting redo of names because of /ccnx.org/test/SyncTestRepo-15-01-15-18.20.23/ccnSyncTest/slice10/round29/randomFile/=FD054B82F62D23/%C1.META.M/.header/=FD054B82F62D5C/=00/7=918556EEA9B21540F00444D4E3082E8C487B54377277BD8D322AD35666E966 at /ccnx.org/test/SyncTestRepo-15-01-15-18.20.23/ccnSyncTest/slice10/round26/randomFile/=FD054B82F611AE/=00/=A59ED751E0429923E44E0411791301D0EAD05D219F65D4C0877CB9C9BAE5F22C
Jan 15, 2015 6:21:39 PM org.ccnx.ccn.io.content.SyncNodeComposite decodeLogging
O MAIS DETALHADO: decode node for %039=5BF6C2B6118DFDE7151FF4B39535AB76EFD9C410EDEE3E1C67A005AE0278F3 depth = 1 refs = 10
Jan 15, 2015 6:21:39 PM org.ccnx.ccn.io.content.SyncNodeComposite decodeLogging
O MAIS DETALHADO: min is 0, max is 0, expanded min is /ccnx.org/test/SyncTestRepo-15-01-15-18.20.23/ccnSyncTest/slice10/round26/randomFile/=FD054B82F611AE/=00/=A59ED751E0429923E44E0411791301D0EAD05D219F65D4C0877CB9C9BAE5F22C, expanded max is /ccnx.org/test/SyncTestRepo-15-01-15-18.20.23/ccnSyncTest/slice10/randomFile/=FD054B82F53F79/%C1.META.M/.header/=FD054B82F53FB2/=00/=18F7ABCFFBD0912243186C9F3D6A45A3E28959A7EF8B922DD636A13DE75A55AC
Jan 15, 2015 6:21:39 PM org.ccnx.ccn.impl.sync.SyncTreeEntry <init>
O MAIS DETALHADO: Found existing node: %139=F702DD6CCF102C7E9438018921FEDD875B121A9CF2B538D550508B32048E62
Jan 15, 2015 6:21:39 PM org.ccnx.ccn.io.content.SyncNodeComposite decodeLogging
O MAIS DETALHADO: decode node for %139=F702DD6CCF102C7E9438018921FEDD875B121A9CF2B538D550508B32048E62 depth = 2 refs = 4
Jan 15, 2015 6:21:39 PM org.ccnx.ccn.io.content.SyncNodeComposite decodeLogging
O MAIS DETALHADO: min is 0, max is 0, expanded min is /ccnx.org/test/SyncTestRepo-15-01-15-18.20.23/ccnSyncTest/slice10/round11/randomFile/=FD054B82F588B4/=00/=862C3C8C527D6B204E7FCD4EAF121546BFBA9E26B978EC9010B0DB73EDD734F0, expanded max is /ccnx.org/test/SyncTestRepo-15-01-15-18.20.23/ccnSyncTest/slice10/randomFile/=FD054B82F53F79/%C1.META.M/.header/=FD054B82F53FB2/=00/=18F7ABCFFBD0912243186C9F3D6A45A3E28959A7EF8B922DD636A13DE75A55AC
Jan 15, 2015 6:21:39 PM org.ccnx.ccn.impl.sync.NodeBuilder createHeadRecursive
O MAIS DETALHADO: Creating new compound node - with first element =05D95348B35DA1736365107BDACCCE484DA8B6A14DCCF3832B16DDA212E3B0C032 and last element %039=5BF6C2B6118DFDE7151FF4B39535AB76EFD9C410EDEE3E1C67A005AE0278F3
Jan 15, 2015 6:21:39 PM org.ccnx.ccn.impl.sync.SliceComparator updateCurrent
INFORMAÇÕES: Resetting current to created head: %139=F702DD6CCF102C7E9438018921FEDD875B121A9CF2B538D550508B32048E62
Jan 15, 2015 6:21:39 PM org.ccnx.ccn.profiles.sync.SyncTestRepo checkCallbacks
DETALHADO: got segment 0
Jan 15, 2015 6:21:39 PM org.ccnx.ccn.profiles.sync.SyncTestRepo checkCallbacks
DETALHADO: received: [true, false] finished: [true, true]
Jan 15, 2015 6:21:39 PM org.ccnx.ccn.profiles.sync.SyncTestRepo checkCallbacks
DETALHADO: got the header
Jan 15, 2015 6:21:39 PM org.ccnx.ccn.profiles.sync.SyncTestRepo checkCallbacks
DETALHADO: received: [true, true] finished: [true, true]
Jan 15, 2015 6:21:39 PM org.ccnx.ccn.profiles.sync.SyncTestRepo checkCallbacks
DETALHADO: got all the segments!
Jan 15, 2015 6:21:39 PM org.ccnx.ccn.profiles.sync.SyncTestRepo checkCallbacks
DETALHADO: trying to loop again looking for segments
Jan 15, 2015 6:21:39 PM org.ccnx.ccn.profiles.sync.SyncTestRepo checkCallbacks
DETALHADO: done looping, returning.
Jan 15, 2015 6:21:39 PM org.ccnx.ccn.impl.CCNFlowControl <init>
INFORMAÇÕES: adding namespace: /ccnx.org/test/SyncTestRepo-15-01-15-18.20.23/ccnSyncTest/slice10/round30/randomFile
Jan 15, 2015 6:21:39 PM org.ccnx.ccn.impl.security.keys.BasicKeyManager getKeyLocator
INFORMAÇÕES: getKeyLocator: returning locator NAME: /ccnx.org/Users/root/Keys/%C1.M.K=009234ADEC47D19E3E6A2AF362D44E09AB6B71F43B1900BA0622FB45F2A5B7D9F6/=FD054AE7DE1000 KEY:-reba89rgbj1o6ata34t5eovcl4kho5s9pnv8nstq15q1ld4g9ga for key kjSt7EfRnj5qKvNi1E4Jq2tx9DsZALoGIvtF8qW32fY=
Jan 15, 2015 6:21:39 PM org.ccnx.ccn.io.CCNAbstractOutputStream <init>
INFORMAÇÕES: CCNAbstractOutputStream: /ccnx.org/test/SyncTestRepo-15-01-15-18.20.23/ccnSyncTest/slice10/round30/randomFile/=FD054B82F6364A blocksize is 4096
Jan 15, 2015 6:21:39 PM org.ccnx.ccn.io.CCNAbstractOutputStream startWrite
INFORMAÇÕES: CCNAbstractOutputStream: startWrite -- searching for keys.
Jan 15, 2015 6:21:39 PM org.ccnx.ccn.profiles.security.access.AccessControlManager keysForOutput
INFORMAÇÕES: keysForOutput: found an acm: (null)
Jan 15, 2015 6:21:39 PM org.ccnx.ccn.impl.repo.RepositoryFlowControl startWrite
INFORMAÇÕES: RepositoryFlowControl.startWrite called for name /ccnx.org/test/SyncTestRepo-15-01-15-18.20.23/ccnSyncTest/slice10/round30/randomFile/=FD054B82F6364A, shape STREAM
Jan 15, 2015 6:21:39 PM org.ccnx.ccn.impl.repo.RepositoryFlowControl handleContent
INFORMAÇÕES: handleContent: got potential repo message: /ccnx.org/test/SyncTestRepo-15-01-15-18.20.23/ccnSyncTest/slice10/round30/randomFile/=FD054B82F6364A/%C1.R.sw/%C1.N=00C4E6AE23588F0A06
Jan 15, 2015 6:21:39 PM org.ccnx.ccn.profiles.sync.SyncTestCommon writeFile
DETALHADO: bytes: 4096 block size: 4096 div: 1.0 ceil: 1
Jan 15, 2015 6:21:39 PM org.ccnx.ccn.profiles.sync.SyncTestCommon writeFile
DETALHADO: will write out a 4096 byte file, will have 2 segments (1 is a header)
Jan 15, 2015 6:21:39 PM org.ccnx.ccn.io.CCNOutputStream flushToNetwork
INFORMAÇÕES: flush: outputting to the segmenter, baseName /ccnx.org/test/SyncTestRepo-15-01-15-18.20.23/ccnSyncTest/slice10/round30/randomFile/=FD054B82F6364A basenameindex =00; 4096 bytes written, holding back 4096 flushing final blocks? false.
Jan 15, 2015 6:21:39 PM org.ccnx.ccn.io.CCNOutputStream flushToNetwork
INFORMAÇÕES: HEADER: CCNOutputStream: flushToNetwork: new _baseNameIndex 0
Jan 15, 2015 6:21:39 PM org.ccnx.ccn.io.CCNOutputStream flushToNetwork
INFORMAÇÕES: flush: outputting to the segmenter, baseName /ccnx.org/test/SyncTestRepo-15-01-15-18.20.23/ccnSyncTest/slice10/round30/randomFile/=FD054B82F6364A basenameindex =00; 4096 bytes written, holding back 4096 flushing final blocks? false.
Jan 15, 2015 6:21:39 PM org.ccnx.ccn.io.CCNOutputStream flushToNetwork
INFORMAÇÕES: HEADER: CCNOutputStream: flushToNetwork: new _baseNameIndex 0
Jan 15, 2015 6:21:39 PM org.ccnx.ccn.io.CCNOutputStream flushToNetwork
INFORMAÇÕES: flush: outputting to the segmenter, baseName /ccnx.org/test/SyncTestRepo-15-01-15-18.20.23/ccnSyncTest/slice10/round30/randomFile/=FD054B82F6364A basenameindex =00; 4096 bytes written, holding back 0 flushing final blocks? true.
Jan 15, 2015 6:21:39 PM org.ccnx.ccn.io.CCNOutputStream flushToNetwork
INFORMAÇÕES: HEADER: CCNOutputStream: flushToNetwork: new _baseNameIndex 1
Jan 15, 2015 6:21:39 PM org.ccnx.ccn.io.CCNAbstractOutputStream <init>
INFORMAÇÕES: CCNAbstractOutputStream: /ccnx.org/test/SyncTestRepo-15-01-15-18.20.23/ccnSyncTest/slice10/round30/randomFile/=FD054B82F6364A/%C1.META.M/.header/=FD054B82F63683 blocksize is 4096
Jan 15, 2015 6:21:39 PM org.ccnx.ccn.io.CCNAbstractOutputStream startWrite
INFORMAÇÕES: CCNAbstractOutputStream: startWrite -- searching for keys.
Jan 15, 2015 6:21:39 PM org.ccnx.ccn.profiles.security.access.AccessControlManager keysForOutput
INFORMAÇÕES: keysForOutput: found an acm: (null)
Jan 15, 2015 6:21:39 PM org.ccnx.ccn.impl.repo.RepositoryFlowControl startWrite
INFORMAÇÕES: RepositoryFlowControl.startWrite called for name /ccnx.org/test/SyncTestRepo-15-01-15-18.20.23/ccnSyncTest/slice10/round30/randomFile/=FD054B82F6364A/%C1.META.M/.header/=FD054B82F63683, shape STREAM
Jan 15, 2015 6:21:39 PM org.ccnx.ccn.impl.repo.RepositoryFlowControl handleContent
INFORMAÇÕES: handleContent: got potential repo message: /ccnx.org/test/SyncTestRepo-15-01-15-18.20.23/ccnSyncTest/slice10/round30/randomFile/=FD054B82F6364A/%C1.META.M/.header/=FD054B82F63683/%C1.R.sw/%C1.N=00C9E9D523601F5135
Jan 15, 2015 6:21:39 PM org.ccnx.ccn.io.CCNOutputStream flushToNetwork
INFORMAÇÕES: flush: outputting to the segmenter, baseName /ccnx.org/test/SyncTestRepo-15-01-15-18.20.23/ccnSyncTest/slice10/round30/randomFile/=FD054B82F6364A/%C1.META.M/.header/=FD054B82F63683 basenameindex =00; 66 bytes written, holding back 66 flushing final blocks? false.
Jan 15, 2015 6:21:39 PM org.ccnx.ccn.io.CCNOutputStream flushToNetwork
INFORMAÇÕES: HEADER: CCNOutputStream: flushToNetwork: new _baseNameIndex 0
Jan 15, 2015 6:21:39 PM org.ccnx.ccn.io.CCNOutputStream flushToNetwork
INFORMAÇÕES: flush: outputting to the segmenter, baseName /ccnx.org/test/SyncTestRepo-15-01-15-18.20.23/ccnSyncTest/slice10/round30/randomFile/=FD054B82F6364A/%C1.META.M/.header/=FD054B82F63683 basenameindex =00; 66 bytes written, holding back 66 flushing final blocks? false.
Jan 15, 2015 6:21:39 PM org.ccnx.ccn.io.CCNOutputStream flushToNetwork
INFORMAÇÕES: HEADER: CCNOutputStream: flushToNetwork: new _baseNameIndex 0
Jan 15, 2015 6:21:39 PM org.ccnx.ccn.io.CCNOutputStream flushToNetwork
INFORMAÇÕES: flush: outputting to the segmenter, baseName /ccnx.org/test/SyncTestRepo-15-01-15-18.20.23/ccnSyncTest/slice10/round30/randomFile/=FD054B82F6364A/%C1.META.M/.header/=FD054B82F63683 basenameindex =00; 66 bytes written, holding back 0 flushing final blocks? true.
Jan 15, 2015 6:21:39 PM org.ccnx.ccn.io.CCNOutputStream flushToNetwork
INFORMAÇÕES: HEADER: CCNOutputStream: flushToNetwork: new _baseNameIndex 1
Jan 15, 2015 6:21:39 PM org.ccnx.ccn.impl.sync.ProtocolBasedSyncMonitor handleContent
INFORMAÇÕES: Saw new content from sync: /ccnx.org/test/SyncTestRepo-15-01-15-18.20.23/topoPrefix/%C1.S.ra/x%E7U.=86853EF050D99AC7B6E19C29B7AECFA1B2568CAD74E733BCB2443F63/%139=F702DD6CCF102C7E9438018921FEDD875B121A9CF2B538D550508B32048E62/%13O=95E23AF169568909A08960DA090D338E83EC34D4DEC2E7238BF42CAB10EE9D
Jan 15, 2015 6:21:39 PM org.ccnx.ccn.io.CCNOutputStream close
INFORMAÇÕES: CCNOutputStream close: /ccnx.org/test/SyncTestRepo-15-01-15-18.20.23/ccnSyncTest/slice10/round30/randomFile/=FD054B82F6364A/%C1.META.M/.header/=FD054B82F63683
Jan 15, 2015 6:21:39 PM org.ccnx.ccn.io.CCNOutputStream close
INFORMAÇÕES: CCNOutputStream close: /ccnx.org/test/SyncTestRepo-15-01-15-18.20.23/ccnSyncTest/slice10/round30/randomFile/=FD054B82F6364A
Jan 15, 2015 6:21:39 PM org.ccnx.ccn.profiles.sync.SyncTestCommon writeFile
INFORMAÇÕES: Wrote file to repository: /ccnx.org/test/SyncTestRepo-15-01-15-18.20.23/ccnSyncTest/slice10/round30/randomFile/=FD054B82F6364A with 2 segments
Jan 15, 2015 6:21:39 PM org.ccnx.ccn.profiles.sync.SyncTestRepo checkCallbacks
DETALHADO: checking for callbacks:  /ccnx.org/test/SyncTestRepo-15-01-15-18.20.23/ccnSyncTest/slice10/round30 segments: 2
Jan 15, 2015 6:21:39 PM org.ccnx.ccn.impl.sync.SliceComparator run
DETALHADO: Starting comparator run - state is INIT, sc is org.ccnx.ccn.impl.sync.SliceComparator@ca0898b, this is the lead
Jan 15, 2015 6:21:39 PM org.ccnx.ccn.impl.encoding.BinaryXMLDecoder setElement
INFORMAÇÕES: Reset decode array sizes to 150
Jan 15, 2015 6:21:39 PM org.ccnx.ccn.io.content.SyncNodeComposite decodeLogging
O MAIS DETALHADO: decode node for %13O=95E23AF169568909A08960DA090D338E83EC34D4DEC2E7238BF42CAB10EE9D depth = 2 refs = 3
Jan 15, 2015 6:21:39 PM org.ccnx.ccn.io.content.SyncNodeComposite decodeLogging
O MAIS DETALHADO: min is 0, max is 0, expanded min is /ccnx.org/test/SyncTestRepo-15-01-15-18.20.23/ccnSyncTest/slice10/round11/randomFile/=FD054B82F588B4/=00/=862C3C8C527D6B204E7FCD4EAF121546BFBA9E26B978EC9010B0DB73EDD734F0, expanded max is /ccnx.org/test/SyncTestRepo-15-01-15-18.20.23/ccnSyncTest/slice10/randomFile/=FD054B82F53F79/%C1.META.M/.header/=FD054B82F53FB2/=00/=18F7ABCFFBD0912243186C9F3D6A45A3E28959A7EF8B922DD636A13DE75A55AC
Jan 15, 2015 6:21:39 PM org.ccnx.ccn.impl.sync.SliceComparator run
INFORMAÇÕES: Starting new round with X = %139=F702DD6CCF102C7E9438018921FEDD875B121A9CF2B538D550508B32048E62 and Y = %13O=95E23AF169568909A08960DA090D338E83EC34D4DEC2E7238BF42CAB10EE9D
Jan 15, 2015 6:21:39 PM org.ccnx.ccn.impl.sync.ProtocolBasedSyncMonitor requestNode
DETALHADO: Requesting node for hash: /ccnx.org/test/SyncTestRepo-15-01-15-18.20.23/topoPrefix/%C1.S.nf/x%E7U.=86853EF050D99AC7B6E19C29B7AECFA1B2568CAD74E733BCB2443F63/%08~%A1V=21146E93B0EDD844BDE68487483DF2A07CE5E01AF411992A0E5F76A7DE
Jan 15, 2015 6:21:39 PM org.ccnx.ccn.impl.sync.SliceComparator doComparison
O MAIS DETALHADO: Skipping covered subentry =05D95348B35DA1736365107BDACCCE484DA8B6A14DCCF3832B16DDA212E3B0C032
Jan 15, 2015 6:21:39 PM org.ccnx.ccn.impl.sync.SliceComparator doComparison
O MAIS DETALHADO: Skipping covered subentry =04F7A143667F594F74B6B7C8C826B63D9DA7DAAA6A220B24C7FB15280B67E9868D
Jan 15, 2015 6:21:39 PM org.ccnx.ccn.impl.sync.SliceComparator doComparison
O MAIS DETALHADO: Compare NODE %139=F702DD6CCF102C7E9438018921FEDD875B121A9CF2B538D550508B32048E62 to NODE %13O=95E23AF169568909A08960DA090D338E83EC34D4DEC2E7238BF42CAB10EE9D
Jan 15, 2015 6:21:39 PM org.ccnx.ccn.impl.sync.SliceComparator doComparison
O MAIS DETALHADO: pos X is 0, pos Y is 2
Jan 15, 2015 6:21:39 PM org.ccnx.ccn.impl.sync.SliceComparator.NodeFetchHandler handleContent
DETALHADO: Saw data from nodefind: hash: %08~%A1V=21146E93B0EDD844BDE68487483DF2A07CE5E01AF411992A0E5F76A7DE
Jan 15, 2015 6:21:39 PM org.ccnx.ccn.io.content.SyncNodeComposite decodeLogging
O MAIS DETALHADO: decode node for %08~%A1V=21146E93B0EDD844BDE68487483DF2A07CE5E01AF411992A0E5F76A7DE depth = 1 refs = 21
Jan 15, 2015 6:21:39 PM org.ccnx.ccn.io.content.SyncNodeComposite decodeLogging
O MAIS DETALHADO: min is 0, max is 0, expanded min is /ccnx.org/test/SyncTestRepo-15-01-15-18.20.23/ccnSyncTest/slice10/round21/randomFile/=FD054B82F5E41D/=00/%81v=11100BD1950F5228760141B55709E0A91045B40720DAB0782DCC6F0256FF, expanded max is /ccnx.org/test/SyncTestRepo-15-01-15-18.20.23/ccnSyncTest/slice10/randomFile/=FD054B82F53F79/%C1.META.M/.header/=FD054B82F53FB2/=00/=18F7ABCFFBD0912243186C9F3D6A45A3E28959A7EF8B922DD636A13DE75A55AC
Jan 15, 2015 6:21:39 PM org.ccnx.ccn.impl.sync.SliceComparator doComparison
O MAIS DETALHADO: Pushing X entry =05D95348B35DA1736365107BDACCCE484DA8B6A14DCCF3832B16DDA212E3B0C032 and Y entry %08~%A1V=21146E93B0EDD844BDE68487483DF2A07CE5E01AF411992A0E5F76A7DE
Jan 15, 2015 6:21:39 PM org.ccnx.ccn.impl.sync.SliceComparator doComparison
O MAIS DETALHADO: Compare LEAF =05D95348B35DA1736365107BDACCCE484DA8B6A14DCCF3832B16DDA212E3B0C032 to LEAF %08~%A1V=21146E93B0EDD844BDE68487483DF2A07CE5E01AF411992A0E5F76A7DE
Jan 15, 2015 6:21:39 PM org.ccnx.ccn.impl.sync.SliceComparator doComparison
O MAIS DETALHADO: name X is 0, pos X is 0, name Y is 0, pos Y is 0 comp is -1
Jan 15, 2015 6:21:39 PM org.ccnx.ccn.impl.sync.SliceComparator doComparison
O MAIS DETALHADO: name X (expanded) is /ccnx.org/test/SyncTestRepo-15-01-15-18.20.23/ccnSyncTest/slice10/round11/randomFile/=FD054B82F588B4/=00/=862C3C8C527D6B204E7FCD4EAF121546BFBA9E26B978EC9010B0DB73EDD734F0, name Y (expanded) is /ccnx.org/test/SyncTestRepo-15-01-15-18.20.23/ccnSyncTest/slice10/round21/randomFile/=FD054B82F5E41D/=00/%81v=11100BD1950F5228760141B55709E0A91045B40720DAB0782DCC6F0256FF
Jan 15, 2015 6:21:39 PM org.ccnx.ccn.impl.sync.SliceComparator doComparison
O MAIS DETALHADO: Shortcut - popping X back to %139=F702DD6CCF102C7E9438018921FEDD875B121A9CF2B538D550508B32048E62, pos 1
Jan 15, 2015 6:21:39 PM org.ccnx.ccn.impl.sync.SliceComparator doComparison
O MAIS DETALHADO: Compare NODE %139=F702DD6CCF102C7E9438018921FEDD875B121A9CF2B538D550508B32048E62 to LEAF %08~%A1V=21146E93B0EDD844BDE68487483DF2A07CE5E01AF411992A0E5F76A7DE, resMin is 1, resMax is -1
Jan 15, 2015 6:21:39 PM org.ccnx.ccn.impl.sync.SliceComparator doComparison
O MAIS DETALHADO: minname is 0, maxname is 0, pos X is 1, pos Y is 0
Jan 15, 2015 6:21:39 PM org.ccnx.ccn.impl.sync.SliceComparator doComparison
O MAIS DETALHADO: Compare LEAF =04F7A143667F594F74B6B7C8C826B63D9DA7DAAA6A220B24C7FB15280B67E9868D to LEAF %08~%A1V=21146E93B0EDD844BDE68487483DF2A07CE5E01AF411992A0E5F76A7DE
Jan 15, 2015 6:21:39 PM org.ccnx.ccn.impl.sync.SliceComparator doComparison
O MAIS DETALHADO: name X is 0, pos X is 0, name Y is 0, pos Y is 0 comp is -1
Jan 15, 2015 6:21:39 PM org.ccnx.ccn.impl.sync.SliceComparator doComparison
O MAIS DETALHADO: name X (expanded) is /ccnx.org/test/SyncTestRepo-15-01-15-18.20.23/ccnSyncTest/slice10/round16/randomFile/=FD054B82F5B673/=00/pU=A6A22546186B9FAC4EB8A07C1FBB995F82DA30BC632446C0DCD7E521AAF7, name Y (expanded) is /ccnx.org/test/SyncTestRepo-15-01-15-18.20.23/ccnSyncTest/slice10/round21/randomFile/=FD054B82F5E41D/=00/%81v=11100BD1950F5228760141B55709E0A91045B40720DAB0782DCC6F0256FF
Jan 15, 2015 6:21:39 PM org.ccnx.ccn.impl.sync.SliceComparator doComparison
O MAIS DETALHADO: Shortcut - popping X back to %139=F702DD6CCF102C7E9438018921FEDD875B121A9CF2B538D550508B32048E62, pos 2
Jan 15, 2015 6:21:39 PM org.ccnx.ccn.impl.sync.SliceComparator doComparison
O MAIS DETALHADO: Compare NODE %139=F702DD6CCF102C7E9438018921FEDD875B121A9CF2B538D550508B32048E62 to LEAF %08~%A1V=21146E93B0EDD844BDE68487483DF2A07CE5E01AF411992A0E5F76A7DE, resMin is 1, resMax is -1
Jan 15, 2015 6:21:39 PM org.ccnx.ccn.impl.sync.SliceComparator doComparison
O MAIS DETALHADO: minname is 0, maxname is 0, pos X is 2, pos Y is 0
Jan 15, 2015 6:21:39 PM org.ccnx.ccn.impl.sync.SliceComparator doComparison
O MAIS DETALHADO: Compare LEAF =052FA68000D9C2BF567BB6D369E2084346BFD9EC9E9D061F07A6F5E6673867CEB0 to LEAF %08~%A1V=21146E93B0EDD844BDE68487483DF2A07CE5E01AF411992A0E5F76A7DE
Jan 15, 2015 6:21:39 PM org.ccnx.ccn.impl.sync.SliceComparator doComparison
O MAIS DETALHADO: name X is 0, pos X is 0, name Y is 0, pos Y is 0 comp is 0
Jan 15, 2015 6:21:39 PM org.ccnx.ccn.impl.sync.SliceComparator doComparison
O MAIS DETALHADO: name X (expanded) is /ccnx.org/test/SyncTestRepo-15-01-15-18.20.23/ccnSyncTest/slice10/round21/randomFile/=FD054B82F5E41D/=00/%81v=11100BD1950F5228760141B55709E0A91045B40720DAB0782DCC6F0256FF, name Y (expanded) is /ccnx.org/test/SyncTestRepo-15-01-15-18.20.23/ccnSyncTest/slice10/round21/randomFile/=FD054B82F5E41D/=00/%81v=11100BD1950F5228760141B55709E0A91045B40720DAB0782DCC6F0256FF
Jan 15, 2015 6:21:39 PM org.ccnx.ccn.impl.sync.SliceComparator doComparison
O MAIS DETALHADO: Compare LEAF =052FA68000D9C2BF567BB6D369E2084346BFD9EC9E9D061F07A6F5E6673867CEB0 to LEAF %08~%A1V=21146E93B0EDD844BDE68487483DF2A07CE5E01AF411992A0E5F76A7DE
Jan 15, 2015 6:21:39 PM org.ccnx.ccn.impl.sync.SliceComparator doComparison
O MAIS DETALHADO: name X is 0, pos X is 1, name Y is 0, pos Y is 1 comp is 0
Jan 15, 2015 6:21:39 PM org.ccnx.ccn.impl.sync.SliceComparator doComparison
O MAIS DETALHADO: name X (expanded) is /ccnx.org/test/SyncTestRepo-15-01-15-18.20.23/ccnSyncTest/slice10/round21/randomFile/=FD054B82F5E41D/%C1.META.M/.header/=FD054B82F5E48B/=00/U=2BDDA4AFCB9BC8FBD9C3E9013EE52508639C0C2E623CE389011207E17837C6, name Y (expanded) is /ccnx.org/test/SyncTestRepo-15-01-15-18.20.23/ccnSyncTest/slice10/round21/randomFile/=FD054B82F5E41D/%C1.META.M/.header/=FD054B82F5E48B/=00/U=2BDDA4AFCB9BC8FBD9C3E9013EE52508639C0C2E623CE389011207E17837C6
Jan 15, 2015 6:21:39 PM org.ccnx.ccn.impl.sync.SliceComparator doComparison
O MAIS DETALHADO: Compare LEAF =052FA68000D9C2BF567BB6D369E2084346BFD9EC9E9D061F07A6F5E6673867CEB0 to LEAF %08~%A1V=21146E93B0EDD844BDE68487483DF2A07CE5E01AF411992A0E5F76A7DE
Jan 15, 2015 6:21:39 PM org.ccnx.ccn.impl.sync.SliceComparator doComparison
O MAIS DETALHADO: name X is 0, pos X is 2, name Y is 0, pos Y is 2 comp is 0
Jan 15, 2015 6:21:39 PM org.ccnx.ccn.impl.sync.SliceComparator doComparison
O MAIS DETALHADO: name X (expanded) is /ccnx.org/test/SyncTestRepo-15-01-15-18.20.23/ccnSyncTest/slice10/round22/randomFile/=FD054B82F5ED0E/=00/y%B7o=E1FE885DC462C96E59D02F922A9D0639E4FCB2982B9CBB5A9E266EC3FF, name Y (expanded) is /ccnx.org/test/SyncTestRepo-15-01-15-18.20.23/ccnSyncTest/slice10/round22/randomFile/=FD054B82F5ED0E/=00/y%B7o=E1FE885DC462C96E59D02F922A9D0639E4FCB2982B9CBB5A9E266EC3FF
Jan 15, 2015 6:21:39 PM org.ccnx.ccn.impl.sync.SliceComparator doComparison
O MAIS DETALHADO: Compare LEAF =052FA68000D9C2BF567BB6D369E2084346BFD9EC9E9D061F07A6F5E6673867CEB0 to LEAF %08~%A1V=21146E93B0EDD844BDE68487483DF2A07CE5E01AF411992A0E5F76A7DE
Jan 15, 2015 6:21:39 PM org.ccnx.ccn.impl.sync.SliceComparator doComparison
O MAIS DETALHADO: name X is 0, pos X is 3, name Y is 0, pos Y is 3 comp is 0
Jan 15, 2015 6:21:39 PM org.ccnx.ccn.impl.sync.SliceComparator doComparison
O MAIS DETALHADO: name X (expanded) is /ccnx.org/test/SyncTestRepo-15-01-15-18.20.23/ccnSyncTest/slice10/round22/randomFile/=FD054B82F5ED0E/%C1.META.M/.header/=FD054B82F5ED48/=00/=AF85132C57917D740BDC2F924FE603AE05A674D6BECF07105345134E4164E529, name Y (expanded) is /ccnx.org/test/SyncTestRepo-15-01-15-18.20.23/ccnSyncTest/slice10/round22/randomFile/=FD054B82F5ED0E/%C1.META.M/.header/=FD054B82F5ED48/=00/=AF85132C57917D740BDC2F924FE603AE05A674D6BECF07105345134E4164E529
Jan 15, 2015 6:21:39 PM org.ccnx.ccn.impl.sync.SliceComparator doComparison
O MAIS DETALHADO: Compare LEAF =052FA68000D9C2BF567BB6D369E2084346BFD9EC9E9D061F07A6F5E6673867CEB0 to LEAF %08~%A1V=21146E93B0EDD844BDE68487483DF2A07CE5E01AF411992A0E5F76A7DE
Jan 15, 2015 6:21:39 PM org.ccnx.ccn.impl.sync.SliceComparator doComparison
O MAIS DETALHADO: name X is 0, pos X is 4, name Y is 0, pos Y is 4 comp is 0
Jan 15, 2015 6:21:39 PM org.ccnx.ccn.impl.sync.SliceComparator doComparison
O MAIS DETALHADO: name X (expanded) is /ccnx.org/test/SyncTestRepo-15-01-15-18.20.23/ccnSyncTest/slice10/round23/randomFile/=FD054B82F5F639/=00/=90913F0035EA159FEED7E50A50458B36DDE7918F5F7955C163CDA5C718B574B7, name Y (expanded) is /ccnx.org/test/SyncTestRepo-15-01-15-18.20.23/ccnSyncTest/slice10/round23/randomFile/=FD054B82F5F639/=00/=90913F0035EA159FEED7E50A50458B36DDE7918F5F7955C163CDA5C718B574B7
Jan 15, 2015 6:21:39 PM org.ccnx.ccn.impl.sync.SliceComparator doComparison
O MAIS DETALHADO: Compare LEAF =052FA68000D9C2BF567BB6D369E2084346BFD9EC9E9D061F07A6F5E6673867CEB0 to LEAF %08~%A1V=21146E93B0EDD844BDE68487483DF2A07CE5E01AF411992A0E5F76A7DE
Jan 15, 2015 6:21:39 PM org.ccnx.ccn.impl.sync.SliceComparator doComparison
O MAIS DETALHADO: name X is 0, pos X is 5, name Y is 0, pos Y is 5 comp is 0
Jan 15, 2015 6:21:39 PM org.ccnx.ccn.impl.sync.SliceComparator doComparison
O MAIS DETALHADO: name X (expanded) is /ccnx.org/test/SyncTestRepo-15-01-15-18.20.23/ccnSyncTest/slice10/round23/randomFile/=FD054B82F5F639/%C1.META.M/.header/=FD054B82F5F67B/=00/2=21E841E2E9D639FFEA27D95B6AAFD229074D9972A4373B9076301ED559F9C4, name Y (expanded) is /ccnx.org/test/SyncTestRepo-15-01-15-18.20.23/ccnSyncTest/slice10/round23/randomFile/=FD054B82F5F639/%C1.META.M/.header/=FD054B82F5F67B/=00/2=21E841E2E9D639FFEA27D95B6AAFD229074D9972A4373B9076301ED559F9C4
Jan 15, 2015 6:21:39 PM org.ccnx.ccn.impl.sync.SliceComparator doComparison
O MAIS DETALHADO: Compare LEAF =052FA68000D9C2BF567BB6D369E2084346BFD9EC9E9D061F07A6F5E6673867CEB0 to LEAF %08~%A1V=21146E93B0EDD844BDE68487483DF2A07CE5E01AF411992A0E5F76A7DE
Jan 15, 2015 6:21:39 PM org.ccnx.ccn.impl.sync.SliceComparator doComparison
O MAIS DETALHADO: name X is 0, pos X is 6, name Y is 0, pos Y is 6 comp is 0
Jan 15, 2015 6:21:39 PM org.ccnx.ccn.impl.sync.SliceComparator doComparison
O MAIS DETALHADO: name X (expanded) is /ccnx.org/test/SyncTestRepo-15-01-15-18.20.23/ccnSyncTest/slice10/round24/randomFile/=FD054B82F5FF64/=00/=EAE3BE028BED84466DD9599174AEF02EF195603635C62DBC39ABA1C11E44AF4A, name Y (expanded) is /ccnx.org/test/SyncTestRepo-15-01-15-18.20.23/ccnSyncTest/slice10/round24/randomFile/=FD054B82F5FF64/=00/=EAE3BE028BED84466DD9599174AEF02EF195603635C62DBC39ABA1C11E44AF4A
Jan 15, 2015 6:21:39 PM org.ccnx.ccn.impl.sync.SliceComparator doComparison
O MAIS DETALHADO: Compare LEAF =052FA68000D9C2BF567BB6D369E2084346BFD9EC9E9D061F07A6F5E6673867CEB0 to LEAF %08~%A1V=21146E93B0EDD844BDE68487483DF2A07CE5E01AF411992A0E5F76A7DE
Jan 15, 2015 6:21:39 PM org.ccnx.ccn.impl.sync.SliceComparator doComparison
O MAIS DETALHADO: name X is 0, pos X is 7, name Y is 0, pos Y is 7 comp is 0
Jan 15, 2015 6:21:39 PM org.ccnx.ccn.impl.sync.SliceComparator doComparison
O MAIS DETALHADO: name X (expanded) is /ccnx.org/test/SyncTestRepo-15-01-15-18.20.23/ccnSyncTest/slice10/round24/randomFile/=FD054B82F5FF64/%C1.META.M/.header/=FD054B82F5FF9E/=00/%2Bm=D83EF551DEE8EC94F85B410AD90D67F6D717E07E74BEFC7F25CF69C0A77D, name Y (expanded) is /ccnx.org/test/SyncTestRepo-15-01-15-18.20.23/ccnSyncTest/slice10/round24/randomFile/=FD054B82F5FF64/%C1.META.M/.header/=FD054B82F5FF9E/=00/%2Bm=D83EF551DEE8EC94F85B410AD90D67F6D717E07E74BEFC7F25CF69C0A77D
Jan 15, 2015 6:21:39 PM org.ccnx.ccn.impl.sync.SliceComparator doComparison
O MAIS DETALHADO: Compare LEAF =052FA68000D9C2BF567BB6D369E2084346BFD9EC9E9D061F07A6F5E6673867CEB0 to LEAF %08~%A1V=21146E93B0EDD844BDE68487483DF2A07CE5E01AF411992A0E5F76A7DE
Jan 15, 2015 6:21:39 PM org.ccnx.ccn.impl.sync.SliceComparator doComparison
O MAIS DETALHADO: name X is 0, pos X is 8, name Y is 0, pos Y is 8 comp is 0
Jan 15, 2015 6:21:39 PM org.ccnx.ccn.impl.sync.SliceComparator doComparison
O MAIS DETALHADO: name X (expanded) is /ccnx.org/test/SyncTestRepo-15-01-15-18.20.23/ccnSyncTest/slice10/round25/randomFile/=FD054B82F60887/=00/=D401258329B8D5F501388F7775E35E1196A2B7D8DD50C6549F804F87D7CCE5E4, name Y (expanded) is /ccnx.org/test/SyncTestRepo-15-01-15-18.20.23/ccnSyncTest/slice10/round25/randomFile/=FD054B82F60887/=00/=D401258329B8D5F501388F7775E35E1196A2B7D8DD50C6549F804F87D7CCE5E4
Jan 15, 2015 6:21:39 PM org.ccnx.ccn.impl.sync.SliceComparator doComparison
O MAIS DETALHADO: Compare LEAF =052FA68000D9C2BF567BB6D369E2084346BFD9EC9E9D061F07A6F5E6673867CEB0 to LEAF %08~%A1V=21146E93B0EDD844BDE68487483DF2A07CE5E01AF411992A0E5F76A7DE
Jan 15, 2015 6:21:39 PM org.ccnx.ccn.impl.sync.SliceComparator doComparison
O MAIS DETALHADO: name X is 0, pos X is 9, name Y is 0, pos Y is 9 comp is 0
Jan 15, 2015 6:21:39 PM org.ccnx.ccn.impl.sync.SliceComparator doComparison
O MAIS DETALHADO: name X (expanded) is /ccnx.org/test/SyncTestRepo-15-01-15-18.20.23/ccnSyncTest/slice10/round25/randomFile/=FD054B82F60887/%C1.META.M/.header/=FD054B82F608C5/=00/=82C22B37043F8E4774A60D4BA7B10EE83D02C34139682C40B38D4BA83237EB9D, name Y (expanded) is /ccnx.org/test/SyncTestRepo-15-01-15-18.20.23/ccnSyncTest/slice10/round25/randomFile/=FD054B82F60887/%C1.META.M/.header/=FD054B82F608C5/=00/=82C22B37043F8E4774A60D4BA7B10EE83D02C34139682C40B38D4BA83237EB9D
Jan 15, 2015 6:21:39 PM org.ccnx.ccn.impl.sync.SliceComparator doComparison
O MAIS DETALHADO: Compare NODE %139=F702DD6CCF102C7E9438018921FEDD875B121A9CF2B538D550508B32048E62 to LEAF %08~%A1V=21146E93B0EDD844BDE68487483DF2A07CE5E01AF411992A0E5F76A7DE, resMin is 1, resMax is -1
Jan 15, 2015 6:21:39 PM org.ccnx.ccn.impl.sync.SliceComparator doComparison
O MAIS DETALHADO: minname is 0, maxname is 0, pos X is 3, pos Y is 10
Jan 15, 2015 6:21:39 PM org.ccnx.ccn.impl.sync.SliceComparator doComparison
O MAIS DETALHADO: Compare LEAF %039=5BF6C2B6118DFDE7151FF4B39535AB76EFD9C410EDEE3E1C67A005AE0278F3 to LEAF %08~%A1V=21146E93B0EDD844BDE68487483DF2A07CE5E01AF411992A0E5F76A7DE
Jan 15, 2015 6:21:39 PM org.ccnx.ccn.impl.sync.SliceComparator doComparison
O MAIS DETALHADO: name X is 0, pos X is 0, name Y is 0, pos Y is 10 comp is 0
Jan 15, 2015 6:21:39 PM org.ccnx.ccn.impl.sync.SliceComparator doComparison
O MAIS DETALHADO: name X (expanded) is /ccnx.org/test/SyncTestRepo-15-01-15-18.20.23/ccnSyncTest/slice10/round26/randomFile/=FD054B82F611AE/=00/=A59ED751E0429923E44E0411791301D0EAD05D219F65D4C0877CB9C9BAE5F22C, name Y (expanded) is /ccnx.org/test/SyncTestRepo-15-01-15-18.20.23/ccnSyncTest/slice10/round26/randomFile/=FD054B82F611AE/=00/=A59ED751E0429923E44E0411791301D0EAD05D219F65D4C0877CB9C9BAE5F22C
Jan 15, 2015 6:21:39 PM org.ccnx.ccn.impl.sync.SliceComparator doComparison
O MAIS DETALHADO: Compare LEAF %039=5BF6C2B6118DFDE7151FF4B39535AB76EFD9C410EDEE3E1C67A005AE0278F3 to LEAF %08~%A1V=21146E93B0EDD844BDE68487483DF2A07CE5E01AF411992A0E5F76A7DE
Jan 15, 2015 6:21:39 PM org.ccnx.ccn.impl.sync.SliceComparator doComparison
O MAIS DETALHADO: name X is 0, pos X is 1, name Y is 0, pos Y is 11 comp is 0
Jan 15, 2015 6:21:39 PM org.ccnx.ccn.impl.sync.SliceComparator doComparison
O MAIS DETALHADO: name X (expanded) is /ccnx.org/test/SyncTestRepo-15-01-15-18.20.23/ccnSyncTest/slice10/round26/randomFile/=FD054B82F611AE/%C1.META.M/.header/=FD054B82F611E7/=00/=9EBAE60D54D897D77C833F45C156C812656F54B751CB2BA418FC204F097E20FD, name Y (expanded) is /ccnx.org/test/SyncTestRepo-15-01-15-18.20.23/ccnSyncTest/slice10/round26/randomFile/=FD054B82F611AE/%C1.META.M/.header/=FD054B82F611E7/=00/=9EBAE60D54D897D77C833F45C156C812656F54B751CB2BA418FC204F097E20FD
Jan 15, 2015 6:21:39 PM org.ccnx.ccn.impl.sync.SliceComparator doComparison
O MAIS DETALHADO: Compare LEAF %039=5BF6C2B6118DFDE7151FF4B39535AB76EFD9C410EDEE3E1C67A005AE0278F3 to LEAF %08~%A1V=21146E93B0EDD844BDE68487483DF2A07CE5E01AF411992A0E5F76A7DE
Jan 15, 2015 6:21:39 PM org.ccnx.ccn.impl.sync.SliceComparator doComparison
O MAIS DETALHADO: name X is 0, pos X is 2, name Y is 0, pos Y is 12 comp is 0
Jan 15, 2015 6:21:39 PM org.ccnx.ccn.impl.sync.SliceComparator doComparison
O MAIS DETALHADO: name X (expanded) is /ccnx.org/test/SyncTestRepo-15-01-15-18.20.23/ccnSyncTest/slice10/round27/randomFile/=FD054B82F61ADD/=00/-=8DD4FE13275029C1DBB2816F77D6FA6E6A2158729CC8A05E0A94EECE41F4C4, name Y (expanded) is /ccnx.org/test/SyncTestRepo-15-01-15-18.20.23/ccnSyncTest/slice10/round27/randomFile/=FD054B82F61ADD/=00/-=8DD4FE13275029C1DBB2816F77D6FA6E6A2158729CC8A05E0A94EECE41F4C4
Jan 15, 2015 6:21:39 PM org.ccnx.ccn.impl.sync.SliceComparator doComparison
O MAIS DETALHADO: Compare LEAF %039=5BF6C2B6118DFDE7151FF4B39535AB76EFD9C410EDEE3E1C67A005AE0278F3 to LEAF %08~%A1V=21146E93B0EDD844BDE68487483DF2A07CE5E01AF411992A0E5F76A7DE
Jan 15, 2015 6:21:39 PM org.ccnx.ccn.impl.sync.SliceComparator doComparison
O MAIS DETALHADO: name X is 0, pos X is 3, name Y is 0, pos Y is 13 comp is 0
Jan 15, 2015 6:21:39 PM org.ccnx.ccn.impl.sync.SliceComparator doComparison
O MAIS DETALHADO: name X (expanded) is /ccnx.org/test/SyncTestRepo-15-01-15-18.20.23/ccnSyncTest/slice10/round27/randomFile/=FD054B82F61ADD/%C1.META.M/.header/=FD054B82F61B1B/=00/%1Cb=9B885FE399DA7CACD8BC9E70709162569C81FE27BFE130CFFF30A9C26E97, name Y (expanded) is /ccnx.org/test/SyncTestRepo-15-01-15-18.20.23/ccnSyncTest/slice10/round27/randomFile/=FD054B82F61ADD/%C1.META.M/.header/=FD054B82F61B1B/=00/%1Cb=9B885FE399DA7CACD8BC9E70709162569C81FE27BFE130CFFF30A9C26E97
Jan 15, 2015 6:21:39 PM org.ccnx.ccn.impl.sync.SliceComparator doComparison
O MAIS DETALHADO: Compare LEAF %039=5BF6C2B6118DFDE7151FF4B39535AB76EFD9C410EDEE3E1C67A005AE0278F3 to LEAF %08~%A1V=21146E93B0EDD844BDE68487483DF2A07CE5E01AF411992A0E5F76A7DE
Jan 15, 2015 6:21:39 PM org.ccnx.ccn.impl.sync.SliceComparator doComparison
O MAIS DETALHADO: name X is 0, pos X is 4, name Y is 0, pos Y is 14 comp is 0
Jan 15, 2015 6:21:39 PM org.ccnx.ccn.impl.sync.SliceComparator doComparison
O MAIS DETALHADO: name X (expanded) is /ccnx.org/test/SyncTestRepo-15-01-15-18.20.23/ccnSyncTest/slice10/round28/randomFile/=FD054B82F62400/=00/=DF1EE0EB7C07C0545762A11F61243819C7197462A801936587E57454752CE720, name Y (expanded) is /ccnx.org/test/SyncTestRepo-15-01-15-18.20.23/ccnSyncTest/slice10/round28/randomFile/=FD054B82F62400/=00/=DF1EE0EB7C07C0545762A11F61243819C7197462A801936587E57454752CE720
Jan 15, 2015 6:21:39 PM org.ccnx.ccn.impl.sync.SliceComparator doComparison
O MAIS DETALHADO: Compare LEAF %039=5BF6C2B6118DFDE7151FF4B39535AB76EFD9C410EDEE3E1C67A005AE0278F3 to LEAF %08~%A1V=21146E93B0EDD844BDE68487483DF2A07CE5E01AF411992A0E5F76A7DE
Jan 15, 2015 6:21:39 PM org.ccnx.ccn.impl.sync.SliceComparator doComparison
O MAIS DETALHADO: name X is 0, pos X is 5, name Y is 0, pos Y is 15 comp is 0
Jan 15, 2015 6:21:39 PM org.ccnx.ccn.impl.sync.SliceComparator doComparison
O MAIS DETALHADO: name X (expanded) is /ccnx.org/test/SyncTestRepo-15-01-15-18.20.23/ccnSyncTest/slice10/round28/randomFile/=FD054B82F62400/%C1.META.M/.header/=FD054B82F62435/=00/=3AC3F1B952B25C43BBF861A434FEA1B34EE73DE2FDC2D5CC358E49C29DA78430, name Y (expanded) is /ccnx.org/test/SyncTestRepo-15-01-15-18.20.23/ccnSyncTest/slice10/round28/randomFile/=FD054B82F62400/%C1.META.M/.header/=FD054B82F62435/=00/=3AC3F1B952B25C43BBF861A434FEA1B34EE73DE2FDC2D5CC358E49C29DA78430
Jan 15, 2015 6:21:39 PM org.ccnx.ccn.impl.sync.SliceComparator doComparison
O MAIS DETALHADO: Compare LEAF %039=5BF6C2B6118DFDE7151FF4B39535AB76EFD9C410EDEE3E1C67A005AE0278F3 to LEAF %08~%A1V=21146E93B0EDD844BDE68487483DF2A07CE5E01AF411992A0E5F76A7DE
Jan 15, 2015 6:21:39 PM org.ccnx.ccn.impl.sync.SliceComparator doComparison
O MAIS DETALHADO: name X is 0, pos X is 6, name Y is 0, pos Y is 16 comp is 0
Jan 15, 2015 6:21:39 PM org.ccnx.ccn.impl.sync.SliceComparator doComparison
O MAIS DETALHADO: name X (expanded) is /ccnx.org/test/SyncTestRepo-15-01-15-18.20.23/ccnSyncTest/slice10/round29/randomFile/=FD054B82F62D23/=00/=03E714E924CFE656B888D7217D7E68FB02CD948652EF5F2148E9974CD13E928A, name Y (expanded) is /ccnx.org/test/SyncTestRepo-15-01-15-18.20.23/ccnSyncTest/slice10/round29/randomFile/=FD054B82F62D23/=00/=03E714E924CFE656B888D7217D7E68FB02CD948652EF5F2148E9974CD13E928A
Jan 15, 2015 6:21:39 PM org.ccnx.ccn.impl.sync.SliceComparator doComparison
O MAIS DETALHADO: Compare LEAF %039=5BF6C2B6118DFDE7151FF4B39535AB76EFD9C410EDEE3E1C67A005AE0278F3 to LEAF %08~%A1V=21146E93B0EDD844BDE68487483DF2A07CE5E01AF411992A0E5F76A7DE
Jan 15, 2015 6:21:39 PM org.ccnx.ccn.impl.sync.SliceComparator doComparison
O MAIS DETALHADO: name X is 0, pos X is 7, name Y is 0, pos Y is 17 comp is 0
Jan 15, 2015 6:21:39 PM org.ccnx.ccn.impl.sync.SliceComparator doComparison
O MAIS DETALHADO: name X (expanded) is /ccnx.org/test/SyncTestRepo-15-01-15-18.20.23/ccnSyncTest/slice10/round29/randomFile/=FD054B82F62D23/%C1.META.M/.header/=FD054B82F62D5C/=00/7=918556EEA9B21540F00444D4E3082E8C487B54377277BD8D322AD35666E966, name Y (expanded) is /ccnx.org/test/SyncTestRepo-15-01-15-18.20.23/ccnSyncTest/slice10/round29/randomFile/=FD054B82F62D23/%C1.META.M/.header/=FD054B82F62D5C/=00/7=918556EEA9B21540F00444D4E3082E8C487B54377277BD8D322AD35666E966
Jan 15, 2015 6:21:39 PM org.ccnx.ccn.impl.sync.SliceComparator doComparison
O MAIS DETALHADO: Compare LEAF %039=5BF6C2B6118DFDE7151FF4B39535AB76EFD9C410EDEE3E1C67A005AE0278F3 to LEAF %08~%A1V=21146E93B0EDD844BDE68487483DF2A07CE5E01AF411992A0E5F76A7DE
Jan 15, 2015 6:21:39 PM org.ccnx.ccn.impl.sync.SliceComparator doComparison
O MAIS DETALHADO: name X is 0, pos X is 8, name Y is 0, pos Y is 18 comp is 1
Jan 15, 2015 6:21:39 PM org.ccnx.ccn.impl.sync.SliceComparator doComparison
O MAIS DETALHADO: name X (expanded) is /ccnx.org/test/SyncTestRepo-15-01-15-18.20.23/ccnSyncTest/slice10/randomFile/=FD054B82F53F79/=00/=3CBEB0282FE72CD7F7CF0696455493A1CE4F4E488F469319834E10584FC5C583, name Y (expanded) is /ccnx.org/test/SyncTestRepo-15-01-15-18.20.23/ccnSyncTest/slice10/round30/randomFile/=FD054B82F6364A/=00/=159EDF5D849A465C8B0C515F50E70E560728DA1A37EC0DAE4E3BA3A1790C603B
Jan 15, 2015 6:21:39 PM org.ccnx.ccn.profiles.sync.SyncTestRepo doHandleContentName
INFORMAÇÕES: Number 1: Callback for name: /ccnx.org/test/SyncTestRepo-15-01-15-18.20.23/ccnSyncTest/slice10/round30/randomFile/=FD054B82F6364A/=00 - number is 0
Jan 15, 2015 6:21:39 PM org.ccnx.ccn.impl.sync.SliceComparator doComparison
O MAIS DETALHADO: Compare LEAF %039=5BF6C2B6118DFDE7151FF4B39535AB76EFD9C410EDEE3E1C67A005AE0278F3 to LEAF %08~%A1V=21146E93B0EDD844BDE68487483DF2A07CE5E01AF411992A0E5F76A7DE
Jan 15, 2015 6:21:39 PM org.ccnx.ccn.impl.sync.SliceComparator doComparison
O MAIS DETALHADO: name X is 0, pos X is 8, name Y is 0, pos Y is 19 comp is 0
Jan 15, 2015 6:21:39 PM org.ccnx.ccn.impl.sync.SliceComparator doComparison
O MAIS DETALHADO: name X (expanded) is /ccnx.org/test/SyncTestRepo-15-01-15-18.20.23/ccnSyncTest/slice10/randomFile/=FD054B82F53F79/=00/=3CBEB0282FE72CD7F7CF0696455493A1CE4F4E488F469319834E10584FC5C583, name Y (expanded) is /ccnx.org/test/SyncTestRepo-15-01-15-18.20.23/ccnSyncTest/slice10/randomFile/=FD054B82F53F79/=00/=3CBEB0282FE72CD7F7CF0696455493A1CE4F4E488F469319834E10584FC5C583
Jan 15, 2015 6:21:39 PM org.ccnx.ccn.impl.sync.SliceComparator doComparison
O MAIS DETALHADO: Compare LEAF %039=5BF6C2B6118DFDE7151FF4B39535AB76EFD9C410EDEE3E1C67A005AE0278F3 to LEAF %08~%A1V=21146E93B0EDD844BDE68487483DF2A07CE5E01AF411992A0E5F76A7DE
Jan 15, 2015 6:21:39 PM org.ccnx.ccn.impl.sync.SliceComparator doComparison
O MAIS DETALHADO: name X is 0, pos X is 9, name Y is 0, pos Y is 20 comp is 0
Jan 15, 2015 6:21:39 PM org.ccnx.ccn.impl.sync.SliceComparator doComparison
O MAIS DETALHADO: name X (expanded) is /ccnx.org/test/SyncTestRepo-15-01-15-18.20.23/ccnSyncTest/slice10/randomFile/=FD054B82F53F79/%C1.META.M/.header/=FD054B82F53FB2/=00/=18F7ABCFFBD0912243186C9F3D6A45A3E28959A7EF8B922DD636A13DE75A55AC, name Y (expanded) is /ccnx.org/test/SyncTestRepo-15-01-15-18.20.23/ccnSyncTest/slice10/randomFile/=FD054B82F53F79/%C1.META.M/.header/=FD054B82F53FB2/=00/=18F7ABCFFBD0912243186C9F3D6A45A3E28959A7EF8B922DD636A13DE75A55AC
Jan 15, 2015 6:21:39 PM org.ccnx.ccn.impl.sync.SliceComparator updateCurrent
O MAIS DETALHADO: Starting update from hash %139=F702DD6CCF102C7E9438018921FEDD875B121A9CF2B538D550508B32048E62
Jan 15, 2015 6:21:39 PM org.ccnx.ccn.impl.sync.SliceComparator updateCurrent
O MAIS DETALHADO: Update compare - moving to: =05D95348B35DA1736365107BDACCCE484DA8B6A14DCCF3832B16DDA212E3B0C032
Jan 15, 2015 6:21:39 PM org.ccnx.ccn.impl.sync.SliceComparator updateCurrent
O MAIS DETALHADO: Shortcut in update - popping back to %139=F702DD6CCF102C7E9438018921FEDD875B121A9CF2B538D550508B32048E62, pos 1
Jan 15, 2015 6:21:39 PM org.ccnx.ccn.impl.sync.SliceComparator updateCurrent
O MAIS DETALHADO: Update compare - moving to: =04F7A143667F594F74B6B7C8C826B63D9DA7DAAA6A220B24C7FB15280B67E9868D
Jan 15, 2015 6:21:39 PM org.ccnx.ccn.impl.sync.SliceComparator updateCurrent
O MAIS DETALHADO: Shortcut in update - popping back to %139=F702DD6CCF102C7E9438018921FEDD875B121A9CF2B538D550508B32048E62, pos 2
Jan 15, 2015 6:21:39 PM org.ccnx.ccn.impl.sync.SliceComparator updateCurrent
O MAIS DETALHADO: Update compare - moving to: =052FA68000D9C2BF567BB6D369E2084346BFD9EC9E9D061F07A6F5E6673867CEB0
Jan 15, 2015 6:21:39 PM org.ccnx.ccn.impl.sync.SliceComparator updateCurrent
O MAIS DETALHADO: Shortcut in update - popping back to %139=F702DD6CCF102C7E9438018921FEDD875B121A9CF2B538D550508B32048E62, pos 3
Jan 15, 2015 6:21:39 PM org.ccnx.ccn.impl.sync.SliceComparator updateCurrent
O MAIS DETALHADO: Update compare - moving to: %039=5BF6C2B6118DFDE7151FF4B39535AB76EFD9C410EDEE3E1C67A005AE0278F3
Jan 15, 2015 6:21:39 PM org.ccnx.ccn.impl.sync.SliceComparator updateCurrent
O MAIS DETALHADO: Update compare: name from tree (expanded) is /ccnx.org/test/SyncTestRepo-15-01-15-18.20.23/ccnSyncTest/slice10/round26/randomFile/=FD054B82F611AE/=00/=A59ED751E0429923E44E0411791301D0EAD05D219F65D4C0877CB9C9BAE5F22C, name  is /ccnx.org/test/SyncTestRepo-15-01-15-18.20.23/ccnSyncTest/slice10/round30/randomFile/=FD054B82F6364A/=00/=159EDF5D849A465C8B0C515F50E70E560728DA1A37EC0DAE4E3BA3A1790C603B, comp is -1
Jan 15, 2015 6:21:39 PM org.ccnx.ccn.impl.sync.SliceComparator updateCurrent
O MAIS DETALHADO: Update compare: name from tree (expanded) is /ccnx.org/test/SyncTestRepo-15-01-15-18.20.23/ccnSyncTest/slice10/round26/randomFile/=FD054B82F611AE/%C1.META.M/.header/=FD054B82F611E7/=00/=9EBAE60D54D897D77C833F45C156C812656F54B751CB2BA418FC204F097E20FD, name  is /ccnx.org/test/SyncTestRepo-15-01-15-18.20.23/ccnSyncTest/slice10/round30/randomFile/=FD054B82F6364A/=00/=159EDF5D849A465C8B0C515F50E70E560728DA1A37EC0DAE4E3BA3A1790C603B, comp is -1
Jan 15, 2015 6:21:39 PM org.ccnx.ccn.impl.sync.SliceComparator updateCurrent
O MAIS DETALHADO: Update compare: name from tree (expanded) is /ccnx.org/test/SyncTestRepo-15-01-15-18.20.23/ccnSyncTest/slice10/round27/randomFile/=FD054B82F61ADD/=00/-=8DD4FE13275029C1DBB2816F77D6FA6E6A2158729CC8A05E0A94EECE41F4C4, name  is /ccnx.org/test/SyncTestRepo-15-01-15-18.20.23/ccnSyncTest/slice10/round30/randomFile/=FD054B82F6364A/=00/=159EDF5D849A465C8B0C515F50E70E560728DA1A37EC0DAE4E3BA3A1790C603B, comp is -1
Jan 15, 2015 6:21:39 PM org.ccnx.ccn.impl.sync.SliceComparator updateCurrent
O MAIS DETALHADO: Update compare: name from tree (expanded) is /ccnx.org/test/SyncTestRepo-15-01-15-18.20.23/ccnSyncTest/slice10/round27/randomFile/=FD054B82F61ADD/%C1.META.M/.header/=FD054B82F61B1B/=00/%1Cb=9B885FE399DA7CACD8BC9E70709162569C81FE27BFE130CFFF30A9C26E97, name  is /ccnx.org/test/SyncTestRepo-15-01-15-18.20.23/ccnSyncTest/slice10/round30/randomFile/=FD054B82F6364A/=00/=159EDF5D849A465C8B0C515F50E70E560728DA1A37EC0DAE4E3BA3A1790C603B, comp is -1
Jan 15, 2015 6:21:39 PM org.ccnx.ccn.impl.sync.SliceComparator updateCurrent
O MAIS DETALHADO: Update compare: name from tree (expanded) is /ccnx.org/test/SyncTestRepo-15-01-15-18.20.23/ccnSyncTest/slice10/round28/randomFile/=FD054B82F62400/=00/=DF1EE0EB7C07C0545762A11F61243819C7197462A801936587E57454752CE720, name  is /ccnx.org/test/SyncTestRepo-15-01-15-18.20.23/ccnSyncTest/slice10/round30/randomFile/=FD054B82F6364A/=00/=159EDF5D849A465C8B0C515F50E70E560728DA1A37EC0DAE4E3BA3A1790C603B, comp is -1
Jan 15, 2015 6:21:39 PM org.ccnx.ccn.impl.sync.SliceComparator updateCurrent
O MAIS DETALHADO: Update compare: name from tree (expanded) is /ccnx.org/test/SyncTestRepo-15-01-15-18.20.23/ccnSyncTest/slice10/round28/randomFile/=FD054B82F62400/%C1.META.M/.header/=FD054B82F62435/=00/=3AC3F1B952B25C43BBF861A434FEA1B34EE73DE2FDC2D5CC358E49C29DA78430, name  is /ccnx.org/test/SyncTestRepo-15-01-15-18.20.23/ccnSyncTest/slice10/round30/randomFile/=FD054B82F6364A/=00/=159EDF5D849A465C8B0C515F50E70E560728DA1A37EC0DAE4E3BA3A1790C603B, comp is -1
Jan 15, 2015 6:21:39 PM org.ccnx.ccn.impl.sync.SliceComparator updateCurrent
O MAIS DETALHADO: Update compare: name from tree (expanded) is /ccnx.org/test/SyncTestRepo-15-01-15-18.20.23/ccnSyncTest/slice10/round29/randomFile/=FD054B82F62D23/=00/=03E714E924CFE656B888D7217D7E68FB02CD948652EF5F2148E9974CD13E928A, name  is /ccnx.org/test/SyncTestRepo-15-01-15-18.20.23/ccnSyncTest/slice10/round30/randomFile/=FD054B82F6364A/=00/=159EDF5D849A465C8B0C515F50E70E560728DA1A37EC0DAE4E3BA3A1790C603B, comp is -1
Jan 15, 2015 6:21:39 PM org.ccnx.ccn.impl.sync.SliceComparator updateCurrent
O MAIS DETALHADO: Update compare: name from tree (expanded) is /ccnx.org/test/SyncTestRepo-15-01-15-18.20.23/ccnSyncTest/slice10/round29/randomFile/=FD054B82F62D23/%C1.META.M/.header/=FD054B82F62D5C/=00/7=918556EEA9B21540F00444D4E3082E8C487B54377277BD8D322AD35666E966, name  is /ccnx.org/test/SyncTestRepo-15-01-15-18.20.23/ccnSyncTest/slice10/round30/randomFile/=FD054B82F6364A/=00/=159EDF5D849A465C8B0C515F50E70E560728DA1A37EC0DAE4E3BA3A1790C603B, comp is -1
Jan 15, 2015 6:21:39 PM org.ccnx.ccn.impl.sync.SliceComparator updateCurrent
O MAIS DETALHADO: Update compare: name from tree (expanded) is /ccnx.org/test/SyncTestRepo-15-01-15-18.20.23/ccnSyncTest/slice10/randomFile/=FD054B82F53F79/=00/=3CBEB0282FE72CD7F7CF0696455493A1CE4F4E488F469319834E10584FC5C583, name  is /ccnx.org/test/SyncTestRepo-15-01-15-18.20.23/ccnSyncTest/slice10/round30/randomFile/=FD054B82F6364A/=00/=159EDF5D849A465C8B0C515F50E70E560728DA1A37EC0DAE4E3BA3A1790C603B, comp is 1
Jan 15, 2015 6:21:39 PM org.ccnx.ccn.impl.sync.SliceComparator updateCurrent
O MAIS DETALHADO: Update: starting redo of names because of /ccnx.org/test/SyncTestRepo-15-01-15-18.20.23/ccnSyncTest/slice10/round30/randomFile/=FD054B82F6364A/=00/=159EDF5D849A465C8B0C515F50E70E560728DA1A37EC0DAE4E3BA3A1790C603B at /ccnx.org/test/SyncTestRepo-15-01-15-18.20.23/ccnSyncTest/slice10/round26/randomFile/=FD054B82F611AE/=00/=A59ED751E0429923E44E0411791301D0EAD05D219F65D4C0877CB9C9BAE5F22C
Jan 15, 2015 6:21:39 PM ccnx.Sync
DETALHADO: Node split due to level change - nbytes 2075, match 7, prev 5
Jan 15, 2015 6:21:39 PM org.ccnx.ccn.io.content.SyncNodeComposite decodeLogging
O MAIS DETALHADO: decode node for %036=032A503EDB43382F0904B4C711FE5D9B8F5A36594E69BE946CA2693FB48382 depth = 1 refs = 10
Jan 15, 2015 6:21:39 PM org.ccnx.ccn.io.content.SyncNodeComposite decodeLogging
O MAIS DETALHADO: min is 0, max is 0, expanded min is /ccnx.org/test/SyncTestRepo-15-01-15-18.20.23/ccnSyncTest/slice10/round26/randomFile/=FD054B82F611AE/=00/=A59ED751E0429923E44E0411791301D0EAD05D219F65D4C0877CB9C9BAE5F22C, expanded max is /ccnx.org/test/SyncTestRepo-15-01-15-18.20.23/ccnSyncTest/slice10/randomFile/=FD054B82F53F79/=00/=3CBEB0282FE72CD7F7CF0696455493A1CE4F4E488F469319834E10584FC5C583
Jan 15, 2015 6:21:39 PM org.ccnx.ccn.io.content.SyncNodeComposite decodeLogging
O MAIS DETALHADO: decode node for =18F7ABCFFBD0912243186C9F3D6A45A3E28959A7EF8B922DD636A13DE75A55AC depth = 1 refs = 1
Jan 15, 2015 6:21:39 PM org.ccnx.ccn.io.content.SyncNodeComposite decodeLogging
O MAIS DETALHADO: min is 0, max is 0, expanded min is /ccnx.org/test/SyncTestRepo-15-01-15-18.20.23/ccnSyncTest/slice10/randomFile/=FD054B82F53F79/%C1.META.M/.header/=FD054B82F53FB2/=00/=18F7ABCFFBD0912243186C9F3D6A45A3E28959A7EF8B922DD636A13DE75A55AC, expanded max is /ccnx.org/test/SyncTestRepo-15-01-15-18.20.23/ccnSyncTest/slice10/randomFile/=FD054B82F53F79/%C1.META.M/.header/=FD054B82F53FB2/=00/=18F7ABCFFBD0912243186C9F3D6A45A3E28959A7EF8B922DD636A13DE75A55AC
Jan 15, 2015 6:21:39 PM org.ccnx.ccn.impl.sync.SyncTreeEntry <init>
O MAIS DETALHADO: Found existing node: %13O=95E23AF169568909A08960DA090D338E83EC34D4DEC2E7238BF42CAB10EE9D
Jan 15, 2015 6:21:39 PM org.ccnx.ccn.io.content.SyncNodeComposite decodeLogging
O MAIS DETALHADO: decode node for %13O=95E23AF169568909A08960DA090D338E83EC34D4DEC2E7238BF42CAB10EE9D depth = 2 refs = 5
Jan 15, 2015 6:21:39 PM org.ccnx.ccn.io.content.SyncNodeComposite decodeLogging
O MAIS DETALHADO: min is 0, max is 0, expanded min is /ccnx.org/test/SyncTestRepo-15-01-15-18.20.23/ccnSyncTest/slice10/round11/randomFile/=FD054B82F588B4/=00/=862C3C8C527D6B204E7FCD4EAF121546BFBA9E26B978EC9010B0DB73EDD734F0, expanded max is /ccnx.org/test/SyncTestRepo-15-01-15-18.20.23/ccnSyncTest/slice10/randomFile/=FD054B82F53F79/%C1.META.M/.header/=FD054B82F53FB2/=00/=18F7ABCFFBD0912243186C9F3D6A45A3E28959A7EF8B922DD636A13DE75A55AC
Jan 15, 2015 6:21:39 PM org.ccnx.ccn.impl.sync.NodeBuilder createHeadRecursive
O MAIS DETALHADO: Creating new compound node - with first element =05D95348B35DA1736365107BDACCCE484DA8B6A14DCCF3832B16DDA212E3B0C032 and last element =18F7ABCFFBD0912243186C9F3D6A45A3E28959A7EF8B922DD636A13DE75A55AC
Jan 15, 2015 6:21:39 PM org.ccnx.ccn.impl.sync.SliceComparator updateCurrent
INFORMAÇÕES: Resetting current to created head: %13O=95E23AF169568909A08960DA090D338E83EC34D4DEC2E7238BF42CAB10EE9D
Jan 15, 2015 6:21:39 PM org.ccnx.ccn.impl.sync.ProtocolBasedSyncMonitor handleContent
INFORMAÇÕES: Saw new content from sync: /ccnx.org/test/SyncTestRepo-15-01-15-18.20.23/topoPrefix/%C1.S.ra/x%E7U.=86853EF050D99AC7B6E19C29B7AECFA1B2568CAD74E733BCB2443F63/%13O=95E23AF169568909A08960DA090D338E83EC34D4DEC2E7238BF42CAB10EE9D/=13E7D9A437B8A9FD56EF68752A82D52D582761354D1C4616D4E5E3EDBDDED85A66
Jan 15, 2015 6:21:39 PM org.ccnx.ccn.impl.sync.SliceComparator run
DETALHADO: Starting comparator run - state is INIT, sc is org.ccnx.ccn.impl.sync.SliceComparator@ca0898b, this is the lead
Jan 15, 2015 6:21:39 PM org.ccnx.ccn.impl.encoding.BinaryXMLDecoder setElement
INFORMAÇÕES: Reset decode array sizes to 150
Jan 15, 2015 6:21:39 PM org.ccnx.ccn.io.content.SyncNodeComposite decodeLogging
O MAIS DETALHADO: decode node for =13E7D9A437B8A9FD56EF68752A82D52D582761354D1C4616D4E5E3EDBDDED85A66 depth = 2 refs = 4
Jan 15, 2015 6:21:39 PM org.ccnx.ccn.io.content.SyncNodeComposite decodeLogging
O MAIS DETALHADO: min is 0, max is 0, expanded min is /ccnx.org/test/SyncTestRepo-15-01-15-18.20.23/ccnSyncTest/slice10/round11/randomFile/=FD054B82F588B4/=00/=862C3C8C527D6B204E7FCD4EAF121546BFBA9E26B978EC9010B0DB73EDD734F0, expanded max is /ccnx.org/test/SyncTestRepo-15-01-15-18.20.23/ccnSyncTest/slice10/randomFile/=FD054B82F53F79/%C1.META.M/.header/=FD054B82F53FB2/=00/=18F7ABCFFBD0912243186C9F3D6A45A3E28959A7EF8B922DD636A13DE75A55AC
Jan 15, 2015 6:21:39 PM org.ccnx.ccn.impl.sync.SliceComparator run
INFORMAÇÕES: Starting new round with X = %13O=95E23AF169568909A08960DA090D338E83EC34D4DEC2E7238BF42CAB10EE9D and Y = =13E7D9A437B8A9FD56EF68752A82D52D582761354D1C4616D4E5E3EDBDDED85A66
Jan 15, 2015 6:21:39 PM org.ccnx.ccn.impl.sync.ProtocolBasedSyncMonitor requestNode
DETALHADO: Requesting node for hash: /ccnx.org/test/SyncTestRepo-15-01-15-18.20.23/topoPrefix/%C1.S.nf/x%E7U.=86853EF050D99AC7B6E19C29B7AECFA1B2568CAD74E733BCB2443F63/=03E73E981D01EC7B2857E95D1DAD48642616F5FCF690414FDA2CFB3D385AD644F7
Jan 15, 2015 6:21:39 PM org.ccnx.ccn.impl.sync.SliceComparator doComparison
O MAIS DETALHADO: Skipping covered subentry =05D95348B35DA1736365107BDACCCE484DA8B6A14DCCF3832B16DDA212E3B0C032
Jan 15, 2015 6:21:39 PM org.ccnx.ccn.impl.sync.SliceComparator doComparison
O MAIS DETALHADO: Skipping covered subentry =04F7A143667F594F74B6B7C8C826B63D9DA7DAAA6A220B24C7FB15280B67E9868D
Jan 15, 2015 6:21:39 PM org.ccnx.ccn.impl.sync.SliceComparator doComparison
O MAIS DETALHADO: Compare NODE %13O=95E23AF169568909A08960DA090D338E83EC34D4DEC2E7238BF42CAB10EE9D to NODE =13E7D9A437B8A9FD56EF68752A82D52D582761354D1C4616D4E5E3EDBDDED85A66
Jan 15, 2015 6:21:39 PM org.ccnx.ccn.impl.sync.SliceComparator doComparison
O MAIS DETALHADO: pos X is 0, pos Y is 2
Jan 15, 2015 6:21:39 PM org.ccnx.ccn.impl.sync.SliceComparator doComparison
O MAIS DETALHADO: Pushing X entry =05D95348B35DA1736365107BDACCCE484DA8B6A14DCCF3832B16DDA212E3B0C032 and Y entry =052FA68000D9C2BF567BB6D369E2084346BFD9EC9E9D061F07A6F5E6673867CEB0
Jan 15, 2015 6:21:39 PM org.ccnx.ccn.impl.sync.SliceComparator doComparison
O MAIS DETALHADO: Compare LEAF =05D95348B35DA1736365107BDACCCE484DA8B6A14DCCF3832B16DDA212E3B0C032 to LEAF =052FA68000D9C2BF567BB6D369E2084346BFD9EC9E9D061F07A6F5E6673867CEB0
Jan 15, 2015 6:21:39 PM org.ccnx.ccn.impl.sync.SliceComparator doComparison
O MAIS DETALHADO: name X is 0, pos X is 0, name Y is 0, pos Y is 0 comp is -1
Jan 15, 2015 6:21:39 PM org.ccnx.ccn.impl.sync.SliceComparator doComparison
O MAIS DETALHADO: name X (expanded) is /ccnx.org/test/SyncTestRepo-15-01-15-18.20.23/ccnSyncTest/slice10/round11/randomFile/=FD054B82F588B4/=00/=862C3C8C527D6B204E7FCD4EAF121546BFBA9E26B978EC9010B0DB73EDD734F0, name Y (expanded) is /ccnx.org/test/SyncTestRepo-15-01-15-18.20.23/ccnSyncTest/slice10/round21/randomFile/=FD054B82F5E41D/=00/%81v=11100BD1950F5228760141B55709E0A91045B40720DAB0782DCC6F0256FF
Jan 15, 2015 6:21:39 PM org.ccnx.ccn.impl.sync.SliceComparator doComparison
O MAIS DETALHADO: Shortcut - popping X back to %13O=95E23AF169568909A08960DA090D338E83EC34D4DEC2E7238BF42CAB10EE9D, pos 1
Jan 15, 2015 6:21:39 PM org.ccnx.ccn.impl.sync.SliceComparator doComparison
O MAIS DETALHADO: Compare NODE %13O=95E23AF169568909A08960DA090D338E83EC34D4DEC2E7238BF42CAB10EE9D to LEAF =052FA68000D9C2BF567BB6D369E2084346BFD9EC9E9D061F07A6F5E6673867CEB0, resMin is 1, resMax is -1
Jan 15, 2015 6:21:39 PM org.ccnx.ccn.impl.sync.SliceComparator doComparison
O MAIS DETALHADO: minname is 0, maxname is 0, pos X is 1, pos Y is 0
Jan 15, 2015 6:21:39 PM org.ccnx.ccn.impl.sync.SliceComparator doComparison
O MAIS DETALHADO: Compare LEAF =04F7A143667F594F74B6B7C8C826B63D9DA7DAAA6A220B24C7FB15280B67E9868D to LEAF =052FA68000D9C2BF567BB6D369E2084346BFD9EC9E9D061F07A6F5E6673867CEB0
Jan 15, 2015 6:21:39 PM org.ccnx.ccn.impl.sync.SliceComparator.NodeFetchHandler handleContent
DETALHADO: Saw data from nodefind: hash: =03E73E981D01EC7B2857E95D1DAD48642616F5FCF690414FDA2CFB3D385AD644F7
Jan 15, 2015 6:21:39 PM org.ccnx.ccn.impl.sync.SliceComparator doComparison
O MAIS DETALHADO: name X is 0, pos X is 0, name Y is 0, pos Y is 0 comp is -1
Jan 15, 2015 6:21:39 PM org.ccnx.ccn.impl.sync.SliceComparator doComparison
O MAIS DETALHADO: name X (expanded) is /ccnx.org/test/SyncTestRepo-15-01-15-18.20.23/ccnSyncTest/slice10/round16/randomFile/=FD054B82F5B673/=00/pU=A6A22546186B9FAC4EB8A07C1FBB995F82DA30BC632446C0DCD7E521AAF7, name Y (expanded) is /ccnx.org/test/SyncTestRepo-15-01-15-18.20.23/ccnSyncTest/slice10/round21/randomFile/=FD054B82F5E41D/=00/%81v=11100BD1950F5228760141B55709E0A91045B40720DAB0782DCC6F0256FF
Jan 15, 2015 6:21:39 PM org.ccnx.ccn.impl.sync.SliceComparator doComparison
O MAIS DETALHADO: Shortcut - popping X back to %13O=95E23AF169568909A08960DA090D338E83EC34D4DEC2E7238BF42CAB10EE9D, pos 2
Jan 15, 2015 6:21:39 PM org.ccnx.ccn.impl.sync.SliceComparator doComparison
O MAIS DETALHADO: Compare NODE %13O=95E23AF169568909A08960DA090D338E83EC34D4DEC2E7238BF42CAB10EE9D to LEAF =052FA68000D9C2BF567BB6D369E2084346BFD9EC9E9D061F07A6F5E6673867CEB0, resMin is 1, resMax is -1
Jan 15, 2015 6:21:39 PM org.ccnx.ccn.impl.sync.SliceComparator doComparison
O MAIS DETALHADO: minname is 0, maxname is 0, pos X is 2, pos Y is 0
Jan 15, 2015 6:21:39 PM org.ccnx.ccn.impl.sync.SliceComparator doComparison
O MAIS DETALHADO: Compare LEAF =052FA68000D9C2BF567BB6D369E2084346BFD9EC9E9D061F07A6F5E6673867CEB0 to LEAF =052FA68000D9C2BF567BB6D369E2084346BFD9EC9E9D061F07A6F5E6673867CEB0
Jan 15, 2015 6:21:39 PM org.ccnx.ccn.impl.sync.SliceComparator doComparison
O MAIS DETALHADO: name X is 0, pos X is 0, name Y is 0, pos Y is 0 comp is 0
Jan 15, 2015 6:21:39 PM org.ccnx.ccn.impl.sync.SliceComparator doComparison
O MAIS DETALHADO: name X (expanded) is /ccnx.org/test/SyncTestRepo-15-01-15-18.20.23/ccnSyncTest/slice10/round21/randomFile/=FD054B82F5E41D/=00/%81v=11100BD1950F5228760141B55709E0A91045B40720DAB0782DCC6F0256FF, name Y (expanded) is /ccnx.org/test/SyncTestRepo-15-01-15-18.20.23/ccnSyncTest/slice10/round21/randomFile/=FD054B82F5E41D/=00/%81v=11100BD1950F5228760141B55709E0A91045B40720DAB0782DCC6F0256FF
Jan 15, 2015 6:21:39 PM org.ccnx.ccn.impl.sync.SliceComparator doComparison
O MAIS DETALHADO: Compare LEAF =052FA68000D9C2BF567BB6D369E2084346BFD9EC9E9D061F07A6F5E6673867CEB0 to LEAF =052FA68000D9C2BF567BB6D369E2084346BFD9EC9E9D061F07A6F5E6673867CEB0
Jan 15, 2015 6:21:39 PM org.ccnx.ccn.impl.sync.SliceComparator doComparison
O MAIS DETALHADO: name X is 0, pos X is 2, name Y is 0, pos Y is 2 comp is 0
Jan 15, 2015 6:21:39 PM org.ccnx.ccn.impl.sync.SliceComparator doComparison
O MAIS DETALHADO: name X (expanded) is /ccnx.org/test/SyncTestRepo-15-01-15-18.20.23/ccnSyncTest/slice10/round22/randomFile/=FD054B82F5ED0E/=00/y%B7o=E1FE885DC462C96E59D02F922A9D0639E4FCB2982B9CBB5A9E266EC3FF, name Y (expanded) is /ccnx.org/test/SyncTestRepo-15-01-15-18.20.23/ccnSyncTest/slice10/round22/randomFile/=FD054B82F5ED0E/=00/y%B7o=E1FE885DC462C96E59D02F922A9D0639E4FCB2982B9CBB5A9E266EC3FF
Jan 15, 2015 6:21:39 PM org.ccnx.ccn.impl.sync.SliceComparator doComparison
O MAIS DETALHADO: Compare LEAF =052FA68000D9C2BF567BB6D369E2084346BFD9EC9E9D061F07A6F5E6673867CEB0 to LEAF =052FA68000D9C2BF567BB6D369E2084346BFD9EC9E9D061F07A6F5E6673867CEB0
Jan 15, 2015 6:21:39 PM org.ccnx.ccn.impl.sync.SliceComparator doComparison
O MAIS DETALHADO: name X is 0, pos X is 4, name Y is 0, pos Y is 4 comp is 0
Jan 15, 2015 6:21:39 PM org.ccnx.ccn.impl.sync.SliceComparator doComparison
O MAIS DETALHADO: name X (expanded) is /ccnx.org/test/SyncTestRepo-15-01-15-18.20.23/ccnSyncTest/slice10/round23/randomFile/=FD054B82F5F639/=00/=90913F0035EA159FEED7E50A50458B36DDE7918F5F7955C163CDA5C718B574B7, name Y (expanded) is /ccnx.org/test/SyncTestRepo-15-01-15-18.20.23/ccnSyncTest/slice10/round23/randomFile/=FD054B82F5F639/=00/=90913F0035EA159FEED7E50A50458B36DDE7918F5F7955C163CDA5C718B574B7
Jan 15, 2015 6:21:39 PM org.ccnx.ccn.impl.sync.SliceComparator doComparison
O MAIS DETALHADO: Compare LEAF =052FA68000D9C2BF567BB6D369E2084346BFD9EC9E9D061F07A6F5E6673867CEB0 to LEAF =052FA68000D9C2BF567BB6D369E2084346BFD9EC9E9D061F07A6F5E6673867CEB0
Jan 15, 2015 6:21:39 PM org.ccnx.ccn.impl.sync.SliceComparator doComparison
O MAIS DETALHADO: name X is 0, pos X is 6, name Y is 0, pos Y is 6 comp is 0
Jan 15, 2015 6:21:39 PM org.ccnx.ccn.impl.sync.SliceComparator doComparison
O MAIS DETALHADO: name X (expanded) is /ccnx.org/test/SyncTestRepo-15-01-15-18.20.23/ccnSyncTest/slice10/round24/randomFile/=FD054B82F5FF64/=00/=EAE3BE028BED84466DD9599174AEF02EF195603635C62DBC39ABA1C11E44AF4A, name Y (expanded) is /ccnx.org/test/SyncTestRepo-15-01-15-18.20.23/ccnSyncTest/slice10/round24/randomFile/=FD054B82F5FF64/=00/=EAE3BE028BED84466DD9599174AEF02EF195603635C62DBC39ABA1C11E44AF4A
Jan 15, 2015 6:21:39 PM org.ccnx.ccn.impl.sync.SliceComparator doComparison
O MAIS DETALHADO: Compare LEAF =052FA68000D9C2BF567BB6D369E2084346BFD9EC9E9D061F07A6F5E6673867CEB0 to LEAF =052FA68000D9C2BF567BB6D369E2084346BFD9EC9E9D061F07A6F5E6673867CEB0
Jan 15, 2015 6:21:39 PM org.ccnx.ccn.impl.sync.SliceComparator doComparison
O MAIS DETALHADO: name X is 0, pos X is 8, name Y is 0, pos Y is 8 comp is 0
Jan 15, 2015 6:21:39 PM org.ccnx.ccn.impl.sync.SliceComparator doComparison
O MAIS DETALHADO: name X (expanded) is /ccnx.org/test/SyncTestRepo-15-01-15-18.20.23/ccnSyncTest/slice10/round25/randomFile/=FD054B82F60887/=00/=D401258329B8D5F501388F7775E35E1196A2B7D8DD50C6549F804F87D7CCE5E4, name Y (expanded) is /ccnx.org/test/SyncTestRepo-15-01-15-18.20.23/ccnSyncTest/slice10/round25/randomFile/=FD054B82F60887/=00/=D401258329B8D5F501388F7775E35E1196A2B7D8DD50C6549F804F87D7CCE5E4
Jan 15, 2015 6:21:39 PM org.ccnx.ccn.impl.sync.SliceComparator doComparison
O MAIS DETALHADO: Compare NODE %13O=95E23AF169568909A08960DA090D338E83EC34D4DEC2E7238BF42CAB10EE9D to NODE =13E7D9A437B8A9FD56EF68752A82D52D582761354D1C4616D4E5E3EDBDDED85A66
Jan 15, 2015 6:21:39 PM org.ccnx.ccn.impl.sync.SliceComparator doComparison
O MAIS DETALHADO: pos X is 3, pos Y is 3
Jan 15, 2015 6:21:39 PM org.ccnx.ccn.io.content.SyncNodeComposite decodeLogging
O MAIS DETALHADO: decode node for =03E73E981D01EC7B2857E95D1DAD48642616F5FCF690414FDA2CFB3D385AD644F7 depth = 1 refs = 12
Jan 15, 2015 6:21:39 PM org.ccnx.ccn.io.content.SyncNodeComposite decodeLogging
O MAIS DETALHADO: min is 0, max is 0, expanded min is /ccnx.org/test/SyncTestRepo-15-01-15-18.20.23/ccnSyncTest/slice10/round26/randomFile/=FD054B82F611AE/=00/=A59ED751E0429923E44E0411791301D0EAD05D219F65D4C0877CB9C9BAE5F22C, expanded max is /ccnx.org/test/SyncTestRepo-15-01-15-18.20.23/ccnSyncTest/slice10/randomFile/=FD054B82F53F79/%C1.META.M/.header/=FD054B82F53FB2/=00/=18F7ABCFFBD0912243186C9F3D6A45A3E28959A7EF8B922DD636A13DE75A55AC
Jan 15, 2015 6:21:39 PM org.ccnx.ccn.impl.sync.SliceComparator doComparison
O MAIS DETALHADO: Pushing X entry %036=032A503EDB43382F0904B4C711FE5D9B8F5A36594E69BE946CA2693FB48382 and Y entry =03E73E981D01EC7B2857E95D1DAD48642616F5FCF690414FDA2CFB3D385AD644F7
Jan 15, 2015 6:21:39 PM org.ccnx.ccn.impl.sync.SliceComparator doComparison
O MAIS DETALHADO: Compare LEAF %036=032A503EDB43382F0904B4C711FE5D9B8F5A36594E69BE946CA2693FB48382 to LEAF =03E73E981D01EC7B2857E95D1DAD48642616F5FCF690414FDA2CFB3D385AD644F7
Jan 15, 2015 6:21:39 PM org.ccnx.ccn.impl.sync.SliceComparator doComparison
O MAIS DETALHADO: name X is 0, pos X is 0, name Y is 0, pos Y is 0 comp is 0
Jan 15, 2015 6:21:39 PM org.ccnx.ccn.impl.sync.SliceComparator doComparison
O MAIS DETALHADO: name X (expanded) is /ccnx.org/test/SyncTestRepo-15-01-15-18.20.23/ccnSyncTest/slice10/round26/randomFile/=FD054B82F611AE/=00/=A59ED751E0429923E44E0411791301D0EAD05D219F65D4C0877CB9C9BAE5F22C, name Y (expanded) is /ccnx.org/test/SyncTestRepo-15-01-15-18.20.23/ccnSyncTest/slice10/round26/randomFile/=FD054B82F611AE/=00/=A59ED751E0429923E44E0411791301D0EAD05D219F65D4C0877CB9C9BAE5F22C
Jan 15, 2015 6:21:39 PM org.ccnx.ccn.impl.sync.SliceComparator doComparison
O MAIS DETALHADO: Compare LEAF %036=032A503EDB43382F0904B4C711FE5D9B8F5A36594E69BE946CA2693FB48382 to LEAF =03E73E981D01EC7B2857E95D1DAD48642616F5FCF690414FDA2CFB3D385AD644F7
Jan 15, 2015 6:21:39 PM org.ccnx.ccn.impl.sync.SliceComparator doComparison
O MAIS DETALHADO: name X is 0, pos X is 1, name Y is 0, pos Y is 1 comp is 0
Jan 15, 2015 6:21:39 PM org.ccnx.ccn.impl.sync.SliceComparator doComparison
O MAIS DETALHADO: name X (expanded) is /ccnx.org/test/SyncTestRepo-15-01-15-18.20.23/ccnSyncTest/slice10/round26/randomFile/=FD054B82F611AE/%C1.META.M/.header/=FD054B82F611E7/=00/=9EBAE60D54D897D77C833F45C156C812656F54B751CB2BA418FC204F097E20FD, name Y (expanded) is /ccnx.org/test/SyncTestRepo-15-01-15-18.20.23/ccnSyncTest/slice10/round26/randomFile/=FD054B82F611AE/%C1.META.M/.header/=FD054B82F611E7/=00/=9EBAE60D54D897D77C833F45C156C812656F54B751CB2BA418FC204F097E20FD
Jan 15, 2015 6:21:39 PM org.ccnx.ccn.impl.sync.SliceComparator doComparison
O MAIS DETALHADO: Compare LEAF %036=032A503EDB43382F0904B4C711FE5D9B8F5A36594E69BE946CA2693FB48382 to LEAF =03E73E981D01EC7B2857E95D1DAD48642616F5FCF690414FDA2CFB3D385AD644F7
Jan 15, 2015 6:21:39 PM org.ccnx.ccn.impl.sync.SliceComparator doComparison
O MAIS DETALHADO: name X is 0, pos X is 2, name Y is 0, pos Y is 2 comp is 0
Jan 15, 2015 6:21:39 PM org.ccnx.ccn.impl.sync.SliceComparator doComparison
O MAIS DETALHADO: name X (expanded) is /ccnx.org/test/SyncTestRepo-15-01-15-18.20.23/ccnSyncTest/slice10/round27/randomFile/=FD054B82F61ADD/=00/-=8DD4FE13275029C1DBB2816F77D6FA6E6A2158729CC8A05E0A94EECE41F4C4, name Y (expanded) is /ccnx.org/test/SyncTestRepo-15-01-15-18.20.23/ccnSyncTest/slice10/round27/randomFile/=FD054B82F61ADD/=00/-=8DD4FE13275029C1DBB2816F77D6FA6E6A2158729CC8A05E0A94EECE41F4C4
Jan 15, 2015 6:21:39 PM org.ccnx.ccn.impl.sync.SliceComparator doComparison
O MAIS DETALHADO: Compare LEAF %036=032A503EDB43382F0904B4C711FE5D9B8F5A36594E69BE946CA2693FB48382 to LEAF =03E73E981D01EC7B2857E95D1DAD48642616F5FCF690414FDA2CFB3D385AD644F7
Jan 15, 2015 6:21:39 PM org.ccnx.ccn.impl.sync.SliceComparator doComparison
O MAIS DETALHADO: name X is 0, pos X is 3, name Y is 0, pos Y is 3 comp is 0
Jan 15, 2015 6:21:39 PM org.ccnx.ccn.impl.sync.SliceComparator doComparison
O MAIS DETALHADO: name X (expanded) is /ccnx.org/test/SyncTestRepo-15-01-15-18.20.23/ccnSyncTest/slice10/round27/randomFile/=FD054B82F61ADD/%C1.META.M/.header/=FD054B82F61B1B/=00/%1Cb=9B885FE399DA7CACD8BC9E70709162569C81FE27BFE130CFFF30A9C26E97, name Y (expanded) is /ccnx.org/test/SyncTestRepo-15-01-15-18.20.23/ccnSyncTest/slice10/round27/randomFile/=FD054B82F61ADD/%C1.META.M/.header/=FD054B82F61B1B/=00/%1Cb=9B885FE399DA7CACD8BC9E70709162569C81FE27BFE130CFFF30A9C26E97
Jan 15, 2015 6:21:39 PM org.ccnx.ccn.impl.sync.SliceComparator doComparison
O MAIS DETALHADO: Compare LEAF %036=032A503EDB43382F0904B4C711FE5D9B8F5A36594E69BE946CA2693FB48382 to LEAF =03E73E981D01EC7B2857E95D1DAD48642616F5FCF690414FDA2CFB3D385AD644F7
Jan 15, 2015 6:21:39 PM org.ccnx.ccn.impl.sync.SliceComparator doComparison
O MAIS DETALHADO: name X is 0, pos X is 4, name Y is 0, pos Y is 4 comp is 0
Jan 15, 2015 6:21:39 PM org.ccnx.ccn.impl.sync.SliceComparator doComparison
O MAIS DETALHADO: name X (expanded) is /ccnx.org/test/SyncTestRepo-15-01-15-18.20.23/ccnSyncTest/slice10/round28/randomFile/=FD054B82F62400/=00/=DF1EE0EB7C07C0545762A11F61243819C7197462A801936587E57454752CE720, name Y (expanded) is /ccnx.org/test/SyncTestRepo-15-01-15-18.20.23/ccnSyncTest/slice10/round28/randomFile/=FD054B82F62400/=00/=DF1EE0EB7C07C0545762A11F61243819C7197462A801936587E57454752CE720
Jan 15, 2015 6:21:39 PM org.ccnx.ccn.impl.sync.SliceComparator doComparison
O MAIS DETALHADO: Compare LEAF %036=032A503EDB43382F0904B4C711FE5D9B8F5A36594E69BE946CA2693FB48382 to LEAF =03E73E981D01EC7B2857E95D1DAD48642616F5FCF690414FDA2CFB3D385AD644F7
Jan 15, 2015 6:21:39 PM org.ccnx.ccn.impl.sync.SliceComparator doComparison
O MAIS DETALHADO: name X is 0, pos X is 5, name Y is 0, pos Y is 5 comp is 0
Jan 15, 2015 6:21:39 PM org.ccnx.ccn.impl.sync.SliceComparator doComparison
O MAIS DETALHADO: name X (expanded) is /ccnx.org/test/SyncTestRepo-15-01-15-18.20.23/ccnSyncTest/slice10/round28/randomFile/=FD054B82F62400/%C1.META.M/.header/=FD054B82F62435/=00/=3AC3F1B952B25C43BBF861A434FEA1B34EE73DE2FDC2D5CC358E49C29DA78430, name Y (expanded) is /ccnx.org/test/SyncTestRepo-15-01-15-18.20.23/ccnSyncTest/slice10/round28/randomFile/=FD054B82F62400/%C1.META.M/.header/=FD054B82F62435/=00/=3AC3F1B952B25C43BBF861A434FEA1B34EE73DE2FDC2D5CC358E49C29DA78430
Jan 15, 2015 6:21:39 PM org.ccnx.ccn.impl.sync.SliceComparator doComparison
O MAIS DETALHADO: Compare LEAF %036=032A503EDB43382F0904B4C711FE5D9B8F5A36594E69BE946CA2693FB48382 to LEAF =03E73E981D01EC7B2857E95D1DAD48642616F5FCF690414FDA2CFB3D385AD644F7
Jan 15, 2015 6:21:39 PM org.ccnx.ccn.impl.sync.SliceComparator doComparison
O MAIS DETALHADO: name X is 0, pos X is 6, name Y is 0, pos Y is 6 comp is 0
Jan 15, 2015 6:21:39 PM org.ccnx.ccn.impl.sync.SliceComparator doComparison
O MAIS DETALHADO: name X (expanded) is /ccnx.org/test/SyncTestRepo-15-01-15-18.20.23/ccnSyncTest/slice10/round29/randomFile/=FD054B82F62D23/=00/=03E714E924CFE656B888D7217D7E68FB02CD948652EF5F2148E9974CD13E928A, name Y (expanded) is /ccnx.org/test/SyncTestRepo-15-01-15-18.20.23/ccnSyncTest/slice10/round29/randomFile/=FD054B82F62D23/=00/=03E714E924CFE656B888D7217D7E68FB02CD948652EF5F2148E9974CD13E928A
Jan 15, 2015 6:21:39 PM org.ccnx.ccn.impl.sync.SliceComparator doComparison
O MAIS DETALHADO: Compare LEAF %036=032A503EDB43382F0904B4C711FE5D9B8F5A36594E69BE946CA2693FB48382 to LEAF =03E73E981D01EC7B2857E95D1DAD48642616F5FCF690414FDA2CFB3D385AD644F7
Jan 15, 2015 6:21:39 PM org.ccnx.ccn.impl.sync.SliceComparator doComparison
O MAIS DETALHADO: name X is 0, pos X is 7, name Y is 0, pos Y is 7 comp is 0
Jan 15, 2015 6:21:39 PM org.ccnx.ccn.impl.sync.SliceComparator doComparison
O MAIS DETALHADO: name X (expanded) is /ccnx.org/test/SyncTestRepo-15-01-15-18.20.23/ccnSyncTest/slice10/round29/randomFile/=FD054B82F62D23/%C1.META.M/.header/=FD054B82F62D5C/=00/7=918556EEA9B21540F00444D4E3082E8C487B54377277BD8D322AD35666E966, name Y (expanded) is /ccnx.org/test/SyncTestRepo-15-01-15-18.20.23/ccnSyncTest/slice10/round29/randomFile/=FD054B82F62D23/%C1.META.M/.header/=FD054B82F62D5C/=00/7=918556EEA9B21540F00444D4E3082E8C487B54377277BD8D322AD35666E966
Jan 15, 2015 6:21:39 PM org.ccnx.ccn.impl.sync.SliceComparator doComparison
O MAIS DETALHADO: Compare LEAF %036=032A503EDB43382F0904B4C711FE5D9B8F5A36594E69BE946CA2693FB48382 to LEAF =03E73E981D01EC7B2857E95D1DAD48642616F5FCF690414FDA2CFB3D385AD644F7
Jan 15, 2015 6:21:39 PM org.ccnx.ccn.impl.sync.SliceComparator doComparison
O MAIS DETALHADO: name X is 0, pos X is 8, name Y is 0, pos Y is 8 comp is 0
Jan 15, 2015 6:21:39 PM org.ccnx.ccn.impl.sync.SliceComparator doComparison
O MAIS DETALHADO: name X (expanded) is /ccnx.org/test/SyncTestRepo-15-01-15-18.20.23/ccnSyncTest/slice10/round30/randomFile/=FD054B82F6364A/=00/=159EDF5D849A465C8B0C515F50E70E560728DA1A37EC0DAE4E3BA3A1790C603B, name Y (expanded) is /ccnx.org/test/SyncTestRepo-15-01-15-18.20.23/ccnSyncTest/slice10/round30/randomFile/=FD054B82F6364A/=00/=159EDF5D849A465C8B0C515F50E70E560728DA1A37EC0DAE4E3BA3A1790C603B
Jan 15, 2015 6:21:39 PM org.ccnx.ccn.impl.sync.SliceComparator doComparison
O MAIS DETALHADO: Compare LEAF %036=032A503EDB43382F0904B4C711FE5D9B8F5A36594E69BE946CA2693FB48382 to LEAF =03E73E981D01EC7B2857E95D1DAD48642616F5FCF690414FDA2CFB3D385AD644F7
Jan 15, 2015 6:21:39 PM org.ccnx.ccn.impl.sync.SliceComparator doComparison
O MAIS DETALHADO: name X is 0, pos X is 9, name Y is 0, pos Y is 9 comp is 1
Jan 15, 2015 6:21:39 PM org.ccnx.ccn.impl.sync.SliceComparator doComparison
O MAIS DETALHADO: name X (expanded) is /ccnx.org/test/SyncTestRepo-15-01-15-18.20.23/ccnSyncTest/slice10/randomFile/=FD054B82F53F79/=00/=3CBEB0282FE72CD7F7CF0696455493A1CE4F4E488F469319834E10584FC5C583, name Y (expanded) is /ccnx.org/test/SyncTestRepo-15-01-15-18.20.23/ccnSyncTest/slice10/round30/randomFile/=FD054B82F6364A/%C1.META.M/.header/=FD054B82F63683/=00/%98C=C1FCC740A6CDE5C7EBC9A8CC202498DD4918476753EDC257F99133C76BC9
Jan 15, 2015 6:21:39 PM org.ccnx.ccn.profiles.sync.SyncTestRepo doHandleContentName
INFORMAÇÕES: Number 1: Callback for name: /ccnx.org/test/SyncTestRepo-15-01-15-18.20.23/ccnSyncTest/slice10/round30/randomFile/=FD054B82F6364A/%C1.META.M/.header/=FD054B82F63683/=00 - number is header
Jan 15, 2015 6:21:39 PM org.ccnx.ccn.impl.sync.SliceComparator doComparison
O MAIS DETALHADO: Compare LEAF %036=032A503EDB43382F0904B4C711FE5D9B8F5A36594E69BE946CA2693FB48382 to LEAF =03E73E981D01EC7B2857E95D1DAD48642616F5FCF690414FDA2CFB3D385AD644F7
Jan 15, 2015 6:21:39 PM org.ccnx.ccn.impl.sync.SliceComparator doComparison
O MAIS DETALHADO: name X is 0, pos X is 9, name Y is 0, pos Y is 10 comp is 0
Jan 15, 2015 6:21:39 PM org.ccnx.ccn.impl.sync.SliceComparator doComparison
O MAIS DETALHADO: name X (expanded) is /ccnx.org/test/SyncTestRepo-15-01-15-18.20.23/ccnSyncTest/slice10/randomFile/=FD054B82F53F79/=00/=3CBEB0282FE72CD7F7CF0696455493A1CE4F4E488F469319834E10584FC5C583, name Y (expanded) is /ccnx.org/test/SyncTestRepo-15-01-15-18.20.23/ccnSyncTest/slice10/randomFile/=FD054B82F53F79/=00/=3CBEB0282FE72CD7F7CF0696455493A1CE4F4E488F469319834E10584FC5C583
Jan 15, 2015 6:21:39 PM org.ccnx.ccn.impl.sync.SliceComparator doComparison
O MAIS DETALHADO: Compare NODE %13O=95E23AF169568909A08960DA090D338E83EC34D4DEC2E7238BF42CAB10EE9D to LEAF =03E73E981D01EC7B2857E95D1DAD48642616F5FCF690414FDA2CFB3D385AD644F7, resMin is 1, resMax is 0
Jan 15, 2015 6:21:39 PM org.ccnx.ccn.impl.sync.SliceComparator doComparison
O MAIS DETALHADO: minname is 0, maxname is 0, pos X is 4, pos Y is 11
Jan 15, 2015 6:21:39 PM org.ccnx.ccn.impl.sync.SliceComparator updateCurrent
O MAIS DETALHADO: Starting update from hash %13O=95E23AF169568909A08960DA090D338E83EC34D4DEC2E7238BF42CAB10EE9D
Jan 15, 2015 6:21:39 PM org.ccnx.ccn.impl.sync.SliceComparator updateCurrent
O MAIS DETALHADO: Update compare - moving to: =05D95348B35DA1736365107BDACCCE484DA8B6A14DCCF3832B16DDA212E3B0C032
Jan 15, 2015 6:21:39 PM org.ccnx.ccn.impl.sync.SliceComparator updateCurrent
O MAIS DETALHADO: Shortcut in update - popping back to %13O=95E23AF169568909A08960DA090D338E83EC34D4DEC2E7238BF42CAB10EE9D, pos 1
Jan 15, 2015 6:21:39 PM org.ccnx.ccn.impl.sync.SliceComparator updateCurrent
O MAIS DETALHADO: Update compare - moving to: =04F7A143667F594F74B6B7C8C826B63D9DA7DAAA6A220B24C7FB15280B67E9868D
Jan 15, 2015 6:21:39 PM org.ccnx.ccn.impl.sync.SliceComparator updateCurrent
O MAIS DETALHADO: Shortcut in update - popping back to %13O=95E23AF169568909A08960DA090D338E83EC34D4DEC2E7238BF42CAB10EE9D, pos 2
Jan 15, 2015 6:21:39 PM org.ccnx.ccn.impl.sync.SliceComparator updateCurrent
O MAIS DETALHADO: Update compare - moving to: =052FA68000D9C2BF567BB6D369E2084346BFD9EC9E9D061F07A6F5E6673867CEB0
Jan 15, 2015 6:21:39 PM org.ccnx.ccn.impl.sync.SliceComparator updateCurrent
O MAIS DETALHADO: Shortcut in update - popping back to %13O=95E23AF169568909A08960DA090D338E83EC34D4DEC2E7238BF42CAB10EE9D, pos 3
Jan 15, 2015 6:21:39 PM org.ccnx.ccn.impl.sync.SliceComparator updateCurrent
O MAIS DETALHADO: Update compare - moving to: %036=032A503EDB43382F0904B4C711FE5D9B8F5A36594E69BE946CA2693FB48382
Jan 15, 2015 6:21:39 PM org.ccnx.ccn.impl.sync.SliceComparator updateCurrent
O MAIS DETALHADO: Update compare: name from tree (expanded) is /ccnx.org/test/SyncTestRepo-15-01-15-18.20.23/ccnSyncTest/slice10/round26/randomFile/=FD054B82F611AE/=00/=A59ED751E0429923E44E0411791301D0EAD05D219F65D4C0877CB9C9BAE5F22C, name  is /ccnx.org/test/SyncTestRepo-15-01-15-18.20.23/ccnSyncTest/slice10/round30/randomFile/=FD054B82F6364A/%C1.META.M/.header/=FD054B82F63683/=00/%98C=C1FCC740A6CDE5C7EBC9A8CC202498DD4918476753EDC257F99133C76BC9, comp is -1
Jan 15, 2015 6:21:39 PM org.ccnx.ccn.impl.sync.SliceComparator updateCurrent
O MAIS DETALHADO: Update compare: name from tree (expanded) is /ccnx.org/test/SyncTestRepo-15-01-15-18.20.23/ccnSyncTest/slice10/round26/randomFile/=FD054B82F611AE/%C1.META.M/.header/=FD054B82F611E7/=00/=9EBAE60D54D897D77C833F45C156C812656F54B751CB2BA418FC204F097E20FD, name  is /ccnx.org/test/SyncTestRepo-15-01-15-18.20.23/ccnSyncTest/slice10/round30/randomFile/=FD054B82F6364A/%C1.META.M/.header/=FD054B82F63683/=00/%98C=C1FCC740A6CDE5C7EBC9A8CC202498DD4918476753EDC257F99133C76BC9, comp is -1
Jan 15, 2015 6:21:39 PM org.ccnx.ccn.impl.sync.SliceComparator updateCurrent
O MAIS DETALHADO: Update compare: name from tree (expanded) is /ccnx.org/test/SyncTestRepo-15-01-15-18.20.23/ccnSyncTest/slice10/round27/randomFile/=FD054B82F61ADD/=00/-=8DD4FE13275029C1DBB2816F77D6FA6E6A2158729CC8A05E0A94EECE41F4C4, name  is /ccnx.org/test/SyncTestRepo-15-01-15-18.20.23/ccnSyncTest/slice10/round30/randomFile/=FD054B82F6364A/%C1.META.M/.header/=FD054B82F63683/=00/%98C=C1FCC740A6CDE5C7EBC9A8CC202498DD4918476753EDC257F99133C76BC9, comp is -1
Jan 15, 2015 6:21:39 PM org.ccnx.ccn.impl.sync.SliceComparator updateCurrent
O MAIS DETALHADO: Update compare: name from tree (expanded) is /ccnx.org/test/SyncTestRepo-15-01-15-18.20.23/ccnSyncTest/slice10/round27/randomFile/=FD054B82F61ADD/%C1.META.M/.header/=FD054B82F61B1B/=00/%1Cb=9B885FE399DA7CACD8BC9E70709162569C81FE27BFE130CFFF30A9C26E97, name  is /ccnx.org/test/SyncTestRepo-15-01-15-18.20.23/ccnSyncTest/slice10/round30/randomFile/=FD054B82F6364A/%C1.META.M/.header/=FD054B82F63683/=00/%98C=C1FCC740A6CDE5C7EBC9A8CC202498DD4918476753EDC257F99133C76BC9, comp is -1
Jan 15, 2015 6:21:39 PM org.ccnx.ccn.impl.sync.SliceComparator updateCurrent
O MAIS DETALHADO: Update compare: name from tree (expanded) is /ccnx.org/test/SyncTestRepo-15-01-15-18.20.23/ccnSyncTest/slice10/round28/randomFile/=FD054B82F62400/=00/=DF1EE0EB7C07C0545762A11F61243819C7197462A801936587E57454752CE720, name  is /ccnx.org/test/SyncTestRepo-15-01-15-18.20.23/ccnSyncTest/slice10/round30/randomFile/=FD054B82F6364A/%C1.META.M/.header/=FD054B82F63683/=00/%98C=C1FCC740A6CDE5C7EBC9A8CC202498DD4918476753EDC257F99133C76BC9, comp is -1
Jan 15, 2015 6:21:39 PM org.ccnx.ccn.impl.sync.SliceComparator updateCurrent
O MAIS DETALHADO: Update compare: name from tree (expanded) is /ccnx.org/test/SyncTestRepo-15-01-15-18.20.23/ccnSyncTest/slice10/round28/randomFile/=FD054B82F62400/%C1.META.M/.header/=FD054B82F62435/=00/=3AC3F1B952B25C43BBF861A434FEA1B34EE73DE2FDC2D5CC358E49C29DA78430, name  is /ccnx.org/test/SyncTestRepo-15-01-15-18.20.23/ccnSyncTest/slice10/round30/randomFile/=FD054B82F6364A/%C1.META.M/.header/=FD054B82F63683/=00/%98C=C1FCC740A6CDE5C7EBC9A8CC202498DD4918476753EDC257F99133C76BC9, comp is -1
Jan 15, 2015 6:21:39 PM org.ccnx.ccn.impl.sync.SliceComparator updateCurrent
O MAIS DETALHADO: Update compare: name from tree (expanded) is /ccnx.org/test/SyncTestRepo-15-01-15-18.20.23/ccnSyncTest/slice10/round29/randomFile/=FD054B82F62D23/=00/=03E714E924CFE656B888D7217D7E68FB02CD948652EF5F2148E9974CD13E928A, name  is /ccnx.org/test/SyncTestRepo-15-01-15-18.20.23/ccnSyncTest/slice10/round30/randomFile/=FD054B82F6364A/%C1.META.M/.header/=FD054B82F63683/=00/%98C=C1FCC740A6CDE5C7EBC9A8CC202498DD4918476753EDC257F99133C76BC9, comp is -1
Jan 15, 2015 6:21:39 PM org.ccnx.ccn.impl.sync.SliceComparator updateCurrent
O MAIS DETALHADO: Update compare: name from tree (expanded) is /ccnx.org/test/SyncTestRepo-15-01-15-18.20.23/ccnSyncTest/slice10/round29/randomFile/=FD054B82F62D23/%C1.META.M/.header/=FD054B82F62D5C/=00/7=918556EEA9B21540F00444D4E3082E8C487B54377277BD8D322AD35666E966, name  is /ccnx.org/test/SyncTestRepo-15-01-15-18.20.23/ccnSyncTest/slice10/round30/randomFile/=FD054B82F6364A/%C1.META.M/.header/=FD054B82F63683/=00/%98C=C1FCC740A6CDE5C7EBC9A8CC202498DD4918476753EDC257F99133C76BC9, comp is -1
Jan 15, 2015 6:21:39 PM org.ccnx.ccn.impl.sync.SliceComparator updateCurrent
O MAIS DETALHADO: Update compare: name from tree (expanded) is /ccnx.org/test/SyncTestRepo-15-01-15-18.20.23/ccnSyncTest/slice10/round30/randomFile/=FD054B82F6364A/=00/=159EDF5D849A465C8B0C515F50E70E560728DA1A37EC0DAE4E3BA3A1790C603B, name  is /ccnx.org/test/SyncTestRepo-15-01-15-18.20.23/ccnSyncTest/slice10/round30/randomFile/=FD054B82F6364A/%C1.META.M/.header/=FD054B82F63683/=00/%98C=C1FCC740A6CDE5C7EBC9A8CC202498DD4918476753EDC257F99133C76BC9, comp is -1
Jan 15, 2015 6:21:39 PM org.ccnx.ccn.impl.sync.SliceComparator updateCurrent
O MAIS DETALHADO: Update compare: name from tree (expanded) is /ccnx.org/test/SyncTestRepo-15-01-15-18.20.23/ccnSyncTest/slice10/randomFile/=FD054B82F53F79/=00/=3CBEB0282FE72CD7F7CF0696455493A1CE4F4E488F469319834E10584FC5C583, name  is /ccnx.org/test/SyncTestRepo-15-01-15-18.20.23/ccnSyncTest/slice10/round30/randomFile/=FD054B82F6364A/%C1.META.M/.header/=FD054B82F63683/=00/%98C=C1FCC740A6CDE5C7EBC9A8CC202498DD4918476753EDC257F99133C76BC9, comp is 1
Jan 15, 2015 6:21:39 PM org.ccnx.ccn.impl.sync.SliceComparator updateCurrent
O MAIS DETALHADO: Update: starting redo of names because of /ccnx.org/test/SyncTestRepo-15-01-15-18.20.23/ccnSyncTest/slice10/round30/randomFile/=FD054B82F6364A/%C1.META.M/.header/=FD054B82F63683/=00/%98C=C1FCC740A6CDE5C7EBC9A8CC202498DD4918476753EDC257F99133C76BC9 at /ccnx.org/test/SyncTestRepo-15-01-15-18.20.23/ccnSyncTest/slice10/round26/randomFile/=FD054B82F611AE/=00/=A59ED751E0429923E44E0411791301D0EAD05D219F65D4C0877CB9C9BAE5F22C
Jan 15, 2015 6:21:39 PM org.ccnx.ccn.impl.sync.SliceComparator updateCurrent
O MAIS DETALHADO: Update compare - moving to: =18F7ABCFFBD0912243186C9F3D6A45A3E28959A7EF8B922DD636A13DE75A55AC
Jan 15, 2015 6:21:39 PM org.ccnx.ccn.impl.sync.SliceComparator addNeededNames
O MAIS DETALHADO: Update: subsuming node
Jan 15, 2015 6:21:39 PM ccnx.Sync
DETALHADO: Node split due to level change - nbytes 2065, match 5, prev 8
Jan 15, 2015 6:21:39 PM org.ccnx.ccn.io.content.SyncNodeComposite decodeLogging
O MAIS DETALHADO: decode node for =0391883C24D634BD2E1D01E9E82A898AE0661D5506116F2A92D3768BA223B629C8 depth = 1 refs = 10
Jan 15, 2015 6:21:39 PM org.ccnx.ccn.io.content.SyncNodeComposite decodeLogging
O MAIS DETALHADO: min is 0, max is 0, expanded min is /ccnx.org/test/SyncTestRepo-15-01-15-18.20.23/ccnSyncTest/slice10/round26/randomFile/=FD054B82F611AE/=00/=A59ED751E0429923E44E0411791301D0EAD05D219F65D4C0877CB9C9BAE5F22C, expanded max is /ccnx.org/test/SyncTestRepo-15-01-15-18.20.23/ccnSyncTest/slice10/round30/randomFile/=FD054B82F6364A/%C1.META.M/.header/=FD054B82F63683/=00/%98C=C1FCC740A6CDE5C7EBC9A8CC202498DD4918476753EDC257F99133C76BC9
Jan 15, 2015 6:21:39 PM org.ccnx.ccn.impl.sync.SyncTreeEntry <init>
O MAIS DETALHADO: Found existing node: U=B65BF82BB7BDFA3AE7733582BED945B0D8A7F07ED225475984B19637201B2F
Jan 15, 2015 6:21:39 PM org.ccnx.ccn.impl.sync.SyncTreeEntry <init>
O MAIS DETALHADO: Found existing node: =13E7D9A437B8A9FD56EF68752A82D52D582761354D1C4616D4E5E3EDBDDED85A66
Jan 15, 2015 6:21:39 PM org.ccnx.ccn.io.content.SyncNodeComposite decodeLogging
O MAIS DETALHADO: decode node for =13E7D9A437B8A9FD56EF68752A82D52D582761354D1C4616D4E5E3EDBDDED85A66 depth = 2 refs = 5
Jan 15, 2015 6:21:39 PM org.ccnx.ccn.io.content.SyncNodeComposite decodeLogging
O MAIS DETALHADO: min is 0, max is 0, expanded min is /ccnx.org/test/SyncTestRepo-15-01-15-18.20.23/ccnSyncTest/slice10/round11/randomFile/=FD054B82F588B4/=00/=862C3C8C527D6B204E7FCD4EAF121546BFBA9E26B978EC9010B0DB73EDD734F0, expanded max is /ccnx.org/test/SyncTestRepo-15-01-15-18.20.23/ccnSyncTest/slice10/randomFile/=FD054B82F53F79/%C1.META.M/.header/=FD054B82F53FB2/=00/=18F7ABCFFBD0912243186C9F3D6A45A3E28959A7EF8B922DD636A13DE75A55AC
Jan 15, 2015 6:21:39 PM org.ccnx.ccn.impl.sync.NodeBuilder createHeadRecursive
O MAIS DETALHADO: Creating new compound node - with first element =05D95348B35DA1736365107BDACCCE484DA8B6A14DCCF3832B16DDA212E3B0C032 and last element U=B65BF82BB7BDFA3AE7733582BED945B0D8A7F07ED225475984B19637201B2F
Jan 15, 2015 6:21:39 PM org.ccnx.ccn.impl.sync.SliceComparator updateCurrent
INFORMAÇÕES: Resetting current to created head: =13E7D9A437B8A9FD56EF68752A82D52D582761354D1C4616D4E5E3EDBDDED85A66
Jan 15, 2015 6:21:39 PM org.ccnx.ccn.profiles.sync.SyncTestRepo checkCallbacks
DETALHADO: got segment 0
Jan 15, 2015 6:21:39 PM org.ccnx.ccn.profiles.sync.SyncTestRepo checkCallbacks
DETALHADO: received: [true, false] finished: [true, true]
Jan 15, 2015 6:21:39 PM org.ccnx.ccn.profiles.sync.SyncTestRepo checkCallbacks
DETALHADO: got the header
Jan 15, 2015 6:21:39 PM org.ccnx.ccn.profiles.sync.SyncTestRepo checkCallbacks
DETALHADO: received: [true, true] finished: [true, true]
Jan 15, 2015 6:21:39 PM org.ccnx.ccn.profiles.sync.SyncTestRepo checkCallbacks
DETALHADO: got all the segments!
Jan 15, 2015 6:21:39 PM org.ccnx.ccn.profiles.sync.SyncTestRepo checkCallbacks
DETALHADO: trying to loop again looking for segments
Jan 15, 2015 6:21:39 PM org.ccnx.ccn.profiles.sync.SyncTestRepo checkCallbacks
DETALHADO: done looping, returning.
Jan 15, 2015 6:21:39 PM org.ccnx.ccn.impl.sync.SliceComparator setTimeout
DETALHADO: Sync timeout changed to 6000
Jan 15, 2015 6:21:39 PM org.ccnx.ccn.impl.CCNFlowControl <init>
INFORMAÇÕES: adding namespace: /ccnx.org/test/SyncTestRepo-15-01-15-18.20.23/ccnSyncTest/slice10/round31/randomFile
Jan 15, 2015 6:21:39 PM org.ccnx.ccn.impl.security.keys.BasicKeyManager getKeyLocator
INFORMAÇÕES: getKeyLocator: returning locator NAME: /ccnx.org/Users/root/Keys/%C1.M.K=009234ADEC47D19E3E6A2AF362D44E09AB6B71F43B1900BA0622FB45F2A5B7D9F6/=FD054AE7DE1000 KEY:-reba89rgbj1o6ata34t5eovcl4kho5s9pnv8nstq15q1ld4g9ga for key kjSt7EfRnj5qKvNi1E4Jq2tx9DsZALoGIvtF8qW32fY=
Jan 15, 2015 6:21:39 PM org.ccnx.ccn.io.CCNAbstractOutputStream <init>
INFORMAÇÕES: CCNAbstractOutputStream: /ccnx.org/test/SyncTestRepo-15-01-15-18.20.23/ccnSyncTest/slice10/round31/randomFile/=FD054B82F63F71 blocksize is 4096
Jan 15, 2015 6:21:39 PM org.ccnx.ccn.io.CCNAbstractOutputStream startWrite
INFORMAÇÕES: CCNAbstractOutputStream: startWrite -- searching for keys.
Jan 15, 2015 6:21:39 PM org.ccnx.ccn.profiles.security.access.AccessControlManager keysForOutput
INFORMAÇÕES: keysForOutput: found an acm: (null)
Jan 15, 2015 6:21:39 PM org.ccnx.ccn.impl.repo.RepositoryFlowControl startWrite
INFORMAÇÕES: RepositoryFlowControl.startWrite called for name /ccnx.org/test/SyncTestRepo-15-01-15-18.20.23/ccnSyncTest/slice10/round31/randomFile/=FD054B82F63F71, shape STREAM
Jan 15, 2015 6:21:39 PM org.ccnx.ccn.impl.repo.RepositoryFlowControl handleContent
INFORMAÇÕES: handleContent: got potential repo message: /ccnx.org/test/SyncTestRepo-15-01-15-18.20.23/ccnSyncTest/slice10/round31/randomFile/=FD054B82F63F71/%C1.R.sw/%C1.N=00F4B91C4B92ED99D4
Jan 15, 2015 6:21:39 PM org.ccnx.ccn.profiles.sync.SyncTestCommon writeFile
DETALHADO: bytes: 4096 block size: 4096 div: 1.0 ceil: 1
Jan 15, 2015 6:21:39 PM org.ccnx.ccn.profiles.sync.SyncTestCommon writeFile
DETALHADO: will write out a 4096 byte file, will have 2 segments (1 is a header)
Jan 15, 2015 6:21:39 PM org.ccnx.ccn.io.CCNOutputStream flushToNetwork
INFORMAÇÕES: flush: outputting to the segmenter, baseName /ccnx.org/test/SyncTestRepo-15-01-15-18.20.23/ccnSyncTest/slice10/round31/randomFile/=FD054B82F63F71 basenameindex =00; 4096 bytes written, holding back 4096 flushing final blocks? false.
Jan 15, 2015 6:21:39 PM org.ccnx.ccn.io.CCNOutputStream flushToNetwork
INFORMAÇÕES: HEADER: CCNOutputStream: flushToNetwork: new _baseNameIndex 0
Jan 15, 2015 6:21:39 PM org.ccnx.ccn.io.CCNOutputStream flushToNetwork
INFORMAÇÕES: flush: outputting to the segmenter, baseName /ccnx.org/test/SyncTestRepo-15-01-15-18.20.23/ccnSyncTest/slice10/round31/randomFile/=FD054B82F63F71 basenameindex =00; 4096 bytes written, holding back 4096 flushing final blocks? false.
Jan 15, 2015 6:21:39 PM org.ccnx.ccn.io.CCNOutputStream flushToNetwork
INFORMAÇÕES: HEADER: CCNOutputStream: flushToNetwork: new _baseNameIndex 0
Jan 15, 2015 6:21:39 PM org.ccnx.ccn.io.CCNOutputStream flushToNetwork
INFORMAÇÕES: flush: outputting to the segmenter, baseName /ccnx.org/test/SyncTestRepo-15-01-15-18.20.23/ccnSyncTest/slice10/round31/randomFile/=FD054B82F63F71 basenameindex =00; 4096 bytes written, holding back 0 flushing final blocks? true.
Jan 15, 2015 6:21:39 PM org.ccnx.ccn.io.CCNOutputStream flushToNetwork
INFORMAÇÕES: HEADER: CCNOutputStream: flushToNetwork: new _baseNameIndex 1
Jan 15, 2015 6:21:39 PM org.ccnx.ccn.io.CCNAbstractOutputStream <init>
INFORMAÇÕES: CCNAbstractOutputStream: /ccnx.org/test/SyncTestRepo-15-01-15-18.20.23/ccnSyncTest/slice10/round31/randomFile/=FD054B82F63F71/%C1.META.M/.header/=FD054B82F63FAA blocksize is 4096
Jan 15, 2015 6:21:39 PM org.ccnx.ccn.io.CCNAbstractOutputStream startWrite
INFORMAÇÕES: CCNAbstractOutputStream: startWrite -- searching for keys.
Jan 15, 2015 6:21:39 PM org.ccnx.ccn.profiles.security.access.AccessControlManager keysForOutput
INFORMAÇÕES: keysForOutput: found an acm: (null)
Jan 15, 2015 6:21:39 PM org.ccnx.ccn.impl.repo.RepositoryFlowControl startWrite
INFORMAÇÕES: RepositoryFlowControl.startWrite called for name /ccnx.org/test/SyncTestRepo-15-01-15-18.20.23/ccnSyncTest/slice10/round31/randomFile/=FD054B82F63F71/%C1.META.M/.header/=FD054B82F63FAA, shape STREAM
Jan 15, 2015 6:21:39 PM org.ccnx.ccn.impl.repo.RepositoryFlowControl handleContent
INFORMAÇÕES: handleContent: got potential repo message: /ccnx.org/test/SyncTestRepo-15-01-15-18.20.23/ccnSyncTest/slice10/round31/randomFile/=FD054B82F63F71/%C1.META.M/.header/=FD054B82F63FAA/%C1.R.sw/%C1.N=00F198CA1039AEB63F
Jan 15, 2015 6:21:39 PM org.ccnx.ccn.io.CCNOutputStream flushToNetwork
INFORMAÇÕES: flush: outputting to the segmenter, baseName /ccnx.org/test/SyncTestRepo-15-01-15-18.20.23/ccnSyncTest/slice10/round31/randomFile/=FD054B82F63F71/%C1.META.M/.header/=FD054B82F63FAA basenameindex =00; 66 bytes written, holding back 66 flushing final blocks? false.
Jan 15, 2015 6:21:39 PM org.ccnx.ccn.io.CCNOutputStream flushToNetwork
INFORMAÇÕES: HEADER: CCNOutputStream: flushToNetwork: new _baseNameIndex 0
Jan 15, 2015 6:21:39 PM org.ccnx.ccn.io.CCNOutputStream flushToNetwork
INFORMAÇÕES: flush: outputting to the segmenter, baseName /ccnx.org/test/SyncTestRepo-15-01-15-18.20.23/ccnSyncTest/slice10/round31/randomFile/=FD054B82F63F71/%C1.META.M/.header/=FD054B82F63FAA basenameindex =00; 66 bytes written, holding back 66 flushing final blocks? false.
Jan 15, 2015 6:21:39 PM org.ccnx.ccn.io.CCNOutputStream flushToNetwork
INFORMAÇÕES: HEADER: CCNOutputStream: flushToNetwork: new _baseNameIndex 0
Jan 15, 2015 6:21:39 PM org.ccnx.ccn.io.CCNOutputStream flushToNetwork
INFORMAÇÕES: flush: outputting to the segmenter, baseName /ccnx.org/test/SyncTestRepo-15-01-15-18.20.23/ccnSyncTest/slice10/round31/randomFile/=FD054B82F63F71/%C1.META.M/.header/=FD054B82F63FAA basenameindex =00; 66 bytes written, holding back 0 flushing final blocks? true.
Jan 15, 2015 6:21:39 PM org.ccnx.ccn.io.CCNOutputStream flushToNetwork
INFORMAÇÕES: HEADER: CCNOutputStream: flushToNetwork: new _baseNameIndex 1
Jan 15, 2015 6:21:40 PM org.ccnx.ccn.io.CCNOutputStream close
INFORMAÇÕES: CCNOutputStream close: /ccnx.org/test/SyncTestRepo-15-01-15-18.20.23/ccnSyncTest/slice10/round31/randomFile/=FD054B82F63F71/%C1.META.M/.header/=FD054B82F63FAA
Jan 15, 2015 6:21:40 PM org.ccnx.ccn.io.CCNOutputStream close
INFORMAÇÕES: CCNOutputStream close: /ccnx.org/test/SyncTestRepo-15-01-15-18.20.23/ccnSyncTest/slice10/round31/randomFile/=FD054B82F63F71
Jan 15, 2015 6:21:40 PM org.ccnx.ccn.profiles.sync.SyncTestCommon writeFile
INFORMAÇÕES: Wrote file to repository: /ccnx.org/test/SyncTestRepo-15-01-15-18.20.23/ccnSyncTest/slice10/round31/randomFile/=FD054B82F63F71 with 2 segments
Jan 15, 2015 6:21:40 PM org.ccnx.ccn.profiles.sync.SyncTestRepo checkCallbacks
DETALHADO: checking for callbacks:  /ccnx.org/test/SyncTestRepo-15-01-15-18.20.23/ccnSyncTest/slice10/round31 segments: 2
Jan 15, 2015 6:21:40 PM org.ccnx.ccn.impl.sync.ProtocolBasedSyncMonitor handleContent
INFORMAÇÕES: Saw new content from sync: /ccnx.org/test/SyncTestRepo-15-01-15-18.20.23/topoPrefix/%C1.S.ra/x%E7U.=86853EF050D99AC7B6E19C29B7AECFA1B2568CAD74E733BCB2443F63/=13E7D9A437B8A9FD56EF68752A82D52D582761354D1C4616D4E5E3EDBDDED85A66/=147B69902029A6314F088772B348F0309E5508B19F68F3C50F2758EB3AD8130AC5
Jan 15, 2015 6:21:40 PM org.ccnx.ccn.impl.sync.SliceComparator run
DETALHADO: Starting comparator run - state is INIT, sc is org.ccnx.ccn.impl.sync.SliceComparator@ca0898b, this is the lead
Jan 15, 2015 6:21:40 PM org.ccnx.ccn.impl.encoding.BinaryXMLDecoder setElement
INFORMAÇÕES: Reset decode array sizes to 150
Jan 15, 2015 6:21:40 PM org.ccnx.ccn.io.content.SyncNodeComposite decodeLogging
O MAIS DETALHADO: decode node for =147B69902029A6314F088772B348F0309E5508B19F68F3C50F2758EB3AD8130AC5 depth = 2 refs = 4
Jan 15, 2015 6:21:40 PM org.ccnx.ccn.io.content.SyncNodeComposite decodeLogging
O MAIS DETALHADO: min is 0, max is 0, expanded min is /ccnx.org/test/SyncTestRepo-15-01-15-18.20.23/ccnSyncTest/slice10/round11/randomFile/=FD054B82F588B4/=00/=862C3C8C527D6B204E7FCD4EAF121546BFBA9E26B978EC9010B0DB73EDD734F0, expanded max is /ccnx.org/test/SyncTestRepo-15-01-15-18.20.23/ccnSyncTest/slice10/randomFile/=FD054B82F53F79/%C1.META.M/.header/=FD054B82F53FB2/=00/=18F7ABCFFBD0912243186C9F3D6A45A3E28959A7EF8B922DD636A13DE75A55AC
Jan 15, 2015 6:21:40 PM org.ccnx.ccn.impl.sync.SliceComparator run
INFORMAÇÕES: Starting new round with X = =13E7D9A437B8A9FD56EF68752A82D52D582761354D1C4616D4E5E3EDBDDED85A66 and Y = =147B69902029A6314F088772B348F0309E5508B19F68F3C50F2758EB3AD8130AC5
Jan 15, 2015 6:21:40 PM org.ccnx.ccn.impl.sync.ProtocolBasedSyncMonitor requestNode
DETALHADO: Requesting node for hash: /ccnx.org/test/SyncTestRepo-15-01-15-18.20.23/topoPrefix/%C1.S.nf/x%E7U.=86853EF050D99AC7B6E19C29B7AECFA1B2568CAD74E733BCB2443F63/%04z=CE840572E8AF2071085AA67363676C449D7948DCEEFE146E703AB55410F556
Jan 15, 2015 6:21:40 PM org.ccnx.ccn.impl.sync.SliceComparator doComparison
O MAIS DETALHADO: Skipping covered subentry =05D95348B35DA1736365107BDACCCE484DA8B6A14DCCF3832B16DDA212E3B0C032
Jan 15, 2015 6:21:40 PM org.ccnx.ccn.impl.sync.SliceComparator doComparison
O MAIS DETALHADO: Skipping covered subentry =04F7A143667F594F74B6B7C8C826B63D9DA7DAAA6A220B24C7FB15280B67E9868D
Jan 15, 2015 6:21:40 PM org.ccnx.ccn.impl.sync.SliceComparator doComparison
O MAIS DETALHADO: Skipping covered subentry =052FA68000D9C2BF567BB6D369E2084346BFD9EC9E9D061F07A6F5E6673867CEB0
Jan 15, 2015 6:21:40 PM org.ccnx.ccn.impl.sync.SliceComparator doComparison
O MAIS DETALHADO: Compare NODE =13E7D9A437B8A9FD56EF68752A82D52D582761354D1C4616D4E5E3EDBDDED85A66 to NODE =147B69902029A6314F088772B348F0309E5508B19F68F3C50F2758EB3AD8130AC5
Jan 15, 2015 6:21:40 PM org.ccnx.ccn.impl.sync.SliceComparator doComparison
O MAIS DETALHADO: pos X is 0, pos Y is 3
Jan 15, 2015 6:21:40 PM org.ccnx.ccn.impl.sync.SliceComparator.NodeFetchHandler handleContent
DETALHADO: Saw data from nodefind: hash: %04z=CE840572E8AF2071085AA67363676C449D7948DCEEFE146E703AB55410F556
Jan 15, 2015 6:21:40 PM org.ccnx.ccn.io.content.SyncNodeComposite decodeLogging
O MAIS DETALHADO: decode node for %04z=CE840572E8AF2071085AA67363676C449D7948DCEEFE146E703AB55410F556 depth = 1 refs = 14
Jan 15, 2015 6:21:40 PM org.ccnx.ccn.io.content.SyncNodeComposite decodeLogging
O MAIS DETALHADO: min is 0, max is 0, expanded min is /ccnx.org/test/SyncTestRepo-15-01-15-18.20.23/ccnSyncTest/slice10/round26/randomFile/=FD054B82F611AE/=00/=A59ED751E0429923E44E0411791301D0EAD05D219F65D4C0877CB9C9BAE5F22C, expanded max is /ccnx.org/test/SyncTestRepo-15-01-15-18.20.23/ccnSyncTest/slice10/randomFile/=FD054B82F53F79/%C1.META.M/.header/=FD054B82F53FB2/=00/=18F7ABCFFBD0912243186C9F3D6A45A3E28959A7EF8B922DD636A13DE75A55AC
Jan 15, 2015 6:21:40 PM org.ccnx.ccn.impl.sync.SliceComparator doComparison
O MAIS DETALHADO: Pushing X entry =05D95348B35DA1736365107BDACCCE484DA8B6A14DCCF3832B16DDA212E3B0C032 and Y entry %04z=CE840572E8AF2071085AA67363676C449D7948DCEEFE146E703AB55410F556
Jan 15, 2015 6:21:40 PM org.ccnx.ccn.impl.sync.SliceComparator doComparison
O MAIS DETALHADO: Compare LEAF =05D95348B35DA1736365107BDACCCE484DA8B6A14DCCF3832B16DDA212E3B0C032 to LEAF %04z=CE840572E8AF2071085AA67363676C449D7948DCEEFE146E703AB55410F556
Jan 15, 2015 6:21:40 PM org.ccnx.ccn.impl.sync.SliceComparator doComparison
O MAIS DETALHADO: name X is 0, pos X is 0, name Y is 0, pos Y is 0 comp is -1
Jan 15, 2015 6:21:40 PM org.ccnx.ccn.impl.sync.SliceComparator doComparison
O MAIS DETALHADO: name X (expanded) is /ccnx.org/test/SyncTestRepo-15-01-15-18.20.23/ccnSyncTest/slice10/round11/randomFile/=FD054B82F588B4/=00/=862C3C8C527D6B204E7FCD4EAF121546BFBA9E26B978EC9010B0DB73EDD734F0, name Y (expanded) is /ccnx.org/test/SyncTestRepo-15-01-15-18.20.23/ccnSyncTest/slice10/round26/randomFile/=FD054B82F611AE/=00/=A59ED751E0429923E44E0411791301D0EAD05D219F65D4C0877CB9C9BAE5F22C
Jan 15, 2015 6:21:40 PM org.ccnx.ccn.impl.sync.SliceComparator doComparison
O MAIS DETALHADO: Shortcut - popping X back to =13E7D9A437B8A9FD56EF68752A82D52D582761354D1C4616D4E5E3EDBDDED85A66, pos 1
Jan 15, 2015 6:21:40 PM org.ccnx.ccn.impl.sync.SliceComparator doComparison
O MAIS DETALHADO: Compare NODE =13E7D9A437B8A9FD56EF68752A82D52D582761354D1C4616D4E5E3EDBDDED85A66 to LEAF %04z=CE840572E8AF2071085AA67363676C449D7948DCEEFE146E703AB55410F556, resMin is 1, resMax is -1
Jan 15, 2015 6:21:40 PM org.ccnx.ccn.impl.sync.SliceComparator doComparison
O MAIS DETALHADO: minname is 0, maxname is 0, pos X is 1, pos Y is 0
Jan 15, 2015 6:21:40 PM org.ccnx.ccn.impl.sync.SliceComparator doComparison
O MAIS DETALHADO: Compare LEAF =04F7A143667F594F74B6B7C8C826B63D9DA7DAAA6A220B24C7FB15280B67E9868D to LEAF %04z=CE840572E8AF2071085AA67363676C449D7948DCEEFE146E703AB55410F556
Jan 15, 2015 6:21:40 PM org.ccnx.ccn.impl.sync.SliceComparator doComparison
O MAIS DETALHADO: name X is 0, pos X is 0, name Y is 0, pos Y is 0 comp is -1
Jan 15, 2015 6:21:40 PM org.ccnx.ccn.impl.sync.SliceComparator doComparison
O MAIS DETALHADO: name X (expanded) is /ccnx.org/test/SyncTestRepo-15-01-15-18.20.23/ccnSyncTest/slice10/round16/randomFile/=FD054B82F5B673/=00/pU=A6A22546186B9FAC4EB8A07C1FBB995F82DA30BC632446C0DCD7E521AAF7, name Y (expanded) is /ccnx.org/test/SyncTestRepo-15-01-15-18.20.23/ccnSyncTest/slice10/round26/randomFile/=FD054B82F611AE/=00/=A59ED751E0429923E44E0411791301D0EAD05D219F65D4C0877CB9C9BAE5F22C
Jan 15, 2015 6:21:40 PM org.ccnx.ccn.impl.sync.SliceComparator doComparison
O MAIS DETALHADO: Shortcut - popping X back to =13E7D9A437B8A9FD56EF68752A82D52D582761354D1C4616D4E5E3EDBDDED85A66, pos 2
Jan 15, 2015 6:21:40 PM org.ccnx.ccn.impl.sync.SliceComparator doComparison
O MAIS DETALHADO: Compare NODE =13E7D9A437B8A9FD56EF68752A82D52D582761354D1C4616D4E5E3EDBDDED85A66 to LEAF %04z=CE840572E8AF2071085AA67363676C449D7948DCEEFE146E703AB55410F556, resMin is 1, resMax is -1
Jan 15, 2015 6:21:40 PM org.ccnx.ccn.impl.sync.SliceComparator doComparison
O MAIS DETALHADO: minname is 0, maxname is 0, pos X is 2, pos Y is 0
Jan 15, 2015 6:21:40 PM org.ccnx.ccn.impl.sync.SliceComparator doComparison
O MAIS DETALHADO: Compare LEAF =052FA68000D9C2BF567BB6D369E2084346BFD9EC9E9D061F07A6F5E6673867CEB0 to LEAF %04z=CE840572E8AF2071085AA67363676C449D7948DCEEFE146E703AB55410F556
Jan 15, 2015 6:21:40 PM org.ccnx.ccn.impl.sync.SliceComparator doComparison
O MAIS DETALHADO: name X is 0, pos X is 0, name Y is 0, pos Y is 0 comp is -1
Jan 15, 2015 6:21:40 PM org.ccnx.ccn.impl.sync.SliceComparator doComparison
O MAIS DETALHADO: name X (expanded) is /ccnx.org/test/SyncTestRepo-15-01-15-18.20.23/ccnSyncTest/slice10/round21/randomFile/=FD054B82F5E41D/=00/%81v=11100BD1950F5228760141B55709E0A91045B40720DAB0782DCC6F0256FF, name Y (expanded) is /ccnx.org/test/SyncTestRepo-15-01-15-18.20.23/ccnSyncTest/slice10/round26/randomFile/=FD054B82F611AE/=00/=A59ED751E0429923E44E0411791301D0EAD05D219F65D4C0877CB9C9BAE5F22C
Jan 15, 2015 6:21:40 PM org.ccnx.ccn.impl.sync.SliceComparator doComparison
O MAIS DETALHADO: Shortcut - popping X back to =13E7D9A437B8A9FD56EF68752A82D52D582761354D1C4616D4E5E3EDBDDED85A66, pos 3
Jan 15, 2015 6:21:40 PM org.ccnx.ccn.impl.sync.SliceComparator doComparison
O MAIS DETALHADO: Compare NODE =13E7D9A437B8A9FD56EF68752A82D52D582761354D1C4616D4E5E3EDBDDED85A66 to LEAF %04z=CE840572E8AF2071085AA67363676C449D7948DCEEFE146E703AB55410F556, resMin is 1, resMax is -1
Jan 15, 2015 6:21:40 PM org.ccnx.ccn.impl.sync.SliceComparator doComparison
O MAIS DETALHADO: minname is 0, maxname is 0, pos X is 3, pos Y is 0
Jan 15, 2015 6:21:40 PM org.ccnx.ccn.impl.sync.SliceComparator doComparison
O MAIS DETALHADO: Compare LEAF =0391883C24D634BD2E1D01E9E82A898AE0661D5506116F2A92D3768BA223B629C8 to LEAF %04z=CE840572E8AF2071085AA67363676C449D7948DCEEFE146E703AB55410F556
Jan 15, 2015 6:21:40 PM org.ccnx.ccn.impl.sync.SliceComparator doComparison
O MAIS DETALHADO: name X is 0, pos X is 0, name Y is 0, pos Y is 0 comp is 0
Jan 15, 2015 6:21:40 PM org.ccnx.ccn.impl.sync.SliceComparator doComparison
O MAIS DETALHADO: name X (expanded) is /ccnx.org/test/SyncTestRepo-15-01-15-18.20.23/ccnSyncTest/slice10/round26/randomFile/=FD054B82F611AE/=00/=A59ED751E0429923E44E0411791301D0EAD05D219F65D4C0877CB9C9BAE5F22C, name Y (expanded) is /ccnx.org/test/SyncTestRepo-15-01-15-18.20.23/ccnSyncTest/slice10/round26/randomFile/=FD054B82F611AE/=00/=A59ED751E0429923E44E0411791301D0EAD05D219F65D4C0877CB9C9BAE5F22C
Jan 15, 2015 6:21:40 PM org.ccnx.ccn.impl.sync.SliceComparator doComparison
O MAIS DETALHADO: Compare LEAF =0391883C24D634BD2E1D01E9E82A898AE0661D5506116F2A92D3768BA223B629C8 to LEAF %04z=CE840572E8AF2071085AA67363676C449D7948DCEEFE146E703AB55410F556
Jan 15, 2015 6:21:40 PM org.ccnx.ccn.impl.sync.SliceComparator doComparison
O MAIS DETALHADO: name X is 0, pos X is 1, name Y is 0, pos Y is 1 comp is 0
Jan 15, 2015 6:21:40 PM org.ccnx.ccn.impl.sync.SliceComparator doComparison
O MAIS DETALHADO: name X (expanded) is /ccnx.org/test/SyncTestRepo-15-01-15-18.20.23/ccnSyncTest/slice10/round26/randomFile/=FD054B82F611AE/%C1.META.M/.header/=FD054B82F611E7/=00/=9EBAE60D54D897D77C833F45C156C812656F54B751CB2BA418FC204F097E20FD, name Y (expanded) is /ccnx.org/test/SyncTestRepo-15-01-15-18.20.23/ccnSyncTest/slice10/round26/randomFile/=FD054B82F611AE/%C1.META.M/.header/=FD054B82F611E7/=00/=9EBAE60D54D897D77C833F45C156C812656F54B751CB2BA418FC204F097E20FD
Jan 15, 2015 6:21:40 PM org.ccnx.ccn.impl.sync.SliceComparator doComparison
O MAIS DETALHADO: Compare LEAF =0391883C24D634BD2E1D01E9E82A898AE0661D5506116F2A92D3768BA223B629C8 to LEAF %04z=CE840572E8AF2071085AA67363676C449D7948DCEEFE146E703AB55410F556
Jan 15, 2015 6:21:40 PM org.ccnx.ccn.impl.sync.SliceComparator doComparison
O MAIS DETALHADO: name X is 0, pos X is 2, name Y is 0, pos Y is 2 comp is 0
Jan 15, 2015 6:21:40 PM org.ccnx.ccn.impl.sync.SliceComparator doComparison
O MAIS DETALHADO: name X (expanded) is /ccnx.org/test/SyncTestRepo-15-01-15-18.20.23/ccnSyncTest/slice10/round27/randomFile/=FD054B82F61ADD/=00/-=8DD4FE13275029C1DBB2816F77D6FA6E6A2158729CC8A05E0A94EECE41F4C4, name Y (expanded) is /ccnx.org/test/SyncTestRepo-15-01-15-18.20.23/ccnSyncTest/slice10/round27/randomFile/=FD054B82F61ADD/=00/-=8DD4FE13275029C1DBB2816F77D6FA6E6A2158729CC8A05E0A94EECE41F4C4
Jan 15, 2015 6:21:40 PM org.ccnx.ccn.impl.sync.SliceComparator doComparison
O MAIS DETALHADO: Compare LEAF =0391883C24D634BD2E1D01E9E82A898AE0661D5506116F2A92D3768BA223B629C8 to LEAF %04z=CE840572E8AF2071085AA67363676C449D7948DCEEFE146E703AB55410F556
Jan 15, 2015 6:21:40 PM org.ccnx.ccn.impl.sync.SliceComparator doComparison
O MAIS DETALHADO: name X is 0, pos X is 3, name Y is 0, pos Y is 3 comp is 0
Jan 15, 2015 6:21:40 PM org.ccnx.ccn.impl.sync.SliceComparator doComparison
O MAIS DETALHADO: name X (expanded) is /ccnx.org/test/SyncTestRepo-15-01-15-18.20.23/ccnSyncTest/slice10/round27/randomFile/=FD054B82F61ADD/%C1.META.M/.header/=FD054B82F61B1B/=00/%1Cb=9B885FE399DA7CACD8BC9E70709162569C81FE27BFE130CFFF30A9C26E97, name Y (expanded) is /ccnx.org/test/SyncTestRepo-15-01-15-18.20.23/ccnSyncTest/slice10/round27/randomFile/=FD054B82F61ADD/%C1.META.M/.header/=FD054B82F61B1B/=00/%1Cb=9B885FE399DA7CACD8BC9E70709162569C81FE27BFE130CFFF30A9C26E97
Jan 15, 2015 6:21:40 PM org.ccnx.ccn.impl.sync.SliceComparator doComparison
O MAIS DETALHADO: Compare LEAF =0391883C24D634BD2E1D01E9E82A898AE0661D5506116F2A92D3768BA223B629C8 to LEAF %04z=CE840572E8AF2071085AA67363676C449D7948DCEEFE146E703AB55410F556
Jan 15, 2015 6:21:40 PM org.ccnx.ccn.impl.sync.SliceComparator doComparison
O MAIS DETALHADO: name X is 0, pos X is 4, name Y is 0, pos Y is 4 comp is 0
Jan 15, 2015 6:21:40 PM org.ccnx.ccn.impl.sync.SliceComparator doComparison
O MAIS DETALHADO: name X (expanded) is /ccnx.org/test/SyncTestRepo-15-01-15-18.20.23/ccnSyncTest/slice10/round28/randomFile/=FD054B82F62400/=00/=DF1EE0EB7C07C0545762A11F61243819C7197462A801936587E57454752CE720, name Y (expanded) is /ccnx.org/test/SyncTestRepo-15-01-15-18.20.23/ccnSyncTest/slice10/round28/randomFile/=FD054B82F62400/=00/=DF1EE0EB7C07C0545762A11F61243819C7197462A801936587E57454752CE720
Jan 15, 2015 6:21:40 PM org.ccnx.ccn.impl.sync.SliceComparator doComparison
O MAIS DETALHADO: Compare LEAF =0391883C24D634BD2E1D01E9E82A898AE0661D5506116F2A92D3768BA223B629C8 to LEAF %04z=CE840572E8AF2071085AA67363676C449D7948DCEEFE146E703AB55410F556
Jan 15, 2015 6:21:40 PM org.ccnx.ccn.impl.sync.SliceComparator doComparison
O MAIS DETALHADO: name X is 0, pos X is 5, name Y is 0, pos Y is 5 comp is 0
Jan 15, 2015 6:21:40 PM org.ccnx.ccn.impl.sync.SliceComparator doComparison
O MAIS DETALHADO: name X (expanded) is /ccnx.org/test/SyncTestRepo-15-01-15-18.20.23/ccnSyncTest/slice10/round28/randomFile/=FD054B82F62400/%C1.META.M/.header/=FD054B82F62435/=00/=3AC3F1B952B25C43BBF861A434FEA1B34EE73DE2FDC2D5CC358E49C29DA78430, name Y (expanded) is /ccnx.org/test/SyncTestRepo-15-01-15-18.20.23/ccnSyncTest/slice10/round28/randomFile/=FD054B82F62400/%C1.META.M/.header/=FD054B82F62435/=00/=3AC3F1B952B25C43BBF861A434FEA1B34EE73DE2FDC2D5CC358E49C29DA78430
Jan 15, 2015 6:21:40 PM org.ccnx.ccn.impl.sync.SliceComparator doComparison
O MAIS DETALHADO: Compare LEAF =0391883C24D634BD2E1D01E9E82A898AE0661D5506116F2A92D3768BA223B629C8 to LEAF %04z=CE840572E8AF2071085AA67363676C449D7948DCEEFE146E703AB55410F556
Jan 15, 2015 6:21:40 PM org.ccnx.ccn.impl.sync.SliceComparator doComparison
O MAIS DETALHADO: name X is 0, pos X is 6, name Y is 0, pos Y is 6 comp is 0
Jan 15, 2015 6:21:40 PM org.ccnx.ccn.impl.sync.SliceComparator doComparison
O MAIS DETALHADO: name X (expanded) is /ccnx.org/test/SyncTestRepo-15-01-15-18.20.23/ccnSyncTest/slice10/round29/randomFile/=FD054B82F62D23/=00/=03E714E924CFE656B888D7217D7E68FB02CD948652EF5F2148E9974CD13E928A, name Y (expanded) is /ccnx.org/test/SyncTestRepo-15-01-15-18.20.23/ccnSyncTest/slice10/round29/randomFile/=FD054B82F62D23/=00/=03E714E924CFE656B888D7217D7E68FB02CD948652EF5F2148E9974CD13E928A
Jan 15, 2015 6:21:40 PM org.ccnx.ccn.impl.sync.SliceComparator doComparison
O MAIS DETALHADO: Compare LEAF =0391883C24D634BD2E1D01E9E82A898AE0661D5506116F2A92D3768BA223B629C8 to LEAF %04z=CE840572E8AF2071085AA67363676C449D7948DCEEFE146E703AB55410F556
Jan 15, 2015 6:21:40 PM org.ccnx.ccn.impl.sync.SliceComparator doComparison
O MAIS DETALHADO: name X is 0, pos X is 7, name Y is 0, pos Y is 7 comp is 0
Jan 15, 2015 6:21:40 PM org.ccnx.ccn.impl.sync.SliceComparator doComparison
O MAIS DETALHADO: name X (expanded) is /ccnx.org/test/SyncTestRepo-15-01-15-18.20.23/ccnSyncTest/slice10/round29/randomFile/=FD054B82F62D23/%C1.META.M/.header/=FD054B82F62D5C/=00/7=918556EEA9B21540F00444D4E3082E8C487B54377277BD8D322AD35666E966, name Y (expanded) is /ccnx.org/test/SyncTestRepo-15-01-15-18.20.23/ccnSyncTest/slice10/round29/randomFile/=FD054B82F62D23/%C1.META.M/.header/=FD054B82F62D5C/=00/7=918556EEA9B21540F00444D4E3082E8C487B54377277BD8D322AD35666E966
Jan 15, 2015 6:21:40 PM org.ccnx.ccn.impl.sync.SliceComparator doComparison
O MAIS DETALHADO: Compare LEAF =0391883C24D634BD2E1D01E9E82A898AE0661D5506116F2A92D3768BA223B629C8 to LEAF %04z=CE840572E8AF2071085AA67363676C449D7948DCEEFE146E703AB55410F556
Jan 15, 2015 6:21:40 PM org.ccnx.ccn.impl.sync.SliceComparator doComparison
O MAIS DETALHADO: name X is 0, pos X is 8, name Y is 0, pos Y is 8 comp is 0
Jan 15, 2015 6:21:40 PM org.ccnx.ccn.impl.sync.SliceComparator doComparison
O MAIS DETALHADO: name X (expanded) is /ccnx.org/test/SyncTestRepo-15-01-15-18.20.23/ccnSyncTest/slice10/round30/randomFile/=FD054B82F6364A/=00/=159EDF5D849A465C8B0C515F50E70E560728DA1A37EC0DAE4E3BA3A1790C603B, name Y (expanded) is /ccnx.org/test/SyncTestRepo-15-01-15-18.20.23/ccnSyncTest/slice10/round30/randomFile/=FD054B82F6364A/=00/=159EDF5D849A465C8B0C515F50E70E560728DA1A37EC0DAE4E3BA3A1790C603B
Jan 15, 2015 6:21:40 PM org.ccnx.ccn.impl.sync.SliceComparator doComparison
O MAIS DETALHADO: Compare LEAF =0391883C24D634BD2E1D01E9E82A898AE0661D5506116F2A92D3768BA223B629C8 to LEAF %04z=CE840572E8AF2071085AA67363676C449D7948DCEEFE146E703AB55410F556
Jan 15, 2015 6:21:40 PM org.ccnx.ccn.impl.sync.SliceComparator doComparison
O MAIS DETALHADO: name X is 0, pos X is 9, name Y is 0, pos Y is 9 comp is 0
Jan 15, 2015 6:21:40 PM org.ccnx.ccn.impl.sync.SliceComparator doComparison
O MAIS DETALHADO: name X (expanded) is /ccnx.org/test/SyncTestRepo-15-01-15-18.20.23/ccnSyncTest/slice10/round30/randomFile/=FD054B82F6364A/%C1.META.M/.header/=FD054B82F63683/=00/%98C=C1FCC740A6CDE5C7EBC9A8CC202498DD4918476753EDC257F99133C76BC9, name Y (expanded) is /ccnx.org/test/SyncTestRepo-15-01-15-18.20.23/ccnSyncTest/slice10/round30/randomFile/=FD054B82F6364A/%C1.META.M/.header/=FD054B82F63683/=00/%98C=C1FCC740A6CDE5C7EBC9A8CC202498DD4918476753EDC257F99133C76BC9
Jan 15, 2015 6:21:40 PM org.ccnx.ccn.impl.sync.SliceComparator doComparison
O MAIS DETALHADO: Compare NODE =13E7D9A437B8A9FD56EF68752A82D52D582761354D1C4616D4E5E3EDBDDED85A66 to LEAF %04z=CE840572E8AF2071085AA67363676C449D7948DCEEFE146E703AB55410F556, resMin is 1, resMax is -1
Jan 15, 2015 6:21:40 PM org.ccnx.ccn.impl.sync.SliceComparator doComparison
O MAIS DETALHADO: minname is 0, maxname is 0, pos X is 4, pos Y is 10
Jan 15, 2015 6:21:40 PM org.ccnx.ccn.impl.sync.SliceComparator doComparison
O MAIS DETALHADO: Compare LEAF U=B65BF82BB7BDFA3AE7733582BED945B0D8A7F07ED225475984B19637201B2F to LEAF %04z=CE840572E8AF2071085AA67363676C449D7948DCEEFE146E703AB55410F556
Jan 15, 2015 6:21:40 PM org.ccnx.ccn.impl.sync.SliceComparator doComparison
O MAIS DETALHADO: name X is 0, pos X is 0, name Y is 0, pos Y is 10 comp is 1
Jan 15, 2015 6:21:40 PM org.ccnx.ccn.impl.sync.SliceComparator doComparison
O MAIS DETALHADO: name X (expanded) is /ccnx.org/test/SyncTestRepo-15-01-15-18.20.23/ccnSyncTest/slice10/randomFile/=FD054B82F53F79/=00/=3CBEB0282FE72CD7F7CF0696455493A1CE4F4E488F469319834E10584FC5C583, name Y (expanded) is /ccnx.org/test/SyncTestRepo-15-01-15-18.20.23/ccnSyncTest/slice10/round31/randomFile/=FD054B82F63F71/=00/%0Cm=FAB059D2D60B2BAEFAC54D53F1292E5EBCD39335B7D1C39E4BDB1BF30F39
Jan 15, 2015 6:21:40 PM org.ccnx.ccn.profiles.sync.SyncTestRepo doHandleContentName
INFORMAÇÕES: Number 1: Callback for name: /ccnx.org/test/SyncTestRepo-15-01-15-18.20.23/ccnSyncTest/slice10/round31/randomFile/=FD054B82F63F71/=00 - number is 0
Jan 15, 2015 6:21:40 PM org.ccnx.ccn.impl.sync.SliceComparator doComparison
O MAIS DETALHADO: Compare LEAF U=B65BF82BB7BDFA3AE7733582BED945B0D8A7F07ED225475984B19637201B2F to LEAF %04z=CE840572E8AF2071085AA67363676C449D7948DCEEFE146E703AB55410F556
Jan 15, 2015 6:21:40 PM org.ccnx.ccn.impl.sync.SliceComparator doComparison
O MAIS DETALHADO: name X is 0, pos X is 0, name Y is 0, pos Y is 11 comp is 1
Jan 15, 2015 6:21:40 PM org.ccnx.ccn.impl.sync.SliceComparator doComparison
O MAIS DETALHADO: name X (expanded) is /ccnx.org/test/SyncTestRepo-15-01-15-18.20.23/ccnSyncTest/slice10/randomFile/=FD054B82F53F79/=00/=3CBEB0282FE72CD7F7CF0696455493A1CE4F4E488F469319834E10584FC5C583, name Y (expanded) is /ccnx.org/test/SyncTestRepo-15-01-15-18.20.23/ccnSyncTest/slice10/round31/randomFile/=FD054B82F63F71/%C1.META.M/.header/=FD054B82F63FAA/=00/=8721F13817295DECED7002C378C7121CFF48BF7EB977F6687DD6B1A1DD47A126
Jan 15, 2015 6:21:40 PM org.ccnx.ccn.profiles.sync.SyncTestRepo doHandleContentName
INFORMAÇÕES: Number 1: Callback for name: /ccnx.org/test/SyncTestRepo-15-01-15-18.20.23/ccnSyncTest/slice10/round31/randomFile/=FD054B82F63F71/%C1.META.M/.header/=FD054B82F63FAA/=00 - number is header
Jan 15, 2015 6:21:40 PM org.ccnx.ccn.impl.sync.SliceComparator doComparison
O MAIS DETALHADO: Compare LEAF U=B65BF82BB7BDFA3AE7733582BED945B0D8A7F07ED225475984B19637201B2F to LEAF %04z=CE840572E8AF2071085AA67363676C449D7948DCEEFE146E703AB55410F556
Jan 15, 2015 6:21:40 PM org.ccnx.ccn.impl.sync.SliceComparator doComparison
O MAIS DETALHADO: name X is 0, pos X is 0, name Y is 0, pos Y is 12 comp is 0
Jan 15, 2015 6:21:40 PM org.ccnx.ccn.impl.sync.SliceComparator doComparison
O MAIS DETALHADO: name X (expanded) is /ccnx.org/test/SyncTestRepo-15-01-15-18.20.23/ccnSyncTest/slice10/randomFile/=FD054B82F53F79/=00/=3CBEB0282FE72CD7F7CF0696455493A1CE4F4E488F469319834E10584FC5C583, name Y (expanded) is /ccnx.org/test/SyncTestRepo-15-01-15-18.20.23/ccnSyncTest/slice10/randomFile/=FD054B82F53F79/=00/=3CBEB0282FE72CD7F7CF0696455493A1CE4F4E488F469319834E10584FC5C583
Jan 15, 2015 6:21:40 PM org.ccnx.ccn.impl.sync.SliceComparator doComparison
O MAIS DETALHADO: Compare LEAF U=B65BF82BB7BDFA3AE7733582BED945B0D8A7F07ED225475984B19637201B2F to LEAF %04z=CE840572E8AF2071085AA67363676C449D7948DCEEFE146E703AB55410F556
Jan 15, 2015 6:21:40 PM org.ccnx.ccn.impl.sync.SliceComparator doComparison
O MAIS DETALHADO: name X is 0, pos X is 1, name Y is 0, pos Y is 13 comp is 0
Jan 15, 2015 6:21:40 PM org.ccnx.ccn.impl.sync.SliceComparator doComparison
O MAIS DETALHADO: name X (expanded) is /ccnx.org/test/SyncTestRepo-15-01-15-18.20.23/ccnSyncTest/slice10/randomFile/=FD054B82F53F79/%C1.META.M/.header/=FD054B82F53FB2/=00/=18F7ABCFFBD0912243186C9F3D6A45A3E28959A7EF8B922DD636A13DE75A55AC, name Y (expanded) is /ccnx.org/test/SyncTestRepo-15-01-15-18.20.23/ccnSyncTest/slice10/randomFile/=FD054B82F53F79/%C1.META.M/.header/=FD054B82F53FB2/=00/=18F7ABCFFBD0912243186C9F3D6A45A3E28959A7EF8B922DD636A13DE75A55AC
Jan 15, 2015 6:21:40 PM org.ccnx.ccn.impl.sync.SliceComparator updateCurrent
O MAIS DETALHADO: Starting update from hash =13E7D9A437B8A9FD56EF68752A82D52D582761354D1C4616D4E5E3EDBDDED85A66
Jan 15, 2015 6:21:40 PM org.ccnx.ccn.impl.sync.SliceComparator updateCurrent
O MAIS DETALHADO: Update compare - moving to: =05D95348B35DA1736365107BDACCCE484DA8B6A14DCCF3832B16DDA212E3B0C032
Jan 15, 2015 6:21:40 PM org.ccnx.ccn.impl.sync.SliceComparator updateCurrent
O MAIS DETALHADO: Shortcut in update - popping back to =13E7D9A437B8A9FD56EF68752A82D52D582761354D1C4616D4E5E3EDBDDED85A66, pos 1
Jan 15, 2015 6:21:40 PM org.ccnx.ccn.impl.sync.SliceComparator updateCurrent
O MAIS DETALHADO: Update compare - moving to: =04F7A143667F594F74B6B7C8C826B63D9DA7DAAA6A220B24C7FB15280B67E9868D
Jan 15, 2015 6:21:40 PM org.ccnx.ccn.impl.sync.SliceComparator updateCurrent
O MAIS DETALHADO: Shortcut in update - popping back to =13E7D9A437B8A9FD56EF68752A82D52D582761354D1C4616D4E5E3EDBDDED85A66, pos 2
Jan 15, 2015 6:21:40 PM org.ccnx.ccn.impl.sync.SliceComparator updateCurrent
O MAIS DETALHADO: Update compare - moving to: =052FA68000D9C2BF567BB6D369E2084346BFD9EC9E9D061F07A6F5E6673867CEB0
Jan 15, 2015 6:21:40 PM org.ccnx.ccn.impl.sync.SliceComparator updateCurrent
O MAIS DETALHADO: Shortcut in update - popping back to =13E7D9A437B8A9FD56EF68752A82D52D582761354D1C4616D4E5E3EDBDDED85A66, pos 3
Jan 15, 2015 6:21:40 PM org.ccnx.ccn.impl.sync.SliceComparator updateCurrent
O MAIS DETALHADO: Update compare - moving to: =0391883C24D634BD2E1D01E9E82A898AE0661D5506116F2A92D3768BA223B629C8
Jan 15, 2015 6:21:40 PM org.ccnx.ccn.impl.sync.SliceComparator updateCurrent
O MAIS DETALHADO: Shortcut in update - popping back to =13E7D9A437B8A9FD56EF68752A82D52D582761354D1C4616D4E5E3EDBDDED85A66, pos 4
Jan 15, 2015 6:21:40 PM org.ccnx.ccn.impl.sync.SliceComparator updateCurrent
O MAIS DETALHADO: Update compare - moving to: U=B65BF82BB7BDFA3AE7733582BED945B0D8A7F07ED225475984B19637201B2F
Jan 15, 2015 6:21:40 PM org.ccnx.ccn.impl.sync.SliceComparator updateCurrent
O MAIS DETALHADO: Update compare: name from tree (expanded) is /ccnx.org/test/SyncTestRepo-15-01-15-18.20.23/ccnSyncTest/slice10/randomFile/=FD054B82F53F79/=00/=3CBEB0282FE72CD7F7CF0696455493A1CE4F4E488F469319834E10584FC5C583, name  is /ccnx.org/test/SyncTestRepo-15-01-15-18.20.23/ccnSyncTest/slice10/round31/randomFile/=FD054B82F63F71/=00/%0Cm=FAB059D2D60B2BAEFAC54D53F1292E5EBCD39335B7D1C39E4BDB1BF30F39, comp is 1
Jan 15, 2015 6:21:40 PM org.ccnx.ccn.impl.sync.SliceComparator updateCurrent
O MAIS DETALHADO: Update: starting redo of names because of /ccnx.org/test/SyncTestRepo-15-01-15-18.20.23/ccnSyncTest/slice10/round31/randomFile/=FD054B82F63F71/=00/%0Cm=FAB059D2D60B2BAEFAC54D53F1292E5EBCD39335B7D1C39E4BDB1BF30F39 at /ccnx.org/test/SyncTestRepo-15-01-15-18.20.23/ccnSyncTest/slice10/randomFile/=FD054B82F53F79/=00/=3CBEB0282FE72CD7F7CF0696455493A1CE4F4E488F469319834E10584FC5C583
Jan 15, 2015 6:21:40 PM org.ccnx.ccn.io.content.SyncNodeComposite decodeLogging
O MAIS DETALHADO: decode node for %E9FG=E09CB3F1F2540670BE48D9DC8BDE802442CB7FD3819AF9AF13305ACB8E depth = 1 refs = 4
Jan 15, 2015 6:21:40 PM org.ccnx.ccn.io.content.SyncNodeComposite decodeLogging
O MAIS DETALHADO: min is 0, max is 0, expanded min is /ccnx.org/test/SyncTestRepo-15-01-15-18.20.23/ccnSyncTest/slice10/round31/randomFile/=FD054B82F63F71/=00/%0Cm=FAB059D2D60B2BAEFAC54D53F1292E5EBCD39335B7D1C39E4BDB1BF30F39, expanded max is /ccnx.org/test/SyncTestRepo-15-01-15-18.20.23/ccnSyncTest/slice10/randomFile/=FD054B82F53F79/%C1.META.M/.header/=FD054B82F53FB2/=00/=18F7ABCFFBD0912243186C9F3D6A45A3E28959A7EF8B922DD636A13DE75A55AC
Jan 15, 2015 6:21:40 PM org.ccnx.ccn.impl.sync.SyncTreeEntry <init>
O MAIS DETALHADO: Found existing node: =147B69902029A6314F088772B348F0309E5508B19F68F3C50F2758EB3AD8130AC5
Jan 15, 2015 6:21:40 PM org.ccnx.ccn.io.content.SyncNodeComposite decodeLogging
O MAIS DETALHADO: decode node for =147B69902029A6314F088772B348F0309E5508B19F68F3C50F2758EB3AD8130AC5 depth = 2 refs = 5
Jan 15, 2015 6:21:40 PM org.ccnx.ccn.io.content.SyncNodeComposite decodeLogging
O MAIS DETALHADO: min is 0, max is 0, expanded min is /ccnx.org/test/SyncTestRepo-15-01-15-18.20.23/ccnSyncTest/slice10/round11/randomFile/=FD054B82F588B4/=00/=862C3C8C527D6B204E7FCD4EAF121546BFBA9E26B978EC9010B0DB73EDD734F0, expanded max is /ccnx.org/test/SyncTestRepo-15-01-15-18.20.23/ccnSyncTest/slice10/randomFile/=FD054B82F53F79/%C1.META.M/.header/=FD054B82F53FB2/=00/=18F7ABCFFBD0912243186C9F3D6A45A3E28959A7EF8B922DD636A13DE75A55AC
Jan 15, 2015 6:21:40 PM org.ccnx.ccn.impl.sync.NodeBuilder createHeadRecursive
O MAIS DETALHADO: Creating new compound node - with first element =05D95348B35DA1736365107BDACCCE484DA8B6A14DCCF3832B16DDA212E3B0C032 and last element %E9FG=E09CB3F1F2540670BE48D9DC8BDE802442CB7FD3819AF9AF13305ACB8E
Jan 15, 2015 6:21:40 PM org.ccnx.ccn.impl.sync.SliceComparator updateCurrent
INFORMAÇÕES: Resetting current to created head: =147B69902029A6314F088772B348F0309E5508B19F68F3C50F2758EB3AD8130AC5
Jan 15, 2015 6:21:40 PM org.ccnx.ccn.profiles.sync.SyncTestRepo checkCallbacks
DETALHADO: got segment 0
Jan 15, 2015 6:21:40 PM org.ccnx.ccn.profiles.sync.SyncTestRepo checkCallbacks
DETALHADO: received: [true, false] finished: [true, true]
Jan 15, 2015 6:21:40 PM org.ccnx.ccn.profiles.sync.SyncTestRepo checkCallbacks
DETALHADO: got the header
Jan 15, 2015 6:21:40 PM org.ccnx.ccn.profiles.sync.SyncTestRepo checkCallbacks
DETALHADO: received: [true, true] finished: [true, true]
Jan 15, 2015 6:21:40 PM org.ccnx.ccn.profiles.sync.SyncTestRepo checkCallbacks
DETALHADO: got all the segments!
Jan 15, 2015 6:21:40 PM org.ccnx.ccn.profiles.sync.SyncTestRepo checkCallbacks
DETALHADO: trying to loop again looking for segments
Jan 15, 2015 6:21:40 PM org.ccnx.ccn.profiles.sync.SyncTestRepo checkCallbacks
DETALHADO: done looping, returning.
Jan 15, 2015 6:21:40 PM org.ccnx.ccn.impl.sync.ProtocolBasedSyncMonitor shutdown
INFORMAÇÕES: Shutting down sync on slice: /ccnx.org/test/SyncTestRepo-15-01-15-18.20.23/ccnSyncTest/slice10
Jan 15, 2015 6:21:40 PM org.ccnx.ccn.profiles.sync.SyncTestRepo testSyncRecovery
INFORMAÇÕES: Finished running testSyncRecovery
Jan 15, 2015 6:21:40 PM org.ccnx.ccn.profiles.sync.SyncTestRepo setUpNameSpace
DETALHADO: setting up namespace for sync test  data: /ccnx.org/test/SyncTestRepo-15-01-15-18.20.23/ccnSyncTest syncControlTraffic: /ccnx.org/test/SyncTestRepo-15-01-15-18.20.23/topoPrefix
Jan 15, 2015 6:21:40 PM org.ccnx.ccn.profiles.sync.SyncTestRepo testSyncStartWithHandle
INFORMAÇÕES: Starting testSyncStartWithHandle
Jan 15, 2015 6:21:40 PM org.ccnx.ccn.io.content.CCNNetworkObject createFlowController
INFORMAÇÕES: Created LOCALREPOSITORY flow controller, for prefix /%C1.M.S.localhost/%C1.S.cs/=E528BA19F0A71890166594587BF0EC5948B925657AE64859FB6818B2EB71A1E3, save type LOCALREPOSITORY
Jan 15, 2015 6:21:40 PM org.ccnx.ccn.profiles.VersioningProfile getLatestVersion
INFORMAÇÕES: getFirstBlockOfLatestVersion: no block available for later version of /%C1.M.S.localhost/%C1.S.cs/=E528BA19F0A71890166594587BF0EC5948B925657AE64859FB6818B2EB71A1E3
Jan 15, 2015 6:21:40 PM org.ccnx.ccn.io.content.ConfigSlice checkAndCreate
DETALHADO: didn't find a slice in my repo.
Jan 15, 2015 6:21:40 PM org.ccnx.ccn.io.content.ConfigSlice checkAndCreate
DETALHADO: need to save my data to create the slice for the repo!
Jan 15, 2015 6:21:40 PM org.ccnx.ccn.impl.CCNFlowControl addNameSpace
INFORMAÇÕES: Flow controller addNameSpace: added namespace: /%C1.M.S.localhost/%C1.S.cs/=E528BA19F0A71890166594587BF0EC5948B925657AE64859FB6818B2EB71A1E3
Jan 15, 2015 6:21:40 PM org.ccnx.ccn.impl.security.keys.BasicKeyManager getKeyLocator
INFORMAÇÕES: getKeyLocator: returning locator NAME: /ccnx.org/Users/root/Keys/%C1.M.K=009234ADEC47D19E3E6A2AF362D44E09AB6B71F43B1900BA0622FB45F2A5B7D9F6/=FD054AE7DE1000 KEY:-reba89rgbj1o6ata34t5eovcl4kho5s9pnv8nstq15q1ld4g9ga for key kjSt7EfRnj5qKvNi1E4Jq2tx9DsZALoGIvtF8qW32fY=
Jan 15, 2015 6:21:40 PM org.ccnx.ccn.io.CCNAbstractOutputStream <init>
INFORMAÇÕES: CCNAbstractOutputStream: /%C1.M.S.localhost/%C1.S.cs/=E528BA19F0A71890166594587BF0EC5948B925657AE64859FB6818B2EB71A1E3/=FD054B82F64D68 blocksize is 4096
Jan 15, 2015 6:21:40 PM org.ccnx.ccn.io.CCNAbstractOutputStream startWrite
INFORMAÇÕES: CCNAbstractOutputStream: startWrite -- searching for keys.
Jan 15, 2015 6:21:40 PM org.ccnx.ccn.profiles.security.access.AccessControlManager keysForOutput
INFORMAÇÕES: keysForOutput: found an acm: (null)
Jan 15, 2015 6:21:40 PM org.ccnx.ccn.impl.repo.RepositoryFlowControl startWrite
INFORMAÇÕES: RepositoryFlowControl.startWrite called for name /%C1.M.S.localhost/%C1.S.cs/=E528BA19F0A71890166594587BF0EC5948B925657AE64859FB6818B2EB71A1E3/=FD054B82F64D68, shape STREAM
Jan 15, 2015 6:21:40 PM org.ccnx.ccn.impl.repo.RepositoryFlowControl handleContent
INFORMAÇÕES: handleContent: got potential repo message: /%C1.M.S.localhost/%C1.S.cs/=E528BA19F0A71890166594587BF0EC5948B925657AE64859FB6818B2EB71A1E3/=FD054B82F64D68/%C1.R.sw/%C1.N=005DE3E2219C3CF82E
Jan 15, 2015 6:21:40 PM org.ccnx.ccn.io.CCNOutputStream flushToNetwork
INFORMAÇÕES: flush: outputting to the segmenter, baseName /%C1.M.S.localhost/%C1.S.cs/=E528BA19F0A71890166594587BF0EC5948B925657AE64859FB6818B2EB71A1E3/=FD054B82F64D68 basenameindex =00; 162 bytes written, holding back 162 flushing final blocks? false.
Jan 15, 2015 6:21:40 PM org.ccnx.ccn.io.CCNOutputStream flushToNetwork
INFORMAÇÕES: HEADER: CCNOutputStream: flushToNetwork: new _baseNameIndex 0
Jan 15, 2015 6:21:40 PM org.ccnx.ccn.io.CCNOutputStream flushToNetwork
INFORMAÇÕES: flush: outputting to the segmenter, baseName /%C1.M.S.localhost/%C1.S.cs/=E528BA19F0A71890166594587BF0EC5948B925657AE64859FB6818B2EB71A1E3/=FD054B82F64D68 basenameindex =00; 162 bytes written, holding back 0 flushing final blocks? true.
Jan 15, 2015 6:21:40 PM org.ccnx.ccn.io.CCNOutputStream flushToNetwork
INFORMAÇÕES: HEADER: CCNOutputStream: flushToNetwork: new _baseNameIndex 1
Jan 15, 2015 6:21:40 PM org.ccnx.ccn.io.CCNOutputStream close
INFORMAÇÕES: CCNOutputStream close: /%C1.M.S.localhost/%C1.S.cs/=E528BA19F0A71890166594587BF0EC5948B925657AE64859FB6818B2EB71A1E3/=FD054B82F64D68
Jan 15, 2015 6:21:40 PM org.ccnx.ccn.impl.sync.SliceComparator <init>
INFORMAÇÕES: Beginning sync monitoring from start
Jan 15, 2015 6:21:40 PM org.ccnx.ccn.impl.sync.SliceComparator setTimeout
DETALHADO: Sync timeout changed to 3000
Jan 15, 2015 6:21:40 PM org.ccnx.ccn.impl.sync.ProtocolBasedSyncMonitor registerCallback
DETALHADO: Starting a new comparator - it is the lead.
Jan 15, 2015 6:21:40 PM org.ccnx.ccn.CCNSync startSync
INFORMAÇÕES: Started sync with topo: /ccnx.org/test/SyncTestRepo-15-01-15-18.20.23/topoPrefix and prefix: /ccnx.org/test/SyncTestRepo-15-01-15-18.20.23/ccnSyncTest/slice1
Jan 15, 2015 6:21:40 PM org.ccnx.ccn.impl.sync.ProtocolBasedSyncMonitor removeCallback
INFORMAÇÕES: Removing callback on slice: /ccnx.org/test/SyncTestRepo-15-01-15-18.20.23/ccnSyncTest/slice1
Jan 15, 2015 6:21:40 PM org.ccnx.ccn.profiles.sync.SyncTestRepo testSyncStartWithHandle
INFORMAÇÕES: Completed testSyncStartWithHandle
Jan 15, 2015 6:21:40 PM org.ccnx.ccn.profiles.sync.SyncTestRepo setUpNameSpace
DETALHADO: setting up namespace for sync test  data: /ccnx.org/test/SyncTestRepo-15-01-15-18.20.23/ccnSyncTest syncControlTraffic: /ccnx.org/test/SyncTestRepo-15-01-15-18.20.23/topoPrefix
Jan 15, 2015 6:21:40 PM org.ccnx.ccn.profiles.sync.SyncTestRepo testSyncStartName
INFORMAÇÕES: Starting testSyncStartName
Jan 15, 2015 6:21:40 PM org.ccnx.ccn.profiles.sync.SyncTestRepo testSyncStartName
DETALHADO: writing out file: /ccnx.org/test/SyncTestRepo-15-01-15-18.20.23/ccnSyncTest/slice8
Jan 15, 2015 6:21:40 PM org.ccnx.ccn.impl.CCNFlowControl <init>
INFORMAÇÕES: adding namespace: /ccnx.org/test/SyncTestRepo-15-01-15-18.20.23/ccnSyncTest/slice8/randomFile
Jan 15, 2015 6:21:40 PM org.ccnx.ccn.impl.security.keys.BasicKeyManager getKeyLocator
INFORMAÇÕES: getKeyLocator: returning locator NAME: /ccnx.org/Users/root/Keys/%C1.M.K=009234ADEC47D19E3E6A2AF362D44E09AB6B71F43B1900BA0622FB45F2A5B7D9F6/=FD054AE7DE1000 KEY:-reba89rgbj1o6ata34t5eovcl4kho5s9pnv8nstq15q1ld4g9ga for key kjSt7EfRnj5qKvNi1E4Jq2tx9DsZALoGIvtF8qW32fY=
Jan 15, 2015 6:21:40 PM org.ccnx.ccn.io.CCNAbstractOutputStream <init>
INFORMAÇÕES: CCNAbstractOutputStream: /ccnx.org/test/SyncTestRepo-15-01-15-18.20.23/ccnSyncTest/slice8/randomFile/=FD054B82F64FB2 blocksize is 4096
Jan 15, 2015 6:21:40 PM org.ccnx.ccn.io.CCNAbstractOutputStream startWrite
INFORMAÇÕES: CCNAbstractOutputStream: startWrite -- searching for keys.
Jan 15, 2015 6:21:40 PM org.ccnx.ccn.profiles.security.access.AccessControlManager keysForOutput
INFORMAÇÕES: keysForOutput: found an acm: (null)
Jan 15, 2015 6:21:40 PM org.ccnx.ccn.impl.repo.RepositoryFlowControl startWrite
INFORMAÇÕES: RepositoryFlowControl.startWrite called for name /ccnx.org/test/SyncTestRepo-15-01-15-18.20.23/ccnSyncTest/slice8/randomFile/=FD054B82F64FB2, shape STREAM
Jan 15, 2015 6:21:40 PM org.ccnx.ccn.impl.repo.RepositoryFlowControl handleContent
INFORMAÇÕES: handleContent: got potential repo message: /ccnx.org/test/SyncTestRepo-15-01-15-18.20.23/ccnSyncTest/slice8/randomFile/=FD054B82F64FB2/%C1.R.sw/%C1.N=00DFDD849CB3B4ED2A
Jan 15, 2015 6:21:40 PM org.ccnx.ccn.profiles.sync.SyncTestCommon writeFile
DETALHADO: bytes: 409600 block size: 4096 div: 100.0 ceil: 100
Jan 15, 2015 6:21:40 PM org.ccnx.ccn.profiles.sync.SyncTestCommon writeFile
DETALHADO: will write out a 409600 byte file, will have 101 segments (1 is a header)
Jan 15, 2015 6:21:41 PM org.ccnx.ccn.io.CCNOutputStream flushToNetwork
INFORMAÇÕES: flush: outputting to the segmenter, baseName /ccnx.org/test/SyncTestRepo-15-01-15-18.20.23/ccnSyncTest/slice8/randomFile/=FD054B82F64FB2 basenameindex =0063; 4096 bytes written, holding back 4096 flushing final blocks? false.
Jan 15, 2015 6:21:41 PM org.ccnx.ccn.impl.CCNSegmenter outputCurrentBlocks
INFORMAÇÕES: flush: putting merkle tree to the network, name starts with /ccnx.org/test/SyncTestRepo-15-01-15-18.20.23/ccnSyncTest/slice8/randomFile/=FD054B82F64FB2/=00; 99 blocks
Jan 15, 2015 6:21:41 PM org.ccnx.ccn.impl.security.crypto.CCNMerkleTreeSigner signBlocks
INFORMAÇÕES: Signed tree of 99 leaves, 197 nodes.
Jan 15, 2015 6:21:41 PM org.ccnx.ccn.io.CCNOutputStream flushToNetwork
INFORMAÇÕES: HEADER: CCNOutputStream: flushToNetwork: new _baseNameIndex 99
Jan 15, 2015 6:21:41 PM org.ccnx.ccn.io.CCNOutputStream flushToNetwork
INFORMAÇÕES: flush: outputting to the segmenter, baseName /ccnx.org/test/SyncTestRepo-15-01-15-18.20.23/ccnSyncTest/slice8/randomFile/=FD054B82F64FB2 basenameindex =0063; 4096 bytes written, holding back 4096 flushing final blocks? false.
Jan 15, 2015 6:21:41 PM org.ccnx.ccn.io.CCNOutputStream flushToNetwork
INFORMAÇÕES: HEADER: CCNOutputStream: flushToNetwork: new _baseNameIndex 99
Jan 15, 2015 6:21:41 PM org.ccnx.ccn.io.CCNOutputStream flushToNetwork
INFORMAÇÕES: flush: outputting to the segmenter, baseName /ccnx.org/test/SyncTestRepo-15-01-15-18.20.23/ccnSyncTest/slice8/randomFile/=FD054B82F64FB2 basenameindex =0063; 4096 bytes written, holding back 0 flushing final blocks? true.
Jan 15, 2015 6:21:41 PM org.ccnx.ccn.io.CCNOutputStream flushToNetwork
INFORMAÇÕES: HEADER: CCNOutputStream: flushToNetwork: new _baseNameIndex 100
Jan 15, 2015 6:21:41 PM org.ccnx.ccn.io.CCNAbstractOutputStream <init>
INFORMAÇÕES: CCNAbstractOutputStream: /ccnx.org/test/SyncTestRepo-15-01-15-18.20.23/ccnSyncTest/slice8/randomFile/=FD054B82F64FB2/%C1.META.M/.header/=FD054B82F650D1 blocksize is 4096
Jan 15, 2015 6:21:41 PM org.ccnx.ccn.io.CCNAbstractOutputStream startWrite
INFORMAÇÕES: CCNAbstractOutputStream: startWrite -- searching for keys.
Jan 15, 2015 6:21:41 PM org.ccnx.ccn.profiles.security.access.AccessControlManager keysForOutput
INFORMAÇÕES: keysForOutput: found an acm: (null)
Jan 15, 2015 6:21:41 PM org.ccnx.ccn.impl.repo.RepositoryFlowControl startWrite
INFORMAÇÕES: RepositoryFlowControl.startWrite called for name /ccnx.org/test/SyncTestRepo-15-01-15-18.20.23/ccnSyncTest/slice8/randomFile/=FD054B82F64FB2/%C1.META.M/.header/=FD054B82F650D1, shape STREAM
Jan 15, 2015 6:21:41 PM org.ccnx.ccn.impl.repo.RepositoryFlowControl handleContent
INFORMAÇÕES: handleContent: got potential repo message: /ccnx.org/test/SyncTestRepo-15-01-15-18.20.23/ccnSyncTest/slice8/randomFile/=FD054B82F64FB2/%C1.META.M/.header/=FD054B82F650D1/%C1.R.sw/%C1.N=00F4EE45D99040E3A6
Jan 15, 2015 6:21:41 PM org.ccnx.ccn.io.CCNOutputStream flushToNetwork
INFORMAÇÕES: flush: outputting to the segmenter, baseName /ccnx.org/test/SyncTestRepo-15-01-15-18.20.23/ccnSyncTest/slice8/randomFile/=FD054B82F64FB2/%C1.META.M/.header/=FD054B82F650D1 basenameindex =00; 70 bytes written, holding back 70 flushing final blocks? false.
Jan 15, 2015 6:21:41 PM org.ccnx.ccn.io.CCNOutputStream flushToNetwork
INFORMAÇÕES: HEADER: CCNOutputStream: flushToNetwork: new _baseNameIndex 0
Jan 15, 2015 6:21:41 PM org.ccnx.ccn.io.CCNOutputStream flushToNetwork
INFORMAÇÕES: flush: outputting to the segmenter, baseName /ccnx.org/test/SyncTestRepo-15-01-15-18.20.23/ccnSyncTest/slice8/randomFile/=FD054B82F64FB2/%C1.META.M/.header/=FD054B82F650D1 basenameindex =00; 70 bytes written, holding back 70 flushing final blocks? false.
Jan 15, 2015 6:21:41 PM org.ccnx.ccn.io.CCNOutputStream flushToNetwork
INFORMAÇÕES: HEADER: CCNOutputStream: flushToNetwork: new _baseNameIndex 0
Jan 15, 2015 6:21:41 PM org.ccnx.ccn.io.CCNOutputStream flushToNetwork
INFORMAÇÕES: flush: outputting to the segmenter, baseName /ccnx.org/test/SyncTestRepo-15-01-15-18.20.23/ccnSyncTest/slice8/randomFile/=FD054B82F64FB2/%C1.META.M/.header/=FD054B82F650D1 basenameindex =00; 70 bytes written, holding back 0 flushing final blocks? true.
Jan 15, 2015 6:21:41 PM org.ccnx.ccn.io.CCNOutputStream flushToNetwork
INFORMAÇÕES: HEADER: CCNOutputStream: flushToNetwork: new _baseNameIndex 1
Jan 15, 2015 6:21:41 PM org.ccnx.ccn.io.CCNOutputStream close
INFORMAÇÕES: CCNOutputStream close: /ccnx.org/test/SyncTestRepo-15-01-15-18.20.23/ccnSyncTest/slice8/randomFile/=FD054B82F64FB2/%C1.META.M/.header/=FD054B82F650D1
Jan 15, 2015 6:21:41 PM org.ccnx.ccn.io.CCNOutputStream close
INFORMAÇÕES: CCNOutputStream close: /ccnx.org/test/SyncTestRepo-15-01-15-18.20.23/ccnSyncTest/slice8/randomFile/=FD054B82F64FB2
Jan 15, 2015 6:21:41 PM org.ccnx.ccn.profiles.sync.SyncTestCommon writeFile
INFORMAÇÕES: Wrote file to repository: /ccnx.org/test/SyncTestRepo-15-01-15-18.20.23/ccnSyncTest/slice8/randomFile/=FD054B82F64FB2 with 101 segments
Jan 15, 2015 6:21:41 PM org.ccnx.ccn.io.content.CCNNetworkObject createFlowController
INFORMAÇÕES: Created LOCALREPOSITORY flow controller, for prefix /%C1.M.S.localhost/%C1.S.cs/V=FDD569EEB4DFDF2B8BAAE824EF2BDF8AC8EA229DB9F2ABC41EA0A651D8396B, save type LOCALREPOSITORY
Jan 15, 2015 6:21:41 PM org.ccnx.ccn.profiles.VersioningProfile getLatestVersion
INFORMAÇÕES: getFirstBlockOfLatestVersion: no block available for later version of /%C1.M.S.localhost/%C1.S.cs/V=FDD569EEB4DFDF2B8BAAE824EF2BDF8AC8EA229DB9F2ABC41EA0A651D8396B
Jan 15, 2015 6:21:41 PM org.ccnx.ccn.io.content.ConfigSlice checkAndCreate
DETALHADO: didn't find a slice in my repo.
Jan 15, 2015 6:21:41 PM org.ccnx.ccn.io.content.ConfigSlice checkAndCreate
DETALHADO: need to save my data to create the slice for the repo!
Jan 15, 2015 6:21:41 PM org.ccnx.ccn.impl.CCNFlowControl addNameSpace
INFORMAÇÕES: Flow controller addNameSpace: added namespace: /%C1.M.S.localhost/%C1.S.cs/V=FDD569EEB4DFDF2B8BAAE824EF2BDF8AC8EA229DB9F2ABC41EA0A651D8396B
Jan 15, 2015 6:21:41 PM org.ccnx.ccn.impl.security.keys.BasicKeyManager getKeyLocator
INFORMAÇÕES: getKeyLocator: returning locator NAME: /ccnx.org/Users/root/Keys/%C1.M.K=009234ADEC47D19E3E6A2AF362D44E09AB6B71F43B1900BA0622FB45F2A5B7D9F6/=FD054AE7DE1000 KEY:-reba89rgbj1o6ata34t5eovcl4kho5s9pnv8nstq15q1ld4g9ga for key kjSt7EfRnj5qKvNi1E4Jq2tx9DsZALoGIvtF8qW32fY=
Jan 15, 2015 6:21:41 PM org.ccnx.ccn.io.CCNAbstractOutputStream <init>
INFORMAÇÕES: CCNAbstractOutputStream: /%C1.M.S.localhost/%C1.S.cs/V=FDD569EEB4DFDF2B8BAAE824EF2BDF8AC8EA229DB9F2ABC41EA0A651D8396B/=FD054B82F657E3 blocksize is 4096
Jan 15, 2015 6:21:41 PM org.ccnx.ccn.io.CCNAbstractOutputStream startWrite
INFORMAÇÕES: CCNAbstractOutputStream: startWrite -- searching for keys.
Jan 15, 2015 6:21:41 PM org.ccnx.ccn.profiles.security.access.AccessControlManager keysForOutput
INFORMAÇÕES: keysForOutput: found an acm: (null)
Jan 15, 2015 6:21:41 PM org.ccnx.ccn.impl.repo.RepositoryFlowControl startWrite
INFORMAÇÕES: RepositoryFlowControl.startWrite called for name /%C1.M.S.localhost/%C1.S.cs/V=FDD569EEB4DFDF2B8BAAE824EF2BDF8AC8EA229DB9F2ABC41EA0A651D8396B/=FD054B82F657E3, shape STREAM
Jan 15, 2015 6:21:41 PM org.ccnx.ccn.impl.repo.RepositoryFlowControl handleContent
INFORMAÇÕES: handleContent: got potential repo message: /%C1.M.S.localhost/%C1.S.cs/V=FDD569EEB4DFDF2B8BAAE824EF2BDF8AC8EA229DB9F2ABC41EA0A651D8396B/=FD054B82F657E3/%C1.R.sw/%C1.N=00AB2D619D0B306630
Jan 15, 2015 6:21:41 PM org.ccnx.ccn.io.CCNOutputStream flushToNetwork
INFORMAÇÕES: flush: outputting to the segmenter, baseName /%C1.M.S.localhost/%C1.S.cs/V=FDD569EEB4DFDF2B8BAAE824EF2BDF8AC8EA229DB9F2ABC41EA0A651D8396B/=FD054B82F657E3 basenameindex =00; 162 bytes written, holding back 162 flushing final blocks? false.
Jan 15, 2015 6:21:41 PM org.ccnx.ccn.io.CCNOutputStream flushToNetwork
INFORMAÇÕES: HEADER: CCNOutputStream: flushToNetwork: new _baseNameIndex 0
Jan 15, 2015 6:21:41 PM org.ccnx.ccn.io.CCNOutputStream flushToNetwork
INFORMAÇÕES: flush: outputting to the segmenter, baseName /%C1.M.S.localhost/%C1.S.cs/V=FDD569EEB4DFDF2B8BAAE824EF2BDF8AC8EA229DB9F2ABC41EA0A651D8396B/=FD054B82F657E3 basenameindex =00; 162 bytes written, holding back 0 flushing final blocks? true.
Jan 15, 2015 6:21:41 PM org.ccnx.ccn.io.CCNOutputStream flushToNetwork
INFORMAÇÕES: HEADER: CCNOutputStream: flushToNetwork: new _baseNameIndex 1
Jan 15, 2015 6:21:41 PM org.ccnx.ccn.io.CCNOutputStream close
INFORMAÇÕES: CCNOutputStream close: /%C1.M.S.localhost/%C1.S.cs/V=FDD569EEB4DFDF2B8BAAE824EF2BDF8AC8EA229DB9F2ABC41EA0A651D8396B/=FD054B82F657E3
Jan 15, 2015 6:21:41 PM org.ccnx.ccn.impl.sync.SliceComparator <init>
INFORMAÇÕES: Beginning sync monitoring from start
Jan 15, 2015 6:21:41 PM org.ccnx.ccn.impl.sync.SliceComparator setTimeout
DETALHADO: Sync timeout changed to 3000
Jan 15, 2015 6:21:41 PM org.ccnx.ccn.impl.sync.ProtocolBasedSyncMonitor registerCallback
DETALHADO: Starting a new comparator - it is the lead.
Jan 15, 2015 6:21:41 PM org.ccnx.ccn.CCNSync startSync
INFORMAÇÕES: Started sync with topo: /ccnx.org/test/SyncTestRepo-15-01-15-18.20.23/topoPrefix and prefix: /ccnx.org/test/SyncTestRepo-15-01-15-18.20.23/ccnSyncTest/slice8
Jan 15, 2015 6:21:41 PM org.ccnx.ccn.profiles.sync.SyncTestRepo checkCallbacks
DETALHADO: checking for callbacks:  /ccnx.org/test/SyncTestRepo-15-01-15-18.20.23/ccnSyncTest/slice8 segments: 81
Jan 15, 2015 6:21:42 PM org.ccnx.ccn.profiles.sync.SyncTestRepo checkCallbacks
DETALHADO: trying to loop again looking for segments
Jan 15, 2015 6:21:42 PM org.ccnx.ccn.profiles.sync.SyncTestRepo checkCallbacks
DETALHADO: trying to loop again looking for segments
Jan 15, 2015 6:21:43 PM org.ccnx.ccn.profiles.sync.SyncTestRepo checkCallbacks
DETALHADO: trying to loop again looking for segments
Jan 15, 2015 6:21:43 PM org.ccnx.ccn.profiles.sync.SyncTestRepo checkCallbacks
DETALHADO: trying to loop again looking for segments
Jan 15, 2015 6:21:44 PM org.ccnx.ccn.profiles.sync.SyncTestRepo checkCallbacks
DETALHADO: trying to loop again looking for segments
Jan 15, 2015 6:21:44 PM org.ccnx.ccn.profiles.sync.SyncTestRepo checkCallbacks
DETALHADO: trying to loop again looking for segments
Jan 15, 2015 6:21:45 PM org.ccnx.ccn.profiles.sync.SyncTestRepo checkCallbacks
DETALHADO: trying to loop again looking for segments
Jan 15, 2015 6:21:45 PM org.ccnx.ccn.profiles.sync.SyncTestRepo checkCallbacks
DETALHADO: trying to loop again looking for segments
Jan 15, 2015 6:21:45 PM org.ccnx.ccn.impl.sync.ProtocolBasedSyncMonitor handleContent
INFORMAÇÕES: Saw new content from sync: /ccnx.org/test/SyncTestRepo-15-01-15-18.20.23/topoPrefix/%C1.S.ra/V=FDD569EEB4DFDF2B8BAAE824EF2BDF8AC8EA229DB9F2ABC41EA0A651D8396B/.../.s=9FE52C18A64BCF9A3F2FAE37D997A5B34F1758FA148374BEEE1EA0657ED535
Jan 15, 2015 6:21:45 PM org.ccnx.ccn.impl.sync.SliceComparator run
DETALHADO: Starting comparator run - state is INIT, sc is org.ccnx.ccn.impl.sync.SliceComparator@19db0a1d, this is the lead
Jan 15, 2015 6:21:45 PM org.ccnx.ccn.impl.encoding.BinaryXMLDecoder setElement
INFORMAÇÕES: Reset decode array sizes to 150
Jan 15, 2015 6:21:45 PM org.ccnx.ccn.io.content.SyncNodeComposite decodeLogging
O MAIS DETALHADO: decode node for .s=9FE52C18A64BCF9A3F2FAE37D997A5B34F1758FA148374BEEE1EA0657ED535 depth = 2 refs = 5
Jan 15, 2015 6:21:45 PM org.ccnx.ccn.io.content.SyncNodeComposite decodeLogging
O MAIS DETALHADO: min is 0, max is 0, expanded min is /ccnx.org/test/SyncTestRepo-15-01-15-18.20.23/ccnSyncTest/slice8/randomFile/=FD054B82F64FB2/=00/=CD274101DE0A1564862B4B78407856ACBA1FA4FA9969AB6080BD5B4286FB868F, expanded max is /ccnx.org/test/SyncTestRepo-15-01-15-18.20.23/ccnSyncTest/slice8/randomFile/=FD054B82F64FB2/%C1.META.M/.header/=FD054B82F650D1/=00/B=83EB0BA6DAD8B8FFBCC3A2E3FFB3F0754734FC399A3E06B56B4AD184C7A563
Jan 15, 2015 6:21:45 PM org.ccnx.ccn.impl.sync.SliceComparator run
INFORMAÇÕES: Starting new round with X = null and Y = .s=9FE52C18A64BCF9A3F2FAE37D997A5B34F1758FA148374BEEE1EA0657ED535
Jan 15, 2015 6:21:45 PM org.ccnx.ccn.impl.sync.ProtocolBasedSyncMonitor requestNode
DETALHADO: Requesting node for hash: /ccnx.org/test/SyncTestRepo-15-01-15-18.20.23/topoPrefix/%C1.S.nf/V=FDD569EEB4DFDF2B8BAAE824EF2BDF8AC8EA229DB9F2ABC41EA0A651D8396B/=099BF39EBA0ED19BF665AB20F07D5E2FB03AAF7BA13C299875D73BA29B7015441E
Jan 15, 2015 6:21:45 PM org.ccnx.ccn.impl.sync.ProtocolBasedSyncMonitor requestNode
DETALHADO: Requesting node for hash: /ccnx.org/test/SyncTestRepo-15-01-15-18.20.23/topoPrefix/%C1.S.nf/V=FDD569EEB4DFDF2B8BAAE824EF2BDF8AC8EA229DB9F2ABC41EA0A651D8396B/=0AE18EA06225F2A9E89701EC38D5843DD3DC13C73E3030C9A2E972F027EF8E0930
Jan 15, 2015 6:21:45 PM org.ccnx.ccn.impl.sync.ProtocolBasedSyncMonitor requestNode
DETALHADO: Requesting node for hash: /ccnx.org/test/SyncTestRepo-15-01-15-18.20.23/topoPrefix/%C1.S.nf/V=FDD569EEB4DFDF2B8BAAE824EF2BDF8AC8EA229DB9F2ABC41EA0A651D8396B/=062F472309A82B12636986FF333448E1520FCDA9B0AA4D4E05D92BA7A30BD05C3C
Jan 15, 2015 6:21:45 PM org.ccnx.ccn.impl.sync.ProtocolBasedSyncMonitor requestNode
DETALHADO: Requesting node for hash: /ccnx.org/test/SyncTestRepo-15-01-15-18.20.23/topoPrefix/%C1.S.nf/V=FDD569EEB4DFDF2B8BAAE824EF2BDF8AC8EA229DB9F2ABC41EA0A651D8396B/=091BEBEFAC8F5249F5D86992E07888885DD33FDBA5770CE1512A30F875C43ED52C
Jan 15, 2015 6:21:45 PM org.ccnx.ccn.impl.sync.ProtocolBasedSyncMonitor requestNode
DETALHADO: Requesting node for hash: /ccnx.org/test/SyncTestRepo-15-01-15-18.20.23/topoPrefix/%C1.S.nf/V=FDD569EEB4DFDF2B8BAAE824EF2BDF8AC8EA229DB9F2ABC41EA0A651D8396B/=0AAAEA9359AC64A9975BA190713825C071B97E4F236C5FF204FAE2EBC435CC567F
Jan 15, 2015 6:21:45 PM org.ccnx.ccn.impl.sync.SliceComparator doComparison
O MAIS DETALHADO: Y hash only for .s=9FE52C18A64BCF9A3F2FAE37D997A5B34F1758FA148374BEEE1EA0657ED535, type is HASH, pos is 0
Jan 15, 2015 6:21:45 PM org.ccnx.ccn.impl.sync.SliceComparator.NodeFetchHandler handleContent
DETALHADO: Saw data from nodefind: hash: =099BF39EBA0ED19BF665AB20F07D5E2FB03AAF7BA13C299875D73BA29B7015441E
Jan 15, 2015 6:21:45 PM org.ccnx.ccn.io.content.SyncNodeComposite decodeLogging
O MAIS DETALHADO: decode node for =099BF39EBA0ED19BF665AB20F07D5E2FB03AAF7BA13C299875D73BA29B7015441E depth = 1 refs = 22
Jan 15, 2015 6:21:45 PM org.ccnx.ccn.io.content.SyncNodeComposite decodeLogging
O MAIS DETALHADO: min is 0, max is 21, expanded min is /ccnx.org/test/SyncTestRepo-15-01-15-18.20.23/ccnSyncTest/slice8/randomFile/=FD054B82F64FB2/=00/=CD274101DE0A1564862B4B78407856ACBA1FA4FA9969AB6080BD5B4286FB868F, expanded max is /ccnx.org/test/SyncTestRepo-15-01-15-18.20.23/ccnSyncTest/slice8/randomFile/=FD054B82F64FB2/=0015/%1A3%12Y=D008C2095E50897E79612BE87C186CA835106A4ADD58655D135B5C40
Jan 15, 2015 6:21:45 PM org.ccnx.ccn.impl.sync.SliceComparator doComparison
O MAIS DETALHADO: Y hash only for =099BF39EBA0ED19BF665AB20F07D5E2FB03AAF7BA13C299875D73BA29B7015441E, type is LEAF, pos is 0
Jan 15, 2015 6:21:45 PM org.ccnx.ccn.impl.sync.SliceComparator doComparison
O MAIS DETALHADO: Y hash only for =099BF39EBA0ED19BF665AB20F07D5E2FB03AAF7BA13C299875D73BA29B7015441E, type is LEAF, pos is 1
Jan 15, 2015 6:21:45 PM org.ccnx.ccn.impl.sync.SliceComparator doComparison
O MAIS DETALHADO: Y hash only for =099BF39EBA0ED19BF665AB20F07D5E2FB03AAF7BA13C299875D73BA29B7015441E, type is LEAF, pos is 2
Jan 15, 2015 6:21:45 PM org.ccnx.ccn.impl.sync.SliceComparator doComparison
O MAIS DETALHADO: Y hash only for =099BF39EBA0ED19BF665AB20F07D5E2FB03AAF7BA13C299875D73BA29B7015441E, type is LEAF, pos is 3
Jan 15, 2015 6:21:45 PM org.ccnx.ccn.impl.sync.SliceComparator doComparison
O MAIS DETALHADO: Y hash only for =099BF39EBA0ED19BF665AB20F07D5E2FB03AAF7BA13C299875D73BA29B7015441E, type is LEAF, pos is 4
Jan 15, 2015 6:21:45 PM org.ccnx.ccn.impl.sync.SliceComparator doComparison
O MAIS DETALHADO: Y hash only for =099BF39EBA0ED19BF665AB20F07D5E2FB03AAF7BA13C299875D73BA29B7015441E, type is LEAF, pos is 5
Jan 15, 2015 6:21:45 PM org.ccnx.ccn.impl.sync.SliceComparator doComparison
O MAIS DETALHADO: Y hash only for =099BF39EBA0ED19BF665AB20F07D5E2FB03AAF7BA13C299875D73BA29B7015441E, type is LEAF, pos is 6
Jan 15, 2015 6:21:45 PM org.ccnx.ccn.impl.sync.SliceComparator doComparison
O MAIS DETALHADO: Y hash only for =099BF39EBA0ED19BF665AB20F07D5E2FB03AAF7BA13C299875D73BA29B7015441E, type is LEAF, pos is 7
Jan 15, 2015 6:21:45 PM org.ccnx.ccn.impl.sync.SliceComparator doComparison
O MAIS DETALHADO: Y hash only for =099BF39EBA0ED19BF665AB20F07D5E2FB03AAF7BA13C299875D73BA29B7015441E, type is LEAF, pos is 8
Jan 15, 2015 6:21:45 PM org.ccnx.ccn.impl.sync.SliceComparator doComparison
O MAIS DETALHADO: Y hash only for =099BF39EBA0ED19BF665AB20F07D5E2FB03AAF7BA13C299875D73BA29B7015441E, type is LEAF, pos is 9
Jan 15, 2015 6:21:45 PM org.ccnx.ccn.impl.sync.SliceComparator doComparison
O MAIS DETALHADO: Y hash only for =099BF39EBA0ED19BF665AB20F07D5E2FB03AAF7BA13C299875D73BA29B7015441E, type is LEAF, pos is 10
Jan 15, 2015 6:21:45 PM org.ccnx.ccn.impl.sync.SliceComparator doComparison
O MAIS DETALHADO: Y hash only for =099BF39EBA0ED19BF665AB20F07D5E2FB03AAF7BA13C299875D73BA29B7015441E, type is LEAF, pos is 11
Jan 15, 2015 6:21:45 PM org.ccnx.ccn.impl.sync.SliceComparator doComparison
O MAIS DETALHADO: Y hash only for =099BF39EBA0ED19BF665AB20F07D5E2FB03AAF7BA13C299875D73BA29B7015441E, type is LEAF, pos is 12
Jan 15, 2015 6:21:45 PM org.ccnx.ccn.impl.sync.SliceComparator doComparison
O MAIS DETALHADO: Y hash only for =099BF39EBA0ED19BF665AB20F07D5E2FB03AAF7BA13C299875D73BA29B7015441E, type is LEAF, pos is 13
Jan 15, 2015 6:21:45 PM org.ccnx.ccn.impl.sync.SliceComparator doComparison
O MAIS DETALHADO: Y hash only for =099BF39EBA0ED19BF665AB20F07D5E2FB03AAF7BA13C299875D73BA29B7015441E, type is LEAF, pos is 14
Jan 15, 2015 6:21:45 PM org.ccnx.ccn.impl.sync.SliceComparator doComparison
O MAIS DETALHADO: Y hash only for =099BF39EBA0ED19BF665AB20F07D5E2FB03AAF7BA13C299875D73BA29B7015441E, type is LEAF, pos is 15
Jan 15, 2015 6:21:45 PM org.ccnx.ccn.impl.sync.SliceComparator doComparison
O MAIS DETALHADO: Y hash only for =099BF39EBA0ED19BF665AB20F07D5E2FB03AAF7BA13C299875D73BA29B7015441E, type is LEAF, pos is 16
Jan 15, 2015 6:21:45 PM org.ccnx.ccn.impl.sync.SliceComparator doComparison
O MAIS DETALHADO: Y hash only for =099BF39EBA0ED19BF665AB20F07D5E2FB03AAF7BA13C299875D73BA29B7015441E, type is LEAF, pos is 17
Jan 15, 2015 6:21:45 PM org.ccnx.ccn.impl.sync.SliceComparator doComparison
O MAIS DETALHADO: Y hash only for =099BF39EBA0ED19BF665AB20F07D5E2FB03AAF7BA13C299875D73BA29B7015441E, type is LEAF, pos is 18
Jan 15, 2015 6:21:45 PM org.ccnx.ccn.impl.sync.SliceComparator doComparison
O MAIS DETALHADO: Y hash only for =099BF39EBA0ED19BF665AB20F07D5E2FB03AAF7BA13C299875D73BA29B7015441E, type is LEAF, pos is 19
Jan 15, 2015 6:21:45 PM org.ccnx.ccn.impl.sync.SliceComparator doComparison
O MAIS DETALHADO: Y hash only for =099BF39EBA0ED19BF665AB20F07D5E2FB03AAF7BA13C299875D73BA29B7015441E, type is LEAF, pos is 20
Jan 15, 2015 6:21:45 PM org.ccnx.ccn.profiles.sync.SyncTestRepo doHandleContentName
INFORMAÇÕES: Number 1: Callback for name: /ccnx.org/test/SyncTestRepo-15-01-15-18.20.23/ccnSyncTest/slice8/randomFile/=FD054B82F64FB2/=0014 - number is 20
Jan 15, 2015 6:21:45 PM org.ccnx.ccn.impl.sync.SliceComparator doComparison
O MAIS DETALHADO: Y hash only for =099BF39EBA0ED19BF665AB20F07D5E2FB03AAF7BA13C299875D73BA29B7015441E, type is LEAF, pos is 21
Jan 15, 2015 6:21:45 PM org.ccnx.ccn.profiles.sync.SyncTestRepo doHandleContentName
INFORMAÇÕES: Number 1: Callback for name: /ccnx.org/test/SyncTestRepo-15-01-15-18.20.23/ccnSyncTest/slice8/randomFile/=FD054B82F64FB2/=0015 - number is 21
Jan 15, 2015 6:21:45 PM org.ccnx.ccn.impl.sync.SliceComparator doComparison
O MAIS DETALHADO: Y hash only for .s=9FE52C18A64BCF9A3F2FAE37D997A5B34F1758FA148374BEEE1EA0657ED535, type is HASH, pos is 1
Jan 15, 2015 6:21:45 PM org.ccnx.ccn.impl.sync.SliceComparator.NodeFetchHandler handleContent
DETALHADO: Saw data from nodefind: hash: =0AE18EA06225F2A9E89701EC38D5843DD3DC13C73E3030C9A2E972F027EF8E0930
Jan 15, 2015 6:21:45 PM org.ccnx.ccn.io.content.SyncNodeComposite decodeLogging
O MAIS DETALHADO: decode node for =0AE18EA06225F2A9E89701EC38D5843DD3DC13C73E3030C9A2E972F027EF8E0930 depth = 1 refs = 23
Jan 15, 2015 6:21:45 PM org.ccnx.ccn.impl.sync.SliceComparator.NodeFetchHandler handleContent
DETALHADO: Saw data from nodefind: hash: =062F472309A82B12636986FF333448E1520FCDA9B0AA4D4E05D92BA7A30BD05C3C
Jan 15, 2015 6:21:45 PM org.ccnx.ccn.io.content.SyncNodeComposite decodeLogging
O MAIS DETALHADO: min is 22, max is 44, expanded min is /ccnx.org/test/SyncTestRepo-15-01-15-18.20.23/ccnSyncTest/slice8/randomFile/=FD054B82F64FB2/=0016/%8Co=B2C90C2570B5A2ED0E5C6EDAC01610ADFEA6A48DFC23A20B89F34B902AFE, expanded max is /ccnx.org/test/SyncTestRepo-15-01-15-18.20.23/ccnSyncTest/slice8/randomFile/=FD054B82F64FB2/=002C/L%905=C6971AD8C11B5222BD4C6C42947862AAC1108D6BA051A1FC9F680C3C97
Jan 15, 2015 6:21:45 PM org.ccnx.ccn.impl.sync.SliceComparator doComparison
O MAIS DETALHADO: Y hash only for =0AE18EA06225F2A9E89701EC38D5843DD3DC13C73E3030C9A2E972F027EF8E0930, type is LEAF, pos is 0
Jan 15, 2015 6:21:45 PM org.ccnx.ccn.profiles.sync.SyncTestRepo doHandleContentName
INFORMAÇÕES: Number 1: Callback for name: /ccnx.org/test/SyncTestRepo-15-01-15-18.20.23/ccnSyncTest/slice8/randomFile/=FD054B82F64FB2/=0016 - number is 22
Jan 15, 2015 6:21:45 PM org.ccnx.ccn.impl.sync.SliceComparator doComparison
O MAIS DETALHADO: Y hash only for =0AE18EA06225F2A9E89701EC38D5843DD3DC13C73E3030C9A2E972F027EF8E0930, type is LEAF, pos is 1
Jan 15, 2015 6:21:45 PM org.ccnx.ccn.impl.sync.SliceComparator.NodeFetchHandler handleContent
DETALHADO: Saw data from nodefind: hash: =091BEBEFAC8F5249F5D86992E07888885DD33FDBA5770CE1512A30F875C43ED52C
Jan 15, 2015 6:21:45 PM org.ccnx.ccn.profiles.sync.SyncTestRepo doHandleContentName
INFORMAÇÕES: Number 1: Callback for name: /ccnx.org/test/SyncTestRepo-15-01-15-18.20.23/ccnSyncTest/slice8/randomFile/=FD054B82F64FB2/=0017 - number is 23
Jan 15, 2015 6:21:45 PM org.ccnx.ccn.impl.sync.SliceComparator doComparison
O MAIS DETALHADO: Y hash only for =0AE18EA06225F2A9E89701EC38D5843DD3DC13C73E3030C9A2E972F027EF8E0930, type is LEAF, pos is 2
Jan 15, 2015 6:21:45 PM org.ccnx.ccn.profiles.sync.SyncTestRepo doHandleContentName
INFORMAÇÕES: Number 1: Callback for name: /ccnx.org/test/SyncTestRepo-15-01-15-18.20.23/ccnSyncTest/slice8/randomFile/=FD054B82F64FB2/=0018 - number is 24
Jan 15, 2015 6:21:45 PM org.ccnx.ccn.impl.sync.SliceComparator doComparison
O MAIS DETALHADO: Y hash only for =0AE18EA06225F2A9E89701EC38D5843DD3DC13C73E3030C9A2E972F027EF8E0930, type is LEAF, pos is 3
Jan 15, 2015 6:21:45 PM org.ccnx.ccn.impl.sync.SliceComparator.NodeFetchHandler handleContent
DETALHADO: Saw data from nodefind: hash: =0AAAEA9359AC64A9975BA190713825C071B97E4F236C5FF204FAE2EBC435CC567F
Jan 15, 2015 6:21:45 PM org.ccnx.ccn.profiles.sync.SyncTestRepo doHandleContentName
INFORMAÇÕES: Number 1: Callback for name: /ccnx.org/test/SyncTestRepo-15-01-15-18.20.23/ccnSyncTest/slice8/randomFile/=FD054B82F64FB2/=0019 - number is 25
Jan 15, 2015 6:21:45 PM org.ccnx.ccn.impl.sync.SliceComparator doComparison
O MAIS DETALHADO: Y hash only for =0AE18EA06225F2A9E89701EC38D5843DD3DC13C73E3030C9A2E972F027EF8E0930, type is LEAF, pos is 4
Jan 15, 2015 6:21:45 PM org.ccnx.ccn.profiles.sync.SyncTestRepo doHandleContentName
INFORMAÇÕES: Number 1: Callback for name: /ccnx.org/test/SyncTestRepo-15-01-15-18.20.23/ccnSyncTest/slice8/randomFile/=FD054B82F64FB2/=001A - number is 26
Jan 15, 2015 6:21:45 PM org.ccnx.ccn.impl.sync.SliceComparator doComparison
O MAIS DETALHADO: Y hash only for =0AE18EA06225F2A9E89701EC38D5843DD3DC13C73E3030C9A2E972F027EF8E0930, type is LEAF, pos is 5
Jan 15, 2015 6:21:45 PM org.ccnx.ccn.profiles.sync.SyncTestRepo doHandleContentName
INFORMAÇÕES: Number 1: Callback for name: /ccnx.org/test/SyncTestRepo-15-01-15-18.20.23/ccnSyncTest/slice8/randomFile/=FD054B82F64FB2/=001B - number is 27
Jan 15, 2015 6:21:45 PM org.ccnx.ccn.impl.sync.SliceComparator doComparison
O MAIS DETALHADO: Y hash only for =0AE18EA06225F2A9E89701EC38D5843DD3DC13C73E3030C9A2E972F027EF8E0930, type is LEAF, pos is 6
Jan 15, 2015 6:21:45 PM org.ccnx.ccn.profiles.sync.SyncTestRepo doHandleContentName
INFORMAÇÕES: Number 1: Callback for name: /ccnx.org/test/SyncTestRepo-15-01-15-18.20.23/ccnSyncTest/slice8/randomFile/=FD054B82F64FB2/=001C - number is 28
Jan 15, 2015 6:21:45 PM org.ccnx.ccn.impl.sync.SliceComparator doComparison
O MAIS DETALHADO: Y hash only for =0AE18EA06225F2A9E89701EC38D5843DD3DC13C73E3030C9A2E972F027EF8E0930, type is LEAF, pos is 7
Jan 15, 2015 6:21:45 PM org.ccnx.ccn.profiles.sync.SyncTestRepo doHandleContentName
INFORMAÇÕES: Number 1: Callback for name: /ccnx.org/test/SyncTestRepo-15-01-15-18.20.23/ccnSyncTest/slice8/randomFile/=FD054B82F64FB2/=001D - number is 29
Jan 15, 2015 6:21:45 PM org.ccnx.ccn.impl.sync.SliceComparator doComparison
O MAIS DETALHADO: Y hash only for =0AE18EA06225F2A9E89701EC38D5843DD3DC13C73E3030C9A2E972F027EF8E0930, type is LEAF, pos is 8
Jan 15, 2015 6:21:45 PM org.ccnx.ccn.profiles.sync.SyncTestRepo doHandleContentName
INFORMAÇÕES: Number 1: Callback for name: /ccnx.org/test/SyncTestRepo-15-01-15-18.20.23/ccnSyncTest/slice8/randomFile/=FD054B82F64FB2/=001E - number is 30
Jan 15, 2015 6:21:45 PM org.ccnx.ccn.impl.sync.SliceComparator doComparison
O MAIS DETALHADO: Y hash only for =0AE18EA06225F2A9E89701EC38D5843DD3DC13C73E3030C9A2E972F027EF8E0930, type is LEAF, pos is 9
Jan 15, 2015 6:21:45 PM org.ccnx.ccn.profiles.sync.SyncTestRepo doHandleContentName
INFORMAÇÕES: Number 1: Callback for name: /ccnx.org/test/SyncTestRepo-15-01-15-18.20.23/ccnSyncTest/slice8/randomFile/=FD054B82F64FB2/=001F - number is 31
Jan 15, 2015 6:21:45 PM org.ccnx.ccn.impl.sync.SliceComparator doComparison
O MAIS DETALHADO: Y hash only for =0AE18EA06225F2A9E89701EC38D5843DD3DC13C73E3030C9A2E972F027EF8E0930, type is LEAF, pos is 10
Jan 15, 2015 6:21:45 PM org.ccnx.ccn.profiles.sync.SyncTestRepo doHandleContentName
INFORMAÇÕES: Number 1: Callback for name: /ccnx.org/test/SyncTestRepo-15-01-15-18.20.23/ccnSyncTest/slice8/randomFile/=FD054B82F64FB2/=0020 - number is 32
Jan 15, 2015 6:21:45 PM org.ccnx.ccn.impl.sync.SliceComparator doComparison
O MAIS DETALHADO: Y hash only for =0AE18EA06225F2A9E89701EC38D5843DD3DC13C73E3030C9A2E972F027EF8E0930, type is LEAF, pos is 11
Jan 15, 2015 6:21:45 PM org.ccnx.ccn.profiles.sync.SyncTestRepo doHandleContentName
INFORMAÇÕES: Number 1: Callback for name: /ccnx.org/test/SyncTestRepo-15-01-15-18.20.23/ccnSyncTest/slice8/randomFile/=FD054B82F64FB2/=0021 - number is 33
Jan 15, 2015 6:21:45 PM org.ccnx.ccn.impl.sync.SliceComparator doComparison
O MAIS DETALHADO: Y hash only for =0AE18EA06225F2A9E89701EC38D5843DD3DC13C73E3030C9A2E972F027EF8E0930, type is LEAF, pos is 12
Jan 15, 2015 6:21:45 PM org.ccnx.ccn.profiles.sync.SyncTestRepo doHandleContentName
INFORMAÇÕES: Number 1: Callback for name: /ccnx.org/test/SyncTestRepo-15-01-15-18.20.23/ccnSyncTest/slice8/randomFile/=FD054B82F64FB2/=0022 - number is 34
Jan 15, 2015 6:21:45 PM org.ccnx.ccn.impl.sync.SliceComparator doComparison
O MAIS DETALHADO: Y hash only for =0AE18EA06225F2A9E89701EC38D5843DD3DC13C73E3030C9A2E972F027EF8E0930, type is LEAF, pos is 13
Jan 15, 2015 6:21:45 PM org.ccnx.ccn.profiles.sync.SyncTestRepo doHandleContentName
INFORMAÇÕES: Number 1: Callback for name: /ccnx.org/test/SyncTestRepo-15-01-15-18.20.23/ccnSyncTest/slice8/randomFile/=FD054B82F64FB2/=0023 - number is 35
Jan 15, 2015 6:21:45 PM org.ccnx.ccn.impl.sync.SliceComparator doComparison
O MAIS DETALHADO: Y hash only for =0AE18EA06225F2A9E89701EC38D5843DD3DC13C73E3030C9A2E972F027EF8E0930, type is LEAF, pos is 14
Jan 15, 2015 6:21:45 PM org.ccnx.ccn.profiles.sync.SyncTestRepo doHandleContentName
INFORMAÇÕES: Number 1: Callback for name: /ccnx.org/test/SyncTestRepo-15-01-15-18.20.23/ccnSyncTest/slice8/randomFile/=FD054B82F64FB2/=0024 - number is 36
Jan 15, 2015 6:21:45 PM org.ccnx.ccn.impl.sync.SliceComparator doComparison
O MAIS DETALHADO: Y hash only for =0AE18EA06225F2A9E89701EC38D5843DD3DC13C73E3030C9A2E972F027EF8E0930, type is LEAF, pos is 15
Jan 15, 2015 6:21:45 PM org.ccnx.ccn.profiles.sync.SyncTestRepo doHandleContentName
INFORMAÇÕES: Number 1: Callback for name: /ccnx.org/test/SyncTestRepo-15-01-15-18.20.23/ccnSyncTest/slice8/randomFile/=FD054B82F64FB2/=0025 - number is 37
Jan 15, 2015 6:21:45 PM org.ccnx.ccn.impl.sync.SliceComparator doComparison
O MAIS DETALHADO: Y hash only for =0AE18EA06225F2A9E89701EC38D5843DD3DC13C73E3030C9A2E972F027EF8E0930, type is LEAF, pos is 16
Jan 15, 2015 6:21:45 PM org.ccnx.ccn.profiles.sync.SyncTestRepo doHandleContentName
INFORMAÇÕES: Number 1: Callback for name: /ccnx.org/test/SyncTestRepo-15-01-15-18.20.23/ccnSyncTest/slice8/randomFile/=FD054B82F64FB2/=0026 - number is 38
Jan 15, 2015 6:21:45 PM org.ccnx.ccn.impl.sync.SliceComparator doComparison
O MAIS DETALHADO: Y hash only for =0AE18EA06225F2A9E89701EC38D5843DD3DC13C73E3030C9A2E972F027EF8E0930, type is LEAF, pos is 17
Jan 15, 2015 6:21:45 PM org.ccnx.ccn.profiles.sync.SyncTestRepo doHandleContentName
INFORMAÇÕES: Number 1: Callback for name: /ccnx.org/test/SyncTestRepo-15-01-15-18.20.23/ccnSyncTest/slice8/randomFile/=FD054B82F64FB2/=0027 - number is 39
Jan 15, 2015 6:21:45 PM org.ccnx.ccn.impl.sync.SliceComparator doComparison
O MAIS DETALHADO: Y hash only for =0AE18EA06225F2A9E89701EC38D5843DD3DC13C73E3030C9A2E972F027EF8E0930, type is LEAF, pos is 18
Jan 15, 2015 6:21:45 PM org.ccnx.ccn.profiles.sync.SyncTestRepo doHandleContentName
INFORMAÇÕES: Number 1: Callback for name: /ccnx.org/test/SyncTestRepo-15-01-15-18.20.23/ccnSyncTest/slice8/randomFile/=FD054B82F64FB2/=0028 - number is 40
Jan 15, 2015 6:21:45 PM org.ccnx.ccn.impl.sync.SliceComparator doComparison
O MAIS DETALHADO: Y hash only for =0AE18EA06225F2A9E89701EC38D5843DD3DC13C73E3030C9A2E972F027EF8E0930, type is LEAF, pos is 19
Jan 15, 2015 6:21:45 PM org.ccnx.ccn.profiles.sync.SyncTestRepo doHandleContentName
INFORMAÇÕES: Number 1: Callback for name: /ccnx.org/test/SyncTestRepo-15-01-15-18.20.23/ccnSyncTest/slice8/randomFile/=FD054B82F64FB2/=0029 - number is 41
Jan 15, 2015 6:21:45 PM org.ccnx.ccn.impl.sync.SliceComparator doComparison
O MAIS DETALHADO: Y hash only for =0AE18EA06225F2A9E89701EC38D5843DD3DC13C73E3030C9A2E972F027EF8E0930, type is LEAF, pos is 20
Jan 15, 2015 6:21:45 PM org.ccnx.ccn.profiles.sync.SyncTestRepo doHandleContentName
INFORMAÇÕES: Number 1: Callback for name: /ccnx.org/test/SyncTestRepo-15-01-15-18.20.23/ccnSyncTest/slice8/randomFile/=FD054B82F64FB2/=002A - number is 42
Jan 15, 2015 6:21:45 PM org.ccnx.ccn.impl.sync.SliceComparator doComparison
O MAIS DETALHADO: Y hash only for =0AE18EA06225F2A9E89701EC38D5843DD3DC13C73E3030C9A2E972F027EF8E0930, type is LEAF, pos is 21
Jan 15, 2015 6:21:45 PM org.ccnx.ccn.profiles.sync.SyncTestRepo doHandleContentName
INFORMAÇÕES: Number 1: Callback for name: /ccnx.org/test/SyncTestRepo-15-01-15-18.20.23/ccnSyncTest/slice8/randomFile/=FD054B82F64FB2/=002B - number is 43
Jan 15, 2015 6:21:45 PM org.ccnx.ccn.impl.sync.SliceComparator doComparison
O MAIS DETALHADO: Y hash only for =0AE18EA06225F2A9E89701EC38D5843DD3DC13C73E3030C9A2E972F027EF8E0930, type is LEAF, pos is 22
Jan 15, 2015 6:21:45 PM org.ccnx.ccn.profiles.sync.SyncTestRepo doHandleContentName
INFORMAÇÕES: Number 1: Callback for name: /ccnx.org/test/SyncTestRepo-15-01-15-18.20.23/ccnSyncTest/slice8/randomFile/=FD054B82F64FB2/=002C - number is 44
Jan 15, 2015 6:21:45 PM org.ccnx.ccn.impl.sync.SliceComparator doComparison
O MAIS DETALHADO: Y hash only for .s=9FE52C18A64BCF9A3F2FAE37D997A5B34F1758FA148374BEEE1EA0657ED535, type is HASH, pos is 2
Jan 15, 2015 6:21:45 PM org.ccnx.ccn.io.content.SyncNodeComposite decodeLogging
O MAIS DETALHADO: decode node for =062F472309A82B12636986FF333448E1520FCDA9B0AA4D4E05D92BA7A30BD05C3C depth = 1 refs = 14
Jan 15, 2015 6:21:45 PM org.ccnx.ccn.io.content.SyncNodeComposite decodeLogging
O MAIS DETALHADO: min is 45, max is 58, expanded min is /ccnx.org/test/SyncTestRepo-15-01-15-18.20.23/ccnSyncTest/slice8/randomFile/=FD054B82F64FB2/=002D/=1AA780216D58CF437B1563A1B48B6E22527A696CC36BA9CD2E36D766893B889D, expanded max is /ccnx.org/test/SyncTestRepo-15-01-15-18.20.23/ccnSyncTest/slice8/randomFile/=FD054B82F64FB2/=003A/=0CF3AD118DEB67E4CFD29EE40859C3FEFE54C1C2FF8A46B95C17F31E94C5D28C
Jan 15, 2015 6:21:45 PM org.ccnx.ccn.impl.sync.SliceComparator doComparison
O MAIS DETALHADO: Y hash only for =062F472309A82B12636986FF333448E1520FCDA9B0AA4D4E05D92BA7A30BD05C3C, type is LEAF, pos is 0
Jan 15, 2015 6:21:45 PM org.ccnx.ccn.profiles.sync.SyncTestRepo doHandleContentName
INFORMAÇÕES: Number 1: Callback for name: /ccnx.org/test/SyncTestRepo-15-01-15-18.20.23/ccnSyncTest/slice8/randomFile/=FD054B82F64FB2/=002D - number is 45
Jan 15, 2015 6:21:45 PM org.ccnx.ccn.impl.sync.SliceComparator doComparison
O MAIS DETALHADO: Y hash only for =062F472309A82B12636986FF333448E1520FCDA9B0AA4D4E05D92BA7A30BD05C3C, type is LEAF, pos is 1
Jan 15, 2015 6:21:45 PM org.ccnx.ccn.profiles.sync.SyncTestRepo doHandleContentName
INFORMAÇÕES: Number 1: Callback for name: /ccnx.org/test/SyncTestRepo-15-01-15-18.20.23/ccnSyncTest/slice8/randomFile/=FD054B82F64FB2/=002E - number is 46
Jan 15, 2015 6:21:45 PM org.ccnx.ccn.impl.sync.SliceComparator doComparison
O MAIS DETALHADO: Y hash only for =062F472309A82B12636986FF333448E1520FCDA9B0AA4D4E05D92BA7A30BD05C3C, type is LEAF, pos is 2
Jan 15, 2015 6:21:45 PM org.ccnx.ccn.profiles.sync.SyncTestRepo doHandleContentName
INFORMAÇÕES: Number 1: Callback for name: /ccnx.org/test/SyncTestRepo-15-01-15-18.20.23/ccnSyncTest/slice8/randomFile/=FD054B82F64FB2/=002F - number is 47
Jan 15, 2015 6:21:45 PM org.ccnx.ccn.impl.sync.SliceComparator doComparison
O MAIS DETALHADO: Y hash only for =062F472309A82B12636986FF333448E1520FCDA9B0AA4D4E05D92BA7A30BD05C3C, type is LEAF, pos is 3
Jan 15, 2015 6:21:45 PM org.ccnx.ccn.profiles.sync.SyncTestRepo doHandleContentName
INFORMAÇÕES: Number 1: Callback for name: /ccnx.org/test/SyncTestRepo-15-01-15-18.20.23/ccnSyncTest/slice8/randomFile/=FD054B82F64FB2/=0030 - number is 48
Jan 15, 2015 6:21:45 PM org.ccnx.ccn.impl.sync.SliceComparator doComparison
O MAIS DETALHADO: Y hash only for =062F472309A82B12636986FF333448E1520FCDA9B0AA4D4E05D92BA7A30BD05C3C, type is LEAF, pos is 4
Jan 15, 2015 6:21:45 PM org.ccnx.ccn.profiles.sync.SyncTestRepo doHandleContentName
INFORMAÇÕES: Number 1: Callback for name: /ccnx.org/test/SyncTestRepo-15-01-15-18.20.23/ccnSyncTest/slice8/randomFile/=FD054B82F64FB2/=0031 - number is 49
Jan 15, 2015 6:21:45 PM org.ccnx.ccn.impl.sync.SliceComparator doComparison
O MAIS DETALHADO: Y hash only for =062F472309A82B12636986FF333448E1520FCDA9B0AA4D4E05D92BA7A30BD05C3C, type is LEAF, pos is 5
Jan 15, 2015 6:21:45 PM org.ccnx.ccn.profiles.sync.SyncTestRepo doHandleContentName
INFORMAÇÕES: Number 1: Callback for name: /ccnx.org/test/SyncTestRepo-15-01-15-18.20.23/ccnSyncTest/slice8/randomFile/=FD054B82F64FB2/=0032 - number is 50
Jan 15, 2015 6:21:45 PM org.ccnx.ccn.impl.sync.SliceComparator doComparison
O MAIS DETALHADO: Y hash only for =062F472309A82B12636986FF333448E1520FCDA9B0AA4D4E05D92BA7A30BD05C3C, type is LEAF, pos is 6
Jan 15, 2015 6:21:45 PM org.ccnx.ccn.profiles.sync.SyncTestRepo doHandleContentName
INFORMAÇÕES: Number 1: Callback for name: /ccnx.org/test/SyncTestRepo-15-01-15-18.20.23/ccnSyncTest/slice8/randomFile/=FD054B82F64FB2/=0033 - number is 51
Jan 15, 2015 6:21:45 PM org.ccnx.ccn.impl.sync.SliceComparator doComparison
O MAIS DETALHADO: Y hash only for =062F472309A82B12636986FF333448E1520FCDA9B0AA4D4E05D92BA7A30BD05C3C, type is LEAF, pos is 7
Jan 15, 2015 6:21:45 PM org.ccnx.ccn.profiles.sync.SyncTestRepo doHandleContentName
INFORMAÇÕES: Number 1: Callback for name: /ccnx.org/test/SyncTestRepo-15-01-15-18.20.23/ccnSyncTest/slice8/randomFile/=FD054B82F64FB2/=0034 - number is 52
Jan 15, 2015 6:21:45 PM org.ccnx.ccn.impl.sync.SliceComparator doComparison
O MAIS DETALHADO: Y hash only for =062F472309A82B12636986FF333448E1520FCDA9B0AA4D4E05D92BA7A30BD05C3C, type is LEAF, pos is 8
Jan 15, 2015 6:21:45 PM org.ccnx.ccn.profiles.sync.SyncTestRepo doHandleContentName
INFORMAÇÕES: Number 1: Callback for name: /ccnx.org/test/SyncTestRepo-15-01-15-18.20.23/ccnSyncTest/slice8/randomFile/=FD054B82F64FB2/=0035 - number is 53
Jan 15, 2015 6:21:45 PM org.ccnx.ccn.impl.sync.SliceComparator doComparison
O MAIS DETALHADO: Y hash only for =062F472309A82B12636986FF333448E1520FCDA9B0AA4D4E05D92BA7A30BD05C3C, type is LEAF, pos is 9
Jan 15, 2015 6:21:45 PM org.ccnx.ccn.profiles.sync.SyncTestRepo doHandleContentName
INFORMAÇÕES: Number 1: Callback for name: /ccnx.org/test/SyncTestRepo-15-01-15-18.20.23/ccnSyncTest/slice8/randomFile/=FD054B82F64FB2/=0036 - number is 54
Jan 15, 2015 6:21:45 PM org.ccnx.ccn.impl.sync.SliceComparator doComparison
O MAIS DETALHADO: Y hash only for =062F472309A82B12636986FF333448E1520FCDA9B0AA4D4E05D92BA7A30BD05C3C, type is LEAF, pos is 10
Jan 15, 2015 6:21:45 PM org.ccnx.ccn.profiles.sync.SyncTestRepo doHandleContentName
INFORMAÇÕES: Number 1: Callback for name: /ccnx.org/test/SyncTestRepo-15-01-15-18.20.23/ccnSyncTest/slice8/randomFile/=FD054B82F64FB2/=0037 - number is 55
Jan 15, 2015 6:21:45 PM org.ccnx.ccn.impl.sync.SliceComparator doComparison
O MAIS DETALHADO: Y hash only for =062F472309A82B12636986FF333448E1520FCDA9B0AA4D4E05D92BA7A30BD05C3C, type is LEAF, pos is 11
Jan 15, 2015 6:21:45 PM org.ccnx.ccn.profiles.sync.SyncTestRepo doHandleContentName
INFORMAÇÕES: Number 1: Callback for name: /ccnx.org/test/SyncTestRepo-15-01-15-18.20.23/ccnSyncTest/slice8/randomFile/=FD054B82F64FB2/=0038 - number is 56
Jan 15, 2015 6:21:45 PM org.ccnx.ccn.impl.sync.SliceComparator doComparison
O MAIS DETALHADO: Y hash only for =062F472309A82B12636986FF333448E1520FCDA9B0AA4D4E05D92BA7A30BD05C3C, type is LEAF, pos is 12
Jan 15, 2015 6:21:45 PM org.ccnx.ccn.profiles.sync.SyncTestRepo doHandleContentName
INFORMAÇÕES: Number 1: Callback for name: /ccnx.org/test/SyncTestRepo-15-01-15-18.20.23/ccnSyncTest/slice8/randomFile/=FD054B82F64FB2/=0039 - number is 57
Jan 15, 2015 6:21:45 PM org.ccnx.ccn.impl.sync.SliceComparator doComparison
O MAIS DETALHADO: Y hash only for =062F472309A82B12636986FF333448E1520FCDA9B0AA4D4E05D92BA7A30BD05C3C, type is LEAF, pos is 13
Jan 15, 2015 6:21:45 PM org.ccnx.ccn.profiles.sync.SyncTestRepo doHandleContentName
INFORMAÇÕES: Number 1: Callback for name: /ccnx.org/test/SyncTestRepo-15-01-15-18.20.23/ccnSyncTest/slice8/randomFile/=FD054B82F64FB2/=003A - number is 58
Jan 15, 2015 6:21:45 PM org.ccnx.ccn.impl.sync.SliceComparator doComparison
O MAIS DETALHADO: Y hash only for .s=9FE52C18A64BCF9A3F2FAE37D997A5B34F1758FA148374BEEE1EA0657ED535, type is HASH, pos is 3
Jan 15, 2015 6:21:45 PM org.ccnx.ccn.io.content.SyncNodeComposite decodeLogging
O MAIS DETALHADO: decode node for =091BEBEFAC8F5249F5D86992E07888885DD33FDBA5770CE1512A30F875C43ED52C depth = 1 refs = 23
Jan 15, 2015 6:21:45 PM org.ccnx.ccn.io.content.SyncNodeComposite decodeLogging
O MAIS DETALHADO: min is 59, max is 81, expanded min is /ccnx.org/test/SyncTestRepo-15-01-15-18.20.23/ccnSyncTest/slice8/randomFile/=FD054B82F64FB2/=003B/R=3E0E9BCEA222D8AD50948AA2F1DE4A4E8AED5C36A1CC0D980B014C17CC8891, expanded max is /ccnx.org/test/SyncTestRepo-15-01-15-18.20.23/ccnSyncTest/slice8/randomFile/=FD054B82F64FB2/=0051/=1A3BB71A5840E6B0507C6BEC725B7AA11A0C82CDB77BC2C3AAB239025E5DF19B
Jan 15, 2015 6:21:45 PM org.ccnx.ccn.impl.sync.SliceComparator doComparison
O MAIS DETALHADO: Y hash only for =091BEBEFAC8F5249F5D86992E07888885DD33FDBA5770CE1512A30F875C43ED52C, type is LEAF, pos is 0
Jan 15, 2015 6:21:45 PM org.ccnx.ccn.profiles.sync.SyncTestRepo doHandleContentName
INFORMAÇÕES: Number 1: Callback for name: /ccnx.org/test/SyncTestRepo-15-01-15-18.20.23/ccnSyncTest/slice8/randomFile/=FD054B82F64FB2/=003B - number is 59
Jan 15, 2015 6:21:45 PM org.ccnx.ccn.impl.sync.SliceComparator doComparison
O MAIS DETALHADO: Y hash only for =091BEBEFAC8F5249F5D86992E07888885DD33FDBA5770CE1512A30F875C43ED52C, type is LEAF, pos is 1
Jan 15, 2015 6:21:45 PM org.ccnx.ccn.profiles.sync.SyncTestRepo doHandleContentName
INFORMAÇÕES: Number 1: Callback for name: /ccnx.org/test/SyncTestRepo-15-01-15-18.20.23/ccnSyncTest/slice8/randomFile/=FD054B82F64FB2/=003C - number is 60
Jan 15, 2015 6:21:45 PM org.ccnx.ccn.impl.sync.SliceComparator doComparison
O MAIS DETALHADO: Y hash only for =091BEBEFAC8F5249F5D86992E07888885DD33FDBA5770CE1512A30F875C43ED52C, type is LEAF, pos is 2
Jan 15, 2015 6:21:45 PM org.ccnx.ccn.profiles.sync.SyncTestRepo doHandleContentName
INFORMAÇÕES: Number 1: Callback for name: /ccnx.org/test/SyncTestRepo-15-01-15-18.20.23/ccnSyncTest/slice8/randomFile/=FD054B82F64FB2/=003D - number is 61
Jan 15, 2015 6:21:45 PM org.ccnx.ccn.impl.sync.SliceComparator doComparison
O MAIS DETALHADO: Y hash only for =091BEBEFAC8F5249F5D86992E07888885DD33FDBA5770CE1512A30F875C43ED52C, type is LEAF, pos is 3
Jan 15, 2015 6:21:45 PM org.ccnx.ccn.profiles.sync.SyncTestRepo doHandleContentName
INFORMAÇÕES: Number 1: Callback for name: /ccnx.org/test/SyncTestRepo-15-01-15-18.20.23/ccnSyncTest/slice8/randomFile/=FD054B82F64FB2/=003E - number is 62
Jan 15, 2015 6:21:45 PM org.ccnx.ccn.impl.sync.SliceComparator doComparison
O MAIS DETALHADO: Y hash only for =091BEBEFAC8F5249F5D86992E07888885DD33FDBA5770CE1512A30F875C43ED52C, type is LEAF, pos is 4
Jan 15, 2015 6:21:45 PM org.ccnx.ccn.profiles.sync.SyncTestRepo doHandleContentName
INFORMAÇÕES: Number 1: Callback for name: /ccnx.org/test/SyncTestRepo-15-01-15-18.20.23/ccnSyncTest/slice8/randomFile/=FD054B82F64FB2/=003F - number is 63
Jan 15, 2015 6:21:45 PM org.ccnx.ccn.impl.sync.SliceComparator doComparison
O MAIS DETALHADO: Y hash only for =091BEBEFAC8F5249F5D86992E07888885DD33FDBA5770CE1512A30F875C43ED52C, type is LEAF, pos is 5
Jan 15, 2015 6:21:45 PM org.ccnx.ccn.profiles.sync.SyncTestRepo doHandleContentName
INFORMAÇÕES: Number 1: Callback for name: /ccnx.org/test/SyncTestRepo-15-01-15-18.20.23/ccnSyncTest/slice8/randomFile/=FD054B82F64FB2/=0040 - number is 64
Jan 15, 2015 6:21:45 PM org.ccnx.ccn.impl.sync.SliceComparator doComparison
O MAIS DETALHADO: Y hash only for =091BEBEFAC8F5249F5D86992E07888885DD33FDBA5770CE1512A30F875C43ED52C, type is LEAF, pos is 6
Jan 15, 2015 6:21:45 PM org.ccnx.ccn.profiles.sync.SyncTestRepo doHandleContentName
INFORMAÇÕES: Number 1: Callback for name: /ccnx.org/test/SyncTestRepo-15-01-15-18.20.23/ccnSyncTest/slice8/randomFile/=FD054B82F64FB2/=0041 - number is 65
Jan 15, 2015 6:21:45 PM org.ccnx.ccn.impl.sync.SliceComparator doComparison
O MAIS DETALHADO: Y hash only for =091BEBEFAC8F5249F5D86992E07888885DD33FDBA5770CE1512A30F875C43ED52C, type is LEAF, pos is 7
Jan 15, 2015 6:21:45 PM org.ccnx.ccn.profiles.sync.SyncTestRepo doHandleContentName
INFORMAÇÕES: Number 1: Callback for name: /ccnx.org/test/SyncTestRepo-15-01-15-18.20.23/ccnSyncTest/slice8/randomFile/=FD054B82F64FB2/=0042 - number is 66
Jan 15, 2015 6:21:45 PM org.ccnx.ccn.impl.sync.SliceComparator doComparison
O MAIS DETALHADO: Y hash only for =091BEBEFAC8F5249F5D86992E07888885DD33FDBA5770CE1512A30F875C43ED52C, type is LEAF, pos is 8
Jan 15, 2015 6:21:45 PM org.ccnx.ccn.profiles.sync.SyncTestRepo doHandleContentName
INFORMAÇÕES: Number 1: Callback for name: /ccnx.org/test/SyncTestRepo-15-01-15-18.20.23/ccnSyncTest/slice8/randomFile/=FD054B82F64FB2/=0043 - number is 67
Jan 15, 2015 6:21:45 PM org.ccnx.ccn.impl.sync.SliceComparator doComparison
O MAIS DETALHADO: Y hash only for =091BEBEFAC8F5249F5D86992E07888885DD33FDBA5770CE1512A30F875C43ED52C, type is LEAF, pos is 9
Jan 15, 2015 6:21:45 PM org.ccnx.ccn.profiles.sync.SyncTestRepo doHandleContentName
INFORMAÇÕES: Number 1: Callback for name: /ccnx.org/test/SyncTestRepo-15-01-15-18.20.23/ccnSyncTest/slice8/randomFile/=FD054B82F64FB2/=0044 - number is 68
Jan 15, 2015 6:21:45 PM org.ccnx.ccn.impl.sync.SliceComparator doComparison
O MAIS DETALHADO: Y hash only for =091BEBEFAC8F5249F5D86992E07888885DD33FDBA5770CE1512A30F875C43ED52C, type is LEAF, pos is 10
Jan 15, 2015 6:21:45 PM org.ccnx.ccn.profiles.sync.SyncTestRepo doHandleContentName
INFORMAÇÕES: Number 1: Callback for name: /ccnx.org/test/SyncTestRepo-15-01-15-18.20.23/ccnSyncTest/slice8/randomFile/=FD054B82F64FB2/=0045 - number is 69
Jan 15, 2015 6:21:45 PM org.ccnx.ccn.impl.sync.SliceComparator doComparison
O MAIS DETALHADO: Y hash only for =091BEBEFAC8F5249F5D86992E07888885DD33FDBA5770CE1512A30F875C43ED52C, type is LEAF, pos is 11
Jan 15, 2015 6:21:45 PM org.ccnx.ccn.profiles.sync.SyncTestRepo doHandleContentName
INFORMAÇÕES: Number 1: Callback for name: /ccnx.org/test/SyncTestRepo-15-01-15-18.20.23/ccnSyncTest/slice8/randomFile/=FD054B82F64FB2/=0046 - number is 70
Jan 15, 2015 6:21:45 PM org.ccnx.ccn.impl.sync.SliceComparator doComparison
O MAIS DETALHADO: Y hash only for =091BEBEFAC8F5249F5D86992E07888885DD33FDBA5770CE1512A30F875C43ED52C, type is LEAF, pos is 12
Jan 15, 2015 6:21:45 PM org.ccnx.ccn.profiles.sync.SyncTestRepo doHandleContentName
INFORMAÇÕES: Number 1: Callback for name: /ccnx.org/test/SyncTestRepo-15-01-15-18.20.23/ccnSyncTest/slice8/randomFile/=FD054B82F64FB2/=0047 - number is 71
Jan 15, 2015 6:21:45 PM org.ccnx.ccn.impl.sync.SliceComparator doComparison
O MAIS DETALHADO: Y hash only for =091BEBEFAC8F5249F5D86992E07888885DD33FDBA5770CE1512A30F875C43ED52C, type is LEAF, pos is 13
Jan 15, 2015 6:21:45 PM org.ccnx.ccn.profiles.sync.SyncTestRepo doHandleContentName
INFORMAÇÕES: Number 1: Callback for name: /ccnx.org/test/SyncTestRepo-15-01-15-18.20.23/ccnSyncTest/slice8/randomFile/=FD054B82F64FB2/=0048 - number is 72
Jan 15, 2015 6:21:45 PM org.ccnx.ccn.impl.sync.SliceComparator doComparison
O MAIS DETALHADO: Y hash only for =091BEBEFAC8F5249F5D86992E07888885DD33FDBA5770CE1512A30F875C43ED52C, type is LEAF, pos is 14
Jan 15, 2015 6:21:45 PM org.ccnx.ccn.profiles.sync.SyncTestRepo doHandleContentName
INFORMAÇÕES: Number 1: Callback for name: /ccnx.org/test/SyncTestRepo-15-01-15-18.20.23/ccnSyncTest/slice8/randomFile/=FD054B82F64FB2/=0049 - number is 73
Jan 15, 2015 6:21:45 PM org.ccnx.ccn.impl.sync.SliceComparator doComparison
O MAIS DETALHADO: Y hash only for =091BEBEFAC8F5249F5D86992E07888885DD33FDBA5770CE1512A30F875C43ED52C, type is LEAF, pos is 15
Jan 15, 2015 6:21:45 PM org.ccnx.ccn.profiles.sync.SyncTestRepo doHandleContentName
INFORMAÇÕES: Number 1: Callback for name: /ccnx.org/test/SyncTestRepo-15-01-15-18.20.23/ccnSyncTest/slice8/randomFile/=FD054B82F64FB2/=004A - number is 74
Jan 15, 2015 6:21:45 PM org.ccnx.ccn.impl.sync.SliceComparator doComparison
O MAIS DETALHADO: Y hash only for =091BEBEFAC8F5249F5D86992E07888885DD33FDBA5770CE1512A30F875C43ED52C, type is LEAF, pos is 16
Jan 15, 2015 6:21:45 PM org.ccnx.ccn.profiles.sync.SyncTestRepo doHandleContentName
INFORMAÇÕES: Number 1: Callback for name: /ccnx.org/test/SyncTestRepo-15-01-15-18.20.23/ccnSyncTest/slice8/randomFile/=FD054B82F64FB2/=004B - number is 75
Jan 15, 2015 6:21:45 PM org.ccnx.ccn.impl.sync.SliceComparator doComparison
O MAIS DETALHADO: Y hash only for =091BEBEFAC8F5249F5D86992E07888885DD33FDBA5770CE1512A30F875C43ED52C, type is LEAF, pos is 17
Jan 15, 2015 6:21:45 PM org.ccnx.ccn.profiles.sync.SyncTestRepo doHandleContentName
INFORMAÇÕES: Number 1: Callback for name: /ccnx.org/test/SyncTestRepo-15-01-15-18.20.23/ccnSyncTest/slice8/randomFile/=FD054B82F64FB2/=004C - number is 76
Jan 15, 2015 6:21:45 PM org.ccnx.ccn.impl.sync.SliceComparator doComparison
O MAIS DETALHADO: Y hash only for =091BEBEFAC8F5249F5D86992E07888885DD33FDBA5770CE1512A30F875C43ED52C, type is LEAF, pos is 18
Jan 15, 2015 6:21:45 PM org.ccnx.ccn.profiles.sync.SyncTestRepo doHandleContentName
INFORMAÇÕES: Number 1: Callback for name: /ccnx.org/test/SyncTestRepo-15-01-15-18.20.23/ccnSyncTest/slice8/randomFile/=FD054B82F64FB2/=004D - number is 77
Jan 15, 2015 6:21:45 PM org.ccnx.ccn.impl.sync.SliceComparator doComparison
O MAIS DETALHADO: Y hash only for =091BEBEFAC8F5249F5D86992E07888885DD33FDBA5770CE1512A30F875C43ED52C, type is LEAF, pos is 19
Jan 15, 2015 6:21:45 PM org.ccnx.ccn.profiles.sync.SyncTestRepo doHandleContentName
INFORMAÇÕES: Number 1: Callback for name: /ccnx.org/test/SyncTestRepo-15-01-15-18.20.23/ccnSyncTest/slice8/randomFile/=FD054B82F64FB2/=004E - number is 78
Jan 15, 2015 6:21:45 PM org.ccnx.ccn.impl.sync.SliceComparator doComparison
O MAIS DETALHADO: Y hash only for =091BEBEFAC8F5249F5D86992E07888885DD33FDBA5770CE1512A30F875C43ED52C, type is LEAF, pos is 20
Jan 15, 2015 6:21:45 PM org.ccnx.ccn.profiles.sync.SyncTestRepo doHandleContentName
INFORMAÇÕES: Number 1: Callback for name: /ccnx.org/test/SyncTestRepo-15-01-15-18.20.23/ccnSyncTest/slice8/randomFile/=FD054B82F64FB2/=004F - number is 79
Jan 15, 2015 6:21:45 PM org.ccnx.ccn.impl.sync.SliceComparator doComparison
O MAIS DETALHADO: Y hash only for =091BEBEFAC8F5249F5D86992E07888885DD33FDBA5770CE1512A30F875C43ED52C, type is LEAF, pos is 21
Jan 15, 2015 6:21:45 PM org.ccnx.ccn.profiles.sync.SyncTestRepo doHandleContentName
INFORMAÇÕES: Number 1: Callback for name: /ccnx.org/test/SyncTestRepo-15-01-15-18.20.23/ccnSyncTest/slice8/randomFile/=FD054B82F64FB2/=0050 - number is 80
Jan 15, 2015 6:21:45 PM org.ccnx.ccn.impl.sync.SliceComparator doComparison
O MAIS DETALHADO: Y hash only for =091BEBEFAC8F5249F5D86992E07888885DD33FDBA5770CE1512A30F875C43ED52C, type is LEAF, pos is 22
Jan 15, 2015 6:21:45 PM org.ccnx.ccn.profiles.sync.SyncTestRepo doHandleContentName
INFORMAÇÕES: Number 1: Callback for name: /ccnx.org/test/SyncTestRepo-15-01-15-18.20.23/ccnSyncTest/slice8/randomFile/=FD054B82F64FB2/=0051 - number is 81
Jan 15, 2015 6:21:45 PM org.ccnx.ccn.impl.sync.SliceComparator doComparison
O MAIS DETALHADO: Y hash only for .s=9FE52C18A64BCF9A3F2FAE37D997A5B34F1758FA148374BEEE1EA0657ED535, type is HASH, pos is 4
Jan 15, 2015 6:21:45 PM org.ccnx.ccn.io.content.SyncNodeComposite decodeLogging
O MAIS DETALHADO: decode node for =0AAAEA9359AC64A9975BA190713825C071B97E4F236C5FF204FAE2EBC435CC567F depth = 1 refs = 19
Jan 15, 2015 6:21:45 PM org.ccnx.ccn.io.content.SyncNodeComposite decodeLogging
O MAIS DETALHADO: min is 82, max is 0, expanded min is /ccnx.org/test/SyncTestRepo-15-01-15-18.20.23/ccnSyncTest/slice8/randomFile/=FD054B82F64FB2/=0052/=F582886A1087B833B718C1BB0C282772A719277A84EC44DE18C7809693FFBCFD, expanded max is /ccnx.org/test/SyncTestRepo-15-01-15-18.20.23/ccnSyncTest/slice8/randomFile/=FD054B82F64FB2/%C1.META.M/.header/=FD054B82F650D1/=00/B=83EB0BA6DAD8B8FFBCC3A2E3FFB3F0754734FC399A3E06B56B4AD184C7A563
Jan 15, 2015 6:21:45 PM org.ccnx.ccn.impl.sync.SliceComparator doComparison
O MAIS DETALHADO: Y hash only for =0AAAEA9359AC64A9975BA190713825C071B97E4F236C5FF204FAE2EBC435CC567F, type is LEAF, pos is 0
Jan 15, 2015 6:21:45 PM org.ccnx.ccn.profiles.sync.SyncTestRepo doHandleContentName
INFORMAÇÕES: Number 1: Callback for name: /ccnx.org/test/SyncTestRepo-15-01-15-18.20.23/ccnSyncTest/slice8/randomFile/=FD054B82F64FB2/=0052 - number is 82
Jan 15, 2015 6:21:45 PM org.ccnx.ccn.impl.sync.SliceComparator doComparison
O MAIS DETALHADO: Y hash only for =0AAAEA9359AC64A9975BA190713825C071B97E4F236C5FF204FAE2EBC435CC567F, type is LEAF, pos is 1
Jan 15, 2015 6:21:45 PM org.ccnx.ccn.profiles.sync.SyncTestRepo doHandleContentName
INFORMAÇÕES: Number 1: Callback for name: /ccnx.org/test/SyncTestRepo-15-01-15-18.20.23/ccnSyncTest/slice8/randomFile/=FD054B82F64FB2/=0053 - number is 83
Jan 15, 2015 6:21:45 PM org.ccnx.ccn.impl.sync.SliceComparator doComparison
O MAIS DETALHADO: Y hash only for =0AAAEA9359AC64A9975BA190713825C071B97E4F236C5FF204FAE2EBC435CC567F, type is LEAF, pos is 2
Jan 15, 2015 6:21:45 PM org.ccnx.ccn.profiles.sync.SyncTestRepo doHandleContentName
INFORMAÇÕES: Number 1: Callback for name: /ccnx.org/test/SyncTestRepo-15-01-15-18.20.23/ccnSyncTest/slice8/randomFile/=FD054B82F64FB2/=0054 - number is 84
Jan 15, 2015 6:21:45 PM org.ccnx.ccn.impl.sync.SliceComparator doComparison
O MAIS DETALHADO: Y hash only for =0AAAEA9359AC64A9975BA190713825C071B97E4F236C5FF204FAE2EBC435CC567F, type is LEAF, pos is 3
Jan 15, 2015 6:21:45 PM org.ccnx.ccn.profiles.sync.SyncTestRepo doHandleContentName
INFORMAÇÕES: Number 1: Callback for name: /ccnx.org/test/SyncTestRepo-15-01-15-18.20.23/ccnSyncTest/slice8/randomFile/=FD054B82F64FB2/=0055 - number is 85
Jan 15, 2015 6:21:45 PM org.ccnx.ccn.impl.sync.SliceComparator doComparison
O MAIS DETALHADO: Y hash only for =0AAAEA9359AC64A9975BA190713825C071B97E4F236C5FF204FAE2EBC435CC567F, type is LEAF, pos is 4
Jan 15, 2015 6:21:45 PM org.ccnx.ccn.profiles.sync.SyncTestRepo doHandleContentName
INFORMAÇÕES: Number 1: Callback for name: /ccnx.org/test/SyncTestRepo-15-01-15-18.20.23/ccnSyncTest/slice8/randomFile/=FD054B82F64FB2/=0056 - number is 86
Jan 15, 2015 6:21:45 PM org.ccnx.ccn.impl.sync.SliceComparator doComparison
O MAIS DETALHADO: Y hash only for =0AAAEA9359AC64A9975BA190713825C071B97E4F236C5FF204FAE2EBC435CC567F, type is LEAF, pos is 5
Jan 15, 2015 6:21:45 PM org.ccnx.ccn.profiles.sync.SyncTestRepo doHandleContentName
INFORMAÇÕES: Number 1: Callback for name: /ccnx.org/test/SyncTestRepo-15-01-15-18.20.23/ccnSyncTest/slice8/randomFile/=FD054B82F64FB2/=0057 - number is 87
Jan 15, 2015 6:21:45 PM org.ccnx.ccn.impl.sync.SliceComparator doComparison
O MAIS DETALHADO: Y hash only for =0AAAEA9359AC64A9975BA190713825C071B97E4F236C5FF204FAE2EBC435CC567F, type is LEAF, pos is 6
Jan 15, 2015 6:21:45 PM org.ccnx.ccn.profiles.sync.SyncTestRepo doHandleContentName
INFORMAÇÕES: Number 1: Callback for name: /ccnx.org/test/SyncTestRepo-15-01-15-18.20.23/ccnSyncTest/slice8/randomFile/=FD054B82F64FB2/=0058 - number is 88
Jan 15, 2015 6:21:45 PM org.ccnx.ccn.impl.sync.SliceComparator doComparison
O MAIS DETALHADO: Y hash only for =0AAAEA9359AC64A9975BA190713825C071B97E4F236C5FF204FAE2EBC435CC567F, type is LEAF, pos is 7
Jan 15, 2015 6:21:45 PM org.ccnx.ccn.profiles.sync.SyncTestRepo doHandleContentName
INFORMAÇÕES: Number 1: Callback for name: /ccnx.org/test/SyncTestRepo-15-01-15-18.20.23/ccnSyncTest/slice8/randomFile/=FD054B82F64FB2/=0059 - number is 89
Jan 15, 2015 6:21:45 PM org.ccnx.ccn.impl.sync.SliceComparator doComparison
O MAIS DETALHADO: Y hash only for =0AAAEA9359AC64A9975BA190713825C071B97E4F236C5FF204FAE2EBC435CC567F, type is LEAF, pos is 8
Jan 15, 2015 6:21:45 PM org.ccnx.ccn.profiles.sync.SyncTestRepo doHandleContentName
INFORMAÇÕES: Number 1: Callback for name: /ccnx.org/test/SyncTestRepo-15-01-15-18.20.23/ccnSyncTest/slice8/randomFile/=FD054B82F64FB2/=005A - number is 90
Jan 15, 2015 6:21:45 PM org.ccnx.ccn.impl.sync.SliceComparator doComparison
O MAIS DETALHADO: Y hash only for =0AAAEA9359AC64A9975BA190713825C071B97E4F236C5FF204FAE2EBC435CC567F, type is LEAF, pos is 9
Jan 15, 2015 6:21:45 PM org.ccnx.ccn.profiles.sync.SyncTestRepo doHandleContentName
INFORMAÇÕES: Number 1: Callback for name: /ccnx.org/test/SyncTestRepo-15-01-15-18.20.23/ccnSyncTest/slice8/randomFile/=FD054B82F64FB2/=005B - number is 91
Jan 15, 2015 6:21:45 PM org.ccnx.ccn.impl.sync.SliceComparator doComparison
O MAIS DETALHADO: Y hash only for =0AAAEA9359AC64A9975BA190713825C071B97E4F236C5FF204FAE2EBC435CC567F, type is LEAF, pos is 10
Jan 15, 2015 6:21:45 PM org.ccnx.ccn.profiles.sync.SyncTestRepo doHandleContentName
INFORMAÇÕES: Number 1: Callback for name: /ccnx.org/test/SyncTestRepo-15-01-15-18.20.23/ccnSyncTest/slice8/randomFile/=FD054B82F64FB2/=005C - number is 92
Jan 15, 2015 6:21:45 PM org.ccnx.ccn.impl.sync.SliceComparator doComparison
O MAIS DETALHADO: Y hash only for =0AAAEA9359AC64A9975BA190713825C071B97E4F236C5FF204FAE2EBC435CC567F, type is LEAF, pos is 11
Jan 15, 2015 6:21:45 PM org.ccnx.ccn.profiles.sync.SyncTestRepo doHandleContentName
INFORMAÇÕES: Number 1: Callback for name: /ccnx.org/test/SyncTestRepo-15-01-15-18.20.23/ccnSyncTest/slice8/randomFile/=FD054B82F64FB2/=005D - number is 93
Jan 15, 2015 6:21:45 PM org.ccnx.ccn.impl.sync.SliceComparator doComparison
O MAIS DETALHADO: Y hash only for =0AAAEA9359AC64A9975BA190713825C071B97E4F236C5FF204FAE2EBC435CC567F, type is LEAF, pos is 12
Jan 15, 2015 6:21:45 PM org.ccnx.ccn.profiles.sync.SyncTestRepo doHandleContentName
INFORMAÇÕES: Number 1: Callback for name: /ccnx.org/test/SyncTestRepo-15-01-15-18.20.23/ccnSyncTest/slice8/randomFile/=FD054B82F64FB2/=005E - number is 94
Jan 15, 2015 6:21:45 PM org.ccnx.ccn.impl.sync.SliceComparator doComparison
O MAIS DETALHADO: Y hash only for =0AAAEA9359AC64A9975BA190713825C071B97E4F236C5FF204FAE2EBC435CC567F, type is LEAF, pos is 13
Jan 15, 2015 6:21:45 PM org.ccnx.ccn.profiles.sync.SyncTestRepo doHandleContentName
INFORMAÇÕES: Number 1: Callback for name: /ccnx.org/test/SyncTestRepo-15-01-15-18.20.23/ccnSyncTest/slice8/randomFile/=FD054B82F64FB2/=005F - number is 95
Jan 15, 2015 6:21:45 PM org.ccnx.ccn.impl.sync.SliceComparator doComparison
O MAIS DETALHADO: Y hash only for =0AAAEA9359AC64A9975BA190713825C071B97E4F236C5FF204FAE2EBC435CC567F, type is LEAF, pos is 14
Jan 15, 2015 6:21:45 PM org.ccnx.ccn.profiles.sync.SyncTestRepo doHandleContentName
INFORMAÇÕES: Number 1: Callback for name: /ccnx.org/test/SyncTestRepo-15-01-15-18.20.23/ccnSyncTest/slice8/randomFile/=FD054B82F64FB2/=0060 - number is 96
Jan 15, 2015 6:21:45 PM org.ccnx.ccn.impl.sync.SliceComparator doComparison
O MAIS DETALHADO: Y hash only for =0AAAEA9359AC64A9975BA190713825C071B97E4F236C5FF204FAE2EBC435CC567F, type is LEAF, pos is 15
Jan 15, 2015 6:21:45 PM org.ccnx.ccn.profiles.sync.SyncTestRepo doHandleContentName
INFORMAÇÕES: Number 1: Callback for name: /ccnx.org/test/SyncTestRepo-15-01-15-18.20.23/ccnSyncTest/slice8/randomFile/=FD054B82F64FB2/=0061 - number is 97
Jan 15, 2015 6:21:45 PM org.ccnx.ccn.impl.sync.SliceComparator doComparison
O MAIS DETALHADO: Y hash only for =0AAAEA9359AC64A9975BA190713825C071B97E4F236C5FF204FAE2EBC435CC567F, type is LEAF, pos is 16
Jan 15, 2015 6:21:45 PM org.ccnx.ccn.profiles.sync.SyncTestRepo doHandleContentName
INFORMAÇÕES: Number 1: Callback for name: /ccnx.org/test/SyncTestRepo-15-01-15-18.20.23/ccnSyncTest/slice8/randomFile/=FD054B82F64FB2/=0062 - number is 98
Jan 15, 2015 6:21:45 PM org.ccnx.ccn.impl.sync.SliceComparator doComparison
O MAIS DETALHADO: Y hash only for =0AAAEA9359AC64A9975BA190713825C071B97E4F236C5FF204FAE2EBC435CC567F, type is LEAF, pos is 17
Jan 15, 2015 6:21:45 PM org.ccnx.ccn.profiles.sync.SyncTestRepo doHandleContentName
INFORMAÇÕES: Number 1: Callback for name: /ccnx.org/test/SyncTestRepo-15-01-15-18.20.23/ccnSyncTest/slice8/randomFile/=FD054B82F64FB2/=0063 - number is 99
Jan 15, 2015 6:21:45 PM org.ccnx.ccn.impl.sync.SliceComparator doComparison
O MAIS DETALHADO: Y hash only for =0AAAEA9359AC64A9975BA190713825C071B97E4F236C5FF204FAE2EBC435CC567F, type is LEAF, pos is 18
Jan 15, 2015 6:21:45 PM org.ccnx.ccn.profiles.sync.SyncTestRepo doHandleContentName
INFORMAÇÕES: Number 1: Callback for name: /ccnx.org/test/SyncTestRepo-15-01-15-18.20.23/ccnSyncTest/slice8/randomFile/=FD054B82F64FB2/%C1.META.M/.header/=FD054B82F650D1/=00 - number is header
Jan 15, 2015 6:21:45 PM org.ccnx.ccn.impl.sync.SliceComparator updateCurrent
O MAIS DETALHADO: Starting update from hash .s=9FE52C18A64BCF9A3F2FAE37D997A5B34F1758FA148374BEEE1EA0657ED535
Jan 15, 2015 6:21:45 PM org.ccnx.ccn.impl.sync.SliceComparator updateCurrent
O MAIS DETALHADO: Update compare - moving to: =099BF39EBA0ED19BF665AB20F07D5E2FB03AAF7BA13C299875D73BA29B7015441E
Jan 15, 2015 6:21:45 PM org.ccnx.ccn.impl.sync.SliceComparator updateCurrent
O MAIS DETALHADO: Update compare: name from tree (expanded) is /ccnx.org/test/SyncTestRepo-15-01-15-18.20.23/ccnSyncTest/slice8/randomFile/=FD054B82F64FB2/=00/=CD274101DE0A1564862B4B78407856ACBA1FA4FA9969AB6080BD5B4286FB868F, name  is /ccnx.org/test/SyncTestRepo-15-01-15-18.20.23/ccnSyncTest/slice8/randomFile/=FD054B82F64FB2/=00/=CD274101DE0A1564862B4B78407856ACBA1FA4FA9969AB6080BD5B4286FB868F, comp is 0
Jan 15, 2015 6:21:45 PM org.ccnx.ccn.impl.sync.SliceComparator updateCurrent
O MAIS DETALHADO: Update compare: name from tree (expanded) is /ccnx.org/test/SyncTestRepo-15-01-15-18.20.23/ccnSyncTest/slice8/randomFile/=FD054B82F64FB2/=0001/=ECA6D37F39770BF1C8BA478FE456437348FB0DDF387EC2E337B42CB950DE656B, name  is /ccnx.org/test/SyncTestRepo-15-01-15-18.20.23/ccnSyncTest/slice8/randomFile/=FD054B82F64FB2/=0001/=ECA6D37F39770BF1C8BA478FE456437348FB0DDF387EC2E337B42CB950DE656B, comp is 0
Jan 15, 2015 6:21:45 PM org.ccnx.ccn.impl.sync.SliceComparator updateCurrent
O MAIS DETALHADO: Update compare: name from tree (expanded) is /ccnx.org/test/SyncTestRepo-15-01-15-18.20.23/ccnSyncTest/slice8/randomFile/=FD054B82F64FB2/=0002/%5BDD=14D7485773F3E18AE9BB81294C35FDF846658EB3DD5E68625E1A2E87C9, name  is /ccnx.org/test/SyncTestRepo-15-01-15-18.20.23/ccnSyncTest/slice8/randomFile/=FD054B82F64FB2/=0002/%5BDD=14D7485773F3E18AE9BB81294C35FDF846658EB3DD5E68625E1A2E87C9, comp is 0
Jan 15, 2015 6:21:45 PM org.ccnx.ccn.impl.sync.SliceComparator updateCurrent
O MAIS DETALHADO: Update compare: name from tree (expanded) is /ccnx.org/test/SyncTestRepo-15-01-15-18.20.23/ccnSyncTest/slice8/randomFile/=FD054B82F64FB2/=0003/k=3A2F38A31A6026C09F0B0EB84BB3F114AC245D8257F108DBF066C434FAE46A, name  is /ccnx.org/test/SyncTestRepo-15-01-15-18.20.23/ccnSyncTest/slice8/randomFile/=FD054B82F64FB2/=0003/k=3A2F38A31A6026C09F0B0EB84BB3F114AC245D8257F108DBF066C434FAE46A, comp is 0
Jan 15, 2015 6:21:45 PM org.ccnx.ccn.impl.sync.SliceComparator updateCurrent
O MAIS DETALHADO: Update compare: name from tree (expanded) is /ccnx.org/test/SyncTestRepo-15-01-15-18.20.23/ccnSyncTest/slice8/randomFile/=FD054B82F64FB2/=0004/m=83C84DE582323DB8EE2C648F0C933927335D79E84F6600D96B0E80DBD7C7F7, name  is /ccnx.org/test/SyncTestRepo-15-01-15-18.20.23/ccnSyncTest/slice8/randomFile/=FD054B82F64FB2/=0004/m=83C84DE582323DB8EE2C648F0C933927335D79E84F6600D96B0E80DBD7C7F7, comp is 0
Jan 15, 2015 6:21:45 PM org.ccnx.ccn.impl.sync.SliceComparator updateCurrent
O MAIS DETALHADO: Update compare: name from tree (expanded) is /ccnx.org/test/SyncTestRepo-15-01-15-18.20.23/ccnSyncTest/slice8/randomFile/=FD054B82F64FB2/=0005/=DA24B1CEF7EEEC1754465E6E1C5F3B5D458A5262430AC7731D5E4D4B4E17EBE8, name  is /ccnx.org/test/SyncTestRepo-15-01-15-18.20.23/ccnSyncTest/slice8/randomFile/=FD054B82F64FB2/=0005/=DA24B1CEF7EEEC1754465E6E1C5F3B5D458A5262430AC7731D5E4D4B4E17EBE8, comp is 0
Jan 15, 2015 6:21:45 PM org.ccnx.ccn.impl.sync.SliceComparator updateCurrent
O MAIS DETALHADO: Update compare: name from tree (expanded) is /ccnx.org/test/SyncTestRepo-15-01-15-18.20.23/ccnSyncTest/slice8/randomFile/=FD054B82F64FB2/=0006/e%209=868D27346F92BC0EB0BCB46ECD728995DDF260C48A21D7D1B6E0BCFB82, name  is /ccnx.org/test/SyncTestRepo-15-01-15-18.20.23/ccnSyncTest/slice8/randomFile/=FD054B82F64FB2/=0006/e%209=868D27346F92BC0EB0BCB46ECD728995DDF260C48A21D7D1B6E0BCFB82, comp is 0
Jan 15, 2015 6:21:45 PM org.ccnx.ccn.impl.sync.SliceComparator updateCurrent
O MAIS DETALHADO: Update compare: name from tree (expanded) is /ccnx.org/test/SyncTestRepo-15-01-15-18.20.23/ccnSyncTest/slice8/randomFile/=FD054B82F64FB2/=0007/=7B1AE0C664DC5E6035D1D6C42DE2A34D1C5A2052513A40B601D14CCD82028735, name  is /ccnx.org/test/SyncTestRepo-15-01-15-18.20.23/ccnSyncTest/slice8/randomFile/=FD054B82F64FB2/=0007/=7B1AE0C664DC5E6035D1D6C42DE2A34D1C5A2052513A40B601D14CCD82028735, comp is 0
Jan 15, 2015 6:21:45 PM org.ccnx.ccn.impl.sync.SliceComparator updateCurrent
O MAIS DETALHADO: Update compare: name from tree (expanded) is /ccnx.org/test/SyncTestRepo-15-01-15-18.20.23/ccnSyncTest/slice8/randomFile/=FD054B82F64FB2/=0008/hz%A1j=27A5428AE5AB3D9F9121C622F7AEF13EDAE45B9DAF94BD03A9870846, name  is /ccnx.org/test/SyncTestRepo-15-01-15-18.20.23/ccnSyncTest/slice8/randomFile/=FD054B82F64FB2/=0008/hz%A1j=27A5428AE5AB3D9F9121C622F7AEF13EDAE45B9DAF94BD03A9870846, comp is 0
Jan 15, 2015 6:21:45 PM org.ccnx.ccn.impl.sync.SliceComparator updateCurrent
O MAIS DETALHADO: Update compare: name from tree (expanded) is /ccnx.org/test/SyncTestRepo-15-01-15-18.20.23/ccnSyncTest/slice8/randomFile/=FD054B82F64FB2/=0009/=0E9055C8DF39AC5420C68A866D2DB9FDBD2EAEBC8F9CEE0753B37806A7A622D3, name  is /ccnx.org/test/SyncTestRepo-15-01-15-18.20.23/ccnSyncTest/slice8/randomFile/=FD054B82F64FB2/=0009/=0E9055C8DF39AC5420C68A866D2DB9FDBD2EAEBC8F9CEE0753B37806A7A622D3, comp is 0
Jan 15, 2015 6:21:45 PM org.ccnx.ccn.impl.sync.SliceComparator updateCurrent
O MAIS DETALHADO: Update compare: name from tree (expanded) is /ccnx.org/test/SyncTestRepo-15-01-15-18.20.23/ccnSyncTest/slice8/randomFile/=FD054B82F64FB2/=000A/=EEE59445A5794AA04432150211AB48D8E055298133DB0F18B7497BC7F107A6CF, name  is /ccnx.org/test/SyncTestRepo-15-01-15-18.20.23/ccnSyncTest/slice8/randomFile/=FD054B82F64FB2/=000A/=EEE59445A5794AA04432150211AB48D8E055298133DB0F18B7497BC7F107A6CF, comp is 0
Jan 15, 2015 6:21:45 PM org.ccnx.ccn.impl.sync.SliceComparator updateCurrent
O MAIS DETALHADO: Update compare: name from tree (expanded) is /ccnx.org/test/SyncTestRepo-15-01-15-18.20.23/ccnSyncTest/slice8/randomFile/=FD054B82F64FB2/=000B/D=BB1113C5969CD857FC4CEF6A4B7298A5DE90B8AD50CC9950B6A008536047ED, name  is /ccnx.org/test/SyncTestRepo-15-01-15-18.20.23/ccnSyncTest/slice8/randomFile/=FD054B82F64FB2/=000B/D=BB1113C5969CD857FC4CEF6A4B7298A5DE90B8AD50CC9950B6A008536047ED, comp is 0
Jan 15, 2015 6:21:45 PM org.ccnx.ccn.impl.sync.SliceComparator updateCurrent
O MAIS DETALHADO: Update compare: name from tree (expanded) is /ccnx.org/test/SyncTestRepo-15-01-15-18.20.23/ccnSyncTest/slice8/randomFile/=FD054B82F64FB2/=000C/=2FAE53CF9328466DB8E4D7CB1439FDC19550897AD5DD747555D9E5920931CC28, name  is /ccnx.org/test/SyncTestRepo-15-01-15-18.20.23/ccnSyncTest/slice8/randomFile/=FD054B82F64FB2/=000C/=2FAE53CF9328466DB8E4D7CB1439FDC19550897AD5DD747555D9E5920931CC28, comp is 0
Jan 15, 2015 6:21:45 PM org.ccnx.ccn.impl.sync.SliceComparator updateCurrent
O MAIS DETALHADO: Update compare: name from tree (expanded) is /ccnx.org/test/SyncTestRepo-15-01-15-18.20.23/ccnSyncTest/slice8/randomFile/=FD054B82F64FB2/=000D/%26I=88C00F7F1F7C366810318884A625A40D36C062ED3C98DF54192BFDCA4A07, name  is /ccnx.org/test/SyncTestRepo-15-01-15-18.20.23/ccnSyncTest/slice8/randomFile/=FD054B82F64FB2/=000D/%26I=88C00F7F1F7C366810318884A625A40D36C062ED3C98DF54192BFDCA4A07, comp is 0
Jan 15, 2015 6:21:45 PM org.ccnx.ccn.impl.sync.SliceComparator updateCurrent
O MAIS DETALHADO: Update compare: name from tree (expanded) is /ccnx.org/test/SyncTestRepo-15-01-15-18.20.23/ccnSyncTest/slice8/randomFile/=FD054B82F64FB2/=000E/=D18E8993B115BE540E8822DCDAA50AEC1AD274905C6B70283988ACB3EA9E68F7, name  is /ccnx.org/test/SyncTestRepo-15-01-15-18.20.23/ccnSyncTest/slice8/randomFile/=FD054B82F64FB2/=000E/=D18E8993B115BE540E8822DCDAA50AEC1AD274905C6B70283988ACB3EA9E68F7, comp is 0
Jan 15, 2015 6:21:45 PM org.ccnx.ccn.impl.sync.SliceComparator updateCurrent
O MAIS DETALHADO: Update compare: name from tree (expanded) is /ccnx.org/test/SyncTestRepo-15-01-15-18.20.23/ccnSyncTest/slice8/randomFile/=FD054B82F64FB2/=000F/%23s7%B7j%E00k=C4041A1B6D34EFAE66AC8494B3625BF6AFD213E62FBF55A2, name  is /ccnx.org/test/SyncTestRepo-15-01-15-18.20.23/ccnSyncTest/slice8/randomFile/=FD054B82F64FB2/=000F/%23s7%B7j%E00k=C4041A1B6D34EFAE66AC8494B3625BF6AFD213E62FBF55A2, comp is 0
Jan 15, 2015 6:21:45 PM org.ccnx.ccn.impl.sync.SliceComparator updateCurrent
O MAIS DETALHADO: Update compare: name from tree (expanded) is /ccnx.org/test/SyncTestRepo-15-01-15-18.20.23/ccnSyncTest/slice8/randomFile/=FD054B82F64FB2/=0010/=5ECAF78124FF254174C5783CAC49CC31709155FBFC3773A5922333F8B28E4D33, name  is /ccnx.org/test/SyncTestRepo-15-01-15-18.20.23/ccnSyncTest/slice8/randomFile/=FD054B82F64FB2/=0010/=5ECAF78124FF254174C5783CAC49CC31709155FBFC3773A5922333F8B28E4D33, comp is 0
Jan 15, 2015 6:21:45 PM org.ccnx.ccn.impl.sync.SliceComparator updateCurrent
O MAIS DETALHADO: Update compare: name from tree (expanded) is /ccnx.org/test/SyncTestRepo-15-01-15-18.20.23/ccnSyncTest/slice8/randomFile/=FD054B82F64FB2/=0011/iLP=DC03A9F47B18CB6416DE5C7151B187A18312B344D99D305D86A6984549, name  is /ccnx.org/test/SyncTestRepo-15-01-15-18.20.23/ccnSyncTest/slice8/randomFile/=FD054B82F64FB2/=0011/iLP=DC03A9F47B18CB6416DE5C7151B187A18312B344D99D305D86A6984549, comp is 0
Jan 15, 2015 6:21:45 PM org.ccnx.ccn.impl.sync.SliceComparator updateCurrent
O MAIS DETALHADO: Update compare: name from tree (expanded) is /ccnx.org/test/SyncTestRepo-15-01-15-18.20.23/ccnSyncTest/slice8/randomFile/=FD054B82F64FB2/=0012/=291D76CB060ADDB2D17CB57E4FA4740E8B231D699B95D06174E3B47E006931F9, name  is /ccnx.org/test/SyncTestRepo-15-01-15-18.20.23/ccnSyncTest/slice8/randomFile/=FD054B82F64FB2/=0012/=291D76CB060ADDB2D17CB57E4FA4740E8B231D699B95D06174E3B47E006931F9, comp is 0
Jan 15, 2015 6:21:45 PM org.ccnx.ccn.impl.sync.SliceComparator updateCurrent
O MAIS DETALHADO: Update compare: name from tree (expanded) is /ccnx.org/test/SyncTestRepo-15-01-15-18.20.23/ccnSyncTest/slice8/randomFile/=FD054B82F64FB2/=0013/py=1C853DACB321C563887FC8BA71684120ACF7AD3353E607150141848F18EC, name  is /ccnx.org/test/SyncTestRepo-15-01-15-18.20.23/ccnSyncTest/slice8/randomFile/=FD054B82F64FB2/=0013/py=1C853DACB321C563887FC8BA71684120ACF7AD3353E607150141848F18EC, comp is 0
Jan 15, 2015 6:21:45 PM org.ccnx.ccn.impl.sync.SliceComparator updateCurrent
O MAIS DETALHADO: Update compare: name from tree (expanded) is /ccnx.org/test/SyncTestRepo-15-01-15-18.20.23/ccnSyncTest/slice8/randomFile/=FD054B82F64FB2/=0014/=823D5A1340837A44A54794CBD37AAEAB90E603F8F25B690217891A5E13F98D1D, name  is /ccnx.org/test/SyncTestRepo-15-01-15-18.20.23/ccnSyncTest/slice8/randomFile/=FD054B82F64FB2/=0014/=823D5A1340837A44A54794CBD37AAEAB90E603F8F25B690217891A5E13F98D1D, comp is 0
Jan 15, 2015 6:21:45 PM org.ccnx.ccn.impl.sync.SliceComparator updateCurrent
O MAIS DETALHADO: Update compare: name from tree (expanded) is /ccnx.org/test/SyncTestRepo-15-01-15-18.20.23/ccnSyncTest/slice8/randomFile/=FD054B82F64FB2/=0015/%1A3%12Y=D008C2095E50897E79612BE87C186CA835106A4ADD58655D135B5C40, name  is /ccnx.org/test/SyncTestRepo-15-01-15-18.20.23/ccnSyncTest/slice8/randomFile/=FD054B82F64FB2/=0015/%1A3%12Y=D008C2095E50897E79612BE87C186CA835106A4ADD58655D135B5C40, comp is 0
Jan 15, 2015 6:21:45 PM org.ccnx.ccn.impl.sync.SliceComparator updateCurrent
O MAIS DETALHADO: Update compare - moving to: =0AE18EA06225F2A9E89701EC38D5843DD3DC13C73E3030C9A2E972F027EF8E0930
Jan 15, 2015 6:21:45 PM org.ccnx.ccn.impl.sync.SliceComparator updateCurrent
O MAIS DETALHADO: Update compare: name from tree (expanded) is /ccnx.org/test/SyncTestRepo-15-01-15-18.20.23/ccnSyncTest/slice8/randomFile/=FD054B82F64FB2/=0016/%8Co=B2C90C2570B5A2ED0E5C6EDAC01610ADFEA6A48DFC23A20B89F34B902AFE, name  is /ccnx.org/test/SyncTestRepo-15-01-15-18.20.23/ccnSyncTest/slice8/randomFile/=FD054B82F64FB2/=0016/%8Co=B2C90C2570B5A2ED0E5C6EDAC01610ADFEA6A48DFC23A20B89F34B902AFE, comp is 0
Jan 15, 2015 6:21:45 PM org.ccnx.ccn.impl.sync.SliceComparator updateCurrent
O MAIS DETALHADO: Update compare: name from tree (expanded) is /ccnx.org/test/SyncTestRepo-15-01-15-18.20.23/ccnSyncTest/slice8/randomFile/=FD054B82F64FB2/=0017/L%05i=A4252F88A5EFC92F753C96FFD795803059CAB9B2688F2274CFCA1EAB2F, name  is /ccnx.org/test/SyncTestRepo-15-01-15-18.20.23/ccnSyncTest/slice8/randomFile/=FD054B82F64FB2/=0017/L%05i=A4252F88A5EFC92F753C96FFD795803059CAB9B2688F2274CFCA1EAB2F, comp is 0
Jan 15, 2015 6:21:45 PM org.ccnx.ccn.impl.sync.SliceComparator updateCurrent
O MAIS DETALHADO: Update compare: name from tree (expanded) is /ccnx.org/test/SyncTestRepo-15-01-15-18.20.23/ccnSyncTest/slice8/randomFile/=FD054B82F64FB2/=0018/S=A7B89369573A2883D870BC25587682FBE2C80C3759A3F92EC20C7C2311DD4F, name  is /ccnx.org/test/SyncTestRepo-15-01-15-18.20.23/ccnSyncTest/slice8/randomFile/=FD054B82F64FB2/=0018/S=A7B89369573A2883D870BC25587682FBE2C80C3759A3F92EC20C7C2311DD4F, comp is 0
Jan 15, 2015 6:21:45 PM org.ccnx.ccn.impl.sync.SliceComparator updateCurrent
O MAIS DETALHADO: Update compare: name from tree (expanded) is /ccnx.org/test/SyncTestRepo-15-01-15-18.20.23/ccnSyncTest/slice8/randomFile/=FD054B82F64FB2/=0019/W=CA92148B08D85C8FF5B1838FC09AAAC3CE95070F9A6EA1D63443BF5C793B9F, name  is /ccnx.org/test/SyncTestRepo-15-01-15-18.20.23/ccnSyncTest/slice8/randomFile/=FD054B82F64FB2/=0019/W=CA92148B08D85C8FF5B1838FC09AAAC3CE95070F9A6EA1D63443BF5C793B9F, comp is 0
Jan 15, 2015 6:21:45 PM org.ccnx.ccn.impl.sync.SliceComparator updateCurrent
O MAIS DETALHADO: Update compare: name from tree (expanded) is /ccnx.org/test/SyncTestRepo-15-01-15-18.20.23/ccnSyncTest/slice8/randomFile/=FD054B82F64FB2/=001A/K0=278C7ADD0533EF03C0C9E2E6DB25A7242FEECB0D9E66C4E5DF6B12BE27EF, name  is /ccnx.org/test/SyncTestRepo-15-01-15-18.20.23/ccnSyncTest/slice8/randomFile/=FD054B82F64FB2/=001A/K0=278C7ADD0533EF03C0C9E2E6DB25A7242FEECB0D9E66C4E5DF6B12BE27EF, comp is 0
Jan 15, 2015 6:21:45 PM org.ccnx.ccn.impl.sync.SliceComparator updateCurrent
O MAIS DETALHADO: Update compare: name from tree (expanded) is /ccnx.org/test/SyncTestRepo-15-01-15-18.20.23/ccnSyncTest/slice8/randomFile/=FD054B82F64FB2/=001B/=F524CAB9A7634EFA0928B10071E089CCF3A6F3CF1D1DE0866768520815B5B638, name  is /ccnx.org/test/SyncTestRepo-15-01-15-18.20.23/ccnSyncTest/slice8/randomFile/=FD054B82F64FB2/=001B/=F524CAB9A7634EFA0928B10071E089CCF3A6F3CF1D1DE0866768520815B5B638, comp is 0
Jan 15, 2015 6:21:45 PM org.ccnx.ccn.impl.sync.SliceComparator updateCurrent
O MAIS DETALHADO: Update compare: name from tree (expanded) is /ccnx.org/test/SyncTestRepo-15-01-15-18.20.23/ccnSyncTest/slice8/randomFile/=FD054B82F64FB2/=001C/pO=0D5CED8A77289E3C1EBDD650CA06C5458398980A2F29D5B9BBD0A9710596, name  is /ccnx.org/test/SyncTestRepo-15-01-15-18.20.23/ccnSyncTest/slice8/randomFile/=FD054B82F64FB2/=001C/pO=0D5CED8A77289E3C1EBDD650CA06C5458398980A2F29D5B9BBD0A9710596, comp is 0
Jan 15, 2015 6:21:45 PM org.ccnx.ccn.impl.sync.SliceComparator updateCurrent
O MAIS DETALHADO: Update compare: name from tree (expanded) is /ccnx.org/test/SyncTestRepo-15-01-15-18.20.23/ccnSyncTest/slice8/randomFile/=FD054B82F64FB2/=001D/=E28FE90FC6E5DE99B14FF467B1B895914BEBB8263E3A10966F202E39ED6C0089, name  is /ccnx.org/test/SyncTestRepo-15-01-15-18.20.23/ccnSyncTest/slice8/randomFile/=FD054B82F64FB2/=001D/=E28FE90FC6E5DE99B14FF467B1B895914BEBB8263E3A10966F202E39ED6C0089, comp is 0
Jan 15, 2015 6:21:45 PM org.ccnx.ccn.impl.sync.SliceComparator updateCurrent
O MAIS DETALHADO: Update compare: name from tree (expanded) is /ccnx.org/test/SyncTestRepo-15-01-15-18.20.23/ccnSyncTest/slice8/randomFile/=FD054B82F64FB2/=001E/=E2EA78A79EF285F32956B5A92B43A4AC0DF4A97B53E9E103CEAA32F5A5897C6C, name  is /ccnx.org/test/SyncTestRepo-15-01-15-18.20.23/ccnSyncTest/slice8/randomFile/=FD054B82F64FB2/=001E/=E2EA78A79EF285F32956B5A92B43A4AC0DF4A97B53E9E103CEAA32F5A5897C6C, comp is 0
Jan 15, 2015 6:21:45 PM org.ccnx.ccn.impl.sync.SliceComparator updateCurrent
O MAIS DETALHADO: Update compare: name from tree (expanded) is /ccnx.org/test/SyncTestRepo-15-01-15-18.20.23/ccnSyncTest/slice8/randomFile/=FD054B82F64FB2/=001F/%D97=DA135F9BD914BD943B58E0F433836770183CEBDD149F7FC944BF531958ED, name  is /ccnx.org/test/SyncTestRepo-15-01-15-18.20.23/ccnSyncTest/slice8/randomFile/=FD054B82F64FB2/=001F/%D97=DA135F9BD914BD943B58E0F433836770183CEBDD149F7FC944BF531958ED, comp is 0
Jan 15, 2015 6:21:45 PM org.ccnx.ccn.impl.sync.SliceComparator updateCurrent
O MAIS DETALHADO: Update compare: name from tree (expanded) is /ccnx.org/test/SyncTestRepo-15-01-15-18.20.23/ccnSyncTest/slice8/randomFile/=FD054B82F64FB2/=0020/jq=B088245A062D8A766E6FAD25137BFDA3AFB5B7D2004D6FD4815DE94759D3, name  is /ccnx.org/test/SyncTestRepo-15-01-15-18.20.23/ccnSyncTest/slice8/randomFile/=FD054B82F64FB2/=0020/jq=B088245A062D8A766E6FAD25137BFDA3AFB5B7D2004D6FD4815DE94759D3, comp is 0
Jan 15, 2015 6:21:45 PM org.ccnx.ccn.impl.sync.SliceComparator updateCurrent
O MAIS DETALHADO: Update compare: name from tree (expanded) is /ccnx.org/test/SyncTestRepo-15-01-15-18.20.23/ccnSyncTest/slice8/randomFile/=FD054B82F64FB2/=0021/=8E86C87B889A1BC96A3120EFA179BCC3CC667EE5E16180F5D45E238D7A388DDC, name  is /ccnx.org/test/SyncTestRepo-15-01-15-18.20.23/ccnSyncTest/slice8/randomFile/=FD054B82F64FB2/=0021/=8E86C87B889A1BC96A3120EFA179BCC3CC667EE5E16180F5D45E238D7A388DDC, comp is 0
Jan 15, 2015 6:21:45 PM org.ccnx.ccn.impl.sync.SliceComparator updateCurrent
O MAIS DETALHADO: Update compare: name from tree (expanded) is /ccnx.org/test/SyncTestRepo-15-01-15-18.20.23/ccnSyncTest/slice8/randomFile/=FD054B82F64FB2/=0022/0%C0aB=1E9F662F2C1111D8DAEE5612AB29A0C6A7BBD5D5F8B83E43BC469FDD, name  is /ccnx.org/test/SyncTestRepo-15-01-15-18.20.23/ccnSyncTest/slice8/randomFile/=FD054B82F64FB2/=0022/0%C0aB=1E9F662F2C1111D8DAEE5612AB29A0C6A7BBD5D5F8B83E43BC469FDD, comp is 0
Jan 15, 2015 6:21:45 PM org.ccnx.ccn.impl.sync.SliceComparator updateCurrent
O MAIS DETALHADO: Update compare: name from tree (expanded) is /ccnx.org/test/SyncTestRepo-15-01-15-18.20.23/ccnSyncTest/slice8/randomFile/=FD054B82F64FB2/=0023/=14C96862B580503333F980205A3D75909176AE0E00CF7D3BA4F511D666AB7FFE, name  is /ccnx.org/test/SyncTestRepo-15-01-15-18.20.23/ccnSyncTest/slice8/randomFile/=FD054B82F64FB2/=0023/=14C96862B580503333F980205A3D75909176AE0E00CF7D3BA4F511D666AB7FFE, comp is 0
Jan 15, 2015 6:21:45 PM org.ccnx.ccn.impl.sync.SliceComparator updateCurrent
O MAIS DETALHADO: Update compare: name from tree (expanded) is /ccnx.org/test/SyncTestRepo-15-01-15-18.20.23/ccnSyncTest/slice8/randomFile/=FD054B82F64FB2/=0024/=3DDDB00F388EB261A68A4B935B80CCBF2AEF9BF6BEFCD11D3950C8500D3DC8F7, name  is /ccnx.org/test/SyncTestRepo-15-01-15-18.20.23/ccnSyncTest/slice8/randomFile/=FD054B82F64FB2/=0024/=3DDDB00F388EB261A68A4B935B80CCBF2AEF9BF6BEFCD11D3950C8500D3DC8F7, comp is 0
Jan 15, 2015 6:21:45 PM org.ccnx.ccn.impl.sync.SliceComparator updateCurrent
O MAIS DETALHADO: Update compare: name from tree (expanded) is /ccnx.org/test/SyncTestRepo-15-01-15-18.20.23/ccnSyncTest/slice8/randomFile/=FD054B82F64FB2/=0025/JB=89B36380BB1595F37CDC1371DC8EA7CADA048EF4864D0D4E346208571E40, name  is /ccnx.org/test/SyncTestRepo-15-01-15-18.20.23/ccnSyncTest/slice8/randomFile/=FD054B82F64FB2/=0025/JB=89B36380BB1595F37CDC1371DC8EA7CADA048EF4864D0D4E346208571E40, comp is 0
Jan 15, 2015 6:21:45 PM org.ccnx.ccn.impl.sync.SliceComparator updateCurrent
O MAIS DETALHADO: Update compare: name from tree (expanded) is /ccnx.org/test/SyncTestRepo-15-01-15-18.20.23/ccnSyncTest/slice8/randomFile/=FD054B82F64FB2/=0026/=B2B8B1BD7C29C55D37F653603E5D638C064E0B8C3A2C645E6093C17267427E1E, name  is /ccnx.org/test/SyncTestRepo-15-01-15-18.20.23/ccnSyncTest/slice8/randomFile/=FD054B82F64FB2/=0026/=B2B8B1BD7C29C55D37F653603E5D638C064E0B8C3A2C645E6093C17267427E1E, comp is 0
Jan 15, 2015 6:21:45 PM org.ccnx.ccn.impl.sync.SliceComparator updateCurrent
O MAIS DETALHADO: Update compare: name from tree (expanded) is /ccnx.org/test/SyncTestRepo-15-01-15-18.20.23/ccnSyncTest/slice8/randomFile/=FD054B82F64FB2/=0027/=1A17CB7741C8E9BCDF9B2039D857CC092337D53722EF8E59CCFABB8D32C954A3, name  is /ccnx.org/test/SyncTestRepo-15-01-15-18.20.23/ccnSyncTest/slice8/randomFile/=FD054B82F64FB2/=0027/=1A17CB7741C8E9BCDF9B2039D857CC092337D53722EF8E59CCFABB8D32C954A3, comp is 0
Jan 15, 2015 6:21:45 PM org.ccnx.ccn.impl.sync.SliceComparator updateCurrent
O MAIS DETALHADO: Update compare: name from tree (expanded) is /ccnx.org/test/SyncTestRepo-15-01-15-18.20.23/ccnSyncTest/slice8/randomFile/=FD054B82F64FB2/=0028/=FAAA20E181F89444BF385C3DC790CA15FCEFB13A243DAA6EDBE3EF04ED4AC525, name  is /ccnx.org/test/SyncTestRepo-15-01-15-18.20.23/ccnSyncTest/slice8/randomFile/=FD054B82F64FB2/=0028/=FAAA20E181F89444BF385C3DC790CA15FCEFB13A243DAA6EDBE3EF04ED4AC525, comp is 0
Jan 15, 2015 6:21:45 PM org.ccnx.ccn.impl.sync.SliceComparator updateCurrent
O MAIS DETALHADO: Update compare: name from tree (expanded) is /ccnx.org/test/SyncTestRepo-15-01-15-18.20.23/ccnSyncTest/slice8/randomFile/=FD054B82F64FB2/=0029/=81099DBE05113A617F7D85AF62E991E1501B72E959395DA214F7CEB82ACB5C5F, name  is /ccnx.org/test/SyncTestRepo-15-01-15-18.20.23/ccnSyncTest/slice8/randomFile/=FD054B82F64FB2/=0029/=81099DBE05113A617F7D85AF62E991E1501B72E959395DA214F7CEB82ACB5C5F, comp is 0
Jan 15, 2015 6:21:45 PM org.ccnx.ccn.impl.sync.SliceComparator updateCurrent
O MAIS DETALHADO: Update compare: name from tree (expanded) is /ccnx.org/test/SyncTestRepo-15-01-15-18.20.23/ccnSyncTest/slice8/randomFile/=FD054B82F64FB2/=002A/=A1200315B511B5EBB30F42423FAA977E4760093BA7B49659F170752EE1369BA6, name  is /ccnx.org/test/SyncTestRepo-15-01-15-18.20.23/ccnSyncTest/slice8/randomFile/=FD054B82F64FB2/=002A/=A1200315B511B5EBB30F42423FAA977E4760093BA7B49659F170752EE1369BA6, comp is 0
Jan 15, 2015 6:21:45 PM org.ccnx.ccn.impl.sync.SliceComparator updateCurrent
O MAIS DETALHADO: Update compare: name from tree (expanded) is /ccnx.org/test/SyncTestRepo-15-01-15-18.20.23/ccnSyncTest/slice8/randomFile/=FD054B82F64FB2/=002B/%11z=0CC37CB242D20C0171E6CBED252E451A6DA659392BA869B76FB40AF4A533, name  is /ccnx.org/test/SyncTestRepo-15-01-15-18.20.23/ccnSyncTest/slice8/randomFile/=FD054B82F64FB2/=002B/%11z=0CC37CB242D20C0171E6CBED252E451A6DA659392BA869B76FB40AF4A533, comp is 0
Jan 15, 2015 6:21:45 PM org.ccnx.ccn.impl.sync.SliceComparator updateCurrent
O MAIS DETALHADO: Update compare: name from tree (expanded) is /ccnx.org/test/SyncTestRepo-15-01-15-18.20.23/ccnSyncTest/slice8/randomFile/=FD054B82F64FB2/=002C/L%905=C6971AD8C11B5222BD4C6C42947862AAC1108D6BA051A1FC9F680C3C97, name  is /ccnx.org/test/SyncTestRepo-15-01-15-18.20.23/ccnSyncTest/slice8/randomFile/=FD054B82F64FB2/=002C/L%905=C6971AD8C11B5222BD4C6C42947862AAC1108D6BA051A1FC9F680C3C97, comp is 0
Jan 15, 2015 6:21:45 PM org.ccnx.ccn.impl.sync.SliceComparator updateCurrent
O MAIS DETALHADO: Update compare - moving to: =062F472309A82B12636986FF333448E1520FCDA9B0AA4D4E05D92BA7A30BD05C3C
Jan 15, 2015 6:21:45 PM org.ccnx.ccn.impl.sync.SliceComparator updateCurrent
O MAIS DETALHADO: Update compare: name from tree (expanded) is /ccnx.org/test/SyncTestRepo-15-01-15-18.20.23/ccnSyncTest/slice8/randomFile/=FD054B82F64FB2/=002D/=1AA780216D58CF437B1563A1B48B6E22527A696CC36BA9CD2E36D766893B889D, name  is /ccnx.org/test/SyncTestRepo-15-01-15-18.20.23/ccnSyncTest/slice8/randomFile/=FD054B82F64FB2/=002D/=1AA780216D58CF437B1563A1B48B6E22527A696CC36BA9CD2E36D766893B889D, comp is 0
Jan 15, 2015 6:21:45 PM org.ccnx.ccn.impl.sync.SliceComparator updateCurrent
O MAIS DETALHADO: Update compare: name from tree (expanded) is /ccnx.org/test/SyncTestRepo-15-01-15-18.20.23/ccnSyncTest/slice8/randomFile/=FD054B82F64FB2/=002E/=EBF02D4AA421EE4D4D2F4162389B1EB1A6952F1A79F0DFE2C97FF57817DBA23C, name  is /ccnx.org/test/SyncTestRepo-15-01-15-18.20.23/ccnSyncTest/slice8/randomFile/=FD054B82F64FB2/=002E/=EBF02D4AA421EE4D4D2F4162389B1EB1A6952F1A79F0DFE2C97FF57817DBA23C, comp is 0
Jan 15, 2015 6:21:45 PM org.ccnx.ccn.impl.sync.SliceComparator updateCurrent
O MAIS DETALHADO: Update compare: name from tree (expanded) is /ccnx.org/test/SyncTestRepo-15-01-15-18.20.23/ccnSyncTest/slice8/randomFile/=FD054B82F64FB2/=002F/%B5Ja=04A10409891CAE5A078F9951D17893F110FF5AC0D5CED6A543540A230E, name  is /ccnx.org/test/SyncTestRepo-15-01-15-18.20.23/ccnSyncTest/slice8/randomFile/=FD054B82F64FB2/=002F/%B5Ja=04A10409891CAE5A078F9951D17893F110FF5AC0D5CED6A543540A230E, comp is 0
Jan 15, 2015 6:21:45 PM org.ccnx.ccn.impl.sync.SliceComparator updateCurrent
O MAIS DETALHADO: Update compare: name from tree (expanded) is /ccnx.org/test/SyncTestRepo-15-01-15-18.20.23/ccnSyncTest/slice8/randomFile/=FD054B82F64FB2/=0030/=10BB5FC49D6C511FE4FE4A2A157BBB0A5A66D944557807325AE19C5FBF7B82DF, name  is /ccnx.org/test/SyncTestRepo-15-01-15-18.20.23/ccnSyncTest/slice8/randomFile/=FD054B82F64FB2/=0030/=10BB5FC49D6C511FE4FE4A2A157BBB0A5A66D944557807325AE19C5FBF7B82DF, comp is 0
Jan 15, 2015 6:21:45 PM org.ccnx.ccn.impl.sync.SliceComparator updateCurrent
O MAIS DETALHADO: Update compare: name from tree (expanded) is /ccnx.org/test/SyncTestRepo-15-01-15-18.20.23/ccnSyncTest/slice8/randomFile/=FD054B82F64FB2/=0031/=DAC15199B8B80135188B580B7877E6FAD85BC7F342893419CB49316BA94991DA, name  is /ccnx.org/test/SyncTestRepo-15-01-15-18.20.23/ccnSyncTest/slice8/randomFile/=FD054B82F64FB2/=0031/=DAC15199B8B80135188B580B7877E6FAD85BC7F342893419CB49316BA94991DA, comp is 0
Jan 15, 2015 6:21:45 PM org.ccnx.ccn.impl.sync.SliceComparator updateCurrent
O MAIS DETALHADO: Update compare: name from tree (expanded) is /ccnx.org/test/SyncTestRepo-15-01-15-18.20.23/ccnSyncTest/slice8/randomFile/=FD054B82F64FB2/=0032/=E4EE577E1A17EC30373AA705D4CB48A8B2D6C20AAD1056CC5218247CCE0193D8, name  is /ccnx.org/test/SyncTestRepo-15-01-15-18.20.23/ccnSyncTest/slice8/randomFile/=FD054B82F64FB2/=0032/=E4EE577E1A17EC30373AA705D4CB48A8B2D6C20AAD1056CC5218247CCE0193D8, comp is 0
Jan 15, 2015 6:21:45 PM org.ccnx.ccn.impl.sync.SliceComparator updateCurrent
O MAIS DETALHADO: Update compare: name from tree (expanded) is /ccnx.org/test/SyncTestRepo-15-01-15-18.20.23/ccnSyncTest/slice8/randomFile/=FD054B82F64FB2/=0033/=5E95DC1AE675620C070A8D427DA9149BB832C15F8C3F0A2D32EBB3BCB71D94FD, name  is /ccnx.org/test/SyncTestRepo-15-01-15-18.20.23/ccnSyncTest/slice8/randomFile/=FD054B82F64FB2/=0033/=5E95DC1AE675620C070A8D427DA9149BB832C15F8C3F0A2D32EBB3BCB71D94FD, comp is 0
Jan 15, 2015 6:21:45 PM org.ccnx.ccn.impl.sync.SliceComparator updateCurrent
O MAIS DETALHADO: Update compare: name from tree (expanded) is /ccnx.org/test/SyncTestRepo-15-01-15-18.20.23/ccnSyncTest/slice8/randomFile/=FD054B82F64FB2/=0034/%87k_a=893C9DD826CDBBA210A5BFF7E8AF8B90477262CB4532EBB826F76F8D, name  is /ccnx.org/test/SyncTestRepo-15-01-15-18.20.23/ccnSyncTest/slice8/randomFile/=FD054B82F64FB2/=0034/%87k_a=893C9DD826CDBBA210A5BFF7E8AF8B90477262CB4532EBB826F76F8D, comp is 0
Jan 15, 2015 6:21:45 PM org.ccnx.ccn.impl.sync.SliceComparator updateCurrent
O MAIS DETALHADO: Update compare: name from tree (expanded) is /ccnx.org/test/SyncTestRepo-15-01-15-18.20.23/ccnSyncTest/slice8/randomFile/=FD054B82F64FB2/=0035/%3Dv=7BFF2FD5E68661710970F6F527F1BDE98EF49AB268F1499B32FB8D77CFE3, name  is /ccnx.org/test/SyncTestRepo-15-01-15-18.20.23/ccnSyncTest/slice8/randomFile/=FD054B82F64FB2/=0035/%3Dv=7BFF2FD5E68661710970F6F527F1BDE98EF49AB268F1499B32FB8D77CFE3, comp is 0
Jan 15, 2015 6:21:45 PM org.ccnx.ccn.impl.sync.SliceComparator updateCurrent
O MAIS DETALHADO: Update compare: name from tree (expanded) is /ccnx.org/test/SyncTestRepo-15-01-15-18.20.23/ccnSyncTest/slice8/randomFile/=FD054B82F64FB2/=0036/=F0F33ABA49B3A126380A870522A06D18F625F900517CE1EA13A122B7760D11F7, name  is /ccnx.org/test/SyncTestRepo-15-01-15-18.20.23/ccnSyncTest/slice8/randomFile/=FD054B82F64FB2/=0036/=F0F33ABA49B3A126380A870522A06D18F625F900517CE1EA13A122B7760D11F7, comp is 0
Jan 15, 2015 6:21:45 PM org.ccnx.ccn.impl.sync.SliceComparator updateCurrent
O MAIS DETALHADO: Update compare: name from tree (expanded) is /ccnx.org/test/SyncTestRepo-15-01-15-18.20.23/ccnSyncTest/slice8/randomFile/=FD054B82F64FB2/=0037/C%3DL=0AAC585E0D4338EDC4399EAB844AF9681E8F1C3D4A043724C4304D98DD, name  is /ccnx.org/test/SyncTestRepo-15-01-15-18.20.23/ccnSyncTest/slice8/randomFile/=FD054B82F64FB2/=0037/C%3DL=0AAC585E0D4338EDC4399EAB844AF9681E8F1C3D4A043724C4304D98DD, comp is 0
Jan 15, 2015 6:21:45 PM org.ccnx.ccn.impl.sync.SliceComparator updateCurrent
O MAIS DETALHADO: Update compare: name from tree (expanded) is /ccnx.org/test/SyncTestRepo-15-01-15-18.20.23/ccnSyncTest/slice8/randomFile/=FD054B82F64FB2/=0038/7=F1A638E33CEC6588DAED12E448154D50417DEB8813A47DC021CAC27B3ABA11, name  is /ccnx.org/test/SyncTestRepo-15-01-15-18.20.23/ccnSyncTest/slice8/randomFile/=FD054B82F64FB2/=0038/7=F1A638E33CEC6588DAED12E448154D50417DEB8813A47DC021CAC27B3ABA11, comp is 0
Jan 15, 2015 6:21:45 PM org.ccnx.ccn.impl.sync.SliceComparator updateCurrent
O MAIS DETALHADO: Update compare: name from tree (expanded) is /ccnx.org/test/SyncTestRepo-15-01-15-18.20.23/ccnSyncTest/slice8/randomFile/=FD054B82F64FB2/=0039/%06lz1~=B3D2DBEC9563D686A5298FCA0F402451E99112A48F6B6BBE0059E6, name  is /ccnx.org/test/SyncTestRepo-15-01-15-18.20.23/ccnSyncTest/slice8/randomFile/=FD054B82F64FB2/=0039/%06lz1~=B3D2DBEC9563D686A5298FCA0F402451E99112A48F6B6BBE0059E6, comp is 0
Jan 15, 2015 6:21:45 PM org.ccnx.ccn.impl.sync.SliceComparator updateCurrent
O MAIS DETALHADO: Update compare: name from tree (expanded) is /ccnx.org/test/SyncTestRepo-15-01-15-18.20.23/ccnSyncTest/slice8/randomFile/=FD054B82F64FB2/=003A/=0CF3AD118DEB67E4CFD29EE40859C3FEFE54C1C2FF8A46B95C17F31E94C5D28C, name  is /ccnx.org/test/SyncTestRepo-15-01-15-18.20.23/ccnSyncTest/slice8/randomFile/=FD054B82F64FB2/=003A/=0CF3AD118DEB67E4CFD29EE40859C3FEFE54C1C2FF8A46B95C17F31E94C5D28C, comp is 0
Jan 15, 2015 6:21:45 PM org.ccnx.ccn.impl.sync.SliceComparator updateCurrent
O MAIS DETALHADO: Update compare - moving to: =091BEBEFAC8F5249F5D86992E07888885DD33FDBA5770CE1512A30F875C43ED52C
Jan 15, 2015 6:21:45 PM org.ccnx.ccn.impl.sync.SliceComparator updateCurrent
O MAIS DETALHADO: Update compare: name from tree (expanded) is /ccnx.org/test/SyncTestRepo-15-01-15-18.20.23/ccnSyncTest/slice8/randomFile/=FD054B82F64FB2/=003B/R=3E0E9BCEA222D8AD50948AA2F1DE4A4E8AED5C36A1CC0D980B014C17CC8891, name  is /ccnx.org/test/SyncTestRepo-15-01-15-18.20.23/ccnSyncTest/slice8/randomFile/=FD054B82F64FB2/=003B/R=3E0E9BCEA222D8AD50948AA2F1DE4A4E8AED5C36A1CC0D980B014C17CC8891, comp is 0
Jan 15, 2015 6:21:45 PM org.ccnx.ccn.impl.sync.SliceComparator updateCurrent
O MAIS DETALHADO: Update compare: name from tree (expanded) is /ccnx.org/test/SyncTestRepo-15-01-15-18.20.23/ccnSyncTest/slice8/randomFile/=FD054B82F64FB2/=003C/=28E06EA0BC63BD49CA2CED35116B6FF3C77544B81967760C53048EC274D41389, name  is /ccnx.org/test/SyncTestRepo-15-01-15-18.20.23/ccnSyncTest/slice8/randomFile/=FD054B82F64FB2/=003C/=28E06EA0BC63BD49CA2CED35116B6FF3C77544B81967760C53048EC274D41389, comp is 0
Jan 15, 2015 6:21:45 PM org.ccnx.ccn.impl.sync.SliceComparator updateCurrent
O MAIS DETALHADO: Update compare: name from tree (expanded) is /ccnx.org/test/SyncTestRepo-15-01-15-18.20.23/ccnSyncTest/slice8/randomFile/=FD054B82F64FB2/=003D/=A4104BA0504644705DB917215059C0AB6C0C131C39A7354AA5483EB8FC7C6DAF, name  is /ccnx.org/test/SyncTestRepo-15-01-15-18.20.23/ccnSyncTest/slice8/randomFile/=FD054B82F64FB2/=003D/=A4104BA0504644705DB917215059C0AB6C0C131C39A7354AA5483EB8FC7C6DAF, comp is 0
Jan 15, 2015 6:21:45 PM org.ccnx.ccn.impl.sync.SliceComparator updateCurrent
O MAIS DETALHADO: Update compare: name from tree (expanded) is /ccnx.org/test/SyncTestRepo-15-01-15-18.20.23/ccnSyncTest/slice8/randomFile/=FD054B82F64FB2/=003E/%94V=3E8C0FB73B8C4D5888ED0EB373E189EB1794F27607E1C2D3859E35DAEA00, name  is /ccnx.org/test/SyncTestRepo-15-01-15-18.20.23/ccnSyncTest/slice8/randomFile/=FD054B82F64FB2/=003E/%94V=3E8C0FB73B8C4D5888ED0EB373E189EB1794F27607E1C2D3859E35DAEA00, comp is 0
Jan 15, 2015 6:21:45 PM org.ccnx.ccn.impl.sync.SliceComparator updateCurrent
O MAIS DETALHADO: Update compare: name from tree (expanded) is /ccnx.org/test/SyncTestRepo-15-01-15-18.20.23/ccnSyncTest/slice8/randomFile/=FD054B82F64FB2/=003F/=23BCD9323D2EBB5213E24A6B1A685BBF959899D339A1FC8FDF1EF874258B9424, name  is /ccnx.org/test/SyncTestRepo-15-01-15-18.20.23/ccnSyncTest/slice8/randomFile/=FD054B82F64FB2/=003F/=23BCD9323D2EBB5213E24A6B1A685BBF959899D339A1FC8FDF1EF874258B9424, comp is 0
Jan 15, 2015 6:21:45 PM org.ccnx.ccn.impl.sync.SliceComparator updateCurrent
O MAIS DETALHADO: Update compare: name from tree (expanded) is /ccnx.org/test/SyncTestRepo-15-01-15-18.20.23/ccnSyncTest/slice8/randomFile/=FD054B82F64FB2/=0040/R=CCD8662C25C99FAAE74E2D2DF6CEB47F160FDA0EC667DF163593E9047DD03A, name  is /ccnx.org/test/SyncTestRepo-15-01-15-18.20.23/ccnSyncTest/slice8/randomFile/=FD054B82F64FB2/=0040/R=CCD8662C25C99FAAE74E2D2DF6CEB47F160FDA0EC667DF163593E9047DD03A, comp is 0
Jan 15, 2015 6:21:45 PM org.ccnx.ccn.impl.sync.SliceComparator updateCurrent
O MAIS DETALHADO: Update compare: name from tree (expanded) is /ccnx.org/test/SyncTestRepo-15-01-15-18.20.23/ccnSyncTest/slice8/randomFile/=FD054B82F64FB2/=0041/%10t=1A84DA5F152A7F2E0B93519802E61125B02E7862DA49FB89F982DB4FEE2B, name  is /ccnx.org/test/SyncTestRepo-15-01-15-18.20.23/ccnSyncTest/slice8/randomFile/=FD054B82F64FB2/=0041/%10t=1A84DA5F152A7F2E0B93519802E61125B02E7862DA49FB89F982DB4FEE2B, comp is 0
Jan 15, 2015 6:21:45 PM org.ccnx.ccn.impl.sync.SliceComparator updateCurrent
O MAIS DETALHADO: Update compare: name from tree (expanded) is /ccnx.org/test/SyncTestRepo-15-01-15-18.20.23/ccnSyncTest/slice8/randomFile/=FD054B82F64FB2/=0042/=8190B6EEA30E129D5C2C4A34023DD650C8C4584B31832C52EDDBDBB1455DF7F7, name  is /ccnx.org/test/SyncTestRepo-15-01-15-18.20.23/ccnSyncTest/slice8/randomFile/=FD054B82F64FB2/=0042/=8190B6EEA30E129D5C2C4A34023DD650C8C4584B31832C52EDDBDBB1455DF7F7, comp is 0
Jan 15, 2015 6:21:45 PM org.ccnx.ccn.impl.sync.SliceComparator updateCurrent
O MAIS DETALHADO: Update compare: name from tree (expanded) is /ccnx.org/test/SyncTestRepo-15-01-15-18.20.23/ccnSyncTest/slice8/randomFile/=FD054B82F64FB2/=0043/%81t=1C60AA60F57207E6DB4C4A304647BE8303E0EE1FDA696237245566B2FE9A, name  is /ccnx.org/test/SyncTestRepo-15-01-15-18.20.23/ccnSyncTest/slice8/randomFile/=FD054B82F64FB2/=0043/%81t=1C60AA60F57207E6DB4C4A304647BE8303E0EE1FDA696237245566B2FE9A, comp is 0
Jan 15, 2015 6:21:45 PM org.ccnx.ccn.impl.sync.SliceComparator updateCurrent
O MAIS DETALHADO: Update compare: name from tree (expanded) is /ccnx.org/test/SyncTestRepo-15-01-15-18.20.23/ccnSyncTest/slice8/randomFile/=FD054B82F64FB2/=0044/=DFE9AEAF0A4993C7D90D0109785943D36370C7F125D22D4F24A3794F6E1B6DD1, name  is /ccnx.org/test/SyncTestRepo-15-01-15-18.20.23/ccnSyncTest/slice8/randomFile/=FD054B82F64FB2/=0044/=DFE9AEAF0A4993C7D90D0109785943D36370C7F125D22D4F24A3794F6E1B6DD1, comp is 0
Jan 15, 2015 6:21:45 PM org.ccnx.ccn.impl.sync.SliceComparator updateCurrent
O MAIS DETALHADO: Update compare: name from tree (expanded) is /ccnx.org/test/SyncTestRepo-15-01-15-18.20.23/ccnSyncTest/slice8/randomFile/=FD054B82F64FB2/=0045/=90BCF2555BE5BCA0109763E09A8BA98D55809B4DB47E19F4ED0CD1AF8A5B1A12, name  is /ccnx.org/test/SyncTestRepo-15-01-15-18.20.23/ccnSyncTest/slice8/randomFile/=FD054B82F64FB2/=0045/=90BCF2555BE5BCA0109763E09A8BA98D55809B4DB47E19F4ED0CD1AF8A5B1A12, comp is 0
Jan 15, 2015 6:21:45 PM org.ccnx.ccn.impl.sync.SliceComparator updateCurrent
O MAIS DETALHADO: Update compare: name from tree (expanded) is /ccnx.org/test/SyncTestRepo-15-01-15-18.20.23/ccnSyncTest/slice8/randomFile/=FD054B82F64FB2/=0046/R=E1E4B34DC171A45E41556F8CE61E91A469A83CEDA1EB8816AA7DA5360026A0, name  is /ccnx.org/test/SyncTestRepo-15-01-15-18.20.23/ccnSyncTest/slice8/randomFile/=FD054B82F64FB2/=0046/R=E1E4B34DC171A45E41556F8CE61E91A469A83CEDA1EB8816AA7DA5360026A0, comp is 0
Jan 15, 2015 6:21:45 PM org.ccnx.ccn.impl.sync.SliceComparator updateCurrent
O MAIS DETALHADO: Update compare: name from tree (expanded) is /ccnx.org/test/SyncTestRepo-15-01-15-18.20.23/ccnSyncTest/slice8/randomFile/=FD054B82F64FB2/=0047/=BB8B6E278FE1428B2C20025ADD0B2E4D992411DBAE26EB495EA686E7BDE607A2, name  is /ccnx.org/test/SyncTestRepo-15-01-15-18.20.23/ccnSyncTest/slice8/randomFile/=FD054B82F64FB2/=0047/=BB8B6E278FE1428B2C20025ADD0B2E4D992411DBAE26EB495EA686E7BDE607A2, comp is 0
Jan 15, 2015 6:21:45 PM org.ccnx.ccn.impl.sync.SliceComparator updateCurrent
O MAIS DETALHADO: Update compare: name from tree (expanded) is /ccnx.org/test/SyncTestRepo-15-01-15-18.20.23/ccnSyncTest/slice8/randomFile/=FD054B82F64FB2/=0048/L=9DA3904B199F9A4697EFAE7466809B7EE7D1D6DA5C88B94EFDFB3FD0B4CAEC, name  is /ccnx.org/test/SyncTestRepo-15-01-15-18.20.23/ccnSyncTest/slice8/randomFile/=FD054B82F64FB2/=0048/L=9DA3904B199F9A4697EFAE7466809B7EE7D1D6DA5C88B94EFDFB3FD0B4CAEC, comp is 0
Jan 15, 2015 6:21:45 PM org.ccnx.ccn.impl.sync.SliceComparator updateCurrent
O MAIS DETALHADO: Update compare: name from tree (expanded) is /ccnx.org/test/SyncTestRepo-15-01-15-18.20.23/ccnSyncTest/slice8/randomFile/=FD054B82F64FB2/=0049/4=3ECE355126C3A597087105C2CC92396BDBC378588C8F2F58C5EB42168F2854, name  is /ccnx.org/test/SyncTestRepo-15-01-15-18.20.23/ccnSyncTest/slice8/randomFile/=FD054B82F64FB2/=0049/4=3ECE355126C3A597087105C2CC92396BDBC378588C8F2F58C5EB42168F2854, comp is 0
Jan 15, 2015 6:21:45 PM org.ccnx.ccn.impl.sync.SliceComparator updateCurrent
O MAIS DETALHADO: Update compare: name from tree (expanded) is /ccnx.org/test/SyncTestRepo-15-01-15-18.20.23/ccnSyncTest/slice8/randomFile/=FD054B82F64FB2/=004A/%7Cc=B5826D90092C18D3E8D1577E1ED104271D1646A4E851D2A267A79F77FFE4, name  is /ccnx.org/test/SyncTestRepo-15-01-15-18.20.23/ccnSyncTest/slice8/randomFile/=FD054B82F64FB2/=004A/%7Cc=B5826D90092C18D3E8D1577E1ED104271D1646A4E851D2A267A79F77FFE4, comp is 0
Jan 15, 2015 6:21:45 PM org.ccnx.ccn.impl.sync.SliceComparator updateCurrent
O MAIS DETALHADO: Update compare: name from tree (expanded) is /ccnx.org/test/SyncTestRepo-15-01-15-18.20.23/ccnSyncTest/slice8/randomFile/=FD054B82F64FB2/=004B/=149DA0090E0FFBE4C9CBC6D7EC7B3B0F4EC5BEDE4C30DFE63BF7AB3E2F8C2C16, name  is /ccnx.org/test/SyncTestRepo-15-01-15-18.20.23/ccnSyncTest/slice8/randomFile/=FD054B82F64FB2/=004B/=149DA0090E0FFBE4C9CBC6D7EC7B3B0F4EC5BEDE4C30DFE63BF7AB3E2F8C2C16, comp is 0
Jan 15, 2015 6:21:45 PM org.ccnx.ccn.impl.sync.SliceComparator updateCurrent
O MAIS DETALHADO: Update compare: name from tree (expanded) is /ccnx.org/test/SyncTestRepo-15-01-15-18.20.23/ccnSyncTest/slice8/randomFile/=FD054B82F64FB2/=004C/Z=3BFB108465874CAAF2BEDA4329E7E92731E59C071D791969AE5704306F97E4, name  is /ccnx.org/test/SyncTestRepo-15-01-15-18.20.23/ccnSyncTest/slice8/randomFile/=FD054B82F64FB2/=004C/Z=3BFB108465874CAAF2BEDA4329E7E92731E59C071D791969AE5704306F97E4, comp is 0
Jan 15, 2015 6:21:45 PM org.ccnx.ccn.impl.sync.SliceComparator updateCurrent
O MAIS DETALHADO: Update compare: name from tree (expanded) is /ccnx.org/test/SyncTestRepo-15-01-15-18.20.23/ccnSyncTest/slice8/randomFile/=FD054B82F64FB2/=004D/22%A8b=1EF253702F39397703716AC6E66D19D60D6A36488358EDD6E5641AB7, name  is /ccnx.org/test/SyncTestRepo-15-01-15-18.20.23/ccnSyncTest/slice8/randomFile/=FD054B82F64FB2/=004D/22%A8b=1EF253702F39397703716AC6E66D19D60D6A36488358EDD6E5641AB7, comp is 0
Jan 15, 2015 6:21:45 PM org.ccnx.ccn.impl.sync.SliceComparator updateCurrent
O MAIS DETALHADO: Update compare: name from tree (expanded) is /ccnx.org/test/SyncTestRepo-15-01-15-18.20.23/ccnSyncTest/slice8/randomFile/=FD054B82F64FB2/=004E/%C39=F4001A99C451A93F7C09ADEBB6E37FC961441C86658CA0944A4B86DF6FB9, name  is /ccnx.org/test/SyncTestRepo-15-01-15-18.20.23/ccnSyncTest/slice8/randomFile/=FD054B82F64FB2/=004E/%C39=F4001A99C451A93F7C09ADEBB6E37FC961441C86658CA0944A4B86DF6FB9, comp is 0
Jan 15, 2015 6:21:45 PM org.ccnx.ccn.impl.sync.SliceComparator updateCurrent
O MAIS DETALHADO: Update compare: name from tree (expanded) is /ccnx.org/test/SyncTestRepo-15-01-15-18.20.23/ccnSyncTest/slice8/randomFile/=FD054B82F64FB2/=004F/=8108FD2A30C4AA4DFAD437D070F40B5239D38AE9823F8757C41798FF20022CDD, name  is /ccnx.org/test/SyncTestRepo-15-01-15-18.20.23/ccnSyncTest/slice8/randomFile/=FD054B82F64FB2/=004F/=8108FD2A30C4AA4DFAD437D070F40B5239D38AE9823F8757C41798FF20022CDD, comp is 0
Jan 15, 2015 6:21:45 PM org.ccnx.ccn.impl.sync.SliceComparator updateCurrent
O MAIS DETALHADO: Update compare: name from tree (expanded) is /ccnx.org/test/SyncTestRepo-15-01-15-18.20.23/ccnSyncTest/slice8/randomFile/=FD054B82F64FB2/=0050/b%85A%EFp=82AAB610CDC23CAEDF852404B4CBCF73D6BF555C4F740D9624821E, name  is /ccnx.org/test/SyncTestRepo-15-01-15-18.20.23/ccnSyncTest/slice8/randomFile/=FD054B82F64FB2/=0050/b%85A%EFp=82AAB610CDC23CAEDF852404B4CBCF73D6BF555C4F740D9624821E, comp is 0
Jan 15, 2015 6:21:45 PM org.ccnx.ccn.impl.sync.SliceComparator updateCurrent
O MAIS DETALHADO: Update compare: name from tree (expanded) is /ccnx.org/test/SyncTestRepo-15-01-15-18.20.23/ccnSyncTest/slice8/randomFile/=FD054B82F64FB2/=0051/=1A3BB71A5840E6B0507C6BEC725B7AA11A0C82CDB77BC2C3AAB239025E5DF19B, name  is /ccnx.org/test/SyncTestRepo-15-01-15-18.20.23/ccnSyncTest/slice8/randomFile/=FD054B82F64FB2/=0051/=1A3BB71A5840E6B0507C6BEC725B7AA11A0C82CDB77BC2C3AAB239025E5DF19B, comp is 0
Jan 15, 2015 6:21:45 PM org.ccnx.ccn.impl.sync.SliceComparator updateCurrent
O MAIS DETALHADO: Update compare - moving to: =0AAAEA9359AC64A9975BA190713825C071B97E4F236C5FF204FAE2EBC435CC567F
Jan 15, 2015 6:21:45 PM org.ccnx.ccn.impl.sync.SliceComparator updateCurrent
O MAIS DETALHADO: Update compare: name from tree (expanded) is /ccnx.org/test/SyncTestRepo-15-01-15-18.20.23/ccnSyncTest/slice8/randomFile/=FD054B82F64FB2/=0052/=F582886A1087B833B718C1BB0C282772A719277A84EC44DE18C7809693FFBCFD, name  is /ccnx.org/test/SyncTestRepo-15-01-15-18.20.23/ccnSyncTest/slice8/randomFile/=FD054B82F64FB2/=0052/=F582886A1087B833B718C1BB0C282772A719277A84EC44DE18C7809693FFBCFD, comp is 0
Jan 15, 2015 6:21:45 PM org.ccnx.ccn.impl.sync.SliceComparator updateCurrent
O MAIS DETALHADO: Update compare: name from tree (expanded) is /ccnx.org/test/SyncTestRepo-15-01-15-18.20.23/ccnSyncTest/slice8/randomFile/=FD054B82F64FB2/=0053/=C2FFB2F4288E9013AD6ACF298CC199034BB3B2857BCB720D5675540CADCD137E, name  is /ccnx.org/test/SyncTestRepo-15-01-15-18.20.23/ccnSyncTest/slice8/randomFile/=FD054B82F64FB2/=0053/=C2FFB2F4288E9013AD6ACF298CC199034BB3B2857BCB720D5675540CADCD137E, comp is 0
Jan 15, 2015 6:21:45 PM org.ccnx.ccn.impl.sync.SliceComparator updateCurrent
O MAIS DETALHADO: Update compare: name from tree (expanded) is /ccnx.org/test/SyncTestRepo-15-01-15-18.20.23/ccnSyncTest/slice8/randomFile/=FD054B82F64FB2/=0054/=8A85722B592812A07009E841B5ABBE46B4A5DDB5385A8783CEBCE1964E412B96, name  is /ccnx.org/test/SyncTestRepo-15-01-15-18.20.23/ccnSyncTest/slice8/randomFile/=FD054B82F64FB2/=0054/=8A85722B592812A07009E841B5ABBE46B4A5DDB5385A8783CEBCE1964E412B96, comp is 0
Jan 15, 2015 6:21:45 PM org.ccnx.ccn.impl.sync.SliceComparator updateCurrent
O MAIS DETALHADO: Update compare: name from tree (expanded) is /ccnx.org/test/SyncTestRepo-15-01-15-18.20.23/ccnSyncTest/slice8/randomFile/=FD054B82F64FB2/=0055/%9Do=830B9D13F68F598970505CAC9A71FC2BF18C69FBC188F3B579034AE253B0, name  is /ccnx.org/test/SyncTestRepo-15-01-15-18.20.23/ccnSyncTest/slice8/randomFile/=FD054B82F64FB2/=0055/%9Do=830B9D13F68F598970505CAC9A71FC2BF18C69FBC188F3B579034AE253B0, comp is 0
Jan 15, 2015 6:21:45 PM org.ccnx.ccn.impl.sync.SliceComparator updateCurrent
O MAIS DETALHADO: Update compare: name from tree (expanded) is /ccnx.org/test/SyncTestRepo-15-01-15-18.20.23/ccnSyncTest/slice8/randomFile/=FD054B82F64FB2/=0056/=3CA6008F548A819D7BE83948B97D551C18F6871D4EC77AB984BBD09111E3C316, name  is /ccnx.org/test/SyncTestRepo-15-01-15-18.20.23/ccnSyncTest/slice8/randomFile/=FD054B82F64FB2/=0056/=3CA6008F548A819D7BE83948B97D551C18F6871D4EC77AB984BBD09111E3C316, comp is 0
Jan 15, 2015 6:21:45 PM org.ccnx.ccn.impl.sync.SliceComparator updateCurrent
O MAIS DETALHADO: Update compare: name from tree (expanded) is /ccnx.org/test/SyncTestRepo-15-01-15-18.20.23/ccnSyncTest/slice8/randomFile/=FD054B82F64FB2/=0057/%22gx=89BBBF15DD4F268729931ACDB2706762DD580112A8E091A6F4FB7AEE3B, name  is /ccnx.org/test/SyncTestRepo-15-01-15-18.20.23/ccnSyncTest/slice8/randomFile/=FD054B82F64FB2/=0057/%22gx=89BBBF15DD4F268729931ACDB2706762DD580112A8E091A6F4FB7AEE3B, comp is 0
Jan 15, 2015 6:21:45 PM org.ccnx.ccn.impl.sync.SliceComparator updateCurrent
O MAIS DETALHADO: Update compare: name from tree (expanded) is /ccnx.org/test/SyncTestRepo-15-01-15-18.20.23/ccnSyncTest/slice8/randomFile/=FD054B82F64FB2/=0058/=08B22DDB9A650507D36864101C300CF42B443CA75558DE3B4DB55C5CA8701867, name  is /ccnx.org/test/SyncTestRepo-15-01-15-18.20.23/ccnSyncTest/slice8/randomFile/=FD054B82F64FB2/=0058/=08B22DDB9A650507D36864101C300CF42B443CA75558DE3B4DB55C5CA8701867, comp is 0
Jan 15, 2015 6:21:45 PM org.ccnx.ccn.impl.sync.SliceComparator updateCurrent
O MAIS DETALHADO: Update compare: name from tree (expanded) is /ccnx.org/test/SyncTestRepo-15-01-15-18.20.23/ccnSyncTest/slice8/randomFile/=FD054B82F64FB2/=0059/=F11F4538BEEE92154075A59AFDEF04E410E8A823AA3B9BF9BB138B36583338FE, name  is /ccnx.org/test/SyncTestRepo-15-01-15-18.20.23/ccnSyncTest/slice8/randomFile/=FD054B82F64FB2/=0059/=F11F4538BEEE92154075A59AFDEF04E410E8A823AA3B9BF9BB138B36583338FE, comp is 0
Jan 15, 2015 6:21:45 PM org.ccnx.ccn.impl.sync.SliceComparator updateCurrent
O MAIS DETALHADO: Update compare: name from tree (expanded) is /ccnx.org/test/SyncTestRepo-15-01-15-18.20.23/ccnSyncTest/slice8/randomFile/=FD054B82F64FB2/=005A/=FFDC1671C6768C858BA8875AAA372C497A2AC9FCAD824C4C7AD14ED6D595F4D4, name  is /ccnx.org/test/SyncTestRepo-15-01-15-18.20.23/ccnSyncTest/slice8/randomFile/=FD054B82F64FB2/=005A/=FFDC1671C6768C858BA8875AAA372C497A2AC9FCAD824C4C7AD14ED6D595F4D4, comp is 0
Jan 15, 2015 6:21:45 PM org.ccnx.ccn.impl.sync.SliceComparator updateCurrent
O MAIS DETALHADO: Update compare: name from tree (expanded) is /ccnx.org/test/SyncTestRepo-15-01-15-18.20.23/ccnSyncTest/slice8/randomFile/=FD054B82F64FB2/=005B/Q=B128509C4066941BAE4C6B60ED5A04260FD46C98847B8322AB42824488D8B5, name  is /ccnx.org/test/SyncTestRepo-15-01-15-18.20.23/ccnSyncTest/slice8/randomFile/=FD054B82F64FB2/=005B/Q=B128509C4066941BAE4C6B60ED5A04260FD46C98847B8322AB42824488D8B5, comp is 0
Jan 15, 2015 6:21:45 PM org.ccnx.ccn.impl.sync.SliceComparator updateCurrent
O MAIS DETALHADO: Update compare: name from tree (expanded) is /ccnx.org/test/SyncTestRepo-15-01-15-18.20.23/ccnSyncTest/slice8/randomFile/=FD054B82F64FB2/=005C/=FAF2B5DCCF5A1C02B78F2AAB69A08EF51198A188B1E7C34081886CBB86251224, name  is /ccnx.org/test/SyncTestRepo-15-01-15-18.20.23/ccnSyncTest/slice8/randomFile/=FD054B82F64FB2/=005C/=FAF2B5DCCF5A1C02B78F2AAB69A08EF51198A188B1E7C34081886CBB86251224, comp is 0
Jan 15, 2015 6:21:45 PM org.ccnx.ccn.impl.sync.SliceComparator updateCurrent
O MAIS DETALHADO: Update compare: name from tree (expanded) is /ccnx.org/test/SyncTestRepo-15-01-15-18.20.23/ccnSyncTest/slice8/randomFile/=FD054B82F64FB2/=005D/%A3C=A8D3051742A4F23BF76714CDD116EDCAF873A27A51C6F1ECAAF180E5EBF5, name  is /ccnx.org/test/SyncTestRepo-15-01-15-18.20.23/ccnSyncTest/slice8/randomFile/=FD054B82F64FB2/=005D/%A3C=A8D3051742A4F23BF76714CDD116EDCAF873A27A51C6F1ECAAF180E5EBF5, comp is 0
Jan 15, 2015 6:21:45 PM org.ccnx.ccn.impl.sync.SliceComparator updateCurrent
O MAIS DETALHADO: Update compare: name from tree (expanded) is /ccnx.org/test/SyncTestRepo-15-01-15-18.20.23/ccnSyncTest/slice8/randomFile/=FD054B82F64FB2/=005E/%A11Z4F=AEF4D95B1A34674E97D9D8C1F5271DE1B2A8289D62F1585C3FE678, name  is /ccnx.org/test/SyncTestRepo-15-01-15-18.20.23/ccnSyncTest/slice8/randomFile/=FD054B82F64FB2/=005E/%A11Z4F=AEF4D95B1A34674E97D9D8C1F5271DE1B2A8289D62F1585C3FE678, comp is 0
Jan 15, 2015 6:21:45 PM org.ccnx.ccn.impl.sync.SliceComparator updateCurrent
O MAIS DETALHADO: Update compare: name from tree (expanded) is /ccnx.org/test/SyncTestRepo-15-01-15-18.20.23/ccnSyncTest/slice8/randomFile/=FD054B82F64FB2/=005F/=2BFC7997F51D5AA4095E7C7CAD8A56B9F16FFAFB52ACF4516AEE779BAD69E732, name  is /ccnx.org/test/SyncTestRepo-15-01-15-18.20.23/ccnSyncTest/slice8/randomFile/=FD054B82F64FB2/=005F/=2BFC7997F51D5AA4095E7C7CAD8A56B9F16FFAFB52ACF4516AEE779BAD69E732, comp is 0
Jan 15, 2015 6:21:45 PM org.ccnx.ccn.impl.sync.SliceComparator updateCurrent
O MAIS DETALHADO: Update compare: name from tree (expanded) is /ccnx.org/test/SyncTestRepo-15-01-15-18.20.23/ccnSyncTest/slice8/randomFile/=FD054B82F64FB2/=0060/=9560AAAFC4047888FD463B1517660491B8AF7976BD79D7E82AB4E89EF4493898, name  is /ccnx.org/test/SyncTestRepo-15-01-15-18.20.23/ccnSyncTest/slice8/randomFile/=FD054B82F64FB2/=0060/=9560AAAFC4047888FD463B1517660491B8AF7976BD79D7E82AB4E89EF4493898, comp is 0
Jan 15, 2015 6:21:45 PM org.ccnx.ccn.impl.sync.SliceComparator updateCurrent
O MAIS DETALHADO: Update compare: name from tree (expanded) is /ccnx.org/test/SyncTestRepo-15-01-15-18.20.23/ccnSyncTest/slice8/randomFile/=FD054B82F64FB2/=0061/=DA96A2C5BE3F91404E8584DB014C61FD234A4977DB20F57291C70B3CB830A793, name  is /ccnx.org/test/SyncTestRepo-15-01-15-18.20.23/ccnSyncTest/slice8/randomFile/=FD054B82F64FB2/=0061/=DA96A2C5BE3F91404E8584DB014C61FD234A4977DB20F57291C70B3CB830A793, comp is 0
Jan 15, 2015 6:21:45 PM org.ccnx.ccn.impl.sync.SliceComparator updateCurrent
O MAIS DETALHADO: Update compare: name from tree (expanded) is /ccnx.org/test/SyncTestRepo-15-01-15-18.20.23/ccnSyncTest/slice8/randomFile/=FD054B82F64FB2/=0062/=F9E4777D18F4899D6309C1AF2F9951585186B28B803771770A5FA56300072E6D, name  is /ccnx.org/test/SyncTestRepo-15-01-15-18.20.23/ccnSyncTest/slice8/randomFile/=FD054B82F64FB2/=0062/=F9E4777D18F4899D6309C1AF2F9951585186B28B803771770A5FA56300072E6D, comp is 0
Jan 15, 2015 6:21:45 PM org.ccnx.ccn.impl.sync.SliceComparator updateCurrent
O MAIS DETALHADO: Update compare: name from tree (expanded) is /ccnx.org/test/SyncTestRepo-15-01-15-18.20.23/ccnSyncTest/slice8/randomFile/=FD054B82F64FB2/=0063/%08CUZ%5Em=1C29EA70F0DE742BEFD85A89D22701BFF44BC5936763F0BDB6C1, name  is /ccnx.org/test/SyncTestRepo-15-01-15-18.20.23/ccnSyncTest/slice8/randomFile/=FD054B82F64FB2/=0063/%08CUZ%5Em=1C29EA70F0DE742BEFD85A89D22701BFF44BC5936763F0BDB6C1, comp is 0
Jan 15, 2015 6:21:45 PM org.ccnx.ccn.impl.sync.SliceComparator updateCurrent
O MAIS DETALHADO: Update compare: name from tree (expanded) is /ccnx.org/test/SyncTestRepo-15-01-15-18.20.23/ccnSyncTest/slice8/randomFile/=FD054B82F64FB2/%C1.META.M/.header/=FD054B82F650D1/=00/B=83EB0BA6DAD8B8FFBCC3A2E3FFB3F0754734FC399A3E06B56B4AD184C7A563, name  is /ccnx.org/test/SyncTestRepo-15-01-15-18.20.23/ccnSyncTest/slice8/randomFile/=FD054B82F64FB2/%C1.META.M/.header/=FD054B82F650D1/=00/B=83EB0BA6DAD8B8FFBCC3A2E3FFB3F0754734FC399A3E06B56B4AD184C7A563, comp is 0
Jan 15, 2015 6:21:46 PM org.ccnx.ccn.profiles.sync.SyncTestRepo checkCallbacks
DETALHADO: got segment 20
Jan 15, 2015 6:21:46 PM org.ccnx.ccn.profiles.sync.SyncTestRepo checkCallbacks
DETALHADO: received: [true, false, false, false, false, false, false, false, false, false, false, false, false, false, false, false, false, false, false, false, false, false, false, false, false, false, false, false, false, false, false, false, false, false, false, false, false, false, false, false, false, false, false, false, false, false, false, false, false, false, false, false, false, false, false, false, false, false, false, false, false, false, false, false, false, false, false, false, false, false, false, false, false, false, false, false, false, false, false, false, false] finished: [true, true, true, true, true, true, true, true, true, true, true, true, true, true, true, true, true, true, true, true, true, true, true, true, true, true, true, true, true, true, true, true, true, true, true, true, true, true, true, true, true, true, true, true, true, true, true, true, true, true, true, true, true, true, true, true, true, true, true, true, true, true, true, true, true, true, true, true, true, true, true, true, true, true, true, true, true, true, true, true, true]
Jan 15, 2015 6:21:46 PM org.ccnx.ccn.profiles.sync.SyncTestRepo checkCallbacks
DETALHADO: got segment 21
Jan 15, 2015 6:21:46 PM org.ccnx.ccn.profiles.sync.SyncTestRepo checkCallbacks
DETALHADO: received: [true, true, false, false, false, false, false, false, false, false, false, false, false, false, false, false, false, false, false, false, false, false, false, false, false, false, false, false, false, false, false, false, false, false, false, false, false, false, false, false, false, false, false, false, false, false, false, false, false, false, false, false, false, false, false, false, false, false, false, false, false, false, false, false, false, false, false, false, false, false, false, false, false, false, false, false, false, false, false, false, false] finished: [true, true, true, true, true, true, true, true, true, true, true, true, true, true, true, true, true, true, true, true, true, true, true, true, true, true, true, true, true, true, true, true, true, true, true, true, true, true, true, true, true, true, true, true, true, true, true, true, true, true, true, true, true, true, true, true, true, true, true, true, true, true, true, true, true, true, true, true, true, true, true, true, true, true, true, true, true, true, true, true, true]
Jan 15, 2015 6:21:46 PM org.ccnx.ccn.profiles.sync.SyncTestRepo checkCallbacks
DETALHADO: got segment 22
Jan 15, 2015 6:21:46 PM org.ccnx.ccn.profiles.sync.SyncTestRepo checkCallbacks
DETALHADO: received: [true, true, true, false, false, false, false, false, false, false, false, false, false, false, false, false, false, false, false, false, false, false, false, false, false, false, false, false, false, false, false, false, false, false, false, false, false, false, false, false, false, false, false, false, false, false, false, false, false, false, false, false, false, false, false, false, false, false, false, false, false, false, false, false, false, false, false, false, false, false, false, false, false, false, false, false, false, false, false, false, false] finished: [true, true, true, true, true, true, true, true, true, true, true, true, true, true, true, true, true, true, true, true, true, true, true, true, true, true, true, true, true, true, true, true, true, true, true, true, true, true, true, true, true, true, true, true, true, true, true, true, true, true, true, true, true, true, true, true, true, true, true, true, true, true, true, true, true, true, true, true, true, true, true, true, true, true, true, true, true, true, true, true, true]
Jan 15, 2015 6:21:46 PM org.ccnx.ccn.profiles.sync.SyncTestRepo checkCallbacks
DETALHADO: got segment 23
Jan 15, 2015 6:21:46 PM org.ccnx.ccn.profiles.sync.SyncTestRepo checkCallbacks
DETALHADO: received: [true, true, true, true, false, false, false, false, false, false, false, false, false, false, false, false, false, false, false, false, false, false, false, false, false, false, false, false, false, false, false, false, false, false, false, false, false, false, false, false, false, false, false, false, false, false, false, false, false, false, false, false, false, false, false, false, false, false, false, false, false, false, false, false, false, false, false, false, false, false, false, false, false, false, false, false, false, false, false, false, false] finished: [true, true, true, true, true, true, true, true, true, true, true, true, true, true, true, true, true, true, true, true, true, true, true, true, true, true, true, true, true, true, true, true, true, true, true, true, true, true, true, true, true, true, true, true, true, true, true, true, true, true, true, true, true, true, true, true, true, true, true, true, true, true, true, true, true, true, true, true, true, true, true, true, true, true, true, true, true, true, true, true, true]
Jan 15, 2015 6:21:46 PM org.ccnx.ccn.profiles.sync.SyncTestRepo checkCallbacks
DETALHADO: got segment 24
Jan 15, 2015 6:21:46 PM org.ccnx.ccn.profiles.sync.SyncTestRepo checkCallbacks
DETALHADO: received: [true, true, true, true, true, false, false, false, false, false, false, false, false, false, false, false, false, false, false, false, false, false, false, false, false, false, false, false, false, false, false, false, false, false, false, false, false, false, false, false, false, false, false, false, false, false, false, false, false, false, false, false, false, false, false, false, false, false, false, false, false, false, false, false, false, false, false, false, false, false, false, false, false, false, false, false, false, false, false, false, false] finished: [true, true, true, true, true, true, true, true, true, true, true, true, true, true, true, true, true, true, true, true, true, true, true, true, true, true, true, true, true, true, true, true, true, true, true, true, true, true, true, true, true, true, true, true, true, true, true, true, true, true, true, true, true, true, true, true, true, true, true, true, true, true, true, true, true, true, true, true, true, true, true, true, true, true, true, true, true, true, true, true, true]
Jan 15, 2015 6:21:46 PM org.ccnx.ccn.profiles.sync.SyncTestRepo checkCallbacks
DETALHADO: got segment 25
Jan 15, 2015 6:21:46 PM org.ccnx.ccn.profiles.sync.SyncTestRepo checkCallbacks
DETALHADO: received: [true, true, true, true, true, true, false, false, false, false, false, false, false, false, false, false, false, false, false, false, false, false, false, false, false, false, false, false, false, false, false, false, false, false, false, false, false, false, false, false, false, false, false, false, false, false, false, false, false, false, false, false, false, false, false, false, false, false, false, false, false, false, false, false, false, false, false, false, false, false, false, false, false, false, false, false, false, false, false, false, false] finished: [true, true, true, true, true, true, true, true, true, true, true, true, true, true, true, true, true, true, true, true, true, true, true, true, true, true, true, true, true, true, true, true, true, true, true, true, true, true, true, true, true, true, true, true, true, true, true, true, true, true, true, true, true, true, true, true, true, true, true, true, true, true, true, true, true, true, true, true, true, true, true, true, true, true, true, true, true, true, true, true, true]
Jan 15, 2015 6:21:46 PM org.ccnx.ccn.profiles.sync.SyncTestRepo checkCallbacks
DETALHADO: got segment 26
Jan 15, 2015 6:21:46 PM org.ccnx.ccn.profiles.sync.SyncTestRepo checkCallbacks
DETALHADO: received: [true, true, true, true, true, true, true, false, false, false, false, false, false, false, false, false, false, false, false, false, false, false, false, false, false, false, false, false, false, false, false, false, false, false, false, false, false, false, false, false, false, false, false, false, false, false, false, false, false, false, false, false, false, false, false, false, false, false, false, false, false, false, false, false, false, false, false, false, false, false, false, false, false, false, false, false, false, false, false, false, false] finished: [true, true, true, true, true, true, true, true, true, true, true, true, true, true, true, true, true, true, true, true, true, true, true, true, true, true, true, true, true, true, true, true, true, true, true, true, true, true, true, true, true, true, true, true, true, true, true, true, true, true, true, true, true, true, true, true, true, true, true, true, true, true, true, true, true, true, true, true, true, true, true, true, true, true, true, true, true, true, true, true, true]
Jan 15, 2015 6:21:46 PM org.ccnx.ccn.profiles.sync.SyncTestRepo checkCallbacks
DETALHADO: got segment 27
Jan 15, 2015 6:21:46 PM org.ccnx.ccn.profiles.sync.SyncTestRepo checkCallbacks
DETALHADO: received: [true, true, true, true, true, true, true, true, false, false, false, false, false, false, false, false, false, false, false, false, false, false, false, false, false, false, false, false, false, false, false, false, false, false, false, false, false, false, false, false, false, false, false, false, false, false, false, false, false, false, false, false, false, false, false, false, false, false, false, false, false, false, false, false, false, false, false, false, false, false, false, false, false, false, false, false, false, false, false, false, false] finished: [true, true, true, true, true, true, true, true, true, true, true, true, true, true, true, true, true, true, true, true, true, true, true, true, true, true, true, true, true, true, true, true, true, true, true, true, true, true, true, true, true, true, true, true, true, true, true, true, true, true, true, true, true, true, true, true, true, true, true, true, true, true, true, true, true, true, true, true, true, true, true, true, true, true, true, true, true, true, true, true, true]
Jan 15, 2015 6:21:46 PM org.ccnx.ccn.profiles.sync.SyncTestRepo checkCallbacks
DETALHADO: got segment 28
Jan 15, 2015 6:21:46 PM org.ccnx.ccn.profiles.sync.SyncTestRepo checkCallbacks
DETALHADO: received: [true, true, true, true, true, true, true, true, true, false, false, false, false, false, false, false, false, false, false, false, false, false, false, false, false, false, false, false, false, false, false, false, false, false, false, false, false, false, false, false, false, false, false, false, false, false, false, false, false, false, false, false, false, false, false, false, false, false, false, false, false, false, false, false, false, false, false, false, false, false, false, false, false, false, false, false, false, false, false, false, false] finished: [true, true, true, true, true, true, true, true, true, true, true, true, true, true, true, true, true, true, true, true, true, true, true, true, true, true, true, true, true, true, true, true, true, true, true, true, true, true, true, true, true, true, true, true, true, true, true, true, true, true, true, true, true, true, true, true, true, true, true, true, true, true, true, true, true, true, true, true, true, true, true, true, true, true, true, true, true, true, true, true, true]
Jan 15, 2015 6:21:46 PM org.ccnx.ccn.profiles.sync.SyncTestRepo checkCallbacks
DETALHADO: got segment 29
Jan 15, 2015 6:21:46 PM org.ccnx.ccn.profiles.sync.SyncTestRepo checkCallbacks
DETALHADO: received: [true, true, true, true, true, true, true, true, true, true, false, false, false, false, false, false, false, false, false, false, false, false, false, false, false, false, false, false, false, false, false, false, false, false, false, false, false, false, false, false, false, false, false, false, false, false, false, false, false, false, false, false, false, false, false, false, false, false, false, false, false, false, false, false, false, false, false, false, false, false, false, false, false, false, false, false, false, false, false, false, false] finished: [true, true, true, true, true, true, true, true, true, true, true, true, true, true, true, true, true, true, true, true, true, true, true, true, true, true, true, true, true, true, true, true, true, true, true, true, true, true, true, true, true, true, true, true, true, true, true, true, true, true, true, true, true, true, true, true, true, true, true, true, true, true, true, true, true, true, true, true, true, true, true, true, true, true, true, true, true, true, true, true, true]
Jan 15, 2015 6:21:46 PM org.ccnx.ccn.profiles.sync.SyncTestRepo checkCallbacks
DETALHADO: got segment 30
Jan 15, 2015 6:21:46 PM org.ccnx.ccn.profiles.sync.SyncTestRepo checkCallbacks
DETALHADO: received: [true, true, true, true, true, true, true, true, true, true, true, false, false, false, false, false, false, false, false, false, false, false, false, false, false, false, false, false, false, false, false, false, false, false, false, false, false, false, false, false, false, false, false, false, false, false, false, false, false, false, false, false, false, false, false, false, false, false, false, false, false, false, false, false, false, false, false, false, false, false, false, false, false, false, false, false, false, false, false, false, false] finished: [true, true, true, true, true, true, true, true, true, true, true, true, true, true, true, true, true, true, true, true, true, true, true, true, true, true, true, true, true, true, true, true, true, true, true, true, true, true, true, true, true, true, true, true, true, true, true, true, true, true, true, true, true, true, true, true, true, true, true, true, true, true, true, true, true, true, true, true, true, true, true, true, true, true, true, true, true, true, true, true, true]
Jan 15, 2015 6:21:46 PM org.ccnx.ccn.profiles.sync.SyncTestRepo checkCallbacks
DETALHADO: got segment 31
Jan 15, 2015 6:21:46 PM org.ccnx.ccn.profiles.sync.SyncTestRepo checkCallbacks
DETALHADO: received: [true, true, true, true, true, true, true, true, true, true, true, true, false, false, false, false, false, false, false, false, false, false, false, false, false, false, false, false, false, false, false, false, false, false, false, false, false, false, false, false, false, false, false, false, false, false, false, false, false, false, false, false, false, false, false, false, false, false, false, false, false, false, false, false, false, false, false, false, false, false, false, false, false, false, false, false, false, false, false, false, false] finished: [true, true, true, true, true, true, true, true, true, true, true, true, true, true, true, true, true, true, true, true, true, true, true, true, true, true, true, true, true, true, true, true, true, true, true, true, true, true, true, true, true, true, true, true, true, true, true, true, true, true, true, true, true, true, true, true, true, true, true, true, true, true, true, true, true, true, true, true, true, true, true, true, true, true, true, true, true, true, true, true, true]
Jan 15, 2015 6:21:46 PM org.ccnx.ccn.profiles.sync.SyncTestRepo checkCallbacks
DETALHADO: got segment 32
Jan 15, 2015 6:21:46 PM org.ccnx.ccn.profiles.sync.SyncTestRepo checkCallbacks
DETALHADO: received: [true, true, true, true, true, true, true, true, true, true, true, true, true, false, false, false, false, false, false, false, false, false, false, false, false, false, false, false, false, false, false, false, false, false, false, false, false, false, false, false, false, false, false, false, false, false, false, false, false, false, false, false, false, false, false, false, false, false, false, false, false, false, false, false, false, false, false, false, false, false, false, false, false, false, false, false, false, false, false, false, false] finished: [true, true, true, true, true, true, true, true, true, true, true, true, true, true, true, true, true, true, true, true, true, true, true, true, true, true, true, true, true, true, true, true, true, true, true, true, true, true, true, true, true, true, true, true, true, true, true, true, true, true, true, true, true, true, true, true, true, true, true, true, true, true, true, true, true, true, true, true, true, true, true, true, true, true, true, true, true, true, true, true, true]
Jan 15, 2015 6:21:46 PM org.ccnx.ccn.profiles.sync.SyncTestRepo checkCallbacks
DETALHADO: got segment 33
Jan 15, 2015 6:21:46 PM org.ccnx.ccn.profiles.sync.SyncTestRepo checkCallbacks
DETALHADO: received: [true, true, true, true, true, true, true, true, true, true, true, true, true, true, false, false, false, false, false, false, false, false, false, false, false, false, false, false, false, false, false, false, false, false, false, false, false, false, false, false, false, false, false, false, false, false, false, false, false, false, false, false, false, false, false, false, false, false, false, false, false, false, false, false, false, false, false, false, false, false, false, false, false, false, false, false, false, false, false, false, false] finished: [true, true, true, true, true, true, true, true, true, true, true, true, true, true, true, true, true, true, true, true, true, true, true, true, true, true, true, true, true, true, true, true, true, true, true, true, true, true, true, true, true, true, true, true, true, true, true, true, true, true, true, true, true, true, true, true, true, true, true, true, true, true, true, true, true, true, true, true, true, true, true, true, true, true, true, true, true, true, true, true, true]
Jan 15, 2015 6:21:46 PM org.ccnx.ccn.profiles.sync.SyncTestRepo checkCallbacks
DETALHADO: got segment 34
Jan 15, 2015 6:21:46 PM org.ccnx.ccn.profiles.sync.SyncTestRepo checkCallbacks
DETALHADO: received: [true, true, true, true, true, true, true, true, true, true, true, true, true, true, true, false, false, false, false, false, false, false, false, false, false, false, false, false, false, false, false, false, false, false, false, false, false, false, false, false, false, false, false, false, false, false, false, false, false, false, false, false, false, false, false, false, false, false, false, false, false, false, false, false, false, false, false, false, false, false, false, false, false, false, false, false, false, false, false, false, false] finished: [true, true, true, true, true, true, true, true, true, true, true, true, true, true, true, true, true, true, true, true, true, true, true, true, true, true, true, true, true, true, true, true, true, true, true, true, true, true, true, true, true, true, true, true, true, true, true, true, true, true, true, true, true, true, true, true, true, true, true, true, true, true, true, true, true, true, true, true, true, true, true, true, true, true, true, true, true, true, true, true, true]
Jan 15, 2015 6:21:46 PM org.ccnx.ccn.profiles.sync.SyncTestRepo checkCallbacks
DETALHADO: got segment 35
Jan 15, 2015 6:21:46 PM org.ccnx.ccn.profiles.sync.SyncTestRepo checkCallbacks
DETALHADO: received: [true, true, true, true, true, true, true, true, true, true, true, true, true, true, true, true, false, false, false, false, false, false, false, false, false, false, false, false, false, false, false, false, false, false, false, false, false, false, false, false, false, false, false, false, false, false, false, false, false, false, false, false, false, false, false, false, false, false, false, false, false, false, false, false, false, false, false, false, false, false, false, false, false, false, false, false, false, false, false, false, false] finished: [true, true, true, true, true, true, true, true, true, true, true, true, true, true, true, true, true, true, true, true, true, true, true, true, true, true, true, true, true, true, true, true, true, true, true, true, true, true, true, true, true, true, true, true, true, true, true, true, true, true, true, true, true, true, true, true, true, true, true, true, true, true, true, true, true, true, true, true, true, true, true, true, true, true, true, true, true, true, true, true, true]
Jan 15, 2015 6:21:46 PM org.ccnx.ccn.profiles.sync.SyncTestRepo checkCallbacks
DETALHADO: got segment 36
Jan 15, 2015 6:21:46 PM org.ccnx.ccn.profiles.sync.SyncTestRepo checkCallbacks
DETALHADO: received: [true, true, true, true, true, true, true, true, true, true, true, true, true, true, true, true, true, false, false, false, false, false, false, false, false, false, false, false, false, false, false, false, false, false, false, false, false, false, false, false, false, false, false, false, false, false, false, false, false, false, false, false, false, false, false, false, false, false, false, false, false, false, false, false, false, false, false, false, false, false, false, false, false, false, false, false, false, false, false, false, false] finished: [true, true, true, true, true, true, true, true, true, true, true, true, true, true, true, true, true, true, true, true, true, true, true, true, true, true, true, true, true, true, true, true, true, true, true, true, true, true, true, true, true, true, true, true, true, true, true, true, true, true, true, true, true, true, true, true, true, true, true, true, true, true, true, true, true, true, true, true, true, true, true, true, true, true, true, true, true, true, true, true, true]
Jan 15, 2015 6:21:46 PM org.ccnx.ccn.profiles.sync.SyncTestRepo checkCallbacks
DETALHADO: got segment 37
Jan 15, 2015 6:21:46 PM org.ccnx.ccn.profiles.sync.SyncTestRepo checkCallbacks
DETALHADO: received: [true, true, true, true, true, true, true, true, true, true, true, true, true, true, true, true, true, true, false, false, false, false, false, false, false, false, false, false, false, false, false, false, false, false, false, false, false, false, false, false, false, false, false, false, false, false, false, false, false, false, false, false, false, false, false, false, false, false, false, false, false, false, false, false, false, false, false, false, false, false, false, false, false, false, false, false, false, false, false, false, false] finished: [true, true, true, true, true, true, true, true, true, true, true, true, true, true, true, true, true, true, true, true, true, true, true, true, true, true, true, true, true, true, true, true, true, true, true, true, true, true, true, true, true, true, true, true, true, true, true, true, true, true, true, true, true, true, true, true, true, true, true, true, true, true, true, true, true, true, true, true, true, true, true, true, true, true, true, true, true, true, true, true, true]
Jan 15, 2015 6:21:46 PM org.ccnx.ccn.profiles.sync.SyncTestRepo checkCallbacks
DETALHADO: got segment 38
Jan 15, 2015 6:21:46 PM org.ccnx.ccn.profiles.sync.SyncTestRepo checkCallbacks
DETALHADO: received: [true, true, true, true, true, true, true, true, true, true, true, true, true, true, true, true, true, true, true, false, false, false, false, false, false, false, false, false, false, false, false, false, false, false, false, false, false, false, false, false, false, false, false, false, false, false, false, false, false, false, false, false, false, false, false, false, false, false, false, false, false, false, false, false, false, false, false, false, false, false, false, false, false, false, false, false, false, false, false, false, false] finished: [true, true, true, true, true, true, true, true, true, true, true, true, true, true, true, true, true, true, true, true, true, true, true, true, true, true, true, true, true, true, true, true, true, true, true, true, true, true, true, true, true, true, true, true, true, true, true, true, true, true, true, true, true, true, true, true, true, true, true, true, true, true, true, true, true, true, true, true, true, true, true, true, true, true, true, true, true, true, true, true, true]
Jan 15, 2015 6:21:46 PM org.ccnx.ccn.profiles.sync.SyncTestRepo checkCallbacks
DETALHADO: got segment 39
Jan 15, 2015 6:21:46 PM org.ccnx.ccn.profiles.sync.SyncTestRepo checkCallbacks
DETALHADO: received: [true, true, true, true, true, true, true, true, true, true, true, true, true, true, true, true, true, true, true, true, false, false, false, false, false, false, false, false, false, false, false, false, false, false, false, false, false, false, false, false, false, false, false, false, false, false, false, false, false, false, false, false, false, false, false, false, false, false, false, false, false, false, false, false, false, false, false, false, false, false, false, false, false, false, false, false, false, false, false, false, false] finished: [true, true, true, true, true, true, true, true, true, true, true, true, true, true, true, true, true, true, true, true, true, true, true, true, true, true, true, true, true, true, true, true, true, true, true, true, true, true, true, true, true, true, true, true, true, true, true, true, true, true, true, true, true, true, true, true, true, true, true, true, true, true, true, true, true, true, true, true, true, true, true, true, true, true, true, true, true, true, true, true, true]
Jan 15, 2015 6:21:46 PM org.ccnx.ccn.profiles.sync.SyncTestRepo checkCallbacks
DETALHADO: got segment 40
Jan 15, 2015 6:21:46 PM org.ccnx.ccn.profiles.sync.SyncTestRepo checkCallbacks
DETALHADO: received: [true, true, true, true, true, true, true, true, true, true, true, true, true, true, true, true, true, true, true, true, true, false, false, false, false, false, false, false, false, false, false, false, false, false, false, false, false, false, false, false, false, false, false, false, false, false, false, false, false, false, false, false, false, false, false, false, false, false, false, false, false, false, false, false, false, false, false, false, false, false, false, false, false, false, false, false, false, false, false, false, false] finished: [true, true, true, true, true, true, true, true, true, true, true, true, true, true, true, true, true, true, true, true, true, true, true, true, true, true, true, true, true, true, true, true, true, true, true, true, true, true, true, true, true, true, true, true, true, true, true, true, true, true, true, true, true, true, true, true, true, true, true, true, true, true, true, true, true, true, true, true, true, true, true, true, true, true, true, true, true, true, true, true, true]
Jan 15, 2015 6:21:46 PM org.ccnx.ccn.profiles.sync.SyncTestRepo checkCallbacks
DETALHADO: got segment 41
Jan 15, 2015 6:21:46 PM org.ccnx.ccn.profiles.sync.SyncTestRepo checkCallbacks
DETALHADO: received: [true, true, true, true, true, true, true, true, true, true, true, true, true, true, true, true, true, true, true, true, true, true, false, false, false, false, false, false, false, false, false, false, false, false, false, false, false, false, false, false, false, false, false, false, false, false, false, false, false, false, false, false, false, false, false, false, false, false, false, false, false, false, false, false, false, false, false, false, false, false, false, false, false, false, false, false, false, false, false, false, false] finished: [true, true, true, true, true, true, true, true, true, true, true, true, true, true, true, true, true, true, true, true, true, true, true, true, true, true, true, true, true, true, true, true, true, true, true, true, true, true, true, true, true, true, true, true, true, true, true, true, true, true, true, true, true, true, true, true, true, true, true, true, true, true, true, true, true, true, true, true, true, true, true, true, true, true, true, true, true, true, true, true, true]
Jan 15, 2015 6:21:46 PM org.ccnx.ccn.profiles.sync.SyncTestRepo checkCallbacks
DETALHADO: got segment 42
Jan 15, 2015 6:21:46 PM org.ccnx.ccn.profiles.sync.SyncTestRepo checkCallbacks
DETALHADO: received: [true, true, true, true, true, true, true, true, true, true, true, true, true, true, true, true, true, true, true, true, true, true, true, false, false, false, false, false, false, false, false, false, false, false, false, false, false, false, false, false, false, false, false, false, false, false, false, false, false, false, false, false, false, false, false, false, false, false, false, false, false, false, false, false, false, false, false, false, false, false, false, false, false, false, false, false, false, false, false, false, false] finished: [true, true, true, true, true, true, true, true, true, true, true, true, true, true, true, true, true, true, true, true, true, true, true, true, true, true, true, true, true, true, true, true, true, true, true, true, true, true, true, true, true, true, true, true, true, true, true, true, true, true, true, true, true, true, true, true, true, true, true, true, true, true, true, true, true, true, true, true, true, true, true, true, true, true, true, true, true, true, true, true, true]
Jan 15, 2015 6:21:46 PM org.ccnx.ccn.profiles.sync.SyncTestRepo checkCallbacks
DETALHADO: got segment 43
Jan 15, 2015 6:21:46 PM org.ccnx.ccn.profiles.sync.SyncTestRepo checkCallbacks
DETALHADO: received: [true, true, true, true, true, true, true, true, true, true, true, true, true, true, true, true, true, true, true, true, true, true, true, true, false, false, false, false, false, false, false, false, false, false, false, false, false, false, false, false, false, false, false, false, false, false, false, false, false, false, false, false, false, false, false, false, false, false, false, false, false, false, false, false, false, false, false, false, false, false, false, false, false, false, false, false, false, false, false, false, false] finished: [true, true, true, true, true, true, true, true, true, true, true, true, true, true, true, true, true, true, true, true, true, true, true, true, true, true, true, true, true, true, true, true, true, true, true, true, true, true, true, true, true, true, true, true, true, true, true, true, true, true, true, true, true, true, true, true, true, true, true, true, true, true, true, true, true, true, true, true, true, true, true, true, true, true, true, true, true, true, true, true, true]
Jan 15, 2015 6:21:46 PM org.ccnx.ccn.profiles.sync.SyncTestRepo checkCallbacks
DETALHADO: got segment 44
Jan 15, 2015 6:21:46 PM org.ccnx.ccn.profiles.sync.SyncTestRepo checkCallbacks
DETALHADO: received: [true, true, true, true, true, true, true, true, true, true, true, true, true, true, true, true, true, true, true, true, true, true, true, true, true, false, false, false, false, false, false, false, false, false, false, false, false, false, false, false, false, false, false, false, false, false, false, false, false, false, false, false, false, false, false, false, false, false, false, false, false, false, false, false, false, false, false, false, false, false, false, false, false, false, false, false, false, false, false, false, false] finished: [true, true, true, true, true, true, true, true, true, true, true, true, true, true, true, true, true, true, true, true, true, true, true, true, true, true, true, true, true, true, true, true, true, true, true, true, true, true, true, true, true, true, true, true, true, true, true, true, true, true, true, true, true, true, true, true, true, true, true, true, true, true, true, true, true, true, true, true, true, true, true, true, true, true, true, true, true, true, true, true, true]
Jan 15, 2015 6:21:46 PM org.ccnx.ccn.profiles.sync.SyncTestRepo checkCallbacks
DETALHADO: got segment 45
Jan 15, 2015 6:21:46 PM org.ccnx.ccn.profiles.sync.SyncTestRepo checkCallbacks
DETALHADO: received: [true, true, true, true, true, true, true, true, true, true, true, true, true, true, true, true, true, true, true, true, true, true, true, true, true, true, false, false, false, false, false, false, false, false, false, false, false, false, false, false, false, false, false, false, false, false, false, false, false, false, false, false, false, false, false, false, false, false, false, false, false, false, false, false, false, false, false, false, false, false, false, false, false, false, false, false, false, false, false, false, false] finished: [true, true, true, true, true, true, true, true, true, true, true, true, true, true, true, true, true, true, true, true, true, true, true, true, true, true, true, true, true, true, true, true, true, true, true, true, true, true, true, true, true, true, true, true, true, true, true, true, true, true, true, true, true, true, true, true, true, true, true, true, true, true, true, true, true, true, true, true, true, true, true, true, true, true, true, true, true, true, true, true, true]
Jan 15, 2015 6:21:46 PM org.ccnx.ccn.profiles.sync.SyncTestRepo checkCallbacks
DETALHADO: got segment 46
Jan 15, 2015 6:21:46 PM org.ccnx.ccn.profiles.sync.SyncTestRepo checkCallbacks
DETALHADO: received: [true, true, true, true, true, true, true, true, true, true, true, true, true, true, true, true, true, true, true, true, true, true, true, true, true, true, true, false, false, false, false, false, false, false, false, false, false, false, false, false, false, false, false, false, false, false, false, false, false, false, false, false, false, false, false, false, false, false, false, false, false, false, false, false, false, false, false, false, false, false, false, false, false, false, false, false, false, false, false, false, false] finished: [true, true, true, true, true, true, true, true, true, true, true, true, true, true, true, true, true, true, true, true, true, true, true, true, true, true, true, true, true, true, true, true, true, true, true, true, true, true, true, true, true, true, true, true, true, true, true, true, true, true, true, true, true, true, true, true, true, true, true, true, true, true, true, true, true, true, true, true, true, true, true, true, true, true, true, true, true, true, true, true, true]
Jan 15, 2015 6:21:46 PM org.ccnx.ccn.profiles.sync.SyncTestRepo checkCallbacks
DETALHADO: got segment 47
Jan 15, 2015 6:21:46 PM org.ccnx.ccn.profiles.sync.SyncTestRepo checkCallbacks
DETALHADO: received: [true, true, true, true, true, true, true, true, true, true, true, true, true, true, true, true, true, true, true, true, true, true, true, true, true, true, true, true, false, false, false, false, false, false, false, false, false, false, false, false, false, false, false, false, false, false, false, false, false, false, false, false, false, false, false, false, false, false, false, false, false, false, false, false, false, false, false, false, false, false, false, false, false, false, false, false, false, false, false, false, false] finished: [true, true, true, true, true, true, true, true, true, true, true, true, true, true, true, true, true, true, true, true, true, true, true, true, true, true, true, true, true, true, true, true, true, true, true, true, true, true, true, true, true, true, true, true, true, true, true, true, true, true, true, true, true, true, true, true, true, true, true, true, true, true, true, true, true, true, true, true, true, true, true, true, true, true, true, true, true, true, true, true, true]
Jan 15, 2015 6:21:46 PM org.ccnx.ccn.profiles.sync.SyncTestRepo checkCallbacks
DETALHADO: got segment 48
Jan 15, 2015 6:21:46 PM org.ccnx.ccn.profiles.sync.SyncTestRepo checkCallbacks
DETALHADO: received: [true, true, true, true, true, true, true, true, true, true, true, true, true, true, true, true, true, true, true, true, true, true, true, true, true, true, true, true, true, false, false, false, false, false, false, false, false, false, false, false, false, false, false, false, false, false, false, false, false, false, false, false, false, false, false, false, false, false, false, false, false, false, false, false, false, false, false, false, false, false, false, false, false, false, false, false, false, false, false, false, false] finished: [true, true, true, true, true, true, true, true, true, true, true, true, true, true, true, true, true, true, true, true, true, true, true, true, true, true, true, true, true, true, true, true, true, true, true, true, true, true, true, true, true, true, true, true, true, true, true, true, true, true, true, true, true, true, true, true, true, true, true, true, true, true, true, true, true, true, true, true, true, true, true, true, true, true, true, true, true, true, true, true, true]
Jan 15, 2015 6:21:46 PM org.ccnx.ccn.profiles.sync.SyncTestRepo checkCallbacks
DETALHADO: got segment 49
Jan 15, 2015 6:21:46 PM org.ccnx.ccn.profiles.sync.SyncTestRepo checkCallbacks
DETALHADO: received: [true, true, true, true, true, true, true, true, true, true, true, true, true, true, true, true, true, true, true, true, true, true, true, true, true, true, true, true, true, true, false, false, false, false, false, false, false, false, false, false, false, false, false, false, false, false, false, false, false, false, false, false, false, false, false, false, false, false, false, false, false, false, false, false, false, false, false, false, false, false, false, false, false, false, false, false, false, false, false, false, false] finished: [true, true, true, true, true, true, true, true, true, true, true, true, true, true, true, true, true, true, true, true, true, true, true, true, true, true, true, true, true, true, true, true, true, true, true, true, true, true, true, true, true, true, true, true, true, true, true, true, true, true, true, true, true, true, true, true, true, true, true, true, true, true, true, true, true, true, true, true, true, true, true, true, true, true, true, true, true, true, true, true, true]
Jan 15, 2015 6:21:46 PM org.ccnx.ccn.profiles.sync.SyncTestRepo checkCallbacks
DETALHADO: got segment 50
Jan 15, 2015 6:21:46 PM org.ccnx.ccn.profiles.sync.SyncTestRepo checkCallbacks
DETALHADO: received: [true, true, true, true, true, true, true, true, true, true, true, true, true, true, true, true, true, true, true, true, true, true, true, true, true, true, true, true, true, true, true, false, false, false, false, false, false, false, false, false, false, false, false, false, false, false, false, false, false, false, false, false, false, false, false, false, false, false, false, false, false, false, false, false, false, false, false, false, false, false, false, false, false, false, false, false, false, false, false, false, false] finished: [true, true, true, true, true, true, true, true, true, true, true, true, true, true, true, true, true, true, true, true, true, true, true, true, true, true, true, true, true, true, true, true, true, true, true, true, true, true, true, true, true, true, true, true, true, true, true, true, true, true, true, true, true, true, true, true, true, true, true, true, true, true, true, true, true, true, true, true, true, true, true, true, true, true, true, true, true, true, true, true, true]
Jan 15, 2015 6:21:46 PM org.ccnx.ccn.profiles.sync.SyncTestRepo checkCallbacks
DETALHADO: got segment 51
Jan 15, 2015 6:21:46 PM org.ccnx.ccn.profiles.sync.SyncTestRepo checkCallbacks
DETALHADO: received: [true, true, true, true, true, true, true, true, true, true, true, true, true, true, true, true, true, true, true, true, true, true, true, true, true, true, true, true, true, true, true, true, false, false, false, false, false, false, false, false, false, false, false, false, false, false, false, false, false, false, false, false, false, false, false, false, false, false, false, false, false, false, false, false, false, false, false, false, false, false, false, false, false, false, false, false, false, false, false, false, false] finished: [true, true, true, true, true, true, true, true, true, true, true, true, true, true, true, true, true, true, true, true, true, true, true, true, true, true, true, true, true, true, true, true, true, true, true, true, true, true, true, true, true, true, true, true, true, true, true, true, true, true, true, true, true, true, true, true, true, true, true, true, true, true, true, true, true, true, true, true, true, true, true, true, true, true, true, true, true, true, true, true, true]
Jan 15, 2015 6:21:46 PM org.ccnx.ccn.profiles.sync.SyncTestRepo checkCallbacks
DETALHADO: got segment 52
Jan 15, 2015 6:21:46 PM org.ccnx.ccn.profiles.sync.SyncTestRepo checkCallbacks
DETALHADO: received: [true, true, true, true, true, true, true, true, true, true, true, true, true, true, true, true, true, true, true, true, true, true, true, true, true, true, true, true, true, true, true, true, true, false, false, false, false, false, false, false, false, false, false, false, false, false, false, false, false, false, false, false, false, false, false, false, false, false, false, false, false, false, false, false, false, false, false, false, false, false, false, false, false, false, false, false, false, false, false, false, false] finished: [true, true, true, true, true, true, true, true, true, true, true, true, true, true, true, true, true, true, true, true, true, true, true, true, true, true, true, true, true, true, true, true, true, true, true, true, true, true, true, true, true, true, true, true, true, true, true, true, true, true, true, true, true, true, true, true, true, true, true, true, true, true, true, true, true, true, true, true, true, true, true, true, true, true, true, true, true, true, true, true, true]
Jan 15, 2015 6:21:46 PM org.ccnx.ccn.profiles.sync.SyncTestRepo checkCallbacks
DETALHADO: got segment 53
Jan 15, 2015 6:21:46 PM org.ccnx.ccn.profiles.sync.SyncTestRepo checkCallbacks
DETALHADO: received: [true, true, true, true, true, true, true, true, true, true, true, true, true, true, true, true, true, true, true, true, true, true, true, true, true, true, true, true, true, true, true, true, true, true, false, false, false, false, false, false, false, false, false, false, false, false, false, false, false, false, false, false, false, false, false, false, false, false, false, false, false, false, false, false, false, false, false, false, false, false, false, false, false, false, false, false, false, false, false, false, false] finished: [true, true, true, true, true, true, true, true, true, true, true, true, true, true, true, true, true, true, true, true, true, true, true, true, true, true, true, true, true, true, true, true, true, true, true, true, true, true, true, true, true, true, true, true, true, true, true, true, true, true, true, true, true, true, true, true, true, true, true, true, true, true, true, true, true, true, true, true, true, true, true, true, true, true, true, true, true, true, true, true, true]
Jan 15, 2015 6:21:46 PM org.ccnx.ccn.profiles.sync.SyncTestRepo checkCallbacks
DETALHADO: got segment 54
Jan 15, 2015 6:21:46 PM org.ccnx.ccn.profiles.sync.SyncTestRepo checkCallbacks
DETALHADO: received: [true, true, true, true, true, true, true, true, true, true, true, true, true, true, true, true, true, true, true, true, true, true, true, true, true, true, true, true, true, true, true, true, true, true, true, false, false, false, false, false, false, false, false, false, false, false, false, false, false, false, false, false, false, false, false, false, false, false, false, false, false, false, false, false, false, false, false, false, false, false, false, false, false, false, false, false, false, false, false, false, false] finished: [true, true, true, true, true, true, true, true, true, true, true, true, true, true, true, true, true, true, true, true, true, true, true, true, true, true, true, true, true, true, true, true, true, true, true, true, true, true, true, true, true, true, true, true, true, true, true, true, true, true, true, true, true, true, true, true, true, true, true, true, true, true, true, true, true, true, true, true, true, true, true, true, true, true, true, true, true, true, true, true, true]
Jan 15, 2015 6:21:46 PM org.ccnx.ccn.profiles.sync.SyncTestRepo checkCallbacks
DETALHADO: got segment 55
Jan 15, 2015 6:21:46 PM org.ccnx.ccn.profiles.sync.SyncTestRepo checkCallbacks
DETALHADO: received: [true, true, true, true, true, true, true, true, true, true, true, true, true, true, true, true, true, true, true, true, true, true, true, true, true, true, true, true, true, true, true, true, true, true, true, true, false, false, false, false, false, false, false, false, false, false, false, false, false, false, false, false, false, false, false, false, false, false, false, false, false, false, false, false, false, false, false, false, false, false, false, false, false, false, false, false, false, false, false, false, false] finished: [true, true, true, true, true, true, true, true, true, true, true, true, true, true, true, true, true, true, true, true, true, true, true, true, true, true, true, true, true, true, true, true, true, true, true, true, true, true, true, true, true, true, true, true, true, true, true, true, true, true, true, true, true, true, true, true, true, true, true, true, true, true, true, true, true, true, true, true, true, true, true, true, true, true, true, true, true, true, true, true, true]
Jan 15, 2015 6:21:46 PM org.ccnx.ccn.profiles.sync.SyncTestRepo checkCallbacks
DETALHADO: got segment 56
Jan 15, 2015 6:21:46 PM org.ccnx.ccn.profiles.sync.SyncTestRepo checkCallbacks
DETALHADO: received: [true, true, true, true, true, true, true, true, true, true, true, true, true, true, true, true, true, true, true, true, true, true, true, true, true, true, true, true, true, true, true, true, true, true, true, true, true, false, false, false, false, false, false, false, false, false, false, false, false, false, false, false, false, false, false, false, false, false, false, false, false, false, false, false, false, false, false, false, false, false, false, false, false, false, false, false, false, false, false, false, false] finished: [true, true, true, true, true, true, true, true, true, true, true, true, true, true, true, true, true, true, true, true, true, true, true, true, true, true, true, true, true, true, true, true, true, true, true, true, true, true, true, true, true, true, true, true, true, true, true, true, true, true, true, true, true, true, true, true, true, true, true, true, true, true, true, true, true, true, true, true, true, true, true, true, true, true, true, true, true, true, true, true, true]
Jan 15, 2015 6:21:46 PM org.ccnx.ccn.profiles.sync.SyncTestRepo checkCallbacks
DETALHADO: got segment 57
Jan 15, 2015 6:21:46 PM org.ccnx.ccn.profiles.sync.SyncTestRepo checkCallbacks
DETALHADO: received: [true, true, true, true, true, true, true, true, true, true, true, true, true, true, true, true, true, true, true, true, true, true, true, true, true, true, true, true, true, true, true, true, true, true, true, true, true, true, false, false, false, false, false, false, false, false, false, false, false, false, false, false, false, false, false, false, false, false, false, false, false, false, false, false, false, false, false, false, false, false, false, false, false, false, false, false, false, false, false, false, false] finished: [true, true, true, true, true, true, true, true, true, true, true, true, true, true, true, true, true, true, true, true, true, true, true, true, true, true, true, true, true, true, true, true, true, true, true, true, true, true, true, true, true, true, true, true, true, true, true, true, true, true, true, true, true, true, true, true, true, true, true, true, true, true, true, true, true, true, true, true, true, true, true, true, true, true, true, true, true, true, true, true, true]
Jan 15, 2015 6:21:46 PM org.ccnx.ccn.profiles.sync.SyncTestRepo checkCallbacks
DETALHADO: got segment 58
Jan 15, 2015 6:21:46 PM org.ccnx.ccn.profiles.sync.SyncTestRepo checkCallbacks
DETALHADO: received: [true, true, true, true, true, true, true, true, true, true, true, true, true, true, true, true, true, true, true, true, true, true, true, true, true, true, true, true, true, true, true, true, true, true, true, true, true, true, true, false, false, false, false, false, false, false, false, false, false, false, false, false, false, false, false, false, false, false, false, false, false, false, false, false, false, false, false, false, false, false, false, false, false, false, false, false, false, false, false, false, false] finished: [true, true, true, true, true, true, true, true, true, true, true, true, true, true, true, true, true, true, true, true, true, true, true, true, true, true, true, true, true, true, true, true, true, true, true, true, true, true, true, true, true, true, true, true, true, true, true, true, true, true, true, true, true, true, true, true, true, true, true, true, true, true, true, true, true, true, true, true, true, true, true, true, true, true, true, true, true, true, true, true, true]
Jan 15, 2015 6:21:46 PM org.ccnx.ccn.profiles.sync.SyncTestRepo checkCallbacks
DETALHADO: got segment 59
Jan 15, 2015 6:21:46 PM org.ccnx.ccn.profiles.sync.SyncTestRepo checkCallbacks
DETALHADO: received: [true, true, true, true, true, true, true, true, true, true, true, true, true, true, true, true, true, true, true, true, true, true, true, true, true, true, true, true, true, true, true, true, true, true, true, true, true, true, true, true, false, false, false, false, false, false, false, false, false, false, false, false, false, false, false, false, false, false, false, false, false, false, false, false, false, false, false, false, false, false, false, false, false, false, false, false, false, false, false, false, false] finished: [true, true, true, true, true, true, true, true, true, true, true, true, true, true, true, true, true, true, true, true, true, true, true, true, true, true, true, true, true, true, true, true, true, true, true, true, true, true, true, true, true, true, true, true, true, true, true, true, true, true, true, true, true, true, true, true, true, true, true, true, true, true, true, true, true, true, true, true, true, true, true, true, true, true, true, true, true, true, true, true, true]
Jan 15, 2015 6:21:46 PM org.ccnx.ccn.profiles.sync.SyncTestRepo checkCallbacks
DETALHADO: got segment 60
Jan 15, 2015 6:21:46 PM org.ccnx.ccn.profiles.sync.SyncTestRepo checkCallbacks
DETALHADO: received: [true, true, true, true, true, true, true, true, true, true, true, true, true, true, true, true, true, true, true, true, true, true, true, true, true, true, true, true, true, true, true, true, true, true, true, true, true, true, true, true, true, false, false, false, false, false, false, false, false, false, false, false, false, false, false, false, false, false, false, false, false, false, false, false, false, false, false, false, false, false, false, false, false, false, false, false, false, false, false, false, false] finished: [true, true, true, true, true, true, true, true, true, true, true, true, true, true, true, true, true, true, true, true, true, true, true, true, true, true, true, true, true, true, true, true, true, true, true, true, true, true, true, true, true, true, true, true, true, true, true, true, true, true, true, true, true, true, true, true, true, true, true, true, true, true, true, true, true, true, true, true, true, true, true, true, true, true, true, true, true, true, true, true, true]
Jan 15, 2015 6:21:46 PM org.ccnx.ccn.profiles.sync.SyncTestRepo checkCallbacks
DETALHADO: got segment 61
Jan 15, 2015 6:21:46 PM org.ccnx.ccn.profiles.sync.SyncTestRepo checkCallbacks
DETALHADO: received: [true, true, true, true, true, true, true, true, true, true, true, true, true, true, true, true, true, true, true, true, true, true, true, true, true, true, true, true, true, true, true, true, true, true, true, true, true, true, true, true, true, true, false, false, false, false, false, false, false, false, false, false, false, false, false, false, false, false, false, false, false, false, false, false, false, false, false, false, false, false, false, false, false, false, false, false, false, false, false, false, false] finished: [true, true, true, true, true, true, true, true, true, true, true, true, true, true, true, true, true, true, true, true, true, true, true, true, true, true, true, true, true, true, true, true, true, true, true, true, true, true, true, true, true, true, true, true, true, true, true, true, true, true, true, true, true, true, true, true, true, true, true, true, true, true, true, true, true, true, true, true, true, true, true, true, true, true, true, true, true, true, true, true, true]
Jan 15, 2015 6:21:46 PM org.ccnx.ccn.profiles.sync.SyncTestRepo checkCallbacks
DETALHADO: got segment 62
Jan 15, 2015 6:21:46 PM org.ccnx.ccn.profiles.sync.SyncTestRepo checkCallbacks
DETALHADO: received: [true, true, true, true, true, true, true, true, true, true, true, true, true, true, true, true, true, true, true, true, true, true, true, true, true, true, true, true, true, true, true, true, true, true, true, true, true, true, true, true, true, true, true, false, false, false, false, false, false, false, false, false, false, false, false, false, false, false, false, false, false, false, false, false, false, false, false, false, false, false, false, false, false, false, false, false, false, false, false, false, false] finished: [true, true, true, true, true, true, true, true, true, true, true, true, true, true, true, true, true, true, true, true, true, true, true, true, true, true, true, true, true, true, true, true, true, true, true, true, true, true, true, true, true, true, true, true, true, true, true, true, true, true, true, true, true, true, true, true, true, true, true, true, true, true, true, true, true, true, true, true, true, true, true, true, true, true, true, true, true, true, true, true, true]
Jan 15, 2015 6:21:46 PM org.ccnx.ccn.profiles.sync.SyncTestRepo checkCallbacks
DETALHADO: got segment 63
Jan 15, 2015 6:21:46 PM org.ccnx.ccn.profiles.sync.SyncTestRepo checkCallbacks
DETALHADO: received: [true, true, true, true, true, true, true, true, true, true, true, true, true, true, true, true, true, true, true, true, true, true, true, true, true, true, true, true, true, true, true, true, true, true, true, true, true, true, true, true, true, true, true, true, false, false, false, false, false, false, false, false, false, false, false, false, false, false, false, false, false, false, false, false, false, false, false, false, false, false, false, false, false, false, false, false, false, false, false, false, false] finished: [true, true, true, true, true, true, true, true, true, true, true, true, true, true, true, true, true, true, true, true, true, true, true, true, true, true, true, true, true, true, true, true, true, true, true, true, true, true, true, true, true, true, true, true, true, true, true, true, true, true, true, true, true, true, true, true, true, true, true, true, true, true, true, true, true, true, true, true, true, true, true, true, true, true, true, true, true, true, true, true, true]
Jan 15, 2015 6:21:46 PM org.ccnx.ccn.profiles.sync.SyncTestRepo checkCallbacks
DETALHADO: got segment 64
Jan 15, 2015 6:21:46 PM org.ccnx.ccn.profiles.sync.SyncTestRepo checkCallbacks
DETALHADO: received: [true, true, true, true, true, true, true, true, true, true, true, true, true, true, true, true, true, true, true, true, true, true, true, true, true, true, true, true, true, true, true, true, true, true, true, true, true, true, true, true, true, true, true, true, true, false, false, false, false, false, false, false, false, false, false, false, false, false, false, false, false, false, false, false, false, false, false, false, false, false, false, false, false, false, false, false, false, false, false, false, false] finished: [true, true, true, true, true, true, true, true, true, true, true, true, true, true, true, true, true, true, true, true, true, true, true, true, true, true, true, true, true, true, true, true, true, true, true, true, true, true, true, true, true, true, true, true, true, true, true, true, true, true, true, true, true, true, true, true, true, true, true, true, true, true, true, true, true, true, true, true, true, true, true, true, true, true, true, true, true, true, true, true, true]
Jan 15, 2015 6:21:46 PM org.ccnx.ccn.profiles.sync.SyncTestRepo checkCallbacks
DETALHADO: got segment 65
Jan 15, 2015 6:21:46 PM org.ccnx.ccn.profiles.sync.SyncTestRepo checkCallbacks
DETALHADO: received: [true, true, true, true, true, true, true, true, true, true, true, true, true, true, true, true, true, true, true, true, true, true, true, true, true, true, true, true, true, true, true, true, true, true, true, true, true, true, true, true, true, true, true, true, true, true, false, false, false, false, false, false, false, false, false, false, false, false, false, false, false, false, false, false, false, false, false, false, false, false, false, false, false, false, false, false, false, false, false, false, false] finished: [true, true, true, true, true, true, true, true, true, true, true, true, true, true, true, true, true, true, true, true, true, true, true, true, true, true, true, true, true, true, true, true, true, true, true, true, true, true, true, true, true, true, true, true, true, true, true, true, true, true, true, true, true, true, true, true, true, true, true, true, true, true, true, true, true, true, true, true, true, true, true, true, true, true, true, true, true, true, true, true, true]
Jan 15, 2015 6:21:46 PM org.ccnx.ccn.profiles.sync.SyncTestRepo checkCallbacks
DETALHADO: got segment 66
Jan 15, 2015 6:21:46 PM org.ccnx.ccn.profiles.sync.SyncTestRepo checkCallbacks
DETALHADO: received: [true, true, true, true, true, true, true, true, true, true, true, true, true, true, true, true, true, true, true, true, true, true, true, true, true, true, true, true, true, true, true, true, true, true, true, true, true, true, true, true, true, true, true, true, true, true, true, false, false, false, false, false, false, false, false, false, false, false, false, false, false, false, false, false, false, false, false, false, false, false, false, false, false, false, false, false, false, false, false, false, false] finished: [true, true, true, true, true, true, true, true, true, true, true, true, true, true, true, true, true, true, true, true, true, true, true, true, true, true, true, true, true, true, true, true, true, true, true, true, true, true, true, true, true, true, true, true, true, true, true, true, true, true, true, true, true, true, true, true, true, true, true, true, true, true, true, true, true, true, true, true, true, true, true, true, true, true, true, true, true, true, true, true, true]
Jan 15, 2015 6:21:46 PM org.ccnx.ccn.profiles.sync.SyncTestRepo checkCallbacks
DETALHADO: got segment 67
Jan 15, 2015 6:21:46 PM org.ccnx.ccn.profiles.sync.SyncTestRepo checkCallbacks
DETALHADO: received: [true, true, true, true, true, true, true, true, true, true, true, true, true, true, true, true, true, true, true, true, true, true, true, true, true, true, true, true, true, true, true, true, true, true, true, true, true, true, true, true, true, true, true, true, true, true, true, true, false, false, false, false, false, false, false, false, false, false, false, false, false, false, false, false, false, false, false, false, false, false, false, false, false, false, false, false, false, false, false, false, false] finished: [true, true, true, true, true, true, true, true, true, true, true, true, true, true, true, true, true, true, true, true, true, true, true, true, true, true, true, true, true, true, true, true, true, true, true, true, true, true, true, true, true, true, true, true, true, true, true, true, true, true, true, true, true, true, true, true, true, true, true, true, true, true, true, true, true, true, true, true, true, true, true, true, true, true, true, true, true, true, true, true, true]
Jan 15, 2015 6:21:46 PM org.ccnx.ccn.profiles.sync.SyncTestRepo checkCallbacks
DETALHADO: got segment 68
Jan 15, 2015 6:21:46 PM org.ccnx.ccn.profiles.sync.SyncTestRepo checkCallbacks
DETALHADO: received: [true, true, true, true, true, true, true, true, true, true, true, true, true, true, true, true, true, true, true, true, true, true, true, true, true, true, true, true, true, true, true, true, true, true, true, true, true, true, true, true, true, true, true, true, true, true, true, true, true, false, false, false, false, false, false, false, false, false, false, false, false, false, false, false, false, false, false, false, false, false, false, false, false, false, false, false, false, false, false, false, false] finished: [true, true, true, true, true, true, true, true, true, true, true, true, true, true, true, true, true, true, true, true, true, true, true, true, true, true, true, true, true, true, true, true, true, true, true, true, true, true, true, true, true, true, true, true, true, true, true, true, true, true, true, true, true, true, true, true, true, true, true, true, true, true, true, true, true, true, true, true, true, true, true, true, true, true, true, true, true, true, true, true, true]
Jan 15, 2015 6:21:46 PM org.ccnx.ccn.profiles.sync.SyncTestRepo checkCallbacks
DETALHADO: got segment 69
Jan 15, 2015 6:21:46 PM org.ccnx.ccn.profiles.sync.SyncTestRepo checkCallbacks
DETALHADO: received: [true, true, true, true, true, true, true, true, true, true, true, true, true, true, true, true, true, true, true, true, true, true, true, true, true, true, true, true, true, true, true, true, true, true, true, true, true, true, true, true, true, true, true, true, true, true, true, true, true, true, false, false, false, false, false, false, false, false, false, false, false, false, false, false, false, false, false, false, false, false, false, false, false, false, false, false, false, false, false, false, false] finished: [true, true, true, true, true, true, true, true, true, true, true, true, true, true, true, true, true, true, true, true, true, true, true, true, true, true, true, true, true, true, true, true, true, true, true, true, true, true, true, true, true, true, true, true, true, true, true, true, true, true, true, true, true, true, true, true, true, true, true, true, true, true, true, true, true, true, true, true, true, true, true, true, true, true, true, true, true, true, true, true, true]
Jan 15, 2015 6:21:46 PM org.ccnx.ccn.profiles.sync.SyncTestRepo checkCallbacks
DETALHADO: got segment 70
Jan 15, 2015 6:21:46 PM org.ccnx.ccn.profiles.sync.SyncTestRepo checkCallbacks
DETALHADO: received: [true, true, true, true, true, true, true, true, true, true, true, true, true, true, true, true, true, true, true, true, true, true, true, true, true, true, true, true, true, true, true, true, true, true, true, true, true, true, true, true, true, true, true, true, true, true, true, true, true, true, true, false, false, false, false, false, false, false, false, false, false, false, false, false, false, false, false, false, false, false, false, false, false, false, false, false, false, false, false, false, false] finished: [true, true, true, true, true, true, true, true, true, true, true, true, true, true, true, true, true, true, true, true, true, true, true, true, true, true, true, true, true, true, true, true, true, true, true, true, true, true, true, true, true, true, true, true, true, true, true, true, true, true, true, true, true, true, true, true, true, true, true, true, true, true, true, true, true, true, true, true, true, true, true, true, true, true, true, true, true, true, true, true, true]
Jan 15, 2015 6:21:46 PM org.ccnx.ccn.profiles.sync.SyncTestRepo checkCallbacks
DETALHADO: got segment 71
Jan 15, 2015 6:21:46 PM org.ccnx.ccn.profiles.sync.SyncTestRepo checkCallbacks
DETALHADO: received: [true, true, true, true, true, true, true, true, true, true, true, true, true, true, true, true, true, true, true, true, true, true, true, true, true, true, true, true, true, true, true, true, true, true, true, true, true, true, true, true, true, true, true, true, true, true, true, true, true, true, true, true, false, false, false, false, false, false, false, false, false, false, false, false, false, false, false, false, false, false, false, false, false, false, false, false, false, false, false, false, false] finished: [true, true, true, true, true, true, true, true, true, true, true, true, true, true, true, true, true, true, true, true, true, true, true, true, true, true, true, true, true, true, true, true, true, true, true, true, true, true, true, true, true, true, true, true, true, true, true, true, true, true, true, true, true, true, true, true, true, true, true, true, true, true, true, true, true, true, true, true, true, true, true, true, true, true, true, true, true, true, true, true, true]
Jan 15, 2015 6:21:46 PM org.ccnx.ccn.profiles.sync.SyncTestRepo checkCallbacks
DETALHADO: got segment 72
Jan 15, 2015 6:21:46 PM org.ccnx.ccn.profiles.sync.SyncTestRepo checkCallbacks
DETALHADO: received: [true, true, true, true, true, true, true, true, true, true, true, true, true, true, true, true, true, true, true, true, true, true, true, true, true, true, true, true, true, true, true, true, true, true, true, true, true, true, true, true, true, true, true, true, true, true, true, true, true, true, true, true, true, false, false, false, false, false, false, false, false, false, false, false, false, false, false, false, false, false, false, false, false, false, false, false, false, false, false, false, false] finished: [true, true, true, true, true, true, true, true, true, true, true, true, true, true, true, true, true, true, true, true, true, true, true, true, true, true, true, true, true, true, true, true, true, true, true, true, true, true, true, true, true, true, true, true, true, true, true, true, true, true, true, true, true, true, true, true, true, true, true, true, true, true, true, true, true, true, true, true, true, true, true, true, true, true, true, true, true, true, true, true, true]
Jan 15, 2015 6:21:46 PM org.ccnx.ccn.profiles.sync.SyncTestRepo checkCallbacks
DETALHADO: got segment 73
Jan 15, 2015 6:21:46 PM org.ccnx.ccn.profiles.sync.SyncTestRepo checkCallbacks
DETALHADO: received: [true, true, true, true, true, true, true, true, true, true, true, true, true, true, true, true, true, true, true, true, true, true, true, true, true, true, true, true, true, true, true, true, true, true, true, true, true, true, true, true, true, true, true, true, true, true, true, true, true, true, true, true, true, true, false, false, false, false, false, false, false, false, false, false, false, false, false, false, false, false, false, false, false, false, false, false, false, false, false, false, false] finished: [true, true, true, true, true, true, true, true, true, true, true, true, true, true, true, true, true, true, true, true, true, true, true, true, true, true, true, true, true, true, true, true, true, true, true, true, true, true, true, true, true, true, true, true, true, true, true, true, true, true, true, true, true, true, true, true, true, true, true, true, true, true, true, true, true, true, true, true, true, true, true, true, true, true, true, true, true, true, true, true, true]
Jan 15, 2015 6:21:46 PM org.ccnx.ccn.profiles.sync.SyncTestRepo checkCallbacks
DETALHADO: got segment 74
Jan 15, 2015 6:21:46 PM org.ccnx.ccn.profiles.sync.SyncTestRepo checkCallbacks
DETALHADO: received: [true, true, true, true, true, true, true, true, true, true, true, true, true, true, true, true, true, true, true, true, true, true, true, true, true, true, true, true, true, true, true, true, true, true, true, true, true, true, true, true, true, true, true, true, true, true, true, true, true, true, true, true, true, true, true, false, false, false, false, false, false, false, false, false, false, false, false, false, false, false, false, false, false, false, false, false, false, false, false, false, false] finished: [true, true, true, true, true, true, true, true, true, true, true, true, true, true, true, true, true, true, true, true, true, true, true, true, true, true, true, true, true, true, true, true, true, true, true, true, true, true, true, true, true, true, true, true, true, true, true, true, true, true, true, true, true, true, true, true, true, true, true, true, true, true, true, true, true, true, true, true, true, true, true, true, true, true, true, true, true, true, true, true, true]
Jan 15, 2015 6:21:46 PM org.ccnx.ccn.profiles.sync.SyncTestRepo checkCallbacks
DETALHADO: got segment 75
Jan 15, 2015 6:21:46 PM org.ccnx.ccn.profiles.sync.SyncTestRepo checkCallbacks
DETALHADO: received: [true, true, true, true, true, true, true, true, true, true, true, true, true, true, true, true, true, true, true, true, true, true, true, true, true, true, true, true, true, true, true, true, true, true, true, true, true, true, true, true, true, true, true, true, true, true, true, true, true, true, true, true, true, true, true, true, false, false, false, false, false, false, false, false, false, false, false, false, false, false, false, false, false, false, false, false, false, false, false, false, false] finished: [true, true, true, true, true, true, true, true, true, true, true, true, true, true, true, true, true, true, true, true, true, true, true, true, true, true, true, true, true, true, true, true, true, true, true, true, true, true, true, true, true, true, true, true, true, true, true, true, true, true, true, true, true, true, true, true, true, true, true, true, true, true, true, true, true, true, true, true, true, true, true, true, true, true, true, true, true, true, true, true, true]
Jan 15, 2015 6:21:46 PM org.ccnx.ccn.profiles.sync.SyncTestRepo checkCallbacks
DETALHADO: got segment 76
Jan 15, 2015 6:21:46 PM org.ccnx.ccn.profiles.sync.SyncTestRepo checkCallbacks
DETALHADO: received: [true, true, true, true, true, true, true, true, true, true, true, true, true, true, true, true, true, true, true, true, true, true, true, true, true, true, true, true, true, true, true, true, true, true, true, true, true, true, true, true, true, true, true, true, true, true, true, true, true, true, true, true, true, true, true, true, true, false, false, false, false, false, false, false, false, false, false, false, false, false, false, false, false, false, false, false, false, false, false, false, false] finished: [true, true, true, true, true, true, true, true, true, true, true, true, true, true, true, true, true, true, true, true, true, true, true, true, true, true, true, true, true, true, true, true, true, true, true, true, true, true, true, true, true, true, true, true, true, true, true, true, true, true, true, true, true, true, true, true, true, true, true, true, true, true, true, true, true, true, true, true, true, true, true, true, true, true, true, true, true, true, true, true, true]
Jan 15, 2015 6:21:46 PM org.ccnx.ccn.profiles.sync.SyncTestRepo checkCallbacks
DETALHADO: got segment 77
Jan 15, 2015 6:21:46 PM org.ccnx.ccn.profiles.sync.SyncTestRepo checkCallbacks
DETALHADO: received: [true, true, true, true, true, true, true, true, true, true, true, true, true, true, true, true, true, true, true, true, true, true, true, true, true, true, true, true, true, true, true, true, true, true, true, true, true, true, true, true, true, true, true, true, true, true, true, true, true, true, true, true, true, true, true, true, true, true, false, false, false, false, false, false, false, false, false, false, false, false, false, false, false, false, false, false, false, false, false, false, false] finished: [true, true, true, true, true, true, true, true, true, true, true, true, true, true, true, true, true, true, true, true, true, true, true, true, true, true, true, true, true, true, true, true, true, true, true, true, true, true, true, true, true, true, true, true, true, true, true, true, true, true, true, true, true, true, true, true, true, true, true, true, true, true, true, true, true, true, true, true, true, true, true, true, true, true, true, true, true, true, true, true, true]
Jan 15, 2015 6:21:46 PM org.ccnx.ccn.profiles.sync.SyncTestRepo checkCallbacks
DETALHADO: got segment 78
Jan 15, 2015 6:21:46 PM org.ccnx.ccn.profiles.sync.SyncTestRepo checkCallbacks
DETALHADO: received: [true, true, true, true, true, true, true, true, true, true, true, true, true, true, true, true, true, true, true, true, true, true, true, true, true, true, true, true, true, true, true, true, true, true, true, true, true, true, true, true, true, true, true, true, true, true, true, true, true, true, true, true, true, true, true, true, true, true, true, false, false, false, false, false, false, false, false, false, false, false, false, false, false, false, false, false, false, false, false, false, false] finished: [true, true, true, true, true, true, true, true, true, true, true, true, true, true, true, true, true, true, true, true, true, true, true, true, true, true, true, true, true, true, true, true, true, true, true, true, true, true, true, true, true, true, true, true, true, true, true, true, true, true, true, true, true, true, true, true, true, true, true, true, true, true, true, true, true, true, true, true, true, true, true, true, true, true, true, true, true, true, true, true, true]
Jan 15, 2015 6:21:46 PM org.ccnx.ccn.profiles.sync.SyncTestRepo checkCallbacks
DETALHADO: got segment 79
Jan 15, 2015 6:21:46 PM org.ccnx.ccn.profiles.sync.SyncTestRepo checkCallbacks
DETALHADO: received: [true, true, true, true, true, true, true, true, true, true, true, true, true, true, true, true, true, true, true, true, true, true, true, true, true, true, true, true, true, true, true, true, true, true, true, true, true, true, true, true, true, true, true, true, true, true, true, true, true, true, true, true, true, true, true, true, true, true, true, true, false, false, false, false, false, false, false, false, false, false, false, false, false, false, false, false, false, false, false, false, false] finished: [true, true, true, true, true, true, true, true, true, true, true, true, true, true, true, true, true, true, true, true, true, true, true, true, true, true, true, true, true, true, true, true, true, true, true, true, true, true, true, true, true, true, true, true, true, true, true, true, true, true, true, true, true, true, true, true, true, true, true, true, true, true, true, true, true, true, true, true, true, true, true, true, true, true, true, true, true, true, true, true, true]
Jan 15, 2015 6:21:46 PM org.ccnx.ccn.profiles.sync.SyncTestRepo checkCallbacks
DETALHADO: got segment 80
Jan 15, 2015 6:21:46 PM org.ccnx.ccn.profiles.sync.SyncTestRepo checkCallbacks
DETALHADO: received: [true, true, true, true, true, true, true, true, true, true, true, true, true, true, true, true, true, true, true, true, true, true, true, true, true, true, true, true, true, true, true, true, true, true, true, true, true, true, true, true, true, true, true, true, true, true, true, true, true, true, true, true, true, true, true, true, true, true, true, true, true, false, false, false, false, false, false, false, false, false, false, false, false, false, false, false, false, false, false, false, false] finished: [true, true, true, true, true, true, true, true, true, true, true, true, true, true, true, true, true, true, true, true, true, true, true, true, true, true, true, true, true, true, true, true, true, true, true, true, true, true, true, true, true, true, true, true, true, true, true, true, true, true, true, true, true, true, true, true, true, true, true, true, true, true, true, true, true, true, true, true, true, true, true, true, true, true, true, true, true, true, true, true, true]
Jan 15, 2015 6:21:46 PM org.ccnx.ccn.profiles.sync.SyncTestRepo checkCallbacks
DETALHADO: got segment 81
Jan 15, 2015 6:21:46 PM org.ccnx.ccn.profiles.sync.SyncTestRepo checkCallbacks
DETALHADO: received: [true, true, true, true, true, true, true, true, true, true, true, true, true, true, true, true, true, true, true, true, true, true, true, true, true, true, true, true, true, true, true, true, true, true, true, true, true, true, true, true, true, true, true, true, true, true, true, true, true, true, true, true, true, true, true, true, true, true, true, true, true, true, false, false, false, false, false, false, false, false, false, false, false, false, false, false, false, false, false, false, false] finished: [true, true, true, true, true, true, true, true, true, true, true, true, true, true, true, true, true, true, true, true, true, true, true, true, true, true, true, true, true, true, true, true, true, true, true, true, true, true, true, true, true, true, true, true, true, true, true, true, true, true, true, true, true, true, true, true, true, true, true, true, true, true, true, true, true, true, true, true, true, true, true, true, true, true, true, true, true, true, true, true, true]
Jan 15, 2015 6:21:46 PM org.ccnx.ccn.profiles.sync.SyncTestRepo checkCallbacks
DETALHADO: got segment 82
Jan 15, 2015 6:21:46 PM org.ccnx.ccn.profiles.sync.SyncTestRepo checkCallbacks
DETALHADO: received: [true, true, true, true, true, true, true, true, true, true, true, true, true, true, true, true, true, true, true, true, true, true, true, true, true, true, true, true, true, true, true, true, true, true, true, true, true, true, true, true, true, true, true, true, true, true, true, true, true, true, true, true, true, true, true, true, true, true, true, true, true, true, true, false, false, false, false, false, false, false, false, false, false, false, false, false, false, false, false, false, false] finished: [true, true, true, true, true, true, true, true, true, true, true, true, true, true, true, true, true, true, true, true, true, true, true, true, true, true, true, true, true, true, true, true, true, true, true, true, true, true, true, true, true, true, true, true, true, true, true, true, true, true, true, true, true, true, true, true, true, true, true, true, true, true, true, true, true, true, true, true, true, true, true, true, true, true, true, true, true, true, true, true, true]
Jan 15, 2015 6:21:46 PM org.ccnx.ccn.profiles.sync.SyncTestRepo checkCallbacks
DETALHADO: got segment 83
Jan 15, 2015 6:21:46 PM org.ccnx.ccn.profiles.sync.SyncTestRepo checkCallbacks
DETALHADO: received: [true, true, true, true, true, true, true, true, true, true, true, true, true, true, true, true, true, true, true, true, true, true, true, true, true, true, true, true, true, true, true, true, true, true, true, true, true, true, true, true, true, true, true, true, true, true, true, true, true, true, true, true, true, true, true, true, true, true, true, true, true, true, true, true, false, false, false, false, false, false, false, false, false, false, false, false, false, false, false, false, false] finished: [true, true, true, true, true, true, true, true, true, true, true, true, true, true, true, true, true, true, true, true, true, true, true, true, true, true, true, true, true, true, true, true, true, true, true, true, true, true, true, true, true, true, true, true, true, true, true, true, true, true, true, true, true, true, true, true, true, true, true, true, true, true, true, true, true, true, true, true, true, true, true, true, true, true, true, true, true, true, true, true, true]
Jan 15, 2015 6:21:46 PM org.ccnx.ccn.profiles.sync.SyncTestRepo checkCallbacks
DETALHADO: got segment 84
Jan 15, 2015 6:21:46 PM org.ccnx.ccn.profiles.sync.SyncTestRepo checkCallbacks
DETALHADO: received: [true, true, true, true, true, true, true, true, true, true, true, true, true, true, true, true, true, true, true, true, true, true, true, true, true, true, true, true, true, true, true, true, true, true, true, true, true, true, true, true, true, true, true, true, true, true, true, true, true, true, true, true, true, true, true, true, true, true, true, true, true, true, true, true, true, false, false, false, false, false, false, false, false, false, false, false, false, false, false, false, false] finished: [true, true, true, true, true, true, true, true, true, true, true, true, true, true, true, true, true, true, true, true, true, true, true, true, true, true, true, true, true, true, true, true, true, true, true, true, true, true, true, true, true, true, true, true, true, true, true, true, true, true, true, true, true, true, true, true, true, true, true, true, true, true, true, true, true, true, true, true, true, true, true, true, true, true, true, true, true, true, true, true, true]
Jan 15, 2015 6:21:46 PM org.ccnx.ccn.profiles.sync.SyncTestRepo checkCallbacks
DETALHADO: got segment 85
Jan 15, 2015 6:21:46 PM org.ccnx.ccn.profiles.sync.SyncTestRepo checkCallbacks
DETALHADO: received: [true, true, true, true, true, true, true, true, true, true, true, true, true, true, true, true, true, true, true, true, true, true, true, true, true, true, true, true, true, true, true, true, true, true, true, true, true, true, true, true, true, true, true, true, true, true, true, true, true, true, true, true, true, true, true, true, true, true, true, true, true, true, true, true, true, true, false, false, false, false, false, false, false, false, false, false, false, false, false, false, false] finished: [true, true, true, true, true, true, true, true, true, true, true, true, true, true, true, true, true, true, true, true, true, true, true, true, true, true, true, true, true, true, true, true, true, true, true, true, true, true, true, true, true, true, true, true, true, true, true, true, true, true, true, true, true, true, true, true, true, true, true, true, true, true, true, true, true, true, true, true, true, true, true, true, true, true, true, true, true, true, true, true, true]
Jan 15, 2015 6:21:46 PM org.ccnx.ccn.profiles.sync.SyncTestRepo checkCallbacks
DETALHADO: got segment 86
Jan 15, 2015 6:21:46 PM org.ccnx.ccn.profiles.sync.SyncTestRepo checkCallbacks
DETALHADO: received: [true, true, true, true, true, true, true, true, true, true, true, true, true, true, true, true, true, true, true, true, true, true, true, true, true, true, true, true, true, true, true, true, true, true, true, true, true, true, true, true, true, true, true, true, true, true, true, true, true, true, true, true, true, true, true, true, true, true, true, true, true, true, true, true, true, true, true, false, false, false, false, false, false, false, false, false, false, false, false, false, false] finished: [true, true, true, true, true, true, true, true, true, true, true, true, true, true, true, true, true, true, true, true, true, true, true, true, true, true, true, true, true, true, true, true, true, true, true, true, true, true, true, true, true, true, true, true, true, true, true, true, true, true, true, true, true, true, true, true, true, true, true, true, true, true, true, true, true, true, true, true, true, true, true, true, true, true, true, true, true, true, true, true, true]
Jan 15, 2015 6:21:46 PM org.ccnx.ccn.profiles.sync.SyncTestRepo checkCallbacks
DETALHADO: got segment 87
Jan 15, 2015 6:21:46 PM org.ccnx.ccn.profiles.sync.SyncTestRepo checkCallbacks
DETALHADO: received: [true, true, true, true, true, true, true, true, true, true, true, true, true, true, true, true, true, true, true, true, true, true, true, true, true, true, true, true, true, true, true, true, true, true, true, true, true, true, true, true, true, true, true, true, true, true, true, true, true, true, true, true, true, true, true, true, true, true, true, true, true, true, true, true, true, true, true, true, false, false, false, false, false, false, false, false, false, false, false, false, false] finished: [true, true, true, true, true, true, true, true, true, true, true, true, true, true, true, true, true, true, true, true, true, true, true, true, true, true, true, true, true, true, true, true, true, true, true, true, true, true, true, true, true, true, true, true, true, true, true, true, true, true, true, true, true, true, true, true, true, true, true, true, true, true, true, true, true, true, true, true, true, true, true, true, true, true, true, true, true, true, true, true, true]
Jan 15, 2015 6:21:46 PM org.ccnx.ccn.profiles.sync.SyncTestRepo checkCallbacks
DETALHADO: got segment 88
Jan 15, 2015 6:21:46 PM org.ccnx.ccn.profiles.sync.SyncTestRepo checkCallbacks
DETALHADO: received: [true, true, true, true, true, true, true, true, true, true, true, true, true, true, true, true, true, true, true, true, true, true, true, true, true, true, true, true, true, true, true, true, true, true, true, true, true, true, true, true, true, true, true, true, true, true, true, true, true, true, true, true, true, true, true, true, true, true, true, true, true, true, true, true, true, true, true, true, true, false, false, false, false, false, false, false, false, false, false, false, false] finished: [true, true, true, true, true, true, true, true, true, true, true, true, true, true, true, true, true, true, true, true, true, true, true, true, true, true, true, true, true, true, true, true, true, true, true, true, true, true, true, true, true, true, true, true, true, true, true, true, true, true, true, true, true, true, true, true, true, true, true, true, true, true, true, true, true, true, true, true, true, true, true, true, true, true, true, true, true, true, true, true, true]
Jan 15, 2015 6:21:46 PM org.ccnx.ccn.profiles.sync.SyncTestRepo checkCallbacks
DETALHADO: got segment 89
Jan 15, 2015 6:21:46 PM org.ccnx.ccn.profiles.sync.SyncTestRepo checkCallbacks
DETALHADO: received: [true, true, true, true, true, true, true, true, true, true, true, true, true, true, true, true, true, true, true, true, true, true, true, true, true, true, true, true, true, true, true, true, true, true, true, true, true, true, true, true, true, true, true, true, true, true, true, true, true, true, true, true, true, true, true, true, true, true, true, true, true, true, true, true, true, true, true, true, true, true, false, false, false, false, false, false, false, false, false, false, false] finished: [true, true, true, true, true, true, true, true, true, true, true, true, true, true, true, true, true, true, true, true, true, true, true, true, true, true, true, true, true, true, true, true, true, true, true, true, true, true, true, true, true, true, true, true, true, true, true, true, true, true, true, true, true, true, true, true, true, true, true, true, true, true, true, true, true, true, true, true, true, true, true, true, true, true, true, true, true, true, true, true, true]
Jan 15, 2015 6:21:46 PM org.ccnx.ccn.profiles.sync.SyncTestRepo checkCallbacks
DETALHADO: got segment 90
Jan 15, 2015 6:21:46 PM org.ccnx.ccn.profiles.sync.SyncTestRepo checkCallbacks
DETALHADO: received: [true, true, true, true, true, true, true, true, true, true, true, true, true, true, true, true, true, true, true, true, true, true, true, true, true, true, true, true, true, true, true, true, true, true, true, true, true, true, true, true, true, true, true, true, true, true, true, true, true, true, true, true, true, true, true, true, true, true, true, true, true, true, true, true, true, true, true, true, true, true, true, false, false, false, false, false, false, false, false, false, false] finished: [true, true, true, true, true, true, true, true, true, true, true, true, true, true, true, true, true, true, true, true, true, true, true, true, true, true, true, true, true, true, true, true, true, true, true, true, true, true, true, true, true, true, true, true, true, true, true, true, true, true, true, true, true, true, true, true, true, true, true, true, true, true, true, true, true, true, true, true, true, true, true, true, true, true, true, true, true, true, true, true, true]
Jan 15, 2015 6:21:46 PM org.ccnx.ccn.profiles.sync.SyncTestRepo checkCallbacks
DETALHADO: got segment 91
Jan 15, 2015 6:21:46 PM org.ccnx.ccn.profiles.sync.SyncTestRepo checkCallbacks
DETALHADO: received: [true, true, true, true, true, true, true, true, true, true, true, true, true, true, true, true, true, true, true, true, true, true, true, true, true, true, true, true, true, true, true, true, true, true, true, true, true, true, true, true, true, true, true, true, true, true, true, true, true, true, true, true, true, true, true, true, true, true, true, true, true, true, true, true, true, true, true, true, true, true, true, true, false, false, false, false, false, false, false, false, false] finished: [true, true, true, true, true, true, true, true, true, true, true, true, true, true, true, true, true, true, true, true, true, true, true, true, true, true, true, true, true, true, true, true, true, true, true, true, true, true, true, true, true, true, true, true, true, true, true, true, true, true, true, true, true, true, true, true, true, true, true, true, true, true, true, true, true, true, true, true, true, true, true, true, true, true, true, true, true, true, true, true, true]
Jan 15, 2015 6:21:46 PM org.ccnx.ccn.profiles.sync.SyncTestRepo checkCallbacks
DETALHADO: got segment 92
Jan 15, 2015 6:21:46 PM org.ccnx.ccn.profiles.sync.SyncTestRepo checkCallbacks
DETALHADO: received: [true, true, true, true, true, true, true, true, true, true, true, true, true, true, true, true, true, true, true, true, true, true, true, true, true, true, true, true, true, true, true, true, true, true, true, true, true, true, true, true, true, true, true, true, true, true, true, true, true, true, true, true, true, true, true, true, true, true, true, true, true, true, true, true, true, true, true, true, true, true, true, true, true, false, false, false, false, false, false, false, false] finished: [true, true, true, true, true, true, true, true, true, true, true, true, true, true, true, true, true, true, true, true, true, true, true, true, true, true, true, true, true, true, true, true, true, true, true, true, true, true, true, true, true, true, true, true, true, true, true, true, true, true, true, true, true, true, true, true, true, true, true, true, true, true, true, true, true, true, true, true, true, true, true, true, true, true, true, true, true, true, true, true, true]
Jan 15, 2015 6:21:46 PM org.ccnx.ccn.profiles.sync.SyncTestRepo checkCallbacks
DETALHADO: got segment 93
Jan 15, 2015 6:21:46 PM org.ccnx.ccn.profiles.sync.SyncTestRepo checkCallbacks
DETALHADO: received: [true, true, true, true, true, true, true, true, true, true, true, true, true, true, true, true, true, true, true, true, true, true, true, true, true, true, true, true, true, true, true, true, true, true, true, true, true, true, true, true, true, true, true, true, true, true, true, true, true, true, true, true, true, true, true, true, true, true, true, true, true, true, true, true, true, true, true, true, true, true, true, true, true, true, false, false, false, false, false, false, false] finished: [true, true, true, true, true, true, true, true, true, true, true, true, true, true, true, true, true, true, true, true, true, true, true, true, true, true, true, true, true, true, true, true, true, true, true, true, true, true, true, true, true, true, true, true, true, true, true, true, true, true, true, true, true, true, true, true, true, true, true, true, true, true, true, true, true, true, true, true, true, true, true, true, true, true, true, true, true, true, true, true, true]
Jan 15, 2015 6:21:46 PM org.ccnx.ccn.profiles.sync.SyncTestRepo checkCallbacks
DETALHADO: got segment 94
Jan 15, 2015 6:21:46 PM org.ccnx.ccn.profiles.sync.SyncTestRepo checkCallbacks
DETALHADO: received: [true, true, true, true, true, true, true, true, true, true, true, true, true, true, true, true, true, true, true, true, true, true, true, true, true, true, true, true, true, true, true, true, true, true, true, true, true, true, true, true, true, true, true, true, true, true, true, true, true, true, true, true, true, true, true, true, true, true, true, true, true, true, true, true, true, true, true, true, true, true, true, true, true, true, true, false, false, false, false, false, false] finished: [true, true, true, true, true, true, true, true, true, true, true, true, true, true, true, true, true, true, true, true, true, true, true, true, true, true, true, true, true, true, true, true, true, true, true, true, true, true, true, true, true, true, true, true, true, true, true, true, true, true, true, true, true, true, true, true, true, true, true, true, true, true, true, true, true, true, true, true, true, true, true, true, true, true, true, true, true, true, true, true, true]
Jan 15, 2015 6:21:46 PM org.ccnx.ccn.profiles.sync.SyncTestRepo checkCallbacks
DETALHADO: got segment 95
Jan 15, 2015 6:21:46 PM org.ccnx.ccn.profiles.sync.SyncTestRepo checkCallbacks
DETALHADO: received: [true, true, true, true, true, true, true, true, true, true, true, true, true, true, true, true, true, true, true, true, true, true, true, true, true, true, true, true, true, true, true, true, true, true, true, true, true, true, true, true, true, true, true, true, true, true, true, true, true, true, true, true, true, true, true, true, true, true, true, true, true, true, true, true, true, true, true, true, true, true, true, true, true, true, true, true, false, false, false, false, false] finished: [true, true, true, true, true, true, true, true, true, true, true, true, true, true, true, true, true, true, true, true, true, true, true, true, true, true, true, true, true, true, true, true, true, true, true, true, true, true, true, true, true, true, true, true, true, true, true, true, true, true, true, true, true, true, true, true, true, true, true, true, true, true, true, true, true, true, true, true, true, true, true, true, true, true, true, true, true, true, true, true, true]
Jan 15, 2015 6:21:46 PM org.ccnx.ccn.profiles.sync.SyncTestRepo checkCallbacks
DETALHADO: got segment 96
Jan 15, 2015 6:21:46 PM org.ccnx.ccn.profiles.sync.SyncTestRepo checkCallbacks
DETALHADO: received: [true, true, true, true, true, true, true, true, true, true, true, true, true, true, true, true, true, true, true, true, true, true, true, true, true, true, true, true, true, true, true, true, true, true, true, true, true, true, true, true, true, true, true, true, true, true, true, true, true, true, true, true, true, true, true, true, true, true, true, true, true, true, true, true, true, true, true, true, true, true, true, true, true, true, true, true, true, false, false, false, false] finished: [true, true, true, true, true, true, true, true, true, true, true, true, true, true, true, true, true, true, true, true, true, true, true, true, true, true, true, true, true, true, true, true, true, true, true, true, true, true, true, true, true, true, true, true, true, true, true, true, true, true, true, true, true, true, true, true, true, true, true, true, true, true, true, true, true, true, true, true, true, true, true, true, true, true, true, true, true, true, true, true, true]
Jan 15, 2015 6:21:46 PM org.ccnx.ccn.profiles.sync.SyncTestRepo checkCallbacks
DETALHADO: got segment 97
Jan 15, 2015 6:21:46 PM org.ccnx.ccn.profiles.sync.SyncTestRepo checkCallbacks
DETALHADO: received: [true, true, true, true, true, true, true, true, true, true, true, true, true, true, true, true, true, true, true, true, true, true, true, true, true, true, true, true, true, true, true, true, true, true, true, true, true, true, true, true, true, true, true, true, true, true, true, true, true, true, true, true, true, true, true, true, true, true, true, true, true, true, true, true, true, true, true, true, true, true, true, true, true, true, true, true, true, true, false, false, false] finished: [true, true, true, true, true, true, true, true, true, true, true, true, true, true, true, true, true, true, true, true, true, true, true, true, true, true, true, true, true, true, true, true, true, true, true, true, true, true, true, true, true, true, true, true, true, true, true, true, true, true, true, true, true, true, true, true, true, true, true, true, true, true, true, true, true, true, true, true, true, true, true, true, true, true, true, true, true, true, true, true, true]
Jan 15, 2015 6:21:46 PM org.ccnx.ccn.profiles.sync.SyncTestRepo checkCallbacks
DETALHADO: got segment 98
Jan 15, 2015 6:21:46 PM org.ccnx.ccn.profiles.sync.SyncTestRepo checkCallbacks
DETALHADO: received: [true, true, true, true, true, true, true, true, true, true, true, true, true, true, true, true, true, true, true, true, true, true, true, true, true, true, true, true, true, true, true, true, true, true, true, true, true, true, true, true, true, true, true, true, true, true, true, true, true, true, true, true, true, true, true, true, true, true, true, true, true, true, true, true, true, true, true, true, true, true, true, true, true, true, true, true, true, true, true, false, false] finished: [true, true, true, true, true, true, true, true, true, true, true, true, true, true, true, true, true, true, true, true, true, true, true, true, true, true, true, true, true, true, true, true, true, true, true, true, true, true, true, true, true, true, true, true, true, true, true, true, true, true, true, true, true, true, true, true, true, true, true, true, true, true, true, true, true, true, true, true, true, true, true, true, true, true, true, true, true, true, true, true, true]
Jan 15, 2015 6:21:46 PM org.ccnx.ccn.profiles.sync.SyncTestRepo checkCallbacks
DETALHADO: got segment 99
Jan 15, 2015 6:21:46 PM org.ccnx.ccn.profiles.sync.SyncTestRepo checkCallbacks
DETALHADO: received: [true, true, true, true, true, true, true, true, true, true, true, true, true, true, true, true, true, true, true, true, true, true, true, true, true, true, true, true, true, true, true, true, true, true, true, true, true, true, true, true, true, true, true, true, true, true, true, true, true, true, true, true, true, true, true, true, true, true, true, true, true, true, true, true, true, true, true, true, true, true, true, true, true, true, true, true, true, true, true, true, false] finished: [true, true, true, true, true, true, true, true, true, true, true, true, true, true, true, true, true, true, true, true, true, true, true, true, true, true, true, true, true, true, true, true, true, true, true, true, true, true, true, true, true, true, true, true, true, true, true, true, true, true, true, true, true, true, true, true, true, true, true, true, true, true, true, true, true, true, true, true, true, true, true, true, true, true, true, true, true, true, true, true, true]
Jan 15, 2015 6:21:46 PM org.ccnx.ccn.profiles.sync.SyncTestRepo checkCallbacks
DETALHADO: got the header
Jan 15, 2015 6:21:46 PM org.ccnx.ccn.profiles.sync.SyncTestRepo checkCallbacks
DETALHADO: received: [true, true, true, true, true, true, true, true, true, true, true, true, true, true, true, true, true, true, true, true, true, true, true, true, true, true, true, true, true, true, true, true, true, true, true, true, true, true, true, true, true, true, true, true, true, true, true, true, true, true, true, true, true, true, true, true, true, true, true, true, true, true, true, true, true, true, true, true, true, true, true, true, true, true, true, true, true, true, true, true, true] finished: [true, true, true, true, true, true, true, true, true, true, true, true, true, true, true, true, true, true, true, true, true, true, true, true, true, true, true, true, true, true, true, true, true, true, true, true, true, true, true, true, true, true, true, true, true, true, true, true, true, true, true, true, true, true, true, true, true, true, true, true, true, true, true, true, true, true, true, true, true, true, true, true, true, true, true, true, true, true, true, true, true]
Jan 15, 2015 6:21:46 PM org.ccnx.ccn.profiles.sync.SyncTestRepo checkCallbacks
DETALHADO: got all the segments!
Jan 15, 2015 6:21:46 PM org.ccnx.ccn.profiles.sync.SyncTestRepo checkCallbacks
DETALHADO: trying to loop again looking for segments
Jan 15, 2015 6:21:46 PM org.ccnx.ccn.profiles.sync.SyncTestRepo checkCallbacks
DETALHADO: done looping, returning.
Jan 15, 2015 6:21:46 PM org.ccnx.ccn.profiles.sync.SyncTestRepo testSyncStartName
DETALHADO: I got all the callbacks for part 1 of testSyncRestart!
Jan 15, 2015 6:21:46 PM org.ccnx.ccn.impl.sync.ProtocolBasedSyncMonitor shutdown
INFORMAÇÕES: Shutting down sync on slice: /ccnx.org/test/SyncTestRepo-15-01-15-18.20.23/ccnSyncTest/slice8
Jan 15, 2015 6:21:46 PM org.ccnx.ccn.profiles.sync.SyncTestRepo testSyncStartName
INFORMAÇÕES: Finished running testSyncStartName
Jan 15, 2015 6:21:46 PM org.ccnx.ccn.profiles.sync.SyncTestRepo setUpNameSpace
DETALHADO: setting up namespace for sync test  data: /ccnx.org/test/SyncTestRepo-15-01-15-18.20.23/ccnSyncTest syncControlTraffic: /ccnx.org/test/SyncTestRepo-15-01-15-18.20.23/topoPrefix
Jan 15, 2015 6:21:46 PM org.ccnx.ccn.profiles.sync.SyncTestRepo testMultiSync
INFORMAÇÕES: Starting testMultiSync
Jan 15, 2015 6:21:46 PM org.ccnx.ccn.profiles.sync.SyncTestRepo testMultiSync
DETALHADO: writing out file: /ccnx.org/test/SyncTestRepo-15-01-15-18.20.23/ccnSyncTest/slice9
Jan 15, 2015 6:21:46 PM org.ccnx.ccn.impl.CCNFlowControl <init>
INFORMAÇÕES: adding namespace: /ccnx.org/test/SyncTestRepo-15-01-15-18.20.23/ccnSyncTest/slice9/randomFile
Jan 15, 2015 6:21:46 PM org.ccnx.ccn.impl.security.keys.BasicKeyManager getKeyLocator
INFORMAÇÕES: getKeyLocator: returning locator NAME: /ccnx.org/Users/root/Keys/%C1.M.K=009234ADEC47D19E3E6A2AF362D44E09AB6B71F43B1900BA0622FB45F2A5B7D9F6/=FD054AE7DE1000 KEY:-reba89rgbj1o6ata34t5eovcl4kho5s9pnv8nstq15q1ld4g9ga for key kjSt7EfRnj5qKvNi1E4Jq2tx9DsZALoGIvtF8qW32fY=
Jan 15, 2015 6:21:46 PM org.ccnx.ccn.io.CCNAbstractOutputStream <init>
INFORMAÇÕES: CCNAbstractOutputStream: /ccnx.org/test/SyncTestRepo-15-01-15-18.20.23/ccnSyncTest/slice9/randomFile/=FD054B82F6A1F4 blocksize is 4096
Jan 15, 2015 6:21:46 PM org.ccnx.ccn.io.CCNAbstractOutputStream startWrite
INFORMAÇÕES: CCNAbstractOutputStream: startWrite -- searching for keys.
Jan 15, 2015 6:21:46 PM org.ccnx.ccn.profiles.security.access.AccessControlManager keysForOutput
INFORMAÇÕES: keysForOutput: found an acm: (null)
Jan 15, 2015 6:21:46 PM org.ccnx.ccn.impl.repo.RepositoryFlowControl startWrite
INFORMAÇÕES: RepositoryFlowControl.startWrite called for name /ccnx.org/test/SyncTestRepo-15-01-15-18.20.23/ccnSyncTest/slice9/randomFile/=FD054B82F6A1F4, shape STREAM
Jan 15, 2015 6:21:46 PM org.ccnx.ccn.impl.repo.RepositoryFlowControl handleContent
INFORMAÇÕES: handleContent: got potential repo message: /ccnx.org/test/SyncTestRepo-15-01-15-18.20.23/ccnSyncTest/slice9/randomFile/=FD054B82F6A1F4/%C1.R.sw/%C1.N=00E35A98C1B6B53B45
Jan 15, 2015 6:21:46 PM org.ccnx.ccn.profiles.sync.SyncTestCommon writeFile
DETALHADO: bytes: 163840 block size: 4096 div: 40.0 ceil: 40
Jan 15, 2015 6:21:46 PM org.ccnx.ccn.profiles.sync.SyncTestCommon writeFile
DETALHADO: will write out a 163840 byte file, will have 41 segments (1 is a header)
Jan 15, 2015 6:21:46 PM org.ccnx.ccn.io.CCNOutputStream flushToNetwork
INFORMAÇÕES: flush: outputting to the segmenter, baseName /ccnx.org/test/SyncTestRepo-15-01-15-18.20.23/ccnSyncTest/slice9/randomFile/=FD054B82F6A1F4 basenameindex =0027; 4096 bytes written, holding back 4096 flushing final blocks? false.
Jan 15, 2015 6:21:46 PM org.ccnx.ccn.impl.CCNSegmenter outputCurrentBlocks
INFORMAÇÕES: flush: putting merkle tree to the network, name starts with /ccnx.org/test/SyncTestRepo-15-01-15-18.20.23/ccnSyncTest/slice9/randomFile/=FD054B82F6A1F4/=00; 39 blocks
Jan 15, 2015 6:21:46 PM org.ccnx.ccn.impl.security.crypto.CCNMerkleTreeSigner signBlocks
INFORMAÇÕES: Signed tree of 39 leaves, 77 nodes.
Jan 15, 2015 6:21:46 PM org.ccnx.ccn.io.CCNOutputStream flushToNetwork
INFORMAÇÕES: HEADER: CCNOutputStream: flushToNetwork: new _baseNameIndex 39
Jan 15, 2015 6:21:46 PM org.ccnx.ccn.io.CCNOutputStream flushToNetwork
INFORMAÇÕES: flush: outputting to the segmenter, baseName /ccnx.org/test/SyncTestRepo-15-01-15-18.20.23/ccnSyncTest/slice9/randomFile/=FD054B82F6A1F4 basenameindex =0027; 4096 bytes written, holding back 4096 flushing final blocks? false.
Jan 15, 2015 6:21:46 PM org.ccnx.ccn.io.CCNOutputStream flushToNetwork
INFORMAÇÕES: HEADER: CCNOutputStream: flushToNetwork: new _baseNameIndex 39
Jan 15, 2015 6:21:46 PM org.ccnx.ccn.io.CCNOutputStream flushToNetwork
INFORMAÇÕES: flush: outputting to the segmenter, baseName /ccnx.org/test/SyncTestRepo-15-01-15-18.20.23/ccnSyncTest/slice9/randomFile/=FD054B82F6A1F4 basenameindex =0027; 4096 bytes written, holding back 0 flushing final blocks? true.
Jan 15, 2015 6:21:46 PM org.ccnx.ccn.io.CCNOutputStream flushToNetwork
INFORMAÇÕES: HEADER: CCNOutputStream: flushToNetwork: new _baseNameIndex 40
Jan 15, 2015 6:21:46 PM org.ccnx.ccn.io.CCNAbstractOutputStream <init>
INFORMAÇÕES: CCNAbstractOutputStream: /ccnx.org/test/SyncTestRepo-15-01-15-18.20.23/ccnSyncTest/slice9/randomFile/=FD054B82F6A1F4/%C1.META.M/.header/=FD054B82F6A277 blocksize is 4096
Jan 15, 2015 6:21:46 PM org.ccnx.ccn.io.CCNAbstractOutputStream startWrite
INFORMAÇÕES: CCNAbstractOutputStream: startWrite -- searching for keys.
Jan 15, 2015 6:21:46 PM org.ccnx.ccn.profiles.security.access.AccessControlManager keysForOutput
INFORMAÇÕES: keysForOutput: found an acm: (null)
Jan 15, 2015 6:21:46 PM org.ccnx.ccn.impl.repo.RepositoryFlowControl startWrite
INFORMAÇÕES: RepositoryFlowControl.startWrite called for name /ccnx.org/test/SyncTestRepo-15-01-15-18.20.23/ccnSyncTest/slice9/randomFile/=FD054B82F6A1F4/%C1.META.M/.header/=FD054B82F6A277, shape STREAM
Jan 15, 2015 6:21:46 PM org.ccnx.ccn.impl.repo.RepositoryFlowControl handleContent
INFORMAÇÕES: handleContent: got potential repo message: /ccnx.org/test/SyncTestRepo-15-01-15-18.20.23/ccnSyncTest/slice9/randomFile/=FD054B82F6A1F4/%C1.META.M/.header/=FD054B82F6A277/%C1.R.sw/%C1.N=00C669E27624A231F2
Jan 15, 2015 6:21:46 PM org.ccnx.ccn.io.CCNOutputStream flushToNetwork
INFORMAÇÕES: flush: outputting to the segmenter, baseName /ccnx.org/test/SyncTestRepo-15-01-15-18.20.23/ccnSyncTest/slice9/randomFile/=FD054B82F6A1F4/%C1.META.M/.header/=FD054B82F6A277 basenameindex =00; 69 bytes written, holding back 69 flushing final blocks? false.
Jan 15, 2015 6:21:46 PM org.ccnx.ccn.io.CCNOutputStream flushToNetwork
INFORMAÇÕES: HEADER: CCNOutputStream: flushToNetwork: new _baseNameIndex 0
Jan 15, 2015 6:21:46 PM org.ccnx.ccn.io.CCNOutputStream flushToNetwork
INFORMAÇÕES: flush: outputting to the segmenter, baseName /ccnx.org/test/SyncTestRepo-15-01-15-18.20.23/ccnSyncTest/slice9/randomFile/=FD054B82F6A1F4/%C1.META.M/.header/=FD054B82F6A277 basenameindex =00; 69 bytes written, holding back 69 flushing final blocks? false.
Jan 15, 2015 6:21:46 PM org.ccnx.ccn.io.CCNOutputStream flushToNetwork
INFORMAÇÕES: HEADER: CCNOutputStream: flushToNetwork: new _baseNameIndex 0
Jan 15, 2015 6:21:46 PM org.ccnx.ccn.io.CCNOutputStream flushToNetwork
INFORMAÇÕES: flush: outputting to the segmenter, baseName /ccnx.org/test/SyncTestRepo-15-01-15-18.20.23/ccnSyncTest/slice9/randomFile/=FD054B82F6A1F4/%C1.META.M/.header/=FD054B82F6A277 basenameindex =00; 69 bytes written, holding back 0 flushing final blocks? true.
Jan 15, 2015 6:21:46 PM org.ccnx.ccn.io.CCNOutputStream flushToNetwork
INFORMAÇÕES: HEADER: CCNOutputStream: flushToNetwork: new _baseNameIndex 1
Jan 15, 2015 6:21:46 PM org.ccnx.ccn.io.CCNOutputStream close
INFORMAÇÕES: CCNOutputStream close: /ccnx.org/test/SyncTestRepo-15-01-15-18.20.23/ccnSyncTest/slice9/randomFile/=FD054B82F6A1F4/%C1.META.M/.header/=FD054B82F6A277
Jan 15, 2015 6:21:46 PM org.ccnx.ccn.io.CCNOutputStream close
INFORMAÇÕES: CCNOutputStream close: /ccnx.org/test/SyncTestRepo-15-01-15-18.20.23/ccnSyncTest/slice9/randomFile/=FD054B82F6A1F4
Jan 15, 2015 6:21:46 PM org.ccnx.ccn.profiles.sync.SyncTestCommon writeFile
INFORMAÇÕES: Wrote file to repository: /ccnx.org/test/SyncTestRepo-15-01-15-18.20.23/ccnSyncTest/slice9/randomFile/=FD054B82F6A1F4 with 41 segments
Jan 15, 2015 6:21:46 PM org.ccnx.ccn.io.content.CCNNetworkObject createFlowController
INFORMAÇÕES: Created LOCALREPOSITORY flow controller, for prefix /%C1.M.S.localhost/%C1.S.cs/-%0At=A9FCBB6E15FA2D6B6641873BC86B4DD903F19B0F107FFC9D229A5B870F, save type LOCALREPOSITORY
Jan 15, 2015 6:21:46 PM org.ccnx.ccn.profiles.VersioningProfile getLatestVersion
INFORMAÇÕES: getFirstBlockOfLatestVersion: no block available for later version of /%C1.M.S.localhost/%C1.S.cs/-%0At=A9FCBB6E15FA2D6B6641873BC86B4DD903F19B0F107FFC9D229A5B870F
Jan 15, 2015 6:21:46 PM org.ccnx.ccn.io.content.ConfigSlice checkAndCreate
DETALHADO: didn't find a slice in my repo.
Jan 15, 2015 6:21:46 PM org.ccnx.ccn.io.content.ConfigSlice checkAndCreate
DETALHADO: need to save my data to create the slice for the repo!
Jan 15, 2015 6:21:46 PM org.ccnx.ccn.impl.CCNFlowControl addNameSpace
INFORMAÇÕES: Flow controller addNameSpace: added namespace: /%C1.M.S.localhost/%C1.S.cs/-%0At=A9FCBB6E15FA2D6B6641873BC86B4DD903F19B0F107FFC9D229A5B870F
Jan 15, 2015 6:21:46 PM org.ccnx.ccn.impl.security.keys.BasicKeyManager getKeyLocator
INFORMAÇÕES: getKeyLocator: returning locator NAME: /ccnx.org/Users/root/Keys/%C1.M.K=009234ADEC47D19E3E6A2AF362D44E09AB6B71F43B1900BA0622FB45F2A5B7D9F6/=FD054AE7DE1000 KEY:-reba89rgbj1o6ata34t5eovcl4kho5s9pnv8nstq15q1ld4g9ga for key kjSt7EfRnj5qKvNi1E4Jq2tx9DsZALoGIvtF8qW32fY=
Jan 15, 2015 6:21:46 PM org.ccnx.ccn.io.CCNAbstractOutputStream <init>
INFORMAÇÕES: CCNAbstractOutputStream: /%C1.M.S.localhost/%C1.S.cs/-%0At=A9FCBB6E15FA2D6B6641873BC86B4DD903F19B0F107FFC9D229A5B870F/=FD054B82F6A7B2 blocksize is 4096
Jan 15, 2015 6:21:46 PM org.ccnx.ccn.io.CCNAbstractOutputStream startWrite
INFORMAÇÕES: CCNAbstractOutputStream: startWrite -- searching for keys.
Jan 15, 2015 6:21:46 PM org.ccnx.ccn.profiles.security.access.AccessControlManager keysForOutput
INFORMAÇÕES: keysForOutput: found an acm: (null)
Jan 15, 2015 6:21:46 PM org.ccnx.ccn.impl.repo.RepositoryFlowControl startWrite
INFORMAÇÕES: RepositoryFlowControl.startWrite called for name /%C1.M.S.localhost/%C1.S.cs/-%0At=A9FCBB6E15FA2D6B6641873BC86B4DD903F19B0F107FFC9D229A5B870F/=FD054B82F6A7B2, shape STREAM
Jan 15, 2015 6:21:46 PM org.ccnx.ccn.impl.repo.RepositoryFlowControl handleContent
INFORMAÇÕES: handleContent: got potential repo message: /%C1.M.S.localhost/%C1.S.cs/-%0At=A9FCBB6E15FA2D6B6641873BC86B4DD903F19B0F107FFC9D229A5B870F/=FD054B82F6A7B2/%C1.R.sw/%C1.N=009D7DE289053FA8EF
Jan 15, 2015 6:21:46 PM org.ccnx.ccn.io.CCNOutputStream flushToNetwork
INFORMAÇÕES: flush: outputting to the segmenter, baseName /%C1.M.S.localhost/%C1.S.cs/-%0At=A9FCBB6E15FA2D6B6641873BC86B4DD903F19B0F107FFC9D229A5B870F/=FD054B82F6A7B2 basenameindex =00; 162 bytes written, holding back 162 flushing final blocks? false.
Jan 15, 2015 6:21:46 PM org.ccnx.ccn.io.CCNOutputStream flushToNetwork
INFORMAÇÕES: HEADER: CCNOutputStream: flushToNetwork: new _baseNameIndex 0
Jan 15, 2015 6:21:46 PM org.ccnx.ccn.io.CCNOutputStream flushToNetwork
INFORMAÇÕES: flush: outputting to the segmenter, baseName /%C1.M.S.localhost/%C1.S.cs/-%0At=A9FCBB6E15FA2D6B6641873BC86B4DD903F19B0F107FFC9D229A5B870F/=FD054B82F6A7B2 basenameindex =00; 162 bytes written, holding back 0 flushing final blocks? true.
Jan 15, 2015 6:21:46 PM org.ccnx.ccn.io.CCNOutputStream flushToNetwork
INFORMAÇÕES: HEADER: CCNOutputStream: flushToNetwork: new _baseNameIndex 1
Jan 15, 2015 6:21:46 PM org.ccnx.ccn.io.CCNOutputStream close
INFORMAÇÕES: CCNOutputStream close: /%C1.M.S.localhost/%C1.S.cs/-%0At=A9FCBB6E15FA2D6B6641873BC86B4DD903F19B0F107FFC9D229A5B870F/=FD054B82F6A7B2
Jan 15, 2015 6:21:46 PM org.ccnx.ccn.impl.sync.SliceComparator <init>
INFORMAÇÕES: Beginning sync monitoring from start
Jan 15, 2015 6:21:46 PM org.ccnx.ccn.impl.sync.SliceComparator setTimeout
DETALHADO: Sync timeout changed to 3000
Jan 15, 2015 6:21:46 PM org.ccnx.ccn.impl.sync.ProtocolBasedSyncMonitor registerCallback
DETALHADO: Starting a new comparator - it is the lead.
Jan 15, 2015 6:21:46 PM org.ccnx.ccn.CCNSync startSync
INFORMAÇÕES: Started sync with topo: /ccnx.org/test/SyncTestRepo-15-01-15-18.20.23/topoPrefix and prefix: /ccnx.org/test/SyncTestRepo-15-01-15-18.20.23/ccnSyncTest/slice9
Jan 15, 2015 6:21:46 PM org.ccnx.ccn.io.content.CCNNetworkObject createFlowController
INFORMAÇÕES: Created LOCALREPOSITORY flow controller, for prefix /%C1.M.S.localhost/%C1.S.cs/-%0At=A9FCBB6E15FA2D6B6641873BC86B4DD903F19B0F107FFC9D229A5B870F, save type LOCALREPOSITORY
Jan 15, 2015 6:21:46 PM org.ccnx.ccn.profiles.VersioningProfile getLatestVersion
INFORMAÇÕES: gLV getLatestVersion: retrieved latest version object /%C1.M.S.localhost/%C1.S.cs/-%0At=A9FCBB6E15FA2D6B6641873BC86B4DD903F19B0F107FFC9D229A5B870F/=FD054B82F6A7B2/=00 type: DATA
Jan 15, 2015 6:21:46 PM org.ccnx.ccn.profiles.VersioningProfile getLatestVersion
INFORMAÇÕES: getFirstBlockOfLatestVersion: no block available for later version of /%C1.M.S.localhost/%C1.S.cs/-%0At=A9FCBB6E15FA2D6B6641873BC86B4DD903F19B0F107FFC9D229A5B870F/=FD054B82F6A7B2
Jan 15, 2015 6:21:46 PM org.ccnx.ccn.io.CCNAbstractInputStream <init>
INFORMAÇÕES: CCNAbstractInputStream: /%C1.M.S.localhost/%C1.S.cs/-%0At=A9FCBB6E15FA2D6B6641873BC86B4DD903F19B0F107FFC9D229A5B870F/=FD054B82F6A7B2 segment 0
Jan 15, 2015 6:21:46 PM org.ccnx.ccn.io.content.ConfigSlice checkAndCreate
DETALHADO: found this slice in my repo! /%C1.M.S.localhost/%C1.S.cs/-%0At=A9FCBB6E15FA2D6B6641873BC86B4DD903F19B0F107FFC9D229A5B870F/=FD054B82F6A7B2
Jan 15, 2015 6:21:46 PM org.ccnx.ccn.io.content.ConfigSlice checkAndCreate
DETALHADO: don't need to do anything...  returning the existing slice
Jan 15, 2015 6:21:46 PM org.ccnx.ccn.impl.sync.SliceComparator <init>
INFORMAÇÕES: Beginning sync monitoring from start
Jan 15, 2015 6:21:46 PM org.ccnx.ccn.impl.sync.SliceComparator setTimeout
DETALHADO: Sync timeout changed to 3000
Jan 15, 2015 6:21:46 PM org.ccnx.ccn.impl.sync.ProtocolBasedSyncMonitor registerCallback
DETALHADO: Starting a new comparator - it is not the lead.
Jan 15, 2015 6:21:46 PM org.ccnx.ccn.CCNSync startSync
INFORMAÇÕES: Started sync with topo: /ccnx.org/test/SyncTestRepo-15-01-15-18.20.23/topoPrefix and prefix: /ccnx.org/test/SyncTestRepo-15-01-15-18.20.23/ccnSyncTest/slice9
Jan 15, 2015 6:21:46 PM org.ccnx.ccn.io.content.CCNNetworkObject createFlowController
INFORMAÇÕES: Created LOCALREPOSITORY flow controller, for prefix /%C1.M.S.localhost/%C1.S.cs/-%0At=A9FCBB6E15FA2D6B6641873BC86B4DD903F19B0F107FFC9D229A5B870F, save type LOCALREPOSITORY
Jan 15, 2015 6:21:46 PM org.ccnx.ccn.profiles.VersioningProfile getLatestVersion
INFORMAÇÕES: gLV getLatestVersion: retrieved latest version object /%C1.M.S.localhost/%C1.S.cs/-%0At=A9FCBB6E15FA2D6B6641873BC86B4DD903F19B0F107FFC9D229A5B870F/=FD054B82F6A7B2/=00 type: DATA
Jan 15, 2015 6:21:47 PM org.ccnx.ccn.profiles.VersioningProfile getLatestVersion
INFORMAÇÕES: getFirstBlockOfLatestVersion: no block available for later version of /%C1.M.S.localhost/%C1.S.cs/-%0At=A9FCBB6E15FA2D6B6641873BC86B4DD903F19B0F107FFC9D229A5B870F/=FD054B82F6A7B2
Jan 15, 2015 6:21:47 PM org.ccnx.ccn.io.CCNAbstractInputStream <init>
INFORMAÇÕES: CCNAbstractInputStream: /%C1.M.S.localhost/%C1.S.cs/-%0At=A9FCBB6E15FA2D6B6641873BC86B4DD903F19B0F107FFC9D229A5B870F/=FD054B82F6A7B2 segment 0
Jan 15, 2015 6:21:47 PM org.ccnx.ccn.io.content.ConfigSlice checkAndCreate
DETALHADO: found this slice in my repo! /%C1.M.S.localhost/%C1.S.cs/-%0At=A9FCBB6E15FA2D6B6641873BC86B4DD903F19B0F107FFC9D229A5B870F/=FD054B82F6A7B2
Jan 15, 2015 6:21:47 PM org.ccnx.ccn.io.content.ConfigSlice checkAndCreate
DETALHADO: don't need to do anything...  returning the existing slice
Jan 15, 2015 6:21:47 PM org.ccnx.ccn.impl.sync.SliceComparator <init>
INFORMAÇÕES: Beginning sync monitoring from start
Jan 15, 2015 6:21:47 PM org.ccnx.ccn.impl.sync.SliceComparator setTimeout
DETALHADO: Sync timeout changed to 3000
Jan 15, 2015 6:21:47 PM org.ccnx.ccn.impl.sync.ProtocolBasedSyncMonitor registerCallback
DETALHADO: Starting a new comparator - it is not the lead.
Jan 15, 2015 6:21:47 PM org.ccnx.ccn.CCNSync startSync
INFORMAÇÕES: Started sync with topo: /ccnx.org/test/SyncTestRepo-15-01-15-18.20.23/topoPrefix and prefix: /ccnx.org/test/SyncTestRepo-15-01-15-18.20.23/ccnSyncTest/slice9
Jan 15, 2015 6:21:47 PM org.ccnx.ccn.profiles.sync.SyncTestRepo checkCallbacks
DETALHADO: checking for callbacks:  /ccnx.org/test/SyncTestRepo-15-01-15-18.20.23/ccnSyncTest/slice9 segments: 41
Jan 15, 2015 6:21:47 PM org.ccnx.ccn.profiles.sync.SyncTestRepo checkCallbacks
DETALHADO: trying to loop again looking for segments
Jan 15, 2015 6:21:48 PM org.ccnx.ccn.profiles.sync.SyncTestRepo checkCallbacks
DETALHADO: trying to loop again looking for segments
Jan 15, 2015 6:21:48 PM org.ccnx.ccn.profiles.sync.SyncTestRepo checkCallbacks
DETALHADO: trying to loop again looking for segments
Jan 15, 2015 6:21:49 PM org.ccnx.ccn.profiles.sync.SyncTestRepo checkCallbacks
DETALHADO: trying to loop again looking for segments
Jan 15, 2015 6:21:49 PM org.ccnx.ccn.profiles.sync.SyncTestRepo checkCallbacks
DETALHADO: trying to loop again looking for segments
Jan 15, 2015 6:21:50 PM org.ccnx.ccn.profiles.sync.SyncTestRepo checkCallbacks
DETALHADO: trying to loop again looking for segments
Jan 15, 2015 6:21:50 PM org.ccnx.ccn.impl.sync.ProtocolBasedSyncMonitor handleContent
INFORMAÇÕES: Saw new content from sync: /ccnx.org/test/SyncTestRepo-15-01-15-18.20.23/topoPrefix/%C1.S.ra/-%0At=A9FCBB6E15FA2D6B6641873BC86B4DD903F19B0F107FFC9D229A5B870F/.../%15ma%2B7=7FD272F1BDE647E0F878992BBBB90475671DEC0503A3551F752A2F06
Jan 15, 2015 6:21:50 PM org.ccnx.ccn.impl.sync.ProtocolBasedSyncMonitor handleContent
INFORMAÇÕES: Saw new content from sync: /ccnx.org/test/SyncTestRepo-15-01-15-18.20.23/topoPrefix/%C1.S.ra/-%0At=A9FCBB6E15FA2D6B6641873BC86B4DD903F19B0F107FFC9D229A5B870F/.../%15ma%2B7=7FD272F1BDE647E0F878992BBBB90475671DEC0503A3551F752A2F06
Jan 15, 2015 6:21:50 PM org.ccnx.ccn.impl.sync.ProtocolBasedSyncMonitor handleContent
INFORMAÇÕES: Saw new content from sync: /ccnx.org/test/SyncTestRepo-15-01-15-18.20.23/topoPrefix/%C1.S.ra/-%0At=A9FCBB6E15FA2D6B6641873BC86B4DD903F19B0F107FFC9D229A5B870F/.../%15ma%2B7=7FD272F1BDE647E0F878992BBBB90475671DEC0503A3551F752A2F06
Jan 15, 2015 6:21:50 PM org.ccnx.ccn.profiles.sync.SyncTestRepo checkCallbacks
DETALHADO: trying to loop again looking for segments
Jan 15, 2015 6:21:50 PM org.ccnx.ccn.impl.sync.SliceComparator run
DETALHADO: Starting comparator run - state is INIT, sc is org.ccnx.ccn.impl.sync.SliceComparator@30df3bd5, this is the lead
Jan 15, 2015 6:21:50 PM org.ccnx.ccn.impl.sync.SliceComparator run
DETALHADO: Starting comparator run - state is INIT, sc is org.ccnx.ccn.impl.sync.SliceComparator@fd13604, this is not the lead
Jan 15, 2015 6:21:50 PM org.ccnx.ccn.io.content.SyncNodeComposite decodeLogging
O MAIS DETALHADO: decode node for %15ma%2B7=7FD272F1BDE647E0F878992BBBB90475671DEC0503A3551F752A2F06 depth = 2 refs = 3
Jan 15, 2015 6:21:50 PM org.ccnx.ccn.impl.sync.SliceComparator run
DETALHADO: Starting comparator run - state is INIT, sc is org.ccnx.ccn.impl.sync.SliceComparator@50b937e, this is not the lead
Jan 15, 2015 6:21:50 PM org.ccnx.ccn.io.content.SyncNodeComposite decodeLogging
O MAIS DETALHADO: min is 0, max is 0, expanded min is /ccnx.org/test/SyncTestRepo-15-01-15-18.20.23/ccnSyncTest/slice9/randomFile/=FD054B82F6A1F4/=00/=0B8EC1430BAA5314F574BA2A508E0FEA573169B7F4FB56342BADB25C2D81AC38, expanded max is /ccnx.org/test/SyncTestRepo-15-01-15-18.20.23/ccnSyncTest/slice9/randomFile/=FD054B82F6A1F4/%C1.META.M/.header/=FD054B82F6A277/=00/%E1d=DD9BAB5C9B8BB01ED5ACE2DBD7444D09943A4AAAF2EB897BB30A2244EAE0
Jan 15, 2015 6:21:50 PM org.ccnx.ccn.impl.sync.SyncTreeEntry <init>
O MAIS DETALHADO: Found existing node: %15ma%2B7=7FD272F1BDE647E0F878992BBBB90475671DEC0503A3551F752A2F06
Jan 15, 2015 6:21:50 PM org.ccnx.ccn.impl.sync.SyncTreeEntry <init>
O MAIS DETALHADO: Found existing node: %15ma%2B7=7FD272F1BDE647E0F878992BBBB90475671DEC0503A3551F752A2F06
Jan 15, 2015 6:21:50 PM org.ccnx.ccn.impl.sync.SliceComparator run
INFORMAÇÕES: Starting new round with X = null and Y = %15ma%2B7=7FD272F1BDE647E0F878992BBBB90475671DEC0503A3551F752A2F06
Jan 15, 2015 6:21:50 PM org.ccnx.ccn.impl.sync.SliceComparator run
INFORMAÇÕES: Starting new round with X = null and Y = %15ma%2B7=7FD272F1BDE647E0F878992BBBB90475671DEC0503A3551F752A2F06
Jan 15, 2015 6:21:50 PM org.ccnx.ccn.impl.sync.ProtocolBasedSyncMonitor requestNode
DETALHADO: Requesting node for hash: /ccnx.org/test/SyncTestRepo-15-01-15-18.20.23/topoPrefix/%C1.S.nf/-%0At=A9FCBB6E15FA2D6B6641873BC86B4DD903F19B0F107FFC9D229A5B870F/%05p%EFG=05106476F4B0BCB015CE24928C905584ADBEFC5B309FCF04F160EE6E0B
Jan 15, 2015 6:21:50 PM org.ccnx.ccn.impl.sync.SliceComparator run
INFORMAÇÕES: Starting new round with X = null and Y = %15ma%2B7=7FD272F1BDE647E0F878992BBBB90475671DEC0503A3551F752A2F06
Jan 15, 2015 6:21:50 PM org.ccnx.ccn.impl.sync.ProtocolBasedSyncMonitor requestNode
DETALHADO: Requesting node for hash: /ccnx.org/test/SyncTestRepo-15-01-15-18.20.23/topoPrefix/%C1.S.nf/-%0At=A9FCBB6E15FA2D6B6641873BC86B4DD903F19B0F107FFC9D229A5B870F/=0D27327F18E53775D3C64E1D3CF8AA4C68228F0D34D9BA10D445B4A4CC934E33E7
Jan 15, 2015 6:21:50 PM org.ccnx.ccn.impl.sync.ProtocolBasedSyncMonitor requestNode
DETALHADO: Requesting node for hash: /ccnx.org/test/SyncTestRepo-15-01-15-18.20.23/topoPrefix/%C1.S.nf/-%0At=A9FCBB6E15FA2D6B6641873BC86B4DD903F19B0F107FFC9D229A5B870F/=02D53F65198A36862946DB7A8E31A9BA3708D47292CE6780001E1FAB6180ED8D14
Jan 15, 2015 6:21:50 PM org.ccnx.ccn.impl.sync.SliceComparator doComparison
O MAIS DETALHADO: Y hash only for %15ma%2B7=7FD272F1BDE647E0F878992BBBB90475671DEC0503A3551F752A2F06, type is HASH, pos is 0
Jan 15, 2015 6:21:50 PM org.ccnx.ccn.impl.sync.SliceComparator doComparison
O MAIS DETALHADO: Y hash only for %15ma%2B7=7FD272F1BDE647E0F878992BBBB90475671DEC0503A3551F752A2F06, type is HASH, pos is 0
Jan 15, 2015 6:21:50 PM org.ccnx.ccn.impl.sync.SliceComparator doComparison
O MAIS DETALHADO: Y hash only for %15ma%2B7=7FD272F1BDE647E0F878992BBBB90475671DEC0503A3551F752A2F06, type is HASH, pos is 0
Jan 15, 2015 6:21:50 PM org.ccnx.ccn.impl.sync.SliceComparator.NodeFetchHandler handleContent
DETALHADO: Saw data from nodefind: hash: %05p%EFG=05106476F4B0BCB015CE24928C905584ADBEFC5B309FCF04F160EE6E0B
Jan 15, 2015 6:21:50 PM org.ccnx.ccn.impl.sync.SliceComparator doComparison
O MAIS DETALHADO: Y hash only for %05p%EFG=05106476F4B0BCB015CE24928C905584ADBEFC5B309FCF04F160EE6E0B, type is LEAF, pos is 0
Jan 15, 2015 6:21:50 PM org.ccnx.ccn.io.content.SyncNodeComposite decodeLogging
O MAIS DETALHADO: decode node for %05p%EFG=05106476F4B0BCB015CE24928C905584ADBEFC5B309FCF04F160EE6E0B depth = 1 refs = 14
Jan 15, 2015 6:21:50 PM org.ccnx.ccn.impl.sync.SliceComparator doComparison
O MAIS DETALHADO: Y hash only for %05p%EFG=05106476F4B0BCB015CE24928C905584ADBEFC5B309FCF04F160EE6E0B, type is LEAF, pos is 0
Jan 15, 2015 6:21:50 PM org.ccnx.ccn.io.content.SyncNodeComposite decodeLogging
O MAIS DETALHADO: min is 0, max is 13, expanded min is /ccnx.org/test/SyncTestRepo-15-01-15-18.20.23/ccnSyncTest/slice9/randomFile/=FD054B82F6A1F4/=00/=0B8EC1430BAA5314F574BA2A508E0FEA573169B7F4FB56342BADB25C2D81AC38, expanded max is /ccnx.org/test/SyncTestRepo-15-01-15-18.20.23/ccnSyncTest/slice9/randomFile/=FD054B82F6A1F4/=000D/.c_=93C045343A0FA539250EF510B680EA9A519EA07ABA3638E919CE466C18
Jan 15, 2015 6:21:50 PM org.ccnx.ccn.profiles.sync.SyncTestRepo.SyncHandler3 handleContentName
DETALHADO: Saw a name for callbackNames3
Jan 15, 2015 6:21:50 PM org.ccnx.ccn.profiles.sync.SyncTestRepo.SyncHandler2 handleContentName
DETALHADO: Saw a name for callbackNames2
Jan 15, 2015 6:21:50 PM org.ccnx.ccn.impl.sync.SliceComparator doComparison
O MAIS DETALHADO: Y hash only for %05p%EFG=05106476F4B0BCB015CE24928C905584ADBEFC5B309FCF04F160EE6E0B, type is LEAF, pos is 0
Jan 15, 2015 6:21:50 PM org.ccnx.ccn.profiles.sync.SyncTestRepo doHandleContentName
INFORMAÇÕES: Number 3: Callback for name: /ccnx.org/test/SyncTestRepo-15-01-15-18.20.23/ccnSyncTest/slice9/randomFile/=FD054B82F6A1F4/=00 - number is 0
Jan 15, 2015 6:21:50 PM org.ccnx.ccn.profiles.sync.SyncTestRepo doHandleContentName
INFORMAÇÕES: Number 2: Callback for name: /ccnx.org/test/SyncTestRepo-15-01-15-18.20.23/ccnSyncTest/slice9/randomFile/=FD054B82F6A1F4/=00 - number is 0
Jan 15, 2015 6:21:50 PM org.ccnx.ccn.profiles.sync.SyncTestRepo doHandleContentName
INFORMAÇÕES: Number 1: Callback for name: /ccnx.org/test/SyncTestRepo-15-01-15-18.20.23/ccnSyncTest/slice9/randomFile/=FD054B82F6A1F4/=00 - number is 0
Jan 15, 2015 6:21:50 PM org.ccnx.ccn.impl.sync.SliceComparator doComparison
O MAIS DETALHADO: Y hash only for %05p%EFG=05106476F4B0BCB015CE24928C905584ADBEFC5B309FCF04F160EE6E0B, type is LEAF, pos is 1
Jan 15, 2015 6:21:50 PM org.ccnx.ccn.impl.sync.SliceComparator doComparison
O MAIS DETALHADO: Y hash only for %05p%EFG=05106476F4B0BCB015CE24928C905584ADBEFC5B309FCF04F160EE6E0B, type is LEAF, pos is 1
Jan 15, 2015 6:21:50 PM org.ccnx.ccn.impl.sync.SliceComparator doComparison
O MAIS DETALHADO: Y hash only for %05p%EFG=05106476F4B0BCB015CE24928C905584ADBEFC5B309FCF04F160EE6E0B, type is LEAF, pos is 1
Jan 15, 2015 6:21:50 PM org.ccnx.ccn.profiles.sync.SyncTestRepo.SyncHandler2 handleContentName
DETALHADO: Saw a name for callbackNames2
Jan 15, 2015 6:21:50 PM org.ccnx.ccn.profiles.sync.SyncTestRepo doHandleContentName
INFORMAÇÕES: Number 2: Callback for name: /ccnx.org/test/SyncTestRepo-15-01-15-18.20.23/ccnSyncTest/slice9/randomFile/=FD054B82F6A1F4/=0001 - number is 1
Jan 15, 2015 6:21:50 PM org.ccnx.ccn.profiles.sync.SyncTestRepo.SyncHandler3 handleContentName
DETALHADO: Saw a name for callbackNames3
Jan 15, 2015 6:21:50 PM org.ccnx.ccn.profiles.sync.SyncTestRepo doHandleContentName
INFORMAÇÕES: Number 1: Callback for name: /ccnx.org/test/SyncTestRepo-15-01-15-18.20.23/ccnSyncTest/slice9/randomFile/=FD054B82F6A1F4/=0001 - number is 1
Jan 15, 2015 6:21:50 PM org.ccnx.ccn.impl.sync.SliceComparator doComparison
O MAIS DETALHADO: Y hash only for %05p%EFG=05106476F4B0BCB015CE24928C905584ADBEFC5B309FCF04F160EE6E0B, type is LEAF, pos is 2
Jan 15, 2015 6:21:50 PM org.ccnx.ccn.impl.sync.SliceComparator doComparison
O MAIS DETALHADO: Y hash only for %05p%EFG=05106476F4B0BCB015CE24928C905584ADBEFC5B309FCF04F160EE6E0B, type is LEAF, pos is 2
Jan 15, 2015 6:21:50 PM org.ccnx.ccn.profiles.sync.SyncTestRepo doHandleContentName
INFORMAÇÕES: Number 3: Callback for name: /ccnx.org/test/SyncTestRepo-15-01-15-18.20.23/ccnSyncTest/slice9/randomFile/=FD054B82F6A1F4/=0001 - number is 1
Jan 15, 2015 6:21:50 PM org.ccnx.ccn.profiles.sync.SyncTestRepo.SyncHandler2 handleContentName
DETALHADO: Saw a name for callbackNames2
Jan 15, 2015 6:21:50 PM org.ccnx.ccn.profiles.sync.SyncTestRepo doHandleContentName
INFORMAÇÕES: Number 1: Callback for name: /ccnx.org/test/SyncTestRepo-15-01-15-18.20.23/ccnSyncTest/slice9/randomFile/=FD054B82F6A1F4/=0002 - number is 2
Jan 15, 2015 6:21:50 PM org.ccnx.ccn.impl.sync.SliceComparator doComparison
O MAIS DETALHADO: Y hash only for %05p%EFG=05106476F4B0BCB015CE24928C905584ADBEFC5B309FCF04F160EE6E0B, type is LEAF, pos is 2
Jan 15, 2015 6:21:50 PM org.ccnx.ccn.profiles.sync.SyncTestRepo doHandleContentName
INFORMAÇÕES: Number 2: Callback for name: /ccnx.org/test/SyncTestRepo-15-01-15-18.20.23/ccnSyncTest/slice9/randomFile/=FD054B82F6A1F4/=0002 - number is 2
Jan 15, 2015 6:21:50 PM org.ccnx.ccn.impl.sync.SliceComparator doComparison
O MAIS DETALHADO: Y hash only for %05p%EFG=05106476F4B0BCB015CE24928C905584ADBEFC5B309FCF04F160EE6E0B, type is LEAF, pos is 3
Jan 15, 2015 6:21:50 PM org.ccnx.ccn.profiles.sync.SyncTestRepo.SyncHandler3 handleContentName
DETALHADO: Saw a name for callbackNames3
Jan 15, 2015 6:21:50 PM org.ccnx.ccn.impl.sync.SliceComparator doComparison
O MAIS DETALHADO: Y hash only for %05p%EFG=05106476F4B0BCB015CE24928C905584ADBEFC5B309FCF04F160EE6E0B, type is LEAF, pos is 3
Jan 15, 2015 6:21:50 PM org.ccnx.ccn.profiles.sync.SyncTestRepo doHandleContentName
INFORMAÇÕES: Number 1: Callback for name: /ccnx.org/test/SyncTestRepo-15-01-15-18.20.23/ccnSyncTest/slice9/randomFile/=FD054B82F6A1F4/=0003 - number is 3
Jan 15, 2015 6:21:50 PM org.ccnx.ccn.profiles.sync.SyncTestRepo.SyncHandler2 handleContentName
DETALHADO: Saw a name for callbackNames2
Jan 15, 2015 6:21:50 PM org.ccnx.ccn.profiles.sync.SyncTestRepo doHandleContentName
INFORMAÇÕES: Number 3: Callback for name: /ccnx.org/test/SyncTestRepo-15-01-15-18.20.23/ccnSyncTest/slice9/randomFile/=FD054B82F6A1F4/=0002 - number is 2
Jan 15, 2015 6:21:50 PM org.ccnx.ccn.impl.sync.SliceComparator doComparison
O MAIS DETALHADO: Y hash only for %05p%EFG=05106476F4B0BCB015CE24928C905584ADBEFC5B309FCF04F160EE6E0B, type is LEAF, pos is 4
Jan 15, 2015 6:21:50 PM org.ccnx.ccn.profiles.sync.SyncTestRepo doHandleContentName
INFORMAÇÕES: Number 2: Callback for name: /ccnx.org/test/SyncTestRepo-15-01-15-18.20.23/ccnSyncTest/slice9/randomFile/=FD054B82F6A1F4/=0003 - number is 3
Jan 15, 2015 6:21:50 PM org.ccnx.ccn.impl.sync.SliceComparator doComparison
O MAIS DETALHADO: Y hash only for %05p%EFG=05106476F4B0BCB015CE24928C905584ADBEFC5B309FCF04F160EE6E0B, type is LEAF, pos is 3
Jan 15, 2015 6:21:50 PM org.ccnx.ccn.impl.sync.SliceComparator doComparison
O MAIS DETALHADO: Y hash only for %05p%EFG=05106476F4B0BCB015CE24928C905584ADBEFC5B309FCF04F160EE6E0B, type is LEAF, pos is 4
Jan 15, 2015 6:21:50 PM org.ccnx.ccn.profiles.sync.SyncTestRepo doHandleContentName
INFORMAÇÕES: Number 1: Callback for name: /ccnx.org/test/SyncTestRepo-15-01-15-18.20.23/ccnSyncTest/slice9/randomFile/=FD054B82F6A1F4/=0004 - number is 4
Jan 15, 2015 6:21:50 PM org.ccnx.ccn.profiles.sync.SyncTestRepo.SyncHandler3 handleContentName
DETALHADO: Saw a name for callbackNames3
Jan 15, 2015 6:21:50 PM org.ccnx.ccn.profiles.sync.SyncTestRepo.SyncHandler2 handleContentName
DETALHADO: Saw a name for callbackNames2
Jan 15, 2015 6:21:50 PM org.ccnx.ccn.impl.sync.SliceComparator doComparison
O MAIS DETALHADO: Y hash only for %05p%EFG=05106476F4B0BCB015CE24928C905584ADBEFC5B309FCF04F160EE6E0B, type is LEAF, pos is 5
Jan 15, 2015 6:21:50 PM org.ccnx.ccn.profiles.sync.SyncTestRepo doHandleContentName
INFORMAÇÕES: Number 3: Callback for name: /ccnx.org/test/SyncTestRepo-15-01-15-18.20.23/ccnSyncTest/slice9/randomFile/=FD054B82F6A1F4/=0003 - number is 3
Jan 15, 2015 6:21:50 PM org.ccnx.ccn.profiles.sync.SyncTestRepo doHandleContentName
INFORMAÇÕES: Number 2: Callback for name: /ccnx.org/test/SyncTestRepo-15-01-15-18.20.23/ccnSyncTest/slice9/randomFile/=FD054B82F6A1F4/=0004 - number is 4
Jan 15, 2015 6:21:50 PM org.ccnx.ccn.profiles.sync.SyncTestRepo doHandleContentName
INFORMAÇÕES: Number 1: Callback for name: /ccnx.org/test/SyncTestRepo-15-01-15-18.20.23/ccnSyncTest/slice9/randomFile/=FD054B82F6A1F4/=0005 - number is 5
Jan 15, 2015 6:21:50 PM org.ccnx.ccn.impl.sync.SliceComparator doComparison
O MAIS DETALHADO: Y hash only for %05p%EFG=05106476F4B0BCB015CE24928C905584ADBEFC5B309FCF04F160EE6E0B, type is LEAF, pos is 4
Jan 15, 2015 6:21:50 PM org.ccnx.ccn.impl.sync.SliceComparator doComparison
O MAIS DETALHADO: Y hash only for %05p%EFG=05106476F4B0BCB015CE24928C905584ADBEFC5B309FCF04F160EE6E0B, type is LEAF, pos is 5
Jan 15, 2015 6:21:50 PM org.ccnx.ccn.impl.sync.SliceComparator doComparison
O MAIS DETALHADO: Y hash only for %05p%EFG=05106476F4B0BCB015CE24928C905584ADBEFC5B309FCF04F160EE6E0B, type is LEAF, pos is 6
Jan 15, 2015 6:21:50 PM org.ccnx.ccn.profiles.sync.SyncTestRepo.SyncHandler2 handleContentName
DETALHADO: Saw a name for callbackNames2
Jan 15, 2015 6:21:50 PM org.ccnx.ccn.profiles.sync.SyncTestRepo.SyncHandler3 handleContentName
DETALHADO: Saw a name for callbackNames3
Jan 15, 2015 6:21:50 PM org.ccnx.ccn.profiles.sync.SyncTestRepo doHandleContentName
INFORMAÇÕES: Number 2: Callback for name: /ccnx.org/test/SyncTestRepo-15-01-15-18.20.23/ccnSyncTest/slice9/randomFile/=FD054B82F6A1F4/=0005 - number is 5
Jan 15, 2015 6:21:50 PM org.ccnx.ccn.profiles.sync.SyncTestRepo doHandleContentName
INFORMAÇÕES: Number 1: Callback for name: /ccnx.org/test/SyncTestRepo-15-01-15-18.20.23/ccnSyncTest/slice9/randomFile/=FD054B82F6A1F4/=0006 - number is 6
Jan 15, 2015 6:21:50 PM org.ccnx.ccn.profiles.sync.SyncTestRepo doHandleContentName
INFORMAÇÕES: Number 3: Callback for name: /ccnx.org/test/SyncTestRepo-15-01-15-18.20.23/ccnSyncTest/slice9/randomFile/=FD054B82F6A1F4/=0004 - number is 4
Jan 15, 2015 6:21:50 PM org.ccnx.ccn.impl.sync.SliceComparator doComparison
O MAIS DETALHADO: Y hash only for %05p%EFG=05106476F4B0BCB015CE24928C905584ADBEFC5B309FCF04F160EE6E0B, type is LEAF, pos is 6
Jan 15, 2015 6:21:50 PM org.ccnx.ccn.impl.sync.SliceComparator doComparison
O MAIS DETALHADO: Y hash only for %05p%EFG=05106476F4B0BCB015CE24928C905584ADBEFC5B309FCF04F160EE6E0B, type is LEAF, pos is 5
Jan 15, 2015 6:21:50 PM org.ccnx.ccn.profiles.sync.SyncTestRepo.SyncHandler2 handleContentName
DETALHADO: Saw a name for callbackNames2
Jan 15, 2015 6:21:50 PM org.ccnx.ccn.impl.sync.SliceComparator doComparison
O MAIS DETALHADO: Y hash only for %05p%EFG=05106476F4B0BCB015CE24928C905584ADBEFC5B309FCF04F160EE6E0B, type is LEAF, pos is 7
Jan 15, 2015 6:21:50 PM org.ccnx.ccn.profiles.sync.SyncTestRepo.SyncHandler3 handleContentName
DETALHADO: Saw a name for callbackNames3
Jan 15, 2015 6:21:50 PM org.ccnx.ccn.profiles.sync.SyncTestRepo doHandleContentName
INFORMAÇÕES: Number 2: Callback for name: /ccnx.org/test/SyncTestRepo-15-01-15-18.20.23/ccnSyncTest/slice9/randomFile/=FD054B82F6A1F4/=0006 - number is 6
Jan 15, 2015 6:21:50 PM org.ccnx.ccn.profiles.sync.SyncTestRepo doHandleContentName
INFORMAÇÕES: Number 1: Callback for name: /ccnx.org/test/SyncTestRepo-15-01-15-18.20.23/ccnSyncTest/slice9/randomFile/=FD054B82F6A1F4/=0007 - number is 7
Jan 15, 2015 6:21:50 PM org.ccnx.ccn.profiles.sync.SyncTestRepo doHandleContentName
INFORMAÇÕES: Number 3: Callback for name: /ccnx.org/test/SyncTestRepo-15-01-15-18.20.23/ccnSyncTest/slice9/randomFile/=FD054B82F6A1F4/=0005 - number is 5
Jan 15, 2015 6:21:50 PM org.ccnx.ccn.impl.sync.SliceComparator doComparison
O MAIS DETALHADO: Y hash only for %05p%EFG=05106476F4B0BCB015CE24928C905584ADBEFC5B309FCF04F160EE6E0B, type is LEAF, pos is 7
Jan 15, 2015 6:21:50 PM org.ccnx.ccn.impl.sync.SliceComparator doComparison
O MAIS DETALHADO: Y hash only for %05p%EFG=05106476F4B0BCB015CE24928C905584ADBEFC5B309FCF04F160EE6E0B, type is LEAF, pos is 8
Jan 15, 2015 6:21:50 PM org.ccnx.ccn.impl.sync.SliceComparator doComparison
O MAIS DETALHADO: Y hash only for %05p%EFG=05106476F4B0BCB015CE24928C905584ADBEFC5B309FCF04F160EE6E0B, type is LEAF, pos is 6
Jan 15, 2015 6:21:50 PM org.ccnx.ccn.profiles.sync.SyncTestRepo.SyncHandler2 handleContentName
DETALHADO: Saw a name for callbackNames2
Jan 15, 2015 6:21:50 PM org.ccnx.ccn.profiles.sync.SyncTestRepo doHandleContentName
INFORMAÇÕES: Number 1: Callback for name: /ccnx.org/test/SyncTestRepo-15-01-15-18.20.23/ccnSyncTest/slice9/randomFile/=FD054B82F6A1F4/=0008 - number is 8
Jan 15, 2015 6:21:50 PM org.ccnx.ccn.profiles.sync.SyncTestRepo doHandleContentName
INFORMAÇÕES: Number 2: Callback for name: /ccnx.org/test/SyncTestRepo-15-01-15-18.20.23/ccnSyncTest/slice9/randomFile/=FD054B82F6A1F4/=0007 - number is 7
Jan 15, 2015 6:21:50 PM org.ccnx.ccn.profiles.sync.SyncTestRepo.SyncHandler3 handleContentName
DETALHADO: Saw a name for callbackNames3
Jan 15, 2015 6:21:50 PM org.ccnx.ccn.impl.sync.SliceComparator doComparison
O MAIS DETALHADO: Y hash only for %05p%EFG=05106476F4B0BCB015CE24928C905584ADBEFC5B309FCF04F160EE6E0B, type is LEAF, pos is 8
Jan 15, 2015 6:21:50 PM org.ccnx.ccn.impl.sync.SliceComparator doComparison
O MAIS DETALHADO: Y hash only for %05p%EFG=05106476F4B0BCB015CE24928C905584ADBEFC5B309FCF04F160EE6E0B, type is LEAF, pos is 9
Jan 15, 2015 6:21:50 PM org.ccnx.ccn.profiles.sync.SyncTestRepo doHandleContentName
INFORMAÇÕES: Number 3: Callback for name: /ccnx.org/test/SyncTestRepo-15-01-15-18.20.23/ccnSyncTest/slice9/randomFile/=FD054B82F6A1F4/=0006 - number is 6
Jan 15, 2015 6:21:50 PM org.ccnx.ccn.profiles.sync.SyncTestRepo.SyncHandler2 handleContentName
DETALHADO: Saw a name for callbackNames2
Jan 15, 2015 6:21:50 PM org.ccnx.ccn.profiles.sync.SyncTestRepo doHandleContentName
INFORMAÇÕES: Number 1: Callback for name: /ccnx.org/test/SyncTestRepo-15-01-15-18.20.23/ccnSyncTest/slice9/randomFile/=FD054B82F6A1F4/=0009 - number is 9
Jan 15, 2015 6:21:50 PM org.ccnx.ccn.impl.sync.SliceComparator doComparison
O MAIS DETALHADO: Y hash only for %05p%EFG=05106476F4B0BCB015CE24928C905584ADBEFC5B309FCF04F160EE6E0B, type is LEAF, pos is 7
Jan 15, 2015 6:21:50 PM org.ccnx.ccn.profiles.sync.SyncTestRepo doHandleContentName
INFORMAÇÕES: Number 2: Callback for name: /ccnx.org/test/SyncTestRepo-15-01-15-18.20.23/ccnSyncTest/slice9/randomFile/=FD054B82F6A1F4/=0008 - number is 8
Jan 15, 2015 6:21:50 PM org.ccnx.ccn.impl.sync.SliceComparator doComparison
O MAIS DETALHADO: Y hash only for %05p%EFG=05106476F4B0BCB015CE24928C905584ADBEFC5B309FCF04F160EE6E0B, type is LEAF, pos is 10
Jan 15, 2015 6:21:50 PM org.ccnx.ccn.impl.sync.SliceComparator doComparison
O MAIS DETALHADO: Y hash only for %05p%EFG=05106476F4B0BCB015CE24928C905584ADBEFC5B309FCF04F160EE6E0B, type is LEAF, pos is 9
Jan 15, 2015 6:21:50 PM org.ccnx.ccn.profiles.sync.SyncTestRepo.SyncHandler3 handleContentName
DETALHADO: Saw a name for callbackNames3
Jan 15, 2015 6:21:50 PM org.ccnx.ccn.profiles.sync.SyncTestRepo.SyncHandler2 handleContentName
DETALHADO: Saw a name for callbackNames2
Jan 15, 2015 6:21:50 PM org.ccnx.ccn.profiles.sync.SyncTestRepo doHandleContentName
INFORMAÇÕES: Number 1: Callback for name: /ccnx.org/test/SyncTestRepo-15-01-15-18.20.23/ccnSyncTest/slice9/randomFile/=FD054B82F6A1F4/=000A - number is 10
Jan 15, 2015 6:21:50 PM org.ccnx.ccn.profiles.sync.SyncTestRepo doHandleContentName
INFORMAÇÕES: Number 3: Callback for name: /ccnx.org/test/SyncTestRepo-15-01-15-18.20.23/ccnSyncTest/slice9/randomFile/=FD054B82F6A1F4/=0007 - number is 7
Jan 15, 2015 6:21:50 PM org.ccnx.ccn.profiles.sync.SyncTestRepo doHandleContentName
INFORMAÇÕES: Number 2: Callback for name: /ccnx.org/test/SyncTestRepo-15-01-15-18.20.23/ccnSyncTest/slice9/randomFile/=FD054B82F6A1F4/=0009 - number is 9
Jan 15, 2015 6:21:50 PM org.ccnx.ccn.impl.sync.SliceComparator doComparison
O MAIS DETALHADO: Y hash only for %05p%EFG=05106476F4B0BCB015CE24928C905584ADBEFC5B309FCF04F160EE6E0B, type is LEAF, pos is 11
Jan 15, 2015 6:21:50 PM org.ccnx.ccn.impl.sync.SliceComparator doComparison
O MAIS DETALHADO: Y hash only for %05p%EFG=05106476F4B0BCB015CE24928C905584ADBEFC5B309FCF04F160EE6E0B, type is LEAF, pos is 10
Jan 15, 2015 6:21:50 PM org.ccnx.ccn.impl.sync.SliceComparator doComparison
O MAIS DETALHADO: Y hash only for %05p%EFG=05106476F4B0BCB015CE24928C905584ADBEFC5B309FCF04F160EE6E0B, type is LEAF, pos is 8
Jan 15, 2015 6:21:50 PM org.ccnx.ccn.profiles.sync.SyncTestRepo.SyncHandler2 handleContentName
DETALHADO: Saw a name for callbackNames2
Jan 15, 2015 6:21:50 PM org.ccnx.ccn.profiles.sync.SyncTestRepo doHandleContentName
INFORMAÇÕES: Number 1: Callback for name: /ccnx.org/test/SyncTestRepo-15-01-15-18.20.23/ccnSyncTest/slice9/randomFile/=FD054B82F6A1F4/=000B - number is 11
Jan 15, 2015 6:21:50 PM org.ccnx.ccn.profiles.sync.SyncTestRepo.SyncHandler3 handleContentName
DETALHADO: Saw a name for callbackNames3
Jan 15, 2015 6:21:50 PM org.ccnx.ccn.profiles.sync.SyncTestRepo doHandleContentName
INFORMAÇÕES: Number 2: Callback for name: /ccnx.org/test/SyncTestRepo-15-01-15-18.20.23/ccnSyncTest/slice9/randomFile/=FD054B82F6A1F4/=000A - number is 10
Jan 15, 2015 6:21:50 PM org.ccnx.ccn.profiles.sync.SyncTestRepo doHandleContentName
INFORMAÇÕES: Number 3: Callback for name: /ccnx.org/test/SyncTestRepo-15-01-15-18.20.23/ccnSyncTest/slice9/randomFile/=FD054B82F6A1F4/=0008 - number is 8
Jan 15, 2015 6:21:50 PM org.ccnx.ccn.impl.sync.SliceComparator doComparison
O MAIS DETALHADO: Y hash only for %05p%EFG=05106476F4B0BCB015CE24928C905584ADBEFC5B309FCF04F160EE6E0B, type is LEAF, pos is 11
Jan 15, 2015 6:21:50 PM org.ccnx.ccn.impl.sync.SliceComparator doComparison
O MAIS DETALHADO: Y hash only for %05p%EFG=05106476F4B0BCB015CE24928C905584ADBEFC5B309FCF04F160EE6E0B, type is LEAF, pos is 12
Jan 15, 2015 6:21:50 PM org.ccnx.ccn.profiles.sync.SyncTestRepo.SyncHandler2 handleContentName
DETALHADO: Saw a name for callbackNames2
Jan 15, 2015 6:21:50 PM org.ccnx.ccn.impl.sync.SliceComparator doComparison
O MAIS DETALHADO: Y hash only for %05p%EFG=05106476F4B0BCB015CE24928C905584ADBEFC5B309FCF04F160EE6E0B, type is LEAF, pos is 9
Jan 15, 2015 6:21:50 PM org.ccnx.ccn.profiles.sync.SyncTestRepo doHandleContentName
INFORMAÇÕES: Number 1: Callback for name: /ccnx.org/test/SyncTestRepo-15-01-15-18.20.23/ccnSyncTest/slice9/randomFile/=FD054B82F6A1F4/=000C - number is 12
Jan 15, 2015 6:21:50 PM org.ccnx.ccn.profiles.sync.SyncTestRepo doHandleContentName
INFORMAÇÕES: Number 2: Callback for name: /ccnx.org/test/SyncTestRepo-15-01-15-18.20.23/ccnSyncTest/slice9/randomFile/=FD054B82F6A1F4/=000B - number is 11
Jan 15, 2015 6:21:50 PM org.ccnx.ccn.profiles.sync.SyncTestRepo.SyncHandler3 handleContentName
DETALHADO: Saw a name for callbackNames3
Jan 15, 2015 6:21:50 PM org.ccnx.ccn.impl.sync.SliceComparator doComparison
O MAIS DETALHADO: Y hash only for %05p%EFG=05106476F4B0BCB015CE24928C905584ADBEFC5B309FCF04F160EE6E0B, type is LEAF, pos is 12
Jan 15, 2015 6:21:50 PM org.ccnx.ccn.impl.sync.SliceComparator doComparison
O MAIS DETALHADO: Y hash only for %05p%EFG=05106476F4B0BCB015CE24928C905584ADBEFC5B309FCF04F160EE6E0B, type is LEAF, pos is 13
Jan 15, 2015 6:21:50 PM org.ccnx.ccn.profiles.sync.SyncTestRepo doHandleContentName
INFORMAÇÕES: Number 3: Callback for name: /ccnx.org/test/SyncTestRepo-15-01-15-18.20.23/ccnSyncTest/slice9/randomFile/=FD054B82F6A1F4/=0009 - number is 9
Jan 15, 2015 6:21:50 PM org.ccnx.ccn.profiles.sync.SyncTestRepo.SyncHandler2 handleContentName
DETALHADO: Saw a name for callbackNames2
Jan 15, 2015 6:21:50 PM org.ccnx.ccn.profiles.sync.SyncTestRepo doHandleContentName
INFORMAÇÕES: Number 1: Callback for name: /ccnx.org/test/SyncTestRepo-15-01-15-18.20.23/ccnSyncTest/slice9/randomFile/=FD054B82F6A1F4/=000D - number is 13
Jan 15, 2015 6:21:50 PM org.ccnx.ccn.profiles.sync.SyncTestRepo doHandleContentName
INFORMAÇÕES: Number 2: Callback for name: /ccnx.org/test/SyncTestRepo-15-01-15-18.20.23/ccnSyncTest/slice9/randomFile/=FD054B82F6A1F4/=000C - number is 12
Jan 15, 2015 6:21:50 PM org.ccnx.ccn.impl.sync.SliceComparator doComparison
O MAIS DETALHADO: Y hash only for %05p%EFG=05106476F4B0BCB015CE24928C905584ADBEFC5B309FCF04F160EE6E0B, type is LEAF, pos is 10
Jan 15, 2015 6:21:50 PM org.ccnx.ccn.impl.sync.SliceComparator doComparison
O MAIS DETALHADO: Y hash only for %05p%EFG=05106476F4B0BCB015CE24928C905584ADBEFC5B309FCF04F160EE6E0B, type is LEAF, pos is 13
Jan 15, 2015 6:21:50 PM org.ccnx.ccn.impl.sync.SliceComparator doComparison
O MAIS DETALHADO: Y hash only for %15ma%2B7=7FD272F1BDE647E0F878992BBBB90475671DEC0503A3551F752A2F06, type is HASH, pos is 1
Jan 15, 2015 6:21:50 PM org.ccnx.ccn.profiles.sync.SyncTestRepo.SyncHandler3 handleContentName
DETALHADO: Saw a name for callbackNames3
Jan 15, 2015 6:21:50 PM org.ccnx.ccn.profiles.sync.SyncTestRepo.SyncHandler2 handleContentName
DETALHADO: Saw a name for callbackNames2
Jan 15, 2015 6:21:50 PM org.ccnx.ccn.profiles.sync.SyncTestRepo doHandleContentName
INFORMAÇÕES: Number 2: Callback for name: /ccnx.org/test/SyncTestRepo-15-01-15-18.20.23/ccnSyncTest/slice9/randomFile/=FD054B82F6A1F4/=000D - number is 13
Jan 15, 2015 6:21:50 PM org.ccnx.ccn.profiles.sync.SyncTestRepo doHandleContentName
INFORMAÇÕES: Number 3: Callback for name: /ccnx.org/test/SyncTestRepo-15-01-15-18.20.23/ccnSyncTest/slice9/randomFile/=FD054B82F6A1F4/=000A - number is 10
Jan 15, 2015 6:21:50 PM org.ccnx.ccn.impl.sync.SliceComparator doComparison
O MAIS DETALHADO: Y hash only for %15ma%2B7=7FD272F1BDE647E0F878992BBBB90475671DEC0503A3551F752A2F06, type is HASH, pos is 1
Jan 15, 2015 6:21:50 PM org.ccnx.ccn.impl.sync.SliceComparator doComparison
O MAIS DETALHADO: Y hash only for %05p%EFG=05106476F4B0BCB015CE24928C905584ADBEFC5B309FCF04F160EE6E0B, type is LEAF, pos is 11
Jan 15, 2015 6:21:50 PM org.ccnx.ccn.profiles.sync.SyncTestRepo.SyncHandler3 handleContentName
DETALHADO: Saw a name for callbackNames3
Jan 15, 2015 6:21:50 PM org.ccnx.ccn.profiles.sync.SyncTestRepo doHandleContentName
INFORMAÇÕES: Number 3: Callback for name: /ccnx.org/test/SyncTestRepo-15-01-15-18.20.23/ccnSyncTest/slice9/randomFile/=FD054B82F6A1F4/=000B - number is 11
Jan 15, 2015 6:21:50 PM org.ccnx.ccn.impl.sync.SliceComparator doComparison
O MAIS DETALHADO: Y hash only for %05p%EFG=05106476F4B0BCB015CE24928C905584ADBEFC5B309FCF04F160EE6E0B, type is LEAF, pos is 12
Jan 15, 2015 6:21:50 PM org.ccnx.ccn.profiles.sync.SyncTestRepo.SyncHandler3 handleContentName
DETALHADO: Saw a name for callbackNames3
Jan 15, 2015 6:21:50 PM org.ccnx.ccn.profiles.sync.SyncTestRepo doHandleContentName
INFORMAÇÕES: Number 3: Callback for name: /ccnx.org/test/SyncTestRepo-15-01-15-18.20.23/ccnSyncTest/slice9/randomFile/=FD054B82F6A1F4/=000C - number is 12
Jan 15, 2015 6:21:50 PM org.ccnx.ccn.impl.sync.SliceComparator doComparison
O MAIS DETALHADO: Y hash only for %05p%EFG=05106476F4B0BCB015CE24928C905584ADBEFC5B309FCF04F160EE6E0B, type is LEAF, pos is 13
Jan 15, 2015 6:21:50 PM org.ccnx.ccn.profiles.sync.SyncTestRepo.SyncHandler3 handleContentName
DETALHADO: Saw a name for callbackNames3
Jan 15, 2015 6:21:50 PM org.ccnx.ccn.profiles.sync.SyncTestRepo doHandleContentName
INFORMAÇÕES: Number 3: Callback for name: /ccnx.org/test/SyncTestRepo-15-01-15-18.20.23/ccnSyncTest/slice9/randomFile/=FD054B82F6A1F4/=000D - number is 13
Jan 15, 2015 6:21:50 PM org.ccnx.ccn.impl.sync.SliceComparator doComparison
O MAIS DETALHADO: Y hash only for %15ma%2B7=7FD272F1BDE647E0F878992BBBB90475671DEC0503A3551F752A2F06, type is HASH, pos is 1
Jan 15, 2015 6:21:50 PM org.ccnx.ccn.impl.sync.SliceComparator.NodeFetchHandler handleContent
DETALHADO: Saw data from nodefind: hash: =0D27327F18E53775D3C64E1D3CF8AA4C68228F0D34D9BA10D445B4A4CC934E33E7
Jan 15, 2015 6:21:50 PM org.ccnx.ccn.io.content.SyncNodeComposite decodeLogging
O MAIS DETALHADO: decode node for =0D27327F18E53775D3C64E1D3CF8AA4C68228F0D34D9BA10D445B4A4CC934E33E7 depth = 1 refs = 23
Jan 15, 2015 6:21:50 PM org.ccnx.ccn.impl.sync.SliceComparator doComparison
O MAIS DETALHADO: Y hash only for =0D27327F18E53775D3C64E1D3CF8AA4C68228F0D34D9BA10D445B4A4CC934E33E7, type is LEAF, pos is 0
Jan 15, 2015 6:21:50 PM org.ccnx.ccn.io.content.SyncNodeComposite decodeLogging
O MAIS DETALHADO: min is 14, max is 36, expanded min is /ccnx.org/test/SyncTestRepo-15-01-15-18.20.23/ccnSyncTest/slice9/randomFile/=FD054B82F6A1F4/=000E/%FE1X=E529673D6B088AB5993677163E6922B9B586B7BD70CE0AAE31EA2148FD, expanded max is /ccnx.org/test/SyncTestRepo-15-01-15-18.20.23/ccnSyncTest/slice9/randomFile/=FD054B82F6A1F4/=0024/=1DB5984B323CB74212FE44C64010A397AA93A52855104843F835C1AB0AC73122
Jan 15, 2015 6:21:50 PM org.ccnx.ccn.profiles.sync.SyncTestRepo doHandleContentName
INFORMAÇÕES: Number 1: Callback for name: /ccnx.org/test/SyncTestRepo-15-01-15-18.20.23/ccnSyncTest/slice9/randomFile/=FD054B82F6A1F4/=000E - number is 14
Jan 15, 2015 6:21:50 PM org.ccnx.ccn.impl.sync.SliceComparator doComparison
O MAIS DETALHADO: Y hash only for =0D27327F18E53775D3C64E1D3CF8AA4C68228F0D34D9BA10D445B4A4CC934E33E7, type is LEAF, pos is 0
Jan 15, 2015 6:21:50 PM org.ccnx.ccn.impl.sync.SliceComparator.NodeFetchHandler handleContent
DETALHADO: Saw data from nodefind: hash: =02D53F65198A36862946DB7A8E31A9BA3708D47292CE6780001E1FAB6180ED8D14
Jan 15, 2015 6:21:50 PM org.ccnx.ccn.profiles.sync.SyncTestRepo.SyncHandler2 handleContentName
DETALHADO: Saw a name for callbackNames2
Jan 15, 2015 6:21:50 PM org.ccnx.ccn.impl.sync.SliceComparator doComparison
O MAIS DETALHADO: Y hash only for =0D27327F18E53775D3C64E1D3CF8AA4C68228F0D34D9BA10D445B4A4CC934E33E7, type is LEAF, pos is 1
Jan 15, 2015 6:21:50 PM org.ccnx.ccn.impl.sync.SliceComparator doComparison
O MAIS DETALHADO: Y hash only for =0D27327F18E53775D3C64E1D3CF8AA4C68228F0D34D9BA10D445B4A4CC934E33E7, type is LEAF, pos is 0
Jan 15, 2015 6:21:50 PM org.ccnx.ccn.profiles.sync.SyncTestRepo doHandleContentName
INFORMAÇÕES: Number 2: Callback for name: /ccnx.org/test/SyncTestRepo-15-01-15-18.20.23/ccnSyncTest/slice9/randomFile/=FD054B82F6A1F4/=000E - number is 14
Jan 15, 2015 6:21:50 PM org.ccnx.ccn.profiles.sync.SyncTestRepo doHandleContentName
INFORMAÇÕES: Number 1: Callback for name: /ccnx.org/test/SyncTestRepo-15-01-15-18.20.23/ccnSyncTest/slice9/randomFile/=FD054B82F6A1F4/=000F - number is 15
Jan 15, 2015 6:21:50 PM org.ccnx.ccn.impl.sync.SliceComparator doComparison
O MAIS DETALHADO: Y hash only for =0D27327F18E53775D3C64E1D3CF8AA4C68228F0D34D9BA10D445B4A4CC934E33E7, type is LEAF, pos is 1
Jan 15, 2015 6:21:50 PM org.ccnx.ccn.profiles.sync.SyncTestRepo.SyncHandler3 handleContentName
DETALHADO: Saw a name for callbackNames3
Jan 15, 2015 6:21:50 PM org.ccnx.ccn.impl.sync.SliceComparator doComparison
O MAIS DETALHADO: Y hash only for =0D27327F18E53775D3C64E1D3CF8AA4C68228F0D34D9BA10D445B4A4CC934E33E7, type is LEAF, pos is 2
Jan 15, 2015 6:21:50 PM org.ccnx.ccn.profiles.sync.SyncTestRepo.SyncHandler2 handleContentName
DETALHADO: Saw a name for callbackNames2
Jan 15, 2015 6:21:50 PM org.ccnx.ccn.profiles.sync.SyncTestRepo doHandleContentName
INFORMAÇÕES: Number 3: Callback for name: /ccnx.org/test/SyncTestRepo-15-01-15-18.20.23/ccnSyncTest/slice9/randomFile/=FD054B82F6A1F4/=000E - number is 14
Jan 15, 2015 6:21:50 PM org.ccnx.ccn.profiles.sync.SyncTestRepo doHandleContentName
INFORMAÇÕES: Number 2: Callback for name: /ccnx.org/test/SyncTestRepo-15-01-15-18.20.23/ccnSyncTest/slice9/randomFile/=FD054B82F6A1F4/=000F - number is 15
Jan 15, 2015 6:21:50 PM org.ccnx.ccn.profiles.sync.SyncTestRepo doHandleContentName
INFORMAÇÕES: Number 1: Callback for name: /ccnx.org/test/SyncTestRepo-15-01-15-18.20.23/ccnSyncTest/slice9/randomFile/=FD054B82F6A1F4/=0010 - number is 16
Jan 15, 2015 6:21:50 PM org.ccnx.ccn.impl.sync.SliceComparator doComparison
O MAIS DETALHADO: Y hash only for =0D27327F18E53775D3C64E1D3CF8AA4C68228F0D34D9BA10D445B4A4CC934E33E7, type is LEAF, pos is 1
Jan 15, 2015 6:21:50 PM org.ccnx.ccn.impl.sync.SliceComparator doComparison
O MAIS DETALHADO: Y hash only for =0D27327F18E53775D3C64E1D3CF8AA4C68228F0D34D9BA10D445B4A4CC934E33E7, type is LEAF, pos is 2
Jan 15, 2015 6:21:50 PM org.ccnx.ccn.impl.sync.SliceComparator doComparison
O MAIS DETALHADO: Y hash only for =0D27327F18E53775D3C64E1D3CF8AA4C68228F0D34D9BA10D445B4A4CC934E33E7, type is LEAF, pos is 3
Jan 15, 2015 6:21:50 PM org.ccnx.ccn.profiles.sync.SyncTestRepo.SyncHandler3 handleContentName
DETALHADO: Saw a name for callbackNames3
Jan 15, 2015 6:21:50 PM org.ccnx.ccn.profiles.sync.SyncTestRepo.SyncHandler2 handleContentName
DETALHADO: Saw a name for callbackNames2
Jan 15, 2015 6:21:50 PM org.ccnx.ccn.profiles.sync.SyncTestRepo doHandleContentName
INFORMAÇÕES: Number 1: Callback for name: /ccnx.org/test/SyncTestRepo-15-01-15-18.20.23/ccnSyncTest/slice9/randomFile/=FD054B82F6A1F4/=0011 - number is 17
Jan 15, 2015 6:21:50 PM org.ccnx.ccn.profiles.sync.SyncTestRepo doHandleContentName
INFORMAÇÕES: Number 3: Callback for name: /ccnx.org/test/SyncTestRepo-15-01-15-18.20.23/ccnSyncTest/slice9/randomFile/=FD054B82F6A1F4/=000F - number is 15
Jan 15, 2015 6:21:50 PM org.ccnx.ccn.profiles.sync.SyncTestRepo doHandleContentName
INFORMAÇÕES: Number 2: Callback for name: /ccnx.org/test/SyncTestRepo-15-01-15-18.20.23/ccnSyncTest/slice9/randomFile/=FD054B82F6A1F4/=0010 - number is 16
Jan 15, 2015 6:21:50 PM org.ccnx.ccn.impl.sync.SliceComparator doComparison
O MAIS DETALHADO: Y hash only for =0D27327F18E53775D3C64E1D3CF8AA4C68228F0D34D9BA10D445B4A4CC934E33E7, type is LEAF, pos is 2
Jan 15, 2015 6:21:50 PM org.ccnx.ccn.impl.sync.SliceComparator doComparison
O MAIS DETALHADO: Y hash only for =0D27327F18E53775D3C64E1D3CF8AA4C68228F0D34D9BA10D445B4A4CC934E33E7, type is LEAF, pos is 4
Jan 15, 2015 6:21:50 PM org.ccnx.ccn.impl.sync.SliceComparator doComparison
O MAIS DETALHADO: Y hash only for =0D27327F18E53775D3C64E1D3CF8AA4C68228F0D34D9BA10D445B4A4CC934E33E7, type is LEAF, pos is 3
Jan 15, 2015 6:21:50 PM org.ccnx.ccn.profiles.sync.SyncTestRepo.SyncHandler3 handleContentName
DETALHADO: Saw a name for callbackNames3
Jan 15, 2015 6:21:50 PM org.ccnx.ccn.profiles.sync.SyncTestRepo doHandleContentName
INFORMAÇÕES: Number 1: Callback for name: /ccnx.org/test/SyncTestRepo-15-01-15-18.20.23/ccnSyncTest/slice9/randomFile/=FD054B82F6A1F4/=0012 - number is 18
Jan 15, 2015 6:21:50 PM org.ccnx.ccn.profiles.sync.SyncTestRepo.SyncHandler2 handleContentName
DETALHADO: Saw a name for callbackNames2
Jan 15, 2015 6:21:50 PM org.ccnx.ccn.profiles.sync.SyncTestRepo doHandleContentName
INFORMAÇÕES: Number 3: Callback for name: /ccnx.org/test/SyncTestRepo-15-01-15-18.20.23/ccnSyncTest/slice9/randomFile/=FD054B82F6A1F4/=0010 - number is 16
Jan 15, 2015 6:21:50 PM org.ccnx.ccn.impl.sync.SliceComparator doComparison
O MAIS DETALHADO: Y hash only for =0D27327F18E53775D3C64E1D3CF8AA4C68228F0D34D9BA10D445B4A4CC934E33E7, type is LEAF, pos is 5
Jan 15, 2015 6:21:50 PM org.ccnx.ccn.profiles.sync.SyncTestRepo doHandleContentName
INFORMAÇÕES: Number 2: Callback for name: /ccnx.org/test/SyncTestRepo-15-01-15-18.20.23/ccnSyncTest/slice9/randomFile/=FD054B82F6A1F4/=0011 - number is 17
Jan 15, 2015 6:21:50 PM org.ccnx.ccn.impl.sync.SliceComparator doComparison
O MAIS DETALHADO: Y hash only for =0D27327F18E53775D3C64E1D3CF8AA4C68228F0D34D9BA10D445B4A4CC934E33E7, type is LEAF, pos is 3
Jan 15, 2015 6:21:50 PM org.ccnx.ccn.profiles.sync.SyncTestRepo doHandleContentName
INFORMAÇÕES: Number 1: Callback for name: /ccnx.org/test/SyncTestRepo-15-01-15-18.20.23/ccnSyncTest/slice9/randomFile/=FD054B82F6A1F4/=0013 - number is 19
Jan 15, 2015 6:21:50 PM org.ccnx.ccn.impl.sync.SliceComparator doComparison
O MAIS DETALHADO: Y hash only for =0D27327F18E53775D3C64E1D3CF8AA4C68228F0D34D9BA10D445B4A4CC934E33E7, type is LEAF, pos is 4
Jan 15, 2015 6:21:50 PM org.ccnx.ccn.profiles.sync.SyncTestRepo.SyncHandler3 handleContentName
DETALHADO: Saw a name for callbackNames3
Jan 15, 2015 6:21:50 PM org.ccnx.ccn.impl.sync.SliceComparator doComparison
O MAIS DETALHADO: Y hash only for =0D27327F18E53775D3C64E1D3CF8AA4C68228F0D34D9BA10D445B4A4CC934E33E7, type is LEAF, pos is 6
Jan 15, 2015 6:21:50 PM org.ccnx.ccn.profiles.sync.SyncTestRepo.SyncHandler2 handleContentName
DETALHADO: Saw a name for callbackNames2
Jan 15, 2015 6:21:50 PM org.ccnx.ccn.profiles.sync.SyncTestRepo doHandleContentName
INFORMAÇÕES: Number 3: Callback for name: /ccnx.org/test/SyncTestRepo-15-01-15-18.20.23/ccnSyncTest/slice9/randomFile/=FD054B82F6A1F4/=0011 - number is 17
Jan 15, 2015 6:21:50 PM org.ccnx.ccn.profiles.sync.SyncTestRepo doHandleContentName
INFORMAÇÕES: Number 2: Callback for name: /ccnx.org/test/SyncTestRepo-15-01-15-18.20.23/ccnSyncTest/slice9/randomFile/=FD054B82F6A1F4/=0012 - number is 18
Jan 15, 2015 6:21:50 PM org.ccnx.ccn.profiles.sync.SyncTestRepo doHandleContentName
INFORMAÇÕES: Number 1: Callback for name: /ccnx.org/test/SyncTestRepo-15-01-15-18.20.23/ccnSyncTest/slice9/randomFile/=FD054B82F6A1F4/=0014 - number is 20
Jan 15, 2015 6:21:50 PM org.ccnx.ccn.impl.sync.SliceComparator doComparison
O MAIS DETALHADO: Y hash only for =0D27327F18E53775D3C64E1D3CF8AA4C68228F0D34D9BA10D445B4A4CC934E33E7, type is LEAF, pos is 5
Jan 15, 2015 6:21:50 PM org.ccnx.ccn.impl.sync.SliceComparator doComparison
O MAIS DETALHADO: Y hash only for =0D27327F18E53775D3C64E1D3CF8AA4C68228F0D34D9BA10D445B4A4CC934E33E7, type is LEAF, pos is 4
Jan 15, 2015 6:21:50 PM org.ccnx.ccn.impl.sync.SliceComparator doComparison
O MAIS DETALHADO: Y hash only for =0D27327F18E53775D3C64E1D3CF8AA4C68228F0D34D9BA10D445B4A4CC934E33E7, type is LEAF, pos is 7
Jan 15, 2015 6:21:50 PM org.ccnx.ccn.profiles.sync.SyncTestRepo.SyncHandler2 handleContentName
DETALHADO: Saw a name for callbackNames2
Jan 15, 2015 6:21:50 PM org.ccnx.ccn.profiles.sync.SyncTestRepo.SyncHandler3 handleContentName
DETALHADO: Saw a name for callbackNames3
Jan 15, 2015 6:21:50 PM org.ccnx.ccn.profiles.sync.SyncTestRepo doHandleContentName
INFORMAÇÕES: Number 2: Callback for name: /ccnx.org/test/SyncTestRepo-15-01-15-18.20.23/ccnSyncTest/slice9/randomFile/=FD054B82F6A1F4/=0013 - number is 19
Jan 15, 2015 6:21:50 PM org.ccnx.ccn.profiles.sync.SyncTestRepo doHandleContentName
INFORMAÇÕES: Number 1: Callback for name: /ccnx.org/test/SyncTestRepo-15-01-15-18.20.23/ccnSyncTest/slice9/randomFile/=FD054B82F6A1F4/=0015 - number is 21
Jan 15, 2015 6:21:50 PM org.ccnx.ccn.profiles.sync.SyncTestRepo doHandleContentName
INFORMAÇÕES: Number 3: Callback for name: /ccnx.org/test/SyncTestRepo-15-01-15-18.20.23/ccnSyncTest/slice9/randomFile/=FD054B82F6A1F4/=0012 - number is 18
Jan 15, 2015 6:21:50 PM org.ccnx.ccn.impl.sync.SliceComparator doComparison
O MAIS DETALHADO: Y hash only for =0D27327F18E53775D3C64E1D3CF8AA4C68228F0D34D9BA10D445B4A4CC934E33E7, type is LEAF, pos is 6
Jan 15, 2015 6:21:50 PM org.ccnx.ccn.impl.sync.SliceComparator doComparison
O MAIS DETALHADO: Y hash only for =0D27327F18E53775D3C64E1D3CF8AA4C68228F0D34D9BA10D445B4A4CC934E33E7, type is LEAF, pos is 8
Jan 15, 2015 6:21:50 PM org.ccnx.ccn.profiles.sync.SyncTestRepo.SyncHandler2 handleContentName
DETALHADO: Saw a name for callbackNames2
Jan 15, 2015 6:21:50 PM org.ccnx.ccn.impl.sync.SliceComparator doComparison
O MAIS DETALHADO: Y hash only for =0D27327F18E53775D3C64E1D3CF8AA4C68228F0D34D9BA10D445B4A4CC934E33E7, type is LEAF, pos is 5
Jan 15, 2015 6:21:50 PM org.ccnx.ccn.profiles.sync.SyncTestRepo doHandleContentName
INFORMAÇÕES: Number 2: Callback for name: /ccnx.org/test/SyncTestRepo-15-01-15-18.20.23/ccnSyncTest/slice9/randomFile/=FD054B82F6A1F4/=0014 - number is 20
Jan 15, 2015 6:21:50 PM org.ccnx.ccn.profiles.sync.SyncTestRepo doHandleContentName
INFORMAÇÕES: Number 1: Callback for name: /ccnx.org/test/SyncTestRepo-15-01-15-18.20.23/ccnSyncTest/slice9/randomFile/=FD054B82F6A1F4/=0016 - number is 22
Jan 15, 2015 6:21:50 PM org.ccnx.ccn.profiles.sync.SyncTestRepo.SyncHandler3 handleContentName
DETALHADO: Saw a name for callbackNames3
Jan 15, 2015 6:21:50 PM org.ccnx.ccn.impl.sync.SliceComparator doComparison
O MAIS DETALHADO: Y hash only for =0D27327F18E53775D3C64E1D3CF8AA4C68228F0D34D9BA10D445B4A4CC934E33E7, type is LEAF, pos is 7
Jan 15, 2015 6:21:50 PM org.ccnx.ccn.impl.sync.SliceComparator doComparison
O MAIS DETALHADO: Y hash only for =0D27327F18E53775D3C64E1D3CF8AA4C68228F0D34D9BA10D445B4A4CC934E33E7, type is LEAF, pos is 9
Jan 15, 2015 6:21:50 PM org.ccnx.ccn.profiles.sync.SyncTestRepo doHandleContentName
INFORMAÇÕES: Number 3: Callback for name: /ccnx.org/test/SyncTestRepo-15-01-15-18.20.23/ccnSyncTest/slice9/randomFile/=FD054B82F6A1F4/=0013 - number is 19
Jan 15, 2015 6:21:50 PM org.ccnx.ccn.profiles.sync.SyncTestRepo.SyncHandler2 handleContentName
DETALHADO: Saw a name for callbackNames2
Jan 15, 2015 6:21:50 PM org.ccnx.ccn.profiles.sync.SyncTestRepo doHandleContentName
INFORMAÇÕES: Number 1: Callback for name: /ccnx.org/test/SyncTestRepo-15-01-15-18.20.23/ccnSyncTest/slice9/randomFile/=FD054B82F6A1F4/=0017 - number is 23
Jan 15, 2015 6:21:50 PM org.ccnx.ccn.profiles.sync.SyncTestRepo doHandleContentName
INFORMAÇÕES: Number 2: Callback for name: /ccnx.org/test/SyncTestRepo-15-01-15-18.20.23/ccnSyncTest/slice9/randomFile/=FD054B82F6A1F4/=0015 - number is 21
Jan 15, 2015 6:21:50 PM org.ccnx.ccn.impl.sync.SliceComparator doComparison
O MAIS DETALHADO: Y hash only for =0D27327F18E53775D3C64E1D3CF8AA4C68228F0D34D9BA10D445B4A4CC934E33E7, type is LEAF, pos is 8
Jan 15, 2015 6:21:50 PM org.ccnx.ccn.impl.sync.SliceComparator doComparison
O MAIS DETALHADO: Y hash only for =0D27327F18E53775D3C64E1D3CF8AA4C68228F0D34D9BA10D445B4A4CC934E33E7, type is LEAF, pos is 10
Jan 15, 2015 6:21:50 PM org.ccnx.ccn.profiles.sync.SyncTestRepo.SyncHandler2 handleContentName
DETALHADO: Saw a name for callbackNames2
Jan 15, 2015 6:21:50 PM org.ccnx.ccn.profiles.sync.SyncTestRepo doHandleContentName
INFORMAÇÕES: Number 1: Callback for name: /ccnx.org/test/SyncTestRepo-15-01-15-18.20.23/ccnSyncTest/slice9/randomFile/=FD054B82F6A1F4/=0018 - number is 24
Jan 15, 2015 6:21:50 PM org.ccnx.ccn.profiles.sync.SyncTestRepo doHandleContentName
INFORMAÇÕES: Number 2: Callback for name: /ccnx.org/test/SyncTestRepo-15-01-15-18.20.23/ccnSyncTest/slice9/randomFile/=FD054B82F6A1F4/=0016 - number is 22
Jan 15, 2015 6:21:50 PM org.ccnx.ccn.impl.sync.SliceComparator doComparison
O MAIS DETALHADO: Y hash only for =0D27327F18E53775D3C64E1D3CF8AA4C68228F0D34D9BA10D445B4A4CC934E33E7, type is LEAF, pos is 9
Jan 15, 2015 6:21:50 PM org.ccnx.ccn.impl.sync.SliceComparator doComparison
O MAIS DETALHADO: Y hash only for =0D27327F18E53775D3C64E1D3CF8AA4C68228F0D34D9BA10D445B4A4CC934E33E7, type is LEAF, pos is 11
Jan 15, 2015 6:21:50 PM org.ccnx.ccn.profiles.sync.SyncTestRepo.SyncHandler2 handleContentName
DETALHADO: Saw a name for callbackNames2
Jan 15, 2015 6:21:50 PM org.ccnx.ccn.profiles.sync.SyncTestRepo doHandleContentName
INFORMAÇÕES: Number 2: Callback for name: /ccnx.org/test/SyncTestRepo-15-01-15-18.20.23/ccnSyncTest/slice9/randomFile/=FD054B82F6A1F4/=0017 - number is 23
Jan 15, 2015 6:21:50 PM org.ccnx.ccn.profiles.sync.SyncTestRepo doHandleContentName
INFORMAÇÕES: Number 1: Callback for name: /ccnx.org/test/SyncTestRepo-15-01-15-18.20.23/ccnSyncTest/slice9/randomFile/=FD054B82F6A1F4/=0019 - number is 25
Jan 15, 2015 6:21:50 PM org.ccnx.ccn.impl.sync.SliceComparator doComparison
O MAIS DETALHADO: Y hash only for =0D27327F18E53775D3C64E1D3CF8AA4C68228F0D34D9BA10D445B4A4CC934E33E7, type is LEAF, pos is 10
Jan 15, 2015 6:21:50 PM org.ccnx.ccn.profiles.sync.SyncTestRepo.SyncHandler2 handleContentName
DETALHADO: Saw a name for callbackNames2
Jan 15, 2015 6:21:50 PM org.ccnx.ccn.impl.sync.SliceComparator doComparison
O MAIS DETALHADO: Y hash only for =0D27327F18E53775D3C64E1D3CF8AA4C68228F0D34D9BA10D445B4A4CC934E33E7, type is LEAF, pos is 12
Jan 15, 2015 6:21:50 PM org.ccnx.ccn.profiles.sync.SyncTestRepo doHandleContentName
INFORMAÇÕES: Number 2: Callback for name: /ccnx.org/test/SyncTestRepo-15-01-15-18.20.23/ccnSyncTest/slice9/randomFile/=FD054B82F6A1F4/=0018 - number is 24
Jan 15, 2015 6:21:50 PM org.ccnx.ccn.profiles.sync.SyncTestRepo doHandleContentName
INFORMAÇÕES: Number 1: Callback for name: /ccnx.org/test/SyncTestRepo-15-01-15-18.20.23/ccnSyncTest/slice9/randomFile/=FD054B82F6A1F4/=001A - number is 26
Jan 15, 2015 6:21:50 PM org.ccnx.ccn.impl.sync.SliceComparator doComparison
O MAIS DETALHADO: Y hash only for =0D27327F18E53775D3C64E1D3CF8AA4C68228F0D34D9BA10D445B4A4CC934E33E7, type is LEAF, pos is 11
Jan 15, 2015 6:21:50 PM org.ccnx.ccn.profiles.sync.SyncTestRepo.SyncHandler2 handleContentName
DETALHADO: Saw a name for callbackNames2
Jan 15, 2015 6:21:50 PM org.ccnx.ccn.impl.sync.SliceComparator doComparison
O MAIS DETALHADO: Y hash only for =0D27327F18E53775D3C64E1D3CF8AA4C68228F0D34D9BA10D445B4A4CC934E33E7, type is LEAF, pos is 6
Jan 15, 2015 6:21:50 PM org.ccnx.ccn.impl.sync.SliceComparator doComparison
O MAIS DETALHADO: Y hash only for =0D27327F18E53775D3C64E1D3CF8AA4C68228F0D34D9BA10D445B4A4CC934E33E7, type is LEAF, pos is 13
Jan 15, 2015 6:21:50 PM org.ccnx.ccn.profiles.sync.SyncTestRepo doHandleContentName
INFORMAÇÕES: Number 2: Callback for name: /ccnx.org/test/SyncTestRepo-15-01-15-18.20.23/ccnSyncTest/slice9/randomFile/=FD054B82F6A1F4/=0019 - number is 25
Jan 15, 2015 6:21:50 PM org.ccnx.ccn.profiles.sync.SyncTestRepo.SyncHandler3 handleContentName
DETALHADO: Saw a name for callbackNames3
Jan 15, 2015 6:21:50 PM org.ccnx.ccn.profiles.sync.SyncTestRepo doHandleContentName
INFORMAÇÕES: Number 1: Callback for name: /ccnx.org/test/SyncTestRepo-15-01-15-18.20.23/ccnSyncTest/slice9/randomFile/=FD054B82F6A1F4/=001B - number is 27
Jan 15, 2015 6:21:50 PM org.ccnx.ccn.impl.sync.SliceComparator doComparison
O MAIS DETALHADO: Y hash only for =0D27327F18E53775D3C64E1D3CF8AA4C68228F0D34D9BA10D445B4A4CC934E33E7, type is LEAF, pos is 12
Jan 15, 2015 6:21:50 PM org.ccnx.ccn.profiles.sync.SyncTestRepo doHandleContentName
INFORMAÇÕES: Number 3: Callback for name: /ccnx.org/test/SyncTestRepo-15-01-15-18.20.23/ccnSyncTest/slice9/randomFile/=FD054B82F6A1F4/=0014 - number is 20
Jan 15, 2015 6:21:50 PM org.ccnx.ccn.impl.sync.SliceComparator doComparison
O MAIS DETALHADO: Y hash only for =0D27327F18E53775D3C64E1D3CF8AA4C68228F0D34D9BA10D445B4A4CC934E33E7, type is LEAF, pos is 14
Jan 15, 2015 6:21:50 PM org.ccnx.ccn.profiles.sync.SyncTestRepo.SyncHandler2 handleContentName
DETALHADO: Saw a name for callbackNames2
Jan 15, 2015 6:21:50 PM org.ccnx.ccn.impl.sync.SliceComparator doComparison
O MAIS DETALHADO: Y hash only for =0D27327F18E53775D3C64E1D3CF8AA4C68228F0D34D9BA10D445B4A4CC934E33E7, type is LEAF, pos is 7
Jan 15, 2015 6:21:50 PM org.ccnx.ccn.profiles.sync.SyncTestRepo doHandleContentName
INFORMAÇÕES: Number 1: Callback for name: /ccnx.org/test/SyncTestRepo-15-01-15-18.20.23/ccnSyncTest/slice9/randomFile/=FD054B82F6A1F4/=001C - number is 28
Jan 15, 2015 6:21:50 PM org.ccnx.ccn.profiles.sync.SyncTestRepo doHandleContentName
INFORMAÇÕES: Number 2: Callback for name: /ccnx.org/test/SyncTestRepo-15-01-15-18.20.23/ccnSyncTest/slice9/randomFile/=FD054B82F6A1F4/=001A - number is 26
Jan 15, 2015 6:21:50 PM org.ccnx.ccn.profiles.sync.SyncTestRepo.SyncHandler3 handleContentName
DETALHADO: Saw a name for callbackNames3
Jan 15, 2015 6:21:50 PM org.ccnx.ccn.impl.sync.SliceComparator doComparison
O MAIS DETALHADO: Y hash only for =0D27327F18E53775D3C64E1D3CF8AA4C68228F0D34D9BA10D445B4A4CC934E33E7, type is LEAF, pos is 15
Jan 15, 2015 6:21:50 PM org.ccnx.ccn.profiles.sync.SyncTestRepo doHandleContentName
INFORMAÇÕES: Number 3: Callback for name: /ccnx.org/test/SyncTestRepo-15-01-15-18.20.23/ccnSyncTest/slice9/randomFile/=FD054B82F6A1F4/=0015 - number is 21
Jan 15, 2015 6:21:50 PM org.ccnx.ccn.impl.sync.SliceComparator doComparison
O MAIS DETALHADO: Y hash only for =0D27327F18E53775D3C64E1D3CF8AA4C68228F0D34D9BA10D445B4A4CC934E33E7, type is LEAF, pos is 13
Jan 15, 2015 6:21:50 PM org.ccnx.ccn.profiles.sync.SyncTestRepo doHandleContentName
INFORMAÇÕES: Number 1: Callback for name: /ccnx.org/test/SyncTestRepo-15-01-15-18.20.23/ccnSyncTest/slice9/randomFile/=FD054B82F6A1F4/=001D - number is 29
Jan 15, 2015 6:21:50 PM org.ccnx.ccn.profiles.sync.SyncTestRepo.SyncHandler2 handleContentName
DETALHADO: Saw a name for callbackNames2
Jan 15, 2015 6:21:50 PM org.ccnx.ccn.impl.sync.SliceComparator doComparison
O MAIS DETALHADO: Y hash only for =0D27327F18E53775D3C64E1D3CF8AA4C68228F0D34D9BA10D445B4A4CC934E33E7, type is LEAF, pos is 8
Jan 15, 2015 6:21:50 PM org.ccnx.ccn.impl.sync.SliceComparator doComparison
O MAIS DETALHADO: Y hash only for =0D27327F18E53775D3C64E1D3CF8AA4C68228F0D34D9BA10D445B4A4CC934E33E7, type is LEAF, pos is 16
Jan 15, 2015 6:21:50 PM org.ccnx.ccn.profiles.sync.SyncTestRepo doHandleContentName
INFORMAÇÕES: Number 2: Callback for name: /ccnx.org/test/SyncTestRepo-15-01-15-18.20.23/ccnSyncTest/slice9/randomFile/=FD054B82F6A1F4/=001B - number is 27
Jan 15, 2015 6:21:50 PM org.ccnx.ccn.profiles.sync.SyncTestRepo.SyncHandler3 handleContentName
DETALHADO: Saw a name for callbackNames3
Jan 15, 2015 6:21:50 PM org.ccnx.ccn.profiles.sync.SyncTestRepo doHandleContentName
INFORMAÇÕES: Number 1: Callback for name: /ccnx.org/test/SyncTestRepo-15-01-15-18.20.23/ccnSyncTest/slice9/randomFile/=FD054B82F6A1F4/=001E - number is 30
Jan 15, 2015 6:21:50 PM org.ccnx.ccn.profiles.sync.SyncTestRepo doHandleContentName
INFORMAÇÕES: Number 3: Callback for name: /ccnx.org/test/SyncTestRepo-15-01-15-18.20.23/ccnSyncTest/slice9/randomFile/=FD054B82F6A1F4/=0016 - number is 22
Jan 15, 2015 6:21:50 PM org.ccnx.ccn.impl.sync.SliceComparator doComparison
O MAIS DETALHADO: Y hash only for =0D27327F18E53775D3C64E1D3CF8AA4C68228F0D34D9BA10D445B4A4CC934E33E7, type is LEAF, pos is 17
Jan 15, 2015 6:21:50 PM org.ccnx.ccn.impl.sync.SliceComparator doComparison
O MAIS DETALHADO: Y hash only for =0D27327F18E53775D3C64E1D3CF8AA4C68228F0D34D9BA10D445B4A4CC934E33E7, type is LEAF, pos is 9
Jan 15, 2015 6:21:50 PM org.ccnx.ccn.profiles.sync.SyncTestRepo doHandleContentName
INFORMAÇÕES: Number 1: Callback for name: /ccnx.org/test/SyncTestRepo-15-01-15-18.20.23/ccnSyncTest/slice9/randomFile/=FD054B82F6A1F4/=001F - number is 31
Jan 15, 2015 6:21:50 PM org.ccnx.ccn.impl.sync.SliceComparator doComparison
O MAIS DETALHADO: Y hash only for =0D27327F18E53775D3C64E1D3CF8AA4C68228F0D34D9BA10D445B4A4CC934E33E7, type is LEAF, pos is 14
Jan 15, 2015 6:21:50 PM org.ccnx.ccn.profiles.sync.SyncTestRepo.SyncHandler3 handleContentName
DETALHADO: Saw a name for callbackNames3
Jan 15, 2015 6:21:50 PM org.ccnx.ccn.impl.sync.SliceComparator doComparison
O MAIS DETALHADO: Y hash only for =0D27327F18E53775D3C64E1D3CF8AA4C68228F0D34D9BA10D445B4A4CC934E33E7, type is LEAF, pos is 18
Jan 15, 2015 6:21:50 PM org.ccnx.ccn.profiles.sync.SyncTestRepo.SyncHandler2 handleContentName
DETALHADO: Saw a name for callbackNames2
Jan 15, 2015 6:21:50 PM org.ccnx.ccn.profiles.sync.SyncTestRepo doHandleContentName
INFORMAÇÕES: Number 1: Callback for name: /ccnx.org/test/SyncTestRepo-15-01-15-18.20.23/ccnSyncTest/slice9/randomFile/=FD054B82F6A1F4/=0020 - number is 32
Jan 15, 2015 6:21:50 PM org.ccnx.ccn.profiles.sync.SyncTestRepo doHandleContentName
INFORMAÇÕES: Number 2: Callback for name: /ccnx.org/test/SyncTestRepo-15-01-15-18.20.23/ccnSyncTest/slice9/randomFile/=FD054B82F6A1F4/=001C - number is 28
Jan 15, 2015 6:21:50 PM org.ccnx.ccn.impl.sync.SliceComparator doComparison
O MAIS DETALHADO: Y hash only for =0D27327F18E53775D3C64E1D3CF8AA4C68228F0D34D9BA10D445B4A4CC934E33E7, type is LEAF, pos is 19
Jan 15, 2015 6:21:50 PM org.ccnx.ccn.impl.sync.SliceComparator doComparison
O MAIS DETALHADO: Y hash only for =0D27327F18E53775D3C64E1D3CF8AA4C68228F0D34D9BA10D445B4A4CC934E33E7, type is LEAF, pos is 15
Jan 15, 2015 6:21:50 PM org.ccnx.ccn.profiles.sync.SyncTestRepo doHandleContentName
INFORMAÇÕES: Number 3: Callback for name: /ccnx.org/test/SyncTestRepo-15-01-15-18.20.23/ccnSyncTest/slice9/randomFile/=FD054B82F6A1F4/=0017 - number is 23
Jan 15, 2015 6:21:50 PM org.ccnx.ccn.profiles.sync.SyncTestRepo doHandleContentName
INFORMAÇÕES: Number 1: Callback for name: /ccnx.org/test/SyncTestRepo-15-01-15-18.20.23/ccnSyncTest/slice9/randomFile/=FD054B82F6A1F4/=0021 - number is 33
Jan 15, 2015 6:21:50 PM org.ccnx.ccn.profiles.sync.SyncTestRepo.SyncHandler2 handleContentName
DETALHADO: Saw a name for callbackNames2
Jan 15, 2015 6:21:50 PM org.ccnx.ccn.impl.sync.SliceComparator doComparison
O MAIS DETALHADO: Y hash only for =0D27327F18E53775D3C64E1D3CF8AA4C68228F0D34D9BA10D445B4A4CC934E33E7, type is LEAF, pos is 20
Jan 15, 2015 6:21:50 PM org.ccnx.ccn.impl.sync.SliceComparator doComparison
O MAIS DETALHADO: Y hash only for =0D27327F18E53775D3C64E1D3CF8AA4C68228F0D34D9BA10D445B4A4CC934E33E7, type is LEAF, pos is 10
Jan 15, 2015 6:21:50 PM org.ccnx.ccn.profiles.sync.SyncTestRepo doHandleContentName
INFORMAÇÕES: Number 2: Callback for name: /ccnx.org/test/SyncTestRepo-15-01-15-18.20.23/ccnSyncTest/slice9/randomFile/=FD054B82F6A1F4/=001D - number is 29
Jan 15, 2015 6:21:50 PM org.ccnx.ccn.profiles.sync.SyncTestRepo doHandleContentName
INFORMAÇÕES: Number 1: Callback for name: /ccnx.org/test/SyncTestRepo-15-01-15-18.20.23/ccnSyncTest/slice9/randomFile/=FD054B82F6A1F4/=0022 - number is 34
Jan 15, 2015 6:21:50 PM org.ccnx.ccn.profiles.sync.SyncTestRepo.SyncHandler3 handleContentName
DETALHADO: Saw a name for callbackNames3
Jan 15, 2015 6:21:50 PM org.ccnx.ccn.impl.sync.SliceComparator doComparison
O MAIS DETALHADO: Y hash only for =0D27327F18E53775D3C64E1D3CF8AA4C68228F0D34D9BA10D445B4A4CC934E33E7, type is LEAF, pos is 16
Jan 15, 2015 6:21:50 PM org.ccnx.ccn.profiles.sync.SyncTestRepo doHandleContentName
INFORMAÇÕES: Number 3: Callback for name: /ccnx.org/test/SyncTestRepo-15-01-15-18.20.23/ccnSyncTest/slice9/randomFile/=FD054B82F6A1F4/=0018 - number is 24
Jan 15, 2015 6:21:50 PM org.ccnx.ccn.impl.sync.SliceComparator doComparison
O MAIS DETALHADO: Y hash only for =0D27327F18E53775D3C64E1D3CF8AA4C68228F0D34D9BA10D445B4A4CC934E33E7, type is LEAF, pos is 21
Jan 15, 2015 6:21:50 PM org.ccnx.ccn.profiles.sync.SyncTestRepo.SyncHandler2 handleContentName
DETALHADO: Saw a name for callbackNames2
Jan 15, 2015 6:21:50 PM org.ccnx.ccn.impl.sync.SliceComparator doComparison
O MAIS DETALHADO: Y hash only for =0D27327F18E53775D3C64E1D3CF8AA4C68228F0D34D9BA10D445B4A4CC934E33E7, type is LEAF, pos is 11
Jan 15, 2015 6:21:50 PM org.ccnx.ccn.profiles.sync.SyncTestRepo doHandleContentName
INFORMAÇÕES: Number 2: Callback for name: /ccnx.org/test/SyncTestRepo-15-01-15-18.20.23/ccnSyncTest/slice9/randomFile/=FD054B82F6A1F4/=001E - number is 30
Jan 15, 2015 6:21:50 PM org.ccnx.ccn.profiles.sync.SyncTestRepo.SyncHandler3 handleContentName
DETALHADO: Saw a name for callbackNames3
Jan 15, 2015 6:21:50 PM org.ccnx.ccn.impl.sync.SliceComparator doComparison
O MAIS DETALHADO: Y hash only for =0D27327F18E53775D3C64E1D3CF8AA4C68228F0D34D9BA10D445B4A4CC934E33E7, type is LEAF, pos is 17
Jan 15, 2015 6:21:50 PM org.ccnx.ccn.profiles.sync.SyncTestRepo doHandleContentName
INFORMAÇÕES: Number 3: Callback for name: /ccnx.org/test/SyncTestRepo-15-01-15-18.20.23/ccnSyncTest/slice9/randomFile/=FD054B82F6A1F4/=0019 - number is 25
Jan 15, 2015 6:21:50 PM org.ccnx.ccn.profiles.sync.SyncTestRepo.SyncHandler2 handleContentName
DETALHADO: Saw a name for callbackNames2
Jan 15, 2015 6:21:50 PM org.ccnx.ccn.impl.sync.SliceComparator doComparison
O MAIS DETALHADO: Y hash only for =0D27327F18E53775D3C64E1D3CF8AA4C68228F0D34D9BA10D445B4A4CC934E33E7, type is LEAF, pos is 12
Jan 15, 2015 6:21:50 PM org.ccnx.ccn.profiles.sync.SyncTestRepo doHandleContentName
INFORMAÇÕES: Number 2: Callback for name: /ccnx.org/test/SyncTestRepo-15-01-15-18.20.23/ccnSyncTest/slice9/randomFile/=FD054B82F6A1F4/=001F - number is 31
Jan 15, 2015 6:21:50 PM org.ccnx.ccn.profiles.sync.SyncTestRepo.SyncHandler3 handleContentName
DETALHADO: Saw a name for callbackNames3
Jan 15, 2015 6:21:50 PM org.ccnx.ccn.impl.sync.SliceComparator doComparison
O MAIS DETALHADO: Y hash only for =0D27327F18E53775D3C64E1D3CF8AA4C68228F0D34D9BA10D445B4A4CC934E33E7, type is LEAF, pos is 18
Jan 15, 2015 6:21:50 PM org.ccnx.ccn.profiles.sync.SyncTestRepo doHandleContentName
INFORMAÇÕES: Number 3: Callback for name: /ccnx.org/test/SyncTestRepo-15-01-15-18.20.23/ccnSyncTest/slice9/randomFile/=FD054B82F6A1F4/=001A - number is 26
Jan 15, 2015 6:21:50 PM org.ccnx.ccn.profiles.sync.SyncTestRepo.SyncHandler2 handleContentName
DETALHADO: Saw a name for callbackNames2
Jan 15, 2015 6:21:50 PM org.ccnx.ccn.impl.sync.SliceComparator doComparison
O MAIS DETALHADO: Y hash only for =0D27327F18E53775D3C64E1D3CF8AA4C68228F0D34D9BA10D445B4A4CC934E33E7, type is LEAF, pos is 13
Jan 15, 2015 6:21:50 PM org.ccnx.ccn.profiles.sync.SyncTestRepo doHandleContentName
INFORMAÇÕES: Number 2: Callback for name: /ccnx.org/test/SyncTestRepo-15-01-15-18.20.23/ccnSyncTest/slice9/randomFile/=FD054B82F6A1F4/=0020 - number is 32
Jan 15, 2015 6:21:50 PM org.ccnx.ccn.profiles.sync.SyncTestRepo.SyncHandler3 handleContentName
DETALHADO: Saw a name for callbackNames3
Jan 15, 2015 6:21:50 PM org.ccnx.ccn.impl.sync.SliceComparator doComparison
O MAIS DETALHADO: Y hash only for =0D27327F18E53775D3C64E1D3CF8AA4C68228F0D34D9BA10D445B4A4CC934E33E7, type is LEAF, pos is 19
Jan 15, 2015 6:21:50 PM org.ccnx.ccn.profiles.sync.SyncTestRepo doHandleContentName
INFORMAÇÕES: Number 3: Callback for name: /ccnx.org/test/SyncTestRepo-15-01-15-18.20.23/ccnSyncTest/slice9/randomFile/=FD054B82F6A1F4/=001B - number is 27
Jan 15, 2015 6:21:50 PM org.ccnx.ccn.profiles.sync.SyncTestRepo.SyncHandler2 handleContentName
DETALHADO: Saw a name for callbackNames2
Jan 15, 2015 6:21:50 PM org.ccnx.ccn.impl.sync.SliceComparator doComparison
O MAIS DETALHADO: Y hash only for =0D27327F18E53775D3C64E1D3CF8AA4C68228F0D34D9BA10D445B4A4CC934E33E7, type is LEAF, pos is 14
Jan 15, 2015 6:21:50 PM org.ccnx.ccn.profiles.sync.SyncTestRepo doHandleContentName
INFORMAÇÕES: Number 2: Callback for name: /ccnx.org/test/SyncTestRepo-15-01-15-18.20.23/ccnSyncTest/slice9/randomFile/=FD054B82F6A1F4/=0021 - number is 33
Jan 15, 2015 6:21:50 PM org.ccnx.ccn.profiles.sync.SyncTestRepo.SyncHandler3 handleContentName
DETALHADO: Saw a name for callbackNames3
Jan 15, 2015 6:21:50 PM org.ccnx.ccn.impl.sync.SliceComparator doComparison
O MAIS DETALHADO: Y hash only for =0D27327F18E53775D3C64E1D3CF8AA4C68228F0D34D9BA10D445B4A4CC934E33E7, type is LEAF, pos is 20
Jan 15, 2015 6:21:50 PM org.ccnx.ccn.profiles.sync.SyncTestRepo doHandleContentName
INFORMAÇÕES: Number 3: Callback for name: /ccnx.org/test/SyncTestRepo-15-01-15-18.20.23/ccnSyncTest/slice9/randomFile/=FD054B82F6A1F4/=001C - number is 28
Jan 15, 2015 6:21:50 PM org.ccnx.ccn.profiles.sync.SyncTestRepo.SyncHandler2 handleContentName
DETALHADO: Saw a name for callbackNames2
Jan 15, 2015 6:21:50 PM org.ccnx.ccn.profiles.sync.SyncTestRepo doHandleContentName
INFORMAÇÕES: Number 1: Callback for name: /ccnx.org/test/SyncTestRepo-15-01-15-18.20.23/ccnSyncTest/slice9/randomFile/=FD054B82F6A1F4/=0023 - number is 35
Jan 15, 2015 6:21:50 PM org.ccnx.ccn.impl.sync.SliceComparator doComparison
O MAIS DETALHADO: Y hash only for =0D27327F18E53775D3C64E1D3CF8AA4C68228F0D34D9BA10D445B4A4CC934E33E7, type is LEAF, pos is 15
Jan 15, 2015 6:21:50 PM org.ccnx.ccn.profiles.sync.SyncTestRepo doHandleContentName
INFORMAÇÕES: Number 2: Callback for name: /ccnx.org/test/SyncTestRepo-15-01-15-18.20.23/ccnSyncTest/slice9/randomFile/=FD054B82F6A1F4/=0022 - number is 34
Jan 15, 2015 6:21:50 PM org.ccnx.ccn.profiles.sync.SyncTestRepo.SyncHandler3 handleContentName
DETALHADO: Saw a name for callbackNames3
Jan 15, 2015 6:21:50 PM org.ccnx.ccn.impl.sync.SliceComparator doComparison
O MAIS DETALHADO: Y hash only for =0D27327F18E53775D3C64E1D3CF8AA4C68228F0D34D9BA10D445B4A4CC934E33E7, type is LEAF, pos is 22
Jan 15, 2015 6:21:50 PM org.ccnx.ccn.impl.sync.SliceComparator doComparison
O MAIS DETALHADO: Y hash only for =0D27327F18E53775D3C64E1D3CF8AA4C68228F0D34D9BA10D445B4A4CC934E33E7, type is LEAF, pos is 21
Jan 15, 2015 6:21:50 PM org.ccnx.ccn.profiles.sync.SyncTestRepo doHandleContentName
INFORMAÇÕES: Number 3: Callback for name: /ccnx.org/test/SyncTestRepo-15-01-15-18.20.23/ccnSyncTest/slice9/randomFile/=FD054B82F6A1F4/=001D - number is 29
Jan 15, 2015 6:21:50 PM org.ccnx.ccn.profiles.sync.SyncTestRepo doHandleContentName
INFORMAÇÕES: Number 1: Callback for name: /ccnx.org/test/SyncTestRepo-15-01-15-18.20.23/ccnSyncTest/slice9/randomFile/=FD054B82F6A1F4/=0024 - number is 36
Jan 15, 2015 6:21:50 PM org.ccnx.ccn.profiles.sync.SyncTestRepo.SyncHandler2 handleContentName
DETALHADO: Saw a name for callbackNames2
Jan 15, 2015 6:21:50 PM org.ccnx.ccn.impl.sync.SliceComparator doComparison
O MAIS DETALHADO: Y hash only for =0D27327F18E53775D3C64E1D3CF8AA4C68228F0D34D9BA10D445B4A4CC934E33E7, type is LEAF, pos is 16
Jan 15, 2015 6:21:50 PM org.ccnx.ccn.impl.sync.SliceComparator doComparison
O MAIS DETALHADO: Y hash only for %15ma%2B7=7FD272F1BDE647E0F878992BBBB90475671DEC0503A3551F752A2F06, type is HASH, pos is 2
Jan 15, 2015 6:21:50 PM org.ccnx.ccn.profiles.sync.SyncTestRepo doHandleContentName
INFORMAÇÕES: Number 2: Callback for name: /ccnx.org/test/SyncTestRepo-15-01-15-18.20.23/ccnSyncTest/slice9/randomFile/=FD054B82F6A1F4/=0023 - number is 35
Jan 15, 2015 6:21:50 PM org.ccnx.ccn.profiles.sync.SyncTestRepo.SyncHandler3 handleContentName
DETALHADO: Saw a name for callbackNames3
Jan 15, 2015 6:21:50 PM org.ccnx.ccn.profiles.sync.SyncTestRepo doHandleContentName
INFORMAÇÕES: Number 3: Callback for name: /ccnx.org/test/SyncTestRepo-15-01-15-18.20.23/ccnSyncTest/slice9/randomFile/=FD054B82F6A1F4/=001E - number is 30
Jan 15, 2015 6:21:50 PM org.ccnx.ccn.impl.sync.SliceComparator doComparison
O MAIS DETALHADO: Y hash only for =0D27327F18E53775D3C64E1D3CF8AA4C68228F0D34D9BA10D445B4A4CC934E33E7, type is LEAF, pos is 22
Jan 15, 2015 6:21:50 PM org.ccnx.ccn.impl.sync.SliceComparator doComparison
O MAIS DETALHADO: Y hash only for =0D27327F18E53775D3C64E1D3CF8AA4C68228F0D34D9BA10D445B4A4CC934E33E7, type is LEAF, pos is 17
Jan 15, 2015 6:21:50 PM org.ccnx.ccn.profiles.sync.SyncTestRepo.SyncHandler2 handleContentName
DETALHADO: Saw a name for callbackNames2
Jan 15, 2015 6:21:50 PM org.ccnx.ccn.profiles.sync.SyncTestRepo.SyncHandler3 handleContentName
DETALHADO: Saw a name for callbackNames3
Jan 15, 2015 6:21:50 PM org.ccnx.ccn.profiles.sync.SyncTestRepo doHandleContentName
INFORMAÇÕES: Number 2: Callback for name: /ccnx.org/test/SyncTestRepo-15-01-15-18.20.23/ccnSyncTest/slice9/randomFile/=FD054B82F6A1F4/=0024 - number is 36
Jan 15, 2015 6:21:50 PM org.ccnx.ccn.profiles.sync.SyncTestRepo doHandleContentName
INFORMAÇÕES: Number 3: Callback for name: /ccnx.org/test/SyncTestRepo-15-01-15-18.20.23/ccnSyncTest/slice9/randomFile/=FD054B82F6A1F4/=001F - number is 31
Jan 15, 2015 6:21:50 PM org.ccnx.ccn.impl.sync.SliceComparator doComparison
O MAIS DETALHADO: Y hash only for %15ma%2B7=7FD272F1BDE647E0F878992BBBB90475671DEC0503A3551F752A2F06, type is HASH, pos is 2
Jan 15, 2015 6:21:50 PM org.ccnx.ccn.impl.sync.SliceComparator doComparison
O MAIS DETALHADO: Y hash only for =0D27327F18E53775D3C64E1D3CF8AA4C68228F0D34D9BA10D445B4A4CC934E33E7, type is LEAF, pos is 18
Jan 15, 2015 6:21:50 PM org.ccnx.ccn.profiles.sync.SyncTestRepo.SyncHandler3 handleContentName
DETALHADO: Saw a name for callbackNames3
Jan 15, 2015 6:21:50 PM org.ccnx.ccn.profiles.sync.SyncTestRepo doHandleContentName
INFORMAÇÕES: Number 3: Callback for name: /ccnx.org/test/SyncTestRepo-15-01-15-18.20.23/ccnSyncTest/slice9/randomFile/=FD054B82F6A1F4/=0020 - number is 32
Jan 15, 2015 6:21:50 PM org.ccnx.ccn.impl.sync.SliceComparator doComparison
O MAIS DETALHADO: Y hash only for =0D27327F18E53775D3C64E1D3CF8AA4C68228F0D34D9BA10D445B4A4CC934E33E7, type is LEAF, pos is 19
Jan 15, 2015 6:21:50 PM org.ccnx.ccn.profiles.sync.SyncTestRepo.SyncHandler3 handleContentName
DETALHADO: Saw a name for callbackNames3
Jan 15, 2015 6:21:50 PM org.ccnx.ccn.profiles.sync.SyncTestRepo doHandleContentName
INFORMAÇÕES: Number 3: Callback for name: /ccnx.org/test/SyncTestRepo-15-01-15-18.20.23/ccnSyncTest/slice9/randomFile/=FD054B82F6A1F4/=0021 - number is 33
Jan 15, 2015 6:21:50 PM org.ccnx.ccn.impl.sync.SliceComparator doComparison
O MAIS DETALHADO: Y hash only for =0D27327F18E53775D3C64E1D3CF8AA4C68228F0D34D9BA10D445B4A4CC934E33E7, type is LEAF, pos is 20
Jan 15, 2015 6:21:50 PM org.ccnx.ccn.profiles.sync.SyncTestRepo.SyncHandler3 handleContentName
DETALHADO: Saw a name for callbackNames3
Jan 15, 2015 6:21:50 PM org.ccnx.ccn.profiles.sync.SyncTestRepo doHandleContentName
INFORMAÇÕES: Number 3: Callback for name: /ccnx.org/test/SyncTestRepo-15-01-15-18.20.23/ccnSyncTest/slice9/randomFile/=FD054B82F6A1F4/=0022 - number is 34
Jan 15, 2015 6:21:50 PM org.ccnx.ccn.impl.sync.SliceComparator doComparison
O MAIS DETALHADO: Y hash only for =0D27327F18E53775D3C64E1D3CF8AA4C68228F0D34D9BA10D445B4A4CC934E33E7, type is LEAF, pos is 21
Jan 15, 2015 6:21:50 PM org.ccnx.ccn.profiles.sync.SyncTestRepo.SyncHandler3 handleContentName
DETALHADO: Saw a name for callbackNames3
Jan 15, 2015 6:21:50 PM org.ccnx.ccn.profiles.sync.SyncTestRepo doHandleContentName
INFORMAÇÕES: Number 3: Callback for name: /ccnx.org/test/SyncTestRepo-15-01-15-18.20.23/ccnSyncTest/slice9/randomFile/=FD054B82F6A1F4/=0023 - number is 35
Jan 15, 2015 6:21:50 PM org.ccnx.ccn.impl.sync.SliceComparator doComparison
O MAIS DETALHADO: Y hash only for =0D27327F18E53775D3C64E1D3CF8AA4C68228F0D34D9BA10D445B4A4CC934E33E7, type is LEAF, pos is 22
Jan 15, 2015 6:21:50 PM org.ccnx.ccn.profiles.sync.SyncTestRepo.SyncHandler3 handleContentName
DETALHADO: Saw a name for callbackNames3
Jan 15, 2015 6:21:50 PM org.ccnx.ccn.profiles.sync.SyncTestRepo doHandleContentName
INFORMAÇÕES: Number 3: Callback for name: /ccnx.org/test/SyncTestRepo-15-01-15-18.20.23/ccnSyncTest/slice9/randomFile/=FD054B82F6A1F4/=0024 - number is 36
Jan 15, 2015 6:21:50 PM org.ccnx.ccn.impl.sync.SliceComparator doComparison
O MAIS DETALHADO: Y hash only for %15ma%2B7=7FD272F1BDE647E0F878992BBBB90475671DEC0503A3551F752A2F06, type is HASH, pos is 2
Jan 15, 2015 6:21:50 PM org.ccnx.ccn.io.content.SyncNodeComposite decodeLogging
O MAIS DETALHADO: decode node for =02D53F65198A36862946DB7A8E31A9BA3708D47292CE6780001E1FAB6180ED8D14 depth = 1 refs = 4
Jan 15, 2015 6:21:50 PM org.ccnx.ccn.io.content.SyncNodeComposite decodeLogging
O MAIS DETALHADO: min is 37, max is 0, expanded min is /ccnx.org/test/SyncTestRepo-15-01-15-18.20.23/ccnSyncTest/slice9/randomFile/=FD054B82F6A1F4/=0025/=7F0E6F886D4B459E63FCD3E32DA3E47D58293CE502D36EA4BDE1E38BE9493014, expanded max is /ccnx.org/test/SyncTestRepo-15-01-15-18.20.23/ccnSyncTest/slice9/randomFile/=FD054B82F6A1F4/%C1.META.M/.header/=FD054B82F6A277/=00/%E1d=DD9BAB5C9B8BB01ED5ACE2DBD7444D09943A4AAAF2EB897BB30A2244EAE0
Jan 15, 2015 6:21:50 PM org.ccnx.ccn.impl.sync.SliceComparator doComparison
O MAIS DETALHADO: Y hash only for =02D53F65198A36862946DB7A8E31A9BA3708D47292CE6780001E1FAB6180ED8D14, type is LEAF, pos is 0
Jan 15, 2015 6:21:50 PM org.ccnx.ccn.profiles.sync.SyncTestRepo.SyncHandler3 handleContentName
DETALHADO: Saw a name for callbackNames3
Jan 15, 2015 6:21:50 PM org.ccnx.ccn.profiles.sync.SyncTestRepo doHandleContentName
INFORMAÇÕES: Number 3: Callback for name: /ccnx.org/test/SyncTestRepo-15-01-15-18.20.23/ccnSyncTest/slice9/randomFile/=FD054B82F6A1F4/=0025 - number is 37
Jan 15, 2015 6:21:50 PM org.ccnx.ccn.impl.sync.SliceComparator doComparison
O MAIS DETALHADO: Y hash only for =02D53F65198A36862946DB7A8E31A9BA3708D47292CE6780001E1FAB6180ED8D14, type is LEAF, pos is 1
Jan 15, 2015 6:21:50 PM org.ccnx.ccn.profiles.sync.SyncTestRepo.SyncHandler3 handleContentName
DETALHADO: Saw a name for callbackNames3
Jan 15, 2015 6:21:50 PM org.ccnx.ccn.profiles.sync.SyncTestRepo doHandleContentName
INFORMAÇÕES: Number 3: Callback for name: /ccnx.org/test/SyncTestRepo-15-01-15-18.20.23/ccnSyncTest/slice9/randomFile/=FD054B82F6A1F4/=0026 - number is 38
Jan 15, 2015 6:21:50 PM org.ccnx.ccn.impl.sync.SliceComparator doComparison
O MAIS DETALHADO: Y hash only for =02D53F65198A36862946DB7A8E31A9BA3708D47292CE6780001E1FAB6180ED8D14, type is LEAF, pos is 2
Jan 15, 2015 6:21:50 PM org.ccnx.ccn.profiles.sync.SyncTestRepo.SyncHandler3 handleContentName
DETALHADO: Saw a name for callbackNames3
Jan 15, 2015 6:21:50 PM org.ccnx.ccn.profiles.sync.SyncTestRepo doHandleContentName
INFORMAÇÕES: Number 3: Callback for name: /ccnx.org/test/SyncTestRepo-15-01-15-18.20.23/ccnSyncTest/slice9/randomFile/=FD054B82F6A1F4/=0027 - number is 39
Jan 15, 2015 6:21:50 PM org.ccnx.ccn.impl.sync.SliceComparator doComparison
O MAIS DETALHADO: Y hash only for =02D53F65198A36862946DB7A8E31A9BA3708D47292CE6780001E1FAB6180ED8D14, type is LEAF, pos is 3
Jan 15, 2015 6:21:50 PM org.ccnx.ccn.profiles.sync.SyncTestRepo.SyncHandler3 handleContentName
DETALHADO: Saw a name for callbackNames3
Jan 15, 2015 6:21:50 PM org.ccnx.ccn.profiles.sync.SyncTestRepo doHandleContentName
INFORMAÇÕES: Number 3: Callback for name: /ccnx.org/test/SyncTestRepo-15-01-15-18.20.23/ccnSyncTest/slice9/randomFile/=FD054B82F6A1F4/%C1.META.M/.header/=FD054B82F6A277/=00 - number is header
Jan 15, 2015 6:21:50 PM org.ccnx.ccn.impl.sync.SliceComparator updateCurrent
O MAIS DETALHADO: Starting update from hash %15ma%2B7=7FD272F1BDE647E0F878992BBBB90475671DEC0503A3551F752A2F06
Jan 15, 2015 6:21:50 PM org.ccnx.ccn.impl.sync.SliceComparator updateCurrent
O MAIS DETALHADO: Update compare - moving to: %05p%EFG=05106476F4B0BCB015CE24928C905584ADBEFC5B309FCF04F160EE6E0B
Jan 15, 2015 6:21:50 PM org.ccnx.ccn.impl.sync.SliceComparator updateCurrent
O MAIS DETALHADO: Update compare: name from tree (expanded) is /ccnx.org/test/SyncTestRepo-15-01-15-18.20.23/ccnSyncTest/slice9/randomFile/=FD054B82F6A1F4/=00/=0B8EC1430BAA5314F574BA2A508E0FEA573169B7F4FB56342BADB25C2D81AC38, name  is /ccnx.org/test/SyncTestRepo-15-01-15-18.20.23/ccnSyncTest/slice9/randomFile/=FD054B82F6A1F4/=00/=0B8EC1430BAA5314F574BA2A508E0FEA573169B7F4FB56342BADB25C2D81AC38, comp is 0
Jan 15, 2015 6:21:50 PM org.ccnx.ccn.impl.sync.SliceComparator updateCurrent
O MAIS DETALHADO: Update compare: name from tree (expanded) is /ccnx.org/test/SyncTestRepo-15-01-15-18.20.23/ccnSyncTest/slice9/randomFile/=FD054B82F6A1F4/=0001/%EBN=F3F8038553417F7E8280524DF606E8522541EC96373A076F3A3FD413D07D, name  is /ccnx.org/test/SyncTestRepo-15-01-15-18.20.23/ccnSyncTest/slice9/randomFile/=FD054B82F6A1F4/=0001/%EBN=F3F8038553417F7E8280524DF606E8522541EC96373A076F3A3FD413D07D, comp is 0
Jan 15, 2015 6:21:50 PM org.ccnx.ccn.impl.sync.SliceComparator updateCurrent
O MAIS DETALHADO: Update compare: name from tree (expanded) is /ccnx.org/test/SyncTestRepo-15-01-15-18.20.23/ccnSyncTest/slice9/randomFile/=FD054B82F6A1F4/=0002/E=959F560CCB168756A2A3161F52DA98FED4772A67EFD14E26810588C426BB0F, name  is /ccnx.org/test/SyncTestRepo-15-01-15-18.20.23/ccnSyncTest/slice9/randomFile/=FD054B82F6A1F4/=0002/E=959F560CCB168756A2A3161F52DA98FED4772A67EFD14E26810588C426BB0F, comp is 0
Jan 15, 2015 6:21:50 PM org.ccnx.ccn.impl.sync.SliceComparator updateCurrent
O MAIS DETALHADO: Update compare: name from tree (expanded) is /ccnx.org/test/SyncTestRepo-15-01-15-18.20.23/ccnSyncTest/slice9/randomFile/=FD054B82F6A1F4/=0003/%0F~as%115b=1C8526C5B9FE7175C3E066056DC100A38F17C699753E9D0A2B, name  is /ccnx.org/test/SyncTestRepo-15-01-15-18.20.23/ccnSyncTest/slice9/randomFile/=FD054B82F6A1F4/=0003/%0F~as%115b=1C8526C5B9FE7175C3E066056DC100A38F17C699753E9D0A2B, comp is 0
Jan 15, 2015 6:21:50 PM org.ccnx.ccn.impl.sync.SliceComparator updateCurrent
O MAIS DETALHADO: Update compare: name from tree (expanded) is /ccnx.org/test/SyncTestRepo-15-01-15-18.20.23/ccnSyncTest/slice9/randomFile/=FD054B82F6A1F4/=0004/%F75=98D6096589C4308B3D7F20120A48CF13CC5A30837F3274AC5FE08E4EC6DE, name  is /ccnx.org/test/SyncTestRepo-15-01-15-18.20.23/ccnSyncTest/slice9/randomFile/=FD054B82F6A1F4/=0004/%F75=98D6096589C4308B3D7F20120A48CF13CC5A30837F3274AC5FE08E4EC6DE, comp is 0
Jan 15, 2015 6:21:50 PM org.ccnx.ccn.impl.sync.SliceComparator updateCurrent
O MAIS DETALHADO: Update compare: name from tree (expanded) is /ccnx.org/test/SyncTestRepo-15-01-15-18.20.23/ccnSyncTest/slice9/randomFile/=FD054B82F6A1F4/=0005/=C59DC0532AA004AB0F3446866F410C3299AAB695609904574975E7D8073507E3, name  is /ccnx.org/test/SyncTestRepo-15-01-15-18.20.23/ccnSyncTest/slice9/randomFile/=FD054B82F6A1F4/=0005/=C59DC0532AA004AB0F3446866F410C3299AAB695609904574975E7D8073507E3, comp is 0
Jan 15, 2015 6:21:50 PM org.ccnx.ccn.impl.sync.SliceComparator updateCurrent
O MAIS DETALHADO: Update compare: name from tree (expanded) is /ccnx.org/test/SyncTestRepo-15-01-15-18.20.23/ccnSyncTest/slice9/randomFile/=FD054B82F6A1F4/=0006/.=F6A4DF891F35D7D750A3789F0A474C27119F905B2B4720D1005C4BA41E1CFB, name  is /ccnx.org/test/SyncTestRepo-15-01-15-18.20.23/ccnSyncTest/slice9/randomFile/=FD054B82F6A1F4/=0006/.=F6A4DF891F35D7D750A3789F0A474C27119F905B2B4720D1005C4BA41E1CFB, comp is 0
Jan 15, 2015 6:21:50 PM org.ccnx.ccn.impl.sync.SliceComparator updateCurrent
O MAIS DETALHADO: Update compare: name from tree (expanded) is /ccnx.org/test/SyncTestRepo-15-01-15-18.20.23/ccnSyncTest/slice9/randomFile/=FD054B82F6A1F4/=0007/%1D4=FD9672DCB73FC785DFA0443AAC59D53633167B51C1E1A179E9C2EDCA4C9E, name  is /ccnx.org/test/SyncTestRepo-15-01-15-18.20.23/ccnSyncTest/slice9/randomFile/=FD054B82F6A1F4/=0007/%1D4=FD9672DCB73FC785DFA0443AAC59D53633167B51C1E1A179E9C2EDCA4C9E, comp is 0
Jan 15, 2015 6:21:50 PM org.ccnx.ccn.impl.sync.SliceComparator updateCurrent
O MAIS DETALHADO: Update compare: name from tree (expanded) is /ccnx.org/test/SyncTestRepo-15-01-15-18.20.23/ccnSyncTest/slice9/randomFile/=FD054B82F6A1F4/=0008/=219570E13A4C311684CD4D363B4D2B231F2B7C4B3A570D52B5281B7B8D0432CB, name  is /ccnx.org/test/SyncTestRepo-15-01-15-18.20.23/ccnSyncTest/slice9/randomFile/=FD054B82F6A1F4/=0008/=219570E13A4C311684CD4D363B4D2B231F2B7C4B3A570D52B5281B7B8D0432CB, comp is 0
Jan 15, 2015 6:21:50 PM org.ccnx.ccn.impl.sync.SliceComparator updateCurrent
O MAIS DETALHADO: Update compare: name from tree (expanded) is /ccnx.org/test/SyncTestRepo-15-01-15-18.20.23/ccnSyncTest/slice9/randomFile/=FD054B82F6A1F4/=0009/%26_=DDB5FE4C82A066DC717DF889CAA5914124B53B1269ECA97DA7A99ACD7C47, name  is /ccnx.org/test/SyncTestRepo-15-01-15-18.20.23/ccnSyncTest/slice9/randomFile/=FD054B82F6A1F4/=0009/%26_=DDB5FE4C82A066DC717DF889CAA5914124B53B1269ECA97DA7A99ACD7C47, comp is 0
Jan 15, 2015 6:21:50 PM org.ccnx.ccn.impl.sync.SliceComparator updateCurrent
O MAIS DETALHADO: Update compare: name from tree (expanded) is /ccnx.org/test/SyncTestRepo-15-01-15-18.20.23/ccnSyncTest/slice9/randomFile/=FD054B82F6A1F4/=000A/=3FC69DFF1239ED76FF3C0DAD9EF6253F75A2F184CD67D810158D06751A3A0C35, name  is /ccnx.org/test/SyncTestRepo-15-01-15-18.20.23/ccnSyncTest/slice9/randomFile/=FD054B82F6A1F4/=000A/=3FC69DFF1239ED76FF3C0DAD9EF6253F75A2F184CD67D810158D06751A3A0C35, comp is 0
Jan 15, 2015 6:21:50 PM org.ccnx.ccn.impl.sync.SliceComparator updateCurrent
O MAIS DETALHADO: Update compare: name from tree (expanded) is /ccnx.org/test/SyncTestRepo-15-01-15-18.20.23/ccnSyncTest/slice9/randomFile/=FD054B82F6A1F4/=000B/n=DBBA39C355965090E972E3FEF3EC32147E8E87DA41C643D406B0F7B055754E, name  is /ccnx.org/test/SyncTestRepo-15-01-15-18.20.23/ccnSyncTest/slice9/randomFile/=FD054B82F6A1F4/=000B/n=DBBA39C355965090E972E3FEF3EC32147E8E87DA41C643D406B0F7B055754E, comp is 0
Jan 15, 2015 6:21:50 PM org.ccnx.ccn.impl.sync.SliceComparator updateCurrent
O MAIS DETALHADO: Update compare: name from tree (expanded) is /ccnx.org/test/SyncTestRepo-15-01-15-18.20.23/ccnSyncTest/slice9/randomFile/=FD054B82F6A1F4/=000C/=F7038EFDE4C570BAF5F58B11BA361A2C51186826912D3C0B7F5B87E474815715, name  is /ccnx.org/test/SyncTestRepo-15-01-15-18.20.23/ccnSyncTest/slice9/randomFile/=FD054B82F6A1F4/=000C/=F7038EFDE4C570BAF5F58B11BA361A2C51186826912D3C0B7F5B87E474815715, comp is 0
Jan 15, 2015 6:21:50 PM org.ccnx.ccn.impl.sync.SliceComparator updateCurrent
O MAIS DETALHADO: Update compare: name from tree (expanded) is /ccnx.org/test/SyncTestRepo-15-01-15-18.20.23/ccnSyncTest/slice9/randomFile/=FD054B82F6A1F4/=000D/.c_=93C045343A0FA539250EF510B680EA9A519EA07ABA3638E919CE466C18, name  is /ccnx.org/test/SyncTestRepo-15-01-15-18.20.23/ccnSyncTest/slice9/randomFile/=FD054B82F6A1F4/=000D/.c_=93C045343A0FA539250EF510B680EA9A519EA07ABA3638E919CE466C18, comp is 0
Jan 15, 2015 6:21:50 PM org.ccnx.ccn.impl.sync.SliceComparator updateCurrent
O MAIS DETALHADO: Update compare - moving to: =0D27327F18E53775D3C64E1D3CF8AA4C68228F0D34D9BA10D445B4A4CC934E33E7
Jan 15, 2015 6:21:50 PM org.ccnx.ccn.impl.sync.SliceComparator updateCurrent
O MAIS DETALHADO: Update compare: name from tree (expanded) is /ccnx.org/test/SyncTestRepo-15-01-15-18.20.23/ccnSyncTest/slice9/randomFile/=FD054B82F6A1F4/=000E/%FE1X=E529673D6B088AB5993677163E6922B9B586B7BD70CE0AAE31EA2148FD, name  is /ccnx.org/test/SyncTestRepo-15-01-15-18.20.23/ccnSyncTest/slice9/randomFile/=FD054B82F6A1F4/=000E/%FE1X=E529673D6B088AB5993677163E6922B9B586B7BD70CE0AAE31EA2148FD, comp is 0
Jan 15, 2015 6:21:50 PM org.ccnx.ccn.impl.sync.SliceComparator updateCurrent
O MAIS DETALHADO: Update compare: name from tree (expanded) is /ccnx.org/test/SyncTestRepo-15-01-15-18.20.23/ccnSyncTest/slice9/randomFile/=FD054B82F6A1F4/=000F/=13C718564AED534A913A264A80F61736AC4EAD885F9CFD55ABCD7F784106CF11, name  is /ccnx.org/test/SyncTestRepo-15-01-15-18.20.23/ccnSyncTest/slice9/randomFile/=FD054B82F6A1F4/=000F/=13C718564AED534A913A264A80F61736AC4EAD885F9CFD55ABCD7F784106CF11, comp is 0
Jan 15, 2015 6:21:50 PM org.ccnx.ccn.impl.sync.SliceComparator updateCurrent
O MAIS DETALHADO: Update compare: name from tree (expanded) is /ccnx.org/test/SyncTestRepo-15-01-15-18.20.23/ccnSyncTest/slice9/randomFile/=FD054B82F6A1F4/=0010/%D5qr=0327BD8EA221905E2DD3D2A8187D17BFCA0E14B79488EA795C6B4DFC1F, name  is /ccnx.org/test/SyncTestRepo-15-01-15-18.20.23/ccnSyncTest/slice9/randomFile/=FD054B82F6A1F4/=0010/%D5qr=0327BD8EA221905E2DD3D2A8187D17BFCA0E14B79488EA795C6B4DFC1F, comp is 0
Jan 15, 2015 6:21:50 PM org.ccnx.ccn.impl.sync.SliceComparator updateCurrent
O MAIS DETALHADO: Update compare: name from tree (expanded) is /ccnx.org/test/SyncTestRepo-15-01-15-18.20.23/ccnSyncTest/slice9/randomFile/=FD054B82F6A1F4/=0011/=FBDC827E6D5C34ABF58365F058BF49B8047AB14354BD675385891442FA852675, name  is /ccnx.org/test/SyncTestRepo-15-01-15-18.20.23/ccnSyncTest/slice9/randomFile/=FD054B82F6A1F4/=0011/=FBDC827E6D5C34ABF58365F058BF49B8047AB14354BD675385891442FA852675, comp is 0
Jan 15, 2015 6:21:50 PM org.ccnx.ccn.impl.sync.SliceComparator updateCurrent
O MAIS DETALHADO: Update compare: name from tree (expanded) is /ccnx.org/test/SyncTestRepo-15-01-15-18.20.23/ccnSyncTest/slice9/randomFile/=FD054B82F6A1F4/=0012/=801B7974860EE74E9D4A84F5E3D43AC6455739DBEE9513B30B424B177C88A521, name  is /ccnx.org/test/SyncTestRepo-15-01-15-18.20.23/ccnSyncTest/slice9/randomFile/=FD054B82F6A1F4/=0012/=801B7974860EE74E9D4A84F5E3D43AC6455739DBEE9513B30B424B177C88A521, comp is 0
Jan 15, 2015 6:21:50 PM org.ccnx.ccn.impl.sync.SliceComparator updateCurrent
O MAIS DETALHADO: Update compare: name from tree (expanded) is /ccnx.org/test/SyncTestRepo-15-01-15-18.20.23/ccnSyncTest/slice9/randomFile/=FD054B82F6A1F4/=0013/=19B2421B2A9F6284542AD17180452A43562D4DFC35A625C608080CFB4E6EA72F, name  is /ccnx.org/test/SyncTestRepo-15-01-15-18.20.23/ccnSyncTest/slice9/randomFile/=FD054B82F6A1F4/=0013/=19B2421B2A9F6284542AD17180452A43562D4DFC35A625C608080CFB4E6EA72F, comp is 0
Jan 15, 2015 6:21:50 PM org.ccnx.ccn.impl.sync.SliceComparator updateCurrent
O MAIS DETALHADO: Update compare: name from tree (expanded) is /ccnx.org/test/SyncTestRepo-15-01-15-18.20.23/ccnSyncTest/slice9/randomFile/=FD054B82F6A1F4/=0014/=AAD2C8AC19AFC291C903EED72B1FE28EBCFE324AFD7307EF114087D1475C0C38, name  is /ccnx.org/test/SyncTestRepo-15-01-15-18.20.23/ccnSyncTest/slice9/randomFile/=FD054B82F6A1F4/=0014/=AAD2C8AC19AFC291C903EED72B1FE28EBCFE324AFD7307EF114087D1475C0C38, comp is 0
Jan 15, 2015 6:21:50 PM org.ccnx.ccn.impl.sync.SliceComparator updateCurrent
O MAIS DETALHADO: Update compare: name from tree (expanded) is /ccnx.org/test/SyncTestRepo-15-01-15-18.20.23/ccnSyncTest/slice9/randomFile/=FD054B82F6A1F4/=0015/%875=02E255272B96A3F2AEA6710BE8773327CDE281F19E56A12C4C843D7ED21A, name  is /ccnx.org/test/SyncTestRepo-15-01-15-18.20.23/ccnSyncTest/slice9/randomFile/=FD054B82F6A1F4/=0015/%875=02E255272B96A3F2AEA6710BE8773327CDE281F19E56A12C4C843D7ED21A, comp is 0
Jan 15, 2015 6:21:50 PM org.ccnx.ccn.impl.sync.SliceComparator updateCurrent
O MAIS DETALHADO: Update compare: name from tree (expanded) is /ccnx.org/test/SyncTestRepo-15-01-15-18.20.23/ccnSyncTest/slice9/randomFile/=FD054B82F6A1F4/=0016/=9B3BDC97FB23ADE8F3CDA8CF272507DBC2B7DF19E9445ACABCDF6F597363BFC0, name  is /ccnx.org/test/SyncTestRepo-15-01-15-18.20.23/ccnSyncTest/slice9/randomFile/=FD054B82F6A1F4/=0016/=9B3BDC97FB23ADE8F3CDA8CF272507DBC2B7DF19E9445ACABCDF6F597363BFC0, comp is 0
Jan 15, 2015 6:21:50 PM org.ccnx.ccn.impl.sync.SliceComparator updateCurrent
O MAIS DETALHADO: Update compare: name from tree (expanded) is /ccnx.org/test/SyncTestRepo-15-01-15-18.20.23/ccnSyncTest/slice9/randomFile/=FD054B82F6A1F4/=0017/=C5F6B0EBAE3437ABFAA111A6B279279CE40740EF72566305EDEFA9E40A8C175C, name  is /ccnx.org/test/SyncTestRepo-15-01-15-18.20.23/ccnSyncTest/slice9/randomFile/=FD054B82F6A1F4/=0017/=C5F6B0EBAE3437ABFAA111A6B279279CE40740EF72566305EDEFA9E40A8C175C, comp is 0
Jan 15, 2015 6:21:50 PM org.ccnx.ccn.impl.sync.SliceComparator updateCurrent
O MAIS DETALHADO: Update compare: name from tree (expanded) is /ccnx.org/test/SyncTestRepo-15-01-15-18.20.23/ccnSyncTest/slice9/randomFile/=FD054B82F6A1F4/=0018/=A915A05256C20FA2FDA8AB7D71AB14FDE16EC0FA2C9024AB575E495263D48F25, name  is /ccnx.org/test/SyncTestRepo-15-01-15-18.20.23/ccnSyncTest/slice9/randomFile/=FD054B82F6A1F4/=0018/=A915A05256C20FA2FDA8AB7D71AB14FDE16EC0FA2C9024AB575E495263D48F25, comp is 0
Jan 15, 2015 6:21:50 PM org.ccnx.ccn.impl.sync.SliceComparator updateCurrent
O MAIS DETALHADO: Update compare: name from tree (expanded) is /ccnx.org/test/SyncTestRepo-15-01-15-18.20.23/ccnSyncTest/slice9/randomFile/=FD054B82F6A1F4/=0019/%85G=FA3EE4BFDD02CAC9127CAD37607682FF57D714852701D90116203489B26E, name  is /ccnx.org/test/SyncTestRepo-15-01-15-18.20.23/ccnSyncTest/slice9/randomFile/=FD054B82F6A1F4/=0019/%85G=FA3EE4BFDD02CAC9127CAD37607682FF57D714852701D90116203489B26E, comp is 0
Jan 15, 2015 6:21:50 PM org.ccnx.ccn.impl.sync.SliceComparator updateCurrent
O MAIS DETALHADO: Update compare: name from tree (expanded) is /ccnx.org/test/SyncTestRepo-15-01-15-18.20.23/ccnSyncTest/slice9/randomFile/=FD054B82F6A1F4/=001A/=1300517F74293BA851BB197B9283D17C9D2AAA9D4F79DFC172DBE2DCD75A2738, name  is /ccnx.org/test/SyncTestRepo-15-01-15-18.20.23/ccnSyncTest/slice9/randomFile/=FD054B82F6A1F4/=001A/=1300517F74293BA851BB197B9283D17C9D2AAA9D4F79DFC172DBE2DCD75A2738, comp is 0
Jan 15, 2015 6:21:50 PM org.ccnx.ccn.impl.sync.SliceComparator updateCurrent
O MAIS DETALHADO: Update compare: name from tree (expanded) is /ccnx.org/test/SyncTestRepo-15-01-15-18.20.23/ccnSyncTest/slice9/randomFile/=FD054B82F6A1F4/=001B/%CBl=BEF63E3E00DAA7738B592777DE0BAEA75DF11E8F11910E8422E30F872E6F, name  is /ccnx.org/test/SyncTestRepo-15-01-15-18.20.23/ccnSyncTest/slice9/randomFile/=FD054B82F6A1F4/=001B/%CBl=BEF63E3E00DAA7738B592777DE0BAEA75DF11E8F11910E8422E30F872E6F, comp is 0
Jan 15, 2015 6:21:50 PM org.ccnx.ccn.impl.sync.SliceComparator updateCurrent
O MAIS DETALHADO: Update compare: name from tree (expanded) is /ccnx.org/test/SyncTestRepo-15-01-15-18.20.23/ccnSyncTest/slice9/randomFile/=FD054B82F6A1F4/=001C/=A21E7B113DF11054B00AA5977305755E959FF3482BBD17A7C3549F0E19744A40, name  is /ccnx.org/test/SyncTestRepo-15-01-15-18.20.23/ccnSyncTest/slice9/randomFile/=FD054B82F6A1F4/=001C/=A21E7B113DF11054B00AA5977305755E959FF3482BBD17A7C3549F0E19744A40, comp is 0
Jan 15, 2015 6:21:50 PM org.ccnx.ccn.impl.sync.SliceComparator updateCurrent
O MAIS DETALHADO: Update compare: name from tree (expanded) is /ccnx.org/test/SyncTestRepo-15-01-15-18.20.23/ccnSyncTest/slice9/randomFile/=FD054B82F6A1F4/=001D/=17E5E8D689650C5BC2AB72A534EE971E7B587E717CABE28E227924547E7EF3EB, name  is /ccnx.org/test/SyncTestRepo-15-01-15-18.20.23/ccnSyncTest/slice9/randomFile/=FD054B82F6A1F4/=001D/=17E5E8D689650C5BC2AB72A534EE971E7B587E717CABE28E227924547E7EF3EB, comp is 0
Jan 15, 2015 6:21:50 PM org.ccnx.ccn.impl.sync.SliceComparator updateCurrent
O MAIS DETALHADO: Update compare: name from tree (expanded) is /ccnx.org/test/SyncTestRepo-15-01-15-18.20.23/ccnSyncTest/slice9/randomFile/=FD054B82F6A1F4/=001E/=BE165B012DC6D3CE604FCF7AB8822F04DC3A25A3B322E9E9904BCCADFA0DCBB6, name  is /ccnx.org/test/SyncTestRepo-15-01-15-18.20.23/ccnSyncTest/slice9/randomFile/=FD054B82F6A1F4/=001E/=BE165B012DC6D3CE604FCF7AB8822F04DC3A25A3B322E9E9904BCCADFA0DCBB6, comp is 0
Jan 15, 2015 6:21:50 PM org.ccnx.ccn.impl.sync.SliceComparator updateCurrent
O MAIS DETALHADO: Update compare: name from tree (expanded) is /ccnx.org/test/SyncTestRepo-15-01-15-18.20.23/ccnSyncTest/slice9/randomFile/=FD054B82F6A1F4/=001F/%DFc%C9QFB=29F45AA4AA6DCD757636BB94AEE749C2ABC6CFAB90200D98D2FE, name  is /ccnx.org/test/SyncTestRepo-15-01-15-18.20.23/ccnSyncTest/slice9/randomFile/=FD054B82F6A1F4/=001F/%DFc%C9QFB=29F45AA4AA6DCD757636BB94AEE749C2ABC6CFAB90200D98D2FE, comp is 0
Jan 15, 2015 6:21:50 PM org.ccnx.ccn.impl.sync.SliceComparator updateCurrent
O MAIS DETALHADO: Update compare: name from tree (expanded) is /ccnx.org/test/SyncTestRepo-15-01-15-18.20.23/ccnSyncTest/slice9/randomFile/=FD054B82F6A1F4/=0020/%AC76=9409E1519A5D8D18ABA27DE8999BD8D1FC269DACE680A3B5862E2F1D86, name  is /ccnx.org/test/SyncTestRepo-15-01-15-18.20.23/ccnSyncTest/slice9/randomFile/=FD054B82F6A1F4/=0020/%AC76=9409E1519A5D8D18ABA27DE8999BD8D1FC269DACE680A3B5862E2F1D86, comp is 0
Jan 15, 2015 6:21:50 PM org.ccnx.ccn.impl.sync.SliceComparator updateCurrent
O MAIS DETALHADO: Update compare: name from tree (expanded) is /ccnx.org/test/SyncTestRepo-15-01-15-18.20.23/ccnSyncTest/slice9/randomFile/=FD054B82F6A1F4/=0021/=EA22757000608D78972E3FAEB39A9B9F0EAB18CEC73F8B8019DB0E7A48388463, name  is /ccnx.org/test/SyncTestRepo-15-01-15-18.20.23/ccnSyncTest/slice9/randomFile/=FD054B82F6A1F4/=0021/=EA22757000608D78972E3FAEB39A9B9F0EAB18CEC73F8B8019DB0E7A48388463, comp is 0
Jan 15, 2015 6:21:50 PM org.ccnx.ccn.impl.sync.SliceComparator updateCurrent
O MAIS DETALHADO: Update compare: name from tree (expanded) is /ccnx.org/test/SyncTestRepo-15-01-15-18.20.23/ccnSyncTest/slice9/randomFile/=FD054B82F6A1F4/=0022/-%9Dj=3F2A8684A3CA6DF18CB9580B3DEBD634984CE85FD03A62C2BB9A0364C4, name  is /ccnx.org/test/SyncTestRepo-15-01-15-18.20.23/ccnSyncTest/slice9/randomFile/=FD054B82F6A1F4/=0022/-%9Dj=3F2A8684A3CA6DF18CB9580B3DEBD634984CE85FD03A62C2BB9A0364C4, comp is 0
Jan 15, 2015 6:21:50 PM org.ccnx.ccn.impl.sync.SliceComparator updateCurrent
O MAIS DETALHADO: Update compare: name from tree (expanded) is /ccnx.org/test/SyncTestRepo-15-01-15-18.20.23/ccnSyncTest/slice9/randomFile/=FD054B82F6A1F4/=0023/=D0EE22EA829EA5AB07284B3EE47CC3D6BF2C60AAAD15EC358846D612FA854B9F, name  is /ccnx.org/test/SyncTestRepo-15-01-15-18.20.23/ccnSyncTest/slice9/randomFile/=FD054B82F6A1F4/=0023/=D0EE22EA829EA5AB07284B3EE47CC3D6BF2C60AAAD15EC358846D612FA854B9F, comp is 0
Jan 15, 2015 6:21:50 PM org.ccnx.ccn.impl.sync.SliceComparator updateCurrent
O MAIS DETALHADO: Update compare: name from tree (expanded) is /ccnx.org/test/SyncTestRepo-15-01-15-18.20.23/ccnSyncTest/slice9/randomFile/=FD054B82F6A1F4/=0024/=1DB5984B323CB74212FE44C64010A397AA93A52855104843F835C1AB0AC73122, name  is /ccnx.org/test/SyncTestRepo-15-01-15-18.20.23/ccnSyncTest/slice9/randomFile/=FD054B82F6A1F4/=0024/=1DB5984B323CB74212FE44C64010A397AA93A52855104843F835C1AB0AC73122, comp is 0
Jan 15, 2015 6:21:50 PM org.ccnx.ccn.impl.sync.SliceComparator updateCurrent
O MAIS DETALHADO: Update compare - moving to: =02D53F65198A36862946DB7A8E31A9BA3708D47292CE6780001E1FAB6180ED8D14
Jan 15, 2015 6:21:50 PM org.ccnx.ccn.impl.sync.SliceComparator updateCurrent
O MAIS DETALHADO: Update compare: name from tree (expanded) is /ccnx.org/test/SyncTestRepo-15-01-15-18.20.23/ccnSyncTest/slice9/randomFile/=FD054B82F6A1F4/=0025/=7F0E6F886D4B459E63FCD3E32DA3E47D58293CE502D36EA4BDE1E38BE9493014, name  is /ccnx.org/test/SyncTestRepo-15-01-15-18.20.23/ccnSyncTest/slice9/randomFile/=FD054B82F6A1F4/=0025/=7F0E6F886D4B459E63FCD3E32DA3E47D58293CE502D36EA4BDE1E38BE9493014, comp is 0
Jan 15, 2015 6:21:50 PM org.ccnx.ccn.impl.sync.SliceComparator updateCurrent
O MAIS DETALHADO: Update compare: name from tree (expanded) is /ccnx.org/test/SyncTestRepo-15-01-15-18.20.23/ccnSyncTest/slice9/randomFile/=FD054B82F6A1F4/=0026/=F882C84FB7FDD730920AD85F9135ECED68D31C5DA84A66374A340725773223EF, name  is /ccnx.org/test/SyncTestRepo-15-01-15-18.20.23/ccnSyncTest/slice9/randomFile/=FD054B82F6A1F4/=0026/=F882C84FB7FDD730920AD85F9135ECED68D31C5DA84A66374A340725773223EF, comp is 0
Jan 15, 2015 6:21:50 PM org.ccnx.ccn.impl.sync.SliceComparator updateCurrent
O MAIS DETALHADO: Update compare: name from tree (expanded) is /ccnx.org/test/SyncTestRepo-15-01-15-18.20.23/ccnSyncTest/slice9/randomFile/=FD054B82F6A1F4/=0027/%7CIO=A5B990CDCEA0B4F89E8FF41187FACE8515D89EB8388C8E0DA5FE2D4E31, name  is /ccnx.org/test/SyncTestRepo-15-01-15-18.20.23/ccnSyncTest/slice9/randomFile/=FD054B82F6A1F4/=0027/%7CIO=A5B990CDCEA0B4F89E8FF41187FACE8515D89EB8388C8E0DA5FE2D4E31, comp is 0
Jan 15, 2015 6:21:50 PM org.ccnx.ccn.impl.sync.SliceComparator updateCurrent
O MAIS DETALHADO: Update compare: name from tree (expanded) is /ccnx.org/test/SyncTestRepo-15-01-15-18.20.23/ccnSyncTest/slice9/randomFile/=FD054B82F6A1F4/%C1.META.M/.header/=FD054B82F6A277/=00/%E1d=DD9BAB5C9B8BB01ED5ACE2DBD7444D09943A4AAAF2EB897BB30A2244EAE0, name  is /ccnx.org/test/SyncTestRepo-15-01-15-18.20.23/ccnSyncTest/slice9/randomFile/=FD054B82F6A1F4/%C1.META.M/.header/=FD054B82F6A277/=00/%E1d=DD9BAB5C9B8BB01ED5ACE2DBD7444D09943A4AAAF2EB897BB30A2244EAE0, comp is 0
Jan 15, 2015 6:21:50 PM org.ccnx.ccn.impl.sync.SliceComparator doComparison
O MAIS DETALHADO: Y hash only for =02D53F65198A36862946DB7A8E31A9BA3708D47292CE6780001E1FAB6180ED8D14, type is LEAF, pos is 0
Jan 15, 2015 6:21:50 PM org.ccnx.ccn.impl.sync.SliceComparator doComparison
O MAIS DETALHADO: Y hash only for =02D53F65198A36862946DB7A8E31A9BA3708D47292CE6780001E1FAB6180ED8D14, type is LEAF, pos is 0
Jan 15, 2015 6:21:50 PM org.ccnx.ccn.profiles.sync.SyncTestRepo.SyncHandler2 handleContentName
DETALHADO: Saw a name for callbackNames2
Jan 15, 2015 6:21:50 PM org.ccnx.ccn.profiles.sync.SyncTestRepo doHandleContentName
INFORMAÇÕES: Number 1: Callback for name: /ccnx.org/test/SyncTestRepo-15-01-15-18.20.23/ccnSyncTest/slice9/randomFile/=FD054B82F6A1F4/=0025 - number is 37
Jan 15, 2015 6:21:50 PM org.ccnx.ccn.profiles.sync.SyncTestRepo doHandleContentName
INFORMAÇÕES: Number 2: Callback for name: /ccnx.org/test/SyncTestRepo-15-01-15-18.20.23/ccnSyncTest/slice9/randomFile/=FD054B82F6A1F4/=0025 - number is 37
Jan 15, 2015 6:21:50 PM org.ccnx.ccn.impl.sync.SliceComparator doComparison
O MAIS DETALHADO: Y hash only for =02D53F65198A36862946DB7A8E31A9BA3708D47292CE6780001E1FAB6180ED8D14, type is LEAF, pos is 1
Jan 15, 2015 6:21:50 PM org.ccnx.ccn.impl.sync.SliceComparator doComparison
O MAIS DETALHADO: Y hash only for =02D53F65198A36862946DB7A8E31A9BA3708D47292CE6780001E1FAB6180ED8D14, type is LEAF, pos is 1
Jan 15, 2015 6:21:50 PM org.ccnx.ccn.profiles.sync.SyncTestRepo doHandleContentName
INFORMAÇÕES: Number 1: Callback for name: /ccnx.org/test/SyncTestRepo-15-01-15-18.20.23/ccnSyncTest/slice9/randomFile/=FD054B82F6A1F4/=0026 - number is 38
Jan 15, 2015 6:21:50 PM org.ccnx.ccn.profiles.sync.SyncTestRepo.SyncHandler2 handleContentName
DETALHADO: Saw a name for callbackNames2
Jan 15, 2015 6:21:50 PM org.ccnx.ccn.impl.sync.SliceComparator doComparison
O MAIS DETALHADO: Y hash only for =02D53F65198A36862946DB7A8E31A9BA3708D47292CE6780001E1FAB6180ED8D14, type is LEAF, pos is 2
Jan 15, 2015 6:21:50 PM org.ccnx.ccn.profiles.sync.SyncTestRepo doHandleContentName
INFORMAÇÕES: Number 2: Callback for name: /ccnx.org/test/SyncTestRepo-15-01-15-18.20.23/ccnSyncTest/slice9/randomFile/=FD054B82F6A1F4/=0026 - number is 38
Jan 15, 2015 6:21:50 PM org.ccnx.ccn.profiles.sync.SyncTestRepo doHandleContentName
INFORMAÇÕES: Number 1: Callback for name: /ccnx.org/test/SyncTestRepo-15-01-15-18.20.23/ccnSyncTest/slice9/randomFile/=FD054B82F6A1F4/=0027 - number is 39
Jan 15, 2015 6:21:50 PM org.ccnx.ccn.impl.sync.SliceComparator doComparison
O MAIS DETALHADO: Y hash only for =02D53F65198A36862946DB7A8E31A9BA3708D47292CE6780001E1FAB6180ED8D14, type is LEAF, pos is 2
Jan 15, 2015 6:21:50 PM org.ccnx.ccn.impl.sync.SliceComparator doComparison
O MAIS DETALHADO: Y hash only for =02D53F65198A36862946DB7A8E31A9BA3708D47292CE6780001E1FAB6180ED8D14, type is LEAF, pos is 3
Jan 15, 2015 6:21:50 PM org.ccnx.ccn.profiles.sync.SyncTestRepo.SyncHandler2 handleContentName
DETALHADO: Saw a name for callbackNames2
Jan 15, 2015 6:21:50 PM org.ccnx.ccn.profiles.sync.SyncTestRepo doHandleContentName
INFORMAÇÕES: Number 1: Callback for name: /ccnx.org/test/SyncTestRepo-15-01-15-18.20.23/ccnSyncTest/slice9/randomFile/=FD054B82F6A1F4/%C1.META.M/.header/=FD054B82F6A277/=00 - number is header
Jan 15, 2015 6:21:50 PM org.ccnx.ccn.profiles.sync.SyncTestRepo doHandleContentName
INFORMAÇÕES: Number 2: Callback for name: /ccnx.org/test/SyncTestRepo-15-01-15-18.20.23/ccnSyncTest/slice9/randomFile/=FD054B82F6A1F4/=0027 - number is 39
Jan 15, 2015 6:21:50 PM org.ccnx.ccn.impl.sync.SliceComparator updateCurrent
O MAIS DETALHADO: Starting update from hash %15ma%2B7=7FD272F1BDE647E0F878992BBBB90475671DEC0503A3551F752A2F06
Jan 15, 2015 6:21:50 PM org.ccnx.ccn.impl.sync.SliceComparator doComparison
O MAIS DETALHADO: Y hash only for =02D53F65198A36862946DB7A8E31A9BA3708D47292CE6780001E1FAB6180ED8D14, type is LEAF, pos is 3
Jan 15, 2015 6:21:50 PM org.ccnx.ccn.impl.sync.SliceComparator updateCurrent
O MAIS DETALHADO: Update compare - moving to: %05p%EFG=05106476F4B0BCB015CE24928C905584ADBEFC5B309FCF04F160EE6E0B
Jan 15, 2015 6:21:50 PM org.ccnx.ccn.profiles.sync.SyncTestRepo.SyncHandler2 handleContentName
DETALHADO: Saw a name for callbackNames2
Jan 15, 2015 6:21:50 PM org.ccnx.ccn.impl.sync.SliceComparator updateCurrent
O MAIS DETALHADO: Update compare: name from tree (expanded) is /ccnx.org/test/SyncTestRepo-15-01-15-18.20.23/ccnSyncTest/slice9/randomFile/=FD054B82F6A1F4/=00/=0B8EC1430BAA5314F574BA2A508E0FEA573169B7F4FB56342BADB25C2D81AC38, name  is /ccnx.org/test/SyncTestRepo-15-01-15-18.20.23/ccnSyncTest/slice9/randomFile/=FD054B82F6A1F4/=00/=0B8EC1430BAA5314F574BA2A508E0FEA573169B7F4FB56342BADB25C2D81AC38, comp is 0
Jan 15, 2015 6:21:50 PM org.ccnx.ccn.profiles.sync.SyncTestRepo doHandleContentName
INFORMAÇÕES: Number 2: Callback for name: /ccnx.org/test/SyncTestRepo-15-01-15-18.20.23/ccnSyncTest/slice9/randomFile/=FD054B82F6A1F4/%C1.META.M/.header/=FD054B82F6A277/=00 - number is header
Jan 15, 2015 6:21:50 PM org.ccnx.ccn.impl.sync.SliceComparator updateCurrent
O MAIS DETALHADO: Update compare: name from tree (expanded) is /ccnx.org/test/SyncTestRepo-15-01-15-18.20.23/ccnSyncTest/slice9/randomFile/=FD054B82F6A1F4/=0001/%EBN=F3F8038553417F7E8280524DF606E8522541EC96373A076F3A3FD413D07D, name  is /ccnx.org/test/SyncTestRepo-15-01-15-18.20.23/ccnSyncTest/slice9/randomFile/=FD054B82F6A1F4/=0001/%EBN=F3F8038553417F7E8280524DF606E8522541EC96373A076F3A3FD413D07D, comp is 0
Jan 15, 2015 6:21:50 PM org.ccnx.ccn.impl.sync.SliceComparator updateCurrent
O MAIS DETALHADO: Starting update from hash %15ma%2B7=7FD272F1BDE647E0F878992BBBB90475671DEC0503A3551F752A2F06
Jan 15, 2015 6:21:50 PM org.ccnx.ccn.impl.sync.SliceComparator updateCurrent
O MAIS DETALHADO: Update compare: name from tree (expanded) is /ccnx.org/test/SyncTestRepo-15-01-15-18.20.23/ccnSyncTest/slice9/randomFile/=FD054B82F6A1F4/=0002/E=959F560CCB168756A2A3161F52DA98FED4772A67EFD14E26810588C426BB0F, name  is /ccnx.org/test/SyncTestRepo-15-01-15-18.20.23/ccnSyncTest/slice9/randomFile/=FD054B82F6A1F4/=0002/E=959F560CCB168756A2A3161F52DA98FED4772A67EFD14E26810588C426BB0F, comp is 0
Jan 15, 2015 6:21:50 PM org.ccnx.ccn.impl.sync.SliceComparator updateCurrent
O MAIS DETALHADO: Update compare - moving to: %05p%EFG=05106476F4B0BCB015CE24928C905584ADBEFC5B309FCF04F160EE6E0B
Jan 15, 2015 6:21:50 PM org.ccnx.ccn.impl.sync.SliceComparator updateCurrent
O MAIS DETALHADO: Update compare: name from tree (expanded) is /ccnx.org/test/SyncTestRepo-15-01-15-18.20.23/ccnSyncTest/slice9/randomFile/=FD054B82F6A1F4/=0003/%0F~as%115b=1C8526C5B9FE7175C3E066056DC100A38F17C699753E9D0A2B, name  is /ccnx.org/test/SyncTestRepo-15-01-15-18.20.23/ccnSyncTest/slice9/randomFile/=FD054B82F6A1F4/=0003/%0F~as%115b=1C8526C5B9FE7175C3E066056DC100A38F17C699753E9D0A2B, comp is 0
Jan 15, 2015 6:21:50 PM org.ccnx.ccn.impl.sync.SliceComparator updateCurrent
O MAIS DETALHADO: Update compare: name from tree (expanded) is /ccnx.org/test/SyncTestRepo-15-01-15-18.20.23/ccnSyncTest/slice9/randomFile/=FD054B82F6A1F4/=00/=0B8EC1430BAA5314F574BA2A508E0FEA573169B7F4FB56342BADB25C2D81AC38, name  is /ccnx.org/test/SyncTestRepo-15-01-15-18.20.23/ccnSyncTest/slice9/randomFile/=FD054B82F6A1F4/=00/=0B8EC1430BAA5314F574BA2A508E0FEA573169B7F4FB56342BADB25C2D81AC38, comp is 0
Jan 15, 2015 6:21:50 PM org.ccnx.ccn.impl.sync.SliceComparator updateCurrent
O MAIS DETALHADO: Update compare: name from tree (expanded) is /ccnx.org/test/SyncTestRepo-15-01-15-18.20.23/ccnSyncTest/slice9/randomFile/=FD054B82F6A1F4/=0001/%EBN=F3F8038553417F7E8280524DF606E8522541EC96373A076F3A3FD413D07D, name  is /ccnx.org/test/SyncTestRepo-15-01-15-18.20.23/ccnSyncTest/slice9/randomFile/=FD054B82F6A1F4/=0001/%EBN=F3F8038553417F7E8280524DF606E8522541EC96373A076F3A3FD413D07D, comp is 0
Jan 15, 2015 6:21:50 PM org.ccnx.ccn.impl.sync.SliceComparator updateCurrent
O MAIS DETALHADO: Update compare: name from tree (expanded) is /ccnx.org/test/SyncTestRepo-15-01-15-18.20.23/ccnSyncTest/slice9/randomFile/=FD054B82F6A1F4/=0004/%F75=98D6096589C4308B3D7F20120A48CF13CC5A30837F3274AC5FE08E4EC6DE, name  is /ccnx.org/test/SyncTestRepo-15-01-15-18.20.23/ccnSyncTest/slice9/randomFile/=FD054B82F6A1F4/=0004/%F75=98D6096589C4308B3D7F20120A48CF13CC5A30837F3274AC5FE08E4EC6DE, comp is 0
Jan 15, 2015 6:21:50 PM org.ccnx.ccn.impl.sync.SliceComparator updateCurrent
O MAIS DETALHADO: Update compare: name from tree (expanded) is /ccnx.org/test/SyncTestRepo-15-01-15-18.20.23/ccnSyncTest/slice9/randomFile/=FD054B82F6A1F4/=0002/E=959F560CCB168756A2A3161F52DA98FED4772A67EFD14E26810588C426BB0F, name  is /ccnx.org/test/SyncTestRepo-15-01-15-18.20.23/ccnSyncTest/slice9/randomFile/=FD054B82F6A1F4/=0002/E=959F560CCB168756A2A3161F52DA98FED4772A67EFD14E26810588C426BB0F, comp is 0
Jan 15, 2015 6:21:50 PM org.ccnx.ccn.impl.sync.SliceComparator updateCurrent
O MAIS DETALHADO: Update compare: name from tree (expanded) is /ccnx.org/test/SyncTestRepo-15-01-15-18.20.23/ccnSyncTest/slice9/randomFile/=FD054B82F6A1F4/=0005/=C59DC0532AA004AB0F3446866F410C3299AAB695609904574975E7D8073507E3, name  is /ccnx.org/test/SyncTestRepo-15-01-15-18.20.23/ccnSyncTest/slice9/randomFile/=FD054B82F6A1F4/=0005/=C59DC0532AA004AB0F3446866F410C3299AAB695609904574975E7D8073507E3, comp is 0
Jan 15, 2015 6:21:50 PM org.ccnx.ccn.impl.sync.SliceComparator updateCurrent
O MAIS DETALHADO: Update compare: name from tree (expanded) is /ccnx.org/test/SyncTestRepo-15-01-15-18.20.23/ccnSyncTest/slice9/randomFile/=FD054B82F6A1F4/=0003/%0F~as%115b=1C8526C5B9FE7175C3E066056DC100A38F17C699753E9D0A2B, name  is /ccnx.org/test/SyncTestRepo-15-01-15-18.20.23/ccnSyncTest/slice9/randomFile/=FD054B82F6A1F4/=0003/%0F~as%115b=1C8526C5B9FE7175C3E066056DC100A38F17C699753E9D0A2B, comp is 0
Jan 15, 2015 6:21:50 PM org.ccnx.ccn.impl.sync.SliceComparator updateCurrent
O MAIS DETALHADO: Update compare: name from tree (expanded) is /ccnx.org/test/SyncTestRepo-15-01-15-18.20.23/ccnSyncTest/slice9/randomFile/=FD054B82F6A1F4/=0006/.=F6A4DF891F35D7D750A3789F0A474C27119F905B2B4720D1005C4BA41E1CFB, name  is /ccnx.org/test/SyncTestRepo-15-01-15-18.20.23/ccnSyncTest/slice9/randomFile/=FD054B82F6A1F4/=0006/.=F6A4DF891F35D7D750A3789F0A474C27119F905B2B4720D1005C4BA41E1CFB, comp is 0
Jan 15, 2015 6:21:50 PM org.ccnx.ccn.impl.sync.SliceComparator updateCurrent
O MAIS DETALHADO: Update compare: name from tree (expanded) is /ccnx.org/test/SyncTestRepo-15-01-15-18.20.23/ccnSyncTest/slice9/randomFile/=FD054B82F6A1F4/=0004/%F75=98D6096589C4308B3D7F20120A48CF13CC5A30837F3274AC5FE08E4EC6DE, name  is /ccnx.org/test/SyncTestRepo-15-01-15-18.20.23/ccnSyncTest/slice9/randomFile/=FD054B82F6A1F4/=0004/%F75=98D6096589C4308B3D7F20120A48CF13CC5A30837F3274AC5FE08E4EC6DE, comp is 0
Jan 15, 2015 6:21:50 PM org.ccnx.ccn.impl.sync.SliceComparator updateCurrent
O MAIS DETALHADO: Update compare: name from tree (expanded) is /ccnx.org/test/SyncTestRepo-15-01-15-18.20.23/ccnSyncTest/slice9/randomFile/=FD054B82F6A1F4/=0007/%1D4=FD9672DCB73FC785DFA0443AAC59D53633167B51C1E1A179E9C2EDCA4C9E, name  is /ccnx.org/test/SyncTestRepo-15-01-15-18.20.23/ccnSyncTest/slice9/randomFile/=FD054B82F6A1F4/=0007/%1D4=FD9672DCB73FC785DFA0443AAC59D53633167B51C1E1A179E9C2EDCA4C9E, comp is 0
Jan 15, 2015 6:21:50 PM org.ccnx.ccn.impl.sync.SliceComparator updateCurrent
O MAIS DETALHADO: Update compare: name from tree (expanded) is /ccnx.org/test/SyncTestRepo-15-01-15-18.20.23/ccnSyncTest/slice9/randomFile/=FD054B82F6A1F4/=0005/=C59DC0532AA004AB0F3446866F410C3299AAB695609904574975E7D8073507E3, name  is /ccnx.org/test/SyncTestRepo-15-01-15-18.20.23/ccnSyncTest/slice9/randomFile/=FD054B82F6A1F4/=0005/=C59DC0532AA004AB0F3446866F410C3299AAB695609904574975E7D8073507E3, comp is 0
Jan 15, 2015 6:21:50 PM org.ccnx.ccn.impl.sync.SliceComparator updateCurrent
O MAIS DETALHADO: Update compare: name from tree (expanded) is /ccnx.org/test/SyncTestRepo-15-01-15-18.20.23/ccnSyncTest/slice9/randomFile/=FD054B82F6A1F4/=0008/=219570E13A4C311684CD4D363B4D2B231F2B7C4B3A570D52B5281B7B8D0432CB, name  is /ccnx.org/test/SyncTestRepo-15-01-15-18.20.23/ccnSyncTest/slice9/randomFile/=FD054B82F6A1F4/=0008/=219570E13A4C311684CD4D363B4D2B231F2B7C4B3A570D52B5281B7B8D0432CB, comp is 0
Jan 15, 2015 6:21:50 PM org.ccnx.ccn.impl.sync.SliceComparator updateCurrent
O MAIS DETALHADO: Update compare: name from tree (expanded) is /ccnx.org/test/SyncTestRepo-15-01-15-18.20.23/ccnSyncTest/slice9/randomFile/=FD054B82F6A1F4/=0006/.=F6A4DF891F35D7D750A3789F0A474C27119F905B2B4720D1005C4BA41E1CFB, name  is /ccnx.org/test/SyncTestRepo-15-01-15-18.20.23/ccnSyncTest/slice9/randomFile/=FD054B82F6A1F4/=0006/.=F6A4DF891F35D7D750A3789F0A474C27119F905B2B4720D1005C4BA41E1CFB, comp is 0
Jan 15, 2015 6:21:50 PM org.ccnx.ccn.impl.sync.SliceComparator updateCurrent
O MAIS DETALHADO: Update compare: name from tree (expanded) is /ccnx.org/test/SyncTestRepo-15-01-15-18.20.23/ccnSyncTest/slice9/randomFile/=FD054B82F6A1F4/=0009/%26_=DDB5FE4C82A066DC717DF889CAA5914124B53B1269ECA97DA7A99ACD7C47, name  is /ccnx.org/test/SyncTestRepo-15-01-15-18.20.23/ccnSyncTest/slice9/randomFile/=FD054B82F6A1F4/=0009/%26_=DDB5FE4C82A066DC717DF889CAA5914124B53B1269ECA97DA7A99ACD7C47, comp is 0
Jan 15, 2015 6:21:50 PM org.ccnx.ccn.impl.sync.SliceComparator updateCurrent
O MAIS DETALHADO: Update compare: name from tree (expanded) is /ccnx.org/test/SyncTestRepo-15-01-15-18.20.23/ccnSyncTest/slice9/randomFile/=FD054B82F6A1F4/=0007/%1D4=FD9672DCB73FC785DFA0443AAC59D53633167B51C1E1A179E9C2EDCA4C9E, name  is /ccnx.org/test/SyncTestRepo-15-01-15-18.20.23/ccnSyncTest/slice9/randomFile/=FD054B82F6A1F4/=0007/%1D4=FD9672DCB73FC785DFA0443AAC59D53633167B51C1E1A179E9C2EDCA4C9E, comp is 0
Jan 15, 2015 6:21:50 PM org.ccnx.ccn.impl.sync.SliceComparator updateCurrent
O MAIS DETALHADO: Update compare: name from tree (expanded) is /ccnx.org/test/SyncTestRepo-15-01-15-18.20.23/ccnSyncTest/slice9/randomFile/=FD054B82F6A1F4/=000A/=3FC69DFF1239ED76FF3C0DAD9EF6253F75A2F184CD67D810158D06751A3A0C35, name  is /ccnx.org/test/SyncTestRepo-15-01-15-18.20.23/ccnSyncTest/slice9/randomFile/=FD054B82F6A1F4/=000A/=3FC69DFF1239ED76FF3C0DAD9EF6253F75A2F184CD67D810158D06751A3A0C35, comp is 0
Jan 15, 2015 6:21:50 PM org.ccnx.ccn.impl.sync.SliceComparator updateCurrent
O MAIS DETALHADO: Update compare: name from tree (expanded) is /ccnx.org/test/SyncTestRepo-15-01-15-18.20.23/ccnSyncTest/slice9/randomFile/=FD054B82F6A1F4/=0008/=219570E13A4C311684CD4D363B4D2B231F2B7C4B3A570D52B5281B7B8D0432CB, name  is /ccnx.org/test/SyncTestRepo-15-01-15-18.20.23/ccnSyncTest/slice9/randomFile/=FD054B82F6A1F4/=0008/=219570E13A4C311684CD4D363B4D2B231F2B7C4B3A570D52B5281B7B8D0432CB, comp is 0
Jan 15, 2015 6:21:50 PM org.ccnx.ccn.impl.sync.SliceComparator updateCurrent
O MAIS DETALHADO: Update compare: name from tree (expanded) is /ccnx.org/test/SyncTestRepo-15-01-15-18.20.23/ccnSyncTest/slice9/randomFile/=FD054B82F6A1F4/=000B/n=DBBA39C355965090E972E3FEF3EC32147E8E87DA41C643D406B0F7B055754E, name  is /ccnx.org/test/SyncTestRepo-15-01-15-18.20.23/ccnSyncTest/slice9/randomFile/=FD054B82F6A1F4/=000B/n=DBBA39C355965090E972E3FEF3EC32147E8E87DA41C643D406B0F7B055754E, comp is 0
Jan 15, 2015 6:21:50 PM org.ccnx.ccn.impl.sync.SliceComparator updateCurrent
O MAIS DETALHADO: Update compare: name from tree (expanded) is /ccnx.org/test/SyncTestRepo-15-01-15-18.20.23/ccnSyncTest/slice9/randomFile/=FD054B82F6A1F4/=0009/%26_=DDB5FE4C82A066DC717DF889CAA5914124B53B1269ECA97DA7A99ACD7C47, name  is /ccnx.org/test/SyncTestRepo-15-01-15-18.20.23/ccnSyncTest/slice9/randomFile/=FD054B82F6A1F4/=0009/%26_=DDB5FE4C82A066DC717DF889CAA5914124B53B1269ECA97DA7A99ACD7C47, comp is 0
Jan 15, 2015 6:21:50 PM org.ccnx.ccn.impl.sync.SliceComparator updateCurrent
O MAIS DETALHADO: Update compare: name from tree (expanded) is /ccnx.org/test/SyncTestRepo-15-01-15-18.20.23/ccnSyncTest/slice9/randomFile/=FD054B82F6A1F4/=000C/=F7038EFDE4C570BAF5F58B11BA361A2C51186826912D3C0B7F5B87E474815715, name  is /ccnx.org/test/SyncTestRepo-15-01-15-18.20.23/ccnSyncTest/slice9/randomFile/=FD054B82F6A1F4/=000C/=F7038EFDE4C570BAF5F58B11BA361A2C51186826912D3C0B7F5B87E474815715, comp is 0
Jan 15, 2015 6:21:50 PM org.ccnx.ccn.impl.sync.SliceComparator updateCurrent
O MAIS DETALHADO: Update compare: name from tree (expanded) is /ccnx.org/test/SyncTestRepo-15-01-15-18.20.23/ccnSyncTest/slice9/randomFile/=FD054B82F6A1F4/=000A/=3FC69DFF1239ED76FF3C0DAD9EF6253F75A2F184CD67D810158D06751A3A0C35, name  is /ccnx.org/test/SyncTestRepo-15-01-15-18.20.23/ccnSyncTest/slice9/randomFile/=FD054B82F6A1F4/=000A/=3FC69DFF1239ED76FF3C0DAD9EF6253F75A2F184CD67D810158D06751A3A0C35, comp is 0
Jan 15, 2015 6:21:50 PM org.ccnx.ccn.impl.sync.SliceComparator updateCurrent
O MAIS DETALHADO: Update compare: name from tree (expanded) is /ccnx.org/test/SyncTestRepo-15-01-15-18.20.23/ccnSyncTest/slice9/randomFile/=FD054B82F6A1F4/=000B/n=DBBA39C355965090E972E3FEF3EC32147E8E87DA41C643D406B0F7B055754E, name  is /ccnx.org/test/SyncTestRepo-15-01-15-18.20.23/ccnSyncTest/slice9/randomFile/=FD054B82F6A1F4/=000B/n=DBBA39C355965090E972E3FEF3EC32147E8E87DA41C643D406B0F7B055754E, comp is 0
Jan 15, 2015 6:21:50 PM org.ccnx.ccn.impl.sync.SliceComparator updateCurrent
O MAIS DETALHADO: Update compare: name from tree (expanded) is /ccnx.org/test/SyncTestRepo-15-01-15-18.20.23/ccnSyncTest/slice9/randomFile/=FD054B82F6A1F4/=000C/=F7038EFDE4C570BAF5F58B11BA361A2C51186826912D3C0B7F5B87E474815715, name  is /ccnx.org/test/SyncTestRepo-15-01-15-18.20.23/ccnSyncTest/slice9/randomFile/=FD054B82F6A1F4/=000C/=F7038EFDE4C570BAF5F58B11BA361A2C51186826912D3C0B7F5B87E474815715, comp is 0
Jan 15, 2015 6:21:50 PM org.ccnx.ccn.impl.sync.SliceComparator updateCurrent
O MAIS DETALHADO: Update compare: name from tree (expanded) is /ccnx.org/test/SyncTestRepo-15-01-15-18.20.23/ccnSyncTest/slice9/randomFile/=FD054B82F6A1F4/=000D/.c_=93C045343A0FA539250EF510B680EA9A519EA07ABA3638E919CE466C18, name  is /ccnx.org/test/SyncTestRepo-15-01-15-18.20.23/ccnSyncTest/slice9/randomFile/=FD054B82F6A1F4/=000D/.c_=93C045343A0FA539250EF510B680EA9A519EA07ABA3638E919CE466C18, comp is 0
Jan 15, 2015 6:21:50 PM org.ccnx.ccn.impl.sync.SliceComparator updateCurrent
O MAIS DETALHADO: Update compare - moving to: =0D27327F18E53775D3C64E1D3CF8AA4C68228F0D34D9BA10D445B4A4CC934E33E7
Jan 15, 2015 6:21:50 PM org.ccnx.ccn.impl.sync.SliceComparator updateCurrent
O MAIS DETALHADO: Update compare: name from tree (expanded) is /ccnx.org/test/SyncTestRepo-15-01-15-18.20.23/ccnSyncTest/slice9/randomFile/=FD054B82F6A1F4/=000E/%FE1X=E529673D6B088AB5993677163E6922B9B586B7BD70CE0AAE31EA2148FD, name  is /ccnx.org/test/SyncTestRepo-15-01-15-18.20.23/ccnSyncTest/slice9/randomFile/=FD054B82F6A1F4/=000E/%FE1X=E529673D6B088AB5993677163E6922B9B586B7BD70CE0AAE31EA2148FD, comp is 0
Jan 15, 2015 6:21:50 PM org.ccnx.ccn.impl.sync.SliceComparator updateCurrent
O MAIS DETALHADO: Update compare: name from tree (expanded) is /ccnx.org/test/SyncTestRepo-15-01-15-18.20.23/ccnSyncTest/slice9/randomFile/=FD054B82F6A1F4/=000F/=13C718564AED534A913A264A80F61736AC4EAD885F9CFD55ABCD7F784106CF11, name  is /ccnx.org/test/SyncTestRepo-15-01-15-18.20.23/ccnSyncTest/slice9/randomFile/=FD054B82F6A1F4/=000F/=13C718564AED534A913A264A80F61736AC4EAD885F9CFD55ABCD7F784106CF11, comp is 0
Jan 15, 2015 6:21:50 PM org.ccnx.ccn.impl.sync.SliceComparator updateCurrent
O MAIS DETALHADO: Update compare: name from tree (expanded) is /ccnx.org/test/SyncTestRepo-15-01-15-18.20.23/ccnSyncTest/slice9/randomFile/=FD054B82F6A1F4/=0010/%D5qr=0327BD8EA221905E2DD3D2A8187D17BFCA0E14B79488EA795C6B4DFC1F, name  is /ccnx.org/test/SyncTestRepo-15-01-15-18.20.23/ccnSyncTest/slice9/randomFile/=FD054B82F6A1F4/=0010/%D5qr=0327BD8EA221905E2DD3D2A8187D17BFCA0E14B79488EA795C6B4DFC1F, comp is 0
Jan 15, 2015 6:21:50 PM org.ccnx.ccn.impl.sync.SliceComparator updateCurrent
O MAIS DETALHADO: Update compare: name from tree (expanded) is /ccnx.org/test/SyncTestRepo-15-01-15-18.20.23/ccnSyncTest/slice9/randomFile/=FD054B82F6A1F4/=0011/=FBDC827E6D5C34ABF58365F058BF49B8047AB14354BD675385891442FA852675, name  is /ccnx.org/test/SyncTestRepo-15-01-15-18.20.23/ccnSyncTest/slice9/randomFile/=FD054B82F6A1F4/=0011/=FBDC827E6D5C34ABF58365F058BF49B8047AB14354BD675385891442FA852675, comp is 0
Jan 15, 2015 6:21:50 PM org.ccnx.ccn.impl.sync.SliceComparator updateCurrent
O MAIS DETALHADO: Update compare: name from tree (expanded) is /ccnx.org/test/SyncTestRepo-15-01-15-18.20.23/ccnSyncTest/slice9/randomFile/=FD054B82F6A1F4/=0012/=801B7974860EE74E9D4A84F5E3D43AC6455739DBEE9513B30B424B177C88A521, name  is /ccnx.org/test/SyncTestRepo-15-01-15-18.20.23/ccnSyncTest/slice9/randomFile/=FD054B82F6A1F4/=0012/=801B7974860EE74E9D4A84F5E3D43AC6455739DBEE9513B30B424B177C88A521, comp is 0
Jan 15, 2015 6:21:50 PM org.ccnx.ccn.impl.sync.SliceComparator updateCurrent
O MAIS DETALHADO: Update compare: name from tree (expanded) is /ccnx.org/test/SyncTestRepo-15-01-15-18.20.23/ccnSyncTest/slice9/randomFile/=FD054B82F6A1F4/=0013/=19B2421B2A9F6284542AD17180452A43562D4DFC35A625C608080CFB4E6EA72F, name  is /ccnx.org/test/SyncTestRepo-15-01-15-18.20.23/ccnSyncTest/slice9/randomFile/=FD054B82F6A1F4/=0013/=19B2421B2A9F6284542AD17180452A43562D4DFC35A625C608080CFB4E6EA72F, comp is 0
Jan 15, 2015 6:21:50 PM org.ccnx.ccn.impl.sync.SliceComparator updateCurrent
O MAIS DETALHADO: Update compare: name from tree (expanded) is /ccnx.org/test/SyncTestRepo-15-01-15-18.20.23/ccnSyncTest/slice9/randomFile/=FD054B82F6A1F4/=0014/=AAD2C8AC19AFC291C903EED72B1FE28EBCFE324AFD7307EF114087D1475C0C38, name  is /ccnx.org/test/SyncTestRepo-15-01-15-18.20.23/ccnSyncTest/slice9/randomFile/=FD054B82F6A1F4/=0014/=AAD2C8AC19AFC291C903EED72B1FE28EBCFE324AFD7307EF114087D1475C0C38, comp is 0
Jan 15, 2015 6:21:50 PM org.ccnx.ccn.impl.sync.SliceComparator updateCurrent
O MAIS DETALHADO: Update compare: name from tree (expanded) is /ccnx.org/test/SyncTestRepo-15-01-15-18.20.23/ccnSyncTest/slice9/randomFile/=FD054B82F6A1F4/=0015/%875=02E255272B96A3F2AEA6710BE8773327CDE281F19E56A12C4C843D7ED21A, name  is /ccnx.org/test/SyncTestRepo-15-01-15-18.20.23/ccnSyncTest/slice9/randomFile/=FD054B82F6A1F4/=0015/%875=02E255272B96A3F2AEA6710BE8773327CDE281F19E56A12C4C843D7ED21A, comp is 0
Jan 15, 2015 6:21:50 PM org.ccnx.ccn.impl.sync.SliceComparator updateCurrent
O MAIS DETALHADO: Update compare: name from tree (expanded) is /ccnx.org/test/SyncTestRepo-15-01-15-18.20.23/ccnSyncTest/slice9/randomFile/=FD054B82F6A1F4/=0016/=9B3BDC97FB23ADE8F3CDA8CF272507DBC2B7DF19E9445ACABCDF6F597363BFC0, name  is /ccnx.org/test/SyncTestRepo-15-01-15-18.20.23/ccnSyncTest/slice9/randomFile/=FD054B82F6A1F4/=0016/=9B3BDC97FB23ADE8F3CDA8CF272507DBC2B7DF19E9445ACABCDF6F597363BFC0, comp is 0
Jan 15, 2015 6:21:50 PM org.ccnx.ccn.impl.sync.SliceComparator updateCurrent
O MAIS DETALHADO: Update compare: name from tree (expanded) is /ccnx.org/test/SyncTestRepo-15-01-15-18.20.23/ccnSyncTest/slice9/randomFile/=FD054B82F6A1F4/=0017/=C5F6B0EBAE3437ABFAA111A6B279279CE40740EF72566305EDEFA9E40A8C175C, name  is /ccnx.org/test/SyncTestRepo-15-01-15-18.20.23/ccnSyncTest/slice9/randomFile/=FD054B82F6A1F4/=0017/=C5F6B0EBAE3437ABFAA111A6B279279CE40740EF72566305EDEFA9E40A8C175C, comp is 0
Jan 15, 2015 6:21:50 PM org.ccnx.ccn.impl.sync.SliceComparator updateCurrent
O MAIS DETALHADO: Update compare: name from tree (expanded) is /ccnx.org/test/SyncTestRepo-15-01-15-18.20.23/ccnSyncTest/slice9/randomFile/=FD054B82F6A1F4/=0018/=A915A05256C20FA2FDA8AB7D71AB14FDE16EC0FA2C9024AB575E495263D48F25, name  is /ccnx.org/test/SyncTestRepo-15-01-15-18.20.23/ccnSyncTest/slice9/randomFile/=FD054B82F6A1F4/=0018/=A915A05256C20FA2FDA8AB7D71AB14FDE16EC0FA2C9024AB575E495263D48F25, comp is 0
Jan 15, 2015 6:21:50 PM org.ccnx.ccn.impl.sync.SliceComparator updateCurrent
O MAIS DETALHADO: Update compare: name from tree (expanded) is /ccnx.org/test/SyncTestRepo-15-01-15-18.20.23/ccnSyncTest/slice9/randomFile/=FD054B82F6A1F4/=0019/%85G=FA3EE4BFDD02CAC9127CAD37607682FF57D714852701D90116203489B26E, name  is /ccnx.org/test/SyncTestRepo-15-01-15-18.20.23/ccnSyncTest/slice9/randomFile/=FD054B82F6A1F4/=0019/%85G=FA3EE4BFDD02CAC9127CAD37607682FF57D714852701D90116203489B26E, comp is 0
Jan 15, 2015 6:21:50 PM org.ccnx.ccn.impl.sync.SliceComparator updateCurrent
O MAIS DETALHADO: Update compare: name from tree (expanded) is /ccnx.org/test/SyncTestRepo-15-01-15-18.20.23/ccnSyncTest/slice9/randomFile/=FD054B82F6A1F4/=001A/=1300517F74293BA851BB197B9283D17C9D2AAA9D4F79DFC172DBE2DCD75A2738, name  is /ccnx.org/test/SyncTestRepo-15-01-15-18.20.23/ccnSyncTest/slice9/randomFile/=FD054B82F6A1F4/=001A/=1300517F74293BA851BB197B9283D17C9D2AAA9D4F79DFC172DBE2DCD75A2738, comp is 0
Jan 15, 2015 6:21:50 PM org.ccnx.ccn.impl.sync.SliceComparator updateCurrent
O MAIS DETALHADO: Update compare: name from tree (expanded) is /ccnx.org/test/SyncTestRepo-15-01-15-18.20.23/ccnSyncTest/slice9/randomFile/=FD054B82F6A1F4/=001B/%CBl=BEF63E3E00DAA7738B592777DE0BAEA75DF11E8F11910E8422E30F872E6F, name  is /ccnx.org/test/SyncTestRepo-15-01-15-18.20.23/ccnSyncTest/slice9/randomFile/=FD054B82F6A1F4/=001B/%CBl=BEF63E3E00DAA7738B592777DE0BAEA75DF11E8F11910E8422E30F872E6F, comp is 0
Jan 15, 2015 6:21:50 PM org.ccnx.ccn.impl.sync.SliceComparator updateCurrent
O MAIS DETALHADO: Update compare: name from tree (expanded) is /ccnx.org/test/SyncTestRepo-15-01-15-18.20.23/ccnSyncTest/slice9/randomFile/=FD054B82F6A1F4/=001C/=A21E7B113DF11054B00AA5977305755E959FF3482BBD17A7C3549F0E19744A40, name  is /ccnx.org/test/SyncTestRepo-15-01-15-18.20.23/ccnSyncTest/slice9/randomFile/=FD054B82F6A1F4/=001C/=A21E7B113DF11054B00AA5977305755E959FF3482BBD17A7C3549F0E19744A40, comp is 0
Jan 15, 2015 6:21:50 PM org.ccnx.ccn.impl.sync.SliceComparator updateCurrent
O MAIS DETALHADO: Update compare: name from tree (expanded) is /ccnx.org/test/SyncTestRepo-15-01-15-18.20.23/ccnSyncTest/slice9/randomFile/=FD054B82F6A1F4/=001D/=17E5E8D689650C5BC2AB72A534EE971E7B587E717CABE28E227924547E7EF3EB, name  is /ccnx.org/test/SyncTestRepo-15-01-15-18.20.23/ccnSyncTest/slice9/randomFile/=FD054B82F6A1F4/=001D/=17E5E8D689650C5BC2AB72A534EE971E7B587E717CABE28E227924547E7EF3EB, comp is 0
Jan 15, 2015 6:21:50 PM org.ccnx.ccn.impl.sync.SliceComparator updateCurrent
O MAIS DETALHADO: Update compare: name from tree (expanded) is /ccnx.org/test/SyncTestRepo-15-01-15-18.20.23/ccnSyncTest/slice9/randomFile/=FD054B82F6A1F4/=001E/=BE165B012DC6D3CE604FCF7AB8822F04DC3A25A3B322E9E9904BCCADFA0DCBB6, name  is /ccnx.org/test/SyncTestRepo-15-01-15-18.20.23/ccnSyncTest/slice9/randomFile/=FD054B82F6A1F4/=001E/=BE165B012DC6D3CE604FCF7AB8822F04DC3A25A3B322E9E9904BCCADFA0DCBB6, comp is 0
Jan 15, 2015 6:21:50 PM org.ccnx.ccn.impl.sync.SliceComparator updateCurrent
O MAIS DETALHADO: Update compare: name from tree (expanded) is /ccnx.org/test/SyncTestRepo-15-01-15-18.20.23/ccnSyncTest/slice9/randomFile/=FD054B82F6A1F4/=001F/%DFc%C9QFB=29F45AA4AA6DCD757636BB94AEE749C2ABC6CFAB90200D98D2FE, name  is /ccnx.org/test/SyncTestRepo-15-01-15-18.20.23/ccnSyncTest/slice9/randomFile/=FD054B82F6A1F4/=001F/%DFc%C9QFB=29F45AA4AA6DCD757636BB94AEE749C2ABC6CFAB90200D98D2FE, comp is 0
Jan 15, 2015 6:21:50 PM org.ccnx.ccn.impl.sync.SliceComparator updateCurrent
O MAIS DETALHADO: Update compare: name from tree (expanded) is /ccnx.org/test/SyncTestRepo-15-01-15-18.20.23/ccnSyncTest/slice9/randomFile/=FD054B82F6A1F4/=0020/%AC76=9409E1519A5D8D18ABA27DE8999BD8D1FC269DACE680A3B5862E2F1D86, name  is /ccnx.org/test/SyncTestRepo-15-01-15-18.20.23/ccnSyncTest/slice9/randomFile/=FD054B82F6A1F4/=0020/%AC76=9409E1519A5D8D18ABA27DE8999BD8D1FC269DACE680A3B5862E2F1D86, comp is 0
Jan 15, 2015 6:21:50 PM org.ccnx.ccn.impl.sync.SliceComparator updateCurrent
O MAIS DETALHADO: Update compare: name from tree (expanded) is /ccnx.org/test/SyncTestRepo-15-01-15-18.20.23/ccnSyncTest/slice9/randomFile/=FD054B82F6A1F4/=0021/=EA22757000608D78972E3FAEB39A9B9F0EAB18CEC73F8B8019DB0E7A48388463, name  is /ccnx.org/test/SyncTestRepo-15-01-15-18.20.23/ccnSyncTest/slice9/randomFile/=FD054B82F6A1F4/=0021/=EA22757000608D78972E3FAEB39A9B9F0EAB18CEC73F8B8019DB0E7A48388463, comp is 0
Jan 15, 2015 6:21:50 PM org.ccnx.ccn.impl.sync.SliceComparator updateCurrent
O MAIS DETALHADO: Update compare: name from tree (expanded) is /ccnx.org/test/SyncTestRepo-15-01-15-18.20.23/ccnSyncTest/slice9/randomFile/=FD054B82F6A1F4/=0022/-%9Dj=3F2A8684A3CA6DF18CB9580B3DEBD634984CE85FD03A62C2BB9A0364C4, name  is /ccnx.org/test/SyncTestRepo-15-01-15-18.20.23/ccnSyncTest/slice9/randomFile/=FD054B82F6A1F4/=0022/-%9Dj=3F2A8684A3CA6DF18CB9580B3DEBD634984CE85FD03A62C2BB9A0364C4, comp is 0
Jan 15, 2015 6:21:50 PM org.ccnx.ccn.impl.sync.SliceComparator updateCurrent
O MAIS DETALHADO: Update compare: name from tree (expanded) is /ccnx.org/test/SyncTestRepo-15-01-15-18.20.23/ccnSyncTest/slice9/randomFile/=FD054B82F6A1F4/=0023/=D0EE22EA829EA5AB07284B3EE47CC3D6BF2C60AAAD15EC358846D612FA854B9F, name  is /ccnx.org/test/SyncTestRepo-15-01-15-18.20.23/ccnSyncTest/slice9/randomFile/=FD054B82F6A1F4/=0023/=D0EE22EA829EA5AB07284B3EE47CC3D6BF2C60AAAD15EC358846D612FA854B9F, comp is 0
Jan 15, 2015 6:21:50 PM org.ccnx.ccn.impl.sync.SliceComparator updateCurrent
O MAIS DETALHADO: Update compare: name from tree (expanded) is /ccnx.org/test/SyncTestRepo-15-01-15-18.20.23/ccnSyncTest/slice9/randomFile/=FD054B82F6A1F4/=0024/=1DB5984B323CB74212FE44C64010A397AA93A52855104843F835C1AB0AC73122, name  is /ccnx.org/test/SyncTestRepo-15-01-15-18.20.23/ccnSyncTest/slice9/randomFile/=FD054B82F6A1F4/=0024/=1DB5984B323CB74212FE44C64010A397AA93A52855104843F835C1AB0AC73122, comp is 0
Jan 15, 2015 6:21:50 PM org.ccnx.ccn.impl.sync.SliceComparator updateCurrent
O MAIS DETALHADO: Update compare: name from tree (expanded) is /ccnx.org/test/SyncTestRepo-15-01-15-18.20.23/ccnSyncTest/slice9/randomFile/=FD054B82F6A1F4/=000D/.c_=93C045343A0FA539250EF510B680EA9A519EA07ABA3638E919CE466C18, name  is /ccnx.org/test/SyncTestRepo-15-01-15-18.20.23/ccnSyncTest/slice9/randomFile/=FD054B82F6A1F4/=000D/.c_=93C045343A0FA539250EF510B680EA9A519EA07ABA3638E919CE466C18, comp is 0
Jan 15, 2015 6:21:50 PM org.ccnx.ccn.impl.sync.SliceComparator updateCurrent
O MAIS DETALHADO: Update compare - moving to: =02D53F65198A36862946DB7A8E31A9BA3708D47292CE6780001E1FAB6180ED8D14
Jan 15, 2015 6:21:50 PM org.ccnx.ccn.impl.sync.SliceComparator updateCurrent
O MAIS DETALHADO: Update compare - moving to: =0D27327F18E53775D3C64E1D3CF8AA4C68228F0D34D9BA10D445B4A4CC934E33E7
Jan 15, 2015 6:21:50 PM org.ccnx.ccn.impl.sync.SliceComparator updateCurrent
O MAIS DETALHADO: Update compare: name from tree (expanded) is /ccnx.org/test/SyncTestRepo-15-01-15-18.20.23/ccnSyncTest/slice9/randomFile/=FD054B82F6A1F4/=0025/=7F0E6F886D4B459E63FCD3E32DA3E47D58293CE502D36EA4BDE1E38BE9493014, name  is /ccnx.org/test/SyncTestRepo-15-01-15-18.20.23/ccnSyncTest/slice9/randomFile/=FD054B82F6A1F4/=0025/=7F0E6F886D4B459E63FCD3E32DA3E47D58293CE502D36EA4BDE1E38BE9493014, comp is 0
Jan 15, 2015 6:21:50 PM org.ccnx.ccn.impl.sync.SliceComparator updateCurrent
O MAIS DETALHADO: Update compare: name from tree (expanded) is /ccnx.org/test/SyncTestRepo-15-01-15-18.20.23/ccnSyncTest/slice9/randomFile/=FD054B82F6A1F4/=000E/%FE1X=E529673D6B088AB5993677163E6922B9B586B7BD70CE0AAE31EA2148FD, name  is /ccnx.org/test/SyncTestRepo-15-01-15-18.20.23/ccnSyncTest/slice9/randomFile/=FD054B82F6A1F4/=000E/%FE1X=E529673D6B088AB5993677163E6922B9B586B7BD70CE0AAE31EA2148FD, comp is 0
Jan 15, 2015 6:21:50 PM org.ccnx.ccn.impl.sync.SliceComparator updateCurrent
O MAIS DETALHADO: Update compare: name from tree (expanded) is /ccnx.org/test/SyncTestRepo-15-01-15-18.20.23/ccnSyncTest/slice9/randomFile/=FD054B82F6A1F4/=0026/=F882C84FB7FDD730920AD85F9135ECED68D31C5DA84A66374A340725773223EF, name  is /ccnx.org/test/SyncTestRepo-15-01-15-18.20.23/ccnSyncTest/slice9/randomFile/=FD054B82F6A1F4/=0026/=F882C84FB7FDD730920AD85F9135ECED68D31C5DA84A66374A340725773223EF, comp is 0
Jan 15, 2015 6:21:50 PM org.ccnx.ccn.impl.sync.SliceComparator updateCurrent
O MAIS DETALHADO: Update compare: name from tree (expanded) is /ccnx.org/test/SyncTestRepo-15-01-15-18.20.23/ccnSyncTest/slice9/randomFile/=FD054B82F6A1F4/=000F/=13C718564AED534A913A264A80F61736AC4EAD885F9CFD55ABCD7F784106CF11, name  is /ccnx.org/test/SyncTestRepo-15-01-15-18.20.23/ccnSyncTest/slice9/randomFile/=FD054B82F6A1F4/=000F/=13C718564AED534A913A264A80F61736AC4EAD885F9CFD55ABCD7F784106CF11, comp is 0
Jan 15, 2015 6:21:50 PM org.ccnx.ccn.impl.sync.SliceComparator updateCurrent
O MAIS DETALHADO: Update compare: name from tree (expanded) is /ccnx.org/test/SyncTestRepo-15-01-15-18.20.23/ccnSyncTest/slice9/randomFile/=FD054B82F6A1F4/=0027/%7CIO=A5B990CDCEA0B4F89E8FF41187FACE8515D89EB8388C8E0DA5FE2D4E31, name  is /ccnx.org/test/SyncTestRepo-15-01-15-18.20.23/ccnSyncTest/slice9/randomFile/=FD054B82F6A1F4/=0027/%7CIO=A5B990CDCEA0B4F89E8FF41187FACE8515D89EB8388C8E0DA5FE2D4E31, comp is 0
Jan 15, 2015 6:21:50 PM org.ccnx.ccn.impl.sync.SliceComparator updateCurrent
O MAIS DETALHADO: Update compare: name from tree (expanded) is /ccnx.org/test/SyncTestRepo-15-01-15-18.20.23/ccnSyncTest/slice9/randomFile/=FD054B82F6A1F4/=0010/%D5qr=0327BD8EA221905E2DD3D2A8187D17BFCA0E14B79488EA795C6B4DFC1F, name  is /ccnx.org/test/SyncTestRepo-15-01-15-18.20.23/ccnSyncTest/slice9/randomFile/=FD054B82F6A1F4/=0010/%D5qr=0327BD8EA221905E2DD3D2A8187D17BFCA0E14B79488EA795C6B4DFC1F, comp is 0
Jan 15, 2015 6:21:50 PM org.ccnx.ccn.impl.sync.SliceComparator updateCurrent
O MAIS DETALHADO: Update compare: name from tree (expanded) is /ccnx.org/test/SyncTestRepo-15-01-15-18.20.23/ccnSyncTest/slice9/randomFile/=FD054B82F6A1F4/%C1.META.M/.header/=FD054B82F6A277/=00/%E1d=DD9BAB5C9B8BB01ED5ACE2DBD7444D09943A4AAAF2EB897BB30A2244EAE0, name  is /ccnx.org/test/SyncTestRepo-15-01-15-18.20.23/ccnSyncTest/slice9/randomFile/=FD054B82F6A1F4/%C1.META.M/.header/=FD054B82F6A277/=00/%E1d=DD9BAB5C9B8BB01ED5ACE2DBD7444D09943A4AAAF2EB897BB30A2244EAE0, comp is 0
Jan 15, 2015 6:21:50 PM org.ccnx.ccn.impl.sync.SliceComparator updateCurrent
O MAIS DETALHADO: Update compare: name from tree (expanded) is /ccnx.org/test/SyncTestRepo-15-01-15-18.20.23/ccnSyncTest/slice9/randomFile/=FD054B82F6A1F4/=0011/=FBDC827E6D5C34ABF58365F058BF49B8047AB14354BD675385891442FA852675, name  is /ccnx.org/test/SyncTestRepo-15-01-15-18.20.23/ccnSyncTest/slice9/randomFile/=FD054B82F6A1F4/=0011/=FBDC827E6D5C34ABF58365F058BF49B8047AB14354BD675385891442FA852675, comp is 0
Jan 15, 2015 6:21:50 PM org.ccnx.ccn.impl.sync.SliceComparator updateCurrent
O MAIS DETALHADO: Update compare: name from tree (expanded) is /ccnx.org/test/SyncTestRepo-15-01-15-18.20.23/ccnSyncTest/slice9/randomFile/=FD054B82F6A1F4/=0012/=801B7974860EE74E9D4A84F5E3D43AC6455739DBEE9513B30B424B177C88A521, name  is /ccnx.org/test/SyncTestRepo-15-01-15-18.20.23/ccnSyncTest/slice9/randomFile/=FD054B82F6A1F4/=0012/=801B7974860EE74E9D4A84F5E3D43AC6455739DBEE9513B30B424B177C88A521, comp is 0
Jan 15, 2015 6:21:50 PM org.ccnx.ccn.impl.sync.SliceComparator updateCurrent
O MAIS DETALHADO: Update compare: name from tree (expanded) is /ccnx.org/test/SyncTestRepo-15-01-15-18.20.23/ccnSyncTest/slice9/randomFile/=FD054B82F6A1F4/=0013/=19B2421B2A9F6284542AD17180452A43562D4DFC35A625C608080CFB4E6EA72F, name  is /ccnx.org/test/SyncTestRepo-15-01-15-18.20.23/ccnSyncTest/slice9/randomFile/=FD054B82F6A1F4/=0013/=19B2421B2A9F6284542AD17180452A43562D4DFC35A625C608080CFB4E6EA72F, comp is 0
Jan 15, 2015 6:21:50 PM org.ccnx.ccn.impl.sync.SliceComparator updateCurrent
O MAIS DETALHADO: Update compare: name from tree (expanded) is /ccnx.org/test/SyncTestRepo-15-01-15-18.20.23/ccnSyncTest/slice9/randomFile/=FD054B82F6A1F4/=0014/=AAD2C8AC19AFC291C903EED72B1FE28EBCFE324AFD7307EF114087D1475C0C38, name  is /ccnx.org/test/SyncTestRepo-15-01-15-18.20.23/ccnSyncTest/slice9/randomFile/=FD054B82F6A1F4/=0014/=AAD2C8AC19AFC291C903EED72B1FE28EBCFE324AFD7307EF114087D1475C0C38, comp is 0
Jan 15, 2015 6:21:50 PM org.ccnx.ccn.impl.sync.SliceComparator updateCurrent
O MAIS DETALHADO: Update compare: name from tree (expanded) is /ccnx.org/test/SyncTestRepo-15-01-15-18.20.23/ccnSyncTest/slice9/randomFile/=FD054B82F6A1F4/=0015/%875=02E255272B96A3F2AEA6710BE8773327CDE281F19E56A12C4C843D7ED21A, name  is /ccnx.org/test/SyncTestRepo-15-01-15-18.20.23/ccnSyncTest/slice9/randomFile/=FD054B82F6A1F4/=0015/%875=02E255272B96A3F2AEA6710BE8773327CDE281F19E56A12C4C843D7ED21A, comp is 0
Jan 15, 2015 6:21:50 PM org.ccnx.ccn.impl.sync.SliceComparator updateCurrent
O MAIS DETALHADO: Update compare: name from tree (expanded) is /ccnx.org/test/SyncTestRepo-15-01-15-18.20.23/ccnSyncTest/slice9/randomFile/=FD054B82F6A1F4/=0016/=9B3BDC97FB23ADE8F3CDA8CF272507DBC2B7DF19E9445ACABCDF6F597363BFC0, name  is /ccnx.org/test/SyncTestRepo-15-01-15-18.20.23/ccnSyncTest/slice9/randomFile/=FD054B82F6A1F4/=0016/=9B3BDC97FB23ADE8F3CDA8CF272507DBC2B7DF19E9445ACABCDF6F597363BFC0, comp is 0
Jan 15, 2015 6:21:50 PM org.ccnx.ccn.impl.sync.SliceComparator updateCurrent
O MAIS DETALHADO: Update compare: name from tree (expanded) is /ccnx.org/test/SyncTestRepo-15-01-15-18.20.23/ccnSyncTest/slice9/randomFile/=FD054B82F6A1F4/=0017/=C5F6B0EBAE3437ABFAA111A6B279279CE40740EF72566305EDEFA9E40A8C175C, name  is /ccnx.org/test/SyncTestRepo-15-01-15-18.20.23/ccnSyncTest/slice9/randomFile/=FD054B82F6A1F4/=0017/=C5F6B0EBAE3437ABFAA111A6B279279CE40740EF72566305EDEFA9E40A8C175C, comp is 0
Jan 15, 2015 6:21:50 PM org.ccnx.ccn.impl.sync.SliceComparator updateCurrent
O MAIS DETALHADO: Update compare: name from tree (expanded) is /ccnx.org/test/SyncTestRepo-15-01-15-18.20.23/ccnSyncTest/slice9/randomFile/=FD054B82F6A1F4/=0018/=A915A05256C20FA2FDA8AB7D71AB14FDE16EC0FA2C9024AB575E495263D48F25, name  is /ccnx.org/test/SyncTestRepo-15-01-15-18.20.23/ccnSyncTest/slice9/randomFile/=FD054B82F6A1F4/=0018/=A915A05256C20FA2FDA8AB7D71AB14FDE16EC0FA2C9024AB575E495263D48F25, comp is 0
Jan 15, 2015 6:21:50 PM org.ccnx.ccn.impl.sync.SliceComparator updateCurrent
O MAIS DETALHADO: Update compare: name from tree (expanded) is /ccnx.org/test/SyncTestRepo-15-01-15-18.20.23/ccnSyncTest/slice9/randomFile/=FD054B82F6A1F4/=0019/%85G=FA3EE4BFDD02CAC9127CAD37607682FF57D714852701D90116203489B26E, name  is /ccnx.org/test/SyncTestRepo-15-01-15-18.20.23/ccnSyncTest/slice9/randomFile/=FD054B82F6A1F4/=0019/%85G=FA3EE4BFDD02CAC9127CAD37607682FF57D714852701D90116203489B26E, comp is 0
Jan 15, 2015 6:21:50 PM org.ccnx.ccn.impl.sync.SliceComparator updateCurrent
O MAIS DETALHADO: Update compare: name from tree (expanded) is /ccnx.org/test/SyncTestRepo-15-01-15-18.20.23/ccnSyncTest/slice9/randomFile/=FD054B82F6A1F4/=001A/=1300517F74293BA851BB197B9283D17C9D2AAA9D4F79DFC172DBE2DCD75A2738, name  is /ccnx.org/test/SyncTestRepo-15-01-15-18.20.23/ccnSyncTest/slice9/randomFile/=FD054B82F6A1F4/=001A/=1300517F74293BA851BB197B9283D17C9D2AAA9D4F79DFC172DBE2DCD75A2738, comp is 0
Jan 15, 2015 6:21:50 PM org.ccnx.ccn.impl.sync.SliceComparator updateCurrent
O MAIS DETALHADO: Update compare: name from tree (expanded) is /ccnx.org/test/SyncTestRepo-15-01-15-18.20.23/ccnSyncTest/slice9/randomFile/=FD054B82F6A1F4/=001B/%CBl=BEF63E3E00DAA7738B592777DE0BAEA75DF11E8F11910E8422E30F872E6F, name  is /ccnx.org/test/SyncTestRepo-15-01-15-18.20.23/ccnSyncTest/slice9/randomFile/=FD054B82F6A1F4/=001B/%CBl=BEF63E3E00DAA7738B592777DE0BAEA75DF11E8F11910E8422E30F872E6F, comp is 0
Jan 15, 2015 6:21:50 PM org.ccnx.ccn.impl.sync.SliceComparator updateCurrent
O MAIS DETALHADO: Update compare: name from tree (expanded) is /ccnx.org/test/SyncTestRepo-15-01-15-18.20.23/ccnSyncTest/slice9/randomFile/=FD054B82F6A1F4/=001C/=A21E7B113DF11054B00AA5977305755E959FF3482BBD17A7C3549F0E19744A40, name  is /ccnx.org/test/SyncTestRepo-15-01-15-18.20.23/ccnSyncTest/slice9/randomFile/=FD054B82F6A1F4/=001C/=A21E7B113DF11054B00AA5977305755E959FF3482BBD17A7C3549F0E19744A40, comp is 0
Jan 15, 2015 6:21:50 PM org.ccnx.ccn.impl.sync.SliceComparator updateCurrent
O MAIS DETALHADO: Update compare: name from tree (expanded) is /ccnx.org/test/SyncTestRepo-15-01-15-18.20.23/ccnSyncTest/slice9/randomFile/=FD054B82F6A1F4/=001D/=17E5E8D689650C5BC2AB72A534EE971E7B587E717CABE28E227924547E7EF3EB, name  is /ccnx.org/test/SyncTestRepo-15-01-15-18.20.23/ccnSyncTest/slice9/randomFile/=FD054B82F6A1F4/=001D/=17E5E8D689650C5BC2AB72A534EE971E7B587E717CABE28E227924547E7EF3EB, comp is 0
Jan 15, 2015 6:21:50 PM org.ccnx.ccn.impl.sync.SliceComparator updateCurrent
O MAIS DETALHADO: Update compare: name from tree (expanded) is /ccnx.org/test/SyncTestRepo-15-01-15-18.20.23/ccnSyncTest/slice9/randomFile/=FD054B82F6A1F4/=001E/=BE165B012DC6D3CE604FCF7AB8822F04DC3A25A3B322E9E9904BCCADFA0DCBB6, name  is /ccnx.org/test/SyncTestRepo-15-01-15-18.20.23/ccnSyncTest/slice9/randomFile/=FD054B82F6A1F4/=001E/=BE165B012DC6D3CE604FCF7AB8822F04DC3A25A3B322E9E9904BCCADFA0DCBB6, comp is 0
Jan 15, 2015 6:21:50 PM org.ccnx.ccn.impl.sync.SliceComparator updateCurrent
O MAIS DETALHADO: Update compare: name from tree (expanded) is /ccnx.org/test/SyncTestRepo-15-01-15-18.20.23/ccnSyncTest/slice9/randomFile/=FD054B82F6A1F4/=001F/%DFc%C9QFB=29F45AA4AA6DCD757636BB94AEE749C2ABC6CFAB90200D98D2FE, name  is /ccnx.org/test/SyncTestRepo-15-01-15-18.20.23/ccnSyncTest/slice9/randomFile/=FD054B82F6A1F4/=001F/%DFc%C9QFB=29F45AA4AA6DCD757636BB94AEE749C2ABC6CFAB90200D98D2FE, comp is 0
Jan 15, 2015 6:21:50 PM org.ccnx.ccn.impl.sync.SliceComparator updateCurrent
O MAIS DETALHADO: Update compare: name from tree (expanded) is /ccnx.org/test/SyncTestRepo-15-01-15-18.20.23/ccnSyncTest/slice9/randomFile/=FD054B82F6A1F4/=0020/%AC76=9409E1519A5D8D18ABA27DE8999BD8D1FC269DACE680A3B5862E2F1D86, name  is /ccnx.org/test/SyncTestRepo-15-01-15-18.20.23/ccnSyncTest/slice9/randomFile/=FD054B82F6A1F4/=0020/%AC76=9409E1519A5D8D18ABA27DE8999BD8D1FC269DACE680A3B5862E2F1D86, comp is 0
Jan 15, 2015 6:21:50 PM org.ccnx.ccn.impl.sync.SliceComparator updateCurrent
O MAIS DETALHADO: Update compare: name from tree (expanded) is /ccnx.org/test/SyncTestRepo-15-01-15-18.20.23/ccnSyncTest/slice9/randomFile/=FD054B82F6A1F4/=0021/=EA22757000608D78972E3FAEB39A9B9F0EAB18CEC73F8B8019DB0E7A48388463, name  is /ccnx.org/test/SyncTestRepo-15-01-15-18.20.23/ccnSyncTest/slice9/randomFile/=FD054B82F6A1F4/=0021/=EA22757000608D78972E3FAEB39A9B9F0EAB18CEC73F8B8019DB0E7A48388463, comp is 0
Jan 15, 2015 6:21:50 PM org.ccnx.ccn.impl.sync.SliceComparator updateCurrent
O MAIS DETALHADO: Update compare: name from tree (expanded) is /ccnx.org/test/SyncTestRepo-15-01-15-18.20.23/ccnSyncTest/slice9/randomFile/=FD054B82F6A1F4/=0022/-%9Dj=3F2A8684A3CA6DF18CB9580B3DEBD634984CE85FD03A62C2BB9A0364C4, name  is /ccnx.org/test/SyncTestRepo-15-01-15-18.20.23/ccnSyncTest/slice9/randomFile/=FD054B82F6A1F4/=0022/-%9Dj=3F2A8684A3CA6DF18CB9580B3DEBD634984CE85FD03A62C2BB9A0364C4, comp is 0
Jan 15, 2015 6:21:50 PM org.ccnx.ccn.impl.sync.SliceComparator updateCurrent
O MAIS DETALHADO: Update compare: name from tree (expanded) is /ccnx.org/test/SyncTestRepo-15-01-15-18.20.23/ccnSyncTest/slice9/randomFile/=FD054B82F6A1F4/=0023/=D0EE22EA829EA5AB07284B3EE47CC3D6BF2C60AAAD15EC358846D612FA854B9F, name  is /ccnx.org/test/SyncTestRepo-15-01-15-18.20.23/ccnSyncTest/slice9/randomFile/=FD054B82F6A1F4/=0023/=D0EE22EA829EA5AB07284B3EE47CC3D6BF2C60AAAD15EC358846D612FA854B9F, comp is 0
Jan 15, 2015 6:21:50 PM org.ccnx.ccn.impl.sync.SliceComparator updateCurrent
O MAIS DETALHADO: Update compare: name from tree (expanded) is /ccnx.org/test/SyncTestRepo-15-01-15-18.20.23/ccnSyncTest/slice9/randomFile/=FD054B82F6A1F4/=0024/=1DB5984B323CB74212FE44C64010A397AA93A52855104843F835C1AB0AC73122, name  is /ccnx.org/test/SyncTestRepo-15-01-15-18.20.23/ccnSyncTest/slice9/randomFile/=FD054B82F6A1F4/=0024/=1DB5984B323CB74212FE44C64010A397AA93A52855104843F835C1AB0AC73122, comp is 0
Jan 15, 2015 6:21:50 PM org.ccnx.ccn.impl.sync.SliceComparator updateCurrent
O MAIS DETALHADO: Update compare - moving to: =02D53F65198A36862946DB7A8E31A9BA3708D47292CE6780001E1FAB6180ED8D14
Jan 15, 2015 6:21:50 PM org.ccnx.ccn.impl.sync.SliceComparator updateCurrent
O MAIS DETALHADO: Update compare: name from tree (expanded) is /ccnx.org/test/SyncTestRepo-15-01-15-18.20.23/ccnSyncTest/slice9/randomFile/=FD054B82F6A1F4/=0025/=7F0E6F886D4B459E63FCD3E32DA3E47D58293CE502D36EA4BDE1E38BE9493014, name  is /ccnx.org/test/SyncTestRepo-15-01-15-18.20.23/ccnSyncTest/slice9/randomFile/=FD054B82F6A1F4/=0025/=7F0E6F886D4B459E63FCD3E32DA3E47D58293CE502D36EA4BDE1E38BE9493014, comp is 0
Jan 15, 2015 6:21:50 PM org.ccnx.ccn.impl.sync.SliceComparator updateCurrent
O MAIS DETALHADO: Update compare: name from tree (expanded) is /ccnx.org/test/SyncTestRepo-15-01-15-18.20.23/ccnSyncTest/slice9/randomFile/=FD054B82F6A1F4/=0026/=F882C84FB7FDD730920AD85F9135ECED68D31C5DA84A66374A340725773223EF, name  is /ccnx.org/test/SyncTestRepo-15-01-15-18.20.23/ccnSyncTest/slice9/randomFile/=FD054B82F6A1F4/=0026/=F882C84FB7FDD730920AD85F9135ECED68D31C5DA84A66374A340725773223EF, comp is 0
Jan 15, 2015 6:21:50 PM org.ccnx.ccn.impl.sync.SliceComparator updateCurrent
O MAIS DETALHADO: Update compare: name from tree (expanded) is /ccnx.org/test/SyncTestRepo-15-01-15-18.20.23/ccnSyncTest/slice9/randomFile/=FD054B82F6A1F4/=0027/%7CIO=A5B990CDCEA0B4F89E8FF41187FACE8515D89EB8388C8E0DA5FE2D4E31, name  is /ccnx.org/test/SyncTestRepo-15-01-15-18.20.23/ccnSyncTest/slice9/randomFile/=FD054B82F6A1F4/=0027/%7CIO=A5B990CDCEA0B4F89E8FF41187FACE8515D89EB8388C8E0DA5FE2D4E31, comp is 0
Jan 15, 2015 6:21:50 PM org.ccnx.ccn.impl.sync.SliceComparator updateCurrent
O MAIS DETALHADO: Update compare: name from tree (expanded) is /ccnx.org/test/SyncTestRepo-15-01-15-18.20.23/ccnSyncTest/slice9/randomFile/=FD054B82F6A1F4/%C1.META.M/.header/=FD054B82F6A277/=00/%E1d=DD9BAB5C9B8BB01ED5ACE2DBD7444D09943A4AAAF2EB897BB30A2244EAE0, name  is /ccnx.org/test/SyncTestRepo-15-01-15-18.20.23/ccnSyncTest/slice9/randomFile/=FD054B82F6A1F4/%C1.META.M/.header/=FD054B82F6A277/=00/%E1d=DD9BAB5C9B8BB01ED5ACE2DBD7444D09943A4AAAF2EB897BB30A2244EAE0, comp is 0
Jan 15, 2015 6:21:51 PM org.ccnx.ccn.profiles.sync.SyncTestRepo checkCallbacks
DETALHADO: got segment 0
Jan 15, 2015 6:21:51 PM org.ccnx.ccn.profiles.sync.SyncTestRepo checkCallbacks
DETALHADO: received: [true, false, false, false, false, false, false, false, false, false, false, false, false, false, false, false, false, false, false, false, false, false, false, false, false, false, false, false, false, false, false, false, false, false, false, false, false, false, false, false, false] finished: [true, true, true, true, true, true, true, true, true, true, true, true, true, true, true, true, true, true, true, true, true, true, true, true, true, true, true, true, true, true, true, true, true, true, true, true, true, true, true, true, true]
Jan 15, 2015 6:21:51 PM org.ccnx.ccn.profiles.sync.SyncTestRepo checkCallbacks
DETALHADO: got segment 1
Jan 15, 2015 6:21:51 PM org.ccnx.ccn.profiles.sync.SyncTestRepo checkCallbacks
DETALHADO: received: [true, true, false, false, false, false, false, false, false, false, false, false, false, false, false, false, false, false, false, false, false, false, false, false, false, false, false, false, false, false, false, false, false, false, false, false, false, false, false, false, false] finished: [true, true, true, true, true, true, true, true, true, true, true, true, true, true, true, true, true, true, true, true, true, true, true, true, true, true, true, true, true, true, true, true, true, true, true, true, true, true, true, true, true]
Jan 15, 2015 6:21:51 PM org.ccnx.ccn.profiles.sync.SyncTestRepo checkCallbacks
DETALHADO: got segment 2
Jan 15, 2015 6:21:51 PM org.ccnx.ccn.profiles.sync.SyncTestRepo checkCallbacks
DETALHADO: received: [true, true, true, false, false, false, false, false, false, false, false, false, false, false, false, false, false, false, false, false, false, false, false, false, false, false, false, false, false, false, false, false, false, false, false, false, false, false, false, false, false] finished: [true, true, true, true, true, true, true, true, true, true, true, true, true, true, true, true, true, true, true, true, true, true, true, true, true, true, true, true, true, true, true, true, true, true, true, true, true, true, true, true, true]
Jan 15, 2015 6:21:51 PM org.ccnx.ccn.profiles.sync.SyncTestRepo checkCallbacks
DETALHADO: got segment 3
Jan 15, 2015 6:21:51 PM org.ccnx.ccn.profiles.sync.SyncTestRepo checkCallbacks
DETALHADO: received: [true, true, true, true, false, false, false, false, false, false, false, false, false, false, false, false, false, false, false, false, false, false, false, false, false, false, false, false, false, false, false, false, false, false, false, false, false, false, false, false, false] finished: [true, true, true, true, true, true, true, true, true, true, true, true, true, true, true, true, true, true, true, true, true, true, true, true, true, true, true, true, true, true, true, true, true, true, true, true, true, true, true, true, true]
Jan 15, 2015 6:21:51 PM org.ccnx.ccn.profiles.sync.SyncTestRepo checkCallbacks
DETALHADO: got segment 4
Jan 15, 2015 6:21:51 PM org.ccnx.ccn.profiles.sync.SyncTestRepo checkCallbacks
DETALHADO: received: [true, true, true, true, true, false, false, false, false, false, false, false, false, false, false, false, false, false, false, false, false, false, false, false, false, false, false, false, false, false, false, false, false, false, false, false, false, false, false, false, false] finished: [true, true, true, true, true, true, true, true, true, true, true, true, true, true, true, true, true, true, true, true, true, true, true, true, true, true, true, true, true, true, true, true, true, true, true, true, true, true, true, true, true]
Jan 15, 2015 6:21:51 PM org.ccnx.ccn.profiles.sync.SyncTestRepo checkCallbacks
DETALHADO: got segment 5
Jan 15, 2015 6:21:51 PM org.ccnx.ccn.profiles.sync.SyncTestRepo checkCallbacks
DETALHADO: received: [true, true, true, true, true, true, false, false, false, false, false, false, false, false, false, false, false, false, false, false, false, false, false, false, false, false, false, false, false, false, false, false, false, false, false, false, false, false, false, false, false] finished: [true, true, true, true, true, true, true, true, true, true, true, true, true, true, true, true, true, true, true, true, true, true, true, true, true, true, true, true, true, true, true, true, true, true, true, true, true, true, true, true, true]
Jan 15, 2015 6:21:51 PM org.ccnx.ccn.profiles.sync.SyncTestRepo checkCallbacks
DETALHADO: got segment 6
Jan 15, 2015 6:21:51 PM org.ccnx.ccn.profiles.sync.SyncTestRepo checkCallbacks
DETALHADO: received: [true, true, true, true, true, true, true, false, false, false, false, false, false, false, false, false, false, false, false, false, false, false, false, false, false, false, false, false, false, false, false, false, false, false, false, false, false, false, false, false, false] finished: [true, true, true, true, true, true, true, true, true, true, true, true, true, true, true, true, true, true, true, true, true, true, true, true, true, true, true, true, true, true, true, true, true, true, true, true, true, true, true, true, true]
Jan 15, 2015 6:21:51 PM org.ccnx.ccn.profiles.sync.SyncTestRepo checkCallbacks
DETALHADO: got segment 7
Jan 15, 2015 6:21:51 PM org.ccnx.ccn.profiles.sync.SyncTestRepo checkCallbacks
DETALHADO: received: [true, true, true, true, true, true, true, true, false, false, false, false, false, false, false, false, false, false, false, false, false, false, false, false, false, false, false, false, false, false, false, false, false, false, false, false, false, false, false, false, false] finished: [true, true, true, true, true, true, true, true, true, true, true, true, true, true, true, true, true, true, true, true, true, true, true, true, true, true, true, true, true, true, true, true, true, true, true, true, true, true, true, true, true]
Jan 15, 2015 6:21:51 PM org.ccnx.ccn.profiles.sync.SyncTestRepo checkCallbacks
DETALHADO: got segment 8
Jan 15, 2015 6:21:51 PM org.ccnx.ccn.profiles.sync.SyncTestRepo checkCallbacks
DETALHADO: received: [true, true, true, true, true, true, true, true, true, false, false, false, false, false, false, false, false, false, false, false, false, false, false, false, false, false, false, false, false, false, false, false, false, false, false, false, false, false, false, false, false] finished: [true, true, true, true, true, true, true, true, true, true, true, true, true, true, true, true, true, true, true, true, true, true, true, true, true, true, true, true, true, true, true, true, true, true, true, true, true, true, true, true, true]
Jan 15, 2015 6:21:51 PM org.ccnx.ccn.profiles.sync.SyncTestRepo checkCallbacks
DETALHADO: got segment 9
Jan 15, 2015 6:21:51 PM org.ccnx.ccn.profiles.sync.SyncTestRepo checkCallbacks
DETALHADO: received: [true, true, true, true, true, true, true, true, true, true, false, false, false, false, false, false, false, false, false, false, false, false, false, false, false, false, false, false, false, false, false, false, false, false, false, false, false, false, false, false, false] finished: [true, true, true, true, true, true, true, true, true, true, true, true, true, true, true, true, true, true, true, true, true, true, true, true, true, true, true, true, true, true, true, true, true, true, true, true, true, true, true, true, true]
Jan 15, 2015 6:21:51 PM org.ccnx.ccn.profiles.sync.SyncTestRepo checkCallbacks
DETALHADO: got segment 10
Jan 15, 2015 6:21:51 PM org.ccnx.ccn.profiles.sync.SyncTestRepo checkCallbacks
DETALHADO: received: [true, true, true, true, true, true, true, true, true, true, true, false, false, false, false, false, false, false, false, false, false, false, false, false, false, false, false, false, false, false, false, false, false, false, false, false, false, false, false, false, false] finished: [true, true, true, true, true, true, true, true, true, true, true, true, true, true, true, true, true, true, true, true, true, true, true, true, true, true, true, true, true, true, true, true, true, true, true, true, true, true, true, true, true]
Jan 15, 2015 6:21:51 PM org.ccnx.ccn.profiles.sync.SyncTestRepo checkCallbacks
DETALHADO: got segment 11
Jan 15, 2015 6:21:51 PM org.ccnx.ccn.profiles.sync.SyncTestRepo checkCallbacks
DETALHADO: received: [true, true, true, true, true, true, true, true, true, true, true, true, false, false, false, false, false, false, false, false, false, false, false, false, false, false, false, false, false, false, false, false, false, false, false, false, false, false, false, false, false] finished: [true, true, true, true, true, true, true, true, true, true, true, true, true, true, true, true, true, true, true, true, true, true, true, true, true, true, true, true, true, true, true, true, true, true, true, true, true, true, true, true, true]
Jan 15, 2015 6:21:51 PM org.ccnx.ccn.profiles.sync.SyncTestRepo checkCallbacks
DETALHADO: got segment 12
Jan 15, 2015 6:21:51 PM org.ccnx.ccn.profiles.sync.SyncTestRepo checkCallbacks
DETALHADO: received: [true, true, true, true, true, true, true, true, true, true, true, true, true, false, false, false, false, false, false, false, false, false, false, false, false, false, false, false, false, false, false, false, false, false, false, false, false, false, false, false, false] finished: [true, true, true, true, true, true, true, true, true, true, true, true, true, true, true, true, true, true, true, true, true, true, true, true, true, true, true, true, true, true, true, true, true, true, true, true, true, true, true, true, true]
Jan 15, 2015 6:21:51 PM org.ccnx.ccn.profiles.sync.SyncTestRepo checkCallbacks
DETALHADO: got segment 13
Jan 15, 2015 6:21:51 PM org.ccnx.ccn.profiles.sync.SyncTestRepo checkCallbacks
DETALHADO: received: [true, true, true, true, true, true, true, true, true, true, true, true, true, true, false, false, false, false, false, false, false, false, false, false, false, false, false, false, false, false, false, false, false, false, false, false, false, false, false, false, false] finished: [true, true, true, true, true, true, true, true, true, true, true, true, true, true, true, true, true, true, true, true, true, true, true, true, true, true, true, true, true, true, true, true, true, true, true, true, true, true, true, true, true]
Jan 15, 2015 6:21:51 PM org.ccnx.ccn.profiles.sync.SyncTestRepo checkCallbacks
DETALHADO: got segment 14
Jan 15, 2015 6:21:51 PM org.ccnx.ccn.profiles.sync.SyncTestRepo checkCallbacks
DETALHADO: received: [true, true, true, true, true, true, true, true, true, true, true, true, true, true, true, false, false, false, false, false, false, false, false, false, false, false, false, false, false, false, false, false, false, false, false, false, false, false, false, false, false] finished: [true, true, true, true, true, true, true, true, true, true, true, true, true, true, true, true, true, true, true, true, true, true, true, true, true, true, true, true, true, true, true, true, true, true, true, true, true, true, true, true, true]
Jan 15, 2015 6:21:51 PM org.ccnx.ccn.profiles.sync.SyncTestRepo checkCallbacks
DETALHADO: got segment 15
Jan 15, 2015 6:21:51 PM org.ccnx.ccn.profiles.sync.SyncTestRepo checkCallbacks
DETALHADO: received: [true, true, true, true, true, true, true, true, true, true, true, true, true, true, true, true, false, false, false, false, false, false, false, false, false, false, false, false, false, false, false, false, false, false, false, false, false, false, false, false, false] finished: [true, true, true, true, true, true, true, true, true, true, true, true, true, true, true, true, true, true, true, true, true, true, true, true, true, true, true, true, true, true, true, true, true, true, true, true, true, true, true, true, true]
Jan 15, 2015 6:21:51 PM org.ccnx.ccn.profiles.sync.SyncTestRepo checkCallbacks
DETALHADO: got segment 16
Jan 15, 2015 6:21:51 PM org.ccnx.ccn.profiles.sync.SyncTestRepo checkCallbacks
DETALHADO: received: [true, true, true, true, true, true, true, true, true, true, true, true, true, true, true, true, true, false, false, false, false, false, false, false, false, false, false, false, false, false, false, false, false, false, false, false, false, false, false, false, false] finished: [true, true, true, true, true, true, true, true, true, true, true, true, true, true, true, true, true, true, true, true, true, true, true, true, true, true, true, true, true, true, true, true, true, true, true, true, true, true, true, true, true]
Jan 15, 2015 6:21:51 PM org.ccnx.ccn.profiles.sync.SyncTestRepo checkCallbacks
DETALHADO: got segment 17
Jan 15, 2015 6:21:51 PM org.ccnx.ccn.profiles.sync.SyncTestRepo checkCallbacks
DETALHADO: received: [true, true, true, true, true, true, true, true, true, true, true, true, true, true, true, true, true, true, false, false, false, false, false, false, false, false, false, false, false, false, false, false, false, false, false, false, false, false, false, false, false] finished: [true, true, true, true, true, true, true, true, true, true, true, true, true, true, true, true, true, true, true, true, true, true, true, true, true, true, true, true, true, true, true, true, true, true, true, true, true, true, true, true, true]
Jan 15, 2015 6:21:51 PM org.ccnx.ccn.profiles.sync.SyncTestRepo checkCallbacks
DETALHADO: got segment 18
Jan 15, 2015 6:21:51 PM org.ccnx.ccn.profiles.sync.SyncTestRepo checkCallbacks
DETALHADO: received: [true, true, true, true, true, true, true, true, true, true, true, true, true, true, true, true, true, true, true, false, false, false, false, false, false, false, false, false, false, false, false, false, false, false, false, false, false, false, false, false, false] finished: [true, true, true, true, true, true, true, true, true, true, true, true, true, true, true, true, true, true, true, true, true, true, true, true, true, true, true, true, true, true, true, true, true, true, true, true, true, true, true, true, true]
Jan 15, 2015 6:21:51 PM org.ccnx.ccn.profiles.sync.SyncTestRepo checkCallbacks
DETALHADO: got segment 19
Jan 15, 2015 6:21:51 PM org.ccnx.ccn.profiles.sync.SyncTestRepo checkCallbacks
DETALHADO: received: [true, true, true, true, true, true, true, true, true, true, true, true, true, true, true, true, true, true, true, true, false, false, false, false, false, false, false, false, false, false, false, false, false, false, false, false, false, false, false, false, false] finished: [true, true, true, true, true, true, true, true, true, true, true, true, true, true, true, true, true, true, true, true, true, true, true, true, true, true, true, true, true, true, true, true, true, true, true, true, true, true, true, true, true]
Jan 15, 2015 6:21:51 PM org.ccnx.ccn.profiles.sync.SyncTestRepo checkCallbacks
DETALHADO: got segment 20
Jan 15, 2015 6:21:51 PM org.ccnx.ccn.profiles.sync.SyncTestRepo checkCallbacks
DETALHADO: received: [true, true, true, true, true, true, true, true, true, true, true, true, true, true, true, true, true, true, true, true, true, false, false, false, false, false, false, false, false, false, false, false, false, false, false, false, false, false, false, false, false] finished: [true, true, true, true, true, true, true, true, true, true, true, true, true, true, true, true, true, true, true, true, true, true, true, true, true, true, true, true, true, true, true, true, true, true, true, true, true, true, true, true, true]
Jan 15, 2015 6:21:51 PM org.ccnx.ccn.profiles.sync.SyncTestRepo checkCallbacks
DETALHADO: got segment 21
Jan 15, 2015 6:21:51 PM org.ccnx.ccn.profiles.sync.SyncTestRepo checkCallbacks
DETALHADO: received: [true, true, true, true, true, true, true, true, true, true, true, true, true, true, true, true, true, true, true, true, true, true, false, false, false, false, false, false, false, false, false, false, false, false, false, false, false, false, false, false, false] finished: [true, true, true, true, true, true, true, true, true, true, true, true, true, true, true, true, true, true, true, true, true, true, true, true, true, true, true, true, true, true, true, true, true, true, true, true, true, true, true, true, true]
Jan 15, 2015 6:21:51 PM org.ccnx.ccn.profiles.sync.SyncTestRepo checkCallbacks
DETALHADO: got segment 22
Jan 15, 2015 6:21:51 PM org.ccnx.ccn.profiles.sync.SyncTestRepo checkCallbacks
DETALHADO: received: [true, true, true, true, true, true, true, true, true, true, true, true, true, true, true, true, true, true, true, true, true, true, true, false, false, false, false, false, false, false, false, false, false, false, false, false, false, false, false, false, false] finished: [true, true, true, true, true, true, true, true, true, true, true, true, true, true, true, true, true, true, true, true, true, true, true, true, true, true, true, true, true, true, true, true, true, true, true, true, true, true, true, true, true]
Jan 15, 2015 6:21:51 PM org.ccnx.ccn.profiles.sync.SyncTestRepo checkCallbacks
DETALHADO: got segment 23
Jan 15, 2015 6:21:51 PM org.ccnx.ccn.profiles.sync.SyncTestRepo checkCallbacks
DETALHADO: received: [true, true, true, true, true, true, true, true, true, true, true, true, true, true, true, true, true, true, true, true, true, true, true, true, false, false, false, false, false, false, false, false, false, false, false, false, false, false, false, false, false] finished: [true, true, true, true, true, true, true, true, true, true, true, true, true, true, true, true, true, true, true, true, true, true, true, true, true, true, true, true, true, true, true, true, true, true, true, true, true, true, true, true, true]
Jan 15, 2015 6:21:51 PM org.ccnx.ccn.profiles.sync.SyncTestRepo checkCallbacks
DETALHADO: got segment 24
Jan 15, 2015 6:21:51 PM org.ccnx.ccn.profiles.sync.SyncTestRepo checkCallbacks
DETALHADO: received: [true, true, true, true, true, true, true, true, true, true, true, true, true, true, true, true, true, true, true, true, true, true, true, true, true, false, false, false, false, false, false, false, false, false, false, false, false, false, false, false, false] finished: [true, true, true, true, true, true, true, true, true, true, true, true, true, true, true, true, true, true, true, true, true, true, true, true, true, true, true, true, true, true, true, true, true, true, true, true, true, true, true, true, true]
Jan 15, 2015 6:21:51 PM org.ccnx.ccn.profiles.sync.SyncTestRepo checkCallbacks
DETALHADO: got segment 25
Jan 15, 2015 6:21:51 PM org.ccnx.ccn.profiles.sync.SyncTestRepo checkCallbacks
DETALHADO: received: [true, true, true, true, true, true, true, true, true, true, true, true, true, true, true, true, true, true, true, true, true, true, true, true, true, true, false, false, false, false, false, false, false, false, false, false, false, false, false, false, false] finished: [true, true, true, true, true, true, true, true, true, true, true, true, true, true, true, true, true, true, true, true, true, true, true, true, true, true, true, true, true, true, true, true, true, true, true, true, true, true, true, true, true]
Jan 15, 2015 6:21:51 PM org.ccnx.ccn.profiles.sync.SyncTestRepo checkCallbacks
DETALHADO: got segment 26
Jan 15, 2015 6:21:51 PM org.ccnx.ccn.profiles.sync.SyncTestRepo checkCallbacks
DETALHADO: received: [true, true, true, true, true, true, true, true, true, true, true, true, true, true, true, true, true, true, true, true, true, true, true, true, true, true, true, false, false, false, false, false, false, false, false, false, false, false, false, false, false] finished: [true, true, true, true, true, true, true, true, true, true, true, true, true, true, true, true, true, true, true, true, true, true, true, true, true, true, true, true, true, true, true, true, true, true, true, true, true, true, true, true, true]
Jan 15, 2015 6:21:51 PM org.ccnx.ccn.profiles.sync.SyncTestRepo checkCallbacks
DETALHADO: got segment 27
Jan 15, 2015 6:21:51 PM org.ccnx.ccn.profiles.sync.SyncTestRepo checkCallbacks
DETALHADO: received: [true, true, true, true, true, true, true, true, true, true, true, true, true, true, true, true, true, true, true, true, true, true, true, true, true, true, true, true, false, false, false, false, false, false, false, false, false, false, false, false, false] finished: [true, true, true, true, true, true, true, true, true, true, true, true, true, true, true, true, true, true, true, true, true, true, true, true, true, true, true, true, true, true, true, true, true, true, true, true, true, true, true, true, true]
Jan 15, 2015 6:21:51 PM org.ccnx.ccn.profiles.sync.SyncTestRepo checkCallbacks
DETALHADO: got segment 28
Jan 15, 2015 6:21:51 PM org.ccnx.ccn.profiles.sync.SyncTestRepo checkCallbacks
DETALHADO: received: [true, true, true, true, true, true, true, true, true, true, true, true, true, true, true, true, true, true, true, true, true, true, true, true, true, true, true, true, true, false, false, false, false, false, false, false, false, false, false, false, false] finished: [true, true, true, true, true, true, true, true, true, true, true, true, true, true, true, true, true, true, true, true, true, true, true, true, true, true, true, true, true, true, true, true, true, true, true, true, true, true, true, true, true]
Jan 15, 2015 6:21:51 PM org.ccnx.ccn.profiles.sync.SyncTestRepo checkCallbacks
DETALHADO: got segment 29
Jan 15, 2015 6:21:51 PM org.ccnx.ccn.profiles.sync.SyncTestRepo checkCallbacks
DETALHADO: received: [true, true, true, true, true, true, true, true, true, true, true, true, true, true, true, true, true, true, true, true, true, true, true, true, true, true, true, true, true, true, false, false, false, false, false, false, false, false, false, false, false] finished: [true, true, true, true, true, true, true, true, true, true, true, true, true, true, true, true, true, true, true, true, true, true, true, true, true, true, true, true, true, true, true, true, true, true, true, true, true, true, true, true, true]
Jan 15, 2015 6:21:51 PM org.ccnx.ccn.profiles.sync.SyncTestRepo checkCallbacks
DETALHADO: got segment 30
Jan 15, 2015 6:21:51 PM org.ccnx.ccn.profiles.sync.SyncTestRepo checkCallbacks
DETALHADO: received: [true, true, true, true, true, true, true, true, true, true, true, true, true, true, true, true, true, true, true, true, true, true, true, true, true, true, true, true, true, true, true, false, false, false, false, false, false, false, false, false, false] finished: [true, true, true, true, true, true, true, true, true, true, true, true, true, true, true, true, true, true, true, true, true, true, true, true, true, true, true, true, true, true, true, true, true, true, true, true, true, true, true, true, true]
Jan 15, 2015 6:21:51 PM org.ccnx.ccn.profiles.sync.SyncTestRepo checkCallbacks
DETALHADO: got segment 31
Jan 15, 2015 6:21:51 PM org.ccnx.ccn.profiles.sync.SyncTestRepo checkCallbacks
DETALHADO: received: [true, true, true, true, true, true, true, true, true, true, true, true, true, true, true, true, true, true, true, true, true, true, true, true, true, true, true, true, true, true, true, true, false, false, false, false, false, false, false, false, false] finished: [true, true, true, true, true, true, true, true, true, true, true, true, true, true, true, true, true, true, true, true, true, true, true, true, true, true, true, true, true, true, true, true, true, true, true, true, true, true, true, true, true]
Jan 15, 2015 6:21:51 PM org.ccnx.ccn.profiles.sync.SyncTestRepo checkCallbacks
DETALHADO: got segment 32
Jan 15, 2015 6:21:51 PM org.ccnx.ccn.profiles.sync.SyncTestRepo checkCallbacks
DETALHADO: received: [true, true, true, true, true, true, true, true, true, true, true, true, true, true, true, true, true, true, true, true, true, true, true, true, true, true, true, true, true, true, true, true, true, false, false, false, false, false, false, false, false] finished: [true, true, true, true, true, true, true, true, true, true, true, true, true, true, true, true, true, true, true, true, true, true, true, true, true, true, true, true, true, true, true, true, true, true, true, true, true, true, true, true, true]
Jan 15, 2015 6:21:51 PM org.ccnx.ccn.profiles.sync.SyncTestRepo checkCallbacks
DETALHADO: got segment 33
Jan 15, 2015 6:21:51 PM org.ccnx.ccn.profiles.sync.SyncTestRepo checkCallbacks
DETALHADO: received: [true, true, true, true, true, true, true, true, true, true, true, true, true, true, true, true, true, true, true, true, true, true, true, true, true, true, true, true, true, true, true, true, true, true, false, false, false, false, false, false, false] finished: [true, true, true, true, true, true, true, true, true, true, true, true, true, true, true, true, true, true, true, true, true, true, true, true, true, true, true, true, true, true, true, true, true, true, true, true, true, true, true, true, true]
Jan 15, 2015 6:21:51 PM org.ccnx.ccn.profiles.sync.SyncTestRepo checkCallbacks
DETALHADO: got segment 34
Jan 15, 2015 6:21:51 PM org.ccnx.ccn.profiles.sync.SyncTestRepo checkCallbacks
DETALHADO: received: [true, true, true, true, true, true, true, true, true, true, true, true, true, true, true, true, true, true, true, true, true, true, true, true, true, true, true, true, true, true, true, true, true, true, true, false, false, false, false, false, false] finished: [true, true, true, true, true, true, true, true, true, true, true, true, true, true, true, true, true, true, true, true, true, true, true, true, true, true, true, true, true, true, true, true, true, true, true, true, true, true, true, true, true]
Jan 15, 2015 6:21:51 PM org.ccnx.ccn.profiles.sync.SyncTestRepo checkCallbacks
DETALHADO: got segment 35
Jan 15, 2015 6:21:51 PM org.ccnx.ccn.profiles.sync.SyncTestRepo checkCallbacks
DETALHADO: received: [true, true, true, true, true, true, true, true, true, true, true, true, true, true, true, true, true, true, true, true, true, true, true, true, true, true, true, true, true, true, true, true, true, true, true, true, false, false, false, false, false] finished: [true, true, true, true, true, true, true, true, true, true, true, true, true, true, true, true, true, true, true, true, true, true, true, true, true, true, true, true, true, true, true, true, true, true, true, true, true, true, true, true, true]
Jan 15, 2015 6:21:51 PM org.ccnx.ccn.profiles.sync.SyncTestRepo checkCallbacks
DETALHADO: got segment 36
Jan 15, 2015 6:21:51 PM org.ccnx.ccn.profiles.sync.SyncTestRepo checkCallbacks
DETALHADO: received: [true, true, true, true, true, true, true, true, true, true, true, true, true, true, true, true, true, true, true, true, true, true, true, true, true, true, true, true, true, true, true, true, true, true, true, true, true, false, false, false, false] finished: [true, true, true, true, true, true, true, true, true, true, true, true, true, true, true, true, true, true, true, true, true, true, true, true, true, true, true, true, true, true, true, true, true, true, true, true, true, true, true, true, true]
Jan 15, 2015 6:21:51 PM org.ccnx.ccn.profiles.sync.SyncTestRepo checkCallbacks
DETALHADO: got segment 37
Jan 15, 2015 6:21:51 PM org.ccnx.ccn.profiles.sync.SyncTestRepo checkCallbacks
DETALHADO: received: [true, true, true, true, true, true, true, true, true, true, true, true, true, true, true, true, true, true, true, true, true, true, true, true, true, true, true, true, true, true, true, true, true, true, true, true, true, true, false, false, false] finished: [true, true, true, true, true, true, true, true, true, true, true, true, true, true, true, true, true, true, true, true, true, true, true, true, true, true, true, true, true, true, true, true, true, true, true, true, true, true, true, true, true]
Jan 15, 2015 6:21:51 PM org.ccnx.ccn.profiles.sync.SyncTestRepo checkCallbacks
DETALHADO: got segment 38
Jan 15, 2015 6:21:51 PM org.ccnx.ccn.profiles.sync.SyncTestRepo checkCallbacks
DETALHADO: received: [true, true, true, true, true, true, true, true, true, true, true, true, true, true, true, true, true, true, true, true, true, true, true, true, true, true, true, true, true, true, true, true, true, true, true, true, true, true, true, false, false] finished: [true, true, true, true, true, true, true, true, true, true, true, true, true, true, true, true, true, true, true, true, true, true, true, true, true, true, true, true, true, true, true, true, true, true, true, true, true, true, true, true, true]
Jan 15, 2015 6:21:51 PM org.ccnx.ccn.profiles.sync.SyncTestRepo checkCallbacks
DETALHADO: got segment 39
Jan 15, 2015 6:21:51 PM org.ccnx.ccn.profiles.sync.SyncTestRepo checkCallbacks
DETALHADO: received: [true, true, true, true, true, true, true, true, true, true, true, true, true, true, true, true, true, true, true, true, true, true, true, true, true, true, true, true, true, true, true, true, true, true, true, true, true, true, true, true, false] finished: [true, true, true, true, true, true, true, true, true, true, true, true, true, true, true, true, true, true, true, true, true, true, true, true, true, true, true, true, true, true, true, true, true, true, true, true, true, true, true, true, true]
Jan 15, 2015 6:21:51 PM org.ccnx.ccn.profiles.sync.SyncTestRepo checkCallbacks
DETALHADO: got the header
Jan 15, 2015 6:21:51 PM org.ccnx.ccn.profiles.sync.SyncTestRepo checkCallbacks
DETALHADO: received: [true, true, true, true, true, true, true, true, true, true, true, true, true, true, true, true, true, true, true, true, true, true, true, true, true, true, true, true, true, true, true, true, true, true, true, true, true, true, true, true, true] finished: [true, true, true, true, true, true, true, true, true, true, true, true, true, true, true, true, true, true, true, true, true, true, true, true, true, true, true, true, true, true, true, true, true, true, true, true, true, true, true, true, true]
Jan 15, 2015 6:21:51 PM org.ccnx.ccn.profiles.sync.SyncTestRepo checkCallbacks
DETALHADO: got all the segments!
Jan 15, 2015 6:21:51 PM org.ccnx.ccn.profiles.sync.SyncTestRepo checkCallbacks
DETALHADO: trying to loop again looking for segments
Jan 15, 2015 6:21:51 PM org.ccnx.ccn.profiles.sync.SyncTestRepo checkCallbacks
DETALHADO: done looping, returning.
Jan 15, 2015 6:21:51 PM org.ccnx.ccn.profiles.sync.SyncTestRepo checkCallbacks
DETALHADO: checking for callbacks:  /ccnx.org/test/SyncTestRepo-15-01-15-18.20.23/ccnSyncTest/slice9 segments: 41
Jan 15, 2015 6:21:51 PM org.ccnx.ccn.profiles.sync.SyncTestRepo checkCallbacks
DETALHADO: got segment 0
Jan 15, 2015 6:21:51 PM org.ccnx.ccn.profiles.sync.SyncTestRepo checkCallbacks
DETALHADO: received: [true, false, false, false, false, false, false, false, false, false, false, false, false, false, false, false, false, false, false, false, false, false, false, false, false, false, false, false, false, false, false, false, false, false, false, false, false, false, false, false, false] finished: [true, true, true, true, true, true, true, true, true, true, true, true, true, true, true, true, true, true, true, true, true, true, true, true, true, true, true, true, true, true, true, true, true, true, true, true, true, true, true, true, true]
Jan 15, 2015 6:21:51 PM org.ccnx.ccn.profiles.sync.SyncTestRepo checkCallbacks
DETALHADO: got segment 1
Jan 15, 2015 6:21:51 PM org.ccnx.ccn.profiles.sync.SyncTestRepo checkCallbacks
DETALHADO: received: [true, true, false, false, false, false, false, false, false, false, false, false, false, false, false, false, false, false, false, false, false, false, false, false, false, false, false, false, false, false, false, false, false, false, false, false, false, false, false, false, false] finished: [true, true, true, true, true, true, true, true, true, true, true, true, true, true, true, true, true, true, true, true, true, true, true, true, true, true, true, true, true, true, true, true, true, true, true, true, true, true, true, true, true]
Jan 15, 2015 6:21:51 PM org.ccnx.ccn.profiles.sync.SyncTestRepo checkCallbacks
DETALHADO: got segment 2
Jan 15, 2015 6:21:51 PM org.ccnx.ccn.profiles.sync.SyncTestRepo checkCallbacks
DETALHADO: received: [true, true, true, false, false, false, false, false, false, false, false, false, false, false, false, false, false, false, false, false, false, false, false, false, false, false, false, false, false, false, false, false, false, false, false, false, false, false, false, false, false] finished: [true, true, true, true, true, true, true, true, true, true, true, true, true, true, true, true, true, true, true, true, true, true, true, true, true, true, true, true, true, true, true, true, true, true, true, true, true, true, true, true, true]
Jan 15, 2015 6:21:51 PM org.ccnx.ccn.profiles.sync.SyncTestRepo checkCallbacks
DETALHADO: got segment 3
Jan 15, 2015 6:21:51 PM org.ccnx.ccn.profiles.sync.SyncTestRepo checkCallbacks
DETALHADO: received: [true, true, true, true, false, false, false, false, false, false, false, false, false, false, false, false, false, false, false, false, false, false, false, false, false, false, false, false, false, false, false, false, false, false, false, false, false, false, false, false, false] finished: [true, true, true, true, true, true, true, true, true, true, true, true, true, true, true, true, true, true, true, true, true, true, true, true, true, true, true, true, true, true, true, true, true, true, true, true, true, true, true, true, true]
Jan 15, 2015 6:21:51 PM org.ccnx.ccn.profiles.sync.SyncTestRepo checkCallbacks
DETALHADO: got segment 4
Jan 15, 2015 6:21:51 PM org.ccnx.ccn.profiles.sync.SyncTestRepo checkCallbacks
DETALHADO: received: [true, true, true, true, true, false, false, false, false, false, false, false, false, false, false, false, false, false, false, false, false, false, false, false, false, false, false, false, false, false, false, false, false, false, false, false, false, false, false, false, false] finished: [true, true, true, true, true, true, true, true, true, true, true, true, true, true, true, true, true, true, true, true, true, true, true, true, true, true, true, true, true, true, true, true, true, true, true, true, true, true, true, true, true]
Jan 15, 2015 6:21:51 PM org.ccnx.ccn.profiles.sync.SyncTestRepo checkCallbacks
DETALHADO: got segment 5
Jan 15, 2015 6:21:51 PM org.ccnx.ccn.profiles.sync.SyncTestRepo checkCallbacks
DETALHADO: received: [true, true, true, true, true, true, false, false, false, false, false, false, false, false, false, false, false, false, false, false, false, false, false, false, false, false, false, false, false, false, false, false, false, false, false, false, false, false, false, false, false] finished: [true, true, true, true, true, true, true, true, true, true, true, true, true, true, true, true, true, true, true, true, true, true, true, true, true, true, true, true, true, true, true, true, true, true, true, true, true, true, true, true, true]
Jan 15, 2015 6:21:51 PM org.ccnx.ccn.profiles.sync.SyncTestRepo checkCallbacks
DETALHADO: got segment 6
Jan 15, 2015 6:21:51 PM org.ccnx.ccn.profiles.sync.SyncTestRepo checkCallbacks
DETALHADO: received: [true, true, true, true, true, true, true, false, false, false, false, false, false, false, false, false, false, false, false, false, false, false, false, false, false, false, false, false, false, false, false, false, false, false, false, false, false, false, false, false, false] finished: [true, true, true, true, true, true, true, true, true, true, true, true, true, true, true, true, true, true, true, true, true, true, true, true, true, true, true, true, true, true, true, true, true, true, true, true, true, true, true, true, true]
Jan 15, 2015 6:21:51 PM org.ccnx.ccn.profiles.sync.SyncTestRepo checkCallbacks
DETALHADO: got segment 7
Jan 15, 2015 6:21:51 PM org.ccnx.ccn.profiles.sync.SyncTestRepo checkCallbacks
DETALHADO: received: [true, true, true, true, true, true, true, true, false, false, false, false, false, false, false, false, false, false, false, false, false, false, false, false, false, false, false, false, false, false, false, false, false, false, false, false, false, false, false, false, false] finished: [true, true, true, true, true, true, true, true, true, true, true, true, true, true, true, true, true, true, true, true, true, true, true, true, true, true, true, true, true, true, true, true, true, true, true, true, true, true, true, true, true]
Jan 15, 2015 6:21:51 PM org.ccnx.ccn.profiles.sync.SyncTestRepo checkCallbacks
DETALHADO: got segment 8
Jan 15, 2015 6:21:51 PM org.ccnx.ccn.profiles.sync.SyncTestRepo checkCallbacks
DETALHADO: received: [true, true, true, true, true, true, true, true, true, false, false, false, false, false, false, false, false, false, false, false, false, false, false, false, false, false, false, false, false, false, false, false, false, false, false, false, false, false, false, false, false] finished: [true, true, true, true, true, true, true, true, true, true, true, true, true, true, true, true, true, true, true, true, true, true, true, true, true, true, true, true, true, true, true, true, true, true, true, true, true, true, true, true, true]
Jan 15, 2015 6:21:51 PM org.ccnx.ccn.profiles.sync.SyncTestRepo checkCallbacks
DETALHADO: got segment 9
Jan 15, 2015 6:21:51 PM org.ccnx.ccn.profiles.sync.SyncTestRepo checkCallbacks
DETALHADO: received: [true, true, true, true, true, true, true, true, true, true, false, false, false, false, false, false, false, false, false, false, false, false, false, false, false, false, false, false, false, false, false, false, false, false, false, false, false, false, false, false, false] finished: [true, true, true, true, true, true, true, true, true, true, true, true, true, true, true, true, true, true, true, true, true, true, true, true, true, true, true, true, true, true, true, true, true, true, true, true, true, true, true, true, true]
Jan 15, 2015 6:21:51 PM org.ccnx.ccn.profiles.sync.SyncTestRepo checkCallbacks
DETALHADO: got segment 10
Jan 15, 2015 6:21:51 PM org.ccnx.ccn.profiles.sync.SyncTestRepo checkCallbacks
DETALHADO: received: [true, true, true, true, true, true, true, true, true, true, true, false, false, false, false, false, false, false, false, false, false, false, false, false, false, false, false, false, false, false, false, false, false, false, false, false, false, false, false, false, false] finished: [true, true, true, true, true, true, true, true, true, true, true, true, true, true, true, true, true, true, true, true, true, true, true, true, true, true, true, true, true, true, true, true, true, true, true, true, true, true, true, true, true]
Jan 15, 2015 6:21:51 PM org.ccnx.ccn.profiles.sync.SyncTestRepo checkCallbacks
DETALHADO: got segment 11
Jan 15, 2015 6:21:51 PM org.ccnx.ccn.profiles.sync.SyncTestRepo checkCallbacks
DETALHADO: received: [true, true, true, true, true, true, true, true, true, true, true, true, false, false, false, false, false, false, false, false, false, false, false, false, false, false, false, false, false, false, false, false, false, false, false, false, false, false, false, false, false] finished: [true, true, true, true, true, true, true, true, true, true, true, true, true, true, true, true, true, true, true, true, true, true, true, true, true, true, true, true, true, true, true, true, true, true, true, true, true, true, true, true, true]
Jan 15, 2015 6:21:51 PM org.ccnx.ccn.profiles.sync.SyncTestRepo checkCallbacks
DETALHADO: got segment 12
Jan 15, 2015 6:21:51 PM org.ccnx.ccn.profiles.sync.SyncTestRepo checkCallbacks
DETALHADO: received: [true, true, true, true, true, true, true, true, true, true, true, true, true, false, false, false, false, false, false, false, false, false, false, false, false, false, false, false, false, false, false, false, false, false, false, false, false, false, false, false, false] finished: [true, true, true, true, true, true, true, true, true, true, true, true, true, true, true, true, true, true, true, true, true, true, true, true, true, true, true, true, true, true, true, true, true, true, true, true, true, true, true, true, true]
Jan 15, 2015 6:21:51 PM org.ccnx.ccn.profiles.sync.SyncTestRepo checkCallbacks
DETALHADO: got segment 13
Jan 15, 2015 6:21:51 PM org.ccnx.ccn.profiles.sync.SyncTestRepo checkCallbacks
DETALHADO: received: [true, true, true, true, true, true, true, true, true, true, true, true, true, true, false, false, false, false, false, false, false, false, false, false, false, false, false, false, false, false, false, false, false, false, false, false, false, false, false, false, false] finished: [true, true, true, true, true, true, true, true, true, true, true, true, true, true, true, true, true, true, true, true, true, true, true, true, true, true, true, true, true, true, true, true, true, true, true, true, true, true, true, true, true]
Jan 15, 2015 6:21:51 PM org.ccnx.ccn.profiles.sync.SyncTestRepo checkCallbacks
DETALHADO: got segment 14
Jan 15, 2015 6:21:51 PM org.ccnx.ccn.profiles.sync.SyncTestRepo checkCallbacks
DETALHADO: received: [true, true, true, true, true, true, true, true, true, true, true, true, true, true, true, false, false, false, false, false, false, false, false, false, false, false, false, false, false, false, false, false, false, false, false, false, false, false, false, false, false] finished: [true, true, true, true, true, true, true, true, true, true, true, true, true, true, true, true, true, true, true, true, true, true, true, true, true, true, true, true, true, true, true, true, true, true, true, true, true, true, true, true, true]
Jan 15, 2015 6:21:51 PM org.ccnx.ccn.profiles.sync.SyncTestRepo checkCallbacks
DETALHADO: got segment 15
Jan 15, 2015 6:21:51 PM org.ccnx.ccn.profiles.sync.SyncTestRepo checkCallbacks
DETALHADO: received: [true, true, true, true, true, true, true, true, true, true, true, true, true, true, true, true, false, false, false, false, false, false, false, false, false, false, false, false, false, false, false, false, false, false, false, false, false, false, false, false, false] finished: [true, true, true, true, true, true, true, true, true, true, true, true, true, true, true, true, true, true, true, true, true, true, true, true, true, true, true, true, true, true, true, true, true, true, true, true, true, true, true, true, true]
Jan 15, 2015 6:21:51 PM org.ccnx.ccn.profiles.sync.SyncTestRepo checkCallbacks
DETALHADO: got segment 16
Jan 15, 2015 6:21:51 PM org.ccnx.ccn.profiles.sync.SyncTestRepo checkCallbacks
DETALHADO: received: [true, true, true, true, true, true, true, true, true, true, true, true, true, true, true, true, true, false, false, false, false, false, false, false, false, false, false, false, false, false, false, false, false, false, false, false, false, false, false, false, false] finished: [true, true, true, true, true, true, true, true, true, true, true, true, true, true, true, true, true, true, true, true, true, true, true, true, true, true, true, true, true, true, true, true, true, true, true, true, true, true, true, true, true]
Jan 15, 2015 6:21:51 PM org.ccnx.ccn.profiles.sync.SyncTestRepo checkCallbacks
DETALHADO: got segment 17
Jan 15, 2015 6:21:51 PM org.ccnx.ccn.profiles.sync.SyncTestRepo checkCallbacks
DETALHADO: received: [true, true, true, true, true, true, true, true, true, true, true, true, true, true, true, true, true, true, false, false, false, false, false, false, false, false, false, false, false, false, false, false, false, false, false, false, false, false, false, false, false] finished: [true, true, true, true, true, true, true, true, true, true, true, true, true, true, true, true, true, true, true, true, true, true, true, true, true, true, true, true, true, true, true, true, true, true, true, true, true, true, true, true, true]
Jan 15, 2015 6:21:51 PM org.ccnx.ccn.profiles.sync.SyncTestRepo checkCallbacks
DETALHADO: got segment 18
Jan 15, 2015 6:21:51 PM org.ccnx.ccn.profiles.sync.SyncTestRepo checkCallbacks
DETALHADO: received: [true, true, true, true, true, true, true, true, true, true, true, true, true, true, true, true, true, true, true, false, false, false, false, false, false, false, false, false, false, false, false, false, false, false, false, false, false, false, false, false, false] finished: [true, true, true, true, true, true, true, true, true, true, true, true, true, true, true, true, true, true, true, true, true, true, true, true, true, true, true, true, true, true, true, true, true, true, true, true, true, true, true, true, true]
Jan 15, 2015 6:21:51 PM org.ccnx.ccn.profiles.sync.SyncTestRepo checkCallbacks
DETALHADO: got segment 19
Jan 15, 2015 6:21:51 PM org.ccnx.ccn.profiles.sync.SyncTestRepo checkCallbacks
DETALHADO: received: [true, true, true, true, true, true, true, true, true, true, true, true, true, true, true, true, true, true, true, true, false, false, false, false, false, false, false, false, false, false, false, false, false, false, false, false, false, false, false, false, false] finished: [true, true, true, true, true, true, true, true, true, true, true, true, true, true, true, true, true, true, true, true, true, true, true, true, true, true, true, true, true, true, true, true, true, true, true, true, true, true, true, true, true]
Jan 15, 2015 6:21:51 PM org.ccnx.ccn.profiles.sync.SyncTestRepo checkCallbacks
DETALHADO: got segment 20
Jan 15, 2015 6:21:51 PM org.ccnx.ccn.profiles.sync.SyncTestRepo checkCallbacks
DETALHADO: received: [true, true, true, true, true, true, true, true, true, true, true, true, true, true, true, true, true, true, true, true, true, false, false, false, false, false, false, false, false, false, false, false, false, false, false, false, false, false, false, false, false] finished: [true, true, true, true, true, true, true, true, true, true, true, true, true, true, true, true, true, true, true, true, true, true, true, true, true, true, true, true, true, true, true, true, true, true, true, true, true, true, true, true, true]
Jan 15, 2015 6:21:51 PM org.ccnx.ccn.profiles.sync.SyncTestRepo checkCallbacks
DETALHADO: got segment 21
Jan 15, 2015 6:21:51 PM org.ccnx.ccn.profiles.sync.SyncTestRepo checkCallbacks
DETALHADO: received: [true, true, true, true, true, true, true, true, true, true, true, true, true, true, true, true, true, true, true, true, true, true, false, false, false, false, false, false, false, false, false, false, false, false, false, false, false, false, false, false, false] finished: [true, true, true, true, true, true, true, true, true, true, true, true, true, true, true, true, true, true, true, true, true, true, true, true, true, true, true, true, true, true, true, true, true, true, true, true, true, true, true, true, true]
Jan 15, 2015 6:21:51 PM org.ccnx.ccn.profiles.sync.SyncTestRepo checkCallbacks
DETALHADO: got segment 22
Jan 15, 2015 6:21:51 PM org.ccnx.ccn.profiles.sync.SyncTestRepo checkCallbacks
DETALHADO: received: [true, true, true, true, true, true, true, true, true, true, true, true, true, true, true, true, true, true, true, true, true, true, true, false, false, false, false, false, false, false, false, false, false, false, false, false, false, false, false, false, false] finished: [true, true, true, true, true, true, true, true, true, true, true, true, true, true, true, true, true, true, true, true, true, true, true, true, true, true, true, true, true, true, true, true, true, true, true, true, true, true, true, true, true]
Jan 15, 2015 6:21:51 PM org.ccnx.ccn.profiles.sync.SyncTestRepo checkCallbacks
DETALHADO: got segment 23
Jan 15, 2015 6:21:51 PM org.ccnx.ccn.profiles.sync.SyncTestRepo checkCallbacks
DETALHADO: received: [true, true, true, true, true, true, true, true, true, true, true, true, true, true, true, true, true, true, true, true, true, true, true, true, false, false, false, false, false, false, false, false, false, false, false, false, false, false, false, false, false] finished: [true, true, true, true, true, true, true, true, true, true, true, true, true, true, true, true, true, true, true, true, true, true, true, true, true, true, true, true, true, true, true, true, true, true, true, true, true, true, true, true, true]
Jan 15, 2015 6:21:51 PM org.ccnx.ccn.profiles.sync.SyncTestRepo checkCallbacks
DETALHADO: got segment 24
Jan 15, 2015 6:21:51 PM org.ccnx.ccn.profiles.sync.SyncTestRepo checkCallbacks
DETALHADO: received: [true, true, true, true, true, true, true, true, true, true, true, true, true, true, true, true, true, true, true, true, true, true, true, true, true, false, false, false, false, false, false, false, false, false, false, false, false, false, false, false, false] finished: [true, true, true, true, true, true, true, true, true, true, true, true, true, true, true, true, true, true, true, true, true, true, true, true, true, true, true, true, true, true, true, true, true, true, true, true, true, true, true, true, true]
Jan 15, 2015 6:21:51 PM org.ccnx.ccn.profiles.sync.SyncTestRepo checkCallbacks
DETALHADO: got segment 25
Jan 15, 2015 6:21:51 PM org.ccnx.ccn.profiles.sync.SyncTestRepo checkCallbacks
DETALHADO: received: [true, true, true, true, true, true, true, true, true, true, true, true, true, true, true, true, true, true, true, true, true, true, true, true, true, true, false, false, false, false, false, false, false, false, false, false, false, false, false, false, false] finished: [true, true, true, true, true, true, true, true, true, true, true, true, true, true, true, true, true, true, true, true, true, true, true, true, true, true, true, true, true, true, true, true, true, true, true, true, true, true, true, true, true]
Jan 15, 2015 6:21:51 PM org.ccnx.ccn.profiles.sync.SyncTestRepo checkCallbacks
DETALHADO: got segment 26
Jan 15, 2015 6:21:51 PM org.ccnx.ccn.profiles.sync.SyncTestRepo checkCallbacks
DETALHADO: received: [true, true, true, true, true, true, true, true, true, true, true, true, true, true, true, true, true, true, true, true, true, true, true, true, true, true, true, false, false, false, false, false, false, false, false, false, false, false, false, false, false] finished: [true, true, true, true, true, true, true, true, true, true, true, true, true, true, true, true, true, true, true, true, true, true, true, true, true, true, true, true, true, true, true, true, true, true, true, true, true, true, true, true, true]
Jan 15, 2015 6:21:51 PM org.ccnx.ccn.profiles.sync.SyncTestRepo checkCallbacks
DETALHADO: got segment 27
Jan 15, 2015 6:21:51 PM org.ccnx.ccn.profiles.sync.SyncTestRepo checkCallbacks
DETALHADO: received: [true, true, true, true, true, true, true, true, true, true, true, true, true, true, true, true, true, true, true, true, true, true, true, true, true, true, true, true, false, false, false, false, false, false, false, false, false, false, false, false, false] finished: [true, true, true, true, true, true, true, true, true, true, true, true, true, true, true, true, true, true, true, true, true, true, true, true, true, true, true, true, true, true, true, true, true, true, true, true, true, true, true, true, true]
Jan 15, 2015 6:21:51 PM org.ccnx.ccn.profiles.sync.SyncTestRepo checkCallbacks
DETALHADO: got segment 28
Jan 15, 2015 6:21:51 PM org.ccnx.ccn.profiles.sync.SyncTestRepo checkCallbacks
DETALHADO: received: [true, true, true, true, true, true, true, true, true, true, true, true, true, true, true, true, true, true, true, true, true, true, true, true, true, true, true, true, true, false, false, false, false, false, false, false, false, false, false, false, false] finished: [true, true, true, true, true, true, true, true, true, true, true, true, true, true, true, true, true, true, true, true, true, true, true, true, true, true, true, true, true, true, true, true, true, true, true, true, true, true, true, true, true]
Jan 15, 2015 6:21:51 PM org.ccnx.ccn.profiles.sync.SyncTestRepo checkCallbacks
DETALHADO: got segment 29
Jan 15, 2015 6:21:51 PM org.ccnx.ccn.profiles.sync.SyncTestRepo checkCallbacks
DETALHADO: received: [true, true, true, true, true, true, true, true, true, true, true, true, true, true, true, true, true, true, true, true, true, true, true, true, true, true, true, true, true, true, false, false, false, false, false, false, false, false, false, false, false] finished: [true, true, true, true, true, true, true, true, true, true, true, true, true, true, true, true, true, true, true, true, true, true, true, true, true, true, true, true, true, true, true, true, true, true, true, true, true, true, true, true, true]
Jan 15, 2015 6:21:51 PM org.ccnx.ccn.profiles.sync.SyncTestRepo checkCallbacks
DETALHADO: got segment 30
Jan 15, 2015 6:21:51 PM org.ccnx.ccn.profiles.sync.SyncTestRepo checkCallbacks
DETALHADO: received: [true, true, true, true, true, true, true, true, true, true, true, true, true, true, true, true, true, true, true, true, true, true, true, true, true, true, true, true, true, true, true, false, false, false, false, false, false, false, false, false, false] finished: [true, true, true, true, true, true, true, true, true, true, true, true, true, true, true, true, true, true, true, true, true, true, true, true, true, true, true, true, true, true, true, true, true, true, true, true, true, true, true, true, true]
Jan 15, 2015 6:21:51 PM org.ccnx.ccn.profiles.sync.SyncTestRepo checkCallbacks
DETALHADO: got segment 31
Jan 15, 2015 6:21:51 PM org.ccnx.ccn.profiles.sync.SyncTestRepo checkCallbacks
DETALHADO: received: [true, true, true, true, true, true, true, true, true, true, true, true, true, true, true, true, true, true, true, true, true, true, true, true, true, true, true, true, true, true, true, true, false, false, false, false, false, false, false, false, false] finished: [true, true, true, true, true, true, true, true, true, true, true, true, true, true, true, true, true, true, true, true, true, true, true, true, true, true, true, true, true, true, true, true, true, true, true, true, true, true, true, true, true]
Jan 15, 2015 6:21:51 PM org.ccnx.ccn.profiles.sync.SyncTestRepo checkCallbacks
DETALHADO: got segment 32
Jan 15, 2015 6:21:51 PM org.ccnx.ccn.profiles.sync.SyncTestRepo checkCallbacks
DETALHADO: received: [true, true, true, true, true, true, true, true, true, true, true, true, true, true, true, true, true, true, true, true, true, true, true, true, true, true, true, true, true, true, true, true, true, false, false, false, false, false, false, false, false] finished: [true, true, true, true, true, true, true, true, true, true, true, true, true, true, true, true, true, true, true, true, true, true, true, true, true, true, true, true, true, true, true, true, true, true, true, true, true, true, true, true, true]
Jan 15, 2015 6:21:51 PM org.ccnx.ccn.profiles.sync.SyncTestRepo checkCallbacks
DETALHADO: got segment 33
Jan 15, 2015 6:21:51 PM org.ccnx.ccn.profiles.sync.SyncTestRepo checkCallbacks
DETALHADO: received: [true, true, true, true, true, true, true, true, true, true, true, true, true, true, true, true, true, true, true, true, true, true, true, true, true, true, true, true, true, true, true, true, true, true, false, false, false, false, false, false, false] finished: [true, true, true, true, true, true, true, true, true, true, true, true, true, true, true, true, true, true, true, true, true, true, true, true, true, true, true, true, true, true, true, true, true, true, true, true, true, true, true, true, true]
Jan 15, 2015 6:21:51 PM org.ccnx.ccn.profiles.sync.SyncTestRepo checkCallbacks
DETALHADO: got segment 34
Jan 15, 2015 6:21:51 PM org.ccnx.ccn.profiles.sync.SyncTestRepo checkCallbacks
DETALHADO: received: [true, true, true, true, true, true, true, true, true, true, true, true, true, true, true, true, true, true, true, true, true, true, true, true, true, true, true, true, true, true, true, true, true, true, true, false, false, false, false, false, false] finished: [true, true, true, true, true, true, true, true, true, true, true, true, true, true, true, true, true, true, true, true, true, true, true, true, true, true, true, true, true, true, true, true, true, true, true, true, true, true, true, true, true]
Jan 15, 2015 6:21:51 PM org.ccnx.ccn.profiles.sync.SyncTestRepo checkCallbacks
DETALHADO: got segment 35
Jan 15, 2015 6:21:51 PM org.ccnx.ccn.profiles.sync.SyncTestRepo checkCallbacks
DETALHADO: received: [true, true, true, true, true, true, true, true, true, true, true, true, true, true, true, true, true, true, true, true, true, true, true, true, true, true, true, true, true, true, true, true, true, true, true, true, false, false, false, false, false] finished: [true, true, true, true, true, true, true, true, true, true, true, true, true, true, true, true, true, true, true, true, true, true, true, true, true, true, true, true, true, true, true, true, true, true, true, true, true, true, true, true, true]
Jan 15, 2015 6:21:51 PM org.ccnx.ccn.profiles.sync.SyncTestRepo checkCallbacks
DETALHADO: got segment 36
Jan 15, 2015 6:21:51 PM org.ccnx.ccn.profiles.sync.SyncTestRepo checkCallbacks
DETALHADO: received: [true, true, true, true, true, true, true, true, true, true, true, true, true, true, true, true, true, true, true, true, true, true, true, true, true, true, true, true, true, true, true, true, true, true, true, true, true, false, false, false, false] finished: [true, true, true, true, true, true, true, true, true, true, true, true, true, true, true, true, true, true, true, true, true, true, true, true, true, true, true, true, true, true, true, true, true, true, true, true, true, true, true, true, true]
Jan 15, 2015 6:21:51 PM org.ccnx.ccn.profiles.sync.SyncTestRepo checkCallbacks
DETALHADO: got segment 37
Jan 15, 2015 6:21:51 PM org.ccnx.ccn.profiles.sync.SyncTestRepo checkCallbacks
DETALHADO: received: [true, true, true, true, true, true, true, true, true, true, true, true, true, true, true, true, true, true, true, true, true, true, true, true, true, true, true, true, true, true, true, true, true, true, true, true, true, true, false, false, false] finished: [true, true, true, true, true, true, true, true, true, true, true, true, true, true, true, true, true, true, true, true, true, true, true, true, true, true, true, true, true, true, true, true, true, true, true, true, true, true, true, true, true]
Jan 15, 2015 6:21:51 PM org.ccnx.ccn.profiles.sync.SyncTestRepo checkCallbacks
DETALHADO: got segment 38
Jan 15, 2015 6:21:51 PM org.ccnx.ccn.profiles.sync.SyncTestRepo checkCallbacks
DETALHADO: received: [true, true, true, true, true, true, true, true, true, true, true, true, true, true, true, true, true, true, true, true, true, true, true, true, true, true, true, true, true, true, true, true, true, true, true, true, true, true, true, false, false] finished: [true, true, true, true, true, true, true, true, true, true, true, true, true, true, true, true, true, true, true, true, true, true, true, true, true, true, true, true, true, true, true, true, true, true, true, true, true, true, true, true, true]
Jan 15, 2015 6:21:51 PM org.ccnx.ccn.profiles.sync.SyncTestRepo checkCallbacks
DETALHADO: got segment 39
Jan 15, 2015 6:21:51 PM org.ccnx.ccn.profiles.sync.SyncTestRepo checkCallbacks
DETALHADO: received: [true, true, true, true, true, true, true, true, true, true, true, true, true, true, true, true, true, true, true, true, true, true, true, true, true, true, true, true, true, true, true, true, true, true, true, true, true, true, true, true, false] finished: [true, true, true, true, true, true, true, true, true, true, true, true, true, true, true, true, true, true, true, true, true, true, true, true, true, true, true, true, true, true, true, true, true, true, true, true, true, true, true, true, true]
Jan 15, 2015 6:21:51 PM org.ccnx.ccn.profiles.sync.SyncTestRepo checkCallbacks
DETALHADO: got the header
Jan 15, 2015 6:21:51 PM org.ccnx.ccn.profiles.sync.SyncTestRepo checkCallbacks
DETALHADO: received: [true, true, true, true, true, true, true, true, true, true, true, true, true, true, true, true, true, true, true, true, true, true, true, true, true, true, true, true, true, true, true, true, true, true, true, true, true, true, true, true, true] finished: [true, true, true, true, true, true, true, true, true, true, true, true, true, true, true, true, true, true, true, true, true, true, true, true, true, true, true, true, true, true, true, true, true, true, true, true, true, true, true, true, true]
Jan 15, 2015 6:21:51 PM org.ccnx.ccn.profiles.sync.SyncTestRepo checkCallbacks
DETALHADO: got all the segments!
Jan 15, 2015 6:21:51 PM org.ccnx.ccn.profiles.sync.SyncTestRepo checkCallbacks
DETALHADO: trying to loop again looking for segments
Jan 15, 2015 6:21:51 PM org.ccnx.ccn.profiles.sync.SyncTestRepo checkCallbacks
DETALHADO: done looping, returning.
Jan 15, 2015 6:21:51 PM org.ccnx.ccn.profiles.sync.SyncTestRepo checkCallbacks
DETALHADO: checking for callbacks:  /ccnx.org/test/SyncTestRepo-15-01-15-18.20.23/ccnSyncTest/slice9 segments: 41
Jan 15, 2015 6:21:52 PM org.ccnx.ccn.profiles.sync.SyncTestRepo checkCallbacks
DETALHADO: got segment 0
Jan 15, 2015 6:21:52 PM org.ccnx.ccn.profiles.sync.SyncTestRepo checkCallbacks
DETALHADO: received: [true, false, false, false, false, false, false, false, false, false, false, false, false, false, false, false, false, false, false, false, false, false, false, false, false, false, false, false, false, false, false, false, false, false, false, false, false, false, false, false, false] finished: [true, true, true, true, true, true, true, true, true, true, true, true, true, true, true, true, true, true, true, true, true, true, true, true, true, true, true, true, true, true, true, true, true, true, true, true, true, true, true, true, true]
Jan 15, 2015 6:21:52 PM org.ccnx.ccn.profiles.sync.SyncTestRepo checkCallbacks
DETALHADO: got segment 1
Jan 15, 2015 6:21:52 PM org.ccnx.ccn.profiles.sync.SyncTestRepo checkCallbacks
DETALHADO: received: [true, true, false, false, false, false, false, false, false, false, false, false, false, false, false, false, false, false, false, false, false, false, false, false, false, false, false, false, false, false, false, false, false, false, false, false, false, false, false, false, false] finished: [true, true, true, true, true, true, true, true, true, true, true, true, true, true, true, true, true, true, true, true, true, true, true, true, true, true, true, true, true, true, true, true, true, true, true, true, true, true, true, true, true]
Jan 15, 2015 6:21:52 PM org.ccnx.ccn.profiles.sync.SyncTestRepo checkCallbacks
DETALHADO: got segment 2
Jan 15, 2015 6:21:52 PM org.ccnx.ccn.profiles.sync.SyncTestRepo checkCallbacks
DETALHADO: received: [true, true, true, false, false, false, false, false, false, false, false, false, false, false, false, false, false, false, false, false, false, false, false, false, false, false, false, false, false, false, false, false, false, false, false, false, false, false, false, false, false] finished: [true, true, true, true, true, true, true, true, true, true, true, true, true, true, true, true, true, true, true, true, true, true, true, true, true, true, true, true, true, true, true, true, true, true, true, true, true, true, true, true, true]
Jan 15, 2015 6:21:52 PM org.ccnx.ccn.profiles.sync.SyncTestRepo checkCallbacks
DETALHADO: got segment 3
Jan 15, 2015 6:21:52 PM org.ccnx.ccn.profiles.sync.SyncTestRepo checkCallbacks
DETALHADO: received: [true, true, true, true, false, false, false, false, false, false, false, false, false, false, false, false, false, false, false, false, false, false, false, false, false, false, false, false, false, false, false, false, false, false, false, false, false, false, false, false, false] finished: [true, true, true, true, true, true, true, true, true, true, true, true, true, true, true, true, true, true, true, true, true, true, true, true, true, true, true, true, true, true, true, true, true, true, true, true, true, true, true, true, true]
Jan 15, 2015 6:21:52 PM org.ccnx.ccn.profiles.sync.SyncTestRepo checkCallbacks
DETALHADO: got segment 4
Jan 15, 2015 6:21:52 PM org.ccnx.ccn.profiles.sync.SyncTestRepo checkCallbacks
DETALHADO: received: [true, true, true, true, true, false, false, false, false, false, false, false, false, false, false, false, false, false, false, false, false, false, false, false, false, false, false, false, false, false, false, false, false, false, false, false, false, false, false, false, false] finished: [true, true, true, true, true, true, true, true, true, true, true, true, true, true, true, true, true, true, true, true, true, true, true, true, true, true, true, true, true, true, true, true, true, true, true, true, true, true, true, true, true]
Jan 15, 2015 6:21:52 PM org.ccnx.ccn.profiles.sync.SyncTestRepo checkCallbacks
DETALHADO: got segment 5
Jan 15, 2015 6:21:52 PM org.ccnx.ccn.profiles.sync.SyncTestRepo checkCallbacks
DETALHADO: received: [true, true, true, true, true, true, false, false, false, false, false, false, false, false, false, false, false, false, false, false, false, false, false, false, false, false, false, false, false, false, false, false, false, false, false, false, false, false, false, false, false] finished: [true, true, true, true, true, true, true, true, true, true, true, true, true, true, true, true, true, true, true, true, true, true, true, true, true, true, true, true, true, true, true, true, true, true, true, true, true, true, true, true, true]
Jan 15, 2015 6:21:52 PM org.ccnx.ccn.profiles.sync.SyncTestRepo checkCallbacks
DETALHADO: got segment 6
Jan 15, 2015 6:21:52 PM org.ccnx.ccn.profiles.sync.SyncTestRepo checkCallbacks
DETALHADO: received: [true, true, true, true, true, true, true, false, false, false, false, false, false, false, false, false, false, false, false, false, false, false, false, false, false, false, false, false, false, false, false, false, false, false, false, false, false, false, false, false, false] finished: [true, true, true, true, true, true, true, true, true, true, true, true, true, true, true, true, true, true, true, true, true, true, true, true, true, true, true, true, true, true, true, true, true, true, true, true, true, true, true, true, true]
Jan 15, 2015 6:21:52 PM org.ccnx.ccn.profiles.sync.SyncTestRepo checkCallbacks
DETALHADO: got segment 7
Jan 15, 2015 6:21:52 PM org.ccnx.ccn.profiles.sync.SyncTestRepo checkCallbacks
DETALHADO: received: [true, true, true, true, true, true, true, true, false, false, false, false, false, false, false, false, false, false, false, false, false, false, false, false, false, false, false, false, false, false, false, false, false, false, false, false, false, false, false, false, false] finished: [true, true, true, true, true, true, true, true, true, true, true, true, true, true, true, true, true, true, true, true, true, true, true, true, true, true, true, true, true, true, true, true, true, true, true, true, true, true, true, true, true]
Jan 15, 2015 6:21:52 PM org.ccnx.ccn.profiles.sync.SyncTestRepo checkCallbacks
DETALHADO: got segment 8
Jan 15, 2015 6:21:52 PM org.ccnx.ccn.profiles.sync.SyncTestRepo checkCallbacks
DETALHADO: received: [true, true, true, true, true, true, true, true, true, false, false, false, false, false, false, false, false, false, false, false, false, false, false, false, false, false, false, false, false, false, false, false, false, false, false, false, false, false, false, false, false] finished: [true, true, true, true, true, true, true, true, true, true, true, true, true, true, true, true, true, true, true, true, true, true, true, true, true, true, true, true, true, true, true, true, true, true, true, true, true, true, true, true, true]
Jan 15, 2015 6:21:52 PM org.ccnx.ccn.profiles.sync.SyncTestRepo checkCallbacks
DETALHADO: got segment 9
Jan 15, 2015 6:21:52 PM org.ccnx.ccn.profiles.sync.SyncTestRepo checkCallbacks
DETALHADO: received: [true, true, true, true, true, true, true, true, true, true, false, false, false, false, false, false, false, false, false, false, false, false, false, false, false, false, false, false, false, false, false, false, false, false, false, false, false, false, false, false, false] finished: [true, true, true, true, true, true, true, true, true, true, true, true, true, true, true, true, true, true, true, true, true, true, true, true, true, true, true, true, true, true, true, true, true, true, true, true, true, true, true, true, true]
Jan 15, 2015 6:21:52 PM org.ccnx.ccn.profiles.sync.SyncTestRepo checkCallbacks
DETALHADO: got segment 10
Jan 15, 2015 6:21:52 PM org.ccnx.ccn.profiles.sync.SyncTestRepo checkCallbacks
DETALHADO: received: [true, true, true, true, true, true, true, true, true, true, true, false, false, false, false, false, false, false, false, false, false, false, false, false, false, false, false, false, false, false, false, false, false, false, false, false, false, false, false, false, false] finished: [true, true, true, true, true, true, true, true, true, true, true, true, true, true, true, true, true, true, true, true, true, true, true, true, true, true, true, true, true, true, true, true, true, true, true, true, true, true, true, true, true]
Jan 15, 2015 6:21:52 PM org.ccnx.ccn.profiles.sync.SyncTestRepo checkCallbacks
DETALHADO: got segment 11
Jan 15, 2015 6:21:52 PM org.ccnx.ccn.profiles.sync.SyncTestRepo checkCallbacks
DETALHADO: received: [true, true, true, true, true, true, true, true, true, true, true, true, false, false, false, false, false, false, false, false, false, false, false, false, false, false, false, false, false, false, false, false, false, false, false, false, false, false, false, false, false] finished: [true, true, true, true, true, true, true, true, true, true, true, true, true, true, true, true, true, true, true, true, true, true, true, true, true, true, true, true, true, true, true, true, true, true, true, true, true, true, true, true, true]
Jan 15, 2015 6:21:52 PM org.ccnx.ccn.profiles.sync.SyncTestRepo checkCallbacks
DETALHADO: got segment 12
Jan 15, 2015 6:21:52 PM org.ccnx.ccn.profiles.sync.SyncTestRepo checkCallbacks
DETALHADO: received: [true, true, true, true, true, true, true, true, true, true, true, true, true, false, false, false, false, false, false, false, false, false, false, false, false, false, false, false, false, false, false, false, false, false, false, false, false, false, false, false, false] finished: [true, true, true, true, true, true, true, true, true, true, true, true, true, true, true, true, true, true, true, true, true, true, true, true, true, true, true, true, true, true, true, true, true, true, true, true, true, true, true, true, true]
Jan 15, 2015 6:21:52 PM org.ccnx.ccn.profiles.sync.SyncTestRepo checkCallbacks
DETALHADO: got segment 13
Jan 15, 2015 6:21:52 PM org.ccnx.ccn.profiles.sync.SyncTestRepo checkCallbacks
DETALHADO: received: [true, true, true, true, true, true, true, true, true, true, true, true, true, true, false, false, false, false, false, false, false, false, false, false, false, false, false, false, false, false, false, false, false, false, false, false, false, false, false, false, false] finished: [true, true, true, true, true, true, true, true, true, true, true, true, true, true, true, true, true, true, true, true, true, true, true, true, true, true, true, true, true, true, true, true, true, true, true, true, true, true, true, true, true]
Jan 15, 2015 6:21:52 PM org.ccnx.ccn.profiles.sync.SyncTestRepo checkCallbacks
DETALHADO: got segment 14
Jan 15, 2015 6:21:52 PM org.ccnx.ccn.profiles.sync.SyncTestRepo checkCallbacks
DETALHADO: received: [true, true, true, true, true, true, true, true, true, true, true, true, true, true, true, false, false, false, false, false, false, false, false, false, false, false, false, false, false, false, false, false, false, false, false, false, false, false, false, false, false] finished: [true, true, true, true, true, true, true, true, true, true, true, true, true, true, true, true, true, true, true, true, true, true, true, true, true, true, true, true, true, true, true, true, true, true, true, true, true, true, true, true, true]
Jan 15, 2015 6:21:52 PM org.ccnx.ccn.profiles.sync.SyncTestRepo checkCallbacks
DETALHADO: got segment 15
Jan 15, 2015 6:21:52 PM org.ccnx.ccn.profiles.sync.SyncTestRepo checkCallbacks
DETALHADO: received: [true, true, true, true, true, true, true, true, true, true, true, true, true, true, true, true, false, false, false, false, false, false, false, false, false, false, false, false, false, false, false, false, false, false, false, false, false, false, false, false, false] finished: [true, true, true, true, true, true, true, true, true, true, true, true, true, true, true, true, true, true, true, true, true, true, true, true, true, true, true, true, true, true, true, true, true, true, true, true, true, true, true, true, true]
Jan 15, 2015 6:21:52 PM org.ccnx.ccn.profiles.sync.SyncTestRepo checkCallbacks
DETALHADO: got segment 16
Jan 15, 2015 6:21:52 PM org.ccnx.ccn.profiles.sync.SyncTestRepo checkCallbacks
DETALHADO: received: [true, true, true, true, true, true, true, true, true, true, true, true, true, true, true, true, true, false, false, false, false, false, false, false, false, false, false, false, false, false, false, false, false, false, false, false, false, false, false, false, false] finished: [true, true, true, true, true, true, true, true, true, true, true, true, true, true, true, true, true, true, true, true, true, true, true, true, true, true, true, true, true, true, true, true, true, true, true, true, true, true, true, true, true]
Jan 15, 2015 6:21:52 PM org.ccnx.ccn.profiles.sync.SyncTestRepo checkCallbacks
DETALHADO: got segment 17
Jan 15, 2015 6:21:52 PM org.ccnx.ccn.profiles.sync.SyncTestRepo checkCallbacks
DETALHADO: received: [true, true, true, true, true, true, true, true, true, true, true, true, true, true, true, true, true, true, false, false, false, false, false, false, false, false, false, false, false, false, false, false, false, false, false, false, false, false, false, false, false] finished: [true, true, true, true, true, true, true, true, true, true, true, true, true, true, true, true, true, true, true, true, true, true, true, true, true, true, true, true, true, true, true, true, true, true, true, true, true, true, true, true, true]
Jan 15, 2015 6:21:52 PM org.ccnx.ccn.profiles.sync.SyncTestRepo checkCallbacks
DETALHADO: got segment 18
Jan 15, 2015 6:21:52 PM org.ccnx.ccn.profiles.sync.SyncTestRepo checkCallbacks
DETALHADO: received: [true, true, true, true, true, true, true, true, true, true, true, true, true, true, true, true, true, true, true, false, false, false, false, false, false, false, false, false, false, false, false, false, false, false, false, false, false, false, false, false, false] finished: [true, true, true, true, true, true, true, true, true, true, true, true, true, true, true, true, true, true, true, true, true, true, true, true, true, true, true, true, true, true, true, true, true, true, true, true, true, true, true, true, true]
Jan 15, 2015 6:21:52 PM org.ccnx.ccn.profiles.sync.SyncTestRepo checkCallbacks
DETALHADO: got segment 19
Jan 15, 2015 6:21:52 PM org.ccnx.ccn.profiles.sync.SyncTestRepo checkCallbacks
DETALHADO: received: [true, true, true, true, true, true, true, true, true, true, true, true, true, true, true, true, true, true, true, true, false, false, false, false, false, false, false, false, false, false, false, false, false, false, false, false, false, false, false, false, false] finished: [true, true, true, true, true, true, true, true, true, true, true, true, true, true, true, true, true, true, true, true, true, true, true, true, true, true, true, true, true, true, true, true, true, true, true, true, true, true, true, true, true]
Jan 15, 2015 6:21:52 PM org.ccnx.ccn.profiles.sync.SyncTestRepo checkCallbacks
DETALHADO: got segment 20
Jan 15, 2015 6:21:52 PM org.ccnx.ccn.profiles.sync.SyncTestRepo checkCallbacks
DETALHADO: received: [true, true, true, true, true, true, true, true, true, true, true, true, true, true, true, true, true, true, true, true, true, false, false, false, false, false, false, false, false, false, false, false, false, false, false, false, false, false, false, false, false] finished: [true, true, true, true, true, true, true, true, true, true, true, true, true, true, true, true, true, true, true, true, true, true, true, true, true, true, true, true, true, true, true, true, true, true, true, true, true, true, true, true, true]
Jan 15, 2015 6:21:52 PM org.ccnx.ccn.profiles.sync.SyncTestRepo checkCallbacks
DETALHADO: got segment 21
Jan 15, 2015 6:21:52 PM org.ccnx.ccn.profiles.sync.SyncTestRepo checkCallbacks
DETALHADO: received: [true, true, true, true, true, true, true, true, true, true, true, true, true, true, true, true, true, true, true, true, true, true, false, false, false, false, false, false, false, false, false, false, false, false, false, false, false, false, false, false, false] finished: [true, true, true, true, true, true, true, true, true, true, true, true, true, true, true, true, true, true, true, true, true, true, true, true, true, true, true, true, true, true, true, true, true, true, true, true, true, true, true, true, true]
Jan 15, 2015 6:21:52 PM org.ccnx.ccn.profiles.sync.SyncTestRepo checkCallbacks
DETALHADO: got segment 22
Jan 15, 2015 6:21:52 PM org.ccnx.ccn.profiles.sync.SyncTestRepo checkCallbacks
DETALHADO: received: [true, true, true, true, true, true, true, true, true, true, true, true, true, true, true, true, true, true, true, true, true, true, true, false, false, false, false, false, false, false, false, false, false, false, false, false, false, false, false, false, false] finished: [true, true, true, true, true, true, true, true, true, true, true, true, true, true, true, true, true, true, true, true, true, true, true, true, true, true, true, true, true, true, true, true, true, true, true, true, true, true, true, true, true]
Jan 15, 2015 6:21:52 PM org.ccnx.ccn.profiles.sync.SyncTestRepo checkCallbacks
DETALHADO: got segment 23
Jan 15, 2015 6:21:52 PM org.ccnx.ccn.profiles.sync.SyncTestRepo checkCallbacks
DETALHADO: received: [true, true, true, true, true, true, true, true, true, true, true, true, true, true, true, true, true, true, true, true, true, true, true, true, false, false, false, false, false, false, false, false, false, false, false, false, false, false, false, false, false] finished: [true, true, true, true, true, true, true, true, true, true, true, true, true, true, true, true, true, true, true, true, true, true, true, true, true, true, true, true, true, true, true, true, true, true, true, true, true, true, true, true, true]
Jan 15, 2015 6:21:52 PM org.ccnx.ccn.profiles.sync.SyncTestRepo checkCallbacks
DETALHADO: got segment 24
Jan 15, 2015 6:21:52 PM org.ccnx.ccn.profiles.sync.SyncTestRepo checkCallbacks
DETALHADO: received: [true, true, true, true, true, true, true, true, true, true, true, true, true, true, true, true, true, true, true, true, true, true, true, true, true, false, false, false, false, false, false, false, false, false, false, false, false, false, false, false, false] finished: [true, true, true, true, true, true, true, true, true, true, true, true, true, true, true, true, true, true, true, true, true, true, true, true, true, true, true, true, true, true, true, true, true, true, true, true, true, true, true, true, true]
Jan 15, 2015 6:21:52 PM org.ccnx.ccn.profiles.sync.SyncTestRepo checkCallbacks
DETALHADO: got segment 25
Jan 15, 2015 6:21:52 PM org.ccnx.ccn.profiles.sync.SyncTestRepo checkCallbacks
DETALHADO: received: [true, true, true, true, true, true, true, true, true, true, true, true, true, true, true, true, true, true, true, true, true, true, true, true, true, true, false, false, false, false, false, false, false, false, false, false, false, false, false, false, false] finished: [true, true, true, true, true, true, true, true, true, true, true, true, true, true, true, true, true, true, true, true, true, true, true, true, true, true, true, true, true, true, true, true, true, true, true, true, true, true, true, true, true]
Jan 15, 2015 6:21:52 PM org.ccnx.ccn.profiles.sync.SyncTestRepo checkCallbacks
DETALHADO: got segment 26
Jan 15, 2015 6:21:52 PM org.ccnx.ccn.profiles.sync.SyncTestRepo checkCallbacks
DETALHADO: received: [true, true, true, true, true, true, true, true, true, true, true, true, true, true, true, true, true, true, true, true, true, true, true, true, true, true, true, false, false, false, false, false, false, false, false, false, false, false, false, false, false] finished: [true, true, true, true, true, true, true, true, true, true, true, true, true, true, true, true, true, true, true, true, true, true, true, true, true, true, true, true, true, true, true, true, true, true, true, true, true, true, true, true, true]
Jan 15, 2015 6:21:52 PM org.ccnx.ccn.profiles.sync.SyncTestRepo checkCallbacks
DETALHADO: got segment 27
Jan 15, 2015 6:21:52 PM org.ccnx.ccn.profiles.sync.SyncTestRepo checkCallbacks
DETALHADO: received: [true, true, true, true, true, true, true, true, true, true, true, true, true, true, true, true, true, true, true, true, true, true, true, true, true, true, true, true, false, false, false, false, false, false, false, false, false, false, false, false, false] finished: [true, true, true, true, true, true, true, true, true, true, true, true, true, true, true, true, true, true, true, true, true, true, true, true, true, true, true, true, true, true, true, true, true, true, true, true, true, true, true, true, true]
Jan 15, 2015 6:21:52 PM org.ccnx.ccn.profiles.sync.SyncTestRepo checkCallbacks
DETALHADO: got segment 28
Jan 15, 2015 6:21:52 PM org.ccnx.ccn.profiles.sync.SyncTestRepo checkCallbacks
DETALHADO: received: [true, true, true, true, true, true, true, true, true, true, true, true, true, true, true, true, true, true, true, true, true, true, true, true, true, true, true, true, true, false, false, false, false, false, false, false, false, false, false, false, false] finished: [true, true, true, true, true, true, true, true, true, true, true, true, true, true, true, true, true, true, true, true, true, true, true, true, true, true, true, true, true, true, true, true, true, true, true, true, true, true, true, true, true]
Jan 15, 2015 6:21:52 PM org.ccnx.ccn.profiles.sync.SyncTestRepo checkCallbacks
DETALHADO: got segment 29
Jan 15, 2015 6:21:52 PM org.ccnx.ccn.profiles.sync.SyncTestRepo checkCallbacks
DETALHADO: received: [true, true, true, true, true, true, true, true, true, true, true, true, true, true, true, true, true, true, true, true, true, true, true, true, true, true, true, true, true, true, false, false, false, false, false, false, false, false, false, false, false] finished: [true, true, true, true, true, true, true, true, true, true, true, true, true, true, true, true, true, true, true, true, true, true, true, true, true, true, true, true, true, true, true, true, true, true, true, true, true, true, true, true, true]
Jan 15, 2015 6:21:52 PM org.ccnx.ccn.profiles.sync.SyncTestRepo checkCallbacks
DETALHADO: got segment 30
Jan 15, 2015 6:21:52 PM org.ccnx.ccn.profiles.sync.SyncTestRepo checkCallbacks
DETALHADO: received: [true, true, true, true, true, true, true, true, true, true, true, true, true, true, true, true, true, true, true, true, true, true, true, true, true, true, true, true, true, true, true, false, false, false, false, false, false, false, false, false, false] finished: [true, true, true, true, true, true, true, true, true, true, true, true, true, true, true, true, true, true, true, true, true, true, true, true, true, true, true, true, true, true, true, true, true, true, true, true, true, true, true, true, true]
Jan 15, 2015 6:21:52 PM org.ccnx.ccn.profiles.sync.SyncTestRepo checkCallbacks
DETALHADO: got segment 31
Jan 15, 2015 6:21:52 PM org.ccnx.ccn.profiles.sync.SyncTestRepo checkCallbacks
DETALHADO: received: [true, true, true, true, true, true, true, true, true, true, true, true, true, true, true, true, true, true, true, true, true, true, true, true, true, true, true, true, true, true, true, true, false, false, false, false, false, false, false, false, false] finished: [true, true, true, true, true, true, true, true, true, true, true, true, true, true, true, true, true, true, true, true, true, true, true, true, true, true, true, true, true, true, true, true, true, true, true, true, true, true, true, true, true]
Jan 15, 2015 6:21:52 PM org.ccnx.ccn.profiles.sync.SyncTestRepo checkCallbacks
DETALHADO: got segment 32
Jan 15, 2015 6:21:52 PM org.ccnx.ccn.profiles.sync.SyncTestRepo checkCallbacks
DETALHADO: received: [true, true, true, true, true, true, true, true, true, true, true, true, true, true, true, true, true, true, true, true, true, true, true, true, true, true, true, true, true, true, true, true, true, false, false, false, false, false, false, false, false] finished: [true, true, true, true, true, true, true, true, true, true, true, true, true, true, true, true, true, true, true, true, true, true, true, true, true, true, true, true, true, true, true, true, true, true, true, true, true, true, true, true, true]
Jan 15, 2015 6:21:52 PM org.ccnx.ccn.profiles.sync.SyncTestRepo checkCallbacks
DETALHADO: got segment 33
Jan 15, 2015 6:21:52 PM org.ccnx.ccn.profiles.sync.SyncTestRepo checkCallbacks
DETALHADO: received: [true, true, true, true, true, true, true, true, true, true, true, true, true, true, true, true, true, true, true, true, true, true, true, true, true, true, true, true, true, true, true, true, true, true, false, false, false, false, false, false, false] finished: [true, true, true, true, true, true, true, true, true, true, true, true, true, true, true, true, true, true, true, true, true, true, true, true, true, true, true, true, true, true, true, true, true, true, true, true, true, true, true, true, true]
Jan 15, 2015 6:21:52 PM org.ccnx.ccn.profiles.sync.SyncTestRepo checkCallbacks
DETALHADO: got segment 34
Jan 15, 2015 6:21:52 PM org.ccnx.ccn.profiles.sync.SyncTestRepo checkCallbacks
DETALHADO: received: [true, true, true, true, true, true, true, true, true, true, true, true, true, true, true, true, true, true, true, true, true, true, true, true, true, true, true, true, true, true, true, true, true, true, true, false, false, false, false, false, false] finished: [true, true, true, true, true, true, true, true, true, true, true, true, true, true, true, true, true, true, true, true, true, true, true, true, true, true, true, true, true, true, true, true, true, true, true, true, true, true, true, true, true]
Jan 15, 2015 6:21:52 PM org.ccnx.ccn.profiles.sync.SyncTestRepo checkCallbacks
DETALHADO: got segment 35
Jan 15, 2015 6:21:52 PM org.ccnx.ccn.profiles.sync.SyncTestRepo checkCallbacks
DETALHADO: received: [true, true, true, true, true, true, true, true, true, true, true, true, true, true, true, true, true, true, true, true, true, true, true, true, true, true, true, true, true, true, true, true, true, true, true, true, false, false, false, false, false] finished: [true, true, true, true, true, true, true, true, true, true, true, true, true, true, true, true, true, true, true, true, true, true, true, true, true, true, true, true, true, true, true, true, true, true, true, true, true, true, true, true, true]
Jan 15, 2015 6:21:52 PM org.ccnx.ccn.profiles.sync.SyncTestRepo checkCallbacks
DETALHADO: got segment 36
Jan 15, 2015 6:21:52 PM org.ccnx.ccn.profiles.sync.SyncTestRepo checkCallbacks
DETALHADO: received: [true, true, true, true, true, true, true, true, true, true, true, true, true, true, true, true, true, true, true, true, true, true, true, true, true, true, true, true, true, true, true, true, true, true, true, true, true, false, false, false, false] finished: [true, true, true, true, true, true, true, true, true, true, true, true, true, true, true, true, true, true, true, true, true, true, true, true, true, true, true, true, true, true, true, true, true, true, true, true, true, true, true, true, true]
Jan 15, 2015 6:21:52 PM org.ccnx.ccn.profiles.sync.SyncTestRepo checkCallbacks
DETALHADO: got segment 37
Jan 15, 2015 6:21:52 PM org.ccnx.ccn.profiles.sync.SyncTestRepo checkCallbacks
DETALHADO: received: [true, true, true, true, true, true, true, true, true, true, true, true, true, true, true, true, true, true, true, true, true, true, true, true, true, true, true, true, true, true, true, true, true, true, true, true, true, true, false, false, false] finished: [true, true, true, true, true, true, true, true, true, true, true, true, true, true, true, true, true, true, true, true, true, true, true, true, true, true, true, true, true, true, true, true, true, true, true, true, true, true, true, true, true]
Jan 15, 2015 6:21:52 PM org.ccnx.ccn.profiles.sync.SyncTestRepo checkCallbacks
DETALHADO: got segment 38
Jan 15, 2015 6:21:52 PM org.ccnx.ccn.profiles.sync.SyncTestRepo checkCallbacks
DETALHADO: received: [true, true, true, true, true, true, true, true, true, true, true, true, true, true, true, true, true, true, true, true, true, true, true, true, true, true, true, true, true, true, true, true, true, true, true, true, true, true, true, false, false] finished: [true, true, true, true, true, true, true, true, true, true, true, true, true, true, true, true, true, true, true, true, true, true, true, true, true, true, true, true, true, true, true, true, true, true, true, true, true, true, true, true, true]
Jan 15, 2015 6:21:52 PM org.ccnx.ccn.profiles.sync.SyncTestRepo checkCallbacks
DETALHADO: got segment 39
Jan 15, 2015 6:21:52 PM org.ccnx.ccn.profiles.sync.SyncTestRepo checkCallbacks
DETALHADO: received: [true, true, true, true, true, true, true, true, true, true, true, true, true, true, true, true, true, true, true, true, true, true, true, true, true, true, true, true, true, true, true, true, true, true, true, true, true, true, true, true, false] finished: [true, true, true, true, true, true, true, true, true, true, true, true, true, true, true, true, true, true, true, true, true, true, true, true, true, true, true, true, true, true, true, true, true, true, true, true, true, true, true, true, true]
Jan 15, 2015 6:21:52 PM org.ccnx.ccn.profiles.sync.SyncTestRepo checkCallbacks
DETALHADO: got the header
Jan 15, 2015 6:21:52 PM org.ccnx.ccn.profiles.sync.SyncTestRepo checkCallbacks
DETALHADO: received: [true, true, true, true, true, true, true, true, true, true, true, true, true, true, true, true, true, true, true, true, true, true, true, true, true, true, true, true, true, true, true, true, true, true, true, true, true, true, true, true, true] finished: [true, true, true, true, true, true, true, true, true, true, true, true, true, true, true, true, true, true, true, true, true, true, true, true, true, true, true, true, true, true, true, true, true, true, true, true, true, true, true, true, true]
Jan 15, 2015 6:21:52 PM org.ccnx.ccn.profiles.sync.SyncTestRepo checkCallbacks
DETALHADO: got all the segments!
Jan 15, 2015 6:21:52 PM org.ccnx.ccn.profiles.sync.SyncTestRepo checkCallbacks
DETALHADO: trying to loop again looking for segments
Jan 15, 2015 6:21:52 PM org.ccnx.ccn.profiles.sync.SyncTestRepo checkCallbacks
DETALHADO: done looping, returning.
Jan 15, 2015 6:21:52 PM org.ccnx.ccn.profiles.sync.SyncTestRepo testMultiSync
DETALHADO: I got all the callbacks for part 1 of testMultiSync!
Jan 15, 2015 6:21:52 PM org.ccnx.ccn.impl.sync.ProtocolBasedSyncMonitor removeCallback
INFORMAÇÕES: Removing callback on slice: /ccnx.org/test/SyncTestRepo-15-01-15-18.20.23/ccnSyncTest/slice9
Jan 15, 2015 6:21:52 PM org.ccnx.ccn.profiles.sync.SyncTestRepo testMultiSync
DETALHADO: test another file: /ccnx.org/test/SyncTestRepo-15-01-15-18.20.23/ccnSyncTest/slice9 after stopping a sync
Jan 15, 2015 6:21:52 PM org.ccnx.ccn.impl.CCNFlowControl <init>
INFORMAÇÕES: adding namespace: /ccnx.org/test/SyncTestRepo-15-01-15-18.20.23/ccnSyncTest/slice9/round2/randomFile
Jan 15, 2015 6:21:52 PM org.ccnx.ccn.impl.security.keys.BasicKeyManager getKeyLocator
INFORMAÇÕES: getKeyLocator: returning locator NAME: /ccnx.org/Users/root/Keys/%C1.M.K=009234ADEC47D19E3E6A2AF362D44E09AB6B71F43B1900BA0622FB45F2A5B7D9F6/=FD054AE7DE1000 KEY:-reba89rgbj1o6ata34t5eovcl4kho5s9pnv8nstq15q1ld4g9ga for key kjSt7EfRnj5qKvNi1E4Jq2tx9DsZALoGIvtF8qW32fY=
Jan 15, 2015 6:21:52 PM org.ccnx.ccn.io.CCNAbstractOutputStream <init>
INFORMAÇÕES: CCNAbstractOutputStream: /ccnx.org/test/SyncTestRepo-15-01-15-18.20.23/ccnSyncTest/slice9/round2/randomFile/=FD054B82F70368 blocksize is 4096
Jan 15, 2015 6:21:52 PM org.ccnx.ccn.io.CCNAbstractOutputStream startWrite
INFORMAÇÕES: CCNAbstractOutputStream: startWrite -- searching for keys.
Jan 15, 2015 6:21:52 PM org.ccnx.ccn.profiles.security.access.AccessControlManager keysForOutput
INFORMAÇÕES: keysForOutput: found an acm: (null)
Jan 15, 2015 6:21:52 PM org.ccnx.ccn.impl.repo.RepositoryFlowControl startWrite
INFORMAÇÕES: RepositoryFlowControl.startWrite called for name /ccnx.org/test/SyncTestRepo-15-01-15-18.20.23/ccnSyncTest/slice9/round2/randomFile/=FD054B82F70368, shape STREAM
Jan 15, 2015 6:21:52 PM org.ccnx.ccn.impl.repo.RepositoryFlowControl handleContent
INFORMAÇÕES: handleContent: got potential repo message: /ccnx.org/test/SyncTestRepo-15-01-15-18.20.23/ccnSyncTest/slice9/round2/randomFile/=FD054B82F70368/%C1.R.sw/%C1.N=002C060C1CAB0DA8C9
Jan 15, 2015 6:21:52 PM org.ccnx.ccn.profiles.sync.SyncTestCommon writeFile
DETALHADO: bytes: 163840 block size: 4096 div: 40.0 ceil: 40
Jan 15, 2015 6:21:52 PM org.ccnx.ccn.profiles.sync.SyncTestCommon writeFile
DETALHADO: will write out a 163840 byte file, will have 41 segments (1 is a header)
Jan 15, 2015 6:21:52 PM org.ccnx.ccn.io.CCNOutputStream flushToNetwork
INFORMAÇÕES: flush: outputting to the segmenter, baseName /ccnx.org/test/SyncTestRepo-15-01-15-18.20.23/ccnSyncTest/slice9/round2/randomFile/=FD054B82F70368 basenameindex =0027; 4096 bytes written, holding back 4096 flushing final blocks? false.
Jan 15, 2015 6:21:52 PM org.ccnx.ccn.impl.CCNSegmenter outputCurrentBlocks
INFORMAÇÕES: flush: putting merkle tree to the network, name starts with /ccnx.org/test/SyncTestRepo-15-01-15-18.20.23/ccnSyncTest/slice9/round2/randomFile/=FD054B82F70368/=00; 39 blocks
Jan 15, 2015 6:21:52 PM org.ccnx.ccn.impl.security.crypto.CCNMerkleTreeSigner signBlocks
INFORMAÇÕES: Signed tree of 39 leaves, 77 nodes.
Jan 15, 2015 6:21:52 PM org.ccnx.ccn.io.CCNOutputStream flushToNetwork
INFORMAÇÕES: HEADER: CCNOutputStream: flushToNetwork: new _baseNameIndex 39
Jan 15, 2015 6:21:52 PM org.ccnx.ccn.io.CCNOutputStream flushToNetwork
INFORMAÇÕES: flush: outputting to the segmenter, baseName /ccnx.org/test/SyncTestRepo-15-01-15-18.20.23/ccnSyncTest/slice9/round2/randomFile/=FD054B82F70368 basenameindex =0027; 4096 bytes written, holding back 4096 flushing final blocks? false.
Jan 15, 2015 6:21:52 PM org.ccnx.ccn.io.CCNOutputStream flushToNetwork
INFORMAÇÕES: HEADER: CCNOutputStream: flushToNetwork: new _baseNameIndex 39
Jan 15, 2015 6:21:52 PM org.ccnx.ccn.io.CCNOutputStream flushToNetwork
INFORMAÇÕES: flush: outputting to the segmenter, baseName /ccnx.org/test/SyncTestRepo-15-01-15-18.20.23/ccnSyncTest/slice9/round2/randomFile/=FD054B82F70368 basenameindex =0027; 4096 bytes written, holding back 0 flushing final blocks? true.
Jan 15, 2015 6:21:52 PM org.ccnx.ccn.io.CCNOutputStream flushToNetwork
INFORMAÇÕES: HEADER: CCNOutputStream: flushToNetwork: new _baseNameIndex 40
Jan 15, 2015 6:21:52 PM org.ccnx.ccn.io.CCNAbstractOutputStream <init>
INFORMAÇÕES: CCNAbstractOutputStream: /ccnx.org/test/SyncTestRepo-15-01-15-18.20.23/ccnSyncTest/slice9/round2/randomFile/=FD054B82F70368/%C1.META.M/.header/=FD054B82F703FC blocksize is 4096
Jan 15, 2015 6:21:52 PM org.ccnx.ccn.io.CCNAbstractOutputStream startWrite
INFORMAÇÕES: CCNAbstractOutputStream: startWrite -- searching for keys.
Jan 15, 2015 6:21:52 PM org.ccnx.ccn.profiles.security.access.AccessControlManager keysForOutput
INFORMAÇÕES: keysForOutput: found an acm: (null)
Jan 15, 2015 6:21:52 PM org.ccnx.ccn.impl.repo.RepositoryFlowControl startWrite
INFORMAÇÕES: RepositoryFlowControl.startWrite called for name /ccnx.org/test/SyncTestRepo-15-01-15-18.20.23/ccnSyncTest/slice9/round2/randomFile/=FD054B82F70368/%C1.META.M/.header/=FD054B82F703FC, shape STREAM
Jan 15, 2015 6:21:52 PM org.ccnx.ccn.impl.repo.RepositoryFlowControl handleContent
INFORMAÇÕES: handleContent: got potential repo message: /ccnx.org/test/SyncTestRepo-15-01-15-18.20.23/ccnSyncTest/slice9/round2/randomFile/=FD054B82F70368/%C1.META.M/.header/=FD054B82F703FC/%C1.R.sw/%C1.N%0039=DA9FEA389AF9
Jan 15, 2015 6:21:52 PM org.ccnx.ccn.io.CCNOutputStream flushToNetwork
INFORMAÇÕES: flush: outputting to the segmenter, baseName /ccnx.org/test/SyncTestRepo-15-01-15-18.20.23/ccnSyncTest/slice9/round2/randomFile/=FD054B82F70368/%C1.META.M/.header/=FD054B82F703FC basenameindex =00; 69 bytes written, holding back 69 flushing final blocks? false.
Jan 15, 2015 6:21:52 PM org.ccnx.ccn.io.CCNOutputStream flushToNetwork
INFORMAÇÕES: HEADER: CCNOutputStream: flushToNetwork: new _baseNameIndex 0
Jan 15, 2015 6:21:52 PM org.ccnx.ccn.io.CCNOutputStream flushToNetwork
INFORMAÇÕES: flush: outputting to the segmenter, baseName /ccnx.org/test/SyncTestRepo-15-01-15-18.20.23/ccnSyncTest/slice9/round2/randomFile/=FD054B82F70368/%C1.META.M/.header/=FD054B82F703FC basenameindex =00; 69 bytes written, holding back 69 flushing final blocks? false.
Jan 15, 2015 6:21:52 PM org.ccnx.ccn.io.CCNOutputStream flushToNetwork
INFORMAÇÕES: HEADER: CCNOutputStream: flushToNetwork: new _baseNameIndex 0
Jan 15, 2015 6:21:52 PM org.ccnx.ccn.io.CCNOutputStream flushToNetwork
INFORMAÇÕES: flush: outputting to the segmenter, baseName /ccnx.org/test/SyncTestRepo-15-01-15-18.20.23/ccnSyncTest/slice9/round2/randomFile/=FD054B82F70368/%C1.META.M/.header/=FD054B82F703FC basenameindex =00; 69 bytes written, holding back 0 flushing final blocks? true.
Jan 15, 2015 6:21:52 PM org.ccnx.ccn.io.CCNOutputStream flushToNetwork
INFORMAÇÕES: HEADER: CCNOutputStream: flushToNetwork: new _baseNameIndex 1
Jan 15, 2015 6:21:52 PM org.ccnx.ccn.io.CCNOutputStream close
INFORMAÇÕES: CCNOutputStream close: /ccnx.org/test/SyncTestRepo-15-01-15-18.20.23/ccnSyncTest/slice9/round2/randomFile/=FD054B82F70368/%C1.META.M/.header/=FD054B82F703FC
Jan 15, 2015 6:21:52 PM org.ccnx.ccn.io.CCNOutputStream close
INFORMAÇÕES: CCNOutputStream close: /ccnx.org/test/SyncTestRepo-15-01-15-18.20.23/ccnSyncTest/slice9/round2/randomFile/=FD054B82F70368
Jan 15, 2015 6:21:52 PM org.ccnx.ccn.profiles.sync.SyncTestCommon writeFile
INFORMAÇÕES: Wrote file to repository: /ccnx.org/test/SyncTestRepo-15-01-15-18.20.23/ccnSyncTest/slice9/round2/randomFile/=FD054B82F70368 with 41 segments
Jan 15, 2015 6:21:52 PM org.ccnx.ccn.profiles.sync.SyncTestRepo checkCallbacks
DETALHADO: checking for callbacks:  /ccnx.org/test/SyncTestRepo-15-01-15-18.20.23/ccnSyncTest/slice9/round2 segments: 41
Jan 15, 2015 6:21:52 PM org.ccnx.ccn.impl.sync.ProtocolBasedSyncMonitor handleContent
INFORMAÇÕES: Saw new content from sync: /ccnx.org/test/SyncTestRepo-15-01-15-18.20.23/topoPrefix/%C1.S.ra/-%0At=A9FCBB6E15FA2D6B6641873BC86B4DD903F19B0F107FFC9D229A5B870F/%15ma%2B7=7FD272F1BDE647E0F878992BBBB90475671DEC0503A3551F752A2F06/=28DED466A17AD8984F1C6B9A7470FB8F54402433FCBE38860A5FABEAA52D597D75
Jan 15, 2015 6:21:52 PM org.ccnx.ccn.impl.sync.ProtocolBasedSyncMonitor handleContent
INFORMAÇÕES: Saw new content from sync: /ccnx.org/test/SyncTestRepo-15-01-15-18.20.23/topoPrefix/%C1.S.ra/-%0At=A9FCBB6E15FA2D6B6641873BC86B4DD903F19B0F107FFC9D229A5B870F/%15ma%2B7=7FD272F1BDE647E0F878992BBBB90475671DEC0503A3551F752A2F06/=28DED466A17AD8984F1C6B9A7470FB8F54402433FCBE38860A5FABEAA52D597D75
Jan 15, 2015 6:21:52 PM org.ccnx.ccn.impl.sync.ProtocolBasedSyncMonitor handleContent
INFORMAÇÕES: Saw new content from sync: /ccnx.org/test/SyncTestRepo-15-01-15-18.20.23/topoPrefix/%C1.S.ra/-%0At=A9FCBB6E15FA2D6B6641873BC86B4DD903F19B0F107FFC9D229A5B870F/%15ma%2B7=7FD272F1BDE647E0F878992BBBB90475671DEC0503A3551F752A2F06/=28DED466A17AD8984F1C6B9A7470FB8F54402433FCBE38860A5FABEAA52D597D75
Jan 15, 2015 6:21:52 PM org.ccnx.ccn.impl.sync.SliceComparator run
DETALHADO: Starting comparator run - state is INIT, sc is org.ccnx.ccn.impl.sync.SliceComparator@30df3bd5, this is the lead
Jan 15, 2015 6:21:52 PM org.ccnx.ccn.impl.sync.SliceComparator run
DETALHADO: Starting comparator run - state is INIT, sc is org.ccnx.ccn.impl.sync.SliceComparator@50b937e, this is not the lead
Jan 15, 2015 6:21:52 PM org.ccnx.ccn.impl.sync.SliceComparator run
DETALHADO: Starting comparator run - state is INIT, sc is org.ccnx.ccn.impl.sync.SliceComparator@fd13604, this is not the lead
Jan 15, 2015 6:21:52 PM org.ccnx.ccn.impl.encoding.BinaryXMLDecoder setElement
INFORMAÇÕES: Reset decode array sizes to 150
Jan 15, 2015 6:21:52 PM org.ccnx.ccn.impl.encoding.BinaryXMLDecoder setElement
INFORMAÇÕES: Reset decode array sizes to 150
Jan 15, 2015 6:21:52 PM org.ccnx.ccn.impl.encoding.BinaryXMLDecoder setElement
INFORMAÇÕES: Reset decode array sizes to 150
Jan 15, 2015 6:21:52 PM org.ccnx.ccn.io.content.SyncNodeComposite decodeLogging
O MAIS DETALHADO: decode node for =28DED466A17AD8984F1C6B9A7470FB8F54402433FCBE38860A5FABEAA52D597D75 depth = 2 refs = 5
Jan 15, 2015 6:21:52 PM org.ccnx.ccn.impl.sync.SyncTreeEntry <init>
O MAIS DETALHADO: Found existing node: =28DED466A17AD8984F1C6B9A7470FB8F54402433FCBE38860A5FABEAA52D597D75
Jan 15, 2015 6:21:52 PM org.ccnx.ccn.io.content.SyncNodeComposite decodeLogging
O MAIS DETALHADO: min is 0, max is 0, expanded min is /ccnx.org/test/SyncTestRepo-15-01-15-18.20.23/ccnSyncTest/slice9/round2/randomFile/=FD054B82F70368/=00/=B97F65C641ECD73502119EB69D2576BAC16B3BF85AD4553028EB611D8E11F489, expanded max is /ccnx.org/test/SyncTestRepo-15-01-15-18.20.23/ccnSyncTest/slice9/randomFile/=FD054B82F6A1F4/%C1.META.M/.header/=FD054B82F6A277/=00/%E1d=DD9BAB5C9B8BB01ED5ACE2DBD7444D09943A4AAAF2EB897BB30A2244EAE0
Jan 15, 2015 6:21:52 PM org.ccnx.ccn.impl.sync.SyncTreeEntry <init>
O MAIS DETALHADO: Found existing node: =28DED466A17AD8984F1C6B9A7470FB8F54402433FCBE38860A5FABEAA52D597D75
Jan 15, 2015 6:21:52 PM org.ccnx.ccn.impl.encoding.BinaryXMLDecoder setElement
INFORMAÇÕES: Reset decode array sizes to 150
Jan 15, 2015 6:21:52 PM org.ccnx.ccn.impl.encoding.BinaryXMLDecoder setElement
INFORMAÇÕES: Reset decode array sizes to 150
Jan 15, 2015 6:21:52 PM org.ccnx.ccn.impl.encoding.BinaryXMLDecoder setElement
INFORMAÇÕES: Reset decode array sizes to 150
Jan 15, 2015 6:21:52 PM org.ccnx.ccn.impl.encoding.BinaryXMLDecoder setElement
INFORMAÇÕES: Reset decode array sizes to 150
Jan 15, 2015 6:21:52 PM org.ccnx.ccn.impl.encoding.BinaryXMLDecoder setElement
INFORMAÇÕES: Reset decode array sizes to 150
Jan 15, 2015 6:21:52 PM org.ccnx.ccn.impl.encoding.BinaryXMLDecoder setElement
INFORMAÇÕES: Reset decode array sizes to 150
Jan 15, 2015 6:21:52 PM org.ccnx.ccn.impl.sync.SliceComparator run
INFORMAÇÕES: Starting new round with X = %15ma%2B7=7FD272F1BDE647E0F878992BBBB90475671DEC0503A3551F752A2F06 and Y = =28DED466A17AD8984F1C6B9A7470FB8F54402433FCBE38860A5FABEAA52D597D75
Jan 15, 2015 6:21:52 PM org.ccnx.ccn.impl.sync.SliceComparator run
INFORMAÇÕES: Starting new round with X = %15ma%2B7=7FD272F1BDE647E0F878992BBBB90475671DEC0503A3551F752A2F06 and Y = =28DED466A17AD8984F1C6B9A7470FB8F54402433FCBE38860A5FABEAA52D597D75
Jan 15, 2015 6:21:52 PM org.ccnx.ccn.impl.sync.SliceComparator run
INFORMAÇÕES: Starting new round with X = %15ma%2B7=7FD272F1BDE647E0F878992BBBB90475671DEC0503A3551F752A2F06 and Y = =28DED466A17AD8984F1C6B9A7470FB8F54402433FCBE38860A5FABEAA52D597D75
Jan 15, 2015 6:21:52 PM org.ccnx.ccn.impl.sync.ProtocolBasedSyncMonitor requestNode
DETALHADO: Requesting node for hash: /ccnx.org/test/SyncTestRepo-15-01-15-18.20.23/topoPrefix/%C1.S.nf/-%0At=A9FCBB6E15FA2D6B6641873BC86B4DD903F19B0F107FFC9D229A5B870F/%0BW%C5_%9D7b=28FF5DD07BFD4DB3B13C0E24A42E514CF4F471E2DECF70CB16C0
Jan 15, 2015 6:21:52 PM org.ccnx.ccn.impl.sync.ProtocolBasedSyncMonitor requestNode
DETALHADO: Requesting node for hash: /ccnx.org/test/SyncTestRepo-15-01-15-18.20.23/topoPrefix/%C1.S.nf/-%0At=A9FCBB6E15FA2D6B6641873BC86B4DD903F19B0F107FFC9D229A5B870F/%04Y=D9C97817FB4676EE0E098ACF984C70DC7711DDA66E967D613BA89209DC1BF0
Jan 15, 2015 6:21:52 PM org.ccnx.ccn.impl.sync.ProtocolBasedSyncMonitor requestNode
DETALHADO: Requesting node for hash: /ccnx.org/test/SyncTestRepo-15-01-15-18.20.23/topoPrefix/%C1.S.nf/-%0At=A9FCBB6E15FA2D6B6641873BC86B4DD903F19B0F107FFC9D229A5B870F/=079C80B08E53ACF1962CDF4606613C73F343A36D29144BECBA9F1DF11FAB59514F
Jan 15, 2015 6:21:52 PM org.ccnx.ccn.impl.sync.ProtocolBasedSyncMonitor requestNode
DETALHADO: Requesting node for hash: /ccnx.org/test/SyncTestRepo-15-01-15-18.20.23/topoPrefix/%C1.S.nf/-%0At=A9FCBB6E15FA2D6B6641873BC86B4DD903F19B0F107FFC9D229A5B870F/%08M=A6C37C916DBC7C91E030F4F7ACAAE0915DD2547F0118F2D9CB6C37B5AF0400
Jan 15, 2015 6:21:52 PM org.ccnx.ccn.impl.sync.ProtocolBasedSyncMonitor requestNode
DETALHADO: Requesting node for hash: /ccnx.org/test/SyncTestRepo-15-01-15-18.20.23/topoPrefix/%C1.S.nf/-%0At=A9FCBB6E15FA2D6B6641873BC86B4DD903F19B0F107FFC9D229A5B870F/%09C=0DC98146607AC611CD9DF0FAC672D380873E73332FF4EB13A405EC51A9F576
Jan 15, 2015 6:21:52 PM org.ccnx.ccn.impl.sync.SliceComparator doComparison
O MAIS DETALHADO: Compare NODE %15ma%2B7=7FD272F1BDE647E0F878992BBBB90475671DEC0503A3551F752A2F06 to NODE =28DED466A17AD8984F1C6B9A7470FB8F54402433FCBE38860A5FABEAA52D597D75
Jan 15, 2015 6:21:52 PM org.ccnx.ccn.impl.sync.SliceComparator doComparison
O MAIS DETALHADO: pos X is 0, pos Y is 0
Jan 15, 2015 6:21:52 PM org.ccnx.ccn.impl.sync.SliceComparator doComparison
O MAIS DETALHADO: Compare NODE %15ma%2B7=7FD272F1BDE647E0F878992BBBB90475671DEC0503A3551F752A2F06 to NODE =28DED466A17AD8984F1C6B9A7470FB8F54402433FCBE38860A5FABEAA52D597D75
Jan 15, 2015 6:21:52 PM org.ccnx.ccn.impl.sync.SliceComparator doComparison
O MAIS DETALHADO: Compare NODE %15ma%2B7=7FD272F1BDE647E0F878992BBBB90475671DEC0503A3551F752A2F06 to NODE =28DED466A17AD8984F1C6B9A7470FB8F54402433FCBE38860A5FABEAA52D597D75
Jan 15, 2015 6:21:52 PM org.ccnx.ccn.impl.sync.SliceComparator doComparison
O MAIS DETALHADO: pos X is 0, pos Y is 0
Jan 15, 2015 6:21:52 PM org.ccnx.ccn.impl.sync.SliceComparator doComparison
O MAIS DETALHADO: pos X is 0, pos Y is 0
Jan 15, 2015 6:21:52 PM org.ccnx.ccn.impl.sync.SliceComparator.NodeFetchHandler handleContent
DETALHADO: Saw data from nodefind: hash: %0BW%C5_%9D7b=28FF5DD07BFD4DB3B13C0E24A42E514CF4F471E2DECF70CB16C0
Jan 15, 2015 6:21:52 PM org.ccnx.ccn.impl.encoding.BinaryXMLDecoder setElement
INFORMAÇÕES: Reset decode array sizes to 1134
Jan 15, 2015 6:21:52 PM org.ccnx.ccn.io.content.SyncNodeComposite decodeLogging
O MAIS DETALHADO: decode node for %0BW%C5_%9D7b=28FF5DD07BFD4DB3B13C0E24A42E514CF4F471E2DECF70CB16C0 depth = 1 refs = 22
Jan 15, 2015 6:21:52 PM org.ccnx.ccn.impl.sync.SliceComparator doComparison
O MAIS DETALHADO: Pushing X entry %05p%EFG=05106476F4B0BCB015CE24928C905584ADBEFC5B309FCF04F160EE6E0B and Y entry %0BW%C5_%9D7b=28FF5DD07BFD4DB3B13C0E24A42E514CF4F471E2DECF70CB16C0
Jan 15, 2015 6:21:52 PM org.ccnx.ccn.impl.sync.SliceComparator doComparison
O MAIS DETALHADO: Pushing X entry %05p%EFG=05106476F4B0BCB015CE24928C905584ADBEFC5B309FCF04F160EE6E0B and Y entry %0BW%C5_%9D7b=28FF5DD07BFD4DB3B13C0E24A42E514CF4F471E2DECF70CB16C0
Jan 15, 2015 6:21:52 PM org.ccnx.ccn.io.content.SyncNodeComposite decodeLogging
O MAIS DETALHADO: min is 0, max is 21, expanded min is /ccnx.org/test/SyncTestRepo-15-01-15-18.20.23/ccnSyncTest/slice9/round2/randomFile/=FD054B82F70368/=00/=B97F65C641ECD73502119EB69D2576BAC16B3BF85AD4553028EB611D8E11F489, expanded max is /ccnx.org/test/SyncTestRepo-15-01-15-18.20.23/ccnSyncTest/slice9/round2/randomFile/=FD054B82F70368/=0015/Q=FAE75832A7FD55A6D1016A40F841555C4FEB2763EC208385C899CBE5B35CCE
Jan 15, 2015 6:21:52 PM org.ccnx.ccn.impl.sync.SliceComparator doComparison
O MAIS DETALHADO: Compare LEAF %05p%EFG=05106476F4B0BCB015CE24928C905584ADBEFC5B309FCF04F160EE6E0B to LEAF %0BW%C5_%9D7b=28FF5DD07BFD4DB3B13C0E24A42E514CF4F471E2DECF70CB16C0
Jan 15, 2015 6:21:52 PM org.ccnx.ccn.impl.sync.SliceComparator doComparison
O MAIS DETALHADO: Pushing X entry %05p%EFG=05106476F4B0BCB015CE24928C905584ADBEFC5B309FCF04F160EE6E0B and Y entry %0BW%C5_%9D7b=28FF5DD07BFD4DB3B13C0E24A42E514CF4F471E2DECF70CB16C0
Jan 15, 2015 6:21:52 PM org.ccnx.ccn.impl.sync.SliceComparator doComparison
O MAIS DETALHADO: Compare LEAF %05p%EFG=05106476F4B0BCB015CE24928C905584ADBEFC5B309FCF04F160EE6E0B to LEAF %0BW%C5_%9D7b=28FF5DD07BFD4DB3B13C0E24A42E514CF4F471E2DECF70CB16C0
Jan 15, 2015 6:21:52 PM org.ccnx.ccn.impl.sync.SliceComparator doComparison
O MAIS DETALHADO: name X is 0, pos X is 0, name Y is 0, pos Y is 0 comp is 1
Jan 15, 2015 6:21:52 PM org.ccnx.ccn.impl.sync.SliceComparator doComparison
O MAIS DETALHADO: Compare LEAF %05p%EFG=05106476F4B0BCB015CE24928C905584ADBEFC5B309FCF04F160EE6E0B to LEAF %0BW%C5_%9D7b=28FF5DD07BFD4DB3B13C0E24A42E514CF4F471E2DECF70CB16C0
Jan 15, 2015 6:21:52 PM org.ccnx.ccn.impl.sync.SliceComparator doComparison
O MAIS DETALHADO: name X is 0, pos X is 0, name Y is 0, pos Y is 0 comp is 1
Jan 15, 2015 6:21:52 PM org.ccnx.ccn.impl.sync.SliceComparator doComparison
O MAIS DETALHADO: name X (expanded) is /ccnx.org/test/SyncTestRepo-15-01-15-18.20.23/ccnSyncTest/slice9/randomFile/=FD054B82F6A1F4/=00/=0B8EC1430BAA5314F574BA2A508E0FEA573169B7F4FB56342BADB25C2D81AC38, name Y (expanded) is /ccnx.org/test/SyncTestRepo-15-01-15-18.20.23/ccnSyncTest/slice9/round2/randomFile/=FD054B82F70368/=00/=B97F65C641ECD73502119EB69D2576BAC16B3BF85AD4553028EB611D8E11F489
Jan 15, 2015 6:21:52 PM org.ccnx.ccn.impl.sync.SliceComparator doComparison
O MAIS DETALHADO: name X is 0, pos X is 0, name Y is 0, pos Y is 0 comp is 1
Jan 15, 2015 6:21:52 PM org.ccnx.ccn.impl.sync.SliceComparator doComparison
O MAIS DETALHADO: name X (expanded) is /ccnx.org/test/SyncTestRepo-15-01-15-18.20.23/ccnSyncTest/slice9/randomFile/=FD054B82F6A1F4/=00/=0B8EC1430BAA5314F574BA2A508E0FEA573169B7F4FB56342BADB25C2D81AC38, name Y (expanded) is /ccnx.org/test/SyncTestRepo-15-01-15-18.20.23/ccnSyncTest/slice9/round2/randomFile/=FD054B82F70368/=00/=B97F65C641ECD73502119EB69D2576BAC16B3BF85AD4553028EB611D8E11F489
Jan 15, 2015 6:21:52 PM org.ccnx.ccn.profiles.sync.SyncTestRepo.SyncHandler3 handleContentName
DETALHADO: Saw a name for callbackNames3
Jan 15, 2015 6:21:52 PM org.ccnx.ccn.profiles.sync.SyncTestRepo.SyncHandler2 handleContentName
DETALHADO: Saw a name for callbackNames2
Jan 15, 2015 6:21:52 PM org.ccnx.ccn.profiles.sync.SyncTestRepo doHandleContentName
INFORMAÇÕES: Number 3: Callback for name: /ccnx.org/test/SyncTestRepo-15-01-15-18.20.23/ccnSyncTest/slice9/round2/randomFile/=FD054B82F70368/=00 - number is 0
Jan 15, 2015 6:21:52 PM org.ccnx.ccn.impl.sync.SliceComparator doComparison
O MAIS DETALHADO: Compare LEAF %05p%EFG=05106476F4B0BCB015CE24928C905584ADBEFC5B309FCF04F160EE6E0B to LEAF %0BW%C5_%9D7b=28FF5DD07BFD4DB3B13C0E24A42E514CF4F471E2DECF70CB16C0
Jan 15, 2015 6:21:52 PM org.ccnx.ccn.impl.sync.SliceComparator doComparison
O MAIS DETALHADO: name X (expanded) is /ccnx.org/test/SyncTestRepo-15-01-15-18.20.23/ccnSyncTest/slice9/randomFile/=FD054B82F6A1F4/=00/=0B8EC1430BAA5314F574BA2A508E0FEA573169B7F4FB56342BADB25C2D81AC38, name Y (expanded) is /ccnx.org/test/SyncTestRepo-15-01-15-18.20.23/ccnSyncTest/slice9/round2/randomFile/=FD054B82F70368/=00/=B97F65C641ECD73502119EB69D2576BAC16B3BF85AD4553028EB611D8E11F489
Jan 15, 2015 6:21:52 PM org.ccnx.ccn.profiles.sync.SyncTestRepo doHandleContentName
INFORMAÇÕES: Number 2: Callback for name: /ccnx.org/test/SyncTestRepo-15-01-15-18.20.23/ccnSyncTest/slice9/round2/randomFile/=FD054B82F70368/=00 - number is 0
Jan 15, 2015 6:21:52 PM org.ccnx.ccn.impl.sync.SliceComparator doComparison
O MAIS DETALHADO: name X is 0, pos X is 0, name Y is 1, pos Y is 1 comp is 1
Jan 15, 2015 6:21:52 PM org.ccnx.ccn.impl.sync.SliceComparator doComparison
O MAIS DETALHADO: Compare LEAF %05p%EFG=05106476F4B0BCB015CE24928C905584ADBEFC5B309FCF04F160EE6E0B to LEAF %0BW%C5_%9D7b=28FF5DD07BFD4DB3B13C0E24A42E514CF4F471E2DECF70CB16C0
Jan 15, 2015 6:21:52 PM org.ccnx.ccn.impl.sync.SliceComparator doComparison
O MAIS DETALHADO: Compare LEAF %05p%EFG=05106476F4B0BCB015CE24928C905584ADBEFC5B309FCF04F160EE6E0B to LEAF %0BW%C5_%9D7b=28FF5DD07BFD4DB3B13C0E24A42E514CF4F471E2DECF70CB16C0
Jan 15, 2015 6:21:52 PM org.ccnx.ccn.impl.sync.SliceComparator doComparison
O MAIS DETALHADO: name X (expanded) is /ccnx.org/test/SyncTestRepo-15-01-15-18.20.23/ccnSyncTest/slice9/randomFile/=FD054B82F6A1F4/=00/=0B8EC1430BAA5314F574BA2A508E0FEA573169B7F4FB56342BADB25C2D81AC38, name Y (expanded) is /ccnx.org/test/SyncTestRepo-15-01-15-18.20.23/ccnSyncTest/slice9/round2/randomFile/=FD054B82F70368/=0001/=192BD96B8A1970221B61297F2524398237E163C4C77E881FA9DB003DA956D246
Jan 15, 2015 6:21:52 PM org.ccnx.ccn.impl.sync.SliceComparator doComparison
O MAIS DETALHADO: name X is 0, pos X is 0, name Y is 1, pos Y is 1 comp is 1
Jan 15, 2015 6:21:52 PM org.ccnx.ccn.impl.sync.SliceComparator doComparison
O MAIS DETALHADO: name X is 0, pos X is 0, name Y is 1, pos Y is 1 comp is 1
Jan 15, 2015 6:21:52 PM org.ccnx.ccn.profiles.sync.SyncTestRepo.SyncHandler3 handleContentName
DETALHADO: Saw a name for callbackNames3
Jan 15, 2015 6:21:52 PM org.ccnx.ccn.impl.sync.SliceComparator doComparison
O MAIS DETALHADO: name X (expanded) is /ccnx.org/test/SyncTestRepo-15-01-15-18.20.23/ccnSyncTest/slice9/randomFile/=FD054B82F6A1F4/=00/=0B8EC1430BAA5314F574BA2A508E0FEA573169B7F4FB56342BADB25C2D81AC38, name Y (expanded) is /ccnx.org/test/SyncTestRepo-15-01-15-18.20.23/ccnSyncTest/slice9/round2/randomFile/=FD054B82F70368/=0001/=192BD96B8A1970221B61297F2524398237E163C4C77E881FA9DB003DA956D246
Jan 15, 2015 6:21:52 PM org.ccnx.ccn.impl.sync.SliceComparator doComparison
O MAIS DETALHADO: name X (expanded) is /ccnx.org/test/SyncTestRepo-15-01-15-18.20.23/ccnSyncTest/slice9/randomFile/=FD054B82F6A1F4/=00/=0B8EC1430BAA5314F574BA2A508E0FEA573169B7F4FB56342BADB25C2D81AC38, name Y (expanded) is /ccnx.org/test/SyncTestRepo-15-01-15-18.20.23/ccnSyncTest/slice9/round2/randomFile/=FD054B82F70368/=0001/=192BD96B8A1970221B61297F2524398237E163C4C77E881FA9DB003DA956D246
Jan 15, 2015 6:21:52 PM org.ccnx.ccn.profiles.sync.SyncTestRepo doHandleContentName
INFORMAÇÕES: Number 3: Callback for name: /ccnx.org/test/SyncTestRepo-15-01-15-18.20.23/ccnSyncTest/slice9/round2/randomFile/=FD054B82F70368/=0001 - number is 1
Jan 15, 2015 6:21:52 PM org.ccnx.ccn.impl.sync.SliceComparator doComparison
O MAIS DETALHADO: Compare LEAF %05p%EFG=05106476F4B0BCB015CE24928C905584ADBEFC5B309FCF04F160EE6E0B to LEAF %0BW%C5_%9D7b=28FF5DD07BFD4DB3B13C0E24A42E514CF4F471E2DECF70CB16C0
Jan 15, 2015 6:21:52 PM org.ccnx.ccn.profiles.sync.SyncTestRepo.SyncHandler2 handleContentName
DETALHADO: Saw a name for callbackNames2
Jan 15, 2015 6:21:52 PM org.ccnx.ccn.impl.sync.SliceComparator doComparison
O MAIS DETALHADO: Compare LEAF %05p%EFG=05106476F4B0BCB015CE24928C905584ADBEFC5B309FCF04F160EE6E0B to LEAF %0BW%C5_%9D7b=28FF5DD07BFD4DB3B13C0E24A42E514CF4F471E2DECF70CB16C0
Jan 15, 2015 6:21:52 PM org.ccnx.ccn.impl.sync.SliceComparator doComparison
O MAIS DETALHADO: name X is 0, pos X is 0, name Y is 2, pos Y is 2 comp is 1
Jan 15, 2015 6:21:52 PM org.ccnx.ccn.profiles.sync.SyncTestRepo doHandleContentName
INFORMAÇÕES: Number 2: Callback for name: /ccnx.org/test/SyncTestRepo-15-01-15-18.20.23/ccnSyncTest/slice9/round2/randomFile/=FD054B82F70368/=0001 - number is 1
Jan 15, 2015 6:21:52 PM org.ccnx.ccn.impl.sync.SliceComparator doComparison
O MAIS DETALHADO: name X is 0, pos X is 0, name Y is 2, pos Y is 2 comp is 1
Jan 15, 2015 6:21:52 PM org.ccnx.ccn.impl.sync.SliceComparator doComparison
O MAIS DETALHADO: name X (expanded) is /ccnx.org/test/SyncTestRepo-15-01-15-18.20.23/ccnSyncTest/slice9/randomFile/=FD054B82F6A1F4/=00/=0B8EC1430BAA5314F574BA2A508E0FEA573169B7F4FB56342BADB25C2D81AC38, name Y (expanded) is /ccnx.org/test/SyncTestRepo-15-01-15-18.20.23/ccnSyncTest/slice9/round2/randomFile/=FD054B82F70368/=0002/%3DA=B38AF1260B7480AB8277755796C201CB8C4C3470E14565953D845005D2DA
Jan 15, 2015 6:21:52 PM org.ccnx.ccn.impl.sync.SliceComparator doComparison
O MAIS DETALHADO: Compare LEAF %05p%EFG=05106476F4B0BCB015CE24928C905584ADBEFC5B309FCF04F160EE6E0B to LEAF %0BW%C5_%9D7b=28FF5DD07BFD4DB3B13C0E24A42E514CF4F471E2DECF70CB16C0
Jan 15, 2015 6:21:52 PM org.ccnx.ccn.impl.sync.SliceComparator doComparison
O MAIS DETALHADO: name X (expanded) is /ccnx.org/test/SyncTestRepo-15-01-15-18.20.23/ccnSyncTest/slice9/randomFile/=FD054B82F6A1F4/=00/=0B8EC1430BAA5314F574BA2A508E0FEA573169B7F4FB56342BADB25C2D81AC38, name Y (expanded) is /ccnx.org/test/SyncTestRepo-15-01-15-18.20.23/ccnSyncTest/slice9/round2/randomFile/=FD054B82F70368/=0002/%3DA=B38AF1260B7480AB8277755796C201CB8C4C3470E14565953D845005D2DA
Jan 15, 2015 6:21:52 PM org.ccnx.ccn.impl.sync.SliceComparator doComparison
O MAIS DETALHADO: Compare LEAF %05p%EFG=05106476F4B0BCB015CE24928C905584ADBEFC5B309FCF04F160EE6E0B to LEAF %0BW%C5_%9D7b=28FF5DD07BFD4DB3B13C0E24A42E514CF4F471E2DECF70CB16C0
Jan 15, 2015 6:21:52 PM org.ccnx.ccn.impl.sync.SliceComparator doComparison
O MAIS DETALHADO: name X is 0, pos X is 0, name Y is 2, pos Y is 2 comp is 1
Jan 15, 2015 6:21:52 PM org.ccnx.ccn.profiles.sync.SyncTestRepo.SyncHandler3 handleContentName
DETALHADO: Saw a name for callbackNames3
Jan 15, 2015 6:21:52 PM org.ccnx.ccn.impl.sync.SliceComparator doComparison
O MAIS DETALHADO: name X is 0, pos X is 0, name Y is 3, pos Y is 3 comp is 1
Jan 15, 2015 6:21:52 PM org.ccnx.ccn.impl.sync.SliceComparator doComparison
O MAIS DETALHADO: name X (expanded) is /ccnx.org/test/SyncTestRepo-15-01-15-18.20.23/ccnSyncTest/slice9/randomFile/=FD054B82F6A1F4/=00/=0B8EC1430BAA5314F574BA2A508E0FEA573169B7F4FB56342BADB25C2D81AC38, name Y (expanded) is /ccnx.org/test/SyncTestRepo-15-01-15-18.20.23/ccnSyncTest/slice9/round2/randomFile/=FD054B82F70368/=0002/%3DA=B38AF1260B7480AB8277755796C201CB8C4C3470E14565953D845005D2DA
Jan 15, 2015 6:21:52 PM org.ccnx.ccn.profiles.sync.SyncTestRepo doHandleContentName
INFORMAÇÕES: Number 3: Callback for name: /ccnx.org/test/SyncTestRepo-15-01-15-18.20.23/ccnSyncTest/slice9/round2/randomFile/=FD054B82F70368/=0002 - number is 2
Jan 15, 2015 6:21:52 PM org.ccnx.ccn.impl.sync.SliceComparator doComparison
O MAIS DETALHADO: name X (expanded) is /ccnx.org/test/SyncTestRepo-15-01-15-18.20.23/ccnSyncTest/slice9/randomFile/=FD054B82F6A1F4/=00/=0B8EC1430BAA5314F574BA2A508E0FEA573169B7F4FB56342BADB25C2D81AC38, name Y (expanded) is /ccnx.org/test/SyncTestRepo-15-01-15-18.20.23/ccnSyncTest/slice9/round2/randomFile/=FD054B82F70368/=0003/=86C59070D2707E8F5A8AD81E1CB619E13E254165305BCC36B8159009ECCFB64E
Jan 15, 2015 6:21:52 PM org.ccnx.ccn.impl.sync.SliceComparator doComparison
O MAIS DETALHADO: Compare LEAF %05p%EFG=05106476F4B0BCB015CE24928C905584ADBEFC5B309FCF04F160EE6E0B to LEAF %0BW%C5_%9D7b=28FF5DD07BFD4DB3B13C0E24A42E514CF4F471E2DECF70CB16C0
Jan 15, 2015 6:21:52 PM org.ccnx.ccn.profiles.sync.SyncTestRepo.SyncHandler2 handleContentName
DETALHADO: Saw a name for callbackNames2
Jan 15, 2015 6:21:52 PM org.ccnx.ccn.impl.sync.SliceComparator doComparison
O MAIS DETALHADO: name X is 0, pos X is 0, name Y is 3, pos Y is 3 comp is 1
Jan 15, 2015 6:21:52 PM org.ccnx.ccn.impl.sync.SliceComparator doComparison
O MAIS DETALHADO: Compare LEAF %05p%EFG=05106476F4B0BCB015CE24928C905584ADBEFC5B309FCF04F160EE6E0B to LEAF %0BW%C5_%9D7b=28FF5DD07BFD4DB3B13C0E24A42E514CF4F471E2DECF70CB16C0
Jan 15, 2015 6:21:52 PM org.ccnx.ccn.profiles.sync.SyncTestRepo doHandleContentName
INFORMAÇÕES: Number 2: Callback for name: /ccnx.org/test/SyncTestRepo-15-01-15-18.20.23/ccnSyncTest/slice9/round2/randomFile/=FD054B82F70368/=0002 - number is 2
Jan 15, 2015 6:21:52 PM org.ccnx.ccn.impl.sync.SliceComparator doComparison
O MAIS DETALHADO: name X (expanded) is /ccnx.org/test/SyncTestRepo-15-01-15-18.20.23/ccnSyncTest/slice9/randomFile/=FD054B82F6A1F4/=00/=0B8EC1430BAA5314F574BA2A508E0FEA573169B7F4FB56342BADB25C2D81AC38, name Y (expanded) is /ccnx.org/test/SyncTestRepo-15-01-15-18.20.23/ccnSyncTest/slice9/round2/randomFile/=FD054B82F70368/=0003/=86C59070D2707E8F5A8AD81E1CB619E13E254165305BCC36B8159009ECCFB64E
Jan 15, 2015 6:21:52 PM org.ccnx.ccn.impl.sync.SliceComparator doComparison
O MAIS DETALHADO: name X is 0, pos X is 0, name Y is 4, pos Y is 4 comp is 1
Jan 15, 2015 6:21:52 PM org.ccnx.ccn.impl.sync.SliceComparator doComparison
O MAIS DETALHADO: Compare LEAF %05p%EFG=05106476F4B0BCB015CE24928C905584ADBEFC5B309FCF04F160EE6E0B to LEAF %0BW%C5_%9D7b=28FF5DD07BFD4DB3B13C0E24A42E514CF4F471E2DECF70CB16C0
Jan 15, 2015 6:21:52 PM org.ccnx.ccn.profiles.sync.SyncTestRepo.SyncHandler3 handleContentName
DETALHADO: Saw a name for callbackNames3
Jan 15, 2015 6:21:52 PM org.ccnx.ccn.impl.sync.SliceComparator doComparison
O MAIS DETALHADO: name X (expanded) is /ccnx.org/test/SyncTestRepo-15-01-15-18.20.23/ccnSyncTest/slice9/randomFile/=FD054B82F6A1F4/=00/=0B8EC1430BAA5314F574BA2A508E0FEA573169B7F4FB56342BADB25C2D81AC38, name Y (expanded) is /ccnx.org/test/SyncTestRepo-15-01-15-18.20.23/ccnSyncTest/slice9/round2/randomFile/=FD054B82F70368/=0004/=082546A5E061CDEDC5EC52833382A71E72D76A2CEFFA77B7ECEA0816441F64C3
Jan 15, 2015 6:21:52 PM org.ccnx.ccn.impl.sync.SliceComparator doComparison
O MAIS DETALHADO: name X is 0, pos X is 0, name Y is 3, pos Y is 3 comp is 1
Jan 15, 2015 6:21:52 PM org.ccnx.ccn.profiles.sync.SyncTestRepo doHandleContentName
INFORMAÇÕES: Number 3: Callback for name: /ccnx.org/test/SyncTestRepo-15-01-15-18.20.23/ccnSyncTest/slice9/round2/randomFile/=FD054B82F70368/=0003 - number is 3
Jan 15, 2015 6:21:52 PM org.ccnx.ccn.impl.sync.SliceComparator doComparison
O MAIS DETALHADO: name X (expanded) is /ccnx.org/test/SyncTestRepo-15-01-15-18.20.23/ccnSyncTest/slice9/randomFile/=FD054B82F6A1F4/=00/=0B8EC1430BAA5314F574BA2A508E0FEA573169B7F4FB56342BADB25C2D81AC38, name Y (expanded) is /ccnx.org/test/SyncTestRepo-15-01-15-18.20.23/ccnSyncTest/slice9/round2/randomFile/=FD054B82F70368/=0003/=86C59070D2707E8F5A8AD81E1CB619E13E254165305BCC36B8159009ECCFB64E
Jan 15, 2015 6:21:52 PM org.ccnx.ccn.impl.sync.SliceComparator doComparison
O MAIS DETALHADO: Compare LEAF %05p%EFG=05106476F4B0BCB015CE24928C905584ADBEFC5B309FCF04F160EE6E0B to LEAF %0BW%C5_%9D7b=28FF5DD07BFD4DB3B13C0E24A42E514CF4F471E2DECF70CB16C0
Jan 15, 2015 6:21:52 PM org.ccnx.ccn.impl.sync.SliceComparator doComparison
O MAIS DETALHADO: Compare LEAF %05p%EFG=05106476F4B0BCB015CE24928C905584ADBEFC5B309FCF04F160EE6E0B to LEAF %0BW%C5_%9D7b=28FF5DD07BFD4DB3B13C0E24A42E514CF4F471E2DECF70CB16C0
Jan 15, 2015 6:21:52 PM org.ccnx.ccn.impl.sync.SliceComparator doComparison
O MAIS DETALHADO: name X is 0, pos X is 0, name Y is 4, pos Y is 4 comp is 1
Jan 15, 2015 6:21:52 PM org.ccnx.ccn.profiles.sync.SyncTestRepo.SyncHandler2 handleContentName
DETALHADO: Saw a name for callbackNames2
Jan 15, 2015 6:21:52 PM org.ccnx.ccn.impl.sync.SliceComparator doComparison
O MAIS DETALHADO: name X is 0, pos X is 0, name Y is 5, pos Y is 5 comp is 1
Jan 15, 2015 6:21:52 PM org.ccnx.ccn.impl.sync.SliceComparator doComparison
O MAIS DETALHADO: name X (expanded) is /ccnx.org/test/SyncTestRepo-15-01-15-18.20.23/ccnSyncTest/slice9/randomFile/=FD054B82F6A1F4/=00/=0B8EC1430BAA5314F574BA2A508E0FEA573169B7F4FB56342BADB25C2D81AC38, name Y (expanded) is /ccnx.org/test/SyncTestRepo-15-01-15-18.20.23/ccnSyncTest/slice9/round2/randomFile/=FD054B82F70368/=0004/=082546A5E061CDEDC5EC52833382A71E72D76A2CEFFA77B7ECEA0816441F64C3
Jan 15, 2015 6:21:52 PM org.ccnx.ccn.profiles.sync.SyncTestRepo doHandleContentName
INFORMAÇÕES: Number 2: Callback for name: /ccnx.org/test/SyncTestRepo-15-01-15-18.20.23/ccnSyncTest/slice9/round2/randomFile/=FD054B82F70368/=0003 - number is 3
Jan 15, 2015 6:21:52 PM org.ccnx.ccn.impl.sync.SliceComparator doComparison
O MAIS DETALHADO: name X (expanded) is /ccnx.org/test/SyncTestRepo-15-01-15-18.20.23/ccnSyncTest/slice9/randomFile/=FD054B82F6A1F4/=00/=0B8EC1430BAA5314F574BA2A508E0FEA573169B7F4FB56342BADB25C2D81AC38, name Y (expanded) is /ccnx.org/test/SyncTestRepo-15-01-15-18.20.23/ccnSyncTest/slice9/round2/randomFile/=FD054B82F70368/=0005/%CFj=FDA09A08EC11B04E3D8D994DDA524908C5300B8CBE648D6223DB25783BF2
Jan 15, 2015 6:21:52 PM org.ccnx.ccn.profiles.sync.SyncTestRepo.SyncHandler3 handleContentName
DETALHADO: Saw a name for callbackNames3
Jan 15, 2015 6:21:52 PM org.ccnx.ccn.impl.sync.SliceComparator doComparison
O MAIS DETALHADO: Compare LEAF %05p%EFG=05106476F4B0BCB015CE24928C905584ADBEFC5B309FCF04F160EE6E0B to LEAF %0BW%C5_%9D7b=28FF5DD07BFD4DB3B13C0E24A42E514CF4F471E2DECF70CB16C0
Jan 15, 2015 6:21:52 PM org.ccnx.ccn.profiles.sync.SyncTestRepo doHandleContentName
INFORMAÇÕES: Number 3: Callback for name: /ccnx.org/test/SyncTestRepo-15-01-15-18.20.23/ccnSyncTest/slice9/round2/randomFile/=FD054B82F70368/=0004 - number is 4
Jan 15, 2015 6:21:52 PM org.ccnx.ccn.impl.sync.SliceComparator doComparison
O MAIS DETALHADO: Compare LEAF %05p%EFG=05106476F4B0BCB015CE24928C905584ADBEFC5B309FCF04F160EE6E0B to LEAF %0BW%C5_%9D7b=28FF5DD07BFD4DB3B13C0E24A42E514CF4F471E2DECF70CB16C0
Jan 15, 2015 6:21:52 PM org.ccnx.ccn.impl.sync.SliceComparator doComparison
O MAIS DETALHADO: name X is 0, pos X is 0, name Y is 4, pos Y is 4 comp is 1
Jan 15, 2015 6:21:52 PM org.ccnx.ccn.impl.sync.SliceComparator doComparison
O MAIS DETALHADO: Compare LEAF %05p%EFG=05106476F4B0BCB015CE24928C905584ADBEFC5B309FCF04F160EE6E0B to LEAF %0BW%C5_%9D7b=28FF5DD07BFD4DB3B13C0E24A42E514CF4F471E2DECF70CB16C0
Jan 15, 2015 6:21:52 PM org.ccnx.ccn.impl.sync.SliceComparator doComparison
O MAIS DETALHADO: name X is 0, pos X is 0, name Y is 6, pos Y is 6 comp is 1
Jan 15, 2015 6:21:52 PM org.ccnx.ccn.impl.sync.SliceComparator doComparison
O MAIS DETALHADO: name X (expanded) is /ccnx.org/test/SyncTestRepo-15-01-15-18.20.23/ccnSyncTest/slice9/randomFile/=FD054B82F6A1F4/=00/=0B8EC1430BAA5314F574BA2A508E0FEA573169B7F4FB56342BADB25C2D81AC38, name Y (expanded) is /ccnx.org/test/SyncTestRepo-15-01-15-18.20.23/ccnSyncTest/slice9/round2/randomFile/=FD054B82F70368/=0004/=082546A5E061CDEDC5EC52833382A71E72D76A2CEFFA77B7ECEA0816441F64C3
Jan 15, 2015 6:21:52 PM org.ccnx.ccn.impl.sync.SliceComparator doComparison
O MAIS DETALHADO: name X is 0, pos X is 0, name Y is 5, pos Y is 5 comp is 1
Jan 15, 2015 6:21:52 PM org.ccnx.ccn.impl.sync.SliceComparator doComparison
O MAIS DETALHADO: name X (expanded) is /ccnx.org/test/SyncTestRepo-15-01-15-18.20.23/ccnSyncTest/slice9/randomFile/=FD054B82F6A1F4/=00/=0B8EC1430BAA5314F574BA2A508E0FEA573169B7F4FB56342BADB25C2D81AC38, name Y (expanded) is /ccnx.org/test/SyncTestRepo-15-01-15-18.20.23/ccnSyncTest/slice9/round2/randomFile/=FD054B82F70368/=0006/q=A1ACEACC60DE91C1AA087916ED2C5C943BBEF03EF506D2B0B0C0DA4BCE2290
Jan 15, 2015 6:21:52 PM org.ccnx.ccn.impl.sync.SliceComparator doComparison
O MAIS DETALHADO: name X (expanded) is /ccnx.org/test/SyncTestRepo-15-01-15-18.20.23/ccnSyncTest/slice9/randomFile/=FD054B82F6A1F4/=00/=0B8EC1430BAA5314F574BA2A508E0FEA573169B7F4FB56342BADB25C2D81AC38, name Y (expanded) is /ccnx.org/test/SyncTestRepo-15-01-15-18.20.23/ccnSyncTest/slice9/round2/randomFile/=FD054B82F70368/=0005/%CFj=FDA09A08EC11B04E3D8D994DDA524908C5300B8CBE648D6223DB25783BF2
Jan 15, 2015 6:21:52 PM org.ccnx.ccn.profiles.sync.SyncTestRepo.SyncHandler2 handleContentName
DETALHADO: Saw a name for callbackNames2
Jan 15, 2015 6:21:52 PM org.ccnx.ccn.impl.sync.SliceComparator doComparison
O MAIS DETALHADO: Compare LEAF %05p%EFG=05106476F4B0BCB015CE24928C905584ADBEFC5B309FCF04F160EE6E0B to LEAF %0BW%C5_%9D7b=28FF5DD07BFD4DB3B13C0E24A42E514CF4F471E2DECF70CB16C0
Jan 15, 2015 6:21:52 PM org.ccnx.ccn.profiles.sync.SyncTestRepo.SyncHandler3 handleContentName
DETALHADO: Saw a name for callbackNames3
Jan 15, 2015 6:21:52 PM org.ccnx.ccn.profiles.sync.SyncTestRepo doHandleContentName
INFORMAÇÕES: Number 2: Callback for name: /ccnx.org/test/SyncTestRepo-15-01-15-18.20.23/ccnSyncTest/slice9/round2/randomFile/=FD054B82F70368/=0004 - number is 4
Jan 15, 2015 6:21:52 PM org.ccnx.ccn.impl.sync.SliceComparator doComparison
O MAIS DETALHADO: name X is 0, pos X is 0, name Y is 7, pos Y is 7 comp is 1
Jan 15, 2015 6:21:52 PM org.ccnx.ccn.profiles.sync.SyncTestRepo doHandleContentName
INFORMAÇÕES: Number 3: Callback for name: /ccnx.org/test/SyncTestRepo-15-01-15-18.20.23/ccnSyncTest/slice9/round2/randomFile/=FD054B82F70368/=0005 - number is 5
Jan 15, 2015 6:21:52 PM org.ccnx.ccn.impl.sync.SliceComparator doComparison
O MAIS DETALHADO: Compare LEAF %05p%EFG=05106476F4B0BCB015CE24928C905584ADBEFC5B309FCF04F160EE6E0B to LEAF %0BW%C5_%9D7b=28FF5DD07BFD4DB3B13C0E24A42E514CF4F471E2DECF70CB16C0
Jan 15, 2015 6:21:52 PM org.ccnx.ccn.impl.sync.SliceComparator doComparison
O MAIS DETALHADO: name X (expanded) is /ccnx.org/test/SyncTestRepo-15-01-15-18.20.23/ccnSyncTest/slice9/randomFile/=FD054B82F6A1F4/=00/=0B8EC1430BAA5314F574BA2A508E0FEA573169B7F4FB56342BADB25C2D81AC38, name Y (expanded) is /ccnx.org/test/SyncTestRepo-15-01-15-18.20.23/ccnSyncTest/slice9/round2/randomFile/=FD054B82F70368/=0007/=CFBE097490DD57847A3D658B9234A148BACF33DBF54C6F03588BDB1BA7B7352C
Jan 15, 2015 6:21:52 PM org.ccnx.ccn.impl.sync.SliceComparator doComparison
O MAIS DETALHADO: Compare LEAF %05p%EFG=05106476F4B0BCB015CE24928C905584ADBEFC5B309FCF04F160EE6E0B to LEAF %0BW%C5_%9D7b=28FF5DD07BFD4DB3B13C0E24A42E514CF4F471E2DECF70CB16C0
Jan 15, 2015 6:21:52 PM org.ccnx.ccn.impl.sync.SliceComparator doComparison
O MAIS DETALHADO: name X is 0, pos X is 0, name Y is 5, pos Y is 5 comp is 1
Jan 15, 2015 6:21:52 PM org.ccnx.ccn.impl.sync.SliceComparator doComparison
O MAIS DETALHADO: name X is 0, pos X is 0, name Y is 6, pos Y is 6 comp is 1
Jan 15, 2015 6:21:52 PM org.ccnx.ccn.impl.sync.SliceComparator doComparison
O MAIS DETALHADO: Compare LEAF %05p%EFG=05106476F4B0BCB015CE24928C905584ADBEFC5B309FCF04F160EE6E0B to LEAF %0BW%C5_%9D7b=28FF5DD07BFD4DB3B13C0E24A42E514CF4F471E2DECF70CB16C0
Jan 15, 2015 6:21:52 PM org.ccnx.ccn.impl.sync.SliceComparator doComparison
O MAIS DETALHADO: name X (expanded) is /ccnx.org/test/SyncTestRepo-15-01-15-18.20.23/ccnSyncTest/slice9/randomFile/=FD054B82F6A1F4/=00/=0B8EC1430BAA5314F574BA2A508E0FEA573169B7F4FB56342BADB25C2D81AC38, name Y (expanded) is /ccnx.org/test/SyncTestRepo-15-01-15-18.20.23/ccnSyncTest/slice9/round2/randomFile/=FD054B82F70368/=0005/%CFj=FDA09A08EC11B04E3D8D994DDA524908C5300B8CBE648D6223DB25783BF2
Jan 15, 2015 6:21:52 PM org.ccnx.ccn.impl.sync.SliceComparator doComparison
O MAIS DETALHADO: name X (expanded) is /ccnx.org/test/SyncTestRepo-15-01-15-18.20.23/ccnSyncTest/slice9/randomFile/=FD054B82F6A1F4/=00/=0B8EC1430BAA5314F574BA2A508E0FEA573169B7F4FB56342BADB25C2D81AC38, name Y (expanded) is /ccnx.org/test/SyncTestRepo-15-01-15-18.20.23/ccnSyncTest/slice9/round2/randomFile/=FD054B82F70368/=0006/q=A1ACEACC60DE91C1AA087916ED2C5C943BBEF03EF506D2B0B0C0DA4BCE2290
Jan 15, 2015 6:21:52 PM org.ccnx.ccn.impl.sync.SliceComparator doComparison
O MAIS DETALHADO: name X is 0, pos X is 0, name Y is 8, pos Y is 8 comp is 1
Jan 15, 2015 6:21:52 PM org.ccnx.ccn.profiles.sync.SyncTestRepo.SyncHandler2 handleContentName
DETALHADO: Saw a name for callbackNames2
Jan 15, 2015 6:21:52 PM org.ccnx.ccn.profiles.sync.SyncTestRepo.SyncHandler3 handleContentName
DETALHADO: Saw a name for callbackNames3
Jan 15, 2015 6:21:52 PM org.ccnx.ccn.impl.sync.SliceComparator doComparison
O MAIS DETALHADO: name X (expanded) is /ccnx.org/test/SyncTestRepo-15-01-15-18.20.23/ccnSyncTest/slice9/randomFile/=FD054B82F6A1F4/=00/=0B8EC1430BAA5314F574BA2A508E0FEA573169B7F4FB56342BADB25C2D81AC38, name Y (expanded) is /ccnx.org/test/SyncTestRepo-15-01-15-18.20.23/ccnSyncTest/slice9/round2/randomFile/=FD054B82F70368/=0008/=7F3ED4BBEB577721BFDB9700B41CAD7BC27630D97E7684BFF4CA20A25C12F306
Jan 15, 2015 6:21:52 PM org.ccnx.ccn.profiles.sync.SyncTestRepo doHandleContentName
INFORMAÇÕES: Number 2: Callback for name: /ccnx.org/test/SyncTestRepo-15-01-15-18.20.23/ccnSyncTest/slice9/round2/randomFile/=FD054B82F70368/=0005 - number is 5
Jan 15, 2015 6:21:52 PM org.ccnx.ccn.profiles.sync.SyncTestRepo doHandleContentName
INFORMAÇÕES: Number 3: Callback for name: /ccnx.org/test/SyncTestRepo-15-01-15-18.20.23/ccnSyncTest/slice9/round2/randomFile/=FD054B82F70368/=0006 - number is 6
Jan 15, 2015 6:21:52 PM org.ccnx.ccn.impl.sync.SliceComparator doComparison
O MAIS DETALHADO: Compare LEAF %05p%EFG=05106476F4B0BCB015CE24928C905584ADBEFC5B309FCF04F160EE6E0B to LEAF %0BW%C5_%9D7b=28FF5DD07BFD4DB3B13C0E24A42E514CF4F471E2DECF70CB16C0
Jan 15, 2015 6:21:52 PM org.ccnx.ccn.impl.sync.SliceComparator doComparison
O MAIS DETALHADO: Compare LEAF %05p%EFG=05106476F4B0BCB015CE24928C905584ADBEFC5B309FCF04F160EE6E0B to LEAF %0BW%C5_%9D7b=28FF5DD07BFD4DB3B13C0E24A42E514CF4F471E2DECF70CB16C0
Jan 15, 2015 6:21:52 PM org.ccnx.ccn.impl.sync.SliceComparator doComparison
O MAIS DETALHADO: Compare LEAF %05p%EFG=05106476F4B0BCB015CE24928C905584ADBEFC5B309FCF04F160EE6E0B to LEAF %0BW%C5_%9D7b=28FF5DD07BFD4DB3B13C0E24A42E514CF4F471E2DECF70CB16C0
Jan 15, 2015 6:21:52 PM org.ccnx.ccn.impl.sync.SliceComparator doComparison
O MAIS DETALHADO: name X is 0, pos X is 0, name Y is 9, pos Y is 9 comp is 1
Jan 15, 2015 6:21:52 PM org.ccnx.ccn.impl.sync.SliceComparator doComparison
O MAIS DETALHADO: name X is 0, pos X is 0, name Y is 6, pos Y is 6 comp is 1
Jan 15, 2015 6:21:52 PM org.ccnx.ccn.impl.sync.SliceComparator doComparison
O MAIS DETALHADO: name X is 0, pos X is 0, name Y is 7, pos Y is 7 comp is 1
Jan 15, 2015 6:21:52 PM org.ccnx.ccn.impl.sync.SliceComparator doComparison
O MAIS DETALHADO: name X (expanded) is /ccnx.org/test/SyncTestRepo-15-01-15-18.20.23/ccnSyncTest/slice9/randomFile/=FD054B82F6A1F4/=00/=0B8EC1430BAA5314F574BA2A508E0FEA573169B7F4FB56342BADB25C2D81AC38, name Y (expanded) is /ccnx.org/test/SyncTestRepo-15-01-15-18.20.23/ccnSyncTest/slice9/round2/randomFile/=FD054B82F70368/=0009/=D83B54A9597D386BD1F70F5DCBE2B53A8E30299E18CF3CA5DB43FA8A3FABC47A
Jan 15, 2015 6:21:52 PM org.ccnx.ccn.impl.sync.SliceComparator doComparison
O MAIS DETALHADO: name X (expanded) is /ccnx.org/test/SyncTestRepo-15-01-15-18.20.23/ccnSyncTest/slice9/randomFile/=FD054B82F6A1F4/=00/=0B8EC1430BAA5314F574BA2A508E0FEA573169B7F4FB56342BADB25C2D81AC38, name Y (expanded) is /ccnx.org/test/SyncTestRepo-15-01-15-18.20.23/ccnSyncTest/slice9/round2/randomFile/=FD054B82F70368/=0006/q=A1ACEACC60DE91C1AA087916ED2C5C943BBEF03EF506D2B0B0C0DA4BCE2290
Jan 15, 2015 6:21:52 PM org.ccnx.ccn.impl.sync.SliceComparator doComparison
O MAIS DETALHADO: name X (expanded) is /ccnx.org/test/SyncTestRepo-15-01-15-18.20.23/ccnSyncTest/slice9/randomFile/=FD054B82F6A1F4/=00/=0B8EC1430BAA5314F574BA2A508E0FEA573169B7F4FB56342BADB25C2D81AC38, name Y (expanded) is /ccnx.org/test/SyncTestRepo-15-01-15-18.20.23/ccnSyncTest/slice9/round2/randomFile/=FD054B82F70368/=0007/=CFBE097490DD57847A3D658B9234A148BACF33DBF54C6F03588BDB1BA7B7352C
Jan 15, 2015 6:21:52 PM org.ccnx.ccn.impl.sync.SliceComparator doComparison
O MAIS DETALHADO: Compare LEAF %05p%EFG=05106476F4B0BCB015CE24928C905584ADBEFC5B309FCF04F160EE6E0B to LEAF %0BW%C5_%9D7b=28FF5DD07BFD4DB3B13C0E24A42E514CF4F471E2DECF70CB16C0
Jan 15, 2015 6:21:52 PM org.ccnx.ccn.profiles.sync.SyncTestRepo.SyncHandler2 handleContentName
DETALHADO: Saw a name for callbackNames2
Jan 15, 2015 6:21:52 PM org.ccnx.ccn.profiles.sync.SyncTestRepo.SyncHandler3 handleContentName
DETALHADO: Saw a name for callbackNames3
Jan 15, 2015 6:21:52 PM org.ccnx.ccn.impl.sync.SliceComparator doComparison
O MAIS DETALHADO: name X is 0, pos X is 0, name Y is 10, pos Y is 10 comp is 1
Jan 15, 2015 6:21:52 PM org.ccnx.ccn.profiles.sync.SyncTestRepo doHandleContentName
INFORMAÇÕES: Number 2: Callback for name: /ccnx.org/test/SyncTestRepo-15-01-15-18.20.23/ccnSyncTest/slice9/round2/randomFile/=FD054B82F70368/=0006 - number is 6
Jan 15, 2015 6:21:52 PM org.ccnx.ccn.profiles.sync.SyncTestRepo doHandleContentName
INFORMAÇÕES: Number 3: Callback for name: /ccnx.org/test/SyncTestRepo-15-01-15-18.20.23/ccnSyncTest/slice9/round2/randomFile/=FD054B82F70368/=0007 - number is 7
Jan 15, 2015 6:21:52 PM org.ccnx.ccn.impl.sync.SliceComparator doComparison
O MAIS DETALHADO: name X (expanded) is /ccnx.org/test/SyncTestRepo-15-01-15-18.20.23/ccnSyncTest/slice9/randomFile/=FD054B82F6A1F4/=00/=0B8EC1430BAA5314F574BA2A508E0FEA573169B7F4FB56342BADB25C2D81AC38, name Y (expanded) is /ccnx.org/test/SyncTestRepo-15-01-15-18.20.23/ccnSyncTest/slice9/round2/randomFile/=FD054B82F70368/=000A/%D6X=06CF0660D7A05A255ABE5EE89577DBDA22D403891A08E3CF33561A4951D9
Jan 15, 2015 6:21:52 PM org.ccnx.ccn.impl.sync.SliceComparator doComparison
O MAIS DETALHADO: Compare LEAF %05p%EFG=05106476F4B0BCB015CE24928C905584ADBEFC5B309FCF04F160EE6E0B to LEAF %0BW%C5_%9D7b=28FF5DD07BFD4DB3B13C0E24A42E514CF4F471E2DECF70CB16C0
Jan 15, 2015 6:21:52 PM org.ccnx.ccn.impl.sync.SliceComparator doComparison
O MAIS DETALHADO: Compare LEAF %05p%EFG=05106476F4B0BCB015CE24928C905584ADBEFC5B309FCF04F160EE6E0B to LEAF %0BW%C5_%9D7b=28FF5DD07BFD4DB3B13C0E24A42E514CF4F471E2DECF70CB16C0
Jan 15, 2015 6:21:52 PM org.ccnx.ccn.impl.sync.SliceComparator doComparison
O MAIS DETALHADO: Compare LEAF %05p%EFG=05106476F4B0BCB015CE24928C905584ADBEFC5B309FCF04F160EE6E0B to LEAF %0BW%C5_%9D7b=28FF5DD07BFD4DB3B13C0E24A42E514CF4F471E2DECF70CB16C0
Jan 15, 2015 6:21:52 PM org.ccnx.ccn.impl.sync.SliceComparator doComparison
O MAIS DETALHADO: name X is 0, pos X is 0, name Y is 7, pos Y is 7 comp is 1
Jan 15, 2015 6:21:52 PM org.ccnx.ccn.impl.sync.SliceComparator doComparison
O MAIS DETALHADO: name X is 0, pos X is 0, name Y is 8, pos Y is 8 comp is 1
Jan 15, 2015 6:21:52 PM org.ccnx.ccn.impl.sync.SliceComparator doComparison
O MAIS DETALHADO: name X is 0, pos X is 0, name Y is 11, pos Y is 11 comp is 1
Jan 15, 2015 6:21:52 PM org.ccnx.ccn.impl.sync.SliceComparator doComparison
O MAIS DETALHADO: name X (expanded) is /ccnx.org/test/SyncTestRepo-15-01-15-18.20.23/ccnSyncTest/slice9/randomFile/=FD054B82F6A1F4/=00/=0B8EC1430BAA5314F574BA2A508E0FEA573169B7F4FB56342BADB25C2D81AC38, name Y (expanded) is /ccnx.org/test/SyncTestRepo-15-01-15-18.20.23/ccnSyncTest/slice9/round2/randomFile/=FD054B82F70368/=0007/=CFBE097490DD57847A3D658B9234A148BACF33DBF54C6F03588BDB1BA7B7352C
Jan 15, 2015 6:21:52 PM org.ccnx.ccn.impl.sync.SliceComparator doComparison
O MAIS DETALHADO: name X (expanded) is /ccnx.org/test/SyncTestRepo-15-01-15-18.20.23/ccnSyncTest/slice9/randomFile/=FD054B82F6A1F4/=00/=0B8EC1430BAA5314F574BA2A508E0FEA573169B7F4FB56342BADB25C2D81AC38, name Y (expanded) is /ccnx.org/test/SyncTestRepo-15-01-15-18.20.23/ccnSyncTest/slice9/round2/randomFile/=FD054B82F70368/=0008/=7F3ED4BBEB577721BFDB9700B41CAD7BC27630D97E7684BFF4CA20A25C12F306
Jan 15, 2015 6:21:52 PM org.ccnx.ccn.impl.sync.SliceComparator doComparison
O MAIS DETALHADO: name X (expanded) is /ccnx.org/test/SyncTestRepo-15-01-15-18.20.23/ccnSyncTest/slice9/randomFile/=FD054B82F6A1F4/=00/=0B8EC1430BAA5314F574BA2A508E0FEA573169B7F4FB56342BADB25C2D81AC38, name Y (expanded) is /ccnx.org/test/SyncTestRepo-15-01-15-18.20.23/ccnSyncTest/slice9/round2/randomFile/=FD054B82F70368/=000B/=E6D5F01AA6A478594193F799CBB050C1FC136F06F16BDAB06253E0D03105B644
Jan 15, 2015 6:21:52 PM org.ccnx.ccn.profiles.sync.SyncTestRepo.SyncHandler3 handleContentName
DETALHADO: Saw a name for callbackNames3
Jan 15, 2015 6:21:52 PM org.ccnx.ccn.profiles.sync.SyncTestRepo.SyncHandler2 handleContentName
DETALHADO: Saw a name for callbackNames2
Jan 15, 2015 6:21:52 PM org.ccnx.ccn.impl.sync.SliceComparator doComparison
O MAIS DETALHADO: Compare LEAF %05p%EFG=05106476F4B0BCB015CE24928C905584ADBEFC5B309FCF04F160EE6E0B to LEAF %0BW%C5_%9D7b=28FF5DD07BFD4DB3B13C0E24A42E514CF4F471E2DECF70CB16C0
Jan 15, 2015 6:21:52 PM org.ccnx.ccn.profiles.sync.SyncTestRepo doHandleContentName
INFORMAÇÕES: Number 3: Callback for name: /ccnx.org/test/SyncTestRepo-15-01-15-18.20.23/ccnSyncTest/slice9/round2/randomFile/=FD054B82F70368/=0008 - number is 8
Jan 15, 2015 6:21:52 PM org.ccnx.ccn.impl.sync.SliceComparator doComparison
O MAIS DETALHADO: Compare LEAF %05p%EFG=05106476F4B0BCB015CE24928C905584ADBEFC5B309FCF04F160EE6E0B to LEAF %0BW%C5_%9D7b=28FF5DD07BFD4DB3B13C0E24A42E514CF4F471E2DECF70CB16C0
Jan 15, 2015 6:21:52 PM org.ccnx.ccn.profiles.sync.SyncTestRepo doHandleContentName
INFORMAÇÕES: Number 2: Callback for name: /ccnx.org/test/SyncTestRepo-15-01-15-18.20.23/ccnSyncTest/slice9/round2/randomFile/=FD054B82F70368/=0007 - number is 7
Jan 15, 2015 6:21:52 PM org.ccnx.ccn.impl.sync.SliceComparator doComparison
O MAIS DETALHADO: name X is 0, pos X is 0, name Y is 12, pos Y is 12 comp is 1
Jan 15, 2015 6:21:52 PM org.ccnx.ccn.impl.sync.SliceComparator doComparison
O MAIS DETALHADO: name X is 0, pos X is 0, name Y is 9, pos Y is 9 comp is 1
Jan 15, 2015 6:21:52 PM org.ccnx.ccn.impl.sync.SliceComparator doComparison
O MAIS DETALHADO: Compare LEAF %05p%EFG=05106476F4B0BCB015CE24928C905584ADBEFC5B309FCF04F160EE6E0B to LEAF %0BW%C5_%9D7b=28FF5DD07BFD4DB3B13C0E24A42E514CF4F471E2DECF70CB16C0
Jan 15, 2015 6:21:52 PM org.ccnx.ccn.impl.sync.SliceComparator doComparison
O MAIS DETALHADO: name X (expanded) is /ccnx.org/test/SyncTestRepo-15-01-15-18.20.23/ccnSyncTest/slice9/randomFile/=FD054B82F6A1F4/=00/=0B8EC1430BAA5314F574BA2A508E0FEA573169B7F4FB56342BADB25C2D81AC38, name Y (expanded) is /ccnx.org/test/SyncTestRepo-15-01-15-18.20.23/ccnSyncTest/slice9/round2/randomFile/=FD054B82F70368/=0009/=D83B54A9597D386BD1F70F5DCBE2B53A8E30299E18CF3CA5DB43FA8A3FABC47A
Jan 15, 2015 6:21:52 PM org.ccnx.ccn.impl.sync.SliceComparator doComparison
O MAIS DETALHADO: name X (expanded) is /ccnx.org/test/SyncTestRepo-15-01-15-18.20.23/ccnSyncTest/slice9/randomFile/=FD054B82F6A1F4/=00/=0B8EC1430BAA5314F574BA2A508E0FEA573169B7F4FB56342BADB25C2D81AC38, name Y (expanded) is /ccnx.org/test/SyncTestRepo-15-01-15-18.20.23/ccnSyncTest/slice9/round2/randomFile/=FD054B82F70368/=000C/%12g=F68032F1C421F49B0E48DF2DC2985BBD75F9B7E2DF9B61402B2B14BAE608
Jan 15, 2015 6:21:52 PM org.ccnx.ccn.impl.sync.SliceComparator doComparison
O MAIS DETALHADO: name X is 0, pos X is 0, name Y is 8, pos Y is 8 comp is 1
Jan 15, 2015 6:21:52 PM org.ccnx.ccn.profiles.sync.SyncTestRepo.SyncHandler3 handleContentName
DETALHADO: Saw a name for callbackNames3
Jan 15, 2015 6:21:52 PM org.ccnx.ccn.impl.sync.SliceComparator doComparison
O MAIS DETALHADO: Compare LEAF %05p%EFG=05106476F4B0BCB015CE24928C905584ADBEFC5B309FCF04F160EE6E0B to LEAF %0BW%C5_%9D7b=28FF5DD07BFD4DB3B13C0E24A42E514CF4F471E2DECF70CB16C0
Jan 15, 2015 6:21:52 PM org.ccnx.ccn.impl.sync.SliceComparator doComparison
O MAIS DETALHADO: name X (expanded) is /ccnx.org/test/SyncTestRepo-15-01-15-18.20.23/ccnSyncTest/slice9/randomFile/=FD054B82F6A1F4/=00/=0B8EC1430BAA5314F574BA2A508E0FEA573169B7F4FB56342BADB25C2D81AC38, name Y (expanded) is /ccnx.org/test/SyncTestRepo-15-01-15-18.20.23/ccnSyncTest/slice9/round2/randomFile/=FD054B82F70368/=0008/=7F3ED4BBEB577721BFDB9700B41CAD7BC27630D97E7684BFF4CA20A25C12F306
Jan 15, 2015 6:21:52 PM org.ccnx.ccn.profiles.sync.SyncTestRepo doHandleContentName
INFORMAÇÕES: Number 3: Callback for name: /ccnx.org/test/SyncTestRepo-15-01-15-18.20.23/ccnSyncTest/slice9/round2/randomFile/=FD054B82F70368/=0009 - number is 9
Jan 15, 2015 6:21:52 PM org.ccnx.ccn.impl.sync.SliceComparator doComparison
O MAIS DETALHADO: Compare LEAF %05p%EFG=05106476F4B0BCB015CE24928C905584ADBEFC5B309FCF04F160EE6E0B to LEAF %0BW%C5_%9D7b=28FF5DD07BFD4DB3B13C0E24A42E514CF4F471E2DECF70CB16C0
Jan 15, 2015 6:21:52 PM org.ccnx.ccn.profiles.sync.SyncTestRepo.SyncHandler2 handleContentName
DETALHADO: Saw a name for callbackNames2
Jan 15, 2015 6:21:52 PM org.ccnx.ccn.impl.sync.SliceComparator doComparison
O MAIS DETALHADO: name X is 0, pos X is 0, name Y is 10, pos Y is 10 comp is 1
Jan 15, 2015 6:21:52 PM org.ccnx.ccn.profiles.sync.SyncTestRepo doHandleContentName
INFORMAÇÕES: Number 2: Callback for name: /ccnx.org/test/SyncTestRepo-15-01-15-18.20.23/ccnSyncTest/slice9/round2/randomFile/=FD054B82F70368/=0008 - number is 8
Jan 15, 2015 6:21:52 PM org.ccnx.ccn.impl.sync.SliceComparator doComparison
O MAIS DETALHADO: name X (expanded) is /ccnx.org/test/SyncTestRepo-15-01-15-18.20.23/ccnSyncTest/slice9/randomFile/=FD054B82F6A1F4/=00/=0B8EC1430BAA5314F574BA2A508E0FEA573169B7F4FB56342BADB25C2D81AC38, name Y (expanded) is /ccnx.org/test/SyncTestRepo-15-01-15-18.20.23/ccnSyncTest/slice9/round2/randomFile/=FD054B82F70368/=000A/%D6X=06CF0660D7A05A255ABE5EE89577DBDA22D403891A08E3CF33561A4951D9
Jan 15, 2015 6:21:52 PM org.ccnx.ccn.impl.sync.SliceComparator doComparison
O MAIS DETALHADO: Compare LEAF %05p%EFG=05106476F4B0BCB015CE24928C905584ADBEFC5B309FCF04F160EE6E0B to LEAF %0BW%C5_%9D7b=28FF5DD07BFD4DB3B13C0E24A42E514CF4F471E2DECF70CB16C0
Jan 15, 2015 6:21:52 PM org.ccnx.ccn.profiles.sync.SyncTestRepo.SyncHandler3 handleContentName
DETALHADO: Saw a name for callbackNames3
Jan 15, 2015 6:21:52 PM org.ccnx.ccn.impl.sync.SliceComparator doComparison
O MAIS DETALHADO: name X is 0, pos X is 0, name Y is 9, pos Y is 9 comp is 1
Jan 15, 2015 6:21:52 PM org.ccnx.ccn.profiles.sync.SyncTestRepo doHandleContentName
INFORMAÇÕES: Number 3: Callback for name: /ccnx.org/test/SyncTestRepo-15-01-15-18.20.23/ccnSyncTest/slice9/round2/randomFile/=FD054B82F70368/=000A - number is 10
Jan 15, 2015 6:21:52 PM org.ccnx.ccn.impl.sync.SliceComparator doComparison
O MAIS DETALHADO: name X (expanded) is /ccnx.org/test/SyncTestRepo-15-01-15-18.20.23/ccnSyncTest/slice9/randomFile/=FD054B82F6A1F4/=00/=0B8EC1430BAA5314F574BA2A508E0FEA573169B7F4FB56342BADB25C2D81AC38, name Y (expanded) is /ccnx.org/test/SyncTestRepo-15-01-15-18.20.23/ccnSyncTest/slice9/round2/randomFile/=FD054B82F70368/=0009/=D83B54A9597D386BD1F70F5DCBE2B53A8E30299E18CF3CA5DB43FA8A3FABC47A
Jan 15, 2015 6:21:52 PM org.ccnx.ccn.impl.sync.SliceComparator doComparison
O MAIS DETALHADO: Compare LEAF %05p%EFG=05106476F4B0BCB015CE24928C905584ADBEFC5B309FCF04F160EE6E0B to LEAF %0BW%C5_%9D7b=28FF5DD07BFD4DB3B13C0E24A42E514CF4F471E2DECF70CB16C0
Jan 15, 2015 6:21:52 PM org.ccnx.ccn.impl.sync.SliceComparator doComparison
O MAIS DETALHADO: name X is 0, pos X is 0, name Y is 13, pos Y is 13 comp is 1
Jan 15, 2015 6:21:52 PM org.ccnx.ccn.impl.sync.SliceComparator doComparison
O MAIS DETALHADO: name X is 0, pos X is 0, name Y is 11, pos Y is 11 comp is 1
Jan 15, 2015 6:21:52 PM org.ccnx.ccn.profiles.sync.SyncTestRepo.SyncHandler2 handleContentName
DETALHADO: Saw a name for callbackNames2
Jan 15, 2015 6:21:52 PM org.ccnx.ccn.impl.sync.SliceComparator doComparison
O MAIS DETALHADO: name X (expanded) is /ccnx.org/test/SyncTestRepo-15-01-15-18.20.23/ccnSyncTest/slice9/randomFile/=FD054B82F6A1F4/=00/=0B8EC1430BAA5314F574BA2A508E0FEA573169B7F4FB56342BADB25C2D81AC38, name Y (expanded) is /ccnx.org/test/SyncTestRepo-15-01-15-18.20.23/ccnSyncTest/slice9/round2/randomFile/=FD054B82F70368/=000B/=E6D5F01AA6A478594193F799CBB050C1FC136F06F16BDAB06253E0D03105B644
Jan 15, 2015 6:21:52 PM org.ccnx.ccn.impl.sync.SliceComparator doComparison
O MAIS DETALHADO: name X (expanded) is /ccnx.org/test/SyncTestRepo-15-01-15-18.20.23/ccnSyncTest/slice9/randomFile/=FD054B82F6A1F4/=00/=0B8EC1430BAA5314F574BA2A508E0FEA573169B7F4FB56342BADB25C2D81AC38, name Y (expanded) is /ccnx.org/test/SyncTestRepo-15-01-15-18.20.23/ccnSyncTest/slice9/round2/randomFile/=FD054B82F70368/=000D/%BFl=F58CA9266AD33268B2FD4A33824C4F3E763D4D8827A3EA6BD5D66A5CA06F
Jan 15, 2015 6:21:52 PM org.ccnx.ccn.profiles.sync.SyncTestRepo doHandleContentName
INFORMAÇÕES: Number 2: Callback for name: /ccnx.org/test/SyncTestRepo-15-01-15-18.20.23/ccnSyncTest/slice9/round2/randomFile/=FD054B82F70368/=0009 - number is 9
Jan 15, 2015 6:21:52 PM org.ccnx.ccn.profiles.sync.SyncTestRepo.SyncHandler3 handleContentName
DETALHADO: Saw a name for callbackNames3
Jan 15, 2015 6:21:52 PM org.ccnx.ccn.impl.sync.SliceComparator doComparison
O MAIS DETALHADO: Compare LEAF %05p%EFG=05106476F4B0BCB015CE24928C905584ADBEFC5B309FCF04F160EE6E0B to LEAF %0BW%C5_%9D7b=28FF5DD07BFD4DB3B13C0E24A42E514CF4F471E2DECF70CB16C0
Jan 15, 2015 6:21:52 PM org.ccnx.ccn.profiles.sync.SyncTestRepo doHandleContentName
INFORMAÇÕES: Number 3: Callback for name: /ccnx.org/test/SyncTestRepo-15-01-15-18.20.23/ccnSyncTest/slice9/round2/randomFile/=FD054B82F70368/=000B - number is 11
Jan 15, 2015 6:21:52 PM org.ccnx.ccn.impl.sync.SliceComparator doComparison
O MAIS DETALHADO: Compare LEAF %05p%EFG=05106476F4B0BCB015CE24928C905584ADBEFC5B309FCF04F160EE6E0B to LEAF %0BW%C5_%9D7b=28FF5DD07BFD4DB3B13C0E24A42E514CF4F471E2DECF70CB16C0
Jan 15, 2015 6:21:52 PM org.ccnx.ccn.impl.sync.SliceComparator doComparison
O MAIS DETALHADO: name X is 0, pos X is 0, name Y is 14, pos Y is 14 comp is 1
Jan 15, 2015 6:21:52 PM org.ccnx.ccn.impl.sync.SliceComparator doComparison
O MAIS DETALHADO: Compare LEAF %05p%EFG=05106476F4B0BCB015CE24928C905584ADBEFC5B309FCF04F160EE6E0B to LEAF %0BW%C5_%9D7b=28FF5DD07BFD4DB3B13C0E24A42E514CF4F471E2DECF70CB16C0
Jan 15, 2015 6:21:52 PM org.ccnx.ccn.impl.sync.SliceComparator doComparison
O MAIS DETALHADO: name X (expanded) is /ccnx.org/test/SyncTestRepo-15-01-15-18.20.23/ccnSyncTest/slice9/randomFile/=FD054B82F6A1F4/=00/=0B8EC1430BAA5314F574BA2A508E0FEA573169B7F4FB56342BADB25C2D81AC38, name Y (expanded) is /ccnx.org/test/SyncTestRepo-15-01-15-18.20.23/ccnSyncTest/slice9/round2/randomFile/=FD054B82F70368/=000E/=1A84023036DA94A7DD3336204ADE06F650AD629FFB79661935647CA1C1F16DE2
Jan 15, 2015 6:21:52 PM org.ccnx.ccn.impl.sync.SliceComparator doComparison
O MAIS DETALHADO: name X is 0, pos X is 0, name Y is 10, pos Y is 10 comp is 1
Jan 15, 2015 6:21:52 PM org.ccnx.ccn.impl.sync.SliceComparator doComparison
O MAIS DETALHADO: name X is 0, pos X is 0, name Y is 12, pos Y is 12 comp is 1
Jan 15, 2015 6:21:52 PM org.ccnx.ccn.impl.sync.SliceComparator doComparison
O MAIS DETALHADO: Compare LEAF %05p%EFG=05106476F4B0BCB015CE24928C905584ADBEFC5B309FCF04F160EE6E0B to LEAF %0BW%C5_%9D7b=28FF5DD07BFD4DB3B13C0E24A42E514CF4F471E2DECF70CB16C0
Jan 15, 2015 6:21:52 PM org.ccnx.ccn.impl.sync.SliceComparator doComparison
O MAIS DETALHADO: name X (expanded) is /ccnx.org/test/SyncTestRepo-15-01-15-18.20.23/ccnSyncTest/slice9/randomFile/=FD054B82F6A1F4/=00/=0B8EC1430BAA5314F574BA2A508E0FEA573169B7F4FB56342BADB25C2D81AC38, name Y (expanded) is /ccnx.org/test/SyncTestRepo-15-01-15-18.20.23/ccnSyncTest/slice9/round2/randomFile/=FD054B82F70368/=000A/%D6X=06CF0660D7A05A255ABE5EE89577DBDA22D403891A08E3CF33561A4951D9
Jan 15, 2015 6:21:52 PM org.ccnx.ccn.impl.sync.SliceComparator doComparison
O MAIS DETALHADO: name X (expanded) is /ccnx.org/test/SyncTestRepo-15-01-15-18.20.23/ccnSyncTest/slice9/randomFile/=FD054B82F6A1F4/=00/=0B8EC1430BAA5314F574BA2A508E0FEA573169B7F4FB56342BADB25C2D81AC38, name Y (expanded) is /ccnx.org/test/SyncTestRepo-15-01-15-18.20.23/ccnSyncTest/slice9/round2/randomFile/=FD054B82F70368/=000C/%12g=F68032F1C421F49B0E48DF2DC2985BBD75F9B7E2DF9B61402B2B14BAE608
Jan 15, 2015 6:21:52 PM org.ccnx.ccn.impl.sync.SliceComparator doComparison
O MAIS DETALHADO: name X is 0, pos X is 0, name Y is 15, pos Y is 15 comp is 1
Jan 15, 2015 6:21:52 PM org.ccnx.ccn.profiles.sync.SyncTestRepo.SyncHandler2 handleContentName
DETALHADO: Saw a name for callbackNames2
Jan 15, 2015 6:21:52 PM org.ccnx.ccn.profiles.sync.SyncTestRepo.SyncHandler3 handleContentName
DETALHADO: Saw a name for callbackNames3
Jan 15, 2015 6:21:52 PM org.ccnx.ccn.impl.sync.SliceComparator doComparison
O MAIS DETALHADO: name X (expanded) is /ccnx.org/test/SyncTestRepo-15-01-15-18.20.23/ccnSyncTest/slice9/randomFile/=FD054B82F6A1F4/=00/=0B8EC1430BAA5314F574BA2A508E0FEA573169B7F4FB56342BADB25C2D81AC38, name Y (expanded) is /ccnx.org/test/SyncTestRepo-15-01-15-18.20.23/ccnSyncTest/slice9/round2/randomFile/=FD054B82F70368/=000F/=B38945F39545C6301AD7B84E3E2BEAE8F469322833EE6689AB6E3DEBBF4546AE
Jan 15, 2015 6:21:52 PM org.ccnx.ccn.profiles.sync.SyncTestRepo doHandleContentName
INFORMAÇÕES: Number 2: Callback for name: /ccnx.org/test/SyncTestRepo-15-01-15-18.20.23/ccnSyncTest/slice9/round2/randomFile/=FD054B82F70368/=000A - number is 10
Jan 15, 2015 6:21:52 PM org.ccnx.ccn.profiles.sync.SyncTestRepo doHandleContentName
INFORMAÇÕES: Number 3: Callback for name: /ccnx.org/test/SyncTestRepo-15-01-15-18.20.23/ccnSyncTest/slice9/round2/randomFile/=FD054B82F70368/=000C - number is 12
Jan 15, 2015 6:21:52 PM org.ccnx.ccn.impl.sync.SliceComparator doComparison
O MAIS DETALHADO: Compare LEAF %05p%EFG=05106476F4B0BCB015CE24928C905584ADBEFC5B309FCF04F160EE6E0B to LEAF %0BW%C5_%9D7b=28FF5DD07BFD4DB3B13C0E24A42E514CF4F471E2DECF70CB16C0
Jan 15, 2015 6:21:52 PM org.ccnx.ccn.impl.sync.SliceComparator doComparison
O MAIS DETALHADO: Compare LEAF %05p%EFG=05106476F4B0BCB015CE24928C905584ADBEFC5B309FCF04F160EE6E0B to LEAF %0BW%C5_%9D7b=28FF5DD07BFD4DB3B13C0E24A42E514CF4F471E2DECF70CB16C0
Jan 15, 2015 6:21:52 PM org.ccnx.ccn.impl.sync.SliceComparator doComparison
O MAIS DETALHADO: Compare LEAF %05p%EFG=05106476F4B0BCB015CE24928C905584ADBEFC5B309FCF04F160EE6E0B to LEAF %0BW%C5_%9D7b=28FF5DD07BFD4DB3B13C0E24A42E514CF4F471E2DECF70CB16C0
Jan 15, 2015 6:21:52 PM org.ccnx.ccn.impl.sync.SliceComparator doComparison
O MAIS DETALHADO: name X is 0, pos X is 0, name Y is 11, pos Y is 11 comp is 1
Jan 15, 2015 6:21:52 PM org.ccnx.ccn.impl.sync.SliceComparator doComparison
O MAIS DETALHADO: name X is 0, pos X is 0, name Y is 13, pos Y is 13 comp is 1
Jan 15, 2015 6:21:52 PM org.ccnx.ccn.impl.sync.SliceComparator doComparison
O MAIS DETALHADO: name X is 0, pos X is 0, name Y is 16, pos Y is 16 comp is 1
Jan 15, 2015 6:21:52 PM org.ccnx.ccn.impl.sync.SliceComparator doComparison
O MAIS DETALHADO: name X (expanded) is /ccnx.org/test/SyncTestRepo-15-01-15-18.20.23/ccnSyncTest/slice9/randomFile/=FD054B82F6A1F4/=00/=0B8EC1430BAA5314F574BA2A508E0FEA573169B7F4FB56342BADB25C2D81AC38, name Y (expanded) is /ccnx.org/test/SyncTestRepo-15-01-15-18.20.23/ccnSyncTest/slice9/round2/randomFile/=FD054B82F70368/=000B/=E6D5F01AA6A478594193F799CBB050C1FC136F06F16BDAB06253E0D03105B644
Jan 15, 2015 6:21:52 PM org.ccnx.ccn.impl.sync.SliceComparator doComparison
O MAIS DETALHADO: name X (expanded) is /ccnx.org/test/SyncTestRepo-15-01-15-18.20.23/ccnSyncTest/slice9/randomFile/=FD054B82F6A1F4/=00/=0B8EC1430BAA5314F574BA2A508E0FEA573169B7F4FB56342BADB25C2D81AC38, name Y (expanded) is /ccnx.org/test/SyncTestRepo-15-01-15-18.20.23/ccnSyncTest/slice9/round2/randomFile/=FD054B82F70368/=000D/%BFl=F58CA9266AD33268B2FD4A33824C4F3E763D4D8827A3EA6BD5D66A5CA06F
Jan 15, 2015 6:21:52 PM org.ccnx.ccn.impl.sync.SliceComparator doComparison
O MAIS DETALHADO: name X (expanded) is /ccnx.org/test/SyncTestRepo-15-01-15-18.20.23/ccnSyncTest/slice9/randomFile/=FD054B82F6A1F4/=00/=0B8EC1430BAA5314F574BA2A508E0FEA573169B7F4FB56342BADB25C2D81AC38, name Y (expanded) is /ccnx.org/test/SyncTestRepo-15-01-15-18.20.23/ccnSyncTest/slice9/round2/randomFile/=FD054B82F70368/=0010/%912A2=B829F3B978B28FADD8D530DAEFF96AAD2777090954EA94304E7F2720
Jan 15, 2015 6:21:52 PM org.ccnx.ccn.profiles.sync.SyncTestRepo.SyncHandler2 handleContentName
DETALHADO: Saw a name for callbackNames2
Jan 15, 2015 6:21:52 PM org.ccnx.ccn.profiles.sync.SyncTestRepo.SyncHandler3 handleContentName
DETALHADO: Saw a name for callbackNames3
Jan 15, 2015 6:21:52 PM org.ccnx.ccn.impl.sync.SliceComparator doComparison
O MAIS DETALHADO: Compare LEAF %05p%EFG=05106476F4B0BCB015CE24928C905584ADBEFC5B309FCF04F160EE6E0B to LEAF %0BW%C5_%9D7b=28FF5DD07BFD4DB3B13C0E24A42E514CF4F471E2DECF70CB16C0
Jan 15, 2015 6:21:52 PM org.ccnx.ccn.profiles.sync.SyncTestRepo doHandleContentName
INFORMAÇÕES: Number 2: Callback for name: /ccnx.org/test/SyncTestRepo-15-01-15-18.20.23/ccnSyncTest/slice9/round2/randomFile/=FD054B82F70368/=000B - number is 11
Jan 15, 2015 6:21:52 PM org.ccnx.ccn.profiles.sync.SyncTestRepo doHandleContentName
INFORMAÇÕES: Number 3: Callback for name: /ccnx.org/test/SyncTestRepo-15-01-15-18.20.23/ccnSyncTest/slice9/round2/randomFile/=FD054B82F70368/=000D - number is 13
Jan 15, 2015 6:21:52 PM org.ccnx.ccn.impl.sync.SliceComparator doComparison
O MAIS DETALHADO: name X is 0, pos X is 0, name Y is 17, pos Y is 17 comp is 1
Jan 15, 2015 6:21:52 PM org.ccnx.ccn.impl.sync.SliceComparator doComparison
O MAIS DETALHADO: Compare LEAF %05p%EFG=05106476F4B0BCB015CE24928C905584ADBEFC5B309FCF04F160EE6E0B to LEAF %0BW%C5_%9D7b=28FF5DD07BFD4DB3B13C0E24A42E514CF4F471E2DECF70CB16C0
Jan 15, 2015 6:21:52 PM org.ccnx.ccn.impl.sync.SliceComparator doComparison
O MAIS DETALHADO: Compare LEAF %05p%EFG=05106476F4B0BCB015CE24928C905584ADBEFC5B309FCF04F160EE6E0B to LEAF %0BW%C5_%9D7b=28FF5DD07BFD4DB3B13C0E24A42E514CF4F471E2DECF70CB16C0
Jan 15, 2015 6:21:52 PM org.ccnx.ccn.impl.sync.SliceComparator doComparison
O MAIS DETALHADO: name X (expanded) is /ccnx.org/test/SyncTestRepo-15-01-15-18.20.23/ccnSyncTest/slice9/randomFile/=FD054B82F6A1F4/=00/=0B8EC1430BAA5314F574BA2A508E0FEA573169B7F4FB56342BADB25C2D81AC38, name Y (expanded) is /ccnx.org/test/SyncTestRepo-15-01-15-18.20.23/ccnSyncTest/slice9/round2/randomFile/=FD054B82F70368/=0011/=8496FA7CCFA86F67EC1A50781E31759D5679A9064CB34A9745998276AD9730D2
Jan 15, 2015 6:21:52 PM org.ccnx.ccn.impl.sync.SliceComparator doComparison
O MAIS DETALHADO: name X is 0, pos X is 0, name Y is 12, pos Y is 12 comp is 1
Jan 15, 2015 6:21:52 PM org.ccnx.ccn.impl.sync.SliceComparator doComparison
O MAIS DETALHADO: name X is 0, pos X is 0, name Y is 14, pos Y is 14 comp is 1
Jan 15, 2015 6:21:52 PM org.ccnx.ccn.impl.sync.SliceComparator doComparison
O MAIS DETALHADO: Compare LEAF %05p%EFG=05106476F4B0BCB015CE24928C905584ADBEFC5B309FCF04F160EE6E0B to LEAF %0BW%C5_%9D7b=28FF5DD07BFD4DB3B13C0E24A42E514CF4F471E2DECF70CB16C0
Jan 15, 2015 6:21:52 PM org.ccnx.ccn.impl.sync.SliceComparator doComparison
O MAIS DETALHADO: name X (expanded) is /ccnx.org/test/SyncTestRepo-15-01-15-18.20.23/ccnSyncTest/slice9/randomFile/=FD054B82F6A1F4/=00/=0B8EC1430BAA5314F574BA2A508E0FEA573169B7F4FB56342BADB25C2D81AC38, name Y (expanded) is /ccnx.org/test/SyncTestRepo-15-01-15-18.20.23/ccnSyncTest/slice9/round2/randomFile/=FD054B82F70368/=000E/=1A84023036DA94A7DD3336204ADE06F650AD629FFB79661935647CA1C1F16DE2
Jan 15, 2015 6:21:52 PM org.ccnx.ccn.impl.sync.SliceComparator doComparison
O MAIS DETALHADO: name X (expanded) is /ccnx.org/test/SyncTestRepo-15-01-15-18.20.23/ccnSyncTest/slice9/randomFile/=FD054B82F6A1F4/=00/=0B8EC1430BAA5314F574BA2A508E0FEA573169B7F4FB56342BADB25C2D81AC38, name Y (expanded) is /ccnx.org/test/SyncTestRepo-15-01-15-18.20.23/ccnSyncTest/slice9/round2/randomFile/=FD054B82F70368/=000C/%12g=F68032F1C421F49B0E48DF2DC2985BBD75F9B7E2DF9B61402B2B14BAE608
Jan 15, 2015 6:21:52 PM org.ccnx.ccn.impl.sync.SliceComparator doComparison
O MAIS DETALHADO: name X is 0, pos X is 0, name Y is 18, pos Y is 18 comp is 1
Jan 15, 2015 6:21:52 PM org.ccnx.ccn.profiles.sync.SyncTestRepo.SyncHandler3 handleContentName
DETALHADO: Saw a name for callbackNames3
Jan 15, 2015 6:21:52 PM org.ccnx.ccn.profiles.sync.SyncTestRepo.SyncHandler2 handleContentName
DETALHADO: Saw a name for callbackNames2
Jan 15, 2015 6:21:52 PM org.ccnx.ccn.profiles.sync.SyncTestRepo doHandleContentName
INFORMAÇÕES: Number 3: Callback for name: /ccnx.org/test/SyncTestRepo-15-01-15-18.20.23/ccnSyncTest/slice9/round2/randomFile/=FD054B82F70368/=000E - number is 14
Jan 15, 2015 6:21:52 PM org.ccnx.ccn.impl.sync.SliceComparator doComparison
O MAIS DETALHADO: name X (expanded) is /ccnx.org/test/SyncTestRepo-15-01-15-18.20.23/ccnSyncTest/slice9/randomFile/=FD054B82F6A1F4/=00/=0B8EC1430BAA5314F574BA2A508E0FEA573169B7F4FB56342BADB25C2D81AC38, name Y (expanded) is /ccnx.org/test/SyncTestRepo-15-01-15-18.20.23/ccnSyncTest/slice9/round2/randomFile/=FD054B82F70368/=0012/=CE7BEAB654C20A396E37FCE0D5A6A8ABB52B92DC07981C6A11D66406D59EA3AE
Jan 15, 2015 6:21:52 PM org.ccnx.ccn.profiles.sync.SyncTestRepo doHandleContentName
INFORMAÇÕES: Number 2: Callback for name: /ccnx.org/test/SyncTestRepo-15-01-15-18.20.23/ccnSyncTest/slice9/round2/randomFile/=FD054B82F70368/=000C - number is 12
Jan 15, 2015 6:21:52 PM org.ccnx.ccn.impl.sync.SliceComparator doComparison
O MAIS DETALHADO: Compare LEAF %05p%EFG=05106476F4B0BCB015CE24928C905584ADBEFC5B309FCF04F160EE6E0B to LEAF %0BW%C5_%9D7b=28FF5DD07BFD4DB3B13C0E24A42E514CF4F471E2DECF70CB16C0
Jan 15, 2015 6:21:52 PM org.ccnx.ccn.impl.sync.SliceComparator doComparison
O MAIS DETALHADO: Compare LEAF %05p%EFG=05106476F4B0BCB015CE24928C905584ADBEFC5B309FCF04F160EE6E0B to LEAF %0BW%C5_%9D7b=28FF5DD07BFD4DB3B13C0E24A42E514CF4F471E2DECF70CB16C0
Jan 15, 2015 6:21:52 PM org.ccnx.ccn.impl.sync.SliceComparator doComparison
O MAIS DETALHADO: Compare LEAF %05p%EFG=05106476F4B0BCB015CE24928C905584ADBEFC5B309FCF04F160EE6E0B to LEAF %0BW%C5_%9D7b=28FF5DD07BFD4DB3B13C0E24A42E514CF4F471E2DECF70CB16C0
Jan 15, 2015 6:21:52 PM org.ccnx.ccn.impl.sync.SliceComparator doComparison
O MAIS DETALHADO: name X is 0, pos X is 0, name Y is 15, pos Y is 15 comp is 1
Jan 15, 2015 6:21:52 PM org.ccnx.ccn.impl.sync.SliceComparator doComparison
O MAIS DETALHADO: name X is 0, pos X is 0, name Y is 19, pos Y is 19 comp is 1
Jan 15, 2015 6:21:52 PM org.ccnx.ccn.impl.sync.SliceComparator doComparison
O MAIS DETALHADO: name X is 0, pos X is 0, name Y is 13, pos Y is 13 comp is 1
Jan 15, 2015 6:21:52 PM org.ccnx.ccn.impl.sync.SliceComparator doComparison
O MAIS DETALHADO: name X (expanded) is /ccnx.org/test/SyncTestRepo-15-01-15-18.20.23/ccnSyncTest/slice9/randomFile/=FD054B82F6A1F4/=00/=0B8EC1430BAA5314F574BA2A508E0FEA573169B7F4FB56342BADB25C2D81AC38, name Y (expanded) is /ccnx.org/test/SyncTestRepo-15-01-15-18.20.23/ccnSyncTest/slice9/round2/randomFile/=FD054B82F70368/=000F/=B38945F39545C6301AD7B84E3E2BEAE8F469322833EE6689AB6E3DEBBF4546AE
Jan 15, 2015 6:21:52 PM org.ccnx.ccn.impl.sync.SliceComparator doComparison
O MAIS DETALHADO: name X (expanded) is /ccnx.org/test/SyncTestRepo-15-01-15-18.20.23/ccnSyncTest/slice9/randomFile/=FD054B82F6A1F4/=00/=0B8EC1430BAA5314F574BA2A508E0FEA573169B7F4FB56342BADB25C2D81AC38, name Y (expanded) is /ccnx.org/test/SyncTestRepo-15-01-15-18.20.23/ccnSyncTest/slice9/round2/randomFile/=FD054B82F70368/=0013/vH=002792FD6E024E026964ECE607FAC186DBCF9D00CF26FF622E20E3F31966
Jan 15, 2015 6:21:52 PM org.ccnx.ccn.profiles.sync.SyncTestRepo.SyncHandler3 handleContentName
DETALHADO: Saw a name for callbackNames3
Jan 15, 2015 6:21:52 PM org.ccnx.ccn.impl.sync.SliceComparator doComparison
O MAIS DETALHADO: name X (expanded) is /ccnx.org/test/SyncTestRepo-15-01-15-18.20.23/ccnSyncTest/slice9/randomFile/=FD054B82F6A1F4/=00/=0B8EC1430BAA5314F574BA2A508E0FEA573169B7F4FB56342BADB25C2D81AC38, name Y (expanded) is /ccnx.org/test/SyncTestRepo-15-01-15-18.20.23/ccnSyncTest/slice9/round2/randomFile/=FD054B82F70368/=000D/%BFl=F58CA9266AD33268B2FD4A33824C4F3E763D4D8827A3EA6BD5D66A5CA06F
Jan 15, 2015 6:21:52 PM org.ccnx.ccn.impl.sync.SliceComparator doComparison
O MAIS DETALHADO: Compare LEAF %05p%EFG=05106476F4B0BCB015CE24928C905584ADBEFC5B309FCF04F160EE6E0B to LEAF %0BW%C5_%9D7b=28FF5DD07BFD4DB3B13C0E24A42E514CF4F471E2DECF70CB16C0
Jan 15, 2015 6:21:52 PM org.ccnx.ccn.profiles.sync.SyncTestRepo doHandleContentName
INFORMAÇÕES: Number 3: Callback for name: /ccnx.org/test/SyncTestRepo-15-01-15-18.20.23/ccnSyncTest/slice9/round2/randomFile/=FD054B82F70368/=000F - number is 15
Jan 15, 2015 6:21:52 PM org.ccnx.ccn.profiles.sync.SyncTestRepo.SyncHandler2 handleContentName
DETALHADO: Saw a name for callbackNames2
Jan 15, 2015 6:21:52 PM org.ccnx.ccn.impl.sync.SliceComparator doComparison
O MAIS DETALHADO: Compare LEAF %05p%EFG=05106476F4B0BCB015CE24928C905584ADBEFC5B309FCF04F160EE6E0B to LEAF %0BW%C5_%9D7b=28FF5DD07BFD4DB3B13C0E24A42E514CF4F471E2DECF70CB16C0
Jan 15, 2015 6:21:52 PM org.ccnx.ccn.impl.sync.SliceComparator doComparison
O MAIS DETALHADO: name X is 0, pos X is 0, name Y is 20, pos Y is 20 comp is 1
Jan 15, 2015 6:21:52 PM org.ccnx.ccn.profiles.sync.SyncTestRepo doHandleContentName
INFORMAÇÕES: Number 2: Callback for name: /ccnx.org/test/SyncTestRepo-15-01-15-18.20.23/ccnSyncTest/slice9/round2/randomFile/=FD054B82F70368/=000D - number is 13
Jan 15, 2015 6:21:52 PM org.ccnx.ccn.impl.sync.SliceComparator doComparison
O MAIS DETALHADO: name X is 0, pos X is 0, name Y is 16, pos Y is 16 comp is 1
Jan 15, 2015 6:21:52 PM org.ccnx.ccn.impl.sync.SliceComparator doComparison
O MAIS DETALHADO: name X (expanded) is /ccnx.org/test/SyncTestRepo-15-01-15-18.20.23/ccnSyncTest/slice9/randomFile/=FD054B82F6A1F4/=00/=0B8EC1430BAA5314F574BA2A508E0FEA573169B7F4FB56342BADB25C2D81AC38, name Y (expanded) is /ccnx.org/test/SyncTestRepo-15-01-15-18.20.23/ccnSyncTest/slice9/round2/randomFile/=FD054B82F70368/=0014/G=107F6493D005879E926ADB2BDAE91D97E039BE5CA7D47F89B3BA821CB861E0
Jan 15, 2015 6:21:52 PM org.ccnx.ccn.impl.sync.SliceComparator doComparison
O MAIS DETALHADO: name X (expanded) is /ccnx.org/test/SyncTestRepo-15-01-15-18.20.23/ccnSyncTest/slice9/randomFile/=FD054B82F6A1F4/=00/=0B8EC1430BAA5314F574BA2A508E0FEA573169B7F4FB56342BADB25C2D81AC38, name Y (expanded) is /ccnx.org/test/SyncTestRepo-15-01-15-18.20.23/ccnSyncTest/slice9/round2/randomFile/=FD054B82F70368/=0010/%912A2=B829F3B978B28FADD8D530DAEFF96AAD2777090954EA94304E7F2720
Jan 15, 2015 6:21:52 PM org.ccnx.ccn.impl.sync.SliceComparator doComparison
O MAIS DETALHADO: Compare LEAF %05p%EFG=05106476F4B0BCB015CE24928C905584ADBEFC5B309FCF04F160EE6E0B to LEAF %0BW%C5_%9D7b=28FF5DD07BFD4DB3B13C0E24A42E514CF4F471E2DECF70CB16C0
Jan 15, 2015 6:21:52 PM org.ccnx.ccn.impl.sync.SliceComparator doComparison
O MAIS DETALHADO: Compare LEAF %05p%EFG=05106476F4B0BCB015CE24928C905584ADBEFC5B309FCF04F160EE6E0B to LEAF %0BW%C5_%9D7b=28FF5DD07BFD4DB3B13C0E24A42E514CF4F471E2DECF70CB16C0
Jan 15, 2015 6:21:52 PM org.ccnx.ccn.profiles.sync.SyncTestRepo.SyncHandler3 handleContentName
DETALHADO: Saw a name for callbackNames3
Jan 15, 2015 6:21:52 PM org.ccnx.ccn.impl.sync.SliceComparator doComparison
O MAIS DETALHADO: name X is 0, pos X is 0, name Y is 14, pos Y is 14 comp is 1
Jan 15, 2015 6:21:52 PM org.ccnx.ccn.impl.sync.SliceComparator doComparison
O MAIS DETALHADO: name X is 0, pos X is 0, name Y is 21, pos Y is 21 comp is 1
Jan 15, 2015 6:21:52 PM org.ccnx.ccn.profiles.sync.SyncTestRepo doHandleContentName
INFORMAÇÕES: Number 3: Callback for name: /ccnx.org/test/SyncTestRepo-15-01-15-18.20.23/ccnSyncTest/slice9/round2/randomFile/=FD054B82F70368/=0010 - number is 16
Jan 15, 2015 6:21:52 PM org.ccnx.ccn.impl.sync.SliceComparator doComparison
O MAIS DETALHADO: name X (expanded) is /ccnx.org/test/SyncTestRepo-15-01-15-18.20.23/ccnSyncTest/slice9/randomFile/=FD054B82F6A1F4/=00/=0B8EC1430BAA5314F574BA2A508E0FEA573169B7F4FB56342BADB25C2D81AC38, name Y (expanded) is /ccnx.org/test/SyncTestRepo-15-01-15-18.20.23/ccnSyncTest/slice9/round2/randomFile/=FD054B82F70368/=000E/=1A84023036DA94A7DD3336204ADE06F650AD629FFB79661935647CA1C1F16DE2
Jan 15, 2015 6:21:52 PM org.ccnx.ccn.impl.sync.SliceComparator doComparison
O MAIS DETALHADO: name X (expanded) is /ccnx.org/test/SyncTestRepo-15-01-15-18.20.23/ccnSyncTest/slice9/randomFile/=FD054B82F6A1F4/=00/=0B8EC1430BAA5314F574BA2A508E0FEA573169B7F4FB56342BADB25C2D81AC38, name Y (expanded) is /ccnx.org/test/SyncTestRepo-15-01-15-18.20.23/ccnSyncTest/slice9/round2/randomFile/=FD054B82F70368/=0015/Q=FAE75832A7FD55A6D1016A40F841555C4FEB2763EC208385C899CBE5B35CCE
Jan 15, 2015 6:21:52 PM org.ccnx.ccn.impl.sync.SliceComparator doComparison
O MAIS DETALHADO: Compare LEAF %05p%EFG=05106476F4B0BCB015CE24928C905584ADBEFC5B309FCF04F160EE6E0B to LEAF %0BW%C5_%9D7b=28FF5DD07BFD4DB3B13C0E24A42E514CF4F471E2DECF70CB16C0
Jan 15, 2015 6:21:52 PM org.ccnx.ccn.profiles.sync.SyncTestRepo.SyncHandler2 handleContentName
DETALHADO: Saw a name for callbackNames2
Jan 15, 2015 6:21:52 PM org.ccnx.ccn.impl.sync.SliceComparator doComparison
O MAIS DETALHADO: name X is 0, pos X is 0, name Y is 17, pos Y is 17 comp is 1
Jan 15, 2015 6:21:52 PM org.ccnx.ccn.impl.sync.SliceComparator doComparison
O MAIS DETALHADO: Compare LEAF %05p%EFG=05106476F4B0BCB015CE24928C905584ADBEFC5B309FCF04F160EE6E0B to NODE =28DED466A17AD8984F1C6B9A7470FB8F54402433FCBE38860A5FABEAA52D597D75
Jan 15, 2015 6:21:52 PM org.ccnx.ccn.impl.sync.SliceComparator doComparison
O MAIS DETALHADO: name X (expanded) is /ccnx.org/test/SyncTestRepo-15-01-15-18.20.23/ccnSyncTest/slice9/randomFile/=FD054B82F6A1F4/=00/=0B8EC1430BAA5314F574BA2A508E0FEA573169B7F4FB56342BADB25C2D81AC38, name Y (expanded) is /ccnx.org/test/SyncTestRepo-15-01-15-18.20.23/ccnSyncTest/slice9/round2/randomFile/=FD054B82F70368/=0011/=8496FA7CCFA86F67EC1A50781E31759D5679A9064CB34A9745998276AD9730D2
Jan 15, 2015 6:21:52 PM org.ccnx.ccn.profiles.sync.SyncTestRepo doHandleContentName
INFORMAÇÕES: Number 2: Callback for name: /ccnx.org/test/SyncTestRepo-15-01-15-18.20.23/ccnSyncTest/slice9/round2/randomFile/=FD054B82F70368/=000E - number is 14
Jan 15, 2015 6:21:52 PM org.ccnx.ccn.impl.sync.SliceComparator doComparison
O MAIS DETALHADO: minname is 0, maxname is 0, X name is 0, pos X is 0, pos Y is 1
Jan 15, 2015 6:21:52 PM org.ccnx.ccn.profiles.sync.SyncTestRepo.SyncHandler3 handleContentName
DETALHADO: Saw a name for callbackNames3
Jan 15, 2015 6:21:52 PM org.ccnx.ccn.impl.sync.SliceComparator doComparison
O MAIS DETALHADO: Compare LEAF %05p%EFG=05106476F4B0BCB015CE24928C905584ADBEFC5B309FCF04F160EE6E0B to LEAF %0BW%C5_%9D7b=28FF5DD07BFD4DB3B13C0E24A42E514CF4F471E2DECF70CB16C0
Jan 15, 2015 6:21:52 PM org.ccnx.ccn.profiles.sync.SyncTestRepo doHandleContentName
INFORMAÇÕES: Number 3: Callback for name: /ccnx.org/test/SyncTestRepo-15-01-15-18.20.23/ccnSyncTest/slice9/round2/randomFile/=FD054B82F70368/=0011 - number is 17
Jan 15, 2015 6:21:52 PM org.ccnx.ccn.impl.sync.SliceComparator doComparison
O MAIS DETALHADO: minname (expanded) is /ccnx.org/test/SyncTestRepo-15-01-15-18.20.23/ccnSyncTest/slice9/round2/randomFile/=FD054B82F70368/=00/=B97F65C641ECD73502119EB69D2576BAC16B3BF85AD4553028EB611D8E11F489, maxname (expanded) is /ccnx.org/test/SyncTestRepo-15-01-15-18.20.23/ccnSyncTest/slice9/randomFile/=FD054B82F6A1F4/%C1.META.M/.header/=FD054B82F6A277/=00/%E1d=DD9BAB5C9B8BB01ED5ACE2DBD7444D09943A4AAAF2EB897BB30A2244EAE0
Jan 15, 2015 6:21:52 PM org.ccnx.ccn.impl.sync.SliceComparator doComparison
O MAIS DETALHADO: name X is 0, pos X is 0, name Y is 15, pos Y is 15 comp is 1
Jan 15, 2015 6:21:52 PM org.ccnx.ccn.impl.sync.SliceComparator doComparison
O MAIS DETALHADO: Compare LEAF %05p%EFG=05106476F4B0BCB015CE24928C905584ADBEFC5B309FCF04F160EE6E0B to LEAF %0BW%C5_%9D7b=28FF5DD07BFD4DB3B13C0E24A42E514CF4F471E2DECF70CB16C0
Jan 15, 2015 6:21:52 PM org.ccnx.ccn.impl.sync.SliceComparator doComparison
O MAIS DETALHADO: sneX (expanded) is /ccnx.org/test/SyncTestRepo-15-01-15-18.20.23/ccnSyncTest/slice9/randomFile/=FD054B82F6A1F4/=00/=0B8EC1430BAA5314F574BA2A508E0FEA573169B7F4FB56342BADB25C2D81AC38, comp is 1
Jan 15, 2015 6:21:52 PM org.ccnx.ccn.impl.sync.SliceComparator doComparison
O MAIS DETALHADO: name X (expanded) is /ccnx.org/test/SyncTestRepo-15-01-15-18.20.23/ccnSyncTest/slice9/randomFile/=FD054B82F6A1F4/=00/=0B8EC1430BAA5314F574BA2A508E0FEA573169B7F4FB56342BADB25C2D81AC38, name Y (expanded) is /ccnx.org/test/SyncTestRepo-15-01-15-18.20.23/ccnSyncTest/slice9/round2/randomFile/=FD054B82F70368/=000F/=B38945F39545C6301AD7B84E3E2BEAE8F469322833EE6689AB6E3DEBBF4546AE
Jan 15, 2015 6:21:52 PM org.ccnx.ccn.impl.sync.SliceComparator doComparison
O MAIS DETALHADO: name X is 0, pos X is 0, name Y is 18, pos Y is 18 comp is 1
Jan 15, 2015 6:21:52 PM org.ccnx.ccn.profiles.sync.SyncTestRepo.SyncHandler2 handleContentName
DETALHADO: Saw a name for callbackNames2
Jan 15, 2015 6:21:52 PM org.ccnx.ccn.impl.sync.SliceComparator doComparison
O MAIS DETALHADO: name X (expanded) is /ccnx.org/test/SyncTestRepo-15-01-15-18.20.23/ccnSyncTest/slice9/randomFile/=FD054B82F6A1F4/=00/=0B8EC1430BAA5314F574BA2A508E0FEA573169B7F4FB56342BADB25C2D81AC38, name Y (expanded) is /ccnx.org/test/SyncTestRepo-15-01-15-18.20.23/ccnSyncTest/slice9/round2/randomFile/=FD054B82F70368/=0012/=CE7BEAB654C20A396E37FCE0D5A6A8ABB52B92DC07981C6A11D66406D59EA3AE
Jan 15, 2015 6:21:52 PM org.ccnx.ccn.profiles.sync.SyncTestRepo doHandleContentName
INFORMAÇÕES: Number 2: Callback for name: /ccnx.org/test/SyncTestRepo-15-01-15-18.20.23/ccnSyncTest/slice9/round2/randomFile/=FD054B82F70368/=000F - number is 15
Jan 15, 2015 6:21:52 PM org.ccnx.ccn.profiles.sync.SyncTestRepo.SyncHandler3 handleContentName
DETALHADO: Saw a name for callbackNames3
Jan 15, 2015 6:21:52 PM org.ccnx.ccn.impl.sync.SliceComparator doComparison
O MAIS DETALHADO: Compare LEAF %05p%EFG=05106476F4B0BCB015CE24928C905584ADBEFC5B309FCF04F160EE6E0B to LEAF %0BW%C5_%9D7b=28FF5DD07BFD4DB3B13C0E24A42E514CF4F471E2DECF70CB16C0
Jan 15, 2015 6:21:52 PM org.ccnx.ccn.profiles.sync.SyncTestRepo doHandleContentName
INFORMAÇÕES: Number 3: Callback for name: /ccnx.org/test/SyncTestRepo-15-01-15-18.20.23/ccnSyncTest/slice9/round2/randomFile/=FD054B82F70368/=0012 - number is 18
Jan 15, 2015 6:21:52 PM org.ccnx.ccn.impl.sync.SliceComparator doComparison
O MAIS DETALHADO: name X is 0, pos X is 0, name Y is 16, pos Y is 16 comp is 1
Jan 15, 2015 6:21:52 PM org.ccnx.ccn.impl.sync.SliceComparator doComparison
O MAIS DETALHADO: Compare LEAF %05p%EFG=05106476F4B0BCB015CE24928C905584ADBEFC5B309FCF04F160EE6E0B to LEAF %0BW%C5_%9D7b=28FF5DD07BFD4DB3B13C0E24A42E514CF4F471E2DECF70CB16C0
Jan 15, 2015 6:21:52 PM org.ccnx.ccn.impl.sync.SliceComparator doComparison
O MAIS DETALHADO: name X (expanded) is /ccnx.org/test/SyncTestRepo-15-01-15-18.20.23/ccnSyncTest/slice9/randomFile/=FD054B82F6A1F4/=00/=0B8EC1430BAA5314F574BA2A508E0FEA573169B7F4FB56342BADB25C2D81AC38, name Y (expanded) is /ccnx.org/test/SyncTestRepo-15-01-15-18.20.23/ccnSyncTest/slice9/round2/randomFile/=FD054B82F70368/=0010/%912A2=B829F3B978B28FADD8D530DAEFF96AAD2777090954EA94304E7F2720
Jan 15, 2015 6:21:52 PM org.ccnx.ccn.impl.sync.SliceComparator doComparison
O MAIS DETALHADO: name X is 0, pos X is 0, name Y is 19, pos Y is 19 comp is 1
Jan 15, 2015 6:21:52 PM org.ccnx.ccn.profiles.sync.SyncTestRepo.SyncHandler2 handleContentName
DETALHADO: Saw a name for callbackNames2
Jan 15, 2015 6:21:52 PM org.ccnx.ccn.impl.sync.SliceComparator doComparison
O MAIS DETALHADO: name X (expanded) is /ccnx.org/test/SyncTestRepo-15-01-15-18.20.23/ccnSyncTest/slice9/randomFile/=FD054B82F6A1F4/=00/=0B8EC1430BAA5314F574BA2A508E0FEA573169B7F4FB56342BADB25C2D81AC38, name Y (expanded) is /ccnx.org/test/SyncTestRepo-15-01-15-18.20.23/ccnSyncTest/slice9/round2/randomFile/=FD054B82F70368/=0013/vH=002792FD6E024E026964ECE607FAC186DBCF9D00CF26FF622E20E3F31966
Jan 15, 2015 6:21:52 PM org.ccnx.ccn.profiles.sync.SyncTestRepo doHandleContentName
INFORMAÇÕES: Number 2: Callback for name: /ccnx.org/test/SyncTestRepo-15-01-15-18.20.23/ccnSyncTest/slice9/round2/randomFile/=FD054B82F70368/=0010 - number is 16
Jan 15, 2015 6:21:52 PM org.ccnx.ccn.profiles.sync.SyncTestRepo.SyncHandler3 handleContentName
DETALHADO: Saw a name for callbackNames3
Jan 15, 2015 6:21:52 PM org.ccnx.ccn.impl.sync.SliceComparator doComparison
O MAIS DETALHADO: Compare LEAF %05p%EFG=05106476F4B0BCB015CE24928C905584ADBEFC5B309FCF04F160EE6E0B to LEAF %0BW%C5_%9D7b=28FF5DD07BFD4DB3B13C0E24A42E514CF4F471E2DECF70CB16C0
Jan 15, 2015 6:21:52 PM org.ccnx.ccn.profiles.sync.SyncTestRepo doHandleContentName
INFORMAÇÕES: Number 3: Callback for name: /ccnx.org/test/SyncTestRepo-15-01-15-18.20.23/ccnSyncTest/slice9/round2/randomFile/=FD054B82F70368/=0013 - number is 19
Jan 15, 2015 6:21:52 PM org.ccnx.ccn.impl.sync.SliceComparator doComparison
O MAIS DETALHADO: name X is 0, pos X is 0, name Y is 17, pos Y is 17 comp is 1
Jan 15, 2015 6:21:52 PM org.ccnx.ccn.impl.sync.SliceComparator doComparison
O MAIS DETALHADO: Compare LEAF %05p%EFG=05106476F4B0BCB015CE24928C905584ADBEFC5B309FCF04F160EE6E0B to LEAF %0BW%C5_%9D7b=28FF5DD07BFD4DB3B13C0E24A42E514CF4F471E2DECF70CB16C0
Jan 15, 2015 6:21:52 PM org.ccnx.ccn.impl.sync.SliceComparator doComparison
O MAIS DETALHADO: name X (expanded) is /ccnx.org/test/SyncTestRepo-15-01-15-18.20.23/ccnSyncTest/slice9/randomFile/=FD054B82F6A1F4/=00/=0B8EC1430BAA5314F574BA2A508E0FEA573169B7F4FB56342BADB25C2D81AC38, name Y (expanded) is /ccnx.org/test/SyncTestRepo-15-01-15-18.20.23/ccnSyncTest/slice9/round2/randomFile/=FD054B82F70368/=0011/=8496FA7CCFA86F67EC1A50781E31759D5679A9064CB34A9745998276AD9730D2
Jan 15, 2015 6:21:52 PM org.ccnx.ccn.impl.sync.SliceComparator doComparison
O MAIS DETALHADO: name X is 0, pos X is 0, name Y is 20, pos Y is 20 comp is 1
Jan 15, 2015 6:21:52 PM org.ccnx.ccn.profiles.sync.SyncTestRepo.SyncHandler2 handleContentName
DETALHADO: Saw a name for callbackNames2
Jan 15, 2015 6:21:52 PM org.ccnx.ccn.impl.sync.SliceComparator doComparison
O MAIS DETALHADO: name X (expanded) is /ccnx.org/test/SyncTestRepo-15-01-15-18.20.23/ccnSyncTest/slice9/randomFile/=FD054B82F6A1F4/=00/=0B8EC1430BAA5314F574BA2A508E0FEA573169B7F4FB56342BADB25C2D81AC38, name Y (expanded) is /ccnx.org/test/SyncTestRepo-15-01-15-18.20.23/ccnSyncTest/slice9/round2/randomFile/=FD054B82F70368/=0014/G=107F6493D005879E926ADB2BDAE91D97E039BE5CA7D47F89B3BA821CB861E0
Jan 15, 2015 6:21:52 PM org.ccnx.ccn.profiles.sync.SyncTestRepo doHandleContentName
INFORMAÇÕES: Number 2: Callback for name: /ccnx.org/test/SyncTestRepo-15-01-15-18.20.23/ccnSyncTest/slice9/round2/randomFile/=FD054B82F70368/=0011 - number is 17
Jan 15, 2015 6:21:52 PM org.ccnx.ccn.profiles.sync.SyncTestRepo.SyncHandler3 handleContentName
DETALHADO: Saw a name for callbackNames3
Jan 15, 2015 6:21:52 PM org.ccnx.ccn.impl.sync.SliceComparator doComparison
O MAIS DETALHADO: Compare LEAF %05p%EFG=05106476F4B0BCB015CE24928C905584ADBEFC5B309FCF04F160EE6E0B to LEAF %0BW%C5_%9D7b=28FF5DD07BFD4DB3B13C0E24A42E514CF4F471E2DECF70CB16C0
Jan 15, 2015 6:21:52 PM org.ccnx.ccn.profiles.sync.SyncTestRepo doHandleContentName
INFORMAÇÕES: Number 3: Callback for name: /ccnx.org/test/SyncTestRepo-15-01-15-18.20.23/ccnSyncTest/slice9/round2/randomFile/=FD054B82F70368/=0014 - number is 20
Jan 15, 2015 6:21:52 PM org.ccnx.ccn.impl.sync.SliceComparator doComparison
O MAIS DETALHADO: name X is 0, pos X is 0, name Y is 18, pos Y is 18 comp is 1
Jan 15, 2015 6:21:52 PM org.ccnx.ccn.impl.sync.SliceComparator doComparison
O MAIS DETALHADO: Compare LEAF %05p%EFG=05106476F4B0BCB015CE24928C905584ADBEFC5B309FCF04F160EE6E0B to LEAF %0BW%C5_%9D7b=28FF5DD07BFD4DB3B13C0E24A42E514CF4F471E2DECF70CB16C0
Jan 15, 2015 6:21:52 PM org.ccnx.ccn.impl.sync.SliceComparator doComparison
O MAIS DETALHADO: name X (expanded) is /ccnx.org/test/SyncTestRepo-15-01-15-18.20.23/ccnSyncTest/slice9/randomFile/=FD054B82F6A1F4/=00/=0B8EC1430BAA5314F574BA2A508E0FEA573169B7F4FB56342BADB25C2D81AC38, name Y (expanded) is /ccnx.org/test/SyncTestRepo-15-01-15-18.20.23/ccnSyncTest/slice9/round2/randomFile/=FD054B82F70368/=0012/=CE7BEAB654C20A396E37FCE0D5A6A8ABB52B92DC07981C6A11D66406D59EA3AE
Jan 15, 2015 6:21:52 PM org.ccnx.ccn.impl.sync.SliceComparator doComparison
O MAIS DETALHADO: name X is 0, pos X is 0, name Y is 21, pos Y is 21 comp is 1
Jan 15, 2015 6:21:52 PM org.ccnx.ccn.profiles.sync.SyncTestRepo.SyncHandler2 handleContentName
DETALHADO: Saw a name for callbackNames2
Jan 15, 2015 6:21:52 PM org.ccnx.ccn.impl.sync.SliceComparator doComparison
O MAIS DETALHADO: name X (expanded) is /ccnx.org/test/SyncTestRepo-15-01-15-18.20.23/ccnSyncTest/slice9/randomFile/=FD054B82F6A1F4/=00/=0B8EC1430BAA5314F574BA2A508E0FEA573169B7F4FB56342BADB25C2D81AC38, name Y (expanded) is /ccnx.org/test/SyncTestRepo-15-01-15-18.20.23/ccnSyncTest/slice9/round2/randomFile/=FD054B82F70368/=0015/Q=FAE75832A7FD55A6D1016A40F841555C4FEB2763EC208385C899CBE5B35CCE
Jan 15, 2015 6:21:52 PM org.ccnx.ccn.profiles.sync.SyncTestRepo doHandleContentName
INFORMAÇÕES: Number 2: Callback for name: /ccnx.org/test/SyncTestRepo-15-01-15-18.20.23/ccnSyncTest/slice9/round2/randomFile/=FD054B82F70368/=0012 - number is 18
Jan 15, 2015 6:21:52 PM org.ccnx.ccn.profiles.sync.SyncTestRepo.SyncHandler3 handleContentName
DETALHADO: Saw a name for callbackNames3
Jan 15, 2015 6:21:52 PM org.ccnx.ccn.impl.sync.SliceComparator doComparison
O MAIS DETALHADO: Compare LEAF %05p%EFG=05106476F4B0BCB015CE24928C905584ADBEFC5B309FCF04F160EE6E0B to LEAF %0BW%C5_%9D7b=28FF5DD07BFD4DB3B13C0E24A42E514CF4F471E2DECF70CB16C0
Jan 15, 2015 6:21:52 PM org.ccnx.ccn.profiles.sync.SyncTestRepo doHandleContentName
INFORMAÇÕES: Number 3: Callback for name: /ccnx.org/test/SyncTestRepo-15-01-15-18.20.23/ccnSyncTest/slice9/round2/randomFile/=FD054B82F70368/=0015 - number is 21
Jan 15, 2015 6:21:52 PM org.ccnx.ccn.impl.sync.SliceComparator doComparison
O MAIS DETALHADO: name X is 0, pos X is 0, name Y is 19, pos Y is 19 comp is 1
Jan 15, 2015 6:21:52 PM org.ccnx.ccn.impl.sync.SliceComparator doComparison
O MAIS DETALHADO: Compare LEAF %05p%EFG=05106476F4B0BCB015CE24928C905584ADBEFC5B309FCF04F160EE6E0B to NODE =28DED466A17AD8984F1C6B9A7470FB8F54402433FCBE38860A5FABEAA52D597D75
Jan 15, 2015 6:21:52 PM org.ccnx.ccn.impl.sync.SliceComparator doComparison
O MAIS DETALHADO: name X (expanded) is /ccnx.org/test/SyncTestRepo-15-01-15-18.20.23/ccnSyncTest/slice9/randomFile/=FD054B82F6A1F4/=00/=0B8EC1430BAA5314F574BA2A508E0FEA573169B7F4FB56342BADB25C2D81AC38, name Y (expanded) is /ccnx.org/test/SyncTestRepo-15-01-15-18.20.23/ccnSyncTest/slice9/round2/randomFile/=FD054B82F70368/=0013/vH=002792FD6E024E026964ECE607FAC186DBCF9D00CF26FF622E20E3F31966
Jan 15, 2015 6:21:52 PM org.ccnx.ccn.impl.sync.SliceComparator doComparison
O MAIS DETALHADO: minname is 0, maxname is 0, X name is 0, pos X is 0, pos Y is 1
Jan 15, 2015 6:21:52 PM org.ccnx.ccn.profiles.sync.SyncTestRepo.SyncHandler2 handleContentName
DETALHADO: Saw a name for callbackNames2
Jan 15, 2015 6:21:52 PM org.ccnx.ccn.impl.sync.SliceComparator doComparison
O MAIS DETALHADO: minname (expanded) is /ccnx.org/test/SyncTestRepo-15-01-15-18.20.23/ccnSyncTest/slice9/round2/randomFile/=FD054B82F70368/=00/=B97F65C641ECD73502119EB69D2576BAC16B3BF85AD4553028EB611D8E11F489, maxname (expanded) is /ccnx.org/test/SyncTestRepo-15-01-15-18.20.23/ccnSyncTest/slice9/randomFile/=FD054B82F6A1F4/%C1.META.M/.header/=FD054B82F6A277/=00/%E1d=DD9BAB5C9B8BB01ED5ACE2DBD7444D09943A4AAAF2EB897BB30A2244EAE0
Jan 15, 2015 6:21:52 PM org.ccnx.ccn.profiles.sync.SyncTestRepo doHandleContentName
INFORMAÇÕES: Number 2: Callback for name: /ccnx.org/test/SyncTestRepo-15-01-15-18.20.23/ccnSyncTest/slice9/round2/randomFile/=FD054B82F70368/=0013 - number is 19
Jan 15, 2015 6:21:52 PM org.ccnx.ccn.impl.sync.SliceComparator doComparison
O MAIS DETALHADO: sneX (expanded) is /ccnx.org/test/SyncTestRepo-15-01-15-18.20.23/ccnSyncTest/slice9/randomFile/=FD054B82F6A1F4/=00/=0B8EC1430BAA5314F574BA2A508E0FEA573169B7F4FB56342BADB25C2D81AC38, comp is 1
Jan 15, 2015 6:21:52 PM org.ccnx.ccn.impl.sync.SliceComparator doComparison
O MAIS DETALHADO: Compare LEAF %05p%EFG=05106476F4B0BCB015CE24928C905584ADBEFC5B309FCF04F160EE6E0B to LEAF %0BW%C5_%9D7b=28FF5DD07BFD4DB3B13C0E24A42E514CF4F471E2DECF70CB16C0
Jan 15, 2015 6:21:52 PM org.ccnx.ccn.impl.sync.SliceComparator doComparison
O MAIS DETALHADO: name X is 0, pos X is 0, name Y is 20, pos Y is 20 comp is 1
Jan 15, 2015 6:21:52 PM org.ccnx.ccn.impl.sync.SliceComparator doComparison
O MAIS DETALHADO: name X (expanded) is /ccnx.org/test/SyncTestRepo-15-01-15-18.20.23/ccnSyncTest/slice9/randomFile/=FD054B82F6A1F4/=00/=0B8EC1430BAA5314F574BA2A508E0FEA573169B7F4FB56342BADB25C2D81AC38, name Y (expanded) is /ccnx.org/test/SyncTestRepo-15-01-15-18.20.23/ccnSyncTest/slice9/round2/randomFile/=FD054B82F70368/=0014/G=107F6493D005879E926ADB2BDAE91D97E039BE5CA7D47F89B3BA821CB861E0
Jan 15, 2015 6:21:52 PM org.ccnx.ccn.profiles.sync.SyncTestRepo.SyncHandler2 handleContentName
DETALHADO: Saw a name for callbackNames2
Jan 15, 2015 6:21:52 PM org.ccnx.ccn.profiles.sync.SyncTestRepo doHandleContentName
INFORMAÇÕES: Number 2: Callback for name: /ccnx.org/test/SyncTestRepo-15-01-15-18.20.23/ccnSyncTest/slice9/round2/randomFile/=FD054B82F70368/=0014 - number is 20
Jan 15, 2015 6:21:52 PM org.ccnx.ccn.impl.sync.SliceComparator doComparison
O MAIS DETALHADO: Compare LEAF %05p%EFG=05106476F4B0BCB015CE24928C905584ADBEFC5B309FCF04F160EE6E0B to LEAF %0BW%C5_%9D7b=28FF5DD07BFD4DB3B13C0E24A42E514CF4F471E2DECF70CB16C0
Jan 15, 2015 6:21:52 PM org.ccnx.ccn.impl.sync.SliceComparator doComparison
O MAIS DETALHADO: name X is 0, pos X is 0, name Y is 21, pos Y is 21 comp is 1
Jan 15, 2015 6:21:52 PM org.ccnx.ccn.impl.sync.SliceComparator doComparison
O MAIS DETALHADO: name X (expanded) is /ccnx.org/test/SyncTestRepo-15-01-15-18.20.23/ccnSyncTest/slice9/randomFile/=FD054B82F6A1F4/=00/=0B8EC1430BAA5314F574BA2A508E0FEA573169B7F4FB56342BADB25C2D81AC38, name Y (expanded) is /ccnx.org/test/SyncTestRepo-15-01-15-18.20.23/ccnSyncTest/slice9/round2/randomFile/=FD054B82F70368/=0015/Q=FAE75832A7FD55A6D1016A40F841555C4FEB2763EC208385C899CBE5B35CCE
Jan 15, 2015 6:21:52 PM org.ccnx.ccn.profiles.sync.SyncTestRepo.SyncHandler2 handleContentName
DETALHADO: Saw a name for callbackNames2
Jan 15, 2015 6:21:52 PM org.ccnx.ccn.profiles.sync.SyncTestRepo doHandleContentName
INFORMAÇÕES: Number 2: Callback for name: /ccnx.org/test/SyncTestRepo-15-01-15-18.20.23/ccnSyncTest/slice9/round2/randomFile/=FD054B82F70368/=0015 - number is 21
Jan 15, 2015 6:21:52 PM org.ccnx.ccn.impl.sync.SliceComparator doComparison
O MAIS DETALHADO: Compare LEAF %05p%EFG=05106476F4B0BCB015CE24928C905584ADBEFC5B309FCF04F160EE6E0B to NODE =28DED466A17AD8984F1C6B9A7470FB8F54402433FCBE38860A5FABEAA52D597D75
Jan 15, 2015 6:21:52 PM org.ccnx.ccn.impl.sync.SliceComparator doComparison
O MAIS DETALHADO: minname is 0, maxname is 0, X name is 0, pos X is 0, pos Y is 1
Jan 15, 2015 6:21:52 PM org.ccnx.ccn.impl.sync.SliceComparator doComparison
O MAIS DETALHADO: minname (expanded) is /ccnx.org/test/SyncTestRepo-15-01-15-18.20.23/ccnSyncTest/slice9/round2/randomFile/=FD054B82F70368/=00/=B97F65C641ECD73502119EB69D2576BAC16B3BF85AD4553028EB611D8E11F489, maxname (expanded) is /ccnx.org/test/SyncTestRepo-15-01-15-18.20.23/ccnSyncTest/slice9/randomFile/=FD054B82F6A1F4/%C1.META.M/.header/=FD054B82F6A277/=00/%E1d=DD9BAB5C9B8BB01ED5ACE2DBD7444D09943A4AAAF2EB897BB30A2244EAE0
Jan 15, 2015 6:21:52 PM org.ccnx.ccn.impl.sync.SliceComparator doComparison
O MAIS DETALHADO: sneX (expanded) is /ccnx.org/test/SyncTestRepo-15-01-15-18.20.23/ccnSyncTest/slice9/randomFile/=FD054B82F6A1F4/=00/=0B8EC1430BAA5314F574BA2A508E0FEA573169B7F4FB56342BADB25C2D81AC38, comp is 1
Jan 15, 2015 6:21:52 PM org.ccnx.ccn.impl.sync.SliceComparator.NodeFetchHandler handleContent
DETALHADO: Saw data from nodefind: hash: %04Y=D9C97817FB4676EE0E098ACF984C70DC7711DDA66E967D613BA89209DC1BF0
Jan 15, 2015 6:21:52 PM org.ccnx.ccn.impl.sync.SliceComparator.NodeFetchHandler handleContent
DETALHADO: Saw data from nodefind: hash: =079C80B08E53ACF1962CDF4606613C73F343A36D29144BECBA9F1DF11FAB59514F
Jan 15, 2015 6:21:52 PM org.ccnx.ccn.io.content.SyncNodeComposite decodeLogging
O MAIS DETALHADO: decode node for =079C80B08E53ACF1962CDF4606613C73F343A36D29144BECBA9F1DF11FAB59514F depth = 1 refs = 18
Jan 15, 2015 6:21:52 PM org.ccnx.ccn.impl.sync.SliceComparator doComparison
O MAIS DETALHADO: Compare LEAF %05p%EFG=05106476F4B0BCB015CE24928C905584ADBEFC5B309FCF04F160EE6E0B to LEAF =079C80B08E53ACF1962CDF4606613C73F343A36D29144BECBA9F1DF11FAB59514F
Jan 15, 2015 6:21:52 PM org.ccnx.ccn.impl.sync.SliceComparator doComparison
O MAIS DETALHADO: Compare LEAF %05p%EFG=05106476F4B0BCB015CE24928C905584ADBEFC5B309FCF04F160EE6E0B to LEAF =079C80B08E53ACF1962CDF4606613C73F343A36D29144BECBA9F1DF11FAB59514F
Jan 15, 2015 6:21:52 PM org.ccnx.ccn.io.content.SyncNodeComposite decodeLogging
O MAIS DETALHADO: min is 22, max is 39, expanded min is /ccnx.org/test/SyncTestRepo-15-01-15-18.20.23/ccnSyncTest/slice9/round2/randomFile/=FD054B82F70368/=0016/2=BD182F3BE6BB1FFF31E8EB1E870B456B1B10297ECCB7D6F6A11471E738C0BB, expanded max is /ccnx.org/test/SyncTestRepo-15-01-15-18.20.23/ccnSyncTest/slice9/round2/randomFile/=FD054B82F70368/=0027/X=9AB1C9E49637E1C0F94604D6B9D7820643E1D6EDA0806F1AE4EC0E95015D71
Jan 15, 2015 6:21:52 PM org.ccnx.ccn.impl.sync.SliceComparator doComparison
O MAIS DETALHADO: name X is 0, pos X is 0, name Y is 22, pos Y is 0 comp is 1
Jan 15, 2015 6:21:52 PM org.ccnx.ccn.impl.sync.SliceComparator doComparison
O MAIS DETALHADO: Compare LEAF %05p%EFG=05106476F4B0BCB015CE24928C905584ADBEFC5B309FCF04F160EE6E0B to LEAF =079C80B08E53ACF1962CDF4606613C73F343A36D29144BECBA9F1DF11FAB59514F
Jan 15, 2015 6:21:52 PM org.ccnx.ccn.impl.sync.SliceComparator doComparison
O MAIS DETALHADO: name X (expanded) is /ccnx.org/test/SyncTestRepo-15-01-15-18.20.23/ccnSyncTest/slice9/randomFile/=FD054B82F6A1F4/=00/=0B8EC1430BAA5314F574BA2A508E0FEA573169B7F4FB56342BADB25C2D81AC38, name Y (expanded) is /ccnx.org/test/SyncTestRepo-15-01-15-18.20.23/ccnSyncTest/slice9/round2/randomFile/=FD054B82F70368/=0016/2=BD182F3BE6BB1FFF31E8EB1E870B456B1B10297ECCB7D6F6A11471E738C0BB
Jan 15, 2015 6:21:52 PM org.ccnx.ccn.impl.sync.SliceComparator.NodeFetchHandler handleContent
DETALHADO: Saw data from nodefind: hash: %08M=A6C37C916DBC7C91E030F4F7ACAAE0915DD2547F0118F2D9CB6C37B5AF0400
Jan 15, 2015 6:21:52 PM org.ccnx.ccn.impl.sync.SliceComparator doComparison
O MAIS DETALHADO: name X is 0, pos X is 0, name Y is 22, pos Y is 0 comp is 1
Jan 15, 2015 6:21:52 PM org.ccnx.ccn.impl.sync.SliceComparator doComparison
O MAIS DETALHADO: name X is 0, pos X is 0, name Y is 22, pos Y is 0 comp is 1
Jan 15, 2015 6:21:52 PM org.ccnx.ccn.impl.sync.SliceComparator doComparison
O MAIS DETALHADO: Compare LEAF %05p%EFG=05106476F4B0BCB015CE24928C905584ADBEFC5B309FCF04F160EE6E0B to LEAF =079C80B08E53ACF1962CDF4606613C73F343A36D29144BECBA9F1DF11FAB59514F
Jan 15, 2015 6:21:52 PM org.ccnx.ccn.impl.sync.SliceComparator doComparison
O MAIS DETALHADO: name X (expanded) is /ccnx.org/test/SyncTestRepo-15-01-15-18.20.23/ccnSyncTest/slice9/randomFile/=FD054B82F6A1F4/=00/=0B8EC1430BAA5314F574BA2A508E0FEA573169B7F4FB56342BADB25C2D81AC38, name Y (expanded) is /ccnx.org/test/SyncTestRepo-15-01-15-18.20.23/ccnSyncTest/slice9/round2/randomFile/=FD054B82F70368/=0016/2=BD182F3BE6BB1FFF31E8EB1E870B456B1B10297ECCB7D6F6A11471E738C0BB
Jan 15, 2015 6:21:52 PM org.ccnx.ccn.impl.sync.SliceComparator doComparison
O MAIS DETALHADO: name X (expanded) is /ccnx.org/test/SyncTestRepo-15-01-15-18.20.23/ccnSyncTest/slice9/randomFile/=FD054B82F6A1F4/=00/=0B8EC1430BAA5314F574BA2A508E0FEA573169B7F4FB56342BADB25C2D81AC38, name Y (expanded) is /ccnx.org/test/SyncTestRepo-15-01-15-18.20.23/ccnSyncTest/slice9/round2/randomFile/=FD054B82F70368/=0016/2=BD182F3BE6BB1FFF31E8EB1E870B456B1B10297ECCB7D6F6A11471E738C0BB
Jan 15, 2015 6:21:52 PM org.ccnx.ccn.impl.sync.SliceComparator doComparison
O MAIS DETALHADO: name X is 0, pos X is 0, name Y is 23, pos Y is 1 comp is 1
Jan 15, 2015 6:21:52 PM org.ccnx.ccn.impl.sync.SliceComparator.NodeFetchHandler handleContent
DETALHADO: Saw data from nodefind: hash: %09C=0DC98146607AC611CD9DF0FAC672D380873E73332FF4EB13A405EC51A9F576
Jan 15, 2015 6:21:52 PM org.ccnx.ccn.profiles.sync.SyncTestRepo.SyncHandler2 handleContentName
DETALHADO: Saw a name for callbackNames2
Jan 15, 2015 6:21:52 PM org.ccnx.ccn.impl.sync.SliceComparator doComparison
O MAIS DETALHADO: name X (expanded) is /ccnx.org/test/SyncTestRepo-15-01-15-18.20.23/ccnSyncTest/slice9/randomFile/=FD054B82F6A1F4/=00/=0B8EC1430BAA5314F574BA2A508E0FEA573169B7F4FB56342BADB25C2D81AC38, name Y (expanded) is /ccnx.org/test/SyncTestRepo-15-01-15-18.20.23/ccnSyncTest/slice9/round2/randomFile/=FD054B82F70368/=0017/=BBCA1BFEBEA780AE67D7E4B62E049313003C14B20DD84E248464619BD2DBCD20
Jan 15, 2015 6:21:52 PM org.ccnx.ccn.profiles.sync.SyncTestRepo.SyncHandler3 handleContentName
DETALHADO: Saw a name for callbackNames3
Jan 15, 2015 6:21:52 PM org.ccnx.ccn.profiles.sync.SyncTestRepo doHandleContentName
INFORMAÇÕES: Number 3: Callback for name: /ccnx.org/test/SyncTestRepo-15-01-15-18.20.23/ccnSyncTest/slice9/round2/randomFile/=FD054B82F70368/=0016 - number is 22
Jan 15, 2015 6:21:52 PM org.ccnx.ccn.impl.sync.SliceComparator doComparison
O MAIS DETALHADO: Compare LEAF %05p%EFG=05106476F4B0BCB015CE24928C905584ADBEFC5B309FCF04F160EE6E0B to LEAF =079C80B08E53ACF1962CDF4606613C73F343A36D29144BECBA9F1DF11FAB59514F
Jan 15, 2015 6:21:52 PM org.ccnx.ccn.profiles.sync.SyncTestRepo doHandleContentName
INFORMAÇÕES: Number 2: Callback for name: /ccnx.org/test/SyncTestRepo-15-01-15-18.20.23/ccnSyncTest/slice9/round2/randomFile/=FD054B82F70368/=0016 - number is 22
Jan 15, 2015 6:21:52 PM org.ccnx.ccn.impl.sync.SliceComparator doComparison
O MAIS DETALHADO: Compare LEAF %05p%EFG=05106476F4B0BCB015CE24928C905584ADBEFC5B309FCF04F160EE6E0B to LEAF =079C80B08E53ACF1962CDF4606613C73F343A36D29144BECBA9F1DF11FAB59514F
Jan 15, 2015 6:21:52 PM org.ccnx.ccn.impl.sync.SliceComparator doComparison
O MAIS DETALHADO: name X is 0, pos X is 0, name Y is 24, pos Y is 2 comp is 1
Jan 15, 2015 6:21:52 PM org.ccnx.ccn.impl.sync.SliceComparator doComparison
O MAIS DETALHADO: Compare LEAF %05p%EFG=05106476F4B0BCB015CE24928C905584ADBEFC5B309FCF04F160EE6E0B to LEAF =079C80B08E53ACF1962CDF4606613C73F343A36D29144BECBA9F1DF11FAB59514F
Jan 15, 2015 6:21:52 PM org.ccnx.ccn.impl.sync.SliceComparator doComparison
O MAIS DETALHADO: name X is 0, pos X is 0, name Y is 23, pos Y is 1 comp is 1
Jan 15, 2015 6:21:52 PM org.ccnx.ccn.impl.sync.SliceComparator doComparison
O MAIS DETALHADO: name X (expanded) is /ccnx.org/test/SyncTestRepo-15-01-15-18.20.23/ccnSyncTest/slice9/randomFile/=FD054B82F6A1F4/=00/=0B8EC1430BAA5314F574BA2A508E0FEA573169B7F4FB56342BADB25C2D81AC38, name Y (expanded) is /ccnx.org/test/SyncTestRepo-15-01-15-18.20.23/ccnSyncTest/slice9/round2/randomFile/=FD054B82F70368/=0018/=8ED450893A79764AD0F476CDAA1CA20E44B1814A63D7A7320E4AD5640FEB8C75
Jan 15, 2015 6:21:52 PM org.ccnx.ccn.impl.sync.SliceComparator doComparison
O MAIS DETALHADO: name X is 0, pos X is 0, name Y is 23, pos Y is 1 comp is 1
Jan 15, 2015 6:21:52 PM org.ccnx.ccn.impl.sync.SliceComparator doComparison
O MAIS DETALHADO: name X (expanded) is /ccnx.org/test/SyncTestRepo-15-01-15-18.20.23/ccnSyncTest/slice9/randomFile/=FD054B82F6A1F4/=00/=0B8EC1430BAA5314F574BA2A508E0FEA573169B7F4FB56342BADB25C2D81AC38, name Y (expanded) is /ccnx.org/test/SyncTestRepo-15-01-15-18.20.23/ccnSyncTest/slice9/round2/randomFile/=FD054B82F70368/=0017/=BBCA1BFEBEA780AE67D7E4B62E049313003C14B20DD84E248464619BD2DBCD20
Jan 15, 2015 6:21:52 PM org.ccnx.ccn.impl.sync.SliceComparator doComparison
O MAIS DETALHADO: name X (expanded) is /ccnx.org/test/SyncTestRepo-15-01-15-18.20.23/ccnSyncTest/slice9/randomFile/=FD054B82F6A1F4/=00/=0B8EC1430BAA5314F574BA2A508E0FEA573169B7F4FB56342BADB25C2D81AC38, name Y (expanded) is /ccnx.org/test/SyncTestRepo-15-01-15-18.20.23/ccnSyncTest/slice9/round2/randomFile/=FD054B82F70368/=0017/=BBCA1BFEBEA780AE67D7E4B62E049313003C14B20DD84E248464619BD2DBCD20
Jan 15, 2015 6:21:52 PM org.ccnx.ccn.impl.sync.SliceComparator doComparison
O MAIS DETALHADO: Compare LEAF %05p%EFG=05106476F4B0BCB015CE24928C905584ADBEFC5B309FCF04F160EE6E0B to LEAF =079C80B08E53ACF1962CDF4606613C73F343A36D29144BECBA9F1DF11FAB59514F
Jan 15, 2015 6:21:52 PM org.ccnx.ccn.profiles.sync.SyncTestRepo.SyncHandler3 handleContentName
DETALHADO: Saw a name for callbackNames3
Jan 15, 2015 6:21:52 PM org.ccnx.ccn.profiles.sync.SyncTestRepo.SyncHandler2 handleContentName
DETALHADO: Saw a name for callbackNames2
Jan 15, 2015 6:21:52 PM org.ccnx.ccn.impl.sync.SliceComparator doComparison
O MAIS DETALHADO: name X is 0, pos X is 0, name Y is 25, pos Y is 3 comp is 1
Jan 15, 2015 6:21:52 PM org.ccnx.ccn.profiles.sync.SyncTestRepo doHandleContentName
INFORMAÇÕES: Number 3: Callback for name: /ccnx.org/test/SyncTestRepo-15-01-15-18.20.23/ccnSyncTest/slice9/round2/randomFile/=FD054B82F70368/=0017 - number is 23
Jan 15, 2015 6:21:52 PM org.ccnx.ccn.profiles.sync.SyncTestRepo doHandleContentName
INFORMAÇÕES: Number 2: Callback for name: /ccnx.org/test/SyncTestRepo-15-01-15-18.20.23/ccnSyncTest/slice9/round2/randomFile/=FD054B82F70368/=0017 - number is 23
Jan 15, 2015 6:21:52 PM org.ccnx.ccn.impl.sync.SliceComparator doComparison
O MAIS DETALHADO: name X (expanded) is /ccnx.org/test/SyncTestRepo-15-01-15-18.20.23/ccnSyncTest/slice9/randomFile/=FD054B82F6A1F4/=00/=0B8EC1430BAA5314F574BA2A508E0FEA573169B7F4FB56342BADB25C2D81AC38, name Y (expanded) is /ccnx.org/test/SyncTestRepo-15-01-15-18.20.23/ccnSyncTest/slice9/round2/randomFile/=FD054B82F70368/=0019/=2BD3F618BC6FAD09E720FDBCD0BEC9059483A66D65AEE48CA90E2329B8C9CB87
Jan 15, 2015 6:21:52 PM org.ccnx.ccn.impl.sync.SliceComparator doComparison
O MAIS DETALHADO: Compare LEAF %05p%EFG=05106476F4B0BCB015CE24928C905584ADBEFC5B309FCF04F160EE6E0B to LEAF =079C80B08E53ACF1962CDF4606613C73F343A36D29144BECBA9F1DF11FAB59514F
Jan 15, 2015 6:21:52 PM org.ccnx.ccn.impl.sync.SliceComparator doComparison
O MAIS DETALHADO: Compare LEAF %05p%EFG=05106476F4B0BCB015CE24928C905584ADBEFC5B309FCF04F160EE6E0B to LEAF =079C80B08E53ACF1962CDF4606613C73F343A36D29144BECBA9F1DF11FAB59514F
Jan 15, 2015 6:21:52 PM org.ccnx.ccn.impl.sync.SliceComparator doComparison
O MAIS DETALHADO: Compare LEAF %05p%EFG=05106476F4B0BCB015CE24928C905584ADBEFC5B309FCF04F160EE6E0B to LEAF =079C80B08E53ACF1962CDF4606613C73F343A36D29144BECBA9F1DF11FAB59514F
Jan 15, 2015 6:21:52 PM org.ccnx.ccn.impl.sync.SliceComparator doComparison
O MAIS DETALHADO: name X is 0, pos X is 0, name Y is 24, pos Y is 2 comp is 1
Jan 15, 2015 6:21:52 PM org.ccnx.ccn.impl.sync.SliceComparator doComparison
O MAIS DETALHADO: name X is 0, pos X is 0, name Y is 24, pos Y is 2 comp is 1
Jan 15, 2015 6:21:52 PM org.ccnx.ccn.impl.sync.SliceComparator doComparison
O MAIS DETALHADO: name X is 0, pos X is 0, name Y is 26, pos Y is 4 comp is 1
Jan 15, 2015 6:21:52 PM org.ccnx.ccn.impl.sync.SliceComparator doComparison
O MAIS DETALHADO: name X (expanded) is /ccnx.org/test/SyncTestRepo-15-01-15-18.20.23/ccnSyncTest/slice9/randomFile/=FD054B82F6A1F4/=00/=0B8EC1430BAA5314F574BA2A508E0FEA573169B7F4FB56342BADB25C2D81AC38, name Y (expanded) is /ccnx.org/test/SyncTestRepo-15-01-15-18.20.23/ccnSyncTest/slice9/round2/randomFile/=FD054B82F70368/=0018/=8ED450893A79764AD0F476CDAA1CA20E44B1814A63D7A7320E4AD5640FEB8C75
Jan 15, 2015 6:21:52 PM org.ccnx.ccn.impl.sync.SliceComparator doComparison
O MAIS DETALHADO: name X (expanded) is /ccnx.org/test/SyncTestRepo-15-01-15-18.20.23/ccnSyncTest/slice9/randomFile/=FD054B82F6A1F4/=00/=0B8EC1430BAA5314F574BA2A508E0FEA573169B7F4FB56342BADB25C2D81AC38, name Y (expanded) is /ccnx.org/test/SyncTestRepo-15-01-15-18.20.23/ccnSyncTest/slice9/round2/randomFile/=FD054B82F70368/=0018/=8ED450893A79764AD0F476CDAA1CA20E44B1814A63D7A7320E4AD5640FEB8C75
Jan 15, 2015 6:21:52 PM org.ccnx.ccn.impl.sync.SliceComparator doComparison
O MAIS DETALHADO: name X (expanded) is /ccnx.org/test/SyncTestRepo-15-01-15-18.20.23/ccnSyncTest/slice9/randomFile/=FD054B82F6A1F4/=00/=0B8EC1430BAA5314F574BA2A508E0FEA573169B7F4FB56342BADB25C2D81AC38, name Y (expanded) is /ccnx.org/test/SyncTestRepo-15-01-15-18.20.23/ccnSyncTest/slice9/round2/randomFile/=FD054B82F70368/=001A/j=FF17A863B9AD93EB17B49BBD08C469824B4E9640D1AA71D3D360B37C25478B
Jan 15, 2015 6:21:52 PM org.ccnx.ccn.profiles.sync.SyncTestRepo.SyncHandler2 handleContentName
DETALHADO: Saw a name for callbackNames2
Jan 15, 2015 6:21:52 PM org.ccnx.ccn.profiles.sync.SyncTestRepo.SyncHandler3 handleContentName
DETALHADO: Saw a name for callbackNames3
Jan 15, 2015 6:21:52 PM org.ccnx.ccn.impl.sync.SliceComparator doComparison
O MAIS DETALHADO: Compare LEAF %05p%EFG=05106476F4B0BCB015CE24928C905584ADBEFC5B309FCF04F160EE6E0B to LEAF =079C80B08E53ACF1962CDF4606613C73F343A36D29144BECBA9F1DF11FAB59514F
Jan 15, 2015 6:21:52 PM org.ccnx.ccn.profiles.sync.SyncTestRepo doHandleContentName
INFORMAÇÕES: Number 2: Callback for name: /ccnx.org/test/SyncTestRepo-15-01-15-18.20.23/ccnSyncTest/slice9/round2/randomFile/=FD054B82F70368/=0018 - number is 24
Jan 15, 2015 6:21:52 PM org.ccnx.ccn.profiles.sync.SyncTestRepo doHandleContentName
INFORMAÇÕES: Number 3: Callback for name: /ccnx.org/test/SyncTestRepo-15-01-15-18.20.23/ccnSyncTest/slice9/round2/randomFile/=FD054B82F70368/=0018 - number is 24
Jan 15, 2015 6:21:52 PM org.ccnx.ccn.impl.sync.SliceComparator doComparison
O MAIS DETALHADO: Compare LEAF %05p%EFG=05106476F4B0BCB015CE24928C905584ADBEFC5B309FCF04F160EE6E0B to LEAF =079C80B08E53ACF1962CDF4606613C73F343A36D29144BECBA9F1DF11FAB59514F
Jan 15, 2015 6:21:52 PM org.ccnx.ccn.impl.sync.SliceComparator doComparison
O MAIS DETALHADO: name X is 0, pos X is 0, name Y is 27, pos Y is 5 comp is 1
Jan 15, 2015 6:21:52 PM org.ccnx.ccn.impl.sync.SliceComparator doComparison
O MAIS DETALHADO: Compare LEAF %05p%EFG=05106476F4B0BCB015CE24928C905584ADBEFC5B309FCF04F160EE6E0B to LEAF =079C80B08E53ACF1962CDF4606613C73F343A36D29144BECBA9F1DF11FAB59514F
Jan 15, 2015 6:21:52 PM org.ccnx.ccn.impl.sync.SliceComparator doComparison
O MAIS DETALHADO: name X (expanded) is /ccnx.org/test/SyncTestRepo-15-01-15-18.20.23/ccnSyncTest/slice9/randomFile/=FD054B82F6A1F4/=00/=0B8EC1430BAA5314F574BA2A508E0FEA573169B7F4FB56342BADB25C2D81AC38, name Y (expanded) is /ccnx.org/test/SyncTestRepo-15-01-15-18.20.23/ccnSyncTest/slice9/round2/randomFile/=FD054B82F70368/=001B/=1C0F3AC27C69A059D80043891D709A8A56859CE01AAA00D451C964EB823500EC
Jan 15, 2015 6:21:52 PM org.ccnx.ccn.impl.sync.SliceComparator doComparison
O MAIS DETALHADO: name X is 0, pos X is 0, name Y is 25, pos Y is 3 comp is 1
Jan 15, 2015 6:21:52 PM org.ccnx.ccn.impl.sync.SliceComparator doComparison
O MAIS DETALHADO: name X is 0, pos X is 0, name Y is 25, pos Y is 3 comp is 1
Jan 15, 2015 6:21:52 PM org.ccnx.ccn.impl.sync.SliceComparator doComparison
O MAIS DETALHADO: name X (expanded) is /ccnx.org/test/SyncTestRepo-15-01-15-18.20.23/ccnSyncTest/slice9/randomFile/=FD054B82F6A1F4/=00/=0B8EC1430BAA5314F574BA2A508E0FEA573169B7F4FB56342BADB25C2D81AC38, name Y (expanded) is /ccnx.org/test/SyncTestRepo-15-01-15-18.20.23/ccnSyncTest/slice9/round2/randomFile/=FD054B82F70368/=0019/=2BD3F618BC6FAD09E720FDBCD0BEC9059483A66D65AEE48CA90E2329B8C9CB87
Jan 15, 2015 6:21:52 PM org.ccnx.ccn.impl.sync.SliceComparator doComparison
O MAIS DETALHADO: Compare LEAF %05p%EFG=05106476F4B0BCB015CE24928C905584ADBEFC5B309FCF04F160EE6E0B to LEAF =079C80B08E53ACF1962CDF4606613C73F343A36D29144BECBA9F1DF11FAB59514F
Jan 15, 2015 6:21:52 PM org.ccnx.ccn.profiles.sync.SyncTestRepo.SyncHandler3 handleContentName
DETALHADO: Saw a name for callbackNames3
Jan 15, 2015 6:21:52 PM org.ccnx.ccn.impl.sync.SliceComparator doComparison
O MAIS DETALHADO: name X (expanded) is /ccnx.org/test/SyncTestRepo-15-01-15-18.20.23/ccnSyncTest/slice9/randomFile/=FD054B82F6A1F4/=00/=0B8EC1430BAA5314F574BA2A508E0FEA573169B7F4FB56342BADB25C2D81AC38, name Y (expanded) is /ccnx.org/test/SyncTestRepo-15-01-15-18.20.23/ccnSyncTest/slice9/round2/randomFile/=FD054B82F70368/=0019/=2BD3F618BC6FAD09E720FDBCD0BEC9059483A66D65AEE48CA90E2329B8C9CB87
Jan 15, 2015 6:21:52 PM org.ccnx.ccn.profiles.sync.SyncTestRepo doHandleContentName
INFORMAÇÕES: Number 3: Callback for name: /ccnx.org/test/SyncTestRepo-15-01-15-18.20.23/ccnSyncTest/slice9/round2/randomFile/=FD054B82F70368/=0019 - number is 25
Jan 15, 2015 6:21:52 PM org.ccnx.ccn.profiles.sync.SyncTestRepo.SyncHandler2 handleContentName
DETALHADO: Saw a name for callbackNames2
Jan 15, 2015 6:21:52 PM org.ccnx.ccn.impl.sync.SliceComparator doComparison
O MAIS DETALHADO: Compare LEAF %05p%EFG=05106476F4B0BCB015CE24928C905584ADBEFC5B309FCF04F160EE6E0B to LEAF =079C80B08E53ACF1962CDF4606613C73F343A36D29144BECBA9F1DF11FAB59514F
Jan 15, 2015 6:21:52 PM org.ccnx.ccn.profiles.sync.SyncTestRepo doHandleContentName
INFORMAÇÕES: Number 2: Callback for name: /ccnx.org/test/SyncTestRepo-15-01-15-18.20.23/ccnSyncTest/slice9/round2/randomFile/=FD054B82F70368/=0019 - number is 25
Jan 15, 2015 6:21:52 PM org.ccnx.ccn.impl.sync.SliceComparator doComparison
O MAIS DETALHADO: name X is 0, pos X is 0, name Y is 28, pos Y is 6 comp is 1
Jan 15, 2015 6:21:52 PM org.ccnx.ccn.impl.sync.SliceComparator doComparison
O MAIS DETALHADO: Compare LEAF %05p%EFG=05106476F4B0BCB015CE24928C905584ADBEFC5B309FCF04F160EE6E0B to LEAF =079C80B08E53ACF1962CDF4606613C73F343A36D29144BECBA9F1DF11FAB59514F
Jan 15, 2015 6:21:52 PM org.ccnx.ccn.impl.sync.SliceComparator doComparison
O MAIS DETALHADO: name X (expanded) is /ccnx.org/test/SyncTestRepo-15-01-15-18.20.23/ccnSyncTest/slice9/randomFile/=FD054B82F6A1F4/=00/=0B8EC1430BAA5314F574BA2A508E0FEA573169B7F4FB56342BADB25C2D81AC38, name Y (expanded) is /ccnx.org/test/SyncTestRepo-15-01-15-18.20.23/ccnSyncTest/slice9/round2/randomFile/=FD054B82F70368/=001C/=C8B36743486A324090696478035C03C21820EB15AE684D6BEEA58D3A55F14AE0
Jan 15, 2015 6:21:52 PM org.ccnx.ccn.impl.sync.SliceComparator doComparison
O MAIS DETALHADO: name X is 0, pos X is 0, name Y is 26, pos Y is 4 comp is 1
Jan 15, 2015 6:21:52 PM org.ccnx.ccn.impl.sync.SliceComparator doComparison
O MAIS DETALHADO: Compare LEAF %05p%EFG=05106476F4B0BCB015CE24928C905584ADBEFC5B309FCF04F160EE6E0B to LEAF =079C80B08E53ACF1962CDF4606613C73F343A36D29144BECBA9F1DF11FAB59514F
Jan 15, 2015 6:21:52 PM org.ccnx.ccn.impl.sync.SliceComparator doComparison
O MAIS DETALHADO: name X (expanded) is /ccnx.org/test/SyncTestRepo-15-01-15-18.20.23/ccnSyncTest/slice9/randomFile/=FD054B82F6A1F4/=00/=0B8EC1430BAA5314F574BA2A508E0FEA573169B7F4FB56342BADB25C2D81AC38, name Y (expanded) is /ccnx.org/test/SyncTestRepo-15-01-15-18.20.23/ccnSyncTest/slice9/round2/randomFile/=FD054B82F70368/=001A/j=FF17A863B9AD93EB17B49BBD08C469824B4E9640D1AA71D3D360B37C25478B
Jan 15, 2015 6:21:52 PM org.ccnx.ccn.impl.sync.SliceComparator doComparison
O MAIS DETALHADO: name X is 0, pos X is 0, name Y is 26, pos Y is 4 comp is 1
Jan 15, 2015 6:21:52 PM org.ccnx.ccn.impl.sync.SliceComparator doComparison
O MAIS DETALHADO: name X is 0, pos X is 0, name Y is 29, pos Y is 7 comp is 1
Jan 15, 2015 6:21:52 PM org.ccnx.ccn.impl.sync.SliceComparator doComparison
O MAIS DETALHADO: name X (expanded) is /ccnx.org/test/SyncTestRepo-15-01-15-18.20.23/ccnSyncTest/slice9/randomFile/=FD054B82F6A1F4/=00/=0B8EC1430BAA5314F574BA2A508E0FEA573169B7F4FB56342BADB25C2D81AC38, name Y (expanded) is /ccnx.org/test/SyncTestRepo-15-01-15-18.20.23/ccnSyncTest/slice9/round2/randomFile/=FD054B82F70368/=001A/j=FF17A863B9AD93EB17B49BBD08C469824B4E9640D1AA71D3D360B37C25478B
Jan 15, 2015 6:21:52 PM org.ccnx.ccn.profiles.sync.SyncTestRepo.SyncHandler2 handleContentName
DETALHADO: Saw a name for callbackNames2
Jan 15, 2015 6:21:52 PM org.ccnx.ccn.impl.sync.SliceComparator doComparison
O MAIS DETALHADO: name X (expanded) is /ccnx.org/test/SyncTestRepo-15-01-15-18.20.23/ccnSyncTest/slice9/randomFile/=FD054B82F6A1F4/=00/=0B8EC1430BAA5314F574BA2A508E0FEA573169B7F4FB56342BADB25C2D81AC38, name Y (expanded) is /ccnx.org/test/SyncTestRepo-15-01-15-18.20.23/ccnSyncTest/slice9/round2/randomFile/=FD054B82F70368/=001D/%25K=FC009F4664FCB1CE18D7CF6B600AE23B5C5D2DA7830F66CBB816B9E7DC78
Jan 15, 2015 6:21:52 PM org.ccnx.ccn.profiles.sync.SyncTestRepo.SyncHandler3 handleContentName
DETALHADO: Saw a name for callbackNames3
Jan 15, 2015 6:21:52 PM org.ccnx.ccn.profiles.sync.SyncTestRepo doHandleContentName
INFORMAÇÕES: Number 2: Callback for name: /ccnx.org/test/SyncTestRepo-15-01-15-18.20.23/ccnSyncTest/slice9/round2/randomFile/=FD054B82F70368/=001A - number is 26
Jan 15, 2015 6:21:52 PM org.ccnx.ccn.impl.sync.SliceComparator doComparison
O MAIS DETALHADO: Compare LEAF %05p%EFG=05106476F4B0BCB015CE24928C905584ADBEFC5B309FCF04F160EE6E0B to LEAF =079C80B08E53ACF1962CDF4606613C73F343A36D29144BECBA9F1DF11FAB59514F
Jan 15, 2015 6:21:52 PM org.ccnx.ccn.profiles.sync.SyncTestRepo doHandleContentName
INFORMAÇÕES: Number 3: Callback for name: /ccnx.org/test/SyncTestRepo-15-01-15-18.20.23/ccnSyncTest/slice9/round2/randomFile/=FD054B82F70368/=001A - number is 26
Jan 15, 2015 6:21:52 PM org.ccnx.ccn.impl.sync.SliceComparator doComparison
O MAIS DETALHADO: Compare LEAF %05p%EFG=05106476F4B0BCB015CE24928C905584ADBEFC5B309FCF04F160EE6E0B to LEAF =079C80B08E53ACF1962CDF4606613C73F343A36D29144BECBA9F1DF11FAB59514F
Jan 15, 2015 6:21:52 PM org.ccnx.ccn.impl.sync.SliceComparator doComparison
O MAIS DETALHADO: name X is 0, pos X is 0, name Y is 30, pos Y is 8 comp is 1
Jan 15, 2015 6:21:52 PM org.ccnx.ccn.impl.sync.SliceComparator doComparison
O MAIS DETALHADO: Compare LEAF %05p%EFG=05106476F4B0BCB015CE24928C905584ADBEFC5B309FCF04F160EE6E0B to LEAF =079C80B08E53ACF1962CDF4606613C73F343A36D29144BECBA9F1DF11FAB59514F
Jan 15, 2015 6:21:52 PM org.ccnx.ccn.impl.sync.SliceComparator doComparison
O MAIS DETALHADO: name X is 0, pos X is 0, name Y is 27, pos Y is 5 comp is 1
Jan 15, 2015 6:21:52 PM org.ccnx.ccn.impl.sync.SliceComparator doComparison
O MAIS DETALHADO: name X (expanded) is /ccnx.org/test/SyncTestRepo-15-01-15-18.20.23/ccnSyncTest/slice9/randomFile/=FD054B82F6A1F4/=00/=0B8EC1430BAA5314F574BA2A508E0FEA573169B7F4FB56342BADB25C2D81AC38, name Y (expanded) is /ccnx.org/test/SyncTestRepo-15-01-15-18.20.23/ccnSyncTest/slice9/round2/randomFile/=FD054B82F70368/=001E/=C57BE0631101830E65045C9329719D456B410E4B5B4C5A5435085336878FCF34
Jan 15, 2015 6:21:52 PM org.ccnx.ccn.impl.sync.SliceComparator doComparison
O MAIS DETALHADO: name X (expanded) is /ccnx.org/test/SyncTestRepo-15-01-15-18.20.23/ccnSyncTest/slice9/randomFile/=FD054B82F6A1F4/=00/=0B8EC1430BAA5314F574BA2A508E0FEA573169B7F4FB56342BADB25C2D81AC38, name Y (expanded) is /ccnx.org/test/SyncTestRepo-15-01-15-18.20.23/ccnSyncTest/slice9/round2/randomFile/=FD054B82F70368/=001B/=1C0F3AC27C69A059D80043891D709A8A56859CE01AAA00D451C964EB823500EC
Jan 15, 2015 6:21:52 PM org.ccnx.ccn.impl.sync.SliceComparator doComparison
O MAIS DETALHADO: name X is 0, pos X is 0, name Y is 27, pos Y is 5 comp is 1
Jan 15, 2015 6:21:52 PM org.ccnx.ccn.impl.sync.SliceComparator doComparison
O MAIS DETALHADO: Compare LEAF %05p%EFG=05106476F4B0BCB015CE24928C905584ADBEFC5B309FCF04F160EE6E0B to LEAF =079C80B08E53ACF1962CDF4606613C73F343A36D29144BECBA9F1DF11FAB59514F
Jan 15, 2015 6:21:52 PM org.ccnx.ccn.profiles.sync.SyncTestRepo.SyncHandler2 handleContentName
DETALHADO: Saw a name for callbackNames2
Jan 15, 2015 6:21:52 PM org.ccnx.ccn.impl.sync.SliceComparator doComparison
O MAIS DETALHADO: name X (expanded) is /ccnx.org/test/SyncTestRepo-15-01-15-18.20.23/ccnSyncTest/slice9/randomFile/=FD054B82F6A1F4/=00/=0B8EC1430BAA5314F574BA2A508E0FEA573169B7F4FB56342BADB25C2D81AC38, name Y (expanded) is /ccnx.org/test/SyncTestRepo-15-01-15-18.20.23/ccnSyncTest/slice9/round2/randomFile/=FD054B82F70368/=001B/=1C0F3AC27C69A059D80043891D709A8A56859CE01AAA00D451C964EB823500EC
Jan 15, 2015 6:21:52 PM org.ccnx.ccn.impl.sync.SliceComparator doComparison
O MAIS DETALHADO: name X is 0, pos X is 0, name Y is 31, pos Y is 9 comp is 1
Jan 15, 2015 6:21:52 PM org.ccnx.ccn.profiles.sync.SyncTestRepo doHandleContentName
INFORMAÇÕES: Number 2: Callback for name: /ccnx.org/test/SyncTestRepo-15-01-15-18.20.23/ccnSyncTest/slice9/round2/randomFile/=FD054B82F70368/=001B - number is 27
Jan 15, 2015 6:21:52 PM org.ccnx.ccn.profiles.sync.SyncTestRepo.SyncHandler3 handleContentName
DETALHADO: Saw a name for callbackNames3
Jan 15, 2015 6:21:52 PM org.ccnx.ccn.impl.sync.SliceComparator doComparison
O MAIS DETALHADO: name X (expanded) is /ccnx.org/test/SyncTestRepo-15-01-15-18.20.23/ccnSyncTest/slice9/randomFile/=FD054B82F6A1F4/=00/=0B8EC1430BAA5314F574BA2A508E0FEA573169B7F4FB56342BADB25C2D81AC38, name Y (expanded) is /ccnx.org/test/SyncTestRepo-15-01-15-18.20.23/ccnSyncTest/slice9/round2/randomFile/=FD054B82F70368/=001F/%12N6=D5B6BAB755DE038798471196864D21AE250FE772AD7904C4F3A693EC86
Jan 15, 2015 6:21:52 PM org.ccnx.ccn.impl.sync.SliceComparator doComparison
O MAIS DETALHADO: Compare LEAF %05p%EFG=05106476F4B0BCB015CE24928C905584ADBEFC5B309FCF04F160EE6E0B to LEAF =079C80B08E53ACF1962CDF4606613C73F343A36D29144BECBA9F1DF11FAB59514F
Jan 15, 2015 6:21:52 PM org.ccnx.ccn.profiles.sync.SyncTestRepo doHandleContentName
INFORMAÇÕES: Number 3: Callback for name: /ccnx.org/test/SyncTestRepo-15-01-15-18.20.23/ccnSyncTest/slice9/round2/randomFile/=FD054B82F70368/=001B - number is 27
Jan 15, 2015 6:21:52 PM org.ccnx.ccn.impl.sync.SliceComparator doComparison
O MAIS DETALHADO: name X is 0, pos X is 0, name Y is 28, pos Y is 6 comp is 1
Jan 15, 2015 6:21:52 PM org.ccnx.ccn.impl.sync.SliceComparator doComparison
O MAIS DETALHADO: Compare LEAF %05p%EFG=05106476F4B0BCB015CE24928C905584ADBEFC5B309FCF04F160EE6E0B to LEAF =079C80B08E53ACF1962CDF4606613C73F343A36D29144BECBA9F1DF11FAB59514F
Jan 15, 2015 6:21:52 PM org.ccnx.ccn.impl.sync.SliceComparator doComparison
O MAIS DETALHADO: Compare LEAF %05p%EFG=05106476F4B0BCB015CE24928C905584ADBEFC5B309FCF04F160EE6E0B to LEAF =079C80B08E53ACF1962CDF4606613C73F343A36D29144BECBA9F1DF11FAB59514F
Jan 15, 2015 6:21:52 PM org.ccnx.ccn.impl.sync.SliceComparator doComparison
O MAIS DETALHADO: name X (expanded) is /ccnx.org/test/SyncTestRepo-15-01-15-18.20.23/ccnSyncTest/slice9/randomFile/=FD054B82F6A1F4/=00/=0B8EC1430BAA5314F574BA2A508E0FEA573169B7F4FB56342BADB25C2D81AC38, name Y (expanded) is /ccnx.org/test/SyncTestRepo-15-01-15-18.20.23/ccnSyncTest/slice9/round2/randomFile/=FD054B82F70368/=001C/=C8B36743486A324090696478035C03C21820EB15AE684D6BEEA58D3A55F14AE0
Jan 15, 2015 6:21:52 PM org.ccnx.ccn.impl.sync.SliceComparator doComparison
O MAIS DETALHADO: name X is 0, pos X is 0, name Y is 32, pos Y is 10 comp is 1
Jan 15, 2015 6:21:52 PM org.ccnx.ccn.impl.sync.SliceComparator doComparison
O MAIS DETALHADO: name X is 0, pos X is 0, name Y is 28, pos Y is 6 comp is 1
Jan 15, 2015 6:21:52 PM org.ccnx.ccn.profiles.sync.SyncTestRepo.SyncHandler2 handleContentName
DETALHADO: Saw a name for callbackNames2
Jan 15, 2015 6:21:52 PM org.ccnx.ccn.impl.sync.SliceComparator doComparison
O MAIS DETALHADO: name X (expanded) is /ccnx.org/test/SyncTestRepo-15-01-15-18.20.23/ccnSyncTest/slice9/randomFile/=FD054B82F6A1F4/=00/=0B8EC1430BAA5314F574BA2A508E0FEA573169B7F4FB56342BADB25C2D81AC38, name Y (expanded) is /ccnx.org/test/SyncTestRepo-15-01-15-18.20.23/ccnSyncTest/slice9/round2/randomFile/=FD054B82F70368/=0020/=B51865B7774F577988D99BC4D7AF5D90E5C374FB5F032475866DE4764B71351A
Jan 15, 2015 6:21:52 PM org.ccnx.ccn.impl.sync.SliceComparator doComparison
O MAIS DETALHADO: name X (expanded) is /ccnx.org/test/SyncTestRepo-15-01-15-18.20.23/ccnSyncTest/slice9/randomFile/=FD054B82F6A1F4/=00/=0B8EC1430BAA5314F574BA2A508E0FEA573169B7F4FB56342BADB25C2D81AC38, name Y (expanded) is /ccnx.org/test/SyncTestRepo-15-01-15-18.20.23/ccnSyncTest/slice9/round2/randomFile/=FD054B82F70368/=001C/=C8B36743486A324090696478035C03C21820EB15AE684D6BEEA58D3A55F14AE0
Jan 15, 2015 6:21:52 PM org.ccnx.ccn.profiles.sync.SyncTestRepo doHandleContentName
INFORMAÇÕES: Number 2: Callback for name: /ccnx.org/test/SyncTestRepo-15-01-15-18.20.23/ccnSyncTest/slice9/round2/randomFile/=FD054B82F70368/=001C - number is 28
Jan 15, 2015 6:21:52 PM org.ccnx.ccn.impl.sync.SliceComparator doComparison
O MAIS DETALHADO: Compare LEAF %05p%EFG=05106476F4B0BCB015CE24928C905584ADBEFC5B309FCF04F160EE6E0B to LEAF =079C80B08E53ACF1962CDF4606613C73F343A36D29144BECBA9F1DF11FAB59514F
Jan 15, 2015 6:21:52 PM org.ccnx.ccn.profiles.sync.SyncTestRepo.SyncHandler3 handleContentName
DETALHADO: Saw a name for callbackNames3
Jan 15, 2015 6:21:52 PM org.ccnx.ccn.impl.sync.SliceComparator doComparison
O MAIS DETALHADO: Compare LEAF %05p%EFG=05106476F4B0BCB015CE24928C905584ADBEFC5B309FCF04F160EE6E0B to LEAF =079C80B08E53ACF1962CDF4606613C73F343A36D29144BECBA9F1DF11FAB59514F
Jan 15, 2015 6:21:52 PM org.ccnx.ccn.impl.sync.SliceComparator doComparison
O MAIS DETALHADO: name X is 0, pos X is 0, name Y is 33, pos Y is 11 comp is 1
Jan 15, 2015 6:21:52 PM org.ccnx.ccn.impl.sync.SliceComparator doComparison
O MAIS DETALHADO: name X is 0, pos X is 0, name Y is 29, pos Y is 7 comp is 1
Jan 15, 2015 6:21:52 PM org.ccnx.ccn.profiles.sync.SyncTestRepo doHandleContentName
INFORMAÇÕES: Number 3: Callback for name: /ccnx.org/test/SyncTestRepo-15-01-15-18.20.23/ccnSyncTest/slice9/round2/randomFile/=FD054B82F70368/=001C - number is 28
Jan 15, 2015 6:21:52 PM org.ccnx.ccn.impl.sync.SliceComparator doComparison
O MAIS DETALHADO: name X (expanded) is /ccnx.org/test/SyncTestRepo-15-01-15-18.20.23/ccnSyncTest/slice9/randomFile/=FD054B82F6A1F4/=00/=0B8EC1430BAA5314F574BA2A508E0FEA573169B7F4FB56342BADB25C2D81AC38, name Y (expanded) is /ccnx.org/test/SyncTestRepo-15-01-15-18.20.23/ccnSyncTest/slice9/round2/randomFile/=FD054B82F70368/=0021/=A20A1330C3B69B314C205A7B474D360BD534A6BF8353E7A876AA7BC08183A485
Jan 15, 2015 6:21:52 PM org.ccnx.ccn.impl.sync.SliceComparator doComparison
O MAIS DETALHADO: Compare LEAF %05p%EFG=05106476F4B0BCB015CE24928C905584ADBEFC5B309FCF04F160EE6E0B to LEAF =079C80B08E53ACF1962CDF4606613C73F343A36D29144BECBA9F1DF11FAB59514F
Jan 15, 2015 6:21:52 PM org.ccnx.ccn.impl.sync.SliceComparator doComparison
O MAIS DETALHADO: Compare LEAF %05p%EFG=05106476F4B0BCB015CE24928C905584ADBEFC5B309FCF04F160EE6E0B to LEAF =079C80B08E53ACF1962CDF4606613C73F343A36D29144BECBA9F1DF11FAB59514F
Jan 15, 2015 6:21:52 PM org.ccnx.ccn.impl.sync.SliceComparator doComparison
O MAIS DETALHADO: name X is 0, pos X is 0, name Y is 29, pos Y is 7 comp is 1
Jan 15, 2015 6:21:52 PM org.ccnx.ccn.impl.sync.SliceComparator doComparison
O MAIS DETALHADO: name X is 0, pos X is 0, name Y is 34, pos Y is 12 comp is 1
Jan 15, 2015 6:21:52 PM org.ccnx.ccn.impl.sync.SliceComparator doComparison
O MAIS DETALHADO: name X (expanded) is /ccnx.org/test/SyncTestRepo-15-01-15-18.20.23/ccnSyncTest/slice9/randomFile/=FD054B82F6A1F4/=00/=0B8EC1430BAA5314F574BA2A508E0FEA573169B7F4FB56342BADB25C2D81AC38, name Y (expanded) is /ccnx.org/test/SyncTestRepo-15-01-15-18.20.23/ccnSyncTest/slice9/round2/randomFile/=FD054B82F70368/=001D/%25K=FC009F4664FCB1CE18D7CF6B600AE23B5C5D2DA7830F66CBB816B9E7DC78
Jan 15, 2015 6:21:52 PM org.ccnx.ccn.impl.sync.SliceComparator doComparison
O MAIS DETALHADO: name X (expanded) is /ccnx.org/test/SyncTestRepo-15-01-15-18.20.23/ccnSyncTest/slice9/randomFile/=FD054B82F6A1F4/=00/=0B8EC1430BAA5314F574BA2A508E0FEA573169B7F4FB56342BADB25C2D81AC38, name Y (expanded) is /ccnx.org/test/SyncTestRepo-15-01-15-18.20.23/ccnSyncTest/slice9/round2/randomFile/=FD054B82F70368/=0022/Lo=DB1416DB33FF6847F7C329A630F8942DA1E193525EE79BEC8DAC8F1CA610
Jan 15, 2015 6:21:52 PM org.ccnx.ccn.profiles.sync.SyncTestRepo.SyncHandler3 handleContentName
DETALHADO: Saw a name for callbackNames3
Jan 15, 2015 6:21:52 PM org.ccnx.ccn.impl.sync.SliceComparator doComparison
O MAIS DETALHADO: Compare LEAF %05p%EFG=05106476F4B0BCB015CE24928C905584ADBEFC5B309FCF04F160EE6E0B to LEAF =079C80B08E53ACF1962CDF4606613C73F343A36D29144BECBA9F1DF11FAB59514F
Jan 15, 2015 6:21:52 PM org.ccnx.ccn.profiles.sync.SyncTestRepo doHandleContentName
INFORMAÇÕES: Number 3: Callback for name: /ccnx.org/test/SyncTestRepo-15-01-15-18.20.23/ccnSyncTest/slice9/round2/randomFile/=FD054B82F70368/=001D - number is 29
Jan 15, 2015 6:21:52 PM org.ccnx.ccn.impl.sync.SliceComparator doComparison
O MAIS DETALHADO: name X is 0, pos X is 0, name Y is 35, pos Y is 13 comp is 1
Jan 15, 2015 6:21:52 PM org.ccnx.ccn.impl.sync.SliceComparator doComparison
O MAIS DETALHADO: name X (expanded) is /ccnx.org/test/SyncTestRepo-15-01-15-18.20.23/ccnSyncTest/slice9/randomFile/=FD054B82F6A1F4/=00/=0B8EC1430BAA5314F574BA2A508E0FEA573169B7F4FB56342BADB25C2D81AC38, name Y (expanded) is /ccnx.org/test/SyncTestRepo-15-01-15-18.20.23/ccnSyncTest/slice9/round2/randomFile/=FD054B82F70368/=0023/=3AAEBE7D05D6853434EAB04F46A3B5997352B7FCEEF6FDB851BF19F5B6497D97
Jan 15, 2015 6:21:52 PM org.ccnx.ccn.impl.sync.SliceComparator doComparison
O MAIS DETALHADO: Compare LEAF %05p%EFG=05106476F4B0BCB015CE24928C905584ADBEFC5B309FCF04F160EE6E0B to LEAF =079C80B08E53ACF1962CDF4606613C73F343A36D29144BECBA9F1DF11FAB59514F
Jan 15, 2015 6:21:52 PM org.ccnx.ccn.impl.sync.SliceComparator doComparison
O MAIS DETALHADO: Compare LEAF %05p%EFG=05106476F4B0BCB015CE24928C905584ADBEFC5B309FCF04F160EE6E0B to LEAF =079C80B08E53ACF1962CDF4606613C73F343A36D29144BECBA9F1DF11FAB59514F
Jan 15, 2015 6:21:52 PM org.ccnx.ccn.impl.sync.SliceComparator doComparison
O MAIS DETALHADO: name X is 0, pos X is 0, name Y is 30, pos Y is 8 comp is 1
Jan 15, 2015 6:21:52 PM org.ccnx.ccn.impl.sync.SliceComparator doComparison
O MAIS DETALHADO: name X is 0, pos X is 0, name Y is 36, pos Y is 14 comp is 1
Jan 15, 2015 6:21:52 PM org.ccnx.ccn.impl.sync.SliceComparator doComparison
O MAIS DETALHADO: name X (expanded) is /ccnx.org/test/SyncTestRepo-15-01-15-18.20.23/ccnSyncTest/slice9/randomFile/=FD054B82F6A1F4/=00/=0B8EC1430BAA5314F574BA2A508E0FEA573169B7F4FB56342BADB25C2D81AC38, name Y (expanded) is /ccnx.org/test/SyncTestRepo-15-01-15-18.20.23/ccnSyncTest/slice9/round2/randomFile/=FD054B82F70368/=001E/=C57BE0631101830E65045C9329719D456B410E4B5B4C5A5435085336878FCF34
Jan 15, 2015 6:21:52 PM org.ccnx.ccn.impl.sync.SliceComparator doComparison
O MAIS DETALHADO: name X (expanded) is /ccnx.org/test/SyncTestRepo-15-01-15-18.20.23/ccnSyncTest/slice9/randomFile/=FD054B82F6A1F4/=00/=0B8EC1430BAA5314F574BA2A508E0FEA573169B7F4FB56342BADB25C2D81AC38, name Y (expanded) is /ccnx.org/test/SyncTestRepo-15-01-15-18.20.23/ccnSyncTest/slice9/round2/randomFile/=FD054B82F70368/=0024/=1D0DCE17F6147D870C0750D435B8FF6501BEB5561DE8924321EF82E6A4AD78CE
Jan 15, 2015 6:21:52 PM org.ccnx.ccn.profiles.sync.SyncTestRepo.SyncHandler3 handleContentName
DETALHADO: Saw a name for callbackNames3
Jan 15, 2015 6:21:52 PM org.ccnx.ccn.impl.sync.SliceComparator doComparison
O MAIS DETALHADO: Compare LEAF %05p%EFG=05106476F4B0BCB015CE24928C905584ADBEFC5B309FCF04F160EE6E0B to LEAF =079C80B08E53ACF1962CDF4606613C73F343A36D29144BECBA9F1DF11FAB59514F
Jan 15, 2015 6:21:52 PM org.ccnx.ccn.profiles.sync.SyncTestRepo doHandleContentName
INFORMAÇÕES: Number 3: Callback for name: /ccnx.org/test/SyncTestRepo-15-01-15-18.20.23/ccnSyncTest/slice9/round2/randomFile/=FD054B82F70368/=001E - number is 30
Jan 15, 2015 6:21:52 PM org.ccnx.ccn.impl.sync.SliceComparator doComparison
O MAIS DETALHADO: name X is 0, pos X is 0, name Y is 37, pos Y is 15 comp is 1
Jan 15, 2015 6:21:52 PM org.ccnx.ccn.impl.sync.SliceComparator doComparison
O MAIS DETALHADO: name X (expanded) is /ccnx.org/test/SyncTestRepo-15-01-15-18.20.23/ccnSyncTest/slice9/randomFile/=FD054B82F6A1F4/=00/=0B8EC1430BAA5314F574BA2A508E0FEA573169B7F4FB56342BADB25C2D81AC38, name Y (expanded) is /ccnx.org/test/SyncTestRepo-15-01-15-18.20.23/ccnSyncTest/slice9/round2/randomFile/=FD054B82F70368/=0025/%7CD=1DC6615094A8FCD158A20B58EE15DE77889C6306006B1D15C552FD1D3E3D
Jan 15, 2015 6:21:52 PM org.ccnx.ccn.impl.sync.SliceComparator doComparison
O MAIS DETALHADO: Compare LEAF %05p%EFG=05106476F4B0BCB015CE24928C905584ADBEFC5B309FCF04F160EE6E0B to LEAF =079C80B08E53ACF1962CDF4606613C73F343A36D29144BECBA9F1DF11FAB59514F
Jan 15, 2015 6:21:52 PM org.ccnx.ccn.impl.sync.SliceComparator doComparison
O MAIS DETALHADO: Compare LEAF %05p%EFG=05106476F4B0BCB015CE24928C905584ADBEFC5B309FCF04F160EE6E0B to LEAF =079C80B08E53ACF1962CDF4606613C73F343A36D29144BECBA9F1DF11FAB59514F
Jan 15, 2015 6:21:52 PM org.ccnx.ccn.impl.sync.SliceComparator doComparison
O MAIS DETALHADO: name X is 0, pos X is 0, name Y is 31, pos Y is 9 comp is 1
Jan 15, 2015 6:21:52 PM org.ccnx.ccn.impl.sync.SliceComparator doComparison
O MAIS DETALHADO: name X is 0, pos X is 0, name Y is 38, pos Y is 16 comp is 1
Jan 15, 2015 6:21:52 PM org.ccnx.ccn.impl.sync.SliceComparator doComparison
O MAIS DETALHADO: name X (expanded) is /ccnx.org/test/SyncTestRepo-15-01-15-18.20.23/ccnSyncTest/slice9/randomFile/=FD054B82F6A1F4/=00/=0B8EC1430BAA5314F574BA2A508E0FEA573169B7F4FB56342BADB25C2D81AC38, name Y (expanded) is /ccnx.org/test/SyncTestRepo-15-01-15-18.20.23/ccnSyncTest/slice9/round2/randomFile/=FD054B82F70368/=0026/%D6K=B8B53EF27CF3896A1C6CD4FF34CECA949BD948319661FEF62348A3112E2D
Jan 15, 2015 6:21:52 PM org.ccnx.ccn.impl.sync.SliceComparator doComparison
O MAIS DETALHADO: name X (expanded) is /ccnx.org/test/SyncTestRepo-15-01-15-18.20.23/ccnSyncTest/slice9/randomFile/=FD054B82F6A1F4/=00/=0B8EC1430BAA5314F574BA2A508E0FEA573169B7F4FB56342BADB25C2D81AC38, name Y (expanded) is /ccnx.org/test/SyncTestRepo-15-01-15-18.20.23/ccnSyncTest/slice9/round2/randomFile/=FD054B82F70368/=001F/%12N6=D5B6BAB755DE038798471196864D21AE250FE772AD7904C4F3A693EC86
Jan 15, 2015 6:21:52 PM org.ccnx.ccn.impl.sync.SliceComparator doComparison
O MAIS DETALHADO: Compare LEAF %05p%EFG=05106476F4B0BCB015CE24928C905584ADBEFC5B309FCF04F160EE6E0B to LEAF =079C80B08E53ACF1962CDF4606613C73F343A36D29144BECBA9F1DF11FAB59514F
Jan 15, 2015 6:21:52 PM org.ccnx.ccn.profiles.sync.SyncTestRepo.SyncHandler3 handleContentName
DETALHADO: Saw a name for callbackNames3
Jan 15, 2015 6:21:52 PM org.ccnx.ccn.impl.sync.SliceComparator doComparison
O MAIS DETALHADO: name X is 0, pos X is 0, name Y is 39, pos Y is 17 comp is 1
Jan 15, 2015 6:21:52 PM org.ccnx.ccn.impl.sync.SliceComparator doComparison
O MAIS DETALHADO: name X (expanded) is /ccnx.org/test/SyncTestRepo-15-01-15-18.20.23/ccnSyncTest/slice9/randomFile/=FD054B82F6A1F4/=00/=0B8EC1430BAA5314F574BA2A508E0FEA573169B7F4FB56342BADB25C2D81AC38, name Y (expanded) is /ccnx.org/test/SyncTestRepo-15-01-15-18.20.23/ccnSyncTest/slice9/round2/randomFile/=FD054B82F70368/=0027/X=9AB1C9E49637E1C0F94604D6B9D7820643E1D6EDA0806F1AE4EC0E95015D71
Jan 15, 2015 6:21:52 PM org.ccnx.ccn.profiles.sync.SyncTestRepo doHandleContentName
INFORMAÇÕES: Number 3: Callback for name: /ccnx.org/test/SyncTestRepo-15-01-15-18.20.23/ccnSyncTest/slice9/round2/randomFile/=FD054B82F70368/=001F - number is 31
Jan 15, 2015 6:21:52 PM org.ccnx.ccn.impl.sync.SliceComparator doComparison
O MAIS DETALHADO: Compare LEAF %05p%EFG=05106476F4B0BCB015CE24928C905584ADBEFC5B309FCF04F160EE6E0B to NODE =28DED466A17AD8984F1C6B9A7470FB8F54402433FCBE38860A5FABEAA52D597D75
Jan 15, 2015 6:21:52 PM org.ccnx.ccn.impl.sync.SliceComparator doComparison
O MAIS DETALHADO: Compare LEAF %05p%EFG=05106476F4B0BCB015CE24928C905584ADBEFC5B309FCF04F160EE6E0B to LEAF =079C80B08E53ACF1962CDF4606613C73F343A36D29144BECBA9F1DF11FAB59514F
Jan 15, 2015 6:21:52 PM org.ccnx.ccn.impl.sync.SliceComparator doComparison
O MAIS DETALHADO: minname is 0, maxname is 0, X name is 0, pos X is 0, pos Y is 2
Jan 15, 2015 6:21:52 PM org.ccnx.ccn.impl.sync.SliceComparator doComparison
O MAIS DETALHADO: name X is 0, pos X is 0, name Y is 32, pos Y is 10 comp is 1
Jan 15, 2015 6:21:52 PM org.ccnx.ccn.impl.sync.SliceComparator doComparison
O MAIS DETALHADO: minname (expanded) is /ccnx.org/test/SyncTestRepo-15-01-15-18.20.23/ccnSyncTest/slice9/round2/randomFile/=FD054B82F70368/=00/=B97F65C641ECD73502119EB69D2576BAC16B3BF85AD4553028EB611D8E11F489, maxname (expanded) is /ccnx.org/test/SyncTestRepo-15-01-15-18.20.23/ccnSyncTest/slice9/randomFile/=FD054B82F6A1F4/%C1.META.M/.header/=FD054B82F6A277/=00/%E1d=DD9BAB5C9B8BB01ED5ACE2DBD7444D09943A4AAAF2EB897BB30A2244EAE0
Jan 15, 2015 6:21:52 PM org.ccnx.ccn.impl.sync.SliceComparator doComparison
O MAIS DETALHADO: name X (expanded) is /ccnx.org/test/SyncTestRepo-15-01-15-18.20.23/ccnSyncTest/slice9/randomFile/=FD054B82F6A1F4/=00/=0B8EC1430BAA5314F574BA2A508E0FEA573169B7F4FB56342BADB25C2D81AC38, name Y (expanded) is /ccnx.org/test/SyncTestRepo-15-01-15-18.20.23/ccnSyncTest/slice9/round2/randomFile/=FD054B82F70368/=0020/=B51865B7774F577988D99BC4D7AF5D90E5C374FB5F032475866DE4764B71351A
Jan 15, 2015 6:21:52 PM org.ccnx.ccn.impl.sync.SliceComparator doComparison
O MAIS DETALHADO: sneX (expanded) is /ccnx.org/test/SyncTestRepo-15-01-15-18.20.23/ccnSyncTest/slice9/randomFile/=FD054B82F6A1F4/=00/=0B8EC1430BAA5314F574BA2A508E0FEA573169B7F4FB56342BADB25C2D81AC38, comp is 1
Jan 15, 2015 6:21:52 PM org.ccnx.ccn.profiles.sync.SyncTestRepo.SyncHandler3 handleContentName
DETALHADO: Saw a name for callbackNames3
Jan 15, 2015 6:21:52 PM org.ccnx.ccn.profiles.sync.SyncTestRepo doHandleContentName
INFORMAÇÕES: Number 3: Callback for name: /ccnx.org/test/SyncTestRepo-15-01-15-18.20.23/ccnSyncTest/slice9/round2/randomFile/=FD054B82F70368/=0020 - number is 32
Jan 15, 2015 6:21:52 PM org.ccnx.ccn.impl.sync.SliceComparator doComparison
O MAIS DETALHADO: Compare LEAF %05p%EFG=05106476F4B0BCB015CE24928C905584ADBEFC5B309FCF04F160EE6E0B to LEAF =079C80B08E53ACF1962CDF4606613C73F343A36D29144BECBA9F1DF11FAB59514F
Jan 15, 2015 6:21:52 PM org.ccnx.ccn.impl.sync.SliceComparator doComparison
O MAIS DETALHADO: name X is 0, pos X is 0, name Y is 33, pos Y is 11 comp is 1
Jan 15, 2015 6:21:52 PM org.ccnx.ccn.impl.sync.SliceComparator doComparison
O MAIS DETALHADO: name X (expanded) is /ccnx.org/test/SyncTestRepo-15-01-15-18.20.23/ccnSyncTest/slice9/randomFile/=FD054B82F6A1F4/=00/=0B8EC1430BAA5314F574BA2A508E0FEA573169B7F4FB56342BADB25C2D81AC38, name Y (expanded) is /ccnx.org/test/SyncTestRepo-15-01-15-18.20.23/ccnSyncTest/slice9/round2/randomFile/=FD054B82F70368/=0021/=A20A1330C3B69B314C205A7B474D360BD534A6BF8353E7A876AA7BC08183A485
Jan 15, 2015 6:21:52 PM org.ccnx.ccn.profiles.sync.SyncTestRepo.SyncHandler3 handleContentName
DETALHADO: Saw a name for callbackNames3
Jan 15, 2015 6:21:52 PM org.ccnx.ccn.impl.sync.SliceComparator doComparison
O MAIS DETALHADO: name X (expanded) is /ccnx.org/test/SyncTestRepo-15-01-15-18.20.23/ccnSyncTest/slice9/randomFile/=FD054B82F6A1F4/=00/=0B8EC1430BAA5314F574BA2A508E0FEA573169B7F4FB56342BADB25C2D81AC38, name Y (expanded) is /ccnx.org/test/SyncTestRepo-15-01-15-18.20.23/ccnSyncTest/slice9/round2/randomFile/=FD054B82F70368/=001D/%25K=FC009F4664FCB1CE18D7CF6B600AE23B5C5D2DA7830F66CBB816B9E7DC78
Jan 15, 2015 6:21:52 PM org.ccnx.ccn.profiles.sync.SyncTestRepo doHandleContentName
INFORMAÇÕES: Number 3: Callback for name: /ccnx.org/test/SyncTestRepo-15-01-15-18.20.23/ccnSyncTest/slice9/round2/randomFile/=FD054B82F70368/=0021 - number is 33
Jan 15, 2015 6:21:52 PM org.ccnx.ccn.impl.sync.SliceComparator doComparison
O MAIS DETALHADO: Compare LEAF %05p%EFG=05106476F4B0BCB015CE24928C905584ADBEFC5B309FCF04F160EE6E0B to LEAF =079C80B08E53ACF1962CDF4606613C73F343A36D29144BECBA9F1DF11FAB59514F
Jan 15, 2015 6:21:52 PM org.ccnx.ccn.profiles.sync.SyncTestRepo.SyncHandler2 handleContentName
DETALHADO: Saw a name for callbackNames2
Jan 15, 2015 6:21:52 PM org.ccnx.ccn.impl.sync.SliceComparator doComparison
O MAIS DETALHADO: name X is 0, pos X is 0, name Y is 34, pos Y is 12 comp is 1
Jan 15, 2015 6:21:52 PM org.ccnx.ccn.profiles.sync.SyncTestRepo doHandleContentName
INFORMAÇÕES: Number 2: Callback for name: /ccnx.org/test/SyncTestRepo-15-01-15-18.20.23/ccnSyncTest/slice9/round2/randomFile/=FD054B82F70368/=001D - number is 29
Jan 15, 2015 6:21:52 PM org.ccnx.ccn.impl.sync.SliceComparator doComparison
O MAIS DETALHADO: name X (expanded) is /ccnx.org/test/SyncTestRepo-15-01-15-18.20.23/ccnSyncTest/slice9/randomFile/=FD054B82F6A1F4/=00/=0B8EC1430BAA5314F574BA2A508E0FEA573169B7F4FB56342BADB25C2D81AC38, name Y (expanded) is /ccnx.org/test/SyncTestRepo-15-01-15-18.20.23/ccnSyncTest/slice9/round2/randomFile/=FD054B82F70368/=0022/Lo=DB1416DB33FF6847F7C329A630F8942DA1E193525EE79BEC8DAC8F1CA610
Jan 15, 2015 6:21:52 PM org.ccnx.ccn.impl.sync.SliceComparator doComparison
O MAIS DETALHADO: Compare LEAF %05p%EFG=05106476F4B0BCB015CE24928C905584ADBEFC5B309FCF04F160EE6E0B to LEAF =079C80B08E53ACF1962CDF4606613C73F343A36D29144BECBA9F1DF11FAB59514F
Jan 15, 2015 6:21:52 PM org.ccnx.ccn.profiles.sync.SyncTestRepo.SyncHandler3 handleContentName
DETALHADO: Saw a name for callbackNames3
Jan 15, 2015 6:21:52 PM org.ccnx.ccn.profiles.sync.SyncTestRepo doHandleContentName
INFORMAÇÕES: Number 3: Callback for name: /ccnx.org/test/SyncTestRepo-15-01-15-18.20.23/ccnSyncTest/slice9/round2/randomFile/=FD054B82F70368/=0022 - number is 34
Jan 15, 2015 6:21:52 PM org.ccnx.ccn.impl.sync.SliceComparator doComparison
O MAIS DETALHADO: Compare LEAF %05p%EFG=05106476F4B0BCB015CE24928C905584ADBEFC5B309FCF04F160EE6E0B to LEAF =079C80B08E53ACF1962CDF4606613C73F343A36D29144BECBA9F1DF11FAB59514F
Jan 15, 2015 6:21:52 PM org.ccnx.ccn.impl.sync.SliceComparator doComparison
O MAIS DETALHADO: name X is 0, pos X is 0, name Y is 35, pos Y is 13 comp is 1
Jan 15, 2015 6:21:52 PM org.ccnx.ccn.impl.sync.SliceComparator doComparison
O MAIS DETALHADO: name X is 0, pos X is 0, name Y is 30, pos Y is 8 comp is 1
Jan 15, 2015 6:21:52 PM org.ccnx.ccn.impl.sync.SliceComparator doComparison
O MAIS DETALHADO: name X (expanded) is /ccnx.org/test/SyncTestRepo-15-01-15-18.20.23/ccnSyncTest/slice9/randomFile/=FD054B82F6A1F4/=00/=0B8EC1430BAA5314F574BA2A508E0FEA573169B7F4FB56342BADB25C2D81AC38, name Y (expanded) is /ccnx.org/test/SyncTestRepo-15-01-15-18.20.23/ccnSyncTest/slice9/round2/randomFile/=FD054B82F70368/=001E/=C57BE0631101830E65045C9329719D456B410E4B5B4C5A5435085336878FCF34
Jan 15, 2015 6:21:52 PM org.ccnx.ccn.impl.sync.SliceComparator doComparison
O MAIS DETALHADO: name X (expanded) is /ccnx.org/test/SyncTestRepo-15-01-15-18.20.23/ccnSyncTest/slice9/randomFile/=FD054B82F6A1F4/=00/=0B8EC1430BAA5314F574BA2A508E0FEA573169B7F4FB56342BADB25C2D81AC38, name Y (expanded) is /ccnx.org/test/SyncTestRepo-15-01-15-18.20.23/ccnSyncTest/slice9/round2/randomFile/=FD054B82F70368/=0023/=3AAEBE7D05D6853434EAB04F46A3B5997352B7FCEEF6FDB851BF19F5B6497D97
Jan 15, 2015 6:21:52 PM org.ccnx.ccn.profiles.sync.SyncTestRepo.SyncHandler2 handleContentName
DETALHADO: Saw a name for callbackNames2
Jan 15, 2015 6:21:52 PM org.ccnx.ccn.profiles.sync.SyncTestRepo.SyncHandler3 handleContentName
DETALHADO: Saw a name for callbackNames3
Jan 15, 2015 6:21:52 PM org.ccnx.ccn.profiles.sync.SyncTestRepo doHandleContentName
INFORMAÇÕES: Number 3: Callback for name: /ccnx.org/test/SyncTestRepo-15-01-15-18.20.23/ccnSyncTest/slice9/round2/randomFile/=FD054B82F70368/=0023 - number is 35
Jan 15, 2015 6:21:52 PM org.ccnx.ccn.profiles.sync.SyncTestRepo doHandleContentName
INFORMAÇÕES: Number 2: Callback for name: /ccnx.org/test/SyncTestRepo-15-01-15-18.20.23/ccnSyncTest/slice9/round2/randomFile/=FD054B82F70368/=001E - number is 30
Jan 15, 2015 6:21:52 PM org.ccnx.ccn.impl.sync.SliceComparator doComparison
O MAIS DETALHADO: Compare LEAF %05p%EFG=05106476F4B0BCB015CE24928C905584ADBEFC5B309FCF04F160EE6E0B to LEAF =079C80B08E53ACF1962CDF4606613C73F343A36D29144BECBA9F1DF11FAB59514F
Jan 15, 2015 6:21:52 PM org.ccnx.ccn.impl.sync.SliceComparator doComparison
O MAIS DETALHADO: Compare LEAF %05p%EFG=05106476F4B0BCB015CE24928C905584ADBEFC5B309FCF04F160EE6E0B to LEAF =079C80B08E53ACF1962CDF4606613C73F343A36D29144BECBA9F1DF11FAB59514F
Jan 15, 2015 6:21:52 PM org.ccnx.ccn.impl.sync.SliceComparator doComparison
O MAIS DETALHADO: name X is 0, pos X is 0, name Y is 36, pos Y is 14 comp is 1
Jan 15, 2015 6:21:52 PM org.ccnx.ccn.impl.sync.SliceComparator doComparison
O MAIS DETALHADO: name X is 0, pos X is 0, name Y is 31, pos Y is 9 comp is 1
Jan 15, 2015 6:21:52 PM org.ccnx.ccn.impl.sync.SliceComparator doComparison
O MAIS DETALHADO: name X (expanded) is /ccnx.org/test/SyncTestRepo-15-01-15-18.20.23/ccnSyncTest/slice9/randomFile/=FD054B82F6A1F4/=00/=0B8EC1430BAA5314F574BA2A508E0FEA573169B7F4FB56342BADB25C2D81AC38, name Y (expanded) is /ccnx.org/test/SyncTestRepo-15-01-15-18.20.23/ccnSyncTest/slice9/round2/randomFile/=FD054B82F70368/=0024/=1D0DCE17F6147D870C0750D435B8FF6501BEB5561DE8924321EF82E6A4AD78CE
Jan 15, 2015 6:21:52 PM org.ccnx.ccn.impl.sync.SliceComparator doComparison
O MAIS DETALHADO: name X (expanded) is /ccnx.org/test/SyncTestRepo-15-01-15-18.20.23/ccnSyncTest/slice9/randomFile/=FD054B82F6A1F4/=00/=0B8EC1430BAA5314F574BA2A508E0FEA573169B7F4FB56342BADB25C2D81AC38, name Y (expanded) is /ccnx.org/test/SyncTestRepo-15-01-15-18.20.23/ccnSyncTest/slice9/round2/randomFile/=FD054B82F70368/=001F/%12N6=D5B6BAB755DE038798471196864D21AE250FE772AD7904C4F3A693EC86
Jan 15, 2015 6:21:52 PM org.ccnx.ccn.profiles.sync.SyncTestRepo.SyncHandler3 handleContentName
DETALHADO: Saw a name for callbackNames3
Jan 15, 2015 6:21:52 PM org.ccnx.ccn.profiles.sync.SyncTestRepo.SyncHandler2 handleContentName
DETALHADO: Saw a name for callbackNames2
Jan 15, 2015 6:21:52 PM org.ccnx.ccn.profiles.sync.SyncTestRepo doHandleContentName
INFORMAÇÕES: Number 3: Callback for name: /ccnx.org/test/SyncTestRepo-15-01-15-18.20.23/ccnSyncTest/slice9/round2/randomFile/=FD054B82F70368/=0024 - number is 36
Jan 15, 2015 6:21:52 PM org.ccnx.ccn.profiles.sync.SyncTestRepo doHandleContentName
INFORMAÇÕES: Number 2: Callback for name: /ccnx.org/test/SyncTestRepo-15-01-15-18.20.23/ccnSyncTest/slice9/round2/randomFile/=FD054B82F70368/=001F - number is 31
Jan 15, 2015 6:21:52 PM org.ccnx.ccn.impl.sync.SliceComparator doComparison
O MAIS DETALHADO: Compare LEAF %05p%EFG=05106476F4B0BCB015CE24928C905584ADBEFC5B309FCF04F160EE6E0B to LEAF =079C80B08E53ACF1962CDF4606613C73F343A36D29144BECBA9F1DF11FAB59514F
Jan 15, 2015 6:21:52 PM org.ccnx.ccn.impl.sync.SliceComparator doComparison
O MAIS DETALHADO: Compare LEAF %05p%EFG=05106476F4B0BCB015CE24928C905584ADBEFC5B309FCF04F160EE6E0B to LEAF =079C80B08E53ACF1962CDF4606613C73F343A36D29144BECBA9F1DF11FAB59514F
Jan 15, 2015 6:21:52 PM org.ccnx.ccn.impl.sync.SliceComparator doComparison
O MAIS DETALHADO: name X is 0, pos X is 0, name Y is 32, pos Y is 10 comp is 1
Jan 15, 2015 6:21:52 PM org.ccnx.ccn.impl.sync.SliceComparator doComparison
O MAIS DETALHADO: name X is 0, pos X is 0, name Y is 37, pos Y is 15 comp is 1
Jan 15, 2015 6:21:52 PM org.ccnx.ccn.impl.sync.SliceComparator doComparison
O MAIS DETALHADO: name X (expanded) is /ccnx.org/test/SyncTestRepo-15-01-15-18.20.23/ccnSyncTest/slice9/randomFile/=FD054B82F6A1F4/=00/=0B8EC1430BAA5314F574BA2A508E0FEA573169B7F4FB56342BADB25C2D81AC38, name Y (expanded) is /ccnx.org/test/SyncTestRepo-15-01-15-18.20.23/ccnSyncTest/slice9/round2/randomFile/=FD054B82F70368/=0020/=B51865B7774F577988D99BC4D7AF5D90E5C374FB5F032475866DE4764B71351A
Jan 15, 2015 6:21:52 PM org.ccnx.ccn.impl.sync.SliceComparator doComparison
O MAIS DETALHADO: name X (expanded) is /ccnx.org/test/SyncTestRepo-15-01-15-18.20.23/ccnSyncTest/slice9/randomFile/=FD054B82F6A1F4/=00/=0B8EC1430BAA5314F574BA2A508E0FEA573169B7F4FB56342BADB25C2D81AC38, name Y (expanded) is /ccnx.org/test/SyncTestRepo-15-01-15-18.20.23/ccnSyncTest/slice9/round2/randomFile/=FD054B82F70368/=0025/%7CD=1DC6615094A8FCD158A20B58EE15DE77889C6306006B1D15C552FD1D3E3D
Jan 15, 2015 6:21:52 PM org.ccnx.ccn.profiles.sync.SyncTestRepo.SyncHandler2 handleContentName
DETALHADO: Saw a name for callbackNames2
Jan 15, 2015 6:21:52 PM org.ccnx.ccn.profiles.sync.SyncTestRepo.SyncHandler3 handleContentName
DETALHADO: Saw a name for callbackNames3
Jan 15, 2015 6:21:52 PM org.ccnx.ccn.profiles.sync.SyncTestRepo doHandleContentName
INFORMAÇÕES: Number 3: Callback for name: /ccnx.org/test/SyncTestRepo-15-01-15-18.20.23/ccnSyncTest/slice9/round2/randomFile/=FD054B82F70368/=0025 - number is 37
Jan 15, 2015 6:21:52 PM org.ccnx.ccn.profiles.sync.SyncTestRepo doHandleContentName
INFORMAÇÕES: Number 2: Callback for name: /ccnx.org/test/SyncTestRepo-15-01-15-18.20.23/ccnSyncTest/slice9/round2/randomFile/=FD054B82F70368/=0020 - number is 32
Jan 15, 2015 6:21:52 PM org.ccnx.ccn.impl.sync.SliceComparator doComparison
O MAIS DETALHADO: Compare LEAF %05p%EFG=05106476F4B0BCB015CE24928C905584ADBEFC5B309FCF04F160EE6E0B to LEAF =079C80B08E53ACF1962CDF4606613C73F343A36D29144BECBA9F1DF11FAB59514F
Jan 15, 2015 6:21:52 PM org.ccnx.ccn.impl.sync.SliceComparator doComparison
O MAIS DETALHADO: Compare LEAF %05p%EFG=05106476F4B0BCB015CE24928C905584ADBEFC5B309FCF04F160EE6E0B to LEAF =079C80B08E53ACF1962CDF4606613C73F343A36D29144BECBA9F1DF11FAB59514F
Jan 15, 2015 6:21:52 PM org.ccnx.ccn.impl.sync.SliceComparator doComparison
O MAIS DETALHADO: name X is 0, pos X is 0, name Y is 38, pos Y is 16 comp is 1
Jan 15, 2015 6:21:52 PM org.ccnx.ccn.impl.sync.SliceComparator doComparison
O MAIS DETALHADO: name X is 0, pos X is 0, name Y is 33, pos Y is 11 comp is 1
Jan 15, 2015 6:21:52 PM org.ccnx.ccn.impl.sync.SliceComparator doComparison
O MAIS DETALHADO: name X (expanded) is /ccnx.org/test/SyncTestRepo-15-01-15-18.20.23/ccnSyncTest/slice9/randomFile/=FD054B82F6A1F4/=00/=0B8EC1430BAA5314F574BA2A508E0FEA573169B7F4FB56342BADB25C2D81AC38, name Y (expanded) is /ccnx.org/test/SyncTestRepo-15-01-15-18.20.23/ccnSyncTest/slice9/round2/randomFile/=FD054B82F70368/=0026/%D6K=B8B53EF27CF3896A1C6CD4FF34CECA949BD948319661FEF62348A3112E2D
Jan 15, 2015 6:21:52 PM org.ccnx.ccn.impl.sync.SliceComparator doComparison
O MAIS DETALHADO: name X (expanded) is /ccnx.org/test/SyncTestRepo-15-01-15-18.20.23/ccnSyncTest/slice9/randomFile/=FD054B82F6A1F4/=00/=0B8EC1430BAA5314F574BA2A508E0FEA573169B7F4FB56342BADB25C2D81AC38, name Y (expanded) is /ccnx.org/test/SyncTestRepo-15-01-15-18.20.23/ccnSyncTest/slice9/round2/randomFile/=FD054B82F70368/=0021/=A20A1330C3B69B314C205A7B474D360BD534A6BF8353E7A876AA7BC08183A485
Jan 15, 2015 6:21:52 PM org.ccnx.ccn.profiles.sync.SyncTestRepo.SyncHandler3 handleContentName
DETALHADO: Saw a name for callbackNames3
Jan 15, 2015 6:21:52 PM org.ccnx.ccn.profiles.sync.SyncTestRepo.SyncHandler2 handleContentName
DETALHADO: Saw a name for callbackNames2
Jan 15, 2015 6:21:52 PM org.ccnx.ccn.profiles.sync.SyncTestRepo doHandleContentName
INFORMAÇÕES: Number 3: Callback for name: /ccnx.org/test/SyncTestRepo-15-01-15-18.20.23/ccnSyncTest/slice9/round2/randomFile/=FD054B82F70368/=0026 - number is 38
Jan 15, 2015 6:21:52 PM org.ccnx.ccn.profiles.sync.SyncTestRepo doHandleContentName
INFORMAÇÕES: Number 2: Callback for name: /ccnx.org/test/SyncTestRepo-15-01-15-18.20.23/ccnSyncTest/slice9/round2/randomFile/=FD054B82F70368/=0021 - number is 33
Jan 15, 2015 6:21:52 PM org.ccnx.ccn.impl.sync.SliceComparator doComparison
O MAIS DETALHADO: Compare LEAF %05p%EFG=05106476F4B0BCB015CE24928C905584ADBEFC5B309FCF04F160EE6E0B to LEAF =079C80B08E53ACF1962CDF4606613C73F343A36D29144BECBA9F1DF11FAB59514F
Jan 15, 2015 6:21:52 PM org.ccnx.ccn.impl.sync.SliceComparator doComparison
O MAIS DETALHADO: Compare LEAF %05p%EFG=05106476F4B0BCB015CE24928C905584ADBEFC5B309FCF04F160EE6E0B to LEAF =079C80B08E53ACF1962CDF4606613C73F343A36D29144BECBA9F1DF11FAB59514F
Jan 15, 2015 6:21:52 PM org.ccnx.ccn.impl.sync.SliceComparator doComparison
O MAIS DETALHADO: name X is 0, pos X is 0, name Y is 39, pos Y is 17 comp is 1
Jan 15, 2015 6:21:52 PM org.ccnx.ccn.impl.sync.SliceComparator doComparison
O MAIS DETALHADO: name X is 0, pos X is 0, name Y is 34, pos Y is 12 comp is 1
Jan 15, 2015 6:21:52 PM org.ccnx.ccn.impl.sync.SliceComparator doComparison
O MAIS DETALHADO: name X (expanded) is /ccnx.org/test/SyncTestRepo-15-01-15-18.20.23/ccnSyncTest/slice9/randomFile/=FD054B82F6A1F4/=00/=0B8EC1430BAA5314F574BA2A508E0FEA573169B7F4FB56342BADB25C2D81AC38, name Y (expanded) is /ccnx.org/test/SyncTestRepo-15-01-15-18.20.23/ccnSyncTest/slice9/round2/randomFile/=FD054B82F70368/=0022/Lo=DB1416DB33FF6847F7C329A630F8942DA1E193525EE79BEC8DAC8F1CA610
Jan 15, 2015 6:21:52 PM org.ccnx.ccn.impl.sync.SliceComparator doComparison
O MAIS DETALHADO: name X (expanded) is /ccnx.org/test/SyncTestRepo-15-01-15-18.20.23/ccnSyncTest/slice9/randomFile/=FD054B82F6A1F4/=00/=0B8EC1430BAA5314F574BA2A508E0FEA573169B7F4FB56342BADB25C2D81AC38, name Y (expanded) is /ccnx.org/test/SyncTestRepo-15-01-15-18.20.23/ccnSyncTest/slice9/round2/randomFile/=FD054B82F70368/=0027/X=9AB1C9E49637E1C0F94604D6B9D7820643E1D6EDA0806F1AE4EC0E95015D71
Jan 15, 2015 6:21:52 PM org.ccnx.ccn.profiles.sync.SyncTestRepo.SyncHandler2 handleContentName
DETALHADO: Saw a name for callbackNames2
Jan 15, 2015 6:21:52 PM org.ccnx.ccn.profiles.sync.SyncTestRepo.SyncHandler3 handleContentName
DETALHADO: Saw a name for callbackNames3
Jan 15, 2015 6:21:52 PM org.ccnx.ccn.profiles.sync.SyncTestRepo doHandleContentName
INFORMAÇÕES: Number 2: Callback for name: /ccnx.org/test/SyncTestRepo-15-01-15-18.20.23/ccnSyncTest/slice9/round2/randomFile/=FD054B82F70368/=0022 - number is 34
Jan 15, 2015 6:21:52 PM org.ccnx.ccn.profiles.sync.SyncTestRepo doHandleContentName
INFORMAÇÕES: Number 3: Callback for name: /ccnx.org/test/SyncTestRepo-15-01-15-18.20.23/ccnSyncTest/slice9/round2/randomFile/=FD054B82F70368/=0027 - number is 39
Jan 15, 2015 6:21:52 PM org.ccnx.ccn.impl.sync.SliceComparator doComparison
O MAIS DETALHADO: Compare LEAF %05p%EFG=05106476F4B0BCB015CE24928C905584ADBEFC5B309FCF04F160EE6E0B to LEAF =079C80B08E53ACF1962CDF4606613C73F343A36D29144BECBA9F1DF11FAB59514F
Jan 15, 2015 6:21:52 PM org.ccnx.ccn.impl.sync.SliceComparator doComparison
O MAIS DETALHADO: Compare LEAF %05p%EFG=05106476F4B0BCB015CE24928C905584ADBEFC5B309FCF04F160EE6E0B to NODE =28DED466A17AD8984F1C6B9A7470FB8F54402433FCBE38860A5FABEAA52D597D75
Jan 15, 2015 6:21:52 PM org.ccnx.ccn.impl.sync.SliceComparator doComparison
O MAIS DETALHADO: minname is 0, maxname is 0, X name is 0, pos X is 0, pos Y is 2
Jan 15, 2015 6:21:52 PM org.ccnx.ccn.impl.sync.SliceComparator doComparison
O MAIS DETALHADO: name X is 0, pos X is 0, name Y is 35, pos Y is 13 comp is 1
Jan 15, 2015 6:21:52 PM org.ccnx.ccn.impl.sync.SliceComparator doComparison
O MAIS DETALHADO: minname (expanded) is /ccnx.org/test/SyncTestRepo-15-01-15-18.20.23/ccnSyncTest/slice9/round2/randomFile/=FD054B82F70368/=00/=B97F65C641ECD73502119EB69D2576BAC16B3BF85AD4553028EB611D8E11F489, maxname (expanded) is /ccnx.org/test/SyncTestRepo-15-01-15-18.20.23/ccnSyncTest/slice9/randomFile/=FD054B82F6A1F4/%C1.META.M/.header/=FD054B82F6A277/=00/%E1d=DD9BAB5C9B8BB01ED5ACE2DBD7444D09943A4AAAF2EB897BB30A2244EAE0
Jan 15, 2015 6:21:52 PM org.ccnx.ccn.impl.sync.SliceComparator doComparison
O MAIS DETALHADO: name X (expanded) is /ccnx.org/test/SyncTestRepo-15-01-15-18.20.23/ccnSyncTest/slice9/randomFile/=FD054B82F6A1F4/=00/=0B8EC1430BAA5314F574BA2A508E0FEA573169B7F4FB56342BADB25C2D81AC38, name Y (expanded) is /ccnx.org/test/SyncTestRepo-15-01-15-18.20.23/ccnSyncTest/slice9/round2/randomFile/=FD054B82F70368/=0023/=3AAEBE7D05D6853434EAB04F46A3B5997352B7FCEEF6FDB851BF19F5B6497D97
Jan 15, 2015 6:21:52 PM org.ccnx.ccn.impl.sync.SliceComparator doComparison
O MAIS DETALHADO: sneX (expanded) is /ccnx.org/test/SyncTestRepo-15-01-15-18.20.23/ccnSyncTest/slice9/randomFile/=FD054B82F6A1F4/=00/=0B8EC1430BAA5314F574BA2A508E0FEA573169B7F4FB56342BADB25C2D81AC38, comp is 1
Jan 15, 2015 6:21:52 PM org.ccnx.ccn.profiles.sync.SyncTestRepo.SyncHandler2 handleContentName
DETALHADO: Saw a name for callbackNames2
Jan 15, 2015 6:21:52 PM org.ccnx.ccn.profiles.sync.SyncTestRepo doHandleContentName
INFORMAÇÕES: Number 2: Callback for name: /ccnx.org/test/SyncTestRepo-15-01-15-18.20.23/ccnSyncTest/slice9/round2/randomFile/=FD054B82F70368/=0023 - number is 35
Jan 15, 2015 6:21:52 PM org.ccnx.ccn.io.content.SyncNodeComposite decodeLogging
O MAIS DETALHADO: decode node for %04Y=D9C97817FB4676EE0E098ACF984C70DC7711DDA66E967D613BA89209DC1BF0 depth = 1 refs = 12
Jan 15, 2015 6:21:52 PM org.ccnx.ccn.impl.sync.SliceComparator doComparison
O MAIS DETALHADO: Compare LEAF %05p%EFG=05106476F4B0BCB015CE24928C905584ADBEFC5B309FCF04F160EE6E0B to LEAF =079C80B08E53ACF1962CDF4606613C73F343A36D29144BECBA9F1DF11FAB59514F
Jan 15, 2015 6:21:52 PM org.ccnx.ccn.impl.sync.SliceComparator doComparison
O MAIS DETALHADO: Compare LEAF %05p%EFG=05106476F4B0BCB015CE24928C905584ADBEFC5B309FCF04F160EE6E0B to LEAF %04Y=D9C97817FB4676EE0E098ACF984C70DC7711DDA66E967D613BA89209DC1BF0
Jan 15, 2015 6:21:52 PM org.ccnx.ccn.io.content.SyncNodeComposite decodeLogging
O MAIS DETALHADO: min is 0, max is 10, expanded min is /ccnx.org/test/SyncTestRepo-15-01-15-18.20.23/ccnSyncTest/slice9/round2/randomFile/=FD054B82F70368/%C1.META.M/.header/=FD054B82F703FC/=00/%7D-=2B3E6FF70AC7D3D5908FC992D0F932A31E2FF181B8564B07C5969C0AE660, expanded max is /ccnx.org/test/SyncTestRepo-15-01-15-18.20.23/ccnSyncTest/slice9/randomFile/=FD054B82F6A1F4/=000A/=3FC69DFF1239ED76FF3C0DAD9EF6253F75A2F184CD67D810158D06751A3A0C35
Jan 15, 2015 6:21:52 PM org.ccnx.ccn.impl.sync.SliceComparator doComparison
O MAIS DETALHADO: name X is 0, pos X is 0, name Y is 0, pos Y is 0 comp is 1
Jan 15, 2015 6:21:52 PM org.ccnx.ccn.impl.sync.SliceComparator doComparison
O MAIS DETALHADO: name X is 0, pos X is 0, name Y is 36, pos Y is 14 comp is 1
Jan 15, 2015 6:21:52 PM org.ccnx.ccn.impl.sync.SliceComparator doComparison
O MAIS DETALHADO: Compare LEAF %05p%EFG=05106476F4B0BCB015CE24928C905584ADBEFC5B309FCF04F160EE6E0B to LEAF %04Y=D9C97817FB4676EE0E098ACF984C70DC7711DDA66E967D613BA89209DC1BF0
Jan 15, 2015 6:21:52 PM org.ccnx.ccn.impl.sync.SliceComparator doComparison
O MAIS DETALHADO: name X (expanded) is /ccnx.org/test/SyncTestRepo-15-01-15-18.20.23/ccnSyncTest/slice9/randomFile/=FD054B82F6A1F4/=00/=0B8EC1430BAA5314F574BA2A508E0FEA573169B7F4FB56342BADB25C2D81AC38, name Y (expanded) is /ccnx.org/test/SyncTestRepo-15-01-15-18.20.23/ccnSyncTest/slice9/round2/randomFile/=FD054B82F70368/%C1.META.M/.header/=FD054B82F703FC/=00/%7D-=2B3E6FF70AC7D3D5908FC992D0F932A31E2FF181B8564B07C5969C0AE660
Jan 15, 2015 6:21:52 PM org.ccnx.ccn.impl.sync.SliceComparator doComparison
O MAIS DETALHADO: name X (expanded) is /ccnx.org/test/SyncTestRepo-15-01-15-18.20.23/ccnSyncTest/slice9/randomFile/=FD054B82F6A1F4/=00/=0B8EC1430BAA5314F574BA2A508E0FEA573169B7F4FB56342BADB25C2D81AC38, name Y (expanded) is /ccnx.org/test/SyncTestRepo-15-01-15-18.20.23/ccnSyncTest/slice9/round2/randomFile/=FD054B82F70368/=0024/=1D0DCE17F6147D870C0750D435B8FF6501BEB5561DE8924321EF82E6A4AD78CE
Jan 15, 2015 6:21:52 PM org.ccnx.ccn.impl.sync.SliceComparator doComparison
O MAIS DETALHADO: name X is 0, pos X is 0, name Y is 0, pos Y is 0 comp is 1
Jan 15, 2015 6:21:52 PM org.ccnx.ccn.impl.sync.SliceComparator doComparison
O MAIS DETALHADO: Compare LEAF %05p%EFG=05106476F4B0BCB015CE24928C905584ADBEFC5B309FCF04F160EE6E0B to LEAF %04Y=D9C97817FB4676EE0E098ACF984C70DC7711DDA66E967D613BA89209DC1BF0
Jan 15, 2015 6:21:52 PM org.ccnx.ccn.profiles.sync.SyncTestRepo.SyncHandler2 handleContentName
DETALHADO: Saw a name for callbackNames2
Jan 15, 2015 6:21:52 PM org.ccnx.ccn.impl.sync.SliceComparator doComparison
O MAIS DETALHADO: name X is 0, pos X is 0, name Y is 0, pos Y is 1 comp is 0
Jan 15, 2015 6:21:52 PM org.ccnx.ccn.profiles.sync.SyncTestRepo doHandleContentName
INFORMAÇÕES: Number 2: Callback for name: /ccnx.org/test/SyncTestRepo-15-01-15-18.20.23/ccnSyncTest/slice9/round2/randomFile/=FD054B82F70368/=0024 - number is 36
Jan 15, 2015 6:21:52 PM org.ccnx.ccn.impl.sync.SliceComparator doComparison
O MAIS DETALHADO: name X (expanded) is /ccnx.org/test/SyncTestRepo-15-01-15-18.20.23/ccnSyncTest/slice9/randomFile/=FD054B82F6A1F4/=00/=0B8EC1430BAA5314F574BA2A508E0FEA573169B7F4FB56342BADB25C2D81AC38, name Y (expanded) is /ccnx.org/test/SyncTestRepo-15-01-15-18.20.23/ccnSyncTest/slice9/round2/randomFile/=FD054B82F70368/%C1.META.M/.header/=FD054B82F703FC/=00/%7D-=2B3E6FF70AC7D3D5908FC992D0F932A31E2FF181B8564B07C5969C0AE660
Jan 15, 2015 6:21:52 PM org.ccnx.ccn.impl.sync.SliceComparator doComparison
O MAIS DETALHADO: name X (expanded) is /ccnx.org/test/SyncTestRepo-15-01-15-18.20.23/ccnSyncTest/slice9/randomFile/=FD054B82F6A1F4/=00/=0B8EC1430BAA5314F574BA2A508E0FEA573169B7F4FB56342BADB25C2D81AC38, name Y (expanded) is /ccnx.org/test/SyncTestRepo-15-01-15-18.20.23/ccnSyncTest/slice9/randomFile/=FD054B82F6A1F4/=00/=0B8EC1430BAA5314F574BA2A508E0FEA573169B7F4FB56342BADB25C2D81AC38
Jan 15, 2015 6:21:52 PM org.ccnx.ccn.impl.sync.SliceComparator doComparison
O MAIS DETALHADO: Compare LEAF %05p%EFG=05106476F4B0BCB015CE24928C905584ADBEFC5B309FCF04F160EE6E0B to LEAF =079C80B08E53ACF1962CDF4606613C73F343A36D29144BECBA9F1DF11FAB59514F
Jan 15, 2015 6:21:52 PM org.ccnx.ccn.impl.sync.SliceComparator doComparison
O MAIS DETALHADO: Compare LEAF %05p%EFG=05106476F4B0BCB015CE24928C905584ADBEFC5B309FCF04F160EE6E0B to LEAF %04Y=D9C97817FB4676EE0E098ACF984C70DC7711DDA66E967D613BA89209DC1BF0
Jan 15, 2015 6:21:52 PM org.ccnx.ccn.profiles.sync.SyncTestRepo.SyncHandler3 handleContentName
DETALHADO: Saw a name for callbackNames3
Jan 15, 2015 6:21:52 PM org.ccnx.ccn.impl.sync.SliceComparator doComparison
O MAIS DETALHADO: name X is 0, pos X is 0, name Y is 37, pos Y is 15 comp is 1
Jan 15, 2015 6:21:52 PM org.ccnx.ccn.impl.sync.SliceComparator doComparison
O MAIS DETALHADO: name X is 1, pos X is 1, name Y is 1, pos Y is 2 comp is 0
Jan 15, 2015 6:21:52 PM org.ccnx.ccn.profiles.sync.SyncTestRepo doHandleContentName
INFORMAÇÕES: Number 3: Callback for name: /ccnx.org/test/SyncTestRepo-15-01-15-18.20.23/ccnSyncTest/slice9/round2/randomFile/=FD054B82F70368/%C1.META.M/.header/=FD054B82F703FC/=00 - number is header
Jan 15, 2015 6:21:52 PM org.ccnx.ccn.impl.sync.SliceComparator doComparison
O MAIS DETALHADO: name X (expanded) is /ccnx.org/test/SyncTestRepo-15-01-15-18.20.23/ccnSyncTest/slice9/randomFile/=FD054B82F6A1F4/=0001/%EBN=F3F8038553417F7E8280524DF606E8522541EC96373A076F3A3FD413D07D, name Y (expanded) is /ccnx.org/test/SyncTestRepo-15-01-15-18.20.23/ccnSyncTest/slice9/randomFile/=FD054B82F6A1F4/=0001/%EBN=F3F8038553417F7E8280524DF606E8522541EC96373A076F3A3FD413D07D
Jan 15, 2015 6:21:52 PM org.ccnx.ccn.impl.sync.SliceComparator doComparison
O MAIS DETALHADO: name X (expanded) is /ccnx.org/test/SyncTestRepo-15-01-15-18.20.23/ccnSyncTest/slice9/randomFile/=FD054B82F6A1F4/=00/=0B8EC1430BAA5314F574BA2A508E0FEA573169B7F4FB56342BADB25C2D81AC38, name Y (expanded) is /ccnx.org/test/SyncTestRepo-15-01-15-18.20.23/ccnSyncTest/slice9/round2/randomFile/=FD054B82F70368/=0025/%7CD=1DC6615094A8FCD158A20B58EE15DE77889C6306006B1D15C552FD1D3E3D
Jan 15, 2015 6:21:52 PM org.ccnx.ccn.impl.sync.SliceComparator doComparison
O MAIS DETALHADO: Compare LEAF %05p%EFG=05106476F4B0BCB015CE24928C905584ADBEFC5B309FCF04F160EE6E0B to LEAF %04Y=D9C97817FB4676EE0E098ACF984C70DC7711DDA66E967D613BA89209DC1BF0
Jan 15, 2015 6:21:52 PM org.ccnx.ccn.impl.sync.SliceComparator doComparison
O MAIS DETALHADO: Compare LEAF %05p%EFG=05106476F4B0BCB015CE24928C905584ADBEFC5B309FCF04F160EE6E0B to LEAF %04Y=D9C97817FB4676EE0E098ACF984C70DC7711DDA66E967D613BA89209DC1BF0
Jan 15, 2015 6:21:52 PM org.ccnx.ccn.profiles.sync.SyncTestRepo.SyncHandler2 handleContentName
DETALHADO: Saw a name for callbackNames2
Jan 15, 2015 6:21:52 PM org.ccnx.ccn.impl.sync.SliceComparator doComparison
O MAIS DETALHADO: name X is 0, pos X is 0, name Y is 0, pos Y is 1 comp is 0
Jan 15, 2015 6:21:52 PM org.ccnx.ccn.impl.sync.SliceComparator doComparison
O MAIS DETALHADO: name X is 2, pos X is 2, name Y is 2, pos Y is 3 comp is 0
Jan 15, 2015 6:21:52 PM org.ccnx.ccn.profiles.sync.SyncTestRepo doHandleContentName
INFORMAÇÕES: Number 2: Callback for name: /ccnx.org/test/SyncTestRepo-15-01-15-18.20.23/ccnSyncTest/slice9/round2/randomFile/=FD054B82F70368/=0025 - number is 37
Jan 15, 2015 6:21:52 PM org.ccnx.ccn.impl.sync.SliceComparator doComparison
O MAIS DETALHADO: name X (expanded) is /ccnx.org/test/SyncTestRepo-15-01-15-18.20.23/ccnSyncTest/slice9/randomFile/=FD054B82F6A1F4/=0002/E=959F560CCB168756A2A3161F52DA98FED4772A67EFD14E26810588C426BB0F, name Y (expanded) is /ccnx.org/test/SyncTestRepo-15-01-15-18.20.23/ccnSyncTest/slice9/randomFile/=FD054B82F6A1F4/=0002/E=959F560CCB168756A2A3161F52DA98FED4772A67EFD14E26810588C426BB0F
Jan 15, 2015 6:21:52 PM org.ccnx.ccn.impl.sync.SliceComparator doComparison
O MAIS DETALHADO: name X (expanded) is /ccnx.org/test/SyncTestRepo-15-01-15-18.20.23/ccnSyncTest/slice9/randomFile/=FD054B82F6A1F4/=00/=0B8EC1430BAA5314F574BA2A508E0FEA573169B7F4FB56342BADB25C2D81AC38, name Y (expanded) is /ccnx.org/test/SyncTestRepo-15-01-15-18.20.23/ccnSyncTest/slice9/randomFile/=FD054B82F6A1F4/=00/=0B8EC1430BAA5314F574BA2A508E0FEA573169B7F4FB56342BADB25C2D81AC38
Jan 15, 2015 6:21:52 PM org.ccnx.ccn.impl.sync.SliceComparator doComparison
O MAIS DETALHADO: Compare LEAF %05p%EFG=05106476F4B0BCB015CE24928C905584ADBEFC5B309FCF04F160EE6E0B to LEAF %04Y=D9C97817FB4676EE0E098ACF984C70DC7711DDA66E967D613BA89209DC1BF0
Jan 15, 2015 6:21:52 PM org.ccnx.ccn.impl.sync.SliceComparator doComparison
O MAIS DETALHADO: Compare LEAF %05p%EFG=05106476F4B0BCB015CE24928C905584ADBEFC5B309FCF04F160EE6E0B to LEAF =079C80B08E53ACF1962CDF4606613C73F343A36D29144BECBA9F1DF11FAB59514F
Jan 15, 2015 6:21:52 PM org.ccnx.ccn.impl.sync.SliceComparator doComparison
O MAIS DETALHADO: Compare LEAF %05p%EFG=05106476F4B0BCB015CE24928C905584ADBEFC5B309FCF04F160EE6E0B to LEAF %04Y=D9C97817FB4676EE0E098ACF984C70DC7711DDA66E967D613BA89209DC1BF0
Jan 15, 2015 6:21:52 PM org.ccnx.ccn.impl.sync.SliceComparator doComparison
O MAIS DETALHADO: name X is 3, pos X is 3, name Y is 3, pos Y is 4 comp is 0
Jan 15, 2015 6:21:52 PM org.ccnx.ccn.impl.sync.SliceComparator doComparison
O MAIS DETALHADO: name X is 0, pos X is 0, name Y is 38, pos Y is 16 comp is 1
Jan 15, 2015 6:21:52 PM org.ccnx.ccn.impl.sync.SliceComparator doComparison
O MAIS DETALHADO: name X is 1, pos X is 1, name Y is 1, pos Y is 2 comp is 0
Jan 15, 2015 6:21:52 PM org.ccnx.ccn.impl.sync.SliceComparator doComparison
O MAIS DETALHADO: name X (expanded) is /ccnx.org/test/SyncTestRepo-15-01-15-18.20.23/ccnSyncTest/slice9/randomFile/=FD054B82F6A1F4/=0003/%0F~as%115b=1C8526C5B9FE7175C3E066056DC100A38F17C699753E9D0A2B, name Y (expanded) is /ccnx.org/test/SyncTestRepo-15-01-15-18.20.23/ccnSyncTest/slice9/randomFile/=FD054B82F6A1F4/=0003/%0F~as%115b=1C8526C5B9FE7175C3E066056DC100A38F17C699753E9D0A2B
Jan 15, 2015 6:21:52 PM org.ccnx.ccn.impl.sync.SliceComparator doComparison
O MAIS DETALHADO: name X (expanded) is /ccnx.org/test/SyncTestRepo-15-01-15-18.20.23/ccnSyncTest/slice9/randomFile/=FD054B82F6A1F4/=00/=0B8EC1430BAA5314F574BA2A508E0FEA573169B7F4FB56342BADB25C2D81AC38, name Y (expanded) is /ccnx.org/test/SyncTestRepo-15-01-15-18.20.23/ccnSyncTest/slice9/round2/randomFile/=FD054B82F70368/=0026/%D6K=B8B53EF27CF3896A1C6CD4FF34CECA949BD948319661FEF62348A3112E2D
Jan 15, 2015 6:21:52 PM org.ccnx.ccn.impl.sync.SliceComparator doComparison
O MAIS DETALHADO: name X (expanded) is /ccnx.org/test/SyncTestRepo-15-01-15-18.20.23/ccnSyncTest/slice9/randomFile/=FD054B82F6A1F4/=0001/%EBN=F3F8038553417F7E8280524DF606E8522541EC96373A076F3A3FD413D07D, name Y (expanded) is /ccnx.org/test/SyncTestRepo-15-01-15-18.20.23/ccnSyncTest/slice9/randomFile/=FD054B82F6A1F4/=0001/%EBN=F3F8038553417F7E8280524DF606E8522541EC96373A076F3A3FD413D07D
Jan 15, 2015 6:21:52 PM org.ccnx.ccn.impl.sync.SliceComparator doComparison
O MAIS DETALHADO: Compare LEAF %05p%EFG=05106476F4B0BCB015CE24928C905584ADBEFC5B309FCF04F160EE6E0B to LEAF %04Y=D9C97817FB4676EE0E098ACF984C70DC7711DDA66E967D613BA89209DC1BF0
Jan 15, 2015 6:21:52 PM org.ccnx.ccn.profiles.sync.SyncTestRepo.SyncHandler2 handleContentName
DETALHADO: Saw a name for callbackNames2
Jan 15, 2015 6:21:52 PM org.ccnx.ccn.impl.sync.SliceComparator doComparison
O MAIS DETALHADO: Compare LEAF %05p%EFG=05106476F4B0BCB015CE24928C905584ADBEFC5B309FCF04F160EE6E0B to LEAF %04Y=D9C97817FB4676EE0E098ACF984C70DC7711DDA66E967D613BA89209DC1BF0
Jan 15, 2015 6:21:52 PM org.ccnx.ccn.impl.sync.SliceComparator doComparison
O MAIS DETALHADO: name X is 4, pos X is 4, name Y is 4, pos Y is 5 comp is 0
Jan 15, 2015 6:21:52 PM org.ccnx.ccn.impl.sync.SliceComparator doComparison
O MAIS DETALHADO: name X is 2, pos X is 2, name Y is 2, pos Y is 3 comp is 0
Jan 15, 2015 6:21:52 PM org.ccnx.ccn.impl.sync.SliceComparator doComparison
O MAIS DETALHADO: name X (expanded) is /ccnx.org/test/SyncTestRepo-15-01-15-18.20.23/ccnSyncTest/slice9/randomFile/=FD054B82F6A1F4/=0004/%F75=98D6096589C4308B3D7F20120A48CF13CC5A30837F3274AC5FE08E4EC6DE, name Y (expanded) is /ccnx.org/test/SyncTestRepo-15-01-15-18.20.23/ccnSyncTest/slice9/randomFile/=FD054B82F6A1F4/=0004/%F75=98D6096589C4308B3D7F20120A48CF13CC5A30837F3274AC5FE08E4EC6DE
Jan 15, 2015 6:21:52 PM org.ccnx.ccn.profiles.sync.SyncTestRepo doHandleContentName
INFORMAÇÕES: Number 2: Callback for name: /ccnx.org/test/SyncTestRepo-15-01-15-18.20.23/ccnSyncTest/slice9/round2/randomFile/=FD054B82F70368/=0026 - number is 38
Jan 15, 2015 6:21:52 PM org.ccnx.ccn.impl.sync.SliceComparator doComparison
O MAIS DETALHADO: name X (expanded) is /ccnx.org/test/SyncTestRepo-15-01-15-18.20.23/ccnSyncTest/slice9/randomFile/=FD054B82F6A1F4/=0002/E=959F560CCB168756A2A3161F52DA98FED4772A67EFD14E26810588C426BB0F, name Y (expanded) is /ccnx.org/test/SyncTestRepo-15-01-15-18.20.23/ccnSyncTest/slice9/randomFile/=FD054B82F6A1F4/=0002/E=959F560CCB168756A2A3161F52DA98FED4772A67EFD14E26810588C426BB0F
Jan 15, 2015 6:21:52 PM org.ccnx.ccn.impl.sync.SliceComparator doComparison
O MAIS DETALHADO: Compare LEAF %05p%EFG=05106476F4B0BCB015CE24928C905584ADBEFC5B309FCF04F160EE6E0B to LEAF %04Y=D9C97817FB4676EE0E098ACF984C70DC7711DDA66E967D613BA89209DC1BF0
Jan 15, 2015 6:21:52 PM org.ccnx.ccn.impl.sync.SliceComparator doComparison
O MAIS DETALHADO: Compare LEAF %05p%EFG=05106476F4B0BCB015CE24928C905584ADBEFC5B309FCF04F160EE6E0B to LEAF =079C80B08E53ACF1962CDF4606613C73F343A36D29144BECBA9F1DF11FAB59514F
Jan 15, 2015 6:21:52 PM org.ccnx.ccn.impl.sync.SliceComparator doComparison
O MAIS DETALHADO: name X is 5, pos X is 5, name Y is 5, pos Y is 6 comp is 0
Jan 15, 2015 6:21:52 PM org.ccnx.ccn.impl.sync.SliceComparator doComparison
O MAIS DETALHADO: Compare LEAF %05p%EFG=05106476F4B0BCB015CE24928C905584ADBEFC5B309FCF04F160EE6E0B to LEAF %04Y=D9C97817FB4676EE0E098ACF984C70DC7711DDA66E967D613BA89209DC1BF0
Jan 15, 2015 6:21:52 PM org.ccnx.ccn.impl.sync.SliceComparator doComparison
O MAIS DETALHADO: name X (expanded) is /ccnx.org/test/SyncTestRepo-15-01-15-18.20.23/ccnSyncTest/slice9/randomFile/=FD054B82F6A1F4/=0005/=C59DC0532AA004AB0F3446866F410C3299AAB695609904574975E7D8073507E3, name Y (expanded) is /ccnx.org/test/SyncTestRepo-15-01-15-18.20.23/ccnSyncTest/slice9/randomFile/=FD054B82F6A1F4/=0005/=C59DC0532AA004AB0F3446866F410C3299AAB695609904574975E7D8073507E3
Jan 15, 2015 6:21:52 PM org.ccnx.ccn.impl.sync.SliceComparator doComparison
O MAIS DETALHADO: name X is 0, pos X is 0, name Y is 39, pos Y is 17 comp is 1
Jan 15, 2015 6:21:52 PM org.ccnx.ccn.impl.sync.SliceComparator doComparison
O MAIS DETALHADO: name X is 3, pos X is 3, name Y is 3, pos Y is 4 comp is 0
Jan 15, 2015 6:21:52 PM org.ccnx.ccn.impl.sync.SliceComparator doComparison
O MAIS DETALHADO: Compare LEAF %05p%EFG=05106476F4B0BCB015CE24928C905584ADBEFC5B309FCF04F160EE6E0B to LEAF %04Y=D9C97817FB4676EE0E098ACF984C70DC7711DDA66E967D613BA89209DC1BF0
Jan 15, 2015 6:21:52 PM org.ccnx.ccn.impl.sync.SliceComparator doComparison
O MAIS DETALHADO: name X (expanded) is /ccnx.org/test/SyncTestRepo-15-01-15-18.20.23/ccnSyncTest/slice9/randomFile/=FD054B82F6A1F4/=00/=0B8EC1430BAA5314F574BA2A508E0FEA573169B7F4FB56342BADB25C2D81AC38, name Y (expanded) is /ccnx.org/test/SyncTestRepo-15-01-15-18.20.23/ccnSyncTest/slice9/round2/randomFile/=FD054B82F70368/=0027/X=9AB1C9E49637E1C0F94604D6B9D7820643E1D6EDA0806F1AE4EC0E95015D71
Jan 15, 2015 6:21:52 PM org.ccnx.ccn.impl.sync.SliceComparator doComparison
O MAIS DETALHADO: name X (expanded) is /ccnx.org/test/SyncTestRepo-15-01-15-18.20.23/ccnSyncTest/slice9/randomFile/=FD054B82F6A1F4/=0003/%0F~as%115b=1C8526C5B9FE7175C3E066056DC100A38F17C699753E9D0A2B, name Y (expanded) is /ccnx.org/test/SyncTestRepo-15-01-15-18.20.23/ccnSyncTest/slice9/randomFile/=FD054B82F6A1F4/=0003/%0F~as%115b=1C8526C5B9FE7175C3E066056DC100A38F17C699753E9D0A2B
Jan 15, 2015 6:21:52 PM org.ccnx.ccn.impl.sync.SliceComparator doComparison
O MAIS DETALHADO: name X is 6, pos X is 6, name Y is 6, pos Y is 7 comp is 0
Jan 15, 2015 6:21:52 PM org.ccnx.ccn.profiles.sync.SyncTestRepo.SyncHandler2 handleContentName
DETALHADO: Saw a name for callbackNames2
Jan 15, 2015 6:21:52 PM org.ccnx.ccn.impl.sync.SliceComparator doComparison
O MAIS DETALHADO: name X (expanded) is /ccnx.org/test/SyncTestRepo-15-01-15-18.20.23/ccnSyncTest/slice9/randomFile/=FD054B82F6A1F4/=0006/.=F6A4DF891F35D7D750A3789F0A474C27119F905B2B4720D1005C4BA41E1CFB, name Y (expanded) is /ccnx.org/test/SyncTestRepo-15-01-15-18.20.23/ccnSyncTest/slice9/randomFile/=FD054B82F6A1F4/=0006/.=F6A4DF891F35D7D750A3789F0A474C27119F905B2B4720D1005C4BA41E1CFB
Jan 15, 2015 6:21:52 PM org.ccnx.ccn.impl.sync.SliceComparator doComparison
O MAIS DETALHADO: Compare LEAF %05p%EFG=05106476F4B0BCB015CE24928C905584ADBEFC5B309FCF04F160EE6E0B to LEAF %04Y=D9C97817FB4676EE0E098ACF984C70DC7711DDA66E967D613BA89209DC1BF0
Jan 15, 2015 6:21:52 PM org.ccnx.ccn.profiles.sync.SyncTestRepo doHandleContentName
INFORMAÇÕES: Number 2: Callback for name: /ccnx.org/test/SyncTestRepo-15-01-15-18.20.23/ccnSyncTest/slice9/round2/randomFile/=FD054B82F70368/=0027 - number is 39
Jan 15, 2015 6:21:52 PM org.ccnx.ccn.impl.sync.SliceComparator doComparison
O MAIS DETALHADO: Compare LEAF %05p%EFG=05106476F4B0BCB015CE24928C905584ADBEFC5B309FCF04F160EE6E0B to LEAF %04Y=D9C97817FB4676EE0E098ACF984C70DC7711DDA66E967D613BA89209DC1BF0
Jan 15, 2015 6:21:52 PM org.ccnx.ccn.impl.sync.SliceComparator doComparison
O MAIS DETALHADO: name X is 4, pos X is 4, name Y is 4, pos Y is 5 comp is 0
Jan 15, 2015 6:21:52 PM org.ccnx.ccn.impl.sync.SliceComparator doComparison
O MAIS DETALHADO: name X is 7, pos X is 7, name Y is 7, pos Y is 8 comp is 0
Jan 15, 2015 6:21:52 PM org.ccnx.ccn.impl.sync.SliceComparator doComparison
O MAIS DETALHADO: Compare LEAF %05p%EFG=05106476F4B0BCB015CE24928C905584ADBEFC5B309FCF04F160EE6E0B to NODE =28DED466A17AD8984F1C6B9A7470FB8F54402433FCBE38860A5FABEAA52D597D75
Jan 15, 2015 6:21:52 PM org.ccnx.ccn.impl.sync.SliceComparator doComparison
O MAIS DETALHADO: name X (expanded) is /ccnx.org/test/SyncTestRepo-15-01-15-18.20.23/ccnSyncTest/slice9/randomFile/=FD054B82F6A1F4/=0007/%1D4=FD9672DCB73FC785DFA0443AAC59D53633167B51C1E1A179E9C2EDCA4C9E, name Y (expanded) is /ccnx.org/test/SyncTestRepo-15-01-15-18.20.23/ccnSyncTest/slice9/randomFile/=FD054B82F6A1F4/=0007/%1D4=FD9672DCB73FC785DFA0443AAC59D53633167B51C1E1A179E9C2EDCA4C9E
Jan 15, 2015 6:21:52 PM org.ccnx.ccn.impl.sync.SliceComparator doComparison
O MAIS DETALHADO: name X (expanded) is /ccnx.org/test/SyncTestRepo-15-01-15-18.20.23/ccnSyncTest/slice9/randomFile/=FD054B82F6A1F4/=0004/%F75=98D6096589C4308B3D7F20120A48CF13CC5A30837F3274AC5FE08E4EC6DE, name Y (expanded) is /ccnx.org/test/SyncTestRepo-15-01-15-18.20.23/ccnSyncTest/slice9/randomFile/=FD054B82F6A1F4/=0004/%F75=98D6096589C4308B3D7F20120A48CF13CC5A30837F3274AC5FE08E4EC6DE
Jan 15, 2015 6:21:52 PM org.ccnx.ccn.impl.sync.SliceComparator doComparison
O MAIS DETALHADO: minname is 0, maxname is 0, X name is 0, pos X is 0, pos Y is 2
Jan 15, 2015 6:21:52 PM org.ccnx.ccn.impl.sync.SliceComparator doComparison
O MAIS DETALHADO: Compare LEAF %05p%EFG=05106476F4B0BCB015CE24928C905584ADBEFC5B309FCF04F160EE6E0B to LEAF %04Y=D9C97817FB4676EE0E098ACF984C70DC7711DDA66E967D613BA89209DC1BF0
Jan 15, 2015 6:21:52 PM org.ccnx.ccn.impl.sync.SliceComparator doComparison
O MAIS DETALHADO: Compare LEAF %05p%EFG=05106476F4B0BCB015CE24928C905584ADBEFC5B309FCF04F160EE6E0B to LEAF %04Y=D9C97817FB4676EE0E098ACF984C70DC7711DDA66E967D613BA89209DC1BF0
Jan 15, 2015 6:21:52 PM org.ccnx.ccn.impl.sync.SliceComparator doComparison
O MAIS DETALHADO: minname (expanded) is /ccnx.org/test/SyncTestRepo-15-01-15-18.20.23/ccnSyncTest/slice9/round2/randomFile/=FD054B82F70368/=00/=B97F65C641ECD73502119EB69D2576BAC16B3BF85AD4553028EB611D8E11F489, maxname (expanded) is /ccnx.org/test/SyncTestRepo-15-01-15-18.20.23/ccnSyncTest/slice9/randomFile/=FD054B82F6A1F4/%C1.META.M/.header/=FD054B82F6A277/=00/%E1d=DD9BAB5C9B8BB01ED5ACE2DBD7444D09943A4AAAF2EB897BB30A2244EAE0
Jan 15, 2015 6:21:52 PM org.ccnx.ccn.impl.sync.SliceComparator doComparison
O MAIS DETALHADO: name X is 8, pos X is 8, name Y is 8, pos Y is 9 comp is 0
Jan 15, 2015 6:21:52 PM org.ccnx.ccn.impl.sync.SliceComparator doComparison
O MAIS DETALHADO: name X is 5, pos X is 5, name Y is 5, pos Y is 6 comp is 0
Jan 15, 2015 6:21:52 PM org.ccnx.ccn.impl.sync.SliceComparator doComparison
O MAIS DETALHADO: sneX (expanded) is /ccnx.org/test/SyncTestRepo-15-01-15-18.20.23/ccnSyncTest/slice9/randomFile/=FD054B82F6A1F4/=00/=0B8EC1430BAA5314F574BA2A508E0FEA573169B7F4FB56342BADB25C2D81AC38, comp is 1
Jan 15, 2015 6:21:52 PM org.ccnx.ccn.impl.sync.SliceComparator doComparison
O MAIS DETALHADO: name X (expanded) is /ccnx.org/test/SyncTestRepo-15-01-15-18.20.23/ccnSyncTest/slice9/randomFile/=FD054B82F6A1F4/=0008/=219570E13A4C311684CD4D363B4D2B231F2B7C4B3A570D52B5281B7B8D0432CB, name Y (expanded) is /ccnx.org/test/SyncTestRepo-15-01-15-18.20.23/ccnSyncTest/slice9/randomFile/=FD054B82F6A1F4/=0008/=219570E13A4C311684CD4D363B4D2B231F2B7C4B3A570D52B5281B7B8D0432CB
Jan 15, 2015 6:21:52 PM org.ccnx.ccn.impl.sync.SliceComparator doComparison
O MAIS DETALHADO: name X (expanded) is /ccnx.org/test/SyncTestRepo-15-01-15-18.20.23/ccnSyncTest/slice9/randomFile/=FD054B82F6A1F4/=0005/=C59DC0532AA004AB0F3446866F410C3299AAB695609904574975E7D8073507E3, name Y (expanded) is /ccnx.org/test/SyncTestRepo-15-01-15-18.20.23/ccnSyncTest/slice9/randomFile/=FD054B82F6A1F4/=0005/=C59DC0532AA004AB0F3446866F410C3299AAB695609904574975E7D8073507E3
Jan 15, 2015 6:21:52 PM org.ccnx.ccn.impl.sync.SliceComparator doComparison
O MAIS DETALHADO: Compare LEAF %05p%EFG=05106476F4B0BCB015CE24928C905584ADBEFC5B309FCF04F160EE6E0B to LEAF %04Y=D9C97817FB4676EE0E098ACF984C70DC7711DDA66E967D613BA89209DC1BF0
Jan 15, 2015 6:21:52 PM org.ccnx.ccn.impl.sync.SliceComparator doComparison
O MAIS DETALHADO: Compare LEAF %05p%EFG=05106476F4B0BCB015CE24928C905584ADBEFC5B309FCF04F160EE6E0B to LEAF %04Y=D9C97817FB4676EE0E098ACF984C70DC7711DDA66E967D613BA89209DC1BF0
Jan 15, 2015 6:21:52 PM org.ccnx.ccn.impl.sync.SliceComparator doComparison
O MAIS DETALHADO: Compare LEAF %05p%EFG=05106476F4B0BCB015CE24928C905584ADBEFC5B309FCF04F160EE6E0B to LEAF %04Y=D9C97817FB4676EE0E098ACF984C70DC7711DDA66E967D613BA89209DC1BF0
Jan 15, 2015 6:21:52 PM org.ccnx.ccn.impl.sync.SliceComparator doComparison
O MAIS DETALHADO: name X is 9, pos X is 9, name Y is 9, pos Y is 10 comp is 0
Jan 15, 2015 6:21:52 PM org.ccnx.ccn.impl.sync.SliceComparator doComparison
O MAIS DETALHADO: name X is 0, pos X is 0, name Y is 0, pos Y is 0 comp is 1
Jan 15, 2015 6:21:52 PM org.ccnx.ccn.impl.sync.SliceComparator doComparison
O MAIS DETALHADO: name X is 6, pos X is 6, name Y is 6, pos Y is 7 comp is 0
Jan 15, 2015 6:21:52 PM org.ccnx.ccn.impl.sync.SliceComparator doComparison
O MAIS DETALHADO: name X (expanded) is /ccnx.org/test/SyncTestRepo-15-01-15-18.20.23/ccnSyncTest/slice9/randomFile/=FD054B82F6A1F4/=0009/%26_=DDB5FE4C82A066DC717DF889CAA5914124B53B1269ECA97DA7A99ACD7C47, name Y (expanded) is /ccnx.org/test/SyncTestRepo-15-01-15-18.20.23/ccnSyncTest/slice9/randomFile/=FD054B82F6A1F4/=0009/%26_=DDB5FE4C82A066DC717DF889CAA5914124B53B1269ECA97DA7A99ACD7C47
Jan 15, 2015 6:21:52 PM org.ccnx.ccn.impl.sync.SliceComparator doComparison
O MAIS DETALHADO: name X (expanded) is /ccnx.org/test/SyncTestRepo-15-01-15-18.20.23/ccnSyncTest/slice9/randomFile/=FD054B82F6A1F4/=00/=0B8EC1430BAA5314F574BA2A508E0FEA573169B7F4FB56342BADB25C2D81AC38, name Y (expanded) is /ccnx.org/test/SyncTestRepo-15-01-15-18.20.23/ccnSyncTest/slice9/round2/randomFile/=FD054B82F70368/%C1.META.M/.header/=FD054B82F703FC/=00/%7D-=2B3E6FF70AC7D3D5908FC992D0F932A31E2FF181B8564B07C5969C0AE660
Jan 15, 2015 6:21:52 PM org.ccnx.ccn.impl.sync.SliceComparator doComparison
O MAIS DETALHADO: Compare LEAF %05p%EFG=05106476F4B0BCB015CE24928C905584ADBEFC5B309FCF04F160EE6E0B to LEAF %04Y=D9C97817FB4676EE0E098ACF984C70DC7711DDA66E967D613BA89209DC1BF0
Jan 15, 2015 6:21:52 PM org.ccnx.ccn.impl.sync.SliceComparator doComparison
O MAIS DETALHADO: name X (expanded) is /ccnx.org/test/SyncTestRepo-15-01-15-18.20.23/ccnSyncTest/slice9/randomFile/=FD054B82F6A1F4/=0006/.=F6A4DF891F35D7D750A3789F0A474C27119F905B2B4720D1005C4BA41E1CFB, name Y (expanded) is /ccnx.org/test/SyncTestRepo-15-01-15-18.20.23/ccnSyncTest/slice9/randomFile/=FD054B82F6A1F4/=0006/.=F6A4DF891F35D7D750A3789F0A474C27119F905B2B4720D1005C4BA41E1CFB
Jan 15, 2015 6:21:52 PM org.ccnx.ccn.profiles.sync.SyncTestRepo.SyncHandler2 handleContentName
DETALHADO: Saw a name for callbackNames2
Jan 15, 2015 6:21:52 PM org.ccnx.ccn.impl.sync.SliceComparator doComparison
O MAIS DETALHADO: name X is 10, pos X is 10, name Y is 10, pos Y is 11 comp is 0
Jan 15, 2015 6:21:52 PM org.ccnx.ccn.impl.sync.SliceComparator doComparison
O MAIS DETALHADO: Compare LEAF %05p%EFG=05106476F4B0BCB015CE24928C905584ADBEFC5B309FCF04F160EE6E0B to LEAF %04Y=D9C97817FB4676EE0E098ACF984C70DC7711DDA66E967D613BA89209DC1BF0
Jan 15, 2015 6:21:52 PM org.ccnx.ccn.impl.sync.SliceComparator doComparison
O MAIS DETALHADO: name X (expanded) is /ccnx.org/test/SyncTestRepo-15-01-15-18.20.23/ccnSyncTest/slice9/randomFile/=FD054B82F6A1F4/=000A/=3FC69DFF1239ED76FF3C0DAD9EF6253F75A2F184CD67D810158D06751A3A0C35, name Y (expanded) is /ccnx.org/test/SyncTestRepo-15-01-15-18.20.23/ccnSyncTest/slice9/randomFile/=FD054B82F6A1F4/=000A/=3FC69DFF1239ED76FF3C0DAD9EF6253F75A2F184CD67D810158D06751A3A0C35
Jan 15, 2015 6:21:52 PM org.ccnx.ccn.profiles.sync.SyncTestRepo doHandleContentName
INFORMAÇÕES: Number 2: Callback for name: /ccnx.org/test/SyncTestRepo-15-01-15-18.20.23/ccnSyncTest/slice9/round2/randomFile/=FD054B82F70368/%C1.META.M/.header/=FD054B82F703FC/=00 - number is header
Jan 15, 2015 6:21:52 PM org.ccnx.ccn.impl.sync.SliceComparator doComparison
O MAIS DETALHADO: name X is 7, pos X is 7, name Y is 7, pos Y is 8 comp is 0
Jan 15, 2015 6:21:52 PM org.ccnx.ccn.impl.sync.SliceComparator doComparison
O MAIS DETALHADO: Compare LEAF %05p%EFG=05106476F4B0BCB015CE24928C905584ADBEFC5B309FCF04F160EE6E0B to NODE =28DED466A17AD8984F1C6B9A7470FB8F54402433FCBE38860A5FABEAA52D597D75
Jan 15, 2015 6:21:52 PM org.ccnx.ccn.impl.sync.SliceComparator doComparison
O MAIS DETALHADO: Compare LEAF %05p%EFG=05106476F4B0BCB015CE24928C905584ADBEFC5B309FCF04F160EE6E0B to LEAF %04Y=D9C97817FB4676EE0E098ACF984C70DC7711DDA66E967D613BA89209DC1BF0
Jan 15, 2015 6:21:52 PM org.ccnx.ccn.impl.sync.SliceComparator doComparison
O MAIS DETALHADO: name X (expanded) is /ccnx.org/test/SyncTestRepo-15-01-15-18.20.23/ccnSyncTest/slice9/randomFile/=FD054B82F6A1F4/=0007/%1D4=FD9672DCB73FC785DFA0443AAC59D53633167B51C1E1A179E9C2EDCA4C9E, name Y (expanded) is /ccnx.org/test/SyncTestRepo-15-01-15-18.20.23/ccnSyncTest/slice9/randomFile/=FD054B82F6A1F4/=0007/%1D4=FD9672DCB73FC785DFA0443AAC59D53633167B51C1E1A179E9C2EDCA4C9E
Jan 15, 2015 6:21:52 PM org.ccnx.ccn.impl.sync.SliceComparator doComparison
O MAIS DETALHADO: minname is 0, maxname is 0, X name is 11, pos X is 11, pos Y is 3
Jan 15, 2015 6:21:52 PM org.ccnx.ccn.impl.sync.SliceComparator doComparison
O MAIS DETALHADO: name X is 0, pos X is 0, name Y is 0, pos Y is 1 comp is 0
Jan 15, 2015 6:21:52 PM org.ccnx.ccn.impl.sync.SliceComparator doComparison
O MAIS DETALHADO: Compare LEAF %05p%EFG=05106476F4B0BCB015CE24928C905584ADBEFC5B309FCF04F160EE6E0B to LEAF %04Y=D9C97817FB4676EE0E098ACF984C70DC7711DDA66E967D613BA89209DC1BF0
Jan 15, 2015 6:21:52 PM org.ccnx.ccn.impl.sync.SliceComparator doComparison
O MAIS DETALHADO: minname (expanded) is /ccnx.org/test/SyncTestRepo-15-01-15-18.20.23/ccnSyncTest/slice9/round2/randomFile/=FD054B82F70368/=00/=B97F65C641ECD73502119EB69D2576BAC16B3BF85AD4553028EB611D8E11F489, maxname (expanded) is /ccnx.org/test/SyncTestRepo-15-01-15-18.20.23/ccnSyncTest/slice9/randomFile/=FD054B82F6A1F4/%C1.META.M/.header/=FD054B82F6A277/=00/%E1d=DD9BAB5C9B8BB01ED5ACE2DBD7444D09943A4AAAF2EB897BB30A2244EAE0
Jan 15, 2015 6:21:52 PM org.ccnx.ccn.impl.sync.SliceComparator doComparison
O MAIS DETALHADO: name X (expanded) is /ccnx.org/test/SyncTestRepo-15-01-15-18.20.23/ccnSyncTest/slice9/randomFile/=FD054B82F6A1F4/=00/=0B8EC1430BAA5314F574BA2A508E0FEA573169B7F4FB56342BADB25C2D81AC38, name Y (expanded) is /ccnx.org/test/SyncTestRepo-15-01-15-18.20.23/ccnSyncTest/slice9/randomFile/=FD054B82F6A1F4/=00/=0B8EC1430BAA5314F574BA2A508E0FEA573169B7F4FB56342BADB25C2D81AC38
Jan 15, 2015 6:21:52 PM org.ccnx.ccn.impl.sync.SliceComparator doComparison
O MAIS DETALHADO: name X is 8, pos X is 8, name Y is 8, pos Y is 9 comp is 0
Jan 15, 2015 6:21:52 PM org.ccnx.ccn.impl.sync.SliceComparator doComparison
O MAIS DETALHADO: sneX (expanded) is /ccnx.org/test/SyncTestRepo-15-01-15-18.20.23/ccnSyncTest/slice9/randomFile/=FD054B82F6A1F4/=000B/n=DBBA39C355965090E972E3FEF3EC32147E8E87DA41C643D406B0F7B055754E, comp is 1
Jan 15, 2015 6:21:52 PM org.ccnx.ccn.impl.sync.SliceComparator doComparison
O MAIS DETALHADO: Compare LEAF %05p%EFG=05106476F4B0BCB015CE24928C905584ADBEFC5B309FCF04F160EE6E0B to LEAF %04Y=D9C97817FB4676EE0E098ACF984C70DC7711DDA66E967D613BA89209DC1BF0
Jan 15, 2015 6:21:52 PM org.ccnx.ccn.impl.sync.SliceComparator doComparison
O MAIS DETALHADO: name X (expanded) is /ccnx.org/test/SyncTestRepo-15-01-15-18.20.23/ccnSyncTest/slice9/randomFile/=FD054B82F6A1F4/=0008/=219570E13A4C311684CD4D363B4D2B231F2B7C4B3A570D52B5281B7B8D0432CB, name Y (expanded) is /ccnx.org/test/SyncTestRepo-15-01-15-18.20.23/ccnSyncTest/slice9/randomFile/=FD054B82F6A1F4/=0008/=219570E13A4C311684CD4D363B4D2B231F2B7C4B3A570D52B5281B7B8D0432CB
Jan 15, 2015 6:21:52 PM org.ccnx.ccn.impl.sync.SliceComparator doComparison
O MAIS DETALHADO: name X is 1, pos X is 1, name Y is 1, pos Y is 2 comp is 0
Jan 15, 2015 6:21:52 PM org.ccnx.ccn.io.content.SyncNodeComposite decodeLogging
O MAIS DETALHADO: decode node for %08M=A6C37C916DBC7C91E030F4F7ACAAE0915DD2547F0118F2D9CB6C37B5AF0400 depth = 1 refs = 14
Jan 15, 2015 6:21:52 PM org.ccnx.ccn.impl.sync.SliceComparator doComparison
O MAIS DETALHADO: Compare LEAF %05p%EFG=05106476F4B0BCB015CE24928C905584ADBEFC5B309FCF04F160EE6E0B to LEAF %04Y=D9C97817FB4676EE0E098ACF984C70DC7711DDA66E967D613BA89209DC1BF0
Jan 15, 2015 6:21:52 PM org.ccnx.ccn.impl.sync.SliceComparator doComparison
O MAIS DETALHADO: name X (expanded) is /ccnx.org/test/SyncTestRepo-15-01-15-18.20.23/ccnSyncTest/slice9/randomFile/=FD054B82F6A1F4/=0001/%EBN=F3F8038553417F7E8280524DF606E8522541EC96373A076F3A3FD413D07D, name Y (expanded) is /ccnx.org/test/SyncTestRepo-15-01-15-18.20.23/ccnSyncTest/slice9/randomFile/=FD054B82F6A1F4/=0001/%EBN=F3F8038553417F7E8280524DF606E8522541EC96373A076F3A3FD413D07D
Jan 15, 2015 6:21:52 PM org.ccnx.ccn.io.content.SyncNodeComposite decodeLogging
O MAIS DETALHADO: min is 11, max is 24, expanded min is /ccnx.org/test/SyncTestRepo-15-01-15-18.20.23/ccnSyncTest/slice9/randomFile/=FD054B82F6A1F4/=000B/n=DBBA39C355965090E972E3FEF3EC32147E8E87DA41C643D406B0F7B055754E, expanded max is /ccnx.org/test/SyncTestRepo-15-01-15-18.20.23/ccnSyncTest/slice9/randomFile/=FD054B82F6A1F4/=0018/=A915A05256C20FA2FDA8AB7D71AB14FDE16EC0FA2C9024AB575E495263D48F25
Jan 15, 2015 6:21:52 PM org.ccnx.ccn.impl.sync.SliceComparator doComparison
O MAIS DETALHADO: name X is 9, pos X is 9, name Y is 9, pos Y is 10 comp is 0
Jan 15, 2015 6:21:52 PM org.ccnx.ccn.impl.sync.SliceComparator doComparison
O MAIS DETALHADO: Compare LEAF %05p%EFG=05106476F4B0BCB015CE24928C905584ADBEFC5B309FCF04F160EE6E0B to LEAF %04Y=D9C97817FB4676EE0E098ACF984C70DC7711DDA66E967D613BA89209DC1BF0
Jan 15, 2015 6:21:52 PM org.ccnx.ccn.impl.sync.SliceComparator doComparison
O MAIS DETALHADO: Compare LEAF %05p%EFG=05106476F4B0BCB015CE24928C905584ADBEFC5B309FCF04F160EE6E0B to LEAF %08M=A6C37C916DBC7C91E030F4F7ACAAE0915DD2547F0118F2D9CB6C37B5AF0400
Jan 15, 2015 6:21:52 PM org.ccnx.ccn.impl.sync.SliceComparator doComparison
O MAIS DETALHADO: name X (expanded) is /ccnx.org/test/SyncTestRepo-15-01-15-18.20.23/ccnSyncTest/slice9/randomFile/=FD054B82F6A1F4/=0009/%26_=DDB5FE4C82A066DC717DF889CAA5914124B53B1269ECA97DA7A99ACD7C47, name Y (expanded) is /ccnx.org/test/SyncTestRepo-15-01-15-18.20.23/ccnSyncTest/slice9/randomFile/=FD054B82F6A1F4/=0009/%26_=DDB5FE4C82A066DC717DF889CAA5914124B53B1269ECA97DA7A99ACD7C47
Jan 15, 2015 6:21:52 PM org.ccnx.ccn.impl.sync.SliceComparator doComparison
O MAIS DETALHADO: name X is 11, pos X is 11, name Y is 11, pos Y is 0 comp is 0
Jan 15, 2015 6:21:52 PM org.ccnx.ccn.impl.sync.SliceComparator doComparison
O MAIS DETALHADO: name X is 2, pos X is 2, name Y is 2, pos Y is 3 comp is 0
Jan 15, 2015 6:21:52 PM org.ccnx.ccn.impl.sync.SliceComparator doComparison
O MAIS DETALHADO: Compare LEAF %05p%EFG=05106476F4B0BCB015CE24928C905584ADBEFC5B309FCF04F160EE6E0B to LEAF %04Y=D9C97817FB4676EE0E098ACF984C70DC7711DDA66E967D613BA89209DC1BF0
Jan 15, 2015 6:21:52 PM org.ccnx.ccn.impl.sync.SliceComparator doComparison
O MAIS DETALHADO: name X (expanded) is /ccnx.org/test/SyncTestRepo-15-01-15-18.20.23/ccnSyncTest/slice9/randomFile/=FD054B82F6A1F4/=0002/E=959F560CCB168756A2A3161F52DA98FED4772A67EFD14E26810588C426BB0F, name Y (expanded) is /ccnx.org/test/SyncTestRepo-15-01-15-18.20.23/ccnSyncTest/slice9/randomFile/=FD054B82F6A1F4/=0002/E=959F560CCB168756A2A3161F52DA98FED4772A67EFD14E26810588C426BB0F
Jan 15, 2015 6:21:52 PM org.ccnx.ccn.impl.sync.SliceComparator doComparison
O MAIS DETALHADO: name X (expanded) is /ccnx.org/test/SyncTestRepo-15-01-15-18.20.23/ccnSyncTest/slice9/randomFile/=FD054B82F6A1F4/=000B/n=DBBA39C355965090E972E3FEF3EC32147E8E87DA41C643D406B0F7B055754E, name Y (expanded) is /ccnx.org/test/SyncTestRepo-15-01-15-18.20.23/ccnSyncTest/slice9/randomFile/=FD054B82F6A1F4/=000B/n=DBBA39C355965090E972E3FEF3EC32147E8E87DA41C643D406B0F7B055754E
Jan 15, 2015 6:21:52 PM org.ccnx.ccn.impl.sync.SliceComparator doComparison
O MAIS DETALHADO: name X is 10, pos X is 10, name Y is 10, pos Y is 11 comp is 0
Jan 15, 2015 6:21:52 PM org.ccnx.ccn.impl.sync.SliceComparator doComparison
O MAIS DETALHADO: Compare LEAF %05p%EFG=05106476F4B0BCB015CE24928C905584ADBEFC5B309FCF04F160EE6E0B to LEAF %04Y=D9C97817FB4676EE0E098ACF984C70DC7711DDA66E967D613BA89209DC1BF0
Jan 15, 2015 6:21:52 PM org.ccnx.ccn.impl.sync.SliceComparator doComparison
O MAIS DETALHADO: Compare LEAF %05p%EFG=05106476F4B0BCB015CE24928C905584ADBEFC5B309FCF04F160EE6E0B to LEAF %08M=A6C37C916DBC7C91E030F4F7ACAAE0915DD2547F0118F2D9CB6C37B5AF0400
Jan 15, 2015 6:21:52 PM org.ccnx.ccn.impl.sync.SliceComparator doComparison
O MAIS DETALHADO: name X (expanded) is /ccnx.org/test/SyncTestRepo-15-01-15-18.20.23/ccnSyncTest/slice9/randomFile/=FD054B82F6A1F4/=000A/=3FC69DFF1239ED76FF3C0DAD9EF6253F75A2F184CD67D810158D06751A3A0C35, name Y (expanded) is /ccnx.org/test/SyncTestRepo-15-01-15-18.20.23/ccnSyncTest/slice9/randomFile/=FD054B82F6A1F4/=000A/=3FC69DFF1239ED76FF3C0DAD9EF6253F75A2F184CD67D810158D06751A3A0C35
Jan 15, 2015 6:21:52 PM org.ccnx.ccn.impl.sync.SliceComparator doComparison
O MAIS DETALHADO: name X is 3, pos X is 3, name Y is 3, pos Y is 4 comp is 0
Jan 15, 2015 6:21:52 PM org.ccnx.ccn.impl.sync.SliceComparator doComparison
O MAIS DETALHADO: name X is 12, pos X is 12, name Y is 12, pos Y is 1 comp is 0
Jan 15, 2015 6:21:52 PM org.ccnx.ccn.impl.sync.SliceComparator doComparison
O MAIS DETALHADO: Compare LEAF %05p%EFG=05106476F4B0BCB015CE24928C905584ADBEFC5B309FCF04F160EE6E0B to NODE =28DED466A17AD8984F1C6B9A7470FB8F54402433FCBE38860A5FABEAA52D597D75
Jan 15, 2015 6:21:52 PM org.ccnx.ccn.impl.sync.SliceComparator doComparison
O MAIS DETALHADO: name X (expanded) is /ccnx.org/test/SyncTestRepo-15-01-15-18.20.23/ccnSyncTest/slice9/randomFile/=FD054B82F6A1F4/=0003/%0F~as%115b=1C8526C5B9FE7175C3E066056DC100A38F17C699753E9D0A2B, name Y (expanded) is /ccnx.org/test/SyncTestRepo-15-01-15-18.20.23/ccnSyncTest/slice9/randomFile/=FD054B82F6A1F4/=0003/%0F~as%115b=1C8526C5B9FE7175C3E066056DC100A38F17C699753E9D0A2B
Jan 15, 2015 6:21:52 PM org.ccnx.ccn.impl.sync.SliceComparator doComparison
O MAIS DETALHADO: name X (expanded) is /ccnx.org/test/SyncTestRepo-15-01-15-18.20.23/ccnSyncTest/slice9/randomFile/=FD054B82F6A1F4/=000C/=F7038EFDE4C570BAF5F58B11BA361A2C51186826912D3C0B7F5B87E474815715, name Y (expanded) is /ccnx.org/test/SyncTestRepo-15-01-15-18.20.23/ccnSyncTest/slice9/randomFile/=FD054B82F6A1F4/=000C/=F7038EFDE4C570BAF5F58B11BA361A2C51186826912D3C0B7F5B87E474815715
Jan 15, 2015 6:21:52 PM org.ccnx.ccn.impl.sync.SliceComparator doComparison
O MAIS DETALHADO: minname is 0, maxname is 0, X name is 11, pos X is 11, pos Y is 3
Jan 15, 2015 6:21:52 PM org.ccnx.ccn.impl.sync.SliceComparator doComparison
O MAIS DETALHADO: Compare LEAF %05p%EFG=05106476F4B0BCB015CE24928C905584ADBEFC5B309FCF04F160EE6E0B to LEAF %04Y=D9C97817FB4676EE0E098ACF984C70DC7711DDA66E967D613BA89209DC1BF0
Jan 15, 2015 6:21:52 PM org.ccnx.ccn.impl.sync.SliceComparator doComparison
O MAIS DETALHADO: Compare LEAF %05p%EFG=05106476F4B0BCB015CE24928C905584ADBEFC5B309FCF04F160EE6E0B to LEAF %08M=A6C37C916DBC7C91E030F4F7ACAAE0915DD2547F0118F2D9CB6C37B5AF0400
Jan 15, 2015 6:21:52 PM org.ccnx.ccn.impl.sync.SliceComparator doComparison
O MAIS DETALHADO: minname (expanded) is /ccnx.org/test/SyncTestRepo-15-01-15-18.20.23/ccnSyncTest/slice9/round2/randomFile/=FD054B82F70368/=00/=B97F65C641ECD73502119EB69D2576BAC16B3BF85AD4553028EB611D8E11F489, maxname (expanded) is /ccnx.org/test/SyncTestRepo-15-01-15-18.20.23/ccnSyncTest/slice9/randomFile/=FD054B82F6A1F4/%C1.META.M/.header/=FD054B82F6A277/=00/%E1d=DD9BAB5C9B8BB01ED5ACE2DBD7444D09943A4AAAF2EB897BB30A2244EAE0
Jan 15, 2015 6:21:52 PM org.ccnx.ccn.impl.sync.SliceComparator doComparison
O MAIS DETALHADO: name X is 4, pos X is 4, name Y is 4, pos Y is 5 comp is 0
Jan 15, 2015 6:21:52 PM org.ccnx.ccn.impl.sync.SliceComparator doComparison
O MAIS DETALHADO: name X is 13, pos X is 13, name Y is 13, pos Y is 2 comp is 0
Jan 15, 2015 6:21:52 PM org.ccnx.ccn.impl.sync.SliceComparator doComparison
O MAIS DETALHADO: sneX (expanded) is /ccnx.org/test/SyncTestRepo-15-01-15-18.20.23/ccnSyncTest/slice9/randomFile/=FD054B82F6A1F4/=000B/n=DBBA39C355965090E972E3FEF3EC32147E8E87DA41C643D406B0F7B055754E, comp is 1
Jan 15, 2015 6:21:52 PM org.ccnx.ccn.impl.sync.SliceComparator doComparison
O MAIS DETALHADO: name X (expanded) is /ccnx.org/test/SyncTestRepo-15-01-15-18.20.23/ccnSyncTest/slice9/randomFile/=FD054B82F6A1F4/=0004/%F75=98D6096589C4308B3D7F20120A48CF13CC5A30837F3274AC5FE08E4EC6DE, name Y (expanded) is /ccnx.org/test/SyncTestRepo-15-01-15-18.20.23/ccnSyncTest/slice9/randomFile/=FD054B82F6A1F4/=0004/%F75=98D6096589C4308B3D7F20120A48CF13CC5A30837F3274AC5FE08E4EC6DE
Jan 15, 2015 6:21:52 PM org.ccnx.ccn.impl.sync.SliceComparator doComparison
O MAIS DETALHADO: name X (expanded) is /ccnx.org/test/SyncTestRepo-15-01-15-18.20.23/ccnSyncTest/slice9/randomFile/=FD054B82F6A1F4/=000D/.c_=93C045343A0FA539250EF510B680EA9A519EA07ABA3638E919CE466C18, name Y (expanded) is /ccnx.org/test/SyncTestRepo-15-01-15-18.20.23/ccnSyncTest/slice9/randomFile/=FD054B82F6A1F4/=000D/.c_=93C045343A0FA539250EF510B680EA9A519EA07ABA3638E919CE466C18
Jan 15, 2015 6:21:52 PM org.ccnx.ccn.impl.sync.SliceComparator doComparison
O MAIS DETALHADO: Compare LEAF %05p%EFG=05106476F4B0BCB015CE24928C905584ADBEFC5B309FCF04F160EE6E0B to LEAF %08M=A6C37C916DBC7C91E030F4F7ACAAE0915DD2547F0118F2D9CB6C37B5AF0400
Jan 15, 2015 6:21:52 PM org.ccnx.ccn.impl.sync.SliceComparator doComparison
O MAIS DETALHADO: Compare LEAF %05p%EFG=05106476F4B0BCB015CE24928C905584ADBEFC5B309FCF04F160EE6E0B to LEAF %04Y=D9C97817FB4676EE0E098ACF984C70DC7711DDA66E967D613BA89209DC1BF0
Jan 15, 2015 6:21:52 PM org.ccnx.ccn.impl.sync.SliceComparator doComparison
O MAIS DETALHADO: Compare NODE %15ma%2B7=7FD272F1BDE647E0F878992BBBB90475671DEC0503A3551F752A2F06 to LEAF %08M=A6C37C916DBC7C91E030F4F7ACAAE0915DD2547F0118F2D9CB6C37B5AF0400, resMin is 1, resMax is -1
Jan 15, 2015 6:21:52 PM org.ccnx.ccn.impl.sync.SliceComparator doComparison
O MAIS DETALHADO: name X is 11, pos X is 11, name Y is 11, pos Y is 0 comp is 0
Jan 15, 2015 6:21:52 PM org.ccnx.ccn.impl.sync.SliceComparator doComparison
O MAIS DETALHADO: name X is 5, pos X is 5, name Y is 5, pos Y is 6 comp is 0
Jan 15, 2015 6:21:52 PM org.ccnx.ccn.impl.sync.SliceComparator doComparison
O MAIS DETALHADO: minname is 0, maxname is 0, pos X is 1, pos Y is 3
Jan 15, 2015 6:21:52 PM org.ccnx.ccn.impl.sync.SliceComparator doComparison
O MAIS DETALHADO: name X (expanded) is /ccnx.org/test/SyncTestRepo-15-01-15-18.20.23/ccnSyncTest/slice9/randomFile/=FD054B82F6A1F4/=000B/n=DBBA39C355965090E972E3FEF3EC32147E8E87DA41C643D406B0F7B055754E, name Y (expanded) is /ccnx.org/test/SyncTestRepo-15-01-15-18.20.23/ccnSyncTest/slice9/randomFile/=FD054B82F6A1F4/=000B/n=DBBA39C355965090E972E3FEF3EC32147E8E87DA41C643D406B0F7B055754E
Jan 15, 2015 6:21:52 PM org.ccnx.ccn.impl.sync.SliceComparator doComparison
O MAIS DETALHADO: name X (expanded) is /ccnx.org/test/SyncTestRepo-15-01-15-18.20.23/ccnSyncTest/slice9/randomFile/=FD054B82F6A1F4/=0005/=C59DC0532AA004AB0F3446866F410C3299AAB695609904574975E7D8073507E3, name Y (expanded) is /ccnx.org/test/SyncTestRepo-15-01-15-18.20.23/ccnSyncTest/slice9/randomFile/=FD054B82F6A1F4/=0005/=C59DC0532AA004AB0F3446866F410C3299AAB695609904574975E7D8073507E3
Jan 15, 2015 6:21:52 PM org.ccnx.ccn.impl.sync.SliceComparator doComparison
O MAIS DETALHADO: Compare LEAF =0D27327F18E53775D3C64E1D3CF8AA4C68228F0D34D9BA10D445B4A4CC934E33E7 to LEAF %08M=A6C37C916DBC7C91E030F4F7ACAAE0915DD2547F0118F2D9CB6C37B5AF0400
Jan 15, 2015 6:21:52 PM org.ccnx.ccn.impl.sync.SliceComparator doComparison
O MAIS DETALHADO: Compare LEAF %05p%EFG=05106476F4B0BCB015CE24928C905584ADBEFC5B309FCF04F160EE6E0B to LEAF %08M=A6C37C916DBC7C91E030F4F7ACAAE0915DD2547F0118F2D9CB6C37B5AF0400
Jan 15, 2015 6:21:52 PM org.ccnx.ccn.impl.sync.SliceComparator doComparison
O MAIS DETALHADO: Compare LEAF %05p%EFG=05106476F4B0BCB015CE24928C905584ADBEFC5B309FCF04F160EE6E0B to LEAF %04Y=D9C97817FB4676EE0E098ACF984C70DC7711DDA66E967D613BA89209DC1BF0
Jan 15, 2015 6:21:52 PM org.ccnx.ccn.impl.sync.SliceComparator doComparison
O MAIS DETALHADO: name X is 14, pos X is 0, name Y is 14, pos Y is 3 comp is 0
Jan 15, 2015 6:21:52 PM org.ccnx.ccn.impl.sync.SliceComparator doComparison
O MAIS DETALHADO: name X is 12, pos X is 12, name Y is 12, pos Y is 1 comp is 0
Jan 15, 2015 6:21:52 PM org.ccnx.ccn.impl.sync.SliceComparator doComparison
O MAIS DETALHADO: name X is 6, pos X is 6, name Y is 6, pos Y is 7 comp is 0
Jan 15, 2015 6:21:52 PM org.ccnx.ccn.impl.sync.SliceComparator doComparison
O MAIS DETALHADO: name X (expanded) is /ccnx.org/test/SyncTestRepo-15-01-15-18.20.23/ccnSyncTest/slice9/randomFile/=FD054B82F6A1F4/=000E/%FE1X=E529673D6B088AB5993677163E6922B9B586B7BD70CE0AAE31EA2148FD, name Y (expanded) is /ccnx.org/test/SyncTestRepo-15-01-15-18.20.23/ccnSyncTest/slice9/randomFile/=FD054B82F6A1F4/=000E/%FE1X=E529673D6B088AB5993677163E6922B9B586B7BD70CE0AAE31EA2148FD
Jan 15, 2015 6:21:52 PM org.ccnx.ccn.impl.sync.SliceComparator doComparison
O MAIS DETALHADO: name X (expanded) is /ccnx.org/test/SyncTestRepo-15-01-15-18.20.23/ccnSyncTest/slice9/randomFile/=FD054B82F6A1F4/=000C/=F7038EFDE4C570BAF5F58B11BA361A2C51186826912D3C0B7F5B87E474815715, name Y (expanded) is /ccnx.org/test/SyncTestRepo-15-01-15-18.20.23/ccnSyncTest/slice9/randomFile/=FD054B82F6A1F4/=000C/=F7038EFDE4C570BAF5F58B11BA361A2C51186826912D3C0B7F5B87E474815715
Jan 15, 2015 6:21:52 PM org.ccnx.ccn.impl.sync.SliceComparator doComparison
O MAIS DETALHADO: name X (expanded) is /ccnx.org/test/SyncTestRepo-15-01-15-18.20.23/ccnSyncTest/slice9/randomFile/=FD054B82F6A1F4/=0006/.=F6A4DF891F35D7D750A3789F0A474C27119F905B2B4720D1005C4BA41E1CFB, name Y (expanded) is /ccnx.org/test/SyncTestRepo-15-01-15-18.20.23/ccnSyncTest/slice9/randomFile/=FD054B82F6A1F4/=0006/.=F6A4DF891F35D7D750A3789F0A474C27119F905B2B4720D1005C4BA41E1CFB
Jan 15, 2015 6:21:52 PM org.ccnx.ccn.impl.sync.SliceComparator doComparison
O MAIS DETALHADO: Compare LEAF =0D27327F18E53775D3C64E1D3CF8AA4C68228F0D34D9BA10D445B4A4CC934E33E7 to LEAF %08M=A6C37C916DBC7C91E030F4F7ACAAE0915DD2547F0118F2D9CB6C37B5AF0400
Jan 15, 2015 6:21:52 PM org.ccnx.ccn.impl.sync.SliceComparator doComparison
O MAIS DETALHADO: Compare LEAF %05p%EFG=05106476F4B0BCB015CE24928C905584ADBEFC5B309FCF04F160EE6E0B to LEAF %08M=A6C37C916DBC7C91E030F4F7ACAAE0915DD2547F0118F2D9CB6C37B5AF0400
Jan 15, 2015 6:21:52 PM org.ccnx.ccn.impl.sync.SliceComparator doComparison
O MAIS DETALHADO: Compare LEAF %05p%EFG=05106476F4B0BCB015CE24928C905584ADBEFC5B309FCF04F160EE6E0B to LEAF %04Y=D9C97817FB4676EE0E098ACF984C70DC7711DDA66E967D613BA89209DC1BF0
Jan 15, 2015 6:21:52 PM org.ccnx.ccn.impl.sync.SliceComparator doComparison
O MAIS DETALHADO: name X is 15, pos X is 1, name Y is 15, pos Y is 4 comp is 0
Jan 15, 2015 6:21:52 PM org.ccnx.ccn.impl.sync.SliceComparator doComparison
O MAIS DETALHADO: name X is 13, pos X is 13, name Y is 13, pos Y is 2 comp is 0
Jan 15, 2015 6:21:52 PM org.ccnx.ccn.impl.sync.SliceComparator doComparison
O MAIS DETALHADO: name X is 7, pos X is 7, name Y is 7, pos Y is 8 comp is 0
Jan 15, 2015 6:21:52 PM org.ccnx.ccn.impl.sync.SliceComparator doComparison
O MAIS DETALHADO: name X (expanded) is /ccnx.org/test/SyncTestRepo-15-01-15-18.20.23/ccnSyncTest/slice9/randomFile/=FD054B82F6A1F4/=000F/=13C718564AED534A913A264A80F61736AC4EAD885F9CFD55ABCD7F784106CF11, name Y (expanded) is /ccnx.org/test/SyncTestRepo-15-01-15-18.20.23/ccnSyncTest/slice9/randomFile/=FD054B82F6A1F4/=000F/=13C718564AED534A913A264A80F61736AC4EAD885F9CFD55ABCD7F784106CF11
Jan 15, 2015 6:21:52 PM org.ccnx.ccn.impl.sync.SliceComparator doComparison
O MAIS DETALHADO: name X (expanded) is /ccnx.org/test/SyncTestRepo-15-01-15-18.20.23/ccnSyncTest/slice9/randomFile/=FD054B82F6A1F4/=000D/.c_=93C045343A0FA539250EF510B680EA9A519EA07ABA3638E919CE466C18, name Y (expanded) is /ccnx.org/test/SyncTestRepo-15-01-15-18.20.23/ccnSyncTest/slice9/randomFile/=FD054B82F6A1F4/=000D/.c_=93C045343A0FA539250EF510B680EA9A519EA07ABA3638E919CE466C18
Jan 15, 2015 6:21:52 PM org.ccnx.ccn.impl.sync.SliceComparator doComparison
O MAIS DETALHADO: name X (expanded) is /ccnx.org/test/SyncTestRepo-15-01-15-18.20.23/ccnSyncTest/slice9/randomFile/=FD054B82F6A1F4/=0007/%1D4=FD9672DCB73FC785DFA0443AAC59D53633167B51C1E1A179E9C2EDCA4C9E, name Y (expanded) is /ccnx.org/test/SyncTestRepo-15-01-15-18.20.23/ccnSyncTest/slice9/randomFile/=FD054B82F6A1F4/=0007/%1D4=FD9672DCB73FC785DFA0443AAC59D53633167B51C1E1A179E9C2EDCA4C9E
Jan 15, 2015 6:21:52 PM org.ccnx.ccn.impl.sync.SliceComparator doComparison
O MAIS DETALHADO: Compare LEAF =0D27327F18E53775D3C64E1D3CF8AA4C68228F0D34D9BA10D445B4A4CC934E33E7 to LEAF %08M=A6C37C916DBC7C91E030F4F7ACAAE0915DD2547F0118F2D9CB6C37B5AF0400
Jan 15, 2015 6:21:52 PM org.ccnx.ccn.impl.sync.SliceComparator doComparison
O MAIS DETALHADO: Compare NODE %15ma%2B7=7FD272F1BDE647E0F878992BBBB90475671DEC0503A3551F752A2F06 to LEAF %08M=A6C37C916DBC7C91E030F4F7ACAAE0915DD2547F0118F2D9CB6C37B5AF0400, resMin is 1, resMax is -1
Jan 15, 2015 6:21:52 PM org.ccnx.ccn.impl.sync.SliceComparator doComparison
O MAIS DETALHADO: Compare LEAF %05p%EFG=05106476F4B0BCB015CE24928C905584ADBEFC5B309FCF04F160EE6E0B to LEAF %04Y=D9C97817FB4676EE0E098ACF984C70DC7711DDA66E967D613BA89209DC1BF0
Jan 15, 2015 6:21:52 PM org.ccnx.ccn.impl.sync.SliceComparator doComparison
O MAIS DETALHADO: name X is 16, pos X is 2, name Y is 16, pos Y is 5 comp is 0
Jan 15, 2015 6:21:52 PM org.ccnx.ccn.impl.sync.SliceComparator doComparison
O MAIS DETALHADO: minname is 0, maxname is 0, pos X is 1, pos Y is 3
Jan 15, 2015 6:21:52 PM org.ccnx.ccn.impl.sync.SliceComparator doComparison
O MAIS DETALHADO: name X is 8, pos X is 8, name Y is 8, pos Y is 9 comp is 0
Jan 15, 2015 6:21:52 PM org.ccnx.ccn.impl.sync.SliceComparator doComparison
O MAIS DETALHADO: name X (expanded) is /ccnx.org/test/SyncTestRepo-15-01-15-18.20.23/ccnSyncTest/slice9/randomFile/=FD054B82F6A1F4/=0010/%D5qr=0327BD8EA221905E2DD3D2A8187D17BFCA0E14B79488EA795C6B4DFC1F, name Y (expanded) is /ccnx.org/test/SyncTestRepo-15-01-15-18.20.23/ccnSyncTest/slice9/randomFile/=FD054B82F6A1F4/=0010/%D5qr=0327BD8EA221905E2DD3D2A8187D17BFCA0E14B79488EA795C6B4DFC1F
Jan 15, 2015 6:21:52 PM org.ccnx.ccn.impl.sync.SliceComparator doComparison
O MAIS DETALHADO: Compare LEAF =0D27327F18E53775D3C64E1D3CF8AA4C68228F0D34D9BA10D445B4A4CC934E33E7 to LEAF %08M=A6C37C916DBC7C91E030F4F7ACAAE0915DD2547F0118F2D9CB6C37B5AF0400
Jan 15, 2015 6:21:52 PM org.ccnx.ccn.impl.sync.SliceComparator doComparison
O MAIS DETALHADO: name X (expanded) is /ccnx.org/test/SyncTestRepo-15-01-15-18.20.23/ccnSyncTest/slice9/randomFile/=FD054B82F6A1F4/=0008/=219570E13A4C311684CD4D363B4D2B231F2B7C4B3A570D52B5281B7B8D0432CB, name Y (expanded) is /ccnx.org/test/SyncTestRepo-15-01-15-18.20.23/ccnSyncTest/slice9/randomFile/=FD054B82F6A1F4/=0008/=219570E13A4C311684CD4D363B4D2B231F2B7C4B3A570D52B5281B7B8D0432CB
Jan 15, 2015 6:21:52 PM org.ccnx.ccn.impl.sync.SliceComparator doComparison
O MAIS DETALHADO: Compare LEAF =0D27327F18E53775D3C64E1D3CF8AA4C68228F0D34D9BA10D445B4A4CC934E33E7 to LEAF %08M=A6C37C916DBC7C91E030F4F7ACAAE0915DD2547F0118F2D9CB6C37B5AF0400
Jan 15, 2015 6:21:52 PM org.ccnx.ccn.impl.sync.SliceComparator doComparison
O MAIS DETALHADO: name X is 14, pos X is 0, name Y is 14, pos Y is 3 comp is 0
Jan 15, 2015 6:21:52 PM org.ccnx.ccn.impl.sync.SliceComparator doComparison
O MAIS DETALHADO: Compare LEAF %05p%EFG=05106476F4B0BCB015CE24928C905584ADBEFC5B309FCF04F160EE6E0B to LEAF %04Y=D9C97817FB4676EE0E098ACF984C70DC7711DDA66E967D613BA89209DC1BF0
Jan 15, 2015 6:21:52 PM org.ccnx.ccn.impl.sync.SliceComparator doComparison
O MAIS DETALHADO: name X is 17, pos X is 3, name Y is 17, pos Y is 6 comp is 0
Jan 15, 2015 6:21:52 PM org.ccnx.ccn.impl.sync.SliceComparator doComparison
O MAIS DETALHADO: name X (expanded) is /ccnx.org/test/SyncTestRepo-15-01-15-18.20.23/ccnSyncTest/slice9/randomFile/=FD054B82F6A1F4/=000E/%FE1X=E529673D6B088AB5993677163E6922B9B586B7BD70CE0AAE31EA2148FD, name Y (expanded) is /ccnx.org/test/SyncTestRepo-15-01-15-18.20.23/ccnSyncTest/slice9/randomFile/=FD054B82F6A1F4/=000E/%FE1X=E529673D6B088AB5993677163E6922B9B586B7BD70CE0AAE31EA2148FD
Jan 15, 2015 6:21:52 PM org.ccnx.ccn.impl.sync.SliceComparator doComparison
O MAIS DETALHADO: name X is 9, pos X is 9, name Y is 9, pos Y is 10 comp is 0
Jan 15, 2015 6:21:52 PM org.ccnx.ccn.impl.sync.SliceComparator doComparison
O MAIS DETALHADO: name X (expanded) is /ccnx.org/test/SyncTestRepo-15-01-15-18.20.23/ccnSyncTest/slice9/randomFile/=FD054B82F6A1F4/=0011/=FBDC827E6D5C34ABF58365F058BF49B8047AB14354BD675385891442FA852675, name Y (expanded) is /ccnx.org/test/SyncTestRepo-15-01-15-18.20.23/ccnSyncTest/slice9/randomFile/=FD054B82F6A1F4/=0011/=FBDC827E6D5C34ABF58365F058BF49B8047AB14354BD675385891442FA852675
Jan 15, 2015 6:21:52 PM org.ccnx.ccn.impl.sync.SliceComparator doComparison
O MAIS DETALHADO: Compare LEAF =0D27327F18E53775D3C64E1D3CF8AA4C68228F0D34D9BA10D445B4A4CC934E33E7 to LEAF %08M=A6C37C916DBC7C91E030F4F7ACAAE0915DD2547F0118F2D9CB6C37B5AF0400
Jan 15, 2015 6:21:52 PM org.ccnx.ccn.impl.sync.SliceComparator doComparison
O MAIS DETALHADO: Compare LEAF =0D27327F18E53775D3C64E1D3CF8AA4C68228F0D34D9BA10D445B4A4CC934E33E7 to LEAF %08M=A6C37C916DBC7C91E030F4F7ACAAE0915DD2547F0118F2D9CB6C37B5AF0400
Jan 15, 2015 6:21:52 PM org.ccnx.ccn.impl.sync.SliceComparator doComparison
O MAIS DETALHADO: name X (expanded) is /ccnx.org/test/SyncTestRepo-15-01-15-18.20.23/ccnSyncTest/slice9/randomFile/=FD054B82F6A1F4/=0009/%26_=DDB5FE4C82A066DC717DF889CAA5914124B53B1269ECA97DA7A99ACD7C47, name Y (expanded) is /ccnx.org/test/SyncTestRepo-15-01-15-18.20.23/ccnSyncTest/slice9/randomFile/=FD054B82F6A1F4/=0009/%26_=DDB5FE4C82A066DC717DF889CAA5914124B53B1269ECA97DA7A99ACD7C47
Jan 15, 2015 6:21:52 PM org.ccnx.ccn.impl.sync.SliceComparator doComparison
O MAIS DETALHADO: name X is 15, pos X is 1, name Y is 15, pos Y is 4 comp is 0
Jan 15, 2015 6:21:52 PM org.ccnx.ccn.impl.sync.SliceComparator doComparison
O MAIS DETALHADO: name X is 18, pos X is 4, name Y is 18, pos Y is 7 comp is 0
Jan 15, 2015 6:21:52 PM org.ccnx.ccn.impl.sync.SliceComparator doComparison
O MAIS DETALHADO: Compare LEAF %05p%EFG=05106476F4B0BCB015CE24928C905584ADBEFC5B309FCF04F160EE6E0B to LEAF %04Y=D9C97817FB4676EE0E098ACF984C70DC7711DDA66E967D613BA89209DC1BF0
Jan 15, 2015 6:21:52 PM org.ccnx.ccn.impl.sync.SliceComparator doComparison
O MAIS DETALHADO: name X (expanded) is /ccnx.org/test/SyncTestRepo-15-01-15-18.20.23/ccnSyncTest/slice9/randomFile/=FD054B82F6A1F4/=000F/=13C718564AED534A913A264A80F61736AC4EAD885F9CFD55ABCD7F784106CF11, name Y (expanded) is /ccnx.org/test/SyncTestRepo-15-01-15-18.20.23/ccnSyncTest/slice9/randomFile/=FD054B82F6A1F4/=000F/=13C718564AED534A913A264A80F61736AC4EAD885F9CFD55ABCD7F784106CF11
Jan 15, 2015 6:21:52 PM org.ccnx.ccn.impl.sync.SliceComparator doComparison
O MAIS DETALHADO: name X (expanded) is /ccnx.org/test/SyncTestRepo-15-01-15-18.20.23/ccnSyncTest/slice9/randomFile/=FD054B82F6A1F4/=0012/=801B7974860EE74E9D4A84F5E3D43AC6455739DBEE9513B30B424B177C88A521, name Y (expanded) is /ccnx.org/test/SyncTestRepo-15-01-15-18.20.23/ccnSyncTest/slice9/randomFile/=FD054B82F6A1F4/=0012/=801B7974860EE74E9D4A84F5E3D43AC6455739DBEE9513B30B424B177C88A521
Jan 15, 2015 6:21:52 PM org.ccnx.ccn.impl.sync.SliceComparator doComparison
O MAIS DETALHADO: name X is 10, pos X is 10, name Y is 10, pos Y is 11 comp is 0
Jan 15, 2015 6:21:52 PM org.ccnx.ccn.impl.sync.SliceComparator doComparison
O MAIS DETALHADO: Compare LEAF =0D27327F18E53775D3C64E1D3CF8AA4C68228F0D34D9BA10D445B4A4CC934E33E7 to LEAF %08M=A6C37C916DBC7C91E030F4F7ACAAE0915DD2547F0118F2D9CB6C37B5AF0400
Jan 15, 2015 6:21:52 PM org.ccnx.ccn.impl.sync.SliceComparator doComparison
O MAIS DETALHADO: Compare LEAF =0D27327F18E53775D3C64E1D3CF8AA4C68228F0D34D9BA10D445B4A4CC934E33E7 to LEAF %08M=A6C37C916DBC7C91E030F4F7ACAAE0915DD2547F0118F2D9CB6C37B5AF0400
Jan 15, 2015 6:21:52 PM org.ccnx.ccn.impl.sync.SliceComparator doComparison
O MAIS DETALHADO: name X (expanded) is /ccnx.org/test/SyncTestRepo-15-01-15-18.20.23/ccnSyncTest/slice9/randomFile/=FD054B82F6A1F4/=000A/=3FC69DFF1239ED76FF3C0DAD9EF6253F75A2F184CD67D810158D06751A3A0C35, name Y (expanded) is /ccnx.org/test/SyncTestRepo-15-01-15-18.20.23/ccnSyncTest/slice9/randomFile/=FD054B82F6A1F4/=000A/=3FC69DFF1239ED76FF3C0DAD9EF6253F75A2F184CD67D810158D06751A3A0C35
Jan 15, 2015 6:21:52 PM org.ccnx.ccn.impl.sync.SliceComparator doComparison
O MAIS DETALHADO: name X is 19, pos X is 5, name Y is 19, pos Y is 8 comp is 0
Jan 15, 2015 6:21:52 PM org.ccnx.ccn.impl.sync.SliceComparator doComparison
O MAIS DETALHADO: name X is 16, pos X is 2, name Y is 16, pos Y is 5 comp is 0
Jan 15, 2015 6:21:52 PM org.ccnx.ccn.impl.sync.SliceComparator doComparison
O MAIS DETALHADO: name X (expanded) is /ccnx.org/test/SyncTestRepo-15-01-15-18.20.23/ccnSyncTest/slice9/randomFile/=FD054B82F6A1F4/=0013/=19B2421B2A9F6284542AD17180452A43562D4DFC35A625C608080CFB4E6EA72F, name Y (expanded) is /ccnx.org/test/SyncTestRepo-15-01-15-18.20.23/ccnSyncTest/slice9/randomFile/=FD054B82F6A1F4/=0013/=19B2421B2A9F6284542AD17180452A43562D4DFC35A625C608080CFB4E6EA72F
Jan 15, 2015 6:21:52 PM org.ccnx.ccn.impl.sync.SliceComparator doComparison
O MAIS DETALHADO: Compare LEAF %05p%EFG=05106476F4B0BCB015CE24928C905584ADBEFC5B309FCF04F160EE6E0B to NODE =28DED466A17AD8984F1C6B9A7470FB8F54402433FCBE38860A5FABEAA52D597D75
Jan 15, 2015 6:21:52 PM org.ccnx.ccn.impl.sync.SliceComparator doComparison
O MAIS DETALHADO: name X (expanded) is /ccnx.org/test/SyncTestRepo-15-01-15-18.20.23/ccnSyncTest/slice9/randomFile/=FD054B82F6A1F4/=0010/%D5qr=0327BD8EA221905E2DD3D2A8187D17BFCA0E14B79488EA795C6B4DFC1F, name Y (expanded) is /ccnx.org/test/SyncTestRepo-15-01-15-18.20.23/ccnSyncTest/slice9/randomFile/=FD054B82F6A1F4/=0010/%D5qr=0327BD8EA221905E2DD3D2A8187D17BFCA0E14B79488EA795C6B4DFC1F
Jan 15, 2015 6:21:52 PM org.ccnx.ccn.impl.sync.SliceComparator doComparison
O MAIS DETALHADO: Compare LEAF =0D27327F18E53775D3C64E1D3CF8AA4C68228F0D34D9BA10D445B4A4CC934E33E7 to LEAF %08M=A6C37C916DBC7C91E030F4F7ACAAE0915DD2547F0118F2D9CB6C37B5AF0400
Jan 15, 2015 6:21:52 PM org.ccnx.ccn.impl.sync.SliceComparator doComparison
O MAIS DETALHADO: minname is 0, maxname is 0, X name is 11, pos X is 11, pos Y is 3
Jan 15, 2015 6:21:52 PM org.ccnx.ccn.impl.sync.SliceComparator doComparison
O MAIS DETALHADO: Compare LEAF =0D27327F18E53775D3C64E1D3CF8AA4C68228F0D34D9BA10D445B4A4CC934E33E7 to LEAF %08M=A6C37C916DBC7C91E030F4F7ACAAE0915DD2547F0118F2D9CB6C37B5AF0400
Jan 15, 2015 6:21:52 PM org.ccnx.ccn.impl.sync.SliceComparator doComparison
O MAIS DETALHADO: name X is 20, pos X is 6, name Y is 20, pos Y is 9 comp is 0
Jan 15, 2015 6:21:52 PM org.ccnx.ccn.impl.sync.SliceComparator doComparison
O MAIS DETALHADO: minname (expanded) is /ccnx.org/test/SyncTestRepo-15-01-15-18.20.23/ccnSyncTest/slice9/round2/randomFile/=FD054B82F70368/=00/=B97F65C641ECD73502119EB69D2576BAC16B3BF85AD4553028EB611D8E11F489, maxname (expanded) is /ccnx.org/test/SyncTestRepo-15-01-15-18.20.23/ccnSyncTest/slice9/randomFile/=FD054B82F6A1F4/%C1.META.M/.header/=FD054B82F6A277/=00/%E1d=DD9BAB5C9B8BB01ED5ACE2DBD7444D09943A4AAAF2EB897BB30A2244EAE0
Jan 15, 2015 6:21:52 PM org.ccnx.ccn.impl.sync.SliceComparator doComparison
O MAIS DETALHADO: name X is 17, pos X is 3, name Y is 17, pos Y is 6 comp is 0
Jan 15, 2015 6:21:52 PM org.ccnx.ccn.impl.sync.SliceComparator doComparison
O MAIS DETALHADO: name X (expanded) is /ccnx.org/test/SyncTestRepo-15-01-15-18.20.23/ccnSyncTest/slice9/randomFile/=FD054B82F6A1F4/=0014/=AAD2C8AC19AFC291C903EED72B1FE28EBCFE324AFD7307EF114087D1475C0C38, name Y (expanded) is /ccnx.org/test/SyncTestRepo-15-01-15-18.20.23/ccnSyncTest/slice9/randomFile/=FD054B82F6A1F4/=0014/=AAD2C8AC19AFC291C903EED72B1FE28EBCFE324AFD7307EF114087D1475C0C38
Jan 15, 2015 6:21:52 PM org.ccnx.ccn.impl.sync.SliceComparator doComparison
O MAIS DETALHADO: sneX (expanded) is /ccnx.org/test/SyncTestRepo-15-01-15-18.20.23/ccnSyncTest/slice9/randomFile/=FD054B82F6A1F4/=000B/n=DBBA39C355965090E972E3FEF3EC32147E8E87DA41C643D406B0F7B055754E, comp is 1
Jan 15, 2015 6:21:52 PM org.ccnx.ccn.impl.sync.SliceComparator doComparison
O MAIS DETALHADO: name X (expanded) is /ccnx.org/test/SyncTestRepo-15-01-15-18.20.23/ccnSyncTest/slice9/randomFile/=FD054B82F6A1F4/=0011/=FBDC827E6D5C34ABF58365F058BF49B8047AB14354BD675385891442FA852675, name Y (expanded) is /ccnx.org/test/SyncTestRepo-15-01-15-18.20.23/ccnSyncTest/slice9/randomFile/=FD054B82F6A1F4/=0011/=FBDC827E6D5C34ABF58365F058BF49B8047AB14354BD675385891442FA852675
Jan 15, 2015 6:21:52 PM org.ccnx.ccn.impl.sync.SliceComparator doComparison
O MAIS DETALHADO: Compare LEAF =0D27327F18E53775D3C64E1D3CF8AA4C68228F0D34D9BA10D445B4A4CC934E33E7 to LEAF %08M=A6C37C916DBC7C91E030F4F7ACAAE0915DD2547F0118F2D9CB6C37B5AF0400
Jan 15, 2015 6:21:52 PM org.ccnx.ccn.impl.sync.SliceComparator doComparison
O MAIS DETALHADO: Compare LEAF %05p%EFG=05106476F4B0BCB015CE24928C905584ADBEFC5B309FCF04F160EE6E0B to LEAF %08M=A6C37C916DBC7C91E030F4F7ACAAE0915DD2547F0118F2D9CB6C37B5AF0400
Jan 15, 2015 6:21:52 PM org.ccnx.ccn.impl.sync.SliceComparator doComparison
O MAIS DETALHADO: name X is 21, pos X is 7, name Y is 21, pos Y is 10 comp is 0
Jan 15, 2015 6:21:52 PM org.ccnx.ccn.impl.sync.SliceComparator doComparison
O MAIS DETALHADO: Compare LEAF =0D27327F18E53775D3C64E1D3CF8AA4C68228F0D34D9BA10D445B4A4CC934E33E7 to LEAF %08M=A6C37C916DBC7C91E030F4F7ACAAE0915DD2547F0118F2D9CB6C37B5AF0400
Jan 15, 2015 6:21:52 PM org.ccnx.ccn.impl.sync.SliceComparator doComparison
O MAIS DETALHADO: name X is 11, pos X is 11, name Y is 11, pos Y is 0 comp is 0
Jan 15, 2015 6:21:52 PM org.ccnx.ccn.impl.sync.SliceComparator doComparison
O MAIS DETALHADO: name X (expanded) is /ccnx.org/test/SyncTestRepo-15-01-15-18.20.23/ccnSyncTest/slice9/randomFile/=FD054B82F6A1F4/=0015/%875=02E255272B96A3F2AEA6710BE8773327CDE281F19E56A12C4C843D7ED21A, name Y (expanded) is /ccnx.org/test/SyncTestRepo-15-01-15-18.20.23/ccnSyncTest/slice9/randomFile/=FD054B82F6A1F4/=0015/%875=02E255272B96A3F2AEA6710BE8773327CDE281F19E56A12C4C843D7ED21A
Jan 15, 2015 6:21:52 PM org.ccnx.ccn.impl.sync.SliceComparator doComparison
O MAIS DETALHADO: name X is 18, pos X is 4, name Y is 18, pos Y is 7 comp is 0
Jan 15, 2015 6:21:52 PM org.ccnx.ccn.impl.sync.SliceComparator doComparison
O MAIS DETALHADO: name X (expanded) is /ccnx.org/test/SyncTestRepo-15-01-15-18.20.23/ccnSyncTest/slice9/randomFile/=FD054B82F6A1F4/=000B/n=DBBA39C355965090E972E3FEF3EC32147E8E87DA41C643D406B0F7B055754E, name Y (expanded) is /ccnx.org/test/SyncTestRepo-15-01-15-18.20.23/ccnSyncTest/slice9/randomFile/=FD054B82F6A1F4/=000B/n=DBBA39C355965090E972E3FEF3EC32147E8E87DA41C643D406B0F7B055754E
Jan 15, 2015 6:21:52 PM org.ccnx.ccn.impl.sync.SliceComparator doComparison
O MAIS DETALHADO: Compare LEAF =0D27327F18E53775D3C64E1D3CF8AA4C68228F0D34D9BA10D445B4A4CC934E33E7 to LEAF %08M=A6C37C916DBC7C91E030F4F7ACAAE0915DD2547F0118F2D9CB6C37B5AF0400
Jan 15, 2015 6:21:52 PM org.ccnx.ccn.impl.sync.SliceComparator doComparison
O MAIS DETALHADO: name X (expanded) is /ccnx.org/test/SyncTestRepo-15-01-15-18.20.23/ccnSyncTest/slice9/randomFile/=FD054B82F6A1F4/=0012/=801B7974860EE74E9D4A84F5E3D43AC6455739DBEE9513B30B424B177C88A521, name Y (expanded) is /ccnx.org/test/SyncTestRepo-15-01-15-18.20.23/ccnSyncTest/slice9/randomFile/=FD054B82F6A1F4/=0012/=801B7974860EE74E9D4A84F5E3D43AC6455739DBEE9513B30B424B177C88A521
Jan 15, 2015 6:21:52 PM org.ccnx.ccn.impl.sync.SliceComparator doComparison
O MAIS DETALHADO: Compare LEAF %05p%EFG=05106476F4B0BCB015CE24928C905584ADBEFC5B309FCF04F160EE6E0B to LEAF %08M=A6C37C916DBC7C91E030F4F7ACAAE0915DD2547F0118F2D9CB6C37B5AF0400
Jan 15, 2015 6:21:52 PM org.ccnx.ccn.impl.sync.SliceComparator doComparison
O MAIS DETALHADO: name X is 22, pos X is 8, name Y is 22, pos Y is 11 comp is 0
Jan 15, 2015 6:21:52 PM org.ccnx.ccn.impl.sync.SliceComparator doComparison
O MAIS DETALHADO: Compare LEAF =0D27327F18E53775D3C64E1D3CF8AA4C68228F0D34D9BA10D445B4A4CC934E33E7 to LEAF %08M=A6C37C916DBC7C91E030F4F7ACAAE0915DD2547F0118F2D9CB6C37B5AF0400
Jan 15, 2015 6:21:52 PM org.ccnx.ccn.impl.sync.SliceComparator doComparison
O MAIS DETALHADO: name X is 12, pos X is 12, name Y is 12, pos Y is 1 comp is 0
Jan 15, 2015 6:21:52 PM org.ccnx.ccn.impl.sync.SliceComparator doComparison
O MAIS DETALHADO: name X (expanded) is /ccnx.org/test/SyncTestRepo-15-01-15-18.20.23/ccnSyncTest/slice9/randomFile/=FD054B82F6A1F4/=0016/=9B3BDC97FB23ADE8F3CDA8CF272507DBC2B7DF19E9445ACABCDF6F597363BFC0, name Y (expanded) is /ccnx.org/test/SyncTestRepo-15-01-15-18.20.23/ccnSyncTest/slice9/randomFile/=FD054B82F6A1F4/=0016/=9B3BDC97FB23ADE8F3CDA8CF272507DBC2B7DF19E9445ACABCDF6F597363BFC0
Jan 15, 2015 6:21:52 PM org.ccnx.ccn.impl.sync.SliceComparator doComparison
O MAIS DETALHADO: name X is 19, pos X is 5, name Y is 19, pos Y is 8 comp is 0
Jan 15, 2015 6:21:52 PM org.ccnx.ccn.impl.sync.SliceComparator doComparison
O MAIS DETALHADO: name X (expanded) is /ccnx.org/test/SyncTestRepo-15-01-15-18.20.23/ccnSyncTest/slice9/randomFile/=FD054B82F6A1F4/=000C/=F7038EFDE4C570BAF5F58B11BA361A2C51186826912D3C0B7F5B87E474815715, name Y (expanded) is /ccnx.org/test/SyncTestRepo-15-01-15-18.20.23/ccnSyncTest/slice9/randomFile/=FD054B82F6A1F4/=000C/=F7038EFDE4C570BAF5F58B11BA361A2C51186826912D3C0B7F5B87E474815715
Jan 15, 2015 6:21:52 PM org.ccnx.ccn.impl.sync.SliceComparator doComparison
O MAIS DETALHADO: Compare LEAF =0D27327F18E53775D3C64E1D3CF8AA4C68228F0D34D9BA10D445B4A4CC934E33E7 to LEAF %08M=A6C37C916DBC7C91E030F4F7ACAAE0915DD2547F0118F2D9CB6C37B5AF0400
Jan 15, 2015 6:21:52 PM org.ccnx.ccn.impl.sync.SliceComparator doComparison
O MAIS DETALHADO: name X (expanded) is /ccnx.org/test/SyncTestRepo-15-01-15-18.20.23/ccnSyncTest/slice9/randomFile/=FD054B82F6A1F4/=0013/=19B2421B2A9F6284542AD17180452A43562D4DFC35A625C608080CFB4E6EA72F, name Y (expanded) is /ccnx.org/test/SyncTestRepo-15-01-15-18.20.23/ccnSyncTest/slice9/randomFile/=FD054B82F6A1F4/=0013/=19B2421B2A9F6284542AD17180452A43562D4DFC35A625C608080CFB4E6EA72F
Jan 15, 2015 6:21:52 PM org.ccnx.ccn.impl.sync.SliceComparator doComparison
O MAIS DETALHADO: Compare LEAF %05p%EFG=05106476F4B0BCB015CE24928C905584ADBEFC5B309FCF04F160EE6E0B to LEAF %08M=A6C37C916DBC7C91E030F4F7ACAAE0915DD2547F0118F2D9CB6C37B5AF0400
Jan 15, 2015 6:21:52 PM org.ccnx.ccn.impl.sync.SliceComparator doComparison
O MAIS DETALHADO: name X is 23, pos X is 9, name Y is 23, pos Y is 12 comp is 0
Jan 15, 2015 6:21:52 PM org.ccnx.ccn.impl.sync.SliceComparator doComparison
O MAIS DETALHADO: Compare LEAF =0D27327F18E53775D3C64E1D3CF8AA4C68228F0D34D9BA10D445B4A4CC934E33E7 to LEAF %08M=A6C37C916DBC7C91E030F4F7ACAAE0915DD2547F0118F2D9CB6C37B5AF0400
Jan 15, 2015 6:21:52 PM org.ccnx.ccn.impl.sync.SliceComparator doComparison
O MAIS DETALHADO: name X is 13, pos X is 13, name Y is 13, pos Y is 2 comp is 0
Jan 15, 2015 6:21:52 PM org.ccnx.ccn.impl.sync.SliceComparator doComparison
O MAIS DETALHADO: name X (expanded) is /ccnx.org/test/SyncTestRepo-15-01-15-18.20.23/ccnSyncTest/slice9/randomFile/=FD054B82F6A1F4/=0017/=C5F6B0EBAE3437ABFAA111A6B279279CE40740EF72566305EDEFA9E40A8C175C, name Y (expanded) is /ccnx.org/test/SyncTestRepo-15-01-15-18.20.23/ccnSyncTest/slice9/randomFile/=FD054B82F6A1F4/=0017/=C5F6B0EBAE3437ABFAA111A6B279279CE40740EF72566305EDEFA9E40A8C175C
Jan 15, 2015 6:21:52 PM org.ccnx.ccn.impl.sync.SliceComparator doComparison
O MAIS DETALHADO: name X is 20, pos X is 6, name Y is 20, pos Y is 9 comp is 0
Jan 15, 2015 6:21:52 PM org.ccnx.ccn.impl.sync.SliceComparator doComparison
O MAIS DETALHADO: name X (expanded) is /ccnx.org/test/SyncTestRepo-15-01-15-18.20.23/ccnSyncTest/slice9/randomFile/=FD054B82F6A1F4/=000D/.c_=93C045343A0FA539250EF510B680EA9A519EA07ABA3638E919CE466C18, name Y (expanded) is /ccnx.org/test/SyncTestRepo-15-01-15-18.20.23/ccnSyncTest/slice9/randomFile/=FD054B82F6A1F4/=000D/.c_=93C045343A0FA539250EF510B680EA9A519EA07ABA3638E919CE466C18
Jan 15, 2015 6:21:52 PM org.ccnx.ccn.impl.sync.SliceComparator doComparison
O MAIS DETALHADO: Compare LEAF =0D27327F18E53775D3C64E1D3CF8AA4C68228F0D34D9BA10D445B4A4CC934E33E7 to LEAF %08M=A6C37C916DBC7C91E030F4F7ACAAE0915DD2547F0118F2D9CB6C37B5AF0400
Jan 15, 2015 6:21:52 PM org.ccnx.ccn.impl.sync.SliceComparator doComparison
O MAIS DETALHADO: name X (expanded) is /ccnx.org/test/SyncTestRepo-15-01-15-18.20.23/ccnSyncTest/slice9/randomFile/=FD054B82F6A1F4/=0014/=AAD2C8AC19AFC291C903EED72B1FE28EBCFE324AFD7307EF114087D1475C0C38, name Y (expanded) is /ccnx.org/test/SyncTestRepo-15-01-15-18.20.23/ccnSyncTest/slice9/randomFile/=FD054B82F6A1F4/=0014/=AAD2C8AC19AFC291C903EED72B1FE28EBCFE324AFD7307EF114087D1475C0C38
Jan 15, 2015 6:21:52 PM org.ccnx.ccn.impl.sync.SliceComparator doComparison
O MAIS DETALHADO: name X is 24, pos X is 10, name Y is 24, pos Y is 13 comp is 0
Jan 15, 2015 6:21:52 PM org.ccnx.ccn.impl.sync.SliceComparator doComparison
O MAIS DETALHADO: Compare NODE %15ma%2B7=7FD272F1BDE647E0F878992BBBB90475671DEC0503A3551F752A2F06 to LEAF %08M=A6C37C916DBC7C91E030F4F7ACAAE0915DD2547F0118F2D9CB6C37B5AF0400, resMin is 1, resMax is -1
Jan 15, 2015 6:21:52 PM org.ccnx.ccn.impl.sync.SliceComparator doComparison
O MAIS DETALHADO: name X (expanded) is /ccnx.org/test/SyncTestRepo-15-01-15-18.20.23/ccnSyncTest/slice9/randomFile/=FD054B82F6A1F4/=0018/=A915A05256C20FA2FDA8AB7D71AB14FDE16EC0FA2C9024AB575E495263D48F25, name Y (expanded) is /ccnx.org/test/SyncTestRepo-15-01-15-18.20.23/ccnSyncTest/slice9/randomFile/=FD054B82F6A1F4/=0018/=A915A05256C20FA2FDA8AB7D71AB14FDE16EC0FA2C9024AB575E495263D48F25
Jan 15, 2015 6:21:52 PM org.ccnx.ccn.impl.sync.SliceComparator doComparison
O MAIS DETALHADO: Compare LEAF =0D27327F18E53775D3C64E1D3CF8AA4C68228F0D34D9BA10D445B4A4CC934E33E7 to LEAF %08M=A6C37C916DBC7C91E030F4F7ACAAE0915DD2547F0118F2D9CB6C37B5AF0400
Jan 15, 2015 6:21:52 PM org.ccnx.ccn.impl.sync.SliceComparator doComparison
O MAIS DETALHADO: minname is 0, maxname is 0, pos X is 1, pos Y is 3
Jan 15, 2015 6:21:52 PM org.ccnx.ccn.impl.sync.SliceComparator doComparison
O MAIS DETALHADO: Compare LEAF =0D27327F18E53775D3C64E1D3CF8AA4C68228F0D34D9BA10D445B4A4CC934E33E7 to NODE =28DED466A17AD8984F1C6B9A7470FB8F54402433FCBE38860A5FABEAA52D597D75
Jan 15, 2015 6:21:52 PM org.ccnx.ccn.impl.sync.SliceComparator doComparison
O MAIS DETALHADO: name X is 21, pos X is 7, name Y is 21, pos Y is 10 comp is 0
Jan 15, 2015 6:21:52 PM org.ccnx.ccn.impl.sync.SliceComparator doComparison
O MAIS DETALHADO: Compare LEAF =0D27327F18E53775D3C64E1D3CF8AA4C68228F0D34D9BA10D445B4A4CC934E33E7 to LEAF %08M=A6C37C916DBC7C91E030F4F7ACAAE0915DD2547F0118F2D9CB6C37B5AF0400
Jan 15, 2015 6:21:52 PM org.ccnx.ccn.impl.sync.SliceComparator doComparison
O MAIS DETALHADO: minname is 0, maxname is 0, X name is 25, pos X is 11, pos Y is 4
Jan 15, 2015 6:21:52 PM org.ccnx.ccn.impl.sync.SliceComparator doComparison
O MAIS DETALHADO: name X (expanded) is /ccnx.org/test/SyncTestRepo-15-01-15-18.20.23/ccnSyncTest/slice9/randomFile/=FD054B82F6A1F4/=0015/%875=02E255272B96A3F2AEA6710BE8773327CDE281F19E56A12C4C843D7ED21A, name Y (expanded) is /ccnx.org/test/SyncTestRepo-15-01-15-18.20.23/ccnSyncTest/slice9/randomFile/=FD054B82F6A1F4/=0015/%875=02E255272B96A3F2AEA6710BE8773327CDE281F19E56A12C4C843D7ED21A
Jan 15, 2015 6:21:52 PM org.ccnx.ccn.impl.sync.SliceComparator doComparison
O MAIS DETALHADO: name X is 14, pos X is 0, name Y is 14, pos Y is 3 comp is 0
Jan 15, 2015 6:21:52 PM org.ccnx.ccn.impl.sync.SliceComparator doComparison
O MAIS DETALHADO: minname (expanded) is /ccnx.org/test/SyncTestRepo-15-01-15-18.20.23/ccnSyncTest/slice9/round2/randomFile/=FD054B82F70368/=00/=B97F65C641ECD73502119EB69D2576BAC16B3BF85AD4553028EB611D8E11F489, maxname (expanded) is /ccnx.org/test/SyncTestRepo-15-01-15-18.20.23/ccnSyncTest/slice9/randomFile/=FD054B82F6A1F4/%C1.META.M/.header/=FD054B82F6A277/=00/%E1d=DD9BAB5C9B8BB01ED5ACE2DBD7444D09943A4AAAF2EB897BB30A2244EAE0
Jan 15, 2015 6:21:52 PM org.ccnx.ccn.impl.sync.SliceComparator doComparison
O MAIS DETALHADO: Compare LEAF =0D27327F18E53775D3C64E1D3CF8AA4C68228F0D34D9BA10D445B4A4CC934E33E7 to LEAF %08M=A6C37C916DBC7C91E030F4F7ACAAE0915DD2547F0118F2D9CB6C37B5AF0400
Jan 15, 2015 6:21:52 PM org.ccnx.ccn.impl.sync.SliceComparator doComparison
O MAIS DETALHADO: name X (expanded) is /ccnx.org/test/SyncTestRepo-15-01-15-18.20.23/ccnSyncTest/slice9/randomFile/=FD054B82F6A1F4/=000E/%FE1X=E529673D6B088AB5993677163E6922B9B586B7BD70CE0AAE31EA2148FD, name Y (expanded) is /ccnx.org/test/SyncTestRepo-15-01-15-18.20.23/ccnSyncTest/slice9/randomFile/=FD054B82F6A1F4/=000E/%FE1X=E529673D6B088AB5993677163E6922B9B586B7BD70CE0AAE31EA2148FD
Jan 15, 2015 6:21:52 PM org.ccnx.ccn.impl.sync.SliceComparator doComparison
O MAIS DETALHADO: sneX (expanded) is /ccnx.org/test/SyncTestRepo-15-01-15-18.20.23/ccnSyncTest/slice9/randomFile/=FD054B82F6A1F4/=0019/%85G=FA3EE4BFDD02CAC9127CAD37607682FF57D714852701D90116203489B26E, comp is 1
Jan 15, 2015 6:21:52 PM org.ccnx.ccn.impl.sync.SliceComparator doComparison
O MAIS DETALHADO: name X is 22, pos X is 8, name Y is 22, pos Y is 11 comp is 0
Jan 15, 2015 6:21:52 PM org.ccnx.ccn.impl.sync.SliceComparator doComparison
O MAIS DETALHADO: Compare LEAF =0D27327F18E53775D3C64E1D3CF8AA4C68228F0D34D9BA10D445B4A4CC934E33E7 to LEAF %08M=A6C37C916DBC7C91E030F4F7ACAAE0915DD2547F0118F2D9CB6C37B5AF0400
Jan 15, 2015 6:21:52 PM org.ccnx.ccn.impl.sync.SliceComparator doComparison
O MAIS DETALHADO: name X (expanded) is /ccnx.org/test/SyncTestRepo-15-01-15-18.20.23/ccnSyncTest/slice9/randomFile/=FD054B82F6A1F4/=0016/=9B3BDC97FB23ADE8F3CDA8CF272507DBC2B7DF19E9445ACABCDF6F597363BFC0, name Y (expanded) is /ccnx.org/test/SyncTestRepo-15-01-15-18.20.23/ccnSyncTest/slice9/randomFile/=FD054B82F6A1F4/=0016/=9B3BDC97FB23ADE8F3CDA8CF272507DBC2B7DF19E9445ACABCDF6F597363BFC0
Jan 15, 2015 6:21:52 PM org.ccnx.ccn.impl.sync.SliceComparator doComparison
O MAIS DETALHADO: name X is 15, pos X is 1, name Y is 15, pos Y is 4 comp is 0
Jan 15, 2015 6:21:52 PM org.ccnx.ccn.impl.sync.SliceComparator doComparison
O MAIS DETALHADO: Compare LEAF =0D27327F18E53775D3C64E1D3CF8AA4C68228F0D34D9BA10D445B4A4CC934E33E7 to LEAF %08M=A6C37C916DBC7C91E030F4F7ACAAE0915DD2547F0118F2D9CB6C37B5AF0400
Jan 15, 2015 6:21:52 PM org.ccnx.ccn.impl.sync.SliceComparator doComparison
O MAIS DETALHADO: name X (expanded) is /ccnx.org/test/SyncTestRepo-15-01-15-18.20.23/ccnSyncTest/slice9/randomFile/=FD054B82F6A1F4/=000F/=13C718564AED534A913A264A80F61736AC4EAD885F9CFD55ABCD7F784106CF11, name Y (expanded) is /ccnx.org/test/SyncTestRepo-15-01-15-18.20.23/ccnSyncTest/slice9/randomFile/=FD054B82F6A1F4/=000F/=13C718564AED534A913A264A80F61736AC4EAD885F9CFD55ABCD7F784106CF11
Jan 15, 2015 6:21:52 PM org.ccnx.ccn.impl.sync.SliceComparator doComparison
O MAIS DETALHADO: name X is 23, pos X is 9, name Y is 23, pos Y is 12 comp is 0
Jan 15, 2015 6:21:52 PM org.ccnx.ccn.impl.sync.SliceComparator doComparison
O MAIS DETALHADO: Compare LEAF =0D27327F18E53775D3C64E1D3CF8AA4C68228F0D34D9BA10D445B4A4CC934E33E7 to LEAF %08M=A6C37C916DBC7C91E030F4F7ACAAE0915DD2547F0118F2D9CB6C37B5AF0400
Jan 15, 2015 6:21:52 PM org.ccnx.ccn.impl.sync.SliceComparator doComparison
O MAIS DETALHADO: name X (expanded) is /ccnx.org/test/SyncTestRepo-15-01-15-18.20.23/ccnSyncTest/slice9/randomFile/=FD054B82F6A1F4/=0017/=C5F6B0EBAE3437ABFAA111A6B279279CE40740EF72566305EDEFA9E40A8C175C, name Y (expanded) is /ccnx.org/test/SyncTestRepo-15-01-15-18.20.23/ccnSyncTest/slice9/randomFile/=FD054B82F6A1F4/=0017/=C5F6B0EBAE3437ABFAA111A6B279279CE40740EF72566305EDEFA9E40A8C175C
Jan 15, 2015 6:21:52 PM org.ccnx.ccn.impl.sync.SliceComparator doComparison
O MAIS DETALHADO: name X is 16, pos X is 2, name Y is 16, pos Y is 5 comp is 0
Jan 15, 2015 6:21:52 PM org.ccnx.ccn.impl.sync.SliceComparator doComparison
O MAIS DETALHADO: Compare LEAF =0D27327F18E53775D3C64E1D3CF8AA4C68228F0D34D9BA10D445B4A4CC934E33E7 to LEAF %08M=A6C37C916DBC7C91E030F4F7ACAAE0915DD2547F0118F2D9CB6C37B5AF0400
Jan 15, 2015 6:21:52 PM org.ccnx.ccn.impl.sync.SliceComparator doComparison
O MAIS DETALHADO: name X (expanded) is /ccnx.org/test/SyncTestRepo-15-01-15-18.20.23/ccnSyncTest/slice9/randomFile/=FD054B82F6A1F4/=0010/%D5qr=0327BD8EA221905E2DD3D2A8187D17BFCA0E14B79488EA795C6B4DFC1F, name Y (expanded) is /ccnx.org/test/SyncTestRepo-15-01-15-18.20.23/ccnSyncTest/slice9/randomFile/=FD054B82F6A1F4/=0010/%D5qr=0327BD8EA221905E2DD3D2A8187D17BFCA0E14B79488EA795C6B4DFC1F
Jan 15, 2015 6:21:52 PM org.ccnx.ccn.impl.sync.SliceComparator doComparison
O MAIS DETALHADO: name X is 24, pos X is 10, name Y is 24, pos Y is 13 comp is 0
Jan 15, 2015 6:21:52 PM org.ccnx.ccn.impl.sync.SliceComparator doComparison
O MAIS DETALHADO: Compare LEAF =0D27327F18E53775D3C64E1D3CF8AA4C68228F0D34D9BA10D445B4A4CC934E33E7 to LEAF %08M=A6C37C916DBC7C91E030F4F7ACAAE0915DD2547F0118F2D9CB6C37B5AF0400
Jan 15, 2015 6:21:52 PM org.ccnx.ccn.impl.sync.SliceComparator doComparison
O MAIS DETALHADO: name X (expanded) is /ccnx.org/test/SyncTestRepo-15-01-15-18.20.23/ccnSyncTest/slice9/randomFile/=FD054B82F6A1F4/=0018/=A915A05256C20FA2FDA8AB7D71AB14FDE16EC0FA2C9024AB575E495263D48F25, name Y (expanded) is /ccnx.org/test/SyncTestRepo-15-01-15-18.20.23/ccnSyncTest/slice9/randomFile/=FD054B82F6A1F4/=0018/=A915A05256C20FA2FDA8AB7D71AB14FDE16EC0FA2C9024AB575E495263D48F25
Jan 15, 2015 6:21:52 PM org.ccnx.ccn.impl.sync.SliceComparator doComparison
O MAIS DETALHADO: name X is 17, pos X is 3, name Y is 17, pos Y is 6 comp is 0
Jan 15, 2015 6:21:52 PM org.ccnx.ccn.impl.sync.SliceComparator doComparison
O MAIS DETALHADO: Compare LEAF =0D27327F18E53775D3C64E1D3CF8AA4C68228F0D34D9BA10D445B4A4CC934E33E7 to NODE =28DED466A17AD8984F1C6B9A7470FB8F54402433FCBE38860A5FABEAA52D597D75
Jan 15, 2015 6:21:52 PM org.ccnx.ccn.impl.sync.SliceComparator doComparison
O MAIS DETALHADO: name X (expanded) is /ccnx.org/test/SyncTestRepo-15-01-15-18.20.23/ccnSyncTest/slice9/randomFile/=FD054B82F6A1F4/=0011/=FBDC827E6D5C34ABF58365F058BF49B8047AB14354BD675385891442FA852675, name Y (expanded) is /ccnx.org/test/SyncTestRepo-15-01-15-18.20.23/ccnSyncTest/slice9/randomFile/=FD054B82F6A1F4/=0011/=FBDC827E6D5C34ABF58365F058BF49B8047AB14354BD675385891442FA852675
Jan 15, 2015 6:21:52 PM org.ccnx.ccn.impl.sync.SliceComparator doComparison
O MAIS DETALHADO: minname is 0, maxname is 0, X name is 25, pos X is 11, pos Y is 4
Jan 15, 2015 6:21:52 PM org.ccnx.ccn.impl.sync.SliceComparator doComparison
O MAIS DETALHADO: Compare LEAF =0D27327F18E53775D3C64E1D3CF8AA4C68228F0D34D9BA10D445B4A4CC934E33E7 to LEAF %08M=A6C37C916DBC7C91E030F4F7ACAAE0915DD2547F0118F2D9CB6C37B5AF0400
Jan 15, 2015 6:21:52 PM org.ccnx.ccn.impl.sync.SliceComparator doComparison
O MAIS DETALHADO: minname (expanded) is /ccnx.org/test/SyncTestRepo-15-01-15-18.20.23/ccnSyncTest/slice9/round2/randomFile/=FD054B82F70368/=00/=B97F65C641ECD73502119EB69D2576BAC16B3BF85AD4553028EB611D8E11F489, maxname (expanded) is /ccnx.org/test/SyncTestRepo-15-01-15-18.20.23/ccnSyncTest/slice9/randomFile/=FD054B82F6A1F4/%C1.META.M/.header/=FD054B82F6A277/=00/%E1d=DD9BAB5C9B8BB01ED5ACE2DBD7444D09943A4AAAF2EB897BB30A2244EAE0
Jan 15, 2015 6:21:52 PM org.ccnx.ccn.impl.sync.SliceComparator doComparison
O MAIS DETALHADO: name X is 18, pos X is 4, name Y is 18, pos Y is 7 comp is 0
Jan 15, 2015 6:21:52 PM org.ccnx.ccn.impl.sync.SliceComparator doComparison
O MAIS DETALHADO: sneX (expanded) is /ccnx.org/test/SyncTestRepo-15-01-15-18.20.23/ccnSyncTest/slice9/randomFile/=FD054B82F6A1F4/=0019/%85G=FA3EE4BFDD02CAC9127CAD37607682FF57D714852701D90116203489B26E, comp is 1
Jan 15, 2015 6:21:52 PM org.ccnx.ccn.impl.sync.SliceComparator doComparison
O MAIS DETALHADO: name X (expanded) is /ccnx.org/test/SyncTestRepo-15-01-15-18.20.23/ccnSyncTest/slice9/randomFile/=FD054B82F6A1F4/=0012/=801B7974860EE74E9D4A84F5E3D43AC6455739DBEE9513B30B424B177C88A521, name Y (expanded) is /ccnx.org/test/SyncTestRepo-15-01-15-18.20.23/ccnSyncTest/slice9/randomFile/=FD054B82F6A1F4/=0012/=801B7974860EE74E9D4A84F5E3D43AC6455739DBEE9513B30B424B177C88A521
Jan 15, 2015 6:21:52 PM org.ccnx.ccn.impl.sync.SliceComparator doComparison
O MAIS DETALHADO: Compare LEAF =0D27327F18E53775D3C64E1D3CF8AA4C68228F0D34D9BA10D445B4A4CC934E33E7 to LEAF %09C=0DC98146607AC611CD9DF0FAC672D380873E73332FF4EB13A405EC51A9F576
Jan 15, 2015 6:21:52 PM org.ccnx.ccn.impl.sync.SliceComparator doComparison
O MAIS DETALHADO: Compare LEAF =0D27327F18E53775D3C64E1D3CF8AA4C68228F0D34D9BA10D445B4A4CC934E33E7 to LEAF %08M=A6C37C916DBC7C91E030F4F7ACAAE0915DD2547F0118F2D9CB6C37B5AF0400
Jan 15, 2015 6:21:52 PM org.ccnx.ccn.io.content.SyncNodeComposite decodeLogging
O MAIS DETALHADO: decode node for %09C=0DC98146607AC611CD9DF0FAC672D380873E73332FF4EB13A405EC51A9F576 depth = 1 refs = 16
Jan 15, 2015 6:21:52 PM org.ccnx.ccn.impl.sync.SliceComparator doComparison
O MAIS DETALHADO: name X is 25, pos X is 11, name Y is 25, pos Y is 0 comp is 0
Jan 15, 2015 6:21:52 PM org.ccnx.ccn.impl.sync.SliceComparator doComparison
O MAIS DETALHADO: name X is 19, pos X is 5, name Y is 19, pos Y is 8 comp is 0
Jan 15, 2015 6:21:52 PM org.ccnx.ccn.impl.sync.SliceComparator doComparison
O MAIS DETALHADO: name X (expanded) is /ccnx.org/test/SyncTestRepo-15-01-15-18.20.23/ccnSyncTest/slice9/randomFile/=FD054B82F6A1F4/=0019/%85G=FA3EE4BFDD02CAC9127CAD37607682FF57D714852701D90116203489B26E, name Y (expanded) is /ccnx.org/test/SyncTestRepo-15-01-15-18.20.23/ccnSyncTest/slice9/randomFile/=FD054B82F6A1F4/=0019/%85G=FA3EE4BFDD02CAC9127CAD37607682FF57D714852701D90116203489B26E
Jan 15, 2015 6:21:52 PM org.ccnx.ccn.io.content.SyncNodeComposite decodeLogging
O MAIS DETALHADO: min is 25, max is 0, expanded min is /ccnx.org/test/SyncTestRepo-15-01-15-18.20.23/ccnSyncTest/slice9/randomFile/=FD054B82F6A1F4/=0019/%85G=FA3EE4BFDD02CAC9127CAD37607682FF57D714852701D90116203489B26E, expanded max is /ccnx.org/test/SyncTestRepo-15-01-15-18.20.23/ccnSyncTest/slice9/randomFile/=FD054B82F6A1F4/%C1.META.M/.header/=FD054B82F6A277/=00/%E1d=DD9BAB5C9B8BB01ED5ACE2DBD7444D09943A4AAAF2EB897BB30A2244EAE0
Jan 15, 2015 6:21:52 PM org.ccnx.ccn.impl.sync.SliceComparator doComparison
O MAIS DETALHADO: name X (expanded) is /ccnx.org/test/SyncTestRepo-15-01-15-18.20.23/ccnSyncTest/slice9/randomFile/=FD054B82F6A1F4/=0013/=19B2421B2A9F6284542AD17180452A43562D4DFC35A625C608080CFB4E6EA72F, name Y (expanded) is /ccnx.org/test/SyncTestRepo-15-01-15-18.20.23/ccnSyncTest/slice9/randomFile/=FD054B82F6A1F4/=0013/=19B2421B2A9F6284542AD17180452A43562D4DFC35A625C608080CFB4E6EA72F
Jan 15, 2015 6:21:52 PM org.ccnx.ccn.impl.sync.SliceComparator doComparison
O MAIS DETALHADO: Compare LEAF =0D27327F18E53775D3C64E1D3CF8AA4C68228F0D34D9BA10D445B4A4CC934E33E7 to LEAF %09C=0DC98146607AC611CD9DF0FAC672D380873E73332FF4EB13A405EC51A9F576
Jan 15, 2015 6:21:52 PM org.ccnx.ccn.impl.sync.SliceComparator doComparison
O MAIS DETALHADO: Compare LEAF =0D27327F18E53775D3C64E1D3CF8AA4C68228F0D34D9BA10D445B4A4CC934E33E7 to LEAF %09C=0DC98146607AC611CD9DF0FAC672D380873E73332FF4EB13A405EC51A9F576
Jan 15, 2015 6:21:52 PM org.ccnx.ccn.impl.sync.SliceComparator doComparison
O MAIS DETALHADO: Compare LEAF =0D27327F18E53775D3C64E1D3CF8AA4C68228F0D34D9BA10D445B4A4CC934E33E7 to LEAF %08M=A6C37C916DBC7C91E030F4F7ACAAE0915DD2547F0118F2D9CB6C37B5AF0400
Jan 15, 2015 6:21:52 PM org.ccnx.ccn.impl.sync.SliceComparator doComparison
O MAIS DETALHADO: name X is 26, pos X is 12, name Y is 26, pos Y is 1 comp is 0
Jan 15, 2015 6:21:52 PM org.ccnx.ccn.impl.sync.SliceComparator doComparison
O MAIS DETALHADO: name X is 25, pos X is 11, name Y is 25, pos Y is 0 comp is 0
Jan 15, 2015 6:21:52 PM org.ccnx.ccn.impl.sync.SliceComparator doComparison
O MAIS DETALHADO: name X is 20, pos X is 6, name Y is 20, pos Y is 9 comp is 0
Jan 15, 2015 6:21:52 PM org.ccnx.ccn.impl.sync.SliceComparator doComparison
O MAIS DETALHADO: name X (expanded) is /ccnx.org/test/SyncTestRepo-15-01-15-18.20.23/ccnSyncTest/slice9/randomFile/=FD054B82F6A1F4/=001A/=1300517F74293BA851BB197B9283D17C9D2AAA9D4F79DFC172DBE2DCD75A2738, name Y (expanded) is /ccnx.org/test/SyncTestRepo-15-01-15-18.20.23/ccnSyncTest/slice9/randomFile/=FD054B82F6A1F4/=001A/=1300517F74293BA851BB197B9283D17C9D2AAA9D4F79DFC172DBE2DCD75A2738
Jan 15, 2015 6:21:52 PM org.ccnx.ccn.impl.sync.SliceComparator doComparison
O MAIS DETALHADO: name X (expanded) is /ccnx.org/test/SyncTestRepo-15-01-15-18.20.23/ccnSyncTest/slice9/randomFile/=FD054B82F6A1F4/=0019/%85G=FA3EE4BFDD02CAC9127CAD37607682FF57D714852701D90116203489B26E, name Y (expanded) is /ccnx.org/test/SyncTestRepo-15-01-15-18.20.23/ccnSyncTest/slice9/randomFile/=FD054B82F6A1F4/=0019/%85G=FA3EE4BFDD02CAC9127CAD37607682FF57D714852701D90116203489B26E
Jan 15, 2015 6:21:52 PM org.ccnx.ccn.impl.sync.SliceComparator doComparison
O MAIS DETALHADO: name X (expanded) is /ccnx.org/test/SyncTestRepo-15-01-15-18.20.23/ccnSyncTest/slice9/randomFile/=FD054B82F6A1F4/=0014/=AAD2C8AC19AFC291C903EED72B1FE28EBCFE324AFD7307EF114087D1475C0C38, name Y (expanded) is /ccnx.org/test/SyncTestRepo-15-01-15-18.20.23/ccnSyncTest/slice9/randomFile/=FD054B82F6A1F4/=0014/=AAD2C8AC19AFC291C903EED72B1FE28EBCFE324AFD7307EF114087D1475C0C38
Jan 15, 2015 6:21:52 PM org.ccnx.ccn.impl.sync.SliceComparator doComparison
O MAIS DETALHADO: Compare LEAF =0D27327F18E53775D3C64E1D3CF8AA4C68228F0D34D9BA10D445B4A4CC934E33E7 to LEAF %09C=0DC98146607AC611CD9DF0FAC672D380873E73332FF4EB13A405EC51A9F576
Jan 15, 2015 6:21:52 PM org.ccnx.ccn.impl.sync.SliceComparator doComparison
O MAIS DETALHADO: Compare LEAF =0D27327F18E53775D3C64E1D3CF8AA4C68228F0D34D9BA10D445B4A4CC934E33E7 to LEAF %09C=0DC98146607AC611CD9DF0FAC672D380873E73332FF4EB13A405EC51A9F576
Jan 15, 2015 6:21:52 PM org.ccnx.ccn.impl.sync.SliceComparator doComparison
O MAIS DETALHADO: Compare LEAF =0D27327F18E53775D3C64E1D3CF8AA4C68228F0D34D9BA10D445B4A4CC934E33E7 to LEAF %08M=A6C37C916DBC7C91E030F4F7ACAAE0915DD2547F0118F2D9CB6C37B5AF0400
Jan 15, 2015 6:21:52 PM org.ccnx.ccn.impl.sync.SliceComparator doComparison
O MAIS DETALHADO: name X is 27, pos X is 13, name Y is 27, pos Y is 2 comp is 0
Jan 15, 2015 6:21:52 PM org.ccnx.ccn.impl.sync.SliceComparator doComparison
O MAIS DETALHADO: name X is 26, pos X is 12, name Y is 26, pos Y is 1 comp is 0
Jan 15, 2015 6:21:52 PM org.ccnx.ccn.impl.sync.SliceComparator doComparison
O MAIS DETALHADO: name X is 21, pos X is 7, name Y is 21, pos Y is 10 comp is 0
Jan 15, 2015 6:21:52 PM org.ccnx.ccn.impl.sync.SliceComparator doComparison
O MAIS DETALHADO: name X (expanded) is /ccnx.org/test/SyncTestRepo-15-01-15-18.20.23/ccnSyncTest/slice9/randomFile/=FD054B82F6A1F4/=001B/%CBl=BEF63E3E00DAA7738B592777DE0BAEA75DF11E8F11910E8422E30F872E6F, name Y (expanded) is /ccnx.org/test/SyncTestRepo-15-01-15-18.20.23/ccnSyncTest/slice9/randomFile/=FD054B82F6A1F4/=001B/%CBl=BEF63E3E00DAA7738B592777DE0BAEA75DF11E8F11910E8422E30F872E6F
Jan 15, 2015 6:21:52 PM org.ccnx.ccn.impl.sync.SliceComparator doComparison
O MAIS DETALHADO: name X (expanded) is /ccnx.org/test/SyncTestRepo-15-01-15-18.20.23/ccnSyncTest/slice9/randomFile/=FD054B82F6A1F4/=001A/=1300517F74293BA851BB197B9283D17C9D2AAA9D4F79DFC172DBE2DCD75A2738, name Y (expanded) is /ccnx.org/test/SyncTestRepo-15-01-15-18.20.23/ccnSyncTest/slice9/randomFile/=FD054B82F6A1F4/=001A/=1300517F74293BA851BB197B9283D17C9D2AAA9D4F79DFC172DBE2DCD75A2738
Jan 15, 2015 6:21:52 PM org.ccnx.ccn.impl.sync.SliceComparator doComparison
O MAIS DETALHADO: Compare LEAF =0D27327F18E53775D3C64E1D3CF8AA4C68228F0D34D9BA10D445B4A4CC934E33E7 to LEAF %09C=0DC98146607AC611CD9DF0FAC672D380873E73332FF4EB13A405EC51A9F576
Jan 15, 2015 6:21:52 PM org.ccnx.ccn.impl.sync.SliceComparator doComparison
O MAIS DETALHADO: name X (expanded) is /ccnx.org/test/SyncTestRepo-15-01-15-18.20.23/ccnSyncTest/slice9/randomFile/=FD054B82F6A1F4/=0015/%875=02E255272B96A3F2AEA6710BE8773327CDE281F19E56A12C4C843D7ED21A, name Y (expanded) is /ccnx.org/test/SyncTestRepo-15-01-15-18.20.23/ccnSyncTest/slice9/randomFile/=FD054B82F6A1F4/=0015/%875=02E255272B96A3F2AEA6710BE8773327CDE281F19E56A12C4C843D7ED21A
Jan 15, 2015 6:21:52 PM org.ccnx.ccn.impl.sync.SliceComparator doComparison
O MAIS DETALHADO: Compare LEAF =0D27327F18E53775D3C64E1D3CF8AA4C68228F0D34D9BA10D445B4A4CC934E33E7 to LEAF %09C=0DC98146607AC611CD9DF0FAC672D380873E73332FF4EB13A405EC51A9F576
Jan 15, 2015 6:21:52 PM org.ccnx.ccn.impl.sync.SliceComparator doComparison
O MAIS DETALHADO: name X is 28, pos X is 14, name Y is 28, pos Y is 3 comp is 0
Jan 15, 2015 6:21:52 PM org.ccnx.ccn.impl.sync.SliceComparator doComparison
O MAIS DETALHADO: Compare LEAF =0D27327F18E53775D3C64E1D3CF8AA4C68228F0D34D9BA10D445B4A4CC934E33E7 to LEAF %08M=A6C37C916DBC7C91E030F4F7ACAAE0915DD2547F0118F2D9CB6C37B5AF0400
Jan 15, 2015 6:21:52 PM org.ccnx.ccn.impl.sync.SliceComparator doComparison
O MAIS DETALHADO: name X is 27, pos X is 13, name Y is 27, pos Y is 2 comp is 0
Jan 15, 2015 6:21:52 PM org.ccnx.ccn.impl.sync.SliceComparator doComparison
O MAIS DETALHADO: name X (expanded) is /ccnx.org/test/SyncTestRepo-15-01-15-18.20.23/ccnSyncTest/slice9/randomFile/=FD054B82F6A1F4/=001C/=A21E7B113DF11054B00AA5977305755E959FF3482BBD17A7C3549F0E19744A40, name Y (expanded) is /ccnx.org/test/SyncTestRepo-15-01-15-18.20.23/ccnSyncTest/slice9/randomFile/=FD054B82F6A1F4/=001C/=A21E7B113DF11054B00AA5977305755E959FF3482BBD17A7C3549F0E19744A40
Jan 15, 2015 6:21:52 PM org.ccnx.ccn.impl.sync.SliceComparator doComparison
O MAIS DETALHADO: name X is 22, pos X is 8, name Y is 22, pos Y is 11 comp is 0
Jan 15, 2015 6:21:52 PM org.ccnx.ccn.impl.sync.SliceComparator doComparison
O MAIS DETALHADO: name X (expanded) is /ccnx.org/test/SyncTestRepo-15-01-15-18.20.23/ccnSyncTest/slice9/randomFile/=FD054B82F6A1F4/=001B/%CBl=BEF63E3E00DAA7738B592777DE0BAEA75DF11E8F11910E8422E30F872E6F, name Y (expanded) is /ccnx.org/test/SyncTestRepo-15-01-15-18.20.23/ccnSyncTest/slice9/randomFile/=FD054B82F6A1F4/=001B/%CBl=BEF63E3E00DAA7738B592777DE0BAEA75DF11E8F11910E8422E30F872E6F
Jan 15, 2015 6:21:52 PM org.ccnx.ccn.impl.sync.SliceComparator doComparison
O MAIS DETALHADO: Compare LEAF =0D27327F18E53775D3C64E1D3CF8AA4C68228F0D34D9BA10D445B4A4CC934E33E7 to LEAF %09C=0DC98146607AC611CD9DF0FAC672D380873E73332FF4EB13A405EC51A9F576
Jan 15, 2015 6:21:52 PM org.ccnx.ccn.impl.sync.SliceComparator doComparison
O MAIS DETALHADO: name X (expanded) is /ccnx.org/test/SyncTestRepo-15-01-15-18.20.23/ccnSyncTest/slice9/randomFile/=FD054B82F6A1F4/=0016/=9B3BDC97FB23ADE8F3CDA8CF272507DBC2B7DF19E9445ACABCDF6F597363BFC0, name Y (expanded) is /ccnx.org/test/SyncTestRepo-15-01-15-18.20.23/ccnSyncTest/slice9/randomFile/=FD054B82F6A1F4/=0016/=9B3BDC97FB23ADE8F3CDA8CF272507DBC2B7DF19E9445ACABCDF6F597363BFC0
Jan 15, 2015 6:21:52 PM org.ccnx.ccn.impl.sync.SliceComparator doComparison
O MAIS DETALHADO: Compare LEAF =0D27327F18E53775D3C64E1D3CF8AA4C68228F0D34D9BA10D445B4A4CC934E33E7 to LEAF %09C=0DC98146607AC611CD9DF0FAC672D380873E73332FF4EB13A405EC51A9F576
Jan 15, 2015 6:21:52 PM org.ccnx.ccn.impl.sync.SliceComparator doComparison
O MAIS DETALHADO: name X is 29, pos X is 15, name Y is 29, pos Y is 4 comp is 0
Jan 15, 2015 6:21:52 PM org.ccnx.ccn.impl.sync.SliceComparator doComparison
O MAIS DETALHADO: Compare LEAF =0D27327F18E53775D3C64E1D3CF8AA4C68228F0D34D9BA10D445B4A4CC934E33E7 to LEAF %08M=A6C37C916DBC7C91E030F4F7ACAAE0915DD2547F0118F2D9CB6C37B5AF0400
Jan 15, 2015 6:21:52 PM org.ccnx.ccn.impl.sync.SliceComparator doComparison
O MAIS DETALHADO: name X is 28, pos X is 14, name Y is 28, pos Y is 3 comp is 0
Jan 15, 2015 6:21:52 PM org.ccnx.ccn.impl.sync.SliceComparator doComparison
O MAIS DETALHADO: name X (expanded) is /ccnx.org/test/SyncTestRepo-15-01-15-18.20.23/ccnSyncTest/slice9/randomFile/=FD054B82F6A1F4/=001D/=17E5E8D689650C5BC2AB72A534EE971E7B587E717CABE28E227924547E7EF3EB, name Y (expanded) is /ccnx.org/test/SyncTestRepo-15-01-15-18.20.23/ccnSyncTest/slice9/randomFile/=FD054B82F6A1F4/=001D/=17E5E8D689650C5BC2AB72A534EE971E7B587E717CABE28E227924547E7EF3EB
Jan 15, 2015 6:21:52 PM org.ccnx.ccn.impl.sync.SliceComparator doComparison
O MAIS DETALHADO: name X is 23, pos X is 9, name Y is 23, pos Y is 12 comp is 0
Jan 15, 2015 6:21:52 PM org.ccnx.ccn.impl.sync.SliceComparator doComparison
O MAIS DETALHADO: name X (expanded) is /ccnx.org/test/SyncTestRepo-15-01-15-18.20.23/ccnSyncTest/slice9/randomFile/=FD054B82F6A1F4/=001C/=A21E7B113DF11054B00AA5977305755E959FF3482BBD17A7C3549F0E19744A40, name Y (expanded) is /ccnx.org/test/SyncTestRepo-15-01-15-18.20.23/ccnSyncTest/slice9/randomFile/=FD054B82F6A1F4/=001C/=A21E7B113DF11054B00AA5977305755E959FF3482BBD17A7C3549F0E19744A40
Jan 15, 2015 6:21:52 PM org.ccnx.ccn.impl.sync.SliceComparator doComparison
O MAIS DETALHADO: Compare LEAF =0D27327F18E53775D3C64E1D3CF8AA4C68228F0D34D9BA10D445B4A4CC934E33E7 to LEAF %09C=0DC98146607AC611CD9DF0FAC672D380873E73332FF4EB13A405EC51A9F576
Jan 15, 2015 6:21:52 PM org.ccnx.ccn.impl.sync.SliceComparator doComparison
O MAIS DETALHADO: name X (expanded) is /ccnx.org/test/SyncTestRepo-15-01-15-18.20.23/ccnSyncTest/slice9/randomFile/=FD054B82F6A1F4/=0017/=C5F6B0EBAE3437ABFAA111A6B279279CE40740EF72566305EDEFA9E40A8C175C, name Y (expanded) is /ccnx.org/test/SyncTestRepo-15-01-15-18.20.23/ccnSyncTest/slice9/randomFile/=FD054B82F6A1F4/=0017/=C5F6B0EBAE3437ABFAA111A6B279279CE40740EF72566305EDEFA9E40A8C175C
Jan 15, 2015 6:21:52 PM org.ccnx.ccn.impl.sync.SliceComparator doComparison
O MAIS DETALHADO: Compare LEAF =0D27327F18E53775D3C64E1D3CF8AA4C68228F0D34D9BA10D445B4A4CC934E33E7 to LEAF %09C=0DC98146607AC611CD9DF0FAC672D380873E73332FF4EB13A405EC51A9F576
Jan 15, 2015 6:21:52 PM org.ccnx.ccn.impl.sync.SliceComparator doComparison
O MAIS DETALHADO: name X is 30, pos X is 16, name Y is 30, pos Y is 5 comp is 0
Jan 15, 2015 6:21:52 PM org.ccnx.ccn.impl.sync.SliceComparator doComparison
O MAIS DETALHADO: Compare LEAF =0D27327F18E53775D3C64E1D3CF8AA4C68228F0D34D9BA10D445B4A4CC934E33E7 to LEAF %08M=A6C37C916DBC7C91E030F4F7ACAAE0915DD2547F0118F2D9CB6C37B5AF0400
Jan 15, 2015 6:21:52 PM org.ccnx.ccn.impl.sync.SliceComparator doComparison
O MAIS DETALHADO: name X is 29, pos X is 15, name Y is 29, pos Y is 4 comp is 0
Jan 15, 2015 6:21:52 PM org.ccnx.ccn.impl.sync.SliceComparator doComparison
O MAIS DETALHADO: name X (expanded) is /ccnx.org/test/SyncTestRepo-15-01-15-18.20.23/ccnSyncTest/slice9/randomFile/=FD054B82F6A1F4/=001E/=BE165B012DC6D3CE604FCF7AB8822F04DC3A25A3B322E9E9904BCCADFA0DCBB6, name Y (expanded) is /ccnx.org/test/SyncTestRepo-15-01-15-18.20.23/ccnSyncTest/slice9/randomFile/=FD054B82F6A1F4/=001E/=BE165B012DC6D3CE604FCF7AB8822F04DC3A25A3B322E9E9904BCCADFA0DCBB6
Jan 15, 2015 6:21:52 PM org.ccnx.ccn.impl.sync.SliceComparator doComparison
O MAIS DETALHADO: name X is 24, pos X is 10, name Y is 24, pos Y is 13 comp is 0
Jan 15, 2015 6:21:52 PM org.ccnx.ccn.impl.sync.SliceComparator doComparison
O MAIS DETALHADO: Compare LEAF =0D27327F18E53775D3C64E1D3CF8AA4C68228F0D34D9BA10D445B4A4CC934E33E7 to LEAF %09C=0DC98146607AC611CD9DF0FAC672D380873E73332FF4EB13A405EC51A9F576
Jan 15, 2015 6:21:52 PM org.ccnx.ccn.impl.sync.SliceComparator doComparison
O MAIS DETALHADO: name X (expanded) is /ccnx.org/test/SyncTestRepo-15-01-15-18.20.23/ccnSyncTest/slice9/randomFile/=FD054B82F6A1F4/=001D/=17E5E8D689650C5BC2AB72A534EE971E7B587E717CABE28E227924547E7EF3EB, name Y (expanded) is /ccnx.org/test/SyncTestRepo-15-01-15-18.20.23/ccnSyncTest/slice9/randomFile/=FD054B82F6A1F4/=001D/=17E5E8D689650C5BC2AB72A534EE971E7B587E717CABE28E227924547E7EF3EB
Jan 15, 2015 6:21:52 PM org.ccnx.ccn.impl.sync.SliceComparator doComparison
O MAIS DETALHADO: name X (expanded) is /ccnx.org/test/SyncTestRepo-15-01-15-18.20.23/ccnSyncTest/slice9/randomFile/=FD054B82F6A1F4/=0018/=A915A05256C20FA2FDA8AB7D71AB14FDE16EC0FA2C9024AB575E495263D48F25, name Y (expanded) is /ccnx.org/test/SyncTestRepo-15-01-15-18.20.23/ccnSyncTest/slice9/randomFile/=FD054B82F6A1F4/=0018/=A915A05256C20FA2FDA8AB7D71AB14FDE16EC0FA2C9024AB575E495263D48F25
Jan 15, 2015 6:21:52 PM org.ccnx.ccn.impl.sync.SliceComparator doComparison
O MAIS DETALHADO: name X is 31, pos X is 17, name Y is 31, pos Y is 6 comp is 0
Jan 15, 2015 6:21:52 PM org.ccnx.ccn.impl.sync.SliceComparator doComparison
O MAIS DETALHADO: Compare LEAF =0D27327F18E53775D3C64E1D3CF8AA4C68228F0D34D9BA10D445B4A4CC934E33E7 to LEAF %09C=0DC98146607AC611CD9DF0FAC672D380873E73332FF4EB13A405EC51A9F576
Jan 15, 2015 6:21:52 PM org.ccnx.ccn.impl.sync.SliceComparator doComparison
O MAIS DETALHADO: name X (expanded) is /ccnx.org/test/SyncTestRepo-15-01-15-18.20.23/ccnSyncTest/slice9/randomFile/=FD054B82F6A1F4/=001F/%DFc%C9QFB=29F45AA4AA6DCD757636BB94AEE749C2ABC6CFAB90200D98D2FE, name Y (expanded) is /ccnx.org/test/SyncTestRepo-15-01-15-18.20.23/ccnSyncTest/slice9/randomFile/=FD054B82F6A1F4/=001F/%DFc%C9QFB=29F45AA4AA6DCD757636BB94AEE749C2ABC6CFAB90200D98D2FE
Jan 15, 2015 6:21:52 PM org.ccnx.ccn.impl.sync.SliceComparator doComparison
O MAIS DETALHADO: Compare LEAF =0D27327F18E53775D3C64E1D3CF8AA4C68228F0D34D9BA10D445B4A4CC934E33E7 to NODE =28DED466A17AD8984F1C6B9A7470FB8F54402433FCBE38860A5FABEAA52D597D75
Jan 15, 2015 6:21:52 PM org.ccnx.ccn.impl.sync.SliceComparator doComparison
O MAIS DETALHADO: name X is 30, pos X is 16, name Y is 30, pos Y is 5 comp is 0
Jan 15, 2015 6:21:52 PM org.ccnx.ccn.impl.sync.SliceComparator doComparison
O MAIS DETALHADO: Compare LEAF =0D27327F18E53775D3C64E1D3CF8AA4C68228F0D34D9BA10D445B4A4CC934E33E7 to LEAF %09C=0DC98146607AC611CD9DF0FAC672D380873E73332FF4EB13A405EC51A9F576
Jan 15, 2015 6:21:52 PM org.ccnx.ccn.impl.sync.SliceComparator doComparison
O MAIS DETALHADO: minname is 0, maxname is 0, X name is 25, pos X is 11, pos Y is 4
Jan 15, 2015 6:21:52 PM org.ccnx.ccn.impl.sync.SliceComparator doComparison
O MAIS DETALHADO: name X is 32, pos X is 18, name Y is 32, pos Y is 7 comp is 0
Jan 15, 2015 6:21:52 PM org.ccnx.ccn.impl.sync.SliceComparator doComparison
O MAIS DETALHADO: name X (expanded) is /ccnx.org/test/SyncTestRepo-15-01-15-18.20.23/ccnSyncTest/slice9/randomFile/=FD054B82F6A1F4/=001E/=BE165B012DC6D3CE604FCF7AB8822F04DC3A25A3B322E9E9904BCCADFA0DCBB6, name Y (expanded) is /ccnx.org/test/SyncTestRepo-15-01-15-18.20.23/ccnSyncTest/slice9/randomFile/=FD054B82F6A1F4/=001E/=BE165B012DC6D3CE604FCF7AB8822F04DC3A25A3B322E9E9904BCCADFA0DCBB6
Jan 15, 2015 6:21:52 PM org.ccnx.ccn.impl.sync.SliceComparator doComparison
O MAIS DETALHADO: minname (expanded) is /ccnx.org/test/SyncTestRepo-15-01-15-18.20.23/ccnSyncTest/slice9/round2/randomFile/=FD054B82F70368/=00/=B97F65C641ECD73502119EB69D2576BAC16B3BF85AD4553028EB611D8E11F489, maxname (expanded) is /ccnx.org/test/SyncTestRepo-15-01-15-18.20.23/ccnSyncTest/slice9/randomFile/=FD054B82F6A1F4/%C1.META.M/.header/=FD054B82F6A277/=00/%E1d=DD9BAB5C9B8BB01ED5ACE2DBD7444D09943A4AAAF2EB897BB30A2244EAE0
Jan 15, 2015 6:21:52 PM org.ccnx.ccn.impl.sync.SliceComparator doComparison
O MAIS DETALHADO: name X (expanded) is /ccnx.org/test/SyncTestRepo-15-01-15-18.20.23/ccnSyncTest/slice9/randomFile/=FD054B82F6A1F4/=0020/%AC76=9409E1519A5D8D18ABA27DE8999BD8D1FC269DACE680A3B5862E2F1D86, name Y (expanded) is /ccnx.org/test/SyncTestRepo-15-01-15-18.20.23/ccnSyncTest/slice9/randomFile/=FD054B82F6A1F4/=0020/%AC76=9409E1519A5D8D18ABA27DE8999BD8D1FC269DACE680A3B5862E2F1D86
Jan 15, 2015 6:21:52 PM org.ccnx.ccn.impl.sync.SliceComparator doComparison
O MAIS DETALHADO: Compare LEAF =0D27327F18E53775D3C64E1D3CF8AA4C68228F0D34D9BA10D445B4A4CC934E33E7 to LEAF %09C=0DC98146607AC611CD9DF0FAC672D380873E73332FF4EB13A405EC51A9F576
Jan 15, 2015 6:21:52 PM org.ccnx.ccn.impl.sync.SliceComparator doComparison
O MAIS DETALHADO: sneX (expanded) is /ccnx.org/test/SyncTestRepo-15-01-15-18.20.23/ccnSyncTest/slice9/randomFile/=FD054B82F6A1F4/=0019/%85G=FA3EE4BFDD02CAC9127CAD37607682FF57D714852701D90116203489B26E, comp is 1
Jan 15, 2015 6:21:52 PM org.ccnx.ccn.impl.sync.SliceComparator doComparison
O MAIS DETALHADO: Compare LEAF =0D27327F18E53775D3C64E1D3CF8AA4C68228F0D34D9BA10D445B4A4CC934E33E7 to LEAF %09C=0DC98146607AC611CD9DF0FAC672D380873E73332FF4EB13A405EC51A9F576
Jan 15, 2015 6:21:52 PM org.ccnx.ccn.impl.sync.SliceComparator doComparison
O MAIS DETALHADO: name X is 31, pos X is 17, name Y is 31, pos Y is 6 comp is 0
Jan 15, 2015 6:21:52 PM org.ccnx.ccn.impl.sync.SliceComparator doComparison
O MAIS DETALHADO: name X is 33, pos X is 19, name Y is 33, pos Y is 8 comp is 0
Jan 15, 2015 6:21:52 PM org.ccnx.ccn.impl.sync.SliceComparator doComparison
O MAIS DETALHADO: Compare LEAF =0D27327F18E53775D3C64E1D3CF8AA4C68228F0D34D9BA10D445B4A4CC934E33E7 to LEAF %09C=0DC98146607AC611CD9DF0FAC672D380873E73332FF4EB13A405EC51A9F576
Jan 15, 2015 6:21:52 PM org.ccnx.ccn.impl.sync.SliceComparator doComparison
O MAIS DETALHADO: name X (expanded) is /ccnx.org/test/SyncTestRepo-15-01-15-18.20.23/ccnSyncTest/slice9/randomFile/=FD054B82F6A1F4/=001F/%DFc%C9QFB=29F45AA4AA6DCD757636BB94AEE749C2ABC6CFAB90200D98D2FE, name Y (expanded) is /ccnx.org/test/SyncTestRepo-15-01-15-18.20.23/ccnSyncTest/slice9/randomFile/=FD054B82F6A1F4/=001F/%DFc%C9QFB=29F45AA4AA6DCD757636BB94AEE749C2ABC6CFAB90200D98D2FE
Jan 15, 2015 6:21:52 PM org.ccnx.ccn.impl.sync.SliceComparator doComparison
O MAIS DETALHADO: name X (expanded) is /ccnx.org/test/SyncTestRepo-15-01-15-18.20.23/ccnSyncTest/slice9/randomFile/=FD054B82F6A1F4/=0021/=EA22757000608D78972E3FAEB39A9B9F0EAB18CEC73F8B8019DB0E7A48388463, name Y (expanded) is /ccnx.org/test/SyncTestRepo-15-01-15-18.20.23/ccnSyncTest/slice9/randomFile/=FD054B82F6A1F4/=0021/=EA22757000608D78972E3FAEB39A9B9F0EAB18CEC73F8B8019DB0E7A48388463
Jan 15, 2015 6:21:52 PM org.ccnx.ccn.impl.sync.SliceComparator doComparison
O MAIS DETALHADO: name X is 25, pos X is 11, name Y is 25, pos Y is 0 comp is 0
Jan 15, 2015 6:21:52 PM org.ccnx.ccn.impl.sync.SliceComparator doComparison
O MAIS DETALHADO: Compare LEAF =0D27327F18E53775D3C64E1D3CF8AA4C68228F0D34D9BA10D445B4A4CC934E33E7 to LEAF %09C=0DC98146607AC611CD9DF0FAC672D380873E73332FF4EB13A405EC51A9F576
Jan 15, 2015 6:21:52 PM org.ccnx.ccn.impl.sync.SliceComparator doComparison
O MAIS DETALHADO: Compare LEAF =0D27327F18E53775D3C64E1D3CF8AA4C68228F0D34D9BA10D445B4A4CC934E33E7 to LEAF %09C=0DC98146607AC611CD9DF0FAC672D380873E73332FF4EB13A405EC51A9F576
Jan 15, 2015 6:21:52 PM org.ccnx.ccn.impl.sync.SliceComparator doComparison
O MAIS DETALHADO: name X (expanded) is /ccnx.org/test/SyncTestRepo-15-01-15-18.20.23/ccnSyncTest/slice9/randomFile/=FD054B82F6A1F4/=0019/%85G=FA3EE4BFDD02CAC9127CAD37607682FF57D714852701D90116203489B26E, name Y (expanded) is /ccnx.org/test/SyncTestRepo-15-01-15-18.20.23/ccnSyncTest/slice9/randomFile/=FD054B82F6A1F4/=0019/%85G=FA3EE4BFDD02CAC9127CAD37607682FF57D714852701D90116203489B26E
Jan 15, 2015 6:21:52 PM org.ccnx.ccn.impl.sync.SliceComparator doComparison
O MAIS DETALHADO: name X is 32, pos X is 18, name Y is 32, pos Y is 7 comp is 0
Jan 15, 2015 6:21:52 PM org.ccnx.ccn.impl.sync.SliceComparator doComparison
O MAIS DETALHADO: name X is 34, pos X is 20, name Y is 34, pos Y is 9 comp is 0
Jan 15, 2015 6:21:52 PM org.ccnx.ccn.impl.sync.SliceComparator doComparison
O MAIS DETALHADO: Compare LEAF =0D27327F18E53775D3C64E1D3CF8AA4C68228F0D34D9BA10D445B4A4CC934E33E7 to LEAF %09C=0DC98146607AC611CD9DF0FAC672D380873E73332FF4EB13A405EC51A9F576
Jan 15, 2015 6:21:52 PM org.ccnx.ccn.impl.sync.SliceComparator doComparison
O MAIS DETALHADO: name X (expanded) is /ccnx.org/test/SyncTestRepo-15-01-15-18.20.23/ccnSyncTest/slice9/randomFile/=FD054B82F6A1F4/=0020/%AC76=9409E1519A5D8D18ABA27DE8999BD8D1FC269DACE680A3B5862E2F1D86, name Y (expanded) is /ccnx.org/test/SyncTestRepo-15-01-15-18.20.23/ccnSyncTest/slice9/randomFile/=FD054B82F6A1F4/=0020/%AC76=9409E1519A5D8D18ABA27DE8999BD8D1FC269DACE680A3B5862E2F1D86
Jan 15, 2015 6:21:52 PM org.ccnx.ccn.impl.sync.SliceComparator doComparison
O MAIS DETALHADO: name X (expanded) is /ccnx.org/test/SyncTestRepo-15-01-15-18.20.23/ccnSyncTest/slice9/randomFile/=FD054B82F6A1F4/=0022/-%9Dj=3F2A8684A3CA6DF18CB9580B3DEBD634984CE85FD03A62C2BB9A0364C4, name Y (expanded) is /ccnx.org/test/SyncTestRepo-15-01-15-18.20.23/ccnSyncTest/slice9/randomFile/=FD054B82F6A1F4/=0022/-%9Dj=3F2A8684A3CA6DF18CB9580B3DEBD634984CE85FD03A62C2BB9A0364C4
Jan 15, 2015 6:21:52 PM org.ccnx.ccn.impl.sync.SliceComparator doComparison
O MAIS DETALHADO: name X is 26, pos X is 12, name Y is 26, pos Y is 1 comp is 0
Jan 15, 2015 6:21:52 PM org.ccnx.ccn.impl.sync.SliceComparator doComparison
O MAIS DETALHADO: Compare LEAF =0D27327F18E53775D3C64E1D3CF8AA4C68228F0D34D9BA10D445B4A4CC934E33E7 to LEAF %09C=0DC98146607AC611CD9DF0FAC672D380873E73332FF4EB13A405EC51A9F576
Jan 15, 2015 6:21:52 PM org.ccnx.ccn.impl.sync.SliceComparator doComparison
O MAIS DETALHADO: Compare LEAF =0D27327F18E53775D3C64E1D3CF8AA4C68228F0D34D9BA10D445B4A4CC934E33E7 to LEAF %09C=0DC98146607AC611CD9DF0FAC672D380873E73332FF4EB13A405EC51A9F576
Jan 15, 2015 6:21:52 PM org.ccnx.ccn.impl.sync.SliceComparator doComparison
O MAIS DETALHADO: name X (expanded) is /ccnx.org/test/SyncTestRepo-15-01-15-18.20.23/ccnSyncTest/slice9/randomFile/=FD054B82F6A1F4/=001A/=1300517F74293BA851BB197B9283D17C9D2AAA9D4F79DFC172DBE2DCD75A2738, name Y (expanded) is /ccnx.org/test/SyncTestRepo-15-01-15-18.20.23/ccnSyncTest/slice9/randomFile/=FD054B82F6A1F4/=001A/=1300517F74293BA851BB197B9283D17C9D2AAA9D4F79DFC172DBE2DCD75A2738
Jan 15, 2015 6:21:52 PM org.ccnx.ccn.impl.sync.SliceComparator doComparison
O MAIS DETALHADO: name X is 33, pos X is 19, name Y is 33, pos Y is 8 comp is 0
Jan 15, 2015 6:21:52 PM org.ccnx.ccn.impl.sync.SliceComparator doComparison
O MAIS DETALHADO: name X is 35, pos X is 21, name Y is 35, pos Y is 10 comp is 0
Jan 15, 2015 6:21:52 PM org.ccnx.ccn.impl.sync.SliceComparator doComparison
O MAIS DETALHADO: Compare LEAF =0D27327F18E53775D3C64E1D3CF8AA4C68228F0D34D9BA10D445B4A4CC934E33E7 to LEAF %09C=0DC98146607AC611CD9DF0FAC672D380873E73332FF4EB13A405EC51A9F576
Jan 15, 2015 6:21:52 PM org.ccnx.ccn.impl.sync.SliceComparator doComparison
O MAIS DETALHADO: name X (expanded) is /ccnx.org/test/SyncTestRepo-15-01-15-18.20.23/ccnSyncTest/slice9/randomFile/=FD054B82F6A1F4/=0021/=EA22757000608D78972E3FAEB39A9B9F0EAB18CEC73F8B8019DB0E7A48388463, name Y (expanded) is /ccnx.org/test/SyncTestRepo-15-01-15-18.20.23/ccnSyncTest/slice9/randomFile/=FD054B82F6A1F4/=0021/=EA22757000608D78972E3FAEB39A9B9F0EAB18CEC73F8B8019DB0E7A48388463
Jan 15, 2015 6:21:52 PM org.ccnx.ccn.impl.sync.SliceComparator doComparison
O MAIS DETALHADO: name X (expanded) is /ccnx.org/test/SyncTestRepo-15-01-15-18.20.23/ccnSyncTest/slice9/randomFile/=FD054B82F6A1F4/=0023/=D0EE22EA829EA5AB07284B3EE47CC3D6BF2C60AAAD15EC358846D612FA854B9F, name Y (expanded) is /ccnx.org/test/SyncTestRepo-15-01-15-18.20.23/ccnSyncTest/slice9/randomFile/=FD054B82F6A1F4/=0023/=D0EE22EA829EA5AB07284B3EE47CC3D6BF2C60AAAD15EC358846D612FA854B9F
Jan 15, 2015 6:21:52 PM org.ccnx.ccn.impl.sync.SliceComparator doComparison
O MAIS DETALHADO: name X is 27, pos X is 13, name Y is 27, pos Y is 2 comp is 0
Jan 15, 2015 6:21:52 PM org.ccnx.ccn.impl.sync.SliceComparator doComparison
O MAIS DETALHADO: Compare LEAF =0D27327F18E53775D3C64E1D3CF8AA4C68228F0D34D9BA10D445B4A4CC934E33E7 to LEAF %09C=0DC98146607AC611CD9DF0FAC672D380873E73332FF4EB13A405EC51A9F576
Jan 15, 2015 6:21:52 PM org.ccnx.ccn.impl.sync.SliceComparator doComparison
O MAIS DETALHADO: Compare LEAF =0D27327F18E53775D3C64E1D3CF8AA4C68228F0D34D9BA10D445B4A4CC934E33E7 to LEAF %09C=0DC98146607AC611CD9DF0FAC672D380873E73332FF4EB13A405EC51A9F576
Jan 15, 2015 6:21:52 PM org.ccnx.ccn.impl.sync.SliceComparator doComparison
O MAIS DETALHADO: name X (expanded) is /ccnx.org/test/SyncTestRepo-15-01-15-18.20.23/ccnSyncTest/slice9/randomFile/=FD054B82F6A1F4/=001B/%CBl=BEF63E3E00DAA7738B592777DE0BAEA75DF11E8F11910E8422E30F872E6F, name Y (expanded) is /ccnx.org/test/SyncTestRepo-15-01-15-18.20.23/ccnSyncTest/slice9/randomFile/=FD054B82F6A1F4/=001B/%CBl=BEF63E3E00DAA7738B592777DE0BAEA75DF11E8F11910E8422E30F872E6F
Jan 15, 2015 6:21:52 PM org.ccnx.ccn.impl.sync.SliceComparator doComparison
O MAIS DETALHADO: name X is 34, pos X is 20, name Y is 34, pos Y is 9 comp is 0
Jan 15, 2015 6:21:52 PM org.ccnx.ccn.impl.sync.SliceComparator doComparison
O MAIS DETALHADO: name X is 36, pos X is 22, name Y is 36, pos Y is 11 comp is 0
Jan 15, 2015 6:21:52 PM org.ccnx.ccn.impl.sync.SliceComparator doComparison
O MAIS DETALHADO: Compare LEAF =0D27327F18E53775D3C64E1D3CF8AA4C68228F0D34D9BA10D445B4A4CC934E33E7 to LEAF %09C=0DC98146607AC611CD9DF0FAC672D380873E73332FF4EB13A405EC51A9F576
Jan 15, 2015 6:21:52 PM org.ccnx.ccn.impl.sync.SliceComparator doComparison
O MAIS DETALHADO: name X (expanded) is /ccnx.org/test/SyncTestRepo-15-01-15-18.20.23/ccnSyncTest/slice9/randomFile/=FD054B82F6A1F4/=0022/-%9Dj=3F2A8684A3CA6DF18CB9580B3DEBD634984CE85FD03A62C2BB9A0364C4, name Y (expanded) is /ccnx.org/test/SyncTestRepo-15-01-15-18.20.23/ccnSyncTest/slice9/randomFile/=FD054B82F6A1F4/=0022/-%9Dj=3F2A8684A3CA6DF18CB9580B3DEBD634984CE85FD03A62C2BB9A0364C4
Jan 15, 2015 6:21:52 PM org.ccnx.ccn.impl.sync.SliceComparator doComparison
O MAIS DETALHADO: name X (expanded) is /ccnx.org/test/SyncTestRepo-15-01-15-18.20.23/ccnSyncTest/slice9/randomFile/=FD054B82F6A1F4/=0024/=1DB5984B323CB74212FE44C64010A397AA93A52855104843F835C1AB0AC73122, name Y (expanded) is /ccnx.org/test/SyncTestRepo-15-01-15-18.20.23/ccnSyncTest/slice9/randomFile/=FD054B82F6A1F4/=0024/=1DB5984B323CB74212FE44C64010A397AA93A52855104843F835C1AB0AC73122
Jan 15, 2015 6:21:52 PM org.ccnx.ccn.impl.sync.SliceComparator doComparison
O MAIS DETALHADO: name X is 28, pos X is 14, name Y is 28, pos Y is 3 comp is 0
Jan 15, 2015 6:21:52 PM org.ccnx.ccn.impl.sync.SliceComparator doComparison
O MAIS DETALHADO: Compare LEAF =0D27327F18E53775D3C64E1D3CF8AA4C68228F0D34D9BA10D445B4A4CC934E33E7 to LEAF %09C=0DC98146607AC611CD9DF0FAC672D380873E73332FF4EB13A405EC51A9F576
Jan 15, 2015 6:21:52 PM org.ccnx.ccn.impl.sync.SliceComparator doComparison
O MAIS DETALHADO: Compare NODE %15ma%2B7=7FD272F1BDE647E0F878992BBBB90475671DEC0503A3551F752A2F06 to LEAF %09C=0DC98146607AC611CD9DF0FAC672D380873E73332FF4EB13A405EC51A9F576, resMin is 1, resMax is -1
Jan 15, 2015 6:21:52 PM org.ccnx.ccn.impl.sync.SliceComparator doComparison
O MAIS DETALHADO: name X (expanded) is /ccnx.org/test/SyncTestRepo-15-01-15-18.20.23/ccnSyncTest/slice9/randomFile/=FD054B82F6A1F4/=001C/=A21E7B113DF11054B00AA5977305755E959FF3482BBD17A7C3549F0E19744A40, name Y (expanded) is /ccnx.org/test/SyncTestRepo-15-01-15-18.20.23/ccnSyncTest/slice9/randomFile/=FD054B82F6A1F4/=001C/=A21E7B113DF11054B00AA5977305755E959FF3482BBD17A7C3549F0E19744A40
Jan 15, 2015 6:21:52 PM org.ccnx.ccn.impl.sync.SliceComparator doComparison
O MAIS DETALHADO: minname is 0, maxname is 0, pos X is 2, pos Y is 12
Jan 15, 2015 6:21:52 PM org.ccnx.ccn.impl.sync.SliceComparator doComparison
O MAIS DETALHADO: name X is 35, pos X is 21, name Y is 35, pos Y is 10 comp is 0
Jan 15, 2015 6:21:52 PM org.ccnx.ccn.impl.sync.SliceComparator doComparison
O MAIS DETALHADO: Compare LEAF =0D27327F18E53775D3C64E1D3CF8AA4C68228F0D34D9BA10D445B4A4CC934E33E7 to LEAF %09C=0DC98146607AC611CD9DF0FAC672D380873E73332FF4EB13A405EC51A9F576
Jan 15, 2015 6:21:52 PM org.ccnx.ccn.impl.sync.SliceComparator doComparison
O MAIS DETALHADO: Compare LEAF =02D53F65198A36862946DB7A8E31A9BA3708D47292CE6780001E1FAB6180ED8D14 to LEAF %09C=0DC98146607AC611CD9DF0FAC672D380873E73332FF4EB13A405EC51A9F576
Jan 15, 2015 6:21:52 PM org.ccnx.ccn.impl.sync.SliceComparator doComparison
O MAIS DETALHADO: name X (expanded) is /ccnx.org/test/SyncTestRepo-15-01-15-18.20.23/ccnSyncTest/slice9/randomFile/=FD054B82F6A1F4/=0023/=D0EE22EA829EA5AB07284B3EE47CC3D6BF2C60AAAD15EC358846D612FA854B9F, name Y (expanded) is /ccnx.org/test/SyncTestRepo-15-01-15-18.20.23/ccnSyncTest/slice9/randomFile/=FD054B82F6A1F4/=0023/=D0EE22EA829EA5AB07284B3EE47CC3D6BF2C60AAAD15EC358846D612FA854B9F
Jan 15, 2015 6:21:52 PM org.ccnx.ccn.impl.sync.SliceComparator doComparison
O MAIS DETALHADO: name X is 29, pos X is 15, name Y is 29, pos Y is 4 comp is 0
Jan 15, 2015 6:21:52 PM org.ccnx.ccn.impl.sync.SliceComparator doComparison
O MAIS DETALHADO: name X is 37, pos X is 0, name Y is 37, pos Y is 12 comp is 0
Jan 15, 2015 6:21:52 PM org.ccnx.ccn.impl.sync.SliceComparator doComparison
O MAIS DETALHADO: Compare LEAF =0D27327F18E53775D3C64E1D3CF8AA4C68228F0D34D9BA10D445B4A4CC934E33E7 to LEAF %09C=0DC98146607AC611CD9DF0FAC672D380873E73332FF4EB13A405EC51A9F576
Jan 15, 2015 6:21:52 PM org.ccnx.ccn.impl.sync.SliceComparator doComparison
O MAIS DETALHADO: name X (expanded) is /ccnx.org/test/SyncTestRepo-15-01-15-18.20.23/ccnSyncTest/slice9/randomFile/=FD054B82F6A1F4/=001D/=17E5E8D689650C5BC2AB72A534EE971E7B587E717CABE28E227924547E7EF3EB, name Y (expanded) is /ccnx.org/test/SyncTestRepo-15-01-15-18.20.23/ccnSyncTest/slice9/randomFile/=FD054B82F6A1F4/=001D/=17E5E8D689650C5BC2AB72A534EE971E7B587E717CABE28E227924547E7EF3EB
Jan 15, 2015 6:21:52 PM org.ccnx.ccn.impl.sync.SliceComparator doComparison
O MAIS DETALHADO: name X is 36, pos X is 22, name Y is 36, pos Y is 11 comp is 0
Jan 15, 2015 6:21:52 PM org.ccnx.ccn.impl.sync.SliceComparator doComparison
O MAIS DETALHADO: name X (expanded) is /ccnx.org/test/SyncTestRepo-15-01-15-18.20.23/ccnSyncTest/slice9/randomFile/=FD054B82F6A1F4/=0025/=7F0E6F886D4B459E63FCD3E32DA3E47D58293CE502D36EA4BDE1E38BE9493014, name Y (expanded) is /ccnx.org/test/SyncTestRepo-15-01-15-18.20.23/ccnSyncTest/slice9/randomFile/=FD054B82F6A1F4/=0025/=7F0E6F886D4B459E63FCD3E32DA3E47D58293CE502D36EA4BDE1E38BE9493014
Jan 15, 2015 6:21:52 PM org.ccnx.ccn.impl.sync.SliceComparator doComparison
O MAIS DETALHADO: Compare LEAF =0D27327F18E53775D3C64E1D3CF8AA4C68228F0D34D9BA10D445B4A4CC934E33E7 to LEAF %09C=0DC98146607AC611CD9DF0FAC672D380873E73332FF4EB13A405EC51A9F576
Jan 15, 2015 6:21:52 PM org.ccnx.ccn.impl.sync.SliceComparator doComparison
O MAIS DETALHADO: name X (expanded) is /ccnx.org/test/SyncTestRepo-15-01-15-18.20.23/ccnSyncTest/slice9/randomFile/=FD054B82F6A1F4/=0024/=1DB5984B323CB74212FE44C64010A397AA93A52855104843F835C1AB0AC73122, name Y (expanded) is /ccnx.org/test/SyncTestRepo-15-01-15-18.20.23/ccnSyncTest/slice9/randomFile/=FD054B82F6A1F4/=0024/=1DB5984B323CB74212FE44C64010A397AA93A52855104843F835C1AB0AC73122
Jan 15, 2015 6:21:52 PM org.ccnx.ccn.impl.sync.SliceComparator doComparison
O MAIS DETALHADO: Compare LEAF =02D53F65198A36862946DB7A8E31A9BA3708D47292CE6780001E1FAB6180ED8D14 to LEAF %09C=0DC98146607AC611CD9DF0FAC672D380873E73332FF4EB13A405EC51A9F576
Jan 15, 2015 6:21:52 PM org.ccnx.ccn.impl.sync.SliceComparator doComparison
O MAIS DETALHADO: name X is 30, pos X is 16, name Y is 30, pos Y is 5 comp is 0
Jan 15, 2015 6:21:52 PM org.ccnx.ccn.impl.sync.SliceComparator doComparison
O MAIS DETALHADO: name X is 38, pos X is 1, name Y is 38, pos Y is 13 comp is 0
Jan 15, 2015 6:21:52 PM org.ccnx.ccn.impl.sync.SliceComparator doComparison
O MAIS DETALHADO: Compare NODE %15ma%2B7=7FD272F1BDE647E0F878992BBBB90475671DEC0503A3551F752A2F06 to LEAF %09C=0DC98146607AC611CD9DF0FAC672D380873E73332FF4EB13A405EC51A9F576, resMin is 1, resMax is -1
Jan 15, 2015 6:21:52 PM org.ccnx.ccn.impl.sync.SliceComparator doComparison
O MAIS DETALHADO: name X (expanded) is /ccnx.org/test/SyncTestRepo-15-01-15-18.20.23/ccnSyncTest/slice9/randomFile/=FD054B82F6A1F4/=001E/=BE165B012DC6D3CE604FCF7AB8822F04DC3A25A3B322E9E9904BCCADFA0DCBB6, name Y (expanded) is /ccnx.org/test/SyncTestRepo-15-01-15-18.20.23/ccnSyncTest/slice9/randomFile/=FD054B82F6A1F4/=001E/=BE165B012DC6D3CE604FCF7AB8822F04DC3A25A3B322E9E9904BCCADFA0DCBB6
Jan 15, 2015 6:21:52 PM org.ccnx.ccn.impl.sync.SliceComparator doComparison
O MAIS DETALHADO: name X (expanded) is /ccnx.org/test/SyncTestRepo-15-01-15-18.20.23/ccnSyncTest/slice9/randomFile/=FD054B82F6A1F4/=0026/=F882C84FB7FDD730920AD85F9135ECED68D31C5DA84A66374A340725773223EF, name Y (expanded) is /ccnx.org/test/SyncTestRepo-15-01-15-18.20.23/ccnSyncTest/slice9/randomFile/=FD054B82F6A1F4/=0026/=F882C84FB7FDD730920AD85F9135ECED68D31C5DA84A66374A340725773223EF
Jan 15, 2015 6:21:52 PM org.ccnx.ccn.impl.sync.SliceComparator doComparison
O MAIS DETALHADO: minname is 0, maxname is 0, pos X is 2, pos Y is 12
Jan 15, 2015 6:21:52 PM org.ccnx.ccn.impl.sync.SliceComparator doComparison
O MAIS DETALHADO: Compare LEAF =02D53F65198A36862946DB7A8E31A9BA3708D47292CE6780001E1FAB6180ED8D14 to LEAF %09C=0DC98146607AC611CD9DF0FAC672D380873E73332FF4EB13A405EC51A9F576
Jan 15, 2015 6:21:52 PM org.ccnx.ccn.impl.sync.SliceComparator doComparison
O MAIS DETALHADO: Compare LEAF =0D27327F18E53775D3C64E1D3CF8AA4C68228F0D34D9BA10D445B4A4CC934E33E7 to LEAF %09C=0DC98146607AC611CD9DF0FAC672D380873E73332FF4EB13A405EC51A9F576
Jan 15, 2015 6:21:52 PM org.ccnx.ccn.impl.sync.SliceComparator doComparison
O MAIS DETALHADO: Compare LEAF =02D53F65198A36862946DB7A8E31A9BA3708D47292CE6780001E1FAB6180ED8D14 to LEAF %09C=0DC98146607AC611CD9DF0FAC672D380873E73332FF4EB13A405EC51A9F576
Jan 15, 2015 6:21:52 PM org.ccnx.ccn.impl.sync.SliceComparator doComparison
O MAIS DETALHADO: name X is 39, pos X is 2, name Y is 39, pos Y is 14 comp is 0
Jan 15, 2015 6:21:52 PM org.ccnx.ccn.impl.sync.SliceComparator doComparison
O MAIS DETALHADO: name X is 31, pos X is 17, name Y is 31, pos Y is 6 comp is 0
Jan 15, 2015 6:21:52 PM org.ccnx.ccn.impl.sync.SliceComparator doComparison
O MAIS DETALHADO: name X is 37, pos X is 0, name Y is 37, pos Y is 12 comp is 0
Jan 15, 2015 6:21:52 PM org.ccnx.ccn.impl.sync.SliceComparator doComparison
O MAIS DETALHADO: name X (expanded) is /ccnx.org/test/SyncTestRepo-15-01-15-18.20.23/ccnSyncTest/slice9/randomFile/=FD054B82F6A1F4/=0027/%7CIO=A5B990CDCEA0B4F89E8FF41187FACE8515D89EB8388C8E0DA5FE2D4E31, name Y (expanded) is /ccnx.org/test/SyncTestRepo-15-01-15-18.20.23/ccnSyncTest/slice9/randomFile/=FD054B82F6A1F4/=0027/%7CIO=A5B990CDCEA0B4F89E8FF41187FACE8515D89EB8388C8E0DA5FE2D4E31
Jan 15, 2015 6:21:52 PM org.ccnx.ccn.impl.sync.SliceComparator doComparison
O MAIS DETALHADO: name X (expanded) is /ccnx.org/test/SyncTestRepo-15-01-15-18.20.23/ccnSyncTest/slice9/randomFile/=FD054B82F6A1F4/=001F/%DFc%C9QFB=29F45AA4AA6DCD757636BB94AEE749C2ABC6CFAB90200D98D2FE, name Y (expanded) is /ccnx.org/test/SyncTestRepo-15-01-15-18.20.23/ccnSyncTest/slice9/randomFile/=FD054B82F6A1F4/=001F/%DFc%C9QFB=29F45AA4AA6DCD757636BB94AEE749C2ABC6CFAB90200D98D2FE
Jan 15, 2015 6:21:52 PM org.ccnx.ccn.impl.sync.SliceComparator doComparison
O MAIS DETALHADO: name X (expanded) is /ccnx.org/test/SyncTestRepo-15-01-15-18.20.23/ccnSyncTest/slice9/randomFile/=FD054B82F6A1F4/=0025/=7F0E6F886D4B459E63FCD3E32DA3E47D58293CE502D36EA4BDE1E38BE9493014, name Y (expanded) is /ccnx.org/test/SyncTestRepo-15-01-15-18.20.23/ccnSyncTest/slice9/randomFile/=FD054B82F6A1F4/=0025/=7F0E6F886D4B459E63FCD3E32DA3E47D58293CE502D36EA4BDE1E38BE9493014
Jan 15, 2015 6:21:52 PM org.ccnx.ccn.impl.sync.SliceComparator doComparison
O MAIS DETALHADO: Compare LEAF =02D53F65198A36862946DB7A8E31A9BA3708D47292CE6780001E1FAB6180ED8D14 to LEAF %09C=0DC98146607AC611CD9DF0FAC672D380873E73332FF4EB13A405EC51A9F576
Jan 15, 2015 6:21:52 PM org.ccnx.ccn.impl.sync.SliceComparator doComparison
O MAIS DETALHADO: Compare LEAF =0D27327F18E53775D3C64E1D3CF8AA4C68228F0D34D9BA10D445B4A4CC934E33E7 to LEAF %09C=0DC98146607AC611CD9DF0FAC672D380873E73332FF4EB13A405EC51A9F576
Jan 15, 2015 6:21:52 PM org.ccnx.ccn.impl.sync.SliceComparator doComparison
O MAIS DETALHADO: Compare LEAF =02D53F65198A36862946DB7A8E31A9BA3708D47292CE6780001E1FAB6180ED8D14 to LEAF %09C=0DC98146607AC611CD9DF0FAC672D380873E73332FF4EB13A405EC51A9F576
Jan 15, 2015 6:21:52 PM org.ccnx.ccn.impl.sync.SliceComparator doComparison
O MAIS DETALHADO: name X is 0, pos X is 3, name Y is 0, pos Y is 15 comp is 0
Jan 15, 2015 6:21:52 PM org.ccnx.ccn.impl.sync.SliceComparator doComparison
O MAIS DETALHADO: name X is 32, pos X is 18, name Y is 32, pos Y is 7 comp is 0
Jan 15, 2015 6:21:52 PM org.ccnx.ccn.impl.sync.SliceComparator doComparison
O MAIS DETALHADO: name X is 38, pos X is 1, name Y is 38, pos Y is 13 comp is 0
Jan 15, 2015 6:21:52 PM org.ccnx.ccn.impl.sync.SliceComparator doComparison
O MAIS DETALHADO: name X (expanded) is /ccnx.org/test/SyncTestRepo-15-01-15-18.20.23/ccnSyncTest/slice9/randomFile/=FD054B82F6A1F4/%C1.META.M/.header/=FD054B82F6A277/=00/%E1d=DD9BAB5C9B8BB01ED5ACE2DBD7444D09943A4AAAF2EB897BB30A2244EAE0, name Y (expanded) is /ccnx.org/test/SyncTestRepo-15-01-15-18.20.23/ccnSyncTest/slice9/randomFile/=FD054B82F6A1F4/%C1.META.M/.header/=FD054B82F6A277/=00/%E1d=DD9BAB5C9B8BB01ED5ACE2DBD7444D09943A4AAAF2EB897BB30A2244EAE0
Jan 15, 2015 6:21:52 PM org.ccnx.ccn.impl.sync.SliceComparator doComparison
O MAIS DETALHADO: name X (expanded) is /ccnx.org/test/SyncTestRepo-15-01-15-18.20.23/ccnSyncTest/slice9/randomFile/=FD054B82F6A1F4/=0020/%AC76=9409E1519A5D8D18ABA27DE8999BD8D1FC269DACE680A3B5862E2F1D86, name Y (expanded) is /ccnx.org/test/SyncTestRepo-15-01-15-18.20.23/ccnSyncTest/slice9/randomFile/=FD054B82F6A1F4/=0020/%AC76=9409E1519A5D8D18ABA27DE8999BD8D1FC269DACE680A3B5862E2F1D86
Jan 15, 2015 6:21:52 PM org.ccnx.ccn.impl.sync.SliceComparator doComparison
O MAIS DETALHADO: name X (expanded) is /ccnx.org/test/SyncTestRepo-15-01-15-18.20.23/ccnSyncTest/slice9/randomFile/=FD054B82F6A1F4/=0026/=F882C84FB7FDD730920AD85F9135ECED68D31C5DA84A66374A340725773223EF, name Y (expanded) is /ccnx.org/test/SyncTestRepo-15-01-15-18.20.23/ccnSyncTest/slice9/randomFile/=FD054B82F6A1F4/=0026/=F882C84FB7FDD730920AD85F9135ECED68D31C5DA84A66374A340725773223EF
Jan 15, 2015 6:21:52 PM org.ccnx.ccn.impl.sync.SliceComparator updateCurrent
O MAIS DETALHADO: Starting update from hash %15ma%2B7=7FD272F1BDE647E0F878992BBBB90475671DEC0503A3551F752A2F06
Jan 15, 2015 6:21:52 PM org.ccnx.ccn.impl.sync.SliceComparator doComparison
O MAIS DETALHADO: Compare LEAF =0D27327F18E53775D3C64E1D3CF8AA4C68228F0D34D9BA10D445B4A4CC934E33E7 to LEAF %09C=0DC98146607AC611CD9DF0FAC672D380873E73332FF4EB13A405EC51A9F576
Jan 15, 2015 6:21:52 PM org.ccnx.ccn.impl.sync.SliceComparator doComparison
O MAIS DETALHADO: Compare LEAF =02D53F65198A36862946DB7A8E31A9BA3708D47292CE6780001E1FAB6180ED8D14 to LEAF %09C=0DC98146607AC611CD9DF0FAC672D380873E73332FF4EB13A405EC51A9F576
Jan 15, 2015 6:21:52 PM org.ccnx.ccn.impl.sync.SliceComparator updateCurrent
O MAIS DETALHADO: Update compare - moving to: %05p%EFG=05106476F4B0BCB015CE24928C905584ADBEFC5B309FCF04F160EE6E0B
Jan 15, 2015 6:21:52 PM org.ccnx.ccn.impl.sync.SliceComparator doComparison
O MAIS DETALHADO: name X is 33, pos X is 19, name Y is 33, pos Y is 8 comp is 0
Jan 15, 2015 6:21:52 PM org.ccnx.ccn.impl.sync.SliceComparator doComparison
O MAIS DETALHADO: name X is 39, pos X is 2, name Y is 39, pos Y is 14 comp is 0
Jan 15, 2015 6:21:52 PM org.ccnx.ccn.impl.sync.SliceComparator updateCurrent
O MAIS DETALHADO: Update compare: name from tree (expanded) is /ccnx.org/test/SyncTestRepo-15-01-15-18.20.23/ccnSyncTest/slice9/randomFile/=FD054B82F6A1F4/=00/=0B8EC1430BAA5314F574BA2A508E0FEA573169B7F4FB56342BADB25C2D81AC38, name  is /ccnx.org/test/SyncTestRepo-15-01-15-18.20.23/ccnSyncTest/slice9/round2/randomFile/=FD054B82F70368/=00/=B97F65C641ECD73502119EB69D2576BAC16B3BF85AD4553028EB611D8E11F489, comp is 1
Jan 15, 2015 6:21:52 PM org.ccnx.ccn.impl.sync.SliceComparator doComparison
O MAIS DETALHADO: name X (expanded) is /ccnx.org/test/SyncTestRepo-15-01-15-18.20.23/ccnSyncTest/slice9/randomFile/=FD054B82F6A1F4/=0021/=EA22757000608D78972E3FAEB39A9B9F0EAB18CEC73F8B8019DB0E7A48388463, name Y (expanded) is /ccnx.org/test/SyncTestRepo-15-01-15-18.20.23/ccnSyncTest/slice9/randomFile/=FD054B82F6A1F4/=0021/=EA22757000608D78972E3FAEB39A9B9F0EAB18CEC73F8B8019DB0E7A48388463
Jan 15, 2015 6:21:52 PM org.ccnx.ccn.impl.sync.SliceComparator doComparison
O MAIS DETALHADO: name X (expanded) is /ccnx.org/test/SyncTestRepo-15-01-15-18.20.23/ccnSyncTest/slice9/randomFile/=FD054B82F6A1F4/=0027/%7CIO=A5B990CDCEA0B4F89E8FF41187FACE8515D89EB8388C8E0DA5FE2D4E31, name Y (expanded) is /ccnx.org/test/SyncTestRepo-15-01-15-18.20.23/ccnSyncTest/slice9/randomFile/=FD054B82F6A1F4/=0027/%7CIO=A5B990CDCEA0B4F89E8FF41187FACE8515D89EB8388C8E0DA5FE2D4E31
Jan 15, 2015 6:21:52 PM org.ccnx.ccn.impl.sync.SliceComparator updateCurrent
O MAIS DETALHADO: Update: starting redo of names because of /ccnx.org/test/SyncTestRepo-15-01-15-18.20.23/ccnSyncTest/slice9/round2/randomFile/=FD054B82F70368/=00/=B97F65C641ECD73502119EB69D2576BAC16B3BF85AD4553028EB611D8E11F489 at /ccnx.org/test/SyncTestRepo-15-01-15-18.20.23/ccnSyncTest/slice9/randomFile/=FD054B82F6A1F4/=00/=0B8EC1430BAA5314F574BA2A508E0FEA573169B7F4FB56342BADB25C2D81AC38
Jan 15, 2015 6:21:52 PM org.ccnx.ccn.impl.sync.SliceComparator doComparison
O MAIS DETALHADO: Compare LEAF =0D27327F18E53775D3C64E1D3CF8AA4C68228F0D34D9BA10D445B4A4CC934E33E7 to LEAF %09C=0DC98146607AC611CD9DF0FAC672D380873E73332FF4EB13A405EC51A9F576
Jan 15, 2015 6:21:52 PM org.ccnx.ccn.impl.sync.SliceComparator doComparison
O MAIS DETALHADO: Compare LEAF =02D53F65198A36862946DB7A8E31A9BA3708D47292CE6780001E1FAB6180ED8D14 to LEAF %09C=0DC98146607AC611CD9DF0FAC672D380873E73332FF4EB13A405EC51A9F576
Jan 15, 2015 6:21:52 PM org.ccnx.ccn.impl.sync.SliceComparator updateCurrent
O MAIS DETALHADO: Update compare - moving to: =0D27327F18E53775D3C64E1D3CF8AA4C68228F0D34D9BA10D445B4A4CC934E33E7
Jan 15, 2015 6:21:52 PM org.ccnx.ccn.impl.sync.SliceComparator doComparison
O MAIS DETALHADO: name X is 34, pos X is 20, name Y is 34, pos Y is 9 comp is 0
Jan 15, 2015 6:21:52 PM org.ccnx.ccn.impl.sync.SliceComparator doComparison
O MAIS DETALHADO: name X is 0, pos X is 3, name Y is 0, pos Y is 15 comp is 0
Jan 15, 2015 6:21:52 PM org.ccnx.ccn.impl.sync.SliceComparator addNeededNames
O MAIS DETALHADO: Update: subsuming node
Jan 15, 2015 6:21:52 PM org.ccnx.ccn.impl.sync.SliceComparator doComparison
O MAIS DETALHADO: name X (expanded) is /ccnx.org/test/SyncTestRepo-15-01-15-18.20.23/ccnSyncTest/slice9/randomFile/=FD054B82F6A1F4/=0022/-%9Dj=3F2A8684A3CA6DF18CB9580B3DEBD634984CE85FD03A62C2BB9A0364C4, name Y (expanded) is /ccnx.org/test/SyncTestRepo-15-01-15-18.20.23/ccnSyncTest/slice9/randomFile/=FD054B82F6A1F4/=0022/-%9Dj=3F2A8684A3CA6DF18CB9580B3DEBD634984CE85FD03A62C2BB9A0364C4
Jan 15, 2015 6:21:52 PM org.ccnx.ccn.impl.sync.SliceComparator doComparison
O MAIS DETALHADO: name X (expanded) is /ccnx.org/test/SyncTestRepo-15-01-15-18.20.23/ccnSyncTest/slice9/randomFile/=FD054B82F6A1F4/%C1.META.M/.header/=FD054B82F6A277/=00/%E1d=DD9BAB5C9B8BB01ED5ACE2DBD7444D09943A4AAAF2EB897BB30A2244EAE0, name Y (expanded) is /ccnx.org/test/SyncTestRepo-15-01-15-18.20.23/ccnSyncTest/slice9/randomFile/=FD054B82F6A1F4/%C1.META.M/.header/=FD054B82F6A277/=00/%E1d=DD9BAB5C9B8BB01ED5ACE2DBD7444D09943A4AAAF2EB897BB30A2244EAE0
Jan 15, 2015 6:21:52 PM org.ccnx.ccn.impl.sync.SliceComparator doComparison
O MAIS DETALHADO: Compare LEAF =0D27327F18E53775D3C64E1D3CF8AA4C68228F0D34D9BA10D445B4A4CC934E33E7 to LEAF %09C=0DC98146607AC611CD9DF0FAC672D380873E73332FF4EB13A405EC51A9F576
Jan 15, 2015 6:21:52 PM org.ccnx.ccn.impl.sync.SliceComparator updateCurrent
O MAIS DETALHADO: Update compare - moving to: =02D53F65198A36862946DB7A8E31A9BA3708D47292CE6780001E1FAB6180ED8D14
Jan 15, 2015 6:21:52 PM org.ccnx.ccn.impl.sync.SliceComparator updateCurrent
O MAIS DETALHADO: Starting update from hash %15ma%2B7=7FD272F1BDE647E0F878992BBBB90475671DEC0503A3551F752A2F06
Jan 15, 2015 6:21:52 PM org.ccnx.ccn.impl.sync.SliceComparator doComparison
O MAIS DETALHADO: name X is 35, pos X is 21, name Y is 35, pos Y is 10 comp is 0
Jan 15, 2015 6:21:52 PM org.ccnx.ccn.impl.sync.SliceComparator addNeededNames
O MAIS DETALHADO: Update: subsuming node
Jan 15, 2015 6:21:52 PM org.ccnx.ccn.impl.sync.SliceComparator updateCurrent
O MAIS DETALHADO: Update compare - moving to: %05p%EFG=05106476F4B0BCB015CE24928C905584ADBEFC5B309FCF04F160EE6E0B
Jan 15, 2015 6:21:52 PM org.ccnx.ccn.impl.sync.SliceComparator doComparison
O MAIS DETALHADO: name X (expanded) is /ccnx.org/test/SyncTestRepo-15-01-15-18.20.23/ccnSyncTest/slice9/randomFile/=FD054B82F6A1F4/=0023/=D0EE22EA829EA5AB07284B3EE47CC3D6BF2C60AAAD15EC358846D612FA854B9F, name Y (expanded) is /ccnx.org/test/SyncTestRepo-15-01-15-18.20.23/ccnSyncTest/slice9/randomFile/=FD054B82F6A1F4/=0023/=D0EE22EA829EA5AB07284B3EE47CC3D6BF2C60AAAD15EC358846D612FA854B9F
Jan 15, 2015 6:21:52 PM org.ccnx.ccn.impl.sync.SliceComparator updateCurrent
O MAIS DETALHADO: Update compare: name from tree (expanded) is /ccnx.org/test/SyncTestRepo-15-01-15-18.20.23/ccnSyncTest/slice9/randomFile/=FD054B82F6A1F4/=00/=0B8EC1430BAA5314F574BA2A508E0FEA573169B7F4FB56342BADB25C2D81AC38, name  is /ccnx.org/test/SyncTestRepo-15-01-15-18.20.23/ccnSyncTest/slice9/round2/randomFile/=FD054B82F70368/=00/=B97F65C641ECD73502119EB69D2576BAC16B3BF85AD4553028EB611D8E11F489, comp is 1
Jan 15, 2015 6:21:52 PM org.ccnx.ccn.impl.sync.SliceComparator doComparison
O MAIS DETALHADO: Compare LEAF =0D27327F18E53775D3C64E1D3CF8AA4C68228F0D34D9BA10D445B4A4CC934E33E7 to LEAF %09C=0DC98146607AC611CD9DF0FAC672D380873E73332FF4EB13A405EC51A9F576
Jan 15, 2015 6:21:52 PM org.ccnx.ccn.impl.sync.SliceComparator doComparison
O MAIS DETALHADO: name X is 36, pos X is 22, name Y is 36, pos Y is 11 comp is 0
Jan 15, 2015 6:21:52 PM org.ccnx.ccn.impl.sync.SliceComparator updateCurrent
O MAIS DETALHADO: Update: starting redo of names because of /ccnx.org/test/SyncTestRepo-15-01-15-18.20.23/ccnSyncTest/slice9/round2/randomFile/=FD054B82F70368/=00/=B97F65C641ECD73502119EB69D2576BAC16B3BF85AD4553028EB611D8E11F489 at /ccnx.org/test/SyncTestRepo-15-01-15-18.20.23/ccnSyncTest/slice9/randomFile/=FD054B82F6A1F4/=00/=0B8EC1430BAA5314F574BA2A508E0FEA573169B7F4FB56342BADB25C2D81AC38
Jan 15, 2015 6:21:52 PM org.ccnx.ccn.impl.sync.SliceComparator doComparison
O MAIS DETALHADO: name X (expanded) is /ccnx.org/test/SyncTestRepo-15-01-15-18.20.23/ccnSyncTest/slice9/randomFile/=FD054B82F6A1F4/=0024/=1DB5984B323CB74212FE44C64010A397AA93A52855104843F835C1AB0AC73122, name Y (expanded) is /ccnx.org/test/SyncTestRepo-15-01-15-18.20.23/ccnSyncTest/slice9/randomFile/=FD054B82F6A1F4/=0024/=1DB5984B323CB74212FE44C64010A397AA93A52855104843F835C1AB0AC73122
Jan 15, 2015 6:21:52 PM org.ccnx.ccn.io.content.SyncNodeComposite decodeLogging
O MAIS DETALHADO: decode node for =0B8A8277CC7348E41F5D0264E86C3ABC81793FB457D019ACCB6883F3415803D77B depth = 1 refs = 23
Jan 15, 2015 6:21:52 PM org.ccnx.ccn.impl.sync.SliceComparator updateCurrent
O MAIS DETALHADO: Update compare - moving to: =0D27327F18E53775D3C64E1D3CF8AA4C68228F0D34D9BA10D445B4A4CC934E33E7
Jan 15, 2015 6:21:52 PM org.ccnx.ccn.impl.sync.SliceComparator doComparison
O MAIS DETALHADO: Compare NODE %15ma%2B7=7FD272F1BDE647E0F878992BBBB90475671DEC0503A3551F752A2F06 to LEAF %09C=0DC98146607AC611CD9DF0FAC672D380873E73332FF4EB13A405EC51A9F576, resMin is 1, resMax is -1
Jan 15, 2015 6:21:52 PM org.ccnx.ccn.io.content.SyncNodeComposite decodeLogging
O MAIS DETALHADO: min is 0, max is 22, expanded min is /ccnx.org/test/SyncTestRepo-15-01-15-18.20.23/ccnSyncTest/slice9/round2/randomFile/=FD054B82F70368/=00/=B97F65C641ECD73502119EB69D2576BAC16B3BF85AD4553028EB611D8E11F489, expanded max is /ccnx.org/test/SyncTestRepo-15-01-15-18.20.23/ccnSyncTest/slice9/round2/randomFile/=FD054B82F70368/=0016/2=BD182F3BE6BB1FFF31E8EB1E870B456B1B10297ECCB7D6F6A11471E738C0BB
Jan 15, 2015 6:21:52 PM org.ccnx.ccn.impl.sync.SliceComparator addNeededNames
O MAIS DETALHADO: Update: subsuming node
Jan 15, 2015 6:21:52 PM org.ccnx.ccn.impl.sync.SliceComparator doComparison
O MAIS DETALHADO: minname is 0, maxname is 0, pos X is 2, pos Y is 12
Jan 15, 2015 6:21:52 PM org.ccnx.ccn.impl.sync.SliceComparator doComparison
O MAIS DETALHADO: Compare LEAF =02D53F65198A36862946DB7A8E31A9BA3708D47292CE6780001E1FAB6180ED8D14 to LEAF %09C=0DC98146607AC611CD9DF0FAC672D380873E73332FF4EB13A405EC51A9F576
Jan 15, 2015 6:21:52 PM ccnx.Sync
DETALHADO: Node split due to level change - nbytes 2944, match 5, prev 8
Jan 15, 2015 6:21:52 PM org.ccnx.ccn.impl.sync.SliceComparator updateCurrent
O MAIS DETALHADO: Update compare - moving to: =02D53F65198A36862946DB7A8E31A9BA3708D47292CE6780001E1FAB6180ED8D14
Jan 15, 2015 6:21:52 PM org.ccnx.ccn.impl.sync.SliceComparator doComparison
O MAIS DETALHADO: name X is 37, pos X is 0, name Y is 37, pos Y is 12 comp is 0
Jan 15, 2015 6:21:52 PM org.ccnx.ccn.io.content.SyncNodeComposite decodeLogging
O MAIS DETALHADO: decode node for =07E6F0C39D87BD413E0182EDAB0C4839A70B2B7B2F8700ED39F384A244602B76F4 depth = 1 refs = 18
Jan 15, 2015 6:21:52 PM org.ccnx.ccn.impl.sync.SliceComparator doComparison
O MAIS DETALHADO: name X (expanded) is /ccnx.org/test/SyncTestRepo-15-01-15-18.20.23/ccnSyncTest/slice9/randomFile/=FD054B82F6A1F4/=0025/=7F0E6F886D4B459E63FCD3E32DA3E47D58293CE502D36EA4BDE1E38BE9493014, name Y (expanded) is /ccnx.org/test/SyncTestRepo-15-01-15-18.20.23/ccnSyncTest/slice9/randomFile/=FD054B82F6A1F4/=0025/=7F0E6F886D4B459E63FCD3E32DA3E47D58293CE502D36EA4BDE1E38BE9493014
Jan 15, 2015 6:21:52 PM org.ccnx.ccn.impl.sync.SliceComparator addNeededNames
O MAIS DETALHADO: Update: subsuming node
Jan 15, 2015 6:21:52 PM org.ccnx.ccn.io.content.SyncNodeComposite decodeLogging
O MAIS DETALHADO: min is 23, max is 0, expanded min is /ccnx.org/test/SyncTestRepo-15-01-15-18.20.23/ccnSyncTest/slice9/round2/randomFile/=FD054B82F70368/=0017/=BBCA1BFEBEA780AE67D7E4B62E049313003C14B20DD84E248464619BD2DBCD20, expanded max is /ccnx.org/test/SyncTestRepo-15-01-15-18.20.23/ccnSyncTest/slice9/round2/randomFile/=FD054B82F70368/%C1.META.M/.header/=FD054B82F703FC/=00/%7D-=2B3E6FF70AC7D3D5908FC992D0F932A31E2FF181B8564B07C5969C0AE660
Jan 15, 2015 6:21:52 PM org.ccnx.ccn.impl.sync.SliceComparator doComparison
O MAIS DETALHADO: Compare LEAF =02D53F65198A36862946DB7A8E31A9BA3708D47292CE6780001E1FAB6180ED8D14 to LEAF %09C=0DC98146607AC611CD9DF0FAC672D380873E73332FF4EB13A405EC51A9F576
Jan 15, 2015 6:21:52 PM org.ccnx.ccn.impl.sync.SliceComparator doComparison
O MAIS DETALHADO: name X is 38, pos X is 1, name Y is 38, pos Y is 13 comp is 0
Jan 15, 2015 6:21:52 PM ccnx.Sync
DETALHADO: Node split due to hash split - nbytes 2235, val 10
Jan 15, 2015 6:21:52 PM org.ccnx.ccn.impl.sync.SliceComparator doComparison
O MAIS DETALHADO: name X (expanded) is /ccnx.org/test/SyncTestRepo-15-01-15-18.20.23/ccnSyncTest/slice9/randomFile/=FD054B82F6A1F4/=0026/=F882C84FB7FDD730920AD85F9135ECED68D31C5DA84A66374A340725773223EF, name Y (expanded) is /ccnx.org/test/SyncTestRepo-15-01-15-18.20.23/ccnSyncTest/slice9/randomFile/=FD054B82F6A1F4/=0026/=F882C84FB7FDD730920AD85F9135ECED68D31C5DA84A66374A340725773223EF
Jan 15, 2015 6:21:52 PM org.ccnx.ccn.io.content.SyncNodeComposite decodeLogging
O MAIS DETALHADO: decode node for %06o=209FEA39CBB45FB94765AF049BA8CAF9783E6345B418A16DD9B3234B0FB708 depth = 1 refs = 15
Jan 15, 2015 6:21:52 PM org.ccnx.ccn.impl.sync.SliceComparator doComparison
O MAIS DETALHADO: Compare LEAF =02D53F65198A36862946DB7A8E31A9BA3708D47292CE6780001E1FAB6180ED8D14 to LEAF %09C=0DC98146607AC611CD9DF0FAC672D380873E73332FF4EB13A405EC51A9F576
Jan 15, 2015 6:21:52 PM org.ccnx.ccn.io.content.SyncNodeComposite decodeLogging
O MAIS DETALHADO: min is 0, max is 14, expanded min is /ccnx.org/test/SyncTestRepo-15-01-15-18.20.23/ccnSyncTest/slice9/randomFile/=FD054B82F6A1F4/=00/=0B8EC1430BAA5314F574BA2A508E0FEA573169B7F4FB56342BADB25C2D81AC38, expanded max is /ccnx.org/test/SyncTestRepo-15-01-15-18.20.23/ccnSyncTest/slice9/randomFile/=FD054B82F6A1F4/=000E/%FE1X=E529673D6B088AB5993677163E6922B9B586B7BD70CE0AAE31EA2148FD
Jan 15, 2015 6:21:52 PM org.ccnx.ccn.impl.sync.SliceComparator doComparison
O MAIS DETALHADO: name X is 39, pos X is 2, name Y is 39, pos Y is 14 comp is 0
Jan 15, 2015 6:21:52 PM org.ccnx.ccn.impl.sync.SliceComparator doComparison
O MAIS DETALHADO: name X (expanded) is /ccnx.org/test/SyncTestRepo-15-01-15-18.20.23/ccnSyncTest/slice9/randomFile/=FD054B82F6A1F4/=0027/%7CIO=A5B990CDCEA0B4F89E8FF41187FACE8515D89EB8388C8E0DA5FE2D4E31, name Y (expanded) is /ccnx.org/test/SyncTestRepo-15-01-15-18.20.23/ccnSyncTest/slice9/randomFile/=FD054B82F6A1F4/=0027/%7CIO=A5B990CDCEA0B4F89E8FF41187FACE8515D89EB8388C8E0DA5FE2D4E31
Jan 15, 2015 6:21:52 PM org.ccnx.ccn.impl.sync.SliceComparator doComparison
O MAIS DETALHADO: Compare LEAF =02D53F65198A36862946DB7A8E31A9BA3708D47292CE6780001E1FAB6180ED8D14 to LEAF %09C=0DC98146607AC611CD9DF0FAC672D380873E73332FF4EB13A405EC51A9F576
Jan 15, 2015 6:21:52 PM org.ccnx.ccn.io.content.SyncNodeComposite decodeLogging
O MAIS DETALHADO: decode node for =0DA0925E0BE1195537B3CB13E6810D07947A68ACC1FE20283F7FBFE14C09A83EED depth = 1 refs = 24
Jan 15, 2015 6:21:52 PM org.ccnx.ccn.impl.sync.SliceComparator doComparison
O MAIS DETALHADO: name X is 0, pos X is 3, name Y is 0, pos Y is 15 comp is 0
Jan 15, 2015 6:21:52 PM org.ccnx.ccn.impl.sync.SyncTreeEntry <init>
O MAIS DETALHADO: Found existing node: =0B8A8277CC7348E41F5D0264E86C3ABC81793FB457D019ACCB6883F3415803D77B
Jan 15, 2015 6:21:52 PM org.ccnx.ccn.io.content.SyncNodeComposite decodeLogging
O MAIS DETALHADO: min is 15, max is 38, expanded min is /ccnx.org/test/SyncTestRepo-15-01-15-18.20.23/ccnSyncTest/slice9/randomFile/=FD054B82F6A1F4/=000F/=13C718564AED534A913A264A80F61736AC4EAD885F9CFD55ABCD7F784106CF11, expanded max is /ccnx.org/test/SyncTestRepo-15-01-15-18.20.23/ccnSyncTest/slice9/randomFile/=FD054B82F6A1F4/=0026/=F882C84FB7FDD730920AD85F9135ECED68D31C5DA84A66374A340725773223EF
Jan 15, 2015 6:21:52 PM org.ccnx.ccn.impl.sync.SliceComparator doComparison
O MAIS DETALHADO: name X (expanded) is /ccnx.org/test/SyncTestRepo-15-01-15-18.20.23/ccnSyncTest/slice9/randomFile/=FD054B82F6A1F4/%C1.META.M/.header/=FD054B82F6A277/=00/%E1d=DD9BAB5C9B8BB01ED5ACE2DBD7444D09943A4AAAF2EB897BB30A2244EAE0, name Y (expanded) is /ccnx.org/test/SyncTestRepo-15-01-15-18.20.23/ccnSyncTest/slice9/randomFile/=FD054B82F6A1F4/%C1.META.M/.header/=FD054B82F6A277/=00/%E1d=DD9BAB5C9B8BB01ED5ACE2DBD7444D09943A4AAAF2EB897BB30A2244EAE0
Jan 15, 2015 6:21:52 PM org.ccnx.ccn.io.content.SyncNodeComposite decodeLogging
O MAIS DETALHADO: decode node for =015DAE2D4164ED695A50D3CE4B72CFE8CC47D819502349AB241609C0B020723911 depth = 1 refs = 2
Jan 15, 2015 6:21:52 PM org.ccnx.ccn.impl.sync.SliceComparator updateCurrent
O MAIS DETALHADO: Starting update from hash %15ma%2B7=7FD272F1BDE647E0F878992BBBB90475671DEC0503A3551F752A2F06
Jan 15, 2015 6:21:52 PM org.ccnx.ccn.io.content.SyncNodeComposite decodeLogging
O MAIS DETALHADO: min is 39, max is 0, expanded min is /ccnx.org/test/SyncTestRepo-15-01-15-18.20.23/ccnSyncTest/slice9/randomFile/=FD054B82F6A1F4/=0027/%7CIO=A5B990CDCEA0B4F89E8FF41187FACE8515D89EB8388C8E0DA5FE2D4E31, expanded max is /ccnx.org/test/SyncTestRepo-15-01-15-18.20.23/ccnSyncTest/slice9/randomFile/=FD054B82F6A1F4/%C1.META.M/.header/=FD054B82F6A277/=00/%E1d=DD9BAB5C9B8BB01ED5ACE2DBD7444D09943A4AAAF2EB897BB30A2244EAE0
Jan 15, 2015 6:21:52 PM org.ccnx.ccn.impl.sync.SliceComparator updateCurrent
O MAIS DETALHADO: Update compare - moving to: %05p%EFG=05106476F4B0BCB015CE24928C905584ADBEFC5B309FCF04F160EE6E0B
Jan 15, 2015 6:21:52 PM ccnx.Sync
DETALHADO: Node split due to level change - nbytes 2944, match 5, prev 8
Jan 15, 2015 6:21:52 PM org.ccnx.ccn.impl.sync.SyncTreeEntry <init>
O MAIS DETALHADO: Found existing node: =28DED466A17AD8984F1C6B9A7470FB8F54402433FCBE38860A5FABEAA52D597D75
Jan 15, 2015 6:21:52 PM org.ccnx.ccn.impl.sync.SliceComparator updateCurrent
O MAIS DETALHADO: Update compare: name from tree (expanded) is /ccnx.org/test/SyncTestRepo-15-01-15-18.20.23/ccnSyncTest/slice9/randomFile/=FD054B82F6A1F4/=00/=0B8EC1430BAA5314F574BA2A508E0FEA573169B7F4FB56342BADB25C2D81AC38, name  is /ccnx.org/test/SyncTestRepo-15-01-15-18.20.23/ccnSyncTest/slice9/round2/randomFile/=FD054B82F70368/=00/=B97F65C641ECD73502119EB69D2576BAC16B3BF85AD4553028EB611D8E11F489, comp is 1
Jan 15, 2015 6:21:52 PM org.ccnx.ccn.io.content.SyncNodeComposite decodeLogging
O MAIS DETALHADO: decode node for =28DED466A17AD8984F1C6B9A7470FB8F54402433FCBE38860A5FABEAA52D597D75 depth = 2 refs = 5
Jan 15, 2015 6:21:52 PM org.ccnx.ccn.impl.sync.SyncTreeEntry <init>
O MAIS DETALHADO: Found existing node: =07E6F0C39D87BD413E0182EDAB0C4839A70B2B7B2F8700ED39F384A244602B76F4
Jan 15, 2015 6:21:52 PM org.ccnx.ccn.io.content.SyncNodeComposite decodeLogging
O MAIS DETALHADO: min is 0, max is 0, expanded min is /ccnx.org/test/SyncTestRepo-15-01-15-18.20.23/ccnSyncTest/slice9/round2/randomFile/=FD054B82F70368/=00/=B97F65C641ECD73502119EB69D2576BAC16B3BF85AD4553028EB611D8E11F489, expanded max is /ccnx.org/test/SyncTestRepo-15-01-15-18.20.23/ccnSyncTest/slice9/randomFile/=FD054B82F6A1F4/%C1.META.M/.header/=FD054B82F6A277/=00/%E1d=DD9BAB5C9B8BB01ED5ACE2DBD7444D09943A4AAAF2EB897BB30A2244EAE0
Jan 15, 2015 6:21:52 PM org.ccnx.ccn.impl.sync.SliceComparator updateCurrent
O MAIS DETALHADO: Update: starting redo of names because of /ccnx.org/test/SyncTestRepo-15-01-15-18.20.23/ccnSyncTest/slice9/round2/randomFile/=FD054B82F70368/=00/=B97F65C641ECD73502119EB69D2576BAC16B3BF85AD4553028EB611D8E11F489 at /ccnx.org/test/SyncTestRepo-15-01-15-18.20.23/ccnSyncTest/slice9/randomFile/=FD054B82F6A1F4/=00/=0B8EC1430BAA5314F574BA2A508E0FEA573169B7F4FB56342BADB25C2D81AC38
Jan 15, 2015 6:21:52 PM org.ccnx.ccn.impl.sync.NodeBuilder createHeadRecursive
O MAIS DETALHADO: Creating new compound node - with first element =0B8A8277CC7348E41F5D0264E86C3ABC81793FB457D019ACCB6883F3415803D77B and last element =015DAE2D4164ED695A50D3CE4B72CFE8CC47D819502349AB241609C0B020723911
Jan 15, 2015 6:21:52 PM org.ccnx.ccn.impl.sync.SliceComparator updateCurrent
INFORMAÇÕES: Resetting current to created head: =28DED466A17AD8984F1C6B9A7470FB8F54402433FCBE38860A5FABEAA52D597D75
Jan 15, 2015 6:21:52 PM org.ccnx.ccn.impl.sync.SliceComparator updateCurrent
O MAIS DETALHADO: Update compare - moving to: =0D27327F18E53775D3C64E1D3CF8AA4C68228F0D34D9BA10D445B4A4CC934E33E7
Jan 15, 2015 6:21:52 PM ccnx.Sync
DETALHADO: Node split due to hash split - nbytes 2235, val 10
Jan 15, 2015 6:21:52 PM org.ccnx.ccn.impl.sync.SliceComparator addNeededNames
O MAIS DETALHADO: Update: subsuming node
Jan 15, 2015 6:21:52 PM org.ccnx.ccn.impl.sync.SyncTreeEntry <init>
O MAIS DETALHADO: Found existing node: %06o=209FEA39CBB45FB94765AF049BA8CAF9783E6345B418A16DD9B3234B0FB708
Jan 15, 2015 6:21:52 PM org.ccnx.ccn.impl.sync.SliceComparator updateCurrent
O MAIS DETALHADO: Update compare - moving to: =02D53F65198A36862946DB7A8E31A9BA3708D47292CE6780001E1FAB6180ED8D14
Jan 15, 2015 6:21:52 PM org.ccnx.ccn.impl.sync.SliceComparator addNeededNames
O MAIS DETALHADO: Update: subsuming node
Jan 15, 2015 6:21:52 PM org.ccnx.ccn.impl.sync.SyncTreeEntry <init>
O MAIS DETALHADO: Found existing node: =0DA0925E0BE1195537B3CB13E6810D07947A68ACC1FE20283F7FBFE14C09A83EED
Jan 15, 2015 6:21:52 PM org.ccnx.ccn.impl.sync.SyncTreeEntry <init>
O MAIS DETALHADO: Found existing node: =015DAE2D4164ED695A50D3CE4B72CFE8CC47D819502349AB241609C0B020723911
Jan 15, 2015 6:21:52 PM org.ccnx.ccn.impl.sync.SyncTreeEntry <init>
O MAIS DETALHADO: Found existing node: =28DED466A17AD8984F1C6B9A7470FB8F54402433FCBE38860A5FABEAA52D597D75
Jan 15, 2015 6:21:52 PM org.ccnx.ccn.impl.sync.NodeBuilder createHeadRecursive
O MAIS DETALHADO: Creating new compound node - with first element =0B8A8277CC7348E41F5D0264E86C3ABC81793FB457D019ACCB6883F3415803D77B and last element =015DAE2D4164ED695A50D3CE4B72CFE8CC47D819502349AB241609C0B020723911
Jan 15, 2015 6:21:52 PM org.ccnx.ccn.impl.sync.SliceComparator updateCurrent
INFORMAÇÕES: Resetting current to created head: =28DED466A17AD8984F1C6B9A7470FB8F54402433FCBE38860A5FABEAA52D597D75
Jan 15, 2015 6:21:52 PM org.ccnx.ccn.impl.sync.SyncTreeEntry <init>
O MAIS DETALHADO: Found existing node: =0B8A8277CC7348E41F5D0264E86C3ABC81793FB457D019ACCB6883F3415803D77B
Jan 15, 2015 6:21:52 PM org.ccnx.ccn.impl.sync.SyncTreeEntry <init>
O MAIS DETALHADO: Found existing node: =28DED466A17AD8984F1C6B9A7470FB8F54402433FCBE38860A5FABEAA52D597D75
Jan 15, 2015 6:21:52 PM org.ccnx.ccn.impl.sync.SliceComparator run
INFORMAÇÕES: Moving 1 callbacks to lead comparator
Jan 15, 2015 6:21:52 PM ccnx.Sync
DETALHADO: Node split due to level change - nbytes 2944, match 5, prev 8
Jan 15, 2015 6:21:52 PM org.ccnx.ccn.impl.sync.SyncTreeEntry <init>
O MAIS DETALHADO: Found existing node: =07E6F0C39D87BD413E0182EDAB0C4839A70B2B7B2F8700ED39F384A244602B76F4
Jan 15, 2015 6:21:52 PM ccnx.Sync
DETALHADO: Node split due to hash split - nbytes 2235, val 10
Jan 15, 2015 6:21:52 PM org.ccnx.ccn.impl.sync.SyncTreeEntry <init>
O MAIS DETALHADO: Found existing node: %06o=209FEA39CBB45FB94765AF049BA8CAF9783E6345B418A16DD9B3234B0FB708
Jan 15, 2015 6:21:52 PM org.ccnx.ccn.impl.sync.SyncTreeEntry <init>
O MAIS DETALHADO: Found existing node: =0DA0925E0BE1195537B3CB13E6810D07947A68ACC1FE20283F7FBFE14C09A83EED
Jan 15, 2015 6:21:52 PM org.ccnx.ccn.impl.sync.SyncTreeEntry <init>
O MAIS DETALHADO: Found existing node: =015DAE2D4164ED695A50D3CE4B72CFE8CC47D819502349AB241609C0B020723911
Jan 15, 2015 6:21:52 PM org.ccnx.ccn.impl.sync.SyncTreeEntry <init>
O MAIS DETALHADO: Found existing node: =28DED466A17AD8984F1C6B9A7470FB8F54402433FCBE38860A5FABEAA52D597D75
Jan 15, 2015 6:21:52 PM org.ccnx.ccn.impl.sync.NodeBuilder createHeadRecursive
O MAIS DETALHADO: Creating new compound node - with first element =0B8A8277CC7348E41F5D0264E86C3ABC81793FB457D019ACCB6883F3415803D77B and last element =015DAE2D4164ED695A50D3CE4B72CFE8CC47D819502349AB241609C0B020723911
Jan 15, 2015 6:21:52 PM org.ccnx.ccn.impl.sync.SliceComparator updateCurrent
INFORMAÇÕES: Resetting current to created head: =28DED466A17AD8984F1C6B9A7470FB8F54402433FCBE38860A5FABEAA52D597D75
Jan 15, 2015 6:21:52 PM org.ccnx.ccn.impl.sync.SyncTreeEntry <init>
O MAIS DETALHADO: Found existing node: =28DED466A17AD8984F1C6B9A7470FB8F54402433FCBE38860A5FABEAA52D597D75
Jan 15, 2015 6:21:52 PM org.ccnx.ccn.impl.sync.SliceComparator run
INFORMAÇÕES: Moving 1 callbacks to lead comparator
Jan 15, 2015 6:21:52 PM org.ccnx.ccn.profiles.sync.SyncTestRepo checkCallbacks
DETALHADO: got segment 0
Jan 15, 2015 6:21:52 PM org.ccnx.ccn.profiles.sync.SyncTestRepo checkCallbacks
DETALHADO: received: [true, false, false, false, false, false, false, false, false, false, false, false, false, false, false, false, false, false, false, false, false, false, false, false, false, false, false, false, false, false, false, false, false, false, false, false, false, false, false, false, false] finished: [true, true, true, true, true, true, true, true, true, true, true, true, true, true, true, true, true, true, true, true, true, true, true, true, true, true, true, true, true, true, true, true, true, true, true, true, true, true, true, true, true]
Jan 15, 2015 6:21:52 PM org.ccnx.ccn.profiles.sync.SyncTestRepo checkCallbacks
DETALHADO: got segment 1
Jan 15, 2015 6:21:52 PM org.ccnx.ccn.profiles.sync.SyncTestRepo checkCallbacks
DETALHADO: received: [true, true, false, false, false, false, false, false, false, false, false, false, false, false, false, false, false, false, false, false, false, false, false, false, false, false, false, false, false, false, false, false, false, false, false, false, false, false, false, false, false] finished: [true, true, true, true, true, true, true, true, true, true, true, true, true, true, true, true, true, true, true, true, true, true, true, true, true, true, true, true, true, true, true, true, true, true, true, true, true, true, true, true, true]
Jan 15, 2015 6:21:52 PM org.ccnx.ccn.profiles.sync.SyncTestRepo checkCallbacks
DETALHADO: got segment 2
Jan 15, 2015 6:21:52 PM org.ccnx.ccn.profiles.sync.SyncTestRepo checkCallbacks
DETALHADO: received: [true, true, true, false, false, false, false, false, false, false, false, false, false, false, false, false, false, false, false, false, false, false, false, false, false, false, false, false, false, false, false, false, false, false, false, false, false, false, false, false, false] finished: [true, true, true, true, true, true, true, true, true, true, true, true, true, true, true, true, true, true, true, true, true, true, true, true, true, true, true, true, true, true, true, true, true, true, true, true, true, true, true, true, true]
Jan 15, 2015 6:21:52 PM org.ccnx.ccn.profiles.sync.SyncTestRepo checkCallbacks
DETALHADO: got segment 3
Jan 15, 2015 6:21:52 PM org.ccnx.ccn.profiles.sync.SyncTestRepo checkCallbacks
DETALHADO: received: [true, true, true, true, false, false, false, false, false, false, false, false, false, false, false, false, false, false, false, false, false, false, false, false, false, false, false, false, false, false, false, false, false, false, false, false, false, false, false, false, false] finished: [true, true, true, true, true, true, true, true, true, true, true, true, true, true, true, true, true, true, true, true, true, true, true, true, true, true, true, true, true, true, true, true, true, true, true, true, true, true, true, true, true]
Jan 15, 2015 6:21:52 PM org.ccnx.ccn.profiles.sync.SyncTestRepo checkCallbacks
DETALHADO: got segment 4
Jan 15, 2015 6:21:52 PM org.ccnx.ccn.profiles.sync.SyncTestRepo checkCallbacks
DETALHADO: received: [true, true, true, true, true, false, false, false, false, false, false, false, false, false, false, false, false, false, false, false, false, false, false, false, false, false, false, false, false, false, false, false, false, false, false, false, false, false, false, false, false] finished: [true, true, true, true, true, true, true, true, true, true, true, true, true, true, true, true, true, true, true, true, true, true, true, true, true, true, true, true, true, true, true, true, true, true, true, true, true, true, true, true, true]
Jan 15, 2015 6:21:52 PM org.ccnx.ccn.profiles.sync.SyncTestRepo checkCallbacks
DETALHADO: got segment 5
Jan 15, 2015 6:21:52 PM org.ccnx.ccn.profiles.sync.SyncTestRepo checkCallbacks
DETALHADO: received: [true, true, true, true, true, true, false, false, false, false, false, false, false, false, false, false, false, false, false, false, false, false, false, false, false, false, false, false, false, false, false, false, false, false, false, false, false, false, false, false, false] finished: [true, true, true, true, true, true, true, true, true, true, true, true, true, true, true, true, true, true, true, true, true, true, true, true, true, true, true, true, true, true, true, true, true, true, true, true, true, true, true, true, true]
Jan 15, 2015 6:21:52 PM org.ccnx.ccn.profiles.sync.SyncTestRepo checkCallbacks
DETALHADO: got segment 6
Jan 15, 2015 6:21:52 PM org.ccnx.ccn.profiles.sync.SyncTestRepo checkCallbacks
DETALHADO: received: [true, true, true, true, true, true, true, false, false, false, false, false, false, false, false, false, false, false, false, false, false, false, false, false, false, false, false, false, false, false, false, false, false, false, false, false, false, false, false, false, false] finished: [true, true, true, true, true, true, true, true, true, true, true, true, true, true, true, true, true, true, true, true, true, true, true, true, true, true, true, true, true, true, true, true, true, true, true, true, true, true, true, true, true]
Jan 15, 2015 6:21:52 PM org.ccnx.ccn.profiles.sync.SyncTestRepo checkCallbacks
DETALHADO: got segment 7
Jan 15, 2015 6:21:52 PM org.ccnx.ccn.profiles.sync.SyncTestRepo checkCallbacks
DETALHADO: received: [true, true, true, true, true, true, true, true, false, false, false, false, false, false, false, false, false, false, false, false, false, false, false, false, false, false, false, false, false, false, false, false, false, false, false, false, false, false, false, false, false] finished: [true, true, true, true, true, true, true, true, true, true, true, true, true, true, true, true, true, true, true, true, true, true, true, true, true, true, true, true, true, true, true, true, true, true, true, true, true, true, true, true, true]
Jan 15, 2015 6:21:52 PM org.ccnx.ccn.profiles.sync.SyncTestRepo checkCallbacks
DETALHADO: got segment 8
Jan 15, 2015 6:21:52 PM org.ccnx.ccn.profiles.sync.SyncTestRepo checkCallbacks
DETALHADO: received: [true, true, true, true, true, true, true, true, true, false, false, false, false, false, false, false, false, false, false, false, false, false, false, false, false, false, false, false, false, false, false, false, false, false, false, false, false, false, false, false, false] finished: [true, true, true, true, true, true, true, true, true, true, true, true, true, true, true, true, true, true, true, true, true, true, true, true, true, true, true, true, true, true, true, true, true, true, true, true, true, true, true, true, true]
Jan 15, 2015 6:21:52 PM org.ccnx.ccn.profiles.sync.SyncTestRepo checkCallbacks
DETALHADO: got segment 9
Jan 15, 2015 6:21:52 PM org.ccnx.ccn.profiles.sync.SyncTestRepo checkCallbacks
DETALHADO: received: [true, true, true, true, true, true, true, true, true, true, false, false, false, false, false, false, false, false, false, false, false, false, false, false, false, false, false, false, false, false, false, false, false, false, false, false, false, false, false, false, false] finished: [true, true, true, true, true, true, true, true, true, true, true, true, true, true, true, true, true, true, true, true, true, true, true, true, true, true, true, true, true, true, true, true, true, true, true, true, true, true, true, true, true]
Jan 15, 2015 6:21:52 PM org.ccnx.ccn.profiles.sync.SyncTestRepo checkCallbacks
DETALHADO: got segment 10
Jan 15, 2015 6:21:52 PM org.ccnx.ccn.profiles.sync.SyncTestRepo checkCallbacks
DETALHADO: received: [true, true, true, true, true, true, true, true, true, true, true, false, false, false, false, false, false, false, false, false, false, false, false, false, false, false, false, false, false, false, false, false, false, false, false, false, false, false, false, false, false] finished: [true, true, true, true, true, true, true, true, true, true, true, true, true, true, true, true, true, true, true, true, true, true, true, true, true, true, true, true, true, true, true, true, true, true, true, true, true, true, true, true, true]
Jan 15, 2015 6:21:52 PM org.ccnx.ccn.profiles.sync.SyncTestRepo checkCallbacks
DETALHADO: got segment 11
Jan 15, 2015 6:21:52 PM org.ccnx.ccn.profiles.sync.SyncTestRepo checkCallbacks
DETALHADO: received: [true, true, true, true, true, true, true, true, true, true, true, true, false, false, false, false, false, false, false, false, false, false, false, false, false, false, false, false, false, false, false, false, false, false, false, false, false, false, false, false, false] finished: [true, true, true, true, true, true, true, true, true, true, true, true, true, true, true, true, true, true, true, true, true, true, true, true, true, true, true, true, true, true, true, true, true, true, true, true, true, true, true, true, true]
Jan 15, 2015 6:21:52 PM org.ccnx.ccn.profiles.sync.SyncTestRepo checkCallbacks
DETALHADO: got segment 12
Jan 15, 2015 6:21:52 PM org.ccnx.ccn.profiles.sync.SyncTestRepo checkCallbacks
DETALHADO: received: [true, true, true, true, true, true, true, true, true, true, true, true, true, false, false, false, false, false, false, false, false, false, false, false, false, false, false, false, false, false, false, false, false, false, false, false, false, false, false, false, false] finished: [true, true, true, true, true, true, true, true, true, true, true, true, true, true, true, true, true, true, true, true, true, true, true, true, true, true, true, true, true, true, true, true, true, true, true, true, true, true, true, true, true]
Jan 15, 2015 6:21:52 PM org.ccnx.ccn.profiles.sync.SyncTestRepo checkCallbacks
DETALHADO: got segment 13
Jan 15, 2015 6:21:52 PM org.ccnx.ccn.profiles.sync.SyncTestRepo checkCallbacks
DETALHADO: received: [true, true, true, true, true, true, true, true, true, true, true, true, true, true, false, false, false, false, false, false, false, false, false, false, false, false, false, false, false, false, false, false, false, false, false, false, false, false, false, false, false] finished: [true, true, true, true, true, true, true, true, true, true, true, true, true, true, true, true, true, true, true, true, true, true, true, true, true, true, true, true, true, true, true, true, true, true, true, true, true, true, true, true, true]
Jan 15, 2015 6:21:52 PM org.ccnx.ccn.profiles.sync.SyncTestRepo checkCallbacks
DETALHADO: got segment 14
Jan 15, 2015 6:21:52 PM org.ccnx.ccn.profiles.sync.SyncTestRepo checkCallbacks
DETALHADO: received: [true, true, true, true, true, true, true, true, true, true, true, true, true, true, true, false, false, false, false, false, false, false, false, false, false, false, false, false, false, false, false, false, false, false, false, false, false, false, false, false, false] finished: [true, true, true, true, true, true, true, true, true, true, true, true, true, true, true, true, true, true, true, true, true, true, true, true, true, true, true, true, true, true, true, true, true, true, true, true, true, true, true, true, true]
Jan 15, 2015 6:21:52 PM org.ccnx.ccn.profiles.sync.SyncTestRepo checkCallbacks
DETALHADO: got segment 15
Jan 15, 2015 6:21:52 PM org.ccnx.ccn.profiles.sync.SyncTestRepo checkCallbacks
DETALHADO: received: [true, true, true, true, true, true, true, true, true, true, true, true, true, true, true, true, false, false, false, false, false, false, false, false, false, false, false, false, false, false, false, false, false, false, false, false, false, false, false, false, false] finished: [true, true, true, true, true, true, true, true, true, true, true, true, true, true, true, true, true, true, true, true, true, true, true, true, true, true, true, true, true, true, true, true, true, true, true, true, true, true, true, true, true]
Jan 15, 2015 6:21:52 PM org.ccnx.ccn.profiles.sync.SyncTestRepo checkCallbacks
DETALHADO: got segment 16
Jan 15, 2015 6:21:52 PM org.ccnx.ccn.profiles.sync.SyncTestRepo checkCallbacks
DETALHADO: received: [true, true, true, true, true, true, true, true, true, true, true, true, true, true, true, true, true, false, false, false, false, false, false, false, false, false, false, false, false, false, false, false, false, false, false, false, false, false, false, false, false] finished: [true, true, true, true, true, true, true, true, true, true, true, true, true, true, true, true, true, true, true, true, true, true, true, true, true, true, true, true, true, true, true, true, true, true, true, true, true, true, true, true, true]
Jan 15, 2015 6:21:52 PM org.ccnx.ccn.profiles.sync.SyncTestRepo checkCallbacks
DETALHADO: got segment 17
Jan 15, 2015 6:21:52 PM org.ccnx.ccn.profiles.sync.SyncTestRepo checkCallbacks
DETALHADO: received: [true, true, true, true, true, true, true, true, true, true, true, true, true, true, true, true, true, true, false, false, false, false, false, false, false, false, false, false, false, false, false, false, false, false, false, false, false, false, false, false, false] finished: [true, true, true, true, true, true, true, true, true, true, true, true, true, true, true, true, true, true, true, true, true, true, true, true, true, true, true, true, true, true, true, true, true, true, true, true, true, true, true, true, true]
Jan 15, 2015 6:21:52 PM org.ccnx.ccn.profiles.sync.SyncTestRepo checkCallbacks
DETALHADO: got segment 18
Jan 15, 2015 6:21:52 PM org.ccnx.ccn.profiles.sync.SyncTestRepo checkCallbacks
DETALHADO: received: [true, true, true, true, true, true, true, true, true, true, true, true, true, true, true, true, true, true, true, false, false, false, false, false, false, false, false, false, false, false, false, false, false, false, false, false, false, false, false, false, false] finished: [true, true, true, true, true, true, true, true, true, true, true, true, true, true, true, true, true, true, true, true, true, true, true, true, true, true, true, true, true, true, true, true, true, true, true, true, true, true, true, true, true]
Jan 15, 2015 6:21:52 PM org.ccnx.ccn.profiles.sync.SyncTestRepo checkCallbacks
DETALHADO: got segment 19
Jan 15, 2015 6:21:52 PM org.ccnx.ccn.profiles.sync.SyncTestRepo checkCallbacks
DETALHADO: received: [true, true, true, true, true, true, true, true, true, true, true, true, true, true, true, true, true, true, true, true, false, false, false, false, false, false, false, false, false, false, false, false, false, false, false, false, false, false, false, false, false] finished: [true, true, true, true, true, true, true, true, true, true, true, true, true, true, true, true, true, true, true, true, true, true, true, true, true, true, true, true, true, true, true, true, true, true, true, true, true, true, true, true, true]
Jan 15, 2015 6:21:52 PM org.ccnx.ccn.profiles.sync.SyncTestRepo checkCallbacks
DETALHADO: got segment 20
Jan 15, 2015 6:21:52 PM org.ccnx.ccn.profiles.sync.SyncTestRepo checkCallbacks
DETALHADO: received: [true, true, true, true, true, true, true, true, true, true, true, true, true, true, true, true, true, true, true, true, true, false, false, false, false, false, false, false, false, false, false, false, false, false, false, false, false, false, false, false, false] finished: [true, true, true, true, true, true, true, true, true, true, true, true, true, true, true, true, true, true, true, true, true, true, true, true, true, true, true, true, true, true, true, true, true, true, true, true, true, true, true, true, true]
Jan 15, 2015 6:21:52 PM org.ccnx.ccn.profiles.sync.SyncTestRepo checkCallbacks
DETALHADO: got segment 21
Jan 15, 2015 6:21:52 PM org.ccnx.ccn.profiles.sync.SyncTestRepo checkCallbacks
DETALHADO: received: [true, true, true, true, true, true, true, true, true, true, true, true, true, true, true, true, true, true, true, true, true, true, false, false, false, false, false, false, false, false, false, false, false, false, false, false, false, false, false, false, false] finished: [true, true, true, true, true, true, true, true, true, true, true, true, true, true, true, true, true, true, true, true, true, true, true, true, true, true, true, true, true, true, true, true, true, true, true, true, true, true, true, true, true]
Jan 15, 2015 6:21:52 PM org.ccnx.ccn.profiles.sync.SyncTestRepo checkCallbacks
DETALHADO: got segment 22
Jan 15, 2015 6:21:52 PM org.ccnx.ccn.profiles.sync.SyncTestRepo checkCallbacks
DETALHADO: received: [true, true, true, true, true, true, true, true, true, true, true, true, true, true, true, true, true, true, true, true, true, true, true, false, false, false, false, false, false, false, false, false, false, false, false, false, false, false, false, false, false] finished: [true, true, true, true, true, true, true, true, true, true, true, true, true, true, true, true, true, true, true, true, true, true, true, true, true, true, true, true, true, true, true, true, true, true, true, true, true, true, true, true, true]
Jan 15, 2015 6:21:52 PM org.ccnx.ccn.profiles.sync.SyncTestRepo checkCallbacks
DETALHADO: got segment 23
Jan 15, 2015 6:21:52 PM org.ccnx.ccn.profiles.sync.SyncTestRepo checkCallbacks
DETALHADO: received: [true, true, true, true, true, true, true, true, true, true, true, true, true, true, true, true, true, true, true, true, true, true, true, true, false, false, false, false, false, false, false, false, false, false, false, false, false, false, false, false, false] finished: [true, true, true, true, true, true, true, true, true, true, true, true, true, true, true, true, true, true, true, true, true, true, true, true, true, true, true, true, true, true, true, true, true, true, true, true, true, true, true, true, true]
Jan 15, 2015 6:21:52 PM org.ccnx.ccn.profiles.sync.SyncTestRepo checkCallbacks
DETALHADO: got segment 24
Jan 15, 2015 6:21:52 PM org.ccnx.ccn.profiles.sync.SyncTestRepo checkCallbacks
DETALHADO: received: [true, true, true, true, true, true, true, true, true, true, true, true, true, true, true, true, true, true, true, true, true, true, true, true, true, false, false, false, false, false, false, false, false, false, false, false, false, false, false, false, false] finished: [true, true, true, true, true, true, true, true, true, true, true, true, true, true, true, true, true, true, true, true, true, true, true, true, true, true, true, true, true, true, true, true, true, true, true, true, true, true, true, true, true]
Jan 15, 2015 6:21:52 PM org.ccnx.ccn.profiles.sync.SyncTestRepo checkCallbacks
DETALHADO: got segment 25
Jan 15, 2015 6:21:52 PM org.ccnx.ccn.profiles.sync.SyncTestRepo checkCallbacks
DETALHADO: received: [true, true, true, true, true, true, true, true, true, true, true, true, true, true, true, true, true, true, true, true, true, true, true, true, true, true, false, false, false, false, false, false, false, false, false, false, false, false, false, false, false] finished: [true, true, true, true, true, true, true, true, true, true, true, true, true, true, true, true, true, true, true, true, true, true, true, true, true, true, true, true, true, true, true, true, true, true, true, true, true, true, true, true, true]
Jan 15, 2015 6:21:52 PM org.ccnx.ccn.profiles.sync.SyncTestRepo checkCallbacks
DETALHADO: got segment 26
Jan 15, 2015 6:21:52 PM org.ccnx.ccn.profiles.sync.SyncTestRepo checkCallbacks
DETALHADO: received: [true, true, true, true, true, true, true, true, true, true, true, true, true, true, true, true, true, true, true, true, true, true, true, true, true, true, true, false, false, false, false, false, false, false, false, false, false, false, false, false, false] finished: [true, true, true, true, true, true, true, true, true, true, true, true, true, true, true, true, true, true, true, true, true, true, true, true, true, true, true, true, true, true, true, true, true, true, true, true, true, true, true, true, true]
Jan 15, 2015 6:21:52 PM org.ccnx.ccn.profiles.sync.SyncTestRepo checkCallbacks
DETALHADO: got segment 27
Jan 15, 2015 6:21:52 PM org.ccnx.ccn.profiles.sync.SyncTestRepo checkCallbacks
DETALHADO: received: [true, true, true, true, true, true, true, true, true, true, true, true, true, true, true, true, true, true, true, true, true, true, true, true, true, true, true, true, false, false, false, false, false, false, false, false, false, false, false, false, false] finished: [true, true, true, true, true, true, true, true, true, true, true, true, true, true, true, true, true, true, true, true, true, true, true, true, true, true, true, true, true, true, true, true, true, true, true, true, true, true, true, true, true]
Jan 15, 2015 6:21:52 PM org.ccnx.ccn.profiles.sync.SyncTestRepo checkCallbacks
DETALHADO: got segment 28
Jan 15, 2015 6:21:52 PM org.ccnx.ccn.profiles.sync.SyncTestRepo checkCallbacks
DETALHADO: received: [true, true, true, true, true, true, true, true, true, true, true, true, true, true, true, true, true, true, true, true, true, true, true, true, true, true, true, true, true, false, false, false, false, false, false, false, false, false, false, false, false] finished: [true, true, true, true, true, true, true, true, true, true, true, true, true, true, true, true, true, true, true, true, true, true, true, true, true, true, true, true, true, true, true, true, true, true, true, true, true, true, true, true, true]
Jan 15, 2015 6:21:52 PM org.ccnx.ccn.profiles.sync.SyncTestRepo checkCallbacks
DETALHADO: got segment 29
Jan 15, 2015 6:21:52 PM org.ccnx.ccn.profiles.sync.SyncTestRepo checkCallbacks
DETALHADO: received: [true, true, true, true, true, true, true, true, true, true, true, true, true, true, true, true, true, true, true, true, true, true, true, true, true, true, true, true, true, true, false, false, false, false, false, false, false, false, false, false, false] finished: [true, true, true, true, true, true, true, true, true, true, true, true, true, true, true, true, true, true, true, true, true, true, true, true, true, true, true, true, true, true, true, true, true, true, true, true, true, true, true, true, true]
Jan 15, 2015 6:21:52 PM org.ccnx.ccn.profiles.sync.SyncTestRepo checkCallbacks
DETALHADO: got segment 30
Jan 15, 2015 6:21:52 PM org.ccnx.ccn.profiles.sync.SyncTestRepo checkCallbacks
DETALHADO: received: [true, true, true, true, true, true, true, true, true, true, true, true, true, true, true, true, true, true, true, true, true, true, true, true, true, true, true, true, true, true, true, false, false, false, false, false, false, false, false, false, false] finished: [true, true, true, true, true, true, true, true, true, true, true, true, true, true, true, true, true, true, true, true, true, true, true, true, true, true, true, true, true, true, true, true, true, true, true, true, true, true, true, true, true]
Jan 15, 2015 6:21:52 PM org.ccnx.ccn.profiles.sync.SyncTestRepo checkCallbacks
DETALHADO: got segment 31
Jan 15, 2015 6:21:52 PM org.ccnx.ccn.profiles.sync.SyncTestRepo checkCallbacks
DETALHADO: received: [true, true, true, true, true, true, true, true, true, true, true, true, true, true, true, true, true, true, true, true, true, true, true, true, true, true, true, true, true, true, true, true, false, false, false, false, false, false, false, false, false] finished: [true, true, true, true, true, true, true, true, true, true, true, true, true, true, true, true, true, true, true, true, true, true, true, true, true, true, true, true, true, true, true, true, true, true, true, true, true, true, true, true, true]
Jan 15, 2015 6:21:52 PM org.ccnx.ccn.profiles.sync.SyncTestRepo checkCallbacks
DETALHADO: got segment 32
Jan 15, 2015 6:21:52 PM org.ccnx.ccn.profiles.sync.SyncTestRepo checkCallbacks
DETALHADO: received: [true, true, true, true, true, true, true, true, true, true, true, true, true, true, true, true, true, true, true, true, true, true, true, true, true, true, true, true, true, true, true, true, true, false, false, false, false, false, false, false, false] finished: [true, true, true, true, true, true, true, true, true, true, true, true, true, true, true, true, true, true, true, true, true, true, true, true, true, true, true, true, true, true, true, true, true, true, true, true, true, true, true, true, true]
Jan 15, 2015 6:21:52 PM org.ccnx.ccn.profiles.sync.SyncTestRepo checkCallbacks
DETALHADO: got segment 33
Jan 15, 2015 6:21:52 PM org.ccnx.ccn.profiles.sync.SyncTestRepo checkCallbacks
DETALHADO: received: [true, true, true, true, true, true, true, true, true, true, true, true, true, true, true, true, true, true, true, true, true, true, true, true, true, true, true, true, true, true, true, true, true, true, false, false, false, false, false, false, false] finished: [true, true, true, true, true, true, true, true, true, true, true, true, true, true, true, true, true, true, true, true, true, true, true, true, true, true, true, true, true, true, true, true, true, true, true, true, true, true, true, true, true]
Jan 15, 2015 6:21:52 PM org.ccnx.ccn.profiles.sync.SyncTestRepo checkCallbacks
DETALHADO: got segment 34
Jan 15, 2015 6:21:52 PM org.ccnx.ccn.profiles.sync.SyncTestRepo checkCallbacks
DETALHADO: received: [true, true, true, true, true, true, true, true, true, true, true, true, true, true, true, true, true, true, true, true, true, true, true, true, true, true, true, true, true, true, true, true, true, true, true, false, false, false, false, false, false] finished: [true, true, true, true, true, true, true, true, true, true, true, true, true, true, true, true, true, true, true, true, true, true, true, true, true, true, true, true, true, true, true, true, true, true, true, true, true, true, true, true, true]
Jan 15, 2015 6:21:52 PM org.ccnx.ccn.profiles.sync.SyncTestRepo checkCallbacks
DETALHADO: got segment 35
Jan 15, 2015 6:21:52 PM org.ccnx.ccn.profiles.sync.SyncTestRepo checkCallbacks
DETALHADO: received: [true, true, true, true, true, true, true, true, true, true, true, true, true, true, true, true, true, true, true, true, true, true, true, true, true, true, true, true, true, true, true, true, true, true, true, true, false, false, false, false, false] finished: [true, true, true, true, true, true, true, true, true, true, true, true, true, true, true, true, true, true, true, true, true, true, true, true, true, true, true, true, true, true, true, true, true, true, true, true, true, true, true, true, true]
Jan 15, 2015 6:21:52 PM org.ccnx.ccn.profiles.sync.SyncTestRepo checkCallbacks
DETALHADO: got segment 36
Jan 15, 2015 6:21:52 PM org.ccnx.ccn.profiles.sync.SyncTestRepo checkCallbacks
DETALHADO: received: [true, true, true, true, true, true, true, true, true, true, true, true, true, true, true, true, true, true, true, true, true, true, true, true, true, true, true, true, true, true, true, true, true, true, true, true, true, false, false, false, false] finished: [true, true, true, true, true, true, true, true, true, true, true, true, true, true, true, true, true, true, true, true, true, true, true, true, true, true, true, true, true, true, true, true, true, true, true, true, true, true, true, true, true]
Jan 15, 2015 6:21:52 PM org.ccnx.ccn.profiles.sync.SyncTestRepo checkCallbacks
DETALHADO: got segment 37
Jan 15, 2015 6:21:52 PM org.ccnx.ccn.profiles.sync.SyncTestRepo checkCallbacks
DETALHADO: received: [true, true, true, true, true, true, true, true, true, true, true, true, true, true, true, true, true, true, true, true, true, true, true, true, true, true, true, true, true, true, true, true, true, true, true, true, true, true, false, false, false] finished: [true, true, true, true, true, true, true, true, true, true, true, true, true, true, true, true, true, true, true, true, true, true, true, true, true, true, true, true, true, true, true, true, true, true, true, true, true, true, true, true, true]
Jan 15, 2015 6:21:52 PM org.ccnx.ccn.profiles.sync.SyncTestRepo checkCallbacks
DETALHADO: got segment 38
Jan 15, 2015 6:21:52 PM org.ccnx.ccn.profiles.sync.SyncTestRepo checkCallbacks
DETALHADO: received: [true, true, true, true, true, true, true, true, true, true, true, true, true, true, true, true, true, true, true, true, true, true, true, true, true, true, true, true, true, true, true, true, true, true, true, true, true, true, true, false, false] finished: [true, true, true, true, true, true, true, true, true, true, true, true, true, true, true, true, true, true, true, true, true, true, true, true, true, true, true, true, true, true, true, true, true, true, true, true, true, true, true, true, true]
Jan 15, 2015 6:21:52 PM org.ccnx.ccn.profiles.sync.SyncTestRepo checkCallbacks
DETALHADO: got segment 39
Jan 15, 2015 6:21:52 PM org.ccnx.ccn.profiles.sync.SyncTestRepo checkCallbacks
DETALHADO: received: [true, true, true, true, true, true, true, true, true, true, true, true, true, true, true, true, true, true, true, true, true, true, true, true, true, true, true, true, true, true, true, true, true, true, true, true, true, true, true, true, false] finished: [true, true, true, true, true, true, true, true, true, true, true, true, true, true, true, true, true, true, true, true, true, true, true, true, true, true, true, true, true, true, true, true, true, true, true, true, true, true, true, true, true]
Jan 15, 2015 6:21:52 PM org.ccnx.ccn.profiles.sync.SyncTestRepo checkCallbacks
DETALHADO: got the header
Jan 15, 2015 6:21:52 PM org.ccnx.ccn.profiles.sync.SyncTestRepo checkCallbacks
DETALHADO: received: [true, true, true, true, true, true, true, true, true, true, true, true, true, true, true, true, true, true, true, true, true, true, true, true, true, true, true, true, true, true, true, true, true, true, true, true, true, true, true, true, true] finished: [true, true, true, true, true, true, true, true, true, true, true, true, true, true, true, true, true, true, true, true, true, true, true, true, true, true, true, true, true, true, true, true, true, true, true, true, true, true, true, true, true]
Jan 15, 2015 6:21:52 PM org.ccnx.ccn.profiles.sync.SyncTestRepo checkCallbacks
DETALHADO: got all the segments!
Jan 15, 2015 6:21:52 PM org.ccnx.ccn.profiles.sync.SyncTestRepo checkCallbacks
DETALHADO: trying to loop again looking for segments
Jan 15, 2015 6:21:52 PM org.ccnx.ccn.profiles.sync.SyncTestRepo checkCallbacks
DETALHADO: done looping, returning.
Jan 15, 2015 6:21:52 PM org.ccnx.ccn.profiles.sync.SyncTestRepo checkCallbacks
DETALHADO: checking for callbacks:  /ccnx.org/test/SyncTestRepo-15-01-15-18.20.23/ccnSyncTest/slice9/round2 segments: 41
Jan 15, 2015 6:21:53 PM org.ccnx.ccn.profiles.sync.SyncTestRepo checkCallbacks
DETALHADO: got segment 0
Jan 15, 2015 6:21:53 PM org.ccnx.ccn.profiles.sync.SyncTestRepo checkCallbacks
DETALHADO: received: [true, false, false, false, false, false, false, false, false, false, false, false, false, false, false, false, false, false, false, false, false, false, false, false, false, false, false, false, false, false, false, false, false, false, false, false, false, false, false, false, false] finished: [true, true, true, true, true, true, true, true, true, true, true, true, true, true, true, true, true, true, true, true, true, true, true, true, true, true, true, true, true, true, true, true, true, true, true, true, true, true, true, true, true]
Jan 15, 2015 6:21:53 PM org.ccnx.ccn.profiles.sync.SyncTestRepo checkCallbacks
DETALHADO: got segment 1
Jan 15, 2015 6:21:53 PM org.ccnx.ccn.profiles.sync.SyncTestRepo checkCallbacks
DETALHADO: received: [true, true, false, false, false, false, false, false, false, false, false, false, false, false, false, false, false, false, false, false, false, false, false, false, false, false, false, false, false, false, false, false, false, false, false, false, false, false, false, false, false] finished: [true, true, true, true, true, true, true, true, true, true, true, true, true, true, true, true, true, true, true, true, true, true, true, true, true, true, true, true, true, true, true, true, true, true, true, true, true, true, true, true, true]
Jan 15, 2015 6:21:53 PM org.ccnx.ccn.profiles.sync.SyncTestRepo checkCallbacks
DETALHADO: got segment 2
Jan 15, 2015 6:21:53 PM org.ccnx.ccn.profiles.sync.SyncTestRepo checkCallbacks
DETALHADO: received: [true, true, true, false, false, false, false, false, false, false, false, false, false, false, false, false, false, false, false, false, false, false, false, false, false, false, false, false, false, false, false, false, false, false, false, false, false, false, false, false, false] finished: [true, true, true, true, true, true, true, true, true, true, true, true, true, true, true, true, true, true, true, true, true, true, true, true, true, true, true, true, true, true, true, true, true, true, true, true, true, true, true, true, true]
Jan 15, 2015 6:21:53 PM org.ccnx.ccn.profiles.sync.SyncTestRepo checkCallbacks
DETALHADO: got segment 3
Jan 15, 2015 6:21:53 PM org.ccnx.ccn.profiles.sync.SyncTestRepo checkCallbacks
DETALHADO: received: [true, true, true, true, false, false, false, false, false, false, false, false, false, false, false, false, false, false, false, false, false, false, false, false, false, false, false, false, false, false, false, false, false, false, false, false, false, false, false, false, false] finished: [true, true, true, true, true, true, true, true, true, true, true, true, true, true, true, true, true, true, true, true, true, true, true, true, true, true, true, true, true, true, true, true, true, true, true, true, true, true, true, true, true]
Jan 15, 2015 6:21:53 PM org.ccnx.ccn.profiles.sync.SyncTestRepo checkCallbacks
DETALHADO: got segment 4
Jan 15, 2015 6:21:53 PM org.ccnx.ccn.profiles.sync.SyncTestRepo checkCallbacks
DETALHADO: received: [true, true, true, true, true, false, false, false, false, false, false, false, false, false, false, false, false, false, false, false, false, false, false, false, false, false, false, false, false, false, false, false, false, false, false, false, false, false, false, false, false] finished: [true, true, true, true, true, true, true, true, true, true, true, true, true, true, true, true, true, true, true, true, true, true, true, true, true, true, true, true, true, true, true, true, true, true, true, true, true, true, true, true, true]
Jan 15, 2015 6:21:53 PM org.ccnx.ccn.profiles.sync.SyncTestRepo checkCallbacks
DETALHADO: got segment 5
Jan 15, 2015 6:21:53 PM org.ccnx.ccn.profiles.sync.SyncTestRepo checkCallbacks
DETALHADO: received: [true, true, true, true, true, true, false, false, false, false, false, false, false, false, false, false, false, false, false, false, false, false, false, false, false, false, false, false, false, false, false, false, false, false, false, false, false, false, false, false, false] finished: [true, true, true, true, true, true, true, true, true, true, true, true, true, true, true, true, true, true, true, true, true, true, true, true, true, true, true, true, true, true, true, true, true, true, true, true, true, true, true, true, true]
Jan 15, 2015 6:21:53 PM org.ccnx.ccn.profiles.sync.SyncTestRepo checkCallbacks
DETALHADO: got segment 6
Jan 15, 2015 6:21:53 PM org.ccnx.ccn.profiles.sync.SyncTestRepo checkCallbacks
DETALHADO: received: [true, true, true, true, true, true, true, false, false, false, false, false, false, false, false, false, false, false, false, false, false, false, false, false, false, false, false, false, false, false, false, false, false, false, false, false, false, false, false, false, false] finished: [true, true, true, true, true, true, true, true, true, true, true, true, true, true, true, true, true, true, true, true, true, true, true, true, true, true, true, true, true, true, true, true, true, true, true, true, true, true, true, true, true]
Jan 15, 2015 6:21:53 PM org.ccnx.ccn.profiles.sync.SyncTestRepo checkCallbacks
DETALHADO: got segment 7
Jan 15, 2015 6:21:53 PM org.ccnx.ccn.profiles.sync.SyncTestRepo checkCallbacks
DETALHADO: received: [true, true, true, true, true, true, true, true, false, false, false, false, false, false, false, false, false, false, false, false, false, false, false, false, false, false, false, false, false, false, false, false, false, false, false, false, false, false, false, false, false] finished: [true, true, true, true, true, true, true, true, true, true, true, true, true, true, true, true, true, true, true, true, true, true, true, true, true, true, true, true, true, true, true, true, true, true, true, true, true, true, true, true, true]
Jan 15, 2015 6:21:53 PM org.ccnx.ccn.profiles.sync.SyncTestRepo checkCallbacks
DETALHADO: got segment 8
Jan 15, 2015 6:21:53 PM org.ccnx.ccn.profiles.sync.SyncTestRepo checkCallbacks
DETALHADO: received: [true, true, true, true, true, true, true, true, true, false, false, false, false, false, false, false, false, false, false, false, false, false, false, false, false, false, false, false, false, false, false, false, false, false, false, false, false, false, false, false, false] finished: [true, true, true, true, true, true, true, true, true, true, true, true, true, true, true, true, true, true, true, true, true, true, true, true, true, true, true, true, true, true, true, true, true, true, true, true, true, true, true, true, true]
Jan 15, 2015 6:21:53 PM org.ccnx.ccn.profiles.sync.SyncTestRepo checkCallbacks
DETALHADO: got segment 9
Jan 15, 2015 6:21:53 PM org.ccnx.ccn.profiles.sync.SyncTestRepo checkCallbacks
DETALHADO: received: [true, true, true, true, true, true, true, true, true, true, false, false, false, false, false, false, false, false, false, false, false, false, false, false, false, false, false, false, false, false, false, false, false, false, false, false, false, false, false, false, false] finished: [true, true, true, true, true, true, true, true, true, true, true, true, true, true, true, true, true, true, true, true, true, true, true, true, true, true, true, true, true, true, true, true, true, true, true, true, true, true, true, true, true]
Jan 15, 2015 6:21:53 PM org.ccnx.ccn.profiles.sync.SyncTestRepo checkCallbacks
DETALHADO: got segment 10
Jan 15, 2015 6:21:53 PM org.ccnx.ccn.profiles.sync.SyncTestRepo checkCallbacks
DETALHADO: received: [true, true, true, true, true, true, true, true, true, true, true, false, false, false, false, false, false, false, false, false, false, false, false, false, false, false, false, false, false, false, false, false, false, false, false, false, false, false, false, false, false] finished: [true, true, true, true, true, true, true, true, true, true, true, true, true, true, true, true, true, true, true, true, true, true, true, true, true, true, true, true, true, true, true, true, true, true, true, true, true, true, true, true, true]
Jan 15, 2015 6:21:53 PM org.ccnx.ccn.profiles.sync.SyncTestRepo checkCallbacks
DETALHADO: got segment 11
Jan 15, 2015 6:21:53 PM org.ccnx.ccn.profiles.sync.SyncTestRepo checkCallbacks
DETALHADO: received: [true, true, true, true, true, true, true, true, true, true, true, true, false, false, false, false, false, false, false, false, false, false, false, false, false, false, false, false, false, false, false, false, false, false, false, false, false, false, false, false, false] finished: [true, true, true, true, true, true, true, true, true, true, true, true, true, true, true, true, true, true, true, true, true, true, true, true, true, true, true, true, true, true, true, true, true, true, true, true, true, true, true, true, true]
Jan 15, 2015 6:21:53 PM org.ccnx.ccn.profiles.sync.SyncTestRepo checkCallbacks
DETALHADO: got segment 12
Jan 15, 2015 6:21:53 PM org.ccnx.ccn.profiles.sync.SyncTestRepo checkCallbacks
DETALHADO: received: [true, true, true, true, true, true, true, true, true, true, true, true, true, false, false, false, false, false, false, false, false, false, false, false, false, false, false, false, false, false, false, false, false, false, false, false, false, false, false, false, false] finished: [true, true, true, true, true, true, true, true, true, true, true, true, true, true, true, true, true, true, true, true, true, true, true, true, true, true, true, true, true, true, true, true, true, true, true, true, true, true, true, true, true]
Jan 15, 2015 6:21:53 PM org.ccnx.ccn.profiles.sync.SyncTestRepo checkCallbacks
DETALHADO: got segment 13
Jan 15, 2015 6:21:53 PM org.ccnx.ccn.profiles.sync.SyncTestRepo checkCallbacks
DETALHADO: received: [true, true, true, true, true, true, true, true, true, true, true, true, true, true, false, false, false, false, false, false, false, false, false, false, false, false, false, false, false, false, false, false, false, false, false, false, false, false, false, false, false] finished: [true, true, true, true, true, true, true, true, true, true, true, true, true, true, true, true, true, true, true, true, true, true, true, true, true, true, true, true, true, true, true, true, true, true, true, true, true, true, true, true, true]
Jan 15, 2015 6:21:53 PM org.ccnx.ccn.profiles.sync.SyncTestRepo checkCallbacks
DETALHADO: got segment 14
Jan 15, 2015 6:21:53 PM org.ccnx.ccn.profiles.sync.SyncTestRepo checkCallbacks
DETALHADO: received: [true, true, true, true, true, true, true, true, true, true, true, true, true, true, true, false, false, false, false, false, false, false, false, false, false, false, false, false, false, false, false, false, false, false, false, false, false, false, false, false, false] finished: [true, true, true, true, true, true, true, true, true, true, true, true, true, true, true, true, true, true, true, true, true, true, true, true, true, true, true, true, true, true, true, true, true, true, true, true, true, true, true, true, true]
Jan 15, 2015 6:21:53 PM org.ccnx.ccn.profiles.sync.SyncTestRepo checkCallbacks
DETALHADO: got segment 15
Jan 15, 2015 6:21:53 PM org.ccnx.ccn.profiles.sync.SyncTestRepo checkCallbacks
DETALHADO: received: [true, true, true, true, true, true, true, true, true, true, true, true, true, true, true, true, false, false, false, false, false, false, false, false, false, false, false, false, false, false, false, false, false, false, false, false, false, false, false, false, false] finished: [true, true, true, true, true, true, true, true, true, true, true, true, true, true, true, true, true, true, true, true, true, true, true, true, true, true, true, true, true, true, true, true, true, true, true, true, true, true, true, true, true]
Jan 15, 2015 6:21:53 PM org.ccnx.ccn.profiles.sync.SyncTestRepo checkCallbacks
DETALHADO: got segment 16
Jan 15, 2015 6:21:53 PM org.ccnx.ccn.profiles.sync.SyncTestRepo checkCallbacks
DETALHADO: received: [true, true, true, true, true, true, true, true, true, true, true, true, true, true, true, true, true, false, false, false, false, false, false, false, false, false, false, false, false, false, false, false, false, false, false, false, false, false, false, false, false] finished: [true, true, true, true, true, true, true, true, true, true, true, true, true, true, true, true, true, true, true, true, true, true, true, true, true, true, true, true, true, true, true, true, true, true, true, true, true, true, true, true, true]
Jan 15, 2015 6:21:53 PM org.ccnx.ccn.profiles.sync.SyncTestRepo checkCallbacks
DETALHADO: got segment 17
Jan 15, 2015 6:21:53 PM org.ccnx.ccn.profiles.sync.SyncTestRepo checkCallbacks
DETALHADO: received: [true, true, true, true, true, true, true, true, true, true, true, true, true, true, true, true, true, true, false, false, false, false, false, false, false, false, false, false, false, false, false, false, false, false, false, false, false, false, false, false, false] finished: [true, true, true, true, true, true, true, true, true, true, true, true, true, true, true, true, true, true, true, true, true, true, true, true, true, true, true, true, true, true, true, true, true, true, true, true, true, true, true, true, true]
Jan 15, 2015 6:21:53 PM org.ccnx.ccn.profiles.sync.SyncTestRepo checkCallbacks
DETALHADO: got segment 18
Jan 15, 2015 6:21:53 PM org.ccnx.ccn.profiles.sync.SyncTestRepo checkCallbacks
DETALHADO: received: [true, true, true, true, true, true, true, true, true, true, true, true, true, true, true, true, true, true, true, false, false, false, false, false, false, false, false, false, false, false, false, false, false, false, false, false, false, false, false, false, false] finished: [true, true, true, true, true, true, true, true, true, true, true, true, true, true, true, true, true, true, true, true, true, true, true, true, true, true, true, true, true, true, true, true, true, true, true, true, true, true, true, true, true]
Jan 15, 2015 6:21:53 PM org.ccnx.ccn.profiles.sync.SyncTestRepo checkCallbacks
DETALHADO: got segment 19
Jan 15, 2015 6:21:53 PM org.ccnx.ccn.profiles.sync.SyncTestRepo checkCallbacks
DETALHADO: received: [true, true, true, true, true, true, true, true, true, true, true, true, true, true, true, true, true, true, true, true, false, false, false, false, false, false, false, false, false, false, false, false, false, false, false, false, false, false, false, false, false] finished: [true, true, true, true, true, true, true, true, true, true, true, true, true, true, true, true, true, true, true, true, true, true, true, true, true, true, true, true, true, true, true, true, true, true, true, true, true, true, true, true, true]
Jan 15, 2015 6:21:53 PM org.ccnx.ccn.profiles.sync.SyncTestRepo checkCallbacks
DETALHADO: got segment 20
Jan 15, 2015 6:21:53 PM org.ccnx.ccn.profiles.sync.SyncTestRepo checkCallbacks
DETALHADO: received: [true, true, true, true, true, true, true, true, true, true, true, true, true, true, true, true, true, true, true, true, true, false, false, false, false, false, false, false, false, false, false, false, false, false, false, false, false, false, false, false, false] finished: [true, true, true, true, true, true, true, true, true, true, true, true, true, true, true, true, true, true, true, true, true, true, true, true, true, true, true, true, true, true, true, true, true, true, true, true, true, true, true, true, true]
Jan 15, 2015 6:21:53 PM org.ccnx.ccn.profiles.sync.SyncTestRepo checkCallbacks
DETALHADO: got segment 21
Jan 15, 2015 6:21:53 PM org.ccnx.ccn.profiles.sync.SyncTestRepo checkCallbacks
DETALHADO: received: [true, true, true, true, true, true, true, true, true, true, true, true, true, true, true, true, true, true, true, true, true, true, false, false, false, false, false, false, false, false, false, false, false, false, false, false, false, false, false, false, false] finished: [true, true, true, true, true, true, true, true, true, true, true, true, true, true, true, true, true, true, true, true, true, true, true, true, true, true, true, true, true, true, true, true, true, true, true, true, true, true, true, true, true]
Jan 15, 2015 6:21:53 PM org.ccnx.ccn.profiles.sync.SyncTestRepo checkCallbacks
DETALHADO: got segment 22
Jan 15, 2015 6:21:53 PM org.ccnx.ccn.profiles.sync.SyncTestRepo checkCallbacks
DETALHADO: received: [true, true, true, true, true, true, true, true, true, true, true, true, true, true, true, true, true, true, true, true, true, true, true, false, false, false, false, false, false, false, false, false, false, false, false, false, false, false, false, false, false] finished: [true, true, true, true, true, true, true, true, true, true, true, true, true, true, true, true, true, true, true, true, true, true, true, true, true, true, true, true, true, true, true, true, true, true, true, true, true, true, true, true, true]
Jan 15, 2015 6:21:53 PM org.ccnx.ccn.profiles.sync.SyncTestRepo checkCallbacks
DETALHADO: got segment 23
Jan 15, 2015 6:21:53 PM org.ccnx.ccn.profiles.sync.SyncTestRepo checkCallbacks
DETALHADO: received: [true, true, true, true, true, true, true, true, true, true, true, true, true, true, true, true, true, true, true, true, true, true, true, true, false, false, false, false, false, false, false, false, false, false, false, false, false, false, false, false, false] finished: [true, true, true, true, true, true, true, true, true, true, true, true, true, true, true, true, true, true, true, true, true, true, true, true, true, true, true, true, true, true, true, true, true, true, true, true, true, true, true, true, true]
Jan 15, 2015 6:21:53 PM org.ccnx.ccn.profiles.sync.SyncTestRepo checkCallbacks
DETALHADO: got segment 24
Jan 15, 2015 6:21:53 PM org.ccnx.ccn.profiles.sync.SyncTestRepo checkCallbacks
DETALHADO: received: [true, true, true, true, true, true, true, true, true, true, true, true, true, true, true, true, true, true, true, true, true, true, true, true, true, false, false, false, false, false, false, false, false, false, false, false, false, false, false, false, false] finished: [true, true, true, true, true, true, true, true, true, true, true, true, true, true, true, true, true, true, true, true, true, true, true, true, true, true, true, true, true, true, true, true, true, true, true, true, true, true, true, true, true]
Jan 15, 2015 6:21:53 PM org.ccnx.ccn.profiles.sync.SyncTestRepo checkCallbacks
DETALHADO: got segment 25
Jan 15, 2015 6:21:53 PM org.ccnx.ccn.profiles.sync.SyncTestRepo checkCallbacks
DETALHADO: received: [true, true, true, true, true, true, true, true, true, true, true, true, true, true, true, true, true, true, true, true, true, true, true, true, true, true, false, false, false, false, false, false, false, false, false, false, false, false, false, false, false] finished: [true, true, true, true, true, true, true, true, true, true, true, true, true, true, true, true, true, true, true, true, true, true, true, true, true, true, true, true, true, true, true, true, true, true, true, true, true, true, true, true, true]
Jan 15, 2015 6:21:53 PM org.ccnx.ccn.profiles.sync.SyncTestRepo checkCallbacks
DETALHADO: got segment 26
Jan 15, 2015 6:21:53 PM org.ccnx.ccn.profiles.sync.SyncTestRepo checkCallbacks
DETALHADO: received: [true, true, true, true, true, true, true, true, true, true, true, true, true, true, true, true, true, true, true, true, true, true, true, true, true, true, true, false, false, false, false, false, false, false, false, false, false, false, false, false, false] finished: [true, true, true, true, true, true, true, true, true, true, true, true, true, true, true, true, true, true, true, true, true, true, true, true, true, true, true, true, true, true, true, true, true, true, true, true, true, true, true, true, true]
Jan 15, 2015 6:21:53 PM org.ccnx.ccn.profiles.sync.SyncTestRepo checkCallbacks
DETALHADO: got segment 27
Jan 15, 2015 6:21:53 PM org.ccnx.ccn.profiles.sync.SyncTestRepo checkCallbacks
DETALHADO: received: [true, true, true, true, true, true, true, true, true, true, true, true, true, true, true, true, true, true, true, true, true, true, true, true, true, true, true, true, false, false, false, false, false, false, false, false, false, false, false, false, false] finished: [true, true, true, true, true, true, true, true, true, true, true, true, true, true, true, true, true, true, true, true, true, true, true, true, true, true, true, true, true, true, true, true, true, true, true, true, true, true, true, true, true]
Jan 15, 2015 6:21:53 PM org.ccnx.ccn.profiles.sync.SyncTestRepo checkCallbacks
DETALHADO: got segment 28
Jan 15, 2015 6:21:53 PM org.ccnx.ccn.profiles.sync.SyncTestRepo checkCallbacks
DETALHADO: received: [true, true, true, true, true, true, true, true, true, true, true, true, true, true, true, true, true, true, true, true, true, true, true, true, true, true, true, true, true, false, false, false, false, false, false, false, false, false, false, false, false] finished: [true, true, true, true, true, true, true, true, true, true, true, true, true, true, true, true, true, true, true, true, true, true, true, true, true, true, true, true, true, true, true, true, true, true, true, true, true, true, true, true, true]
Jan 15, 2015 6:21:53 PM org.ccnx.ccn.profiles.sync.SyncTestRepo checkCallbacks
DETALHADO: got segment 29
Jan 15, 2015 6:21:53 PM org.ccnx.ccn.profiles.sync.SyncTestRepo checkCallbacks
DETALHADO: received: [true, true, true, true, true, true, true, true, true, true, true, true, true, true, true, true, true, true, true, true, true, true, true, true, true, true, true, true, true, true, false, false, false, false, false, false, false, false, false, false, false] finished: [true, true, true, true, true, true, true, true, true, true, true, true, true, true, true, true, true, true, true, true, true, true, true, true, true, true, true, true, true, true, true, true, true, true, true, true, true, true, true, true, true]
Jan 15, 2015 6:21:53 PM org.ccnx.ccn.profiles.sync.SyncTestRepo checkCallbacks
DETALHADO: got segment 30
Jan 15, 2015 6:21:53 PM org.ccnx.ccn.profiles.sync.SyncTestRepo checkCallbacks
DETALHADO: received: [true, true, true, true, true, true, true, true, true, true, true, true, true, true, true, true, true, true, true, true, true, true, true, true, true, true, true, true, true, true, true, false, false, false, false, false, false, false, false, false, false] finished: [true, true, true, true, true, true, true, true, true, true, true, true, true, true, true, true, true, true, true, true, true, true, true, true, true, true, true, true, true, true, true, true, true, true, true, true, true, true, true, true, true]
Jan 15, 2015 6:21:53 PM org.ccnx.ccn.profiles.sync.SyncTestRepo checkCallbacks
DETALHADO: got segment 31
Jan 15, 2015 6:21:53 PM org.ccnx.ccn.profiles.sync.SyncTestRepo checkCallbacks
DETALHADO: received: [true, true, true, true, true, true, true, true, true, true, true, true, true, true, true, true, true, true, true, true, true, true, true, true, true, true, true, true, true, true, true, true, false, false, false, false, false, false, false, false, false] finished: [true, true, true, true, true, true, true, true, true, true, true, true, true, true, true, true, true, true, true, true, true, true, true, true, true, true, true, true, true, true, true, true, true, true, true, true, true, true, true, true, true]
Jan 15, 2015 6:21:53 PM org.ccnx.ccn.profiles.sync.SyncTestRepo checkCallbacks
DETALHADO: got segment 32
Jan 15, 2015 6:21:53 PM org.ccnx.ccn.profiles.sync.SyncTestRepo checkCallbacks
DETALHADO: received: [true, true, true, true, true, true, true, true, true, true, true, true, true, true, true, true, true, true, true, true, true, true, true, true, true, true, true, true, true, true, true, true, true, false, false, false, false, false, false, false, false] finished: [true, true, true, true, true, true, true, true, true, true, true, true, true, true, true, true, true, true, true, true, true, true, true, true, true, true, true, true, true, true, true, true, true, true, true, true, true, true, true, true, true]
Jan 15, 2015 6:21:53 PM org.ccnx.ccn.profiles.sync.SyncTestRepo checkCallbacks
DETALHADO: got segment 33
Jan 15, 2015 6:21:53 PM org.ccnx.ccn.profiles.sync.SyncTestRepo checkCallbacks
DETALHADO: received: [true, true, true, true, true, true, true, true, true, true, true, true, true, true, true, true, true, true, true, true, true, true, true, true, true, true, true, true, true, true, true, true, true, true, false, false, false, false, false, false, false] finished: [true, true, true, true, true, true, true, true, true, true, true, true, true, true, true, true, true, true, true, true, true, true, true, true, true, true, true, true, true, true, true, true, true, true, true, true, true, true, true, true, true]
Jan 15, 2015 6:21:53 PM org.ccnx.ccn.profiles.sync.SyncTestRepo checkCallbacks
DETALHADO: got segment 34
Jan 15, 2015 6:21:53 PM org.ccnx.ccn.profiles.sync.SyncTestRepo checkCallbacks
DETALHADO: received: [true, true, true, true, true, true, true, true, true, true, true, true, true, true, true, true, true, true, true, true, true, true, true, true, true, true, true, true, true, true, true, true, true, true, true, false, false, false, false, false, false] finished: [true, true, true, true, true, true, true, true, true, true, true, true, true, true, true, true, true, true, true, true, true, true, true, true, true, true, true, true, true, true, true, true, true, true, true, true, true, true, true, true, true]
Jan 15, 2015 6:21:53 PM org.ccnx.ccn.profiles.sync.SyncTestRepo checkCallbacks
DETALHADO: got segment 35
Jan 15, 2015 6:21:53 PM org.ccnx.ccn.profiles.sync.SyncTestRepo checkCallbacks
DETALHADO: received: [true, true, true, true, true, true, true, true, true, true, true, true, true, true, true, true, true, true, true, true, true, true, true, true, true, true, true, true, true, true, true, true, true, true, true, true, false, false, false, false, false] finished: [true, true, true, true, true, true, true, true, true, true, true, true, true, true, true, true, true, true, true, true, true, true, true, true, true, true, true, true, true, true, true, true, true, true, true, true, true, true, true, true, true]
Jan 15, 2015 6:21:53 PM org.ccnx.ccn.profiles.sync.SyncTestRepo checkCallbacks
DETALHADO: got segment 36
Jan 15, 2015 6:21:53 PM org.ccnx.ccn.profiles.sync.SyncTestRepo checkCallbacks
DETALHADO: received: [true, true, true, true, true, true, true, true, true, true, true, true, true, true, true, true, true, true, true, true, true, true, true, true, true, true, true, true, true, true, true, true, true, true, true, true, true, false, false, false, false] finished: [true, true, true, true, true, true, true, true, true, true, true, true, true, true, true, true, true, true, true, true, true, true, true, true, true, true, true, true, true, true, true, true, true, true, true, true, true, true, true, true, true]
Jan 15, 2015 6:21:53 PM org.ccnx.ccn.profiles.sync.SyncTestRepo checkCallbacks
DETALHADO: got segment 37
Jan 15, 2015 6:21:53 PM org.ccnx.ccn.profiles.sync.SyncTestRepo checkCallbacks
DETALHADO: received: [true, true, true, true, true, true, true, true, true, true, true, true, true, true, true, true, true, true, true, true, true, true, true, true, true, true, true, true, true, true, true, true, true, true, true, true, true, true, false, false, false] finished: [true, true, true, true, true, true, true, true, true, true, true, true, true, true, true, true, true, true, true, true, true, true, true, true, true, true, true, true, true, true, true, true, true, true, true, true, true, true, true, true, true]
Jan 15, 2015 6:21:53 PM org.ccnx.ccn.profiles.sync.SyncTestRepo checkCallbacks
DETALHADO: got segment 38
Jan 15, 2015 6:21:53 PM org.ccnx.ccn.profiles.sync.SyncTestRepo checkCallbacks
DETALHADO: received: [true, true, true, true, true, true, true, true, true, true, true, true, true, true, true, true, true, true, true, true, true, true, true, true, true, true, true, true, true, true, true, true, true, true, true, true, true, true, true, false, false] finished: [true, true, true, true, true, true, true, true, true, true, true, true, true, true, true, true, true, true, true, true, true, true, true, true, true, true, true, true, true, true, true, true, true, true, true, true, true, true, true, true, true]
Jan 15, 2015 6:21:53 PM org.ccnx.ccn.profiles.sync.SyncTestRepo checkCallbacks
DETALHADO: got segment 39
Jan 15, 2015 6:21:53 PM org.ccnx.ccn.profiles.sync.SyncTestRepo checkCallbacks
DETALHADO: received: [true, true, true, true, true, true, true, true, true, true, true, true, true, true, true, true, true, true, true, true, true, true, true, true, true, true, true, true, true, true, true, true, true, true, true, true, true, true, true, true, false] finished: [true, true, true, true, true, true, true, true, true, true, true, true, true, true, true, true, true, true, true, true, true, true, true, true, true, true, true, true, true, true, true, true, true, true, true, true, true, true, true, true, true]
Jan 15, 2015 6:21:53 PM org.ccnx.ccn.profiles.sync.SyncTestRepo checkCallbacks
DETALHADO: got the header
Jan 15, 2015 6:21:53 PM org.ccnx.ccn.profiles.sync.SyncTestRepo checkCallbacks
DETALHADO: received: [true, true, true, true, true, true, true, true, true, true, true, true, true, true, true, true, true, true, true, true, true, true, true, true, true, true, true, true, true, true, true, true, true, true, true, true, true, true, true, true, true] finished: [true, true, true, true, true, true, true, true, true, true, true, true, true, true, true, true, true, true, true, true, true, true, true, true, true, true, true, true, true, true, true, true, true, true, true, true, true, true, true, true, true]
Jan 15, 2015 6:21:53 PM org.ccnx.ccn.profiles.sync.SyncTestRepo checkCallbacks
DETALHADO: got all the segments!
Jan 15, 2015 6:21:53 PM org.ccnx.ccn.profiles.sync.SyncTestRepo checkCallbacks
DETALHADO: trying to loop again looking for segments
Jan 15, 2015 6:21:53 PM org.ccnx.ccn.profiles.sync.SyncTestRepo checkCallbacks
DETALHADO: done looping, returning.
Jan 15, 2015 6:21:53 PM org.ccnx.ccn.profiles.sync.SyncTestRepo testMultiSync
DETALHADO: I got all the callbacks for part 2 of testMultiSync!
Jan 15, 2015 6:21:53 PM org.ccnx.ccn.impl.sync.ProtocolBasedSyncMonitor shutdown
INFORMAÇÕES: Shutting down sync on slice: /ccnx.org/test/SyncTestRepo-15-01-15-18.20.23/ccnSyncTest/slice9
Jan 15, 2015 6:21:53 PM org.ccnx.ccn.profiles.sync.SyncTestRepo testMultiSync
INFORMAÇÕES: Finished running testMultiSync
Jan 15, 2015 6:21:53 PM org.ccnx.ccn.io.content.CCNNetworkObject update
INFORMAÇÕES: Updating object to /%C1.M.S.localhost/%C1.S.cs/=E3CFCF7DE9F047B665631744B19927730A454370CBDB818D03CA78D6457E3539.
Jan 15, 2015 6:21:53 PM org.ccnx.ccn.io.CCNAbstractInputStream <init>
INFORMAÇÕES: CCNAbstractInputStream: /%C1.M.S.localhost/%C1.S.cs/=E3CFCF7DE9F047B665631744B19927730A454370CBDB818D03CA78D6457E3539 segment 0
Jan 15, 2015 6:21:53 PM org.ccnx.ccn.io.CCNVersionedInputStream getFirstSegment
INFORMAÇÕES: getFirstSegment: getting latest version of /%C1.M.S.localhost/%C1.S.cs/=E3CFCF7DE9F047B665631744B19927730A454370CBDB818D03CA78D6457E3539
Jan 15, 2015 6:21:53 PM org.ccnx.ccn.profiles.VersioningProfile getLatestVersion
INFORMAÇÕES: gLV getLatestVersion: retrieved latest version object /%C1.M.S.localhost/%C1.S.cs/=E3CFCF7DE9F047B665631744B19927730A454370CBDB818D03CA78D6457E3539/=FD054B82F186FE/=00 type: DATA
Jan 15, 2015 6:21:53 PM org.ccnx.ccn.profiles.VersioningProfile getLatestVersion
INFORMAÇÕES: getFirstBlockOfLatestVersion: no block available for later version of /%C1.M.S.localhost/%C1.S.cs/=E3CFCF7DE9F047B665631744B19927730A454370CBDB818D03CA78D6457E3539/=FD054B82F186FE
Jan 15, 2015 6:21:53 PM org.ccnx.ccn.io.CCNVersionedInputStream getFirstSegment
INFORMAÇÕES: getFirstSegment: retrieved latest version object /%C1.M.S.localhost/%C1.S.cs/=E3CFCF7DE9F047B665631744B19927730A454370CBDB818D03CA78D6457E3539/=FD054B82F186FE/=00 type: DATA
Jan 15, 2015 6:21:53 PM org.ccnx.ccn.io.content.CCNNetworkObject createFlowController
INFORMAÇÕES: Created LOCALREPOSITORY flow controller, for prefix /%C1.M.S.localhost/%C1.S.cs/=E3CFCF7DE9F047B665631744B19927730A454370CBDB818D03CA78D6457E3539, save type LOCALREPOSITORY
Jan 15, 2015 6:21:53 PM org.ccnx.ccn.impl.CCNFlowControl addNameSpace
INFORMAÇÕES: Flow controller addNameSpace: added namespace: /%C1.M.S.localhost/%C1.S.cs/=E3CFCF7DE9F047B665631744B19927730A454370CBDB818D03CA78D6457E3539
Jan 15, 2015 6:21:53 PM org.ccnx.ccn.impl.security.keys.BasicKeyManager getKeyLocator
INFORMAÇÕES: getKeyLocator: returning locator NAME: /ccnx.org/Users/root/Keys/%C1.M.K=009234ADEC47D19E3E6A2AF362D44E09AB6B71F43B1900BA0622FB45F2A5B7D9F6/=FD054AE7DE1000 KEY:-reba89rgbj1o6ata34t5eovcl4kho5s9pnv8nstq15q1ld4g9ga for key kjSt7EfRnj5qKvNi1E4Jq2tx9DsZALoGIvtF8qW32fY=
Jan 15, 2015 6:21:53 PM org.ccnx.ccn.impl.CCNFlowControl addNameSpace
INFORMAÇÕES: addNameSpace: not adding name: /%C1.M.S.localhost/%C1.S.cs/=E3CFCF7DE9F047B665631744B19927730A454370CBDB818D03CA78D6457E3539/=FD054B82F71A93 already monitoring prefix: /%C1.M.S.localhost/%C1.S.cs/=E3CFCF7DE9F047B665631744B19927730A454370CBDB818D03CA78D6457E3539
Jan 15, 2015 6:21:53 PM org.ccnx.ccn.impl.repo.RepositoryFlowControl startWrite
INFORMAÇÕES: RepositoryFlowControl.startWrite called for name /%C1.M.S.localhost/%C1.S.cs/=E3CFCF7DE9F047B665631744B19927730A454370CBDB818D03CA78D6457E3539/=FD054B82F71A93, shape STREAM
Jan 15, 2015 6:21:53 PM org.ccnx.ccn.impl.repo.RepositoryFlowControl handleContent
INFORMAÇÕES: handleContent: got potential repo message: /%C1.M.S.localhost/%C1.S.cs/=E3CFCF7DE9F047B665631744B19927730A454370CBDB818D03CA78D6457E3539/=FD054B82F71A93/%C1.R.sw/%C1.N=00D5DE7B687B101E4C
Jan 15, 2015 6:21:53 PM org.ccnx.ccn.io.content.CCNNetworkObject update
INFORMAÇÕES: Updating object to /%C1.M.S.localhost/%C1.S.cs/=EBF4D3BE0E6C2BDA5B56949A458E4BDC1BCE83300A0B78B5AEDA15EDD54E5F54.
Jan 15, 2015 6:21:53 PM org.ccnx.ccn.io.CCNAbstractInputStream <init>
INFORMAÇÕES: CCNAbstractInputStream: /%C1.M.S.localhost/%C1.S.cs/=EBF4D3BE0E6C2BDA5B56949A458E4BDC1BCE83300A0B78B5AEDA15EDD54E5F54 segment 0
Jan 15, 2015 6:21:53 PM org.ccnx.ccn.io.CCNVersionedInputStream getFirstSegment
INFORMAÇÕES: getFirstSegment: getting latest version of /%C1.M.S.localhost/%C1.S.cs/=EBF4D3BE0E6C2BDA5B56949A458E4BDC1BCE83300A0B78B5AEDA15EDD54E5F54
Jan 15, 2015 6:21:53 PM org.ccnx.ccn.profiles.VersioningProfile getLatestVersion
INFORMAÇÕES: gLV getLatestVersion: retrieved latest version object /%C1.M.S.localhost/%C1.S.cs/=EBF4D3BE0E6C2BDA5B56949A458E4BDC1BCE83300A0B78B5AEDA15EDD54E5F54/=FD054B82F2CB2B/=00 type: DATA
Jan 15, 2015 6:21:54 PM org.ccnx.ccn.profiles.VersioningProfile getLatestVersion
INFORMAÇÕES: getFirstBlockOfLatestVersion: no block available for later version of /%C1.M.S.localhost/%C1.S.cs/=EBF4D3BE0E6C2BDA5B56949A458E4BDC1BCE83300A0B78B5AEDA15EDD54E5F54/=FD054B82F2CB2B
Jan 15, 2015 6:21:54 PM org.ccnx.ccn.io.CCNVersionedInputStream getFirstSegment
INFORMAÇÕES: getFirstSegment: retrieved latest version object /%C1.M.S.localhost/%C1.S.cs/=EBF4D3BE0E6C2BDA5B56949A458E4BDC1BCE83300A0B78B5AEDA15EDD54E5F54/=FD054B82F2CB2B/=00 type: DATA
Jan 15, 2015 6:21:54 PM org.ccnx.ccn.io.content.CCNNetworkObject createFlowController
INFORMAÇÕES: Created LOCALREPOSITORY flow controller, for prefix /%C1.M.S.localhost/%C1.S.cs/=EBF4D3BE0E6C2BDA5B56949A458E4BDC1BCE83300A0B78B5AEDA15EDD54E5F54, save type LOCALREPOSITORY
Jan 15, 2015 6:21:54 PM org.ccnx.ccn.impl.CCNFlowControl addNameSpace
INFORMAÇÕES: Flow controller addNameSpace: added namespace: /%C1.M.S.localhost/%C1.S.cs/=EBF4D3BE0E6C2BDA5B56949A458E4BDC1BCE83300A0B78B5AEDA15EDD54E5F54
Jan 15, 2015 6:21:54 PM org.ccnx.ccn.impl.security.keys.BasicKeyManager getKeyLocator
INFORMAÇÕES: getKeyLocator: returning locator NAME: /ccnx.org/Users/root/Keys/%C1.M.K=009234ADEC47D19E3E6A2AF362D44E09AB6B71F43B1900BA0622FB45F2A5B7D9F6/=FD054AE7DE1000 KEY:-reba89rgbj1o6ata34t5eovcl4kho5s9pnv8nstq15q1ld4g9ga for key kjSt7EfRnj5qKvNi1E4Jq2tx9DsZALoGIvtF8qW32fY=
Jan 15, 2015 6:21:54 PM org.ccnx.ccn.impl.CCNFlowControl addNameSpace
INFORMAÇÕES: addNameSpace: not adding name: /%C1.M.S.localhost/%C1.S.cs/=EBF4D3BE0E6C2BDA5B56949A458E4BDC1BCE83300A0B78B5AEDA15EDD54E5F54/=FD054B82F72137 already monitoring prefix: /%C1.M.S.localhost/%C1.S.cs/=EBF4D3BE0E6C2BDA5B56949A458E4BDC1BCE83300A0B78B5AEDA15EDD54E5F54
Jan 15, 2015 6:21:54 PM org.ccnx.ccn.impl.repo.RepositoryFlowControl startWrite
INFORMAÇÕES: RepositoryFlowControl.startWrite called for name /%C1.M.S.localhost/%C1.S.cs/=EBF4D3BE0E6C2BDA5B56949A458E4BDC1BCE83300A0B78B5AEDA15EDD54E5F54/=FD054B82F72137, shape STREAM
Jan 15, 2015 6:21:54 PM org.ccnx.ccn.impl.repo.RepositoryFlowControl handleContent
INFORMAÇÕES: handleContent: got potential repo message: /%C1.M.S.localhost/%C1.S.cs/=EBF4D3BE0E6C2BDA5B56949A458E4BDC1BCE83300A0B78B5AEDA15EDD54E5F54/=FD054B82F72137/%C1.R.sw/%C1.N=00E60F5259477486E5
Jan 15, 2015 6:21:54 PM org.ccnx.ccn.io.content.CCNNetworkObject update
INFORMAÇÕES: Updating object to /%C1.M.S.localhost/%C1.S.cs/=1D806135A4717B746326E7CD294FF1E6BBF568495B481578B2D8EEA3FC73716C.
Jan 15, 2015 6:21:54 PM org.ccnx.ccn.io.CCNAbstractInputStream <init>
INFORMAÇÕES: CCNAbstractInputStream: /%C1.M.S.localhost/%C1.S.cs/=1D806135A4717B746326E7CD294FF1E6BBF568495B481578B2D8EEA3FC73716C segment 0
Jan 15, 2015 6:21:54 PM org.ccnx.ccn.io.CCNVersionedInputStream getFirstSegment
INFORMAÇÕES: getFirstSegment: getting latest version of /%C1.M.S.localhost/%C1.S.cs/=1D806135A4717B746326E7CD294FF1E6BBF568495B481578B2D8EEA3FC73716C
Jan 15, 2015 6:21:54 PM org.ccnx.ccn.profiles.VersioningProfile getLatestVersion
INFORMAÇÕES: gLV getLatestVersion: retrieved latest version object /%C1.M.S.localhost/%C1.S.cs/=1D806135A4717B746326E7CD294FF1E6BBF568495B481578B2D8EEA3FC73716C/=FD054B82F3AAA4/=00 type: DATA
Jan 15, 2015 6:21:54 PM org.ccnx.ccn.profiles.VersioningProfile getLatestVersion
INFORMAÇÕES: getFirstBlockOfLatestVersion: no block available for later version of /%C1.M.S.localhost/%C1.S.cs/=1D806135A4717B746326E7CD294FF1E6BBF568495B481578B2D8EEA3FC73716C/=FD054B82F3AAA4
Jan 15, 2015 6:21:54 PM org.ccnx.ccn.io.CCNVersionedInputStream getFirstSegment
INFORMAÇÕES: getFirstSegment: retrieved latest version object /%C1.M.S.localhost/%C1.S.cs/=1D806135A4717B746326E7CD294FF1E6BBF568495B481578B2D8EEA3FC73716C/=FD054B82F3AAA4/=00 type: DATA
Jan 15, 2015 6:21:54 PM org.ccnx.ccn.io.content.CCNNetworkObject createFlowController
INFORMAÇÕES: Created LOCALREPOSITORY flow controller, for prefix /%C1.M.S.localhost/%C1.S.cs/=1D806135A4717B746326E7CD294FF1E6BBF568495B481578B2D8EEA3FC73716C, save type LOCALREPOSITORY
Jan 15, 2015 6:21:54 PM org.ccnx.ccn.impl.CCNFlowControl addNameSpace
INFORMAÇÕES: Flow controller addNameSpace: added namespace: /%C1.M.S.localhost/%C1.S.cs/=1D806135A4717B746326E7CD294FF1E6BBF568495B481578B2D8EEA3FC73716C
Jan 15, 2015 6:21:54 PM org.ccnx.ccn.impl.security.keys.BasicKeyManager getKeyLocator
INFORMAÇÕES: getKeyLocator: returning locator NAME: /ccnx.org/Users/root/Keys/%C1.M.K=009234ADEC47D19E3E6A2AF362D44E09AB6B71F43B1900BA0622FB45F2A5B7D9F6/=FD054AE7DE1000 KEY:-reba89rgbj1o6ata34t5eovcl4kho5s9pnv8nstq15q1ld4g9ga for key kjSt7EfRnj5qKvNi1E4Jq2tx9DsZALoGIvtF8qW32fY=
Jan 15, 2015 6:21:54 PM org.ccnx.ccn.impl.CCNFlowControl addNameSpace
INFORMAÇÕES: addNameSpace: not adding name: /%C1.M.S.localhost/%C1.S.cs/=1D806135A4717B746326E7CD294FF1E6BBF568495B481578B2D8EEA3FC73716C/=FD054B82F727CF already monitoring prefix: /%C1.M.S.localhost/%C1.S.cs/=1D806135A4717B746326E7CD294FF1E6BBF568495B481578B2D8EEA3FC73716C
Jan 15, 2015 6:21:54 PM org.ccnx.ccn.impl.repo.RepositoryFlowControl startWrite
INFORMAÇÕES: RepositoryFlowControl.startWrite called for name /%C1.M.S.localhost/%C1.S.cs/=1D806135A4717B746326E7CD294FF1E6BBF568495B481578B2D8EEA3FC73716C/=FD054B82F727CF, shape STREAM
Jan 15, 2015 6:21:54 PM org.ccnx.ccn.impl.repo.RepositoryFlowControl handleContent
INFORMAÇÕES: handleContent: got potential repo message: /%C1.M.S.localhost/%C1.S.cs/=1D806135A4717B746326E7CD294FF1E6BBF568495B481578B2D8EEA3FC73716C/=FD054B82F727CF/%C1.R.sw/%C1.N%00ppG%3DA=C0F7B3
Jan 15, 2015 6:21:54 PM org.ccnx.ccn.io.content.CCNNetworkObject update
INFORMAÇÕES: Updating object to /%C1.M.S.localhost/%C1.S.cs/%BE0%12oa.=600BF662D2F4E2A3332DE1C78E7F036BFCDBCA9D03829E388D66.
Jan 15, 2015 6:21:54 PM org.ccnx.ccn.io.CCNAbstractInputStream <init>
INFORMAÇÕES: CCNAbstractInputStream: /%C1.M.S.localhost/%C1.S.cs/%BE0%12oa.=600BF662D2F4E2A3332DE1C78E7F036BFCDBCA9D03829E388D66 segment 0
Jan 15, 2015 6:21:54 PM org.ccnx.ccn.io.CCNVersionedInputStream getFirstSegment
INFORMAÇÕES: getFirstSegment: getting latest version of /%C1.M.S.localhost/%C1.S.cs/%BE0%12oa.=600BF662D2F4E2A3332DE1C78E7F036BFCDBCA9D03829E388D66
Jan 15, 2015 6:21:54 PM org.ccnx.ccn.profiles.VersioningProfile getLatestVersion
INFORMAÇÕES: gLV getLatestVersion: retrieved latest version object /%C1.M.S.localhost/%C1.S.cs/%BE0%12oa.=600BF662D2F4E2A3332DE1C78E7F036BFCDBCA9D03829E388D66/=FD054B82F3B0D5/=00 type: DATA
Jan 15, 2015 6:21:54 PM org.ccnx.ccn.profiles.VersioningProfile getLatestVersion
INFORMAÇÕES: getFirstBlockOfLatestVersion: no block available for later version of /%C1.M.S.localhost/%C1.S.cs/%BE0%12oa.=600BF662D2F4E2A3332DE1C78E7F036BFCDBCA9D03829E388D66/=FD054B82F3B0D5
Jan 15, 2015 6:21:54 PM org.ccnx.ccn.io.CCNVersionedInputStream getFirstSegment
INFORMAÇÕES: getFirstSegment: retrieved latest version object /%C1.M.S.localhost/%C1.S.cs/%BE0%12oa.=600BF662D2F4E2A3332DE1C78E7F036BFCDBCA9D03829E388D66/=FD054B82F3B0D5/=00 type: DATA
Jan 15, 2015 6:21:54 PM org.ccnx.ccn.io.content.CCNNetworkObject createFlowController
INFORMAÇÕES: Created LOCALREPOSITORY flow controller, for prefix /%C1.M.S.localhost/%C1.S.cs/%BE0%12oa.=600BF662D2F4E2A3332DE1C78E7F036BFCDBCA9D03829E388D66, save type LOCALREPOSITORY
Jan 15, 2015 6:21:54 PM org.ccnx.ccn.impl.CCNFlowControl addNameSpace
INFORMAÇÕES: Flow controller addNameSpace: added namespace: /%C1.M.S.localhost/%C1.S.cs/%BE0%12oa.=600BF662D2F4E2A3332DE1C78E7F036BFCDBCA9D03829E388D66
Jan 15, 2015 6:21:54 PM org.ccnx.ccn.impl.security.keys.BasicKeyManager getKeyLocator
INFORMAÇÕES: getKeyLocator: returning locator NAME: /ccnx.org/Users/root/Keys/%C1.M.K=009234ADEC47D19E3E6A2AF362D44E09AB6B71F43B1900BA0622FB45F2A5B7D9F6/=FD054AE7DE1000 KEY:-reba89rgbj1o6ata34t5eovcl4kho5s9pnv8nstq15q1ld4g9ga for key kjSt7EfRnj5qKvNi1E4Jq2tx9DsZALoGIvtF8qW32fY=
Jan 15, 2015 6:21:54 PM org.ccnx.ccn.impl.CCNFlowControl addNameSpace
INFORMAÇÕES: addNameSpace: not adding name: /%C1.M.S.localhost/%C1.S.cs/%BE0%12oa.=600BF662D2F4E2A3332DE1C78E7F036BFCDBCA9D03829E388D66/=FD054B82F72E08 already monitoring prefix: /%C1.M.S.localhost/%C1.S.cs/%BE0%12oa.=600BF662D2F4E2A3332DE1C78E7F036BFCDBCA9D03829E388D66
Jan 15, 2015 6:21:54 PM org.ccnx.ccn.impl.repo.RepositoryFlowControl startWrite
INFORMAÇÕES: RepositoryFlowControl.startWrite called for name /%C1.M.S.localhost/%C1.S.cs/%BE0%12oa.=600BF662D2F4E2A3332DE1C78E7F036BFCDBCA9D03829E388D66/=FD054B82F72E08, shape STREAM
Jan 15, 2015 6:21:54 PM org.ccnx.ccn.impl.repo.RepositoryFlowControl handleContent
INFORMAÇÕES: handleContent: got potential repo message: /%C1.M.S.localhost/%C1.S.cs/%BE0%12oa.=600BF662D2F4E2A3332DE1C78E7F036BFCDBCA9D03829E388D66/=FD054B82F72E08/%C1.R.sw/%C1.N=00FC6DAC42BD1DC047
Jan 15, 2015 6:21:54 PM org.ccnx.ccn.io.content.CCNNetworkObject update
INFORMAÇÕES: Updating object to /%C1.M.S.localhost/%C1.S.cs/%B4zy=A5D8C9B70B2D8C81577F9C55936E0325CCC671465CFC00E6E151FB3562.
Jan 15, 2015 6:21:54 PM org.ccnx.ccn.io.CCNAbstractInputStream <init>
INFORMAÇÕES: CCNAbstractInputStream: /%C1.M.S.localhost/%C1.S.cs/%B4zy=A5D8C9B70B2D8C81577F9C55936E0325CCC671465CFC00E6E151FB3562 segment 0
Jan 15, 2015 6:21:54 PM org.ccnx.ccn.io.CCNVersionedInputStream getFirstSegment
INFORMAÇÕES: getFirstSegment: getting latest version of /%C1.M.S.localhost/%C1.S.cs/%B4zy=A5D8C9B70B2D8C81577F9C55936E0325CCC671465CFC00E6E151FB3562
Jan 15, 2015 6:21:54 PM org.ccnx.ccn.profiles.VersioningProfile getLatestVersion
INFORMAÇÕES: gLV getLatestVersion: retrieved latest version object /%C1.M.S.localhost/%C1.S.cs/%B4zy=A5D8C9B70B2D8C81577F9C55936E0325CCC671465CFC00E6E151FB3562/=FD054B82F4E64A/=00 type: DATA
Jan 15, 2015 6:21:55 PM org.ccnx.ccn.profiles.VersioningProfile getLatestVersion
INFORMAÇÕES: getFirstBlockOfLatestVersion: no block available for later version of /%C1.M.S.localhost/%C1.S.cs/%B4zy=A5D8C9B70B2D8C81577F9C55936E0325CCC671465CFC00E6E151FB3562/=FD054B82F4E64A
Jan 15, 2015 6:21:55 PM org.ccnx.ccn.io.CCNVersionedInputStream getFirstSegment
INFORMAÇÕES: getFirstSegment: retrieved latest version object /%C1.M.S.localhost/%C1.S.cs/%B4zy=A5D8C9B70B2D8C81577F9C55936E0325CCC671465CFC00E6E151FB3562/=FD054B82F4E64A/=00 type: DATA
Jan 15, 2015 6:21:55 PM org.ccnx.ccn.io.content.CCNNetworkObject createFlowController
INFORMAÇÕES: Created LOCALREPOSITORY flow controller, for prefix /%C1.M.S.localhost/%C1.S.cs/%B4zy=A5D8C9B70B2D8C81577F9C55936E0325CCC671465CFC00E6E151FB3562, save type LOCALREPOSITORY
Jan 15, 2015 6:21:55 PM org.ccnx.ccn.impl.CCNFlowControl addNameSpace
INFORMAÇÕES: Flow controller addNameSpace: added namespace: /%C1.M.S.localhost/%C1.S.cs/%B4zy=A5D8C9B70B2D8C81577F9C55936E0325CCC671465CFC00E6E151FB3562
Jan 15, 2015 6:21:55 PM org.ccnx.ccn.impl.security.keys.BasicKeyManager getKeyLocator
INFORMAÇÕES: getKeyLocator: returning locator NAME: /ccnx.org/Users/root/Keys/%C1.M.K=009234ADEC47D19E3E6A2AF362D44E09AB6B71F43B1900BA0622FB45F2A5B7D9F6/=FD054AE7DE1000 KEY:-reba89rgbj1o6ata34t5eovcl4kho5s9pnv8nstq15q1ld4g9ga for key kjSt7EfRnj5qKvNi1E4Jq2tx9DsZALoGIvtF8qW32fY=
Jan 15, 2015 6:21:55 PM org.ccnx.ccn.impl.CCNFlowControl addNameSpace
INFORMAÇÕES: addNameSpace: not adding name: /%C1.M.S.localhost/%C1.S.cs/%B4zy=A5D8C9B70B2D8C81577F9C55936E0325CCC671465CFC00E6E151FB3562/=FD054B82F7347B already monitoring prefix: /%C1.M.S.localhost/%C1.S.cs/%B4zy=A5D8C9B70B2D8C81577F9C55936E0325CCC671465CFC00E6E151FB3562
Jan 15, 2015 6:21:55 PM org.ccnx.ccn.impl.repo.RepositoryFlowControl startWrite
INFORMAÇÕES: RepositoryFlowControl.startWrite called for name /%C1.M.S.localhost/%C1.S.cs/%B4zy=A5D8C9B70B2D8C81577F9C55936E0325CCC671465CFC00E6E151FB3562/=FD054B82F7347B, shape STREAM
Jan 15, 2015 6:21:55 PM org.ccnx.ccn.impl.repo.RepositoryFlowControl handleContent
INFORMAÇÕES: handleContent: got potential repo message: /%C1.M.S.localhost/%C1.S.cs/%B4zy=A5D8C9B70B2D8C81577F9C55936E0325CCC671465CFC00E6E151FB3562/=FD054B82F7347B/%C1.R.sw/%C1.N%00Sh=A7EE632DFA02
Jan 15, 2015 6:21:55 PM org.ccnx.ccn.io.content.CCNNetworkObject update
INFORMAÇÕES: Updating object to /%C1.M.S.localhost/%C1.S.cs/u=A914E4A1CFD9AC4A20CC7894E5972156F8F3B34A40DAFE8C0B160643B7F73B.
Jan 15, 2015 6:21:55 PM org.ccnx.ccn.io.CCNAbstractInputStream <init>
INFORMAÇÕES: CCNAbstractInputStream: /%C1.M.S.localhost/%C1.S.cs/u=A914E4A1CFD9AC4A20CC7894E5972156F8F3B34A40DAFE8C0B160643B7F73B segment 0
Jan 15, 2015 6:21:55 PM org.ccnx.ccn.io.CCNVersionedInputStream getFirstSegment
INFORMAÇÕES: getFirstSegment: getting latest version of /%C1.M.S.localhost/%C1.S.cs/u=A914E4A1CFD9AC4A20CC7894E5972156F8F3B34A40DAFE8C0B160643B7F73B
Jan 15, 2015 6:21:55 PM org.ccnx.ccn.profiles.VersioningProfile getLatestVersion
INFORMAÇÕES: gLV getLatestVersion: retrieved latest version object /%C1.M.S.localhost/%C1.S.cs/u=A914E4A1CFD9AC4A20CC7894E5972156F8F3B34A40DAFE8C0B160643B7F73B/=FD054B82F4ED27/=00 type: DATA
Jan 15, 2015 6:21:55 PM org.ccnx.ccn.profiles.VersioningProfile getLatestVersion
INFORMAÇÕES: getFirstBlockOfLatestVersion: no block available for later version of /%C1.M.S.localhost/%C1.S.cs/u=A914E4A1CFD9AC4A20CC7894E5972156F8F3B34A40DAFE8C0B160643B7F73B/=FD054B82F4ED27
Jan 15, 2015 6:21:55 PM org.ccnx.ccn.io.CCNVersionedInputStream getFirstSegment
INFORMAÇÕES: getFirstSegment: retrieved latest version object /%C1.M.S.localhost/%C1.S.cs/u=A914E4A1CFD9AC4A20CC7894E5972156F8F3B34A40DAFE8C0B160643B7F73B/=FD054B82F4ED27/=00 type: DATA
Jan 15, 2015 6:21:55 PM org.ccnx.ccn.io.content.CCNNetworkObject createFlowController
INFORMAÇÕES: Created LOCALREPOSITORY flow controller, for prefix /%C1.M.S.localhost/%C1.S.cs/u=A914E4A1CFD9AC4A20CC7894E5972156F8F3B34A40DAFE8C0B160643B7F73B, save type LOCALREPOSITORY
Jan 15, 2015 6:21:55 PM org.ccnx.ccn.impl.CCNFlowControl addNameSpace
INFORMAÇÕES: Flow controller addNameSpace: added namespace: /%C1.M.S.localhost/%C1.S.cs/u=A914E4A1CFD9AC4A20CC7894E5972156F8F3B34A40DAFE8C0B160643B7F73B
Jan 15, 2015 6:21:55 PM org.ccnx.ccn.impl.security.keys.BasicKeyManager getKeyLocator
INFORMAÇÕES: getKeyLocator: returning locator NAME: /ccnx.org/Users/root/Keys/%C1.M.K=009234ADEC47D19E3E6A2AF362D44E09AB6B71F43B1900BA0622FB45F2A5B7D9F6/=FD054AE7DE1000 KEY:-reba89rgbj1o6ata34t5eovcl4kho5s9pnv8nstq15q1ld4g9ga for key kjSt7EfRnj5qKvNi1E4Jq2tx9DsZALoGIvtF8qW32fY=
Jan 15, 2015 6:21:55 PM org.ccnx.ccn.impl.CCNFlowControl addNameSpace
INFORMAÇÕES: addNameSpace: not adding name: /%C1.M.S.localhost/%C1.S.cs/u=A914E4A1CFD9AC4A20CC7894E5972156F8F3B34A40DAFE8C0B160643B7F73B/=FD054B82F73B02 already monitoring prefix: /%C1.M.S.localhost/%C1.S.cs/u=A914E4A1CFD9AC4A20CC7894E5972156F8F3B34A40DAFE8C0B160643B7F73B
Jan 15, 2015 6:21:55 PM org.ccnx.ccn.impl.repo.RepositoryFlowControl startWrite
INFORMAÇÕES: RepositoryFlowControl.startWrite called for name /%C1.M.S.localhost/%C1.S.cs/u=A914E4A1CFD9AC4A20CC7894E5972156F8F3B34A40DAFE8C0B160643B7F73B/=FD054B82F73B02, shape STREAM
Jan 15, 2015 6:21:55 PM org.ccnx.ccn.impl.repo.RepositoryFlowControl handleContent
INFORMAÇÕES: handleContent: got potential repo message: /%C1.M.S.localhost/%C1.S.cs/u=A914E4A1CFD9AC4A20CC7894E5972156F8F3B34A40DAFE8C0B160643B7F73B/=FD054B82F73B02/%C1.R.sw/%C1.N=00D63C59592E55846E
Jan 15, 2015 6:21:55 PM org.ccnx.ccn.io.content.CCNNetworkObject update
INFORMAÇÕES: Updating object to /%C1.M.S.localhost/%C1.S.cs/x%E7U.=86853EF050D99AC7B6E19C29B7AECFA1B2568CAD74E733BCB2443F63.
Jan 15, 2015 6:21:55 PM org.ccnx.ccn.io.CCNAbstractInputStream <init>
INFORMAÇÕES: CCNAbstractInputStream: /%C1.M.S.localhost/%C1.S.cs/x%E7U.=86853EF050D99AC7B6E19C29B7AECFA1B2568CAD74E733BCB2443F63 segment 0
Jan 15, 2015 6:21:55 PM org.ccnx.ccn.io.CCNVersionedInputStream getFirstSegment
INFORMAÇÕES: getFirstSegment: getting latest version of /%C1.M.S.localhost/%C1.S.cs/x%E7U.=86853EF050D99AC7B6E19C29B7AECFA1B2568CAD74E733BCB2443F63
Jan 15, 2015 6:21:55 PM org.ccnx.ccn.profiles.VersioningProfile getLatestVersion
INFORMAÇÕES: gLV getLatestVersion: retrieved latest version object /%C1.M.S.localhost/%C1.S.cs/x%E7U.=86853EF050D99AC7B6E19C29B7AECFA1B2568CAD74E733BCB2443F63/=FD054B82F53E25/=00 type: DATA
Jan 15, 2015 6:21:56 PM org.ccnx.ccn.profiles.VersioningProfile getLatestVersion
INFORMAÇÕES: getFirstBlockOfLatestVersion: no block available for later version of /%C1.M.S.localhost/%C1.S.cs/x%E7U.=86853EF050D99AC7B6E19C29B7AECFA1B2568CAD74E733BCB2443F63/=FD054B82F53E25
Jan 15, 2015 6:21:56 PM org.ccnx.ccn.io.CCNVersionedInputStream getFirstSegment
INFORMAÇÕES: getFirstSegment: retrieved latest version object /%C1.M.S.localhost/%C1.S.cs/x%E7U.=86853EF050D99AC7B6E19C29B7AECFA1B2568CAD74E733BCB2443F63/=FD054B82F53E25/=00 type: DATA
Jan 15, 2015 6:21:56 PM org.ccnx.ccn.io.content.CCNNetworkObject createFlowController
INFORMAÇÕES: Created LOCALREPOSITORY flow controller, for prefix /%C1.M.S.localhost/%C1.S.cs/x%E7U.=86853EF050D99AC7B6E19C29B7AECFA1B2568CAD74E733BCB2443F63, save type LOCALREPOSITORY
Jan 15, 2015 6:21:56 PM org.ccnx.ccn.impl.CCNFlowControl addNameSpace
INFORMAÇÕES: Flow controller addNameSpace: added namespace: /%C1.M.S.localhost/%C1.S.cs/x%E7U.=86853EF050D99AC7B6E19C29B7AECFA1B2568CAD74E733BCB2443F63
Jan 15, 2015 6:21:56 PM org.ccnx.ccn.impl.security.keys.BasicKeyManager getKeyLocator
INFORMAÇÕES: getKeyLocator: returning locator NAME: /ccnx.org/Users/root/Keys/%C1.M.K=009234ADEC47D19E3E6A2AF362D44E09AB6B71F43B1900BA0622FB45F2A5B7D9F6/=FD054AE7DE1000 KEY:-reba89rgbj1o6ata34t5eovcl4kho5s9pnv8nstq15q1ld4g9ga for key kjSt7EfRnj5qKvNi1E4Jq2tx9DsZALoGIvtF8qW32fY=
Jan 15, 2015 6:21:56 PM org.ccnx.ccn.impl.CCNFlowControl addNameSpace
INFORMAÇÕES: addNameSpace: not adding name: /%C1.M.S.localhost/%C1.S.cs/x%E7U.=86853EF050D99AC7B6E19C29B7AECFA1B2568CAD74E733BCB2443F63/=FD054B82F741BA already monitoring prefix: /%C1.M.S.localhost/%C1.S.cs/x%E7U.=86853EF050D99AC7B6E19C29B7AECFA1B2568CAD74E733BCB2443F63
Jan 15, 2015 6:21:56 PM org.ccnx.ccn.impl.repo.RepositoryFlowControl startWrite
INFORMAÇÕES: RepositoryFlowControl.startWrite called for name /%C1.M.S.localhost/%C1.S.cs/x%E7U.=86853EF050D99AC7B6E19C29B7AECFA1B2568CAD74E733BCB2443F63/=FD054B82F741BA, shape STREAM
Jan 15, 2015 6:21:56 PM org.ccnx.ccn.impl.repo.RepositoryFlowControl handleContent
INFORMAÇÕES: handleContent: got potential repo message: /%C1.M.S.localhost/%C1.S.cs/x%E7U.=86853EF050D99AC7B6E19C29B7AECFA1B2568CAD74E733BCB2443F63/=FD054B82F741BA/%C1.R.sw/%C1.N=00ACBFB7601DB07704
Jan 15, 2015 6:21:56 PM org.ccnx.ccn.io.content.CCNNetworkObject update
INFORMAÇÕES: Updating object to /%C1.M.S.localhost/%C1.S.cs/=E528BA19F0A71890166594587BF0EC5948B925657AE64859FB6818B2EB71A1E3.
Jan 15, 2015 6:21:56 PM org.ccnx.ccn.io.CCNAbstractInputStream <init>
INFORMAÇÕES: CCNAbstractInputStream: /%C1.M.S.localhost/%C1.S.cs/=E528BA19F0A71890166594587BF0EC5948B925657AE64859FB6818B2EB71A1E3 segment 0
Jan 15, 2015 6:21:56 PM org.ccnx.ccn.io.CCNVersionedInputStream getFirstSegment
INFORMAÇÕES: getFirstSegment: getting latest version of /%C1.M.S.localhost/%C1.S.cs/=E528BA19F0A71890166594587BF0EC5948B925657AE64859FB6818B2EB71A1E3
Jan 15, 2015 6:21:56 PM org.ccnx.ccn.profiles.VersioningProfile getLatestVersion
INFORMAÇÕES: gLV getLatestVersion: retrieved latest version object /%C1.M.S.localhost/%C1.S.cs/=E528BA19F0A71890166594587BF0EC5948B925657AE64859FB6818B2EB71A1E3/=FD054B82F64D68/=00 type: DATA
Jan 15, 2015 6:21:56 PM org.ccnx.ccn.profiles.VersioningProfile getLatestVersion
INFORMAÇÕES: getFirstBlockOfLatestVersion: no block available for later version of /%C1.M.S.localhost/%C1.S.cs/=E528BA19F0A71890166594587BF0EC5948B925657AE64859FB6818B2EB71A1E3/=FD054B82F64D68
Jan 15, 2015 6:21:56 PM org.ccnx.ccn.io.CCNVersionedInputStream getFirstSegment
INFORMAÇÕES: getFirstSegment: retrieved latest version object /%C1.M.S.localhost/%C1.S.cs/=E528BA19F0A71890166594587BF0EC5948B925657AE64859FB6818B2EB71A1E3/=FD054B82F64D68/=00 type: DATA
Jan 15, 2015 6:21:56 PM org.ccnx.ccn.io.content.CCNNetworkObject createFlowController
INFORMAÇÕES: Created LOCALREPOSITORY flow controller, for prefix /%C1.M.S.localhost/%C1.S.cs/=E528BA19F0A71890166594587BF0EC5948B925657AE64859FB6818B2EB71A1E3, save type LOCALREPOSITORY
Jan 15, 2015 6:21:56 PM org.ccnx.ccn.impl.CCNFlowControl addNameSpace
INFORMAÇÕES: Flow controller addNameSpace: added namespace: /%C1.M.S.localhost/%C1.S.cs/=E528BA19F0A71890166594587BF0EC5948B925657AE64859FB6818B2EB71A1E3
Jan 15, 2015 6:21:56 PM org.ccnx.ccn.impl.security.keys.BasicKeyManager getKeyLocator
INFORMAÇÕES: getKeyLocator: returning locator NAME: /ccnx.org/Users/root/Keys/%C1.M.K=009234ADEC47D19E3E6A2AF362D44E09AB6B71F43B1900BA0622FB45F2A5B7D9F6/=FD054AE7DE1000 KEY:-reba89rgbj1o6ata34t5eovcl4kho5s9pnv8nstq15q1ld4g9ga for key kjSt7EfRnj5qKvNi1E4Jq2tx9DsZALoGIvtF8qW32fY=
Jan 15, 2015 6:21:56 PM org.ccnx.ccn.impl.CCNFlowControl addNameSpace
INFORMAÇÕES: addNameSpace: not adding name: /%C1.M.S.localhost/%C1.S.cs/=E528BA19F0A71890166594587BF0EC5948B925657AE64859FB6818B2EB71A1E3/=FD054B82F74862 already monitoring prefix: /%C1.M.S.localhost/%C1.S.cs/=E528BA19F0A71890166594587BF0EC5948B925657AE64859FB6818B2EB71A1E3
Jan 15, 2015 6:21:56 PM org.ccnx.ccn.impl.repo.RepositoryFlowControl startWrite
INFORMAÇÕES: RepositoryFlowControl.startWrite called for name /%C1.M.S.localhost/%C1.S.cs/=E528BA19F0A71890166594587BF0EC5948B925657AE64859FB6818B2EB71A1E3/=FD054B82F74862, shape STREAM
Jan 15, 2015 6:21:56 PM org.ccnx.ccn.impl.repo.RepositoryFlowControl handleContent
INFORMAÇÕES: handleContent: got potential repo message: /%C1.M.S.localhost/%C1.S.cs/=E528BA19F0A71890166594587BF0EC5948B925657AE64859FB6818B2EB71A1E3/=FD054B82F74862/%C1.R.sw/%C1.N%00B%131=1B7D39A93E
Jan 15, 2015 6:21:56 PM org.ccnx.ccn.io.content.CCNNetworkObject update
INFORMAÇÕES: Updating object to /%C1.M.S.localhost/%C1.S.cs/V=FDD569EEB4DFDF2B8BAAE824EF2BDF8AC8EA229DB9F2ABC41EA0A651D8396B.
Jan 15, 2015 6:21:56 PM org.ccnx.ccn.io.CCNAbstractInputStream <init>
INFORMAÇÕES: CCNAbstractInputStream: /%C1.M.S.localhost/%C1.S.cs/V=FDD569EEB4DFDF2B8BAAE824EF2BDF8AC8EA229DB9F2ABC41EA0A651D8396B segment 0
Jan 15, 2015 6:21:56 PM org.ccnx.ccn.io.CCNVersionedInputStream getFirstSegment
INFORMAÇÕES: getFirstSegment: getting latest version of /%C1.M.S.localhost/%C1.S.cs/V=FDD569EEB4DFDF2B8BAAE824EF2BDF8AC8EA229DB9F2ABC41EA0A651D8396B
Jan 15, 2015 6:21:56 PM org.ccnx.ccn.profiles.VersioningProfile getLatestVersion
INFORMAÇÕES: gLV getLatestVersion: retrieved latest version object /%C1.M.S.localhost/%C1.S.cs/V=FDD569EEB4DFDF2B8BAAE824EF2BDF8AC8EA229DB9F2ABC41EA0A651D8396B/=FD054B82F657E3/=00 type: DATA
Jan 15, 2015 6:21:56 PM org.ccnx.ccn.profiles.VersioningProfile getLatestVersion
INFORMAÇÕES: getFirstBlockOfLatestVersion: no block available for later version of /%C1.M.S.localhost/%C1.S.cs/V=FDD569EEB4DFDF2B8BAAE824EF2BDF8AC8EA229DB9F2ABC41EA0A651D8396B/=FD054B82F657E3
Jan 15, 2015 6:21:56 PM org.ccnx.ccn.io.CCNVersionedInputStream getFirstSegment
INFORMAÇÕES: getFirstSegment: retrieved latest version object /%C1.M.S.localhost/%C1.S.cs/V=FDD569EEB4DFDF2B8BAAE824EF2BDF8AC8EA229DB9F2ABC41EA0A651D8396B/=FD054B82F657E3/=00 type: DATA
Jan 15, 2015 6:21:56 PM org.ccnx.ccn.io.content.CCNNetworkObject createFlowController
INFORMAÇÕES: Created LOCALREPOSITORY flow controller, for prefix /%C1.M.S.localhost/%C1.S.cs/V=FDD569EEB4DFDF2B8BAAE824EF2BDF8AC8EA229DB9F2ABC41EA0A651D8396B, save type LOCALREPOSITORY
Jan 15, 2015 6:21:56 PM org.ccnx.ccn.impl.CCNFlowControl addNameSpace
INFORMAÇÕES: Flow controller addNameSpace: added namespace: /%C1.M.S.localhost/%C1.S.cs/V=FDD569EEB4DFDF2B8BAAE824EF2BDF8AC8EA229DB9F2ABC41EA0A651D8396B
Jan 15, 2015 6:21:56 PM org.ccnx.ccn.impl.security.keys.BasicKeyManager getKeyLocator
INFORMAÇÕES: getKeyLocator: returning locator NAME: /ccnx.org/Users/root/Keys/%C1.M.K=009234ADEC47D19E3E6A2AF362D44E09AB6B71F43B1900BA0622FB45F2A5B7D9F6/=FD054AE7DE1000 KEY:-reba89rgbj1o6ata34t5eovcl4kho5s9pnv8nstq15q1ld4g9ga for key kjSt7EfRnj5qKvNi1E4Jq2tx9DsZALoGIvtF8qW32fY=
Jan 15, 2015 6:21:56 PM org.ccnx.ccn.impl.CCNFlowControl addNameSpace
INFORMAÇÕES: addNameSpace: not adding name: /%C1.M.S.localhost/%C1.S.cs/V=FDD569EEB4DFDF2B8BAAE824EF2BDF8AC8EA229DB9F2ABC41EA0A651D8396B/=FD054B82F74F96 already monitoring prefix: /%C1.M.S.localhost/%C1.S.cs/V=FDD569EEB4DFDF2B8BAAE824EF2BDF8AC8EA229DB9F2ABC41EA0A651D8396B
Jan 15, 2015 6:21:56 PM org.ccnx.ccn.impl.repo.RepositoryFlowControl startWrite
INFORMAÇÕES: RepositoryFlowControl.startWrite called for name /%C1.M.S.localhost/%C1.S.cs/V=FDD569EEB4DFDF2B8BAAE824EF2BDF8AC8EA229DB9F2ABC41EA0A651D8396B/=FD054B82F74F96, shape STREAM
Jan 15, 2015 6:21:57 PM org.ccnx.ccn.impl.repo.RepositoryFlowControl handleContent
INFORMAÇÕES: handleContent: got potential repo message: /%C1.M.S.localhost/%C1.S.cs/V=FDD569EEB4DFDF2B8BAAE824EF2BDF8AC8EA229DB9F2ABC41EA0A651D8396B/=FD054B82F74F96/%C1.R.sw/%C1.N=00FCD54113ED6311E1
Jan 15, 2015 6:21:57 PM org.ccnx.ccn.io.content.CCNNetworkObject update
INFORMAÇÕES: Updating object to /%C1.M.S.localhost/%C1.S.cs/-%0At=A9FCBB6E15FA2D6B6641873BC86B4DD903F19B0F107FFC9D229A5B870F.
Jan 15, 2015 6:21:57 PM org.ccnx.ccn.io.CCNAbstractInputStream <init>
INFORMAÇÕES: CCNAbstractInputStream: /%C1.M.S.localhost/%C1.S.cs/-%0At=A9FCBB6E15FA2D6B6641873BC86B4DD903F19B0F107FFC9D229A5B870F segment 0
Jan 15, 2015 6:21:57 PM org.ccnx.ccn.io.CCNVersionedInputStream getFirstSegment
INFORMAÇÕES: getFirstSegment: getting latest version of /%C1.M.S.localhost/%C1.S.cs/-%0At=A9FCBB6E15FA2D6B6641873BC86B4DD903F19B0F107FFC9D229A5B870F
Jan 15, 2015 6:21:57 PM org.ccnx.ccn.profiles.VersioningProfile getLatestVersion
INFORMAÇÕES: gLV getLatestVersion: retrieved latest version object /%C1.M.S.localhost/%C1.S.cs/-%0At=A9FCBB6E15FA2D6B6641873BC86B4DD903F19B0F107FFC9D229A5B870F/=FD054B82F6A7B2/=00 type: DATA
Jan 15, 2015 6:21:57 PM org.ccnx.ccn.profiles.VersioningProfile getLatestVersion
INFORMAÇÕES: getFirstBlockOfLatestVersion: no block available for later version of /%C1.M.S.localhost/%C1.S.cs/-%0At=A9FCBB6E15FA2D6B6641873BC86B4DD903F19B0F107FFC9D229A5B870F/=FD054B82F6A7B2
Jan 15, 2015 6:21:57 PM org.ccnx.ccn.io.CCNVersionedInputStream getFirstSegment
INFORMAÇÕES: getFirstSegment: retrieved latest version object /%C1.M.S.localhost/%C1.S.cs/-%0At=A9FCBB6E15FA2D6B6641873BC86B4DD903F19B0F107FFC9D229A5B870F/=FD054B82F6A7B2/=00 type: DATA
Jan 15, 2015 6:21:57 PM org.ccnx.ccn.io.content.CCNNetworkObject createFlowController
INFORMAÇÕES: Created LOCALREPOSITORY flow controller, for prefix /%C1.M.S.localhost/%C1.S.cs/-%0At=A9FCBB6E15FA2D6B6641873BC86B4DD903F19B0F107FFC9D229A5B870F, save type LOCALREPOSITORY
Jan 15, 2015 6:21:57 PM org.ccnx.ccn.impl.CCNFlowControl addNameSpace
INFORMAÇÕES: Flow controller addNameSpace: added namespace: /%C1.M.S.localhost/%C1.S.cs/-%0At=A9FCBB6E15FA2D6B6641873BC86B4DD903F19B0F107FFC9D229A5B870F
Jan 15, 2015 6:21:57 PM org.ccnx.ccn.impl.security.keys.BasicKeyManager getKeyLocator
INFORMAÇÕES: getKeyLocator: returning locator NAME: /ccnx.org/Users/root/Keys/%C1.M.K=009234ADEC47D19E3E6A2AF362D44E09AB6B71F43B1900BA0622FB45F2A5B7D9F6/=FD054AE7DE1000 KEY:-reba89rgbj1o6ata34t5eovcl4kho5s9pnv8nstq15q1ld4g9ga for key kjSt7EfRnj5qKvNi1E4Jq2tx9DsZALoGIvtF8qW32fY=
Jan 15, 2015 6:21:57 PM org.ccnx.ccn.impl.CCNFlowControl addNameSpace
INFORMAÇÕES: addNameSpace: not adding name: /%C1.M.S.localhost/%C1.S.cs/-%0At=A9FCBB6E15FA2D6B6641873BC86B4DD903F19B0F107FFC9D229A5B870F/=FD054B82F75625 already monitoring prefix: /%C1.M.S.localhost/%C1.S.cs/-%0At=A9FCBB6E15FA2D6B6641873BC86B4DD903F19B0F107FFC9D229A5B870F
Jan 15, 2015 6:21:57 PM org.ccnx.ccn.impl.repo.RepositoryFlowControl startWrite
INFORMAÇÕES: RepositoryFlowControl.startWrite called for name /%C1.M.S.localhost/%C1.S.cs/-%0At=A9FCBB6E15FA2D6B6641873BC86B4DD903F19B0F107FFC9D229A5B870F/=FD054B82F75625, shape STREAM
Jan 15, 2015 6:21:57 PM org.ccnx.ccn.impl.repo.RepositoryFlowControl handleContent
INFORMAÇÕES: handleContent: got potential repo message: /%C1.M.S.localhost/%C1.S.cs/-%0At=A9FCBB6E15FA2D6B6641873BC86B4DD903F19B0F107FFC9D229A5B870F/=FD054B82F75625/%C1.R.sw/%C1.N=000E97E2BC976C4BF2
Jan 15, 2015 6:21:57 PM org.ccnx.ccn.impl.CCNNetworkManager shutdown
INFORMAÇÕES: NetworkManager 2: Shutdown requested
Jan 15, 2015 6:21:57 PM org.ccnx.ccn.impl.CCNNetworkChannel close
INFORMAÇÕES: NetworkChannel 2: close(false)
Jan 15, 2015 6:21:57 PM org.ccnx.ccn.impl.CCNNetworkManager run
INFORMAÇÕES: NetworkManager 2: Shutdown complete for port: 63000
Jan 15, 2015 6:21:57 PM org.ccnx.ccn.impl.CCNNetworkManager shutdown
INFORMAÇÕES: NetworkManager 3: Shutdown requested
Jan 15, 2015 6:21:57 PM org.ccnx.ccn.impl.CCNNetworkChannel close
INFORMAÇÕES: NetworkChannel 3: close(false)
Jan 15, 2015 6:21:57 PM org.ccnx.ccn.impl.CCNNetworkManager run
INFORMAÇÕES: NetworkManager 3: Shutdown complete for port: 63000
Jan 15, 2015 6:21:57 PM org.ccnx.ccn.impl.CCNNetworkManager shutdown
INFORMAÇÕES: NetworkManager 1: Shutdown requested
Jan 15, 2015 6:21:57 PM org.ccnx.ccn.impl.CCNNetworkManager run
INFORMAÇÕES: NetworkManager 1: Shutdown complete for port: 63000
Jan 15, 2015 6:21:57 PM org.ccnx.ccn.impl.CCNNetworkChannel close
INFORMAÇÕES: NetworkChannel 1: close(false)
Jan 15, 2015 6:21:57 PM org.ccnx.ccn.impl.security.keys.BasicKeyManager saveSecureKeyCache
INFORMAÇÕES: Not saving key manager secure key cache data in response to user configuration variable.
]]></system-err>
</testsuite>
