<?xml version="1.0" encoding="UTF-8" ?>
<testsuite errors="0" failures="0" hostname="barbara-Notebook" name="org.ccnx.ccn.protocol.ContentNameTest" skipped="0" tests="16" time="2.125" timestamp="2015-01-15T21:14:17">
  <properties>
    <property name="java.vendor" value="Oracle Corporation" />
    <property name="src.test.dir" value="/home/barbara/jaime/ccnx-0.8.1/javasrc/src/test" />
    <property name="jarfile" value="/home/barbara/jaime/ccnx-0.8.1/javasrc/ccn.jar" />
    <property name="PROTOCOL_KEY" value="ccn.agent.protocol" />
    <property name="sun.java.launcher" value="SUN_STANDARD" />
    <property name="sun.management.compiler" value="HotSpot 64-Bit Tiered Compilers" />
    <property name="ccnr" value="/home/barbara/jaime/ccnx-0.8.1/csrc/ccnr/ccnr" />
    <property name="jarfile-base" value="ccn.jar" />
    <property name="env.MAKELEVEL" value="2" />
    <property name="ccn-libs-basedir" value="/home/barbara/jaime/ccnx-0.8.1/javasrc" />
    <property name="env.SUDO_COMMAND" value="/usr/bin/make test" />
    <property name="ant.file.type.java-ccnx" value="file" />
    <property name="REPO_GLOBAL" value="/parc.com/csl/ccn/repositories/TestRepository" />
    <property name="CCND_CAP" value="50000" />
    <property name="lib" value="/home/barbara/jaime/ccnx-0.8.1/javasrc/lib" />
    <property name="SYNC_NOISY" value="FINEST" />
    <property name="os.name" value="Linux" />
    <property name="sun.boot.class.path" value="/usr/lib/jvm/java-7-openjdk-amd64/jre/lib/resources.jar:/usr/lib/jvm/java-7-openjdk-amd64/jre/lib/rt.jar:/usr/lib/jvm/java-7-openjdk-amd64/jre/lib/sunrsasign.jar:/usr/lib/jvm/java-7-openjdk-amd64/jre/lib/jsse.jar:/usr/lib/jvm/java-7-openjdk-amd64/jre/lib/jce.jar:/usr/lib/jvm/java-7-openjdk-amd64/jre/lib/charsets.jar:/usr/lib/jvm/java-7-openjdk-amd64/jre/lib/rhino.jar:/usr/lib/jvm/java-7-openjdk-amd64/jre/lib/jfr.jar:/usr/lib/jvm/java-7-openjdk-amd64/jre/classes" />
    <property name="env.PWD" value="/home/barbara/jaime/ccnx-0.8.1/javasrc" />
    <property name="JAVA_MEMORY" value="1g" />
    <property name="env.LANG" value="pt_BR.UTF-8" />
    <property name="java.vm.specification.vendor" value="Oracle Corporation" />
    <property name="ccnd" value="/home/barbara/jaime/ccnx-0.8.1/csrc/ccnd/ccnd" />
    <property name="ant.home" value="/usr/share/ant" />
    <property name="java.runtime.version" value="1.7.0_65-b32" />
    <property name="org.ccnx.ccn.LogDir" value="/home/barbara/jaime/ccnx-0.8.1/javasrc/testout/log" />
    <property name="env.DISPLAY" value=":0" />
    <property name="REPO_ROOT" value="/home/barbara/jaime/ccnx-0.8.1/javasrc/testout/repotest" />
    <property name="user.name" value="root" />
    <property name="CCND_CMD" value="../../csrc/ccnd/ccnd" />
    <property name="env.USER" value="root" />
    <property name="env.SHELL" value="/bin/bash" />
    <property name="DEBUG_OPTIONS" value="" />
    <property name="env.PATH" value="/usr/local/sbin:/usr/local/bin:/usr/sbin:/usr/bin:/sbin:/bin" />
    <property name="user.language" value="pt" />
    <property name="build" value="/home/barbara/jaime/ccnx-0.8.1/javasrc/build" />
    <property name="sun.boot.library.path" value="/usr/lib/jvm/java-7-openjdk-amd64/jre/lib/amd64" />
    <property name="ant.project.default-target" value="jar" />
    <property name="ant.project.name" value="java-ccnx" />
    <property name="java.version" value="1.7.0_65" />
    <property name="user.timezone" value="" />
    <property name="sun.arch.data.model" value="64" />
    <property name="testout" value="/home/barbara/jaime/ccnx-0.8.1/javasrc/testout" />
    <property name="java.endorsed.dirs" value="/usr/lib/jvm/java-7-openjdk-amd64/jre/lib/endorsed" />
    <property name="sun.cpu.isalist" value="" />
    <property name="sun.jnu.encoding" value="UTF-8" />
    <property name="file.encoding.pkg" value="sun.io" />
    <property name="showoutput" value="no" />
    <property name="file.separator" value="/" />
    <property name="java.specification.name" value="Java Platform API Specification" />
    <property name="USE_KEY_CONFIG_VAL" value="false" />
    <property name="repo2" value="true" />
    <property name="java.class.version" value="51.0" />
    <property name="TOP_DIR" value="../src/systemtest" />
    <property name="user.country" value="BR" />
    <property name="java.home" value="/usr/lib/jvm/java-7-openjdk-amd64/jre" />
    <property name="java.vm.info" value="mixed mode" />
    <property name="env.LOGNAME" value="root" />
    <property name="ant.file" value="/home/barbara/jaime/ccnx-0.8.1/javasrc/build.xml" />
    <property name="os.version" value="3.16.0-29-generic" />
    <property name="REPO_LOCAL_ROOT" value="repotest" />
    <property name="ant.file.type.ccn-libs" value="file" />
    <property name="REPO_LOCAL" value="TestRepository" />
    <property name="path.separator" value=":" />
    <property name="java.vm.version" value="24.65-b04" />
    <property name="env.LANGUAGE" value="pt_BR:pt:en" />
    <property name="EXIT_ON_ERROR" value="org.ccnx.ExitOnNetworkError" />
    <property name="ant.library.dir" value="/usr/share/ant/lib" />
    <property name="java.awt.printerjob" value="sun.print.PSPrinterJob" />
    <property name="env.TERM" value="xterm" />
    <property name="sun.io.unicode.encoding" value="UnicodeLittle" />
    <property name="env.SUDO_UID" value="1000" />
    <property name="awt.toolkit" value="sun.awt.X11.XToolkit" />
    <property name="build-excludes" value="bin/**, log/**, lib/**, libsrc/**, repository/**, build/**, testout/**, ktrace.out, CCN_DEBUG_DATA/**" />
    <property name="user.home" value="/root" />
    <property name="env.OLDPWD" value="/home/barbara/jaime/ccnx-0.8.1" />
    <property name="java.specification.vendor" value="Oracle Corporation" />
    <property name="env.MFLAGS" value="-w" />
    <property name="LOGDIR_KEY" value="org.ccnx.ccn.LogDir" />
    <property name="java.library.path" value="/usr/java/packages/lib/amd64:/usr/lib/x86_64-linux-gnu/jni:/lib/x86_64-linux-gnu:/usr/lib/x86_64-linux-gnu:/usr/lib/jni:/lib:/usr/lib" />
    <property name="java.vendor.url" value="http://java.oracle.com/" />
    <property name="org.ccnx.ExitOnNetworkError" value="true" />
    <property name="java.vm.vendor" value="Oracle Corporation" />
    <property name="CCND_DEBUG" value="87" />
    <property name="env.MAKEFLAGS" value="w" />
    <property name="java.runtime.name" value="OpenJDK Runtime Environment" />
    <property name="ant.version" value="Apache Ant(TM) version 1.9.4 compiled on May 9 2014" />
    <property name="sun.java.command" value="org.apache.tools.ant.taskdefs.optional.junit.JUnitTestRunner testsfile=/home/barbara/jaime/ccnx-0.8.1/javasrc/junittestcases1462170099768281472.properties skipNonTests=false filtertrace=true haltOnError=false haltOnFailure=true formatter=org.apache.tools.ant.taskdefs.optional.junit.SummaryJUnitResultFormatter showoutput=false outputtoformatters=true logfailedtests=true threadid=0 logtestlistenerevents=false formatter=org.apache.tools.ant.taskdefs.optional.junit.XMLJUnitResultFormatter,/home/barbara/jaime/ccnx-0.8.1/javasrc/testout/IGNORETHIS.xml crashfile=/home/barbara/jaime/ccnx-0.8.1/javasrc/junitvmwatcher5036258342219891368.properties propsfile=/home/barbara/jaime/ccnx-0.8.1/javasrc/junit5243022120953898793.properties" />
    <property name="java.class.path" value="/home/barbara/jaime/ccnx-0.8.1/javasrc/lib/bcprov-jdk16-143.jar:/home/barbara/jaime/ccnx-0.8.1/javasrc/lib/kxml2-2.3.0.jar:/home/barbara/jaime/ccnx-0.8.1/javasrc/lib/junit-4.3.1.jar:/home/barbara/jaime/ccnx-0.8.1/javasrc/ccn.jar:/usr/share/java/ant-launcher-1.9.4.jar:/usr/share/ant/lib/ant.jar:/usr/share/ant/lib/ant-junit.jar:/usr/share/ant/lib/ant-junit4.jar" />
    <property name="xml-jar" value="/home/barbara/jaime/ccnx-0.8.1/javasrc/lib/kxml2-2.3.0.jar" />
    <property name="junit-jar" value="/home/barbara/jaime/ccnx-0.8.1/javasrc/lib/junit-4.3.1.jar" />
    <property name="java.vm.specification.name" value="Java Virtual Machine Specification" />
    <property name="bcprov-jar" value="/home/barbara/jaime/ccnx-0.8.1/javasrc/lib/bcprov-jdk16-143.jar" />
    <property name="ant.file.type" value="file" />
    <property name="java.vm.specification.version" value="1.7" />
    <property name="sun.cpu.endian" value="little" />
    <property name="sun.os.patch.level" value="unknown" />
    <property name="cmddir" value="/home/barbara/jaime/ccnx-0.8.1/csrc/cmd" />
    <property name="env.HOME" value="/home/barbara" />
    <property name="env.LS_COLORS" value="rs=0:di=01;34:ln=01;36:mh=00:pi=40;33:so=01;35:do=01;35:bd=40;33;01:cd=40;33;01:or=40;31;01:su=37;41:sg=30;43:ca=30;41:tw=30;42:ow=34;42:st=37;44:ex=01;32:*.tar=01;31:*.tgz=01;31:*.arc=01;31:*.arj=01;31:*.taz=01;31:*.lha=01;31:*.lz4=01;31:*.lzh=01;31:*.lzma=01;31:*.tlz=01;31:*.txz=01;31:*.tzo=01;31:*.t7z=01;31:*.zip=01;31:*.z=01;31:*.Z=01;31:*.dz=01;31:*.gz=01;31:*.lrz=01;31:*.lz=01;31:*.lzo=01;31:*.xz=01;31:*.bz2=01;31:*.bz=01;31:*.tbz=01;31:*.tbz2=01;31:*.tz=01;31:*.deb=01;31:*.rpm=01;31:*.jar=01;31:*.war=01;31:*.ear=01;31:*.sar=01;31:*.rar=01;31:*.alz=01;31:*.ace=01;31:*.zoo=01;31:*.cpio=01;31:*.7z=01;31:*.rz=01;31:*.cab=01;31:*.jpg=01;35:*.jpeg=01;35:*.gif=01;35:*.bmp=01;35:*.pbm=01;35:*.pgm=01;35:*.ppm=01;35:*.tga=01;35:*.xbm=01;35:*.xpm=01;35:*.tif=01;35:*.tiff=01;35:*.png=01;35:*.svg=01;35:*.svgz=01;35:*.mng=01;35:*.pcx=01;35:*.mov=01;35:*.mpg=01;35:*.mpeg=01;35:*.m2v=01;35:*.mkv=01;35:*.webm=01;35:*.ogm=01;35:*.mp4=01;35:*.m4v=01;35:*.mp4v=01;35:*.vob=01;35:*.qt=01;35:*.nuv=01;35:*.wmv=01;35:*.asf=01;35:*.rm=01;35:*.rmvb=01;35:*.flc=01;35:*.avi=01;35:*.fli=01;35:*.flv=01;35:*.gl=01;35:*.dl=01;35:*.xcf=01;35:*.xwd=01;35:*.yuv=01;35:*.cgm=01;35:*.emf=01;35:*.axv=01;35:*.anx=01;35:*.ogv=01;35:*.ogx=01;35:*.aac=00;36:*.au=00;36:*.flac=00;36:*.m4a=00;36:*.mid=00;36:*.midi=00;36:*.mka=00;36:*.mp3=00;36:*.mpc=00;36:*.ogg=00;36:*.ra=00;36:*.wav=00;36:*.axa=00;36:*.oga=00;36:*.spx=00;36:*.xspf=00;36:" />
    <property name="java.io.tmpdir" value="/tmp" />
    <property name="repozip" value="repotest.zip" />
    <property name="ccn.agent.port" value="63000" />
    <property name="java.vendor.url.bug" value="http://bugreport.sun.com/bugreport/" />
    <property name="UNIT_TOP_DIR" value="../src/test" />
    <property name="ant.file.ccn-libs" value="/home/barbara/jaime/ccnx-0.8.1/javasrc/libs.xml" />
    <property name="java.awt.graphicsenv" value="sun.awt.X11GraphicsEnvironment" />
    <property name="os.arch" value="amd64" />
    <property name="java.ext.dirs" value="/usr/lib/jvm/java-7-openjdk-amd64/jre/lib/ext:/usr/java/packages/lib/ext" />
    <property name="env.SUDO_USER" value="barbara" />
    <property name="user.dir" value="/home/barbara/jaime/ccnx-0.8.1/javasrc/testout" />
    <property name="env.XAUTHORITY" value="/home/barbara/.Xauthority" />
    <property name="ant.file.java-ccnx" value="/home/barbara/jaime/ccnx-0.8.1/javasrc/build.xml" />
    <property name="line.separator" value="&#xa;" />
    <property name="java.vm.name" value="OpenJDK 64-Bit Server VM" />
    <property name="env.COLORTERM" value="gnome-terminal" />
    <property name="TEST_PORT" value="63000" />
    <property name="basedir" value="/home/barbara/jaime/ccnx-0.8.1/javasrc" />
    <property name="ant.java.version" value="1.7" />
    <property name="ant.core.lib" value="/usr/share/ant/lib/ant.jar" />
    <property name="env.USERNAME" value="root" />
    <property name="file.encoding" value="UTF-8" />
    <property name="env.MAIL" value="/var/mail/root" />
    <property name="src.systemtest.dir" value="/home/barbara/jaime/ccnx-0.8.1/javasrc/src/systemtest" />
    <property name="env.SUDO_GID" value="1000" />
    <property name="testoutlog" value="/home/barbara/jaime/ccnx-0.8.1/javasrc/testout/log" />
    <property name="java.specification.version" value="1.7" />
    <property name="src.dir" value="/home/barbara/jaime/ccnx-0.8.1/javasrc/src/main" />
    <property name="ant.project.invoked-targets" value="test" />
    <property name="USE_KEY_CONFIG_KEY" value="org.ccnx.config.UseKeyConfiguration" />
    <property name="REPO_ROOT2" value="/home/barbara/jaime/ccnx-0.8.1/javasrc/testout/repotest2" />
    <property name="org.ccnx.config.UseKeyConfiguration" value="false" />
  </properties>
  <testcase classname="org.ccnx.ccn.protocol.ContentNameTest" name="testContentNameString" time="0.007" />
  <testcase classname="org.ccnx.ccn.protocol.ContentNameTest" name="testPostfix" time="0.004" />
  <testcase classname="org.ccnx.ccn.protocol.ContentNameTest" name="testNameManipulation" time="0.007" />
  <testcase classname="org.ccnx.ccn.protocol.ContentNameTest" name="testContentNameStringException" time="0.005" />
  <testcase classname="org.ccnx.ccn.protocol.ContentNameTest" name="testContentNameStringArray" time="0.004" />
  <testcase classname="org.ccnx.ccn.protocol.ContentNameTest" name="testEncoding" time="0.004" />
  <testcase classname="org.ccnx.ccn.protocol.ContentNameTest" name="testContentNameByteArrayArray" time="0.004" />
  <testcase classname="org.ccnx.ccn.protocol.ContentNameTest" name="testMultilevelString" time="0.004" />
  <testcase classname="org.ccnx.ccn.protocol.ContentNameTest" name="testInvalidContentNameByteArrayArray" time="0.005" />
  <testcase classname="org.ccnx.ccn.protocol.ContentNameTest" name="testParent" time="0.004" />
  <testcase classname="org.ccnx.ccn.protocol.ContentNameTest" name="testEncodeOutputStream" time="0.012" />
  <testcase classname="org.ccnx.ccn.protocol.ContentNameTest" name="testDecodeInputStream" time="0.007" />
  <testcase classname="org.ccnx.ccn.protocol.ContentNameTest" name="testEncodingDecoding" time="0.019" />
  <testcase classname="org.ccnx.ccn.protocol.ContentNameTest" name="testRelations" time="0.004" />
  <testcase classname="org.ccnx.ccn.protocol.ContentNameTest" name="testContentNameParsePerformance" time="1.011" />
  <testcase classname="org.ccnx.ccn.protocol.ContentNameTest" name="testContentNamePrintPerformance" time="1.013" />
  <system-out><![CDATA[ContentName: parsing name string "/test/briggs/test.txt"
Name: /test/briggs/test.txt
Name (native): /test/briggs/test.txt
ContentName: parsing name string "/"
Name: /
ContentName: parsing name string "/"
Name: /
ContentName: parsing name string "ccnx:/test/briggs/test.txt"
Name: /test/briggs/test.txt
ContentName: parsing name string "ccnx:/.../.%2e./...././.....///?..."
Name: /.../.../..../.....
ContentName: testing empty name round trip: /
ContentName: testing empty name round trip: /
ContentName: parsing illegal name string "expectingAnException"
Exception expected msg: ContentName strings must begin with / or ccnx:/
ContentName: parsing illegal name string "ccnx:a/relative/name"
Exception expected msg: ContentName strings must begin with / or ccnx:/
ContentName: parsing illegal name string "relative/no/scheme"
Exception expected msg: ContentName strings must begin with / or ccnx:/
ContentName: parsing illegal name string "ccnx:/a/b/c/../../../.."
Exception expected msg: ContentName string contains too many .. components: /a/b/c/../../../..
ContentName: parsing illegal name string "/a/short/percent/%e"
Exception expected msg: malformed %xy byte representation: too short at index 0: %e
ContentName: parsing illegal name string "/a/bogus/%AQE/hex/value"
Exception expected msg: malformed %xy byte representation: not legal hex number: %AQ at index 0: %AQE
ContentName: parsing illegal name string "/try/negative/%-A3/value"
Exception expected msg: malformed %xy byte representation: not legal hex number: %-A at index 0: %-A3
ContentName: comparing parsed "/briggs" and "/%62%72%69%67%67%73"
Creating name from byte arrays.
Name: /test/briggs/test.txt
Name 2: /test/briggs/test.txt/=0102030405060708090A0B0C0D0E0F1F1B1C1D1E1F2E3C4A5C6D7E0F
Child is (URI): /test/briggs/test.txt
Child is (native, one additional comp): /test/briggs/test.txt
Child is (native): /test/briggs/test.txt/test2.txt
Child2 is (native): /test/briggs/test.txt/test2.txt
Creating name from byte arrays with invalid values.
Name: /test/briggs/test.txt
Name 2: /test/briggs/test.txt/=01000080BCC08AF5F9FCFEFF
Name with invalid component 0: /test/briggs/test.txt/=010000
Name with invalid component 1: /test/briggs/test.txt/=80BC
Name with invalid component 2: /test/briggs/test.txt/=C08A
Name with invalid component 3: /test/briggs/test.txt/=F5F9FC
Name with invalid component 4: /test/briggs/test.txt/=FEFF
Name with invalid component 5: /test/briggs/test.txt/=E08EB7
Name: /test/briggs/test.txt/=0102030405060708090A0B0C0D0E0F1F1B1C1D1E1F2E3C4A5C6D7E0F
Parent: /test/briggs/test.txt
Grandparent: /test/briggs
Encoding name: /test/briggs/test.txt/=0102030405060708090A0B0C0D0E0F1F1B1C1D1E1F2E3C4A5C6D7E0F
Encoded name: 
��test�briggs��test.txt��	
.<J\m~
Encoding name: /test/briggs/test.txt/=0102030405060708090A0B0C0D0E0F1F1B1C1D1E1F2E3C4A5C6D7E0F
Encoded name: 
��test�briggs��test.txt��	
.<J\m~
Decoding name: 
Decoded name: /test/briggs/test.txt/=0102030405060708090A0B0C0D0E0F1F1B1C1D1E1F2E3C4A5C6D7E0F
Encoding name: /test/briggs/test.txt/=0102030405060708090A0B0C0D0E0F1F1B1C1D1E1F2E3C4A5C6D7E0F
Encoding ContentName(Text):
Encoded ContentName: 
<?xml version='1.0' encoding='UTF-8' standalone='yes' ?>
<Name xmlns:ccn="http://www.parc.com/ccn">
  <Component>dGVzdA==</Component>
  <Component>YnJpZ2dz</Component>
  <Component>dGVzdC50eHQ=</Component>
  <Component>AQIDBAUGBwgJCgsMDQ4PHxscHR4fLjxKXG1+Dw==</Component>
</Name>
Decoding ContentName: 
Decoded ContentName: /test/briggs/test.txt/=0102030405060708090A0B0C0D0E0F1F1B1C1D1E1F2E3C4A5C6D7E0F
Encoding ContentName(Binary):
Encoded ContentName: 
��test�briggs��test.txt��	
.<J\m~
Decoding ContentName: 
Decoded ContentName: /test/briggs/test.txt/=0102030405060708090A0B0C0D0E0F1F1B1C1D1E1F2E3C4A5C6D7E0F
Executed 390000 ContentName.fromURI in 1008 ms; 386904/s
Testing with /test/%C1.w%00A=8CB4428D0AAC8E148C0788E4E23D6E/=230019/%C1.v%00t=DFF633/=FE23/%C1.M.K=001E90EA68E9FBAEA39E174620CFABA029E9DEFA5ADC41FB5AF5DDF541D2D79FD1/=FD04CBF571527B/=00
Executed 470000 ContentName.toString() in 1009 ms; 465807/s
]]></system-out>
  <system-err><![CDATA[]]></system-err>
</testsuite>
